#
# There is insufficient memory for the Java Runtime Environment to continue.
# Native memory allocation (malloc) failed to allocate 32744 bytes for ChunkPool::allocate
# Possible reasons:
#   The system is out of physical RAM or swap space
#   In 32 bit mode, the process size limit was hit
# Possible solutions:
#   Reduce memory load on the system
#   Increase physical memory or swap space
#   Check if swap backing store is full
#   Use 64 bit Java on a 64 bit OS
#   Decrease Java heap size (-Xmx/-Xms)
#   Decrease number of Java threads
#   Decrease Java thread stack sizes (-Xss)
#   Set larger code cache with -XX:ReservedCodeCacheSize=
# This output file may be truncated or incomplete.
#
#  Out of Memory Error (allocation.cpp:273), pid=8636, tid=0x000000000000194c
#
# JRE version: OpenJDK Runtime Environment (8.0_152-b01) (build 1.8.0_152-release-915-b01)
# Java VM: OpenJDK 64-Bit Server VM (25.152-b01 mixed mode windows-amd64 compressed oops)
# Failed to write core dump. Minidumps are not enabled by default on client versions of Windows
#

---------------  T H R E A D  ---------------

Current thread (0x000000000275d800):  JavaThread "main" [_thread_in_vm, id=6476, stack(0x0000000002760000,0x0000000002860000)]

Stack: [0x0000000002760000,0x0000000002860000]
[error occurred during error reporting (printing stack bounds), id 0xc0000005]

Native frames: (J=compiled Java code, j=interpreted, Vv=VM code, C=native code)

Java frames: (J=compiled Java code, j=interpreted, Vv=VM code)
j  sun.misc.Unsafe.defineAnonymousClass(Ljava/lang/Class;[B[Ljava/lang/Object;)Ljava/lang/Class;+0
j  java.lang.invoke.InvokerBytecodeGenerator.loadAndInitializeInvokerClass([B[Ljava/lang/Object;)Ljava/lang/Class;+8
j  java.lang.invoke.InvokerBytecodeGenerator.loadMethod([B)Ljava/lang/invoke/MemberName;+6
j  java.lang.invoke.InvokerBytecodeGenerator.generateCustomizedCode(Ljava/lang/invoke/LambdaForm;Ljava/lang/invoke/MethodType;)Ljava/lang/invoke/MemberName;+17
j  java.lang.invoke.LambdaForm.compileToBytecode()Ljava/lang/invoke/MemberName;+65
j  java.lang.invoke.DirectMethodHandle.makePreparedLambdaForm(Ljava/lang/invoke/MethodType;I)Ljava/lang/invoke/LambdaForm;+638
j  java.lang.invoke.DirectMethodHandle.preparedLambdaForm(Ljava/lang/invoke/MethodType;I)Ljava/lang/invoke/LambdaForm;+17
j  java.lang.invoke.DirectMethodHandle.preparedLambdaForm(Ljava/lang/invoke/MemberName;)Ljava/lang/invoke/LambdaForm;+151
j  java.lang.invoke.DirectMethodHandle.make(BLjava/lang/Class;Ljava/lang/invoke/MemberName;)Ljava/lang/invoke/DirectMethodHandle;+94
j  java.lang.invoke.DirectMethodHandle.make(Ljava/lang/Class;Ljava/lang/invoke/MemberName;)Ljava/lang/invoke/DirectMethodHandle;+16
j  java.lang.invoke.DirectMethodHandle.make(Ljava/lang/invoke/MemberName;)Ljava/lang/invoke/DirectMethodHandle;+17
j  java.lang.invoke.LambdaForm$NamedFunction.resolve()V+5
j  java.lang.invoke.MethodHandleImpl$Lazy.<clinit>()V+155
v  ~StubRoutines::call_stub
j  java.lang.invoke.MethodHandleImpl.varargsArray(I)Ljava/lang/invoke/MethodHandle;+0
j  java.lang.invoke.MethodHandleImpl.varargsArray(Ljava/lang/Class;I)Ljava/lang/invoke/MethodHandle;+121
j  java.lang.invoke.MethodHandle.asCollector(Ljava/lang/Class;I)Ljava/lang/invoke/MethodHandle;+36
j  java.lang.invoke.MethodHandleImpl$AsVarargsCollector.<init>(Ljava/lang/invoke/MethodType;Ljava/lang/invoke/MethodHandle;Ljava/lang/Class;)V+20
j  java.lang.invoke.MethodHandleImpl$AsVarargsCollector.<init>(Ljava/lang/invoke/MethodHandle;Ljava/lang/Class;)V+7
j  java.lang.invoke.MethodHandleImpl.makeVarargsCollector(Ljava/lang/invoke/MethodHandle;Ljava/lang/Class;)Ljava/lang/invoke/MethodHandle;+43
j  java.lang.invoke.MethodHandle.setVarargs(Ljava/lang/invoke/MemberName;)Ljava/lang/invoke/MethodHandle;+26
j  java.lang.invoke.MethodHandles$Lookup.getDirectMethodCommon(BLjava/lang/Class;Ljava/lang/invoke/MemberName;ZZLjava/lang/Class;)Ljava/lang/invoke/MethodHandle;+263
j  java.lang.invoke.MethodHandles$Lookup.getDirectMethod(BLjava/lang/Class;Ljava/lang/invoke/MemberName;Ljava/lang/Class;)Ljava/lang/invoke/MethodHandle;+8
j  java.lang.invoke.MethodHandles$Lookup.findStatic(Ljava/lang/Class;Ljava/lang/String;Ljava/lang/invoke/MethodType;)Ljava/lang/invoke/MethodHandle;+23
j  java.lang.invoke.CallSite.<clinit>()V+35
v  ~StubRoutines::call_stub
j  java.lang.invoke.MethodHandleNatives.linkCallSiteImpl(Ljava/lang/Class;Ljava/lang/invoke/MethodHandle;Ljava/lang/String;Ljava/lang/invoke/MethodType;Ljava/lang/Object;[Ljava/lang/Object;)Ljava/lang/invoke/MemberName;+6
j  java.lang.invoke.MethodHandleNatives.linkCallSite(Ljava/lang/Object;Ljava/lang/Object;Ljava/lang/Object;Ljava/lang/Object;Ljava/lang/Object;[Ljava/lang/Object;)Ljava/lang/invoke/MemberName;+45
v  ~StubRoutines::call_stub
j  com.google.devtools.common.options.OptionsParser.parse(Lcom/google/devtools/common/options/OptionPriority;Ljava/lang/String;Ljava/util/List;)V+3
j  com.google.devtools.common.options.OptionsParser.parseAndExitUponError(Lcom/google/devtools/common/options/OptionPriority;Ljava/lang/String;[Ljava/lang/String;)V+68
j  com.google.devtools.common.options.OptionsParser.parseAndExitUponError([Ljava/lang/String;)V+7
j  com.google.devtools.build.android.desugar.Desugar.parseCommandLineOptions([Ljava/lang/String;)Lcom/google/devtools/build/android/desugar/Desugar$Options;+63
j  com.google.devtools.build.android.desugar.Desugar.main([Ljava/lang/String;)V+9
v  ~StubRoutines::call_stub

---------------  P R O C E S S  ---------------

Java Threads: ( => current thread )
  0x00000000150dc800 JavaThread "Service Thread" daemon [_thread_blocked, id=12544, stack(0x0000000015b00000,0x0000000015c00000)]
  0x00000000150d9800 JavaThread "C1 CompilerThread3" daemon [_thread_in_vm, id=5068, stack(0x0000000015a00000,0x0000000015b00000)]
  0x00000000150d2800 JavaThread "C2 CompilerThread2" daemon [_thread_in_native, id=13144, stack(0x0000000015900000,0x0000000015a00000)]
  0x00000000150c2800 JavaThread "C2 CompilerThread1" daemon [_thread_blocked, id=7672, stack(0x0000000015800000,0x0000000015900000)]
  0x000000001502b800 JavaThread "C2 CompilerThread0" daemon [_thread_blocked, id=3144, stack(0x0000000015700000,0x0000000015800000)]
  0x000000001502a000 JavaThread "Attach Listener" daemon [_thread_blocked, id=3708, stack(0x0000000015600000,0x0000000015700000)]
  0x0000000015080000 JavaThread "Signal Dispatcher" daemon [_thread_blocked, id=4316, stack(0x0000000015500000,0x0000000015600000)]
  0x000000000295e000 JavaThread "Finalizer" daemon [_thread_blocked, id=5668, stack(0x00000000153f0000,0x00000000154f0000)]
  0x0000000002957000 JavaThread "Reference Handler" daemon [_thread_blocked, id=1256, stack(0x0000000014ef0000,0x0000000014ff0000)]
=>0x000000000275d800 JavaThread "main" [_thread_in_vm, id=6476, stack(0x0000000002760000,0x0000000002860000)]

Other Threads:
  0x0000000013105800 VMThread [stack: 0x0000000014df0000,0x0000000014ef0000] [id=872]
  0x00000000150dd800 WatcherThread [stack: 0x0000000015c00000,0x0000000015d00000] [id=11352]

VM state:not at safepoint (normal execution)

VM Mutex/Monitor currently owned by a thread: None

Heap:
 PSYoungGen      total 18944K, used 7566K [0x00000000feb00000, 0x0000000100000000, 0x0000000100000000)
  eden space 16384K, 46% used [0x00000000feb00000,0x00000000ff263a40,0x00000000ffb00000)
  from space 2560K, 0% used [0x00000000ffd80000,0x00000000ffd80000,0x0000000100000000)
  to   space 2560K, 0% used [0x00000000ffb00000,0x00000000ffb00000,0x00000000ffd80000)
 ParOldGen       total 44032K, used 0K [0x00000000fc000000, 0x00000000feb00000, 0x00000000feb00000)
  object space 44032K, 0% used [0x00000000fc000000,0x00000000fc000000,0x00000000feb00000)
 Metaspace       used 6109K, capacity 6278K, committed 6528K, reserved 1056768K
  class space    used 710K, capacity 773K, committed 896K, reserved 1048576K

Card table byte_map: [0x0000000002660000,0x0000000002690000] byte_map_base: 0x0000000001e80000

Marking Bits: (ParMarkBitMap*) 0x0000000055473950
 Begin Bits: [0x0000000012520000, 0x0000000012620000)
 End Bits:   [0x0000000012620000, 0x0000000012720000)

Polling page: 0x0000000000610000

CodeCache: size=245760Kb used=1852Kb max_used=1852Kb free=243907Kb
 bounds [0x0000000002960000, 0x0000000002bd0000, 0x0000000011960000]
 total_blobs=714 nmethods=395 adapters=233
 compilation: enabled

Compilation events (10 events):
Event: 0.952 Thread 0x00000000150d9800 nmethod 372 0x0000000002b1e2d0 code [0x0000000002b1e420, 0x0000000002b1e530]
Event: 0.952 Thread 0x00000000150d9800  373       3       jdk.internal.org.objectweb.asm.Item::isEqualTo (354 bytes)
Event: 0.953 Thread 0x00000000150d9800 nmethod 373 0x0000000002b1cb90 code [0x0000000002b1cdc0, 0x0000000002b1da88]
Event: 0.953 Thread 0x00000000150d9800  375       3       jdk.internal.org.objectweb.asm.Type::getArgumentsAndReturnSizes (151 bytes)
Event: 0.953 Thread 0x00000000150d9800 nmethod 375 0x0000000002b1ef10 code [0x0000000002b1f140, 0x0000000002b1fed8]
Event: 0.953 Thread 0x00000000150d9800  376       3       java.lang.invoke.InvokerBytecodeGenerator::isStaticallyNameable (116 bytes)
Event: 0.955 Thread 0x00000000150d9800 nmethod 376 0x0000000002b20410 code [0x0000000002b20760, 0x0000000002b22718]
Event: 0.955 Thread 0x00000000150d9800  380       3       jdk.internal.org.objectweb.asm.Frame::execute (2252 bytes)
Event: 0.956 Thread 0x000000001502b800  391       4       java.lang.String::<init> (82 bytes)
Event: 0.957 Thread 0x00000000150d2800  395       4       jdk.internal.org.objectweb.asm.ByteVector::putUTF8 (142 bytes)

GC Heap History (0 events):
No events

Deoptimization events (1 events):
Event: 0.811 Thread 0x000000000275d800 Uncommon trap: reason=range_check action=make_not_entrant pc=0x0000000002ae0fe0 method=sun.reflect.generics.parser.SignatureParser.current()C @ 34

Classes redefined (0 events):
No events

Internal exceptions (7 events):
Event: 0.046 Thread 0x000000000275d800 Exception <a 'java/lang/NoSuchMethodError': Method sun.misc.Unsafe.defineClass(Ljava/lang/String;[BII)Ljava/lang/Class; name or signature does not match> (0x00000000feb07ca8) thrown at [D:\src\AOSP-openjdk-cygwin\jdk8u\hotspot\src\share\vm\prims\jni.cpp, 
Event: 0.046 Thread 0x000000000275d800 Exception <a 'java/lang/NoSuchMethodError': Method sun.misc.Unsafe.prefetchRead(Ljava/lang/Object;J)V name or signature does not match> (0x00000000feb07f90) thrown at [D:\src\AOSP-openjdk-cygwin\jdk8u\hotspot\src\share\vm\prims\jni.cpp, line 4011]
Event: 0.674 Thread 0x000000000275d800 Exception <a 'sun/nio/fs/WindowsException'> (0x00000000fed2bee8) thrown at [D:\src\AOSP-openjdk-cygwin\jdk8u\hotspot\src\share\vm\prims\jni.cpp, line 709]
Event: 0.811 Thread 0x000000000275d800 Exception <a 'java/lang/ArrayIndexOutOfBoundsException': 18> (0x00000000fef960f8) thrown at [D:\src\AOSP-openjdk-cygwin\jdk8u\hotspot\src\share\vm\interpreter\interpreterRuntime.cpp, line 366]
Event: 0.811 Thread 0x000000000275d800 Exception <a 'java/lang/ArrayIndexOutOfBoundsException': 67> (0x00000000fef97000) thrown at [D:\src\AOSP-openjdk-cygwin\jdk8u\hotspot\src\share\vm\interpreter\interpreterRuntime.cpp, line 366]
Event: 0.956 Thread 0x000000000275d800 Exception <a 'java/lang/NoSuchFieldError': method resolution failed> (0x00000000ff200730) thrown at [D:\src\AOSP-openjdk-cygwin\jdk8u\hotspot\src\share\vm\prims\methodHandles.cpp, line 1167]
Event: 0.957 Thread 0x000000000275d800 Exception <a 'java/lang/NoSuchFieldError': method resolution failed> (0x00000000ff20da50) thrown at [D:\src\AOSP-openjdk-cygwin\jdk8u\hotspot\src\share\vm\prims\methodHandles.cpp, line 1167]

Events (10 events):
Event: 0.942 loading class java/lang/invoke/DelegatingMethodHandle done
Event: 0.942 loading class java/lang/invoke/MethodHandleImpl$AsVarargsCollector done
Event: 0.942 loading class java/lang/invoke/WrongMethodTypeException
Event: 0.942 loading class java/lang/invoke/WrongMethodTypeException done
Event: 0.944 loading class java/lang/invoke/MethodHandleImpl$Lazy
Event: 0.945 loading class java/lang/invoke/MethodHandleImpl$Lazy done
Event: 0.945 loading class java/lang/invoke/MethodHandleImpl$IntrinsicMethodHandle
Event: 0.945 loading class java/lang/invoke/MethodHandleImpl$IntrinsicMethodHandle done
Event: 0.956 loading class java/lang/NoSuchFieldError
Event: 0.956 loading class java/lang/NoSuchFieldError done


Dynamic libraries:
0x00007ff743630000 - 0x00007ff743661000 	C:\Program Files\Android\Android Studio\jre\bin\java.exe
0x00007ffde28f0000 - 0x00007ffde2ad1000 	C:\WINDOWS\SYSTEM32\ntdll.dll
0x00007ffde1a20000 - 0x00007ffde1ad2000 	C:\WINDOWS\System32\KERNEL32.DLL
0x00007ffddf250000 - 0x00007ffddf4c3000 	C:\WINDOWS\System32\KERNELBASE.dll
0x00007ffde1ae0000 - 0x00007ffde1b81000 	C:\WINDOWS\System32\ADVAPI32.dll
0x00007ffde27f0000 - 0x00007ffde288e000 	C:\WINDOWS\System32\msvcrt.dll
0x00007ffddfda0000 - 0x00007ffddfdfb000 	C:\WINDOWS\System32\sechost.dll
0x00007ffde2010000 - 0x00007ffde2134000 	C:\WINDOWS\System32\RPCRT4.dll
0x00007ffde1e80000 - 0x00007ffde2010000 	C:\WINDOWS\System32\USER32.dll
0x00007ffddf230000 - 0x00007ffddf250000 	C:\WINDOWS\System32\win32u.dll
0x00007ffde1e50000 - 0x00007ffde1e78000 	C:\WINDOWS\System32\GDI32.dll
0x00007ffddfbe0000 - 0x00007ffddfd72000 	C:\WINDOWS\System32\gdi32full.dll
0x00007ffddf030000 - 0x00007ffddf0cf000 	C:\WINDOWS\System32\msvcp_win.dll
0x00007ffddf0d0000 - 0x00007ffddf1ca000 	C:\WINDOWS\System32\ucrtbase.dll
0x00007ffdd1c40000 - 0x00007ffdd1ea9000 	C:\WINDOWS\WinSxS\amd64_microsoft.windows.common-controls_6595b64144ccf1df_6.0.17134.112_none_fb3f961b30681c12\COMCTL32.dll
0x00007ffde16f0000 - 0x00007ffde1a13000 	C:\WINDOWS\System32\combase.dll
0x00007ffddecc0000 - 0x00007ffdded3a000 	C:\WINDOWS\System32\bcryptPrimitives.dll
0x00007ffde2890000 - 0x00007ffde28bd000 	C:\WINDOWS\System32\IMM32.DLL
0x0000000054bd0000 - 0x0000000054ca2000 	C:\Program Files\Android\Android Studio\jre\jre\bin\msvcr100.dll
0x0000000054cb0000 - 0x00000000554ee000 	C:\Program Files\Android\Android Studio\jre\jre\bin\server\jvm.dll
0x00007ffde16e0000 - 0x00007ffde16e8000 	C:\WINDOWS\System32\PSAPI.DLL
0x00007ffdc87f0000 - 0x00007ffdc87f9000 	C:\WINDOWS\SYSTEM32\WSOCK32.dll
0x00007ffde1c80000 - 0x00007ffde1cec000 	C:\WINDOWS\System32\WS2_32.dll
0x00007ffddcde0000 - 0x00007ffddce03000 	C:\WINDOWS\SYSTEM32\WINMM.dll
0x00007ffdd57a0000 - 0x00007ffdd57aa000 	C:\WINDOWS\SYSTEM32\VERSION.dll
0x00007ffddcc90000 - 0x00007ffddccba000 	C:\WINDOWS\SYSTEM32\WINMMBASE.dll
0x00007ffddedf0000 - 0x00007ffddee39000 	C:\WINDOWS\System32\cfgmgr32.dll
0x00007ffdc87e0000 - 0x00007ffdc87ef000 	C:\Program Files\Android\Android Studio\jre\jre\bin\verify.dll
0x00007ffdc87b0000 - 0x00007ffdc87d9000 	C:\Program Files\Android\Android Studio\jre\jre\bin\java.dll
0x00007ffdc8790000 - 0x00007ffdc87a6000 	C:\Program Files\Android\Android Studio\jre\jre\bin\zip.dll
0x00007ffde00f0000 - 0x00007ffde1530000 	C:\WINDOWS\System32\SHELL32.dll
0x00007ffde2740000 - 0x00007ffde27e9000 	C:\WINDOWS\System32\shcore.dll
0x00007ffddf4d0000 - 0x00007ffddfbdd000 	C:\WINDOWS\System32\windows.storage.dll
0x00007ffde2290000 - 0x00007ffde22e1000 	C:\WINDOWS\System32\shlwapi.dll
0x00007ffddec20000 - 0x00007ffddec31000 	C:\WINDOWS\System32\kernel.appcore.dll
0x00007ffddec50000 - 0x00007ffddec6f000 	C:\WINDOWS\System32\profapi.dll
0x00007ffddec70000 - 0x00007ffddecbc000 	C:\WINDOWS\System32\powrprof.dll
0x00007ffddec40000 - 0x00007ffddec4a000 	C:\WINDOWS\System32\FLTLIB.DLL
0x00007ffdde630000 - 0x00007ffdde647000 	C:\WINDOWS\SYSTEM32\CRYPTSP.dll
0x00007ffdde060000 - 0x00007ffdde093000 	C:\WINDOWS\system32\rsaenh.dll
0x00007ffdde760000 - 0x00007ffdde785000 	C:\WINDOWS\SYSTEM32\bcrypt.dll
0x00007ffddeb00000 - 0x00007ffddeb28000 	C:\WINDOWS\SYSTEM32\USERENV.dll
0x00007ffdde650000 - 0x00007ffdde65b000 	C:\WINDOWS\SYSTEM32\CRYPTBASE.dll
0x00007ffdc8670000 - 0x00007ffdc868a000 	C:\Program Files\Android\Android Studio\jre\jre\bin\net.dll
0x00007ffdde480000 - 0x00007ffdde4e6000 	C:\WINDOWS\system32\mswsock.dll
0x00007ffdde200000 - 0x00007ffdde238000 	C:\WINDOWS\SYSTEM32\IPHLPAPI.DLL
0x00007ffde1bf0000 - 0x00007ffde1bf8000 	C:\WINDOWS\System32\NSI.dll
0x00007ffdd7790000 - 0x00007ffdd77a6000 	C:\WINDOWS\SYSTEM32\dhcpcsvc6.DLL
0x00007ffdd6720000 - 0x00007ffdd673a000 	C:\WINDOWS\SYSTEM32\dhcpcsvc.DLL
0x00007ffdc8630000 - 0x00007ffdc8641000 	C:\Program Files\Android\Android Studio\jre\jre\bin\nio.dll

VM Arguments:
jvm_args: -Djava.awt.headless=true -Xmx64M -Dfile.encoding=x-windows-949 -Duser.country=KR -Duser.language=ko -Duser.variant 
java_command: com.google.devtools.build.android.desugar.Desugar @D:\test\app\build\intermediates\tmp\desugar_args3838030423180775710
java_class_path (initial): C:\Users\Goo\AppData\Local\Temp\desugar_deploy.jar6387874304095112173
Launcher Type: SUN_STANDARD

Environment Variables:
PATH=C:\ProgramData\Oracle\Java\javapath;C:\WINDOWS\system32;C:\WINDOWS;C:\WINDOWS\System32\Wbem;C:\WINDOWS\System32\WindowsPowerShell\v1.0\;C:\OpenSSL;;C:\WINDOWS\System32\OpenSSH\;C:\Users\Goo\AppData\Local\Microsoft\WindowsApps;
USERNAME=Goo
OS=Windows_NT
PROCESSOR_IDENTIFIER=Intel64 Family 6 Model 158 Stepping 9, GenuineIntel



---------------  S Y S T E M  ---------------

OS: Windows 10.0 , 64 bit Build 17134 (10.0.17134.1)

CPU:total 8 (initial active 8) (4 cores per cpu, 2 threads per core) family 6 model 158 stepping 9, cmov, cx8, fxsr, mmx, sse, sse2, sse3, ssse3, sse4.1, sse4.2, popcnt, avx, avx2, aes, clmul, erms, 3dnowpref, lzcnt, ht, tsc, tscinvbit, bmi1, bmi2, adx

Memory: 4k page, physical 16692940k(4772816k free), swap 16692940k(1768k free)

vm_info: OpenJDK 64-Bit Server VM (25.152-b01) for windows-amd64 JRE (1.8.0_152-release-915-b01), built by "builder" with MS VC++ 10.0 (VS2010)

time: Fri Jun 22 03:08:52 2018
elapsed time: 0 seconds (0d 0h 0m 0s)

