#
# There is insufficient memory for the Java Runtime Environment to continue.
# Native memory allocation (malloc) failed to allocate 485136 bytes for Chunk::new
# Possible reasons:
#   The system is out of physical RAM or swap space
#   In 32 bit mode, the process size limit was hit
# Possible solutions:
#   Reduce memory load on the system
#   Increase physical memory or swap space
#   Check if swap backing store is full
#   Use 64 bit Java on a 64 bit OS
#   Decrease Java heap size (-Xmx/-Xms)
#   Decrease number of Java threads
#   Decrease Java thread stack sizes (-Xss)
#   Set larger code cache with -XX:ReservedCodeCacheSize=
# This output file may be truncated or incomplete.
#
#  Out of Memory Error (allocation.cpp:390), pid=12612, tid=0x0000000000001fe0
#
# JRE version: OpenJDK Runtime Environment (8.0_152-b01) (build 1.8.0_152-release-915-b01)
# Java VM: OpenJDK 64-Bit Server VM (25.152-b01 mixed mode windows-amd64 compressed oops)
# Failed to write core dump. Minidumps are not enabled by default on client versions of Windows
#

---------------  T H R E A D  ---------------

Current thread (0x00000000154f1000):  JavaThread "C2 CompilerThread1" daemon [_thread_in_native, id=8160, stack(0x0000000015ca0000,0x0000000015da0000)]

Stack: [0x0000000015ca0000,0x0000000015da0000]
[error occurred during error reporting (printing stack bounds), id 0xc0000005]

Native frames: (J=compiled Java code, j=interpreted, Vv=VM code, C=native code)


Current CompileTask:
C2:   2852 1062       4       org.objectweb.asm.tree.MethodInsnNode::accept (30 bytes)


---------------  P R O C E S S  ---------------

Java Threads: ( => current thread )
  0x00000000154fa800 JavaThread "Service Thread" daemon [_thread_blocked, id=3576, stack(0x0000000015fa0000,0x00000000160a0000)]
  0x00000000154f7800 JavaThread "C1 CompilerThread3" daemon [_thread_blocked, id=12020, stack(0x0000000015ea0000,0x0000000015fa0000)]
  0x00000000154f4800 JavaThread "C2 CompilerThread2" daemon [_thread_in_native, id=13160, stack(0x0000000015da0000,0x0000000015ea0000)]
=>0x00000000154f1000 JavaThread "C2 CompilerThread1" daemon [_thread_in_native, id=8160, stack(0x0000000015ca0000,0x0000000015da0000)]
  0x000000001544b800 JavaThread "C2 CompilerThread0" daemon [_thread_in_native, id=1008, stack(0x0000000015ba0000,0x0000000015ca0000)]
  0x000000001544a000 JavaThread "Attach Listener" daemon [_thread_blocked, id=13240, stack(0x0000000015aa0000,0x0000000015ba0000)]
  0x00000000154a0000 JavaThread "Signal Dispatcher" daemon [_thread_blocked, id=12956, stack(0x00000000159a0000,0x0000000015aa0000)]
  0x0000000015431000 JavaThread "Finalizer" daemon [_thread_blocked, id=11456, stack(0x0000000015810000,0x0000000015910000)]
  0x0000000002d87000 JavaThread "Reference Handler" daemon [_thread_blocked, id=10264, stack(0x0000000015310000,0x0000000015410000)]
  0x0000000002c8d800 JavaThread "main" [_thread_blocked, id=688, stack(0x0000000002b00000,0x0000000002c00000)]

Other Threads:
  0x0000000013535800 VMThread [stack: 0x0000000015210000,0x0000000015310000] [id=9056]
  0x00000000154fb800 WatcherThread [stack: 0x00000000160a0000,0x00000000161a0000] [id=11652]

VM state:not at safepoint (normal execution)

VM Mutex/Monitor currently owned by a thread:  ([mutex/lock_event])
[0x0000000002c8cdf0] Heap_lock - owner thread: 0x0000000002c8d800

Heap:
 PSYoungGen      total 18944K, used 2546K [0x00000000feb00000, 0x0000000100000000, 0x0000000100000000)
  eden space 16384K, 0% used [0x00000000feb00000,0x00000000feb00038,0x00000000ffb00000)
  from space 2560K, 99% used [0x00000000ffb00000,0x00000000ffd7cb40,0x00000000ffd80000)
  to   space 2560K, 0% used [0x00000000ffd80000,0x00000000ffd80000,0x0000000100000000)
 ParOldGen       total 44032K, used 6932K [0x00000000fc000000, 0x00000000feb00000, 0x00000000feb00000)
  object space 44032K, 15% used [0x00000000fc000000,0x00000000fc6c53e0,0x00000000feb00000)
 Metaspace       used 7692K, capacity 7842K, committed 7936K, reserved 1056768K
  class space    used 875K, capacity 957K, committed 1024K, reserved 1048576K

Card table byte_map: [0x0000000002c00000,0x0000000002c30000] byte_map_base: 0x0000000002420000

Marking Bits: (ParMarkBitMap*) 0x00000000673d3950
 Begin Bits: [0x0000000012950000, 0x0000000012a50000)
 End Bits:   [0x0000000012a50000, 0x0000000012b50000)

Polling page: 0x0000000000d30000

CodeCache: size=245760Kb used=3951Kb max_used=3963Kb free=241808Kb
 bounds [0x0000000002d90000, 0x0000000003180000, 0x0000000011d90000]
 total_blobs=1405 nmethods=1070 adapters=248
 compilation: enabled

Compilation events (10 events):
Event: 2.108 Thread 0x00000000154f7800 1072       3       com.google.devtools.build.android.desugar.Java7Compatibility::visitInnerClass (19 bytes)
Event: 2.108 Thread 0x00000000154f7800 nmethod 1072 0x0000000003168950 code [0x0000000003168ae0, 0x0000000003168eb8]
Event: 2.108 Thread 0x00000000154f7800 1073       3       org.objectweb.asm.ClassWriter::visitInnerClass (118 bytes)
Event: 2.109 Thread 0x00000000154f7800 nmethod 1073 0x000000000316a210 code [0x000000000316a400, 0x000000000316ab68]
Event: 2.109 Thread 0x00000000154f7800 1074       3       com.google.common.base.Preconditions::checkArgument (25 bytes)
Event: 2.843 Thread 0x00000000154f7800 nmethod 1074 0x000000000316af90 code [0x000000000316b120, 0x000000000316b538]
Event: 2.844 Thread 0x00000000154f4800 nmethod 1054 0x000000000316f5d0 code [0x000000000316f800, 0x0000000003170ae8]
Event: 2.844 Thread 0x00000000154f4800 1065       4       org.objectweb.asm.Type::a (269 bytes)
Event: 2.850 Thread 0x00000000154f4800 nmethod 1065 0x000000000316d650 code [0x000000000316d900, 0x000000000316df08]
Event: 2.850 Thread 0x00000000154f4800 1066       4       org.objectweb.asm.ClassReader::a (500 bytes)

GC Heap History (6 events):
Event: 1.007 GC heap before
{Heap before GC invocations=1 (full 0):
 PSYoungGen      total 18944K, used 16384K [0x00000000feb00000, 0x0000000100000000, 0x0000000100000000)
  eden space 16384K, 100% used [0x00000000feb00000,0x00000000ffb00000,0x00000000ffb00000)
  from space 2560K, 0% used [0x00000000ffd80000,0x00000000ffd80000,0x0000000100000000)
  to   space 2560K, 0% used [0x00000000ffb00000,0x00000000ffb00000,0x00000000ffd80000)
 ParOldGen       total 44032K, used 0K [0x00000000fc000000, 0x00000000feb00000, 0x00000000feb00000)
  object space 44032K, 0% used [0x00000000fc000000,0x00000000fc000000,0x00000000feb00000)
 Metaspace       used 6616K, capacity 6800K, committed 7040K, reserved 1056768K
  class space    used 774K, capacity 824K, committed 896K, reserved 1048576K
Event: 1.034 GC heap after
Heap after GC invocations=1 (full 0):
 PSYoungGen      total 18944K, used 2537K [0x00000000feb00000, 0x0000000100000000, 0x0000000100000000)
  eden space 16384K, 0% used [0x00000000feb00000,0x00000000feb00000,0x00000000ffb00000)
  from space 2560K, 99% used [0x00000000ffb00000,0x00000000ffd7a620,0x00000000ffd80000)
  to   space 2560K, 0% used [0x00000000ffd80000,0x00000000ffd80000,0x0000000100000000)
 ParOldGen       total 44032K, used 1537K [0x00000000fc000000, 0x00000000feb00000, 0x00000000feb00000)
  object space 44032K, 3% used [0x00000000fc000000,0x00000000fc1806d8,0x00000000feb00000)
 Metaspace       used 6616K, capacity 6800K, committed 7040K, reserved 1056768K
  class space    used 774K, capacity 824K, committed 896K, reserved 1048576K
}
Event: 1.342 GC heap before
{Heap before GC invocations=2 (full 0):
 PSYoungGen      total 18944K, used 18921K [0x00000000feb00000, 0x0000000100000000, 0x0000000100000000)
  eden space 16384K, 100% used [0x00000000feb00000,0x00000000ffb00000,0x00000000ffb00000)
  from space 2560K, 99% used [0x00000000ffb00000,0x00000000ffd7a620,0x00000000ffd80000)
  to   space 2560K, 0% used [0x00000000ffd80000,0x00000000ffd80000,0x0000000100000000)
 ParOldGen       total 44032K, used 1537K [0x00000000fc000000, 0x00000000feb00000, 0x00000000feb00000)
  object space 44032K, 3% used [0x00000000fc000000,0x00000000fc1806d8,0x00000000feb00000)
 Metaspace       used 6962K, capacity 7106K, committed 7296K, reserved 1056768K
  class space    used 816K, capacity 861K, committed 896K, reserved 1048576K
Event: 1.373 GC heap after
Heap after GC invocations=2 (full 0):
 PSYoungGen      total 18944K, used 2547K [0x00000000feb00000, 0x0000000100000000, 0x0000000100000000)
  eden space 16384K, 0% used [0x00000000feb00000,0x00000000feb00000,0x00000000ffb00000)
  from space 2560K, 99% used [0x00000000ffd80000,0x00000000ffffce20,0x0000000100000000)
  to   space 2560K, 0% used [0x00000000ffb00000,0x00000000ffb00000,0x00000000ffd80000)
 ParOldGen       total 44032K, used 6046K [0x00000000fc000000, 0x00000000feb00000, 0x00000000feb00000)
  object space 44032K, 13% used [0x00000000fc000000,0x00000000fc5e7bc0,0x00000000feb00000)
 Metaspace       used 6962K, capacity 7106K, committed 7296K, reserved 1056768K
  class space    used 816K, capacity 861K, committed 896K, reserved 1048576K
}
Event: 2.110 GC heap before
{Heap before GC invocations=3 (full 0):
 PSYoungGen      total 18944K, used 18931K [0x00000000feb00000, 0x0000000100000000, 0x0000000100000000)
  eden space 16384K, 100% used [0x00000000feb00000,0x00000000ffb00000,0x00000000ffb00000)
  from space 2560K, 99% used [0x00000000ffd80000,0x00000000ffffce20,0x0000000100000000)
  to   space 2560K, 0% used [0x00000000ffb00000,0x00000000ffb00000,0x00000000ffd80000)
 ParOldGen       total 44032K, used 6046K [0x00000000fc000000, 0x00000000feb00000, 0x00000000feb00000)
  object space 44032K, 13% used [0x00000000fc000000,0x00000000fc5e7bc0,0x00000000feb00000)
 Metaspace       used 7692K, capacity 7842K, committed 7936K, reserved 1056768K
  class space    used 875K, capacity 957K, committed 1024K, reserved 1048576K
Event: 2.843 GC heap after
Heap after GC invocations=3 (full 0):
 PSYoungGen      total 18944K, used 2546K [0x00000000feb00000, 0x0000000100000000, 0x0000000100000000)
  eden space 16384K, 0% used [0x00000000feb00000,0x00000000feb00000,0x00000000ffb00000)
  from space 2560K, 99% used [0x00000000ffb00000,0x00000000ffd7cb40,0x00000000ffd80000)
  to   space 2560K, 0% used [0x00000000ffd80000,0x00000000ffd80000,0x0000000100000000)
 ParOldGen       total 44032K, used 6932K [0x00000000fc000000, 0x00000000feb00000, 0x00000000feb00000)
  object space 44032K, 15% used [0x00000000fc000000,0x00000000fc6c53e0,0x00000000feb00000)
 Metaspace       used 7692K, capacity 7842K, committed 7936K, reserved 1056768K
  class space    used 875K, capacity 957K, committed 1024K, reserved 1048576K
}

Deoptimization events (10 events):
Event: 1.101 Thread 0x0000000002c8d800 Uncommon trap: reason=unstable_if action=reinterpret pc=0x0000000002fbc958 method=java.util.zip.ZipFile.getZipEntry(Ljava/lang/String;J)Ljava/util/zip/ZipEntry; @ 19
Event: 1.164 Thread 0x0000000002c8d800 Uncommon trap: reason=unstable_if action=reinterpret pc=0x0000000002fd7288 method=java.util.HashMap$HashIterator.nextNode()Ljava/util/HashMap$Node; @ 74
Event: 1.300 Thread 0x0000000002c8d800 Uncommon trap: reason=unloaded action=reinterpret pc=0x0000000002fb527c method=java.util.zip.ZipEntry.setExtra0([BZ)V @ 37
Event: 1.590 Thread 0x0000000002c8d800 Uncommon trap: reason=unstable_if action=reinterpret pc=0x0000000002f30178 method=java.lang.String.<init>([CII)V @ 18
Event: 1.672 Thread 0x0000000002c8d800 Uncommon trap: reason=unstable_if action=reinterpret pc=0x00000000030bef78 method=org.objectweb.asm.Item.a(Lorg/objectweb/asm/Item;)Z @ 251
Event: 1.679 Thread 0x0000000002c8d800 Uncommon trap: reason=unstable_if action=reinterpret pc=0x00000000030ed268 method=java.io.BufferedOutputStream.write(I)V @ 9
Event: 1.788 Thread 0x0000000002c8d800 Uncommon trap: reason=unstable_if action=reinterpret pc=0x000000000305e780 method=org.objectweb.asm.ClassReader.readUTF8(I[C)Ljava/lang/String; @ 11
Event: 2.085 Thread 0x0000000002c8d800 Uncommon trap: reason=unstable_if action=reinterpret pc=0x00000000031532e8 method=org.objectweb.asm.Type.getArgumentsAndReturnSizes(Ljava/lang/String;)I @ 118
Event: 2.085 Thread 0x0000000002c8d800 Uncommon trap: reason=unstable_if action=reinterpret pc=0x00000000030b9e90 method=org.objectweb.asm.Type.getArgumentsAndReturnSizes(Ljava/lang/String;)I @ 118
Event: 2.106 Thread 0x0000000002c8d800 Uncommon trap: reason=unstable_if action=reinterpret pc=0x0000000003148514 method=org.objectweb.asm.MethodWriter.visitFieldInsn(ILjava/lang/String;Ljava/lang/String;Ljava/lang/String;)V @ 119

Classes redefined (0 events):
No events

Internal exceptions (10 events):
Event: 1.461 Thread 0x0000000002c8d800 Exception <a 'sun/nio/fs/WindowsException'> (0x00000000feba1980) thrown at [D:\src\AOSP-openjdk-cygwin\jdk8u\hotspot\src\share\vm\prims\jni.cpp, line 709]
Event: 1.461 Thread 0x0000000002c8d800 Exception <a 'sun/nio/fs/WindowsException'> (0x00000000feba1e58) thrown at [D:\src\AOSP-openjdk-cygwin\jdk8u\hotspot\src\share\vm\prims\jni.cpp, line 709]
Event: 1.483 Thread 0x0000000002c8d800 Exception <a 'sun/nio/fs/WindowsException'> (0x00000000feba5318) thrown at [D:\src\AOSP-openjdk-cygwin\jdk8u\hotspot\src\share\vm\prims\jni.cpp, line 709]
Event: 1.483 Thread 0x0000000002c8d800 Exception <a 'sun/nio/fs/WindowsException'> (0x00000000feba57f0) thrown at [D:\src\AOSP-openjdk-cygwin\jdk8u\hotspot\src\share\vm\prims\jni.cpp, line 709]
Event: 1.506 Thread 0x0000000002c8d800 Exception <a 'sun/nio/fs/WindowsException'> (0x00000000feba8ca8) thrown at [D:\src\AOSP-openjdk-cygwin\jdk8u\hotspot\src\share\vm\prims\jni.cpp, line 709]
Event: 1.506 Thread 0x0000000002c8d800 Exception <a 'sun/nio/fs/WindowsException'> (0x00000000feba9180) thrown at [D:\src\AOSP-openjdk-cygwin\jdk8u\hotspot\src\share\vm\prims\jni.cpp, line 709]
Event: 1.774 Thread 0x0000000002c8d800 Exception <a 'sun/nio/fs/WindowsException'> (0x00000000ff56a1f8) thrown at [D:\src\AOSP-openjdk-cygwin\jdk8u\hotspot\src\share\vm\prims\jni.cpp, line 709]
Event: 1.774 Thread 0x0000000002c8d800 Exception <a 'sun/nio/fs/WindowsException'> (0x00000000ff56a6d0) thrown at [D:\src\AOSP-openjdk-cygwin\jdk8u\hotspot\src\share\vm\prims\jni.cpp, line 709]
Event: 2.060 Thread 0x0000000002c8d800 Exception <a 'sun/nio/fs/WindowsException'> (0x00000000ff8a2ed8) thrown at [D:\src\AOSP-openjdk-cygwin\jdk8u\hotspot\src\share\vm\prims\jni.cpp, line 709]
Event: 2.064 Thread 0x0000000002c8d800 Exception <a 'sun/nio/fs/WindowsException'> (0x00000000ff8a33b0) thrown at [D:\src\AOSP-openjdk-cygwin\jdk8u\hotspot\src\share\vm\prims\jni.cpp, line 709]

Events (10 events):
Event: 2.085 Thread 0x0000000002c8d800 Uncommon trap: trap_request=0xffffff65 fr.pc=0x00000000030b9e90
Event: 2.085 Thread 0x0000000002c8d800 DEOPT PACKING pc=0x00000000030b9e90 sp=0x0000000002bfe4d0
Event: 2.085 Thread 0x0000000002c8d800 DEOPT UNPACKING pc=0x0000000002dd556a sp=0x0000000002bfe460 mode 2
Event: 2.088 Thread 0x0000000002c8d800 DEOPT PACKING pc=0x00000000030c9486 sp=0x0000000002bfe9a0
Event: 2.088 Thread 0x0000000002c8d800 DEOPT UNPACKING pc=0x0000000002dd75bf sp=0x0000000002bfe730 mode 0
Event: 2.106 Thread 0x0000000002c8d800 Uncommon trap: trap_request=0xffffff65 fr.pc=0x0000000003148514
Event: 2.106 Thread 0x0000000002c8d800 DEOPT PACKING pc=0x0000000003148514 sp=0x0000000002bfe880
Event: 2.106 Thread 0x0000000002c8d800 DEOPT UNPACKING pc=0x0000000002dd556a sp=0x0000000002bfe7f0 mode 2
Event: 2.109 Executing VM operation: ParallelGCFailedAllocation
Event: 2.843 Executing VM operation: ParallelGCFailedAllocation done


Dynamic libraries:
0x00007ff7bef40000 - 0x00007ff7bef71000 	C:\Program Files\Android\Android Studio\jre\bin\java.exe
0x00007ffba9340000 - 0x00007ffba9521000 	C:\WINDOWS\SYSTEM32\ntdll.dll
0x00007ffba6ca0000 - 0x00007ffba6d52000 	C:\WINDOWS\System32\KERNEL32.DLL
0x00007ffba6070000 - 0x00007ffba62e3000 	C:\WINDOWS\System32\KERNELBASE.dll
0x00007ffba9260000 - 0x00007ffba9301000 	C:\WINDOWS\System32\ADVAPI32.dll
0x00007ffba77b0000 - 0x00007ffba784e000 	C:\WINDOWS\System32\msvcrt.dll
0x00007ffba71b0000 - 0x00007ffba720b000 	C:\WINDOWS\System32\sechost.dll
0x00007ffba7580000 - 0x00007ffba76a4000 	C:\WINDOWS\System32\RPCRT4.dll
0x00007ffba7ac0000 - 0x00007ffba7c50000 	C:\WINDOWS\System32\USER32.dll
0x00007ffba5790000 - 0x00007ffba57b0000 	C:\WINDOWS\System32\win32u.dll
0x00007ffba67e0000 - 0x00007ffba6808000 	C:\WINDOWS\System32\GDI32.dll
0x00007ffba6530000 - 0x00007ffba66c2000 	C:\WINDOWS\System32\gdi32full.dll
0x00007ffba5fd0000 - 0x00007ffba606f000 	C:\WINDOWS\System32\msvcp_win.dll
0x00007ffba66d0000 - 0x00007ffba67ca000 	C:\WINDOWS\System32\ucrtbase.dll
0x00007ffb93ad0000 - 0x00007ffb93d39000 	C:\WINDOWS\WinSxS\amd64_microsoft.windows.common-controls_6595b64144ccf1df_6.0.17134.48_none_b4b2216a3cb4dd3e\COMCTL32.dll
0x00007ffba6810000 - 0x00007ffba6b33000 	C:\WINDOWS\System32\combase.dll
0x00007ffba5710000 - 0x00007ffba578a000 	C:\WINDOWS\System32\bcryptPrimitives.dll
0x00007ffba9090000 - 0x00007ffba90bd000 	C:\WINDOWS\System32\IMM32.DLL
0x0000000069530000 - 0x0000000069602000 	C:\Program Files\Android\Android Studio\jre\jre\bin\msvcr100.dll
0x0000000066c10000 - 0x000000006744e000 	C:\Program Files\Android\Android Studio\jre\jre\bin\server\jvm.dll
0x00007ffba91d0000 - 0x00007ffba91d8000 	C:\WINDOWS\System32\PSAPI.DLL
0x00007ffba1d20000 - 0x00007ffba1d29000 	C:\WINDOWS\SYSTEM32\WSOCK32.dll
0x00007ffba7510000 - 0x00007ffba757c000 	C:\WINDOWS\System32\WS2_32.dll
0x00007ffb95780000 - 0x00007ffb957a3000 	C:\WINDOWS\SYSTEM32\WINMM.dll
0x00007ffb9d7c0000 - 0x00007ffb9d7ca000 	C:\WINDOWS\SYSTEM32\VERSION.dll
0x00007ffb95570000 - 0x00007ffb9559a000 	C:\WINDOWS\SYSTEM32\WINMMBASE.dll
0x00007ffba64e0000 - 0x00007ffba6529000 	C:\WINDOWS\System32\cfgmgr32.dll
0x00007ffba1b20000 - 0x00007ffba1b2f000 	C:\Program Files\Android\Android Studio\jre\jre\bin\verify.dll
0x00007ffb9e9c0000 - 0x00007ffb9e9e9000 	C:\Program Files\Android\Android Studio\jre\jre\bin\java.dll
0x00007ffba1b00000 - 0x00007ffba1b16000 	C:\Program Files\Android\Android Studio\jre\jre\bin\zip.dll
0x00007ffba7c50000 - 0x00007ffba9090000 	C:\WINDOWS\System32\SHELL32.dll
0x00007ffba9120000 - 0x00007ffba91c9000 	C:\WINDOWS\System32\shcore.dll
0x00007ffba58c0000 - 0x00007ffba5fcd000 	C:\WINDOWS\System32\windows.storage.dll
0x00007ffba90c0000 - 0x00007ffba9111000 	C:\WINDOWS\System32\shlwapi.dll
0x00007ffba5680000 - 0x00007ffba5691000 	C:\WINDOWS\System32\kernel.appcore.dll
0x00007ffba56f0000 - 0x00007ffba570f000 	C:\WINDOWS\System32\profapi.dll
0x00007ffba56a0000 - 0x00007ffba56ec000 	C:\WINDOWS\System32\powrprof.dll
0x00007ffba5650000 - 0x00007ffba565a000 	C:\WINDOWS\System32\FLTLIB.DLL
0x00007ffba5080000 - 0x00007ffba5097000 	C:\WINDOWS\SYSTEM32\CRYPTSP.dll
0x00007ffba4ab0000 - 0x00007ffba4ae3000 	C:\WINDOWS\system32\rsaenh.dll
0x00007ffba51b0000 - 0x00007ffba51d5000 	C:\WINDOWS\SYSTEM32\bcrypt.dll
0x00007ffba5580000 - 0x00007ffba55a8000 	C:\WINDOWS\SYSTEM32\USERENV.dll
0x00007ffba50a0000 - 0x00007ffba50ab000 	C:\WINDOWS\SYSTEM32\CRYPTBASE.dll
0x00007ffb9e9a0000 - 0x00007ffb9e9ba000 	C:\Program Files\Android\Android Studio\jre\jre\bin\net.dll
0x00007ffba4ed0000 - 0x00007ffba4f36000 	C:\WINDOWS\system32\mswsock.dll
0x00007ffba4c50000 - 0x00007ffba4c88000 	C:\WINDOWS\SYSTEM32\IPHLPAPI.DLL
0x00007ffba7430000 - 0x00007ffba7438000 	C:\WINDOWS\System32\NSI.dll
0x00007ffb9a1f0000 - 0x00007ffb9a206000 	C:\WINDOWS\SYSTEM32\dhcpcsvc6.DLL
0x00007ffb9a120000 - 0x00007ffb9a13a000 	C:\WINDOWS\SYSTEM32\dhcpcsvc.DLL
0x00007ffb9e900000 - 0x00007ffb9e911000 	C:\Program Files\Android\Android Studio\jre\jre\bin\nio.dll

VM Arguments:
jvm_args: -Djava.awt.headless=true -Xmx64M -Dfile.encoding=x-windows-949 -Duser.country=KR -Duser.language=ko -Duser.variant 
java_command: com.google.devtools.build.android.desugar.Desugar @D:\test\app\build\intermediates\tmp\desugar_args2608813982852693036
java_class_path (initial): C:\Users\Goo\AppData\Local\Temp\desugar_deploy.jar914161806448729915
Launcher Type: SUN_STANDARD

Environment Variables:
PATH=C:\ProgramData\Oracle\Java\javapath;C:\WINDOWS\system32;C:\WINDOWS;C:\WINDOWS\System32\Wbem;C:\WINDOWS\System32\WindowsPowerShell\v1.0\;C:\OpenSSL;;C:\WINDOWS\System32\OpenSSH\;C:\Users\Goo\AppData\Local\Microsoft\WindowsApps;
USERNAME=Goo
OS=Windows_NT
PROCESSOR_IDENTIFIER=Intel64 Family 6 Model 158 Stepping 9, GenuineIntel



---------------  S Y S T E M  ---------------

OS: Windows 10.0 , 64 bit Build 17134 (10.0.17134.1)

CPU:total 8 (initial active 8) (4 cores per cpu, 2 threads per core) family 6 model 158 stepping 9, cmov, cx8, fxsr, mmx, sse, sse2, sse3, ssse3, sse4.1, sse4.2, popcnt, avx, avx2, aes, clmul, erms, 3dnowpref, lzcnt, ht, tsc, tscinvbit, bmi1, bmi2, adx

Memory: 4k page, physical 16692940k(4876068k free), swap 16692940k(524k free)

vm_info: OpenJDK 64-Bit Server VM (25.152-b01) for windows-amd64 JRE (1.8.0_152-release-915-b01), built by "builder" with MS VC++ 10.0 (VS2010)

time: Sat May 26 17:47:29 2018
elapsed time: 2 seconds (0d 0h 0m 2s)

