#
# There is insufficient memory for the Java Runtime Environment to continue.
# Native memory allocation (malloc) failed to allocate 32784 bytes for Chunk::new
# Possible reasons:
#   The system is out of physical RAM or swap space
#   In 32 bit mode, the process size limit was hit
# Possible solutions:
#   Reduce memory load on the system
#   Increase physical memory or swap space
#   Check if swap backing store is full
#   Use 64 bit Java on a 64 bit OS
#   Decrease Java heap size (-Xmx/-Xms)
#   Decrease number of Java threads
#   Decrease Java thread stack sizes (-Xss)
#   Set larger code cache with -XX:ReservedCodeCacheSize=
# This output file may be truncated or incomplete.
#
#  Out of Memory Error (allocation.cpp:390), pid=12616, tid=0x00000000000031e0
#
# JRE version: OpenJDK Runtime Environment (8.0_152-b01) (build 1.8.0_152-release-915-b01)
# Java VM: OpenJDK 64-Bit Server VM (25.152-b01 mixed mode windows-amd64 compressed oops)
# Failed to write core dump. Minidumps are not enabled by default on client versions of Windows
#

---------------  T H R E A D  ---------------

Current thread (0x0000000013bb9000):  JavaThread "C2 CompilerThread0" daemon [_thread_in_native, id=12768, stack(0x0000000016230000,0x0000000016330000)]

Stack: [0x0000000016230000,0x0000000016330000]
[error occurred during error reporting (printing stack bounds), id 0xc0000005]

Native frames: (J=compiled Java code, j=interpreted, Vv=VM code, C=native code)


Current CompileTask:
C2:   3244 1183       4       org.objectweb.asm.MethodVisitor::visitLocalVariable (24 bytes)


---------------  P R O C E S S  ---------------

Java Threads: ( => current thread )
  0x0000000015b3d800 JavaThread "Service Thread" daemon [_thread_blocked, id=8012, stack(0x0000000016630000,0x0000000016730000)]
  0x0000000015b37000 JavaThread "C1 CompilerThread3" daemon [_thread_blocked, id=1660, stack(0x0000000016530000,0x0000000016630000)]
  0x0000000015b33000 JavaThread "C2 CompilerThread2" daemon [_thread_in_native, id=6500, stack(0x0000000016430000,0x0000000016530000)]
  0x0000000013bbc000 JavaThread "C2 CompilerThread1" daemon [_thread_in_native, id=4268, stack(0x0000000016330000,0x0000000016430000)]
=>0x0000000013bb9000 JavaThread "C2 CompilerThread0" daemon [_thread_in_native, id=12768, stack(0x0000000016230000,0x0000000016330000)]
  0x0000000015b30000 JavaThread "Attach Listener" daemon [_thread_blocked, id=9572, stack(0x0000000016130000,0x0000000016230000)]
  0x0000000015ac5000 JavaThread "Signal Dispatcher" daemon [_thread_blocked, id=7612, stack(0x0000000016030000,0x0000000016130000)]
  0x00000000033fe000 JavaThread "Finalizer" daemon [_thread_blocked, id=4148, stack(0x0000000015ea0000,0x0000000015fa0000)]
  0x00000000033f7000 JavaThread "Reference Handler" daemon [_thread_blocked, id=10664, stack(0x00000000159a0000,0x0000000015aa0000)]
  0x00000000031fd800 JavaThread "main" [_thread_in_Java, id=10276, stack(0x0000000003200000,0x0000000003300000)]

Other Threads:
  0x0000000013ba5800 VMThread [stack: 0x00000000158a0000,0x00000000159a0000] [id=11840]
  0x0000000015b3e000 WatcherThread [stack: 0x0000000016730000,0x0000000016830000] [id=7808]

VM state:not at safepoint (normal execution)

VM Mutex/Monitor currently owned by a thread: None

Heap:
 PSYoungGen      total 18944K, used 4856K [0x00000000feb00000, 0x0000000100000000, 0x0000000100000000)
  eden space 16384K, 14% used [0x00000000feb00000,0x00000000fed44140,0x00000000ffb00000)
  from space 2560K, 99% used [0x00000000ffd80000,0x00000000ffffa2a0,0x0000000100000000)
  to   space 2560K, 0% used [0x00000000ffb00000,0x00000000ffb00000,0x00000000ffd80000)
 ParOldGen       total 44032K, used 7226K [0x00000000fc000000, 0x00000000feb00000, 0x00000000feb00000)
  object space 44032K, 16% used [0x00000000fc000000,0x00000000fc70eb80,0x00000000feb00000)
 Metaspace       used 7786K, capacity 7978K, committed 8192K, reserved 1056768K
  class space    used 876K, capacity 957K, committed 1024K, reserved 1048576K

Card table byte_map: [0x0000000003160000,0x0000000003190000] byte_map_base: 0x0000000002980000

Marking Bits: (ParMarkBitMap*) 0x0000000055473950
 Begin Bits: [0x0000000012fc0000, 0x00000000130c0000)
 End Bits:   [0x00000000130c0000, 0x00000000131c0000)

Polling page: 0x00000000014c0000

CodeCache: size=245760Kb used=4494Kb max_used=4506Kb free=241265Kb
 bounds [0x0000000003400000, 0x0000000003880000, 0x0000000012400000]
 total_blobs=1517 nmethods=1182 adapters=248
 compilation: enabled

Compilation events (10 events):
Event: 3.181 Thread 0x0000000015b33000 1180       4       org.objectweb.asm.tree.MethodNode::visitLocalVariable (35 bytes)
Event: 3.184 Thread 0x0000000013bb9000 nmethod 1178 0x00000000038486d0 code [0x0000000003848840, 0x0000000003848b68]
Event: 3.189 Thread 0x0000000015b33000 nmethod 1180 0x00000000038290d0 code [0x0000000003829260, 0x00000000038299c8]
Event: 3.226 Thread 0x0000000013bb9000 1181       4       org.objectweb.asm.tree.LocalVariableNode::<init> (38 bytes)
Event: 3.227 Thread 0x0000000015b33000 1182       4       org.objectweb.asm.ClassReader::a (500 bytes)
Event: 3.227 Thread 0x0000000013bb9000 nmethod 1181 0x0000000003848ed0 code [0x0000000003849000, 0x0000000003849098]
Event: 3.237 Thread 0x0000000015b33000 nmethod 1182 0x0000000003849a90 code [0x0000000003849c20, 0x000000000384a390]
Event: 3.237 Thread 0x0000000013bb9000 1183       4       org.objectweb.asm.MethodVisitor::visitLocalVariable (24 bytes)
Event: 3.237 Thread 0x0000000015b33000 1184       4       org.objectweb.asm.tree.MethodNode::getLabelNodes (51 bytes)
Event: 3.242 Thread 0x0000000015b33000 nmethod 1184 0x0000000003849490 code [0x0000000003849600, 0x00000000038498d8]

GC Heap History (8 events):
Event: 0.951 GC heap before
{Heap before GC invocations=1 (full 0):
 PSYoungGen      total 18944K, used 16384K [0x00000000feb00000, 0x0000000100000000, 0x0000000100000000)
  eden space 16384K, 100% used [0x00000000feb00000,0x00000000ffb00000,0x00000000ffb00000)
  from space 2560K, 0% used [0x00000000ffd80000,0x00000000ffd80000,0x0000000100000000)
  to   space 2560K, 0% used [0x00000000ffb00000,0x00000000ffb00000,0x00000000ffd80000)
 ParOldGen       total 44032K, used 0K [0x00000000fc000000, 0x00000000feb00000, 0x00000000feb00000)
  object space 44032K, 0% used [0x00000000fc000000,0x00000000fc000000,0x00000000feb00000)
 Metaspace       used 6621K, capacity 6808K, committed 7040K, reserved 1056768K
  class space    used 774K, capacity 824K, committed 896K, reserved 1048576K
Event: 1.011 GC heap after
Heap after GC invocations=1 (full 0):
 PSYoungGen      total 18944K, used 2537K [0x00000000feb00000, 0x0000000100000000, 0x0000000100000000)
  eden space 16384K, 0% used [0x00000000feb00000,0x00000000feb00000,0x00000000ffb00000)
  from space 2560K, 99% used [0x00000000ffb00000,0x00000000ffd7a620,0x00000000ffd80000)
  to   space 2560K, 0% used [0x00000000ffd80000,0x00000000ffd80000,0x0000000100000000)
 ParOldGen       total 44032K, used 1665K [0x00000000fc000000, 0x00000000feb00000, 0x00000000feb00000)
  object space 44032K, 3% used [0x00000000fc000000,0x00000000fc1a06c8,0x00000000feb00000)
 Metaspace       used 6621K, capacity 6808K, committed 7040K, reserved 1056768K
  class space    used 774K, capacity 824K, committed 896K, reserved 1048576K
}
Event: 1.338 GC heap before
{Heap before GC invocations=2 (full 0):
 PSYoungGen      total 18944K, used 18921K [0x00000000feb00000, 0x0000000100000000, 0x0000000100000000)
  eden space 16384K, 100% used [0x00000000feb00000,0x00000000ffb00000,0x00000000ffb00000)
  from space 2560K, 99% used [0x00000000ffb00000,0x00000000ffd7a620,0x00000000ffd80000)
  to   space 2560K, 0% used [0x00000000ffd80000,0x00000000ffd80000,0x0000000100000000)
 ParOldGen       total 44032K, used 1665K [0x00000000fc000000, 0x00000000feb00000, 0x00000000feb00000)
  object space 44032K, 3% used [0x00000000fc000000,0x00000000fc1a06c8,0x00000000feb00000)
 Metaspace       used 6953K, capacity 7114K, committed 7296K, reserved 1056768K
  class space    used 814K, capacity 861K, committed 896K, reserved 1048576K
Event: 1.346 GC heap after
Heap after GC invocations=2 (full 0):
 PSYoungGen      total 18944K, used 2547K [0x00000000feb00000, 0x0000000100000000, 0x0000000100000000)
  eden space 16384K, 0% used [0x00000000feb00000,0x00000000feb00000,0x00000000ffb00000)
  from space 2560K, 99% used [0x00000000ffd80000,0x00000000ffffce10,0x0000000100000000)
  to   space 2560K, 0% used [0x00000000ffb00000,0x00000000ffb00000,0x00000000ffd80000)
 ParOldGen       total 44032K, used 5894K [0x00000000fc000000, 0x00000000feb00000, 0x00000000feb00000)
  object space 44032K, 13% used [0x00000000fc000000,0x00000000fc5c1bc0,0x00000000feb00000)
 Metaspace       used 6953K, capacity 7114K, committed 7296K, reserved 1056768K
  class space    used 814K, capacity 861K, committed 896K, reserved 1048576K
}
Event: 1.682 GC heap before
{Heap before GC invocations=3 (full 0):
 PSYoungGen      total 18944K, used 18931K [0x00000000feb00000, 0x0000000100000000, 0x0000000100000000)
  eden space 16384K, 100% used [0x00000000feb00000,0x00000000ffb00000,0x00000000ffb00000)
  from space 2560K, 99% used [0x00000000ffd80000,0x00000000ffffce10,0x0000000100000000)
  to   space 2560K, 0% used [0x00000000ffb00000,0x00000000ffb00000,0x00000000ffd80000)
 ParOldGen       total 44032K, used 5894K [0x00000000fc000000, 0x00000000feb00000, 0x00000000feb00000)
  object space 44032K, 13% used [0x00000000fc000000,0x00000000fc5c1bc0,0x00000000feb00000)
 Metaspace       used 7676K, capacity 7850K, committed 7936K, reserved 1056768K
  class space    used 875K, capacity 957K, committed 1024K, reserved 1048576K
Event: 1.778 GC heap after
Heap after GC invocations=3 (full 0):
 PSYoungGen      total 18944K, used 2546K [0x00000000feb00000, 0x0000000100000000, 0x0000000100000000)
  eden space 16384K, 0% used [0x00000000feb00000,0x00000000feb00000,0x00000000ffb00000)
  from space 2560K, 99% used [0x00000000ffb00000,0x00000000ffd7ca70,0x00000000ffd80000)
  to   space 2560K, 0% used [0x00000000ffd80000,0x00000000ffd80000,0x0000000100000000)
 ParOldGen       total 44032K, used 7112K [0x00000000fc000000, 0x00000000feb00000, 0x00000000feb00000)
  object space 44032K, 16% used [0x00000000fc000000,0x00000000fc6f23a0,0x00000000feb00000)
 Metaspace       used 7676K, capacity 7850K, committed 7936K, reserved 1056768K
  class space    used 875K, capacity 957K, committed 1024K, reserved 1048576K
}
Event: 2.074 GC heap before
{Heap before GC invocations=4 (full 0):
 PSYoungGen      total 18944K, used 18930K [0x00000000feb00000, 0x0000000100000000, 0x0000000100000000)
  eden space 16384K, 100% used [0x00000000feb00000,0x00000000ffb00000,0x00000000ffb00000)
  from space 2560K, 99% used [0x00000000ffb00000,0x00000000ffd7ca70,0x00000000ffd80000)
  to   space 2560K, 0% used [0x00000000ffd80000,0x00000000ffd80000,0x0000000100000000)
 ParOldGen       total 44032K, used 7112K [0x00000000fc000000, 0x00000000feb00000, 0x00000000feb00000)
  object space 44032K, 16% used [0x00000000fc000000,0x00000000fc6f23a0,0x00000000feb00000)
 Metaspace       used 7777K, capacity 7978K, committed 8192K, reserved 1056768K
  class space    used 876K, capacity 957K, committed 1024K, reserved 1048576K
Event: 2.095 GC heap after
Heap after GC invocations=4 (full 0):
 PSYoungGen      total 18944K, used 2536K [0x00000000feb00000, 0x0000000100000000, 0x0000000100000000)
  eden space 16384K, 0% used [0x00000000feb00000,0x00000000feb00000,0x00000000ffb00000)
  from space 2560K, 99% used [0x00000000ffd80000,0x00000000ffffa2a0,0x0000000100000000)
  to   space 2560K, 0% used [0x00000000ffb00000,0x00000000ffb00000,0x00000000ffd80000)
 ParOldGen       total 44032K, used 7226K [0x00000000fc000000, 0x00000000feb00000, 0x00000000feb00000)
  object space 44032K, 16% used [0x00000000fc000000,0x00000000fc70eb80,0x00000000feb00000)
 Metaspace       used 7777K, capacity 7978K, committed 8192K, reserved 1056768K
  class space    used 876K, capacity 957K, committed 1024K, reserved 1048576K
}

Deoptimization events (10 events):
Event: 1.309 Thread 0x00000000031fd800 Uncommon trap: reason=unloaded action=reinterpret pc=0x000000000363077c method=java.util.zip.ZipEntry.setExtra0([BZ)V @ 37
Event: 1.426 Thread 0x00000000031fd800 Uncommon trap: reason=unstable_if action=reinterpret pc=0x00000000035c2e78 method=java.lang.String.<init>([CII)V @ 18
Event: 1.604 Thread 0x00000000031fd800 Uncommon trap: reason=unstable_if action=reinterpret pc=0x000000000373268c method=org.objectweb.asm.Item.a(Lorg/objectweb/asm/Item;)Z @ 251
Event: 1.661 Thread 0x00000000031fd800 Uncommon trap: reason=unstable_if action=reinterpret pc=0x0000000003739b54 method=org.objectweb.asm.Type.getArgumentsAndReturnSizes(Ljava/lang/String;)I @ 47
Event: 1.661 Thread 0x00000000031fd800 Uncommon trap: reason=unstable_if action=reinterpret pc=0x00000000037632b0 method=org.objectweb.asm.MethodWriter.visitVarInsn(II)V @ 142
Event: 1.822 Thread 0x00000000031fd800 Uncommon trap: reason=unstable_if action=reinterpret pc=0x00000000037c2c50 method=org.objectweb.asm.Type.getArgumentsAndReturnSizes(Ljava/lang/String;)I @ 136
Event: 1.997 Thread 0x00000000031fd800 Uncommon trap: reason=unstable_if action=reinterpret pc=0x00000000037c8274 method=org.objectweb.asm.tree.MethodNode.getLabelNodes([Ljava/lang/Object;)[Ljava/lang/Object; @ 24
Event: 2.030 Thread 0x00000000031fd800 Uncommon trap: reason=unstable_if action=reinterpret pc=0x00000000037a1b58 method=org.objectweb.asm.Item.a(Lorg/objectweb/asm/Item;)Z @ 345
Event: 2.542 Thread 0x00000000031fd800 Uncommon trap: reason=null_check action=make_not_entrant pc=0x000000000383d788 method=com.google.devtools.build.android.desugar.InterfaceDesugaring$InterfaceInvocationRewriter.visitMethodInsn(ILjava/lang/String;Ljava/lang/String;Ljava/lang/String;Z)V @ 10
Event: 2.542 Thread 0x00000000031fd800 Uncommon trap: reason=null_check action=make_not_entrant pc=0x0000000003832138 method=com.google.devtools.build.android.desugar.InterfaceDesugaring$InterfaceInvocationRewriter.visitMethodInsn(ILjava/lang/String;Ljava/lang/String;Ljava/lang/String;Z)V @ 10

Classes redefined (0 events):
No events

Internal exceptions (10 events):
Event: 1.970 Thread 0x00000000031fd800 Exception <a 'sun/nio/fs/WindowsException'> (0x00000000fec5d9a0) thrown at [D:\src\AOSP-openjdk-cygwin\jdk8u\hotspot\src\share\vm\prims\jni.cpp, line 709]
Event: 1.970 Thread 0x00000000031fd800 Exception <a 'sun/nio/fs/WindowsException'> (0x00000000fec5de78) thrown at [D:\src\AOSP-openjdk-cygwin\jdk8u\hotspot\src\share\vm\prims\jni.cpp, line 709]
Event: 2.063 Thread 0x00000000031fd800 Exception <a 'sun/nio/fs/WindowsException'> (0x00000000ffa68ce8) thrown at [D:\src\AOSP-openjdk-cygwin\jdk8u\hotspot\src\share\vm\prims\jni.cpp, line 709]
Event: 2.063 Thread 0x00000000031fd800 Exception <a 'sun/nio/fs/WindowsException'> (0x00000000ffa691c0) thrown at [D:\src\AOSP-openjdk-cygwin\jdk8u\hotspot\src\share\vm\prims\jni.cpp, line 709]
Event: 2.434 Thread 0x00000000031fd800 Exception <a 'sun/nio/fs/WindowsException'> (0x00000000feb01910) thrown at [D:\src\AOSP-openjdk-cygwin\jdk8u\hotspot\src\share\vm\prims\jni.cpp, line 709]
Event: 2.435 Thread 0x00000000031fd800 Exception <a 'sun/nio/fs/WindowsException'> (0x00000000feb01de8) thrown at [D:\src\AOSP-openjdk-cygwin\jdk8u\hotspot\src\share\vm\prims\jni.cpp, line 709]
Event: 2.542 Thread 0x00000000031fd800 Implicit null exception at 0x0000000003838303 to 0x000000000383d769
Event: 2.542 Thread 0x00000000031fd800 Implicit null exception at 0x000000000382f8b6 to 0x0000000003832121
Event: 2.949 Thread 0x00000000031fd800 Exception <a 'sun/nio/fs/WindowsException'> (0x00000000febddae0) thrown at [D:\src\AOSP-openjdk-cygwin\jdk8u\hotspot\src\share\vm\prims\jni.cpp, line 709]
Event: 2.949 Thread 0x00000000031fd800 Exception <a 'sun/nio/fs/WindowsException'> (0x00000000febddfb8) thrown at [D:\src\AOSP-openjdk-cygwin\jdk8u\hotspot\src\share\vm\prims\jni.cpp, line 709]

Events (10 events):
Event: 2.068 Executing VM operation: Deoptimize
Event: 2.068 Executing VM operation: Deoptimize done
Event: 2.074 Executing VM operation: ParallelGCFailedAllocation
Event: 2.096 Executing VM operation: ParallelGCFailedAllocation done
Event: 2.542 Thread 0x00000000031fd800 Uncommon trap: trap_request=0xfffffff4 fr.pc=0x000000000383d788
Event: 2.542 Thread 0x00000000031fd800 DEOPT PACKING pc=0x000000000383d788 sp=0x00000000032fed10
Event: 2.542 Thread 0x00000000031fd800 DEOPT UNPACKING pc=0x000000000344556a sp=0x00000000032feca0 mode 2
Event: 2.542 Thread 0x00000000031fd800 Uncommon trap: trap_request=0xfffffff4 fr.pc=0x0000000003832138
Event: 2.542 Thread 0x00000000031fd800 DEOPT PACKING pc=0x0000000003832138 sp=0x00000000032fec90
Event: 2.542 Thread 0x00000000031fd800 DEOPT UNPACKING pc=0x000000000344556a sp=0x00000000032fec90 mode 2


Dynamic libraries:
0x00007ff743630000 - 0x00007ff743661000 	C:\Program Files\Android\Android Studio\jre\bin\java.exe
0x00007ffde28f0000 - 0x00007ffde2ad1000 	C:\WINDOWS\SYSTEM32\ntdll.dll
0x00007ffde1a20000 - 0x00007ffde1ad2000 	C:\WINDOWS\System32\KERNEL32.DLL
0x00007ffddf250000 - 0x00007ffddf4c3000 	C:\WINDOWS\System32\KERNELBASE.dll
0x00007ffde1ae0000 - 0x00007ffde1b81000 	C:\WINDOWS\System32\ADVAPI32.dll
0x00007ffde27f0000 - 0x00007ffde288e000 	C:\WINDOWS\System32\msvcrt.dll
0x00007ffddfda0000 - 0x00007ffddfdfb000 	C:\WINDOWS\System32\sechost.dll
0x00007ffde2010000 - 0x00007ffde2134000 	C:\WINDOWS\System32\RPCRT4.dll
0x00007ffde1e80000 - 0x00007ffde2010000 	C:\WINDOWS\System32\USER32.dll
0x00007ffddf230000 - 0x00007ffddf250000 	C:\WINDOWS\System32\win32u.dll
0x00007ffde1e50000 - 0x00007ffde1e78000 	C:\WINDOWS\System32\GDI32.dll
0x00007ffddfbe0000 - 0x00007ffddfd72000 	C:\WINDOWS\System32\gdi32full.dll
0x00007ffddf030000 - 0x00007ffddf0cf000 	C:\WINDOWS\System32\msvcp_win.dll
0x00007ffddf0d0000 - 0x00007ffddf1ca000 	C:\WINDOWS\System32\ucrtbase.dll
0x00007ffdd1c40000 - 0x00007ffdd1ea9000 	C:\WINDOWS\WinSxS\amd64_microsoft.windows.common-controls_6595b64144ccf1df_6.0.17134.112_none_fb3f961b30681c12\COMCTL32.dll
0x00007ffde16f0000 - 0x00007ffde1a13000 	C:\WINDOWS\System32\combase.dll
0x00007ffddecc0000 - 0x00007ffdded3a000 	C:\WINDOWS\System32\bcryptPrimitives.dll
0x00007ffde2890000 - 0x00007ffde28bd000 	C:\WINDOWS\System32\IMM32.DLL
0x0000000054bd0000 - 0x0000000054ca2000 	C:\Program Files\Android\Android Studio\jre\jre\bin\msvcr100.dll
0x0000000054cb0000 - 0x00000000554ee000 	C:\Program Files\Android\Android Studio\jre\jre\bin\server\jvm.dll
0x00007ffde16e0000 - 0x00007ffde16e8000 	C:\WINDOWS\System32\PSAPI.DLL
0x00007ffdc87f0000 - 0x00007ffdc87f9000 	C:\WINDOWS\SYSTEM32\WSOCK32.dll
0x00007ffde1c80000 - 0x00007ffde1cec000 	C:\WINDOWS\System32\WS2_32.dll
0x00007ffddcde0000 - 0x00007ffddce03000 	C:\WINDOWS\SYSTEM32\WINMM.dll
0x00007ffdd57a0000 - 0x00007ffdd57aa000 	C:\WINDOWS\SYSTEM32\VERSION.dll
0x00007ffddcc90000 - 0x00007ffddccba000 	C:\WINDOWS\SYSTEM32\WINMMBASE.dll
0x00007ffddedf0000 - 0x00007ffddee39000 	C:\WINDOWS\System32\cfgmgr32.dll
0x00007ffdc87e0000 - 0x00007ffdc87ef000 	C:\Program Files\Android\Android Studio\jre\jre\bin\verify.dll
0x00007ffdc87b0000 - 0x00007ffdc87d9000 	C:\Program Files\Android\Android Studio\jre\jre\bin\java.dll
0x00007ffdc8790000 - 0x00007ffdc87a6000 	C:\Program Files\Android\Android Studio\jre\jre\bin\zip.dll
0x00007ffde00f0000 - 0x00007ffde1530000 	C:\WINDOWS\System32\SHELL32.dll
0x00007ffde2740000 - 0x00007ffde27e9000 	C:\WINDOWS\System32\shcore.dll
0x00007ffddf4d0000 - 0x00007ffddfbdd000 	C:\WINDOWS\System32\windows.storage.dll
0x00007ffde2290000 - 0x00007ffde22e1000 	C:\WINDOWS\System32\shlwapi.dll
0x00007ffddec20000 - 0x00007ffddec31000 	C:\WINDOWS\System32\kernel.appcore.dll
0x00007ffddec50000 - 0x00007ffddec6f000 	C:\WINDOWS\System32\profapi.dll
0x00007ffddec70000 - 0x00007ffddecbc000 	C:\WINDOWS\System32\powrprof.dll
0x00007ffddec40000 - 0x00007ffddec4a000 	C:\WINDOWS\System32\FLTLIB.DLL
0x00007ffdde630000 - 0x00007ffdde647000 	C:\WINDOWS\SYSTEM32\CRYPTSP.dll
0x00007ffdde060000 - 0x00007ffdde093000 	C:\WINDOWS\system32\rsaenh.dll
0x00007ffdde760000 - 0x00007ffdde785000 	C:\WINDOWS\SYSTEM32\bcrypt.dll
0x00007ffddeb00000 - 0x00007ffddeb28000 	C:\WINDOWS\SYSTEM32\USERENV.dll
0x00007ffdde650000 - 0x00007ffdde65b000 	C:\WINDOWS\SYSTEM32\CRYPTBASE.dll
0x00007ffdc8670000 - 0x00007ffdc868a000 	C:\Program Files\Android\Android Studio\jre\jre\bin\net.dll
0x00007ffdde480000 - 0x00007ffdde4e6000 	C:\WINDOWS\system32\mswsock.dll
0x00007ffdde200000 - 0x00007ffdde238000 	C:\WINDOWS\SYSTEM32\IPHLPAPI.DLL
0x00007ffde1bf0000 - 0x00007ffde1bf8000 	C:\WINDOWS\System32\NSI.dll
0x00007ffdd7790000 - 0x00007ffdd77a6000 	C:\WINDOWS\SYSTEM32\dhcpcsvc6.DLL
0x00007ffdd6720000 - 0x00007ffdd673a000 	C:\WINDOWS\SYSTEM32\dhcpcsvc.DLL
0x00007ffdc8630000 - 0x00007ffdc8641000 	C:\Program Files\Android\Android Studio\jre\jre\bin\nio.dll

VM Arguments:
jvm_args: -Djava.awt.headless=true -Xmx64M -Dfile.encoding=x-windows-949 -Duser.country=KR -Duser.language=ko -Duser.variant 
java_command: com.google.devtools.build.android.desugar.Desugar @D:\test\app\build\intermediates\tmp\desugar_args5913221967461578894
java_class_path (initial): C:\Users\Goo\AppData\Local\Temp\desugar_deploy.jar6387874304095112173
Launcher Type: SUN_STANDARD

Environment Variables:
PATH=C:\ProgramData\Oracle\Java\javapath;C:\WINDOWS\system32;C:\WINDOWS;C:\WINDOWS\System32\Wbem;C:\WINDOWS\System32\WindowsPowerShell\v1.0\;C:\OpenSSL;;C:\WINDOWS\System32\OpenSSH\;C:\Users\Goo\AppData\Local\Microsoft\WindowsApps;
USERNAME=Goo
OS=Windows_NT
PROCESSOR_IDENTIFIER=Intel64 Family 6 Model 158 Stepping 9, GenuineIntel



---------------  S Y S T E M  ---------------

OS: Windows 10.0 , 64 bit Build 17134 (10.0.17134.1)

CPU:total 8 (initial active 8) (4 cores per cpu, 2 threads per core) family 6 model 158 stepping 9, cmov, cx8, fxsr, mmx, sse, sse2, sse3, ssse3, sse4.1, sse4.2, popcnt, avx, avx2, aes, clmul, erms, 3dnowpref, lzcnt, ht, tsc, tscinvbit, bmi1, bmi2, adx

Memory: 4k page, physical 16692940k(3262460k free), swap 16692940k(192k free)

vm_info: OpenJDK 64-Bit Server VM (25.152-b01) for windows-amd64 JRE (1.8.0_152-release-915-b01), built by "builder" with MS VC++ 10.0 (VS2010)

time: Fri Jun 22 04:30:36 2018
elapsed time: 3 seconds (0d 0h 0m 3s)

