#
# There is insufficient memory for the Java Runtime Environment to continue.
# Native memory allocation (malloc) failed to allocate 32744 bytes for ChunkPool::allocate
# Possible reasons:
#   The system is out of physical RAM or swap space
#   In 32 bit mode, the process size limit was hit
# Possible solutions:
#   Reduce memory load on the system
#   Increase physical memory or swap space
#   Check if swap backing store is full
#   Use 64 bit Java on a 64 bit OS
#   Decrease Java heap size (-Xmx/-Xms)
#   Decrease number of Java threads
#   Decrease Java thread stack sizes (-Xss)
#   Set larger code cache with -XX:ReservedCodeCacheSize=
# This output file may be truncated or incomplete.
#
#  Out of Memory Error (allocation.cpp:273), pid=12388, tid=0x0000000000001184
#
# JRE version: OpenJDK Runtime Environment (8.0_152-b01) (build 1.8.0_152-release-915-b01)
# Java VM: OpenJDK 64-Bit Server VM (25.152-b01 mixed mode windows-amd64 compressed oops)
# Failed to write core dump. Minidumps are not enabled by default on client versions of Windows
#

---------------  T H R E A D  ---------------

Current thread (0x0000000015533000):  JavaThread "C2 CompilerThread2" daemon [_thread_in_native, id=4484, stack(0x0000000015e40000,0x0000000015f40000)]

Stack: [0x0000000015e40000,0x0000000015f40000]
[error occurred during error reporting (printing stack bounds), id 0xc0000005]

Native frames: (J=compiled Java code, j=interpreted, Vv=VM code, C=native code)


Current CompileTask:
C2:   2002  926 %     4       org.objectweb.asm.ClassReader::a @ 1360 (3587 bytes)


---------------  P R O C E S S  ---------------

Java Threads: ( => current thread )
  0x00000000155c0000 JavaThread "Service Thread" daemon [_thread_blocked, id=200, stack(0x0000000016040000,0x0000000016140000)]
  0x0000000015541000 JavaThread "C1 CompilerThread3" daemon [_thread_blocked, id=10848, stack(0x0000000015f40000,0x0000000016040000)]
=>0x0000000015533000 JavaThread "C2 CompilerThread2" daemon [_thread_in_native, id=4484, stack(0x0000000015e40000,0x0000000015f40000)]
  0x00000000135ea800 JavaThread "C2 CompilerThread1" daemon [_thread_blocked, id=8728, stack(0x0000000015d40000,0x0000000015e40000)]
  0x00000000135e8000 JavaThread "C2 CompilerThread0" daemon [_thread_in_native, id=12404, stack(0x0000000015c40000,0x0000000015d40000)]
  0x000000001552f800 JavaThread "Attach Listener" daemon [_thread_blocked, id=9948, stack(0x0000000015b40000,0x0000000015c40000)]
  0x00000000154db800 JavaThread "Signal Dispatcher" daemon [_thread_blocked, id=12708, stack(0x0000000015a40000,0x0000000015b40000)]
  0x0000000002dce000 JavaThread "Finalizer" daemon [_thread_blocked, id=13336, stack(0x00000000158a0000,0x00000000159a0000)]
  0x0000000002dc7000 JavaThread "Reference Handler" daemon [_thread_blocked, id=10596, stack(0x00000000153a0000,0x00000000154a0000)]
  0x0000000002ccd800 JavaThread "main" [_thread_in_Java, id=960, stack(0x0000000002b90000,0x0000000002c90000)]

Other Threads:
  0x00000000135d5000 VMThread [stack: 0x00000000152a0000,0x00000000153a0000] [id=12952]
  0x00000000155c8800 WatcherThread [stack: 0x0000000016140000,0x0000000016240000] [id=6360]

VM state:not at safepoint (normal execution)

VM Mutex/Monitor currently owned by a thread: None

Heap:
 PSYoungGen      total 18944K, used 9627K [0x00000000feb00000, 0x0000000100000000, 0x0000000100000000)
  eden space 16384K, 43% used [0x00000000feb00000,0x00000000ff1edec8,0x00000000ffb00000)
  from space 2560K, 98% used [0x00000000ffd80000,0x00000000ffff8e10,0x0000000100000000)
  to   space 2560K, 0% used [0x00000000ffb00000,0x00000000ffb00000,0x00000000ffd80000)
 ParOldGen       total 44032K, used 6007K [0x00000000fc000000, 0x00000000feb00000, 0x00000000feb00000)
  object space 44032K, 13% used [0x00000000fc000000,0x00000000fc5ddd08,0x00000000feb00000)
 Metaspace       used 7625K, capacity 7846K, committed 7936K, reserved 1056768K
  class space    used 873K, capacity 957K, committed 1024K, reserved 1048576K

Card table byte_map: [0x0000000012190000,0x00000000121c0000] byte_map_base: 0x00000000119b0000

Marking Bits: (ParMarkBitMap*) 0x00000000673d3950
 Begin Bits: [0x00000000129c0000, 0x0000000012ac0000)
 End Bits:   [0x0000000012ac0000, 0x0000000012bc0000)

Polling page: 0x0000000000f80000

CodeCache: size=245760Kb used=3720Kb max_used=3720Kb free=242039Kb
 bounds [0x0000000002dd0000, 0x0000000003180000, 0x0000000011dd0000]
 total_blobs=1323 nmethods=989 adapters=248
 compilation: enabled

Compilation events (10 events):
Event: 1.862 Thread 0x0000000015541000  987       3       org.objectweb.asm.AnnotationWriter::<init> (34 bytes)
Event: 1.862 Thread 0x0000000015541000 nmethod 987 0x0000000003168bd0 code [0x0000000003168d40, 0x0000000003168fc8]
Event: 1.863 Thread 0x0000000015541000  988       3       org.objectweb.asm.ClassReader::accept (1176 bytes)
Event: 1.869 Thread 0x0000000015541000 nmethod 988 0x0000000003169910 code [0x000000000316a040, 0x00000000031706e8]
Event: 1.875 Thread 0x0000000015541000  990       3       org.objectweb.asm.FieldWriter::<init> (97 bytes)
Event: 1.876 Thread 0x0000000015541000 nmethod 990 0x00000000031682d0 code [0x0000000003168480, 0x0000000003168968]
Event: 1.876 Thread 0x0000000015541000  989       3       org.objectweb.asm.ClassWriter::visitField (16 bytes)
Event: 1.876 Thread 0x0000000015541000 nmethod 989 0x0000000003167e50 code [0x0000000003167fc0, 0x00000000031681e8]
Event: 1.876 Thread 0x0000000015541000  991       3       org.objectweb.asm.MethodVisitor::visitAnnotation (19 bytes)
Event: 1.876 Thread 0x0000000015541000 nmethod 991 0x0000000003167990 code [0x0000000003167b00, 0x0000000003167d68]

GC Heap History (4 events):
Event: 1.028 GC heap before
{Heap before GC invocations=1 (full 0):
 PSYoungGen      total 18944K, used 16384K [0x00000000feb00000, 0x0000000100000000, 0x0000000100000000)
  eden space 16384K, 100% used [0x00000000feb00000,0x00000000ffb00000,0x00000000ffb00000)
  from space 2560K, 0% used [0x00000000ffd80000,0x00000000ffd80000,0x0000000100000000)
  to   space 2560K, 0% used [0x00000000ffb00000,0x00000000ffb00000,0x00000000ffd80000)
 ParOldGen       total 44032K, used 0K [0x00000000fc000000, 0x00000000feb00000, 0x00000000feb00000)
  object space 44032K, 0% used [0x00000000fc000000,0x00000000fc000000,0x00000000feb00000)
 Metaspace       used 6616K, capacity 6740K, committed 7040K, reserved 1056768K
  class space    used 773K, capacity 824K, committed 896K, reserved 1048576K
Event: 1.075 GC heap after
Heap after GC invocations=1 (full 0):
 PSYoungGen      total 18944K, used 2553K [0x00000000feb00000, 0x0000000100000000, 0x0000000100000000)
  eden space 16384K, 0% used [0x00000000feb00000,0x00000000feb00000,0x00000000ffb00000)
  from space 2560K, 99% used [0x00000000ffb00000,0x00000000ffd7e630,0x00000000ffd80000)
  to   space 2560K, 0% used [0x00000000ffd80000,0x00000000ffd80000,0x0000000100000000)
 ParOldGen       total 44032K, used 1594K [0x00000000fc000000, 0x00000000feb00000, 0x00000000feb00000)
  object space 44032K, 3% used [0x00000000fc000000,0x00000000fc18e820,0x00000000feb00000)
 Metaspace       used 6616K, capacity 6740K, committed 7040K, reserved 1056768K
  class space    used 773K, capacity 824K, committed 896K, reserved 1048576K
}
Event: 1.399 GC heap before
{Heap before GC invocations=2 (full 0):
 PSYoungGen      total 18944K, used 18937K [0x00000000feb00000, 0x0000000100000000, 0x0000000100000000)
  eden space 16384K, 100% used [0x00000000feb00000,0x00000000ffb00000,0x00000000ffb00000)
  from space 2560K, 99% used [0x00000000ffb00000,0x00000000ffd7e630,0x00000000ffd80000)
  to   space 2560K, 0% used [0x00000000ffd80000,0x00000000ffd80000,0x0000000100000000)
 ParOldGen       total 44032K, used 1594K [0x00000000fc000000, 0x00000000feb00000, 0x00000000feb00000)
  object space 44032K, 3% used [0x00000000fc000000,0x00000000fc18e820,0x00000000feb00000)
 Metaspace       used 6938K, capacity 7110K, committed 7296K, reserved 1056768K
  class space    used 814K, capacity 861K, committed 896K, reserved 1048576K
Event: 1.417 GC heap after
Heap after GC invocations=2 (full 0):
 PSYoungGen      total 18944K, used 2531K [0x00000000feb00000, 0x0000000100000000, 0x0000000100000000)
  eden space 16384K, 0% used [0x00000000feb00000,0x00000000feb00000,0x00000000ffb00000)
  from space 2560K, 98% used [0x00000000ffd80000,0x00000000ffff8e10,0x0000000100000000)
  to   space 2560K, 0% used [0x00000000ffb00000,0x00000000ffb00000,0x00000000ffd80000)
 ParOldGen       total 44032K, used 6007K [0x00000000fc000000, 0x00000000feb00000, 0x00000000feb00000)
  object space 44032K, 13% used [0x00000000fc000000,0x00000000fc5ddd08,0x00000000feb00000)
 Metaspace       used 6938K, capacity 7110K, committed 7296K, reserved 1056768K
  class space    used 814K, capacity 861K, committed 896K, reserved 1048576K
}

Deoptimization events (10 events):
Event: 1.111 Thread 0x0000000002ccd800 Uncommon trap: reason=unstable_if action=reinterpret pc=0x000000000301f548 method=java.util.HashMap$HashIterator.nextNode()Ljava/util/HashMap$Node; @ 74
Event: 1.209 Thread 0x0000000002ccd800 Uncommon trap: reason=unstable_if action=reinterpret pc=0x000000000301b508 method=java.util.HashMap$HashIterator.nextNode()Ljava/util/HashMap$Node; @ 74
Event: 1.358 Thread 0x0000000002ccd800 Uncommon trap: reason=unloaded action=reinterpret pc=0x00000000030088fc method=java.util.zip.ZipEntry.setExtra0([BZ)V @ 37
Event: 1.685 Thread 0x0000000002ccd800 Uncommon trap: reason=unstable_if action=reinterpret pc=0x00000000030af688 method=org.objectweb.asm.ClassReader.readUTF8(I[C)Ljava/lang/String; @ 7
Event: 1.687 Thread 0x0000000002ccd800 Uncommon trap: reason=unstable_if action=reinterpret pc=0x00000000030e2c18 method=java.lang.String.<init>([CII)V @ 18
Event: 1.698 Thread 0x0000000002ccd800 Uncommon trap: reason=unstable_if action=reinterpret pc=0x0000000002f7beb8 method=java.lang.String.<init>([CII)V @ 18
Event: 1.772 Thread 0x0000000002ccd800 Uncommon trap: reason=class_check action=maybe_recompile pc=0x0000000003112ba8 method=org.objectweb.asm.MethodVisitor.visitVarInsn(II)V @ 13
Event: 1.772 Thread 0x0000000002ccd800 Uncommon trap: reason=class_check action=maybe_recompile pc=0x0000000003112ba8 method=org.objectweb.asm.MethodVisitor.visitVarInsn(II)V @ 13
Event: 1.772 Thread 0x0000000002ccd800 Uncommon trap: reason=class_check action=maybe_recompile pc=0x0000000003112ba8 method=org.objectweb.asm.MethodVisitor.visitVarInsn(II)V @ 13
Event: 1.772 Thread 0x0000000002ccd800 Uncommon trap: reason=class_check action=maybe_recompile pc=0x0000000003112ba8 method=org.objectweb.asm.MethodVisitor.visitVarInsn(II)V @ 13

Classes redefined (0 events):
No events

Internal exceptions (10 events):
Event: 1.208 Thread 0x0000000002ccd800 Exception <a 'sun/nio/fs/WindowsException'> (0x00000000ff2186e0) thrown at [D:\src\AOSP-openjdk-cygwin\jdk8u\hotspot\src\share\vm\prims\jni.cpp, line 709]
Event: 1.208 Thread 0x0000000002ccd800 Exception <a 'sun/nio/fs/WindowsException'> (0x00000000ff218ca8) thrown at [D:\src\AOSP-openjdk-cygwin\jdk8u\hotspot\src\share\vm\prims\jni.cpp, line 709]
Event: 1.208 Thread 0x0000000002ccd800 Exception <a 'sun/nio/fs/WindowsException'> (0x00000000ff219468) thrown at [D:\src\AOSP-openjdk-cygwin\jdk8u\hotspot\src\share\vm\prims\jni.cpp, line 709]
Event: 1.208 Thread 0x0000000002ccd800 Exception <a 'sun/nio/fs/WindowsException'> (0x00000000ff219a08) thrown at [D:\src\AOSP-openjdk-cygwin\jdk8u\hotspot\src\share\vm\prims\jni.cpp, line 709]
Event: 1.208 Thread 0x0000000002ccd800 Exception <a 'sun/nio/fs/WindowsException'> (0x00000000ff21a1b8) thrown at [D:\src\AOSP-openjdk-cygwin\jdk8u\hotspot\src\share\vm\prims\jni.cpp, line 709]
Event: 1.225 Thread 0x0000000002ccd800 Exception <a 'sun/nio/fs/WindowsException'> (0x00000000ff21f4f8) thrown at [D:\src\AOSP-openjdk-cygwin\jdk8u\hotspot\src\share\vm\prims\jni.cpp, line 709]
Event: 1.425 Thread 0x0000000002ccd800 Exception <a 'sun/nio/fs/WindowsException'> (0x00000000feb8f800) thrown at [D:\src\AOSP-openjdk-cygwin\jdk8u\hotspot\src\share\vm\prims\jni.cpp, line 709]
Event: 1.425 Thread 0x0000000002ccd800 Exception <a 'sun/nio/fs/WindowsException'> (0x00000000feb8fd58) thrown at [D:\src\AOSP-openjdk-cygwin\jdk8u\hotspot\src\share\vm\prims\jni.cpp, line 709]
Event: 1.503 Thread 0x0000000002ccd800 Exception <a 'sun/nio/fs/WindowsException'> (0x00000000feb9b540) thrown at [D:\src\AOSP-openjdk-cygwin\jdk8u\hotspot\src\share\vm\prims\jni.cpp, line 709]
Event: 1.503 Thread 0x0000000002ccd800 Exception <a 'sun/nio/fs/WindowsException'> (0x00000000feb9ba18) thrown at [D:\src\AOSP-openjdk-cygwin\jdk8u\hotspot\src\share\vm\prims\jni.cpp, line 709]

Events (10 events):
Event: 1.772 Thread 0x0000000002ccd800 DEOPT UNPACKING pc=0x0000000002e1556a sp=0x0000000002c8edc0 mode 2
Event: 1.772 Thread 0x0000000002ccd800 Uncommon trap: trap_request=0xffffffde fr.pc=0x0000000003112ba8
Event: 1.772 Thread 0x0000000002ccd800 DEOPT PACKING pc=0x0000000003112ba8 sp=0x0000000002c8ee10
Event: 1.772 Thread 0x0000000002ccd800 DEOPT UNPACKING pc=0x0000000002e1556a sp=0x0000000002c8edc0 mode 2
Event: 1.772 Thread 0x0000000002ccd800 Uncommon trap: trap_request=0xffffffde fr.pc=0x0000000003112ba8
Event: 1.772 Thread 0x0000000002ccd800 DEOPT PACKING pc=0x0000000003112ba8 sp=0x0000000002c8ee10
Event: 1.772 Thread 0x0000000002ccd800 DEOPT UNPACKING pc=0x0000000002e1556a sp=0x0000000002c8edc0 mode 2
Event: 1.772 Thread 0x0000000002ccd800 Uncommon trap: trap_request=0xffffffde fr.pc=0x0000000003112ba8
Event: 1.772 Thread 0x0000000002ccd800 DEOPT PACKING pc=0x0000000003112ba8 sp=0x0000000002c8ee10
Event: 1.772 Thread 0x0000000002ccd800 DEOPT UNPACKING pc=0x0000000002e1556a sp=0x0000000002c8edc0 mode 2


Dynamic libraries:
0x00007ff647a40000 - 0x00007ff647a71000 	C:\Program Files\Android\Android Studio\jre\bin\java.exe
0x00007ffba9340000 - 0x00007ffba9521000 	C:\WINDOWS\SYSTEM32\ntdll.dll
0x00007ffba6ca0000 - 0x00007ffba6d52000 	C:\WINDOWS\System32\KERNEL32.DLL
0x00007ffba6070000 - 0x00007ffba62e3000 	C:\WINDOWS\System32\KERNELBASE.dll
0x00007ffba9260000 - 0x00007ffba9301000 	C:\WINDOWS\System32\ADVAPI32.dll
0x00007ffba77b0000 - 0x00007ffba784e000 	C:\WINDOWS\System32\msvcrt.dll
0x00007ffba71b0000 - 0x00007ffba720b000 	C:\WINDOWS\System32\sechost.dll
0x00007ffba7580000 - 0x00007ffba76a4000 	C:\WINDOWS\System32\RPCRT4.dll
0x00007ffba7ac0000 - 0x00007ffba7c50000 	C:\WINDOWS\System32\USER32.dll
0x00007ffba5790000 - 0x00007ffba57b0000 	C:\WINDOWS\System32\win32u.dll
0x00007ffba67e0000 - 0x00007ffba6808000 	C:\WINDOWS\System32\GDI32.dll
0x00007ffba6530000 - 0x00007ffba66c2000 	C:\WINDOWS\System32\gdi32full.dll
0x00007ffba5fd0000 - 0x00007ffba606f000 	C:\WINDOWS\System32\msvcp_win.dll
0x00007ffba66d0000 - 0x00007ffba67ca000 	C:\WINDOWS\System32\ucrtbase.dll
0x00007ffb93ad0000 - 0x00007ffb93d39000 	C:\WINDOWS\WinSxS\amd64_microsoft.windows.common-controls_6595b64144ccf1df_6.0.17134.48_none_b4b2216a3cb4dd3e\COMCTL32.dll
0x00007ffba6810000 - 0x00007ffba6b33000 	C:\WINDOWS\System32\combase.dll
0x00007ffba5710000 - 0x00007ffba578a000 	C:\WINDOWS\System32\bcryptPrimitives.dll
0x00007ffba9090000 - 0x00007ffba90bd000 	C:\WINDOWS\System32\IMM32.DLL
0x00000000681c0000 - 0x0000000068292000 	C:\Program Files\Android\Android Studio\jre\jre\bin\msvcr100.dll
0x0000000066c10000 - 0x000000006744e000 	C:\Program Files\Android\Android Studio\jre\jre\bin\server\jvm.dll
0x00007ffba91d0000 - 0x00007ffba91d8000 	C:\WINDOWS\System32\PSAPI.DLL
0x00007ffba1580000 - 0x00007ffba1589000 	C:\WINDOWS\SYSTEM32\WSOCK32.dll
0x00007ffba7510000 - 0x00007ffba757c000 	C:\WINDOWS\System32\WS2_32.dll
0x00007ffb95780000 - 0x00007ffb957a3000 	C:\WINDOWS\SYSTEM32\WINMM.dll
0x00007ffb9d7c0000 - 0x00007ffb9d7ca000 	C:\WINDOWS\SYSTEM32\VERSION.dll
0x00007ffb95570000 - 0x00007ffb9559a000 	C:\WINDOWS\SYSTEM32\WINMMBASE.dll
0x00007ffba64e0000 - 0x00007ffba6529000 	C:\WINDOWS\System32\cfgmgr32.dll
0x00007ffba1570000 - 0x00007ffba157f000 	C:\Program Files\Android\Android Studio\jre\jre\bin\verify.dll
0x00007ffb9d960000 - 0x00007ffb9d989000 	C:\Program Files\Android\Android Studio\jre\jre\bin\java.dll
0x00007ffba1550000 - 0x00007ffba1566000 	C:\Program Files\Android\Android Studio\jre\jre\bin\zip.dll
0x00007ffba7c50000 - 0x00007ffba9090000 	C:\WINDOWS\System32\SHELL32.dll
0x00007ffba9120000 - 0x00007ffba91c9000 	C:\WINDOWS\System32\shcore.dll
0x00007ffba58c0000 - 0x00007ffba5fcd000 	C:\WINDOWS\System32\windows.storage.dll
0x00007ffba90c0000 - 0x00007ffba9111000 	C:\WINDOWS\System32\shlwapi.dll
0x00007ffba5680000 - 0x00007ffba5691000 	C:\WINDOWS\System32\kernel.appcore.dll
0x00007ffba56f0000 - 0x00007ffba570f000 	C:\WINDOWS\System32\profapi.dll
0x00007ffba56a0000 - 0x00007ffba56ec000 	C:\WINDOWS\System32\powrprof.dll
0x00007ffba5650000 - 0x00007ffba565a000 	C:\WINDOWS\System32\FLTLIB.DLL
0x00007ffba5080000 - 0x00007ffba5097000 	C:\WINDOWS\SYSTEM32\CRYPTSP.dll
0x00007ffba4ab0000 - 0x00007ffba4ae3000 	C:\WINDOWS\system32\rsaenh.dll
0x00007ffba51b0000 - 0x00007ffba51d5000 	C:\WINDOWS\SYSTEM32\bcrypt.dll
0x00007ffba5580000 - 0x00007ffba55a8000 	C:\WINDOWS\SYSTEM32\USERENV.dll
0x00007ffba50a0000 - 0x00007ffba50ab000 	C:\WINDOWS\SYSTEM32\CRYPTBASE.dll
0x00007ffb9deb0000 - 0x00007ffb9deca000 	C:\Program Files\Android\Android Studio\jre\jre\bin\net.dll
0x00007ffba4ed0000 - 0x00007ffba4f36000 	C:\WINDOWS\system32\mswsock.dll
0x00007ffba4c50000 - 0x00007ffba4c88000 	C:\WINDOWS\SYSTEM32\IPHLPAPI.DLL
0x00007ffba7430000 - 0x00007ffba7438000 	C:\WINDOWS\System32\NSI.dll
0x00007ffb9a1f0000 - 0x00007ffb9a206000 	C:\WINDOWS\SYSTEM32\dhcpcsvc6.DLL
0x00007ffb9a120000 - 0x00007ffb9a13a000 	C:\WINDOWS\SYSTEM32\dhcpcsvc.DLL
0x00007ffb9d220000 - 0x00007ffb9d231000 	C:\Program Files\Android\Android Studio\jre\jre\bin\nio.dll

VM Arguments:
jvm_args: -Djava.awt.headless=true -Xmx64M -Dfile.encoding=x-windows-949 -Duser.country=KR -Duser.language=ko -Duser.variant 
java_command: com.google.devtools.build.android.desugar.Desugar @D:\test\app\build\intermediates\tmp\desugar_args5745376420934178994
java_class_path (initial): C:\Users\Goo\AppData\Local\Temp\desugar_deploy.jar5019570292443513416
Launcher Type: SUN_STANDARD

Environment Variables:
PATH=C:\ProgramData\Oracle\Java\javapath;C:\WINDOWS\system32;C:\WINDOWS;C:\WINDOWS\System32\Wbem;C:\WINDOWS\System32\WindowsPowerShell\v1.0\;C:\OpenSSL;;C:\WINDOWS\System32\OpenSSH\;C:\Users\Goo\AppData\Local\Microsoft\WindowsApps;
USERNAME=Goo
OS=Windows_NT
PROCESSOR_IDENTIFIER=Intel64 Family 6 Model 158 Stepping 9, GenuineIntel



---------------  S Y S T E M  ---------------

OS: Windows 10.0 , 64 bit Build 17134 (10.0.17134.1)

CPU:total 8 (initial active 8) (4 cores per cpu, 2 threads per core) family 6 model 158 stepping 9, cmov, cx8, fxsr, mmx, sse, sse2, sse3, ssse3, sse4.1, sse4.2, popcnt, avx, avx2, aes, clmul, erms, 3dnowpref, lzcnt, ht, tsc, tscinvbit, bmi1, bmi2, adx

Memory: 4k page, physical 16692940k(4625336k free), swap 16692940k(8480k free)

vm_info: OpenJDK 64-Bit Server VM (25.152-b01) for windows-amd64 JRE (1.8.0_152-release-915-b01), built by "builder" with MS VC++ 10.0 (VS2010)

time: Fri Jun 01 06:15:11 2018
elapsed time: 2 seconds (0d 0h 0m 2s)

