#
# There is insufficient memory for the Java Runtime Environment to continue.
# Native memory allocation (malloc) failed to allocate 32784 bytes for Chunk::new
# Possible reasons:
#   The system is out of physical RAM or swap space
#   In 32 bit mode, the process size limit was hit
# Possible solutions:
#   Reduce memory load on the system
#   Increase physical memory or swap space
#   Check if swap backing store is full
#   Use 64 bit Java on a 64 bit OS
#   Decrease Java heap size (-Xmx/-Xms)
#   Decrease number of Java threads
#   Decrease Java thread stack sizes (-Xss)
#   Set larger code cache with -XX:ReservedCodeCacheSize=
# This output file may be truncated or incomplete.
#
#  Out of Memory Error (allocation.cpp:390), pid=1860, tid=0x0000000000000e94
#
# JRE version: OpenJDK Runtime Environment (8.0_152-b01) (build 1.8.0_152-release-915-b01)
# Java VM: OpenJDK 64-Bit Server VM (25.152-b01 mixed mode windows-amd64 compressed oops)
# Failed to write core dump. Minidumps are not enabled by default on client versions of Windows
#

---------------  T H R E A D  ---------------

Current thread (0x00000000152b1800):  JavaThread "C2 CompilerThread0" daemon [_thread_in_native, id=3732, stack(0x0000000015a10000,0x0000000015b10000)]

Stack: [0x0000000015a10000,0x0000000015b10000]
[error occurred during error reporting (printing stack bounds), id 0xc0000005]

Native frames: (J=compiled Java code, j=interpreted, Vv=VM code, C=native code)


Current CompileTask:
C2:   2536 1196       4       org.objectweb.asm.tree.MethodInsnNode::accept (30 bytes)


---------------  P R O C E S S  ---------------

Java Threads: ( => current thread )
  0x000000001538e000 JavaThread "Service Thread" daemon [_thread_blocked, id=6864, stack(0x0000000015e10000,0x0000000015f10000)]
  0x000000001533d000 JavaThread "C1 CompilerThread3" daemon [_thread_in_native, id=10852, stack(0x0000000015d10000,0x0000000015e10000)]
  0x0000000015306000 JavaThread "C2 CompilerThread2" daemon [_thread_in_native, id=9260, stack(0x0000000015c10000,0x0000000015d10000)]
  0x000000001338c000 JavaThread "C2 CompilerThread1" daemon [_thread_in_native, id=5824, stack(0x0000000015b10000,0x0000000015c10000)]
=>0x00000000152b1800 JavaThread "C2 CompilerThread0" daemon [_thread_in_native, id=3732, stack(0x0000000015a10000,0x0000000015b10000)]
  0x00000000152b0800 JavaThread "Attach Listener" daemon [_thread_blocked, id=13116, stack(0x0000000015910000,0x0000000015a10000)]
  0x0000000015300800 JavaThread "Signal Dispatcher" daemon [_thread_blocked, id=7008, stack(0x0000000015810000,0x0000000015910000)]
  0x0000000015290800 JavaThread "Finalizer" daemon [_thread_blocked, id=11316, stack(0x0000000015670000,0x0000000015770000)]
  0x0000000002b57000 JavaThread "Reference Handler" daemon [_thread_blocked, id=6460, stack(0x0000000015170000,0x0000000015270000)]
  0x000000000295d800 JavaThread "main" [_thread_in_Java, id=2232, stack(0x0000000002960000,0x0000000002a60000)]

Other Threads:
  0x0000000013375800 VMThread [stack: 0x0000000015070000,0x0000000015170000] [id=8768]
  0x000000001538f000 WatcherThread [stack: 0x0000000015f10000,0x0000000016010000] [id=5240]

VM state:not at safepoint (normal execution)

VM Mutex/Monitor currently owned by a thread: None

Heap:
 PSYoungGen      total 18944K, used 3181K [0x00000000feb00000, 0x0000000100000000, 0x0000000100000000)
  eden space 16384K, 3% used [0x00000000feb00000,0x00000000feba2b20,0x00000000ffb00000)
  from space 2560K, 98% used [0x00000000ffd80000,0x00000000ffff8ae0,0x0000000100000000)
  to   space 2560K, 0% used [0x00000000ffb00000,0x00000000ffb00000,0x00000000ffd80000)
 ParOldGen       total 44032K, used 7122K [0x00000000fc000000, 0x00000000feb00000, 0x00000000feb00000)
  object space 44032K, 16% used [0x00000000fc000000,0x00000000fc6f4ab0,0x00000000feb00000)
 Metaspace       used 7790K, capacity 7970K, committed 8192K, reserved 1056768K
  class space    used 878K, capacity 957K, committed 1024K, reserved 1048576K

Card table byte_map: [0x0000000011f20000,0x0000000011f50000] byte_map_base: 0x0000000011740000

Marking Bits: (ParMarkBitMap*) 0x00000000677e3950
 Begin Bits: [0x0000000012770000, 0x0000000012870000)
 End Bits:   [0x0000000012870000, 0x0000000012970000)

Polling page: 0x0000000000c90000

CodeCache: size=245760Kb used=4384Kb max_used=4384Kb free=241375Kb
 bounds [0x0000000002b60000, 0x0000000002fb0000, 0x0000000011b60000]
 total_blobs=1533 nmethods=1198 adapters=248
 compilation: enabled

Compilation events (10 events):
Event: 2.355 Thread 0x00000000152b1800 nmethod 1187 0x0000000002f971d0 code [0x0000000002f97320, 0x0000000002f97498]
Event: 2.355 Thread 0x00000000152b1800 1196       4       org.objectweb.asm.tree.MethodInsnNode::accept (30 bytes)
Event: 2.374 Thread 0x000000001533d000 1200       3       org.objectweb.asm.MethodVisitor::visitParameterAnnotation (20 bytes)
Event: 2.375 Thread 0x000000001533d000 nmethod 1200 0x0000000002f99150 code [0x0000000002f992c0, 0x0000000002f99528]
Event: 2.376 Thread 0x000000001533d000 1201       3       org.objectweb.asm.tree.MethodNode::accept (916 bytes)
Event: 2.533 Thread 0x000000001533d000 nmethod 1201 0x0000000002fa70d0 code [0x0000000002fa77e0, 0x0000000002fac548]
Event: 2.533 Thread 0x000000001533d000 1203       3       org.objectweb.asm.tree.LocalVariableNode::accept (35 bytes)
Event: 2.533 Thread 0x000000001533d000 nmethod 1203 0x0000000002f985d0 code [0x0000000002f98780, 0x0000000002f98da8]
Event: 2.533 Thread 0x000000001533d000 1204       3       org.objectweb.asm.ClassWriter::visitSource (36 bytes)
Event: 2.534 Thread 0x000000001533d000 nmethod 1204 0x0000000002fa6950 code [0x0000000002fa6ae0, 0x0000000002fa6f38]

GC Heap History (8 events):
Event: 0.936 GC heap before
{Heap before GC invocations=1 (full 0):
 PSYoungGen      total 18944K, used 16384K [0x00000000feb00000, 0x0000000100000000, 0x0000000100000000)
  eden space 16384K, 100% used [0x00000000feb00000,0x00000000ffb00000,0x00000000ffb00000)
  from space 2560K, 0% used [0x00000000ffd80000,0x00000000ffd80000,0x0000000100000000)
  to   space 2560K, 0% used [0x00000000ffb00000,0x00000000ffb00000,0x00000000ffd80000)
 ParOldGen       total 44032K, used 0K [0x00000000fc000000, 0x00000000feb00000, 0x00000000feb00000)
  object space 44032K, 0% used [0x00000000fc000000,0x00000000fc000000,0x00000000feb00000)
 Metaspace       used 6613K, capacity 6736K, committed 7040K, reserved 1056768K
  class space    used 774K, capacity 824K, committed 896K, reserved 1048576K
Event: 0.961 GC heap after
Heap after GC invocations=1 (full 0):
 PSYoungGen      total 18944K, used 2537K [0x00000000feb00000, 0x0000000100000000, 0x0000000100000000)
  eden space 16384K, 0% used [0x00000000feb00000,0x00000000feb00000,0x00000000ffb00000)
  from space 2560K, 99% used [0x00000000ffb00000,0x00000000ffd7a620,0x00000000ffd80000)
  to   space 2560K, 0% used [0x00000000ffd80000,0x00000000ffd80000,0x0000000100000000)
 ParOldGen       total 44032K, used 1526K [0x00000000fc000000, 0x00000000feb00000, 0x00000000feb00000)
  object space 44032K, 3% used [0x00000000fc000000,0x00000000fc17d828,0x00000000feb00000)
 Metaspace       used 6613K, capacity 6736K, committed 7040K, reserved 1056768K
  class space    used 774K, capacity 824K, committed 896K, reserved 1048576K
}
Event: 1.333 GC heap before
{Heap before GC invocations=2 (full 0):
 PSYoungGen      total 18944K, used 18921K [0x00000000feb00000, 0x0000000100000000, 0x0000000100000000)
  eden space 16384K, 100% used [0x00000000feb00000,0x00000000ffb00000,0x00000000ffb00000)
  from space 2560K, 99% used [0x00000000ffb00000,0x00000000ffd7a620,0x00000000ffd80000)
  to   space 2560K, 0% used [0x00000000ffd80000,0x00000000ffd80000,0x0000000100000000)
 ParOldGen       total 44032K, used 1526K [0x00000000fc000000, 0x00000000feb00000, 0x00000000feb00000)
  object space 44032K, 3% used [0x00000000fc000000,0x00000000fc17d828,0x00000000feb00000)
 Metaspace       used 6959K, capacity 7106K, committed 7296K, reserved 1056768K
  class space    used 816K, capacity 861K, committed 896K, reserved 1048576K
Event: 1.341 GC heap after
Heap after GC invocations=2 (full 0):
 PSYoungGen      total 18944K, used 2547K [0x00000000feb00000, 0x0000000100000000, 0x0000000100000000)
  eden space 16384K, 0% used [0x00000000feb00000,0x00000000feb00000,0x00000000ffb00000)
  from space 2560K, 99% used [0x00000000ffd80000,0x00000000ffffce20,0x0000000100000000)
  to   space 2560K, 0% used [0x00000000ffb00000,0x00000000ffb00000,0x00000000ffd80000)
 ParOldGen       total 44032K, used 5995K [0x00000000fc000000, 0x00000000feb00000, 0x00000000feb00000)
  object space 44032K, 13% used [0x00000000fc000000,0x00000000fc5dad10,0x00000000feb00000)
 Metaspace       used 6959K, capacity 7106K, committed 7296K, reserved 1056768K
  class space    used 816K, capacity 861K, committed 896K, reserved 1048576K
}
Event: 1.961 GC heap before
{Heap before GC invocations=3 (full 0):
 PSYoungGen      total 18944K, used 18931K [0x00000000feb00000, 0x0000000100000000, 0x0000000100000000)
  eden space 16384K, 100% used [0x00000000feb00000,0x00000000ffb00000,0x00000000ffb00000)
  from space 2560K, 99% used [0x00000000ffd80000,0x00000000ffffce20,0x0000000100000000)
  to   space 2560K, 0% used [0x00000000ffb00000,0x00000000ffb00000,0x00000000ffd80000)
 ParOldGen       total 44032K, used 5995K [0x00000000fc000000, 0x00000000feb00000, 0x00000000feb00000)
  object space 44032K, 13% used [0x00000000fc000000,0x00000000fc5dad10,0x00000000feb00000)
 Metaspace       used 7694K, capacity 7842K, committed 7936K, reserved 1056768K
  class space    used 875K, capacity 957K, committed 1024K, reserved 1048576K
Event: 2.239 GC heap after
Heap after GC invocations=3 (full 0):
 PSYoungGen      total 18944K, used 2546K [0x00000000feb00000, 0x0000000100000000, 0x0000000100000000)
  eden space 16384K, 0% used [0x00000000feb00000,0x00000000feb00000,0x00000000ffb00000)
  from space 2560K, 99% used [0x00000000ffb00000,0x00000000ffd7caf0,0x00000000ffd80000)
  to   space 2560K, 0% used [0x00000000ffd80000,0x00000000ffd80000,0x0000000100000000)
 ParOldGen       total 44032K, used 7002K [0x00000000fc000000, 0x00000000feb00000, 0x00000000feb00000)
  object space 44032K, 15% used [0x00000000fc000000,0x00000000fc6d6ab0,0x00000000feb00000)
 Metaspace       used 7694K, capacity 7842K, committed 7936K, reserved 1056768K
  class space    used 875K, capacity 957K, committed 1024K, reserved 1048576K
}
Event: 2.384 GC heap before
{Heap before GC invocations=4 (full 0):
 PSYoungGen      total 18944K, used 18930K [0x00000000feb00000, 0x0000000100000000, 0x0000000100000000)
  eden space 16384K, 100% used [0x00000000feb00000,0x00000000ffb00000,0x00000000ffb00000)
  from space 2560K, 99% used [0x00000000ffb00000,0x00000000ffd7caf0,0x00000000ffd80000)
  to   space 2560K, 0% used [0x00000000ffd80000,0x00000000ffd80000,0x0000000100000000)
 ParOldGen       total 44032K, used 7002K [0x00000000fc000000, 0x00000000feb00000, 0x00000000feb00000)
  object space 44032K, 15% used [0x00000000fc000000,0x00000000fc6d6ab0,0x00000000feb00000)
 Metaspace       used 7789K, capacity 7970K, committed 8192K, reserved 1056768K
  class space    used 878K, capacity 957K, committed 1024K, reserved 1048576K
Event: 2.532 GC heap after
Heap after GC invocations=4 (full 0):
 PSYoungGen      total 18944K, used 2530K [0x00000000feb00000, 0x0000000100000000, 0x0000000100000000)
  eden space 16384K, 0% used [0x00000000feb00000,0x00000000feb00000,0x00000000ffb00000)
  from space 2560K, 98% used [0x00000000ffd80000,0x00000000ffff8ae0,0x0000000100000000)
  to   space 2560K, 0% used [0x00000000ffb00000,0x00000000ffb00000,0x00000000ffd80000)
 ParOldGen       total 44032K, used 7122K [0x00000000fc000000, 0x00000000feb00000, 0x00000000feb00000)
  object space 44032K, 16% used [0x00000000fc000000,0x00000000fc6f4ab0,0x00000000feb00000)
 Metaspace       used 7789K, capacity 7970K, committed 8192K, reserved 1056768K
  class space    used 878K, capacity 957K, committed 1024K, reserved 1048576K
}

Deoptimization events (10 events):
Event: 2.342 Thread 0x000000000295d800 Uncommon trap: reason=bimorphic action=maybe_recompile pc=0x0000000002f7fcb0 method=org.objectweb.asm.MethodVisitor.visitLabel(Lorg/objectweb/asm/Label;)V @ 12
Event: 2.342 Thread 0x000000000295d800 Uncommon trap: reason=bimorphic action=maybe_recompile pc=0x0000000002f25f28 method=org.objectweb.asm.MethodVisitor.visitInsn(I)V @ 12
Event: 2.342 Thread 0x000000000295d800 Uncommon trap: reason=bimorphic action=maybe_recompile pc=0x0000000002f4c5d0 method=org.objectweb.asm.tree.MethodInsnNode.accept(Lorg/objectweb/asm/MethodVisitor;)V @ 21
Event: 2.342 Thread 0x000000000295d800 Uncommon trap: reason=bimorphic action=maybe_recompile pc=0x0000000002f4c5d0 method=org.objectweb.asm.tree.MethodInsnNode.accept(Lorg/objectweb/asm/MethodVisitor;)V @ 21
Event: 2.342 Thread 0x000000000295d800 Uncommon trap: reason=bimorphic action=maybe_recompile pc=0x0000000002f4c5d0 method=org.objectweb.asm.tree.MethodInsnNode.accept(Lorg/objectweb/asm/MethodVisitor;)V @ 21
Event: 2.349 Thread 0x000000000295d800 Uncommon trap: reason=bimorphic action=maybe_recompile pc=0x0000000002f2b6c0 method=org.objectweb.asm.MethodVisitor.visitMethodInsn(ILjava/lang/String;Ljava/lang/String;Ljava/lang/String;Z)V @ 64
Event: 2.349 Thread 0x000000000295d800 Uncommon trap: reason=bimorphic action=maybe_recompile pc=0x0000000002ede488 method=org.objectweb.asm.MethodVisitor.visitInsn(I)V @ 12
Event: 2.349 Thread 0x000000000295d800 Uncommon trap: reason=bimorphic action=maybe_recompile pc=0x0000000002f4c5d0 method=org.objectweb.asm.tree.MethodInsnNode.accept(Lorg/objectweb/asm/MethodVisitor;)V @ 21
Event: 2.355 Thread 0x000000000295d800 Uncommon trap: reason=bimorphic action=maybe_recompile pc=0x0000000002f9e6e0 method=org.objectweb.asm.MethodVisitor.visitFieldInsn(ILjava/lang/String;Ljava/lang/String;Ljava/lang/String;)V @ 16
Event: 2.355 Thread 0x000000000295d800 Uncommon trap: reason=bimorphic action=maybe_recompile pc=0x0000000002f9e6e0 method=org.objectweb.asm.MethodVisitor.visitFieldInsn(ILjava/lang/String;Ljava/lang/String;Ljava/lang/String;)V @ 16

Classes redefined (0 events):
No events

Internal exceptions (10 events):
Event: 1.519 Thread 0x000000000295d800 Exception <a 'sun/nio/fs/WindowsException'> (0x00000000feb96e50) thrown at [D:\src\AOSP-openjdk-cygwin\jdk8u\hotspot\src\share\vm\prims\jni.cpp, line 709]
Event: 1.527 Thread 0x000000000295d800 Exception <a 'sun/nio/fs/WindowsException'> (0x00000000feb9a310) thrown at [D:\src\AOSP-openjdk-cygwin\jdk8u\hotspot\src\share\vm\prims\jni.cpp, line 709]
Event: 1.527 Thread 0x000000000295d800 Exception <a 'sun/nio/fs/WindowsException'> (0x00000000feb9a7e8) thrown at [D:\src\AOSP-openjdk-cygwin\jdk8u\hotspot\src\share\vm\prims\jni.cpp, line 709]
Event: 1.627 Thread 0x000000000295d800 Exception <a 'sun/nio/fs/WindowsException'> (0x00000000fed256a0) thrown at [D:\src\AOSP-openjdk-cygwin\jdk8u\hotspot\src\share\vm\prims\jni.cpp, line 709]
Event: 1.629 Thread 0x000000000295d800 Exception <a 'sun/nio/fs/WindowsException'> (0x00000000fed25b78) thrown at [D:\src\AOSP-openjdk-cygwin\jdk8u\hotspot\src\share\vm\prims\jni.cpp, line 709]
Event: 1.825 Thread 0x000000000295d800 Implicit null exception at 0x0000000002f24caa to 0x0000000002f24f79
Event: 2.272 Thread 0x000000000295d800 Exception <a 'sun/nio/fs/WindowsException'> (0x00000000fec99370) thrown at [D:\src\AOSP-openjdk-cygwin\jdk8u\hotspot\src\share\vm\prims\jni.cpp, line 709]
Event: 2.272 Thread 0x000000000295d800 Exception <a 'sun/nio/fs/WindowsException'> (0x00000000fec99848) thrown at [D:\src\AOSP-openjdk-cygwin\jdk8u\hotspot\src\share\vm\prims\jni.cpp, line 709]
Event: 2.301 Thread 0x000000000295d800 Exception <a 'sun/nio/fs/WindowsException'> (0x00000000feeabc98) thrown at [D:\src\AOSP-openjdk-cygwin\jdk8u\hotspot\src\share\vm\prims\jni.cpp, line 709]
Event: 2.301 Thread 0x000000000295d800 Exception <a 'sun/nio/fs/WindowsException'> (0x00000000feeac170) thrown at [D:\src\AOSP-openjdk-cygwin\jdk8u\hotspot\src\share\vm\prims\jni.cpp, line 709]

Events (10 events):
Event: 2.355 Thread 0x000000000295d800 Uncommon trap: trap_request=0xffffffc6 fr.pc=0x0000000002f9e6e0
Event: 2.355 Thread 0x000000000295d800 DEOPT PACKING pc=0x0000000002f9e6e0 sp=0x0000000002a5ee20
Event: 2.355 Thread 0x000000000295d800 DEOPT UNPACKING pc=0x0000000002ba556a sp=0x0000000002a5edf0 mode 2
Event: 2.355 Thread 0x000000000295d800 Uncommon trap: trap_request=0xffffffc6 fr.pc=0x0000000002f9e6e0
Event: 2.355 Thread 0x000000000295d800 DEOPT PACKING pc=0x0000000002f9e6e0 sp=0x0000000002a5ee20
Event: 2.355 Thread 0x000000000295d800 DEOPT UNPACKING pc=0x0000000002ba556a sp=0x0000000002a5edf0 mode 2
Event: 2.376 Thread 0x000000000295d800 DEOPT PACKING pc=0x0000000002e962ee sp=0x0000000002a5ef20
Event: 2.376 Thread 0x000000000295d800 DEOPT UNPACKING pc=0x0000000002ba75bf sp=0x0000000002a5ed00 mode 0
Event: 2.383 Executing VM operation: ParallelGCFailedAllocation
Event: 2.532 Executing VM operation: ParallelGCFailedAllocation done


Dynamic libraries:
0x00007ff708150000 - 0x00007ff708181000 	C:\Program Files\Android\Android Studio\jre\bin\java.exe
0x00007ffba9340000 - 0x00007ffba9521000 	C:\WINDOWS\SYSTEM32\ntdll.dll
0x00007ffba6ca0000 - 0x00007ffba6d52000 	C:\WINDOWS\System32\KERNEL32.DLL
0x00007ffba6070000 - 0x00007ffba62e3000 	C:\WINDOWS\System32\KERNELBASE.dll
0x00007ffba9260000 - 0x00007ffba9301000 	C:\WINDOWS\System32\ADVAPI32.dll
0x00007ffba77b0000 - 0x00007ffba784e000 	C:\WINDOWS\System32\msvcrt.dll
0x00007ffba71b0000 - 0x00007ffba720b000 	C:\WINDOWS\System32\sechost.dll
0x00007ffba7580000 - 0x00007ffba76a4000 	C:\WINDOWS\System32\RPCRT4.dll
0x00007ffba7ac0000 - 0x00007ffba7c50000 	C:\WINDOWS\System32\USER32.dll
0x00007ffba5790000 - 0x00007ffba57b0000 	C:\WINDOWS\System32\win32u.dll
0x00007ffba67e0000 - 0x00007ffba6808000 	C:\WINDOWS\System32\GDI32.dll
0x00007ffba6530000 - 0x00007ffba66c2000 	C:\WINDOWS\System32\gdi32full.dll
0x00007ffba5fd0000 - 0x00007ffba606f000 	C:\WINDOWS\System32\msvcp_win.dll
0x00007ffba66d0000 - 0x00007ffba67ca000 	C:\WINDOWS\System32\ucrtbase.dll
0x00007ffb93ad0000 - 0x00007ffb93d39000 	C:\WINDOWS\WinSxS\amd64_microsoft.windows.common-controls_6595b64144ccf1df_6.0.17134.48_none_b4b2216a3cb4dd3e\COMCTL32.dll
0x00007ffba6810000 - 0x00007ffba6b33000 	C:\WINDOWS\System32\combase.dll
0x00007ffba5710000 - 0x00007ffba578a000 	C:\WINDOWS\System32\bcryptPrimitives.dll
0x00007ffba9090000 - 0x00007ffba90bd000 	C:\WINDOWS\System32\IMM32.DLL
0x0000000067b70000 - 0x0000000067c42000 	C:\Program Files\Android\Android Studio\jre\jre\bin\msvcr100.dll
0x0000000067020000 - 0x000000006785e000 	C:\Program Files\Android\Android Studio\jre\jre\bin\server\jvm.dll
0x00007ffba91d0000 - 0x00007ffba91d8000 	C:\WINDOWS\System32\PSAPI.DLL
0x00007ffba39e0000 - 0x00007ffba39e9000 	C:\WINDOWS\SYSTEM32\WSOCK32.dll
0x00007ffba7510000 - 0x00007ffba757c000 	C:\WINDOWS\System32\WS2_32.dll
0x00007ffb95780000 - 0x00007ffb957a3000 	C:\WINDOWS\SYSTEM32\WINMM.dll
0x00007ffb9d7c0000 - 0x00007ffb9d7ca000 	C:\WINDOWS\SYSTEM32\VERSION.dll
0x00007ffb95570000 - 0x00007ffb9559a000 	C:\WINDOWS\SYSTEM32\WINMMBASE.dll
0x00007ffba64e0000 - 0x00007ffba6529000 	C:\WINDOWS\System32\cfgmgr32.dll
0x00007ffba0860000 - 0x00007ffba086f000 	C:\Program Files\Android\Android Studio\jre\jre\bin\verify.dll
0x00007ffb9d7f0000 - 0x00007ffb9d819000 	C:\Program Files\Android\Android Studio\jre\jre\bin\java.dll
0x00007ffba0840000 - 0x00007ffba0856000 	C:\Program Files\Android\Android Studio\jre\jre\bin\zip.dll
0x00007ffba7c50000 - 0x00007ffba9090000 	C:\WINDOWS\System32\SHELL32.dll
0x00007ffba9120000 - 0x00007ffba91c9000 	C:\WINDOWS\System32\shcore.dll
0x00007ffba58c0000 - 0x00007ffba5fcd000 	C:\WINDOWS\System32\windows.storage.dll
0x00007ffba90c0000 - 0x00007ffba9111000 	C:\WINDOWS\System32\shlwapi.dll
0x00007ffba5680000 - 0x00007ffba5691000 	C:\WINDOWS\System32\kernel.appcore.dll
0x00007ffba56f0000 - 0x00007ffba570f000 	C:\WINDOWS\System32\profapi.dll
0x00007ffba56a0000 - 0x00007ffba56ec000 	C:\WINDOWS\System32\powrprof.dll
0x00007ffba5650000 - 0x00007ffba565a000 	C:\WINDOWS\System32\FLTLIB.DLL
0x00007ffba5080000 - 0x00007ffba5097000 	C:\WINDOWS\SYSTEM32\CRYPTSP.dll
0x00007ffba4ab0000 - 0x00007ffba4ae3000 	C:\WINDOWS\system32\rsaenh.dll
0x00007ffba51b0000 - 0x00007ffba51d5000 	C:\WINDOWS\SYSTEM32\bcrypt.dll
0x00007ffba5580000 - 0x00007ffba55a8000 	C:\WINDOWS\SYSTEM32\USERENV.dll
0x00007ffba50a0000 - 0x00007ffba50ab000 	C:\WINDOWS\SYSTEM32\CRYPTBASE.dll
0x00007ffb9e480000 - 0x00007ffb9e49a000 	C:\Program Files\Android\Android Studio\jre\jre\bin\net.dll
0x00007ffba4ed0000 - 0x00007ffba4f36000 	C:\WINDOWS\system32\mswsock.dll
0x00007ffba4c50000 - 0x00007ffba4c88000 	C:\WINDOWS\SYSTEM32\IPHLPAPI.DLL
0x00007ffba7430000 - 0x00007ffba7438000 	C:\WINDOWS\System32\NSI.dll
0x00007ffb9a1f0000 - 0x00007ffb9a206000 	C:\WINDOWS\SYSTEM32\dhcpcsvc6.DLL
0x00007ffb9a120000 - 0x00007ffb9a13a000 	C:\WINDOWS\SYSTEM32\dhcpcsvc.DLL
0x00007ffb9d970000 - 0x00007ffb9d981000 	C:\Program Files\Android\Android Studio\jre\jre\bin\nio.dll

VM Arguments:
jvm_args: -Djava.awt.headless=true -Xmx64M -Dfile.encoding=x-windows-949 -Duser.country=KR -Duser.language=ko -Duser.variant 
java_command: com.google.devtools.build.android.desugar.Desugar @D:\test\app\build\intermediates\tmp\desugar_args3256268078248169058
java_class_path (initial): C:\Users\Goo\AppData\Local\Temp\desugar_deploy.jar7068671870238761673
Launcher Type: SUN_STANDARD

Environment Variables:
PATH=C:\ProgramData\Oracle\Java\javapath;C:\WINDOWS\system32;C:\WINDOWS;C:\WINDOWS\System32\Wbem;C:\WINDOWS\System32\WindowsPowerShell\v1.0\;C:\OpenSSL;;C:\WINDOWS\System32\OpenSSH\;C:\Users\Goo\AppData\Local\Microsoft\WindowsApps;
USERNAME=Goo
OS=Windows_NT
PROCESSOR_IDENTIFIER=Intel64 Family 6 Model 158 Stepping 9, GenuineIntel



---------------  S Y S T E M  ---------------

OS: Windows 10.0 , 64 bit Build 17134 (10.0.17134.1)

CPU:total 8 (initial active 8) (4 cores per cpu, 2 threads per core) family 6 model 158 stepping 9, cmov, cx8, fxsr, mmx, sse, sse2, sse3, ssse3, sse4.1, sse4.2, popcnt, avx, avx2, aes, clmul, erms, 3dnowpref, lzcnt, ht, tsc, tscinvbit, bmi1, bmi2, adx

Memory: 4k page, physical 16692940k(4052856k free), swap 16692940k(4700k free)

vm_info: OpenJDK 64-Bit Server VM (25.152-b01) for windows-amd64 JRE (1.8.0_152-release-915-b01), built by "builder" with MS VC++ 10.0 (VS2010)

time: Wed May 23 23:46:54 2018
elapsed time: 2 seconds (0d 0h 0m 2s)

