#
# There is insufficient memory for the Java Runtime Environment to continue.
# Native memory allocation (malloc) failed to allocate 262160 bytes for Chunk::new
# Possible reasons:
#   The system is out of physical RAM or swap space
#   In 32 bit mode, the process size limit was hit
# Possible solutions:
#   Reduce memory load on the system
#   Increase physical memory or swap space
#   Check if swap backing store is full
#   Use 64 bit Java on a 64 bit OS
#   Decrease Java heap size (-Xmx/-Xms)
#   Decrease number of Java threads
#   Decrease Java thread stack sizes (-Xss)
#   Set larger code cache with -XX:ReservedCodeCacheSize=
# This output file may be truncated or incomplete.
#
#  Out of Memory Error (allocation.cpp:390), pid=9332, tid=0x0000000000001ae0
#
# JRE version: OpenJDK Runtime Environment (8.0_152-b01) (build 1.8.0_152-release-915-b01)
# Java VM: OpenJDK 64-Bit Server VM (25.152-b01 mixed mode windows-amd64 compressed oops)
# Failed to write core dump. Minidumps are not enabled by default on client versions of Windows
#

---------------  T H R E A D  ---------------

Current thread (0x00000000151ff800):  JavaThread "C2 CompilerThread1" daemon [_thread_in_native, id=6880, stack(0x0000000015a10000,0x0000000015b10000)]

Stack: [0x0000000015a10000,0x0000000015b10000]
[error occurred during error reporting (printing stack bounds), id 0xc0000005]

Native frames: (J=compiled Java code, j=interpreted, Vv=VM code, C=native code)


Current CompileTask:
C2:   4931 1151 %     4       org.objectweb.asm.ClassReader::a @ 74 (3587 bytes)


---------------  P R O C E S S  ---------------

Java Threads: ( => current thread )
  0x000000001525f800 JavaThread "Service Thread" daemon [_thread_blocked, id=12796, stack(0x0000000015d10000,0x0000000015e10000)]
  0x0000000015259800 JavaThread "C1 CompilerThread3" daemon [_thread_blocked, id=11092, stack(0x0000000015c10000,0x0000000015d10000)]
  0x0000000015202800 JavaThread "C2 CompilerThread2" daemon [_thread_in_native, id=13192, stack(0x0000000015b10000,0x0000000015c10000)]
=>0x00000000151ff800 JavaThread "C2 CompilerThread1" daemon [_thread_in_native, id=6880, stack(0x0000000015a10000,0x0000000015b10000)]
  0x00000000151fc800 JavaThread "C2 CompilerThread0" daemon [_thread_in_native, id=5496, stack(0x0000000015910000,0x0000000015a10000)]
  0x00000000151fb000 JavaThread "Attach Listener" daemon [_thread_blocked, id=3488, stack(0x0000000015810000,0x0000000015910000)]
  0x00000000151a9000 JavaThread "Signal Dispatcher" daemon [_thread_blocked, id=4956, stack(0x0000000015710000,0x0000000015810000)]
  0x0000000015190800 JavaThread "Finalizer" daemon [_thread_blocked, id=10372, stack(0x0000000015570000,0x0000000015670000)]
  0x0000000002ab8000 JavaThread "Reference Handler" daemon [_thread_blocked, id=6056, stack(0x0000000015070000,0x0000000015170000)]
  0x00000000029c4000 JavaThread "main" [_thread_in_Java, id=10512, stack(0x0000000002870000,0x0000000002970000)]

Other Threads:
  0x0000000013285800 VMThread [stack: 0x0000000014f70000,0x0000000015070000] [id=9616]
  0x0000000015260800 WatcherThread [stack: 0x0000000015e10000,0x0000000015f10000] [id=3360]

VM state:not at safepoint (normal execution)

VM Mutex/Monitor currently owned by a thread: None

Heap:
 PSYoungGen      total 18944K, used 4170K [0x00000000feb00000, 0x0000000100000000, 0x0000000100000000)
  eden space 16384K, 9% used [0x00000000feb00000,0x00000000fec95d30,0x00000000ffb00000)
  from space 2560K, 99% used [0x00000000ffb00000,0x00000000ffd7ce00,0x00000000ffd80000)
  to   space 2560K, 0% used [0x00000000ffd80000,0x00000000ffd80000,0x0000000100000000)
 ParOldGen       total 44032K, used 5586K [0x00000000fc000000, 0x00000000feb00000, 0x00000000feb00000)
  object space 44032K, 12% used [0x00000000fc000000,0x00000000fc574b10,0x00000000feb00000)
 Metaspace       used 7749K, capacity 7980K, committed 8192K, reserved 1056768K
  class space    used 871K, capacity 956K, committed 1024K, reserved 1048576K

Card table byte_map: [0x0000000002970000,0x00000000029a0000] byte_map_base: 0x0000000002190000

Marking Bits: (ParMarkBitMap*) 0x00000000677e3950
 Begin Bits: [0x0000000012680000, 0x0000000012780000)
 End Bits:   [0x0000000012780000, 0x0000000012880000)

Polling page: 0x00000000023d0000

CodeCache: size=245760Kb used=4409Kb max_used=4469Kb free=241350Kb
 bounds [0x0000000002ac0000, 0x0000000002f30000, 0x0000000011ac0000]
 total_blobs=1484 nmethods=1148 adapters=248
 compilation: enabled

Compilation events (10 events):
Event: 3.687 Thread 0x0000000015202800 nmethod 1146 0x0000000002ed7890 code [0x0000000002ed7a20, 0x0000000002ed82d0]
Event: 3.709 Thread 0x00000000151fc800 nmethod 1136 0x0000000002ef0690 code [0x0000000002ef09a0, 0x0000000002ef2c48]
Event: 3.942 Thread 0x0000000015202800 1147       4       org.objectweb.asm.MethodVisitor::visitJumpInsn (17 bytes)
Event: 3.943 Thread 0x0000000015202800 nmethod 1147 0x0000000002ed3050 code [0x0000000002ed31a0, 0x0000000002ed3248]
Event: 3.944 Thread 0x00000000151fc800 1148       4       org.objectweb.asm.MethodVisitor::visitFrame (22 bytes)
Event: 3.945 Thread 0x00000000151fc800 nmethod 1148 0x0000000002ed5590 code [0x0000000002ed56e0, 0x0000000002ed57a8]
Event: 3.962 Thread 0x00000000151ff800 nmethod 912% 0x0000000002f06050 code [0x0000000002f06d40, 0x0000000002f15f80]
Event: 4.925 Thread 0x0000000015202800 1149       4       org.objectweb.asm.tree.LabelNode::accept (9 bytes)
Event: 4.930 Thread 0x00000000151fc800 1150       4       org.objectweb.asm.tree.MethodNode::visitLabel (13 bytes)
Event: 4.930 Thread 0x00000000151ff800 1151 %     4       org.objectweb.asm.ClassReader::a @ 74 (3587 bytes)

GC Heap History (6 events):
Event: 0.965 GC heap before
{Heap before GC invocations=1 (full 0):
 PSYoungGen      total 18944K, used 16384K [0x00000000feb00000, 0x0000000100000000, 0x0000000100000000)
  eden space 16384K, 100% used [0x00000000feb00000,0x00000000ffb00000,0x00000000ffb00000)
  from space 2560K, 0% used [0x00000000ffd80000,0x00000000ffd80000,0x0000000100000000)
  to   space 2560K, 0% used [0x00000000ffb00000,0x00000000ffb00000,0x00000000ffd80000)
 ParOldGen       total 44032K, used 0K [0x00000000fc000000, 0x00000000feb00000, 0x00000000feb00000)
  object space 44032K, 0% used [0x00000000fc000000,0x00000000fc000000,0x00000000feb00000)
 Metaspace       used 6602K, capacity 6746K, committed 7040K, reserved 1056768K
  class space    used 772K, capacity 823K, committed 896K, reserved 1048576K
Event: 0.988 GC heap after
Heap after GC invocations=1 (full 0):
 PSYoungGen      total 18944K, used 2553K [0x00000000feb00000, 0x0000000100000000, 0x0000000100000000)
  eden space 16384K, 0% used [0x00000000feb00000,0x00000000feb00000,0x00000000ffb00000)
  from space 2560K, 99% used [0x00000000ffb00000,0x00000000ffd7e630,0x00000000ffd80000)
  to   space 2560K, 0% used [0x00000000ffd80000,0x00000000ffd80000,0x0000000100000000)
 ParOldGen       total 44032K, used 1732K [0x00000000fc000000, 0x00000000feb00000, 0x00000000feb00000)
  object space 44032K, 3% used [0x00000000fc000000,0x00000000fc1b1360,0x00000000feb00000)
 Metaspace       used 6602K, capacity 6746K, committed 7040K, reserved 1056768K
  class space    used 772K, capacity 823K, committed 896K, reserved 1048576K
}
Event: 1.648 GC heap before
{Heap before GC invocations=2 (full 0):
 PSYoungGen      total 18944K, used 18937K [0x00000000feb00000, 0x0000000100000000, 0x0000000100000000)
  eden space 16384K, 100% used [0x00000000feb00000,0x00000000ffb00000,0x00000000ffb00000)
  from space 2560K, 99% used [0x00000000ffb00000,0x00000000ffd7e630,0x00000000ffd80000)
  to   space 2560K, 0% used [0x00000000ffd80000,0x00000000ffd80000,0x0000000100000000)
 ParOldGen       total 44032K, used 1732K [0x00000000fc000000, 0x00000000feb00000, 0x00000000feb00000)
  object space 44032K, 3% used [0x00000000fc000000,0x00000000fc1b1360,0x00000000feb00000)
 Metaspace       used 7560K, capacity 7788K, committed 7936K, reserved 1056768K
  class space    used 870K, capacity 956K, committed 1024K, reserved 1048576K
Event: 1.710 GC heap after
Heap after GC invocations=2 (full 0):
 PSYoungGen      total 18944K, used 2547K [0x00000000feb00000, 0x0000000100000000, 0x0000000100000000)
  eden space 16384K, 0% used [0x00000000feb00000,0x00000000feb00000,0x00000000ffb00000)
  from space 2560K, 99% used [0x00000000ffd80000,0x00000000ffffce00,0x0000000100000000)
  to   space 2560K, 0% used [0x00000000ffb00000,0x00000000ffb00000,0x00000000ffd80000)
 ParOldGen       total 44032K, used 5266K [0x00000000fc000000, 0x00000000feb00000, 0x00000000feb00000)
  object space 44032K, 11% used [0x00000000fc000000,0x00000000fc524ae0,0x00000000feb00000)
 Metaspace       used 7560K, capacity 7788K, committed 7936K, reserved 1056768K
  class space    used 870K, capacity 956K, committed 1024K, reserved 1048576K
}
Event: 3.589 GC heap before
{Heap before GC invocations=3 (full 0):
 PSYoungGen      total 18944K, used 18931K [0x00000000feb00000, 0x0000000100000000, 0x0000000100000000)
  eden space 16384K, 100% used [0x00000000feb00000,0x00000000ffb00000,0x00000000ffb00000)
  from space 2560K, 99% used [0x00000000ffd80000,0x00000000ffffce00,0x0000000100000000)
  to   space 2560K, 0% used [0x00000000ffb00000,0x00000000ffb00000,0x00000000ffd80000)
 ParOldGen       total 44032K, used 5266K [0x00000000fc000000, 0x00000000feb00000, 0x00000000feb00000)
  object space 44032K, 11% used [0x00000000fc000000,0x00000000fc524ae0,0x00000000feb00000)
 Metaspace       used 7745K, capacity 7980K, committed 8192K, reserved 1056768K
  class space    used 871K, capacity 956K, committed 1024K, reserved 1048576K
Event: 3.673 GC heap after
Heap after GC invocations=3 (full 0):
 PSYoungGen      total 18944K, used 2547K [0x00000000feb00000, 0x0000000100000000, 0x0000000100000000)
  eden space 16384K, 0% used [0x00000000feb00000,0x00000000feb00000,0x00000000ffb00000)
  from space 2560K, 99% used [0x00000000ffb00000,0x00000000ffd7ce00,0x00000000ffd80000)
  to   space 2560K, 0% used [0x00000000ffd80000,0x00000000ffd80000,0x0000000100000000)
 ParOldGen       total 44032K, used 5586K [0x00000000fc000000, 0x00000000feb00000, 0x00000000feb00000)
  object space 44032K, 12% used [0x00000000fc000000,0x00000000fc574b10,0x00000000feb00000)
 Metaspace       used 7745K, capacity 7980K, committed 8192K, reserved 1056768K
  class space    used 871K, capacity 956K, committed 1024K, reserved 1048576K
}

Deoptimization events (10 events):
Event: 1.328 Thread 0x00000000029c4000 Uncommon trap: reason=unloaded action=reinterpret pc=0x0000000002ce0b7c method=java.util.zip.ZipEntry.setExtra0([BZ)V @ 37
Event: 1.543 Thread 0x00000000029c4000 Uncommon trap: reason=unstable_if action=reinterpret pc=0x0000000002c8bc38 method=java.lang.String.<init>([CII)V @ 18
Event: 2.750 Thread 0x00000000029c4000 Uncommon trap: reason=unstable_if action=reinterpret pc=0x0000000002dde718 method=org.objectweb.asm.Item.a(Lorg/objectweb/asm/Item;)Z @ 345
Event: 2.805 Thread 0x00000000029c4000 Uncommon trap: reason=unstable_if action=reinterpret pc=0x0000000002de89e8 method=java.io.BufferedOutputStream.write(I)V @ 9
Event: 3.483 Thread 0x00000000029c4000 Uncommon trap: reason=null_check action=make_not_entrant pc=0x0000000002eb03b0 method=com.google.devtools.build.android.desugar.InterfaceDesugaring$InterfaceInvocationRewriter.visitMethodInsn(ILjava/lang/String;Ljava/lang/String;Ljava/lang/String;Z)V @ 10
Event: 3.497 Thread 0x00000000029c4000 Uncommon trap: reason=unstable_if action=reinterpret pc=0x0000000002e6cdd8 method=org.objectweb.asm.Type.getArgumentsAndReturnSizes(Ljava/lang/String;)I @ 118
Event: 3.560 Thread 0x00000000029c4000 Uncommon trap: reason=null_check action=make_not_entrant pc=0x0000000002edd088 method=com.google.devtools.build.android.desugar.InterfaceDesugaring$InterfaceInvocationRewriter.visitMethodInsn(ILjava/lang/String;Ljava/lang/String;Ljava/lang/String;Z)V @ 10
Event: 3.944 Thread 0x00000000029c4000 Uncommon trap: reason=class_check action=maybe_recompile pc=0x0000000002ed3210 method=org.objectweb.asm.MethodVisitor.visitJumpInsn(ILorg/objectweb/asm/Label;)V @ 13
Event: 3.944 Thread 0x00000000029c4000 Uncommon trap: reason=class_check action=maybe_recompile pc=0x0000000002e69a84 method=org.objectweb.asm.MethodVisitor.visitVarInsn(II)V @ 13
Event: 3.944 Thread 0x00000000029c4000 Uncommon trap: reason=class_check action=maybe_recompile pc=0x0000000002e69a38 method=org.objectweb.asm.tree.VarInsnNode.accept(Lorg/objectweb/asm/MethodVisitor;)V @ 9

Classes redefined (0 events):
No events

Internal exceptions (10 events):
Event: 1.851 Thread 0x00000000029c4000 Exception <a 'sun/nio/fs/WindowsException'> (0x00000000febf6840) thrown at [D:\src\AOSP-openjdk-cygwin\jdk8u\hotspot\src\share\vm\prims\jni.cpp, line 709]
Event: 1.851 Thread 0x00000000029c4000 Exception <a 'sun/nio/fs/WindowsException'> (0x00000000febf6d18) thrown at [D:\src\AOSP-openjdk-cygwin\jdk8u\hotspot\src\share\vm\prims\jni.cpp, line 709]
Event: 3.483 Thread 0x00000000029c4000 Implicit null exception at 0x0000000002eb00aa to 0x0000000002eb038d
Event: 3.560 Thread 0x00000000029c4000 Implicit null exception at 0x0000000002eda61c to 0x0000000002edd071
Event: 3.850 Thread 0x00000000029c4000 Exception <a 'sun/nio/fs/WindowsException'> (0x00000000feb62060) thrown at [D:\src\AOSP-openjdk-cygwin\jdk8u\hotspot\src\share\vm\prims\jni.cpp, line 709]
Event: 3.850 Thread 0x00000000029c4000 Exception <a 'sun/nio/fs/WindowsException'> (0x00000000feb62538) thrown at [D:\src\AOSP-openjdk-cygwin\jdk8u\hotspot\src\share\vm\prims\jni.cpp, line 709]
Event: 3.935 Thread 0x00000000029c4000 Exception <a 'sun/nio/fs/WindowsException'> (0x00000000feb659d8) thrown at [D:\src\AOSP-openjdk-cygwin\jdk8u\hotspot\src\share\vm\prims\jni.cpp, line 709]
Event: 3.938 Thread 0x00000000029c4000 Exception <a 'sun/nio/fs/WindowsException'> (0x00000000feb65eb0) thrown at [D:\src\AOSP-openjdk-cygwin\jdk8u\hotspot\src\share\vm\prims\jni.cpp, line 709]
Event: 4.912 Thread 0x00000000029c4000 Exception <a 'sun/nio/fs/WindowsException'> (0x00000000febd7718) thrown at [D:\src\AOSP-openjdk-cygwin\jdk8u\hotspot\src\share\vm\prims\jni.cpp, line 709]
Event: 4.924 Thread 0x00000000029c4000 Exception <a 'sun/nio/fs/WindowsException'> (0x00000000febd7bf0) thrown at [D:\src\AOSP-openjdk-cygwin\jdk8u\hotspot\src\share\vm\prims\jni.cpp, line 709]

Events (10 events):
Event: 3.944 Thread 0x00000000029c4000 DEOPT PACKING pc=0x0000000002ed3210 sp=0x000000000296e9c0
Event: 3.944 Thread 0x00000000029c4000 DEOPT UNPACKING pc=0x0000000002b0556a sp=0x000000000296e940 mode 2
Event: 3.944 Thread 0x00000000029c4000 Uncommon trap: trap_request=0xffffffde fr.pc=0x0000000002e69a84
Event: 3.944 Thread 0x00000000029c4000 DEOPT PACKING pc=0x0000000002e69a84 sp=0x000000000296ea10
Event: 3.944 Thread 0x00000000029c4000 DEOPT UNPACKING pc=0x0000000002b0556a sp=0x000000000296e960 mode 2
Event: 3.944 Thread 0x00000000029c4000 Uncommon trap: trap_request=0xffffffde fr.pc=0x0000000002e69a38
Event: 3.944 Thread 0x00000000029c4000 DEOPT PACKING pc=0x0000000002e69a38 sp=0x000000000296e930
Event: 3.944 Thread 0x00000000029c4000 DEOPT UNPACKING pc=0x0000000002b0556a sp=0x000000000296e8e8 mode 2
Event: 4.216 Executing VM operation: EnableBiasedLocking
Event: 4.216 Executing VM operation: EnableBiasedLocking done


Dynamic libraries:
0x00007ff63c5e0000 - 0x00007ff63c611000 	C:\Program Files\Android\Android Studio\jre\bin\java.exe
0x00007ffba9340000 - 0x00007ffba9521000 	C:\WINDOWS\SYSTEM32\ntdll.dll
0x00007ffba6ca0000 - 0x00007ffba6d52000 	C:\WINDOWS\System32\KERNEL32.DLL
0x00007ffba6070000 - 0x00007ffba62e3000 	C:\WINDOWS\System32\KERNELBASE.dll
0x00007ffba9260000 - 0x00007ffba9301000 	C:\WINDOWS\System32\ADVAPI32.dll
0x00007ffba77b0000 - 0x00007ffba784e000 	C:\WINDOWS\System32\msvcrt.dll
0x00007ffba71b0000 - 0x00007ffba720b000 	C:\WINDOWS\System32\sechost.dll
0x00007ffba7580000 - 0x00007ffba76a4000 	C:\WINDOWS\System32\RPCRT4.dll
0x00007ffba7ac0000 - 0x00007ffba7c50000 	C:\WINDOWS\System32\USER32.dll
0x00007ffba5790000 - 0x00007ffba57b0000 	C:\WINDOWS\System32\win32u.dll
0x00007ffba67e0000 - 0x00007ffba6808000 	C:\WINDOWS\System32\GDI32.dll
0x00007ffba6530000 - 0x00007ffba66c2000 	C:\WINDOWS\System32\gdi32full.dll
0x00007ffba5fd0000 - 0x00007ffba606f000 	C:\WINDOWS\System32\msvcp_win.dll
0x00007ffba66d0000 - 0x00007ffba67ca000 	C:\WINDOWS\System32\ucrtbase.dll
0x00007ffb93ad0000 - 0x00007ffb93d39000 	C:\WINDOWS\WinSxS\amd64_microsoft.windows.common-controls_6595b64144ccf1df_6.0.17134.48_none_b4b2216a3cb4dd3e\COMCTL32.dll
0x00007ffba6810000 - 0x00007ffba6b33000 	C:\WINDOWS\System32\combase.dll
0x00007ffba5710000 - 0x00007ffba578a000 	C:\WINDOWS\System32\bcryptPrimitives.dll
0x00007ffba9090000 - 0x00007ffba90bd000 	C:\WINDOWS\System32\IMM32.DLL
0x0000000067b90000 - 0x0000000067c62000 	C:\Program Files\Android\Android Studio\jre\jre\bin\msvcr100.dll
0x0000000067020000 - 0x000000006785e000 	C:\Program Files\Android\Android Studio\jre\jre\bin\server\jvm.dll
0x00007ffba91d0000 - 0x00007ffba91d8000 	C:\WINDOWS\System32\PSAPI.DLL
0x00007ffba3f50000 - 0x00007ffba3f59000 	C:\WINDOWS\SYSTEM32\WSOCK32.dll
0x00007ffba7510000 - 0x00007ffba757c000 	C:\WINDOWS\System32\WS2_32.dll
0x00007ffb95780000 - 0x00007ffb957a3000 	C:\WINDOWS\SYSTEM32\WINMM.dll
0x00007ffb9d7c0000 - 0x00007ffb9d7ca000 	C:\WINDOWS\SYSTEM32\VERSION.dll
0x00007ffb95570000 - 0x00007ffb9559a000 	C:\WINDOWS\SYSTEM32\WINMMBASE.dll
0x00007ffba64e0000 - 0x00007ffba6529000 	C:\WINDOWS\System32\cfgmgr32.dll
0x00007ffba3a30000 - 0x00007ffba3a3f000 	C:\Program Files\Android\Android Studio\jre\jre\bin\verify.dll
0x00007ffba3a00000 - 0x00007ffba3a29000 	C:\Program Files\Android\Android Studio\jre\jre\bin\java.dll
0x00007ffba39e0000 - 0x00007ffba39f6000 	C:\Program Files\Android\Android Studio\jre\jre\bin\zip.dll
0x00007ffba7c50000 - 0x00007ffba9090000 	C:\WINDOWS\System32\SHELL32.dll
0x00007ffba9120000 - 0x00007ffba91c9000 	C:\WINDOWS\System32\shcore.dll
0x00007ffba58c0000 - 0x00007ffba5fcd000 	C:\WINDOWS\System32\windows.storage.dll
0x00007ffba90c0000 - 0x00007ffba9111000 	C:\WINDOWS\System32\shlwapi.dll
0x00007ffba5680000 - 0x00007ffba5691000 	C:\WINDOWS\System32\kernel.appcore.dll
0x00007ffba56f0000 - 0x00007ffba570f000 	C:\WINDOWS\System32\profapi.dll
0x00007ffba56a0000 - 0x00007ffba56ec000 	C:\WINDOWS\System32\powrprof.dll
0x00007ffba5650000 - 0x00007ffba565a000 	C:\WINDOWS\System32\FLTLIB.DLL
0x00007ffba5080000 - 0x00007ffba5097000 	C:\WINDOWS\SYSTEM32\CRYPTSP.dll
0x00007ffba4ab0000 - 0x00007ffba4ae3000 	C:\WINDOWS\system32\rsaenh.dll
0x00007ffba51b0000 - 0x00007ffba51d5000 	C:\WINDOWS\SYSTEM32\bcrypt.dll
0x00007ffba5580000 - 0x00007ffba55a8000 	C:\WINDOWS\SYSTEM32\USERENV.dll
0x00007ffba50a0000 - 0x00007ffba50ab000 	C:\WINDOWS\SYSTEM32\CRYPTBASE.dll
0x00007ffb9e480000 - 0x00007ffb9e49a000 	C:\Program Files\Android\Android Studio\jre\jre\bin\net.dll
0x00007ffba4ed0000 - 0x00007ffba4f36000 	C:\WINDOWS\system32\mswsock.dll
0x00007ffba4c50000 - 0x00007ffba4c88000 	C:\WINDOWS\SYSTEM32\IPHLPAPI.DLL
0x00007ffba7430000 - 0x00007ffba7438000 	C:\WINDOWS\System32\NSI.dll
0x00007ffb9a1f0000 - 0x00007ffb9a206000 	C:\WINDOWS\SYSTEM32\dhcpcsvc6.DLL
0x00007ffb9a120000 - 0x00007ffb9a13a000 	C:\WINDOWS\SYSTEM32\dhcpcsvc.DLL
0x00007ffb9d7f0000 - 0x00007ffb9d801000 	C:\Program Files\Android\Android Studio\jre\jre\bin\nio.dll

VM Arguments:
jvm_args: -Djava.awt.headless=true -Xmx64M -Dfile.encoding=x-windows-949 -Duser.country=KR -Duser.language=ko -Duser.variant 
java_command: com.google.devtools.build.android.desugar.Desugar --input D:\test\app\build\intermediates\transforms\stackFramesFixer\debug\0.jar --output D:\test\app\build\intermediates\transforms\desugar\debug\1.jar --input D:\test\app\build\intermediates\transforms\stackFramesFixer\debug\3.jar --output D:\test\app\build\intermediates\transforms\desugar\debug\4.jar --input D:\test\app\build\intermediates\transforms\stackFramesFixer\debug\44.jar --output D:\test\app\build\intermediates\transforms\desugar\debug\45.jar --input D:\test\app\build\intermediates\transforms\stackFramesFixer\debug\18.jar --output D:\test\app\build\intermediates\transforms\desugar\debug\19.jar --input D:\test\app\build\intermediates\transforms\stackFramesFixer\debug\43.jar --output D:\test\app\build\intermediates\transforms\desugar\debug\44.jar --input D:\test\app\build\intermediates\transforms\stackFramesFixer\debug\50.jar --output D:\test\app\build\intermediates\transforms\desugar\debug\51.jar --input D:\test\app\build\intermediates\transforms\stackFramesFixer\debug\14.jar --output D:\test\app\build\intermediates\transforms\desugar\debug\15.jar --classpath_entry D:\test\app\build\intermediates\classes\debug --classpath_entry D:\test\app\build\intermediates\transforms\stackFramesFixer\debug\0.jar --classpath_entry D:\test\app\build\intermediates\transforms\stackFramesFixer\debug\1.jar --classpath_entry D:\test\app\build\intermediates\transforms\stackFramesFixer\debug\2.jar --classpath_entry D:\test\app\build\intermediates\transforms\stackFramesFixer\debug\3.jar --classpath_entry D:\test\app\build\intermediates\transforms\stackFramesFixer\debug\4.jar --classpath_entry D:\test\app\build\intermediates\transforms\stackFramesFixer\debug\5.jar --classpath_entry D:\test\app\build\intermediates\transforms\stackFramesFixer\debug\6.jar --classpath_entry D:\test\app\build\intermediates\transforms\stackFramesFixer\debug\7.jar --classpath_entry D:\test\app\build\intermediates\transforms\stackFramesFixe
java_class_path (initial): C:\Users\Goo\AppData\Local\Temp\desugar_deploy.jar2362919477290886928
Launcher Type: SUN_STANDARD

Environment Variables:
PATH=C:\ProgramData\Oracle\Java\javapath;C:\WINDOWS\system32;C:\WINDOWS;C:\WINDOWS\System32\Wbem;C:\WINDOWS\System32\WindowsPowerShell\v1.0\;C:\OpenSSL;;C:\WINDOWS\System32\OpenSSH\;C:\Users\Goo\AppData\Local\Microsoft\WindowsApps;
USERNAME=Goo
OS=Windows_NT
PROCESSOR_IDENTIFIER=Intel64 Family 6 Model 158 Stepping 9, GenuineIntel



---------------  S Y S T E M  ---------------

OS: Windows 10.0 , 64 bit Build 17134 (10.0.17134.1)

CPU:total 8 (initial active 8) (4 cores per cpu, 2 threads per core) family 6 model 158 stepping 9, cmov, cx8, fxsr, mmx, sse, sse2, sse3, ssse3, sse4.1, sse4.2, popcnt, avx, avx2, aes, clmul, erms, 3dnowpref, lzcnt, ht, tsc, tscinvbit, bmi1, bmi2, adx

Memory: 4k page, physical 16692940k(4455676k free), swap 16692940k(3116k free)

vm_info: OpenJDK 64-Bit Server VM (25.152-b01) for windows-amd64 JRE (1.8.0_152-release-915-b01), built by "builder" with MS VC++ 10.0 (VS2010)

time: Wed May 23 00:35:07 2018
elapsed time: 4 seconds (0d 0h 0m 4s)

