#
# There is insufficient memory for the Java Runtime Environment to continue.
# Native memory allocation (malloc) failed to allocate 32744 bytes for ChunkPool::allocate
# Possible reasons:
#   The system is out of physical RAM or swap space
#   In 32 bit mode, the process size limit was hit
# Possible solutions:
#   Reduce memory load on the system
#   Increase physical memory or swap space
#   Check if swap backing store is full
#   Use 64 bit Java on a 64 bit OS
#   Decrease Java heap size (-Xmx/-Xms)
#   Decrease number of Java threads
#   Decrease Java thread stack sizes (-Xss)
#   Set larger code cache with -XX:ReservedCodeCacheSize=
# This output file may be truncated or incomplete.
#
#  Out of Memory Error (allocation.cpp:273), pid=13668, tid=0x000000000000159c
#
# JRE version: OpenJDK Runtime Environment (8.0_152-b01) (build 1.8.0_152-release-915-b01)
# Java VM: OpenJDK 64-Bit Server VM (25.152-b01 mixed mode windows-amd64 compressed oops)
# Failed to write core dump. Minidumps are not enabled by default on client versions of Windows
#

---------------  T H R E A D  ---------------

Current thread (0x0000000015c26000):  JavaThread "C1 CompilerThread3" daemon [_thread_in_native, id=5532, stack(0x0000000016620000,0x0000000016720000)]

Stack: [0x0000000016620000,0x0000000016720000]
[error occurred during error reporting (printing stack bounds), id 0xc0000005]

Native frames: (J=compiled Java code, j=interpreted, Vv=VM code, C=native code)


Current CompileTask:
C1:   1896  812       3       org.objectweb.asm.ClassReader::a (3587 bytes)


---------------  P R O C E S S  ---------------

Java Threads: ( => current thread )
  0x0000000015c2c800 JavaThread "Service Thread" daemon [_thread_blocked, id=1348, stack(0x0000000016720000,0x0000000016820000)]
=>0x0000000015c26000 JavaThread "C1 CompilerThread3" daemon [_thread_in_native, id=5532, stack(0x0000000016620000,0x0000000016720000)]
  0x0000000015c23000 JavaThread "C2 CompilerThread2" daemon [_thread_in_native, id=8260, stack(0x0000000016520000,0x0000000016620000)]
  0x0000000013cca800 JavaThread "C2 CompilerThread1" daemon [_thread_blocked, id=9980, stack(0x0000000016420000,0x0000000016520000)]
  0x0000000015bcb000 JavaThread "C2 CompilerThread0" daemon [_thread_in_native, id=9408, stack(0x0000000016320000,0x0000000016420000)]
  0x0000000015bc9800 JavaThread "Attach Listener" daemon [_thread_blocked, id=1816, stack(0x0000000016220000,0x0000000016320000)]
  0x0000000015c20000 JavaThread "Signal Dispatcher" daemon [_thread_blocked, id=13496, stack(0x0000000016120000,0x0000000016220000)]
  0x0000000015bb0800 JavaThread "Finalizer" daemon [_thread_blocked, id=5800, stack(0x0000000015f90000,0x0000000016090000)]
  0x0000000003507000 JavaThread "Reference Handler" daemon [_thread_blocked, id=5940, stack(0x0000000015a90000,0x0000000015b90000)]
  0x000000000330d800 JavaThread "main" [_thread_in_vm, id=6744, stack(0x0000000003310000,0x0000000003410000)]

Other Threads:
  0x0000000013cb5800 VMThread [stack: 0x0000000015990000,0x0000000015a90000] [id=9204]
  0x0000000015c2d000 WatcherThread [stack: 0x0000000016820000,0x0000000016920000] [id=14148]

VM state:not at safepoint (normal execution)

VM Mutex/Monitor currently owned by a thread: None

Heap:
 PSYoungGen      total 18944K, used 5812K [0x00000000feb00000, 0x0000000100000000, 0x0000000100000000)
  eden space 16384K, 20% used [0x00000000feb00000,0x00000000fee34508,0x00000000ffb00000)
  from space 2560K, 98% used [0x00000000ffd80000,0x00000000ffff8e00,0x0000000100000000)
  to   space 2560K, 0% used [0x00000000ffb00000,0x00000000ffb00000,0x00000000ffd80000)
 ParOldGen       total 44032K, used 5907K [0x00000000fc000000, 0x00000000feb00000, 0x00000000feb00000)
  object space 44032K, 13% used [0x00000000fc000000,0x00000000fc5c4cf0,0x00000000feb00000)
 Metaspace       used 7512K, capacity 7658K, committed 7936K, reserved 1058816K
  class space    used 874K, capacity 957K, committed 1024K, reserved 1048576K

Card table byte_map: [0x0000000003240000,0x0000000003270000] byte_map_base: 0x0000000002a60000

Marking Bits: (ParMarkBitMap*) 0x00000000673d3950
 Begin Bits: [0x00000000130d0000, 0x00000000131d0000)
 End Bits:   [0x00000000131d0000, 0x00000000132d0000)

Polling page: 0x0000000001590000

CodeCache: size=245760Kb used=2934Kb max_used=2949Kb free=242825Kb
 bounds [0x0000000003510000, 0x0000000003800000, 0x0000000012510000]
 total_blobs=1145 nmethods=811 adapters=248
 compilation: enabled

Compilation events (10 events):
Event: 1.883 Thread 0x0000000015c26000 nmethod 806 0x00000000037ef490 code [0x00000000037ef600, 0x00000000037ef868]
Event: 1.883 Thread 0x0000000015c26000  805       3       org.objectweb.asm.MethodVisitor::visitVarInsn (17 bytes)
Event: 1.883 Thread 0x0000000015c26000 nmethod 805 0x00000000037eefd0 code [0x00000000037ef140, 0x00000000037ef3a8]
Event: 1.883 Thread 0x0000000015c26000  810       3       org.objectweb.asm.ClassReader::readInt (52 bytes)
Event: 1.883 Thread 0x0000000015c26000 nmethod 810 0x00000000037ed610 code [0x00000000037ed780, 0x00000000037ed990]
Event: 1.883 Thread 0x0000000015c23000 nmethod 811 0x00000000037ed310 code [0x00000000037ed440, 0x00000000037ed518]
Event: 1.883 Thread 0x0000000013cca800 nmethod 801 0x00000000037ee8d0 code [0x00000000037eea20, 0x00000000037eed78]
Event: 1.883 Thread 0x0000000015c26000  812       3       org.objectweb.asm.ClassReader::a (3587 bytes)
Event: 1.892 Thread 0x0000000015bcb000  817       4       org.objectweb.asm.ClassReader::a (194 bytes)
Event: 1.893 Thread 0x0000000015c23000  819       4       org.objectweb.asm.ByteVector::putUTF8 (142 bytes)

GC Heap History (4 events):
Event: 1.238 GC heap before
{Heap before GC invocations=1 (full 0):
 PSYoungGen      total 18944K, used 16384K [0x00000000feb00000, 0x0000000100000000, 0x0000000100000000)
  eden space 16384K, 100% used [0x00000000feb00000,0x00000000ffb00000,0x00000000ffb00000)
  from space 2560K, 0% used [0x00000000ffd80000,0x00000000ffd80000,0x0000000100000000)
  to   space 2560K, 0% used [0x00000000ffb00000,0x00000000ffb00000,0x00000000ffd80000)
 ParOldGen       total 44032K, used 0K [0x00000000fc000000, 0x00000000feb00000, 0x00000000feb00000)
  object space 44032K, 0% used [0x00000000fc000000,0x00000000fc000000,0x00000000feb00000)
 Metaspace       used 6633K, capacity 6808K, committed 7040K, reserved 1056768K
  class space    used 773K, capacity 824K, committed 896K, reserved 1048576K
Event: 1.268 GC heap after
Heap after GC invocations=1 (full 0):
 PSYoungGen      total 18944K, used 2537K [0x00000000feb00000, 0x0000000100000000, 0x0000000100000000)
  eden space 16384K, 0% used [0x00000000feb00000,0x00000000feb00000,0x00000000ffb00000)
  from space 2560K, 99% used [0x00000000ffb00000,0x00000000ffd7a620,0x00000000ffd80000)
  to   space 2560K, 0% used [0x00000000ffd80000,0x00000000ffd80000,0x0000000100000000)
 ParOldGen       total 44032K, used 1429K [0x00000000fc000000, 0x00000000feb00000, 0x00000000feb00000)
  object space 44032K, 3% used [0x00000000fc000000,0x00000000fc1657f8,0x00000000feb00000)
 Metaspace       used 6633K, capacity 6808K, committed 7040K, reserved 1056768K
  class space    used 773K, capacity 824K, committed 896K, reserved 1048576K
}
Event: 1.711 GC heap before
{Heap before GC invocations=2 (full 0):
 PSYoungGen      total 18944K, used 18921K [0x00000000feb00000, 0x0000000100000000, 0x0000000100000000)
  eden space 16384K, 100% used [0x00000000feb00000,0x00000000ffb00000,0x00000000ffb00000)
  from space 2560K, 99% used [0x00000000ffb00000,0x00000000ffd7a620,0x00000000ffd80000)
  to   space 2560K, 0% used [0x00000000ffd80000,0x00000000ffd80000,0x0000000100000000)
 ParOldGen       total 44032K, used 1429K [0x00000000fc000000, 0x00000000feb00000, 0x00000000feb00000)
  object space 44032K, 3% used [0x00000000fc000000,0x00000000fc1657f8,0x00000000feb00000)
 Metaspace       used 6979K, capacity 7114K, committed 7296K, reserved 1056768K
  class space    used 816K, capacity 861K, committed 896K, reserved 1048576K
Event: 1.730 GC heap after
Heap after GC invocations=2 (full 0):
 PSYoungGen      total 18944K, used 2531K [0x00000000feb00000, 0x0000000100000000, 0x0000000100000000)
  eden space 16384K, 0% used [0x00000000feb00000,0x00000000feb00000,0x00000000ffb00000)
  from space 2560K, 98% used [0x00000000ffd80000,0x00000000ffff8e00,0x0000000100000000)
  to   space 2560K, 0% used [0x00000000ffb00000,0x00000000ffb00000,0x00000000ffd80000)
 ParOldGen       total 44032K, used 5907K [0x00000000fc000000, 0x00000000feb00000, 0x00000000feb00000)
  object space 44032K, 13% used [0x00000000fc000000,0x00000000fc5c4cf0,0x00000000feb00000)
 Metaspace       used 6979K, capacity 7114K, committed 7296K, reserved 1056768K
  class space    used 816K, capacity 861K, committed 896K, reserved 1048576K
}

Deoptimization events (8 events):
Event: 0.725 Thread 0x000000000330d800 Uncommon trap: reason=range_check action=make_not_entrant pc=0x000000000369f520 method=sun.reflect.generics.parser.SignatureParser.current()C @ 34
Event: 1.134 Thread 0x000000000330d800 Uncommon trap: reason=unstable_if action=reinterpret pc=0x00000000036bd2f8 method=java.lang.String.startsWith(Ljava/lang/String;I)Z @ 25
Event: 1.223 Thread 0x000000000330d800 Uncommon trap: reason=unstable_if action=reinterpret pc=0x0000000003756c2c method=java.util.zip.ZipFile$ZipEntryIterator.hasNext()Z @ 25
Event: 1.224 Thread 0x000000000330d800 Uncommon trap: reason=unstable_if action=reinterpret pc=0x0000000003751f18 method=java.util.zip.ZipCoder.decoder()Ljava/nio/charset/CharsetDecoder; @ 4
Event: 1.224 Thread 0x000000000330d800 Uncommon trap: reason=unstable_if action=reinterpret pc=0x00000000037532d8 method=java.util.zip.ZipEntry.setExtra0([BZ)V @ 1
Event: 1.225 Thread 0x000000000330d800 Uncommon trap: reason=unstable_if action=reinterpret pc=0x00000000037505c0 method=java.util.zip.ZipCoder.decoder()Ljava/nio/charset/CharsetDecoder; @ 4
Event: 1.320 Thread 0x000000000330d800 Uncommon trap: reason=unstable_if action=reinterpret pc=0x000000000375f500 method=java.util.zip.ZipCoder.decoder()Ljava/nio/charset/CharsetDecoder; @ 4
Event: 1.636 Thread 0x000000000330d800 Uncommon trap: reason=unloaded action=reinterpret pc=0x000000000376137c method=java.util.zip.ZipEntry.setExtra0([BZ)V @ 37

Classes redefined (0 events):
No events

Internal exceptions (10 events):
Event: 1.320 Thread 0x000000000330d800 Implicit null exception at 0x000000000375eb4b to 0x000000000375f4e1
Event: 1.451 Thread 0x000000000330d800 Exception <a 'sun/nio/fs/WindowsException'> (0x00000000ff27c4e8) thrown at [D:\src\AOSP-openjdk-cygwin\jdk8u\hotspot\src\share\vm\prims\jni.cpp, line 709]
Event: 1.451 Thread 0x000000000330d800 Exception <a 'sun/nio/fs/WindowsException'> (0x00000000ff27caa8) thrown at [D:\src\AOSP-openjdk-cygwin\jdk8u\hotspot\src\share\vm\prims\jni.cpp, line 709]
Event: 1.451 Thread 0x000000000330d800 Exception <a 'sun/nio/fs/WindowsException'> (0x00000000ff27d060) thrown at [D:\src\AOSP-openjdk-cygwin\jdk8u\hotspot\src\share\vm\prims\jni.cpp, line 709]
Event: 1.451 Thread 0x000000000330d800 Exception <a 'sun/nio/fs/WindowsException'> (0x00000000ff27d820) thrown at [D:\src\AOSP-openjdk-cygwin\jdk8u\hotspot\src\share\vm\prims\jni.cpp, line 709]
Event: 1.451 Thread 0x000000000330d800 Exception <a 'sun/nio/fs/WindowsException'> (0x00000000ff27ddb0) thrown at [D:\src\AOSP-openjdk-cygwin\jdk8u\hotspot\src\share\vm\prims\jni.cpp, line 709]
Event: 1.451 Thread 0x000000000330d800 Exception <a 'sun/nio/fs/WindowsException'> (0x00000000ff27e560) thrown at [D:\src\AOSP-openjdk-cygwin\jdk8u\hotspot\src\share\vm\prims\jni.cpp, line 709]
Event: 1.467 Thread 0x000000000330d800 Exception <a 'sun/nio/fs/WindowsException'> (0x00000000ff283888) thrown at [D:\src\AOSP-openjdk-cygwin\jdk8u\hotspot\src\share\vm\prims\jni.cpp, line 709]
Event: 1.739 Thread 0x000000000330d800 Exception <a 'sun/nio/fs/WindowsException'> (0x00000000febedf90) thrown at [D:\src\AOSP-openjdk-cygwin\jdk8u\hotspot\src\share\vm\prims\jni.cpp, line 709]
Event: 1.739 Thread 0x000000000330d800 Exception <a 'sun/nio/fs/WindowsException'> (0x00000000febee4e8) thrown at [D:\src\AOSP-openjdk-cygwin\jdk8u\hotspot\src\share\vm\prims\jni.cpp, line 709]

Events (10 events):
Event: 1.873 Executing VM operation: CollectForMetadataAllocation
Event: 1.873 Executing VM operation: CollectForMetadataAllocation done
Event: 1.874 loading class org/objectweb/asm/Edge
Event: 1.874 loading class org/objectweb/asm/Edge done
Event: 1.882 loading class org/objectweb/asm/Opcodes
Event: 1.882 loading class org/objectweb/asm/Opcodes done
Event: 1.886 loading class org/objectweb/asm/tree/TryCatchBlockNode
Event: 1.886 loading class org/objectweb/asm/tree/TryCatchBlockNode done
Event: 1.887 loading class org/objectweb/asm/Handler
Event: 1.887 loading class org/objectweb/asm/Handler done


Dynamic libraries:
0x00007ff6c8c60000 - 0x00007ff6c8c91000 	C:\Program Files\Android\Android Studio\jre\bin\java.exe
0x00007ffba9340000 - 0x00007ffba9521000 	C:\WINDOWS\SYSTEM32\ntdll.dll
0x00007ffba6ca0000 - 0x00007ffba6d52000 	C:\WINDOWS\System32\KERNEL32.DLL
0x00007ffba6070000 - 0x00007ffba62e3000 	C:\WINDOWS\System32\KERNELBASE.dll
0x00007ffba9260000 - 0x00007ffba9301000 	C:\WINDOWS\System32\ADVAPI32.dll
0x00007ffba77b0000 - 0x00007ffba784e000 	C:\WINDOWS\System32\msvcrt.dll
0x00007ffba71b0000 - 0x00007ffba720b000 	C:\WINDOWS\System32\sechost.dll
0x00007ffba7580000 - 0x00007ffba76a4000 	C:\WINDOWS\System32\RPCRT4.dll
0x00007ffba7ac0000 - 0x00007ffba7c50000 	C:\WINDOWS\System32\USER32.dll
0x00007ffba5790000 - 0x00007ffba57b0000 	C:\WINDOWS\System32\win32u.dll
0x00007ffba67e0000 - 0x00007ffba6808000 	C:\WINDOWS\System32\GDI32.dll
0x00007ffba6530000 - 0x00007ffba66c2000 	C:\WINDOWS\System32\gdi32full.dll
0x00007ffba5fd0000 - 0x00007ffba606f000 	C:\WINDOWS\System32\msvcp_win.dll
0x00007ffba66d0000 - 0x00007ffba67ca000 	C:\WINDOWS\System32\ucrtbase.dll
0x00007ffb93ad0000 - 0x00007ffb93d39000 	C:\WINDOWS\WinSxS\amd64_microsoft.windows.common-controls_6595b64144ccf1df_6.0.17134.48_none_b4b2216a3cb4dd3e\COMCTL32.dll
0x00007ffba6810000 - 0x00007ffba6b33000 	C:\WINDOWS\System32\combase.dll
0x00007ffba5710000 - 0x00007ffba578a000 	C:\WINDOWS\System32\bcryptPrimitives.dll
0x00007ffba9090000 - 0x00007ffba90bd000 	C:\WINDOWS\System32\IMM32.DLL
0x0000000069530000 - 0x0000000069602000 	C:\Program Files\Android\Android Studio\jre\jre\bin\msvcr100.dll
0x0000000066c10000 - 0x000000006744e000 	C:\Program Files\Android\Android Studio\jre\jre\bin\server\jvm.dll
0x00007ffba91d0000 - 0x00007ffba91d8000 	C:\WINDOWS\System32\PSAPI.DLL
0x00007ffba1d20000 - 0x00007ffba1d29000 	C:\WINDOWS\SYSTEM32\WSOCK32.dll
0x00007ffba7510000 - 0x00007ffba757c000 	C:\WINDOWS\System32\WS2_32.dll
0x00007ffb9d7c0000 - 0x00007ffb9d7ca000 	C:\WINDOWS\SYSTEM32\VERSION.dll
0x00007ffb95780000 - 0x00007ffb957a3000 	C:\WINDOWS\SYSTEM32\WINMM.dll
0x00007ffb95570000 - 0x00007ffb9559a000 	C:\WINDOWS\SYSTEM32\WINMMBASE.dll
0x00007ffba64e0000 - 0x00007ffba6529000 	C:\WINDOWS\System32\cfgmgr32.dll
0x00007ffba1d30000 - 0x00007ffba1d3f000 	C:\Program Files\Android\Android Studio\jre\jre\bin\verify.dll
0x00007ffba1b00000 - 0x00007ffba1b29000 	C:\Program Files\Android\Android Studio\jre\jre\bin\java.dll
0x00007ffb9f450000 - 0x00007ffb9f466000 	C:\Program Files\Android\Android Studio\jre\jre\bin\zip.dll
0x00007ffba7c50000 - 0x00007ffba9090000 	C:\WINDOWS\System32\SHELL32.dll
0x00007ffba9120000 - 0x00007ffba91c9000 	C:\WINDOWS\System32\shcore.dll
0x00007ffba58c0000 - 0x00007ffba5fcd000 	C:\WINDOWS\System32\windows.storage.dll
0x00007ffba90c0000 - 0x00007ffba9111000 	C:\WINDOWS\System32\shlwapi.dll
0x00007ffba5680000 - 0x00007ffba5691000 	C:\WINDOWS\System32\kernel.appcore.dll
0x00007ffba56f0000 - 0x00007ffba570f000 	C:\WINDOWS\System32\profapi.dll
0x00007ffba56a0000 - 0x00007ffba56ec000 	C:\WINDOWS\System32\powrprof.dll
0x00007ffba5650000 - 0x00007ffba565a000 	C:\WINDOWS\System32\FLTLIB.DLL
0x00007ffba5080000 - 0x00007ffba5097000 	C:\WINDOWS\SYSTEM32\CRYPTSP.dll
0x00007ffba4ab0000 - 0x00007ffba4ae3000 	C:\WINDOWS\system32\rsaenh.dll
0x00007ffba51b0000 - 0x00007ffba51d5000 	C:\WINDOWS\SYSTEM32\bcrypt.dll
0x00007ffba5580000 - 0x00007ffba55a8000 	C:\WINDOWS\SYSTEM32\USERENV.dll
0x00007ffba50a0000 - 0x00007ffba50ab000 	C:\WINDOWS\SYSTEM32\CRYPTBASE.dll
0x00007ffb9f430000 - 0x00007ffb9f44a000 	C:\Program Files\Android\Android Studio\jre\jre\bin\net.dll
0x00007ffba4ed0000 - 0x00007ffba4f36000 	C:\WINDOWS\system32\mswsock.dll
0x00007ffba4c50000 - 0x00007ffba4c88000 	C:\WINDOWS\SYSTEM32\IPHLPAPI.DLL
0x00007ffba7430000 - 0x00007ffba7438000 	C:\WINDOWS\System32\NSI.dll
0x00007ffb9a1f0000 - 0x00007ffb9a206000 	C:\WINDOWS\SYSTEM32\dhcpcsvc6.DLL
0x00007ffb9a120000 - 0x00007ffb9a13a000 	C:\WINDOWS\SYSTEM32\dhcpcsvc.DLL
0x00007ffb9f410000 - 0x00007ffb9f421000 	C:\Program Files\Android\Android Studio\jre\jre\bin\nio.dll

VM Arguments:
jvm_args: -Djava.awt.headless=true -Xmx64M -Dfile.encoding=x-windows-949 -Duser.country=KR -Duser.language=ko -Duser.variant 
java_command: com.google.devtools.build.android.desugar.Desugar @D:\test\app\build\intermediates\tmp\desugar_args5130249809857306421
java_class_path (initial): C:\Users\Goo\AppData\Local\Temp\desugar_deploy.jar6166084629044052758
Launcher Type: SUN_STANDARD

Environment Variables:
PATH=C:\ProgramData\Oracle\Java\javapath;C:\WINDOWS\system32;C:\WINDOWS;C:\WINDOWS\System32\Wbem;C:\WINDOWS\System32\WindowsPowerShell\v1.0\;C:\OpenSSL;;C:\WINDOWS\System32\OpenSSH\;C:\Users\Goo\AppData\Local\Microsoft\WindowsApps;
USERNAME=Goo
OS=Windows_NT
PROCESSOR_IDENTIFIER=Intel64 Family 6 Model 158 Stepping 9, GenuineIntel



---------------  S Y S T E M  ---------------

OS: Windows 10.0 , 64 bit Build 17134 (10.0.17134.1)

CPU:total 8 (initial active 8) (4 cores per cpu, 2 threads per core) family 6 model 158 stepping 9, cmov, cx8, fxsr, mmx, sse, sse2, sse3, ssse3, sse4.1, sse4.2, popcnt, avx, avx2, aes, clmul, erms, 3dnowpref, lzcnt, ht, tsc, tscinvbit, bmi1, bmi2, adx

Memory: 4k page, physical 16692940k(4096512k free), swap 16692940k(244k free)

vm_info: OpenJDK 64-Bit Server VM (25.152-b01) for windows-amd64 JRE (1.8.0_152-release-915-b01), built by "builder" with MS VC++ 10.0 (VS2010)

time: Sun May 27 19:03:55 2018
elapsed time: 1 seconds (0d 0h 0m 1s)

