#
# There is insufficient memory for the Java Runtime Environment to continue.
# Native memory allocation (malloc) failed to allocate 283696 bytes for Chunk::new
# Possible reasons:
#   The system is out of physical RAM or swap space
#   In 32 bit mode, the process size limit was hit
# Possible solutions:
#   Reduce memory load on the system
#   Increase physical memory or swap space
#   Check if swap backing store is full
#   Use 64 bit Java on a 64 bit OS
#   Decrease Java heap size (-Xmx/-Xms)
#   Decrease number of Java threads
#   Decrease Java thread stack sizes (-Xss)
#   Set larger code cache with -XX:ReservedCodeCacheSize=
# This output file may be truncated or incomplete.
#
#  Out of Memory Error (allocation.cpp:390), pid=11548, tid=0x0000000000001b98
#
# JRE version: OpenJDK Runtime Environment (8.0_152-b01) (build 1.8.0_152-release-915-b01)
# Java VM: OpenJDK 64-Bit Server VM (25.152-b01 mixed mode windows-amd64 compressed oops)
# Failed to write core dump. Minidumps are not enabled by default on client versions of Windows
#

---------------  T H R E A D  ---------------

Current thread (0x000000001332e000):  JavaThread "C2 CompilerThread0" daemon [_thread_in_native, id=7064, stack(0x0000000015990000,0x0000000015a90000)]

Stack: [0x0000000015990000,0x0000000015a90000]
[error occurred during error reporting (printing stack bounds), id 0xc0000005]

Native frames: (J=compiled Java code, j=interpreted, Vv=VM code, C=native code)


Current CompileTask:
C2:   4751 1065       4       org.objectweb.asm.ClassReader::a (3587 bytes)


---------------  P R O C E S S  ---------------

Java Threads: ( => current thread )
  0x00000000152de000 JavaThread "Service Thread" daemon [_thread_blocked, id=9200, stack(0x0000000015d90000,0x0000000015e90000)]
  0x00000000152d5800 JavaThread "C1 CompilerThread3" daemon [_thread_blocked, id=6792, stack(0x0000000015c90000,0x0000000015d90000)]
  0x0000000015286800 JavaThread "C2 CompilerThread2" daemon [_thread_blocked, id=7404, stack(0x0000000015b90000,0x0000000015c90000)]
  0x0000000015281800 JavaThread "C2 CompilerThread1" daemon [_thread_blocked, id=1616, stack(0x0000000015a90000,0x0000000015b90000)]
=>0x000000001332e000 JavaThread "C2 CompilerThread0" daemon [_thread_in_native, id=7064, stack(0x0000000015990000,0x0000000015a90000)]
  0x000000001527e800 JavaThread "Attach Listener" daemon [_thread_blocked, id=7620, stack(0x0000000015890000,0x0000000015990000)]
  0x000000001522b000 JavaThread "Signal Dispatcher" daemon [_thread_blocked, id=2516, stack(0x0000000015790000,0x0000000015890000)]
  0x0000000015210800 JavaThread "Finalizer" daemon [_thread_blocked, id=1424, stack(0x00000000155f0000,0x00000000156f0000)]
  0x0000000002b48000 JavaThread "Reference Handler" daemon [_thread_blocked, id=12360, stack(0x00000000150f0000,0x00000000151f0000)]
  0x000000000294d800 JavaThread "main" [_thread_in_Java, id=4872, stack(0x0000000002950000,0x0000000002a50000)]

Other Threads:
  0x0000000013315800 VMThread [stack: 0x0000000014ff0000,0x00000000150f0000] [id=5004]
  0x00000000152df000 WatcherThread [stack: 0x0000000015e90000,0x0000000015f90000] [id=7772]

VM state:not at safepoint (normal execution)

VM Mutex/Monitor currently owned by a thread: None

Heap:
 PSYoungGen      total 18944K, used 10399K [0x00000000feb00000, 0x0000000100000000, 0x0000000100000000)
  eden space 16384K, 48% used [0x00000000feb00000,0x00000000ff2aeba8,0x00000000ffb00000)
  from space 2560K, 98% used [0x00000000ffb00000,0x00000000ffd79450,0x00000000ffd80000)
  to   space 2560K, 0% used [0x00000000ffd80000,0x00000000ffd80000,0x0000000100000000)
 ParOldGen       total 44032K, used 6912K [0x00000000fc000000, 0x00000000feb00000, 0x00000000feb00000)
  object space 44032K, 15% used [0x00000000fc000000,0x00000000fc6c0058,0x00000000feb00000)
 Metaspace       used 7730K, capacity 7906K, committed 8192K, reserved 1056768K
  class space    used 875K, capacity 957K, committed 1024K, reserved 1048576K

Card table byte_map: [0x00000000028f0000,0x0000000002920000] byte_map_base: 0x0000000002110000

Marking Bits: (ParMarkBitMap*) 0x000000005d303950
 Begin Bits: [0x0000000012710000, 0x0000000012810000)
 End Bits:   [0x0000000012810000, 0x0000000012910000)

Polling page: 0x0000000000a30000

CodeCache: size=245760Kb used=4385Kb max_used=4387Kb free=241375Kb
 bounds [0x0000000002b50000, 0x0000000002fa0000, 0x0000000011b50000]
 total_blobs=1469 nmethods=1135 adapters=248
 compilation: enabled

Compilation events (10 events):
Event: 4.684 Thread 0x00000000152d5800 1135       3       java.nio.Buffer::remaining (10 bytes)
Event: 4.684 Thread 0x00000000152d5800 nmethod 1135 0x0000000002f92ed0 code [0x0000000002f93020, 0x0000000002f93170]
Event: 4.688 Thread 0x0000000015286800 nmethod 1134 0x0000000002f979d0 code [0x0000000002f97b60, 0x0000000002f97f78]
Event: 4.689 Thread 0x00000000152d5800 1136       3       java.util.ArrayList::toArray (60 bytes)
Event: 4.689 Thread 0x00000000152d5800 nmethod 1136 0x0000000002f940d0 code [0x0000000002f94260, 0x0000000002f94818]
Event: 4.690 Thread 0x00000000152d5800 1137       3       com.google.devtools.build.android.desugar.DefaultMethodClassFixer::defaultMethodsDefined (83 bytes)
Event: 4.690 Thread 0x0000000015281800 nmethod 1133 0x0000000002f93590 code [0x0000000002f93720, 0x0000000002f93c28]
Event: 4.690 Thread 0x00000000152d5800 nmethod 1137 0x0000000002f98e50 code [0x0000000002f99060, 0x0000000002f99ae8]
Event: 4.690 Thread 0x00000000152d5800 1138       3       com.google.devtools.build.android.desugar.InvokeDynamicLambdaMethodCollector::<init> (14 bytes)
Event: 4.691 Thread 0x00000000152d5800 nmethod 1138 0x0000000002f98710 code [0x0000000002f988a0, 0x0000000002f98c78]

GC Heap History (6 events):
Event: 1.368 GC heap before
{Heap before GC invocations=1 (full 0):
 PSYoungGen      total 18944K, used 16384K [0x00000000feb00000, 0x0000000100000000, 0x0000000100000000)
  eden space 16384K, 100% used [0x00000000feb00000,0x00000000ffb00000,0x00000000ffb00000)
  from space 2560K, 0% used [0x00000000ffd80000,0x00000000ffd80000,0x0000000100000000)
  to   space 2560K, 0% used [0x00000000ffb00000,0x00000000ffb00000,0x00000000ffd80000)
 ParOldGen       total 44032K, used 0K [0x00000000fc000000, 0x00000000feb00000, 0x00000000feb00000)
  object space 44032K, 0% used [0x00000000fc000000,0x00000000fc000000,0x00000000feb00000)
 Metaspace       used 6632K, capacity 6800K, committed 7040K, reserved 1056768K
  class space    used 773K, capacity 824K, committed 896K, reserved 1048576K
Event: 1.409 GC heap after
Heap after GC invocations=1 (full 0):
 PSYoungGen      total 18944K, used 2537K [0x00000000feb00000, 0x0000000100000000, 0x0000000100000000)
  eden space 16384K, 0% used [0x00000000feb00000,0x00000000feb00000,0x00000000ffb00000)
  from space 2560K, 99% used [0x00000000ffb00000,0x00000000ffd7a620,0x00000000ffd80000)
  to   space 2560K, 0% used [0x00000000ffd80000,0x00000000ffd80000,0x0000000100000000)
 ParOldGen       total 44032K, used 1548K [0x00000000fc000000, 0x00000000feb00000, 0x00000000feb00000)
  object space 44032K, 3% used [0x00000000fc000000,0x00000000fc183310,0x00000000feb00000)
 Metaspace       used 6632K, capacity 6800K, committed 7040K, reserved 1056768K
  class space    used 773K, capacity 824K, committed 896K, reserved 1048576K
}
Event: 1.828 GC heap before
{Heap before GC invocations=2 (full 0):
 PSYoungGen      total 18944K, used 18921K [0x00000000feb00000, 0x0000000100000000, 0x0000000100000000)
  eden space 16384K, 100% used [0x00000000feb00000,0x00000000ffb00000,0x00000000ffb00000)
  from space 2560K, 99% used [0x00000000ffb00000,0x00000000ffd7a620,0x00000000ffd80000)
  to   space 2560K, 0% used [0x00000000ffd80000,0x00000000ffd80000,0x0000000100000000)
 ParOldGen       total 44032K, used 1548K [0x00000000fc000000, 0x00000000feb00000, 0x00000000feb00000)
  object space 44032K, 3% used [0x00000000fc000000,0x00000000fc183310,0x00000000feb00000)
 Metaspace       used 6953K, capacity 7106K, committed 7296K, reserved 1056768K
  class space    used 814K, capacity 861K, committed 896K, reserved 1048576K
Event: 1.861 GC heap after
Heap after GC invocations=2 (full 0):
 PSYoungGen      total 18944K, used 2531K [0x00000000feb00000, 0x0000000100000000, 0x0000000100000000)
  eden space 16384K, 0% used [0x00000000feb00000,0x00000000feb00000,0x00000000ffb00000)
  from space 2560K, 98% used [0x00000000ffd80000,0x00000000ffff8e20,0x0000000100000000)
  to   space 2560K, 0% used [0x00000000ffb00000,0x00000000ffb00000,0x00000000ffd80000)
 ParOldGen       total 44032K, used 5874K [0x00000000fc000000, 0x00000000feb00000, 0x00000000feb00000)
  object space 44032K, 13% used [0x00000000fc000000,0x00000000fc5bc808,0x00000000feb00000)
 Metaspace       used 6953K, capacity 7106K, committed 7296K, reserved 1056768K
  class space    used 814K, capacity 861K, committed 896K, reserved 1048576K
}
Event: 4.101 GC heap before
{Heap before GC invocations=3 (full 0):
 PSYoungGen      total 18944K, used 18915K [0x00000000feb00000, 0x0000000100000000, 0x0000000100000000)
  eden space 16384K, 100% used [0x00000000feb00000,0x00000000ffb00000,0x00000000ffb00000)
  from space 2560K, 98% used [0x00000000ffd80000,0x00000000ffff8e20,0x0000000100000000)
  to   space 2560K, 0% used [0x00000000ffb00000,0x00000000ffb00000,0x00000000ffd80000)
 ParOldGen       total 44032K, used 5874K [0x00000000fc000000, 0x00000000feb00000, 0x00000000feb00000)
  object space 44032K, 13% used [0x00000000fc000000,0x00000000fc5bc808,0x00000000feb00000)
 Metaspace       used 7703K, capacity 7906K, committed 8192K, reserved 1056768K
  class space    used 875K, capacity 957K, committed 1024K, reserved 1048576K
Event: 4.195 GC heap after
Heap after GC invocations=3 (full 0):
 PSYoungGen      total 18944K, used 2533K [0x00000000feb00000, 0x0000000100000000, 0x0000000100000000)
  eden space 16384K, 0% used [0x00000000feb00000,0x00000000feb00000,0x00000000ffb00000)
  from space 2560K, 98% used [0x00000000ffb00000,0x00000000ffd79450,0x00000000ffd80000)
  to   space 2560K, 0% used [0x00000000ffd80000,0x00000000ffd80000,0x0000000100000000)
 ParOldGen       total 44032K, used 6912K [0x00000000fc000000, 0x00000000feb00000, 0x00000000feb00000)
  object space 44032K, 15% used [0x00000000fc000000,0x00000000fc6c0058,0x00000000feb00000)
 Metaspace       used 7703K, capacity 7906K, committed 8192K, reserved 1056768K
  class space    used 875K, capacity 957K, committed 1024K, reserved 1048576K
}

Deoptimization events (10 events):
Event: 1.478 Thread 0x000000000294d800 Uncommon trap: reason=unstable_if action=reinterpret pc=0x0000000002d90e58 method=java.util.zip.ZipFile.getZipEntry(Ljava/lang/String;J)Ljava/util/zip/ZipEntry; @ 19
Event: 1.787 Thread 0x000000000294d800 Uncommon trap: reason=unloaded action=reinterpret pc=0x0000000002d93abc method=java.util.zip.ZipEntry.setExtra0([BZ)V @ 37
Event: 2.514 Thread 0x000000000294d800 Uncommon trap: reason=unstable_if action=reinterpret pc=0x0000000002e33bc8 method=org.objectweb.asm.ClassReader.readUTF8(I[C)Ljava/lang/String; @ 7
Event: 2.515 Thread 0x000000000294d800 Uncommon trap: reason=unstable_if action=reinterpret pc=0x0000000002cfb278 method=java.lang.String.<init>([CII)V @ 18
Event: 2.554 Thread 0x000000000294d800 Uncommon trap: reason=class_check action=maybe_recompile pc=0x0000000002e9bf6c method=org.objectweb.asm.MethodVisitor.visitVarInsn(II)V @ 13
Event: 2.554 Thread 0x000000000294d800 Uncommon trap: reason=class_check action=maybe_recompile pc=0x0000000002e9bf6c method=org.objectweb.asm.MethodVisitor.visitVarInsn(II)V @ 13
Event: 2.554 Thread 0x000000000294d800 Uncommon trap: reason=class_check action=maybe_recompile pc=0x0000000002e9bf6c method=org.objectweb.asm.MethodVisitor.visitVarInsn(II)V @ 13
Event: 2.554 Thread 0x000000000294d800 Uncommon trap: reason=class_check action=maybe_recompile pc=0x0000000002e9bf6c method=org.objectweb.asm.MethodVisitor.visitVarInsn(II)V @ 13
Event: 3.140 Thread 0x000000000294d800 Uncommon trap: reason=null_check action=make_not_entrant pc=0x0000000002f34c8c method=com.google.devtools.build.android.desugar.InterfaceDesugaring$InterfaceInvocationRewriter.visitMethodInsn(ILjava/lang/String;Ljava/lang/String;Ljava/lang/String;Z)V @ 10
Event: 4.098 Thread 0x000000000294d800 Uncommon trap: reason=unstable_if action=reinterpret pc=0x0000000002e99cc0 method=org.objectweb.asm.ClassReader.readUTF8(I[C)Ljava/lang/String; @ 11

Classes redefined (0 events):
No events

Internal exceptions (10 events):
Event: 1.999 Thread 0x000000000294d800 Exception <a 'sun/nio/fs/WindowsException'> (0x00000000febe7188) thrown at [D:\src\AOSP-openjdk-cygwin\jdk8u\hotspot\src\share\vm\prims\jni.cpp, line 709]
Event: 2.875 Thread 0x000000000294d800 Exception <a 'sun/nio/fs/WindowsException'> (0x00000000ffa012f0) thrown at [D:\src\AOSP-openjdk-cygwin\jdk8u\hotspot\src\share\vm\prims\jni.cpp, line 709]
Event: 2.875 Thread 0x000000000294d800 Exception <a 'sun/nio/fs/WindowsException'> (0x00000000ffa017c8) thrown at [D:\src\AOSP-openjdk-cygwin\jdk8u\hotspot\src\share\vm\prims\jni.cpp, line 709]
Event: 3.140 Thread 0x000000000294d800 Implicit null exception at 0x0000000002f2f7d2 to 0x0000000002f34c69
Event: 3.353 Thread 0x000000000294d800 Exception <a 'sun/nio/fs/WindowsException'> (0x00000000ffa75280) thrown at [D:\src\AOSP-openjdk-cygwin\jdk8u\hotspot\src\share\vm\prims\jni.cpp, line 709]
Event: 3.358 Thread 0x000000000294d800 Exception <a 'sun/nio/fs/WindowsException'> (0x00000000ffa75758) thrown at [D:\src\AOSP-openjdk-cygwin\jdk8u\hotspot\src\share\vm\prims\jni.cpp, line 709]
Event: 4.025 Thread 0x000000000294d800 Exception <a 'sun/nio/fs/WindowsException'> (0x00000000ffa78c10) thrown at [D:\src\AOSP-openjdk-cygwin\jdk8u\hotspot\src\share\vm\prims\jni.cpp, line 709]
Event: 4.025 Thread 0x000000000294d800 Exception <a 'sun/nio/fs/WindowsException'> (0x00000000ffa790e8) thrown at [D:\src\AOSP-openjdk-cygwin\jdk8u\hotspot\src\share\vm\prims\jni.cpp, line 709]
Event: 4.096 Thread 0x000000000294d800 Exception <a 'sun/nio/fs/WindowsException'> (0x00000000ffaa8a40) thrown at [D:\src\AOSP-openjdk-cygwin\jdk8u\hotspot\src\share\vm\prims\jni.cpp, line 709]
Event: 4.096 Thread 0x000000000294d800 Exception <a 'sun/nio/fs/WindowsException'> (0x00000000ffaa8f18) thrown at [D:\src\AOSP-openjdk-cygwin\jdk8u\hotspot\src\share\vm\prims\jni.cpp, line 709]

Events (10 events):
Event: 4.536 Thread 0x000000000294d800 DEOPT PACKING pc=0x0000000002eaf826 sp=0x0000000002a4e900
Event: 4.558 Thread 0x000000000294d800 DEOPT UNPACKING pc=0x0000000002b975bf sp=0x0000000002a4e690 mode 0
Event: 4.561 Thread 0x000000000294d800 DEOPT PACKING pc=0x0000000002e46ddd sp=0x0000000002a4e690
Event: 4.561 Thread 0x000000000294d800 DEOPT UNPACKING pc=0x0000000002b975bf sp=0x0000000002a4e640 mode 0
Event: 4.574 Thread 0x000000000294d800 DEOPT PACKING pc=0x0000000002e46ddd sp=0x0000000002a4e690
Event: 4.574 Thread 0x000000000294d800 DEOPT UNPACKING pc=0x0000000002b975bf sp=0x0000000002a4e640 mode 0
Event: 4.575 Thread 0x000000000294d800 DEOPT PACKING pc=0x0000000002e850f0 sp=0x0000000002a4e860
Event: 4.575 Thread 0x000000000294d800 DEOPT UNPACKING pc=0x0000000002b975bf sp=0x0000000002a4e588 mode 0
Event: 4.580 Thread 0x000000000294d800 DEOPT PACKING pc=0x0000000002e46ddd sp=0x0000000002a4e690
Event: 4.580 Thread 0x000000000294d800 DEOPT UNPACKING pc=0x0000000002b975bf sp=0x0000000002a4e640 mode 0


Dynamic libraries:
0x00007ff6199f0000 - 0x00007ff619a21000 	C:\Program Files\Android\Android Studio\jre\bin\java.exe
0x00007ff98de30000 - 0x00007ff98e011000 	C:\WINDOWS\SYSTEM32\ntdll.dll
0x00007ff98c160000 - 0x00007ff98c212000 	C:\WINDOWS\System32\KERNEL32.DLL
0x00007ff98a400000 - 0x00007ff98a673000 	C:\WINDOWS\System32\KERNELBASE.dll
0x00007ff98b860000 - 0x00007ff98b901000 	C:\WINDOWS\System32\ADVAPI32.dll
0x00007ff98bd20000 - 0x00007ff98bdbe000 	C:\WINDOWS\System32\msvcrt.dll
0x00007ff98b910000 - 0x00007ff98b96b000 	C:\WINDOWS\System32\sechost.dll
0x00007ff98b3b0000 - 0x00007ff98b4d4000 	C:\WINDOWS\System32\RPCRT4.dll
0x00007ff98b9f0000 - 0x00007ff98bb80000 	C:\WINDOWS\System32\USER32.dll
0x00007ff98b2a0000 - 0x00007ff98b2c0000 	C:\WINDOWS\System32\win32u.dll
0x00007ff98b380000 - 0x00007ff98b3a8000 	C:\WINDOWS\System32\GDI32.dll
0x00007ff98b060000 - 0x00007ff98b1f2000 	C:\WINDOWS\System32\gdi32full.dll
0x00007ff98b200000 - 0x00007ff98b29f000 	C:\WINDOWS\System32\msvcp_win.dll
0x00007ff98a300000 - 0x00007ff98a3fa000 	C:\WINDOWS\System32\ucrtbase.dll
0x00007ff97d610000 - 0x00007ff97d879000 	C:\WINDOWS\WinSxS\amd64_microsoft.windows.common-controls_6595b64144ccf1df_6.0.17134.48_none_b4b2216a3cb4dd3e\COMCTL32.dll
0x00007ff98bdd0000 - 0x00007ff98c0f3000 	C:\WINDOWS\System32\combase.dll
0x00007ff98adf0000 - 0x00007ff98ae6a000 	C:\WINDOWS\System32\bcryptPrimitives.dll
0x00007ff98b5c0000 - 0x00007ff98b5ed000 	C:\WINDOWS\System32\IMM32.DLL
0x000000005ca60000 - 0x000000005cb32000 	C:\Program Files\Android\Android Studio\jre\jre\bin\msvcr100.dll
0x000000005cb40000 - 0x000000005d37e000 	C:\Program Files\Android\Android Studio\jre\jre\bin\server\jvm.dll
0x00007ff98b5b0000 - 0x00007ff98b5b8000 	C:\WINDOWS\System32\PSAPI.DLL
0x00007ff985c60000 - 0x00007ff985c69000 	C:\WINDOWS\SYSTEM32\WSOCK32.dll
0x00007ff98b970000 - 0x00007ff98b9dc000 	C:\WINDOWS\System32\WS2_32.dll
0x00007ff982480000 - 0x00007ff98248a000 	C:\WINDOWS\SYSTEM32\VERSION.dll
0x00007ff987c20000 - 0x00007ff987c43000 	C:\WINDOWS\SYSTEM32\WINMM.dll
0x00007ff987620000 - 0x00007ff98764a000 	C:\WINDOWS\SYSTEM32\winmmbase.dll
0x00007ff98a2b0000 - 0x00007ff98a2f9000 	C:\WINDOWS\System32\cfgmgr32.dll
0x00007ff96ba40000 - 0x00007ff96ba4f000 	C:\Program Files\Android\Android Studio\jre\jre\bin\verify.dll
0x00007ff96ba10000 - 0x00007ff96ba39000 	C:\Program Files\Android\Android Studio\jre\jre\bin\java.dll
0x00007ff96b9f0000 - 0x00007ff96ba06000 	C:\Program Files\Android\Android Studio\jre\jre\bin\zip.dll
0x00007ff98c2a0000 - 0x00007ff98d6e0000 	C:\WINDOWS\System32\SHELL32.dll
0x00007ff98b4e0000 - 0x00007ff98b589000 	C:\WINDOWS\System32\shcore.dll
0x00007ff98a680000 - 0x00007ff98ad8d000 	C:\WINDOWS\System32\windows.storage.dll
0x00007ff98b320000 - 0x00007ff98b371000 	C:\WINDOWS\System32\shlwapi.dll
0x00007ff98a170000 - 0x00007ff98a181000 	C:\WINDOWS\System32\kernel.appcore.dll
0x00007ff98a190000 - 0x00007ff98a1af000 	C:\WINDOWS\System32\profapi.dll
0x00007ff98a1b0000 - 0x00007ff98a1fc000 	C:\WINDOWS\System32\powrprof.dll
0x00007ff98a160000 - 0x00007ff98a16a000 	C:\WINDOWS\System32\FLTLIB.DLL
0x00007ff989b70000 - 0x00007ff989b87000 	C:\WINDOWS\SYSTEM32\CRYPTSP.dll
0x00007ff9895a0000 - 0x00007ff9895d3000 	C:\WINDOWS\system32\rsaenh.dll
0x00007ff989ca0000 - 0x00007ff989cc5000 	C:\WINDOWS\SYSTEM32\bcrypt.dll
0x00007ff98a040000 - 0x00007ff98a068000 	C:\WINDOWS\SYSTEM32\USERENV.dll
0x00007ff989b90000 - 0x00007ff989b9b000 	C:\WINDOWS\SYSTEM32\CRYPTBASE.dll
0x00007ff96b9d0000 - 0x00007ff96b9ea000 	C:\Program Files\Android\Android Studio\jre\jre\bin\net.dll
0x00007ff9899c0000 - 0x00007ff989a26000 	C:\WINDOWS\system32\mswsock.dll
0x00007ff989740000 - 0x00007ff989778000 	C:\WINDOWS\SYSTEM32\IPHLPAPI.DLL
0x00007ff98bdc0000 - 0x00007ff98bdc8000 	C:\WINDOWS\System32\NSI.dll
0x00007ff982c80000 - 0x00007ff982c96000 	C:\WINDOWS\SYSTEM32\dhcpcsvc6.DLL
0x00007ff982c60000 - 0x00007ff982c7a000 	C:\WINDOWS\SYSTEM32\dhcpcsvc.DLL
0x00007ff967fc0000 - 0x00007ff967fd1000 	C:\Program Files\Android\Android Studio\jre\jre\bin\nio.dll

VM Arguments:
jvm_args: -Djava.awt.headless=true -Xmx64M -Dfile.encoding=x-windows-949 -Duser.country=KR -Duser.language=ko -Duser.variant 
java_command: com.google.devtools.build.android.desugar.Desugar @D:\test\app\build\intermediates\tmp\desugar_args601949077485680805
java_class_path (initial): C:\Users\Goo\AppData\Local\Temp\desugar_deploy.jar3189730495422438638
Launcher Type: SUN_STANDARD

Environment Variables:
PATH=C:\ProgramData\Oracle\Java\javapath;C:\WINDOWS\system32;C:\WINDOWS;C:\WINDOWS\System32\Wbem;C:\WINDOWS\System32\WindowsPowerShell\v1.0\;C:\OpenSSL;;C:\WINDOWS\System32\OpenSSH\;C:\Users\Goo\AppData\Local\Microsoft\WindowsApps;
USERNAME=Goo
OS=Windows_NT
PROCESSOR_IDENTIFIER=Intel64 Family 6 Model 158 Stepping 9, GenuineIntel



---------------  S Y S T E M  ---------------

OS: Windows 10.0 , 64 bit Build 17134 (10.0.17134.1)

CPU:total 8 (initial active 8) (4 cores per cpu, 2 threads per core) family 6 model 158 stepping 9, cmov, cx8, fxsr, mmx, sse, sse2, sse3, ssse3, sse4.1, sse4.2, popcnt, avx, avx2, aes, clmul, erms, 3dnowpref, lzcnt, ht, tsc, tscinvbit, bmi1, bmi2, adx

Memory: 4k page, physical 16692940k(4681276k free), swap 16692940k(3140k free)

vm_info: OpenJDK 64-Bit Server VM (25.152-b01) for windows-amd64 JRE (1.8.0_152-release-915-b01), built by "builder" with MS VC++ 10.0 (VS2010)

time: Mon Jun 11 01:47:13 2018
elapsed time: 4 seconds (0d 0h 0m 4s)

