#
# There is insufficient memory for the Java Runtime Environment to continue.
# Native memory allocation (malloc) failed to allocate 32784 bytes for Chunk::new
# Possible reasons:
#   The system is out of physical RAM or swap space
#   In 32 bit mode, the process size limit was hit
# Possible solutions:
#   Reduce memory load on the system
#   Increase physical memory or swap space
#   Check if swap backing store is full
#   Use 64 bit Java on a 64 bit OS
#   Decrease Java heap size (-Xmx/-Xms)
#   Decrease number of Java threads
#   Decrease Java thread stack sizes (-Xss)
#   Set larger code cache with -XX:ReservedCodeCacheSize=
# This output file may be truncated or incomplete.
#
#  Out of Memory Error (allocation.cpp:390), pid=11764, tid=0x0000000000003548
#
# JRE version: OpenJDK Runtime Environment (8.0_152-b01) (build 1.8.0_152-release-915-b01)
# Java VM: OpenJDK 64-Bit Server VM (25.152-b01 mixed mode windows-amd64 compressed oops)
# Failed to write core dump. Minidumps are not enabled by default on client versions of Windows
#

---------------  T H R E A D  ---------------

Current thread (0x0000000015031000):  JavaThread "C2 CompilerThread1" daemon [_thread_in_native, id=13640, stack(0x0000000015830000,0x0000000015930000)]

Stack: [0x0000000015830000,0x0000000015930000]
[error occurred during error reporting (printing stack bounds), id 0xc0000005]

Native frames: (J=compiled Java code, j=interpreted, Vv=VM code, C=native code)


Current CompileTask:
C2:   4181 1156       4       org.objectweb.asm.MethodVisitor::visitFieldInsn (20 bytes)


---------------  P R O C E S S  ---------------

Java Threads: ( => current thread )
  0x000000001503e000 JavaThread "Service Thread" daemon [_thread_blocked, id=14260, stack(0x0000000015b30000,0x0000000015c30000)]
  0x0000000015038000 JavaThread "C1 CompilerThread3" daemon [_thread_in_native, id=8068, stack(0x0000000015a30000,0x0000000015b30000)]
  0x0000000015034000 JavaThread "C2 CompilerThread2" daemon [_thread_blocked, id=11956, stack(0x0000000015930000,0x0000000015a30000)]
=>0x0000000015031000 JavaThread "C2 CompilerThread1" daemon [_thread_in_native, id=13640, stack(0x0000000015830000,0x0000000015930000)]
  0x0000000014fdb800 JavaThread "C2 CompilerThread0" daemon [_thread_blocked, id=14328, stack(0x0000000015730000,0x0000000015830000)]
  0x0000000014fda000 JavaThread "Attach Listener" daemon [_thread_blocked, id=9716, stack(0x0000000015630000,0x0000000015730000)]
  0x0000000015030000 JavaThread "Signal Dispatcher" daemon [_thread_blocked, id=6872, stack(0x0000000015530000,0x0000000015630000)]
  0x0000000014fc0800 JavaThread "Finalizer" daemon [_thread_blocked, id=1668, stack(0x00000000153a0000,0x00000000154a0000)]
  0x0000000002928000 JavaThread "Reference Handler" daemon [_thread_blocked, id=4200, stack(0x0000000014ea0000,0x0000000014fa0000)]
  0x000000000282d800 JavaThread "main" [_thread_in_Java, id=2216, stack(0x0000000002710000,0x0000000002810000)]

Other Threads:
  0x00000000130d5000 VMThread [stack: 0x0000000014da0000,0x0000000014ea0000] [id=6952]
  0x000000001503e800 WatcherThread [stack: 0x0000000015c30000,0x0000000015d30000] [id=11620]

VM state:not at safepoint (normal execution)

VM Mutex/Monitor currently owned by a thread: None

Heap:
 PSYoungGen      total 18944K, used 3573K [0x00000000feb00000, 0x0000000100000000, 0x0000000100000000)
  eden space 16384K, 6% used [0x00000000feb00000,0x00000000fec05000,0x00000000ffb00000)
  from space 2560K, 98% used [0x00000000ffb00000,0x00000000ffd784f0,0x00000000ffd80000)
  to   space 2560K, 0% used [0x00000000ffd80000,0x00000000ffd80000,0x0000000100000000)
 ParOldGen       total 44032K, used 6845K [0x00000000fc000000, 0x00000000feb00000, 0x00000000feb00000)
  object space 44032K, 15% used [0x00000000fc000000,0x00000000fc6af6d8,0x00000000feb00000)
 Metaspace       used 7797K, capacity 7978K, committed 8192K, reserved 1056768K
  class space    used 875K, capacity 957K, committed 1024K, reserved 1048576K

Card table byte_map: [0x0000000002340000,0x0000000002370000] byte_map_base: 0x0000000001b60000

Marking Bits: (ParMarkBitMap*) 0x00000000673d3950
 Begin Bits: [0x00000000124f0000, 0x00000000125f0000)
 End Bits:   [0x00000000125f0000, 0x00000000126f0000)

Polling page: 0x00000000001f0000

CodeCache: size=245760Kb used=4376Kb max_used=4405Kb free=241383Kb
 bounds [0x0000000002930000, 0x0000000002d90000, 0x0000000011930000]
 total_blobs=1487 nmethods=1153 adapters=248
 compilation: enabled

Compilation events (10 events):
Event: 4.175 Thread 0x0000000015038000 1150   !   3       java.lang.ref.Finalizer::remove (94 bytes)
Event: 4.175 Thread 0x0000000015038000 nmethod 1150 0x0000000002d50750 code [0x0000000002d508c0, 0x0000000002d50d90]
Event: 4.175 Thread 0x0000000015038000 1151       3       java.lang.System$2::invokeFinalize (5 bytes)
Event: 4.175 Thread 0x0000000014fdb800 1155       4       org.objectweb.asm.ClassReader::readLabel (20 bytes)
Event: 4.175 Thread 0x0000000015038000 nmethod 1151 0x0000000002d50310 code [0x0000000002d50480, 0x0000000002d506a8]
Event: 4.175 Thread 0x0000000015038000 1154       3       org.objectweb.asm.ClassReader::a (3587 bytes)
Event: 4.176 Thread 0x0000000014fdb800 nmethod 1155 0x0000000002d68090 code [0x0000000002d681e0, 0x0000000002d68318]
Event: 4.177 Thread 0x0000000015031000 1156       4       org.objectweb.asm.MethodVisitor::visitFieldInsn (20 bytes)
Event: 4.177 Thread 0x0000000015034000 1157       4       org.objectweb.asm.ClassReader::readShort (27 bytes)
Event: 4.178 Thread 0x0000000015034000 nmethod 1157 0x0000000002d67d90 code [0x0000000002d67ec0, 0x0000000002d67f98]

GC Heap History (6 events):
Event: 1.193 GC heap before
{Heap before GC invocations=1 (full 0):
 PSYoungGen      total 18944K, used 16384K [0x00000000feb00000, 0x0000000100000000, 0x0000000100000000)
  eden space 16384K, 100% used [0x00000000feb00000,0x00000000ffb00000,0x00000000ffb00000)
  from space 2560K, 0% used [0x00000000ffd80000,0x00000000ffd80000,0x0000000100000000)
  to   space 2560K, 0% used [0x00000000ffb00000,0x00000000ffb00000,0x00000000ffd80000)
 ParOldGen       total 44032K, used 0K [0x00000000fc000000, 0x00000000feb00000, 0x00000000feb00000)
  object space 44032K, 0% used [0x00000000fc000000,0x00000000fc000000,0x00000000feb00000)
 Metaspace       used 6640K, capacity 6808K, committed 7040K, reserved 1056768K
  class space    used 773K, capacity 824K, committed 896K, reserved 1048576K
Event: 1.198 GC heap after
Heap after GC invocations=1 (full 0):
 PSYoungGen      total 18944K, used 2537K [0x00000000feb00000, 0x0000000100000000, 0x0000000100000000)
  eden space 16384K, 0% used [0x00000000feb00000,0x00000000feb00000,0x00000000ffb00000)
  from space 2560K, 99% used [0x00000000ffb00000,0x00000000ffd7a620,0x00000000ffd80000)
  to   space 2560K, 0% used [0x00000000ffd80000,0x00000000ffd80000,0x0000000100000000)
 ParOldGen       total 44032K, used 1618K [0x00000000fc000000, 0x00000000feb00000, 0x00000000feb00000)
  object space 44032K, 3% used [0x00000000fc000000,0x00000000fc1949a0,0x00000000feb00000)
 Metaspace       used 6640K, capacity 6808K, committed 7040K, reserved 1056768K
  class space    used 773K, capacity 824K, committed 896K, reserved 1048576K
}
Event: 1.610 GC heap before
{Heap before GC invocations=2 (full 0):
 PSYoungGen      total 18944K, used 18921K [0x00000000feb00000, 0x0000000100000000, 0x0000000100000000)
  eden space 16384K, 100% used [0x00000000feb00000,0x00000000ffb00000,0x00000000ffb00000)
  from space 2560K, 99% used [0x00000000ffb00000,0x00000000ffd7a620,0x00000000ffd80000)
  to   space 2560K, 0% used [0x00000000ffd80000,0x00000000ffd80000,0x0000000100000000)
 ParOldGen       total 44032K, used 1618K [0x00000000fc000000, 0x00000000feb00000, 0x00000000feb00000)
  object space 44032K, 3% used [0x00000000fc000000,0x00000000fc1949a0,0x00000000feb00000)
 Metaspace       used 6985K, capacity 7114K, committed 7296K, reserved 1056768K
  class space    used 816K, capacity 861K, committed 896K, reserved 1048576K
Event: 1.639 GC heap after
Heap after GC invocations=2 (full 0):
 PSYoungGen      total 18944K, used 2531K [0x00000000feb00000, 0x0000000100000000, 0x0000000100000000)
  eden space 16384K, 0% used [0x00000000feb00000,0x00000000feb00000,0x00000000ffb00000)
  from space 2560K, 98% used [0x00000000ffd80000,0x00000000ffff8e00,0x0000000100000000)
  to   space 2560K, 0% used [0x00000000ffb00000,0x00000000ffb00000,0x00000000ffd80000)
 ParOldGen       total 44032K, used 5991K [0x00000000fc000000, 0x00000000feb00000, 0x00000000feb00000)
  object space 44032K, 13% used [0x00000000fc000000,0x00000000fc5d9e98,0x00000000feb00000)
 Metaspace       used 6985K, capacity 7114K, committed 7296K, reserved 1056768K
  class space    used 816K, capacity 861K, committed 896K, reserved 1048576K
}
Event: 3.813 GC heap before
{Heap before GC invocations=3 (full 0):
 PSYoungGen      total 18944K, used 18915K [0x00000000feb00000, 0x0000000100000000, 0x0000000100000000)
  eden space 16384K, 100% used [0x00000000feb00000,0x00000000ffb00000,0x00000000ffb00000)
  from space 2560K, 98% used [0x00000000ffd80000,0x00000000ffff8e00,0x0000000100000000)
  to   space 2560K, 0% used [0x00000000ffb00000,0x00000000ffb00000,0x00000000ffd80000)
 ParOldGen       total 44032K, used 5991K [0x00000000fc000000, 0x00000000feb00000, 0x00000000feb00000)
  object space 44032K, 13% used [0x00000000fc000000,0x00000000fc5d9e98,0x00000000feb00000)
 Metaspace       used 7794K, capacity 7978K, committed 8192K, reserved 1056768K
  class space    used 875K, capacity 957K, committed 1024K, reserved 1048576K
Event: 4.172 GC heap after
Heap after GC invocations=3 (full 0):
 PSYoungGen      total 18944K, used 2529K [0x00000000feb00000, 0x0000000100000000, 0x0000000100000000)
  eden space 16384K, 0% used [0x00000000feb00000,0x00000000feb00000,0x00000000ffb00000)
  from space 2560K, 98% used [0x00000000ffb00000,0x00000000ffd784f0,0x00000000ffd80000)
  to   space 2560K, 0% used [0x00000000ffd80000,0x00000000ffd80000,0x0000000100000000)
 ParOldGen       total 44032K, used 6845K [0x00000000fc000000, 0x00000000feb00000, 0x00000000feb00000)
  object space 44032K, 15% used [0x00000000fc000000,0x00000000fc6af6d8,0x00000000feb00000)
 Metaspace       used 7794K, capacity 7978K, committed 8192K, reserved 1056768K
  class space    used 875K, capacity 957K, committed 1024K, reserved 1048576K
}

Deoptimization events (10 events):
Event: 1.225 Thread 0x000000000282d800 Uncommon trap: reason=unstable_if action=reinterpret pc=0x0000000002b835c0 method=java.util.zip.ZipCoder.decoder()Ljava/nio/charset/CharsetDecoder; @ 4
Event: 1.226 Thread 0x000000000282d800 Uncommon trap: reason=unstable_if action=reinterpret pc=0x0000000002b7c538 method=java.util.zip.ZipCoder.decoder()Ljava/nio/charset/CharsetDecoder; @ 4
Event: 1.226 Thread 0x000000000282d800 Uncommon trap: reason=unstable_if action=reinterpret pc=0x0000000002b7ef6c method=java.util.zip.ZipCoder.decoder()Ljava/nio/charset/CharsetDecoder; @ 4
Event: 1.235 Thread 0x000000000282d800 Uncommon trap: reason=unstable_if action=reinterpret pc=0x0000000002b904c8 method=java.util.HashMap$HashIterator.nextNode()Ljava/util/HashMap$Node; @ 74
Event: 1.371 Thread 0x000000000282d800 Uncommon trap: reason=unstable_if action=reinterpret pc=0x0000000002b90088 method=java.util.HashMap$HashIterator.nextNode()Ljava/util/HashMap$Node; @ 74
Event: 1.578 Thread 0x000000000282d800 Uncommon trap: reason=unloaded action=reinterpret pc=0x0000000002b8117c method=java.util.zip.ZipEntry.setExtra0([BZ)V @ 37
Event: 1.966 Thread 0x000000000282d800 Uncommon trap: reason=unstable_if action=reinterpret pc=0x0000000002c5b1e0 method=java.lang.String.<init>([CII)V @ 18
Event: 2.451 Thread 0x000000000282d800 Uncommon trap: reason=unstable_if action=reinterpret pc=0x0000000002c97aa8 method=java.io.BufferedOutputStream.write(I)V @ 9
Event: 3.811 Thread 0x000000000282d800 Uncommon trap: reason=unstable_if action=reinterpret pc=0x0000000002d6e08c method=org.objectweb.asm.ClassReader.a(Lorg/objectweb/asm/MethodVisitor;Lorg/objectweb/asm/Context;I)V @ 669
Event: 3.812 Thread 0x000000000282d800 Uncommon trap: reason=unstable_if action=reinterpret pc=0x0000000002cc6018 method=org.objectweb.asm.ClassReader.readUTF8(I[C)Ljava/lang/String; @ 11

Classes redefined (0 events):
No events

Internal exceptions (10 events):
Event: 1.650 Thread 0x000000000282d800 Exception <a 'sun/nio/fs/WindowsException'> (0x00000000feb95b70) thrown at [D:\src\AOSP-openjdk-cygwin\jdk8u\hotspot\src\share\vm\prims\jni.cpp, line 709]
Event: 1.650 Thread 0x000000000282d800 Exception <a 'sun/nio/fs/WindowsException'> (0x00000000feb960c8) thrown at [D:\src\AOSP-openjdk-cygwin\jdk8u\hotspot\src\share\vm\prims\jni.cpp, line 709]
Event: 1.851 Thread 0x000000000282d800 Exception <a 'sun/nio/fs/WindowsException'> (0x00000000fedcd108) thrown at [D:\src\AOSP-openjdk-cygwin\jdk8u\hotspot\src\share\vm\prims\jni.cpp, line 709]
Event: 1.851 Thread 0x000000000282d800 Exception <a 'sun/nio/fs/WindowsException'> (0x00000000fedcd5e0) thrown at [D:\src\AOSP-openjdk-cygwin\jdk8u\hotspot\src\share\vm\prims\jni.cpp, line 709]
Event: 2.932 Thread 0x000000000282d800 Exception <a 'sun/nio/fs/WindowsException'> (0x00000000ffae79f0) thrown at [D:\src\AOSP-openjdk-cygwin\jdk8u\hotspot\src\share\vm\prims\jni.cpp, line 709]
Event: 2.933 Thread 0x000000000282d800 Exception <a 'sun/nio/fs/WindowsException'> (0x00000000ffae7ec8) thrown at [D:\src\AOSP-openjdk-cygwin\jdk8u\hotspot\src\share\vm\prims\jni.cpp, line 709]
Event: 3.795 Thread 0x000000000282d800 Exception <a 'sun/nio/fs/WindowsException'> (0x00000000ffaeb388) thrown at [D:\src\AOSP-openjdk-cygwin\jdk8u\hotspot\src\share\vm\prims\jni.cpp, line 709]
Event: 3.795 Thread 0x000000000282d800 Exception <a 'sun/nio/fs/WindowsException'> (0x00000000ffaeb860) thrown at [D:\src\AOSP-openjdk-cygwin\jdk8u\hotspot\src\share\vm\prims\jni.cpp, line 709]
Event: 3.805 Thread 0x000000000282d800 Exception <a 'sun/nio/fs/WindowsException'> (0x00000000ffaeed18) thrown at [D:\src\AOSP-openjdk-cygwin\jdk8u\hotspot\src\share\vm\prims\jni.cpp, line 709]
Event: 3.805 Thread 0x000000000282d800 Exception <a 'sun/nio/fs/WindowsException'> (0x00000000ffaef1f0) thrown at [D:\src\AOSP-openjdk-cygwin\jdk8u\hotspot\src\share\vm\prims\jni.cpp, line 709]

Events (10 events):
Event: 3.811 Thread 0x000000000282d800 Uncommon trap: trap_request=0xffffff65 fr.pc=0x0000000002d6e08c
Event: 3.811 Thread 0x000000000282d800 DEOPT PACKING pc=0x0000000002d6e08c sp=0x000000000280eff0
Event: 3.811 Thread 0x000000000282d800 DEOPT UNPACKING pc=0x000000000297556a sp=0x000000000280efb8 mode 2
Event: 3.811 loading class org/objectweb/asm/tree/LocalVariableNode
Event: 3.811 loading class org/objectweb/asm/tree/LocalVariableNode done
Event: 3.812 Thread 0x000000000282d800 Uncommon trap: trap_request=0xffffff65 fr.pc=0x0000000002cc6018
Event: 3.812 Thread 0x000000000282d800 DEOPT PACKING pc=0x0000000002cc6018 sp=0x000000000280f2f0
Event: 3.812 Thread 0x000000000282d800 DEOPT UNPACKING pc=0x000000000297556a sp=0x000000000280f2c0 mode 2
Event: 3.813 Executing VM operation: ParallelGCFailedAllocation
Event: 4.173 Executing VM operation: ParallelGCFailedAllocation done


Dynamic libraries:
0x00007ff647a40000 - 0x00007ff647a71000 	C:\Program Files\Android\Android Studio\jre\bin\java.exe
0x00007ffba9340000 - 0x00007ffba9521000 	C:\WINDOWS\SYSTEM32\ntdll.dll
0x00007ffba6ca0000 - 0x00007ffba6d52000 	C:\WINDOWS\System32\KERNEL32.DLL
0x00007ffba6070000 - 0x00007ffba62e3000 	C:\WINDOWS\System32\KERNELBASE.dll
0x00007ffba9260000 - 0x00007ffba9301000 	C:\WINDOWS\System32\ADVAPI32.dll
0x00007ffba77b0000 - 0x00007ffba784e000 	C:\WINDOWS\System32\msvcrt.dll
0x00007ffba71b0000 - 0x00007ffba720b000 	C:\WINDOWS\System32\sechost.dll
0x00007ffba7580000 - 0x00007ffba76a4000 	C:\WINDOWS\System32\RPCRT4.dll
0x00007ffba7ac0000 - 0x00007ffba7c50000 	C:\WINDOWS\System32\USER32.dll
0x00007ffba5790000 - 0x00007ffba57b0000 	C:\WINDOWS\System32\win32u.dll
0x00007ffba67e0000 - 0x00007ffba6808000 	C:\WINDOWS\System32\GDI32.dll
0x00007ffba6530000 - 0x00007ffba66c2000 	C:\WINDOWS\System32\gdi32full.dll
0x00007ffba5fd0000 - 0x00007ffba606f000 	C:\WINDOWS\System32\msvcp_win.dll
0x00007ffba66d0000 - 0x00007ffba67ca000 	C:\WINDOWS\System32\ucrtbase.dll
0x00007ffb93ad0000 - 0x00007ffb93d39000 	C:\WINDOWS\WinSxS\amd64_microsoft.windows.common-controls_6595b64144ccf1df_6.0.17134.48_none_b4b2216a3cb4dd3e\COMCTL32.dll
0x00007ffba6810000 - 0x00007ffba6b33000 	C:\WINDOWS\System32\combase.dll
0x00007ffba5710000 - 0x00007ffba578a000 	C:\WINDOWS\System32\bcryptPrimitives.dll
0x00007ffba9090000 - 0x00007ffba90bd000 	C:\WINDOWS\System32\IMM32.DLL
0x00000000681c0000 - 0x0000000068292000 	C:\Program Files\Android\Android Studio\jre\jre\bin\msvcr100.dll
0x0000000066c10000 - 0x000000006744e000 	C:\Program Files\Android\Android Studio\jre\jre\bin\server\jvm.dll
0x00007ffba91d0000 - 0x00007ffba91d8000 	C:\WINDOWS\System32\PSAPI.DLL
0x00007ffba1580000 - 0x00007ffba1589000 	C:\WINDOWS\SYSTEM32\WSOCK32.dll
0x00007ffba7510000 - 0x00007ffba757c000 	C:\WINDOWS\System32\WS2_32.dll
0x00007ffb95780000 - 0x00007ffb957a3000 	C:\WINDOWS\SYSTEM32\WINMM.dll
0x00007ffb95570000 - 0x00007ffb9559a000 	C:\WINDOWS\SYSTEM32\WINMMBASE.dll
0x00007ffba64e0000 - 0x00007ffba6529000 	C:\WINDOWS\System32\cfgmgr32.dll
0x00007ffb9d7c0000 - 0x00007ffb9d7ca000 	C:\WINDOWS\SYSTEM32\VERSION.dll
0x00007ffba1570000 - 0x00007ffba157f000 	C:\Program Files\Android\Android Studio\jre\jre\bin\verify.dll
0x00007ffb9d960000 - 0x00007ffb9d989000 	C:\Program Files\Android\Android Studio\jre\jre\bin\java.dll
0x00007ffba1550000 - 0x00007ffba1566000 	C:\Program Files\Android\Android Studio\jre\jre\bin\zip.dll
0x00007ffba7c50000 - 0x00007ffba9090000 	C:\WINDOWS\System32\SHELL32.dll
0x00007ffba9120000 - 0x00007ffba91c9000 	C:\WINDOWS\System32\shcore.dll
0x00007ffba58c0000 - 0x00007ffba5fcd000 	C:\WINDOWS\System32\windows.storage.dll
0x00007ffba90c0000 - 0x00007ffba9111000 	C:\WINDOWS\System32\shlwapi.dll
0x00007ffba5680000 - 0x00007ffba5691000 	C:\WINDOWS\System32\kernel.appcore.dll
0x00007ffba56f0000 - 0x00007ffba570f000 	C:\WINDOWS\System32\profapi.dll
0x00007ffba56a0000 - 0x00007ffba56ec000 	C:\WINDOWS\System32\powrprof.dll
0x00007ffba5650000 - 0x00007ffba565a000 	C:\WINDOWS\System32\FLTLIB.DLL
0x00007ffba5080000 - 0x00007ffba5097000 	C:\WINDOWS\SYSTEM32\CRYPTSP.dll
0x00007ffba4ab0000 - 0x00007ffba4ae3000 	C:\WINDOWS\system32\rsaenh.dll
0x00007ffba51b0000 - 0x00007ffba51d5000 	C:\WINDOWS\SYSTEM32\bcrypt.dll
0x00007ffba5580000 - 0x00007ffba55a8000 	C:\WINDOWS\SYSTEM32\USERENV.dll
0x00007ffba50a0000 - 0x00007ffba50ab000 	C:\WINDOWS\SYSTEM32\CRYPTBASE.dll
0x00007ffb9deb0000 - 0x00007ffb9deca000 	C:\Program Files\Android\Android Studio\jre\jre\bin\net.dll
0x00007ffba4ed0000 - 0x00007ffba4f36000 	C:\WINDOWS\system32\mswsock.dll
0x00007ffba4c50000 - 0x00007ffba4c88000 	C:\WINDOWS\SYSTEM32\IPHLPAPI.DLL
0x00007ffba7430000 - 0x00007ffba7438000 	C:\WINDOWS\System32\NSI.dll
0x00007ffb9a1f0000 - 0x00007ffb9a206000 	C:\WINDOWS\SYSTEM32\dhcpcsvc6.DLL
0x00007ffb9a120000 - 0x00007ffb9a13a000 	C:\WINDOWS\SYSTEM32\dhcpcsvc.DLL
0x00007ffb9d220000 - 0x00007ffb9d231000 	C:\Program Files\Android\Android Studio\jre\jre\bin\nio.dll

VM Arguments:
jvm_args: -Djava.awt.headless=true -Xmx64M -Dfile.encoding=x-windows-949 -Duser.country=KR -Duser.language=ko -Duser.variant 
java_command: com.google.devtools.build.android.desugar.Desugar @D:\test\app\build\intermediates\tmp\desugar_args6714065778672427980
java_class_path (initial): C:\Users\Goo\AppData\Local\Temp\desugar_deploy.jar5019570292443513416
Launcher Type: SUN_STANDARD

Environment Variables:
PATH=C:\ProgramData\Oracle\Java\javapath;C:\WINDOWS\system32;C:\WINDOWS;C:\WINDOWS\System32\Wbem;C:\WINDOWS\System32\WindowsPowerShell\v1.0\;C:\OpenSSL;;C:\WINDOWS\System32\OpenSSH\;C:\Users\Goo\AppData\Local\Microsoft\WindowsApps;
USERNAME=Goo
OS=Windows_NT
PROCESSOR_IDENTIFIER=Intel64 Family 6 Model 158 Stepping 9, GenuineIntel



---------------  S Y S T E M  ---------------

OS: Windows 10.0 , 64 bit Build 17134 (10.0.17134.1)

CPU:total 8 (initial active 8) (4 cores per cpu, 2 threads per core) family 6 model 158 stepping 9, cmov, cx8, fxsr, mmx, sse, sse2, sse3, ssse3, sse4.1, sse4.2, popcnt, avx, avx2, aes, clmul, erms, 3dnowpref, lzcnt, ht, tsc, tscinvbit, bmi1, bmi2, adx

Memory: 4k page, physical 16692940k(4358108k free), swap 16692940k(288k free)

vm_info: OpenJDK 64-Bit Server VM (25.152-b01) for windows-amd64 JRE (1.8.0_152-release-915-b01), built by "builder" with MS VC++ 10.0 (VS2010)

time: Fri Jun 01 06:17:37 2018
elapsed time: 4 seconds (0d 0h 0m 4s)

