#
# There is insufficient memory for the Java Runtime Environment to continue.
# Native memory allocation (malloc) failed to allocate 32744 bytes for ChunkPool::allocate
# Possible reasons:
#   The system is out of physical RAM or swap space
#   In 32 bit mode, the process size limit was hit
# Possible solutions:
#   Reduce memory load on the system
#   Increase physical memory or swap space
#   Check if swap backing store is full
#   Use 64 bit Java on a 64 bit OS
#   Decrease Java heap size (-Xmx/-Xms)
#   Decrease number of Java threads
#   Decrease Java thread stack sizes (-Xss)
#   Set larger code cache with -XX:ReservedCodeCacheSize=
# This output file may be truncated or incomplete.
#
#  Out of Memory Error (allocation.cpp:273), pid=13100, tid=0x0000000000003468
#
# JRE version: OpenJDK Runtime Environment (8.0_152-b01) (build 1.8.0_152-release-915-b01)
# Java VM: OpenJDK 64-Bit Server VM (25.152-b01 mixed mode windows-amd64 compressed oops)
# Failed to write core dump. Minidumps are not enabled by default on client versions of Windows
#

---------------  T H R E A D  ---------------

Current thread (0x00000000155bb800):  JavaThread "C2 CompilerThread0" daemon [_thread_in_native, id=13416, stack(0x0000000015d10000,0x0000000015e10000)]

Stack: [0x0000000015d10000,0x0000000015e10000]
[error occurred during error reporting (printing stack bounds), id 0xc0000005]

Native frames: (J=compiled Java code, j=interpreted, Vv=VM code, C=native code)


Current CompileTask:
C2:   2556  931       4       org.objectweb.asm.ClassReader::a (3587 bytes)


---------------  P R O C E S S  ---------------

Java Threads: ( => current thread )
  0x0000000015665800 JavaThread "Service Thread" daemon [_thread_blocked, id=12844, stack(0x0000000016110000,0x0000000016210000)]
  0x0000000015662000 JavaThread "C1 CompilerThread3" daemon [_thread_blocked, id=8688, stack(0x0000000016010000,0x0000000016110000)]
  0x000000001565f800 JavaThread "C2 CompilerThread2" daemon [_thread_blocked, id=12896, stack(0x0000000015f10000,0x0000000016010000)]
  0x000000001565b800 JavaThread "C2 CompilerThread1" daemon [_thread_blocked, id=8332, stack(0x0000000015e10000,0x0000000015f10000)]
=>0x00000000155bb800 JavaThread "C2 CompilerThread0" daemon [_thread_in_native, id=13416, stack(0x0000000015d10000,0x0000000015e10000)]
  0x00000000155ba000 JavaThread "Attach Listener" daemon [_thread_blocked, id=356, stack(0x0000000015c10000,0x0000000015d10000)]
  0x0000000015610000 JavaThread "Signal Dispatcher" daemon [_thread_blocked, id=13952, stack(0x0000000015b10000,0x0000000015c10000)]
  0x0000000002ece000 JavaThread "Finalizer" daemon [_thread_blocked, id=6360, stack(0x0000000015980000,0x0000000015a80000)]
  0x0000000002ec7000 JavaThread "Reference Handler" daemon [_thread_blocked, id=11896, stack(0x0000000015480000,0x0000000015580000)]
  0x0000000002dcd800 JavaThread "main" [_thread_in_native, id=13004, stack(0x0000000002c10000,0x0000000002d10000)]

Other Threads:
  0x0000000013675800 VMThread [stack: 0x0000000015380000,0x0000000015480000] [id=9684]
  0x0000000015666000 WatcherThread [stack: 0x0000000016210000,0x0000000016310000] [id=13532]

VM state:not at safepoint (normal execution)

VM Mutex/Monitor currently owned by a thread: None

Heap:
 PSYoungGen      total 18944K, used 3570K [0x00000000feb00000, 0x0000000100000000, 0x0000000100000000)
  eden space 16384K, 6% used [0x00000000feb00000,0x00000000fec04808,0x00000000ffb00000)
  from space 2560K, 98% used [0x00000000ffb00000,0x00000000ffd78380,0x00000000ffd80000)
  to   space 2560K, 0% used [0x00000000ffd80000,0x00000000ffd80000,0x0000000100000000)
 ParOldGen       total 44032K, used 6764K [0x00000000fc000000, 0x00000000feb00000, 0x00000000feb00000)
  object space 44032K, 15% used [0x00000000fc000000,0x00000000fc69b210,0x00000000feb00000)
 Metaspace       used 7714K, capacity 7906K, committed 8192K, reserved 1056768K
  class space    used 875K, capacity 957K, committed 1024K, reserved 1048576K

Card table byte_map: [0x0000000002d10000,0x0000000002d40000] byte_map_base: 0x0000000002530000

Marking Bits: (ParMarkBitMap*) 0x00000000673d3950
 Begin Bits: [0x0000000012a90000, 0x0000000012b90000)
 End Bits:   [0x0000000012b90000, 0x0000000012c90000)

Polling page: 0x0000000000eb0000

CodeCache: size=245760Kb used=4114Kb max_used=4136Kb free=241645Kb
 bounds [0x0000000002ed0000, 0x00000000032e0000, 0x0000000011ed0000]
 total_blobs=1464 nmethods=1129 adapters=248
 compilation: enabled

Compilation events (10 events):
Event: 2.448 Thread 0x000000001565f800 nmethod 1126 0x0000000003248c50 code [0x0000000003248d80, 0x0000000003248e18]
Event: 2.448 Thread 0x000000001565f800 1127       4       org.objectweb.asm.tree.InsnNode::accept (14 bytes)
Event: 2.456 Thread 0x000000001565f800 nmethod 1127 0x00000000032d4190 code [0x00000000032d4320, 0x00000000032d4a78]
Event: 2.456 Thread 0x000000001565f800 1128       4       java.util.ArrayList::get (11 bytes)
Event: 2.457 Thread 0x000000001565f800 nmethod 1128 0x00000000032ce890 code [0x00000000032ce9c0, 0x00000000032cea78]
Event: 2.457 Thread 0x000000001565f800 1129       4       org.objectweb.asm.MethodWriter::a (38 bytes)
Event: 2.458 Thread 0x000000001565f800 nmethod 1129 0x00000000032ce550 code [0x00000000032ce6a0, 0x00000000032ce7b8]
Event: 2.459 Thread 0x0000000015662000 1130       3       com.google.common.base.Preconditions::checkPositionIndex (8 bytes)
Event: 2.459 Thread 0x0000000015662000 nmethod 1130 0x00000000032c64d0 code [0x00000000032c6660, 0x00000000032c6958]
Event: 2.484 Thread 0x000000001565b800 nmethod 1120 0x00000000032d9510 code [0x00000000032d98c0, 0x00000000032dc470]

GC Heap History (6 events):
Event: 1.132 GC heap before
{Heap before GC invocations=1 (full 0):
 PSYoungGen      total 18944K, used 16384K [0x00000000feb00000, 0x0000000100000000, 0x0000000100000000)
  eden space 16384K, 100% used [0x00000000feb00000,0x00000000ffb00000,0x00000000ffb00000)
  from space 2560K, 0% used [0x00000000ffd80000,0x00000000ffd80000,0x0000000100000000)
  to   space 2560K, 0% used [0x00000000ffb00000,0x00000000ffb00000,0x00000000ffd80000)
 ParOldGen       total 44032K, used 0K [0x00000000fc000000, 0x00000000feb00000, 0x00000000feb00000)
  object space 44032K, 0% used [0x00000000fc000000,0x00000000fc000000,0x00000000feb00000)
 Metaspace       used 6623K, capacity 6736K, committed 7040K, reserved 1056768K
  class space    used 773K, capacity 824K, committed 896K, reserved 1048576K
Event: 1.149 GC heap after
Heap after GC invocations=1 (full 0):
 PSYoungGen      total 18944K, used 2553K [0x00000000feb00000, 0x0000000100000000, 0x0000000100000000)
  eden space 16384K, 0% used [0x00000000feb00000,0x00000000feb00000,0x00000000ffb00000)
  from space 2560K, 99% used [0x00000000ffb00000,0x00000000ffd7e630,0x00000000ffd80000)
  to   space 2560K, 0% used [0x00000000ffd80000,0x00000000ffd80000,0x0000000100000000)
 ParOldGen       total 44032K, used 1430K [0x00000000fc000000, 0x00000000feb00000, 0x00000000feb00000)
  object space 44032K, 3% used [0x00000000fc000000,0x00000000fc165828,0x00000000feb00000)
 Metaspace       used 6623K, capacity 6736K, committed 7040K, reserved 1056768K
  class space    used 773K, capacity 824K, committed 896K, reserved 1048576K
}
Event: 1.581 GC heap before
{Heap before GC invocations=2 (full 0):
 PSYoungGen      total 18944K, used 18937K [0x00000000feb00000, 0x0000000100000000, 0x0000000100000000)
  eden space 16384K, 100% used [0x00000000feb00000,0x00000000ffb00000,0x00000000ffb00000)
  from space 2560K, 99% used [0x00000000ffb00000,0x00000000ffd7e630,0x00000000ffd80000)
  to   space 2560K, 0% used [0x00000000ffd80000,0x00000000ffd80000,0x0000000100000000)
 ParOldGen       total 44032K, used 1430K [0x00000000fc000000, 0x00000000feb00000, 0x00000000feb00000)
  object space 44032K, 3% used [0x00000000fc000000,0x00000000fc165828,0x00000000feb00000)
 Metaspace       used 6969K, capacity 7106K, committed 7296K, reserved 1056768K
  class space    used 816K, capacity 861K, committed 896K, reserved 1048576K
Event: 1.593 GC heap after
Heap after GC invocations=2 (full 0):
 PSYoungGen      total 18944K, used 2547K [0x00000000feb00000, 0x0000000100000000, 0x0000000100000000)
  eden space 16384K, 0% used [0x00000000feb00000,0x00000000feb00000,0x00000000ffb00000)
  from space 2560K, 99% used [0x00000000ffd80000,0x00000000ffffce20,0x0000000100000000)
  to   space 2560K, 0% used [0x00000000ffb00000,0x00000000ffb00000,0x00000000ffd80000)
 ParOldGen       total 44032K, used 5939K [0x00000000fc000000, 0x00000000feb00000, 0x00000000feb00000)
  object space 44032K, 13% used [0x00000000fc000000,0x00000000fc5ccd10,0x00000000feb00000)
 Metaspace       used 6969K, capacity 7106K, committed 7296K, reserved 1056768K
  class space    used 816K, capacity 861K, committed 896K, reserved 1048576K
}
Event: 2.207 GC heap before
{Heap before GC invocations=3 (full 0):
 PSYoungGen      total 18944K, used 18931K [0x00000000feb00000, 0x0000000100000000, 0x0000000100000000)
  eden space 16384K, 100% used [0x00000000feb00000,0x00000000ffb00000,0x00000000ffb00000)
  from space 2560K, 99% used [0x00000000ffd80000,0x00000000ffffce20,0x0000000100000000)
  to   space 2560K, 0% used [0x00000000ffb00000,0x00000000ffb00000,0x00000000ffd80000)
 ParOldGen       total 44032K, used 5939K [0x00000000fc000000, 0x00000000feb00000, 0x00000000feb00000)
  object space 44032K, 13% used [0x00000000fc000000,0x00000000fc5ccd10,0x00000000feb00000)
 Metaspace       used 7709K, capacity 7906K, committed 8192K, reserved 1056768K
  class space    used 875K, capacity 957K, committed 1024K, reserved 1048576K
Event: 2.309 GC heap after
Heap after GC invocations=3 (full 0):
 PSYoungGen      total 18944K, used 2528K [0x00000000feb00000, 0x0000000100000000, 0x0000000100000000)
  eden space 16384K, 0% used [0x00000000feb00000,0x00000000feb00000,0x00000000ffb00000)
  from space 2560K, 98% used [0x00000000ffb00000,0x00000000ffd78380,0x00000000ffd80000)
  to   space 2560K, 0% used [0x00000000ffd80000,0x00000000ffd80000,0x0000000100000000)
 ParOldGen       total 44032K, used 6764K [0x00000000fc000000, 0x00000000feb00000, 0x00000000feb00000)
  object space 44032K, 15% used [0x00000000fc000000,0x00000000fc69b210,0x00000000feb00000)
 Metaspace       used 7709K, capacity 7906K, committed 8192K, reserved 1056768K
  class space    used 875K, capacity 957K, committed 1024K, reserved 1048576K
}

Deoptimization events (10 events):
Event: 2.117 Thread 0x0000000002dcd800 Uncommon trap: reason=unstable_if action=reinterpret pc=0x0000000003063f78 method=java.lang.String.<init>([CII)V @ 18
Event: 2.170 Thread 0x0000000002dcd800 Uncommon trap: reason=unstable_if action=reinterpret pc=0x0000000003280cdc method=org.objectweb.asm.Type.getArgumentsAndReturnSizes(Ljava/lang/String;)I @ 130
Event: 2.174 Thread 0x0000000002dcd800 Uncommon trap: reason=unstable_if action=reinterpret pc=0x000000000328d8a8 method=org.objectweb.asm.ClassReader.readUTF8(I[C)Ljava/lang/String; @ 11
Event: 2.175 Thread 0x0000000002dcd800 Uncommon trap: reason=class_check action=maybe_recompile pc=0x00000000032a19b0 method=org.objectweb.asm.MethodVisitor.visitVarInsn(II)V @ 13
Event: 2.175 Thread 0x0000000002dcd800 Uncommon trap: reason=class_check action=maybe_recompile pc=0x00000000032a19b0 method=org.objectweb.asm.MethodVisitor.visitVarInsn(II)V @ 13
Event: 2.175 Thread 0x0000000002dcd800 Uncommon trap: reason=class_check action=maybe_recompile pc=0x00000000032a19b0 method=org.objectweb.asm.MethodVisitor.visitVarInsn(II)V @ 13
Event: 2.175 Thread 0x0000000002dcd800 Uncommon trap: reason=class_check action=maybe_recompile pc=0x00000000032a19b0 method=org.objectweb.asm.MethodVisitor.visitVarInsn(II)V @ 13
Event: 2.188 Thread 0x0000000002dcd800 Uncommon trap: reason=class_check action=maybe_recompile pc=0x00000000032ad698 method=org.objectweb.asm.MethodVisitor.visitVarInsn(II)V @ 13
Event: 2.198 Thread 0x0000000002dcd800 Uncommon trap: reason=unstable_if action=reinterpret pc=0x0000000003242da8 method=java.io.BufferedOutputStream.write(I)V @ 9
Event: 2.415 Thread 0x0000000002dcd800 Uncommon trap: reason=null_check action=make_not_entrant pc=0x00000000032c521c method=com.google.devtools.build.android.desugar.InterfaceDesugaring$InterfaceInvocationRewriter.visitMethodInsn(ILjava/lang/String;Ljava/lang/String;Ljava/lang/String;Z)V @ 10

Classes redefined (0 events):
No events

Internal exceptions (10 events):
Event: 2.092 Thread 0x0000000002dcd800 Exception <a 'sun/nio/fs/WindowsException'> (0x00000000ff156510) thrown at [D:\src\AOSP-openjdk-cygwin\jdk8u\hotspot\src\share\vm\prims\jni.cpp, line 709]
Event: 2.096 Thread 0x0000000002dcd800 Exception <a 'sun/nio/fs/WindowsException'> (0x00000000ff15f190) thrown at [D:\src\AOSP-openjdk-cygwin\jdk8u\hotspot\src\share\vm\prims\jni.cpp, line 709]
Event: 2.096 Thread 0x0000000002dcd800 Exception <a 'sun/nio/fs/WindowsException'> (0x00000000ff15f668) thrown at [D:\src\AOSP-openjdk-cygwin\jdk8u\hotspot\src\share\vm\prims\jni.cpp, line 709]
Event: 2.157 Thread 0x0000000002dcd800 Exception <a 'sun/nio/fs/WindowsException'> (0x00000000ff485e48) thrown at [D:\src\AOSP-openjdk-cygwin\jdk8u\hotspot\src\share\vm\prims\jni.cpp, line 709]
Event: 2.157 Thread 0x0000000002dcd800 Exception <a 'sun/nio/fs/WindowsException'> (0x00000000ff486320) thrown at [D:\src\AOSP-openjdk-cygwin\jdk8u\hotspot\src\share\vm\prims\jni.cpp, line 709]
Event: 2.159 Thread 0x0000000002dcd800 Exception <a 'sun/nio/fs/WindowsException'> (0x00000000ff4897c0) thrown at [D:\src\AOSP-openjdk-cygwin\jdk8u\hotspot\src\share\vm\prims\jni.cpp, line 709]
Event: 2.159 Thread 0x0000000002dcd800 Exception <a 'sun/nio/fs/WindowsException'> (0x00000000ff489c98) thrown at [D:\src\AOSP-openjdk-cygwin\jdk8u\hotspot\src\share\vm\prims\jni.cpp, line 709]
Event: 2.201 Thread 0x0000000002dcd800 Exception <a 'sun/nio/fs/WindowsException'> (0x00000000ffa88e20) thrown at [D:\src\AOSP-openjdk-cygwin\jdk8u\hotspot\src\share\vm\prims\jni.cpp, line 709]
Event: 2.202 Thread 0x0000000002dcd800 Exception <a 'sun/nio/fs/WindowsException'> (0x00000000ffa892f8) thrown at [D:\src\AOSP-openjdk-cygwin\jdk8u\hotspot\src\share\vm\prims\jni.cpp, line 709]
Event: 2.415 Thread 0x0000000002dcd800 Implicit null exception at 0x00000000032c4f2a to 0x00000000032c51f9

Events (10 events):
Event: 2.188 Thread 0x0000000002dcd800 DEOPT PACKING pc=0x00000000032ad698 sp=0x0000000002d0eeb0
Event: 2.188 Thread 0x0000000002dcd800 DEOPT UNPACKING pc=0x0000000002f1556a sp=0x0000000002d0ee00 mode 2
Event: 2.198 Thread 0x0000000002dcd800 Uncommon trap: trap_request=0xffffff65 fr.pc=0x0000000003242da8
Event: 2.198 Thread 0x0000000002dcd800 DEOPT PACKING pc=0x0000000003242da8 sp=0x0000000002d0f2c0
Event: 2.198 Thread 0x0000000002dcd800 DEOPT UNPACKING pc=0x0000000002f1556a sp=0x0000000002d0f270 mode 2
Event: 2.206 Executing VM operation: ParallelGCFailedAllocation
Event: 2.309 Executing VM operation: ParallelGCFailedAllocation done
Event: 2.415 Thread 0x0000000002dcd800 Uncommon trap: trap_request=0xfffffff4 fr.pc=0x00000000032c521c
Event: 2.415 Thread 0x0000000002dcd800 DEOPT PACKING pc=0x00000000032c521c sp=0x0000000002d0ee60
Event: 2.415 Thread 0x0000000002dcd800 DEOPT UNPACKING pc=0x0000000002f1556a sp=0x0000000002d0ede0 mode 2


Dynamic libraries:
0x00007ff6c8c60000 - 0x00007ff6c8c91000 	C:\Program Files\Android\Android Studio\jre\bin\java.exe
0x00007ffba9340000 - 0x00007ffba9521000 	C:\WINDOWS\SYSTEM32\ntdll.dll
0x00007ffba6ca0000 - 0x00007ffba6d52000 	C:\WINDOWS\System32\KERNEL32.DLL
0x00007ffba6070000 - 0x00007ffba62e3000 	C:\WINDOWS\System32\KERNELBASE.dll
0x00007ffba9260000 - 0x00007ffba9301000 	C:\WINDOWS\System32\ADVAPI32.dll
0x00007ffba77b0000 - 0x00007ffba784e000 	C:\WINDOWS\System32\msvcrt.dll
0x00007ffba71b0000 - 0x00007ffba720b000 	C:\WINDOWS\System32\sechost.dll
0x00007ffba7580000 - 0x00007ffba76a4000 	C:\WINDOWS\System32\RPCRT4.dll
0x00007ffba7ac0000 - 0x00007ffba7c50000 	C:\WINDOWS\System32\USER32.dll
0x00007ffba5790000 - 0x00007ffba57b0000 	C:\WINDOWS\System32\win32u.dll
0x00007ffba67e0000 - 0x00007ffba6808000 	C:\WINDOWS\System32\GDI32.dll
0x00007ffba6530000 - 0x00007ffba66c2000 	C:\WINDOWS\System32\gdi32full.dll
0x00007ffba5fd0000 - 0x00007ffba606f000 	C:\WINDOWS\System32\msvcp_win.dll
0x00007ffba66d0000 - 0x00007ffba67ca000 	C:\WINDOWS\System32\ucrtbase.dll
0x00007ffb93ad0000 - 0x00007ffb93d39000 	C:\WINDOWS\WinSxS\amd64_microsoft.windows.common-controls_6595b64144ccf1df_6.0.17134.48_none_b4b2216a3cb4dd3e\COMCTL32.dll
0x00007ffba6810000 - 0x00007ffba6b33000 	C:\WINDOWS\System32\combase.dll
0x00007ffba5710000 - 0x00007ffba578a000 	C:\WINDOWS\System32\bcryptPrimitives.dll
0x00007ffba9090000 - 0x00007ffba90bd000 	C:\WINDOWS\System32\IMM32.DLL
0x0000000069530000 - 0x0000000069602000 	C:\Program Files\Android\Android Studio\jre\jre\bin\msvcr100.dll
0x0000000066c10000 - 0x000000006744e000 	C:\Program Files\Android\Android Studio\jre\jre\bin\server\jvm.dll
0x00007ffba91d0000 - 0x00007ffba91d8000 	C:\WINDOWS\System32\PSAPI.DLL
0x00007ffba1d20000 - 0x00007ffba1d29000 	C:\WINDOWS\SYSTEM32\WSOCK32.dll
0x00007ffba7510000 - 0x00007ffba757c000 	C:\WINDOWS\System32\WS2_32.dll
0x00007ffb95780000 - 0x00007ffb957a3000 	C:\WINDOWS\SYSTEM32\WINMM.dll
0x00007ffb9d7c0000 - 0x00007ffb9d7ca000 	C:\WINDOWS\SYSTEM32\VERSION.dll
0x00007ffb95570000 - 0x00007ffb9559a000 	C:\WINDOWS\SYSTEM32\WINMMBASE.dll
0x00007ffba64e0000 - 0x00007ffba6529000 	C:\WINDOWS\System32\cfgmgr32.dll
0x00007ffba3a40000 - 0x00007ffba3a4f000 	C:\Program Files\Android\Android Studio\jre\jre\bin\verify.dll
0x00007ffba1b00000 - 0x00007ffba1b29000 	C:\Program Files\Android\Android Studio\jre\jre\bin\java.dll
0x00007ffba1280000 - 0x00007ffba1296000 	C:\Program Files\Android\Android Studio\jre\jre\bin\zip.dll
0x00007ffba7c50000 - 0x00007ffba9090000 	C:\WINDOWS\System32\SHELL32.dll
0x00007ffba9120000 - 0x00007ffba91c9000 	C:\WINDOWS\System32\shcore.dll
0x00007ffba58c0000 - 0x00007ffba5fcd000 	C:\WINDOWS\System32\windows.storage.dll
0x00007ffba90c0000 - 0x00007ffba9111000 	C:\WINDOWS\System32\shlwapi.dll
0x00007ffba5680000 - 0x00007ffba5691000 	C:\WINDOWS\System32\kernel.appcore.dll
0x00007ffba56f0000 - 0x00007ffba570f000 	C:\WINDOWS\System32\profapi.dll
0x00007ffba56a0000 - 0x00007ffba56ec000 	C:\WINDOWS\System32\powrprof.dll
0x00007ffba5650000 - 0x00007ffba565a000 	C:\WINDOWS\System32\FLTLIB.DLL
0x00007ffba5080000 - 0x00007ffba5097000 	C:\WINDOWS\SYSTEM32\CRYPTSP.dll
0x00007ffba4ab0000 - 0x00007ffba4ae3000 	C:\WINDOWS\system32\rsaenh.dll
0x00007ffba51b0000 - 0x00007ffba51d5000 	C:\WINDOWS\SYSTEM32\bcrypt.dll
0x00007ffba5580000 - 0x00007ffba55a8000 	C:\WINDOWS\SYSTEM32\USERENV.dll
0x00007ffba50a0000 - 0x00007ffba50ab000 	C:\WINDOWS\SYSTEM32\CRYPTBASE.dll
0x00007ffba1180000 - 0x00007ffba119a000 	C:\Program Files\Android\Android Studio\jre\jre\bin\net.dll
0x00007ffba4ed0000 - 0x00007ffba4f36000 	C:\WINDOWS\system32\mswsock.dll
0x00007ffba4c50000 - 0x00007ffba4c88000 	C:\WINDOWS\SYSTEM32\IPHLPAPI.DLL
0x00007ffba7430000 - 0x00007ffba7438000 	C:\WINDOWS\System32\NSI.dll
0x00007ffb9a1f0000 - 0x00007ffb9a206000 	C:\WINDOWS\SYSTEM32\dhcpcsvc6.DLL
0x00007ffb9a120000 - 0x00007ffb9a13a000 	C:\WINDOWS\SYSTEM32\dhcpcsvc.DLL
0x00007ffb9f410000 - 0x00007ffb9f421000 	C:\Program Files\Android\Android Studio\jre\jre\bin\nio.dll

VM Arguments:
jvm_args: -Djava.awt.headless=true -Xmx64M -Dfile.encoding=x-windows-949 -Duser.country=KR -Duser.language=ko -Duser.variant 
java_command: com.google.devtools.build.android.desugar.Desugar @D:\test\app\build\intermediates\tmp\desugar_args6308322055182585873
java_class_path (initial): C:\Users\Goo\AppData\Local\Temp\desugar_deploy.jar817229055182116543
Launcher Type: SUN_STANDARD

Environment Variables:
PATH=C:\ProgramData\Oracle\Java\javapath;C:\WINDOWS\system32;C:\WINDOWS;C:\WINDOWS\System32\Wbem;C:\WINDOWS\System32\WindowsPowerShell\v1.0\;C:\OpenSSL;;C:\WINDOWS\System32\OpenSSH\;C:\Users\Goo\AppData\Local\Microsoft\WindowsApps;
USERNAME=Goo
OS=Windows_NT
PROCESSOR_IDENTIFIER=Intel64 Family 6 Model 158 Stepping 9, GenuineIntel



---------------  S Y S T E M  ---------------

OS: Windows 10.0 , 64 bit Build 17134 (10.0.17134.1)

CPU:total 8 (initial active 8) (4 cores per cpu, 2 threads per core) family 6 model 158 stepping 9, cmov, cx8, fxsr, mmx, sse, sse2, sse3, ssse3, sse4.1, sse4.2, popcnt, avx, avx2, aes, clmul, erms, 3dnowpref, lzcnt, ht, tsc, tscinvbit, bmi1, bmi2, adx

Memory: 4k page, physical 16692940k(4136196k free), swap 16692940k(4588k free)

vm_info: OpenJDK 64-Bit Server VM (25.152-b01) for windows-amd64 JRE (1.8.0_152-release-915-b01), built by "builder" with MS VC++ 10.0 (VS2010)

time: Mon May 28 02:34:25 2018
elapsed time: 2 seconds (0d 0h 0m 2s)

