#
# There is insufficient memory for the Java Runtime Environment to continue.
# Native memory allocation (malloc) failed to allocate 2112656 bytes for Chunk::new
# Possible reasons:
#   The system is out of physical RAM or swap space
#   In 32 bit mode, the process size limit was hit
# Possible solutions:
#   Reduce memory load on the system
#   Increase physical memory or swap space
#   Check if swap backing store is full
#   Use 64 bit Java on a 64 bit OS
#   Decrease Java heap size (-Xmx/-Xms)
#   Decrease number of Java threads
#   Decrease Java thread stack sizes (-Xss)
#   Set larger code cache with -XX:ReservedCodeCacheSize=
# This output file may be truncated or incomplete.
#
#  Out of Memory Error (allocation.cpp:390), pid=8600, tid=0x0000000000000528
#
# JRE version: OpenJDK Runtime Environment (8.0_152-b01) (build 1.8.0_152-release-915-b01)
# Java VM: OpenJDK 64-Bit Server VM (25.152-b01 mixed mode windows-amd64 compressed oops)
# Failed to write core dump. Minidumps are not enabled by default on client versions of Windows
#

---------------  T H R E A D  ---------------

Current thread (0x000000001512b000):  JavaThread "C2 CompilerThread0" daemon [_thread_in_native, id=1320, stack(0x0000000015880000,0x0000000015980000)]

Stack: [0x0000000015880000,0x0000000015980000]
[error occurred during error reporting (printing stack bounds), id 0xc0000005]

Native frames: (J=compiled Java code, j=interpreted, Vv=VM code, C=native code)


Current CompileTask:
C2:   4403  994 %     4       org.objectweb.asm.ClassReader::a @ 74 (3587 bytes)


---------------  P R O C E S S  ---------------

Java Threads: ( => current thread )
  0x0000000015209000 JavaThread "Service Thread" daemon [_thread_blocked, id=10116, stack(0x0000000015c80000,0x0000000015d80000)]
  0x00000000151d5800 JavaThread "C1 CompilerThread3" daemon [_thread_blocked, id=1860, stack(0x0000000015b80000,0x0000000015c80000)]
  0x0000000015186800 JavaThread "C2 CompilerThread2" daemon [_thread_blocked, id=10660, stack(0x0000000015a80000,0x0000000015b80000)]
  0x000000001323a800 JavaThread "C2 CompilerThread1" daemon [_thread_blocked, id=4100, stack(0x0000000015980000,0x0000000015a80000)]
=>0x000000001512b000 JavaThread "C2 CompilerThread0" daemon [_thread_in_native, id=1320, stack(0x0000000015880000,0x0000000015980000)]
  0x000000001512a000 JavaThread "Attach Listener" daemon [_thread_blocked, id=3300, stack(0x0000000015780000,0x0000000015880000)]
  0x0000000015180000 JavaThread "Signal Dispatcher" daemon [_thread_blocked, id=11640, stack(0x0000000015680000,0x0000000015780000)]
  0x0000000002a7e000 JavaThread "Finalizer" daemon [_thread_blocked, id=1296, stack(0x00000000154f0000,0x00000000155f0000)]
  0x0000000002a77000 JavaThread "Reference Handler" daemon [_thread_blocked, id=10904, stack(0x0000000014ff0000,0x00000000150f0000)]
  0x000000000287d800 JavaThread "main" [_thread_in_native, id=12396, stack(0x0000000002880000,0x0000000002980000)]

Other Threads:
  0x0000000013225000 VMThread [stack: 0x0000000014ef0000,0x0000000014ff0000] [id=12240]
  0x0000000015211800 WatcherThread [stack: 0x0000000015d80000,0x0000000015e80000] [id=9268]

VM state:not at safepoint (normal execution)

VM Mutex/Monitor currently owned by a thread: None

Heap:
 PSYoungGen      total 18944K, used 17462K [0x00000000feb00000, 0x0000000100000000, 0x0000000100000000)
  eden space 16384K, 91% used [0x00000000feb00000,0x00000000ff990a88,0x00000000ffb00000)
  from space 2560K, 99% used [0x00000000ffd80000,0x00000000ffffce20,0x0000000100000000)
  to   space 2560K, 0% used [0x00000000ffb00000,0x00000000ffb00000,0x00000000ffd80000)
 ParOldGen       total 44032K, used 6021K [0x00000000fc000000, 0x00000000feb00000, 0x00000000feb00000)
  object space 44032K, 13% used [0x00000000fc000000,0x00000000fc5e16a8,0x00000000feb00000)
 Metaspace       used 7687K, capacity 7906K, committed 8192K, reserved 1056768K
  class space    used 877K, capacity 957K, committed 1024K, reserved 1048576K

Card table byte_map: [0x00000000027b0000,0x00000000027e0000] byte_map_base: 0x0000000001fd0000

Marking Bits: (ParMarkBitMap*) 0x00000000673d3950
 Begin Bits: [0x0000000012640000, 0x0000000012740000)
 End Bits:   [0x0000000012740000, 0x0000000012840000)

Polling page: 0x0000000000b30000

CodeCache: size=245760Kb used=3975Kb max_used=3986Kb free=241784Kb
 bounds [0x0000000002a80000, 0x0000000002e70000, 0x0000000011a80000]
 total_blobs=1365 nmethods=1030 adapters=248
 compilation: enabled

Compilation events (10 events):
Event: 4.309 Thread 0x000000001323a800 1027       4       org.objectweb.asm.ClassReader::readConst (283 bytes)
Event: 4.309 Thread 0x0000000015186800 1028       4       org.objectweb.asm.MethodVisitor::visitInsn (16 bytes)
Event: 4.310 Thread 0x00000000151d5800 1029       3       org.objectweb.asm.MethodWriter::visitIntInsn (112 bytes)
Event: 4.310 Thread 0x00000000151d5800 nmethod 1029 0x0000000002e29cd0 code [0x0000000002e29e80, 0x0000000002e2a348]
Event: 4.314 Thread 0x0000000015186800 nmethod 1028 0x0000000002e611d0 code [0x0000000002e61340, 0x0000000002e616c8]
Event: 4.314 Thread 0x000000001323a800 nmethod 1027 0x0000000002e2b0d0 code [0x0000000002e2b380, 0x0000000002e2b9a8]
Event: 4.349 Thread 0x0000000015186800 1030       4       org.objectweb.asm.ClassReader::a (662 bytes)
Event: 4.350 Thread 0x00000000151d5800 1031       1       com.google.common.collect.Iterators$1::hasNext (2 bytes)
Event: 4.350 Thread 0x00000000151d5800 nmethod 1031 0x0000000002e2ae10 code [0x0000000002e2af60, 0x0000000002e2b070]
Event: 4.389 Thread 0x0000000015186800 nmethod 1030 0x0000000002e657d0 code [0x0000000002e65b40, 0x0000000002e676c0]

GC Heap History (4 events):
Event: 0.870 GC heap before
{Heap before GC invocations=1 (full 0):
 PSYoungGen      total 18944K, used 16384K [0x00000000feb00000, 0x0000000100000000, 0x0000000100000000)
  eden space 16384K, 100% used [0x00000000feb00000,0x00000000ffb00000,0x00000000ffb00000)
  from space 2560K, 0% used [0x00000000ffd80000,0x00000000ffd80000,0x0000000100000000)
  to   space 2560K, 0% used [0x00000000ffb00000,0x00000000ffb00000,0x00000000ffd80000)
 ParOldGen       total 44032K, used 0K [0x00000000fc000000, 0x00000000feb00000, 0x00000000feb00000)
  object space 44032K, 0% used [0x00000000fc000000,0x00000000fc000000,0x00000000feb00000)
 Metaspace       used 6630K, capacity 6800K, committed 7040K, reserved 1056768K
  class space    used 774K, capacity 824K, committed 896K, reserved 1048576K
Event: 0.931 GC heap after
Heap after GC invocations=1 (full 0):
 PSYoungGen      total 18944K, used 2537K [0x00000000feb00000, 0x0000000100000000, 0x0000000100000000)
  eden space 16384K, 0% used [0x00000000feb00000,0x00000000feb00000,0x00000000ffb00000)
  from space 2560K, 99% used [0x00000000ffb00000,0x00000000ffd7a620,0x00000000ffd80000)
  to   space 2560K, 0% used [0x00000000ffd80000,0x00000000ffd80000,0x0000000100000000)
 ParOldGen       total 44032K, used 1520K [0x00000000fc000000, 0x00000000feb00000, 0x00000000feb00000)
  object space 44032K, 3% used [0x00000000fc000000,0x00000000fc17c1c0,0x00000000feb00000)
 Metaspace       used 6630K, capacity 6800K, committed 7040K, reserved 1056768K
  class space    used 774K, capacity 824K, committed 896K, reserved 1048576K
}
Event: 1.309 GC heap before
{Heap before GC invocations=2 (full 0):
 PSYoungGen      total 18944K, used 18921K [0x00000000feb00000, 0x0000000100000000, 0x0000000100000000)
  eden space 16384K, 100% used [0x00000000feb00000,0x00000000ffb00000,0x00000000ffb00000)
  from space 2560K, 99% used [0x00000000ffb00000,0x00000000ffd7a620,0x00000000ffd80000)
  to   space 2560K, 0% used [0x00000000ffd80000,0x00000000ffd80000,0x0000000100000000)
 ParOldGen       total 44032K, used 1520K [0x00000000fc000000, 0x00000000feb00000, 0x00000000feb00000)
  object space 44032K, 3% used [0x00000000fc000000,0x00000000fc17c1c0,0x00000000feb00000)
 Metaspace       used 6973K, capacity 7106K, committed 7296K, reserved 1056768K
  class space    used 816K, capacity 861K, committed 896K, reserved 1048576K
Event: 1.344 GC heap after
Heap after GC invocations=2 (full 0):
 PSYoungGen      total 18944K, used 2547K [0x00000000feb00000, 0x0000000100000000, 0x0000000100000000)
  eden space 16384K, 0% used [0x00000000feb00000,0x00000000feb00000,0x00000000ffb00000)
  from space 2560K, 99% used [0x00000000ffd80000,0x00000000ffffce20,0x0000000100000000)
  to   space 2560K, 0% used [0x00000000ffb00000,0x00000000ffb00000,0x00000000ffd80000)
 ParOldGen       total 44032K, used 6021K [0x00000000fc000000, 0x00000000feb00000, 0x00000000feb00000)
  object space 44032K, 13% used [0x00000000fc000000,0x00000000fc5e16a8,0x00000000feb00000)
 Metaspace       used 6973K, capacity 7106K, committed 7296K, reserved 1056768K
  class space    used 816K, capacity 861K, committed 896K, reserved 1048576K
}

Deoptimization events (10 events):
Event: 0.850 Thread 0x000000000287d800 Uncommon trap: reason=unstable_if action=reinterpret pc=0x0000000002cb8740 method=java.util.zip.ZipCoder.decoder()Ljava/nio/charset/CharsetDecoder; @ 4
Event: 0.854 Thread 0x000000000287d800 Uncommon trap: reason=unstable_if action=reinterpret pc=0x0000000002cb7e1c method=java.util.zip.ZipFile$ZipEntryIterator.hasNext()Z @ 25
Event: 0.856 Thread 0x000000000287d800 Uncommon trap: reason=unstable_if action=reinterpret pc=0x0000000002cc85c0 method=java.util.zip.ZipCoder.decoder()Ljava/nio/charset/CharsetDecoder; @ 4
Event: 0.956 Thread 0x000000000287d800 Uncommon trap: reason=unstable_if action=reinterpret pc=0x0000000002cc34b8 method=java.util.zip.ZipCoder.decoder()Ljava/nio/charset/CharsetDecoder; @ 4
Event: 0.957 Thread 0x000000000287d800 Uncommon trap: reason=unstable_if action=reinterpret pc=0x0000000002cbd6ac method=java.util.zip.ZipCoder.decoder()Ljava/nio/charset/CharsetDecoder; @ 4
Event: 1.257 Thread 0x000000000287d800 Uncommon trap: reason=unloaded action=reinterpret pc=0x0000000002cc527c method=java.util.zip.ZipEntry.setExtra0([BZ)V @ 37
Event: 1.366 Thread 0x000000000287d800 Uncommon trap: reason=unstable_if action=reinterpret pc=0x0000000002c25af8 method=java.lang.String.<init>([CII)V @ 18
Event: 1.790 Thread 0x000000000287d800 Uncommon trap: reason=unstable_if action=reinterpret pc=0x0000000002d97424 method=org.objectweb.asm.ClassReader.readUTF8(I[C)Ljava/lang/String; @ 7
Event: 2.556 Thread 0x000000000287d800 Uncommon trap: reason=unstable_if action=reinterpret pc=0x0000000002dd1bd8 method=org.objectweb.asm.Type.getArgumentsAndReturnSizes(Ljava/lang/String;)I @ 47
Event: 2.556 Thread 0x000000000287d800 Uncommon trap: reason=unstable_if action=reinterpret pc=0x0000000002dca868 method=org.objectweb.asm.MethodWriter.visitVarInsn(II)V @ 142

Classes redefined (0 events):
No events

Internal exceptions (10 events):
Event: 4.317 Thread 0x000000000287d800 Exception <a 'sun/nio/fs/WindowsException'> (0x00000000ff935dc0) thrown at [D:\src\AOSP-openjdk-cygwin\jdk8u\hotspot\src\share\vm\prims\jni.cpp, line 709]
Event: 4.321 Thread 0x000000000287d800 Exception <a 'sun/nio/fs/WindowsException'> (0x00000000ff93a170) thrown at [D:\src\AOSP-openjdk-cygwin\jdk8u\hotspot\src\share\vm\prims\jni.cpp, line 709]
Event: 4.321 Thread 0x000000000287d800 Exception <a 'sun/nio/fs/WindowsException'> (0x00000000ff93a7d8) thrown at [D:\src\AOSP-openjdk-cygwin\jdk8u\hotspot\src\share\vm\prims\jni.cpp, line 709]
Event: 4.327 Thread 0x000000000287d800 Exception <a 'sun/nio/fs/WindowsException'> (0x00000000ff93e140) thrown at [D:\src\AOSP-openjdk-cygwin\jdk8u\hotspot\src\share\vm\prims\jni.cpp, line 709]
Event: 4.332 Thread 0x000000000287d800 Exception <a 'sun/nio/fs/WindowsException'> (0x00000000ff942118) thrown at [D:\src\AOSP-openjdk-cygwin\jdk8u\hotspot\src\share\vm\prims\jni.cpp, line 709]
Event: 4.338 Thread 0x000000000287d800 Exception <a 'sun/nio/fs/WindowsException'> (0x00000000ff9486d0) thrown at [D:\src\AOSP-openjdk-cygwin\jdk8u\hotspot\src\share\vm\prims\jni.cpp, line 709]
Event: 4.344 Thread 0x000000000287d800 Exception <a 'sun/nio/fs/WindowsException'> (0x00000000ff94d568) thrown at [D:\src\AOSP-openjdk-cygwin\jdk8u\hotspot\src\share\vm\prims\jni.cpp, line 709]
Event: 4.351 Thread 0x000000000287d800 Exception <a 'sun/nio/fs/WindowsException'> (0x00000000ff953268) thrown at [D:\src\AOSP-openjdk-cygwin\jdk8u\hotspot\src\share\vm\prims\jni.cpp, line 709]
Event: 4.359 Thread 0x000000000287d800 Exception <a 'sun/nio/fs/WindowsException'> (0x00000000ff956ad8) thrown at [D:\src\AOSP-openjdk-cygwin\jdk8u\hotspot\src\share\vm\prims\jni.cpp, line 709]
Event: 4.368 Thread 0x000000000287d800 Exception <a 'sun/nio/fs/WindowsException'> (0x00000000ff95abc8) thrown at [D:\src\AOSP-openjdk-cygwin\jdk8u\hotspot\src\share\vm\prims\jni.cpp, line 709]

Events (10 events):
Event: 2.556 Thread 0x000000000287d800 Uncommon trap: trap_request=0xffffff65 fr.pc=0x0000000002dd1bd8
Event: 2.556 Thread 0x000000000287d800 DEOPT PACKING pc=0x0000000002dd1bd8 sp=0x000000000297ecf0
Event: 2.556 Thread 0x000000000287d800 DEOPT UNPACKING pc=0x0000000002ac556a sp=0x000000000297ec78 mode 2
Event: 2.556 Thread 0x000000000287d800 Uncommon trap: trap_request=0xffffff65 fr.pc=0x0000000002dca868
Event: 2.556 Thread 0x000000000287d800 DEOPT PACKING pc=0x0000000002dca868 sp=0x000000000297eef0
Event: 2.556 Thread 0x000000000287d800 DEOPT UNPACKING pc=0x0000000002ac556a sp=0x000000000297ee38 mode 2
Event: 3.492 loading class com/google/devtools/build/android/desugar/DirectoryOutputFileProvider
Event: 3.492 loading class com/google/devtools/build/android/desugar/DirectoryOutputFileProvider done
Event: 4.172 Executing VM operation: EnableBiasedLocking
Event: 4.173 Executing VM operation: EnableBiasedLocking done


Dynamic libraries:
0x00007ff7bef40000 - 0x00007ff7bef71000 	C:\Program Files\Android\Android Studio\jre\bin\java.exe
0x00007ffba9340000 - 0x00007ffba9521000 	C:\WINDOWS\SYSTEM32\ntdll.dll
0x00007ffba6ca0000 - 0x00007ffba6d52000 	C:\WINDOWS\System32\KERNEL32.DLL
0x00007ffba6070000 - 0x00007ffba62e3000 	C:\WINDOWS\System32\KERNELBASE.dll
0x00007ffba9260000 - 0x00007ffba9301000 	C:\WINDOWS\System32\ADVAPI32.dll
0x00007ffba77b0000 - 0x00007ffba784e000 	C:\WINDOWS\System32\msvcrt.dll
0x00007ffba71b0000 - 0x00007ffba720b000 	C:\WINDOWS\System32\sechost.dll
0x00007ffba7580000 - 0x00007ffba76a4000 	C:\WINDOWS\System32\RPCRT4.dll
0x00007ffba7ac0000 - 0x00007ffba7c50000 	C:\WINDOWS\System32\USER32.dll
0x00007ffba5790000 - 0x00007ffba57b0000 	C:\WINDOWS\System32\win32u.dll
0x00007ffba67e0000 - 0x00007ffba6808000 	C:\WINDOWS\System32\GDI32.dll
0x00007ffba6530000 - 0x00007ffba66c2000 	C:\WINDOWS\System32\gdi32full.dll
0x00007ffba5fd0000 - 0x00007ffba606f000 	C:\WINDOWS\System32\msvcp_win.dll
0x00007ffba66d0000 - 0x00007ffba67ca000 	C:\WINDOWS\System32\ucrtbase.dll
0x00007ffb93ad0000 - 0x00007ffb93d39000 	C:\WINDOWS\WinSxS\amd64_microsoft.windows.common-controls_6595b64144ccf1df_6.0.17134.48_none_b4b2216a3cb4dd3e\COMCTL32.dll
0x00007ffba6810000 - 0x00007ffba6b33000 	C:\WINDOWS\System32\combase.dll
0x00007ffba5710000 - 0x00007ffba578a000 	C:\WINDOWS\System32\bcryptPrimitives.dll
0x00007ffba9090000 - 0x00007ffba90bd000 	C:\WINDOWS\System32\IMM32.DLL
0x0000000069530000 - 0x0000000069602000 	C:\Program Files\Android\Android Studio\jre\jre\bin\msvcr100.dll
0x0000000066c10000 - 0x000000006744e000 	C:\Program Files\Android\Android Studio\jre\jre\bin\server\jvm.dll
0x00007ffba91d0000 - 0x00007ffba91d8000 	C:\WINDOWS\System32\PSAPI.DLL
0x00007ffba1d20000 - 0x00007ffba1d29000 	C:\WINDOWS\SYSTEM32\WSOCK32.dll
0x00007ffba7510000 - 0x00007ffba757c000 	C:\WINDOWS\System32\WS2_32.dll
0x00007ffb95780000 - 0x00007ffb957a3000 	C:\WINDOWS\SYSTEM32\WINMM.dll
0x00007ffb9d7c0000 - 0x00007ffb9d7ca000 	C:\WINDOWS\SYSTEM32\VERSION.dll
0x00007ffb95570000 - 0x00007ffb9559a000 	C:\WINDOWS\SYSTEM32\WINMMBASE.dll
0x00007ffba64e0000 - 0x00007ffba6529000 	C:\WINDOWS\System32\cfgmgr32.dll
0x00007ffba1b20000 - 0x00007ffba1b2f000 	C:\Program Files\Android\Android Studio\jre\jre\bin\verify.dll
0x00007ffb9e9c0000 - 0x00007ffb9e9e9000 	C:\Program Files\Android\Android Studio\jre\jre\bin\java.dll
0x00007ffba1b00000 - 0x00007ffba1b16000 	C:\Program Files\Android\Android Studio\jre\jre\bin\zip.dll
0x00007ffba7c50000 - 0x00007ffba9090000 	C:\WINDOWS\System32\SHELL32.dll
0x00007ffba9120000 - 0x00007ffba91c9000 	C:\WINDOWS\System32\shcore.dll
0x00007ffba58c0000 - 0x00007ffba5fcd000 	C:\WINDOWS\System32\windows.storage.dll
0x00007ffba90c0000 - 0x00007ffba9111000 	C:\WINDOWS\System32\shlwapi.dll
0x00007ffba5680000 - 0x00007ffba5691000 	C:\WINDOWS\System32\kernel.appcore.dll
0x00007ffba56f0000 - 0x00007ffba570f000 	C:\WINDOWS\System32\profapi.dll
0x00007ffba56a0000 - 0x00007ffba56ec000 	C:\WINDOWS\System32\powrprof.dll
0x00007ffba5650000 - 0x00007ffba565a000 	C:\WINDOWS\System32\FLTLIB.DLL
0x00007ffba5080000 - 0x00007ffba5097000 	C:\WINDOWS\SYSTEM32\CRYPTSP.dll
0x00007ffba4ab0000 - 0x00007ffba4ae3000 	C:\WINDOWS\system32\rsaenh.dll
0x00007ffba51b0000 - 0x00007ffba51d5000 	C:\WINDOWS\SYSTEM32\bcrypt.dll
0x00007ffba5580000 - 0x00007ffba55a8000 	C:\WINDOWS\SYSTEM32\USERENV.dll
0x00007ffba50a0000 - 0x00007ffba50ab000 	C:\WINDOWS\SYSTEM32\CRYPTBASE.dll
0x00007ffb9e9a0000 - 0x00007ffb9e9ba000 	C:\Program Files\Android\Android Studio\jre\jre\bin\net.dll
0x00007ffba4ed0000 - 0x00007ffba4f36000 	C:\WINDOWS\system32\mswsock.dll
0x00007ffba4c50000 - 0x00007ffba4c88000 	C:\WINDOWS\SYSTEM32\IPHLPAPI.DLL
0x00007ffba7430000 - 0x00007ffba7438000 	C:\WINDOWS\System32\NSI.dll
0x00007ffb9a1f0000 - 0x00007ffb9a206000 	C:\WINDOWS\SYSTEM32\dhcpcsvc6.DLL
0x00007ffb9a120000 - 0x00007ffb9a13a000 	C:\WINDOWS\SYSTEM32\dhcpcsvc.DLL
0x00007ffb9e900000 - 0x00007ffb9e911000 	C:\Program Files\Android\Android Studio\jre\jre\bin\nio.dll

VM Arguments:
jvm_args: -Djava.awt.headless=true -Xmx64M -Dfile.encoding=x-windows-949 -Duser.country=KR -Duser.language=ko -Duser.variant 
java_command: com.google.devtools.build.android.desugar.Desugar @D:\test\app\build\intermediates\tmp\desugar_args4663357936353815132
java_class_path (initial): C:\Users\Goo\AppData\Local\Temp\desugar_deploy.jar914161806448729915
Launcher Type: SUN_STANDARD

Environment Variables:
PATH=C:\ProgramData\Oracle\Java\javapath;C:\WINDOWS\system32;C:\WINDOWS;C:\WINDOWS\System32\Wbem;C:\WINDOWS\System32\WindowsPowerShell\v1.0\;C:\OpenSSL;;C:\WINDOWS\System32\OpenSSH\;C:\Users\Goo\AppData\Local\Microsoft\WindowsApps;
USERNAME=Goo
OS=Windows_NT
PROCESSOR_IDENTIFIER=Intel64 Family 6 Model 158 Stepping 9, GenuineIntel



---------------  S Y S T E M  ---------------

OS: Windows 10.0 , 64 bit Build 17134 (10.0.17134.1)

CPU:total 8 (initial active 8) (4 cores per cpu, 2 threads per core) family 6 model 158 stepping 9, cmov, cx8, fxsr, mmx, sse, sse2, sse3, ssse3, sse4.1, sse4.2, popcnt, avx, avx2, aes, clmul, erms, 3dnowpref, lzcnt, ht, tsc, tscinvbit, bmi1, bmi2, adx

Memory: 4k page, physical 16692940k(4722596k free), swap 16692940k(4128k free)

vm_info: OpenJDK 64-Bit Server VM (25.152-b01) for windows-amd64 JRE (1.8.0_152-release-915-b01), built by "builder" with MS VC++ 10.0 (VS2010)

time: Sat May 26 18:48:05 2018
elapsed time: 4 seconds (0d 0h 0m 4s)

