#
# There is insufficient memory for the Java Runtime Environment to continue.
# Native memory allocation (malloc) failed to allocate 2556864 bytes for Chunk::new
# Possible reasons:
#   The system is out of physical RAM or swap space
#   In 32 bit mode, the process size limit was hit
# Possible solutions:
#   Reduce memory load on the system
#   Increase physical memory or swap space
#   Check if swap backing store is full
#   Use 64 bit Java on a 64 bit OS
#   Decrease Java heap size (-Xmx/-Xms)
#   Decrease number of Java threads
#   Decrease Java thread stack sizes (-Xss)
#   Set larger code cache with -XX:ReservedCodeCacheSize=
# This output file may be truncated or incomplete.
#
#  Out of Memory Error (allocation.cpp:390), pid=12856, tid=0x0000000000001768
#
# JRE version: OpenJDK Runtime Environment (8.0_152-b01) (build 1.8.0_152-release-915-b01)
# Java VM: OpenJDK 64-Bit Server VM (25.152-b01 mixed mode windows-amd64 compressed oops)
# Failed to write core dump. Minidumps are not enabled by default on client versions of Windows
#

---------------  T H R E A D  ---------------

Current thread (0x0000000015a46800):  JavaThread "C2 CompilerThread2" daemon [_thread_in_native, id=5992, stack(0x0000000016350000,0x0000000016450000)]

Stack: [0x0000000016350000,0x0000000016450000]
[error occurred during error reporting (printing stack bounds), id 0xc0000005]

Native frames: (J=compiled Java code, j=interpreted, Vv=VM code, C=native code)


Current CompileTask:
C2:   2761  904 %     4       org.objectweb.asm.ClassReader::a @ 1480 (3587 bytes)


---------------  P R O C E S S  ---------------

Java Threads: ( => current thread )
  0x0000000015ac5800 JavaThread "Service Thread" daemon [_thread_blocked, id=12844, stack(0x0000000016550000,0x0000000016650000)]
  0x0000000015a90800 JavaThread "C1 CompilerThread3" daemon [_thread_blocked, id=5724, stack(0x0000000016450000,0x0000000016550000)]
=>0x0000000015a46800 JavaThread "C2 CompilerThread2" daemon [_thread_in_native, id=5992, stack(0x0000000016350000,0x0000000016450000)]
  0x0000000015a41800 JavaThread "C2 CompilerThread1" daemon [_thread_blocked, id=2776, stack(0x0000000016250000,0x0000000016350000)]
  0x0000000013ade800 JavaThread "C2 CompilerThread0" daemon [_thread_blocked, id=312, stack(0x0000000016150000,0x0000000016250000)]
  0x00000000159ea000 JavaThread "Attach Listener" daemon [_thread_blocked, id=14252, stack(0x0000000016050000,0x0000000016150000)]
  0x0000000015a40000 JavaThread "Signal Dispatcher" daemon [_thread_blocked, id=11936, stack(0x0000000015f50000,0x0000000016050000)]
  0x00000000159d1800 JavaThread "Finalizer" daemon [_thread_blocked, id=11336, stack(0x0000000015db0000,0x0000000015eb0000)]
  0x00000000032a8000 JavaThread "Reference Handler" daemon [_thread_blocked, id=11212, stack(0x00000000158b0000,0x00000000159b0000)]
  0x0000000002cfd800 JavaThread "main" [_thread_in_native, id=14940, stack(0x00000000030b0000,0x00000000031b0000)]

Other Threads:
  0x0000000013ac5000 VMThread [stack: 0x00000000157b0000,0x00000000158b0000] [id=5140]
  0x0000000015ac6000 WatcherThread [stack: 0x0000000016650000,0x0000000016750000] [id=13552]

VM state:not at safepoint (normal execution)

VM Mutex/Monitor currently owned by a thread: None

Heap:
 PSYoungGen      total 18944K, used 9738K [0x00000000feb00000, 0x0000000100000000, 0x0000000100000000)
  eden space 16384K, 43% used [0x00000000feb00000,0x00000000ff209168,0x00000000ffb00000)
  from space 2560K, 98% used [0x00000000ffb00000,0x00000000ffd79888,0x00000000ffd80000)
  to   space 2560K, 0% used [0x00000000ffd80000,0x00000000ffd80000,0x0000000100000000)
 ParOldGen       total 44032K, used 6983K [0x00000000fc000000, 0x00000000feb00000, 0x00000000feb00000)
  object space 44032K, 15% used [0x00000000fc000000,0x00000000fc6d1d80,0x00000000feb00000)
 Metaspace       used 7685K, capacity 7846K, committed 7936K, reserved 1056768K
  class space    used 875K, capacity 957K, committed 1024K, reserved 1048576K

Card table byte_map: [0x0000000012670000,0x00000000126a0000] byte_map_base: 0x0000000011e90000

Marking Bits: (ParMarkBitMap*) 0x000000005ca73950
 Begin Bits: [0x0000000012ec0000, 0x0000000012fc0000)
 End Bits:   [0x0000000012fc0000, 0x00000000130c0000)

Polling page: 0x0000000002cd0000

CodeCache: size=245760Kb used=4096Kb max_used=4109Kb free=241663Kb
 bounds [0x00000000032b0000, 0x00000000036c0000, 0x00000000122b0000]
 total_blobs=1419 nmethods=1085 adapters=248
 compilation: enabled

Compilation events (10 events):
Event: 2.332 Thread 0x0000000015a90800 1084       3       org.objectweb.asm.MethodVisitor::visitAnnotation (19 bytes)
Event: 2.332 Thread 0x0000000015a90800 nmethod 1084 0x000000000369f850 code [0x000000000369f9c0, 0x000000000369fc28]
Event: 2.332 Thread 0x0000000013ade800 1085       4       com.google.devtools.build.android.desugar.InterfaceDesugaring$InterfaceInvocationRewriter::visitMethodInsn (279 bytes)
Event: 2.332 Thread 0x0000000015a41800 1086       4       org.objectweb.asm.tree.InsnList::accept (23 bytes)
Event: 2.333 Thread 0x0000000015a41800 nmethod 1086 0x0000000003613850 code [0x0000000003613980, 0x0000000003613a18]
Event: 2.333 Thread 0x0000000015a41800 1087       4       org.objectweb.asm.tree.MethodInsnNode::accept (30 bytes)
Event: 2.336 Thread 0x0000000013ade800 nmethod 1085 0x000000000369ef90 code [0x000000000369f100, 0x000000000369f4b8]
Event: 2.448 Thread 0x0000000015a41800 nmethod 1087 0x00000000036b2990 code [0x00000000036b2d00, 0x00000000036b5bf8]
Event: 2.448 Thread 0x0000000015a90800 1088       3       com.google.common.base.Preconditions::checkState (25 bytes)
Event: 2.449 Thread 0x0000000015a90800 nmethod 1088 0x0000000003696c10 code [0x0000000003696da0, 0x00000000036971b8]

GC Heap History (6 events):
Event: 1.003 GC heap before
{Heap before GC invocations=1 (full 0):
 PSYoungGen      total 18944K, used 16384K [0x00000000feb00000, 0x0000000100000000, 0x0000000100000000)
  eden space 16384K, 100% used [0x00000000feb00000,0x00000000ffb00000,0x00000000ffb00000)
  from space 2560K, 0% used [0x00000000ffd80000,0x00000000ffd80000,0x0000000100000000)
  to   space 2560K, 0% used [0x00000000ffb00000,0x00000000ffb00000,0x00000000ffd80000)
 ParOldGen       total 44032K, used 0K [0x00000000fc000000, 0x00000000feb00000, 0x00000000feb00000)
  object space 44032K, 0% used [0x00000000fc000000,0x00000000fc000000,0x00000000feb00000)
 Metaspace       used 6607K, capacity 6740K, committed 7040K, reserved 1056768K
  class space    used 774K, capacity 824K, committed 896K, reserved 1048576K
Event: 1.015 GC heap after
Heap after GC invocations=1 (full 0):
 PSYoungGen      total 18944K, used 2537K [0x00000000feb00000, 0x0000000100000000, 0x0000000100000000)
  eden space 16384K, 0% used [0x00000000feb00000,0x00000000feb00000,0x00000000ffb00000)
  from space 2560K, 99% used [0x00000000ffb00000,0x00000000ffd7a620,0x00000000ffd80000)
  to   space 2560K, 0% used [0x00000000ffd80000,0x00000000ffd80000,0x0000000100000000)
 ParOldGen       total 44032K, used 1588K [0x00000000fc000000, 0x00000000feb00000, 0x00000000feb00000)
  object space 44032K, 3% used [0x00000000fc000000,0x00000000fc18d148,0x00000000feb00000)
 Metaspace       used 6607K, capacity 6740K, committed 7040K, reserved 1056768K
  class space    used 774K, capacity 824K, committed 896K, reserved 1048576K
}
Event: 1.354 GC heap before
{Heap before GC invocations=2 (full 0):
 PSYoungGen      total 18944K, used 18921K [0x00000000feb00000, 0x0000000100000000, 0x0000000100000000)
  eden space 16384K, 100% used [0x00000000feb00000,0x00000000ffb00000,0x00000000ffb00000)
  from space 2560K, 99% used [0x00000000ffb00000,0x00000000ffd7a620,0x00000000ffd80000)
  to   space 2560K, 0% used [0x00000000ffd80000,0x00000000ffd80000,0x0000000100000000)
 ParOldGen       total 44032K, used 1588K [0x00000000fc000000, 0x00000000feb00000, 0x00000000feb00000)
  object space 44032K, 3% used [0x00000000fc000000,0x00000000fc18d148,0x00000000feb00000)
 Metaspace       used 6955K, capacity 7110K, committed 7296K, reserved 1056768K
  class space    used 816K, capacity 861K, committed 896K, reserved 1048576K
Event: 1.362 GC heap after
Heap after GC invocations=2 (full 0):
 PSYoungGen      total 18944K, used 2547K [0x00000000feb00000, 0x0000000100000000, 0x0000000100000000)
  eden space 16384K, 0% used [0x00000000feb00000,0x00000000feb00000,0x00000000ffb00000)
  from space 2560K, 99% used [0x00000000ffd80000,0x00000000ffffce20,0x0000000100000000)
  to   space 2560K, 0% used [0x00000000ffb00000,0x00000000ffb00000,0x00000000ffd80000)
 ParOldGen       total 44032K, used 5833K [0x00000000fc000000, 0x00000000feb00000, 0x00000000feb00000)
  object space 44032K, 13% used [0x00000000fc000000,0x00000000fc5b2630,0x00000000feb00000)
 Metaspace       used 6955K, capacity 7110K, committed 7296K, reserved 1056768K
  class space    used 816K, capacity 861K, committed 896K, reserved 1048576K
}
Event: 1.656 GC heap before
{Heap before GC invocations=3 (full 0):
 PSYoungGen      total 18944K, used 18931K [0x00000000feb00000, 0x0000000100000000, 0x0000000100000000)
  eden space 16384K, 100% used [0x00000000feb00000,0x00000000ffb00000,0x00000000ffb00000)
  from space 2560K, 99% used [0x00000000ffd80000,0x00000000ffffce20,0x0000000100000000)
  to   space 2560K, 0% used [0x00000000ffb00000,0x00000000ffb00000,0x00000000ffd80000)
 ParOldGen       total 44032K, used 5833K [0x00000000fc000000, 0x00000000feb00000, 0x00000000feb00000)
  object space 44032K, 13% used [0x00000000fc000000,0x00000000fc5b2630,0x00000000feb00000)
 Metaspace       used 7648K, capacity 7846K, committed 7936K, reserved 1056768K
  class space    used 875K, capacity 957K, committed 1024K, reserved 1048576K
Event: 1.689 GC heap after
Heap after GC invocations=3 (full 0):
 PSYoungGen      total 18944K, used 2534K [0x00000000feb00000, 0x0000000100000000, 0x0000000100000000)
  eden space 16384K, 0% used [0x00000000feb00000,0x00000000feb00000,0x00000000ffb00000)
  from space 2560K, 98% used [0x00000000ffb00000,0x00000000ffd79888,0x00000000ffd80000)
  to   space 2560K, 0% used [0x00000000ffd80000,0x00000000ffd80000,0x0000000100000000)
 ParOldGen       total 44032K, used 6983K [0x00000000fc000000, 0x00000000feb00000, 0x00000000feb00000)
  object space 44032K, 15% used [0x00000000fc000000,0x00000000fc6d1d80,0x00000000feb00000)
 Metaspace       used 7648K, capacity 7846K, committed 7936K, reserved 1056768K
  class space    used 875K, capacity 957K, committed 1024K, reserved 1048576K
}

Deoptimization events (10 events):
Event: 0.990 Thread 0x0000000002cfd800 Uncommon trap: reason=unstable_if action=reinterpret pc=0x00000000034e74b8 method=java.util.zip.ZipCoder.decoder()Ljava/nio/charset/CharsetDecoder; @ 4
Event: 1.068 Thread 0x0000000002cfd800 Uncommon trap: reason=unstable_if action=reinterpret pc=0x00000000034e50ac method=java.util.zip.ZipCoder.decoder()Ljava/nio/charset/CharsetDecoder; @ 4
Event: 1.176 Thread 0x0000000002cfd800 Uncommon trap: reason=unstable_if action=reinterpret pc=0x00000000034f7048 method=java.util.HashMap$HashIterator.nextNode()Ljava/util/HashMap$Node; @ 74
Event: 1.311 Thread 0x0000000002cfd800 Uncommon trap: reason=unloaded action=reinterpret pc=0x00000000034e347c method=java.util.zip.ZipEntry.setExtra0([BZ)V @ 37
Event: 1.365 Thread 0x0000000002cfd800 Uncommon trap: reason=unstable_if action=reinterpret pc=0x00000000034f1e48 method=java.util.HashMap$HashIterator.nextNode()Ljava/util/HashMap$Node; @ 74
Event: 1.390 Thread 0x0000000002cfd800 Uncommon trap: reason=unstable_if action=reinterpret pc=0x00000000034593b8 method=java.lang.String.<init>([CII)V @ 18
Event: 1.593 Thread 0x0000000002cfd800 Uncommon trap: reason=unstable_if action=reinterpret pc=0x000000000360559c method=org.objectweb.asm.Type.getArgumentsAndReturnSizes(Ljava/lang/String;)I @ 130
Event: 1.691 Thread 0x0000000002cfd800 Uncommon trap: reason=unstable_if action=reinterpret pc=0x000000000362c074 method=org.objectweb.asm.tree.MethodNode.getLabelNodes([Ljava/lang/Object;)[Ljava/lang/Object; @ 24
Event: 2.329 Thread 0x0000000002cfd800 Uncommon trap: reason=null_check action=make_not_entrant pc=0x00000000036a3364 method=com.google.devtools.build.android.desugar.InterfaceDesugaring$InterfaceInvocationRewriter.visitMethodInsn(ILjava/lang/String;Ljava/lang/String;Ljava/lang/String;Z)V @ 10
Event: 2.331 Thread 0x0000000002cfd800 Uncommon trap: reason=null_check action=make_not_entrant pc=0x000000000369ebdc method=com.google.devtools.build.android.desugar.InterfaceDesugaring$InterfaceInvocationRewriter.visitMethodInsn(ILjava/lang/String;Ljava/lang/String;Ljava/lang/String;Z)V @ 10

Classes redefined (0 events):
No events

Internal exceptions (10 events):
Event: 1.975 Thread 0x0000000002cfd800 Exception <a 'sun/nio/fs/WindowsException'> (0x00000000fee15b78) thrown at [D:\src\AOSP-openjdk-cygwin\jdk8u\hotspot\src\share\vm\prims\jni.cpp, line 709]
Event: 1.975 Thread 0x0000000002cfd800 Exception <a 'sun/nio/fs/WindowsException'> (0x00000000fee16050) thrown at [D:\src\AOSP-openjdk-cygwin\jdk8u\hotspot\src\share\vm\prims\jni.cpp, line 709]
Event: 2.293 Thread 0x0000000002cfd800 Exception <a 'sun/nio/fs/WindowsException'> (0x00000000ff16ee10) thrown at [D:\src\AOSP-openjdk-cygwin\jdk8u\hotspot\src\share\vm\prims\jni.cpp, line 709]
Event: 2.293 Thread 0x0000000002cfd800 Exception <a 'sun/nio/fs/WindowsException'> (0x00000000ff16f2e8) thrown at [D:\src\AOSP-openjdk-cygwin\jdk8u\hotspot\src\share\vm\prims\jni.cpp, line 709]
Event: 2.328 Thread 0x0000000002cfd800 Exception <a 'sun/nio/fs/WindowsException'> (0x00000000ff172788) thrown at [D:\src\AOSP-openjdk-cygwin\jdk8u\hotspot\src\share\vm\prims\jni.cpp, line 709]
Event: 2.328 Thread 0x0000000002cfd800 Exception <a 'sun/nio/fs/WindowsException'> (0x00000000ff172c60) thrown at [D:\src\AOSP-openjdk-cygwin\jdk8u\hotspot\src\share\vm\prims\jni.cpp, line 709]
Event: 2.329 Thread 0x0000000002cfd800 Implicit null exception at 0x00000000036a08bd to 0x00000000036a3341
Event: 2.331 Thread 0x0000000002cfd800 Implicit null exception at 0x000000000369e8ea to 0x000000000369ebb9
Event: 2.449 Thread 0x0000000002cfd800 Exception <a 'sun/nio/fs/WindowsException'> (0x00000000ff1cbe78) thrown at [D:\src\AOSP-openjdk-cygwin\jdk8u\hotspot\src\share\vm\prims\jni.cpp, line 709]
Event: 2.449 Thread 0x0000000002cfd800 Exception <a 'sun/nio/fs/WindowsException'> (0x00000000ff1cc350) thrown at [D:\src\AOSP-openjdk-cygwin\jdk8u\hotspot\src\share\vm\prims\jni.cpp, line 709]

Events (10 events):
Event: 1.993 Thread 0x0000000002cfd800 DEOPT PACKING pc=0x00000000035f7fb8 sp=0x00000000031aec90
Event: 1.993 Thread 0x0000000002cfd800 DEOPT UNPACKING pc=0x00000000032f75bf sp=0x00000000031aea70 mode 0
Event: 2.329 Thread 0x0000000002cfd800 Uncommon trap: trap_request=0xfffffff4 fr.pc=0x00000000036a3364
Event: 2.329 Thread 0x0000000002cfd800 DEOPT PACKING pc=0x00000000036a3364 sp=0x00000000031aeb90
Event: 2.329 Thread 0x0000000002cfd800 DEOPT UNPACKING pc=0x00000000032f556a sp=0x00000000031aeb10 mode 2
Event: 2.331 Thread 0x0000000002cfd800 Uncommon trap: trap_request=0xfffffff4 fr.pc=0x000000000369ebdc
Event: 2.331 Thread 0x0000000002cfd800 DEOPT PACKING pc=0x000000000369ebdc sp=0x00000000031aeb50
Event: 2.331 Thread 0x0000000002cfd800 DEOPT UNPACKING pc=0x00000000032f556a sp=0x00000000031aeb00 mode 2
Event: 2.332 Thread 0x0000000002cfd800 DEOPT PACKING pc=0x00000000035cdd30 sp=0x00000000031aec40
Event: 2.332 Thread 0x0000000002cfd800 DEOPT UNPACKING pc=0x00000000032f75bf sp=0x00000000031ae968 mode 0


Dynamic libraries:
0x00007ff6a0ea0000 - 0x00007ff6a0ed1000 	C:\Program Files\Android\Android Studio\jre\bin\java.exe
0x00007fffff1d0000 - 0x00007fffff3b1000 	C:\WINDOWS\SYSTEM32\ntdll.dll
0x00007ffffe800000 - 0x00007ffffe8b2000 	C:\WINDOWS\System32\KERNEL32.DLL
0x00007ffffb5f0000 - 0x00007ffffb863000 	C:\WINDOWS\System32\KERNELBASE.dll
0x00007ffffea60000 - 0x00007ffffeb01000 	C:\WINDOWS\System32\ADVAPI32.dll
0x00007ffffcb10000 - 0x00007ffffcbae000 	C:\WINDOWS\System32\msvcrt.dll
0x00007ffffec10000 - 0x00007ffffec6b000 	C:\WINDOWS\System32\sechost.dll
0x00007ffffe340000 - 0x00007ffffe464000 	C:\WINDOWS\System32\RPCRT4.dll
0x00007ffffc660000 - 0x00007ffffc7f0000 	C:\WINDOWS\System32\USER32.dll
0x00007ffffbbe0000 - 0x00007ffffbc00000 	C:\WINDOWS\System32\win32u.dll
0x00007ffffcad0000 - 0x00007ffffcaf8000 	C:\WINDOWS\System32\GDI32.dll
0x00007ffffc460000 - 0x00007ffffc5f2000 	C:\WINDOWS\System32\gdi32full.dll
0x00007ffffbc00000 - 0x00007ffffbc9f000 	C:\WINDOWS\System32\msvcp_win.dll
0x00007ffffbae0000 - 0x00007ffffbbda000 	C:\WINDOWS\System32\ucrtbase.dll
0x00007fffee3c0000 - 0x00007fffee629000 	C:\WINDOWS\WinSxS\amd64_microsoft.windows.common-controls_6595b64144ccf1df_6.0.17134.48_none_b4b2216a3cb4dd3e\COMCTL32.dll
0x00007ffffe470000 - 0x00007ffffe793000 	C:\WINDOWS\System32\combase.dll
0x00007ffffba60000 - 0x00007ffffbada000 	C:\WINDOWS\System32\bcryptPrimitives.dll
0x00007ffffe1b0000 - 0x00007ffffe1dd000 	C:\WINDOWS\System32\IMM32.DLL
0x000000005dbc0000 - 0x000000005dc92000 	C:\Program Files\Android\Android Studio\jre\jre\bin\msvcr100.dll
0x000000005c2b0000 - 0x000000005caee000 	C:\Program Files\Android\Android Studio\jre\jre\bin\server\jvm.dll
0x00007ffffc7f0000 - 0x00007ffffc7f8000 	C:\WINDOWS\System32\PSAPI.DLL
0x00007fffead30000 - 0x00007fffead39000 	C:\WINDOWS\SYSTEM32\WSOCK32.dll
0x00007ffffcc30000 - 0x00007ffffcc9c000 	C:\WINDOWS\System32\WS2_32.dll
0x00007ffff9180000 - 0x00007ffff91a3000 	C:\WINDOWS\SYSTEM32\WINMM.dll
0x00007ffff3a50000 - 0x00007ffff3a5a000 	C:\WINDOWS\SYSTEM32\VERSION.dll
0x00007ffff9150000 - 0x00007ffff917a000 	C:\WINDOWS\SYSTEM32\winmmbase.dll
0x00007ffffb5a0000 - 0x00007ffffb5e9000 	C:\WINDOWS\System32\cfgmgr32.dll
0x00007fffea1e0000 - 0x00007fffea1ef000 	C:\Program Files\Android\Android Studio\jre\jre\bin\verify.dll
0x00007fffe5510000 - 0x00007fffe5539000 	C:\Program Files\Android\Android Studio\jre\jre\bin\java.dll
0x00007fffe8e00000 - 0x00007fffe8e16000 	C:\Program Files\Android\Android Studio\jre\jre\bin\zip.dll
0x00007ffffcd70000 - 0x00007ffffe1b0000 	C:\WINDOWS\System32\SHELL32.dll
0x00007ffffca20000 - 0x00007ffffcac9000 	C:\WINDOWS\System32\shcore.dll
0x00007ffffbca0000 - 0x00007ffffc3ad000 	C:\WINDOWS\System32\windows.storage.dll
0x00007fffff120000 - 0x00007fffff171000 	C:\WINDOWS\System32\shlwapi.dll
0x00007ffffb560000 - 0x00007ffffb571000 	C:\WINDOWS\System32\kernel.appcore.dll
0x00007ffffb530000 - 0x00007ffffb54f000 	C:\WINDOWS\System32\profapi.dll
0x00007ffffb4e0000 - 0x00007ffffb52c000 	C:\WINDOWS\System32\powrprof.dll
0x00007ffffb550000 - 0x00007ffffb55a000 	C:\WINDOWS\System32\FLTLIB.DLL
0x00007ffffaf10000 - 0x00007ffffaf27000 	C:\WINDOWS\SYSTEM32\CRYPTSP.dll
0x00007ffffa940000 - 0x00007ffffa973000 	C:\WINDOWS\system32\rsaenh.dll
0x00007ffffb040000 - 0x00007ffffb065000 	C:\WINDOWS\SYSTEM32\bcrypt.dll
0x00007ffffb3e0000 - 0x00007ffffb408000 	C:\WINDOWS\SYSTEM32\USERENV.dll
0x00007ffffaf30000 - 0x00007ffffaf3b000 	C:\WINDOWS\SYSTEM32\CRYPTBASE.dll
0x00007fffe70d0000 - 0x00007fffe70ea000 	C:\Program Files\Android\Android Studio\jre\jre\bin\net.dll
0x00007ffffad60000 - 0x00007ffffadc6000 	C:\WINDOWS\system32\mswsock.dll
0x00007ffffaae0000 - 0x00007ffffab18000 	C:\WINDOWS\SYSTEM32\IPHLPAPI.DLL
0x00007ffffcb00000 - 0x00007ffffcb08000 	C:\WINDOWS\System32\NSI.dll
0x00007ffff3f90000 - 0x00007ffff3fa6000 	C:\WINDOWS\SYSTEM32\dhcpcsvc6.DLL
0x00007ffff3f70000 - 0x00007ffff3f8a000 	C:\WINDOWS\SYSTEM32\dhcpcsvc.DLL
0x00007fffe52f0000 - 0x00007fffe5301000 	C:\Program Files\Android\Android Studio\jre\jre\bin\nio.dll

VM Arguments:
jvm_args: -Djava.awt.headless=true -Xmx64M -Dfile.encoding=x-windows-949 -Duser.country=KR -Duser.language=ko -Duser.variant 
java_command: com.google.devtools.build.android.desugar.Desugar @D:\test\app\build\intermediates\tmp\desugar_args3209129765883924602
java_class_path (initial): C:\Users\Goo\AppData\Local\Temp\desugar_deploy.jar7104283562246870098
Launcher Type: SUN_STANDARD

Environment Variables:
PATH=C:\ProgramData\Oracle\Java\javapath;C:\WINDOWS\system32;C:\WINDOWS;C:\WINDOWS\System32\Wbem;C:\WINDOWS\System32\WindowsPowerShell\v1.0\;C:\OpenSSL;;C:\WINDOWS\System32\OpenSSH\;C:\Users\Goo\AppData\Local\Microsoft\WindowsApps;
USERNAME=Goo
OS=Windows_NT
PROCESSOR_IDENTIFIER=Intel64 Family 6 Model 158 Stepping 9, GenuineIntel



---------------  S Y S T E M  ---------------

OS: Windows 10.0 , 64 bit Build 17134 (10.0.17134.1)

CPU:total 8 (initial active 8) (4 cores per cpu, 2 threads per core) family 6 model 158 stepping 9, cmov, cx8, fxsr, mmx, sse, sse2, sse3, ssse3, sse4.1, sse4.2, popcnt, avx, avx2, aes, clmul, erms, 3dnowpref, lzcnt, ht, tsc, tscinvbit, bmi1, bmi2, adx

Memory: 4k page, physical 16692940k(2428672k free), swap 16692940k(5264k free)

vm_info: OpenJDK 64-Bit Server VM (25.152-b01) for windows-amd64 JRE (1.8.0_152-release-915-b01), built by "builder" with MS VC++ 10.0 (VS2010)

time: Fri Jun 08 03:20:19 2018
elapsed time: 2 seconds (0d 0h 0m 2s)

