#
# There is insufficient memory for the Java Runtime Environment to continue.
# Native memory allocation (malloc) failed to allocate 32744 bytes for ChunkPool::allocate
# Possible reasons:
#   The system is out of physical RAM or swap space
#   In 32 bit mode, the process size limit was hit
# Possible solutions:
#   Reduce memory load on the system
#   Increase physical memory or swap space
#   Check if swap backing store is full
#   Use 64 bit Java on a 64 bit OS
#   Decrease Java heap size (-Xmx/-Xms)
#   Decrease number of Java threads
#   Decrease Java thread stack sizes (-Xss)
#   Set larger code cache with -XX:ReservedCodeCacheSize=
# This output file may be truncated or incomplete.
#
#  Out of Memory Error (allocation.cpp:273), pid=11044, tid=0x0000000000000d50
#
# JRE version: OpenJDK Runtime Environment (8.0_152-b01) (build 1.8.0_152-release-915-b01)
# Java VM: OpenJDK 64-Bit Server VM (25.152-b01 mixed mode windows-amd64 compressed oops)
# Failed to write core dump. Minidumps are not enabled by default on client versions of Windows
#

---------------  T H R E A D  ---------------

Current thread (0x0000000014e5b000):  JavaThread "C2 CompilerThread0" daemon [_thread_in_native, id=3408, stack(0x00000000155c0000,0x00000000156c0000)]

Stack: [0x00000000155c0000,0x00000000156c0000]
[error occurred during error reporting (printing stack bounds), id 0xc0000005]

Native frames: (J=compiled Java code, j=interpreted, Vv=VM code, C=native code)


Current CompileTask:
C2:   4134  899       4       org.objectweb.asm.ClassReader::a (3587 bytes)


---------------  P R O C E S S  ---------------

Java Threads: ( => current thread )
  0x0000000014f24000 JavaThread "Service Thread" daemon [_thread_blocked, id=5132, stack(0x00000000159c0000,0x0000000015ac0000)]
  0x0000000014efd800 JavaThread "C1 CompilerThread3" daemon [_thread_blocked, id=9992, stack(0x00000000158c0000,0x00000000159c0000)]
  0x0000000014eb3000 JavaThread "C2 CompilerThread2" daemon [_thread_blocked, id=13128, stack(0x00000000157c0000,0x00000000158c0000)]
  0x0000000012f69800 JavaThread "C2 CompilerThread1" daemon [_thread_blocked, id=12988, stack(0x00000000156c0000,0x00000000157c0000)]
=>0x0000000014e5b000 JavaThread "C2 CompilerThread0" daemon [_thread_in_native, id=3408, stack(0x00000000155c0000,0x00000000156c0000)]
  0x0000000014e5a000 JavaThread "Attach Listener" daemon [_thread_blocked, id=6256, stack(0x00000000154c0000,0x00000000155c0000)]
  0x0000000014e45800 JavaThread "Signal Dispatcher" daemon [_thread_blocked, id=3828, stack(0x00000000153c0000,0x00000000154c0000)]
  0x0000000014e40800 JavaThread "Finalizer" daemon [_thread_blocked, id=10228, stack(0x0000000015220000,0x0000000015320000)]
  0x0000000002717000 JavaThread "Reference Handler" daemon [_thread_blocked, id=8308, stack(0x0000000014d20000,0x0000000014e20000)]
  0x000000000218d800 JavaThread "main" [_thread_in_native, id=5468, stack(0x0000000002520000,0x0000000002620000)]

Other Threads:
  0x0000000012f55000 VMThread [stack: 0x0000000014c20000,0x0000000014d20000] [id=8376]
  0x0000000014f25000 WatcherThread [stack: 0x0000000015ac0000,0x0000000015bc0000] [id=248]

VM state:not at safepoint (normal execution)

VM Mutex/Monitor currently owned by a thread: None

Heap:
 PSYoungGen      total 18944K, used 13631K [0x00000000feb00000, 0x0000000100000000, 0x0000000100000000)
  eden space 16384K, 67% used [0x00000000feb00000,0x00000000ff5d36d0,0x00000000ffb00000)
  from space 2560K, 99% used [0x00000000ffb00000,0x00000000ffd7c5b8,0x00000000ffd80000)
  to   space 2560K, 0% used [0x00000000ffd80000,0x00000000ffd80000,0x0000000100000000)
 ParOldGen       total 44032K, used 6878K [0x00000000fc000000, 0x00000000feb00000, 0x00000000feb00000)
  object space 44032K, 15% used [0x00000000fc000000,0x00000000fc6b78d0,0x00000000feb00000)
 Metaspace       used 7787K, capacity 7970K, committed 8192K, reserved 1056768K
  class space    used 877K, capacity 957K, committed 1024K, reserved 1048576K

Card table byte_map: [0x0000000011af0000,0x0000000011b20000] byte_map_base: 0x0000000011310000

Marking Bits: (ParMarkBitMap*) 0x000000005d303950
 Begin Bits: [0x0000000012340000, 0x0000000012440000)
 End Bits:   [0x0000000012440000, 0x0000000012540000)

Polling page: 0x0000000000870000

CodeCache: size=245760Kb used=4274Kb max_used=4274Kb free=241486Kb
 bounds [0x0000000002730000, 0x0000000002b70000, 0x0000000011730000]
 total_blobs=1517 nmethods=1182 adapters=248
 compilation: enabled

Compilation events (10 events):
Event: 3.607 Thread 0x0000000014efd800 1176       3       java.nio.channels.spi.AbstractInterruptibleChannel::blockedOn (13 bytes)
Event: 3.607 Thread 0x0000000014efd800 nmethod 1176 0x0000000002b54750 code [0x0000000002b548e0, 0x0000000002b54dd0]
Event: 3.607 Thread 0x0000000014efd800 1177       3       java.lang.System$2::blockedOn (6 bytes)
Event: 3.607 Thread 0x0000000014efd800 nmethod 1177 0x0000000002b54090 code [0x0000000002b54200, 0x0000000002b545f0]
Event: 3.607 Thread 0x0000000014efd800 1178   !   3       java.lang.Thread::blockedOn (23 bytes)
Event: 3.607 Thread 0x0000000014efd800 nmethod 1178 0x0000000002b53b50 code [0x0000000002b53cc0, 0x0000000002b53fd0]
Event: 3.607 Thread 0x0000000014efd800 1175       3       java.util.zip.CRC32::update (16 bytes)
Event: 3.607 Thread 0x0000000014efd800 nmethod 1175 0x0000000002b537d0 code [0x0000000002b53920, 0x0000000002b53ab0]
Event: 3.986 Thread 0x0000000014efd800 1183       3       java.util.LinkedHashMap$LinkedHashIterator::hasNext (13 bytes)
Event: 3.986 Thread 0x0000000014efd800 nmethod 1183 0x0000000002b53450 code [0x0000000002b535a0, 0x0000000002b53750]

GC Heap History (6 events):
Event: 1.271 GC heap before
{Heap before GC invocations=1 (full 0):
 PSYoungGen      total 18944K, used 16384K [0x00000000feb00000, 0x0000000100000000, 0x0000000100000000)
  eden space 16384K, 100% used [0x00000000feb00000,0x00000000ffb00000,0x00000000ffb00000)
  from space 2560K, 0% used [0x00000000ffd80000,0x00000000ffd80000,0x0000000100000000)
  to   space 2560K, 0% used [0x00000000ffb00000,0x00000000ffb00000,0x00000000ffd80000)
 ParOldGen       total 44032K, used 0K [0x00000000fc000000, 0x00000000feb00000, 0x00000000feb00000)
  object space 44032K, 0% used [0x00000000fc000000,0x00000000fc000000,0x00000000feb00000)
 Metaspace       used 6635K, capacity 6800K, committed 7040K, reserved 1056768K
  class space    used 774K, capacity 824K, committed 896K, reserved 1048576K
Event: 1.321 GC heap after
Heap after GC invocations=1 (full 0):
 PSYoungGen      total 18944K, used 2537K [0x00000000feb00000, 0x0000000100000000, 0x0000000100000000)
  eden space 16384K, 0% used [0x00000000feb00000,0x00000000feb00000,0x00000000ffb00000)
  from space 2560K, 99% used [0x00000000ffb00000,0x00000000ffd7a620,0x00000000ffd80000)
  to   space 2560K, 0% used [0x00000000ffd80000,0x00000000ffd80000,0x0000000100000000)
 ParOldGen       total 44032K, used 1534K [0x00000000fc000000, 0x00000000feb00000, 0x00000000feb00000)
  object space 44032K, 3% used [0x00000000fc000000,0x00000000fc17fb30,0x00000000feb00000)
 Metaspace       used 6635K, capacity 6800K, committed 7040K, reserved 1056768K
  class space    used 774K, capacity 824K, committed 896K, reserved 1048576K
}
Event: 2.288 GC heap before
{Heap before GC invocations=2 (full 0):
 PSYoungGen      total 18944K, used 18921K [0x00000000feb00000, 0x0000000100000000, 0x0000000100000000)
  eden space 16384K, 100% used [0x00000000feb00000,0x00000000ffb00000,0x00000000ffb00000)
  from space 2560K, 99% used [0x00000000ffb00000,0x00000000ffd7a620,0x00000000ffd80000)
  to   space 2560K, 0% used [0x00000000ffd80000,0x00000000ffd80000,0x0000000100000000)
 ParOldGen       total 44032K, used 1534K [0x00000000fc000000, 0x00000000feb00000, 0x00000000feb00000)
  object space 44032K, 3% used [0x00000000fc000000,0x00000000fc17fb30,0x00000000feb00000)
 Metaspace       used 6980K, capacity 7106K, committed 7296K, reserved 1056768K
  class space    used 816K, capacity 861K, committed 896K, reserved 1048576K
Event: 2.441 GC heap after
Heap after GC invocations=2 (full 0):
 PSYoungGen      total 18944K, used 2531K [0x00000000feb00000, 0x0000000100000000, 0x0000000100000000)
  eden space 16384K, 0% used [0x00000000feb00000,0x00000000feb00000,0x00000000ffb00000)
  from space 2560K, 98% used [0x00000000ffd80000,0x00000000ffff8e20,0x0000000100000000)
  to   space 2560K, 0% used [0x00000000ffb00000,0x00000000ffb00000,0x00000000ffd80000)
 ParOldGen       total 44032K, used 5836K [0x00000000fc000000, 0x00000000feb00000, 0x00000000feb00000)
  object space 44032K, 13% used [0x00000000fc000000,0x00000000fc5b3028,0x00000000feb00000)
 Metaspace       used 6980K, capacity 7106K, committed 7296K, reserved 1056768K
  class space    used 816K, capacity 861K, committed 896K, reserved 1048576K
}
Event: 3.289 GC heap before
{Heap before GC invocations=3 (full 0):
 PSYoungGen      total 18944K, used 18915K [0x00000000feb00000, 0x0000000100000000, 0x0000000100000000)
  eden space 16384K, 100% used [0x00000000feb00000,0x00000000ffb00000,0x00000000ffb00000)
  from space 2560K, 98% used [0x00000000ffd80000,0x00000000ffff8e20,0x0000000100000000)
  to   space 2560K, 0% used [0x00000000ffb00000,0x00000000ffb00000,0x00000000ffd80000)
 ParOldGen       total 44032K, used 5836K [0x00000000fc000000, 0x00000000feb00000, 0x00000000feb00000)
  object space 44032K, 13% used [0x00000000fc000000,0x00000000fc5b3028,0x00000000feb00000)
 Metaspace       used 7716K, capacity 7906K, committed 8192K, reserved 1056768K
  class space    used 877K, capacity 957K, committed 1024K, reserved 1048576K
Event: 3.367 GC heap after
Heap after GC invocations=3 (full 0):
 PSYoungGen      total 18944K, used 2545K [0x00000000feb00000, 0x0000000100000000, 0x0000000100000000)
  eden space 16384K, 0% used [0x00000000feb00000,0x00000000feb00000,0x00000000ffb00000)
  from space 2560K, 99% used [0x00000000ffb00000,0x00000000ffd7c5b8,0x00000000ffd80000)
  to   space 2560K, 0% used [0x00000000ffd80000,0x00000000ffd80000,0x0000000100000000)
 ParOldGen       total 44032K, used 6878K [0x00000000fc000000, 0x00000000feb00000, 0x00000000feb00000)
  object space 44032K, 15% used [0x00000000fc000000,0x00000000fc6b78d0,0x00000000feb00000)
 Metaspace       used 7716K, capacity 7906K, committed 8192K, reserved 1056768K
  class space    used 877K, capacity 957K, committed 1024K, reserved 1048576K
}

Deoptimization events (10 events):
Event: 3.102 Thread 0x000000000218d800 Uncommon trap: reason=unstable_if action=reinterpret pc=0x0000000002a7e09c method=java.lang.String.<init>([CII)V @ 18
Event: 3.116 Thread 0x000000000218d800 Uncommon trap: reason=unstable_if action=reinterpret pc=0x0000000002a78e78 method=org.objectweb.asm.MethodWriter.visitVarInsn(II)V @ 136
Event: 3.173 Thread 0x000000000218d800 Uncommon trap: reason=unstable_if action=reinterpret pc=0x0000000002a75fb0 method=org.objectweb.asm.ClassReader.readUTF8(I[C)Ljava/lang/String; @ 7
Event: 3.173 Thread 0x000000000218d800 Uncommon trap: reason=unstable_if action=reinterpret pc=0x0000000002a9e258 method=org.objectweb.asm.ClassReader.readUTF8(I[C)Ljava/lang/String; @ 11
Event: 3.385 Thread 0x000000000218d800 Uncommon trap: reason=class_check action=maybe_recompile pc=0x0000000002abc67c method=org.objectweb.asm.MethodVisitor.visitVarInsn(II)V @ 13
Event: 3.385 Thread 0x000000000218d800 Uncommon trap: reason=class_check action=maybe_recompile pc=0x0000000002abc67c method=org.objectweb.asm.MethodVisitor.visitVarInsn(II)V @ 13
Event: 3.385 Thread 0x000000000218d800 Uncommon trap: reason=class_check action=maybe_recompile pc=0x0000000002abc67c method=org.objectweb.asm.MethodVisitor.visitVarInsn(II)V @ 13
Event: 3.385 Thread 0x000000000218d800 Uncommon trap: reason=class_check action=maybe_recompile pc=0x0000000002abc67c method=org.objectweb.asm.MethodVisitor.visitVarInsn(II)V @ 13
Event: 3.389 Thread 0x000000000218d800 Uncommon trap: reason=class_check action=maybe_recompile pc=0x0000000002b03420 method=org.objectweb.asm.MethodVisitor.visitVarInsn(II)V @ 13
Event: 3.434 Thread 0x000000000218d800 Uncommon trap: reason=null_check action=make_not_entrant pc=0x0000000002b1ef70 method=com.google.devtools.build.android.desugar.InterfaceDesugaring$InterfaceInvocationRewriter.visitMethodInsn(ILjava/lang/String;Ljava/lang/String;Ljava/lang/String;Z)V @ 10

Classes redefined (0 events):
No events

Internal exceptions (10 events):
Event: 1.785 Thread 0x000000000218d800 Exception <a 'sun/nio/fs/WindowsException'> (0x00000000ff2428f0) thrown at [D:\src\AOSP-openjdk-cygwin\jdk8u\hotspot\src\share\vm\prims\jni.cpp, line 709]
Event: 2.572 Thread 0x000000000218d800 Exception <a 'sun/nio/fs/WindowsException'> (0x00000000febf3b58) thrown at [D:\src\AOSP-openjdk-cygwin\jdk8u\hotspot\src\share\vm\prims\jni.cpp, line 709]
Event: 2.577 Thread 0x000000000218d800 Exception <a 'sun/nio/fs/WindowsException'> (0x00000000febf40b0) thrown at [D:\src\AOSP-openjdk-cygwin\jdk8u\hotspot\src\share\vm\prims\jni.cpp, line 709]
Event: 3.169 Thread 0x000000000218d800 Exception <a 'sun/nio/fs/WindowsException'> (0x00000000ff768da0) thrown at [D:\src\AOSP-openjdk-cygwin\jdk8u\hotspot\src\share\vm\prims\jni.cpp, line 709]
Event: 3.169 Thread 0x000000000218d800 Exception <a 'sun/nio/fs/WindowsException'> (0x00000000ff769278) thrown at [D:\src\AOSP-openjdk-cygwin\jdk8u\hotspot\src\share\vm\prims\jni.cpp, line 709]
Event: 3.434 Thread 0x000000000218d800 Implicit null exception at 0x0000000002b1eb93 to 0x0000000002b1ef49
Event: 3.914 Thread 0x000000000218d800 Exception <a 'sun/nio/fs/WindowsException'> (0x00000000ff585810) thrown at [D:\src\AOSP-openjdk-cygwin\jdk8u\hotspot\src\share\vm\prims\jni.cpp, line 709]
Event: 3.922 Thread 0x000000000218d800 Exception <a 'sun/nio/fs/WindowsException'> (0x00000000ff585ce8) thrown at [D:\src\AOSP-openjdk-cygwin\jdk8u\hotspot\src\share\vm\prims\jni.cpp, line 709]
Event: 3.986 Thread 0x000000000218d800 Exception <a 'sun/nio/fs/WindowsException'> (0x00000000ff589188) thrown at [D:\src\AOSP-openjdk-cygwin\jdk8u\hotspot\src\share\vm\prims\jni.cpp, line 709]
Event: 3.986 Thread 0x000000000218d800 Exception <a 'sun/nio/fs/WindowsException'> (0x00000000ff589660) thrown at [D:\src\AOSP-openjdk-cygwin\jdk8u\hotspot\src\share\vm\prims\jni.cpp, line 709]

Events (10 events):
Event: 3.389 Thread 0x000000000218d800 Uncommon trap: trap_request=0xffffffde fr.pc=0x0000000002b03420
Event: 3.389 Thread 0x000000000218d800 DEOPT PACKING pc=0x0000000002b03420 sp=0x000000000261eda0
Event: 3.389 Thread 0x000000000218d800 DEOPT UNPACKING pc=0x000000000277556a sp=0x000000000261ed68 mode 2
Event: 3.434 Thread 0x000000000218d800 Uncommon trap: trap_request=0xfffffff4 fr.pc=0x0000000002b1ef70
Event: 3.434 Thread 0x000000000218d800 DEOPT PACKING pc=0x0000000002b1ef70 sp=0x000000000261ee30
Event: 3.434 Thread 0x000000000218d800 DEOPT UNPACKING pc=0x000000000277556a sp=0x000000000261ed60 mode 2
Event: 3.554 Thread 0x000000000218d800 DEOPT PACKING pc=0x0000000002a72386 sp=0x000000000261ee90
Event: 3.554 Thread 0x000000000218d800 DEOPT UNPACKING pc=0x00000000027775bf sp=0x000000000261ec20 mode 0
Event: 3.602 Thread 0x000000000218d800 DEOPT PACKING pc=0x0000000002a5da70 sp=0x000000000261ef90
Event: 3.602 Thread 0x000000000218d800 DEOPT UNPACKING pc=0x00000000027775bf sp=0x000000000261ecb8 mode 0


Dynamic libraries:
0x00007ff6199f0000 - 0x00007ff619a21000 	C:\Program Files\Android\Android Studio\jre\bin\java.exe
0x00007ff98de30000 - 0x00007ff98e011000 	C:\WINDOWS\SYSTEM32\ntdll.dll
0x00007ff98c160000 - 0x00007ff98c212000 	C:\WINDOWS\System32\KERNEL32.DLL
0x00007ff98a400000 - 0x00007ff98a673000 	C:\WINDOWS\System32\KERNELBASE.dll
0x00007ff98b860000 - 0x00007ff98b901000 	C:\WINDOWS\System32\ADVAPI32.dll
0x00007ff98bd20000 - 0x00007ff98bdbe000 	C:\WINDOWS\System32\msvcrt.dll
0x00007ff98b910000 - 0x00007ff98b96b000 	C:\WINDOWS\System32\sechost.dll
0x00007ff98b3b0000 - 0x00007ff98b4d4000 	C:\WINDOWS\System32\RPCRT4.dll
0x00007ff98b9f0000 - 0x00007ff98bb80000 	C:\WINDOWS\System32\USER32.dll
0x00007ff98b2a0000 - 0x00007ff98b2c0000 	C:\WINDOWS\System32\win32u.dll
0x00007ff98b380000 - 0x00007ff98b3a8000 	C:\WINDOWS\System32\GDI32.dll
0x00007ff98b060000 - 0x00007ff98b1f2000 	C:\WINDOWS\System32\gdi32full.dll
0x00007ff98b200000 - 0x00007ff98b29f000 	C:\WINDOWS\System32\msvcp_win.dll
0x00007ff98a300000 - 0x00007ff98a3fa000 	C:\WINDOWS\System32\ucrtbase.dll
0x00007ff97d610000 - 0x00007ff97d879000 	C:\WINDOWS\WinSxS\amd64_microsoft.windows.common-controls_6595b64144ccf1df_6.0.17134.48_none_b4b2216a3cb4dd3e\COMCTL32.dll
0x00007ff98bdd0000 - 0x00007ff98c0f3000 	C:\WINDOWS\System32\combase.dll
0x00007ff98adf0000 - 0x00007ff98ae6a000 	C:\WINDOWS\System32\bcryptPrimitives.dll
0x00007ff98b5c0000 - 0x00007ff98b5ed000 	C:\WINDOWS\System32\IMM32.DLL
0x000000005ca60000 - 0x000000005cb32000 	C:\Program Files\Android\Android Studio\jre\jre\bin\msvcr100.dll
0x000000005cb40000 - 0x000000005d37e000 	C:\Program Files\Android\Android Studio\jre\jre\bin\server\jvm.dll
0x00007ff98b5b0000 - 0x00007ff98b5b8000 	C:\WINDOWS\System32\PSAPI.DLL
0x00007ff985c60000 - 0x00007ff985c69000 	C:\WINDOWS\SYSTEM32\WSOCK32.dll
0x00007ff98b970000 - 0x00007ff98b9dc000 	C:\WINDOWS\System32\WS2_32.dll
0x00007ff987c20000 - 0x00007ff987c43000 	C:\WINDOWS\SYSTEM32\WINMM.dll
0x00007ff982480000 - 0x00007ff98248a000 	C:\WINDOWS\SYSTEM32\VERSION.dll
0x00007ff987620000 - 0x00007ff98764a000 	C:\WINDOWS\SYSTEM32\WINMMBASE.dll
0x00007ff98a2b0000 - 0x00007ff98a2f9000 	C:\WINDOWS\System32\cfgmgr32.dll
0x00007ff96ba40000 - 0x00007ff96ba4f000 	C:\Program Files\Android\Android Studio\jre\jre\bin\verify.dll
0x00007ff96ba10000 - 0x00007ff96ba39000 	C:\Program Files\Android\Android Studio\jre\jre\bin\java.dll
0x00007ff96b9f0000 - 0x00007ff96ba06000 	C:\Program Files\Android\Android Studio\jre\jre\bin\zip.dll
0x00007ff98c2a0000 - 0x00007ff98d6e0000 	C:\WINDOWS\System32\SHELL32.dll
0x00007ff98b4e0000 - 0x00007ff98b589000 	C:\WINDOWS\System32\shcore.dll
0x00007ff98a680000 - 0x00007ff98ad8d000 	C:\WINDOWS\System32\windows.storage.dll
0x00007ff98b320000 - 0x00007ff98b371000 	C:\WINDOWS\System32\shlwapi.dll
0x00007ff98a170000 - 0x00007ff98a181000 	C:\WINDOWS\System32\kernel.appcore.dll
0x00007ff98a190000 - 0x00007ff98a1af000 	C:\WINDOWS\System32\profapi.dll
0x00007ff98a1b0000 - 0x00007ff98a1fc000 	C:\WINDOWS\System32\powrprof.dll
0x00007ff98a160000 - 0x00007ff98a16a000 	C:\WINDOWS\System32\FLTLIB.DLL
0x00007ff989b70000 - 0x00007ff989b87000 	C:\WINDOWS\SYSTEM32\CRYPTSP.dll
0x00007ff9895a0000 - 0x00007ff9895d3000 	C:\WINDOWS\system32\rsaenh.dll
0x00007ff989ca0000 - 0x00007ff989cc5000 	C:\WINDOWS\SYSTEM32\bcrypt.dll
0x00007ff98a040000 - 0x00007ff98a068000 	C:\WINDOWS\SYSTEM32\USERENV.dll
0x00007ff989b90000 - 0x00007ff989b9b000 	C:\WINDOWS\SYSTEM32\CRYPTBASE.dll
0x00007ff96b9d0000 - 0x00007ff96b9ea000 	C:\Program Files\Android\Android Studio\jre\jre\bin\net.dll
0x00007ff9899c0000 - 0x00007ff989a26000 	C:\WINDOWS\system32\mswsock.dll
0x00007ff989740000 - 0x00007ff989778000 	C:\WINDOWS\SYSTEM32\IPHLPAPI.DLL
0x00007ff98bdc0000 - 0x00007ff98bdc8000 	C:\WINDOWS\System32\NSI.dll
0x00007ff982c80000 - 0x00007ff982c96000 	C:\WINDOWS\SYSTEM32\dhcpcsvc6.DLL
0x00007ff982c60000 - 0x00007ff982c7a000 	C:\WINDOWS\SYSTEM32\dhcpcsvc.DLL
0x00007ff967fc0000 - 0x00007ff967fd1000 	C:\Program Files\Android\Android Studio\jre\jre\bin\nio.dll

VM Arguments:
jvm_args: -Djava.awt.headless=true -Xmx64M -Dfile.encoding=x-windows-949 -Duser.country=KR -Duser.language=ko -Duser.variant 
java_command: com.google.devtools.build.android.desugar.Desugar @D:\test\app\build\intermediates\tmp\desugar_args3324656272652787578
java_class_path (initial): C:\Users\Goo\AppData\Local\Temp\desugar_deploy.jar3189730495422438638
Launcher Type: SUN_STANDARD

Environment Variables:
PATH=C:\ProgramData\Oracle\Java\javapath;C:\WINDOWS\system32;C:\WINDOWS;C:\WINDOWS\System32\Wbem;C:\WINDOWS\System32\WindowsPowerShell\v1.0\;C:\OpenSSL;;C:\WINDOWS\System32\OpenSSH\;C:\Users\Goo\AppData\Local\Microsoft\WindowsApps;
USERNAME=Goo
OS=Windows_NT
PROCESSOR_IDENTIFIER=Intel64 Family 6 Model 158 Stepping 9, GenuineIntel



---------------  S Y S T E M  ---------------

OS: Windows 10.0 , 64 bit Build 17134 (10.0.17134.1)

CPU:total 8 (initial active 8) (4 cores per cpu, 2 threads per core) family 6 model 158 stepping 9, cmov, cx8, fxsr, mmx, sse, sse2, sse3, ssse3, sse4.1, sse4.2, popcnt, avx, avx2, aes, clmul, erms, 3dnowpref, lzcnt, ht, tsc, tscinvbit, bmi1, bmi2, adx

Memory: 4k page, physical 16692940k(4366452k free), swap 16692940k(820k free)

vm_info: OpenJDK 64-Bit Server VM (25.152-b01) for windows-amd64 JRE (1.8.0_152-release-915-b01), built by "builder" with MS VC++ 10.0 (VS2010)

time: Mon Jun 11 04:11:36 2018
elapsed time: 4 seconds (0d 0h 0m 4s)

