#
# There is insufficient memory for the Java Runtime Environment to continue.
# Native memory allocation (malloc) failed to allocate 303536 bytes for Chunk::new
# Possible reasons:
#   The system is out of physical RAM or swap space
#   In 32 bit mode, the process size limit was hit
# Possible solutions:
#   Reduce memory load on the system
#   Increase physical memory or swap space
#   Check if swap backing store is full
#   Use 64 bit Java on a 64 bit OS
#   Decrease Java heap size (-Xmx/-Xms)
#   Decrease number of Java threads
#   Decrease Java thread stack sizes (-Xss)
#   Set larger code cache with -XX:ReservedCodeCacheSize=
# This output file may be truncated or incomplete.
#
#  Out of Memory Error (allocation.cpp:390), pid=10264, tid=0x0000000000002468
#
# JRE version: OpenJDK Runtime Environment (8.0_152-b01) (build 1.8.0_152-release-915-b01)
# Java VM: OpenJDK 64-Bit Server VM (25.152-b01 mixed mode windows-amd64 compressed oops)
# Failed to write core dump. Minidumps are not enabled by default on client versions of Windows
#

---------------  T H R E A D  ---------------

Current thread (0x00000000150f6800):  JavaThread "C2 CompilerThread2" daemon [_thread_in_native, id=9320, stack(0x00000000159b0000,0x0000000015ab0000)]

Stack: [0x00000000159b0000,0x0000000015ab0000]
[error occurred during error reporting (printing stack bounds), id 0xc0000005]

Native frames: (J=compiled Java code, j=interpreted, Vv=VM code, C=native code)


Current CompileTask:
C2:   3966 1341       4       org.objectweb.asm.ClassReader::accept (1176 bytes)


---------------  P R O C E S S  ---------------

Java Threads: ( => current thread )
  0x000000001511d800 JavaThread "Service Thread" daemon [_thread_blocked, id=1040, stack(0x0000000015bb0000,0x0000000015cb0000)]
  0x00000000150f9800 JavaThread "C1 CompilerThread3" daemon [_thread_blocked, id=8960, stack(0x0000000015ab0000,0x0000000015bb0000)]
=>0x00000000150f6800 JavaThread "C2 CompilerThread2" daemon [_thread_in_native, id=9320, stack(0x00000000159b0000,0x0000000015ab0000)]
  0x000000001313e000 JavaThread "C2 CompilerThread1" daemon [_thread_in_native, id=4044, stack(0x00000000158b0000,0x00000000159b0000)]
  0x000000001505b800 JavaThread "C2 CompilerThread0" daemon [_thread_in_native, id=7632, stack(0x00000000157b0000,0x00000000158b0000)]
  0x000000001505a000 JavaThread "Attach Listener" daemon [_thread_blocked, id=12216, stack(0x00000000156b0000,0x00000000157b0000)]
  0x00000000150b0000 JavaThread "Signal Dispatcher" daemon [_thread_blocked, id=9560, stack(0x00000000155b0000,0x00000000156b0000)]
  0x0000000015041000 JavaThread "Finalizer" daemon [_thread_blocked, id=1268, stack(0x0000000015420000,0x0000000015520000)]
  0x0000000002977000 JavaThread "Reference Handler" daemon [_thread_blocked, id=4880, stack(0x0000000014f20000,0x0000000015020000)]
  0x00000000024ad800 JavaThread "main" [_thread_blocked, id=7616, stack(0x00000000023a0000,0x00000000024a0000)]

Other Threads:
  0x0000000013125800 VMThread [stack: 0x0000000014e20000,0x0000000014f20000] [id=9540]
  0x000000001511e800 WatcherThread [stack: 0x0000000015cb0000,0x0000000015db0000] [id=9556]

VM state:at safepoint (normal execution)

VM Mutex/Monitor currently owned by a thread:  ([mutex/lock_event])
[0x00000000024acd70] Threads_lock - owner thread: 0x0000000013125800
[0x00000000024ad170] Heap_lock - owner thread: 0x00000000024ad800

Heap:
 PSYoungGen      total 14336K, used 7808K [0x00000000feb00000, 0x0000000100000000, 0x0000000100000000)
  eden space 7168K, 100% used [0x00000000feb00000,0x00000000ff200000,0x00000000ff200000)
  from space 7168K, 8% used [0x00000000ff900000,0x00000000ff9a0010,0x0000000100000000)
  to   space 7168K, 0% used [0x00000000ff200000,0x00000000ff210000,0x00000000ff900000)
 ParOldGen       total 44032K, used 11083K [0x00000000fc000000, 0x00000000feb00000, 0x00000000feb00000)
  object space 44032K, 25% used [0x00000000fc000000,0x00000000fcad2c08,0x00000000feb00000)
 Metaspace       used 7827K, capacity 8034K, committed 8192K, reserved 1056768K
  class space    used 876K, capacity 957K, committed 1024K, reserved 1048576K

Card table byte_map: [0x00000000024b0000,0x00000000024e0000] byte_map_base: 0x0000000001cd0000

Marking Bits: (ParMarkBitMap*) 0x00000000673d3950
 Begin Bits: [0x0000000012540000, 0x0000000012640000)
 End Bits:   [0x0000000012640000, 0x0000000012740000)

Polling page: 0x0000000000c30000

CodeCache: size=245760Kb used=5032Kb max_used=5035Kb free=240728Kb
 bounds [0x0000000002980000, 0x0000000002e80000, 0x0000000011980000]
 total_blobs=1667 nmethods=1332 adapters=248
 compilation: enabled

Compilation events (10 events):
Event: 3.951 Thread 0x00000000150f9800 1349       3       org.objectweb.asm.MethodWriter::visitParameterAnnotation (178 bytes)
Event: 3.952 Thread 0x00000000150f9800 nmethod 1349 0x0000000002e30b50 code [0x0000000002e30dc0, 0x0000000002e31d38]
Event: 3.952 Thread 0x00000000150f9800 1350       3       org.objectweb.asm.ClassReader::a (1227 bytes)
Event: 3.953 Thread 0x000000001313e000 nmethod 1339 0x0000000002e3f1d0 code [0x0000000002e3f340, 0x0000000002e3fc18]
Event: 3.953 Thread 0x000000001313e000 1346       4       org.objectweb.asm.ClassReader::readConst (283 bytes)
Event: 3.956 Thread 0x00000000150f9800 nmethod 1350 0x0000000002e69ad0 code [0x0000000002e6a1a0, 0x0000000002e6f198]
Event: 3.956 Thread 0x00000000150f9800 1352       3       org.objectweb.asm.AnnotationWriter::a (170 bytes)
Event: 3.957 Thread 0x00000000150f9800 nmethod 1352 0x0000000002e2fad0 code [0x0000000002e2fce0, 0x0000000002e30588]
Event: 3.961 Thread 0x000000001313e000 nmethod 1346 0x0000000002e37ad0 code [0x0000000002e37da0, 0x0000000002e384f8]
Event: 3.961 Thread 0x000000001313e000 1353       4       org.objectweb.asm.ClassWriter::a (91 bytes)

GC Heap History (10 events):
Event: 2.395 GC heap before
{Heap before GC invocations=4 (full 0):
 PSYoungGen      total 18944K, used 18918K [0x00000000feb00000, 0x0000000100000000, 0x0000000100000000)
  eden space 16384K, 100% used [0x00000000feb00000,0x00000000ffb00000,0x00000000ffb00000)
  from space 2560K, 99% used [0x00000000ffb00000,0x00000000ffd79b48,0x00000000ffd80000)
  to   space 2560K, 0% used [0x00000000ffd80000,0x00000000ffd80000,0x0000000100000000)
 ParOldGen       total 44032K, used 7164K [0x00000000fc000000, 0x00000000feb00000, 0x00000000feb00000)
  object space 44032K, 16% used [0x00000000fc000000,0x00000000fc6ff3f0,0x00000000feb00000)
 Metaspace       used 7776K, capacity 7970K, committed 8192K, reserved 1056768K
  class space    used 876K, capacity 957K, committed 1024K, reserved 1048576K
Event: 2.449 GC heap after
Heap after GC invocations=4 (full 0):
 PSYoungGen      total 18944K, used 2546K [0x00000000feb00000, 0x0000000100000000, 0x0000000100000000)
  eden space 16384K, 0% used [0x00000000feb00000,0x00000000feb00000,0x00000000ffb00000)
  from space 2560K, 99% used [0x00000000ffd80000,0x00000000ffffcb60,0x0000000100000000)
  to   space 2560K, 0% used [0x00000000ffb00000,0x00000000ffb00000,0x00000000ffd80000)
 ParOldGen       total 44032K, used 7647K [0x00000000fc000000, 0x00000000feb00000, 0x00000000feb00000)
  object space 44032K, 17% used [0x00000000fc000000,0x00000000fc777cf8,0x00000000feb00000)
 Metaspace       used 7776K, capacity 7970K, committed 8192K, reserved 1056768K
  class space    used 876K, capacity 957K, committed 1024K, reserved 1048576K
}
Event: 2.576 GC heap before
{Heap before GC invocations=5 (full 0):
 PSYoungGen      total 18944K, used 18930K [0x00000000feb00000, 0x0000000100000000, 0x0000000100000000)
  eden space 16384K, 100% used [0x00000000feb00000,0x00000000ffb00000,0x00000000ffb00000)
  from space 2560K, 99% used [0x00000000ffd80000,0x00000000ffffcb60,0x0000000100000000)
  to   space 2560K, 0% used [0x00000000ffb00000,0x00000000ffb00000,0x00000000ffd80000)
 ParOldGen       total 44032K, used 7647K [0x00000000fc000000, 0x00000000feb00000, 0x00000000feb00000)
  object space 44032K, 17% used [0x00000000fc000000,0x00000000fc777cf8,0x00000000feb00000)
 Metaspace       used 7820K, capacity 8034K, committed 8192K, reserved 1056768K
  class space    used 876K, capacity 957K, committed 1024K, reserved 1048576K
Event: 2.592 GC heap after
Heap after GC invocations=5 (full 0):
 PSYoungGen      total 18944K, used 2546K [0x00000000feb00000, 0x0000000100000000, 0x0000000100000000)
  eden space 16384K, 0% used [0x00000000feb00000,0x00000000feb00000,0x00000000ffb00000)
  from space 2560K, 99% used [0x00000000ffb00000,0x00000000ffd7cb60,0x00000000ffd80000)
  to   space 2560K, 0% used [0x00000000ffd80000,0x00000000ffd80000,0x0000000100000000)
 ParOldGen       total 44032K, used 7957K [0x00000000fc000000, 0x00000000feb00000, 0x00000000feb00000)
  object space 44032K, 18% used [0x00000000fc000000,0x00000000fc7c5670,0x00000000feb00000)
 Metaspace       used 7820K, capacity 8034K, committed 8192K, reserved 1056768K
  class space    used 876K, capacity 957K, committed 1024K, reserved 1048576K
}
Event: 2.664 GC heap before
{Heap before GC invocations=6 (full 0):
 PSYoungGen      total 18944K, used 18930K [0x00000000feb00000, 0x0000000100000000, 0x0000000100000000)
  eden space 16384K, 100% used [0x00000000feb00000,0x00000000ffb00000,0x00000000ffb00000)
  from space 2560K, 99% used [0x00000000ffb00000,0x00000000ffd7cb60,0x00000000ffd80000)
  to   space 2560K, 0% used [0x00000000ffd80000,0x00000000ffd80000,0x0000000100000000)
 ParOldGen       total 44032K, used 7957K [0x00000000fc000000, 0x00000000feb00000, 0x00000000feb00000)
  object space 44032K, 18% used [0x00000000fc000000,0x00000000fc7c5670,0x00000000feb00000)
 Metaspace       used 7822K, capacity 8034K, committed 8192K, reserved 1056768K
  class space    used 876K, capacity 957K, committed 1024K, reserved 1048576K
Event: 2.696 GC heap after
Heap after GC invocations=6 (full 0):
 PSYoungGen      total 9728K, used 2546K [0x00000000feb00000, 0x0000000100000000, 0x0000000100000000)
  eden space 7168K, 0% used [0x00000000feb00000,0x00000000feb00000,0x00000000ff200000)
  from space 2560K, 99% used [0x00000000ffd80000,0x00000000ffffcb60,0x0000000100000000)
  to   space 7168K, 0% used [0x00000000ff200000,0x00000000ff200000,0x00000000ff900000)
 ParOldGen       total 44032K, used 8638K [0x00000000fc000000, 0x00000000feb00000, 0x00000000feb00000)
  object space 44032K, 19% used [0x00000000fc000000,0x00000000fc86fb08,0x00000000feb00000)
 Metaspace       used 7822K, capacity 8034K, committed 8192K, reserved 1056768K
  class space    used 876K, capacity 957K, committed 1024K, reserved 1048576K
}
Event: 2.727 GC heap before
{Heap before GC invocations=7 (full 0):
 PSYoungGen      total 9728K, used 9714K [0x00000000feb00000, 0x0000000100000000, 0x0000000100000000)
  eden space 7168K, 100% used [0x00000000feb00000,0x00000000ff200000,0x00000000ff200000)
  from space 2560K, 99% used [0x00000000ffd80000,0x00000000ffffcb60,0x0000000100000000)
  to   space 7168K, 0% used [0x00000000ff200000,0x00000000ff200000,0x00000000ff900000)
 ParOldGen       total 44032K, used 8638K [0x00000000fc000000, 0x00000000feb00000, 0x00000000feb00000)
  object space 44032K, 19% used [0x00000000fc000000,0x00000000fc86fb08,0x00000000feb00000)
 Metaspace       used 7823K, capacity 8034K, committed 8192K, reserved 1056768K
  class space    used 876K, capacity 957K, committed 1024K, reserved 1048576K
Event: 2.949 GC heap after
Heap after GC invocations=7 (full 0):
 PSYoungGen      total 14336K, used 1039K [0x00000000feb00000, 0x0000000100000000, 0x0000000100000000)
  eden space 7168K, 0% used [0x00000000feb00000,0x00000000feb00000,0x00000000ff200000)
  from space 7168K, 14% used [0x00000000ff200000,0x00000000ff303d70,0x00000000ff900000)
  to   space 7168K, 0% used [0x00000000ff900000,0x00000000ff900000,0x0000000100000000)
 ParOldGen       total 44032K, used 10402K [0x00000000fc000000, 0x00000000feb00000, 0x00000000feb00000)
  object space 44032K, 23% used [0x00000000fc000000,0x00000000fca28908,0x00000000feb00000)
 Metaspace       used 7823K, capacity 8034K, committed 8192K, reserved 1056768K
  class space    used 876K, capacity 957K, committed 1024K, reserved 1048576K
}
Event: 3.375 GC heap before
{Heap before GC invocations=8 (full 0):
 PSYoungGen      total 14336K, used 8207K [0x00000000feb00000, 0x0000000100000000, 0x0000000100000000)
  eden space 7168K, 100% used [0x00000000feb00000,0x00000000ff200000,0x00000000ff200000)
  from space 7168K, 14% used [0x00000000ff200000,0x00000000ff303d70,0x00000000ff900000)
  to   space 7168K, 0% used [0x00000000ff900000,0x00000000ff900000,0x0000000100000000)
 ParOldGen       total 44032K, used 10402K [0x00000000fc000000, 0x00000000feb00000, 0x00000000feb00000)
  object space 44032K, 23% used [0x00000000fc000000,0x00000000fca28908,0x00000000feb00000)
 Metaspace       used 7824K, capacity 8034K, committed 8192K, reserved 1056768K
  class space    used 876K, capacity 957K, committed 1024K, reserved 1048576K
Event: 3.928 GC heap after
Heap after GC invocations=8 (full 0):
 PSYoungGen      total 14336K, used 640K [0x00000000feb00000, 0x0000000100000000, 0x0000000100000000)
  eden space 7168K, 0% used [0x00000000feb00000,0x00000000feb00000,0x00000000ff200000)
  from space 7168K, 8% used [0x00000000ff900000,0x00000000ff9a0010,0x0000000100000000)
  to   space 7168K, 0% used [0x00000000ff200000,0x00000000ff200000,0x00000000ff900000)
 ParOldGen       total 44032K, used 10901K [0x00000000fc000000, 0x00000000feb00000, 0x00000000feb00000)
  object space 44032K, 24% used [0x00000000fc000000,0x00000000fcaa57f8,0x00000000feb00000)
 Metaspace       used 7824K, capacity 8034K, committed 8192K, reserved 1056768K
  class space    used 876K, capacity 957K, committed 1024K, reserved 1048576K
}

Deoptimization events (10 events):
Event: 2.385 Thread 0x00000000024ad800 Uncommon trap: reason=unstable_if action=reinterpret pc=0x0000000002d65abc method=org.objectweb.asm.MethodWriter.visitFieldInsn(ILjava/lang/String;Ljava/lang/String;Ljava/lang/String;)V @ 200
Event: 2.468 Thread 0x00000000024ad800 Uncommon trap: reason=unstable_if action=reinterpret pc=0x0000000002dae334 method=org.objectweb.asm.MethodWriter.visitVarInsn(II)V @ 148
Event: 2.505 Thread 0x00000000024ad800 Uncommon trap: reason=unstable_if action=reinterpret pc=0x0000000002dba870 method=org.objectweb.asm.MethodWriter.visitFieldInsn(ILjava/lang/String;Ljava/lang/String;Ljava/lang/String;)V @ 148
Event: 2.524 Thread 0x00000000024ad800 Uncommon trap: reason=unstable_if action=reinterpret pc=0x0000000002c97724 method=org.objectweb.asm.ClassReader.a(II[C)Ljava/lang/String; @ 77
Event: 2.526 Thread 0x00000000024ad800 Uncommon trap: reason=unstable_if action=reinterpret pc=0x0000000002cf773c method=org.objectweb.asm.ByteVector.putUTF8(Ljava/lang/String;)Lorg/objectweb/asm/ByteVector; @ 91
Event: 2.529 Thread 0x00000000024ad800 Uncommon trap: reason=unstable_if action=reinterpret pc=0x0000000002cab1bc method=org.objectweb.asm.ClassReader.a(II[C)Ljava/lang/String; @ 77
Event: 2.530 Thread 0x00000000024ad800 Uncommon trap: reason=unstable_if action=reinterpret pc=0x0000000002ca1230 method=org.objectweb.asm.ByteVector.putUTF8(Ljava/lang/String;)Lorg/objectweb/asm/ByteVector; @ 91
Event: 2.558 Thread 0x00000000024ad800 Uncommon trap: reason=unstable_if action=reinterpret pc=0x0000000002dd0490 method=org.objectweb.asm.MethodWriter.visitVarInsn(II)V @ 148
Event: 2.716 Thread 0x00000000024ad800 Uncommon trap: reason=unstable_if action=reinterpret pc=0x0000000002d0b6d0 method=org.objectweb.asm.Type.getArgumentsAndReturnSizes(Ljava/lang/String;)I @ 100
Event: 2.721 Thread 0x00000000024ad800 Uncommon trap: reason=unstable_if action=reinterpret pc=0x0000000002d55308 method=org.objectweb.asm.Type.getArgumentsAndReturnSizes(Ljava/lang/String;)I @ 100

Classes redefined (0 events):
No events

Internal exceptions (10 events):
Event: 2.261 Thread 0x00000000024ad800 Exception <a 'sun/nio/fs/WindowsException'> (0x00000000fec27730) thrown at [D:\src\AOSP-openjdk-cygwin\jdk8u\hotspot\src\share\vm\prims\jni.cpp, line 709]
Event: 2.300 Thread 0x00000000024ad800 Exception <a 'sun/nio/fs/WindowsException'> (0x00000000fec69c58) thrown at [D:\src\AOSP-openjdk-cygwin\jdk8u\hotspot\src\share\vm\prims\jni.cpp, line 709]
Event: 2.300 Thread 0x00000000024ad800 Exception <a 'sun/nio/fs/WindowsException'> (0x00000000fec6a130) thrown at [D:\src\AOSP-openjdk-cygwin\jdk8u\hotspot\src\share\vm\prims\jni.cpp, line 709]
Event: 2.321 Thread 0x00000000024ad800 Exception <a 'sun/nio/fs/WindowsException'> (0x00000000fee6c660) thrown at [D:\src\AOSP-openjdk-cygwin\jdk8u\hotspot\src\share\vm\prims\jni.cpp, line 709]
Event: 2.321 Thread 0x00000000024ad800 Exception <a 'sun/nio/fs/WindowsException'> (0x00000000fee6cb38) thrown at [D:\src\AOSP-openjdk-cygwin\jdk8u\hotspot\src\share\vm\prims\jni.cpp, line 709]
Event: 2.329 Thread 0x00000000024ad800 Implicit null exception at 0x0000000002d7b4ea to 0x0000000002d7b7b9
Event: 2.336 Thread 0x00000000024ad800 Exception <a 'sun/nio/fs/WindowsException'> (0x00000000fefd0c18) thrown at [D:\src\AOSP-openjdk-cygwin\jdk8u\hotspot\src\share\vm\prims\jni.cpp, line 709]
Event: 2.336 Thread 0x00000000024ad800 Exception <a 'sun/nio/fs/WindowsException'> (0x00000000fefd10f0) thrown at [D:\src\AOSP-openjdk-cygwin\jdk8u\hotspot\src\share\vm\prims\jni.cpp, line 709]
Event: 3.198 Thread 0x00000000024ad800 Exception <a 'sun/nio/fs/WindowsException'> (0x00000000ff1d4730) thrown at [D:\src\AOSP-openjdk-cygwin\jdk8u\hotspot\src\share\vm\prims\jni.cpp, line 709]
Event: 3.198 Thread 0x00000000024ad800 Exception <a 'sun/nio/fs/WindowsException'> (0x00000000ff1d4c08) thrown at [D:\src\AOSP-openjdk-cygwin\jdk8u\hotspot\src\share\vm\prims\jni.cpp, line 709]

Events (10 events):
Event: 2.721 Thread 0x00000000024ad800 DEOPT PACKING pc=0x0000000002d55308 sp=0x000000000249eba0
Event: 2.721 Thread 0x00000000024ad800 DEOPT UNPACKING pc=0x00000000029c556a sp=0x000000000249eaa8 mode 2
Event: 2.727 Executing VM operation: ParallelGCFailedAllocation
Event: 2.949 Executing VM operation: ParallelGCFailedAllocation done
Event: 3.375 Executing VM operation: ParallelGCFailedAllocation
Event: 3.928 Executing VM operation: ParallelGCFailedAllocation done
Event: 3.937 Thread 0x00000000024ad800 DEOPT PACKING pc=0x0000000002c62398 sp=0x000000000249eb10
Event: 3.937 Thread 0x00000000024ad800 DEOPT UNPACKING pc=0x00000000029c75bf sp=0x000000000249eac0 mode 0
Event: 3.943 Thread 0x00000000024ad800 DEOPT PACKING pc=0x0000000002c62398 sp=0x000000000249eb10
Event: 3.943 Thread 0x00000000024ad800 DEOPT UNPACKING pc=0x00000000029c75bf sp=0x000000000249eac0 mode 0


Dynamic libraries:
0x00007ff7bef40000 - 0x00007ff7bef71000 	C:\Program Files\Android\Android Studio\jre\bin\java.exe
0x00007ffba9340000 - 0x00007ffba9521000 	C:\WINDOWS\SYSTEM32\ntdll.dll
0x00007ffba6ca0000 - 0x00007ffba6d52000 	C:\WINDOWS\System32\KERNEL32.DLL
0x00007ffba6070000 - 0x00007ffba62e3000 	C:\WINDOWS\System32\KERNELBASE.dll
0x00007ffba9260000 - 0x00007ffba9301000 	C:\WINDOWS\System32\ADVAPI32.dll
0x00007ffba77b0000 - 0x00007ffba784e000 	C:\WINDOWS\System32\msvcrt.dll
0x00007ffba71b0000 - 0x00007ffba720b000 	C:\WINDOWS\System32\sechost.dll
0x00007ffba7580000 - 0x00007ffba76a4000 	C:\WINDOWS\System32\RPCRT4.dll
0x00007ffba7ac0000 - 0x00007ffba7c50000 	C:\WINDOWS\System32\USER32.dll
0x00007ffba5790000 - 0x00007ffba57b0000 	C:\WINDOWS\System32\win32u.dll
0x00007ffba67e0000 - 0x00007ffba6808000 	C:\WINDOWS\System32\GDI32.dll
0x00007ffba6530000 - 0x00007ffba66c2000 	C:\WINDOWS\System32\gdi32full.dll
0x00007ffba5fd0000 - 0x00007ffba606f000 	C:\WINDOWS\System32\msvcp_win.dll
0x00007ffba66d0000 - 0x00007ffba67ca000 	C:\WINDOWS\System32\ucrtbase.dll
0x00007ffb93ad0000 - 0x00007ffb93d39000 	C:\WINDOWS\WinSxS\amd64_microsoft.windows.common-controls_6595b64144ccf1df_6.0.17134.48_none_b4b2216a3cb4dd3e\COMCTL32.dll
0x00007ffba6810000 - 0x00007ffba6b33000 	C:\WINDOWS\System32\combase.dll
0x00007ffba5710000 - 0x00007ffba578a000 	C:\WINDOWS\System32\bcryptPrimitives.dll
0x00007ffba9090000 - 0x00007ffba90bd000 	C:\WINDOWS\System32\IMM32.DLL
0x0000000069530000 - 0x0000000069602000 	C:\Program Files\Android\Android Studio\jre\jre\bin\msvcr100.dll
0x0000000066c10000 - 0x000000006744e000 	C:\Program Files\Android\Android Studio\jre\jre\bin\server\jvm.dll
0x00007ffba91d0000 - 0x00007ffba91d8000 	C:\WINDOWS\System32\PSAPI.DLL
0x00007ffba1d20000 - 0x00007ffba1d29000 	C:\WINDOWS\SYSTEM32\WSOCK32.dll
0x00007ffba7510000 - 0x00007ffba757c000 	C:\WINDOWS\System32\WS2_32.dll
0x00007ffb9d7c0000 - 0x00007ffb9d7ca000 	C:\WINDOWS\SYSTEM32\VERSION.dll
0x00007ffb95780000 - 0x00007ffb957a3000 	C:\WINDOWS\SYSTEM32\WINMM.dll
0x00007ffb95570000 - 0x00007ffb9559a000 	C:\WINDOWS\SYSTEM32\WINMMBASE.dll
0x00007ffba64e0000 - 0x00007ffba6529000 	C:\WINDOWS\System32\cfgmgr32.dll
0x00007ffba1b20000 - 0x00007ffba1b2f000 	C:\Program Files\Android\Android Studio\jre\jre\bin\verify.dll
0x00007ffb9e9c0000 - 0x00007ffb9e9e9000 	C:\Program Files\Android\Android Studio\jre\jre\bin\java.dll
0x00007ffba1b00000 - 0x00007ffba1b16000 	C:\Program Files\Android\Android Studio\jre\jre\bin\zip.dll
0x00007ffba7c50000 - 0x00007ffba9090000 	C:\WINDOWS\System32\SHELL32.dll
0x00007ffba9120000 - 0x00007ffba91c9000 	C:\WINDOWS\System32\shcore.dll
0x00007ffba58c0000 - 0x00007ffba5fcd000 	C:\WINDOWS\System32\windows.storage.dll
0x00007ffba90c0000 - 0x00007ffba9111000 	C:\WINDOWS\System32\shlwapi.dll
0x00007ffba5680000 - 0x00007ffba5691000 	C:\WINDOWS\System32\kernel.appcore.dll
0x00007ffba56f0000 - 0x00007ffba570f000 	C:\WINDOWS\System32\profapi.dll
0x00007ffba56a0000 - 0x00007ffba56ec000 	C:\WINDOWS\System32\powrprof.dll
0x00007ffba5650000 - 0x00007ffba565a000 	C:\WINDOWS\System32\FLTLIB.DLL
0x00007ffba5080000 - 0x00007ffba5097000 	C:\WINDOWS\SYSTEM32\CRYPTSP.dll
0x00007ffba4ab0000 - 0x00007ffba4ae3000 	C:\WINDOWS\system32\rsaenh.dll
0x00007ffba51b0000 - 0x00007ffba51d5000 	C:\WINDOWS\SYSTEM32\bcrypt.dll
0x00007ffba5580000 - 0x00007ffba55a8000 	C:\WINDOWS\SYSTEM32\USERENV.dll
0x00007ffba50a0000 - 0x00007ffba50ab000 	C:\WINDOWS\SYSTEM32\CRYPTBASE.dll
0x00007ffb9e9a0000 - 0x00007ffb9e9ba000 	C:\Program Files\Android\Android Studio\jre\jre\bin\net.dll
0x00007ffba4ed0000 - 0x00007ffba4f36000 	C:\WINDOWS\system32\mswsock.dll
0x00007ffba4c50000 - 0x00007ffba4c88000 	C:\WINDOWS\SYSTEM32\IPHLPAPI.DLL
0x00007ffba7430000 - 0x00007ffba7438000 	C:\WINDOWS\System32\NSI.dll
0x00007ffb9a1f0000 - 0x00007ffb9a206000 	C:\WINDOWS\SYSTEM32\dhcpcsvc6.DLL
0x00007ffb9a120000 - 0x00007ffb9a13a000 	C:\WINDOWS\SYSTEM32\dhcpcsvc.DLL
0x00007ffb9e900000 - 0x00007ffb9e911000 	C:\Program Files\Android\Android Studio\jre\jre\bin\nio.dll

VM Arguments:
jvm_args: -Djava.awt.headless=true -Xmx64M -Dfile.encoding=x-windows-949 -Duser.country=KR -Duser.language=ko -Duser.variant 
java_command: com.google.devtools.build.android.desugar.Desugar @D:\test\app\build\intermediates\tmp\desugar_args2872818759571059617
java_class_path (initial): C:\Users\Goo\AppData\Local\Temp\desugar_deploy.jar914161806448729915
Launcher Type: SUN_STANDARD

Environment Variables:
PATH=C:\ProgramData\Oracle\Java\javapath;C:\WINDOWS\system32;C:\WINDOWS;C:\WINDOWS\System32\Wbem;C:\WINDOWS\System32\WindowsPowerShell\v1.0\;C:\OpenSSL;;C:\WINDOWS\System32\OpenSSH\;C:\Users\Goo\AppData\Local\Microsoft\WindowsApps;
USERNAME=Goo
OS=Windows_NT
PROCESSOR_IDENTIFIER=Intel64 Family 6 Model 158 Stepping 9, GenuineIntel



---------------  S Y S T E M  ---------------

OS: Windows 10.0 , 64 bit Build 17134 (10.0.17134.1)

CPU:total 8 (initial active 8) (4 cores per cpu, 2 threads per core) family 6 model 158 stepping 9, cmov, cx8, fxsr, mmx, sse, sse2, sse3, ssse3, sse4.1, sse4.2, popcnt, avx, avx2, aes, clmul, erms, 3dnowpref, lzcnt, ht, tsc, tscinvbit, bmi1, bmi2, adx

Memory: 4k page, physical 16692940k(4882504k free), swap 16692940k(3160k free)

vm_info: OpenJDK 64-Bit Server VM (25.152-b01) for windows-amd64 JRE (1.8.0_152-release-915-b01), built by "builder" with MS VC++ 10.0 (VS2010)

time: Sat May 26 18:43:57 2018
elapsed time: 3 seconds (0d 0h 0m 3s)

