#
# There is insufficient memory for the Java Runtime Environment to continue.
# Native memory allocation (malloc) failed to allocate 1857536 bytes for Chunk::new
# Possible reasons:
#   The system is out of physical RAM or swap space
#   In 32 bit mode, the process size limit was hit
# Possible solutions:
#   Reduce memory load on the system
#   Increase physical memory or swap space
#   Check if swap backing store is full
#   Use 64 bit Java on a 64 bit OS
#   Decrease Java heap size (-Xmx/-Xms)
#   Decrease number of Java threads
#   Decrease Java thread stack sizes (-Xss)
#   Set larger code cache with -XX:ReservedCodeCacheSize=
# This output file may be truncated or incomplete.
#
#  Out of Memory Error (allocation.cpp:390), pid=9692, tid=0x0000000000001e50
#
# JRE version: OpenJDK Runtime Environment (8.0_152-b01) (build 1.8.0_152-release-915-b01)
# Java VM: OpenJDK 64-Bit Server VM (25.152-b01 mixed mode windows-amd64 compressed oops)
# Failed to write core dump. Minidumps are not enabled by default on client versions of Windows
#

---------------  T H R E A D  ---------------

Current thread (0x000000001334d800):  JavaThread "C2 CompilerThread2" daemon [_thread_in_native, id=7760, stack(0x0000000015b40000,0x0000000015c40000)]

Stack: [0x0000000015b40000,0x0000000015c40000]
[error occurred during error reporting (printing stack bounds), id 0xc0000005]

Native frames: (J=compiled Java code, j=interpreted, Vv=VM code, C=native code)


Current CompileTask:
C2:   3763  892       4       org.objectweb.asm.ClassReader::a (3587 bytes)


---------------  P R O C E S S  ---------------

Java Threads: ( => current thread )
  0x00000000152dc800 JavaThread "Service Thread" daemon [_thread_blocked, id=12896, stack(0x0000000015d40000,0x0000000015e40000)]
  0x00000000152d5800 JavaThread "C1 CompilerThread3" daemon [_thread_blocked, id=7700, stack(0x0000000015c40000,0x0000000015d40000)]
=>0x000000001334d800 JavaThread "C2 CompilerThread2" daemon [_thread_in_native, id=7760, stack(0x0000000015b40000,0x0000000015c40000)]
  0x000000001334a800 JavaThread "C2 CompilerThread1" daemon [_thread_in_native, id=9172, stack(0x0000000015a40000,0x0000000015b40000)]
  0x00000000152cf800 JavaThread "C2 CompilerThread0" daemon [_thread_in_native, id=9852, stack(0x0000000015940000,0x0000000015a40000)]
  0x00000000152ce000 JavaThread "Attach Listener" daemon [_thread_blocked, id=4416, stack(0x0000000015840000,0x0000000015940000)]
  0x000000001527b000 JavaThread "Signal Dispatcher" daemon [_thread_blocked, id=5216, stack(0x0000000015740000,0x0000000015840000)]
  0x0000000002b8e000 JavaThread "Finalizer" daemon [_thread_blocked, id=11016, stack(0x0000000015640000,0x0000000015740000)]
  0x0000000002b87000 JavaThread "Reference Handler" daemon [_thread_blocked, id=2964, stack(0x0000000015140000,0x0000000015240000)]
  0x000000000255d800 JavaThread "main" [_thread_in_Java, id=10604, stack(0x0000000002990000,0x0000000002a90000)]

Other Threads:
  0x0000000013335000 VMThread [stack: 0x0000000015040000,0x0000000015140000] [id=11108]
  0x00000000152dd800 WatcherThread [stack: 0x0000000015e40000,0x0000000015f40000] [id=8036]

VM state:not at safepoint (normal execution)

VM Mutex/Monitor currently owned by a thread: None

Heap:
 PSYoungGen      total 18944K, used 17742K [0x00000000feb00000, 0x0000000100000000, 0x0000000100000000)
  eden space 16384K, 92% used [0x00000000feb00000,0x00000000ff9d6c68,0x00000000ffb00000)
  from space 2560K, 99% used [0x00000000ffd80000,0x00000000ffffce10,0x0000000100000000)
  to   space 2560K, 0% used [0x00000000ffb00000,0x00000000ffb00000,0x00000000ffd80000)
 ParOldGen       total 44032K, used 6022K [0x00000000fc000000, 0x00000000feb00000, 0x00000000feb00000)
  object space 44032K, 13% used [0x00000000fc000000,0x00000000fc5e1bd0,0x00000000feb00000)
 Metaspace       used 7666K, capacity 7842K, committed 7936K, reserved 1056768K
  class space    used 875K, capacity 957K, committed 1024K, reserved 1048576K

Card table byte_map: [0x00000000024e0000,0x0000000002510000] byte_map_base: 0x0000000001d00000

Marking Bits: (ParMarkBitMap*) 0x00000000673d3950
 Begin Bits: [0x0000000012750000, 0x0000000012850000)
 End Bits:   [0x0000000012850000, 0x0000000012950000)

Polling page: 0x00000000024b0000

CodeCache: size=245760Kb used=3858Kb max_used=3870Kb free=241901Kb
 bounds [0x0000000002b90000, 0x0000000002f60000, 0x0000000011b90000]
 total_blobs=1358 nmethods=1024 adapters=248
 compilation: enabled

Compilation events (10 events):
Event: 3.743 Thread 0x00000000152d5800 1025       3       org.objectweb.asm.Handler::<init> (5 bytes)
Event: 3.743 Thread 0x00000000152d5800 nmethod 1025 0x0000000002f4a2d0 code [0x0000000002f4a420, 0x0000000002f4a5d0]
Event: 3.744 Thread 0x00000000152cf800 nmethod 1021 0x0000000002f48c10 code [0x0000000002f48d60, 0x0000000002f48eb8]
Event: 3.744 Thread 0x00000000152cf800 1023       4       org.objectweb.asm.tree.InsnNode::accept (14 bytes)
Event: 3.745 Thread 0x00000000152d5800 1026       3       java.util.zip.CRC32::update (16 bytes)
Event: 3.745 Thread 0x00000000152d5800 nmethod 1026 0x0000000002f4f5d0 code [0x0000000002f4f720, 0x0000000002f4f8b0]
Event: 3.751 Thread 0x00000000152cf800 nmethod 1023 0x0000000002f4d110 code [0x0000000002f4d2a0, 0x0000000002f4d9d8]
Event: 3.751 Thread 0x00000000152cf800 1027       4       org.objectweb.asm.Type::getArgumentsAndReturnSizes (151 bytes)
Event: 3.756 Thread 0x00000000152cf800 nmethod 1027 0x0000000002f4c5d0 code [0x0000000002f4c740, 0x0000000002f4cbf8]
Event: 3.756 Thread 0x00000000152cf800 1022       4       org.objectweb.asm.MethodVisitor::visitLabel (16 bytes)

GC Heap History (4 events):
Event: 1.047 GC heap before
{Heap before GC invocations=1 (full 0):
 PSYoungGen      total 18944K, used 16384K [0x00000000feb00000, 0x0000000100000000, 0x0000000100000000)
  eden space 16384K, 100% used [0x00000000feb00000,0x00000000ffb00000,0x00000000ffb00000)
  from space 2560K, 0% used [0x00000000ffd80000,0x00000000ffd80000,0x0000000100000000)
  to   space 2560K, 0% used [0x00000000ffb00000,0x00000000ffb00000,0x00000000ffd80000)
 ParOldGen       total 44032K, used 0K [0x00000000fc000000, 0x00000000feb00000, 0x00000000feb00000)
  object space 44032K, 0% used [0x00000000fc000000,0x00000000fc000000,0x00000000feb00000)
 Metaspace       used 6603K, capacity 6736K, committed 7040K, reserved 1056768K
  class space    used 774K, capacity 824K, committed 896K, reserved 1048576K
Event: 1.054 GC heap after
Heap after GC invocations=1 (full 0):
 PSYoungGen      total 18944K, used 2547K [0x00000000feb00000, 0x0000000100000000, 0x0000000100000000)
  eden space 16384K, 0% used [0x00000000feb00000,0x00000000feb00000,0x00000000ffb00000)
  from space 2560K, 99% used [0x00000000ffb00000,0x00000000ffd7cc30,0x00000000ffd80000)
  to   space 2560K, 0% used [0x00000000ffd80000,0x00000000ffd80000,0x0000000100000000)
 ParOldGen       total 44032K, used 1577K [0x00000000fc000000, 0x00000000feb00000, 0x00000000feb00000)
  object space 44032K, 3% used [0x00000000fc000000,0x00000000fc18a6d8,0x00000000feb00000)
 Metaspace       used 6603K, capacity 6736K, committed 7040K, reserved 1056768K
  class space    used 774K, capacity 824K, committed 896K, reserved 1048576K
}
Event: 1.610 GC heap before
{Heap before GC invocations=2 (full 0):
 PSYoungGen      total 18944K, used 18931K [0x00000000feb00000, 0x0000000100000000, 0x0000000100000000)
  eden space 16384K, 100% used [0x00000000feb00000,0x00000000ffb00000,0x00000000ffb00000)
  from space 2560K, 99% used [0x00000000ffb00000,0x00000000ffd7cc30,0x00000000ffd80000)
  to   space 2560K, 0% used [0x00000000ffd80000,0x00000000ffd80000,0x0000000100000000)
 ParOldGen       total 44032K, used 1577K [0x00000000fc000000, 0x00000000feb00000, 0x00000000feb00000)
  object space 44032K, 3% used [0x00000000fc000000,0x00000000fc18a6d8,0x00000000feb00000)
 Metaspace       used 6931K, capacity 7106K, committed 7296K, reserved 1056768K
  class space    used 814K, capacity 861K, committed 896K, reserved 1048576K
Event: 1.670 GC heap after
Heap after GC invocations=2 (full 0):
 PSYoungGen      total 18944K, used 2547K [0x00000000feb00000, 0x0000000100000000, 0x0000000100000000)
  eden space 16384K, 0% used [0x00000000feb00000,0x00000000feb00000,0x00000000ffb00000)
  from space 2560K, 99% used [0x00000000ffd80000,0x00000000ffffce10,0x0000000100000000)
  to   space 2560K, 0% used [0x00000000ffb00000,0x00000000ffb00000,0x00000000ffd80000)
 ParOldGen       total 44032K, used 6022K [0x00000000fc000000, 0x00000000feb00000, 0x00000000feb00000)
  object space 44032K, 13% used [0x00000000fc000000,0x00000000fc5e1bd0,0x00000000feb00000)
 Metaspace       used 6931K, capacity 7106K, committed 7296K, reserved 1056768K
  class space    used 814K, capacity 861K, committed 896K, reserved 1048576K
}

Deoptimization events (10 events):
Event: 1.078 Thread 0x000000000255d800 Uncommon trap: reason=unstable_if action=reinterpret pc=0x0000000002db2c00 method=java.util.zip.ZipCoder.decoder()Ljava/nio/charset/CharsetDecoder; @ 4
Event: 1.087 Thread 0x000000000255d800 Uncommon trap: reason=unstable_if action=reinterpret pc=0x0000000002dd1688 method=java.util.HashMap$HashIterator.nextNode()Ljava/util/HashMap$Node; @ 74
Event: 1.194 Thread 0x000000000255d800 Uncommon trap: reason=unstable_if action=reinterpret pc=0x0000000002dc9288 method=java.util.HashMap$HashIterator.nextNode()Ljava/util/HashMap$Node; @ 74
Event: 1.546 Thread 0x000000000255d800 Uncommon trap: reason=unloaded action=reinterpret pc=0x0000000002db41fc method=java.util.zip.ZipEntry.setExtra0([BZ)V @ 37
Event: 2.859 Thread 0x000000000255d800 Uncommon trap: reason=unstable_if action=reinterpret pc=0x0000000002e5d008 method=java.lang.String.<init>([CII)V @ 18
Event: 3.614 Thread 0x000000000255d800 Uncommon trap: reason=unstable_if action=reinterpret pc=0x0000000002e8cebc method=java.lang.String.<init>([CII)V @ 18
Event: 3.615 Thread 0x000000000255d800 Uncommon trap: reason=unstable_if action=reinterpret pc=0x0000000002d2bbb8 method=java.lang.String.<init>([CII)V @ 18
Event: 3.617 Thread 0x000000000255d800 Uncommon trap: reason=unstable_if action=reinterpret pc=0x0000000002ecb9d0 method=org.objectweb.asm.Type.getArgumentsAndReturnSizes(Ljava/lang/String;)I @ 130
Event: 3.653 Thread 0x000000000255d800 Uncommon trap: reason=unstable_if action=reinterpret pc=0x0000000002ef8978 method=org.objectweb.asm.MethodWriter.visitVarInsn(II)V @ 136
Event: 3.654 Thread 0x000000000255d800 Uncommon trap: reason=unstable_if action=reinterpret pc=0x0000000002f1edb8 method=org.objectweb.asm.Type.getArgumentsAndReturnSizes(Ljava/lang/String;)I @ 118

Classes redefined (0 events):
No events

Internal exceptions (10 events):
Event: 1.178 Thread 0x000000000255d800 Exception <a 'sun/nio/fs/WindowsException'> (0x00000000ff23d3c0) thrown at [D:\src\AOSP-openjdk-cygwin\jdk8u\hotspot\src\share\vm\prims\jni.cpp, line 709]
Event: 1.352 Thread 0x000000000255d800 Exception <a 'sun/nio/fs/WindowsException'> (0x00000000ff242700) thrown at [D:\src\AOSP-openjdk-cygwin\jdk8u\hotspot\src\share\vm\prims\jni.cpp, line 709]
Event: 1.681 Thread 0x000000000255d800 Exception <a 'sun/nio/fs/WindowsException'> (0x00000000feb9b5e0) thrown at [D:\src\AOSP-openjdk-cygwin\jdk8u\hotspot\src\share\vm\prims\jni.cpp, line 709]
Event: 1.681 Thread 0x000000000255d800 Exception <a 'sun/nio/fs/WindowsException'> (0x00000000feb9bb38) thrown at [D:\src\AOSP-openjdk-cygwin\jdk8u\hotspot\src\share\vm\prims\jni.cpp, line 709]
Event: 1.726 Thread 0x000000000255d800 Exception <a 'sun/nio/fs/WindowsException'> (0x00000000feba7320) thrown at [D:\src\AOSP-openjdk-cygwin\jdk8u\hotspot\src\share\vm\prims\jni.cpp, line 709]
Event: 1.726 Thread 0x000000000255d800 Exception <a 'sun/nio/fs/WindowsException'> (0x00000000feba77f8) thrown at [D:\src\AOSP-openjdk-cygwin\jdk8u\hotspot\src\share\vm\prims\jni.cpp, line 709]
Event: 1.815 Thread 0x000000000255d800 Exception <a 'sun/nio/fs/WindowsException'> (0x00000000febaacb8) thrown at [D:\src\AOSP-openjdk-cygwin\jdk8u\hotspot\src\share\vm\prims\jni.cpp, line 709]
Event: 1.864 Thread 0x000000000255d800 Exception <a 'sun/nio/fs/WindowsException'> (0x00000000febab190) thrown at [D:\src\AOSP-openjdk-cygwin\jdk8u\hotspot\src\share\vm\prims\jni.cpp, line 709]
Event: 2.414 Thread 0x000000000255d800 Exception <a 'sun/nio/fs/WindowsException'> (0x00000000febae648) thrown at [D:\src\AOSP-openjdk-cygwin\jdk8u\hotspot\src\share\vm\prims\jni.cpp, line 709]
Event: 2.577 Thread 0x000000000255d800 Exception <a 'sun/nio/fs/WindowsException'> (0x00000000febaeb20) thrown at [D:\src\AOSP-openjdk-cygwin\jdk8u\hotspot\src\share\vm\prims\jni.cpp, line 709]

Events (10 events):
Event: 3.615 Thread 0x000000000255d800 DEOPT UNPACKING pc=0x0000000002bd556a sp=0x0000000002a8e498 mode 2
Event: 3.617 Thread 0x000000000255d800 Uncommon trap: trap_request=0xffffff65 fr.pc=0x0000000002ecb9d0
Event: 3.617 Thread 0x000000000255d800 DEOPT PACKING pc=0x0000000002ecb9d0 sp=0x0000000002a8e480
Event: 3.617 Thread 0x000000000255d800 DEOPT UNPACKING pc=0x0000000002bd556a sp=0x0000000002a8e410 mode 2
Event: 3.653 Thread 0x000000000255d800 Uncommon trap: trap_request=0xffffff65 fr.pc=0x0000000002ef8978
Event: 3.653 Thread 0x000000000255d800 DEOPT PACKING pc=0x0000000002ef8978 sp=0x0000000002a8e970
Event: 3.653 Thread 0x000000000255d800 DEOPT UNPACKING pc=0x0000000002bd556a sp=0x0000000002a8e8b8 mode 2
Event: 3.654 Thread 0x000000000255d800 Uncommon trap: trap_request=0xffffff65 fr.pc=0x0000000002f1edb8
Event: 3.654 Thread 0x000000000255d800 DEOPT PACKING pc=0x0000000002f1edb8 sp=0x0000000002a8e550
Event: 3.654 Thread 0x000000000255d800 DEOPT UNPACKING pc=0x0000000002bd556a sp=0x0000000002a8e4e0 mode 2


Dynamic libraries:
0x00007ff7bef40000 - 0x00007ff7bef71000 	C:\Program Files\Android\Android Studio\jre\bin\java.exe
0x00007ffba9340000 - 0x00007ffba9521000 	C:\WINDOWS\SYSTEM32\ntdll.dll
0x00007ffba6ca0000 - 0x00007ffba6d52000 	C:\WINDOWS\System32\KERNEL32.DLL
0x00007ffba6070000 - 0x00007ffba62e3000 	C:\WINDOWS\System32\KERNELBASE.dll
0x00007ffba9260000 - 0x00007ffba9301000 	C:\WINDOWS\System32\ADVAPI32.dll
0x00007ffba77b0000 - 0x00007ffba784e000 	C:\WINDOWS\System32\msvcrt.dll
0x00007ffba71b0000 - 0x00007ffba720b000 	C:\WINDOWS\System32\sechost.dll
0x00007ffba7580000 - 0x00007ffba76a4000 	C:\WINDOWS\System32\RPCRT4.dll
0x00007ffba7ac0000 - 0x00007ffba7c50000 	C:\WINDOWS\System32\USER32.dll
0x00007ffba5790000 - 0x00007ffba57b0000 	C:\WINDOWS\System32\win32u.dll
0x00007ffba67e0000 - 0x00007ffba6808000 	C:\WINDOWS\System32\GDI32.dll
0x00007ffba6530000 - 0x00007ffba66c2000 	C:\WINDOWS\System32\gdi32full.dll
0x00007ffba5fd0000 - 0x00007ffba606f000 	C:\WINDOWS\System32\msvcp_win.dll
0x00007ffba66d0000 - 0x00007ffba67ca000 	C:\WINDOWS\System32\ucrtbase.dll
0x00007ffb93ad0000 - 0x00007ffb93d39000 	C:\WINDOWS\WinSxS\amd64_microsoft.windows.common-controls_6595b64144ccf1df_6.0.17134.48_none_b4b2216a3cb4dd3e\COMCTL32.dll
0x00007ffba6810000 - 0x00007ffba6b33000 	C:\WINDOWS\System32\combase.dll
0x00007ffba5710000 - 0x00007ffba578a000 	C:\WINDOWS\System32\bcryptPrimitives.dll
0x00007ffba9090000 - 0x00007ffba90bd000 	C:\WINDOWS\System32\IMM32.DLL
0x0000000069530000 - 0x0000000069602000 	C:\Program Files\Android\Android Studio\jre\jre\bin\msvcr100.dll
0x0000000066c10000 - 0x000000006744e000 	C:\Program Files\Android\Android Studio\jre\jre\bin\server\jvm.dll
0x00007ffba91d0000 - 0x00007ffba91d8000 	C:\WINDOWS\System32\PSAPI.DLL
0x00007ffba1d20000 - 0x00007ffba1d29000 	C:\WINDOWS\SYSTEM32\WSOCK32.dll
0x00007ffba7510000 - 0x00007ffba757c000 	C:\WINDOWS\System32\WS2_32.dll
0x00007ffb95780000 - 0x00007ffb957a3000 	C:\WINDOWS\SYSTEM32\WINMM.dll
0x00007ffb9d7c0000 - 0x00007ffb9d7ca000 	C:\WINDOWS\SYSTEM32\VERSION.dll
0x00007ffb95570000 - 0x00007ffb9559a000 	C:\WINDOWS\SYSTEM32\WINMMBASE.dll
0x00007ffba64e0000 - 0x00007ffba6529000 	C:\WINDOWS\System32\cfgmgr32.dll
0x00007ffba1b20000 - 0x00007ffba1b2f000 	C:\Program Files\Android\Android Studio\jre\jre\bin\verify.dll
0x00007ffb9e9c0000 - 0x00007ffb9e9e9000 	C:\Program Files\Android\Android Studio\jre\jre\bin\java.dll
0x00007ffba1b00000 - 0x00007ffba1b16000 	C:\Program Files\Android\Android Studio\jre\jre\bin\zip.dll
0x00007ffba7c50000 - 0x00007ffba9090000 	C:\WINDOWS\System32\SHELL32.dll
0x00007ffba9120000 - 0x00007ffba91c9000 	C:\WINDOWS\System32\shcore.dll
0x00007ffba58c0000 - 0x00007ffba5fcd000 	C:\WINDOWS\System32\windows.storage.dll
0x00007ffba90c0000 - 0x00007ffba9111000 	C:\WINDOWS\System32\shlwapi.dll
0x00007ffba5680000 - 0x00007ffba5691000 	C:\WINDOWS\System32\kernel.appcore.dll
0x00007ffba56f0000 - 0x00007ffba570f000 	C:\WINDOWS\System32\profapi.dll
0x00007ffba56a0000 - 0x00007ffba56ec000 	C:\WINDOWS\System32\powrprof.dll
0x00007ffba5650000 - 0x00007ffba565a000 	C:\WINDOWS\System32\FLTLIB.DLL
0x00007ffba5080000 - 0x00007ffba5097000 	C:\WINDOWS\SYSTEM32\CRYPTSP.dll
0x00007ffba4ab0000 - 0x00007ffba4ae3000 	C:\WINDOWS\system32\rsaenh.dll
0x00007ffba51b0000 - 0x00007ffba51d5000 	C:\WINDOWS\SYSTEM32\bcrypt.dll
0x00007ffba5580000 - 0x00007ffba55a8000 	C:\WINDOWS\SYSTEM32\USERENV.dll
0x00007ffba50a0000 - 0x00007ffba50ab000 	C:\WINDOWS\SYSTEM32\CRYPTBASE.dll
0x00007ffb9e9a0000 - 0x00007ffb9e9ba000 	C:\Program Files\Android\Android Studio\jre\jre\bin\net.dll
0x00007ffba4ed0000 - 0x00007ffba4f36000 	C:\WINDOWS\system32\mswsock.dll
0x00007ffba4c50000 - 0x00007ffba4c88000 	C:\WINDOWS\SYSTEM32\IPHLPAPI.DLL
0x00007ffba7430000 - 0x00007ffba7438000 	C:\WINDOWS\System32\NSI.dll
0x00007ffb9a1f0000 - 0x00007ffb9a206000 	C:\WINDOWS\SYSTEM32\dhcpcsvc6.DLL
0x00007ffb9a120000 - 0x00007ffb9a13a000 	C:\WINDOWS\SYSTEM32\dhcpcsvc.DLL
0x00007ffb9e900000 - 0x00007ffb9e911000 	C:\Program Files\Android\Android Studio\jre\jre\bin\nio.dll

VM Arguments:
jvm_args: -Djava.awt.headless=true -Xmx64M -Dfile.encoding=x-windows-949 -Duser.country=KR -Duser.language=ko -Duser.variant 
java_command: com.google.devtools.build.android.desugar.Desugar @D:\test\app\build\intermediates\tmp\desugar_args193851098847173688
java_class_path (initial): C:\Users\Goo\AppData\Local\Temp\desugar_deploy.jar914161806448729915
Launcher Type: SUN_STANDARD

Environment Variables:
PATH=C:\ProgramData\Oracle\Java\javapath;C:\WINDOWS\system32;C:\WINDOWS;C:\WINDOWS\System32\Wbem;C:\WINDOWS\System32\WindowsPowerShell\v1.0\;C:\OpenSSL;;C:\WINDOWS\System32\OpenSSH\;C:\Users\Goo\AppData\Local\Microsoft\WindowsApps;
USERNAME=Goo
OS=Windows_NT
PROCESSOR_IDENTIFIER=Intel64 Family 6 Model 158 Stepping 9, GenuineIntel



---------------  S Y S T E M  ---------------

OS: Windows 10.0 , 64 bit Build 17134 (10.0.17134.1)

CPU:total 8 (initial active 8) (4 cores per cpu, 2 threads per core) family 6 model 158 stepping 9, cmov, cx8, fxsr, mmx, sse, sse2, sse3, ssse3, sse4.1, sse4.2, popcnt, avx, avx2, aes, clmul, erms, 3dnowpref, lzcnt, ht, tsc, tscinvbit, bmi1, bmi2, adx

Memory: 4k page, physical 16692940k(4891184k free), swap 16692940k(5924k free)

vm_info: OpenJDK 64-Bit Server VM (25.152-b01) for windows-amd64 JRE (1.8.0_152-release-915-b01), built by "builder" with MS VC++ 10.0 (VS2010)

time: Sat May 26 18:43:57 2018
elapsed time: 3 seconds (0d 0h 0m 3s)

