#
# There is insufficient memory for the Java Runtime Environment to continue.
# Native memory allocation (malloc) failed to allocate 429136 bytes for Chunk::new
# Possible reasons:
#   The system is out of physical RAM or swap space
#   In 32 bit mode, the process size limit was hit
# Possible solutions:
#   Reduce memory load on the system
#   Increase physical memory or swap space
#   Check if swap backing store is full
#   Use 64 bit Java on a 64 bit OS
#   Decrease Java heap size (-Xmx/-Xms)
#   Decrease number of Java threads
#   Decrease Java thread stack sizes (-Xss)
#   Set larger code cache with -XX:ReservedCodeCacheSize=
# This output file may be truncated or incomplete.
#
#  Out of Memory Error (allocation.cpp:390), pid=10100, tid=0x000000000000168c
#
# JRE version: OpenJDK Runtime Environment (8.0_152-b01) (build 1.8.0_152-release-915-b01)
# Java VM: OpenJDK 64-Bit Server VM (25.152-b01 mixed mode windows-amd64 compressed oops)
# Failed to write core dump. Minidumps are not enabled by default on client versions of Windows
#

---------------  T H R E A D  ---------------

Current thread (0x0000000015ecd800):  JavaThread "C2 CompilerThread1" daemon [_thread_in_native, id=5772, stack(0x0000000016680000,0x0000000016780000)]

Stack: [0x0000000016680000,0x0000000016780000]
[error occurred during error reporting (printing stack bounds), id 0xc0000005]

Native frames: (J=compiled Java code, j=interpreted, Vv=VM code, C=native code)


Current CompileTask:
C2:   3990 1192       4       org.objectweb.asm.tree.FieldInsnNode::accept (26 bytes)


---------------  P R O C E S S  ---------------

Java Threads: ( => current thread )
  0x0000000015edd800 JavaThread "Service Thread" daemon [_thread_blocked, id=6468, stack(0x0000000016980000,0x0000000016a80000)]
  0x0000000015ed9800 JavaThread "C1 CompilerThread3" daemon [_thread_blocked, id=9864, stack(0x0000000016880000,0x0000000016980000)]
  0x0000000015ed3800 JavaThread "C2 CompilerThread2" daemon [_thread_in_native, id=9992, stack(0x0000000016780000,0x0000000016880000)]
=>0x0000000015ecd800 JavaThread "C2 CompilerThread1" daemon [_thread_in_native, id=5772, stack(0x0000000016680000,0x0000000016780000)]
  0x0000000015e7f800 JavaThread "C2 CompilerThread0" daemon [_thread_blocked, id=2968, stack(0x0000000016580000,0x0000000016680000)]
  0x0000000015e7e000 JavaThread "Attach Listener" daemon [_thread_blocked, id=9304, stack(0x0000000016480000,0x0000000016580000)]
  0x0000000015e2b000 JavaThread "Signal Dispatcher" daemon [_thread_blocked, id=2176, stack(0x0000000016380000,0x0000000016480000)]
  0x000000000373e000 JavaThread "Finalizer" daemon [_thread_blocked, id=9132, stack(0x00000000161f0000,0x00000000162f0000)]
  0x0000000003737000 JavaThread "Reference Handler" daemon [_thread_blocked, id=6188, stack(0x0000000015cf0000,0x0000000015df0000)]
  0x000000000363d800 JavaThread "main" [_thread_in_native, id=12956, stack(0x00000000034b0000,0x00000000035b0000)]

Other Threads:
  0x0000000013ee5000 VMThread [stack: 0x0000000015bf0000,0x0000000015cf0000] [id=13092]
  0x0000000015ede800 WatcherThread [stack: 0x0000000016a80000,0x0000000016b80000] [id=9628]

VM state:not at safepoint (normal execution)

VM Mutex/Monitor currently owned by a thread: None

Heap:
 PSYoungGen      total 18944K, used 15267K [0x00000000feb00000, 0x0000000100000000, 0x0000000100000000)
  eden space 16384K, 77% used [0x00000000feb00000,0x00000000ff76c778,0x00000000ffb00000)
  from space 2560K, 99% used [0x00000000ffb00000,0x00000000ffd7c598,0x00000000ffd80000)
  to   space 2560K, 0% used [0x00000000ffd80000,0x00000000ffd80000,0x0000000100000000)
 ParOldGen       total 44032K, used 6911K [0x00000000fc000000, 0x00000000feb00000, 0x00000000feb00000)
  object space 44032K, 15% used [0x00000000fc000000,0x00000000fc6bffd8,0x00000000feb00000)
 Metaspace       used 7787K, capacity 7970K, committed 8192K, reserved 1056768K
  class space    used 875K, capacity 957K, committed 1024K, reserved 1048576K

Card table byte_map: [0x0000000003090000,0x00000000030c0000] byte_map_base: 0x00000000028b0000

Marking Bits: (ParMarkBitMap*) 0x000000005d303950
 Begin Bits: [0x0000000013300000, 0x0000000013400000)
 End Bits:   [0x0000000013400000, 0x0000000013500000)

Polling page: 0x0000000000ff0000

CodeCache: size=245760Kb used=4562Kb max_used=4562Kb free=241197Kb
 bounds [0x0000000003740000, 0x0000000003bc0000, 0x0000000012740000]
 total_blobs=1542 nmethods=1205 adapters=248
 compilation: enabled

Compilation events (10 events):
Event: 3.946 Thread 0x0000000015ed9800 nmethod 1204 0x0000000003ba8090 code [0x0000000003ba8260, 0x0000000003ba8878]
Event: 3.948 Thread 0x0000000015ed3800 nmethod 1200 0x0000000003bb3910 code [0x0000000003bb3a60, 0x0000000003bb3dd8]
Event: 3.948 Thread 0x0000000015ed3800 1201       4       org.objectweb.asm.ClassReader::readShort (27 bytes)
Event: 3.949 Thread 0x0000000015ed3800 nmethod 1201 0x0000000003ba2a50 code [0x0000000003ba2b80, 0x0000000003ba2c58]
Event: 3.949 Thread 0x0000000015ed3800 1205       4       org.objectweb.asm.ClassReader::b (1124 bytes)
Event: 3.950 Thread 0x0000000015ed9800 1207       1       java.util.concurrent.TimeUnit$3::toSeconds (6 bytes)
Event: 3.950 Thread 0x0000000015ed9800 nmethod 1207 0x0000000003ba7d90 code [0x0000000003ba7ee0, 0x0000000003ba8010]
Event: 3.960 Thread 0x0000000015e7f800 nmethod 1198 0x0000000003bb0610 code [0x0000000003bb0820, 0x0000000003bb1340]
Event: 3.960 Thread 0x0000000015e7f800 1206       4       org.objectweb.asm.tree.JumpInsnNode::accept (21 bytes)
Event: 3.966 Thread 0x0000000015e7f800 nmethod 1206 0x0000000003bb5d10 code [0x0000000003bb5ea0, 0x0000000003bb63a8]

GC Heap History (6 events):
Event: 1.192 GC heap before
{Heap before GC invocations=1 (full 0):
 PSYoungGen      total 18944K, used 16384K [0x00000000feb00000, 0x0000000100000000, 0x0000000100000000)
  eden space 16384K, 100% used [0x00000000feb00000,0x00000000ffb00000,0x00000000ffb00000)
  from space 2560K, 0% used [0x00000000ffd80000,0x00000000ffd80000,0x0000000100000000)
  to   space 2560K, 0% used [0x00000000ffb00000,0x00000000ffb00000,0x00000000ffd80000)
 ParOldGen       total 44032K, used 0K [0x00000000fc000000, 0x00000000feb00000, 0x00000000feb00000)
  object space 44032K, 0% used [0x00000000fc000000,0x00000000fc000000,0x00000000feb00000)
 Metaspace       used 6629K, capacity 6800K, committed 7040K, reserved 1056768K
  class space    used 773K, capacity 824K, committed 896K, reserved 1048576K
Event: 1.214 GC heap after
Heap after GC invocations=1 (full 0):
 PSYoungGen      total 18944K, used 2537K [0x00000000feb00000, 0x0000000100000000, 0x0000000100000000)
  eden space 16384K, 0% used [0x00000000feb00000,0x00000000feb00000,0x00000000ffb00000)
  from space 2560K, 99% used [0x00000000ffb00000,0x00000000ffd7a620,0x00000000ffd80000)
  to   space 2560K, 0% used [0x00000000ffd80000,0x00000000ffd80000,0x0000000100000000)
 ParOldGen       total 44032K, used 1583K [0x00000000fc000000, 0x00000000feb00000, 0x00000000feb00000)
  object space 44032K, 3% used [0x00000000fc000000,0x00000000fc18bcf0,0x00000000feb00000)
 Metaspace       used 6629K, capacity 6800K, committed 7040K, reserved 1056768K
  class space    used 773K, capacity 824K, committed 896K, reserved 1048576K
}
Event: 1.866 GC heap before
{Heap before GC invocations=2 (full 0):
 PSYoungGen      total 18944K, used 18921K [0x00000000feb00000, 0x0000000100000000, 0x0000000100000000)
  eden space 16384K, 100% used [0x00000000feb00000,0x00000000ffb00000,0x00000000ffb00000)
  from space 2560K, 99% used [0x00000000ffb00000,0x00000000ffd7a620,0x00000000ffd80000)
  to   space 2560K, 0% used [0x00000000ffd80000,0x00000000ffd80000,0x0000000100000000)
 ParOldGen       total 44032K, used 1583K [0x00000000fc000000, 0x00000000feb00000, 0x00000000feb00000)
  object space 44032K, 3% used [0x00000000fc000000,0x00000000fc18bcf0,0x00000000feb00000)
 Metaspace       used 6974K, capacity 7106K, committed 7296K, reserved 1056768K
  class space    used 816K, capacity 861K, committed 896K, reserved 1048576K
Event: 1.992 GC heap after
Heap after GC invocations=2 (full 0):
 PSYoungGen      total 18944K, used 2547K [0x00000000feb00000, 0x0000000100000000, 0x0000000100000000)
  eden space 16384K, 0% used [0x00000000feb00000,0x00000000feb00000,0x00000000ffb00000)
  from space 2560K, 99% used [0x00000000ffd80000,0x00000000ffffce10,0x0000000100000000)
  to   space 2560K, 0% used [0x00000000ffb00000,0x00000000ffb00000,0x00000000ffd80000)
 ParOldGen       total 44032K, used 5868K [0x00000000fc000000, 0x00000000feb00000, 0x00000000feb00000)
  object space 44032K, 13% used [0x00000000fc000000,0x00000000fc5bb1e8,0x00000000feb00000)
 Metaspace       used 6974K, capacity 7106K, committed 7296K, reserved 1056768K
  class space    used 816K, capacity 861K, committed 896K, reserved 1048576K
}
Event: 2.644 GC heap before
{Heap before GC invocations=3 (full 0):
 PSYoungGen      total 18944K, used 18931K [0x00000000feb00000, 0x0000000100000000, 0x0000000100000000)
  eden space 16384K, 100% used [0x00000000feb00000,0x00000000ffb00000,0x00000000ffb00000)
  from space 2560K, 99% used [0x00000000ffd80000,0x00000000ffffce10,0x0000000100000000)
  to   space 2560K, 0% used [0x00000000ffb00000,0x00000000ffb00000,0x00000000ffd80000)
 ParOldGen       total 44032K, used 5868K [0x00000000fc000000, 0x00000000feb00000, 0x00000000feb00000)
  object space 44032K, 13% used [0x00000000fc000000,0x00000000fc5bb1e8,0x00000000feb00000)
 Metaspace       used 7767K, capacity 7970K, committed 8192K, reserved 1056768K
  class space    used 875K, capacity 957K, committed 1024K, reserved 1048576K
Event: 3.393 GC heap after
Heap after GC invocations=3 (full 0):
 PSYoungGen      total 18944K, used 2545K [0x00000000feb00000, 0x0000000100000000, 0x0000000100000000)
  eden space 16384K, 0% used [0x00000000feb00000,0x00000000feb00000,0x00000000ffb00000)
  from space 2560K, 99% used [0x00000000ffb00000,0x00000000ffd7c598,0x00000000ffd80000)
  to   space 2560K, 0% used [0x00000000ffd80000,0x00000000ffd80000,0x0000000100000000)
 ParOldGen       total 44032K, used 6911K [0x00000000fc000000, 0x00000000feb00000, 0x00000000feb00000)
  object space 44032K, 15% used [0x00000000fc000000,0x00000000fc6bffd8,0x00000000feb00000)
 Metaspace       used 7767K, capacity 7970K, committed 8192K, reserved 1056768K
  class space    used 875K, capacity 957K, committed 1024K, reserved 1048576K
}

Deoptimization events (10 events):
Event: 1.798 Thread 0x000000000363d800 Uncommon trap: reason=unloaded action=reinterpret pc=0x0000000003984b7c method=java.util.zip.ZipEntry.setExtra0([BZ)V @ 37
Event: 2.349 Thread 0x000000000363d800 Uncommon trap: reason=unstable_if action=reinterpret pc=0x0000000003a55938 method=java.lang.String.<init>([CII)V @ 18
Event: 2.367 Thread 0x000000000363d800 Uncommon trap: reason=unstable_if action=reinterpret pc=0x0000000003a21658 method=java.lang.String.<init>([CII)V @ 18
Event: 2.376 Thread 0x000000000363d800 Uncommon trap: reason=unstable_if action=reinterpret pc=0x00000000038e69f8 method=java.lang.String.<init>([CII)V @ 18
Event: 2.382 Thread 0x000000000363d800 Uncommon trap: reason=unstable_if action=reinterpret pc=0x0000000003a79c5c method=org.objectweb.asm.Type.getArgumentsAndReturnSizes(Ljava/lang/String;)I @ 112
Event: 2.410 Thread 0x000000000363d800 Uncommon trap: reason=unstable_if action=reinterpret pc=0x0000000003ae2968 method=java.io.BufferedOutputStream.write(I)V @ 9
Event: 2.566 Thread 0x000000000363d800 Uncommon trap: reason=unstable_if action=reinterpret pc=0x0000000003acad98 method=org.objectweb.asm.MethodWriter.visitVarInsn(II)V @ 148
Event: 2.582 Thread 0x000000000363d800 Uncommon trap: reason=unstable_if action=reinterpret pc=0x0000000003b04798 method=org.objectweb.asm.MethodWriter.visitVarInsn(II)V @ 148
Event: 3.416 Thread 0x000000000363d800 Uncommon trap: reason=null_check action=make_not_entrant pc=0x0000000003b3d470 method=com.google.devtools.build.android.desugar.InterfaceDesugaring$InterfaceInvocationRewriter.visitMethodInsn(ILjava/lang/String;Ljava/lang/String;Ljava/lang/String;Z)V @ 10
Event: 3.889 Thread 0x000000000363d800 Uncommon trap: reason=null_check action=make_not_entrant pc=0x0000000003b6acdc method=com.google.devtools.build.android.desugar.InterfaceDesugaring$InterfaceInvocationRewriter.visitMethodInsn(ILjava/lang/String;Ljava/lang/String;Ljava/lang/String;Z)V @ 10

Classes redefined (0 events):
No events

Internal exceptions (10 events):
Event: 3.416 Thread 0x000000000363d800 Implicit null exception at 0x0000000003b3d16a to 0x0000000003b3d44d
Event: 3.470 Thread 0x000000000363d800 Exception <a 'sun/nio/fs/WindowsException'> (0x00000000fecc2358) thrown at [D:\src\AOSP-openjdk-cygwin\jdk8u\hotspot\src\share\vm\prims\jni.cpp, line 709]
Event: 3.470 Thread 0x000000000363d800 Exception <a 'sun/nio/fs/WindowsException'> (0x00000000fecc2830) thrown at [D:\src\AOSP-openjdk-cygwin\jdk8u\hotspot\src\share\vm\prims\jni.cpp, line 709]
Event: 3.481 Thread 0x000000000363d800 Exception <a 'sun/nio/fs/WindowsException'> (0x00000000fed601f8) thrown at [D:\src\AOSP-openjdk-cygwin\jdk8u\hotspot\src\share\vm\prims\jni.cpp, line 709]
Event: 3.481 Thread 0x000000000363d800 Exception <a 'sun/nio/fs/WindowsException'> (0x00000000fed606d0) thrown at [D:\src\AOSP-openjdk-cygwin\jdk8u\hotspot\src\share\vm\prims\jni.cpp, line 709]
Event: 3.504 Thread 0x000000000363d800 Exception <a 'sun/nio/fs/WindowsException'> (0x00000000fee7bf30) thrown at [D:\src\AOSP-openjdk-cygwin\jdk8u\hotspot\src\share\vm\prims\jni.cpp, line 709]
Event: 3.504 Thread 0x000000000363d800 Exception <a 'sun/nio/fs/WindowsException'> (0x00000000fee7c408) thrown at [D:\src\AOSP-openjdk-cygwin\jdk8u\hotspot\src\share\vm\prims\jni.cpp, line 709]
Event: 3.875 Thread 0x000000000363d800 Exception <a 'sun/nio/fs/WindowsException'> (0x00000000fee7f8a8) thrown at [D:\src\AOSP-openjdk-cygwin\jdk8u\hotspot\src\share\vm\prims\jni.cpp, line 709]
Event: 3.877 Thread 0x000000000363d800 Exception <a 'sun/nio/fs/WindowsException'> (0x00000000fee7fd80) thrown at [D:\src\AOSP-openjdk-cygwin\jdk8u\hotspot\src\share\vm\prims\jni.cpp, line 709]
Event: 3.889 Thread 0x000000000363d800 Implicit null exception at 0x0000000003b68224 to 0x0000000003b6acc9

Events (10 events):
Event: 3.416 Thread 0x000000000363d800 DEOPT UNPACKING pc=0x000000000378556a sp=0x00000000035aeed0 mode 2
Event: 3.434 Thread 0x000000000363d800 DEOPT PACKING pc=0x0000000003a915e6 sp=0x00000000035af000
Event: 3.434 Thread 0x000000000363d800 DEOPT UNPACKING pc=0x00000000037875bf sp=0x00000000035aed90 mode 0
Event: 3.495 Thread 0x000000000363d800 DEOPT PACKING pc=0x0000000003a915e6 sp=0x00000000035af000
Event: 3.495 Thread 0x000000000363d800 DEOPT UNPACKING pc=0x00000000037875bf sp=0x00000000035aed90 mode 0
Event: 3.889 Thread 0x000000000363d800 Uncommon trap: trap_request=0xfffffff4 fr.pc=0x0000000003b6acdc
Event: 3.889 Thread 0x000000000363d800 DEOPT PACKING pc=0x0000000003b6acdc sp=0x00000000035aef90
Event: 3.889 Thread 0x000000000363d800 DEOPT UNPACKING pc=0x000000000378556a sp=0x00000000035aef10 mode 2
Event: 3.917 Thread 0x000000000363d800 DEOPT PACKING pc=0x0000000003a817f0 sp=0x00000000035aef60
Event: 3.917 Thread 0x000000000363d800 DEOPT UNPACKING pc=0x00000000037875bf sp=0x00000000035aec88 mode 0


Dynamic libraries:
0x00007ff6199f0000 - 0x00007ff619a21000 	C:\Program Files\Android\Android Studio\jre\bin\java.exe
0x00007ff98de30000 - 0x00007ff98e011000 	C:\WINDOWS\SYSTEM32\ntdll.dll
0x00007ff98c160000 - 0x00007ff98c212000 	C:\WINDOWS\System32\KERNEL32.DLL
0x00007ff98a400000 - 0x00007ff98a673000 	C:\WINDOWS\System32\KERNELBASE.dll
0x00007ff98b860000 - 0x00007ff98b901000 	C:\WINDOWS\System32\ADVAPI32.dll
0x00007ff98bd20000 - 0x00007ff98bdbe000 	C:\WINDOWS\System32\msvcrt.dll
0x00007ff98b910000 - 0x00007ff98b96b000 	C:\WINDOWS\System32\sechost.dll
0x00007ff98b3b0000 - 0x00007ff98b4d4000 	C:\WINDOWS\System32\RPCRT4.dll
0x00007ff98b9f0000 - 0x00007ff98bb80000 	C:\WINDOWS\System32\USER32.dll
0x00007ff98b2a0000 - 0x00007ff98b2c0000 	C:\WINDOWS\System32\win32u.dll
0x00007ff98b380000 - 0x00007ff98b3a8000 	C:\WINDOWS\System32\GDI32.dll
0x00007ff98b060000 - 0x00007ff98b1f2000 	C:\WINDOWS\System32\gdi32full.dll
0x00007ff98b200000 - 0x00007ff98b29f000 	C:\WINDOWS\System32\msvcp_win.dll
0x00007ff98a300000 - 0x00007ff98a3fa000 	C:\WINDOWS\System32\ucrtbase.dll
0x00007ff97d610000 - 0x00007ff97d879000 	C:\WINDOWS\WinSxS\amd64_microsoft.windows.common-controls_6595b64144ccf1df_6.0.17134.48_none_b4b2216a3cb4dd3e\COMCTL32.dll
0x00007ff98bdd0000 - 0x00007ff98c0f3000 	C:\WINDOWS\System32\combase.dll
0x00007ff98adf0000 - 0x00007ff98ae6a000 	C:\WINDOWS\System32\bcryptPrimitives.dll
0x00007ff98b5c0000 - 0x00007ff98b5ed000 	C:\WINDOWS\System32\IMM32.DLL
0x000000005ca60000 - 0x000000005cb32000 	C:\Program Files\Android\Android Studio\jre\jre\bin\msvcr100.dll
0x000000005cb40000 - 0x000000005d37e000 	C:\Program Files\Android\Android Studio\jre\jre\bin\server\jvm.dll
0x00007ff98b5b0000 - 0x00007ff98b5b8000 	C:\WINDOWS\System32\PSAPI.DLL
0x00007ff985c60000 - 0x00007ff985c69000 	C:\WINDOWS\SYSTEM32\WSOCK32.dll
0x00007ff98b970000 - 0x00007ff98b9dc000 	C:\WINDOWS\System32\WS2_32.dll
0x00007ff987c20000 - 0x00007ff987c43000 	C:\WINDOWS\SYSTEM32\WINMM.dll
0x00007ff982480000 - 0x00007ff98248a000 	C:\WINDOWS\SYSTEM32\VERSION.dll
0x00007ff987620000 - 0x00007ff98764a000 	C:\WINDOWS\SYSTEM32\winmmbase.dll
0x00007ff98a2b0000 - 0x00007ff98a2f9000 	C:\WINDOWS\System32\cfgmgr32.dll
0x00007ff96ba40000 - 0x00007ff96ba4f000 	C:\Program Files\Android\Android Studio\jre\jre\bin\verify.dll
0x00007ff96ba10000 - 0x00007ff96ba39000 	C:\Program Files\Android\Android Studio\jre\jre\bin\java.dll
0x00007ff96b9f0000 - 0x00007ff96ba06000 	C:\Program Files\Android\Android Studio\jre\jre\bin\zip.dll
0x00007ff98c2a0000 - 0x00007ff98d6e0000 	C:\WINDOWS\System32\SHELL32.dll
0x00007ff98b4e0000 - 0x00007ff98b589000 	C:\WINDOWS\System32\shcore.dll
0x00007ff98a680000 - 0x00007ff98ad8d000 	C:\WINDOWS\System32\windows.storage.dll
0x00007ff98b320000 - 0x00007ff98b371000 	C:\WINDOWS\System32\shlwapi.dll
0x00007ff98a170000 - 0x00007ff98a181000 	C:\WINDOWS\System32\kernel.appcore.dll
0x00007ff98a190000 - 0x00007ff98a1af000 	C:\WINDOWS\System32\profapi.dll
0x00007ff98a1b0000 - 0x00007ff98a1fc000 	C:\WINDOWS\System32\powrprof.dll
0x00007ff98a160000 - 0x00007ff98a16a000 	C:\WINDOWS\System32\FLTLIB.DLL
0x00007ff989b70000 - 0x00007ff989b87000 	C:\WINDOWS\SYSTEM32\CRYPTSP.dll
0x00007ff9895a0000 - 0x00007ff9895d3000 	C:\WINDOWS\system32\rsaenh.dll
0x00007ff989ca0000 - 0x00007ff989cc5000 	C:\WINDOWS\SYSTEM32\bcrypt.dll
0x00007ff98a040000 - 0x00007ff98a068000 	C:\WINDOWS\SYSTEM32\USERENV.dll
0x00007ff989b90000 - 0x00007ff989b9b000 	C:\WINDOWS\SYSTEM32\CRYPTBASE.dll
0x00007ff96b9d0000 - 0x00007ff96b9ea000 	C:\Program Files\Android\Android Studio\jre\jre\bin\net.dll
0x00007ff9899c0000 - 0x00007ff989a26000 	C:\WINDOWS\system32\mswsock.dll
0x00007ff989740000 - 0x00007ff989778000 	C:\WINDOWS\SYSTEM32\IPHLPAPI.DLL
0x00007ff98bdc0000 - 0x00007ff98bdc8000 	C:\WINDOWS\System32\NSI.dll
0x00007ff982c80000 - 0x00007ff982c96000 	C:\WINDOWS\SYSTEM32\dhcpcsvc6.DLL
0x00007ff982c60000 - 0x00007ff982c7a000 	C:\WINDOWS\SYSTEM32\dhcpcsvc.DLL
0x00007ff967fc0000 - 0x00007ff967fd1000 	C:\Program Files\Android\Android Studio\jre\jre\bin\nio.dll

VM Arguments:
jvm_args: -Djava.awt.headless=true -Xmx64M -Dfile.encoding=x-windows-949 -Duser.country=KR -Duser.language=ko -Duser.variant 
java_command: com.google.devtools.build.android.desugar.Desugar @D:\test\app\build\intermediates\tmp\desugar_args5147638986156648321
java_class_path (initial): C:\Users\Goo\AppData\Local\Temp\desugar_deploy.jar3189730495422438638
Launcher Type: SUN_STANDARD

Environment Variables:
PATH=C:\ProgramData\Oracle\Java\javapath;C:\WINDOWS\system32;C:\WINDOWS;C:\WINDOWS\System32\Wbem;C:\WINDOWS\System32\WindowsPowerShell\v1.0\;C:\OpenSSL;;C:\WINDOWS\System32\OpenSSH\;C:\Users\Goo\AppData\Local\Microsoft\WindowsApps;
USERNAME=Goo
OS=Windows_NT
PROCESSOR_IDENTIFIER=Intel64 Family 6 Model 158 Stepping 9, GenuineIntel



---------------  S Y S T E M  ---------------

OS: Windows 10.0 , 64 bit Build 17134 (10.0.17134.1)

CPU:total 8 (initial active 8) (4 cores per cpu, 2 threads per core) family 6 model 158 stepping 9, cmov, cx8, fxsr, mmx, sse, sse2, sse3, ssse3, sse4.1, sse4.2, popcnt, avx, avx2, aes, clmul, erms, 3dnowpref, lzcnt, ht, tsc, tscinvbit, bmi1, bmi2, adx

Memory: 4k page, physical 16692940k(4647252k free), swap 16692940k(1372k free)

vm_info: OpenJDK 64-Bit Server VM (25.152-b01) for windows-amd64 JRE (1.8.0_152-release-915-b01), built by "builder" with MS VC++ 10.0 (VS2010)

time: Mon Jun 11 00:54:51 2018
elapsed time: 3 seconds (0d 0h 0m 3s)

