#
# There is insufficient memory for the Java Runtime Environment to continue.
# Native memory allocation (malloc) failed to allocate 829856 bytes for Chunk::new
# Possible reasons:
#   The system is out of physical RAM or swap space
#   In 32 bit mode, the process size limit was hit
# Possible solutions:
#   Reduce memory load on the system
#   Increase physical memory or swap space
#   Check if swap backing store is full
#   Use 64 bit Java on a 64 bit OS
#   Decrease Java heap size (-Xmx/-Xms)
#   Decrease number of Java threads
#   Decrease Java thread stack sizes (-Xss)
#   Set larger code cache with -XX:ReservedCodeCacheSize=
# This output file may be truncated or incomplete.
#
#  Out of Memory Error (allocation.cpp:390), pid=13432, tid=0x00000000000006c0
#
# JRE version: OpenJDK Runtime Environment (8.0_152-b01) (build 1.8.0_152-release-915-b01)
# Java VM: OpenJDK 64-Bit Server VM (25.152-b01 mixed mode windows-amd64 compressed oops)
# Failed to write core dump. Minidumps are not enabled by default on client versions of Windows
#

---------------  T H R E A D  ---------------

Current thread (0x000000001401b800):  JavaThread "C2 CompilerThread1" daemon [_thread_in_native, id=1728, stack(0x0000000016b80000,0x0000000016c80000)]

Stack: [0x0000000016b80000,0x0000000016c80000]
[error occurred during error reporting (printing stack bounds), id 0xc0000005]

Native frames: (J=compiled Java code, j=interpreted, Vv=VM code, C=native code)


Current CompileTask:
C2:   4425  925       4       org.objectweb.asm.ClassReader::a (3587 bytes)


---------------  P R O C E S S  ---------------

Java Threads: ( => current thread )
  0x0000000016409800 JavaThread "Service Thread" daemon [_thread_blocked, id=3116, stack(0x0000000016e80000,0x0000000016f80000)]
  0x000000001638c000 JavaThread "C1 CompilerThread3" daemon [_thread_blocked, id=13724, stack(0x0000000016d80000,0x0000000016e80000)]
  0x0000000016386800 JavaThread "C2 CompilerThread2" daemon [_thread_blocked, id=4616, stack(0x0000000016c80000,0x0000000016d80000)]
=>0x000000001401b800 JavaThread "C2 CompilerThread1" daemon [_thread_in_native, id=1728, stack(0x0000000016b80000,0x0000000016c80000)]
  0x0000000014019000 JavaThread "C2 CompilerThread0" daemon [_thread_blocked, id=12644, stack(0x0000000016a80000,0x0000000016b80000)]
  0x000000001637f000 JavaThread "Attach Listener" daemon [_thread_blocked, id=12936, stack(0x0000000016980000,0x0000000016a80000)]
  0x000000001632c000 JavaThread "Signal Dispatcher" daemon [_thread_blocked, id=1952, stack(0x0000000016880000,0x0000000016980000)]
  0x0000000016310800 JavaThread "Finalizer" daemon [_thread_blocked, id=5868, stack(0x00000000166f0000,0x00000000167f0000)]
  0x000000001400b000 JavaThread "Reference Handler" daemon [_thread_blocked, id=3764, stack(0x00000000161f0000,0x00000000162f0000)]
  0x000000000375d800 JavaThread "main" [_thread_in_native, id=13008, stack(0x0000000003560000,0x0000000003660000)]

Other Threads:
  0x0000000014005000 VMThread [stack: 0x00000000160f0000,0x00000000161f0000] [id=7524]
  0x000000001640a000 WatcherThread [stack: 0x0000000016f80000,0x0000000017080000] [id=5864]

VM state:not at safepoint (normal execution)

VM Mutex/Monitor currently owned by a thread: None

Heap:
 PSYoungGen      total 18944K, used 12642K [0x00000000feb00000, 0x0000000100000000, 0x0000000100000000)
  eden space 16384K, 61% used [0x00000000feb00000,0x00000000ff4dbce8,0x00000000ffb00000)
  from space 2560K, 99% used [0x00000000ffd80000,0x00000000ffffce10,0x0000000100000000)
  to   space 2560K, 0% used [0x00000000ffb00000,0x00000000ffb00000,0x00000000ffd80000)
 ParOldGen       total 44032K, used 5994K [0x00000000fc000000, 0x00000000feb00000, 0x00000000feb00000)
  object space 44032K, 13% used [0x00000000fc000000,0x00000000fc5da9d8,0x00000000feb00000)
 Metaspace       used 7707K, capacity 7846K, committed 8192K, reserved 1064960K
  class space    used 874K, capacity 957K, committed 1024K, reserved 1048576K

Card table byte_map: [0x0000000003670000,0x00000000036a0000] byte_map_base: 0x0000000002e90000

Marking Bits: (ParMarkBitMap*) 0x0000000066023950
 Begin Bits: [0x0000000013420000, 0x0000000013520000)
 End Bits:   [0x0000000013520000, 0x0000000013620000)

Polling page: 0x0000000001990000

CodeCache: size=245760Kb used=3891Kb max_used=3903Kb free=241869Kb
 bounds [0x0000000003860000, 0x0000000003c40000, 0x0000000012860000]
 total_blobs=1375 nmethods=1040 adapters=248
 compilation: disabled (not enough contiguous free space left)

Compilation events (10 events):
Event: 4.419 Thread 0x000000001638c000 nmethod 1041 0x0000000003c23210 code [0x0000000003c23380, 0x0000000003c235e8]
Event: 4.419 Thread 0x000000001638c000 1039       3       java.util.zip.CRC32::getValue (10 bytes)
Event: 4.419 Thread 0x000000001638c000 nmethod 1039 0x0000000003c22ed0 code [0x0000000003c23020, 0x0000000003c23190]
Event: 4.419 Thread 0x000000001638c000 1038       3       sun.util.calendar.CalendarDate::setLeapYear (6 bytes)
Event: 4.419 Thread 0x000000001638c000 nmethod 1038 0x0000000003c1bf90 code [0x0000000003c1c0e0, 0x0000000003c1c230]
Event: 4.419 Thread 0x000000001638c000 1040  s    3       java.io.BufferedOutputStream::write (67 bytes)
Event: 4.420 Thread 0x000000001638c000 nmethod 1040 0x0000000003c24250 code [0x0000000003c24420, 0x0000000003c24c78]
Event: 4.420 Thread 0x000000001638c000 1035       3       com.google.devtools.build.android.desugar.DefaultMethodClassFixer::visit (85 bytes)
Event: 4.420 Thread 0x000000001638c000 nmethod 1035 0x0000000003c27e90 code [0x0000000003c280a0, 0x0000000003c28b78]
Event: 4.420 Thread 0x000000001638c000 1036       3       com.google.devtools.build.android.desugar.LambdaDesugaring::visitEnd (363 bytes)

GC Heap History (4 events):
Event: 3.809 GC heap before
{Heap before GC invocations=1 (full 0):
 PSYoungGen      total 18944K, used 16384K [0x00000000feb00000, 0x0000000100000000, 0x0000000100000000)
  eden space 16384K, 100% used [0x00000000feb00000,0x00000000ffb00000,0x00000000ffb00000)
  from space 2560K, 0% used [0x00000000ffd80000,0x00000000ffd80000,0x0000000100000000)
  to   space 2560K, 0% used [0x00000000ffb00000,0x00000000ffb00000,0x00000000ffd80000)
 ParOldGen       total 44032K, used 0K [0x00000000fc000000, 0x00000000feb00000, 0x00000000feb00000)
  object space 44032K, 0% used [0x00000000fc000000,0x00000000fc000000,0x00000000feb00000)
 Metaspace       used 6650K, capacity 6804K, committed 7040K, reserved 1062912K
  class space    used 773K, capacity 824K, committed 896K, reserved 1048576K
Event: 3.812 GC heap after
Heap after GC invocations=1 (full 0):
 PSYoungGen      total 18944K, used 2537K [0x00000000feb00000, 0x0000000100000000, 0x0000000100000000)
  eden space 16384K, 0% used [0x00000000feb00000,0x00000000feb00000,0x00000000ffb00000)
  from space 2560K, 99% used [0x00000000ffb00000,0x00000000ffd7a620,0x00000000ffd80000)
  to   space 2560K, 0% used [0x00000000ffd80000,0x00000000ffd80000,0x0000000100000000)
 ParOldGen       total 44032K, used 1701K [0x00000000fc000000, 0x00000000feb00000, 0x00000000feb00000)
  object space 44032K, 3% used [0x00000000fc000000,0x00000000fc1a94e0,0x00000000feb00000)
 Metaspace       used 6650K, capacity 6804K, committed 7040K, reserved 1062912K
  class space    used 773K, capacity 824K, committed 896K, reserved 1048576K
}
Event: 4.167 GC heap before
{Heap before GC invocations=2 (full 0):
 PSYoungGen      total 18944K, used 18921K [0x00000000feb00000, 0x0000000100000000, 0x0000000100000000)
  eden space 16384K, 100% used [0x00000000feb00000,0x00000000ffb00000,0x00000000ffb00000)
  from space 2560K, 99% used [0x00000000ffb00000,0x00000000ffd7a620,0x00000000ffd80000)
  to   space 2560K, 0% used [0x00000000ffd80000,0x00000000ffd80000,0x0000000100000000)
 ParOldGen       total 44032K, used 1701K [0x00000000fc000000, 0x00000000feb00000, 0x00000000feb00000)
  object space 44032K, 3% used [0x00000000fc000000,0x00000000fc1a94e0,0x00000000feb00000)
 Metaspace       used 6979K, capacity 7110K, committed 7296K, reserved 1064960K
  class space    used 814K, capacity 861K, committed 896K, reserved 1048576K
Event: 4.175 GC heap after
Heap after GC invocations=2 (full 0):
 PSYoungGen      total 18944K, used 2547K [0x00000000feb00000, 0x0000000100000000, 0x0000000100000000)
  eden space 16384K, 0% used [0x00000000feb00000,0x00000000feb00000,0x00000000ffb00000)
  from space 2560K, 99% used [0x00000000ffd80000,0x00000000ffffce10,0x0000000100000000)
  to   space 2560K, 0% used [0x00000000ffb00000,0x00000000ffb00000,0x00000000ffd80000)
 ParOldGen       total 44032K, used 5994K [0x00000000fc000000, 0x00000000feb00000, 0x00000000feb00000)
  object space 44032K, 13% used [0x00000000fc000000,0x00000000fc5da9d8,0x00000000feb00000)
 Metaspace       used 6979K, capacity 7110K, committed 7296K, reserved 1064960K
  class space    used 814K, capacity 861K, committed 896K, reserved 1048576K
}

Deoptimization events (10 events):
Event: 3.828 Thread 0x000000000375d800 Uncommon trap: reason=unstable_if action=reinterpret pc=0x0000000003aa4fac method=java.util.zip.ZipCoder.decoder()Ljava/nio/charset/CharsetDecoder; @ 4
Event: 3.829 Thread 0x000000000375d800 Uncommon trap: reason=unstable_if action=reinterpret pc=0x0000000003a97cd8 method=java.util.zip.ZipCoder.decoder()Ljava/nio/charset/CharsetDecoder; @ 4
Event: 3.829 Thread 0x000000000375d800 Uncommon trap: reason=unstable_if action=reinterpret pc=0x0000000003a93980 method=java.util.zip.ZipCoder.decoder()Ljava/nio/charset/CharsetDecoder; @ 4
Event: 4.122 Thread 0x000000000375d800 Uncommon trap: reason=unloaded action=reinterpret pc=0x0000000003a98b3c method=java.util.zip.ZipEntry.setExtra0([BZ)V @ 37
Event: 4.334 Thread 0x000000000375d800 Uncommon trap: reason=unstable_if action=reinterpret pc=0x0000000003b88314 method=org.objectweb.asm.ClassReader.readUTF8(I[C)Ljava/lang/String; @ 7
Event: 4.374 Thread 0x000000000375d800 Uncommon trap: reason=unstable_if action=reinterpret pc=0x0000000003b71598 method=java.lang.String.<init>([CII)V @ 18
Event: 4.376 Thread 0x000000000375d800 Uncommon trap: reason=unstable_if action=reinterpret pc=0x0000000003a171f8 method=java.lang.String.<init>([CII)V @ 18
Event: 4.386 Thread 0x000000000375d800 Uncommon trap: reason=unstable_if action=reinterpret pc=0x0000000003b9dbb0 method=org.objectweb.asm.Type.getArgumentsAndReturnSizes(Ljava/lang/String;)I @ 41
Event: 4.388 Thread 0x000000000375d800 Uncommon trap: reason=unstable_if action=reinterpret pc=0x0000000003bf791c method=java.lang.String.<init>([CII)V @ 18
Event: 4.410 Thread 0x000000000375d800 Uncommon trap: reason=unstable_if action=reinterpret pc=0x0000000003bc6b78 method=org.objectweb.asm.MethodWriter.visitVarInsn(II)V @ 136

Classes redefined (0 events):
No events

Internal exceptions (10 events):
Event: 3.871 Thread 0x000000000375d800 Exception <a 'sun/nio/fs/WindowsException'> (0x00000000ff1fe0b8) thrown at [D:\src\AOSP-openjdk-cygwin\jdk8u\hotspot\src\share\vm\prims\jni.cpp, line 709]
Event: 3.871 Thread 0x000000000375d800 Exception <a 'sun/nio/fs/WindowsException'> (0x00000000ff1fe680) thrown at [D:\src\AOSP-openjdk-cygwin\jdk8u\hotspot\src\share\vm\prims\jni.cpp, line 709]
Event: 3.871 Thread 0x000000000375d800 Exception <a 'sun/nio/fs/WindowsException'> (0x00000000ff1fee40) thrown at [D:\src\AOSP-openjdk-cygwin\jdk8u\hotspot\src\share\vm\prims\jni.cpp, line 709]
Event: 3.871 Thread 0x000000000375d800 Exception <a 'sun/nio/fs/WindowsException'> (0x00000000ff1ff3e0) thrown at [D:\src\AOSP-openjdk-cygwin\jdk8u\hotspot\src\share\vm\prims\jni.cpp, line 709]
Event: 3.871 Thread 0x000000000375d800 Exception <a 'sun/nio/fs/WindowsException'> (0x00000000ff1ffb90) thrown at [D:\src\AOSP-openjdk-cygwin\jdk8u\hotspot\src\share\vm\prims\jni.cpp, line 709]
Event: 3.879 Thread 0x000000000375d800 Exception <a 'sun/nio/fs/WindowsException'> (0x00000000ff204ed0) thrown at [D:\src\AOSP-openjdk-cygwin\jdk8u\hotspot\src\share\vm\prims\jni.cpp, line 709]
Event: 4.180 Thread 0x000000000375d800 Exception <a 'sun/nio/fs/WindowsException'> (0x00000000feba7f08) thrown at [D:\src\AOSP-openjdk-cygwin\jdk8u\hotspot\src\share\vm\prims\jni.cpp, line 709]
Event: 4.180 Thread 0x000000000375d800 Exception <a 'sun/nio/fs/WindowsException'> (0x00000000feba8460) thrown at [D:\src\AOSP-openjdk-cygwin\jdk8u\hotspot\src\share\vm\prims\jni.cpp, line 709]
Event: 4.191 Thread 0x000000000375d800 Exception <a 'sun/nio/fs/WindowsException'> (0x00000000febb3c60) thrown at [D:\src\AOSP-openjdk-cygwin\jdk8u\hotspot\src\share\vm\prims\jni.cpp, line 709]
Event: 4.191 Thread 0x000000000375d800 Exception <a 'sun/nio/fs/WindowsException'> (0x00000000febb4138) thrown at [D:\src\AOSP-openjdk-cygwin\jdk8u\hotspot\src\share\vm\prims\jni.cpp, line 709]

Events (10 events):
Event: 4.387 loading class com/google/devtools/build/android/desugar/Java7Compatibility$InlineOneMethod
Event: 4.387 loading class com/google/devtools/build/android/desugar/Java7Compatibility$InlineOneMethod done
Event: 4.388 Thread 0x000000000375d800 Uncommon trap: trap_request=0xffffff65 fr.pc=0x0000000003bf791c
Event: 4.388 Thread 0x000000000375d800 DEOPT PACKING pc=0x0000000003bf791c sp=0x000000000365e7a0
Event: 4.388 Thread 0x000000000375d800 DEOPT UNPACKING pc=0x00000000038a556a sp=0x000000000365e660 mode 2
Event: 4.410 Thread 0x000000000375d800 Uncommon trap: trap_request=0xffffff65 fr.pc=0x0000000003bc6b78
Event: 4.410 Thread 0x000000000375d800 DEOPT PACKING pc=0x0000000003bc6b78 sp=0x000000000365eab0
Event: 4.410 Thread 0x000000000375d800 DEOPT UNPACKING pc=0x00000000038a556a sp=0x000000000365e9f8 mode 2
Event: 4.423 Executing VM operation: ForceSafepoint
Event: 4.424 Executing VM operation: ForceSafepoint done


Dynamic libraries:
0x00007ff77ed10000 - 0x00007ff77ed41000 	C:\Program Files\Android\Android Studio\jre\bin\java.exe
0x00007ffb91da0000 - 0x00007ffb91f81000 	C:\WINDOWS\SYSTEM32\ntdll.dll
0x00007ffb8f2e0000 - 0x00007ffb8f392000 	C:\WINDOWS\System32\KERNEL32.DLL
0x00007ffb8e250000 - 0x00007ffb8e4c3000 	C:\WINDOWS\System32\KERNELBASE.dll
0x00007ffb91a20000 - 0x00007ffb91ac1000 	C:\WINDOWS\System32\ADVAPI32.dll
0x00007ffb91200000 - 0x00007ffb9129e000 	C:\WINDOWS\System32\msvcrt.dll
0x00007ffb91b40000 - 0x00007ffb91b9b000 	C:\WINDOWS\System32\sechost.dll
0x00007ffb914a0000 - 0x00007ffb915c4000 	C:\WINDOWS\System32\RPCRT4.dll
0x00007ffb90b50000 - 0x00007ffb90ce0000 	C:\WINDOWS\System32\USER32.dll
0x00007ffb8eab0000 - 0x00007ffb8ead0000 	C:\WINDOWS\System32\win32u.dll
0x00007ffb91ba0000 - 0x00007ffb91bc8000 	C:\WINDOWS\System32\GDI32.dll
0x00007ffb8e910000 - 0x00007ffb8eaa2000 	C:\WINDOWS\System32\gdi32full.dll
0x00007ffb8e4d0000 - 0x00007ffb8e56f000 	C:\WINDOWS\System32\msvcp_win.dll
0x00007ffb8e810000 - 0x00007ffb8e90a000 	C:\WINDOWS\System32\ucrtbase.dll
0x00007ffb80fa0000 - 0x00007ffb81209000 	C:\WINDOWS\WinSxS\amd64_microsoft.windows.common-controls_6595b64144ccf1df_6.0.17134.48_none_b4b2216a3cb4dd3e\COMCTL32.dll
0x00007ffb91670000 - 0x00007ffb91993000 	C:\WINDOWS\System32\combase.dll
0x00007ffb8e1d0000 - 0x00007ffb8e24a000 	C:\WINDOWS\System32\bcryptPrimitives.dll
0x00007ffb91470000 - 0x00007ffb9149d000 	C:\WINDOWS\System32\IMM32.DLL
0x0000000065780000 - 0x0000000065852000 	C:\Program Files\Android\Android Studio\jre\jre\bin\msvcr100.dll
0x0000000065860000 - 0x000000006609e000 	C:\Program Files\Android\Android Studio\jre\jre\bin\server\jvm.dll
0x00007ffb90840000 - 0x00007ffb90848000 	C:\WINDOWS\System32\PSAPI.DLL
0x00007ffb8c240000 - 0x00007ffb8c263000 	C:\WINDOWS\SYSTEM32\WINMM.dll
0x00007ffb88260000 - 0x00007ffb8826a000 	C:\WINDOWS\SYSTEM32\VERSION.dll
0x00007ffb89f80000 - 0x00007ffb89f89000 	C:\WINDOWS\SYSTEM32\WSOCK32.dll
0x00007ffb91400000 - 0x00007ffb9146c000 	C:\WINDOWS\System32\WS2_32.dll
0x00007ffb8c120000 - 0x00007ffb8c14a000 	C:\WINDOWS\SYSTEM32\winmmbase.dll
0x00007ffb8f1e0000 - 0x00007ffb8f229000 	C:\WINDOWS\System32\cfgmgr32.dll
0x00007ffb87ea0000 - 0x00007ffb87eaf000 	C:\Program Files\Android\Android Studio\jre\jre\bin\verify.dll
0x00007ffb7eff0000 - 0x00007ffb7f019000 	C:\Program Files\Android\Android Studio\jre\jre\bin\java.dll
0x00007ffb7efd0000 - 0x00007ffb7efe6000 	C:\Program Files\Android\Android Studio\jre\jre\bin\zip.dll
0x00007ffb8f400000 - 0x00007ffb90840000 	C:\WINDOWS\System32\SHELL32.dll
0x00007ffb8f230000 - 0x00007ffb8f2d9000 	C:\WINDOWS\System32\shcore.dll
0x00007ffb8ead0000 - 0x00007ffb8f1dd000 	C:\WINDOWS\System32\windows.storage.dll
0x00007ffb91ae0000 - 0x00007ffb91b31000 	C:\WINDOWS\System32\shlwapi.dll
0x00007ffb8e150000 - 0x00007ffb8e161000 	C:\WINDOWS\System32\kernel.appcore.dll
0x00007ffb8e130000 - 0x00007ffb8e14f000 	C:\WINDOWS\System32\profapi.dll
0x00007ffb8e0b0000 - 0x00007ffb8e0fc000 	C:\WINDOWS\System32\powrprof.dll
0x00007ffb8e120000 - 0x00007ffb8e12a000 	C:\WINDOWS\System32\FLTLIB.DLL
0x00007ffb8dae0000 - 0x00007ffb8daf7000 	C:\WINDOWS\SYSTEM32\CRYPTSP.dll
0x00007ffb8d510000 - 0x00007ffb8d543000 	C:\WINDOWS\system32\rsaenh.dll
0x00007ffb8dc10000 - 0x00007ffb8dc35000 	C:\WINDOWS\SYSTEM32\bcrypt.dll
0x00007ffb8dfe0000 - 0x00007ffb8e008000 	C:\WINDOWS\SYSTEM32\USERENV.dll
0x00007ffb8db00000 - 0x00007ffb8db0b000 	C:\WINDOWS\SYSTEM32\CRYPTBASE.dll
0x00007ffb7ee40000 - 0x00007ffb7ee5a000 	C:\Program Files\Android\Android Studio\jre\jre\bin\net.dll
0x00007ffb8d930000 - 0x00007ffb8d996000 	C:\WINDOWS\system32\mswsock.dll
0x00007ffb8d6b0000 - 0x00007ffb8d6e8000 	C:\WINDOWS\SYSTEM32\IPHLPAPI.DLL
0x00007ffb91390000 - 0x00007ffb91398000 	C:\WINDOWS\System32\NSI.dll
0x00007ffb86ca0000 - 0x00007ffb86cb6000 	C:\WINDOWS\SYSTEM32\dhcpcsvc6.DLL
0x00007ffb86c80000 - 0x00007ffb86c9a000 	C:\WINDOWS\SYSTEM32\dhcpcsvc.DLL
0x00007ffb7f940000 - 0x00007ffb7f951000 	C:\Program Files\Android\Android Studio\jre\jre\bin\nio.dll

VM Arguments:
jvm_args: -Djava.awt.headless=true -Xmx64M -Dfile.encoding=x-windows-949 -Duser.country=KR -Duser.language=ko -Duser.variant 
java_command: com.google.devtools.build.android.desugar.Desugar @D:\test\app\build\intermediates\tmp\desugar_args3843763040385630218
java_class_path (initial): C:\Users\Goo\AppData\Local\Temp\desugar_deploy.jar2272940733005893083
Launcher Type: SUN_STANDARD

Environment Variables:
PATH=C:\ProgramData\Oracle\Java\javapath;C:\WINDOWS\system32;C:\WINDOWS;C:\WINDOWS\System32\Wbem;C:\WINDOWS\System32\WindowsPowerShell\v1.0\;C:\OpenSSL;;C:\WINDOWS\System32\OpenSSH\;C:\Users\Goo\AppData\Local\Microsoft\WindowsApps;
USERNAME=Goo
OS=Windows_NT
PROCESSOR_IDENTIFIER=Intel64 Family 6 Model 158 Stepping 9, GenuineIntel



---------------  S Y S T E M  ---------------

OS: Windows 10.0 , 64 bit Build 17134 (10.0.17134.1)

CPU:total 8 (initial active 8) (4 cores per cpu, 2 threads per core) family 6 model 158 stepping 9, cmov, cx8, fxsr, mmx, sse, sse2, sse3, ssse3, sse4.1, sse4.2, popcnt, avx, avx2, aes, clmul, erms, 3dnowpref, lzcnt, ht, tsc, tscinvbit, bmi1, bmi2, adx

Memory: 4k page, physical 16692940k(2985444k free), swap 16692940k(3836k free)

vm_info: OpenJDK 64-Bit Server VM (25.152-b01) for windows-amd64 JRE (1.8.0_152-release-915-b01), built by "builder" with MS VC++ 10.0 (VS2010)

time: Wed Jun 06 20:42:06 2018
elapsed time: 4 seconds (0d 0h 0m 4s)

