#
# There is insufficient memory for the Java Runtime Environment to continue.
# Native memory allocation (malloc) failed to allocate 1727616 bytes for Chunk::new
# Possible reasons:
#   The system is out of physical RAM or swap space
#   In 32 bit mode, the process size limit was hit
# Possible solutions:
#   Reduce memory load on the system
#   Increase physical memory or swap space
#   Check if swap backing store is full
#   Use 64 bit Java on a 64 bit OS
#   Decrease Java heap size (-Xmx/-Xms)
#   Decrease number of Java threads
#   Decrease Java thread stack sizes (-Xss)
#   Set larger code cache with -XX:ReservedCodeCacheSize=
# This output file may be truncated or incomplete.
#
#  Out of Memory Error (allocation.cpp:390), pid=4928, tid=0x00000000000007d0
#
# JRE version: OpenJDK Runtime Environment (8.0_152-b01) (build 1.8.0_152-release-915-b01)
# Java VM: OpenJDK 64-Bit Server VM (25.152-b01 mixed mode windows-amd64 compressed oops)
# Failed to write core dump. Minidumps are not enabled by default on client versions of Windows
#

---------------  T H R E A D  ---------------

Current thread (0x00000000159e3000):  JavaThread "C2 CompilerThread2" daemon [_thread_in_native, id=2000, stack(0x0000000016290000,0x0000000016390000)]

Stack: [0x0000000016290000,0x0000000016390000]
[error occurred during error reporting (printing stack bounds), id 0xc0000005]

Native frames: (J=compiled Java code, j=interpreted, Vv=VM code, C=native code)


Current CompileTask:
C2:   4398 1076       4       org.objectweb.asm.ClassReader::a (3587 bytes)


---------------  P R O C E S S  ---------------

Java Threads: ( => current thread )
  0x00000000159e9000 JavaThread "Service Thread" daemon [_thread_blocked, id=12056, stack(0x0000000016490000,0x0000000016590000)]
  0x00000000159e5800 JavaThread "C1 CompilerThread3" daemon [_thread_blocked, id=7864, stack(0x0000000016390000,0x0000000016490000)]
=>0x00000000159e3000 JavaThread "C2 CompilerThread2" daemon [_thread_in_native, id=2000, stack(0x0000000016290000,0x0000000016390000)]
  0x00000000159db800 JavaThread "C2 CompilerThread1" daemon [_thread_blocked, id=14320, stack(0x0000000016190000,0x0000000016290000)]
  0x000000001593b800 JavaThread "C2 CompilerThread0" daemon [_thread_blocked, id=14268, stack(0x0000000016090000,0x0000000016190000)]
  0x000000001593a000 JavaThread "Attach Listener" daemon [_thread_blocked, id=11980, stack(0x0000000015f90000,0x0000000016090000)]
  0x0000000015990000 JavaThread "Signal Dispatcher" daemon [_thread_blocked, id=13156, stack(0x0000000015e90000,0x0000000015f90000)]
  0x000000000328e000 JavaThread "Finalizer" daemon [_thread_blocked, id=7408, stack(0x0000000015d00000,0x0000000015e00000)]
  0x0000000003287000 JavaThread "Reference Handler" daemon [_thread_blocked, id=8212, stack(0x0000000015800000,0x0000000015900000)]
  0x0000000002f8d800 JavaThread "main" [_thread_blocked, id=10768, stack(0x0000000003090000,0x0000000003190000)]

Other Threads:
  0x0000000013a35800 VMThread [stack: 0x0000000015700000,0x0000000015800000] [id=952]
  0x00000000159ed800 WatcherThread [stack: 0x0000000016590000,0x0000000016690000] [id=10068]

VM state:at safepoint (normal execution)

VM Mutex/Monitor currently owned by a thread:  ([mutex/lock_event])
[0x0000000002f8cd70] Threads_lock - owner thread: 0x0000000013a35800
[0x0000000002f8ca70] Heap_lock - owner thread: 0x0000000002f8d800

Heap:
 PSYoungGen      total 18944K, used 18929K [0x00000000feb00000, 0x0000000100000000, 0x0000000100000000)
  eden space 16384K, 100% used [0x00000000feb00000,0x00000000ffb00000,0x00000000ffb00000)
  from space 2560K, 99% used [0x00000000ffb00000,0x00000000ffd7c4a0,0x00000000ffd80000)
  to   space 2560K, 99% used [0x00000000ffd80000,0x00000000ffffc490,0x0000000100000000)
 ParOldGen       total 44032K, used 7514K [0x00000000fc000000, 0x00000000feb00000, 0x00000000feb00000)
  object space 44032K, 17% used [0x00000000fc000000,0x00000000fc7568b0,0x00000000feb00000)
 Metaspace       used 7730K, capacity 7914K, committed 8192K, reserved 1056768K
  class space    used 875K, capacity 957K, committed 1024K, reserved 1048576K

Card table byte_map: [0x0000000002f00000,0x0000000002f30000] byte_map_base: 0x0000000002720000

Marking Bits: (ParMarkBitMap*) 0x0000000066b93950
 Begin Bits: [0x0000000012e50000, 0x0000000012f50000)
 End Bits:   [0x0000000012f50000, 0x0000000013050000)

Polling page: 0x0000000000bf0000

CodeCache: size=245760Kb used=4384Kb max_used=4384Kb free=241375Kb
 bounds [0x0000000003290000, 0x00000000036e0000, 0x0000000012290000]
 total_blobs=1499 nmethods=1164 adapters=248
 compilation: enabled

Compilation events (10 events):
Event: 4.094 Thread 0x00000000159e5800 1165       3       org.objectweb.asm.MethodWriter::visitTryCatchBlock (99 bytes)
Event: 4.094 Thread 0x00000000159e5800 nmethod 1165 0x00000000036d6710 code [0x00000000036d68a0, 0x00000000036d6d48]
Event: 4.094 Thread 0x00000000159e5800 1166       3       org.objectweb.asm.Handler::<init> (5 bytes)
Event: 4.094 Thread 0x00000000159e5800 nmethod 1166 0x00000000036d6f90 code [0x00000000036d70e0, 0x00000000036d7290]
Event: 4.094 Thread 0x00000000159e5800 1162       3       com.google.devtools.build.android.desugar.InterfaceDesugaring::<init> (18 bytes)
Event: 4.094 Thread 0x00000000159e5800 nmethod 1162 0x00000000036d7350 code [0x00000000036d74c0, 0x00000000036d7730]
Event: 4.096 Thread 0x00000000159e5800 1168   !   3       com.google.devtools.build.android.desugar.ClassReaderFactory::readIfKnown (183 bytes)
Event: 4.098 Thread 0x00000000159e5800 nmethod 1168 0x00000000036d7850 code [0x00000000036d7be0, 0x00000000036d9a78]
Event: 4.098 Thread 0x00000000159e5800 1170       3       org.objectweb.asm.AnnotationWriter::a (109 bytes)
Event: 4.099 Thread 0x00000000159e5800 nmethod 1170 0x00000000036daf90 code [0x00000000036db140, 0x00000000036db5f8]

GC Heap History (7 events):
Event: 1.068 GC heap before
{Heap before GC invocations=1 (full 0):
 PSYoungGen      total 18944K, used 16384K [0x00000000feb00000, 0x0000000100000000, 0x0000000100000000)
  eden space 16384K, 100% used [0x00000000feb00000,0x00000000ffb00000,0x00000000ffb00000)
  from space 2560K, 0% used [0x00000000ffd80000,0x00000000ffd80000,0x0000000100000000)
  to   space 2560K, 0% used [0x00000000ffb00000,0x00000000ffb00000,0x00000000ffd80000)
 ParOldGen       total 44032K, used 0K [0x00000000fc000000, 0x00000000feb00000, 0x00000000feb00000)
  object space 44032K, 0% used [0x00000000fc000000,0x00000000fc000000,0x00000000feb00000)
 Metaspace       used 6623K, capacity 6744K, committed 7040K, reserved 1056768K
  class space    used 773K, capacity 824K, committed 896K, reserved 1048576K
Event: 1.111 GC heap after
Heap after GC invocations=1 (full 0):
 PSYoungGen      total 18944K, used 2553K [0x00000000feb00000, 0x0000000100000000, 0x0000000100000000)
  eden space 16384K, 0% used [0x00000000feb00000,0x00000000feb00000,0x00000000ffb00000)
  from space 2560K, 99% used [0x00000000ffb00000,0x00000000ffd7e630,0x00000000ffd80000)
  to   space 2560K, 0% used [0x00000000ffd80000,0x00000000ffd80000,0x0000000100000000)
 ParOldGen       total 44032K, used 1388K [0x00000000fc000000, 0x00000000feb00000, 0x00000000feb00000)
  object space 44032K, 3% used [0x00000000fc000000,0x00000000fc15b160,0x00000000feb00000)
 Metaspace       used 6623K, capacity 6744K, committed 7040K, reserved 1056768K
  class space    used 773K, capacity 824K, committed 896K, reserved 1048576K
}
Event: 1.545 GC heap before
{Heap before GC invocations=2 (full 0):
 PSYoungGen      total 18944K, used 18937K [0x00000000feb00000, 0x0000000100000000, 0x0000000100000000)
  eden space 16384K, 100% used [0x00000000feb00000,0x00000000ffb00000,0x00000000ffb00000)
  from space 2560K, 99% used [0x00000000ffb00000,0x00000000ffd7e630,0x00000000ffd80000)
  to   space 2560K, 0% used [0x00000000ffd80000,0x00000000ffd80000,0x0000000100000000)
 ParOldGen       total 44032K, used 1388K [0x00000000fc000000, 0x00000000feb00000, 0x00000000feb00000)
  object space 44032K, 3% used [0x00000000fc000000,0x00000000fc15b160,0x00000000feb00000)
 Metaspace       used 6967K, capacity 7114K, committed 7296K, reserved 1056768K
  class space    used 816K, capacity 861K, committed 896K, reserved 1048576K
Event: 1.579 GC heap after
Heap after GC invocations=2 (full 0):
 PSYoungGen      total 18944K, used 2547K [0x00000000feb00000, 0x0000000100000000, 0x0000000100000000)
  eden space 16384K, 0% used [0x00000000feb00000,0x00000000feb00000,0x00000000ffb00000)
  from space 2560K, 99% used [0x00000000ffd80000,0x00000000ffffce20,0x0000000100000000)
  to   space 2560K, 0% used [0x00000000ffb00000,0x00000000ffb00000,0x00000000ffd80000)
 ParOldGen       total 44032K, used 5745K [0x00000000fc000000, 0x00000000feb00000, 0x00000000feb00000)
  object space 44032K, 13% used [0x00000000fc000000,0x00000000fc59c648,0x00000000feb00000)
 Metaspace       used 6967K, capacity 7114K, committed 7296K, reserved 1056768K
  class space    used 816K, capacity 861K, committed 896K, reserved 1048576K
}
Event: 2.928 GC heap before
{Heap before GC invocations=3 (full 0):
 PSYoungGen      total 18944K, used 18931K [0x00000000feb00000, 0x0000000100000000, 0x0000000100000000)
  eden space 16384K, 100% used [0x00000000feb00000,0x00000000ffb00000,0x00000000ffb00000)
  from space 2560K, 99% used [0x00000000ffd80000,0x00000000ffffce20,0x0000000100000000)
  to   space 2560K, 0% used [0x00000000ffb00000,0x00000000ffb00000,0x00000000ffd80000)
 ParOldGen       total 44032K, used 5745K [0x00000000fc000000, 0x00000000feb00000, 0x00000000feb00000)
  object space 44032K, 13% used [0x00000000fc000000,0x00000000fc59c648,0x00000000feb00000)
 Metaspace       used 7681K, capacity 7850K, committed 7936K, reserved 1056768K
  class space    used 875K, capacity 957K, committed 1024K, reserved 1048576K
Event: 2.989 GC heap after
Heap after GC invocations=3 (full 0):
 PSYoungGen      total 18944K, used 2545K [0x00000000feb00000, 0x0000000100000000, 0x0000000100000000)
  eden space 16384K, 0% used [0x00000000feb00000,0x00000000feb00000,0x00000000ffb00000)
  from space 2560K, 99% used [0x00000000ffb00000,0x00000000ffd7c4a0,0x00000000ffd80000)
  to   space 2560K, 0% used [0x00000000ffd80000,0x00000000ffd80000,0x0000000100000000)
 ParOldGen       total 44032K, used 6944K [0x00000000fc000000, 0x00000000feb00000, 0x00000000feb00000)
  object space 44032K, 15% used [0x00000000fc000000,0x00000000fc6c8090,0x00000000feb00000)
 Metaspace       used 7681K, capacity 7850K, committed 7936K, reserved 1056768K
  class space    used 875K, capacity 957K, committed 1024K, reserved 1048576K
}
Event: 4.099 GC heap before
{Heap before GC invocations=4 (full 0):
 PSYoungGen      total 18944K, used 18929K [0x00000000feb00000, 0x0000000100000000, 0x0000000100000000)
  eden space 16384K, 100% used [0x00000000feb00000,0x00000000ffb00000,0x00000000ffb00000)
  from space 2560K, 99% used [0x00000000ffb00000,0x00000000ffd7c4a0,0x00000000ffd80000)
  to   space 2560K, 0% used [0x00000000ffd80000,0x00000000ffd80000,0x0000000100000000)
 ParOldGen       total 44032K, used 6944K [0x00000000fc000000, 0x00000000feb00000, 0x00000000feb00000)
  object space 44032K, 15% used [0x00000000fc000000,0x00000000fc6c8090,0x00000000feb00000)
 Metaspace       used 7730K, capacity 7914K, committed 8192K, reserved 1056768K
  class space    used 875K, capacity 957K, committed 1024K, reserved 1048576K

Deoptimization events (10 events):
Event: 2.708 Thread 0x0000000002f8d800 Uncommon trap: reason=unstable_if action=reinterpret pc=0x00000000035f481c method=org.objectweb.asm.Type.getArgumentsAndReturnSizes(Ljava/lang/String;)I @ 130
Event: 3.015 Thread 0x0000000002f8d800 Uncommon trap: reason=unstable_if action=reinterpret pc=0x0000000003644674 method=org.objectweb.asm.tree.MethodNode.getLabelNodes([Ljava/lang/Object;)[Ljava/lang/Object; @ 24
Event: 3.730 Thread 0x0000000002f8d800 Uncommon trap: reason=null_check action=make_not_entrant pc=0x000000000367405c method=com.google.devtools.build.android.desugar.InterfaceDesugaring$InterfaceInvocationRewriter.visitMethodInsn(ILjava/lang/String;Ljava/lang/String;Ljava/lang/String;Z)V @ 10
Event: 3.750 Thread 0x0000000002f8d800 Uncommon trap: reason=class_check action=maybe_recompile pc=0x0000000003613998 method=org.objectweb.asm.MethodVisitor.visitVarInsn(II)V @ 13
Event: 3.750 Thread 0x0000000002f8d800 Uncommon trap: reason=class_check action=maybe_recompile pc=0x0000000003613998 method=org.objectweb.asm.MethodVisitor.visitVarInsn(II)V @ 13
Event: 3.750 Thread 0x0000000002f8d800 Uncommon trap: reason=class_check action=maybe_recompile pc=0x0000000003613998 method=org.objectweb.asm.MethodVisitor.visitVarInsn(II)V @ 13
Event: 3.750 Thread 0x0000000002f8d800 Uncommon trap: reason=class_check action=maybe_recompile pc=0x0000000003613998 method=org.objectweb.asm.MethodVisitor.visitVarInsn(II)V @ 13
Event: 3.750 Thread 0x0000000002f8d800 Uncommon trap: reason=class_check action=maybe_recompile pc=0x00000000035e2c2c method=org.objectweb.asm.MethodVisitor.visitVarInsn(II)V @ 13
Event: 4.081 Thread 0x0000000002f8d800 Uncommon trap: reason=unstable_if action=reinterpret pc=0x00000000036c7710 method=org.objectweb.asm.MethodWriter.visitVarInsn(II)V @ 136
Event: 4.081 Thread 0x0000000002f8d800 Uncommon trap: reason=unstable_if action=reinterpret pc=0x0000000003629c64 method=org.objectweb.asm.MethodWriter.visitFieldInsn(ILjava/lang/String;Ljava/lang/String;Ljava/lang/String;)V @ 200

Classes redefined (0 events):
No events

Internal exceptions (10 events):
Event: 1.612 Thread 0x0000000002f8d800 Exception <a 'sun/nio/fs/WindowsException'> (0x00000000febe2dd8) thrown at [D:\src\AOSP-openjdk-cygwin\jdk8u\hotspot\src\share\vm\prims\jni.cpp, line 709]
Event: 3.098 Thread 0x0000000002f8d800 Exception <a 'sun/nio/fs/WindowsException'> (0x00000000fee2c4c0) thrown at [D:\src\AOSP-openjdk-cygwin\jdk8u\hotspot\src\share\vm\prims\jni.cpp, line 709]
Event: 3.098 Thread 0x0000000002f8d800 Exception <a 'sun/nio/fs/WindowsException'> (0x00000000fee2c998) thrown at [D:\src\AOSP-openjdk-cygwin\jdk8u\hotspot\src\share\vm\prims\jni.cpp, line 709]
Event: 3.255 Thread 0x0000000002f8d800 Exception <a 'sun/nio/fs/WindowsException'> (0x00000000fee2fe58) thrown at [D:\src\AOSP-openjdk-cygwin\jdk8u\hotspot\src\share\vm\prims\jni.cpp, line 709]
Event: 3.255 Thread 0x0000000002f8d800 Exception <a 'sun/nio/fs/WindowsException'> (0x00000000fee30330) thrown at [D:\src\AOSP-openjdk-cygwin\jdk8u\hotspot\src\share\vm\prims\jni.cpp, line 709]
Event: 3.396 Thread 0x0000000002f8d800 Exception <a 'sun/nio/fs/WindowsException'> (0x00000000fee337f0) thrown at [D:\src\AOSP-openjdk-cygwin\jdk8u\hotspot\src\share\vm\prims\jni.cpp, line 709]
Event: 3.403 Thread 0x0000000002f8d800 Exception <a 'sun/nio/fs/WindowsException'> (0x00000000fee33cc8) thrown at [D:\src\AOSP-openjdk-cygwin\jdk8u\hotspot\src\share\vm\prims\jni.cpp, line 709]
Event: 3.693 Thread 0x0000000002f8d800 Exception <a 'sun/nio/fs/WindowsException'> (0x00000000fee37180) thrown at [D:\src\AOSP-openjdk-cygwin\jdk8u\hotspot\src\share\vm\prims\jni.cpp, line 709]
Event: 3.693 Thread 0x0000000002f8d800 Exception <a 'sun/nio/fs/WindowsException'> (0x00000000fee37658) thrown at [D:\src\AOSP-openjdk-cygwin\jdk8u\hotspot\src\share\vm\prims\jni.cpp, line 709]
Event: 3.730 Thread 0x0000000002f8d800 Implicit null exception at 0x0000000003673d6a to 0x0000000003674039

Events (10 events):
Event: 4.081 Thread 0x0000000002f8d800 DEOPT UNPACKING pc=0x00000000032d556a sp=0x000000000318e970 mode 2
Event: 4.087 Thread 0x0000000002f8d800 DEOPT PACKING pc=0x00000000035793d8 sp=0x000000000318e970
Event: 4.087 Thread 0x0000000002f8d800 DEOPT UNPACKING pc=0x00000000032d75bf sp=0x000000000318e920 mode 0
Event: 4.089 Thread 0x0000000002f8d800 DEOPT PACKING pc=0x00000000035793d8 sp=0x000000000318e970
Event: 4.089 Thread 0x0000000002f8d800 DEOPT UNPACKING pc=0x00000000032d75bf sp=0x000000000318e920 mode 0
Event: 4.093 Thread 0x0000000002f8d800 DEOPT PACKING pc=0x00000000035793d8 sp=0x000000000318e970
Event: 4.093 Thread 0x0000000002f8d800 DEOPT UNPACKING pc=0x00000000032d75bf sp=0x000000000318e920 mode 0
Event: 4.099 Thread 0x0000000002f8d800 DEOPT PACKING pc=0x00000000035793d8 sp=0x000000000318e970
Event: 4.099 Thread 0x0000000002f8d800 DEOPT UNPACKING pc=0x00000000032d75bf sp=0x000000000318e920 mode 0
Event: 4.099 Executing VM operation: ParallelGCFailedAllocation


Dynamic libraries:
0x00007ff6355d0000 - 0x00007ff635601000 	C:\Program Files\Android\Android Studio\jre\bin\java.exe
0x00007ffba9340000 - 0x00007ffba9521000 	C:\WINDOWS\SYSTEM32\ntdll.dll
0x00007ffba6ca0000 - 0x00007ffba6d52000 	C:\WINDOWS\System32\KERNEL32.DLL
0x00007ffba6070000 - 0x00007ffba62e3000 	C:\WINDOWS\System32\KERNELBASE.dll
0x00007ffba9260000 - 0x00007ffba9301000 	C:\WINDOWS\System32\ADVAPI32.dll
0x00007ffba77b0000 - 0x00007ffba784e000 	C:\WINDOWS\System32\msvcrt.dll
0x00007ffba71b0000 - 0x00007ffba720b000 	C:\WINDOWS\System32\sechost.dll
0x00007ffba7580000 - 0x00007ffba76a4000 	C:\WINDOWS\System32\RPCRT4.dll
0x00007ffba7ac0000 - 0x00007ffba7c50000 	C:\WINDOWS\System32\USER32.dll
0x00007ffba5790000 - 0x00007ffba57b0000 	C:\WINDOWS\System32\win32u.dll
0x00007ffba67e0000 - 0x00007ffba6808000 	C:\WINDOWS\System32\GDI32.dll
0x00007ffba6530000 - 0x00007ffba66c2000 	C:\WINDOWS\System32\gdi32full.dll
0x00007ffba5fd0000 - 0x00007ffba606f000 	C:\WINDOWS\System32\msvcp_win.dll
0x00007ffba66d0000 - 0x00007ffba67ca000 	C:\WINDOWS\System32\ucrtbase.dll
0x00007ffb93ad0000 - 0x00007ffb93d39000 	C:\WINDOWS\WinSxS\amd64_microsoft.windows.common-controls_6595b64144ccf1df_6.0.17134.48_none_b4b2216a3cb4dd3e\COMCTL32.dll
0x00007ffba6810000 - 0x00007ffba6b33000 	C:\WINDOWS\System32\combase.dll
0x00007ffba5710000 - 0x00007ffba578a000 	C:\WINDOWS\System32\bcryptPrimitives.dll
0x00007ffba9090000 - 0x00007ffba90bd000 	C:\WINDOWS\System32\IMM32.DLL
0x0000000069430000 - 0x0000000069502000 	C:\Program Files\Android\Android Studio\jre\jre\bin\msvcr100.dll
0x00000000663d0000 - 0x0000000066c0e000 	C:\Program Files\Android\Android Studio\jre\jre\bin\server\jvm.dll
0x00007ffba91d0000 - 0x00007ffba91d8000 	C:\WINDOWS\System32\PSAPI.DLL
0x00007ffb95780000 - 0x00007ffb957a3000 	C:\WINDOWS\SYSTEM32\WINMM.dll
0x00007ffba3a00000 - 0x00007ffba3a09000 	C:\WINDOWS\SYSTEM32\WSOCK32.dll
0x00007ffba7510000 - 0x00007ffba757c000 	C:\WINDOWS\System32\WS2_32.dll
0x00007ffb9d7c0000 - 0x00007ffb9d7ca000 	C:\WINDOWS\SYSTEM32\VERSION.dll
0x00007ffb95570000 - 0x00007ffb9559a000 	C:\WINDOWS\SYSTEM32\WINMMBASE.dll
0x00007ffba64e0000 - 0x00007ffba6529000 	C:\WINDOWS\System32\cfgmgr32.dll
0x00007ffba1ea0000 - 0x00007ffba1eaf000 	C:\Program Files\Android\Android Studio\jre\jre\bin\verify.dll
0x00007ffba19b0000 - 0x00007ffba19d9000 	C:\Program Files\Android\Android Studio\jre\jre\bin\java.dll
0x00007ffba1990000 - 0x00007ffba19a6000 	C:\Program Files\Android\Android Studio\jre\jre\bin\zip.dll
0x00007ffba7c50000 - 0x00007ffba9090000 	C:\WINDOWS\System32\SHELL32.dll
0x00007ffba9120000 - 0x00007ffba91c9000 	C:\WINDOWS\System32\shcore.dll
0x00007ffba58c0000 - 0x00007ffba5fcd000 	C:\WINDOWS\System32\windows.storage.dll
0x00007ffba90c0000 - 0x00007ffba9111000 	C:\WINDOWS\System32\shlwapi.dll
0x00007ffba5680000 - 0x00007ffba5691000 	C:\WINDOWS\System32\kernel.appcore.dll
0x00007ffba56f0000 - 0x00007ffba570f000 	C:\WINDOWS\System32\profapi.dll
0x00007ffba56a0000 - 0x00007ffba56ec000 	C:\WINDOWS\System32\powrprof.dll
0x00007ffba5650000 - 0x00007ffba565a000 	C:\WINDOWS\System32\FLTLIB.DLL
0x00007ffba5080000 - 0x00007ffba5097000 	C:\WINDOWS\SYSTEM32\CRYPTSP.dll
0x00007ffba4ab0000 - 0x00007ffba4ae3000 	C:\WINDOWS\system32\rsaenh.dll
0x00007ffba51b0000 - 0x00007ffba51d5000 	C:\WINDOWS\SYSTEM32\bcrypt.dll
0x00007ffba5580000 - 0x00007ffba55a8000 	C:\WINDOWS\SYSTEM32\USERENV.dll
0x00007ffba50a0000 - 0x00007ffba50ab000 	C:\WINDOWS\SYSTEM32\CRYPTBASE.dll
0x00007ffba18c0000 - 0x00007ffba18da000 	C:\Program Files\Android\Android Studio\jre\jre\bin\net.dll
0x00007ffba4ed0000 - 0x00007ffba4f36000 	C:\WINDOWS\system32\mswsock.dll
0x00007ffba4c50000 - 0x00007ffba4c88000 	C:\WINDOWS\SYSTEM32\IPHLPAPI.DLL
0x00007ffba7430000 - 0x00007ffba7438000 	C:\WINDOWS\System32\NSI.dll
0x00007ffb9a1f0000 - 0x00007ffb9a206000 	C:\WINDOWS\SYSTEM32\dhcpcsvc6.DLL
0x00007ffb9a120000 - 0x00007ffb9a13a000 	C:\WINDOWS\SYSTEM32\dhcpcsvc.DLL
0x00007ffba18a0000 - 0x00007ffba18b1000 	C:\Program Files\Android\Android Studio\jre\jre\bin\nio.dll

VM Arguments:
jvm_args: -Djava.awt.headless=true -Xmx64M -Dfile.encoding=x-windows-949 -Duser.country=KR -Duser.language=ko -Duser.variant 
java_command: com.google.devtools.build.android.desugar.Desugar @D:\test\app\build\intermediates\tmp\desugar_args1009178919373391989
java_class_path (initial): C:\Users\Goo\AppData\Local\Temp\desugar_deploy.jar5417279862617654825
Launcher Type: SUN_STANDARD

Environment Variables:
PATH=C:\ProgramData\Oracle\Java\javapath;C:\WINDOWS\system32;C:\WINDOWS;C:\WINDOWS\System32\Wbem;C:\WINDOWS\System32\WindowsPowerShell\v1.0\;C:\OpenSSL;;C:\WINDOWS\System32\OpenSSH\;C:\Users\Goo\AppData\Local\Microsoft\WindowsApps;
USERNAME=Goo
OS=Windows_NT
PROCESSOR_IDENTIFIER=Intel64 Family 6 Model 158 Stepping 9, GenuineIntel



---------------  S Y S T E M  ---------------

OS: Windows 10.0 , 64 bit Build 17134 (10.0.17134.1)

CPU:total 8 (initial active 8) (4 cores per cpu, 2 threads per core) family 6 model 158 stepping 9, cmov, cx8, fxsr, mmx, sse, sse2, sse3, ssse3, sse4.1, sse4.2, popcnt, avx, avx2, aes, clmul, erms, 3dnowpref, lzcnt, ht, tsc, tscinvbit, bmi1, bmi2, adx

Memory: 4k page, physical 16692940k(5156824k free), swap 16692940k(7352k free)

vm_info: OpenJDK 64-Bit Server VM (25.152-b01) for windows-amd64 JRE (1.8.0_152-release-915-b01), built by "builder" with MS VC++ 10.0 (VS2010)

time: Wed May 30 03:14:30 2018
elapsed time: 4 seconds (0d 0h 0m 4s)

