#
# There is insufficient memory for the Java Runtime Environment to continue.
# Native memory allocation (malloc) failed to allocate 34768 bytes for Chunk::new
# Possible reasons:
#   The system is out of physical RAM or swap space
#   In 32 bit mode, the process size limit was hit
# Possible solutions:
#   Reduce memory load on the system
#   Increase physical memory or swap space
#   Check if swap backing store is full
#   Use 64 bit Java on a 64 bit OS
#   Decrease Java heap size (-Xmx/-Xms)
#   Decrease number of Java threads
#   Decrease Java thread stack sizes (-Xss)
#   Set larger code cache with -XX:ReservedCodeCacheSize=
# This output file may be truncated or incomplete.
#
#  Out of Memory Error (allocation.cpp:390), pid=10764, tid=0x0000000000003328
#
# JRE version: OpenJDK Runtime Environment (8.0_152-b01) (build 1.8.0_152-release-915-b01)
# Java VM: OpenJDK 64-Bit Server VM (25.152-b01 mixed mode windows-amd64 compressed oops)
# Failed to write core dump. Minidumps are not enabled by default on client versions of Windows
#

---------------  T H R E A D  ---------------

Current thread (0x000000001544c000):  JavaThread "C2 CompilerThread1" daemon [_thread_in_native, id=13096, stack(0x0000000015bc0000,0x0000000015cc0000)]

Stack: [0x0000000015bc0000,0x0000000015cc0000]
[error occurred during error reporting (printing stack bounds), id 0xc0000005]

Native frames: (J=compiled Java code, j=interpreted, Vv=VM code, C=native code)


Current CompileTask:
C2:   2052  847       4       org.objectweb.asm.ClassReader::a (194 bytes)


---------------  P R O C E S S  ---------------

Java Threads: ( => current thread )
  0x00000000154d0800 JavaThread "Service Thread" daemon [_thread_blocked, id=8608, stack(0x0000000015ec0000,0x0000000015fc0000)]
  0x00000000154ae000 JavaThread "C1 CompilerThread3" daemon [_thread_in_native, id=10648, stack(0x0000000015dc0000,0x0000000015ec0000)]
  0x0000000015497000 JavaThread "C2 CompilerThread2" daemon [_thread_blocked, id=12292, stack(0x0000000015cc0000,0x0000000015dc0000)]
=>0x000000001544c000 JavaThread "C2 CompilerThread1" daemon [_thread_in_native, id=13096, stack(0x0000000015bc0000,0x0000000015cc0000)]
  0x0000000015449800 JavaThread "C2 CompilerThread0" daemon [_thread_blocked, id=5472, stack(0x0000000015ac0000,0x0000000015bc0000)]
  0x0000000015448800 JavaThread "Attach Listener" daemon [_thread_blocked, id=12816, stack(0x00000000159c0000,0x0000000015ac0000)]
  0x00000000153fb000 JavaThread "Signal Dispatcher" daemon [_thread_blocked, id=1176, stack(0x00000000158c0000,0x00000000159c0000)]
  0x0000000002c1e000 JavaThread "Finalizer" daemon [_thread_blocked, id=2720, stack(0x00000000157c0000,0x00000000158c0000)]
  0x0000000002c17000 JavaThread "Reference Handler" daemon [_thread_blocked, id=6716, stack(0x00000000152c0000,0x00000000153c0000)]
  0x0000000002d1d800 JavaThread "main" [_thread_in_Java, id=5024, stack(0x0000000002650000,0x0000000002750000)]

Other Threads:
  0x00000000134c5000 VMThread [stack: 0x00000000151c0000,0x00000000152c0000] [id=1896]
  0x00000000154d1000 WatcherThread [stack: 0x0000000015fc0000,0x00000000160c0000] [id=2372]

VM state:not at safepoint (normal execution)

VM Mutex/Monitor currently owned by a thread: None

Heap:
 PSYoungGen      total 18944K, used 5697K [0x00000000feb00000, 0x0000000100000000, 0x0000000100000000)
  eden space 16384K, 19% used [0x00000000feb00000,0x00000000fee17618,0x00000000ffb00000)
  from space 2560K, 98% used [0x00000000ffd80000,0x00000000ffff8e30,0x0000000100000000)
  to   space 2560K, 0% used [0x00000000ffb00000,0x00000000ffb00000,0x00000000ffd80000)
 ParOldGen       total 44032K, used 6082K [0x00000000fc000000, 0x00000000feb00000, 0x00000000feb00000)
  object space 44032K, 13% used [0x00000000fc000000,0x00000000fc5f0848,0x00000000feb00000)
 Metaspace       used 7519K, capacity 7654K, committed 7936K, reserved 1056768K
  class space    used 874K, capacity 957K, committed 1024K, reserved 1048576K

Card table byte_map: [0x0000000002760000,0x0000000002790000] byte_map_base: 0x0000000001f80000

Marking Bits: (ParMarkBitMap*) 0x00000000677e3950
 Begin Bits: [0x00000000128e0000, 0x00000000129e0000)
 End Bits:   [0x00000000129e0000, 0x0000000012ae0000)

Polling page: 0x00000000005f0000

CodeCache: size=245760Kb used=2964Kb max_used=2976Kb free=242795Kb
 bounds [0x0000000002d20000, 0x0000000003010000, 0x0000000011d20000]
 total_blobs=1175 nmethods=841 adapters=248
 compilation: enabled

Compilation events (10 events):
Event: 2.032 Thread 0x00000000154ae000 nmethod 837 0x00000000030016d0 code [0x0000000003001840, 0x0000000003001a50]
Event: 2.032 Thread 0x00000000154ae000  838       1       java.nio.Buffer::limit (5 bytes)
Event: 2.032 Thread 0x00000000154ae000 nmethod 838 0x0000000003004690 code [0x00000000030047e0, 0x00000000030048f0]
Event: 2.032 Thread 0x00000000154ae000  839       3       org.objectweb.asm.MethodVisitor::visitMethodInsn (68 bytes)
Event: 2.032 Thread 0x00000000154ae000 nmethod 839 0x0000000003004950 code [0x0000000003004ae0, 0x0000000003004f88]
Event: 2.035 Thread 0x00000000154ae000  840       3       org.objectweb.asm.ClassWriter::a (15 bytes)
Event: 2.035 Thread 0x00000000154ae000 nmethod 840 0x0000000003005110 code [0x0000000003005280, 0x0000000003005478]
Event: 2.035 Thread 0x00000000154ae000  841       3       org.objectweb.asm.ClassReader::a (3587 bytes)
Event: 2.043 Thread 0x000000001544c000  847       4       org.objectweb.asm.ClassReader::a (194 bytes)
Event: 2.044 Thread 0x0000000015449800  848       4       org.objectweb.asm.ByteVector::putUTF8 (142 bytes)

GC Heap History (4 events):
Event: 1.356 GC heap before
{Heap before GC invocations=1 (full 0):
 PSYoungGen      total 18944K, used 16384K [0x00000000feb00000, 0x0000000100000000, 0x0000000100000000)
  eden space 16384K, 100% used [0x00000000feb00000,0x00000000ffb00000,0x00000000ffb00000)
  from space 2560K, 0% used [0x00000000ffd80000,0x00000000ffd80000,0x0000000100000000)
  to   space 2560K, 0% used [0x00000000ffb00000,0x00000000ffb00000,0x00000000ffd80000)
 ParOldGen       total 44032K, used 0K [0x00000000fc000000, 0x00000000feb00000, 0x00000000feb00000)
  object space 44032K, 0% used [0x00000000fc000000,0x00000000fc000000,0x00000000feb00000)
 Metaspace       used 6635K, capacity 6804K, committed 7040K, reserved 1056768K
  class space    used 773K, capacity 824K, committed 896K, reserved 1048576K
Event: 1.380 GC heap after
Heap after GC invocations=1 (full 0):
 PSYoungGen      total 18944K, used 2537K [0x00000000feb00000, 0x0000000100000000, 0x0000000100000000)
  eden space 16384K, 0% used [0x00000000feb00000,0x00000000feb00000,0x00000000ffb00000)
  from space 2560K, 99% used [0x00000000ffb00000,0x00000000ffd7a620,0x00000000ffd80000)
  to   space 2560K, 0% used [0x00000000ffd80000,0x00000000ffd80000,0x0000000100000000)
 ParOldGen       total 44032K, used 1532K [0x00000000fc000000, 0x00000000feb00000, 0x00000000feb00000)
  object space 44032K, 3% used [0x00000000fc000000,0x00000000fc17f360,0x00000000feb00000)
 Metaspace       used 6635K, capacity 6804K, committed 7040K, reserved 1056768K
  class space    used 773K, capacity 824K, committed 896K, reserved 1048576K
}
Event: 1.775 GC heap before
{Heap before GC invocations=2 (full 0):
 PSYoungGen      total 18944K, used 18921K [0x00000000feb00000, 0x0000000100000000, 0x0000000100000000)
  eden space 16384K, 100% used [0x00000000feb00000,0x00000000ffb00000,0x00000000ffb00000)
  from space 2560K, 99% used [0x00000000ffb00000,0x00000000ffd7a620,0x00000000ffd80000)
  to   space 2560K, 0% used [0x00000000ffd80000,0x00000000ffd80000,0x0000000100000000)
 ParOldGen       total 44032K, used 1532K [0x00000000fc000000, 0x00000000feb00000, 0x00000000feb00000)
  object space 44032K, 3% used [0x00000000fc000000,0x00000000fc17f360,0x00000000feb00000)
 Metaspace       used 6980K, capacity 7110K, committed 7296K, reserved 1056768K
  class space    used 816K, capacity 861K, committed 896K, reserved 1048576K
Event: 1.802 GC heap after
Heap after GC invocations=2 (full 0):
 PSYoungGen      total 18944K, used 2531K [0x00000000feb00000, 0x0000000100000000, 0x0000000100000000)
  eden space 16384K, 0% used [0x00000000feb00000,0x00000000feb00000,0x00000000ffb00000)
  from space 2560K, 98% used [0x00000000ffd80000,0x00000000ffff8e30,0x0000000100000000)
  to   space 2560K, 0% used [0x00000000ffb00000,0x00000000ffb00000,0x00000000ffd80000)
 ParOldGen       total 44032K, used 6082K [0x00000000fc000000, 0x00000000feb00000, 0x00000000feb00000)
  object space 44032K, 13% used [0x00000000fc000000,0x00000000fc5f0848,0x00000000feb00000)
 Metaspace       used 6980K, capacity 7110K, committed 7296K, reserved 1056768K
  class space    used 816K, capacity 861K, committed 896K, reserved 1048576K
}

Deoptimization events (10 events):
Event: 1.325 Thread 0x0000000002d1d800 Uncommon trap: reason=unstable_if action=reinterpret pc=0x0000000002f670d8 method=java.util.zip.ZipCoder.decoder()Ljava/nio/charset/CharsetDecoder; @ 4
Event: 1.325 Thread 0x0000000002d1d800 Uncommon trap: reason=unstable_if action=reinterpret pc=0x0000000002f61918 method=java.util.zip.ZipEntry.setExtra0([BZ)V @ 1
Event: 1.328 Thread 0x0000000002d1d800 Uncommon trap: reason=unstable_if action=reinterpret pc=0x0000000002f61448 method=java.util.zip.ZipFile$ZipEntryIterator.hasNext()Z @ 25
Event: 1.328 Thread 0x0000000002d1d800 Uncommon trap: reason=unstable_if action=reinterpret pc=0x0000000002f65ac0 method=java.util.zip.ZipCoder.decoder()Ljava/nio/charset/CharsetDecoder; @ 4
Event: 1.402 Thread 0x0000000002d1d800 Uncommon trap: reason=unstable_if action=reinterpret pc=0x0000000002f71580 method=java.util.zip.ZipCoder.decoder()Ljava/nio/charset/CharsetDecoder; @ 4
Event: 1.402 Thread 0x0000000002d1d800 Uncommon trap: reason=unstable_if action=reinterpret pc=0x0000000002f73f38 method=java.util.zip.ZipCoder.decoder()Ljava/nio/charset/CharsetDecoder; @ 4
Event: 1.403 Thread 0x0000000002d1d800 Uncommon trap: reason=unstable_if action=reinterpret pc=0x0000000002f7662c method=java.util.zip.ZipCoder.decoder()Ljava/nio/charset/CharsetDecoder; @ 4
Event: 1.415 Thread 0x0000000002d1d800 Uncommon trap: reason=unstable_if action=reinterpret pc=0x0000000002f7b708 method=java.util.HashMap$HashIterator.nextNode()Ljava/util/HashMap$Node; @ 74
Event: 1.607 Thread 0x0000000002d1d800 Uncommon trap: reason=unstable_if action=reinterpret pc=0x0000000002f82288 method=java.util.HashMap$HashIterator.nextNode()Ljava/util/HashMap$Node; @ 74
Event: 1.740 Thread 0x0000000002d1d800 Uncommon trap: reason=unloaded action=reinterpret pc=0x0000000002f6dc3c method=java.util.zip.ZipEntry.setExtra0([BZ)V @ 37

Classes redefined (0 events):
No events

Internal exceptions (10 events):
Event: 1.403 Thread 0x0000000002d1d800 Implicit null exception at 0x0000000002f75c53 to 0x0000000002f765f1
Event: 1.598 Thread 0x0000000002d1d800 Exception <a 'sun/nio/fs/WindowsException'> (0x00000000ff241178) thrown at [D:\src\AOSP-openjdk-cygwin\jdk8u\hotspot\src\share\vm\prims\jni.cpp, line 709]
Event: 1.598 Thread 0x0000000002d1d800 Exception <a 'sun/nio/fs/WindowsException'> (0x00000000ff241738) thrown at [D:\src\AOSP-openjdk-cygwin\jdk8u\hotspot\src\share\vm\prims\jni.cpp, line 709]
Event: 1.599 Thread 0x0000000002d1d800 Exception <a 'sun/nio/fs/WindowsException'> (0x00000000ff241cf0) thrown at [D:\src\AOSP-openjdk-cygwin\jdk8u\hotspot\src\share\vm\prims\jni.cpp, line 709]
Event: 1.599 Thread 0x0000000002d1d800 Exception <a 'sun/nio/fs/WindowsException'> (0x00000000ff2424b0) thrown at [D:\src\AOSP-openjdk-cygwin\jdk8u\hotspot\src\share\vm\prims\jni.cpp, line 709]
Event: 1.599 Thread 0x0000000002d1d800 Exception <a 'sun/nio/fs/WindowsException'> (0x00000000ff242a40) thrown at [D:\src\AOSP-openjdk-cygwin\jdk8u\hotspot\src\share\vm\prims\jni.cpp, line 709]
Event: 1.599 Thread 0x0000000002d1d800 Exception <a 'sun/nio/fs/WindowsException'> (0x00000000ff2431f0) thrown at [D:\src\AOSP-openjdk-cygwin\jdk8u\hotspot\src\share\vm\prims\jni.cpp, line 709]
Event: 1.641 Thread 0x0000000002d1d800 Exception <a 'sun/nio/fs/WindowsException'> (0x00000000ff248518) thrown at [D:\src\AOSP-openjdk-cygwin\jdk8u\hotspot\src\share\vm\prims\jni.cpp, line 709]
Event: 1.818 Thread 0x0000000002d1d800 Exception <a 'sun/nio/fs/WindowsException'> (0x00000000feb81940) thrown at [D:\src\AOSP-openjdk-cygwin\jdk8u\hotspot\src\share\vm\prims\jni.cpp, line 709]
Event: 1.819 Thread 0x0000000002d1d800 Exception <a 'sun/nio/fs/WindowsException'> (0x00000000feb81e98) thrown at [D:\src\AOSP-openjdk-cygwin\jdk8u\hotspot\src\share\vm\prims\jni.cpp, line 709]

Events (10 events):
Event: 1.965 loading class org/objectweb/asm/tree/InsnList
Event: 1.965 loading class org/objectweb/asm/tree/InsnList done
Event: 1.972 loading class org/objectweb/asm/Edge
Event: 1.972 loading class org/objectweb/asm/Edge done
Event: 1.976 loading class org/objectweb/asm/Opcodes
Event: 1.976 loading class org/objectweb/asm/Opcodes done
Event: 2.046 loading class org/objectweb/asm/tree/TryCatchBlockNode
Event: 2.046 loading class org/objectweb/asm/tree/TryCatchBlockNode done
Event: 2.047 loading class org/objectweb/asm/Handler
Event: 2.047 loading class org/objectweb/asm/Handler done


Dynamic libraries:
0x00007ff708150000 - 0x00007ff708181000 	C:\Program Files\Android\Android Studio\jre\bin\java.exe
0x00007ffba9340000 - 0x00007ffba9521000 	C:\WINDOWS\SYSTEM32\ntdll.dll
0x00007ffba6ca0000 - 0x00007ffba6d52000 	C:\WINDOWS\System32\KERNEL32.DLL
0x00007ffba6070000 - 0x00007ffba62e3000 	C:\WINDOWS\System32\KERNELBASE.dll
0x00007ffba9260000 - 0x00007ffba9301000 	C:\WINDOWS\System32\ADVAPI32.dll
0x00007ffba77b0000 - 0x00007ffba784e000 	C:\WINDOWS\System32\msvcrt.dll
0x00007ffba71b0000 - 0x00007ffba720b000 	C:\WINDOWS\System32\sechost.dll
0x00007ffba7580000 - 0x00007ffba76a4000 	C:\WINDOWS\System32\RPCRT4.dll
0x00007ffba7ac0000 - 0x00007ffba7c50000 	C:\WINDOWS\System32\USER32.dll
0x00007ffba5790000 - 0x00007ffba57b0000 	C:\WINDOWS\System32\win32u.dll
0x00007ffba67e0000 - 0x00007ffba6808000 	C:\WINDOWS\System32\GDI32.dll
0x00007ffba6530000 - 0x00007ffba66c2000 	C:\WINDOWS\System32\gdi32full.dll
0x00007ffba5fd0000 - 0x00007ffba606f000 	C:\WINDOWS\System32\msvcp_win.dll
0x00007ffba66d0000 - 0x00007ffba67ca000 	C:\WINDOWS\System32\ucrtbase.dll
0x00007ffb93ad0000 - 0x00007ffb93d39000 	C:\WINDOWS\WinSxS\amd64_microsoft.windows.common-controls_6595b64144ccf1df_6.0.17134.48_none_b4b2216a3cb4dd3e\COMCTL32.dll
0x00007ffba6810000 - 0x00007ffba6b33000 	C:\WINDOWS\System32\combase.dll
0x00007ffba5710000 - 0x00007ffba578a000 	C:\WINDOWS\System32\bcryptPrimitives.dll
0x00007ffba9090000 - 0x00007ffba90bd000 	C:\WINDOWS\System32\IMM32.DLL
0x0000000067b70000 - 0x0000000067c42000 	C:\Program Files\Android\Android Studio\jre\jre\bin\msvcr100.dll
0x0000000067020000 - 0x000000006785e000 	C:\Program Files\Android\Android Studio\jre\jre\bin\server\jvm.dll
0x00007ffba91d0000 - 0x00007ffba91d8000 	C:\WINDOWS\System32\PSAPI.DLL
0x00007ffba39e0000 - 0x00007ffba39e9000 	C:\WINDOWS\SYSTEM32\WSOCK32.dll
0x00007ffba7510000 - 0x00007ffba757c000 	C:\WINDOWS\System32\WS2_32.dll
0x00007ffb95780000 - 0x00007ffb957a3000 	C:\WINDOWS\SYSTEM32\WINMM.dll
0x00007ffb9d7c0000 - 0x00007ffb9d7ca000 	C:\WINDOWS\SYSTEM32\VERSION.dll
0x00007ffb95570000 - 0x00007ffb9559a000 	C:\WINDOWS\SYSTEM32\WINMMBASE.dll
0x00007ffba64e0000 - 0x00007ffba6529000 	C:\WINDOWS\System32\cfgmgr32.dll
0x00007ffba0860000 - 0x00007ffba086f000 	C:\Program Files\Android\Android Studio\jre\jre\bin\verify.dll
0x00007ffb9d7f0000 - 0x00007ffb9d819000 	C:\Program Files\Android\Android Studio\jre\jre\bin\java.dll
0x00007ffba0840000 - 0x00007ffba0856000 	C:\Program Files\Android\Android Studio\jre\jre\bin\zip.dll
0x00007ffba7c50000 - 0x00007ffba9090000 	C:\WINDOWS\System32\SHELL32.dll
0x00007ffba9120000 - 0x00007ffba91c9000 	C:\WINDOWS\System32\shcore.dll
0x00007ffba58c0000 - 0x00007ffba5fcd000 	C:\WINDOWS\System32\windows.storage.dll
0x00007ffba90c0000 - 0x00007ffba9111000 	C:\WINDOWS\System32\shlwapi.dll
0x00007ffba5680000 - 0x00007ffba5691000 	C:\WINDOWS\System32\kernel.appcore.dll
0x00007ffba56f0000 - 0x00007ffba570f000 	C:\WINDOWS\System32\profapi.dll
0x00007ffba56a0000 - 0x00007ffba56ec000 	C:\WINDOWS\System32\powrprof.dll
0x00007ffba5650000 - 0x00007ffba565a000 	C:\WINDOWS\System32\FLTLIB.DLL
0x00007ffba5080000 - 0x00007ffba5097000 	C:\WINDOWS\SYSTEM32\CRYPTSP.dll
0x00007ffba4ab0000 - 0x00007ffba4ae3000 	C:\WINDOWS\system32\rsaenh.dll
0x00007ffba51b0000 - 0x00007ffba51d5000 	C:\WINDOWS\SYSTEM32\bcrypt.dll
0x00007ffba5580000 - 0x00007ffba55a8000 	C:\WINDOWS\SYSTEM32\USERENV.dll
0x00007ffba50a0000 - 0x00007ffba50ab000 	C:\WINDOWS\SYSTEM32\CRYPTBASE.dll
0x00007ffb9e480000 - 0x00007ffb9e49a000 	C:\Program Files\Android\Android Studio\jre\jre\bin\net.dll
0x00007ffba4ed0000 - 0x00007ffba4f36000 	C:\WINDOWS\system32\mswsock.dll
0x00007ffba4c50000 - 0x00007ffba4c88000 	C:\WINDOWS\SYSTEM32\IPHLPAPI.DLL
0x00007ffba7430000 - 0x00007ffba7438000 	C:\WINDOWS\System32\NSI.dll
0x00007ffb9a1f0000 - 0x00007ffb9a206000 	C:\WINDOWS\SYSTEM32\dhcpcsvc6.DLL
0x00007ffb9a120000 - 0x00007ffb9a13a000 	C:\WINDOWS\SYSTEM32\dhcpcsvc.DLL
0x00007ffb9d970000 - 0x00007ffb9d981000 	C:\Program Files\Android\Android Studio\jre\jre\bin\nio.dll

VM Arguments:
jvm_args: -Djava.awt.headless=true -Xmx64M -Dfile.encoding=x-windows-949 -Duser.country=KR -Duser.language=ko -Duser.variant 
java_command: com.google.devtools.build.android.desugar.Desugar @D:\test\app\build\intermediates\tmp\desugar_args8027759319100279994
java_class_path (initial): C:\Users\Goo\AppData\Local\Temp\desugar_deploy.jar7068671870238761673
Launcher Type: SUN_STANDARD

Environment Variables:
PATH=C:\ProgramData\Oracle\Java\javapath;C:\WINDOWS\system32;C:\WINDOWS;C:\WINDOWS\System32\Wbem;C:\WINDOWS\System32\WindowsPowerShell\v1.0\;C:\OpenSSL;;C:\WINDOWS\System32\OpenSSH\;C:\Users\Goo\AppData\Local\Microsoft\WindowsApps;
USERNAME=Goo
OS=Windows_NT
PROCESSOR_IDENTIFIER=Intel64 Family 6 Model 158 Stepping 9, GenuineIntel



---------------  S Y S T E M  ---------------

OS: Windows 10.0 , 64 bit Build 17134 (10.0.17134.1)

CPU:total 8 (initial active 8) (4 cores per cpu, 2 threads per core) family 6 model 158 stepping 9, cmov, cx8, fxsr, mmx, sse, sse2, sse3, ssse3, sse4.1, sse4.2, popcnt, avx, avx2, aes, clmul, erms, 3dnowpref, lzcnt, ht, tsc, tscinvbit, bmi1, bmi2, adx

Memory: 4k page, physical 16692940k(4079404k free), swap 16692940k(1444k free)

vm_info: OpenJDK 64-Bit Server VM (25.152-b01) for windows-amd64 JRE (1.8.0_152-release-915-b01), built by "builder" with MS VC++ 10.0 (VS2010)

time: Wed May 23 23:46:43 2018
elapsed time: 2 seconds (0d 0h 0m 2s)

