#
# There is insufficient memory for the Java Runtime Environment to continue.
# Native memory allocation (malloc) failed to allocate 65552 bytes for Chunk::new
# Possible reasons:
#   The system is out of physical RAM or swap space
#   In 32 bit mode, the process size limit was hit
# Possible solutions:
#   Reduce memory load on the system
#   Increase physical memory or swap space
#   Check if swap backing store is full
#   Use 64 bit Java on a 64 bit OS
#   Decrease Java heap size (-Xmx/-Xms)
#   Decrease number of Java threads
#   Decrease Java thread stack sizes (-Xss)
#   Set larger code cache with -XX:ReservedCodeCacheSize=
# This output file may be truncated or incomplete.
#
#  Out of Memory Error (allocation.cpp:390), pid=4556, tid=0x0000000000001768
#
# JRE version: OpenJDK Runtime Environment (8.0_152-b01) (build 1.8.0_152-release-915-b01)
# Java VM: OpenJDK 64-Bit Server VM (25.152-b01 mixed mode windows-amd64 compressed oops)
# Failed to write core dump. Minidumps are not enabled by default on client versions of Windows
#

---------------  T H R E A D  ---------------

Current thread (0x0000000015dc0800):  JavaThread "C2 CompilerThread0" daemon [_thread_in_native, id=5992, stack(0x00000000164c0000,0x00000000165c0000)]

Stack: [0x00000000164c0000,0x00000000165c0000]
[error occurred during error reporting (printing stack bounds), id 0xc0000005]

Native frames: (J=compiled Java code, j=interpreted, Vv=VM code, C=native code)


Current CompileTask:
C2:   4289 1232 %     4       org.objectweb.asm.ClassReader::a @ 74 (3587 bytes)


---------------  P R O C E S S  ---------------

Java Threads: ( => current thread )
  0x0000000015e38000 JavaThread "Service Thread" daemon [_thread_blocked, id=3452, stack(0x00000000168c0000,0x00000000169c0000)]
  0x0000000015df3800 JavaThread "C1 CompilerThread3" daemon [_thread_blocked, id=13104, stack(0x00000000167c0000,0x00000000168c0000)]
  0x0000000015dc5800 JavaThread "C2 CompilerThread2" daemon [_thread_blocked, id=14228, stack(0x00000000166c0000,0x00000000167c0000)]
  0x0000000013e6b000 JavaThread "C2 CompilerThread1" daemon [_thread_blocked, id=3808, stack(0x00000000165c0000,0x00000000166c0000)]
=>0x0000000015dc0800 JavaThread "C2 CompilerThread0" daemon [_thread_in_native, id=5992, stack(0x00000000164c0000,0x00000000165c0000)]
  0x0000000015dbf000 JavaThread "Attach Listener" daemon [_thread_blocked, id=5312, stack(0x00000000163c0000,0x00000000164c0000)]
  0x0000000015d6b800 JavaThread "Signal Dispatcher" daemon [_thread_blocked, id=2044, stack(0x00000000162c0000,0x00000000163c0000)]
  0x00000000036ae000 JavaThread "Finalizer" daemon [_thread_blocked, id=4480, stack(0x0000000016130000,0x0000000016230000)]
  0x00000000036a7000 JavaThread "Reference Handler" daemon [_thread_blocked, id=2472, stack(0x0000000015c30000,0x0000000015d30000)]
  0x0000000000fed800 JavaThread "main" [_thread_in_native, id=11612, stack(0x00000000034b0000,0x00000000035b0000)]

Other Threads:
  0x0000000013e55800 VMThread [stack: 0x0000000015b30000,0x0000000015c30000] [id=11828]
  0x0000000015e39000 WatcherThread [stack: 0x00000000169c0000,0x0000000016ac0000] [id=2464]

VM state:not at safepoint (normal execution)

VM Mutex/Monitor currently owned by a thread: None

Heap:
 PSYoungGen      total 18944K, used 5798K [0x00000000feb00000, 0x0000000100000000, 0x0000000100000000)
  eden space 16384K, 19% used [0x00000000feb00000,0x00000000fee2d798,0x00000000ffb00000)
  from space 2560K, 99% used [0x00000000ffd80000,0x00000000ffffc458,0x0000000100000000)
  to   space 2560K, 0% used [0x00000000ffb00000,0x00000000ffb00000,0x00000000ffd80000)
 ParOldGen       total 44032K, used 7091K [0x00000000fc000000, 0x00000000feb00000, 0x00000000feb00000)
  object space 44032K, 16% used [0x00000000fc000000,0x00000000fc6ecd90,0x00000000feb00000)
 Metaspace       used 7791K, capacity 7978K, committed 8192K, reserved 1056768K
  class space    used 876K, capacity 957K, committed 1024K, reserved 1048576K

Card table byte_map: [0x00000000030c0000,0x00000000030f0000] byte_map_base: 0x00000000028e0000

Marking Bits: (ParMarkBitMap*) 0x00000000673d3950
 Begin Bits: [0x0000000013270000, 0x0000000013370000)
 End Bits:   [0x0000000013370000, 0x0000000013470000)

Polling page: 0x00000000016a0000

CodeCache: size=245760Kb used=5067Kb max_used=5077Kb free=240692Kb
 bounds [0x00000000036b0000, 0x0000000003bb0000, 0x00000000126b0000]
 total_blobs=1581 nmethods=1246 adapters=248
 compilation: enabled

Compilation events (10 events):
Event: 4.115 Thread 0x0000000013e6b000 1241       4       org.objectweb.asm.tree.LineNumberNode::accept (16 bytes)
Event: 4.129 Thread 0x0000000015dc5800 nmethod 1220 0x0000000003b9e650 code [0x0000000003b9ea20, 0x0000000003ba15c0]
Event: 4.129 Thread 0x0000000015dc5800 1243       4       org.objectweb.asm.MethodVisitor::visitLineNumber (17 bytes)
Event: 4.130 Thread 0x0000000013e6b000 nmethod 1241 0x0000000003b83610 code [0x0000000003b83820, 0x0000000003b844d0]
Event: 4.130 Thread 0x0000000013e6b000 1244       4       org.objectweb.asm.MethodWriter::visitLineNumber (50 bytes)
Event: 4.134 Thread 0x0000000013e6b000 nmethod 1244 0x0000000003b82c50 code [0x0000000003b82dc0, 0x0000000003b83238]
Event: 4.134 Thread 0x0000000013e6b000 1238       4       org.objectweb.asm.ClassWriter::a (77 bytes)
Event: 4.136 Thread 0x0000000015dc5800 nmethod 1243 0x0000000003ba4a90 code [0x0000000003ba4c40, 0x0000000003ba5358]
Event: 4.136 Thread 0x0000000015dc5800 1237       4       org.objectweb.asm.MethodVisitor::visitMaxs (17 bytes)
Event: 4.137 Thread 0x0000000015dc5800 nmethod 1237 0x0000000003b85b90 code [0x0000000003b85ce0, 0x0000000003b85da8]

GC Heap History (8 events):
Event: 1.044 GC heap before
{Heap before GC invocations=1 (full 0):
 PSYoungGen      total 18944K, used 16384K [0x00000000feb00000, 0x0000000100000000, 0x0000000100000000)
  eden space 16384K, 100% used [0x00000000feb00000,0x00000000ffb00000,0x00000000ffb00000)
  from space 2560K, 0% used [0x00000000ffd80000,0x00000000ffd80000,0x0000000100000000)
  to   space 2560K, 0% used [0x00000000ffb00000,0x00000000ffb00000,0x00000000ffd80000)
 ParOldGen       total 44032K, used 0K [0x00000000fc000000, 0x00000000feb00000, 0x00000000feb00000)
  object space 44032K, 0% used [0x00000000fc000000,0x00000000fc000000,0x00000000feb00000)
 Metaspace       used 6616K, capacity 6808K, committed 7040K, reserved 1056768K
  class space    used 773K, capacity 824K, committed 896K, reserved 1048576K
Event: 1.074 GC heap after
Heap after GC invocations=1 (full 0):
 PSYoungGen      total 18944K, used 2537K [0x00000000feb00000, 0x0000000100000000, 0x0000000100000000)
  eden space 16384K, 0% used [0x00000000feb00000,0x00000000feb00000,0x00000000ffb00000)
  from space 2560K, 99% used [0x00000000ffb00000,0x00000000ffd7a620,0x00000000ffd80000)
  to   space 2560K, 0% used [0x00000000ffd80000,0x00000000ffd80000,0x0000000100000000)
 ParOldGen       total 44032K, used 1432K [0x00000000fc000000, 0x00000000feb00000, 0x00000000feb00000)
  object space 44032K, 3% used [0x00000000fc000000,0x00000000fc166078,0x00000000feb00000)
 Metaspace       used 6616K, capacity 6808K, committed 7040K, reserved 1056768K
  class space    used 773K, capacity 824K, committed 896K, reserved 1048576K
}
Event: 1.561 GC heap before
{Heap before GC invocations=2 (full 0):
 PSYoungGen      total 18944K, used 18921K [0x00000000feb00000, 0x0000000100000000, 0x0000000100000000)
  eden space 16384K, 100% used [0x00000000feb00000,0x00000000ffb00000,0x00000000ffb00000)
  from space 2560K, 99% used [0x00000000ffb00000,0x00000000ffd7a620,0x00000000ffd80000)
  to   space 2560K, 0% used [0x00000000ffd80000,0x00000000ffd80000,0x0000000100000000)
 ParOldGen       total 44032K, used 1432K [0x00000000fc000000, 0x00000000feb00000, 0x00000000feb00000)
  object space 44032K, 3% used [0x00000000fc000000,0x00000000fc166078,0x00000000feb00000)
 Metaspace       used 6938K, capacity 7114K, committed 7296K, reserved 1056768K
  class space    used 814K, capacity 861K, committed 896K, reserved 1048576K
Event: 1.565 GC heap after
Heap after GC invocations=2 (full 0):
 PSYoungGen      total 18944K, used 2547K [0x00000000feb00000, 0x0000000100000000, 0x0000000100000000)
  eden space 16384K, 0% used [0x00000000feb00000,0x00000000feb00000,0x00000000ffb00000)
  from space 2560K, 99% used [0x00000000ffd80000,0x00000000ffffce20,0x0000000100000000)
  to   space 2560K, 0% used [0x00000000ffb00000,0x00000000ffb00000,0x00000000ffd80000)
 ParOldGen       total 44032K, used 5797K [0x00000000fc000000, 0x00000000feb00000, 0x00000000feb00000)
  object space 44032K, 13% used [0x00000000fc000000,0x00000000fc5a9560,0x00000000feb00000)
 Metaspace       used 6938K, capacity 7114K, committed 7296K, reserved 1056768K
  class space    used 814K, capacity 861K, committed 896K, reserved 1048576K
}
Event: 2.290 GC heap before
{Heap before GC invocations=3 (full 0):
 PSYoungGen      total 18944K, used 18931K [0x00000000feb00000, 0x0000000100000000, 0x0000000100000000)
  eden space 16384K, 100% used [0x00000000feb00000,0x00000000ffb00000,0x00000000ffb00000)
  from space 2560K, 99% used [0x00000000ffd80000,0x00000000ffffce20,0x0000000100000000)
  to   space 2560K, 0% used [0x00000000ffb00000,0x00000000ffb00000,0x00000000ffd80000)
 ParOldGen       total 44032K, used 5797K [0x00000000fc000000, 0x00000000feb00000, 0x00000000feb00000)
  object space 44032K, 13% used [0x00000000fc000000,0x00000000fc5a9560,0x00000000feb00000)
 Metaspace       used 7756K, capacity 7978K, committed 8192K, reserved 1056768K
  class space    used 875K, capacity 957K, committed 1024K, reserved 1048576K
Event: 2.378 GC heap after
Heap after GC invocations=3 (full 0):
 PSYoungGen      total 18944K, used 2529K [0x00000000feb00000, 0x0000000100000000, 0x0000000100000000)
  eden space 16384K, 0% used [0x00000000feb00000,0x00000000feb00000,0x00000000ffb00000)
  from space 2560K, 98% used [0x00000000ffb00000,0x00000000ffd78468,0x00000000ffd80000)
  to   space 2560K, 0% used [0x00000000ffd80000,0x00000000ffd80000,0x0000000100000000)
 ParOldGen       total 44032K, used 6891K [0x00000000fc000000, 0x00000000feb00000, 0x00000000feb00000)
  object space 44032K, 15% used [0x00000000fc000000,0x00000000fc6bad90,0x00000000feb00000)
 Metaspace       used 7756K, capacity 7978K, committed 8192K, reserved 1056768K
  class space    used 875K, capacity 957K, committed 1024K, reserved 1048576K
}
Event: 4.006 GC heap before
{Heap before GC invocations=4 (full 0):
 PSYoungGen      total 18944K, used 18913K [0x00000000feb00000, 0x0000000100000000, 0x0000000100000000)
  eden space 16384K, 100% used [0x00000000feb00000,0x00000000ffb00000,0x00000000ffb00000)
  from space 2560K, 98% used [0x00000000ffb00000,0x00000000ffd78468,0x00000000ffd80000)
  to   space 2560K, 0% used [0x00000000ffd80000,0x00000000ffd80000,0x0000000100000000)
 ParOldGen       total 44032K, used 6891K [0x00000000fc000000, 0x00000000feb00000, 0x00000000feb00000)
  object space 44032K, 15% used [0x00000000fc000000,0x00000000fc6bad90,0x00000000feb00000)
 Metaspace       used 7789K, capacity 7978K, committed 8192K, reserved 1056768K
  class space    used 876K, capacity 957K, committed 1024K, reserved 1048576K
Event: 4.054 GC heap after
Heap after GC invocations=4 (full 0):
 PSYoungGen      total 18944K, used 2545K [0x00000000feb00000, 0x0000000100000000, 0x0000000100000000)
  eden space 16384K, 0% used [0x00000000feb00000,0x00000000feb00000,0x00000000ffb00000)
  from space 2560K, 99% used [0x00000000ffd80000,0x00000000ffffc458,0x0000000100000000)
  to   space 2560K, 0% used [0x00000000ffb00000,0x00000000ffb00000,0x00000000ffd80000)
 ParOldGen       total 44032K, used 7091K [0x00000000fc000000, 0x00000000feb00000, 0x00000000feb00000)
  object space 44032K, 16% used [0x00000000fc000000,0x00000000fc6ecd90,0x00000000feb00000)
 Metaspace       used 7789K, capacity 7978K, committed 8192K, reserved 1056768K
  class space    used 876K, capacity 957K, committed 1024K, reserved 1048576K
}

Deoptimization events (10 events):
Event: 1.493 Thread 0x0000000000fed800 Uncommon trap: reason=unloaded action=reinterpret pc=0x00000000038ea1fc method=java.util.zip.ZipEntry.setExtra0([BZ)V @ 37
Event: 2.102 Thread 0x0000000000fed800 Uncommon trap: reason=unstable_if action=reinterpret pc=0x0000000003987528 method=java.lang.String.<init>([CII)V @ 18
Event: 2.146 Thread 0x0000000000fed800 Uncommon trap: reason=unstable_if action=reinterpret pc=0x0000000003a081a8 method=java.io.BufferedOutputStream.write(I)V @ 9
Event: 2.158 Thread 0x0000000000fed800 Uncommon trap: reason=unstable_if action=reinterpret pc=0x0000000003989798 method=java.lang.String.<init>([CII)V @ 18
Event: 3.662 Thread 0x0000000000fed800 Uncommon trap: reason=unstable_if action=reinterpret pc=0x0000000003a442f0 method=org.objectweb.asm.ClassReader.readUTF8(I[C)Ljava/lang/String; @ 11
Event: 3.934 Thread 0x0000000000fed800 Uncommon trap: reason=unstable_if action=reinterpret pc=0x0000000003af6cf4 method=org.objectweb.asm.ClassReader.a(Lorg/objectweb/asm/MethodVisitor;Lorg/objectweb/asm/Context;I)V @ 669
Event: 3.934 Thread 0x0000000000fed800 Uncommon trap: reason=null_check action=make_not_entrant pc=0x0000000003ae92dc method=com.google.devtools.build.android.desugar.InterfaceDesugaring$InterfaceInvocationRewriter.visitMethodInsn(ILjava/lang/String;Ljava/lang/String;Ljava/lang/String;Z)V @ 10
Event: 3.963 Thread 0x0000000000fed800 Uncommon trap: reason=unstable_if action=reinterpret pc=0x0000000003a5cd60 method=org.objectweb.asm.MethodWriter.visitVarInsn(II)V @ 148
Event: 3.963 Thread 0x0000000000fed800 Uncommon trap: reason=unstable_if action=reinterpret pc=0x0000000003a29c78 method=org.objectweb.asm.MethodWriter.visitVarInsn(II)V @ 136
Event: 4.003 Thread 0x0000000000fed800 Uncommon trap: reason=unstable_if action=reinterpret pc=0x0000000003ad8028 method=org.objectweb.asm.MethodWriter.visitFieldInsn(ILjava/lang/String;Ljava/lang/String;Ljava/lang/String;)V @ 200

Classes redefined (0 events):
No events

Internal exceptions (10 events):
Event: 3.659 Thread 0x0000000000fed800 Exception <a 'sun/nio/fs/WindowsException'> (0x00000000feb249e0) thrown at [D:\src\AOSP-openjdk-cygwin\jdk8u\hotspot\src\share\vm\prims\jni.cpp, line 709]
Event: 3.927 Thread 0x0000000000fed800 Exception <a 'sun/nio/fs/WindowsException'> (0x00000000ff36d508) thrown at [D:\src\AOSP-openjdk-cygwin\jdk8u\hotspot\src\share\vm\prims\jni.cpp, line 709]
Event: 3.927 Thread 0x0000000000fed800 Exception <a 'sun/nio/fs/WindowsException'> (0x00000000ff36d9e0) thrown at [D:\src\AOSP-openjdk-cygwin\jdk8u\hotspot\src\share\vm\prims\jni.cpp, line 709]
Event: 3.932 Thread 0x0000000000fed800 Exception <a 'sun/nio/fs/WindowsException'> (0x00000000ff370e98) thrown at [D:\src\AOSP-openjdk-cygwin\jdk8u\hotspot\src\share\vm\prims\jni.cpp, line 709]
Event: 3.932 Thread 0x0000000000fed800 Exception <a 'sun/nio/fs/WindowsException'> (0x00000000ff371370) thrown at [D:\src\AOSP-openjdk-cygwin\jdk8u\hotspot\src\share\vm\prims\jni.cpp, line 709]
Event: 3.934 Thread 0x0000000000fed800 Implicit null exception at 0x0000000003ae8fea to 0x0000000003ae92b9
Event: 3.946 Thread 0x0000000000fed800 Exception <a 'sun/nio/fs/WindowsException'> (0x00000000ff3cab28) thrown at [D:\src\AOSP-openjdk-cygwin\jdk8u\hotspot\src\share\vm\prims\jni.cpp, line 709]
Event: 3.946 Thread 0x0000000000fed800 Exception <a 'sun/nio/fs/WindowsException'> (0x00000000ff3cb000) thrown at [D:\src\AOSP-openjdk-cygwin\jdk8u\hotspot\src\share\vm\prims\jni.cpp, line 709]
Event: 3.956 Thread 0x0000000000fed800 Exception <a 'sun/nio/fs/WindowsException'> (0x00000000ff468a38) thrown at [D:\src\AOSP-openjdk-cygwin\jdk8u\hotspot\src\share\vm\prims\jni.cpp, line 709]
Event: 3.956 Thread 0x0000000000fed800 Exception <a 'sun/nio/fs/WindowsException'> (0x00000000ff468f10) thrown at [D:\src\AOSP-openjdk-cygwin\jdk8u\hotspot\src\share\vm\prims\jni.cpp, line 709]

Events (10 events):
Event: 3.963 Thread 0x0000000000fed800 DEOPT UNPACKING pc=0x00000000036f556a sp=0x00000000035aea30 mode 2
Event: 3.966 Thread 0x0000000000fed800 DEOPT PACKING pc=0x00000000039d33f0 sp=0x00000000035aebc0
Event: 3.966 Thread 0x0000000000fed800 DEOPT UNPACKING pc=0x00000000036f75bf sp=0x00000000035ae8e8 mode 0
Event: 4.003 Thread 0x0000000000fed800 Uncommon trap: trap_request=0xffffff65 fr.pc=0x0000000003ad8028
Event: 4.003 Thread 0x0000000000fed800 DEOPT PACKING pc=0x0000000003ad8028 sp=0x00000000035aeae0
Event: 4.003 Thread 0x0000000000fed800 DEOPT UNPACKING pc=0x00000000036f556a sp=0x00000000035aea30 mode 2
Event: 4.005 Executing VM operation: ParallelGCFailedAllocation
Event: 4.054 Executing VM operation: ParallelGCFailedAllocation done
Event: 4.093 Thread 0x0000000000fed800 DEOPT PACKING pc=0x0000000003b70999 sp=0x00000000035aeb40
Event: 4.093 Thread 0x0000000000fed800 DEOPT UNPACKING pc=0x00000000036f75bf sp=0x00000000035aeaf0 mode 0


Dynamic libraries:
0x00007ff6d3260000 - 0x00007ff6d3291000 	C:\Program Files\Android\Android Studio\jre\bin\java.exe
0x00007ffba9340000 - 0x00007ffba9521000 	C:\WINDOWS\SYSTEM32\ntdll.dll
0x00007ffba6ca0000 - 0x00007ffba6d52000 	C:\WINDOWS\System32\KERNEL32.DLL
0x00007ffba6070000 - 0x00007ffba62e3000 	C:\WINDOWS\System32\KERNELBASE.dll
0x00007ffba9260000 - 0x00007ffba9301000 	C:\WINDOWS\System32\ADVAPI32.dll
0x00007ffba77b0000 - 0x00007ffba784e000 	C:\WINDOWS\System32\msvcrt.dll
0x00007ffba71b0000 - 0x00007ffba720b000 	C:\WINDOWS\System32\sechost.dll
0x00007ffba7580000 - 0x00007ffba76a4000 	C:\WINDOWS\System32\RPCRT4.dll
0x00007ffba7ac0000 - 0x00007ffba7c50000 	C:\WINDOWS\System32\USER32.dll
0x00007ffba5790000 - 0x00007ffba57b0000 	C:\WINDOWS\System32\win32u.dll
0x00007ffba67e0000 - 0x00007ffba6808000 	C:\WINDOWS\System32\GDI32.dll
0x00007ffba6530000 - 0x00007ffba66c2000 	C:\WINDOWS\System32\gdi32full.dll
0x00007ffba5fd0000 - 0x00007ffba606f000 	C:\WINDOWS\System32\msvcp_win.dll
0x00007ffba66d0000 - 0x00007ffba67ca000 	C:\WINDOWS\System32\ucrtbase.dll
0x00007ffb93ad0000 - 0x00007ffb93d39000 	C:\WINDOWS\WinSxS\amd64_microsoft.windows.common-controls_6595b64144ccf1df_6.0.17134.48_none_b4b2216a3cb4dd3e\COMCTL32.dll
0x00007ffba6810000 - 0x00007ffba6b33000 	C:\WINDOWS\System32\combase.dll
0x00007ffba5710000 - 0x00007ffba578a000 	C:\WINDOWS\System32\bcryptPrimitives.dll
0x00007ffba9090000 - 0x00007ffba90bd000 	C:\WINDOWS\System32\IMM32.DLL
0x0000000069530000 - 0x0000000069602000 	C:\Program Files\Android\Android Studio\jre\jre\bin\msvcr100.dll
0x0000000066c10000 - 0x000000006744e000 	C:\Program Files\Android\Android Studio\jre\jre\bin\server\jvm.dll
0x00007ffba91d0000 - 0x00007ffba91d8000 	C:\WINDOWS\System32\PSAPI.DLL
0x00007ffba1ea0000 - 0x00007ffba1ea9000 	C:\WINDOWS\SYSTEM32\WSOCK32.dll
0x00007ffba7510000 - 0x00007ffba757c000 	C:\WINDOWS\System32\WS2_32.dll
0x00007ffb95780000 - 0x00007ffb957a3000 	C:\WINDOWS\SYSTEM32\WINMM.dll
0x00007ffb9d7c0000 - 0x00007ffb9d7ca000 	C:\WINDOWS\SYSTEM32\VERSION.dll
0x00007ffb95570000 - 0x00007ffb9559a000 	C:\WINDOWS\SYSTEM32\WINMMBASE.dll
0x00007ffba64e0000 - 0x00007ffba6529000 	C:\WINDOWS\System32\cfgmgr32.dll
0x00007ffba1e90000 - 0x00007ffba1e9f000 	C:\Program Files\Android\Android Studio\jre\jre\bin\verify.dll
0x00007ffb9fc20000 - 0x00007ffb9fc49000 	C:\Program Files\Android\Android Studio\jre\jre\bin\java.dll
0x00007ffb9fc00000 - 0x00007ffb9fc16000 	C:\Program Files\Android\Android Studio\jre\jre\bin\zip.dll
0x00007ffba7c50000 - 0x00007ffba9090000 	C:\WINDOWS\System32\SHELL32.dll
0x00007ffba9120000 - 0x00007ffba91c9000 	C:\WINDOWS\System32\shcore.dll
0x00007ffba58c0000 - 0x00007ffba5fcd000 	C:\WINDOWS\System32\windows.storage.dll
0x00007ffba90c0000 - 0x00007ffba9111000 	C:\WINDOWS\System32\shlwapi.dll
0x00007ffba5680000 - 0x00007ffba5691000 	C:\WINDOWS\System32\kernel.appcore.dll
0x00007ffba56f0000 - 0x00007ffba570f000 	C:\WINDOWS\System32\profapi.dll
0x00007ffba56a0000 - 0x00007ffba56ec000 	C:\WINDOWS\System32\powrprof.dll
0x00007ffba5650000 - 0x00007ffba565a000 	C:\WINDOWS\System32\FLTLIB.DLL
0x00007ffba5080000 - 0x00007ffba5097000 	C:\WINDOWS\SYSTEM32\CRYPTSP.dll
0x00007ffba4ab0000 - 0x00007ffba4ae3000 	C:\WINDOWS\system32\rsaenh.dll
0x00007ffba51b0000 - 0x00007ffba51d5000 	C:\WINDOWS\SYSTEM32\bcrypt.dll
0x00007ffba5580000 - 0x00007ffba55a8000 	C:\WINDOWS\SYSTEM32\USERENV.dll
0x00007ffba50a0000 - 0x00007ffba50ab000 	C:\WINDOWS\SYSTEM32\CRYPTBASE.dll
0x00007ffb9fbe0000 - 0x00007ffb9fbfa000 	C:\Program Files\Android\Android Studio\jre\jre\bin\net.dll
0x00007ffba4ed0000 - 0x00007ffba4f36000 	C:\WINDOWS\system32\mswsock.dll
0x00007ffba4c50000 - 0x00007ffba4c88000 	C:\WINDOWS\SYSTEM32\IPHLPAPI.DLL
0x00007ffba7430000 - 0x00007ffba7438000 	C:\WINDOWS\System32\NSI.dll
0x00007ffb9a1f0000 - 0x00007ffb9a206000 	C:\WINDOWS\SYSTEM32\dhcpcsvc6.DLL
0x00007ffb9a120000 - 0x00007ffb9a13a000 	C:\WINDOWS\SYSTEM32\dhcpcsvc.DLL
0x00007ffb9fbc0000 - 0x00007ffb9fbd1000 	C:\Program Files\Android\Android Studio\jre\jre\bin\nio.dll

VM Arguments:
jvm_args: -Djava.awt.headless=true -Xmx64M -Dfile.encoding=x-windows-949 -Duser.country=KR -Duser.language=ko -Duser.variant 
java_command: com.google.devtools.build.android.desugar.Desugar @D:\test\app\build\intermediates\tmp\desugar_args6859159958275969644
java_class_path (initial): C:\Users\Goo\AppData\Local\Temp\desugar_deploy.jar7969236958099071626
Launcher Type: SUN_STANDARD

Environment Variables:
PATH=C:\ProgramData\Oracle\Java\javapath;C:\WINDOWS\system32;C:\WINDOWS;C:\WINDOWS\System32\Wbem;C:\WINDOWS\System32\WindowsPowerShell\v1.0\;C:\OpenSSL;;C:\WINDOWS\System32\OpenSSH\;C:\Users\Goo\AppData\Local\Microsoft\WindowsApps;
USERNAME=Goo
OS=Windows_NT
PROCESSOR_IDENTIFIER=Intel64 Family 6 Model 158 Stepping 9, GenuineIntel



---------------  S Y S T E M  ---------------

OS: Windows 10.0 , 64 bit Build 17134 (10.0.17134.1)

CPU:total 8 (initial active 8) (4 cores per cpu, 2 threads per core) family 6 model 158 stepping 9, cmov, cx8, fxsr, mmx, sse, sse2, sse3, ssse3, sse4.1, sse4.2, popcnt, avx, avx2, aes, clmul, erms, 3dnowpref, lzcnt, ht, tsc, tscinvbit, bmi1, bmi2, adx

Memory: 4k page, physical 16692940k(3775736k free), swap 16692940k(9240k free)

vm_info: OpenJDK 64-Bit Server VM (25.152-b01) for windows-amd64 JRE (1.8.0_152-release-915-b01), built by "builder" with MS VC++ 10.0 (VS2010)

time: Tue May 29 04:28:38 2018
elapsed time: 4 seconds (0d 0h 0m 4s)

