#
# There is insufficient memory for the Java Runtime Environment to continue.
# Native memory allocation (malloc) failed to allocate 117296 bytes for Chunk::new
# Possible reasons:
#   The system is out of physical RAM or swap space
#   In 32 bit mode, the process size limit was hit
# Possible solutions:
#   Reduce memory load on the system
#   Increase physical memory or swap space
#   Check if swap backing store is full
#   Use 64 bit Java on a 64 bit OS
#   Decrease Java heap size (-Xmx/-Xms)
#   Decrease number of Java threads
#   Decrease Java thread stack sizes (-Xss)
#   Set larger code cache with -XX:ReservedCodeCacheSize=
# This output file may be truncated or incomplete.
#
#  Out of Memory Error (allocation.cpp:390), pid=9340, tid=0x00000000000027d4
#
# JRE version: OpenJDK Runtime Environment (8.0_152-b01) (build 1.8.0_152-release-915-b01)
# Java VM: OpenJDK 64-Bit Server VM (25.152-b01 mixed mode windows-amd64 compressed oops)
# Failed to write core dump. Minidumps are not enabled by default on client versions of Windows
#

---------------  T H R E A D  ---------------

Current thread (0x00000000155d0800):  JavaThread "C2 CompilerThread0" daemon [_thread_in_native, id=10196, stack(0x0000000015cd0000,0x0000000015dd0000)]

Stack: [0x0000000015cd0000,0x0000000015dd0000]
[error occurred during error reporting (printing stack bounds), id 0xc0000005]

Native frames: (J=compiled Java code, j=interpreted, Vv=VM code, C=native code)


Current CompileTask:
C2:   1443  580       4       java.util.HashMap::putVal (300 bytes)


---------------  P R O C E S S  ---------------

Java Threads: ( => current thread )
  0x0000000015626800 JavaThread "Service Thread" daemon [_thread_blocked, id=10260, stack(0x00000000160d0000,0x00000000161d0000)]
  0x0000000015623000 JavaThread "C1 CompilerThread3" daemon [_thread_blocked, id=836, stack(0x0000000015fd0000,0x00000000160d0000)]
  0x0000000015620000 JavaThread "C2 CompilerThread2" daemon [_thread_in_native, id=10328, stack(0x0000000015ed0000,0x0000000015fd0000)]
  0x000000001561c800 JavaThread "C2 CompilerThread1" daemon [_thread_blocked, id=12416, stack(0x0000000015dd0000,0x0000000015ed0000)]
=>0x00000000155d0800 JavaThread "C2 CompilerThread0" daemon [_thread_in_native, id=10196, stack(0x0000000015cd0000,0x0000000015dd0000)]
  0x00000000155cf000 JavaThread "Attach Listener" daemon [_thread_blocked, id=6360, stack(0x0000000015bd0000,0x0000000015cd0000)]
  0x000000001557b800 JavaThread "Signal Dispatcher" daemon [_thread_blocked, id=7728, stack(0x0000000015ad0000,0x0000000015bd0000)]
  0x0000000002ece000 JavaThread "Finalizer" daemon [_thread_blocked, id=11524, stack(0x0000000015940000,0x0000000015a40000)]
  0x0000000002ec7000 JavaThread "Reference Handler" daemon [_thread_blocked, id=11428, stack(0x0000000015440000,0x0000000015540000)]
  0x0000000002dcd800 JavaThread "main" [_thread_in_Java, id=8760, stack(0x0000000002c30000,0x0000000002d30000)]

Other Threads:
  0x0000000013675800 VMThread [stack: 0x0000000015340000,0x0000000015440000] [id=4196]
  0x000000001562b000 WatcherThread [stack: 0x00000000161d0000,0x00000000162d0000] [id=4320]

VM state:not at safepoint (normal execution)

VM Mutex/Monitor currently owned by a thread: None

Heap:
 PSYoungGen      total 18944K, used 13574K [0x00000000feb00000, 0x0000000100000000, 0x0000000100000000)
  eden space 16384K, 82% used [0x00000000feb00000,0x00000000ff841828,0x00000000ffb00000)
  from space 2560K, 0% used [0x00000000ffd80000,0x00000000ffd80000,0x0000000100000000)
  to   space 2560K, 0% used [0x00000000ffb00000,0x00000000ffb00000,0x00000000ffd80000)
 ParOldGen       total 44032K, used 0K [0x00000000fc000000, 0x00000000feb00000, 0x00000000feb00000)
  object space 44032K, 0% used [0x00000000fc000000,0x00000000fc000000,0x00000000feb00000)
 Metaspace       used 6618K, capacity 6744K, committed 7040K, reserved 1056768K
  class space    used 774K, capacity 824K, committed 896K, reserved 1048576K

Card table byte_map: [0x0000000002d30000,0x0000000002d60000] byte_map_base: 0x0000000002550000

Marking Bits: (ParMarkBitMap*) 0x00000000677e3950
 Begin Bits: [0x0000000012a90000, 0x0000000012b90000)
 End Bits:   [0x0000000012b90000, 0x0000000012c90000)

Polling page: 0x00000000028b0000

CodeCache: size=245760Kb used=2316Kb max_used=2330Kb free=243444Kb
 bounds [0x0000000002ed0000, 0x0000000003140000, 0x0000000011ed0000]
 total_blobs=902 nmethods=579 adapters=237
 compilation: enabled

Compilation events (10 events):
Event: 1.418 Thread 0x0000000015623000 nmethod 579 0x0000000003109a10 code [0x0000000003109c60, 0x000000000310ae88]
Event: 1.419 Thread 0x00000000155d0800 nmethod 574 0x0000000003108f90 code [0x0000000003109100, 0x00000000031095c8]
Event: 1.419 Thread 0x00000000155d0800  576       4       com.google.common.collect.Iterators$12::next (10 bytes)
Event: 1.419 Thread 0x000000001561c800 nmethod 568 0x000000000310be50 code [0x000000000310c060, 0x000000000310c880]
Event: 1.419 Thread 0x000000001561c800  577       4       java.util.zip.ZipFile$ZipEntryIterator::nextElement (5 bytes)
Event: 1.430 Thread 0x0000000015620000 nmethod 575 0x00000000031115d0 code [0x0000000003111820, 0x00000000031125b8]
Event: 1.430 Thread 0x0000000015620000  578   !   4       java.util.zip.ZipFile$ZipEntryIterator::next (212 bytes)
Event: 1.432 Thread 0x00000000155d0800 nmethod 576 0x0000000003114090 code [0x00000000031142c0, 0x0000000003114f58]
Event: 1.433 Thread 0x000000001561c800 nmethod 577 0x0000000003118b50 code [0x0000000003118d80, 0x0000000003119b18]
Event: 1.436 Thread 0x00000000155d0800  580       4       java.util.HashMap::putVal (300 bytes)

GC Heap History (0 events):
No events

Deoptimization events (3 events):
Event: 0.861 Thread 0x0000000002dcd800 Uncommon trap: reason=range_check action=make_not_entrant pc=0x000000000305fae0 method=sun.reflect.generics.parser.SignatureParser.current()C @ 34
Event: 1.343 Thread 0x0000000002dcd800 Uncommon trap: reason=unstable_if action=reinterpret pc=0x000000000307ec38 method=java.lang.String.startsWith(Ljava/lang/String;I)Z @ 25
Event: 1.437 Thread 0x0000000002dcd800 Uncommon trap: reason=unstable_if action=reinterpret pc=0x0000000003105cac method=java.util.zip.ZipFile$ZipEntryIterator.hasNext()Z @ 25

Classes redefined (0 events):
No events

Internal exceptions (10 events):
Event: 1.046 Thread 0x0000000002dcd800 Exception <a 'sun/nio/fs/WindowsException'> (0x00000000ff2d4658) thrown at [D:\src\AOSP-openjdk-cygwin\jdk8u\hotspot\src\share\vm\prims\jni.cpp, line 709]
Event: 1.046 Thread 0x0000000002dcd800 Exception <a 'sun/nio/fs/WindowsException'> (0x00000000ff2d4cd0) thrown at [D:\src\AOSP-openjdk-cygwin\jdk8u\hotspot\src\share\vm\prims\jni.cpp, line 709]
Event: 1.046 Thread 0x0000000002dcd800 Exception <a 'sun/nio/fs/WindowsException'> (0x00000000ff2d54d0) thrown at [D:\src\AOSP-openjdk-cygwin\jdk8u\hotspot\src\share\vm\prims\jni.cpp, line 709]
Event: 1.046 Thread 0x0000000002dcd800 Exception <a 'sun/nio/fs/WindowsException'> (0x00000000ff2d5b00) thrown at [D:\src\AOSP-openjdk-cygwin\jdk8u\hotspot\src\share\vm\prims\jni.cpp, line 709]
Event: 1.046 Thread 0x0000000002dcd800 Exception <a 'sun/nio/fs/WindowsException'> (0x00000000ff2d62e0) thrown at [D:\src\AOSP-openjdk-cygwin\jdk8u\hotspot\src\share\vm\prims\jni.cpp, line 709]
Event: 1.046 Thread 0x0000000002dcd800 Exception <a 'sun/nio/fs/WindowsException'> (0x00000000ff2d68b8) thrown at [D:\src\AOSP-openjdk-cygwin\jdk8u\hotspot\src\share\vm\prims\jni.cpp, line 709]
Event: 1.046 Thread 0x0000000002dcd800 Exception <a 'sun/nio/fs/WindowsException'> (0x00000000ff2d7078) thrown at [D:\src\AOSP-openjdk-cygwin\jdk8u\hotspot\src\share\vm\prims\jni.cpp, line 709]
Event: 1.046 Thread 0x0000000002dcd800 Exception <a 'sun/nio/fs/WindowsException'> (0x00000000ff2d7608) thrown at [D:\src\AOSP-openjdk-cygwin\jdk8u\hotspot\src\share\vm\prims\jni.cpp, line 709]
Event: 1.046 Thread 0x0000000002dcd800 Exception <a 'sun/nio/fs/WindowsException'> (0x00000000ff2d7db8) thrown at [D:\src\AOSP-openjdk-cygwin\jdk8u\hotspot\src\share\vm\prims\jni.cpp, line 709]
Event: 1.178 Thread 0x0000000002dcd800 Exception <a 'sun/nio/fs/WindowsException'> (0x00000000ff3104a8) thrown at [D:\src\AOSP-openjdk-cygwin\jdk8u\hotspot\src\share\vm\prims\jni.cpp, line 709]

Events (10 events):
Event: 1.342 loading class com/google/common/collect/Iterators$7
Event: 1.342 loading class com/google/common/collect/Iterators$7 done
Event: 1.342 loading class com/google/common/collect/TransformedIterator
Event: 1.342 loading class com/google/common/collect/TransformedIterator done
Event: 1.343 Thread 0x0000000002dcd800 Uncommon trap: trap_request=0xffffff65 fr.pc=0x000000000307ec38
Event: 1.343 Thread 0x0000000002dcd800 DEOPT PACKING pc=0x000000000307ec38 sp=0x0000000002d2f550
Event: 1.343 Thread 0x0000000002dcd800 DEOPT UNPACKING pc=0x0000000002f1556a sp=0x0000000002d2f4c8 mode 2
Event: 1.437 Thread 0x0000000002dcd800 Uncommon trap: trap_request=0xffffff65 fr.pc=0x0000000003105cac
Event: 1.437 Thread 0x0000000002dcd800 DEOPT PACKING pc=0x0000000003105cac sp=0x0000000002d2f570
Event: 1.437 Thread 0x0000000002dcd800 DEOPT UNPACKING pc=0x0000000002f1556a sp=0x0000000002d2f418 mode 2


Dynamic libraries:
0x00007ff708150000 - 0x00007ff708181000 	C:\Program Files\Android\Android Studio\jre\bin\java.exe
0x00007ffba9340000 - 0x00007ffba9521000 	C:\WINDOWS\SYSTEM32\ntdll.dll
0x00007ffba6ca0000 - 0x00007ffba6d52000 	C:\WINDOWS\System32\KERNEL32.DLL
0x00007ffba6070000 - 0x00007ffba62e3000 	C:\WINDOWS\System32\KERNELBASE.dll
0x00007ffba9260000 - 0x00007ffba9301000 	C:\WINDOWS\System32\ADVAPI32.dll
0x00007ffba77b0000 - 0x00007ffba784e000 	C:\WINDOWS\System32\msvcrt.dll
0x00007ffba71b0000 - 0x00007ffba720b000 	C:\WINDOWS\System32\sechost.dll
0x00007ffba7580000 - 0x00007ffba76a4000 	C:\WINDOWS\System32\RPCRT4.dll
0x00007ffba7ac0000 - 0x00007ffba7c50000 	C:\WINDOWS\System32\USER32.dll
0x00007ffba5790000 - 0x00007ffba57b0000 	C:\WINDOWS\System32\win32u.dll
0x00007ffba67e0000 - 0x00007ffba6808000 	C:\WINDOWS\System32\GDI32.dll
0x00007ffba6530000 - 0x00007ffba66c2000 	C:\WINDOWS\System32\gdi32full.dll
0x00007ffba5fd0000 - 0x00007ffba606f000 	C:\WINDOWS\System32\msvcp_win.dll
0x00007ffba66d0000 - 0x00007ffba67ca000 	C:\WINDOWS\System32\ucrtbase.dll
0x00007ffb93ad0000 - 0x00007ffb93d39000 	C:\WINDOWS\WinSxS\amd64_microsoft.windows.common-controls_6595b64144ccf1df_6.0.17134.48_none_b4b2216a3cb4dd3e\COMCTL32.dll
0x00007ffba6810000 - 0x00007ffba6b33000 	C:\WINDOWS\System32\combase.dll
0x00007ffba5710000 - 0x00007ffba578a000 	C:\WINDOWS\System32\bcryptPrimitives.dll
0x00007ffba9090000 - 0x00007ffba90bd000 	C:\WINDOWS\System32\IMM32.DLL
0x0000000067b70000 - 0x0000000067c42000 	C:\Program Files\Android\Android Studio\jre\jre\bin\msvcr100.dll
0x0000000067020000 - 0x000000006785e000 	C:\Program Files\Android\Android Studio\jre\jre\bin\server\jvm.dll
0x00007ffba91d0000 - 0x00007ffba91d8000 	C:\WINDOWS\System32\PSAPI.DLL
0x00007ffba39e0000 - 0x00007ffba39e9000 	C:\WINDOWS\SYSTEM32\WSOCK32.dll
0x00007ffba7510000 - 0x00007ffba757c000 	C:\WINDOWS\System32\WS2_32.dll
0x00007ffb9d7c0000 - 0x00007ffb9d7ca000 	C:\WINDOWS\SYSTEM32\VERSION.dll
0x00007ffb95780000 - 0x00007ffb957a3000 	C:\WINDOWS\SYSTEM32\WINMM.dll
0x00007ffb95570000 - 0x00007ffb9559a000 	C:\WINDOWS\SYSTEM32\WINMMBASE.dll
0x00007ffba64e0000 - 0x00007ffba6529000 	C:\WINDOWS\System32\cfgmgr32.dll
0x00007ffba0860000 - 0x00007ffba086f000 	C:\Program Files\Android\Android Studio\jre\jre\bin\verify.dll
0x00007ffb9d7f0000 - 0x00007ffb9d819000 	C:\Program Files\Android\Android Studio\jre\jre\bin\java.dll
0x00007ffba0840000 - 0x00007ffba0856000 	C:\Program Files\Android\Android Studio\jre\jre\bin\zip.dll
0x00007ffba7c50000 - 0x00007ffba9090000 	C:\WINDOWS\System32\SHELL32.dll
0x00007ffba9120000 - 0x00007ffba91c9000 	C:\WINDOWS\System32\shcore.dll
0x00007ffba58c0000 - 0x00007ffba5fcd000 	C:\WINDOWS\System32\windows.storage.dll
0x00007ffba90c0000 - 0x00007ffba9111000 	C:\WINDOWS\System32\shlwapi.dll
0x00007ffba5680000 - 0x00007ffba5691000 	C:\WINDOWS\System32\kernel.appcore.dll
0x00007ffba56f0000 - 0x00007ffba570f000 	C:\WINDOWS\System32\profapi.dll
0x00007ffba56a0000 - 0x00007ffba56ec000 	C:\WINDOWS\System32\powrprof.dll
0x00007ffba5650000 - 0x00007ffba565a000 	C:\WINDOWS\System32\FLTLIB.DLL
0x00007ffba5080000 - 0x00007ffba5097000 	C:\WINDOWS\SYSTEM32\CRYPTSP.dll
0x00007ffba4ab0000 - 0x00007ffba4ae3000 	C:\WINDOWS\system32\rsaenh.dll
0x00007ffba51b0000 - 0x00007ffba51d5000 	C:\WINDOWS\SYSTEM32\bcrypt.dll
0x00007ffba5580000 - 0x00007ffba55a8000 	C:\WINDOWS\SYSTEM32\USERENV.dll
0x00007ffba50a0000 - 0x00007ffba50ab000 	C:\WINDOWS\SYSTEM32\CRYPTBASE.dll
0x00007ffb9e480000 - 0x00007ffb9e49a000 	C:\Program Files\Android\Android Studio\jre\jre\bin\net.dll
0x00007ffba4ed0000 - 0x00007ffba4f36000 	C:\WINDOWS\system32\mswsock.dll
0x00007ffba4c50000 - 0x00007ffba4c88000 	C:\WINDOWS\SYSTEM32\IPHLPAPI.DLL
0x00007ffba7430000 - 0x00007ffba7438000 	C:\WINDOWS\System32\NSI.dll
0x00007ffb9a1f0000 - 0x00007ffb9a206000 	C:\WINDOWS\SYSTEM32\dhcpcsvc6.DLL
0x00007ffb9a120000 - 0x00007ffb9a13a000 	C:\WINDOWS\SYSTEM32\dhcpcsvc.DLL
0x00007ffb9d970000 - 0x00007ffb9d981000 	C:\Program Files\Android\Android Studio\jre\jre\bin\nio.dll

VM Arguments:
jvm_args: -Djava.awt.headless=true -Xmx64M -Dfile.encoding=x-windows-949 -Duser.country=KR -Duser.language=ko -Duser.variant 
java_command: com.google.devtools.build.android.desugar.Desugar @D:\test\app\build\intermediates\tmp\desugar_args3408770148285004069
java_class_path (initial): C:\Users\Goo\AppData\Local\Temp\desugar_deploy.jar7068671870238761673
Launcher Type: SUN_STANDARD

Environment Variables:
PATH=C:\ProgramData\Oracle\Java\javapath;C:\WINDOWS\system32;C:\WINDOWS;C:\WINDOWS\System32\Wbem;C:\WINDOWS\System32\WindowsPowerShell\v1.0\;C:\OpenSSL;;C:\WINDOWS\System32\OpenSSH\;C:\Users\Goo\AppData\Local\Microsoft\WindowsApps;
USERNAME=Goo
OS=Windows_NT
PROCESSOR_IDENTIFIER=Intel64 Family 6 Model 158 Stepping 9, GenuineIntel



---------------  S Y S T E M  ---------------

OS: Windows 10.0 , 64 bit Build 17134 (10.0.17134.1)

CPU:total 8 (initial active 8) (4 cores per cpu, 2 threads per core) family 6 model 158 stepping 9, cmov, cx8, fxsr, mmx, sse, sse2, sse3, ssse3, sse4.1, sse4.2, popcnt, avx, avx2, aes, clmul, erms, 3dnowpref, lzcnt, ht, tsc, tscinvbit, bmi1, bmi2, adx

Memory: 4k page, physical 16692940k(4727772k free), swap 16692940k(4196k free)

vm_info: OpenJDK 64-Bit Server VM (25.152-b01) for windows-amd64 JRE (1.8.0_152-release-915-b01), built by "builder" with MS VC++ 10.0 (VS2010)

time: Wed May 23 20:38:14 2018
elapsed time: 1 seconds (0d 0h 0m 1s)

