#
# There is insufficient memory for the Java Runtime Environment to continue.
# Native memory allocation (malloc) failed to allocate 2266096 bytes for Chunk::new
# Possible reasons:
#   The system is out of physical RAM or swap space
#   In 32 bit mode, the process size limit was hit
# Possible solutions:
#   Reduce memory load on the system
#   Increase physical memory or swap space
#   Check if swap backing store is full
#   Use 64 bit Java on a 64 bit OS
#   Decrease Java heap size (-Xmx/-Xms)
#   Decrease number of Java threads
#   Decrease Java thread stack sizes (-Xss)
#   Set larger code cache with -XX:ReservedCodeCacheSize=
# This output file may be truncated or incomplete.
#
#  Out of Memory Error (allocation.cpp:390), pid=10592, tid=0x0000000000000808
#
# JRE version: OpenJDK Runtime Environment (8.0_152-b01) (build 1.8.0_152-release-915-b01)
# Java VM: OpenJDK 64-Bit Server VM (25.152-b01 mixed mode windows-amd64 compressed oops)
# Failed to write core dump. Minidumps are not enabled by default on client versions of Windows
#

---------------  T H R E A D  ---------------

Current thread (0x0000000013fa9000):  JavaThread "C2 CompilerThread0" daemon [_thread_in_native, id=2056, stack(0x0000000016600000,0x0000000016700000)]

Stack: [0x0000000016600000,0x0000000016700000]
[error occurred during error reporting (printing stack bounds), id 0xc0000005]

Native frames: (J=compiled Java code, j=interpreted, Vv=VM code, C=native code)


Current CompileTask:
C2:   4376 1111       4       org.objectweb.asm.ClassReader::a (3587 bytes)


---------------  P R O C E S S  ---------------

Java Threads: ( => current thread )
  0x0000000015f87800 JavaThread "Service Thread" daemon [_thread_blocked, id=10932, stack(0x0000000016a00000,0x0000000016b00000)]
  0x0000000015f4e800 JavaThread "C1 CompilerThread3" daemon [_thread_blocked, id=12408, stack(0x0000000016900000,0x0000000016a00000)]
  0x0000000015f2e000 JavaThread "C2 CompilerThread2" daemon [_thread_blocked, id=3080, stack(0x0000000016800000,0x0000000016900000)]
  0x0000000013fab800 JavaThread "C2 CompilerThread1" daemon [_thread_blocked, id=13232, stack(0x0000000016700000,0x0000000016800000)]
=>0x0000000013fa9000 JavaThread "C2 CompilerThread0" daemon [_thread_in_native, id=2056, stack(0x0000000016600000,0x0000000016700000)]
  0x0000000015eff800 JavaThread "Attach Listener" daemon [_thread_blocked, id=9432, stack(0x0000000016500000,0x0000000016600000)]
  0x0000000015eac000 JavaThread "Signal Dispatcher" daemon [_thread_blocked, id=8020, stack(0x0000000016400000,0x0000000016500000)]
  0x00000000037ee000 JavaThread "Finalizer" daemon [_thread_blocked, id=5960, stack(0x0000000016270000,0x0000000016370000)]
  0x00000000037e7000 JavaThread "Reference Handler" daemon [_thread_blocked, id=8936, stack(0x0000000015d70000,0x0000000015e70000)]
  0x000000000333d800 JavaThread "main" [_thread_in_native, id=12100, stack(0x0000000003200000,0x0000000003300000)]

Other Threads:
  0x0000000013f95000 VMThread [stack: 0x0000000015c70000,0x0000000015d70000] [id=12936]
  0x0000000015f88000 WatcherThread [stack: 0x0000000016b00000,0x0000000016c00000] [id=1508]

VM state:not at safepoint (normal execution)

VM Mutex/Monitor currently owned by a thread: None

Heap:
 PSYoungGen      total 18944K, used 4560K [0x00000000feb00000, 0x0000000100000000, 0x0000000100000000)
  eden space 16384K, 12% used [0x00000000feb00000,0x00000000fecf7780,0x00000000ffb00000)
  from space 2560K, 99% used [0x00000000ffb00000,0x00000000ffd7cb60,0x00000000ffd80000)
  to   space 2560K, 0% used [0x00000000ffd80000,0x00000000ffd80000,0x0000000100000000)
 ParOldGen       total 44032K, used 7219K [0x00000000fc000000, 0x00000000feb00000, 0x00000000feb00000)
  object space 44032K, 16% used [0x00000000fc000000,0x00000000fc70ced0,0x00000000feb00000)
 Metaspace       used 7734K, capacity 7970K, committed 8192K, reserved 1056768K
  class space    used 877K, capacity 957K, committed 1024K, reserved 1048576K

Card table byte_map: [0x0000000001910000,0x0000000001940000] byte_map_base: 0x0000000001130000

Marking Bits: (ParMarkBitMap*) 0x00000000673d3950
 Begin Bits: [0x00000000133b0000, 0x00000000134b0000)
 End Bits:   [0x00000000134b0000, 0x00000000135b0000)

Polling page: 0x00000000018e0000

CodeCache: size=245760Kb used=4258Kb max_used=4271Kb free=241501Kb
 bounds [0x00000000037f0000, 0x0000000003c20000, 0x00000000127f0000]
 total_blobs=1460 nmethods=1125 adapters=248
 compilation: enabled

Compilation events (10 events):
Event: 3.949 Thread 0x0000000013fab800 1122 %     4       org.objectweb.asm.tree.InsnList::accept @ 5 (23 bytes)
Event: 3.950 Thread 0x0000000013fab800 nmethod 1122% 0x0000000003beef90 code [0x0000000003bef0e0, 0x0000000003bef1f8]
Event: 3.950 Thread 0x0000000015f4e800 1123       3       org.objectweb.asm.MethodWriter::visitIntInsn (112 bytes)
Event: 3.951 Thread 0x0000000015f4e800 nmethod 1123 0x0000000003bf5bd0 code [0x0000000003bf5d80, 0x0000000003bf6248]
Event: 3.951 Thread 0x0000000015f2e000 1124       4       org.objectweb.asm.MethodWriter::visitLabel (321 bytes)
Event: 3.958 Thread 0x0000000015f2e000 nmethod 1124 0x0000000003bf4f10 code [0x0000000003bf5080, 0x0000000003bf5658]
Event: 3.958 Thread 0x0000000013fab800 1125       4       org.objectweb.asm.MethodVisitor::visitLabel (16 bytes)
Event: 3.970 Thread 0x0000000013fab800 nmethod 1125 0x0000000003bea4d0 code [0x0000000003bea660, 0x0000000003beadb8]
Event: 3.972 Thread 0x0000000015f2e000 1126       4       java.util.zip.ZipOutputStream::writeInt (69 bytes)
Event: 3.978 Thread 0x0000000015f2e000 nmethod 1126 0x0000000003bec410 code [0x0000000003bec5a0, 0x0000000003bece50]

GC Heap History (6 events):
Event: 0.947 GC heap before
{Heap before GC invocations=1 (full 0):
 PSYoungGen      total 18944K, used 16384K [0x00000000feb00000, 0x0000000100000000, 0x0000000100000000)
  eden space 16384K, 100% used [0x00000000feb00000,0x00000000ffb00000,0x00000000ffb00000)
  from space 2560K, 0% used [0x00000000ffd80000,0x00000000ffd80000,0x0000000100000000)
  to   space 2560K, 0% used [0x00000000ffb00000,0x00000000ffb00000,0x00000000ffd80000)
 ParOldGen       total 44032K, used 0K [0x00000000fc000000, 0x00000000feb00000, 0x00000000feb00000)
  object space 44032K, 0% used [0x00000000fc000000,0x00000000fc000000,0x00000000feb00000)
 Metaspace       used 6624K, capacity 6800K, committed 7040K, reserved 1056768K
  class space    used 773K, capacity 824K, committed 896K, reserved 1048576K
Event: 0.951 GC heap after
Heap after GC invocations=1 (full 0):
 PSYoungGen      total 18944K, used 2547K [0x00000000feb00000, 0x0000000100000000, 0x0000000100000000)
  eden space 16384K, 0% used [0x00000000feb00000,0x00000000feb00000,0x00000000ffb00000)
  from space 2560K, 99% used [0x00000000ffb00000,0x00000000ffd7cc50,0x00000000ffd80000)
  to   space 2560K, 0% used [0x00000000ffd80000,0x00000000ffd80000,0x0000000100000000)
 ParOldGen       total 44032K, used 1587K [0x00000000fc000000, 0x00000000feb00000, 0x00000000feb00000)
  object space 44032K, 3% used [0x00000000fc000000,0x00000000fc18cee0,0x00000000feb00000)
 Metaspace       used 6624K, capacity 6800K, committed 7040K, reserved 1056768K
  class space    used 773K, capacity 824K, committed 896K, reserved 1048576K
}
Event: 1.390 GC heap before
{Heap before GC invocations=2 (full 0):
 PSYoungGen      total 18944K, used 18931K [0x00000000feb00000, 0x0000000100000000, 0x0000000100000000)
  eden space 16384K, 100% used [0x00000000feb00000,0x00000000ffb00000,0x00000000ffb00000)
  from space 2560K, 99% used [0x00000000ffb00000,0x00000000ffd7cc50,0x00000000ffd80000)
  to   space 2560K, 0% used [0x00000000ffd80000,0x00000000ffd80000,0x0000000100000000)
 ParOldGen       total 44032K, used 1587K [0x00000000fc000000, 0x00000000feb00000, 0x00000000feb00000)
  object space 44032K, 3% used [0x00000000fc000000,0x00000000fc18cee0,0x00000000feb00000)
 Metaspace       used 6967K, capacity 7106K, committed 7296K, reserved 1056768K
  class space    used 816K, capacity 861K, committed 896K, reserved 1048576K
Event: 1.398 GC heap after
Heap after GC invocations=2 (full 0):
 PSYoungGen      total 18944K, used 2547K [0x00000000feb00000, 0x0000000100000000, 0x0000000100000000)
  eden space 16384K, 0% used [0x00000000feb00000,0x00000000feb00000,0x00000000ffb00000)
  from space 2560K, 99% used [0x00000000ffd80000,0x00000000ffffce20,0x0000000100000000)
  to   space 2560K, 0% used [0x00000000ffb00000,0x00000000ffb00000,0x00000000ffd80000)
 ParOldGen       total 44032K, used 6016K [0x00000000fc000000, 0x00000000feb00000, 0x00000000feb00000)
  object space 44032K, 13% used [0x00000000fc000000,0x00000000fc5e03c8,0x00000000feb00000)
 Metaspace       used 6967K, capacity 7106K, committed 7296K, reserved 1056768K
  class space    used 816K, capacity 861K, committed 896K, reserved 1048576K
}
Event: 2.832 GC heap before
{Heap before GC invocations=3 (full 0):
 PSYoungGen      total 18944K, used 18931K [0x00000000feb00000, 0x0000000100000000, 0x0000000100000000)
  eden space 16384K, 100% used [0x00000000feb00000,0x00000000ffb00000,0x00000000ffb00000)
  from space 2560K, 99% used [0x00000000ffd80000,0x00000000ffffce20,0x0000000100000000)
  to   space 2560K, 0% used [0x00000000ffb00000,0x00000000ffb00000,0x00000000ffd80000)
 ParOldGen       total 44032K, used 6016K [0x00000000fc000000, 0x00000000feb00000, 0x00000000feb00000)
  object space 44032K, 13% used [0x00000000fc000000,0x00000000fc5e03c8,0x00000000feb00000)
 Metaspace       used 7728K, capacity 7970K, committed 8192K, reserved 1056768K
  class space    used 877K, capacity 957K, committed 1024K, reserved 1048576K
Event: 3.810 GC heap after
Heap after GC invocations=3 (full 0):
 PSYoungGen      total 18944K, used 2546K [0x00000000feb00000, 0x0000000100000000, 0x0000000100000000)
  eden space 16384K, 0% used [0x00000000feb00000,0x00000000feb00000,0x00000000ffb00000)
  from space 2560K, 99% used [0x00000000ffb00000,0x00000000ffd7cb60,0x00000000ffd80000)
  to   space 2560K, 0% used [0x00000000ffd80000,0x00000000ffd80000,0x0000000100000000)
 ParOldGen       total 44032K, used 7219K [0x00000000fc000000, 0x00000000feb00000, 0x00000000feb00000)
  object space 44032K, 16% used [0x00000000fc000000,0x00000000fc70ced0,0x00000000feb00000)
 Metaspace       used 7728K, capacity 7970K, committed 8192K, reserved 1056768K
  class space    used 877K, capacity 957K, committed 1024K, reserved 1048576K
}

Deoptimization events (10 events):
Event: 2.142 Thread 0x000000000333d800 Uncommon trap: reason=bimorphic action=maybe_recompile pc=0x0000000003b8e7bc method=org.objectweb.asm.MethodVisitor.visitInsn(I)V @ 12
Event: 2.142 Thread 0x000000000333d800 Uncommon trap: reason=bimorphic action=maybe_recompile pc=0x0000000003b8e7bc method=org.objectweb.asm.MethodVisitor.visitInsn(I)V @ 12
Event: 2.143 Thread 0x000000000333d800 Uncommon trap: reason=bimorphic action=maybe_recompile pc=0x0000000003b8e7bc method=org.objectweb.asm.MethodVisitor.visitInsn(I)V @ 12
Event: 2.143 Thread 0x000000000333d800 Uncommon trap: reason=unstable_if action=reinterpret pc=0x0000000003b48af4 method=org.objectweb.asm.Type.getArgumentsAndReturnSizes(Ljava/lang/String;)I @ 130
Event: 3.903 Thread 0x000000000333d800 Uncommon trap: reason=unstable_if action=reinterpret pc=0x0000000003adff88 method=org.objectweb.asm.ClassReader.readUTF8(I[C)Ljava/lang/String; @ 11
Event: 3.924 Thread 0x000000000333d800 Uncommon trap: reason=null_check action=make_not_entrant pc=0x0000000003bf45b0 method=com.google.devtools.build.android.desugar.InterfaceDesugaring$InterfaceInvocationRewriter.visitMethodInsn(ILjava/lang/String;Ljava/lang/String;Ljava/lang/String;Z)V @ 10
Event: 3.949 Thread 0x000000000333d800 Uncommon trap: reason=class_check action=maybe_recompile pc=0x0000000003bf34f0 method=org.objectweb.asm.MethodVisitor.visitLabel(Lorg/objectweb/asm/Label;)V @ 12
Event: 3.949 Thread 0x000000000333d800 Uncommon trap: reason=class_check action=maybe_recompile pc=0x0000000003bf34f0 method=org.objectweb.asm.MethodVisitor.visitLabel(Lorg/objectweb/asm/Label;)V @ 12
Event: 3.949 Thread 0x000000000333d800 Uncommon trap: reason=class_check action=maybe_recompile pc=0x0000000003bf34f0 method=org.objectweb.asm.MethodVisitor.visitLabel(Lorg/objectweb/asm/Label;)V @ 12
Event: 3.949 Thread 0x000000000333d800 Uncommon trap: reason=class_check action=maybe_recompile pc=0x0000000003bf34f0 method=org.objectweb.asm.MethodVisitor.visitLabel(Lorg/objectweb/asm/Label;)V @ 12

Classes redefined (0 events):
No events

Internal exceptions (10 events):
Event: 1.406 Thread 0x000000000333d800 Exception <a 'sun/nio/fs/WindowsException'> (0x00000000feb9d660) thrown at [D:\src\AOSP-openjdk-cygwin\jdk8u\hotspot\src\share\vm\prims\jni.cpp, line 709]
Event: 1.413 Thread 0x000000000333d800 Exception <a 'sun/nio/fs/WindowsException'> (0x00000000feba8e40) thrown at [D:\src\AOSP-openjdk-cygwin\jdk8u\hotspot\src\share\vm\prims\jni.cpp, line 709]
Event: 1.413 Thread 0x000000000333d800 Exception <a 'sun/nio/fs/WindowsException'> (0x00000000feba9318) thrown at [D:\src\AOSP-openjdk-cygwin\jdk8u\hotspot\src\share\vm\prims\jni.cpp, line 709]
Event: 1.787 Thread 0x000000000333d800 Exception <a 'sun/nio/fs/WindowsException'> (0x00000000fef41208) thrown at [D:\src\AOSP-openjdk-cygwin\jdk8u\hotspot\src\share\vm\prims\jni.cpp, line 709]
Event: 1.787 Thread 0x000000000333d800 Exception <a 'sun/nio/fs/WindowsException'> (0x00000000fef416e0) thrown at [D:\src\AOSP-openjdk-cygwin\jdk8u\hotspot\src\share\vm\prims\jni.cpp, line 709]
Event: 2.596 Thread 0x000000000333d800 Exception <a 'sun/nio/fs/WindowsException'> (0x00000000ff997a08) thrown at [D:\src\AOSP-openjdk-cygwin\jdk8u\hotspot\src\share\vm\prims\jni.cpp, line 709]
Event: 2.596 Thread 0x000000000333d800 Exception <a 'sun/nio/fs/WindowsException'> (0x00000000ff997ee0) thrown at [D:\src\AOSP-openjdk-cygwin\jdk8u\hotspot\src\share\vm\prims\jni.cpp, line 709]
Event: 3.924 Thread 0x000000000333d800 Implicit null exception at 0x0000000003bf41d3 to 0x0000000003bf4589
Event: 3.985 Thread 0x000000000333d800 Exception <a 'sun/nio/fs/WindowsException'> (0x00000000fece1ec0) thrown at [D:\src\AOSP-openjdk-cygwin\jdk8u\hotspot\src\share\vm\prims\jni.cpp, line 709]
Event: 3.985 Thread 0x000000000333d800 Exception <a 'sun/nio/fs/WindowsException'> (0x00000000fece2398) thrown at [D:\src\AOSP-openjdk-cygwin\jdk8u\hotspot\src\share\vm\prims\jni.cpp, line 709]

Events (10 events):
Event: 3.949 Thread 0x000000000333d800 Uncommon trap: trap_request=0xffffffde fr.pc=0x0000000003bf34f0
Event: 3.949 Thread 0x000000000333d800 DEOPT PACKING pc=0x0000000003bf34f0 sp=0x00000000032fe7b0
Event: 3.949 Thread 0x000000000333d800 DEOPT UNPACKING pc=0x000000000383556a sp=0x00000000032fe770 mode 2
Event: 3.949 Thread 0x000000000333d800 Uncommon trap: trap_request=0xffffffde fr.pc=0x0000000003bf34f0
Event: 3.949 Thread 0x000000000333d800 DEOPT PACKING pc=0x0000000003bf34f0 sp=0x00000000032fe7b0
Event: 3.949 Thread 0x000000000333d800 DEOPT UNPACKING pc=0x000000000383556a sp=0x00000000032fe770 mode 2
Event: 3.970 Thread 0x000000000333d800 DEOPT PACKING pc=0x0000000003af31dd sp=0x00000000032fe610
Event: 3.971 Thread 0x000000000333d800 DEOPT UNPACKING pc=0x00000000038375bf sp=0x00000000032fe5c0 mode 0
Event: 4.161 Executing VM operation: EnableBiasedLocking
Event: 4.161 Executing VM operation: EnableBiasedLocking done


Dynamic libraries:
0x00007ff7bef40000 - 0x00007ff7bef71000 	C:\Program Files\Android\Android Studio\jre\bin\java.exe
0x00007ffba9340000 - 0x00007ffba9521000 	C:\WINDOWS\SYSTEM32\ntdll.dll
0x00007ffba6ca0000 - 0x00007ffba6d52000 	C:\WINDOWS\System32\KERNEL32.DLL
0x00007ffba6070000 - 0x00007ffba62e3000 	C:\WINDOWS\System32\KERNELBASE.dll
0x00007ffba9260000 - 0x00007ffba9301000 	C:\WINDOWS\System32\ADVAPI32.dll
0x00007ffba77b0000 - 0x00007ffba784e000 	C:\WINDOWS\System32\msvcrt.dll
0x00007ffba71b0000 - 0x00007ffba720b000 	C:\WINDOWS\System32\sechost.dll
0x00007ffba7580000 - 0x00007ffba76a4000 	C:\WINDOWS\System32\RPCRT4.dll
0x00007ffba7ac0000 - 0x00007ffba7c50000 	C:\WINDOWS\System32\USER32.dll
0x00007ffba5790000 - 0x00007ffba57b0000 	C:\WINDOWS\System32\win32u.dll
0x00007ffba67e0000 - 0x00007ffba6808000 	C:\WINDOWS\System32\GDI32.dll
0x00007ffba6530000 - 0x00007ffba66c2000 	C:\WINDOWS\System32\gdi32full.dll
0x00007ffba5fd0000 - 0x00007ffba606f000 	C:\WINDOWS\System32\msvcp_win.dll
0x00007ffba66d0000 - 0x00007ffba67ca000 	C:\WINDOWS\System32\ucrtbase.dll
0x00007ffb93ad0000 - 0x00007ffb93d39000 	C:\WINDOWS\WinSxS\amd64_microsoft.windows.common-controls_6595b64144ccf1df_6.0.17134.48_none_b4b2216a3cb4dd3e\COMCTL32.dll
0x00007ffba6810000 - 0x00007ffba6b33000 	C:\WINDOWS\System32\combase.dll
0x00007ffba5710000 - 0x00007ffba578a000 	C:\WINDOWS\System32\bcryptPrimitives.dll
0x00007ffba9090000 - 0x00007ffba90bd000 	C:\WINDOWS\System32\IMM32.DLL
0x0000000069530000 - 0x0000000069602000 	C:\Program Files\Android\Android Studio\jre\jre\bin\msvcr100.dll
0x0000000066c10000 - 0x000000006744e000 	C:\Program Files\Android\Android Studio\jre\jre\bin\server\jvm.dll
0x00007ffba91d0000 - 0x00007ffba91d8000 	C:\WINDOWS\System32\PSAPI.DLL
0x00007ffba1d20000 - 0x00007ffba1d29000 	C:\WINDOWS\SYSTEM32\WSOCK32.dll
0x00007ffba7510000 - 0x00007ffba757c000 	C:\WINDOWS\System32\WS2_32.dll
0x00007ffb9d7c0000 - 0x00007ffb9d7ca000 	C:\WINDOWS\SYSTEM32\VERSION.dll
0x00007ffb95780000 - 0x00007ffb957a3000 	C:\WINDOWS\SYSTEM32\WINMM.dll
0x00007ffb95570000 - 0x00007ffb9559a000 	C:\WINDOWS\SYSTEM32\WINMMBASE.dll
0x00007ffba64e0000 - 0x00007ffba6529000 	C:\WINDOWS\System32\cfgmgr32.dll
0x00007ffba1b20000 - 0x00007ffba1b2f000 	C:\Program Files\Android\Android Studio\jre\jre\bin\verify.dll
0x00007ffb9e9c0000 - 0x00007ffb9e9e9000 	C:\Program Files\Android\Android Studio\jre\jre\bin\java.dll
0x00007ffba1b00000 - 0x00007ffba1b16000 	C:\Program Files\Android\Android Studio\jre\jre\bin\zip.dll
0x00007ffba7c50000 - 0x00007ffba9090000 	C:\WINDOWS\System32\SHELL32.dll
0x00007ffba9120000 - 0x00007ffba91c9000 	C:\WINDOWS\System32\shcore.dll
0x00007ffba58c0000 - 0x00007ffba5fcd000 	C:\WINDOWS\System32\windows.storage.dll
0x00007ffba90c0000 - 0x00007ffba9111000 	C:\WINDOWS\System32\shlwapi.dll
0x00007ffba5680000 - 0x00007ffba5691000 	C:\WINDOWS\System32\kernel.appcore.dll
0x00007ffba56f0000 - 0x00007ffba570f000 	C:\WINDOWS\System32\profapi.dll
0x00007ffba56a0000 - 0x00007ffba56ec000 	C:\WINDOWS\System32\powrprof.dll
0x00007ffba5650000 - 0x00007ffba565a000 	C:\WINDOWS\System32\FLTLIB.DLL
0x00007ffba5080000 - 0x00007ffba5097000 	C:\WINDOWS\SYSTEM32\CRYPTSP.dll
0x00007ffba4ab0000 - 0x00007ffba4ae3000 	C:\WINDOWS\system32\rsaenh.dll
0x00007ffba51b0000 - 0x00007ffba51d5000 	C:\WINDOWS\SYSTEM32\bcrypt.dll
0x00007ffba5580000 - 0x00007ffba55a8000 	C:\WINDOWS\SYSTEM32\USERENV.dll
0x00007ffba50a0000 - 0x00007ffba50ab000 	C:\WINDOWS\SYSTEM32\CRYPTBASE.dll
0x00007ffb9e9a0000 - 0x00007ffb9e9ba000 	C:\Program Files\Android\Android Studio\jre\jre\bin\net.dll
0x00007ffba4ed0000 - 0x00007ffba4f36000 	C:\WINDOWS\system32\mswsock.dll
0x00007ffba4c50000 - 0x00007ffba4c88000 	C:\WINDOWS\SYSTEM32\IPHLPAPI.DLL
0x00007ffba7430000 - 0x00007ffba7438000 	C:\WINDOWS\System32\NSI.dll
0x00007ffb9a1f0000 - 0x00007ffb9a206000 	C:\WINDOWS\SYSTEM32\dhcpcsvc6.DLL
0x00007ffb9a120000 - 0x00007ffb9a13a000 	C:\WINDOWS\SYSTEM32\dhcpcsvc.DLL
0x00007ffb9e900000 - 0x00007ffb9e911000 	C:\Program Files\Android\Android Studio\jre\jre\bin\nio.dll

VM Arguments:
jvm_args: -Djava.awt.headless=true -Xmx64M -Dfile.encoding=x-windows-949 -Duser.country=KR -Duser.language=ko -Duser.variant 
java_command: com.google.devtools.build.android.desugar.Desugar @D:\test\app\build\intermediates\tmp\desugar_args7127849962963905762
java_class_path (initial): C:\Users\Goo\AppData\Local\Temp\desugar_deploy.jar914161806448729915
Launcher Type: SUN_STANDARD

Environment Variables:
PATH=C:\ProgramData\Oracle\Java\javapath;C:\WINDOWS\system32;C:\WINDOWS;C:\WINDOWS\System32\Wbem;C:\WINDOWS\System32\WindowsPowerShell\v1.0\;C:\OpenSSL;;C:\WINDOWS\System32\OpenSSH\;C:\Users\Goo\AppData\Local\Microsoft\WindowsApps;
USERNAME=Goo
OS=Windows_NT
PROCESSOR_IDENTIFIER=Intel64 Family 6 Model 158 Stepping 9, GenuineIntel



---------------  S Y S T E M  ---------------

OS: Windows 10.0 , 64 bit Build 17134 (10.0.17134.1)

CPU:total 8 (initial active 8) (4 cores per cpu, 2 threads per core) family 6 model 158 stepping 9, cmov, cx8, fxsr, mmx, sse, sse2, sse3, ssse3, sse4.1, sse4.2, popcnt, avx, avx2, aes, clmul, erms, 3dnowpref, lzcnt, ht, tsc, tscinvbit, bmi1, bmi2, adx

Memory: 4k page, physical 16692940k(4722804k free), swap 16692940k(4160k free)

vm_info: OpenJDK 64-Bit Server VM (25.152-b01) for windows-amd64 JRE (1.8.0_152-release-915-b01), built by "builder" with MS VC++ 10.0 (VS2010)

time: Sat May 26 18:48:05 2018
elapsed time: 4 seconds (0d 0h 0m 4s)

