#
# There is insufficient memory for the Java Runtime Environment to continue.
# Native memory allocation (malloc) failed to allocate 256576 bytes for Chunk::new
# Possible reasons:
#   The system is out of physical RAM or swap space
#   In 32 bit mode, the process size limit was hit
# Possible solutions:
#   Reduce memory load on the system
#   Increase physical memory or swap space
#   Check if swap backing store is full
#   Use 64 bit Java on a 64 bit OS
#   Decrease Java heap size (-Xmx/-Xms)
#   Decrease number of Java threads
#   Decrease Java thread stack sizes (-Xss)
#   Set larger code cache with -XX:ReservedCodeCacheSize=
# This output file may be truncated or incomplete.
#
#  Out of Memory Error (allocation.cpp:390), pid=7260, tid=0x00000000000002d8
#
# JRE version: OpenJDK Runtime Environment (8.0_152-b01) (build 1.8.0_152-release-915-b01)
# Java VM: OpenJDK 64-Bit Server VM (25.152-b01 mixed mode windows-amd64 compressed oops)
# Failed to write core dump. Minidumps are not enabled by default on client versions of Windows
#

---------------  T H R E A D  ---------------

Current thread (0x000000001564d800):  JavaThread "C2 CompilerThread0" daemon [_thread_in_native, id=728, stack(0x0000000015d60000,0x0000000015e60000)]

Stack: [0x0000000015d60000,0x0000000015e60000]
[error occurred during error reporting (printing stack bounds), id 0xc0000005]

Native frames: (J=compiled Java code, j=interpreted, Vv=VM code, C=native code)


Current CompileTask:
C2:   2379 1048       4       org.objectweb.asm.ClassReader::a (500 bytes)


---------------  P R O C E S S  ---------------

Java Threads: ( => current thread )
  0x00000000156a7000 JavaThread "Service Thread" daemon [_thread_blocked, id=5080, stack(0x0000000016160000,0x0000000016260000)]
  0x0000000015671000 JavaThread "C1 CompilerThread3" daemon [_thread_in_vm, id=12560, stack(0x0000000016060000,0x0000000016160000)]
  0x0000000015653000 JavaThread "C2 CompilerThread2" daemon [_thread_in_native, id=9800, stack(0x0000000015f60000,0x0000000016060000)]
  0x0000000015650000 JavaThread "C2 CompilerThread1" daemon [_thread_in_native, id=9024, stack(0x0000000015e60000,0x0000000015f60000)]
=>0x000000001564d800 JavaThread "C2 CompilerThread0" daemon [_thread_in_native, id=728, stack(0x0000000015d60000,0x0000000015e60000)]
  0x000000001564c000 JavaThread "Attach Listener" daemon [_thread_blocked, id=9192, stack(0x0000000015c60000,0x0000000015d60000)]
  0x00000000155f9000 JavaThread "Signal Dispatcher" daemon [_thread_blocked, id=6784, stack(0x0000000015b60000,0x0000000015c60000)]
  0x00000000155e0800 JavaThread "Finalizer" daemon [_thread_blocked, id=10096, stack(0x00000000159c0000,0x0000000015ac0000)]
  0x0000000002f08000 JavaThread "Reference Handler" daemon [_thread_blocked, id=3108, stack(0x00000000154c0000,0x00000000155c0000)]
  0x00000000028bd800 JavaThread "main" [_thread_in_vm, id=1064, stack(0x0000000002d10000,0x0000000002e10000)]

Other Threads:
  0x00000000136e5000 VMThread [stack: 0x00000000153c0000,0x00000000154c0000] [id=10804]
  0x00000000156e9000 WatcherThread [stack: 0x0000000016260000,0x0000000016360000] [id=1148]

VM state:not at safepoint (normal execution)

VM Mutex/Monitor currently owned by a thread: None

Heap:
 PSYoungGen      total 18944K, used 5483K [0x00000000feb00000, 0x0000000100000000, 0x0000000100000000)
  eden space 16384K, 17% used [0x00000000feb00000,0x00000000fede1408,0x00000000ffb00000)
  from space 2560K, 98% used [0x00000000ffb00000,0x00000000ffd79900,0x00000000ffd80000)
  to   space 2560K, 0% used [0x00000000ffd80000,0x00000000ffd80000,0x0000000100000000)
 ParOldGen       total 44032K, used 7040K [0x00000000fc000000, 0x00000000feb00000, 0x00000000feb00000)
  object space 44032K, 15% used [0x00000000fc000000,0x00000000fc6e0388,0x00000000feb00000)
 Metaspace       used 7674K, capacity 7850K, committed 7936K, reserved 1056768K
  class space    used 875K, capacity 957K, committed 1024K, reserved 1048576K

Card table byte_map: [0x0000000002860000,0x0000000002890000] byte_map_base: 0x0000000002080000

Marking Bits: (ParMarkBitMap*) 0x000000005cab3950
 Begin Bits: [0x0000000012ad0000, 0x0000000012bd0000)
 End Bits:   [0x0000000012bd0000, 0x0000000012cd0000)

Polling page: 0x00000000007f0000

CodeCache: size=245760Kb used=3937Kb max_used=3945Kb free=241822Kb
 bounds [0x0000000002f10000, 0x00000000032f0000, 0x0000000011f10000]
 total_blobs=1394 nmethods=1059 adapters=248
 compilation: enabled

Compilation events (10 events):
Event: 2.371 Thread 0x0000000015650000 1053 %     4       org.objectweb.asm.tree.InsnList::accept @ 5 (23 bytes)
Event: 2.371 Thread 0x0000000015671000 nmethod 1054 0x00000000032e8850 code [0x00000000032e89c0, 0x00000000032e8cc8]
Event: 2.372 Thread 0x0000000015650000 nmethod 1053% 0x00000000032dccd0 code [0x00000000032dce20, 0x00000000032dcf38]
Event: 2.372 Thread 0x0000000015650000 1049       4       org.objectweb.asm.MethodVisitor::<init> (35 bytes)
Event: 2.373 Thread 0x0000000015650000 nmethod 1049 0x00000000032d9290 code [0x00000000032d93c0, 0x00000000032d9478]
Event: 2.373 Thread 0x0000000015650000 1055       4       org.objectweb.asm.MethodWriter::visitMaxs (1146 bytes)
Event: 2.373 Thread 0x0000000015671000 1056       3       java.util.HashMap$HashIterator::<init> (79 bytes)
Event: 2.373 Thread 0x0000000015671000 nmethod 1056 0x00000000032e81d0 code [0x00000000032e8340, 0x00000000032e86d0]
Event: 2.376 Thread 0x0000000015671000 1058       3       org.objectweb.asm.ClassVisitor::visitOuterClass (18 bytes)
Event: 2.376 Thread 0x0000000015671000 nmethod 1058 0x00000000032dea10 code [0x00000000032deb80, 0x00000000032dede8]

GC Heap History (6 events):
Event: 0.927 GC heap before
{Heap before GC invocations=1 (full 0):
 PSYoungGen      total 18944K, used 16384K [0x00000000feb00000, 0x0000000100000000, 0x0000000100000000)
  eden space 16384K, 100% used [0x00000000feb00000,0x00000000ffb00000,0x00000000ffb00000)
  from space 2560K, 0% used [0x00000000ffd80000,0x00000000ffd80000,0x0000000100000000)
  to   space 2560K, 0% used [0x00000000ffb00000,0x00000000ffb00000,0x00000000ffd80000)
 ParOldGen       total 44032K, used 0K [0x00000000fc000000, 0x00000000feb00000, 0x00000000feb00000)
  object space 44032K, 0% used [0x00000000fc000000,0x00000000fc000000,0x00000000feb00000)
 Metaspace       used 6615K, capacity 6744K, committed 7040K, reserved 1056768K
  class space    used 774K, capacity 824K, committed 896K, reserved 1048576K
Event: 0.958 GC heap after
Heap after GC invocations=1 (full 0):
 PSYoungGen      total 18944K, used 2537K [0x00000000feb00000, 0x0000000100000000, 0x0000000100000000)
  eden space 16384K, 0% used [0x00000000feb00000,0x00000000feb00000,0x00000000ffb00000)
  from space 2560K, 99% used [0x00000000ffb00000,0x00000000ffd7a620,0x00000000ffd80000)
  to   space 2560K, 0% used [0x00000000ffd80000,0x00000000ffd80000,0x0000000100000000)
 ParOldGen       total 44032K, used 1645K [0x00000000fc000000, 0x00000000feb00000, 0x00000000feb00000)
  object space 44032K, 3% used [0x00000000fc000000,0x00000000fc19b710,0x00000000feb00000)
 Metaspace       used 6615K, capacity 6744K, committed 7040K, reserved 1056768K
  class space    used 774K, capacity 824K, committed 896K, reserved 1048576K
}
Event: 1.345 GC heap before
{Heap before GC invocations=2 (full 0):
 PSYoungGen      total 18944K, used 18921K [0x00000000feb00000, 0x0000000100000000, 0x0000000100000000)
  eden space 16384K, 100% used [0x00000000feb00000,0x00000000ffb00000,0x00000000ffb00000)
  from space 2560K, 99% used [0x00000000ffb00000,0x00000000ffd7a620,0x00000000ffd80000)
  to   space 2560K, 0% used [0x00000000ffd80000,0x00000000ffd80000,0x0000000100000000)
 ParOldGen       total 44032K, used 1645K [0x00000000fc000000, 0x00000000feb00000, 0x00000000feb00000)
  object space 44032K, 3% used [0x00000000fc000000,0x00000000fc19b710,0x00000000feb00000)
 Metaspace       used 6964K, capacity 7114K, committed 7296K, reserved 1056768K
  class space    used 816K, capacity 861K, committed 896K, reserved 1048576K
Event: 1.371 GC heap after
Heap after GC invocations=2 (full 0):
 PSYoungGen      total 18944K, used 2547K [0x00000000feb00000, 0x0000000100000000, 0x0000000100000000)
  eden space 16384K, 0% used [0x00000000feb00000,0x00000000feb00000,0x00000000ffb00000)
  from space 2560K, 99% used [0x00000000ffd80000,0x00000000ffffce20,0x0000000100000000)
  to   space 2560K, 0% used [0x00000000ffb00000,0x00000000ffb00000,0x00000000ffd80000)
 ParOldGen       total 44032K, used 5874K [0x00000000fc000000, 0x00000000feb00000, 0x00000000feb00000)
  object space 44032K, 13% used [0x00000000fc000000,0x00000000fc5bcbf8,0x00000000feb00000)
 Metaspace       used 6964K, capacity 7114K, committed 7296K, reserved 1056768K
  class space    used 816K, capacity 861K, committed 896K, reserved 1048576K
}
Event: 1.762 GC heap before
{Heap before GC invocations=3 (full 0):
 PSYoungGen      total 18944K, used 18931K [0x00000000feb00000, 0x0000000100000000, 0x0000000100000000)
  eden space 16384K, 100% used [0x00000000feb00000,0x00000000ffb00000,0x00000000ffb00000)
  from space 2560K, 99% used [0x00000000ffd80000,0x00000000ffffce20,0x0000000100000000)
  to   space 2560K, 0% used [0x00000000ffb00000,0x00000000ffb00000,0x00000000ffd80000)
 ParOldGen       total 44032K, used 5874K [0x00000000fc000000, 0x00000000feb00000, 0x00000000feb00000)
  object space 44032K, 13% used [0x00000000fc000000,0x00000000fc5bcbf8,0x00000000feb00000)
 Metaspace       used 7669K, capacity 7850K, committed 7936K, reserved 1056768K
  class space    used 875K, capacity 957K, committed 1024K, reserved 1048576K
Event: 2.349 GC heap after
Heap after GC invocations=3 (full 0):
 PSYoungGen      total 18944K, used 2534K [0x00000000feb00000, 0x0000000100000000, 0x0000000100000000)
  eden space 16384K, 0% used [0x00000000feb00000,0x00000000feb00000,0x00000000ffb00000)
  from space 2560K, 98% used [0x00000000ffb00000,0x00000000ffd79900,0x00000000ffd80000)
  to   space 2560K, 0% used [0x00000000ffd80000,0x00000000ffd80000,0x0000000100000000)
 ParOldGen       total 44032K, used 7040K [0x00000000fc000000, 0x00000000feb00000, 0x00000000feb00000)
  object space 44032K, 15% used [0x00000000fc000000,0x00000000fc6e0388,0x00000000feb00000)
 Metaspace       used 7669K, capacity 7850K, committed 7936K, reserved 1056768K
  class space    used 875K, capacity 957K, committed 1024K, reserved 1048576K
}

Deoptimization events (10 events):
Event: 0.915 Thread 0x00000000028bd800 Uncommon trap: reason=unstable_if action=reinterpret pc=0x000000000313edc8 method=java.util.zip.ZipFile$ZipEntryIterator.hasNext()Z @ 25
Event: 0.915 Thread 0x00000000028bd800 Uncommon trap: reason=unstable_if action=reinterpret pc=0x00000000031501c0 method=java.util.zip.ZipCoder.decoder()Ljava/nio/charset/CharsetDecoder; @ 4
Event: 0.916 Thread 0x00000000028bd800 Uncommon trap: reason=unstable_if action=reinterpret pc=0x0000000003145a9c method=java.util.zip.ZipFile$ZipEntryIterator.hasNext()Z @ 25
Event: 0.916 Thread 0x00000000028bd800 Uncommon trap: reason=unstable_if action=reinterpret pc=0x000000000314bb6c method=java.util.zip.ZipCoder.decoder()Ljava/nio/charset/CharsetDecoder; @ 4
Event: 0.996 Thread 0x00000000028bd800 Uncommon trap: reason=unstable_if action=reinterpret pc=0x0000000003160fc8 method=java.util.HashMap$HashIterator.nextNode()Ljava/util/HashMap$Node; @ 74
Event: 1.167 Thread 0x00000000028bd800 Uncommon trap: reason=unstable_if action=reinterpret pc=0x0000000003164248 method=java.util.HashMap$HashIterator.nextNode()Ljava/util/HashMap$Node; @ 74
Event: 1.314 Thread 0x00000000028bd800 Uncommon trap: reason=unloaded action=reinterpret pc=0x0000000003147e7c method=java.util.zip.ZipEntry.setExtra0([BZ)V @ 37
Event: 1.399 Thread 0x00000000028bd800 Uncommon trap: reason=unstable_if action=reinterpret pc=0x00000000030bb638 method=java.lang.String.<init>([CII)V @ 18
Event: 1.673 Thread 0x00000000028bd800 Uncommon trap: reason=unstable_if action=reinterpret pc=0x000000000328279c method=org.objectweb.asm.Type.getArgumentsAndReturnSizes(Ljava/lang/String;)I @ 130
Event: 2.366 Thread 0x00000000028bd800 Uncommon trap: reason=unstable_if action=reinterpret pc=0x00000000032bb274 method=org.objectweb.asm.tree.MethodNode.getLabelNodes([Ljava/lang/Object;)[Ljava/lang/Object; @ 24

Classes redefined (0 events):
No events

Internal exceptions (10 events):
Event: 0.916 Thread 0x00000000028bd800 Implicit null exception at 0x000000000314b193 to 0x000000000314bb31
Event: 1.164 Thread 0x00000000028bd800 Exception <a 'sun/nio/fs/WindowsException'> (0x00000000ff21aeb8) thrown at [D:\src\AOSP-openjdk-cygwin\jdk8u\hotspot\src\share\vm\prims\jni.cpp, line 709]
Event: 1.165 Thread 0x00000000028bd800 Exception <a 'sun/nio/fs/WindowsException'> (0x00000000ff21b478) thrown at [D:\src\AOSP-openjdk-cygwin\jdk8u\hotspot\src\share\vm\prims\jni.cpp, line 709]
Event: 1.165 Thread 0x00000000028bd800 Exception <a 'sun/nio/fs/WindowsException'> (0x00000000ff21ba40) thrown at [D:\src\AOSP-openjdk-cygwin\jdk8u\hotspot\src\share\vm\prims\jni.cpp, line 709]
Event: 1.165 Thread 0x00000000028bd800 Exception <a 'sun/nio/fs/WindowsException'> (0x00000000ff21c200) thrown at [D:\src\AOSP-openjdk-cygwin\jdk8u\hotspot\src\share\vm\prims\jni.cpp, line 709]
Event: 1.165 Thread 0x00000000028bd800 Exception <a 'sun/nio/fs/WindowsException'> (0x00000000ff21c7a0) thrown at [D:\src\AOSP-openjdk-cygwin\jdk8u\hotspot\src\share\vm\prims\jni.cpp, line 709]
Event: 1.165 Thread 0x00000000028bd800 Exception <a 'sun/nio/fs/WindowsException'> (0x00000000ff21cf50) thrown at [D:\src\AOSP-openjdk-cygwin\jdk8u\hotspot\src\share\vm\prims\jni.cpp, line 709]
Event: 1.187 Thread 0x00000000028bd800 Exception <a 'sun/nio/fs/WindowsException'> (0x00000000ff222290) thrown at [D:\src\AOSP-openjdk-cygwin\jdk8u\hotspot\src\share\vm\prims\jni.cpp, line 709]
Event: 1.384 Thread 0x00000000028bd800 Exception <a 'sun/nio/fs/WindowsException'> (0x00000000febf03e8) thrown at [D:\src\AOSP-openjdk-cygwin\jdk8u\hotspot\src\share\vm\prims\jni.cpp, line 709]
Event: 1.384 Thread 0x00000000028bd800 Exception <a 'sun/nio/fs/WindowsException'> (0x00000000febf0940) thrown at [D:\src\AOSP-openjdk-cygwin\jdk8u\hotspot\src\share\vm\prims\jni.cpp, line 709]

Events (10 events):
Event: 1.673 Thread 0x00000000028bd800 Uncommon trap: trap_request=0xffffff65 fr.pc=0x000000000328279c
Event: 1.673 Thread 0x00000000028bd800 DEOPT PACKING pc=0x000000000328279c sp=0x0000000002e0e6f0
Event: 1.673 Thread 0x00000000028bd800 DEOPT UNPACKING pc=0x0000000002f5556a sp=0x0000000002e0e680 mode 2
Event: 1.675 Executing VM operation: ForceSafepoint
Event: 1.675 Executing VM operation: ForceSafepoint done
Event: 1.762 Executing VM operation: ParallelGCFailedAllocation
Event: 2.349 Executing VM operation: ParallelGCFailedAllocation done
Event: 2.366 Thread 0x00000000028bd800 Uncommon trap: trap_request=0xffffff65 fr.pc=0x00000000032bb274
Event: 2.366 Thread 0x00000000028bd800 DEOPT PACKING pc=0x00000000032bb274 sp=0x0000000002e0e6a0
Event: 2.366 Thread 0x00000000028bd800 DEOPT UNPACKING pc=0x0000000002f5556a sp=0x0000000002e0e630 mode 2


Dynamic libraries:
0x00007ff75c570000 - 0x00007ff75c5a1000 	C:\Program Files\Android\Android Studio\jre\bin\java.exe
0x00007ffa30930000 - 0x00007ffa30b11000 	C:\WINDOWS\SYSTEM32\ntdll.dll
0x00007ffa306b0000 - 0x00007ffa30762000 	C:\WINDOWS\System32\KERNEL32.DLL
0x00007ffa2d110000 - 0x00007ffa2d383000 	C:\WINDOWS\System32\KERNELBASE.dll
0x00007ffa2ef50000 - 0x00007ffa2eff1000 	C:\WINDOWS\System32\ADVAPI32.dll
0x00007ffa2e860000 - 0x00007ffa2e8fe000 	C:\WINDOWS\System32\msvcrt.dll
0x00007ffa2dfb0000 - 0x00007ffa2e00b000 	C:\WINDOWS\System32\sechost.dll
0x00007ffa307d0000 - 0x00007ffa308f4000 	C:\WINDOWS\System32\RPCRT4.dll
0x00007ffa30440000 - 0x00007ffa305d0000 	C:\WINDOWS\System32\USER32.dll
0x00007ffa2d390000 - 0x00007ffa2d3b0000 	C:\WINDOWS\System32\win32u.dll
0x00007ffa2df80000 - 0x00007ffa2dfa8000 	C:\WINDOWS\System32\GDI32.dll
0x00007ffa2d510000 - 0x00007ffa2d6a2000 	C:\WINDOWS\System32\gdi32full.dll
0x00007ffa2cff0000 - 0x00007ffa2d08f000 	C:\WINDOWS\System32\msvcp_win.dll
0x00007ffa2d410000 - 0x00007ffa2d50a000 	C:\WINDOWS\System32\ucrtbase.dll
0x00007ffa202d0000 - 0x00007ffa20539000 	C:\WINDOWS\WinSxS\amd64_microsoft.windows.common-controls_6595b64144ccf1df_6.0.17134.112_none_fb3f961b30681c12\COMCTL32.dll
0x00007ffa2e2e0000 - 0x00007ffa2e603000 	C:\WINDOWS\System32\combase.dll
0x00007ffa2d090000 - 0x00007ffa2d10a000 	C:\WINDOWS\System32\bcryptPrimitives.dll
0x00007ffa2e700000 - 0x00007ffa2e72d000 	C:\WINDOWS\System32\IMM32.DLL
0x000000005c210000 - 0x000000005c2e2000 	C:\Program Files\Android\Android Studio\jre\jre\bin\msvcr100.dll
0x000000005c2f0000 - 0x000000005cb2e000 	C:\Program Files\Android\Android Studio\jre\jre\bin\server\jvm.dll
0x00007ffa2eed0000 - 0x00007ffa2eed8000 	C:\WINDOWS\System32\PSAPI.DLL
0x00007ffa29360000 - 0x00007ffa29369000 	C:\WINDOWS\SYSTEM32\WSOCK32.dll
0x00007ffa2eee0000 - 0x00007ffa2ef4c000 	C:\WINDOWS\System32\WS2_32.dll
0x00007ffa29a00000 - 0x00007ffa29a23000 	C:\WINDOWS\SYSTEM32\WINMM.dll
0x00007ffa222f0000 - 0x00007ffa222fa000 	C:\WINDOWS\SYSTEM32\VERSION.dll
0x00007ffa299d0000 - 0x00007ffa299fa000 	C:\WINDOWS\SYSTEM32\WINMMBASE.dll
0x00007ffa2cfa0000 - 0x00007ffa2cfe9000 	C:\WINDOWS\System32\cfgmgr32.dll
0x00007ffa25450000 - 0x00007ffa2545f000 	C:\Program Files\Android\Android Studio\jre\jre\bin\verify.dll
0x00007ffa21870000 - 0x00007ffa21899000 	C:\Program Files\Android\Android Studio\jre\jre\bin\java.dll
0x00007ffa25430000 - 0x00007ffa25446000 	C:\Program Files\Android\Android Studio\jre\jre\bin\zip.dll
0x00007ffa2f000000 - 0x00007ffa30440000 	C:\WINDOWS\System32\SHELL32.dll
0x00007ffa2e230000 - 0x00007ffa2e2d9000 	C:\WINDOWS\System32\shcore.dll
0x00007ffa2d6b0000 - 0x00007ffa2ddbd000 	C:\WINDOWS\System32\windows.storage.dll
0x00007ffa305d0000 - 0x00007ffa30621000 	C:\WINDOWS\System32\shlwapi.dll
0x00007ffa2cc70000 - 0x00007ffa2cc81000 	C:\WINDOWS\System32\kernel.appcore.dll
0x00007ffa2cc90000 - 0x00007ffa2ccaf000 	C:\WINDOWS\System32\profapi.dll
0x00007ffa2ccb0000 - 0x00007ffa2ccfc000 	C:\WINDOWS\System32\powrprof.dll
0x00007ffa2cc60000 - 0x00007ffa2cc6a000 	C:\WINDOWS\System32\FLTLIB.DLL
0x00007ffa2c670000 - 0x00007ffa2c687000 	C:\WINDOWS\SYSTEM32\CRYPTSP.dll
0x00007ffa2c0a0000 - 0x00007ffa2c0d3000 	C:\WINDOWS\system32\rsaenh.dll
0x00007ffa2c7a0000 - 0x00007ffa2c7c5000 	C:\WINDOWS\SYSTEM32\bcrypt.dll
0x00007ffa2cb40000 - 0x00007ffa2cb68000 	C:\WINDOWS\SYSTEM32\USERENV.dll
0x00007ffa2c690000 - 0x00007ffa2c69b000 	C:\WINDOWS\SYSTEM32\CRYPTBASE.dll
0x00007ffa1e870000 - 0x00007ffa1e88a000 	C:\Program Files\Android\Android Studio\jre\jre\bin\net.dll
0x00007ffa2c4c0000 - 0x00007ffa2c526000 	C:\WINDOWS\system32\mswsock.dll
0x00007ffa2c240000 - 0x00007ffa2c278000 	C:\WINDOWS\SYSTEM32\IPHLPAPI.DLL
0x00007ffa2ddc0000 - 0x00007ffa2ddc8000 	C:\WINDOWS\System32\NSI.dll
0x00007ffa27700000 - 0x00007ffa27716000 	C:\WINDOWS\SYSTEM32\dhcpcsvc6.DLL
0x00007ffa27630000 - 0x00007ffa2764a000 	C:\WINDOWS\SYSTEM32\dhcpcsvc.DLL
0x00007ffa154b0000 - 0x00007ffa154c1000 	C:\Program Files\Android\Android Studio\jre\jre\bin\nio.dll

VM Arguments:
jvm_args: -Djava.awt.headless=true -Xmx64M -Dfile.encoding=x-windows-949 -Duser.country=KR -Duser.language=ko -Duser.variant 
java_command: com.google.devtools.build.android.desugar.Desugar @D:\test\app\build\intermediates\tmp\desugar_args2380121847095004198
java_class_path (initial): C:\Users\Goo\AppData\Local\Temp\desugar_deploy.jar1207099034111372273
Launcher Type: SUN_STANDARD

Environment Variables:
PATH=C:\ProgramData\Oracle\Java\javapath;C:\WINDOWS\system32;C:\WINDOWS;C:\WINDOWS\System32\Wbem;C:\WINDOWS\System32\WindowsPowerShell\v1.0\;C:\OpenSSL;;C:\WINDOWS\System32\OpenSSH\;C:\Users\Goo\AppData\Local\Microsoft\WindowsApps;
USERNAME=Goo
OS=Windows_NT
PROCESSOR_IDENTIFIER=Intel64 Family 6 Model 158 Stepping 9, GenuineIntel



---------------  S Y S T E M  ---------------

OS: Windows 10.0 , 64 bit Build 17134 (10.0.17134.1)

CPU:total 8 (initial active 8) (4 cores per cpu, 2 threads per core) family 6 model 158 stepping 9, cmov, cx8, fxsr, mmx, sse, sse2, sse3, ssse3, sse4.1, sse4.2, popcnt, avx, avx2, aes, clmul, erms, 3dnowpref, lzcnt, ht, tsc, tscinvbit, bmi1, bmi2, adx

Memory: 4k page, physical 16692940k(5019336k free), swap 16692940k(2108k free)

vm_info: OpenJDK 64-Bit Server VM (25.152-b01) for windows-amd64 JRE (1.8.0_152-release-915-b01), built by "builder" with MS VC++ 10.0 (VS2010)

time: Fri Jun 15 06:51:03 2018
elapsed time: 2 seconds (0d 0h 0m 2s)

