#
# There is insufficient memory for the Java Runtime Environment to continue.
# Native memory allocation (malloc) failed to allocate 32744 bytes for ChunkPool::allocate
# Possible reasons:
#   The system is out of physical RAM or swap space
#   In 32 bit mode, the process size limit was hit
# Possible solutions:
#   Reduce memory load on the system
#   Increase physical memory or swap space
#   Check if swap backing store is full
#   Use 64 bit Java on a 64 bit OS
#   Decrease Java heap size (-Xmx/-Xms)
#   Decrease number of Java threads
#   Decrease Java thread stack sizes (-Xss)
#   Set larger code cache with -XX:ReservedCodeCacheSize=
# This output file may be truncated or incomplete.
#
#  Out of Memory Error (allocation.cpp:273), pid=5384, tid=0x0000000000003028
#
# JRE version: OpenJDK Runtime Environment (8.0_152-b01) (build 1.8.0_152-release-915-b01)
# Java VM: OpenJDK 64-Bit Server VM (25.152-b01 mixed mode windows-amd64 compressed oops)
# Failed to write core dump. Minidumps are not enabled by default on client versions of Windows
#

---------------  T H R E A D  ---------------

Current thread (0x0000000015f4c000):  JavaThread "C2 CompilerThread1" daemon [_thread_in_native, id=12328, stack(0x0000000016720000,0x0000000016820000)]

Stack: [0x0000000016720000,0x0000000016820000]
[error occurred during error reporting (printing stack bounds), id 0xc0000005]

Native frames: (J=compiled Java code, j=interpreted, Vv=VM code, C=native code)


Current CompileTask:
C2:   2570  868 %     4       org.objectweb.asm.ClassReader::a @ 845 (3587 bytes)


---------------  P R O C E S S  ---------------

Java Threads: ( => current thread )
  0x0000000015ffa000 JavaThread "Service Thread" daemon [_thread_blocked, id=11408, stack(0x0000000016a20000,0x0000000016b20000)]
  0x0000000015ff7000 JavaThread "C1 CompilerThread3" daemon [_thread_blocked, id=11600, stack(0x0000000016920000,0x0000000016a20000)]
  0x0000000015ff4000 JavaThread "C2 CompilerThread2" daemon [_thread_blocked, id=11704, stack(0x0000000016820000,0x0000000016920000)]
=>0x0000000015f4c000 JavaThread "C2 CompilerThread1" daemon [_thread_in_native, id=12328, stack(0x0000000016720000,0x0000000016820000)]
  0x0000000015f49800 JavaThread "C2 CompilerThread0" daemon [_thread_blocked, id=9864, stack(0x0000000016620000,0x0000000016720000)]
  0x0000000015f48000 JavaThread "Attach Listener" daemon [_thread_blocked, id=12696, stack(0x0000000016520000,0x0000000016620000)]
  0x0000000015fa0000 JavaThread "Signal Dispatcher" daemon [_thread_blocked, id=7848, stack(0x0000000016420000,0x0000000016520000)]
  0x0000000015f30800 JavaThread "Finalizer" daemon [_thread_blocked, id=11444, stack(0x0000000016310000,0x0000000016410000)]
  0x000000001403a800 JavaThread "Reference Handler" daemon [_thread_blocked, id=11188, stack(0x0000000015e10000,0x0000000015f10000)]
  0x0000000003794000 JavaThread "main" [_thread_in_native, id=2372, stack(0x0000000003690000,0x0000000003790000)]

Other Threads:
  0x0000000014035000 VMThread [stack: 0x0000000015d10000,0x0000000015e10000] [id=1656]
  0x0000000015ffb000 WatcherThread [stack: 0x0000000016b20000,0x0000000016c20000] [id=1848]

VM state:not at safepoint (normal execution)

VM Mutex/Monitor currently owned by a thread: None

Heap:
 PSYoungGen      total 18944K, used 7496K [0x00000000feb00000, 0x0000000100000000, 0x0000000100000000)
  eden space 16384K, 30% used [0x00000000feb00000,0x00000000fefd93a0,0x00000000ffb00000)
  from space 2560K, 98% used [0x00000000ffd80000,0x00000000ffff8df0,0x0000000100000000)
  to   space 2560K, 0% used [0x00000000ffb00000,0x00000000ffb00000,0x00000000ffd80000)
 ParOldGen       total 44032K, used 5412K [0x00000000fc000000, 0x00000000feb00000, 0x00000000feb00000)
  object space 44032K, 12% used [0x00000000fc000000,0x00000000fc549048,0x00000000feb00000)
 Metaspace       used 7638K, capacity 7852K, committed 7936K, reserved 1056768K
  class space    used 872K, capacity 956K, committed 1024K, reserved 1048576K

Card table byte_map: [0x0000000003020000,0x0000000003050000] byte_map_base: 0x0000000002840000

Marking Bits: (ParMarkBitMap*) 0x00000000677e3950
 Begin Bits: [0x0000000013450000, 0x0000000013550000)
 End Bits:   [0x0000000013550000, 0x0000000013650000)

Polling page: 0x0000000002ff0000

CodeCache: size=245760Kb used=3803Kb max_used=3814Kb free=241956Kb
 bounds [0x0000000003890000, 0x0000000003c50000, 0x0000000012890000]
 total_blobs=1324 nmethods=990 adapters=248
 compilation: enabled

Compilation events (10 events):
Event: 2.381 Thread 0x0000000015ff7000 nmethod 986 0x0000000003c31710 code [0x0000000003c31880, 0x0000000003c31b88]
Event: 2.381 Thread 0x0000000015ff7000  987       3       org.objectweb.asm.FieldWriter::visitEnd (1 bytes)
Event: 2.381 Thread 0x0000000015ff7000 nmethod 987 0x0000000003c313d0 code [0x0000000003c31520, 0x0000000003c31670]
Event: 2.382 Thread 0x0000000015f49800 nmethod 988 0x0000000003c19910 code [0x0000000003c19a40, 0x0000000003c19ad8]
Event: 2.382 Thread 0x0000000015ff7000  989       3       org.objectweb.asm.ClassReader::a (75 bytes)
Event: 2.383 Thread 0x0000000015ff7000 nmethod 989 0x0000000003c35910 code [0x0000000003c35ae0, 0x0000000003c361b8]
Event: 2.551 Thread 0x0000000015ff4000  990  s    4       java.io.BufferedOutputStream::write (35 bytes)
Event: 2.553 Thread 0x0000000015ff4000 nmethod 990 0x0000000003c33e10 code [0x0000000003c33f60, 0x0000000003c342c8]
Event: 2.553 Thread 0x0000000015ff7000  991       1       java.nio.Buffer::capacity (5 bytes)
Event: 2.553 Thread 0x0000000015ff7000 nmethod 991 0x0000000003c31110 code [0x0000000003c31260, 0x0000000003c31370]

GC Heap History (4 events):
Event: 1.233 GC heap before
{Heap before GC invocations=1 (full 0):
 PSYoungGen      total 18944K, used 16384K [0x00000000feb00000, 0x0000000100000000, 0x0000000100000000)
  eden space 16384K, 100% used [0x00000000feb00000,0x00000000ffb00000,0x00000000ffb00000)
  from space 2560K, 0% used [0x00000000ffd80000,0x00000000ffd80000,0x0000000100000000)
  to   space 2560K, 0% used [0x00000000ffb00000,0x00000000ffb00000,0x00000000ffd80000)
 ParOldGen       total 44032K, used 0K [0x00000000fc000000, 0x00000000feb00000, 0x00000000feb00000)
  object space 44032K, 0% used [0x00000000fc000000,0x00000000fc000000,0x00000000feb00000)
 Metaspace       used 6602K, capacity 6746K, committed 7040K, reserved 1056768K
  class space    used 772K, capacity 823K, committed 896K, reserved 1048576K
Event: 1.245 GC heap after
Heap after GC invocations=1 (full 0):
 PSYoungGen      total 18944K, used 2553K [0x00000000feb00000, 0x0000000100000000, 0x0000000100000000)
  eden space 16384K, 0% used [0x00000000feb00000,0x00000000feb00000,0x00000000ffb00000)
  from space 2560K, 99% used [0x00000000ffb00000,0x00000000ffd7e630,0x00000000ffd80000)
  to   space 2560K, 0% used [0x00000000ffd80000,0x00000000ffd80000,0x0000000100000000)
 ParOldGen       total 44032K, used 1736K [0x00000000fc000000, 0x00000000feb00000, 0x00000000feb00000)
  object space 44032K, 3% used [0x00000000fc000000,0x00000000fc1b22c8,0x00000000feb00000)
 Metaspace       used 6602K, capacity 6746K, committed 7040K, reserved 1056768K
  class space    used 772K, capacity 823K, committed 896K, reserved 1048576K
}
Event: 1.903 GC heap before
{Heap before GC invocations=2 (full 0):
 PSYoungGen      total 18944K, used 18937K [0x00000000feb00000, 0x0000000100000000, 0x0000000100000000)
  eden space 16384K, 100% used [0x00000000feb00000,0x00000000ffb00000,0x00000000ffb00000)
  from space 2560K, 99% used [0x00000000ffb00000,0x00000000ffd7e630,0x00000000ffd80000)
  to   space 2560K, 0% used [0x00000000ffd80000,0x00000000ffd80000,0x0000000100000000)
 ParOldGen       total 44032K, used 1736K [0x00000000fc000000, 0x00000000feb00000, 0x00000000feb00000)
  object space 44032K, 3% used [0x00000000fc000000,0x00000000fc1b22c8,0x00000000feb00000)
 Metaspace       used 7560K, capacity 7788K, committed 7936K, reserved 1056768K
  class space    used 871K, capacity 956K, committed 1024K, reserved 1048576K
Event: 2.154 GC heap after
Heap after GC invocations=2 (full 0):
 PSYoungGen      total 18944K, used 2531K [0x00000000feb00000, 0x0000000100000000, 0x0000000100000000)
  eden space 16384K, 0% used [0x00000000feb00000,0x00000000feb00000,0x00000000ffb00000)
  from space 2560K, 98% used [0x00000000ffd80000,0x00000000ffff8df0,0x0000000100000000)
  to   space 2560K, 0% used [0x00000000ffb00000,0x00000000ffb00000,0x00000000ffd80000)
 ParOldGen       total 44032K, used 5412K [0x00000000fc000000, 0x00000000feb00000, 0x00000000feb00000)
  object space 44032K, 12% used [0x00000000fc000000,0x00000000fc549048,0x00000000feb00000)
 Metaspace       used 7560K, capacity 7788K, committed 7936K, reserved 1056768K
  class space    used 871K, capacity 956K, committed 1024K, reserved 1048576K
}

Deoptimization events (10 events):
Event: 1.207 Thread 0x0000000003794000 Uncommon trap: reason=unstable_if action=reinterpret pc=0x0000000003abd86c method=java.util.zip.ZipCoder.decoder()Ljava/nio/charset/CharsetDecoder; @ 4
Event: 1.267 Thread 0x0000000003794000 Uncommon trap: reason=unstable_if action=reinterpret pc=0x0000000003ac87ec method=java.util.zip.ZipCoder.decoder()Ljava/nio/charset/CharsetDecoder; @ 4
Event: 1.269 Thread 0x0000000003794000 Uncommon trap: reason=unstable_if action=reinterpret pc=0x0000000003ab6d58 method=java.util.zip.ZipCoder.decoder()Ljava/nio/charset/CharsetDecoder; @ 4
Event: 1.279 Thread 0x0000000003794000 Uncommon trap: reason=unstable_if action=reinterpret pc=0x0000000003acef48 method=java.util.HashMap$HashIterator.nextNode()Ljava/util/HashMap$Node; @ 74
Event: 1.433 Thread 0x0000000003794000 Uncommon trap: reason=unstable_if action=reinterpret pc=0x0000000003acf448 method=java.util.HashMap$HashIterator.nextNode()Ljava/util/HashMap$Node; @ 74
Event: 1.630 Thread 0x0000000003794000 Uncommon trap: reason=unloaded action=reinterpret pc=0x0000000003ac4b7c method=java.util.zip.ZipEntry.setExtra0([BZ)V @ 37
Event: 2.199 Thread 0x0000000003794000 Uncommon trap: reason=unstable_if action=reinterpret pc=0x0000000003bc76d8 method=org.objectweb.asm.Item.a(Lorg/objectweb/asm/Item;)Z @ 345
Event: 2.224 Thread 0x0000000003794000 Uncommon trap: reason=unstable_if action=reinterpret pc=0x0000000003bd141c method=org.objectweb.asm.Type.getArgumentsAndReturnSizes(Ljava/lang/String;)I @ 47
Event: 2.372 Thread 0x0000000003794000 Uncommon trap: reason=unstable_if action=reinterpret pc=0x0000000003c1d31c method=org.objectweb.asm.MethodWriter.visitVarInsn(II)V @ 130
Event: 2.550 Thread 0x0000000003794000 Uncommon trap: reason=unstable_if action=reinterpret pc=0x0000000003b73288 method=java.lang.String.<init>([CII)V @ 18

Classes redefined (0 events):
No events

Internal exceptions (10 events):
Event: 1.269 Thread 0x0000000003794000 Implicit null exception at 0x0000000003ab6779 to 0x0000000003ab6d35
Event: 1.407 Thread 0x0000000003794000 Exception <a 'sun/nio/fs/WindowsException'> (0x00000000ff1ac120) thrown at [D:\src\AOSP-openjdk-cygwin\jdk8u\hotspot\src\share\vm\prims\jni.cpp, line 709]
Event: 1.407 Thread 0x0000000003794000 Exception <a 'sun/nio/fs/WindowsException'> (0x00000000ff1ac6e0) thrown at [D:\src\AOSP-openjdk-cygwin\jdk8u\hotspot\src\share\vm\prims\jni.cpp, line 709]
Event: 1.407 Thread 0x0000000003794000 Exception <a 'sun/nio/fs/WindowsException'> (0x00000000ff1acca8) thrown at [D:\src\AOSP-openjdk-cygwin\jdk8u\hotspot\src\share\vm\prims\jni.cpp, line 709]
Event: 1.407 Thread 0x0000000003794000 Exception <a 'sun/nio/fs/WindowsException'> (0x00000000ff1ad468) thrown at [D:\src\AOSP-openjdk-cygwin\jdk8u\hotspot\src\share\vm\prims\jni.cpp, line 709]
Event: 1.407 Thread 0x0000000003794000 Exception <a 'sun/nio/fs/WindowsException'> (0x00000000ff1ada08) thrown at [D:\src\AOSP-openjdk-cygwin\jdk8u\hotspot\src\share\vm\prims\jni.cpp, line 709]
Event: 1.407 Thread 0x0000000003794000 Exception <a 'sun/nio/fs/WindowsException'> (0x00000000ff1ae1b8) thrown at [D:\src\AOSP-openjdk-cygwin\jdk8u\hotspot\src\share\vm\prims\jni.cpp, line 709]
Event: 1.465 Thread 0x0000000003794000 Exception <a 'sun/nio/fs/WindowsException'> (0x00000000ff1b34f8) thrown at [D:\src\AOSP-openjdk-cygwin\jdk8u\hotspot\src\share\vm\prims\jni.cpp, line 709]
Event: 1.650 Thread 0x0000000003794000 Exception <a 'sun/nio/fs/WindowsException'> (0x00000000ff664298) thrown at [D:\src\AOSP-openjdk-cygwin\jdk8u\hotspot\src\share\vm\prims\jni.cpp, line 709]
Event: 1.651 Thread 0x0000000003794000 Exception <a 'sun/nio/fs/WindowsException'> (0x00000000ff6647f0) thrown at [D:\src\AOSP-openjdk-cygwin\jdk8u\hotspot\src\share\vm\prims\jni.cpp, line 709]

Events (10 events):
Event: 2.224 Thread 0x0000000003794000 DEOPT PACKING pc=0x0000000003bd141c sp=0x000000000378ea90
Event: 2.224 Thread 0x0000000003794000 DEOPT UNPACKING pc=0x00000000038d556a sp=0x000000000378ea18 mode 2
Event: 2.372 Thread 0x0000000003794000 Uncommon trap: trap_request=0xffffff65 fr.pc=0x0000000003c1d31c
Event: 2.372 Thread 0x0000000003794000 DEOPT PACKING pc=0x0000000003c1d31c sp=0x000000000378eda0
Event: 2.372 Thread 0x0000000003794000 DEOPT UNPACKING pc=0x00000000038d556a sp=0x000000000378ec88 mode 2
Event: 2.550 Thread 0x0000000003794000 Uncommon trap: trap_request=0xffffff65 fr.pc=0x0000000003b73288
Event: 2.550 Thread 0x0000000003794000 DEOPT PACKING pc=0x0000000003b73288 sp=0x000000000378ee90
Event: 2.550 Thread 0x0000000003794000 DEOPT UNPACKING pc=0x00000000038d556a sp=0x000000000378ed38 mode 2
Event: 2.550 loading class java/util/Vector$Itr
Event: 2.550 loading class java/util/Vector$Itr done


Dynamic libraries:
0x00007ff63c5e0000 - 0x00007ff63c611000 	C:\Program Files\Android\Android Studio\jre\bin\java.exe
0x00007ffba9340000 - 0x00007ffba9521000 	C:\WINDOWS\SYSTEM32\ntdll.dll
0x00007ffba6ca0000 - 0x00007ffba6d52000 	C:\WINDOWS\System32\KERNEL32.DLL
0x00007ffba6070000 - 0x00007ffba62e3000 	C:\WINDOWS\System32\KERNELBASE.dll
0x00007ffba9260000 - 0x00007ffba9301000 	C:\WINDOWS\System32\ADVAPI32.dll
0x00007ffba77b0000 - 0x00007ffba784e000 	C:\WINDOWS\System32\msvcrt.dll
0x00007ffba71b0000 - 0x00007ffba720b000 	C:\WINDOWS\System32\sechost.dll
0x00007ffba7580000 - 0x00007ffba76a4000 	C:\WINDOWS\System32\RPCRT4.dll
0x00007ffba7ac0000 - 0x00007ffba7c50000 	C:\WINDOWS\System32\USER32.dll
0x00007ffba5790000 - 0x00007ffba57b0000 	C:\WINDOWS\System32\win32u.dll
0x00007ffba67e0000 - 0x00007ffba6808000 	C:\WINDOWS\System32\GDI32.dll
0x00007ffba6530000 - 0x00007ffba66c2000 	C:\WINDOWS\System32\gdi32full.dll
0x00007ffba5fd0000 - 0x00007ffba606f000 	C:\WINDOWS\System32\msvcp_win.dll
0x00007ffba66d0000 - 0x00007ffba67ca000 	C:\WINDOWS\System32\ucrtbase.dll
0x00007ffb93ad0000 - 0x00007ffb93d39000 	C:\WINDOWS\WinSxS\amd64_microsoft.windows.common-controls_6595b64144ccf1df_6.0.17134.48_none_b4b2216a3cb4dd3e\COMCTL32.dll
0x00007ffba6810000 - 0x00007ffba6b33000 	C:\WINDOWS\System32\combase.dll
0x00007ffba5710000 - 0x00007ffba578a000 	C:\WINDOWS\System32\bcryptPrimitives.dll
0x00007ffba9090000 - 0x00007ffba90bd000 	C:\WINDOWS\System32\IMM32.DLL
0x0000000067b90000 - 0x0000000067c62000 	C:\Program Files\Android\Android Studio\jre\jre\bin\msvcr100.dll
0x0000000067020000 - 0x000000006785e000 	C:\Program Files\Android\Android Studio\jre\jre\bin\server\jvm.dll
0x00007ffba91d0000 - 0x00007ffba91d8000 	C:\WINDOWS\System32\PSAPI.DLL
0x00007ffba3f50000 - 0x00007ffba3f59000 	C:\WINDOWS\SYSTEM32\WSOCK32.dll
0x00007ffba7510000 - 0x00007ffba757c000 	C:\WINDOWS\System32\WS2_32.dll
0x00007ffb9d7c0000 - 0x00007ffb9d7ca000 	C:\WINDOWS\SYSTEM32\VERSION.dll
0x00007ffb95780000 - 0x00007ffb957a3000 	C:\WINDOWS\SYSTEM32\WINMM.dll
0x00007ffb95570000 - 0x00007ffb9559a000 	C:\WINDOWS\SYSTEM32\WINMMBASE.dll
0x00007ffba64e0000 - 0x00007ffba6529000 	C:\WINDOWS\System32\cfgmgr32.dll
0x00007ffba3a30000 - 0x00007ffba3a3f000 	C:\Program Files\Android\Android Studio\jre\jre\bin\verify.dll
0x00007ffba3a00000 - 0x00007ffba3a29000 	C:\Program Files\Android\Android Studio\jre\jre\bin\java.dll
0x00007ffba39e0000 - 0x00007ffba39f6000 	C:\Program Files\Android\Android Studio\jre\jre\bin\zip.dll
0x00007ffba7c50000 - 0x00007ffba9090000 	C:\WINDOWS\System32\SHELL32.dll
0x00007ffba9120000 - 0x00007ffba91c9000 	C:\WINDOWS\System32\shcore.dll
0x00007ffba58c0000 - 0x00007ffba5fcd000 	C:\WINDOWS\System32\windows.storage.dll
0x00007ffba90c0000 - 0x00007ffba9111000 	C:\WINDOWS\System32\shlwapi.dll
0x00007ffba5680000 - 0x00007ffba5691000 	C:\WINDOWS\System32\kernel.appcore.dll
0x00007ffba56f0000 - 0x00007ffba570f000 	C:\WINDOWS\System32\profapi.dll
0x00007ffba56a0000 - 0x00007ffba56ec000 	C:\WINDOWS\System32\powrprof.dll
0x00007ffba5650000 - 0x00007ffba565a000 	C:\WINDOWS\System32\FLTLIB.DLL
0x00007ffba5080000 - 0x00007ffba5097000 	C:\WINDOWS\SYSTEM32\CRYPTSP.dll
0x00007ffba4ab0000 - 0x00007ffba4ae3000 	C:\WINDOWS\system32\rsaenh.dll
0x00007ffba51b0000 - 0x00007ffba51d5000 	C:\WINDOWS\SYSTEM32\bcrypt.dll
0x00007ffba5580000 - 0x00007ffba55a8000 	C:\WINDOWS\SYSTEM32\USERENV.dll
0x00007ffba50a0000 - 0x00007ffba50ab000 	C:\WINDOWS\SYSTEM32\CRYPTBASE.dll
0x00007ffb9e480000 - 0x00007ffb9e49a000 	C:\Program Files\Android\Android Studio\jre\jre\bin\net.dll
0x00007ffba4ed0000 - 0x00007ffba4f36000 	C:\WINDOWS\system32\mswsock.dll
0x00007ffba4c50000 - 0x00007ffba4c88000 	C:\WINDOWS\SYSTEM32\IPHLPAPI.DLL
0x00007ffba7430000 - 0x00007ffba7438000 	C:\WINDOWS\System32\NSI.dll
0x00007ffb9a1f0000 - 0x00007ffb9a206000 	C:\WINDOWS\SYSTEM32\dhcpcsvc6.DLL
0x00007ffb9a120000 - 0x00007ffb9a13a000 	C:\WINDOWS\SYSTEM32\dhcpcsvc.DLL
0x00007ffb9d7f0000 - 0x00007ffb9d801000 	C:\Program Files\Android\Android Studio\jre\jre\bin\nio.dll

VM Arguments:
jvm_args: -Djava.awt.headless=true -Xmx64M -Dfile.encoding=x-windows-949 -Duser.country=KR -Duser.language=ko -Duser.variant 
java_command: com.google.devtools.build.android.desugar.Desugar --input D:\test\app\build\intermediates\transforms\stackFramesFixer\debug\27.jar --output D:\test\app\build\intermediates\transforms\desugar\debug\28.jar --input D:\test\app\build\intermediates\transforms\stackFramesFixer\debug\28.jar --output D:\test\app\build\intermediates\transforms\desugar\debug\29.jar --input D:\test\app\build\intermediates\transforms\stackFramesFixer\debug\3.jar --output D:\test\app\build\intermediates\transforms\desugar\debug\4.jar --input D:\test\app\build\intermediates\transforms\stackFramesFixer\debug\2.jar --output D:\test\app\build\intermediates\transforms\desugar\debug\3.jar --input D:\test\app\build\intermediates\transforms\stackFramesFixer\debug\23.jar --output D:\test\app\build\intermediates\transforms\desugar\debug\24.jar --input D:\test\app\build\intermediates\transforms\stackFramesFixer\debug\9.jar --output D:\test\app\build\intermediates\transforms\desugar\debug\10.jar --input D:\test\app\build\intermediates\transforms\stackFramesFixer\debug\24.jar --output D:\test\app\build\intermediates\transforms\desugar\debug\25.jar --classpath_entry D:\test\app\build\intermediates\classes\debug --classpath_entry D:\test\app\build\intermediates\transforms\stackFramesFixer\debug\0.jar --classpath_entry D:\test\app\build\intermediates\transforms\stackFramesFixer\debug\1.jar --classpath_entry D:\test\app\build\intermediates\transforms\stackFramesFixer\debug\2.jar --classpath_entry D:\test\app\build\intermediates\transforms\stackFramesFixer\debug\3.jar --classpath_entry D:\test\app\build\intermediates\transforms\stackFramesFixer\debug\4.jar --classpath_entry D:\test\app\build\intermediates\transforms\stackFramesFixer\debug\5.jar --classpath_entry D:\test\app\build\intermediates\transforms\stackFramesFixer\debug\6.jar --classpath_entry D:\test\app\build\intermediates\transforms\stackFramesFixer\debug\7.jar --classpath_entry D:\test\app\build\intermediates\transforms\stackFramesFixer
java_class_path (initial): C:\Users\Goo\AppData\Local\Temp\desugar_deploy.jar2362919477290886928
Launcher Type: SUN_STANDARD

Environment Variables:
PATH=C:\ProgramData\Oracle\Java\javapath;C:\WINDOWS\system32;C:\WINDOWS;C:\WINDOWS\System32\Wbem;C:\WINDOWS\System32\WindowsPowerShell\v1.0\;C:\OpenSSL;;C:\WINDOWS\System32\OpenSSH\;C:\Users\Goo\AppData\Local\Microsoft\WindowsApps;
USERNAME=Goo
OS=Windows_NT
PROCESSOR_IDENTIFIER=Intel64 Family 6 Model 158 Stepping 9, GenuineIntel



---------------  S Y S T E M  ---------------

OS: Windows 10.0 , 64 bit Build 17134 (10.0.17134.1)

CPU:total 8 (initial active 8) (4 cores per cpu, 2 threads per core) family 6 model 158 stepping 9, cmov, cx8, fxsr, mmx, sse, sse2, sse3, ssse3, sse4.1, sse4.2, popcnt, avx, avx2, aes, clmul, erms, 3dnowpref, lzcnt, ht, tsc, tscinvbit, bmi1, bmi2, adx

Memory: 4k page, physical 16692940k(4578800k free), swap 16692940k(1852k free)

vm_info: OpenJDK 64-Bit Server VM (25.152-b01) for windows-amd64 JRE (1.8.0_152-release-915-b01), built by "builder" with MS VC++ 10.0 (VS2010)

time: Wed May 23 00:35:32 2018
elapsed time: 2 seconds (0d 0h 0m 2s)

