#
# There is insufficient memory for the Java Runtime Environment to continue.
# Native memory allocation (malloc) failed to allocate 262160 bytes for Chunk::new
# Possible reasons:
#   The system is out of physical RAM or swap space
#   In 32 bit mode, the process size limit was hit
# Possible solutions:
#   Reduce memory load on the system
#   Increase physical memory or swap space
#   Check if swap backing store is full
#   Use 64 bit Java on a 64 bit OS
#   Decrease Java heap size (-Xmx/-Xms)
#   Decrease number of Java threads
#   Decrease Java thread stack sizes (-Xss)
#   Set larger code cache with -XX:ReservedCodeCacheSize=
# This output file may be truncated or incomplete.
#
#  Out of Memory Error (allocation.cpp:390), pid=5576, tid=0x0000000000002198
#
# JRE version: OpenJDK Runtime Environment (8.0_152-b01) (build 1.8.0_152-release-915-b01)
# Java VM: OpenJDK 64-Bit Server VM (25.152-b01 mixed mode windows-amd64 compressed oops)
# Failed to write core dump. Minidumps are not enabled by default on client versions of Windows
#

---------------  T H R E A D  ---------------

Current thread (0x00000000150ab000):  JavaThread "C2 CompilerThread0" daemon [_thread_in_native, id=8600, stack(0x0000000015800000,0x0000000015900000)]

Stack: [0x0000000015800000,0x0000000015900000]
[error occurred during error reporting (printing stack bounds), id 0xc0000005]

Native frames: (J=compiled Java code, j=interpreted, Vv=VM code, C=native code)


Current CompileTask:
C2:   3882  940       4       org.objectweb.asm.ClassReader::a (3587 bytes)


---------------  P R O C E S S  ---------------

Java Threads: ( => current thread )
  0x0000000015156800 JavaThread "Service Thread" daemon [_thread_blocked, id=7792, stack(0x0000000015c00000,0x0000000015d00000)]
  0x0000000015153000 JavaThread "C1 CompilerThread3" daemon [_thread_blocked, id=12688, stack(0x0000000015b00000,0x0000000015c00000)]
  0x0000000015150800 JavaThread "C2 CompilerThread2" daemon [_thread_blocked, id=7320, stack(0x0000000015a00000,0x0000000015b00000)]
  0x000000001514c800 JavaThread "C2 CompilerThread1" daemon [_thread_in_native, id=2496, stack(0x0000000015900000,0x0000000015a00000)]
=>0x00000000150ab000 JavaThread "C2 CompilerThread0" daemon [_thread_in_native, id=8600, stack(0x0000000015800000,0x0000000015900000)]
  0x00000000150a9800 JavaThread "Attach Listener" daemon [_thread_blocked, id=6192, stack(0x0000000015700000,0x0000000015800000)]
  0x0000000015100000 JavaThread "Signal Dispatcher" daemon [_thread_blocked, id=9960, stack(0x0000000015600000,0x0000000015700000)]
  0x0000000015090800 JavaThread "Finalizer" daemon [_thread_blocked, id=5444, stack(0x0000000015470000,0x0000000015570000)]
  0x00000000029d7000 JavaThread "Reference Handler" daemon [_thread_blocked, id=7744, stack(0x0000000014f70000,0x0000000015070000)]
  0x000000000248d800 JavaThread "main" [_thread_in_native, id=7840, stack(0x0000000002490000,0x0000000002590000)]

Other Threads:
  0x0000000013185800 VMThread [stack: 0x0000000014e70000,0x0000000014f70000] [id=11404]
  0x0000000015157000 WatcherThread [stack: 0x0000000015d00000,0x0000000015e00000] [id=12152]

VM state:not at safepoint (normal execution)

VM Mutex/Monitor currently owned by a thread: None

Heap:
 PSYoungGen      total 18944K, used 4499K [0x00000000feb00000, 0x0000000100000000, 0x0000000100000000)
  eden space 16384K, 11% used [0x00000000feb00000,0x00000000fece81b0,0x00000000ffb00000)
  from space 2560K, 99% used [0x00000000ffd80000,0x00000000ffffcab8,0x0000000100000000)
  to   space 2560K, 0% used [0x00000000ffb00000,0x00000000ffb00000,0x00000000ffd80000)
 ParOldGen       total 44032K, used 7343K [0x00000000fc000000, 0x00000000feb00000, 0x00000000feb00000)
  object space 44032K, 16% used [0x00000000fc000000,0x00000000fc72bf78,0x00000000feb00000)
 Metaspace       used 7799K, capacity 7982K, committed 8192K, reserved 1056768K
  class space    used 875K, capacity 957K, committed 1024K, reserved 1048576K

Card table byte_map: [0x00000000023f0000,0x0000000002420000] byte_map_base: 0x0000000001c10000

Marking Bits: (ParMarkBitMap*) 0x0000000055473950
 Begin Bits: [0x00000000125a0000, 0x00000000126a0000)
 End Bits:   [0x00000000126a0000, 0x00000000127a0000)

Polling page: 0x0000000000b00000

CodeCache: size=245760Kb used=4523Kb max_used=4570Kb free=241237Kb
 bounds [0x00000000029e0000, 0x0000000002e60000, 0x00000000119e0000]
 total_blobs=1557 nmethods=1221 adapters=248
 compilation: disabled (not enough contiguous free space left)

Compilation events (10 events):
Event: 3.515 Thread 0x000000001514c800 nmethod 1216 0x0000000002e4e050 code [0x0000000002e4e260, 0x0000000002e4ed80]
Event: 3.516 Thread 0x0000000015153000 1220       3       org.objectweb.asm.MethodVisitor::visitMethodInsn (68 bytes)
Event: 3.861 Thread 0x0000000015153000 nmethod 1220 0x0000000002e37410 code [0x0000000002e375a0, 0x0000000002e37a48]
Event: 3.862 Thread 0x000000001514c800 1223       4       org.objectweb.asm.ClassWriter::a (91 bytes)
Event: 3.862 Thread 0x0000000015153000 1221       3       org.objectweb.asm.tree.MethodNode::visitIincInsn (17 bytes)
Event: 3.862 Thread 0x0000000015153000 nmethod 1221 0x0000000002e366d0 code [0x0000000002e36860, 0x0000000002e36ba8]
Event: 3.862 Thread 0x0000000015153000 1222       3       org.objectweb.asm.tree.IincInsnNode::<init> (18 bytes)
Event: 3.862 Thread 0x0000000015153000 nmethod 1222 0x0000000002e44750 code [0x0000000002e448c0, 0x0000000002e44af0]
Event: 3.862 Thread 0x0000000015153000 1224       3       com.google.devtools.build.android.desugar.DefaultMethodClassFixer::shouldStubAsDefaultMethod (46 bytes)
Event: 3.864 Thread 0x0000000015153000 


GC Heap History (8 events):
Event: 0.976 GC heap before
{Heap before GC invocations=1 (full 0):
 PSYoungGen      total 18944K, used 16384K [0x00000000feb00000, 0x0000000100000000, 0x0000000100000000)
  eden space 16384K, 100% used [0x00000000feb00000,0x00000000ffb00000,0x00000000ffb00000)
  from space 2560K, 0% used [0x00000000ffd80000,0x00000000ffd80000,0x0000000100000000)
  to   space 2560K, 0% used [0x00000000ffb00000,0x00000000ffb00000,0x00000000ffd80000)
 ParOldGen       total 44032K, used 0K [0x00000000fc000000, 0x00000000feb00000, 0x00000000feb00000)
  object space 44032K, 0% used [0x00000000fc000000,0x00000000fc000000,0x00000000feb00000)
 Metaspace       used 6625K, capacity 6812K, committed 7040K, reserved 1056768K
  class space    used 773K, capacity 824K, committed 896K, reserved 1048576K
Event: 0.990 GC heap after
Heap after GC invocations=1 (full 0):
 PSYoungGen      total 18944K, used 2553K [0x00000000feb00000, 0x0000000100000000, 0x0000000100000000)
  eden space 16384K, 0% used [0x00000000feb00000,0x00000000feb00000,0x00000000ffb00000)
  from space 2560K, 99% used [0x00000000ffb00000,0x00000000ffd7e630,0x00000000ffd80000)
  to   space 2560K, 0% used [0x00000000ffd80000,0x00000000ffd80000,0x0000000100000000)
 ParOldGen       total 44032K, used 1640K [0x00000000fc000000, 0x00000000feb00000, 0x00000000feb00000)
  object space 44032K, 3% used [0x00000000fc000000,0x00000000fc19a200,0x00000000feb00000)
 Metaspace       used 6625K, capacity 6812K, committed 7040K, reserved 1056768K
  class space    used 773K, capacity 824K, committed 896K, reserved 1048576K
}
Event: 1.364 GC heap before
{Heap before GC invocations=2 (full 0):
 PSYoungGen      total 18944K, used 18937K [0x00000000feb00000, 0x0000000100000000, 0x0000000100000000)
  eden space 16384K, 100% used [0x00000000feb00000,0x00000000ffb00000,0x00000000ffb00000)
  from space 2560K, 99% used [0x00000000ffb00000,0x00000000ffd7e630,0x00000000ffd80000)
  to   space 2560K, 0% used [0x00000000ffd80000,0x00000000ffd80000,0x0000000100000000)
 ParOldGen       total 44032K, used 1640K [0x00000000fc000000, 0x00000000feb00000, 0x00000000feb00000)
  object space 44032K, 3% used [0x00000000fc000000,0x00000000fc19a200,0x00000000feb00000)
 Metaspace       used 6955K, capacity 7118K, committed 7296K, reserved 1056768K
  class space    used 814K, capacity 861K, committed 896K, reserved 1048576K
Event: 1.375 GC heap after
Heap after GC invocations=2 (full 0):
 PSYoungGen      total 18944K, used 2531K [0x00000000feb00000, 0x0000000100000000, 0x0000000100000000)
  eden space 16384K, 0% used [0x00000000feb00000,0x00000000feb00000,0x00000000ffb00000)
  from space 2560K, 98% used [0x00000000ffd80000,0x00000000ffff8e10,0x0000000100000000)
  to   space 2560K, 0% used [0x00000000ffb00000,0x00000000ffb00000,0x00000000ffd80000)
 ParOldGen       total 44032K, used 5901K [0x00000000fc000000, 0x00000000feb00000, 0x00000000feb00000)
  object space 44032K, 13% used [0x00000000fc000000,0x00000000fc5c36e8,0x00000000feb00000)
 Metaspace       used 6955K, capacity 7118K, committed 7296K, reserved 1056768K
  class space    used 814K, capacity 861K, committed 896K, reserved 1048576K
}
Event: 2.200 GC heap before
{Heap before GC invocations=3 (full 0):
 PSYoungGen      total 18944K, used 18915K [0x00000000feb00000, 0x0000000100000000, 0x0000000100000000)
  eden space 16384K, 100% used [0x00000000feb00000,0x00000000ffb00000,0x00000000ffb00000)
  from space 2560K, 98% used [0x00000000ffd80000,0x00000000ffff8e10,0x0000000100000000)
  to   space 2560K, 0% used [0x00000000ffb00000,0x00000000ffb00000,0x00000000ffd80000)
 ParOldGen       total 44032K, used 5901K [0x00000000fc000000, 0x00000000feb00000, 0x00000000feb00000)
  object space 44032K, 13% used [0x00000000fc000000,0x00000000fc5c36e8,0x00000000feb00000)
 Metaspace       used 7716K, capacity 7854K, committed 7936K, reserved 1056768K
  class space    used 875K, capacity 957K, committed 1024K, reserved 1048576K
Event: 2.307 GC heap after
Heap after GC invocations=3 (full 0):
 PSYoungGen      total 18944K, used 2530K [0x00000000feb00000, 0x0000000100000000, 0x0000000100000000)
  eden space 16384K, 0% used [0x00000000feb00000,0x00000000feb00000,0x00000000ffb00000)
  from space 2560K, 98% used [0x00000000ffb00000,0x00000000ffd78ac8,0x00000000ffd80000)
  to   space 2560K, 0% used [0x00000000ffd80000,0x00000000ffd80000,0x0000000100000000)
 ParOldGen       total 44032K, used 7091K [0x00000000fc000000, 0x00000000feb00000, 0x00000000feb00000)
  object space 44032K, 16% used [0x00000000fc000000,0x00000000fc6ecf38,0x00000000feb00000)
 Metaspace       used 7716K, capacity 7854K, committed 7936K, reserved 1056768K
  class space    used 875K, capacity 957K, committed 1024K, reserved 1048576K
}
Event: 3.516 GC heap before
{Heap before GC invocations=4 (full 0):
 PSYoungGen      total 18944K, used 18914K [0x00000000feb00000, 0x0000000100000000, 0x0000000100000000)
  eden space 16384K, 100% used [0x00000000feb00000,0x00000000ffb00000,0x00000000ffb00000)
  from space 2560K, 98% used [0x00000000ffb00000,0x00000000ffd78ac8,0x00000000ffd80000)
  to   space 2560K, 0% used [0x00000000ffd80000,0x00000000ffd80000,0x0000000100000000)
 ParOldGen       total 44032K, used 7091K [0x00000000fc000000, 0x00000000feb00000, 0x00000000feb00000)
  object space 44032K, 16% used [0x00000000fc000000,0x00000000fc6ecf38,0x00000000feb00000)
 Metaspace       used 7798K, capacity 7982K, committed 8192K, reserved 1056768K
  class space    used 875K, capacity 957K, committed 1024K, reserved 1048576K
Event: 3.861 GC heap after
Heap after GC invocations=4 (full 0):
 PSYoungGen      total 18944K, used 2546K [0x00000000feb00000, 0x0000000100000000, 0x0000000100000000)
  eden space 16384K, 0% used [0x00000000feb00000,0x00000000feb00000,0x00000000ffb00000)
  from space 2560K, 99% used [0x00000000ffd80000,0x00000000ffffcab8,0x0000000100000000)
  to   space 2560K, 0% used [0x00000000ffb00000,0x00000000ffb00000,0x00000000ffd80000)
 ParOldGen       total 44032K, used 7343K [0x00000000fc000000, 0x00000000feb00000, 0x00000000feb00000)
  object space 44032K, 16% used [0x00000000fc000000,0x00000000fc72bf78,0x00000000feb00000)
 Metaspace       used 7798K, capacity 7982K, committed 8192K, reserved 1056768K
  class space    used 875K, capacity 957K, committed 1024K, reserved 1048576K
}

Deoptimization events (10 events):
Event: 2.320 Thread 0x000000000248d800 Uncommon trap: reason=unstable_if action=reinterpret pc=0x0000000002db8380 method=org.objectweb.asm.Type.getArgumentsAndReturnSizes(Ljava/lang/String;)I @ 100
Event: 2.431 Thread 0x000000000248d800 Uncommon trap: reason=null_check action=make_not_entrant pc=0x0000000002de52b0 method=com.google.devtools.build.android.desugar.InterfaceDesugaring$InterfaceInvocationRewriter.visitMethodInsn(ILjava/lang/String;Ljava/lang/String;Ljava/lang/String;Z)V @ 10
Event: 2.432 Thread 0x000000000248d800 Uncommon trap: reason=unstable_if action=reinterpret pc=0x0000000002d71fa8 method=org.objectweb.asm.ClassReader.readUTF8(I[C)Ljava/lang/String; @ 11
Event: 2.436 Thread 0x000000000248d800 Uncommon trap: reason=null_check action=make_not_entrant pc=0x0000000002defd88 method=com.google.devtools.build.android.desugar.InterfaceDesugaring$InterfaceInvocationRewriter.visitMethodInsn(ILjava/lang/String;Ljava/lang/String;Ljava/lang/String;Z)V @ 10
Event: 2.498 Thread 0x000000000248d800 Uncommon trap: reason=class_check action=maybe_recompile pc=0x0000000002de76dc method=org.objectweb.asm.MethodVisitor.visitFrame(II[Ljava/lang/Object;I[Ljava/lang/Object;)V @ 18
Event: 2.498 Thread 0x000000000248d800 Uncommon trap: reason=class_check action=maybe_recompile pc=0x0000000002de76dc method=org.objectweb.asm.MethodVisitor.visitFrame(II[Ljava/lang/Object;I[Ljava/lang/Object;)V @ 18
Event: 2.905 Thread 0x000000000248d800 Uncommon trap: reason=class_check action=maybe_recompile pc=0x0000000002de76dc method=org.objectweb.asm.MethodVisitor.visitFrame(II[Ljava/lang/Object;I[Ljava/lang/Object;)V @ 18
Event: 2.905 Thread 0x000000000248d800 Uncommon trap: reason=class_check action=maybe_recompile pc=0x0000000002de76dc method=org.objectweb.asm.MethodVisitor.visitFrame(II[Ljava/lang/Object;I[Ljava/lang/Object;)V @ 18
Event: 3.478 Thread 0x000000000248d800 Uncommon trap: reason=unstable_if action=reinterpret pc=0x0000000002dbd3e0 method=org.objectweb.asm.MethodWriter.visitFieldInsn(ILjava/lang/String;Ljava/lang/String;Ljava/lang/String;)V @ 119
Event: 3.516 Thread 0x000000000248d800 Uncommon trap: reason=unstable_if action=reinterpret pc=0x0000000002dc48a8 method=org.objectweb.asm.Type.getArgumentsAndReturnSizes(Ljava/lang/String;)I @ 130

Classes redefined (0 events):
No events

Internal exceptions (10 events):
Event: 2.431 Thread 0x000000000248d800 Implicit null exception at 0x0000000002de4faa to 0x0000000002de528d
Event: 2.436 Thread 0x000000000248d800 Implicit null exception at 0x0000000002ded1bc to 0x0000000002defd71
Event: 2.527 Thread 0x000000000248d800 Exception <a 'sun/nio/fs/WindowsException'> (0x00000000ff668fd8) thrown at [D:\src\AOSP-openjdk-cygwin\jdk8u\hotspot\src\share\vm\prims\jni.cpp, line 709]
Event: 2.527 Thread 0x000000000248d800 Exception <a 'sun/nio/fs/WindowsException'> (0x00000000ff6694b0) thrown at [D:\src\AOSP-openjdk-cygwin\jdk8u\hotspot\src\share\vm\prims\jni.cpp, line 709]
Event: 2.843 Thread 0x000000000248d800 Exception <a 'sun/nio/fs/WindowsException'> (0x00000000ff76c198) thrown at [D:\src\AOSP-openjdk-cygwin\jdk8u\hotspot\src\share\vm\prims\jni.cpp, line 709]
Event: 2.843 Thread 0x000000000248d800 Exception <a 'sun/nio/fs/WindowsException'> (0x00000000ff76c670) thrown at [D:\src\AOSP-openjdk-cygwin\jdk8u\hotspot\src\share\vm\prims\jni.cpp, line 709]
Event: 2.891 Thread 0x000000000248d800 Exception <a 'sun/nio/fs/WindowsException'> (0x00000000ff88b528) thrown at [D:\src\AOSP-openjdk-cygwin\jdk8u\hotspot\src\share\vm\prims\jni.cpp, line 709]
Event: 2.891 Thread 0x000000000248d800 Exception <a 'sun/nio/fs/WindowsException'> (0x00000000ff88ba00) thrown at [D:\src\AOSP-openjdk-cygwin\jdk8u\hotspot\src\share\vm\prims\jni.cpp, line 709]
Event: 2.899 Thread 0x000000000248d800 Exception <a 'sun/nio/fs/WindowsException'> (0x00000000ff88eeb8) thrown at [D:\src\AOSP-openjdk-cygwin\jdk8u\hotspot\src\share\vm\prims\jni.cpp, line 709]
Event: 2.899 Thread 0x000000000248d800 Exception <a 'sun/nio/fs/WindowsException'> (0x00000000ff88f390) thrown at [D:\src\AOSP-openjdk-cygwin\jdk8u\hotspot\src\share\vm\prims\jni.cpp, line 709]

Events (10 events):
Event: 3.478 Thread 0x000000000248d800 Uncommon trap: trap_request=0xffffff65 fr.pc=0x0000000002dbd3e0
Event: 3.478 Thread 0x000000000248d800 DEOPT PACKING pc=0x0000000002dbd3e0 sp=0x000000000258eae0
Event: 3.478 Thread 0x000000000248d800 DEOPT UNPACKING pc=0x0000000002a2556a sp=0x000000000258ea20 mode 2
Event: 3.505 Thread 0x000000000248d800 DEOPT PACKING pc=0x0000000002d3f0b7 sp=0x000000000258eff0
Event: 3.505 Thread 0x000000000248d800 DEOPT UNPACKING pc=0x0000000002a275bf sp=0x000000000258ed08 mode 0
Event: 3.516 Thread 0x000000000248d800 Uncommon trap: trap_request=0xffffff65 fr.pc=0x0000000002dc48a8
Event: 3.516 Thread 0x000000000248d800 DEOPT PACKING pc=0x0000000002dc48a8 sp=0x000000000258ead0
Event: 3.516 Thread 0x000000000248d800 DEOPT UNPACKING pc=0x0000000002a2556a sp=0x000000000258e9a8 mode 2
Event: 3.516 Executing VM operation: ParallelGCFailedAllocation
Event: 3.861 Executing VM operation: ParallelGCFailedAllocation done


Dynamic libraries:
0x00007ff710140000 - 0x00007ff710171000 	C:\Program Files\Android\Android Studio\jre\bin\java.exe
0x00007ffde28f0000 - 0x00007ffde2ad1000 	C:\WINDOWS\SYSTEM32\ntdll.dll
0x00007ffde1a20000 - 0x00007ffde1ad2000 	C:\WINDOWS\System32\KERNEL32.DLL
0x00007ffddf250000 - 0x00007ffddf4c3000 	C:\WINDOWS\System32\KERNELBASE.dll
0x00007ffde1ae0000 - 0x00007ffde1b81000 	C:\WINDOWS\System32\ADVAPI32.dll
0x00007ffde27f0000 - 0x00007ffde288e000 	C:\WINDOWS\System32\msvcrt.dll
0x00007ffddfda0000 - 0x00007ffddfdfb000 	C:\WINDOWS\System32\sechost.dll
0x00007ffde2010000 - 0x00007ffde2134000 	C:\WINDOWS\System32\RPCRT4.dll
0x00007ffde1e80000 - 0x00007ffde2010000 	C:\WINDOWS\System32\USER32.dll
0x00007ffddf230000 - 0x00007ffddf250000 	C:\WINDOWS\System32\win32u.dll
0x00007ffde1e50000 - 0x00007ffde1e78000 	C:\WINDOWS\System32\GDI32.dll
0x00007ffddfbe0000 - 0x00007ffddfd72000 	C:\WINDOWS\System32\gdi32full.dll
0x00007ffddf030000 - 0x00007ffddf0cf000 	C:\WINDOWS\System32\msvcp_win.dll
0x00007ffddf0d0000 - 0x00007ffddf1ca000 	C:\WINDOWS\System32\ucrtbase.dll
0x00007ffdd1c40000 - 0x00007ffdd1ea9000 	C:\WINDOWS\WinSxS\amd64_microsoft.windows.common-controls_6595b64144ccf1df_6.0.17134.112_none_fb3f961b30681c12\COMCTL32.dll
0x00007ffde16f0000 - 0x00007ffde1a13000 	C:\WINDOWS\System32\combase.dll
0x00007ffddecc0000 - 0x00007ffdded3a000 	C:\WINDOWS\System32\bcryptPrimitives.dll
0x00007ffde2890000 - 0x00007ffde28bd000 	C:\WINDOWS\System32\IMM32.DLL
0x0000000054bd0000 - 0x0000000054ca2000 	C:\Program Files\Android\Android Studio\jre\jre\bin\msvcr100.dll
0x0000000054cb0000 - 0x00000000554ee000 	C:\Program Files\Android\Android Studio\jre\jre\bin\server\jvm.dll
0x00007ffde16e0000 - 0x00007ffde16e8000 	C:\WINDOWS\System32\PSAPI.DLL
0x00007ffdda820000 - 0x00007ffdda829000 	C:\WINDOWS\SYSTEM32\WSOCK32.dll
0x00007ffde1c80000 - 0x00007ffde1cec000 	C:\WINDOWS\System32\WS2_32.dll
0x00007ffddcde0000 - 0x00007ffddce03000 	C:\WINDOWS\SYSTEM32\WINMM.dll
0x00007ffddcc90000 - 0x00007ffddccba000 	C:\WINDOWS\SYSTEM32\WINMMBASE.dll
0x00007ffddedf0000 - 0x00007ffddee39000 	C:\WINDOWS\System32\cfgmgr32.dll
0x00007ffdd57a0000 - 0x00007ffdd57aa000 	C:\WINDOWS\SYSTEM32\VERSION.dll
0x00007ffdda810000 - 0x00007ffdda81f000 	C:\Program Files\Android\Android Studio\jre\jre\bin\verify.dll
0x00007ffdd62c0000 - 0x00007ffdd62e9000 	C:\Program Files\Android\Android Studio\jre\jre\bin\java.dll
0x00007ffdd65c0000 - 0x00007ffdd65d6000 	C:\Program Files\Android\Android Studio\jre\jre\bin\zip.dll
0x00007ffde00f0000 - 0x00007ffde1530000 	C:\WINDOWS\System32\SHELL32.dll
0x00007ffde2740000 - 0x00007ffde27e9000 	C:\WINDOWS\System32\shcore.dll
0x00007ffddf4d0000 - 0x00007ffddfbdd000 	C:\WINDOWS\System32\windows.storage.dll
0x00007ffde2290000 - 0x00007ffde22e1000 	C:\WINDOWS\System32\shlwapi.dll
0x00007ffddec20000 - 0x00007ffddec31000 	C:\WINDOWS\System32\kernel.appcore.dll
0x00007ffddec50000 - 0x00007ffddec6f000 	C:\WINDOWS\System32\profapi.dll
0x00007ffddec70000 - 0x00007ffddecbc000 	C:\WINDOWS\System32\powrprof.dll
0x00007ffddec40000 - 0x00007ffddec4a000 	C:\WINDOWS\System32\FLTLIB.DLL
0x00007ffdde630000 - 0x00007ffdde647000 	C:\WINDOWS\SYSTEM32\CRYPTSP.dll
0x00007ffdde060000 - 0x00007ffdde093000 	C:\WINDOWS\system32\rsaenh.dll
0x00007ffdde760000 - 0x00007ffdde785000 	C:\WINDOWS\SYSTEM32\bcrypt.dll
0x00007ffddeb00000 - 0x00007ffddeb28000 	C:\WINDOWS\SYSTEM32\USERENV.dll
0x00007ffdde650000 - 0x00007ffdde65b000 	C:\WINDOWS\SYSTEM32\CRYPTBASE.dll
0x00007ffdd62a0000 - 0x00007ffdd62ba000 	C:\Program Files\Android\Android Studio\jre\jre\bin\net.dll
0x00007ffdde480000 - 0x00007ffdde4e6000 	C:\WINDOWS\system32\mswsock.dll
0x00007ffdde200000 - 0x00007ffdde238000 	C:\WINDOWS\SYSTEM32\IPHLPAPI.DLL
0x00007ffde1bf0000 - 0x00007ffde1bf8000 	C:\WINDOWS\System32\NSI.dll
0x00007ffdd7790000 - 0x00007ffdd77a6000 	C:\WINDOWS\SYSTEM32\dhcpcsvc6.DLL
0x00007ffdd6720000 - 0x00007ffdd673a000 	C:\WINDOWS\SYSTEM32\dhcpcsvc.DLL
0x00007ffdd2050000 - 0x00007ffdd2061000 	C:\Program Files\Android\Android Studio\jre\jre\bin\nio.dll

VM Arguments:
jvm_args: -Djava.awt.headless=true -Xmx64M -Dfile.encoding=x-windows-949 -Duser.country=KR -Duser.language=ko -Duser.variant 
java_command: com.google.devtools.build.android.desugar.Desugar @D:\test\app\build\intermediates\tmp\desugar_args2051534079450987749
java_class_path (initial): C:\Users\Goo\AppData\Local\Temp\desugar_deploy.jar1444706754105442468
Launcher Type: SUN_STANDARD

Environment Variables:
PATH=C:\ProgramData\Oracle\Java\javapath;C:\WINDOWS\system32;C:\WINDOWS;C:\WINDOWS\System32\Wbem;C:\WINDOWS\System32\WindowsPowerShell\v1.0\;C:\OpenSSL;;C:\WINDOWS\System32\OpenSSH\;C:\Users\Goo\AppData\Local\Microsoft\WindowsApps;
USERNAME=Goo
OS=Windows_NT
PROCESSOR_IDENTIFIER=Intel64 Family 6 Model 158 Stepping 9, GenuineIntel



---------------  S Y S T E M  ---------------

OS: Windows 10.0 , 64 bit Build 17134 (10.0.17134.1)

CPU:total 8 (initial active 8) (4 cores per cpu, 2 threads per core) family 6 model 158 stepping 9, cmov, cx8, fxsr, mmx, sse, sse2, sse3, ssse3, sse4.1, sse4.2, popcnt, avx, avx2, aes, clmul, erms, 3dnowpref, lzcnt, ht, tsc, tscinvbit, bmi1, bmi2, adx

Memory: 4k page, physical 16692940k(3247492k free), swap 16692940k(532k free)

vm_info: OpenJDK 64-Bit Server VM (25.152-b01) for windows-amd64 JRE (1.8.0_152-release-915-b01), built by "builder" with MS VC++ 10.0 (VS2010)

time: Fri Jun 22 19:12:41 2018
elapsed time: 3 seconds (0d 0h 0m 3s)

