#
# There is insufficient memory for the Java Runtime Environment to continue.
# Native memory allocation (malloc) failed to allocate 1025136 bytes for Chunk::new
# Possible reasons:
#   The system is out of physical RAM or swap space
#   In 32 bit mode, the process size limit was hit
# Possible solutions:
#   Reduce memory load on the system
#   Increase physical memory or swap space
#   Check if swap backing store is full
#   Use 64 bit Java on a 64 bit OS
#   Decrease Java heap size (-Xmx/-Xms)
#   Decrease number of Java threads
#   Decrease Java thread stack sizes (-Xss)
#   Set larger code cache with -XX:ReservedCodeCacheSize=
# This output file may be truncated or incomplete.
#
#  Out of Memory Error (allocation.cpp:390), pid=788, tid=0x000000000000176c
#
# JRE version: OpenJDK Runtime Environment (8.0_152-b01) (build 1.8.0_152-release-915-b01)
# Java VM: OpenJDK 64-Bit Server VM (25.152-b01 mixed mode windows-amd64 compressed oops)
# Failed to write core dump. Minidumps are not enabled by default on client versions of Windows
#

---------------  T H R E A D  ---------------

Current thread (0x0000000015c12800):  JavaThread "C2 CompilerThread1" daemon [_thread_in_native, id=5996, stack(0x00000000163d0000,0x00000000164d0000)]

Stack: [0x00000000163d0000,0x00000000164d0000]
[error occurred during error reporting (printing stack bounds), id 0xc0000005]

Native frames: (J=compiled Java code, j=interpreted, Vv=VM code, C=native code)


Current CompileTask:
C2:   4043  953       4       org.objectweb.asm.ClassReader::a (3587 bytes)


---------------  P R O C E S S  ---------------

Java Threads: ( => current thread )
  0x0000000015c25000 JavaThread "Service Thread" daemon [_thread_blocked, id=268, stack(0x00000000166d0000,0x00000000167d0000)]
  0x0000000015c22000 JavaThread "C1 CompilerThread3" daemon [_thread_blocked, id=1168, stack(0x00000000165d0000,0x00000000166d0000)]
  0x0000000015c1f000 JavaThread "C2 CompilerThread2" daemon [_thread_in_native, id=2360, stack(0x00000000164d0000,0x00000000165d0000)]
=>0x0000000015c12800 JavaThread "C2 CompilerThread1" daemon [_thread_in_native, id=5996, stack(0x00000000163d0000,0x00000000164d0000)]
  0x0000000015bcf000 JavaThread "C2 CompilerThread0" daemon [_thread_blocked, id=9552, stack(0x00000000162d0000,0x00000000163d0000)]
  0x0000000015bcd800 JavaThread "Attach Listener" daemon [_thread_blocked, id=11748, stack(0x00000000161d0000,0x00000000162d0000)]
  0x0000000015b7a000 JavaThread "Signal Dispatcher" daemon [_thread_blocked, id=4648, stack(0x00000000160d0000,0x00000000161d0000)]
  0x000000000344e000 JavaThread "Finalizer" daemon [_thread_blocked, id=8112, stack(0x0000000015f40000,0x0000000016040000)]
  0x0000000003447000 JavaThread "Reference Handler" daemon [_thread_blocked, id=10768, stack(0x0000000015a40000,0x0000000015b40000)]
  0x000000000334d800 JavaThread "main" [_thread_in_Java, id=9168, stack(0x0000000003220000,0x0000000003320000)]

Other Threads:
  0x0000000013c45800 VMThread [stack: 0x0000000015940000,0x0000000015a40000] [id=1360]
  0x0000000015c2a000 WatcherThread [stack: 0x00000000167d0000,0x00000000168d0000] [id=7352]

VM state:not at safepoint (normal execution)

VM Mutex/Monitor currently owned by a thread: None

Heap:
 PSYoungGen      total 18944K, used 15122K [0x00000000feb00000, 0x0000000100000000, 0x0000000100000000)
  eden space 16384K, 76% used [0x00000000feb00000,0x00000000ff74baf0,0x00000000ffb00000)
  from space 2560K, 98% used [0x00000000ffd80000,0x00000000ffff8df0,0x0000000100000000)
  to   space 2560K, 0% used [0x00000000ffb00000,0x00000000ffb00000,0x00000000ffd80000)
 ParOldGen       total 44032K, used 6041K [0x00000000fc000000, 0x00000000feb00000, 0x00000000feb00000)
  object space 44032K, 13% used [0x00000000fc000000,0x00000000fc5e67e8,0x00000000feb00000)
 Metaspace       used 7754K, capacity 7906K, committed 8192K, reserved 1056768K
  class space    used 875K, capacity 957K, committed 1024K, reserved 1048576K

Card table byte_map: [0x0000000012810000,0x0000000012840000] byte_map_base: 0x0000000012030000

Marking Bits: (ParMarkBitMap*) 0x00000000673d3950
 Begin Bits: [0x0000000013040000, 0x0000000013140000)
 End Bits:   [0x0000000013140000, 0x0000000013240000)

Polling page: 0x0000000001110000

CodeCache: size=245760Kb used=4078Kb max_used=4088Kb free=241681Kb
 bounds [0x0000000003450000, 0x0000000003860000, 0x0000000012450000]
 total_blobs=1453 nmethods=1117 adapters=248
 compilation: enabled

Compilation events (10 events):
Event: 3.972 Thread 0x0000000015c22000 nmethod 1118 0x0000000003843290 code [0x0000000003843420, 0x0000000003843a58]
Event: 3.974 Thread 0x0000000015c22000 1119       3       org.objectweb.asm.FieldVisitor::<init> (35 bytes)
Event: 3.974 Thread 0x0000000015c22000 nmethod 1119 0x000000000384a1d0 code [0x000000000384a340, 0x000000000384a648]
Event: 3.985 Thread 0x0000000015bcf000 nmethod 1104 0x000000000384bb50 code [0x000000000384bd20, 0x000000000384c4d0]
Event: 3.985 Thread 0x0000000015bcf000 1114       4       org.objectweb.asm.MethodVisitor::visitVarInsn (17 bytes)
Event: 3.990 Thread 0x0000000015bcf000 nmethod 1114 0x000000000384af10 code [0x000000000384b080, 0x000000000384b598]
Event: 3.990 Thread 0x0000000015bcf000 1105       4       org.objectweb.asm.Type::getArgumentTypes (131 bytes)
Event: 4.002 Thread 0x0000000015bcf000 nmethod 1105 0x000000000384d650 code [0x000000000384d920, 0x000000000384e348]
Event: 4.002 Thread 0x0000000015bcf000 1116       4       java.util.AbstractCollection::<init> (5 bytes)
Event: 4.002 Thread 0x0000000015bcf000 nmethod 1116 0x000000000384ad10 code [0x000000000384ae40, 0x000000000384ae98]

GC Heap History (4 events):
Event: 1.040 GC heap before
{Heap before GC invocations=1 (full 0):
 PSYoungGen      total 18944K, used 16384K [0x00000000feb00000, 0x0000000100000000, 0x0000000100000000)
  eden space 16384K, 100% used [0x00000000feb00000,0x00000000ffb00000,0x00000000ffb00000)
  from space 2560K, 0% used [0x00000000ffd80000,0x00000000ffd80000,0x0000000100000000)
  to   space 2560K, 0% used [0x00000000ffb00000,0x00000000ffb00000,0x00000000ffd80000)
 ParOldGen       total 44032K, used 0K [0x00000000fc000000, 0x00000000feb00000, 0x00000000feb00000)
  object space 44032K, 0% used [0x00000000fc000000,0x00000000fc000000,0x00000000feb00000)
 Metaspace       used 6621K, capacity 6736K, committed 7040K, reserved 1056768K
  class space    used 774K, capacity 824K, committed 896K, reserved 1048576K
Event: 1.080 GC heap after
Heap after GC invocations=1 (full 0):
 PSYoungGen      total 18944K, used 2537K [0x00000000feb00000, 0x0000000100000000, 0x0000000100000000)
  eden space 16384K, 0% used [0x00000000feb00000,0x00000000feb00000,0x00000000ffb00000)
  from space 2560K, 99% used [0x00000000ffb00000,0x00000000ffd7a620,0x00000000ffd80000)
  to   space 2560K, 0% used [0x00000000ffd80000,0x00000000ffd80000,0x0000000100000000)
 ParOldGen       total 44032K, used 1540K [0x00000000fc000000, 0x00000000feb00000, 0x00000000feb00000)
  object space 44032K, 3% used [0x00000000fc000000,0x00000000fc1812e0,0x00000000feb00000)
 Metaspace       used 6621K, capacity 6736K, committed 7040K, reserved 1056768K
  class space    used 774K, capacity 824K, committed 896K, reserved 1048576K
}
Event: 1.491 GC heap before
{Heap before GC invocations=2 (full 0):
 PSYoungGen      total 18944K, used 18921K [0x00000000feb00000, 0x0000000100000000, 0x0000000100000000)
  eden space 16384K, 100% used [0x00000000feb00000,0x00000000ffb00000,0x00000000ffb00000)
  from space 2560K, 99% used [0x00000000ffb00000,0x00000000ffd7a620,0x00000000ffd80000)
  to   space 2560K, 0% used [0x00000000ffd80000,0x00000000ffd80000,0x0000000100000000)
 ParOldGen       total 44032K, used 1540K [0x00000000fc000000, 0x00000000feb00000, 0x00000000feb00000)
  object space 44032K, 3% used [0x00000000fc000000,0x00000000fc1812e0,0x00000000feb00000)
 Metaspace       used 6966K, capacity 7106K, committed 7296K, reserved 1056768K
  class space    used 816K, capacity 861K, committed 896K, reserved 1048576K
Event: 1.555 GC heap after
Heap after GC invocations=2 (full 0):
 PSYoungGen      total 18944K, used 2531K [0x00000000feb00000, 0x0000000100000000, 0x0000000100000000)
  eden space 16384K, 0% used [0x00000000feb00000,0x00000000feb00000,0x00000000ffb00000)
  from space 2560K, 98% used [0x00000000ffd80000,0x00000000ffff8df0,0x0000000100000000)
  to   space 2560K, 0% used [0x00000000ffb00000,0x00000000ffb00000,0x00000000ffd80000)
 ParOldGen       total 44032K, used 6041K [0x00000000fc000000, 0x00000000feb00000, 0x00000000feb00000)
  object space 44032K, 13% used [0x00000000fc000000,0x00000000fc5e67e8,0x00000000feb00000)
 Metaspace       used 6966K, capacity 7106K, committed 7296K, reserved 1056768K
  class space    used 816K, capacity 861K, committed 896K, reserved 1048576K
}

Deoptimization events (10 events):
Event: 1.101 Thread 0x000000000334d800 Uncommon trap: reason=unstable_if action=reinterpret pc=0x0000000003697e2c method=java.util.zip.ZipCoder.decoder()Ljava/nio/charset/CharsetDecoder; @ 4
Event: 1.101 Thread 0x000000000334d800 Uncommon trap: reason=unstable_if action=reinterpret pc=0x0000000003688a58 method=java.util.zip.ZipCoder.decoder()Ljava/nio/charset/CharsetDecoder; @ 4
Event: 1.101 Thread 0x000000000334d800 Uncommon trap: reason=unstable_if action=reinterpret pc=0x0000000003684500 method=java.util.zip.ZipCoder.decoder()Ljava/nio/charset/CharsetDecoder; @ 4
Event: 1.444 Thread 0x000000000334d800 Uncommon trap: reason=unloaded action=reinterpret pc=0x000000000368a13c method=java.util.zip.ZipEntry.setExtra0([BZ)V @ 37
Event: 2.018 Thread 0x000000000334d800 Uncommon trap: reason=unstable_if action=reinterpret pc=0x000000000373e0d8 method=java.lang.String.<init>([CII)V @ 18
Event: 3.189 Thread 0x000000000334d800 Uncommon trap: reason=unstable_if action=reinterpret pc=0x000000000376e89c method=java.lang.String.<init>([CII)V @ 18
Event: 3.840 Thread 0x000000000334d800 Uncommon trap: reason=unstable_if action=reinterpret pc=0x0000000003796cdc method=org.objectweb.asm.Type.getArgumentsAndReturnSizes(Ljava/lang/String;)I @ 136
Event: 3.853 Thread 0x000000000334d800 Uncommon trap: reason=unstable_if action=reinterpret pc=0x00000000037b7998 method=org.objectweb.asm.Item.a(Lorg/objectweb/asm/Item;)Z @ 345
Event: 3.870 Thread 0x000000000334d800 Uncommon trap: reason=unstable_if action=reinterpret pc=0x000000000378f5e8 method=java.io.BufferedOutputStream.write(I)V @ 9
Event: 3.872 Thread 0x000000000334d800 Uncommon trap: reason=unstable_if action=reinterpret pc=0x00000000037e7bb8 method=org.objectweb.asm.MethodWriter.visitVarInsn(II)V @ 130

Classes redefined (0 events):
No events

Internal exceptions (10 events):
Event: 1.578 Thread 0x000000000334d800 Exception <a 'sun/nio/fs/WindowsException'> (0x00000000feb91388) thrown at [D:\src\AOSP-openjdk-cygwin\jdk8u\hotspot\src\share\vm\prims\jni.cpp, line 709]
Event: 1.579 Thread 0x000000000334d800 Exception <a 'sun/nio/fs/WindowsException'> (0x00000000feb918e0) thrown at [D:\src\AOSP-openjdk-cygwin\jdk8u\hotspot\src\share\vm\prims\jni.cpp, line 709]
Event: 1.629 Thread 0x000000000334d800 Exception <a 'sun/nio/fs/WindowsException'> (0x00000000feb9d3d0) thrown at [D:\src\AOSP-openjdk-cygwin\jdk8u\hotspot\src\share\vm\prims\jni.cpp, line 709]
Event: 1.629 Thread 0x000000000334d800 Exception <a 'sun/nio/fs/WindowsException'> (0x00000000feb9d8a8) thrown at [D:\src\AOSP-openjdk-cygwin\jdk8u\hotspot\src\share\vm\prims\jni.cpp, line 709]
Event: 3.000 Thread 0x000000000334d800 Exception <a 'sun/nio/fs/WindowsException'> (0x00000000fefdb1b8) thrown at [D:\src\AOSP-openjdk-cygwin\jdk8u\hotspot\src\share\vm\prims\jni.cpp, line 709]
Event: 3.004 Thread 0x000000000334d800 Exception <a 'sun/nio/fs/WindowsException'> (0x00000000fefdb690) thrown at [D:\src\AOSP-openjdk-cygwin\jdk8u\hotspot\src\share\vm\prims\jni.cpp, line 709]
Event: 3.147 Thread 0x000000000334d800 Exception <a 'sun/nio/fs/WindowsException'> (0x00000000fefdeb48) thrown at [D:\src\AOSP-openjdk-cygwin\jdk8u\hotspot\src\share\vm\prims\jni.cpp, line 709]
Event: 3.147 Thread 0x000000000334d800 Exception <a 'sun/nio/fs/WindowsException'> (0x00000000fefdf020) thrown at [D:\src\AOSP-openjdk-cygwin\jdk8u\hotspot\src\share\vm\prims\jni.cpp, line 709]
Event: 3.795 Thread 0x000000000334d800 Exception <a 'sun/nio/fs/WindowsException'> (0x00000000ff01e4c8) thrown at [D:\src\AOSP-openjdk-cygwin\jdk8u\hotspot\src\share\vm\prims\jni.cpp, line 709]
Event: 3.800 Thread 0x000000000334d800 Exception <a 'sun/nio/fs/WindowsException'> (0x00000000ff01e9a0) thrown at [D:\src\AOSP-openjdk-cygwin\jdk8u\hotspot\src\share\vm\prims\jni.cpp, line 709]

Events (10 events):
Event: 3.840 Thread 0x000000000334d800 DEOPT UNPACKING pc=0x000000000349556a sp=0x000000000331ea58 mode 2
Event: 3.853 Thread 0x000000000334d800 Uncommon trap: trap_request=0xffffff65 fr.pc=0x00000000037b7998
Event: 3.853 Thread 0x000000000334d800 DEOPT PACKING pc=0x00000000037b7998 sp=0x000000000331ebe0
Event: 3.853 Thread 0x000000000334d800 DEOPT UNPACKING pc=0x000000000349556a sp=0x000000000331eb78 mode 2
Event: 3.870 Thread 0x000000000334d800 Uncommon trap: trap_request=0xffffff65 fr.pc=0x000000000378f5e8
Event: 3.870 Thread 0x000000000334d800 DEOPT PACKING pc=0x000000000378f5e8 sp=0x000000000331f300
Event: 3.870 Thread 0x000000000334d800 DEOPT UNPACKING pc=0x000000000349556a sp=0x000000000331f2b0 mode 2
Event: 3.872 Thread 0x000000000334d800 Uncommon trap: trap_request=0xffffff65 fr.pc=0x00000000037e7bb8
Event: 3.872 Thread 0x000000000334d800 DEOPT PACKING pc=0x00000000037e7bb8 sp=0x000000000331eee0
Event: 3.872 Thread 0x000000000334d800 DEOPT UNPACKING pc=0x000000000349556a sp=0x000000000331ee28 mode 2


Dynamic libraries:
0x00007ff7bef40000 - 0x00007ff7bef71000 	C:\Program Files\Android\Android Studio\jre\bin\java.exe
0x00007ffba9340000 - 0x00007ffba9521000 	C:\WINDOWS\SYSTEM32\ntdll.dll
0x00007ffba6ca0000 - 0x00007ffba6d52000 	C:\WINDOWS\System32\KERNEL32.DLL
0x00007ffba6070000 - 0x00007ffba62e3000 	C:\WINDOWS\System32\KERNELBASE.dll
0x00007ffba9260000 - 0x00007ffba9301000 	C:\WINDOWS\System32\ADVAPI32.dll
0x00007ffba77b0000 - 0x00007ffba784e000 	C:\WINDOWS\System32\msvcrt.dll
0x00007ffba71b0000 - 0x00007ffba720b000 	C:\WINDOWS\System32\sechost.dll
0x00007ffba7580000 - 0x00007ffba76a4000 	C:\WINDOWS\System32\RPCRT4.dll
0x00007ffba7ac0000 - 0x00007ffba7c50000 	C:\WINDOWS\System32\USER32.dll
0x00007ffba5790000 - 0x00007ffba57b0000 	C:\WINDOWS\System32\win32u.dll
0x00007ffba67e0000 - 0x00007ffba6808000 	C:\WINDOWS\System32\GDI32.dll
0x00007ffba6530000 - 0x00007ffba66c2000 	C:\WINDOWS\System32\gdi32full.dll
0x00007ffba5fd0000 - 0x00007ffba606f000 	C:\WINDOWS\System32\msvcp_win.dll
0x00007ffba66d0000 - 0x00007ffba67ca000 	C:\WINDOWS\System32\ucrtbase.dll
0x00007ffb93ad0000 - 0x00007ffb93d39000 	C:\WINDOWS\WinSxS\amd64_microsoft.windows.common-controls_6595b64144ccf1df_6.0.17134.48_none_b4b2216a3cb4dd3e\COMCTL32.dll
0x00007ffba6810000 - 0x00007ffba6b33000 	C:\WINDOWS\System32\combase.dll
0x00007ffba5710000 - 0x00007ffba578a000 	C:\WINDOWS\System32\bcryptPrimitives.dll
0x00007ffba9090000 - 0x00007ffba90bd000 	C:\WINDOWS\System32\IMM32.DLL
0x0000000069530000 - 0x0000000069602000 	C:\Program Files\Android\Android Studio\jre\jre\bin\msvcr100.dll
0x0000000066c10000 - 0x000000006744e000 	C:\Program Files\Android\Android Studio\jre\jre\bin\server\jvm.dll
0x00007ffba91d0000 - 0x00007ffba91d8000 	C:\WINDOWS\System32\PSAPI.DLL
0x00007ffba1d20000 - 0x00007ffba1d29000 	C:\WINDOWS\SYSTEM32\WSOCK32.dll
0x00007ffba7510000 - 0x00007ffba757c000 	C:\WINDOWS\System32\WS2_32.dll
0x00007ffb95780000 - 0x00007ffb957a3000 	C:\WINDOWS\SYSTEM32\WINMM.dll
0x00007ffb9d7c0000 - 0x00007ffb9d7ca000 	C:\WINDOWS\SYSTEM32\VERSION.dll
0x00007ffb95570000 - 0x00007ffb9559a000 	C:\WINDOWS\SYSTEM32\WINMMBASE.dll
0x00007ffba64e0000 - 0x00007ffba6529000 	C:\WINDOWS\System32\cfgmgr32.dll
0x00007ffba1b20000 - 0x00007ffba1b2f000 	C:\Program Files\Android\Android Studio\jre\jre\bin\verify.dll
0x00007ffb9e9c0000 - 0x00007ffb9e9e9000 	C:\Program Files\Android\Android Studio\jre\jre\bin\java.dll
0x00007ffba1b00000 - 0x00007ffba1b16000 	C:\Program Files\Android\Android Studio\jre\jre\bin\zip.dll
0x00007ffba7c50000 - 0x00007ffba9090000 	C:\WINDOWS\System32\SHELL32.dll
0x00007ffba9120000 - 0x00007ffba91c9000 	C:\WINDOWS\System32\shcore.dll
0x00007ffba58c0000 - 0x00007ffba5fcd000 	C:\WINDOWS\System32\windows.storage.dll
0x00007ffba90c0000 - 0x00007ffba9111000 	C:\WINDOWS\System32\shlwapi.dll
0x00007ffba5680000 - 0x00007ffba5691000 	C:\WINDOWS\System32\kernel.appcore.dll
0x00007ffba56f0000 - 0x00007ffba570f000 	C:\WINDOWS\System32\profapi.dll
0x00007ffba56a0000 - 0x00007ffba56ec000 	C:\WINDOWS\System32\powrprof.dll
0x00007ffba5650000 - 0x00007ffba565a000 	C:\WINDOWS\System32\FLTLIB.DLL
0x00007ffba5080000 - 0x00007ffba5097000 	C:\WINDOWS\SYSTEM32\CRYPTSP.dll
0x00007ffba4ab0000 - 0x00007ffba4ae3000 	C:\WINDOWS\system32\rsaenh.dll
0x00007ffba51b0000 - 0x00007ffba51d5000 	C:\WINDOWS\SYSTEM32\bcrypt.dll
0x00007ffba5580000 - 0x00007ffba55a8000 	C:\WINDOWS\SYSTEM32\USERENV.dll
0x00007ffba50a0000 - 0x00007ffba50ab000 	C:\WINDOWS\SYSTEM32\CRYPTBASE.dll
0x00007ffb9e9a0000 - 0x00007ffb9e9ba000 	C:\Program Files\Android\Android Studio\jre\jre\bin\net.dll
0x00007ffba4ed0000 - 0x00007ffba4f36000 	C:\WINDOWS\system32\mswsock.dll
0x00007ffba4c50000 - 0x00007ffba4c88000 	C:\WINDOWS\SYSTEM32\IPHLPAPI.DLL
0x00007ffba7430000 - 0x00007ffba7438000 	C:\WINDOWS\System32\NSI.dll
0x00007ffb9a1f0000 - 0x00007ffb9a206000 	C:\WINDOWS\SYSTEM32\dhcpcsvc6.DLL
0x00007ffb9a120000 - 0x00007ffb9a13a000 	C:\WINDOWS\SYSTEM32\dhcpcsvc.DLL
0x00007ffb9e900000 - 0x00007ffb9e911000 	C:\Program Files\Android\Android Studio\jre\jre\bin\nio.dll

VM Arguments:
jvm_args: -Djava.awt.headless=true -Xmx64M -Dfile.encoding=x-windows-949 -Duser.country=KR -Duser.language=ko -Duser.variant 
java_command: com.google.devtools.build.android.desugar.Desugar @D:\test\app\build\intermediates\tmp\desugar_args7331391220195224637
java_class_path (initial): C:\Users\Goo\AppData\Local\Temp\desugar_deploy.jar914161806448729915
Launcher Type: SUN_STANDARD

Environment Variables:
PATH=C:\ProgramData\Oracle\Java\javapath;C:\WINDOWS\system32;C:\WINDOWS;C:\WINDOWS\System32\Wbem;C:\WINDOWS\System32\WindowsPowerShell\v1.0\;C:\OpenSSL;;C:\WINDOWS\System32\OpenSSH\;C:\Users\Goo\AppData\Local\Microsoft\WindowsApps;
USERNAME=Goo
OS=Windows_NT
PROCESSOR_IDENTIFIER=Intel64 Family 6 Model 158 Stepping 9, GenuineIntel



---------------  S Y S T E M  ---------------

OS: Windows 10.0 , 64 bit Build 17134 (10.0.17134.1)

CPU:total 8 (initial active 8) (4 cores per cpu, 2 threads per core) family 6 model 158 stepping 9, cmov, cx8, fxsr, mmx, sse, sse2, sse3, ssse3, sse4.1, sse4.2, popcnt, avx, avx2, aes, clmul, erms, 3dnowpref, lzcnt, ht, tsc, tscinvbit, bmi1, bmi2, adx

Memory: 4k page, physical 16692940k(4841236k free), swap 16692940k(5536k free)

vm_info: OpenJDK 64-Bit Server VM (25.152-b01) for windows-amd64 JRE (1.8.0_152-release-915-b01), built by "builder" with MS VC++ 10.0 (VS2010)

time: Sat May 26 17:46:11 2018
elapsed time: 4 seconds (0d 0h 0m 4s)

