#
# There is insufficient memory for the Java Runtime Environment to continue.
# Native memory allocation (malloc) failed to allocate 32744 bytes for ChunkPool::allocate
# Possible reasons:
#   The system is out of physical RAM or swap space
#   In 32 bit mode, the process size limit was hit
# Possible solutions:
#   Reduce memory load on the system
#   Increase physical memory or swap space
#   Check if swap backing store is full
#   Use 64 bit Java on a 64 bit OS
#   Decrease Java heap size (-Xmx/-Xms)
#   Decrease number of Java threads
#   Decrease Java thread stack sizes (-Xss)
#   Set larger code cache with -XX:ReservedCodeCacheSize=
# This output file may be truncated or incomplete.
#
#  Out of Memory Error (allocation.cpp:273), pid=9780, tid=0x0000000000001efc
#
# JRE version: OpenJDK Runtime Environment (8.0_152-b01) (build 1.8.0_152-release-915-b01)
# Java VM: OpenJDK 64-Bit Server VM (25.152-b01 mixed mode windows-amd64 compressed oops)
# Failed to write core dump. Minidumps are not enabled by default on client versions of Windows
#

---------------  T H R E A D  ---------------

Current thread (0x000000000295d800):  JavaThread "main" [_thread_in_vm, id=7932, stack(0x00000000027c0000,0x00000000028c0000)]

Stack: [0x00000000027c0000,0x00000000028c0000]
[error occurred during error reporting (printing stack bounds), id 0xc0000005]

Native frames: (J=compiled Java code, j=interpreted, Vv=VM code, C=native code)

Java frames: (J=compiled Java code, j=interpreted, Vv=VM code)
j  org.objectweb.asm.MethodWriter.visitJumpInsn(ILorg/objectweb/asm/Label;)V+0
J 887 C1 org.objectweb.asm.MethodVisitor.visitJumpInsn(ILorg/objectweb/asm/Label;)V (17 bytes) @ 0x0000000002da3504 [0x0000000002da33c0+0x144]
J 937 C1 org.objectweb.asm.tree.JumpInsnNode.accept(Lorg/objectweb/asm/MethodVisitor;)V (21 bytes) @ 0x0000000002dcd754 [0x0000000002dcd4a0+0x2b4]
J 919 C1 org.objectweb.asm.tree.MethodNode.accept(Lorg/objectweb/asm/MethodVisitor;)V (916 bytes) @ 0x0000000002dc0194 [0x0000000002dbcc80+0x3514]
j  com.google.devtools.build.android.desugar.LambdaDesugaring$InvokedynamicRewriter.visitEnd()V+5
J 853 C1 org.objectweb.asm.ClassReader.b(Lorg/objectweb/asm/ClassVisitor;Lorg/objectweb/asm/Context;I)I (1124 bytes) @ 0x0000000002d83a9c [0x0000000002d7ef60+0x4b3c]
j  org.objectweb.asm.ClassReader.accept(Lorg/objectweb/asm/ClassVisitor;[Lorg/objectweb/asm/Attribute;I)V+1160
j  org.objectweb.asm.ClassReader.accept(Lorg/objectweb/asm/ClassVisitor;I)V+7
j  com.google.devtools.build.android.desugar.Desugar.desugarClassesInInput(Lcom/google/devtools/build/android/desugar/InputFileProvider;Lcom/google/devtools/build/android/desugar/OutputFileProvider;Ljava/lang/ClassLoader;Lcom/google/devtools/build/android/desugar/ClassReaderFactory;Lcom/google/devtools/build/android/desugar/ClassReaderFactory;Lcom/google/common/collect/ImmutableSet$Builder;)V+116
j  com.google.devtools.build.android.desugar.Desugar.desugarOneInput(Lcom/google/devtools/build/android/desugar/Desugar$InputOutputPair;Lcom/google/devtools/build/android/desugar/IndexedInputs;Ljava/lang/ClassLoader;Lcom/google/devtools/build/android/desugar/ClassReaderFactory;)V+182
j  com.google.devtools.build.android.desugar.Desugar.desugar()V+166
j  com.google.devtools.build.android.desugar.Desugar.main([Ljava/lang/String;)V+46
v  ~StubRoutines::call_stub

---------------  P R O C E S S  ---------------

Java Threads: ( => current thread )
  0x00000000151ef000 JavaThread "Service Thread" daemon [_thread_blocked, id=6544, stack(0x0000000015d80000,0x0000000015e80000)]
  0x000000001518d000 JavaThread "C1 CompilerThread3" daemon [_thread_blocked, id=7208, stack(0x0000000015c80000,0x0000000015d80000)]
  0x0000000015189000 JavaThread "C2 CompilerThread2" daemon [_thread_blocked, id=8976, stack(0x0000000015b80000,0x0000000015c80000)]
  0x000000001517c800 JavaThread "C2 CompilerThread1" daemon [_thread_in_native, id=10636, stack(0x0000000015a80000,0x0000000015b80000)]
  0x000000001517a000 JavaThread "C2 CompilerThread0" daemon [_thread_blocked, id=6132, stack(0x0000000015980000,0x0000000015a80000)]
  0x0000000015178800 JavaThread "Attach Listener" daemon [_thread_blocked, id=7840, stack(0x0000000015880000,0x0000000015980000)]
  0x0000000015126000 JavaThread "Signal Dispatcher" daemon [_thread_blocked, id=404, stack(0x0000000015780000,0x0000000015880000)]
  0x0000000002a5e000 JavaThread "Finalizer" daemon [_thread_blocked, id=620, stack(0x00000000154f0000,0x00000000155f0000)]
  0x0000000002a57000 JavaThread "Reference Handler" daemon [_thread_blocked, id=9916, stack(0x0000000014ff0000,0x00000000150f0000)]
=>0x000000000295d800 JavaThread "main" [_thread_in_vm, id=7932, stack(0x00000000027c0000,0x00000000028c0000)]

Other Threads:
  0x0000000013205000 VMThread [stack: 0x0000000014ef0000,0x0000000014ff0000] [id=1088]
  0x00000000151f0000 WatcherThread [stack: 0x0000000015e80000,0x0000000015f80000] [id=7140]

VM state:not at safepoint (normal execution)

VM Mutex/Monitor currently owned by a thread:  ([mutex/lock_event])
[0x0000000002960cd0] MethodData_lock - owner thread: 0x000000000295d800

Heap:
 PSYoungGen      total 18944K, used 8820K [0x00000000feb00000, 0x0000000100000000, 0x0000000100000000)
  eden space 16384K, 38% used [0x00000000feb00000,0x00000000ff124300,0x00000000ffb00000)
  from space 2560K, 98% used [0x00000000ffd80000,0x00000000ffff8e20,0x0000000100000000)
  to   space 2560K, 0% used [0x00000000ffb00000,0x00000000ffb00000,0x00000000ffd80000)
 ParOldGen       total 44032K, used 5970K [0x00000000fc000000, 0x00000000feb00000, 0x00000000feb00000)
  object space 44032K, 13% used [0x00000000fc000000,0x00000000fc5d48a0,0x00000000feb00000)
 Metaspace       used 7620K, capacity 7782K, committed 7936K, reserved 1056768K
  class space    used 875K, capacity 957K, committed 1024K, reserved 1048576K

Card table byte_map: [0x0000000000c90000,0x0000000000cc0000] byte_map_base: 0x00000000004b0000

Marking Bits: (ParMarkBitMap*) 0x000000005d303950
 Begin Bits: [0x0000000012620000, 0x0000000012720000)
 End Bits:   [0x0000000012720000, 0x0000000012820000)

Polling page: 0x0000000000700000

CodeCache: size=245760Kb used=3533Kb max_used=3541Kb free=242226Kb
 bounds [0x0000000002a60000, 0x0000000002de0000, 0x0000000011a60000]
 total_blobs=1276 nmethods=942 adapters=248
 compilation: enabled

Compilation events (10 events):
Event: 1.234 Thread 0x000000001517a000 nmethod 939 0x0000000002dd2c10 code [0x0000000002dd2d60, 0x0000000002dd2f08]
Event: 1.234 Thread 0x000000001518d000 nmethod 938 0x0000000002dcb110 code [0x0000000002dcb360, 0x0000000002dcbdc8]
Event: 1.234 Thread 0x000000001518d000  931       3       com.google.devtools.build.android.desugar.Java7Compatibility::visitMethod (134 bytes)
Event: 1.235 Thread 0x000000001518d000 nmethod 931 0x0000000002dd3050 code [0x0000000002dd32a0, 0x0000000002dd4308]
Event: 1.235 Thread 0x000000001518d000  941       3       org.objectweb.asm.Label::a (93 bytes)
Event: 1.235 Thread 0x000000001518d000 nmethod 941 0x0000000002dd2490 code [0x0000000002dd2600, 0x0000000002dd2a48]
Event: 1.236 Thread 0x000000001518d000  927       3       org.objectweb.asm.FieldVisitor::<init> (7 bytes)
Event: 1.236 Thread 0x000000001518d000 nmethod 927 0x0000000002dd1e10 code [0x0000000002dd1fa0, 0x0000000002dd2308]
Event: 1.238 Thread 0x0000000015189000 nmethod 940 0x0000000002dd7a10 code [0x0000000002dd7b80, 0x0000000002dd8018]
Event: 1.239 Thread 0x000000001518d000  942       3       org.objectweb.asm.tree.MethodNode::visitJumpInsn (21 bytes)

GC Heap History (4 events):
Event: 0.652 GC heap before
{Heap before GC invocations=1 (full 0):
 PSYoungGen      total 18944K, used 16384K [0x00000000feb00000, 0x0000000100000000, 0x0000000100000000)
  eden space 16384K, 100% used [0x00000000feb00000,0x00000000ffb00000,0x00000000ffb00000)
  from space 2560K, 0% used [0x00000000ffd80000,0x00000000ffd80000,0x0000000100000000)
  to   space 2560K, 0% used [0x00000000ffb00000,0x00000000ffb00000,0x00000000ffd80000)
 ParOldGen       total 44032K, used 0K [0x00000000fc000000, 0x00000000feb00000, 0x00000000feb00000)
  object space 44032K, 0% used [0x00000000fc000000,0x00000000fc000000,0x00000000feb00000)
 Metaspace       used 6620K, capacity 6804K, committed 7040K, reserved 1056768K
  class space    used 774K, capacity 824K, committed 896K, reserved 1048576K
Event: 0.660 GC heap after
Heap after GC invocations=1 (full 0):
 PSYoungGen      total 18944K, used 2537K [0x00000000feb00000, 0x0000000100000000, 0x0000000100000000)
  eden space 16384K, 0% used [0x00000000feb00000,0x00000000feb00000,0x00000000ffb00000)
  from space 2560K, 99% used [0x00000000ffb00000,0x00000000ffd7a620,0x00000000ffd80000)
  to   space 2560K, 0% used [0x00000000ffd80000,0x00000000ffd80000,0x0000000100000000)
 ParOldGen       total 44032K, used 1620K [0x00000000fc000000, 0x00000000feb00000, 0x00000000feb00000)
  object space 44032K, 3% used [0x00000000fc000000,0x00000000fc1953a8,0x00000000feb00000)
 Metaspace       used 6620K, capacity 6804K, committed 7040K, reserved 1056768K
  class space    used 774K, capacity 824K, committed 896K, reserved 1048576K
}
Event: 0.876 GC heap before
{Heap before GC invocations=2 (full 0):
 PSYoungGen      total 18944K, used 18921K [0x00000000feb00000, 0x0000000100000000, 0x0000000100000000)
  eden space 16384K, 100% used [0x00000000feb00000,0x00000000ffb00000,0x00000000ffb00000)
  from space 2560K, 99% used [0x00000000ffb00000,0x00000000ffd7a620,0x00000000ffd80000)
  to   space 2560K, 0% used [0x00000000ffd80000,0x00000000ffd80000,0x0000000100000000)
 ParOldGen       total 44032K, used 1620K [0x00000000fc000000, 0x00000000feb00000, 0x00000000feb00000)
  object space 44032K, 3% used [0x00000000fc000000,0x00000000fc1953a8,0x00000000feb00000)
 Metaspace       used 6943K, capacity 7110K, committed 7296K, reserved 1056768K
  class space    used 814K, capacity 861K, committed 896K, reserved 1048576K
Event: 0.883 GC heap after
Heap after GC invocations=2 (full 0):
 PSYoungGen      total 18944K, used 2531K [0x00000000feb00000, 0x0000000100000000, 0x0000000100000000)
  eden space 16384K, 0% used [0x00000000feb00000,0x00000000feb00000,0x00000000ffb00000)
  from space 2560K, 98% used [0x00000000ffd80000,0x00000000ffff8e20,0x0000000100000000)
  to   space 2560K, 0% used [0x00000000ffb00000,0x00000000ffb00000,0x00000000ffd80000)
 ParOldGen       total 44032K, used 5970K [0x00000000fc000000, 0x00000000feb00000, 0x00000000feb00000)
  object space 44032K, 13% used [0x00000000fc000000,0x00000000fc5d48a0,0x00000000feb00000)
 Metaspace       used 6943K, capacity 7110K, committed 7296K, reserved 1056768K
  class space    used 814K, capacity 861K, committed 896K, reserved 1048576K
}

Deoptimization events (10 events):
Event: 0.624 Thread 0x000000000295d800 Uncommon trap: reason=unstable_if action=reinterpret pc=0x0000000002c97af8 method=java.util.zip.ZipCoder.decoder()Ljava/nio/charset/CharsetDecoder; @ 4
Event: 0.625 Thread 0x000000000295d800 Uncommon trap: reason=unstable_if action=reinterpret pc=0x0000000002c9eb6c method=java.util.zip.ZipCoder.decoder()Ljava/nio/charset/CharsetDecoder; @ 4
Event: 0.682 Thread 0x000000000295d800 Uncommon trap: reason=unstable_if action=reinterpret pc=0x0000000002c9a52c method=java.util.zip.ZipCoder.decoder()Ljava/nio/charset/CharsetDecoder; @ 4
Event: 0.682 Thread 0x000000000295d800 Uncommon trap: reason=unstable_if action=reinterpret pc=0x0000000002c8fbd8 method=java.util.zip.ZipCoder.decoder()Ljava/nio/charset/CharsetDecoder; @ 4
Event: 0.682 Thread 0x000000000295d800 Uncommon trap: reason=unstable_if action=reinterpret pc=0x0000000002c89c00 method=java.util.zip.ZipCoder.decoder()Ljava/nio/charset/CharsetDecoder; @ 4
Event: 0.689 Thread 0x000000000295d800 Uncommon trap: reason=unstable_if action=reinterpret pc=0x0000000002cb1248 method=java.util.HashMap$HashIterator.nextNode()Ljava/util/HashMap$Node; @ 74
Event: 0.740 Thread 0x000000000295d800 Uncommon trap: reason=unstable_if action=reinterpret pc=0x0000000002ca2508 method=java.util.HashMap$HashIterator.nextNode()Ljava/util/HashMap$Node; @ 74
Event: 0.835 Thread 0x000000000295d800 Uncommon trap: reason=unloaded action=reinterpret pc=0x0000000002ca19bc method=java.util.zip.ZipEntry.setExtra0([BZ)V @ 37
Event: 0.917 Thread 0x000000000295d800 Uncommon trap: reason=unstable_if action=reinterpret pc=0x0000000002c14db8 method=java.lang.String.<init>([CII)V @ 18
Event: 1.005 Thread 0x000000000295d800 Uncommon trap: reason=unstable_if action=reinterpret pc=0x0000000002d78828 method=java.io.BufferedOutputStream.write(I)V @ 9

Classes redefined (0 events):
No events

Internal exceptions (10 events):
Event: 0.735 Thread 0x000000000295d800 Exception <a 'sun/nio/fs/WindowsException'> (0x00000000ff209150) thrown at [D:\src\AOSP-openjdk-cygwin\jdk8u\hotspot\src\share\vm\prims\jni.cpp, line 709]
Event: 0.745 Thread 0x000000000295d800 Exception <a 'sun/nio/fs/WindowsException'> (0x00000000ff20e490) thrown at [D:\src\AOSP-openjdk-cygwin\jdk8u\hotspot\src\share\vm\prims\jni.cpp, line 709]
Event: 0.898 Thread 0x000000000295d800 Exception <a 'sun/nio/fs/WindowsException'> (0x00000000febb8d20) thrown at [D:\src\AOSP-openjdk-cygwin\jdk8u\hotspot\src\share\vm\prims\jni.cpp, line 709]
Event: 0.898 Thread 0x000000000295d800 Exception <a 'sun/nio/fs/WindowsException'> (0x00000000febb9278) thrown at [D:\src\AOSP-openjdk-cygwin\jdk8u\hotspot\src\share\vm\prims\jni.cpp, line 709]
Event: 0.906 Thread 0x000000000295d800 Exception <a 'sun/nio/fs/WindowsException'> (0x00000000febc4a78) thrown at [D:\src\AOSP-openjdk-cygwin\jdk8u\hotspot\src\share\vm\prims\jni.cpp, line 709]
Event: 0.907 Thread 0x000000000295d800 Exception <a 'sun/nio/fs/WindowsException'> (0x00000000febc4f50) thrown at [D:\src\AOSP-openjdk-cygwin\jdk8u\hotspot\src\share\vm\prims\jni.cpp, line 709]
Event: 0.960 Thread 0x000000000295d800 Exception <a 'sun/nio/fs/WindowsException'> (0x00000000fed527b0) thrown at [D:\src\AOSP-openjdk-cygwin\jdk8u\hotspot\src\share\vm\prims\jni.cpp, line 709]
Event: 0.960 Thread 0x000000000295d800 Exception <a 'sun/nio/fs/WindowsException'> (0x00000000fed52c88) thrown at [D:\src\AOSP-openjdk-cygwin\jdk8u\hotspot\src\share\vm\prims\jni.cpp, line 709]
Event: 1.046 Thread 0x000000000295d800 Exception <a 'sun/nio/fs/WindowsException'> (0x00000000feee4b58) thrown at [D:\src\AOSP-openjdk-cygwin\jdk8u\hotspot\src\share\vm\prims\jni.cpp, line 709]
Event: 1.046 Thread 0x000000000295d800 Exception <a 'sun/nio/fs/WindowsException'> (0x00000000feee5030) thrown at [D:\src\AOSP-openjdk-cygwin\jdk8u\hotspot\src\share\vm\prims\jni.cpp, line 709]

Events (10 events):
Event: 0.945 loading class java/util/zip/ZipOutputStream$XEntry done
Event: 0.947 loading class org/objectweb/asm/Opcodes
Event: 0.947 loading class org/objectweb/asm/Opcodes done
Event: 0.950 loading class org/objectweb/asm/tree/TryCatchBlockNode
Event: 0.950 loading class org/objectweb/asm/tree/TryCatchBlockNode done
Event: 0.951 loading class org/objectweb/asm/Handler
Event: 0.951 loading class org/objectweb/asm/Handler done
Event: 1.005 Thread 0x000000000295d800 Uncommon trap: trap_request=0xffffff65 fr.pc=0x0000000002d78828
Event: 1.005 Thread 0x000000000295d800 DEOPT PACKING pc=0x0000000002d78828 sp=0x00000000028bf380
Event: 1.005 Thread 0x000000000295d800 DEOPT UNPACKING pc=0x0000000002aa556a sp=0x00000000028bf330 mode 2


Dynamic libraries:
0x00007ff6199f0000 - 0x00007ff619a21000 	C:\Program Files\Android\Android Studio\jre\bin\java.exe
0x00007ff98de30000 - 0x00007ff98e011000 	C:\WINDOWS\SYSTEM32\ntdll.dll
0x00007ff98c160000 - 0x00007ff98c212000 	C:\WINDOWS\System32\KERNEL32.DLL
0x00007ff98a400000 - 0x00007ff98a673000 	C:\WINDOWS\System32\KERNELBASE.dll
0x00007ff98b860000 - 0x00007ff98b901000 	C:\WINDOWS\System32\ADVAPI32.dll
0x00007ff98bd20000 - 0x00007ff98bdbe000 	C:\WINDOWS\System32\msvcrt.dll
0x00007ff98b910000 - 0x00007ff98b96b000 	C:\WINDOWS\System32\sechost.dll
0x00007ff98b3b0000 - 0x00007ff98b4d4000 	C:\WINDOWS\System32\RPCRT4.dll
0x00007ff98b9f0000 - 0x00007ff98bb80000 	C:\WINDOWS\System32\USER32.dll
0x00007ff98b2a0000 - 0x00007ff98b2c0000 	C:\WINDOWS\System32\win32u.dll
0x00007ff98b380000 - 0x00007ff98b3a8000 	C:\WINDOWS\System32\GDI32.dll
0x00007ff98b060000 - 0x00007ff98b1f2000 	C:\WINDOWS\System32\gdi32full.dll
0x00007ff98b200000 - 0x00007ff98b29f000 	C:\WINDOWS\System32\msvcp_win.dll
0x00007ff98a300000 - 0x00007ff98a3fa000 	C:\WINDOWS\System32\ucrtbase.dll
0x00007ff97d610000 - 0x00007ff97d879000 	C:\WINDOWS\WinSxS\amd64_microsoft.windows.common-controls_6595b64144ccf1df_6.0.17134.48_none_b4b2216a3cb4dd3e\COMCTL32.dll
0x00007ff98bdd0000 - 0x00007ff98c0f3000 	C:\WINDOWS\System32\combase.dll
0x00007ff98adf0000 - 0x00007ff98ae6a000 	C:\WINDOWS\System32\bcryptPrimitives.dll
0x00007ff98b5c0000 - 0x00007ff98b5ed000 	C:\WINDOWS\System32\IMM32.DLL
0x000000005ca60000 - 0x000000005cb32000 	C:\Program Files\Android\Android Studio\jre\jre\bin\msvcr100.dll
0x000000005cb40000 - 0x000000005d37e000 	C:\Program Files\Android\Android Studio\jre\jre\bin\server\jvm.dll
0x00007ff98b5b0000 - 0x00007ff98b5b8000 	C:\WINDOWS\System32\PSAPI.DLL
0x00007ff985c60000 - 0x00007ff985c69000 	C:\WINDOWS\SYSTEM32\WSOCK32.dll
0x00007ff98b970000 - 0x00007ff98b9dc000 	C:\WINDOWS\System32\WS2_32.dll
0x00007ff982480000 - 0x00007ff98248a000 	C:\WINDOWS\SYSTEM32\VERSION.dll
0x00007ff987c20000 - 0x00007ff987c43000 	C:\WINDOWS\SYSTEM32\WINMM.dll
0x00007ff987620000 - 0x00007ff98764a000 	C:\WINDOWS\SYSTEM32\WINMMBASE.dll
0x00007ff98a2b0000 - 0x00007ff98a2f9000 	C:\WINDOWS\System32\cfgmgr32.dll
0x00007ff96ba40000 - 0x00007ff96ba4f000 	C:\Program Files\Android\Android Studio\jre\jre\bin\verify.dll
0x00007ff96ba10000 - 0x00007ff96ba39000 	C:\Program Files\Android\Android Studio\jre\jre\bin\java.dll
0x00007ff96b9f0000 - 0x00007ff96ba06000 	C:\Program Files\Android\Android Studio\jre\jre\bin\zip.dll
0x00007ff98c2a0000 - 0x00007ff98d6e0000 	C:\WINDOWS\System32\SHELL32.dll
0x00007ff98b4e0000 - 0x00007ff98b589000 	C:\WINDOWS\System32\shcore.dll
0x00007ff98a680000 - 0x00007ff98ad8d000 	C:\WINDOWS\System32\windows.storage.dll
0x00007ff98b320000 - 0x00007ff98b371000 	C:\WINDOWS\System32\shlwapi.dll
0x00007ff98a170000 - 0x00007ff98a181000 	C:\WINDOWS\System32\kernel.appcore.dll
0x00007ff98a190000 - 0x00007ff98a1af000 	C:\WINDOWS\System32\profapi.dll
0x00007ff98a1b0000 - 0x00007ff98a1fc000 	C:\WINDOWS\System32\powrprof.dll
0x00007ff98a160000 - 0x00007ff98a16a000 	C:\WINDOWS\System32\FLTLIB.DLL
0x00007ff989b70000 - 0x00007ff989b87000 	C:\WINDOWS\SYSTEM32\CRYPTSP.dll
0x00007ff9895a0000 - 0x00007ff9895d3000 	C:\WINDOWS\system32\rsaenh.dll
0x00007ff989ca0000 - 0x00007ff989cc5000 	C:\WINDOWS\SYSTEM32\bcrypt.dll
0x00007ff98a040000 - 0x00007ff98a068000 	C:\WINDOWS\SYSTEM32\USERENV.dll
0x00007ff989b90000 - 0x00007ff989b9b000 	C:\WINDOWS\SYSTEM32\CRYPTBASE.dll
0x00007ff96b9d0000 - 0x00007ff96b9ea000 	C:\Program Files\Android\Android Studio\jre\jre\bin\net.dll
0x00007ff9899c0000 - 0x00007ff989a26000 	C:\WINDOWS\system32\mswsock.dll
0x00007ff989740000 - 0x00007ff989778000 	C:\WINDOWS\SYSTEM32\IPHLPAPI.DLL
0x00007ff98bdc0000 - 0x00007ff98bdc8000 	C:\WINDOWS\System32\NSI.dll
0x00007ff982c80000 - 0x00007ff982c96000 	C:\WINDOWS\SYSTEM32\dhcpcsvc6.DLL
0x00007ff982c60000 - 0x00007ff982c7a000 	C:\WINDOWS\SYSTEM32\dhcpcsvc.DLL
0x00007ff967fc0000 - 0x00007ff967fd1000 	C:\Program Files\Android\Android Studio\jre\jre\bin\nio.dll

VM Arguments:
jvm_args: -Djava.awt.headless=true -Xmx64M -Dfile.encoding=x-windows-949 -Duser.country=KR -Duser.language=ko -Duser.variant 
java_command: com.google.devtools.build.android.desugar.Desugar @D:\test\app\build\intermediates\tmp\desugar_args6072583070916926591
java_class_path (initial): C:\Users\Goo\AppData\Local\Temp\desugar_deploy.jar3189730495422438638
Launcher Type: SUN_STANDARD

Environment Variables:
PATH=C:\ProgramData\Oracle\Java\javapath;C:\WINDOWS\system32;C:\WINDOWS;C:\WINDOWS\System32\Wbem;C:\WINDOWS\System32\WindowsPowerShell\v1.0\;C:\OpenSSL;;C:\WINDOWS\System32\OpenSSH\;C:\Users\Goo\AppData\Local\Microsoft\WindowsApps;
USERNAME=Goo
OS=Windows_NT
PROCESSOR_IDENTIFIER=Intel64 Family 6 Model 158 Stepping 9, GenuineIntel



---------------  S Y S T E M  ---------------

OS: Windows 10.0 , 64 bit Build 17134 (10.0.17134.1)

CPU:total 8 (initial active 8) (4 cores per cpu, 2 threads per core) family 6 model 158 stepping 9, cmov, cx8, fxsr, mmx, sse, sse2, sse3, ssse3, sse4.1, sse4.2, popcnt, avx, avx2, aes, clmul, erms, 3dnowpref, lzcnt, ht, tsc, tscinvbit, bmi1, bmi2, adx

Memory: 4k page, physical 16692940k(2466032k free), swap 16692940k(5248k free)

vm_info: OpenJDK 64-Bit Server VM (25.152-b01) for windows-amd64 JRE (1.8.0_152-release-915-b01), built by "builder" with MS VC++ 10.0 (VS2010)

time: Sun Jun 10 23:51:22 2018
elapsed time: 1 seconds (0d 0h 0m 1s)

