#
# There is insufficient memory for the Java Runtime Environment to continue.
# Native memory allocation (malloc) failed to allocate 32744 bytes for ChunkPool::allocate
# Possible reasons:
#   The system is out of physical RAM or swap space
#   In 32 bit mode, the process size limit was hit
# Possible solutions:
#   Reduce memory load on the system
#   Increase physical memory or swap space
#   Check if swap backing store is full
#   Use 64 bit Java on a 64 bit OS
#   Decrease Java heap size (-Xmx/-Xms)
#   Decrease number of Java threads
#   Decrease Java thread stack sizes (-Xss)
#   Set larger code cache with -XX:ReservedCodeCacheSize=
# This output file may be truncated or incomplete.
#
#  Out of Memory Error (allocation.cpp:273), pid=13084, tid=0x0000000000002ba8
#
# JRE version: OpenJDK Runtime Environment (8.0_152-b01) (build 1.8.0_152-release-915-b01)
# Java VM: OpenJDK 64-Bit Server VM (25.152-b01 mixed mode windows-amd64 compressed oops)
# Failed to write core dump. Minidumps are not enabled by default on client versions of Windows
#

---------------  T H R E A D  ---------------

Current thread (0x00000000159f6800):  JavaThread "C1 CompilerThread3" daemon [_thread_in_native, id=11176, stack(0x00000000163c0000,0x00000000164c0000)]

Stack: [0x00000000163c0000,0x00000000164c0000]
[error occurred during error reporting (printing stack bounds), id 0xc0000005]

Native frames: (J=compiled Java code, j=interpreted, Vv=VM code, C=native code)


Current CompileTask:
C1:    805  386       3       jdk.internal.org.objectweb.asm.Frame::execute (2252 bytes)


---------------  P R O C E S S  ---------------

Java Threads: ( => current thread )
  0x0000000015a42000 JavaThread "Service Thread" daemon [_thread_blocked, id=10764, stack(0x00000000164c0000,0x00000000165c0000)]
=>0x00000000159f6800 JavaThread "C1 CompilerThread3" daemon [_thread_in_native, id=11176, stack(0x00000000163c0000,0x00000000164c0000)]
  0x0000000013a5e000 JavaThread "C2 CompilerThread2" daemon [_thread_blocked, id=11680, stack(0x00000000162c0000,0x00000000163c0000)]
  0x0000000013a5b800 JavaThread "C2 CompilerThread1" daemon [_thread_blocked, id=5164, stack(0x00000000161c0000,0x00000000162c0000)]
  0x0000000013a59000 JavaThread "C2 CompilerThread0" daemon [_thread_blocked, id=4680, stack(0x00000000160c0000,0x00000000161c0000)]
  0x00000000159af000 JavaThread "Attach Listener" daemon [_thread_blocked, id=1552, stack(0x0000000015fc0000,0x00000000160c0000)]
  0x000000001595c000 JavaThread "Signal Dispatcher" daemon [_thread_blocked, id=7260, stack(0x0000000015ec0000,0x0000000015fc0000)]
  0x000000000322e000 JavaThread "Finalizer" daemon [_thread_blocked, id=4084, stack(0x0000000015d20000,0x0000000015e20000)]
  0x0000000003227000 JavaThread "Reference Handler" daemon [_thread_blocked, id=12464, stack(0x0000000015820000,0x0000000015920000)]
  0x0000000000bfd800 JavaThread "main" [_thread_in_vm, id=644, stack(0x0000000003030000,0x0000000003130000)]

Other Threads:
  0x0000000013a45800 VMThread [stack: 0x0000000015720000,0x0000000015820000] [id=3348]
  0x0000000015a28800 WatcherThread [stack: 0x00000000165c0000,0x00000000166c0000] [id=12340]

VM state:not at safepoint (normal execution)

VM Mutex/Monitor currently owned by a thread: None

Heap:
 PSYoungGen      total 18944K, used 7263K [0x00000000feb00000, 0x0000000100000000, 0x0000000100000000)
  eden space 16384K, 44% used [0x00000000feb00000,0x00000000ff217e28,0x00000000ffb00000)
  from space 2560K, 0% used [0x00000000ffd80000,0x00000000ffd80000,0x0000000100000000)
  to   space 2560K, 0% used [0x00000000ffb00000,0x00000000ffb00000,0x00000000ffd80000)
 ParOldGen       total 44032K, used 0K [0x00000000fc000000, 0x00000000feb00000, 0x00000000feb00000)
  object space 44032K, 0% used [0x00000000fc000000,0x00000000fc000000,0x00000000feb00000)
 Metaspace       used 6094K, capacity 6256K, committed 6400K, reserved 1056768K
  class space    used 706K, capacity 766K, committed 768K, reserved 1048576K

Card table byte_map: [0x00000000125f0000,0x0000000012620000] byte_map_base: 0x0000000011e10000

Marking Bits: (ParMarkBitMap*) 0x0000000055473950
 Begin Bits: [0x0000000012e40000, 0x0000000012f40000)
 End Bits:   [0x0000000012f40000, 0x0000000013040000)

Polling page: 0x0000000000e60000

CodeCache: size=245760Kb used=1796Kb max_used=1796Kb free=243963Kb
 bounds [0x0000000003230000, 0x00000000034a0000, 0x0000000012230000]
 total_blobs=705 nmethods=386 adapters=233
 compilation: enabled

Compilation events (10 events):
Event: 0.793 Thread 0x00000000159f6800  375       3       jdk.internal.org.objectweb.asm.Type::getType (269 bytes)
Event: 0.793 Thread 0x0000000013a5b800 nmethod 361 0x00000000033eec90 code [0x00000000033eede0, 0x00000000033ef098]
Event: 0.794 Thread 0x00000000159f6800 nmethod 375 0x00000000033eddd0 code [0x00000000033edfc0, 0x00000000033ee8b0]
Event: 0.794 Thread 0x00000000159f6800  376       3       java.lang.invoke.LambdaForm::argument (27 bytes)
Event: 0.794 Thread 0x00000000159f6800 nmethod 376 0x00000000033ed550 code [0x00000000033ed6e0, 0x00000000033eda48]
Event: 0.794 Thread 0x00000000159f6800  379       1       java.lang.invoke.MethodHandle::type (5 bytes)
Event: 0.794 Thread 0x00000000159f6800 nmethod 379 0x00000000033ed290 code [0x00000000033ed3e0, 0x00000000033ed4f0]
Event: 0.794 Thread 0x00000000159f6800  381       3       java.lang.invoke.InvokerBytecodeGenerator::isStaticallyNameable (116 bytes)
Event: 0.796 Thread 0x00000000159f6800 nmethod 381 0x00000000033ef290 code [0x00000000033ef5e0, 0x00000000033f1598]
Event: 0.796 Thread 0x00000000159f6800  386       3       jdk.internal.org.objectweb.asm.Frame::execute (2252 bytes)

GC Heap History (0 events):
No events

Deoptimization events (1 events):
Event: 0.659 Thread 0x0000000000bfd800 Uncommon trap: reason=range_check action=make_not_entrant pc=0x00000000033b13a0 method=sun.reflect.generics.parser.SignatureParser.current()C @ 34

Classes redefined (0 events):
No events

Internal exceptions (5 events):
Event: 0.048 Thread 0x0000000000bfd800 Exception <a 'java/lang/NoSuchMethodError': Method sun.misc.Unsafe.defineClass(Ljava/lang/String;[BII)Ljava/lang/Class; name or signature does not match> (0x00000000feb07ca8) thrown at [D:\src\AOSP-openjdk-cygwin\jdk8u\hotspot\src\share\vm\prims\jni.cpp, 
Event: 0.048 Thread 0x0000000000bfd800 Exception <a 'java/lang/NoSuchMethodError': Method sun.misc.Unsafe.prefetchRead(Ljava/lang/Object;J)V name or signature does not match> (0x00000000feb07f90) thrown at [D:\src\AOSP-openjdk-cygwin\jdk8u\hotspot\src\share\vm\prims\jni.cpp, line 4011]
Event: 0.514 Thread 0x0000000000bfd800 Exception <a 'sun/nio/fs/WindowsException'> (0x00000000fed3daa8) thrown at [D:\src\AOSP-openjdk-cygwin\jdk8u\hotspot\src\share\vm\prims\jni.cpp, line 709]
Event: 0.659 Thread 0x0000000000bfd800 Exception <a 'java/lang/ArrayIndexOutOfBoundsException': 18> (0x00000000fefa7f68) thrown at [D:\src\AOSP-openjdk-cygwin\jdk8u\hotspot\src\share\vm\interpreter\interpreterRuntime.cpp, line 366]
Event: 0.660 Thread 0x0000000000bfd800 Exception <a 'java/lang/ArrayIndexOutOfBoundsException': 67> (0x00000000fefa8e70) thrown at [D:\src\AOSP-openjdk-cygwin\jdk8u\hotspot\src\share\vm\interpreter\interpreterRuntime.cpp, line 366]

Events (10 events):
Event: 0.782 loading class java/lang/invoke/MethodHandleImpl$AsVarargsCollector
Event: 0.782 loading class java/lang/invoke/DelegatingMethodHandle
Event: 0.782 loading class java/lang/invoke/DelegatingMethodHandle done
Event: 0.782 loading class java/lang/invoke/MethodHandleImpl$AsVarargsCollector done
Event: 0.783 loading class java/lang/invoke/WrongMethodTypeException
Event: 0.783 loading class java/lang/invoke/WrongMethodTypeException done
Event: 0.786 loading class java/lang/invoke/MethodHandleImpl$Lazy
Event: 0.786 loading class java/lang/invoke/MethodHandleImpl$Lazy done
Event: 0.786 loading class java/lang/invoke/MethodHandleImpl$IntrinsicMethodHandle
Event: 0.786 loading class java/lang/invoke/MethodHandleImpl$IntrinsicMethodHandle done


Dynamic libraries:
0x00007ff710140000 - 0x00007ff710171000 	C:\Program Files\Android\Android Studio\jre\bin\java.exe
0x00007ffde28f0000 - 0x00007ffde2ad1000 	C:\WINDOWS\SYSTEM32\ntdll.dll
0x00007ffde1a20000 - 0x00007ffde1ad2000 	C:\WINDOWS\System32\KERNEL32.DLL
0x00007ffddf250000 - 0x00007ffddf4c3000 	C:\WINDOWS\System32\KERNELBASE.dll
0x00007ffde1ae0000 - 0x00007ffde1b81000 	C:\WINDOWS\System32\ADVAPI32.dll
0x00007ffde27f0000 - 0x00007ffde288e000 	C:\WINDOWS\System32\msvcrt.dll
0x00007ffddfda0000 - 0x00007ffddfdfb000 	C:\WINDOWS\System32\sechost.dll
0x00007ffde2010000 - 0x00007ffde2134000 	C:\WINDOWS\System32\RPCRT4.dll
0x00007ffde1e80000 - 0x00007ffde2010000 	C:\WINDOWS\System32\USER32.dll
0x00007ffddf230000 - 0x00007ffddf250000 	C:\WINDOWS\System32\win32u.dll
0x00007ffde1e50000 - 0x00007ffde1e78000 	C:\WINDOWS\System32\GDI32.dll
0x00007ffddfbe0000 - 0x00007ffddfd72000 	C:\WINDOWS\System32\gdi32full.dll
0x00007ffddf030000 - 0x00007ffddf0cf000 	C:\WINDOWS\System32\msvcp_win.dll
0x00007ffddf0d0000 - 0x00007ffddf1ca000 	C:\WINDOWS\System32\ucrtbase.dll
0x00007ffdd1c40000 - 0x00007ffdd1ea9000 	C:\WINDOWS\WinSxS\amd64_microsoft.windows.common-controls_6595b64144ccf1df_6.0.17134.112_none_fb3f961b30681c12\COMCTL32.dll
0x00007ffde16f0000 - 0x00007ffde1a13000 	C:\WINDOWS\System32\combase.dll
0x00007ffddecc0000 - 0x00007ffdded3a000 	C:\WINDOWS\System32\bcryptPrimitives.dll
0x00007ffde2890000 - 0x00007ffde28bd000 	C:\WINDOWS\System32\IMM32.DLL
0x0000000054bd0000 - 0x0000000054ca2000 	C:\Program Files\Android\Android Studio\jre\jre\bin\msvcr100.dll
0x0000000054cb0000 - 0x00000000554ee000 	C:\Program Files\Android\Android Studio\jre\jre\bin\server\jvm.dll
0x00007ffde16e0000 - 0x00007ffde16e8000 	C:\WINDOWS\System32\PSAPI.DLL
0x00007ffdda820000 - 0x00007ffdda829000 	C:\WINDOWS\SYSTEM32\WSOCK32.dll
0x00007ffddcde0000 - 0x00007ffddce03000 	C:\WINDOWS\SYSTEM32\WINMM.dll
0x00007ffde1c80000 - 0x00007ffde1cec000 	C:\WINDOWS\System32\WS2_32.dll
0x00007ffdd57a0000 - 0x00007ffdd57aa000 	C:\WINDOWS\SYSTEM32\VERSION.dll
0x00007ffddcc90000 - 0x00007ffddccba000 	C:\WINDOWS\SYSTEM32\winmmbase.dll
0x00007ffddedf0000 - 0x00007ffddee39000 	C:\WINDOWS\System32\cfgmgr32.dll
0x00007ffdda810000 - 0x00007ffdda81f000 	C:\Program Files\Android\Android Studio\jre\jre\bin\verify.dll
0x00007ffdd62c0000 - 0x00007ffdd62e9000 	C:\Program Files\Android\Android Studio\jre\jre\bin\java.dll
0x00007ffdd65c0000 - 0x00007ffdd65d6000 	C:\Program Files\Android\Android Studio\jre\jre\bin\zip.dll
0x00007ffde00f0000 - 0x00007ffde1530000 	C:\WINDOWS\System32\SHELL32.dll
0x00007ffde2740000 - 0x00007ffde27e9000 	C:\WINDOWS\System32\shcore.dll
0x00007ffddf4d0000 - 0x00007ffddfbdd000 	C:\WINDOWS\System32\windows.storage.dll
0x00007ffde2290000 - 0x00007ffde22e1000 	C:\WINDOWS\System32\shlwapi.dll
0x00007ffddec20000 - 0x00007ffddec31000 	C:\WINDOWS\System32\kernel.appcore.dll
0x00007ffddec50000 - 0x00007ffddec6f000 	C:\WINDOWS\System32\profapi.dll
0x00007ffddec70000 - 0x00007ffddecbc000 	C:\WINDOWS\System32\powrprof.dll
0x00007ffddec40000 - 0x00007ffddec4a000 	C:\WINDOWS\System32\FLTLIB.DLL
0x00007ffdde630000 - 0x00007ffdde647000 	C:\WINDOWS\SYSTEM32\CRYPTSP.dll
0x00007ffdde060000 - 0x00007ffdde093000 	C:\WINDOWS\system32\rsaenh.dll
0x00007ffdde760000 - 0x00007ffdde785000 	C:\WINDOWS\SYSTEM32\bcrypt.dll
0x00007ffddeb00000 - 0x00007ffddeb28000 	C:\WINDOWS\SYSTEM32\USERENV.dll
0x00007ffdde650000 - 0x00007ffdde65b000 	C:\WINDOWS\SYSTEM32\CRYPTBASE.dll
0x00007ffdd62a0000 - 0x00007ffdd62ba000 	C:\Program Files\Android\Android Studio\jre\jre\bin\net.dll
0x00007ffdde480000 - 0x00007ffdde4e6000 	C:\WINDOWS\system32\mswsock.dll
0x00007ffdde200000 - 0x00007ffdde238000 	C:\WINDOWS\SYSTEM32\IPHLPAPI.DLL
0x00007ffde1bf0000 - 0x00007ffde1bf8000 	C:\WINDOWS\System32\NSI.dll
0x00007ffdd7790000 - 0x00007ffdd77a6000 	C:\WINDOWS\SYSTEM32\dhcpcsvc6.DLL
0x00007ffdd6720000 - 0x00007ffdd673a000 	C:\WINDOWS\SYSTEM32\dhcpcsvc.DLL
0x00007ffdd08f0000 - 0x00007ffdd0901000 	C:\Program Files\Android\Android Studio\jre\jre\bin\nio.dll

VM Arguments:
jvm_args: -Djava.awt.headless=true -Xmx64M -Dfile.encoding=x-windows-949 -Duser.country=KR -Duser.language=ko -Duser.variant 
java_command: com.google.devtools.build.android.desugar.Desugar @D:\test\app\build\intermediates\tmp\desugar_args6883758987161962333
java_class_path (initial): C:\Users\Goo\AppData\Local\Temp\desugar_deploy.jar5508504062485805736
Launcher Type: SUN_STANDARD

Environment Variables:
PATH=C:\ProgramData\Oracle\Java\javapath;C:\WINDOWS\system32;C:\WINDOWS;C:\WINDOWS\System32\Wbem;C:\WINDOWS\System32\WindowsPowerShell\v1.0\;C:\OpenSSL;;C:\WINDOWS\System32\OpenSSH\;C:\Users\Goo\AppData\Local\Microsoft\WindowsApps;
USERNAME=Goo
OS=Windows_NT
PROCESSOR_IDENTIFIER=Intel64 Family 6 Model 158 Stepping 9, GenuineIntel



---------------  S Y S T E M  ---------------

OS: Windows 10.0 , 64 bit Build 17134 (10.0.17134.1)

CPU:total 8 (initial active 8) (4 cores per cpu, 2 threads per core) family 6 model 158 stepping 9, cmov, cx8, fxsr, mmx, sse, sse2, sse3, ssse3, sse4.1, sse4.2, popcnt, avx, avx2, aes, clmul, erms, 3dnowpref, lzcnt, ht, tsc, tscinvbit, bmi1, bmi2, adx

Memory: 4k page, physical 16692940k(3252080k free), swap 16692940k(116k free)

vm_info: OpenJDK 64-Bit Server VM (25.152-b01) for windows-amd64 JRE (1.8.0_152-release-915-b01), built by "builder" with MS VC++ 10.0 (VS2010)

time: Fri Jun 22 18:41:01 2018
elapsed time: 0 seconds (0d 0h 0m 0s)

