#
# There is insufficient memory for the Java Runtime Environment to continue.
# Native memory allocation (malloc) failed to allocate 913296 bytes for Chunk::new
# Possible reasons:
#   The system is out of physical RAM or swap space
#   In 32 bit mode, the process size limit was hit
# Possible solutions:
#   Reduce memory load on the system
#   Increase physical memory or swap space
#   Check if swap backing store is full
#   Use 64 bit Java on a 64 bit OS
#   Decrease Java heap size (-Xmx/-Xms)
#   Decrease number of Java threads
#   Decrease Java thread stack sizes (-Xss)
#   Set larger code cache with -XX:ReservedCodeCacheSize=
# This output file may be truncated or incomplete.
#
#  Out of Memory Error (allocation.cpp:390), pid=13792, tid=0x00000000000025fc
#
# JRE version: OpenJDK Runtime Environment (8.0_152-b01) (build 1.8.0_152-release-915-b01)
# Java VM: OpenJDK 64-Bit Server VM (25.152-b01 mixed mode windows-amd64 compressed oops)
# Failed to write core dump. Minidumps are not enabled by default on client versions of Windows
#

---------------  T H R E A D  ---------------

Current thread (0x0000000015803000):  JavaThread "C2 CompilerThread2" daemon [_thread_in_native, id=9724, stack(0x0000000016100000,0x0000000016200000)]

Stack: [0x0000000016100000,0x0000000016200000]
[error occurred during error reporting (printing stack bounds), id 0xc0000005]

Native frames: (J=compiled Java code, j=interpreted, Vv=VM code, C=native code)


Current CompileTask:
C2:   4407  915       4       org.objectweb.asm.ClassReader::a (3587 bytes)


---------------  P R O C E S S  ---------------

Java Threads: ( => current thread )
  0x0000000015894800 JavaThread "Service Thread" daemon [_thread_blocked, id=6252, stack(0x0000000016300000,0x0000000016400000)]
  0x0000000015814000 JavaThread "C1 CompilerThread3" daemon [_thread_blocked, id=13800, stack(0x0000000016200000,0x0000000016300000)]
=>0x0000000015803000 JavaThread "C2 CompilerThread2" daemon [_thread_in_native, id=9724, stack(0x0000000016100000,0x0000000016200000)]
  0x00000000134ab800 JavaThread "C2 CompilerThread1" daemon [_thread_in_native, id=5656, stack(0x0000000016000000,0x0000000016100000)]
  0x00000000134a9000 JavaThread "C2 CompilerThread0" daemon [_thread_in_native, id=8864, stack(0x0000000015f00000,0x0000000016000000)]
  0x00000000157ff000 JavaThread "Attach Listener" daemon [_thread_blocked, id=13976, stack(0x0000000015e00000,0x0000000015f00000)]
  0x00000000157ac000 JavaThread "Signal Dispatcher" daemon [_thread_blocked, id=2532, stack(0x0000000015d00000,0x0000000015e00000)]
  0x0000000015790800 JavaThread "Finalizer" daemon [_thread_blocked, id=11500, stack(0x0000000015b70000,0x0000000015c70000)]
  0x0000000002ce7000 JavaThread "Reference Handler" daemon [_thread_blocked, id=10312, stack(0x0000000015670000,0x0000000015770000)]
  0x0000000002aed800 JavaThread "main" [_thread_in_vm, id=10172, stack(0x0000000002af0000,0x0000000002bf0000)]

Other Threads:
  0x0000000013495000 VMThread [stack: 0x0000000015570000,0x0000000015670000] [id=4168]
  0x0000000015895000 WatcherThread [stack: 0x0000000016400000,0x0000000016500000] [id=3972]

VM state:not at safepoint (normal execution)

VM Mutex/Monitor currently owned by a thread:  ([mutex/lock_event])
[0x0000000002aec8a0] AdapterHandlerLibrary_lock - owner thread: 0x0000000002aed800

Heap:
 PSYoungGen      total 18944K, used 15271K [0x00000000feb00000, 0x0000000100000000, 0x0000000100000000)
  eden space 16384K, 77% used [0x00000000feb00000,0x00000000ff770ee8,0x00000000ffb00000)
  from space 2560K, 98% used [0x00000000ffd80000,0x00000000ffff8e20,0x0000000100000000)
  to   space 2560K, 0% used [0x00000000ffb00000,0x00000000ffb00000,0x00000000ffd80000)
 ParOldGen       total 44032K, used 5981K [0x00000000fc000000, 0x00000000feb00000, 0x00000000feb00000)
  object space 44032K, 13% used [0x00000000fc000000,0x00000000fc5d7570,0x00000000feb00000)
 Metaspace       used 7699K, capacity 7910K, committed 8192K, reserved 1064960K
  class space    used 875K, capacity 957K, committed 1024K, reserved 1048576K

Card table byte_map: [0x0000000002a30000,0x0000000002a60000] byte_map_base: 0x0000000002250000

Marking Bits: (ParMarkBitMap*) 0x0000000066023950
 Begin Bits: [0x00000000128b0000, 0x00000000129b0000)
 End Bits:   [0x00000000129b0000, 0x0000000012ab0000)

Polling page: 0x0000000000d10000

CodeCache: size=245760Kb used=3841Kb max_used=3846Kb free=241918Kb
 bounds [0x0000000002cf0000, 0x00000000030c0000, 0x0000000011cf0000]
 total_blobs=1357 nmethods=1022 adapters=248
 compilation: enabled

Compilation events (10 events):
Event: 4.402 Thread 0x0000000015814000 nmethod 1017 0x0000000003098d50 code [0x0000000003098ea0, 0x0000000003098ff0]
Event: 4.402 Thread 0x0000000015814000 1016       3       org.objectweb.asm.MethodWriter::visitLdcInsn (184 bytes)
Event: 4.402 Thread 0x00000000134a9000 1021       4       org.objectweb.asm.tree.MethodNode::visitVarInsn (17 bytes)
Event: 4.403 Thread 0x0000000015814000 nmethod 1016 0x000000000309e090 code [0x000000000309e260, 0x000000000309e8c8]
Event: 4.403 Thread 0x0000000015814000 1015       3       org.objectweb.asm.ClassWriter::a (64 bytes)
Event: 4.403 Thread 0x0000000015814000 nmethod 1015 0x000000000309d890 code [0x000000000309da40, 0x000000000309de88]
Event: 4.403 Thread 0x0000000015814000 1019       1       com.google.common.collect.Iterators$1::hasNext (2 bytes)
Event: 4.403 Thread 0x0000000015814000 nmethod 1019 0x00000000030ab690 code [0x00000000030ab7e0, 0x00000000030ab8f0]
Event: 4.404 Thread 0x00000000134a9000 nmethod 1021 0x00000000030b3dd0 code [0x00000000030b3f20, 0x00000000030b4078]
Event: 4.404 Thread 0x00000000134a9000 1022       4       org.objectweb.asm.tree.VarInsnNode::accept (18 bytes)

GC Heap History (4 events):
Event: 3.816 GC heap before
{Heap before GC invocations=1 (full 0):
 PSYoungGen      total 18944K, used 16384K [0x00000000feb00000, 0x0000000100000000, 0x0000000100000000)
  eden space 16384K, 100% used [0x00000000feb00000,0x00000000ffb00000,0x00000000ffb00000)
  from space 2560K, 0% used [0x00000000ffd80000,0x00000000ffd80000,0x0000000100000000)
  to   space 2560K, 0% used [0x00000000ffb00000,0x00000000ffb00000,0x00000000ffd80000)
 ParOldGen       total 44032K, used 0K [0x00000000fc000000, 0x00000000feb00000, 0x00000000feb00000)
  object space 44032K, 0% used [0x00000000fc000000,0x00000000fc000000,0x00000000feb00000)
 Metaspace       used 6640K, capacity 6804K, committed 7040K, reserved 1062912K
  class space    used 774K, capacity 824K, committed 896K, reserved 1048576K
Event: 3.819 GC heap after
Heap after GC invocations=1 (full 0):
 PSYoungGen      total 18944K, used 2537K [0x00000000feb00000, 0x0000000100000000, 0x0000000100000000)
  eden space 16384K, 0% used [0x00000000feb00000,0x00000000feb00000,0x00000000ffb00000)
  from space 2560K, 99% used [0x00000000ffb00000,0x00000000ffd7a620,0x00000000ffd80000)
  to   space 2560K, 0% used [0x00000000ffd80000,0x00000000ffd80000,0x0000000100000000)
 ParOldGen       total 44032K, used 1680K [0x00000000fc000000, 0x00000000feb00000, 0x00000000feb00000)
  object space 44032K, 3% used [0x00000000fc000000,0x00000000fc1a4078,0x00000000feb00000)
 Metaspace       used 6640K, capacity 6804K, committed 7040K, reserved 1062912K
  class space    used 774K, capacity 824K, committed 896K, reserved 1048576K
}
Event: 4.165 GC heap before
{Heap before GC invocations=2 (full 0):
 PSYoungGen      total 18944K, used 18921K [0x00000000feb00000, 0x0000000100000000, 0x0000000100000000)
  eden space 16384K, 100% used [0x00000000feb00000,0x00000000ffb00000,0x00000000ffb00000)
  from space 2560K, 99% used [0x00000000ffb00000,0x00000000ffd7a620,0x00000000ffd80000)
  to   space 2560K, 0% used [0x00000000ffd80000,0x00000000ffd80000,0x0000000100000000)
 ParOldGen       total 44032K, used 1680K [0x00000000fc000000, 0x00000000feb00000, 0x00000000feb00000)
  object space 44032K, 3% used [0x00000000fc000000,0x00000000fc1a4078,0x00000000feb00000)
 Metaspace       used 6993K, capacity 7110K, committed 7296K, reserved 1064960K
  class space    used 816K, capacity 861K, committed 896K, reserved 1048576K
Event: 4.175 GC heap after
Heap after GC invocations=2 (full 0):
 PSYoungGen      total 18944K, used 2531K [0x00000000feb00000, 0x0000000100000000, 0x0000000100000000)
  eden space 16384K, 0% used [0x00000000feb00000,0x00000000feb00000,0x00000000ffb00000)
  from space 2560K, 98% used [0x00000000ffd80000,0x00000000ffff8e20,0x0000000100000000)
  to   space 2560K, 0% used [0x00000000ffb00000,0x00000000ffb00000,0x00000000ffd80000)
 ParOldGen       total 44032K, used 5981K [0x00000000fc000000, 0x00000000feb00000, 0x00000000feb00000)
  object space 44032K, 13% used [0x00000000fc000000,0x00000000fc5d7570,0x00000000feb00000)
 Metaspace       used 6993K, capacity 7110K, committed 7296K, reserved 1064960K
  class space    used 816K, capacity 861K, committed 896K, reserved 1048576K
}

Deoptimization events (8 events):
Event: 1.072 Thread 0x0000000002aed800 Uncommon trap: reason=range_check action=make_not_entrant pc=0x0000000002e793e0 method=sun.reflect.generics.parser.SignatureParser.current()C @ 34
Event: 3.742 Thread 0x0000000002aed800 Uncommon trap: reason=unstable_if action=reinterpret pc=0x0000000002e98bf8 method=java.lang.String.startsWith(Ljava/lang/String;I)Z @ 25
Event: 3.781 Thread 0x0000000002aed800 Uncommon trap: reason=unstable_if action=reinterpret pc=0x0000000002f1bd58 method=java.util.zip.ZipCoder.decoder()Ljava/nio/charset/CharsetDecoder; @ 4
Event: 4.121 Thread 0x0000000002aed800 Uncommon trap: reason=unloaded action=reinterpret pc=0x0000000002f1c97c method=java.util.zip.ZipEntry.setExtra0([BZ)V @ 37
Event: 4.201 Thread 0x0000000002aed800 Uncommon trap: reason=unstable_if action=reinterpret pc=0x0000000002eab138 method=java.lang.String.<init>([CII)V @ 18
Event: 4.283 Thread 0x0000000002aed800 Uncommon trap: reason=unstable_if action=reinterpret pc=0x0000000002ffc57c method=org.objectweb.asm.ClassReader.a(II[C)Ljava/lang/String; @ 77
Event: 4.283 Thread 0x0000000002aed800 Uncommon trap: reason=unstable_if action=reinterpret pc=0x0000000002fc53f8 method=org.objectweb.asm.ByteVector.putUTF8(Ljava/lang/String;)Lorg/objectweb/asm/ByteVector; @ 98
Event: 4.290 Thread 0x0000000002aed800 Uncommon trap: reason=unstable_if action=reinterpret pc=0x0000000003016218 method=org.objectweb.asm.Item.a(Lorg/objectweb/asm/Item;)Z @ 345

Classes redefined (0 events):
No events

Internal exceptions (10 events):
Event: 3.876 Thread 0x0000000002aed800 Exception <a 'sun/nio/fs/WindowsException'> (0x00000000ff1ff258) thrown at [D:\src\AOSP-openjdk-cygwin\jdk8u\hotspot\src\share\vm\prims\jni.cpp, line 709]
Event: 3.876 Thread 0x0000000002aed800 Exception <a 'sun/nio/fs/WindowsException'> (0x00000000ff1ff820) thrown at [D:\src\AOSP-openjdk-cygwin\jdk8u\hotspot\src\share\vm\prims\jni.cpp, line 709]
Event: 3.876 Thread 0x0000000002aed800 Exception <a 'sun/nio/fs/WindowsException'> (0x00000000ff1fffe0) thrown at [D:\src\AOSP-openjdk-cygwin\jdk8u\hotspot\src\share\vm\prims\jni.cpp, line 709]
Event: 3.876 Thread 0x0000000002aed800 Exception <a 'sun/nio/fs/WindowsException'> (0x00000000ff200580) thrown at [D:\src\AOSP-openjdk-cygwin\jdk8u\hotspot\src\share\vm\prims\jni.cpp, line 709]
Event: 3.876 Thread 0x0000000002aed800 Exception <a 'sun/nio/fs/WindowsException'> (0x00000000ff200d30) thrown at [D:\src\AOSP-openjdk-cygwin\jdk8u\hotspot\src\share\vm\prims\jni.cpp, line 709]
Event: 3.885 Thread 0x0000000002aed800 Exception <a 'sun/nio/fs/WindowsException'> (0x00000000ff206070) thrown at [D:\src\AOSP-openjdk-cygwin\jdk8u\hotspot\src\share\vm\prims\jni.cpp, line 709]
Event: 4.182 Thread 0x0000000002aed800 Exception <a 'sun/nio/fs/WindowsException'> (0x00000000feba92b8) thrown at [D:\src\AOSP-openjdk-cygwin\jdk8u\hotspot\src\share\vm\prims\jni.cpp, line 709]
Event: 4.182 Thread 0x0000000002aed800 Exception <a 'sun/nio/fs/WindowsException'> (0x00000000feba9810) thrown at [D:\src\AOSP-openjdk-cygwin\jdk8u\hotspot\src\share\vm\prims\jni.cpp, line 709]
Event: 4.192 Thread 0x0000000002aed800 Exception <a 'sun/nio/fs/WindowsException'> (0x00000000febb5010) thrown at [D:\src\AOSP-openjdk-cygwin\jdk8u\hotspot\src\share\vm\prims\jni.cpp, line 709]
Event: 4.192 Thread 0x0000000002aed800 Exception <a 'sun/nio/fs/WindowsException'> (0x00000000febb54e8) thrown at [D:\src\AOSP-openjdk-cygwin\jdk8u\hotspot\src\share\vm\prims\jni.cpp, line 709]

Events (10 events):
Event: 4.283 Thread 0x0000000002aed800 DEOPT PACKING pc=0x0000000002ffc57c sp=0x0000000002beeab0
Event: 4.283 Thread 0x0000000002aed800 DEOPT UNPACKING pc=0x0000000002d3556a sp=0x0000000002bee9e0 mode 2
Event: 4.283 Thread 0x0000000002aed800 Uncommon trap: trap_request=0xffffff65 fr.pc=0x0000000002fc53f8
Event: 4.283 Thread 0x0000000002aed800 DEOPT PACKING pc=0x0000000002fc53f8 sp=0x0000000002bee750
Event: 4.283 Thread 0x0000000002aed800 DEOPT UNPACKING pc=0x0000000002d3556a sp=0x0000000002bee6d8 mode 2
Event: 4.290 Thread 0x0000000002aed800 Uncommon trap: trap_request=0xffffff65 fr.pc=0x0000000003016218
Event: 4.290 Thread 0x0000000002aed800 DEOPT PACKING pc=0x0000000003016218 sp=0x0000000002bee650
Event: 4.290 Thread 0x0000000002aed800 DEOPT UNPACKING pc=0x0000000002d3556a sp=0x0000000002bee5e8 mode 2
Event: 4.382 Executing VM operation: ForceSafepoint
Event: 4.383 Executing VM operation: ForceSafepoint done


Dynamic libraries:
0x00007ff77ed10000 - 0x00007ff77ed41000 	C:\WINDOWS\System32\ucrtbase.dll
0x00007ffb91da0000 - 0x00007ffb91f81000 	C:\WINDOWS\SYSTEM32\ntdll.dlo
0x00007ffb8f2e0000 - 0x00007ffb8f392000 	C:\WINDOWS\System32\KERNEL32.DLL
0x00007ffb8e250000 - 0x00007ffb8e4c3000 	C:\WINDOWS\System32\KERNELBASE.dll
0x00007ffb91a20000 - 0x00007ffb91ac1000 	C:\WINDOWS\System32\bcryptPrimitives.dll
0x00007ffb91200000 - 0x00007ffb9129e000 	C:\WINDOWS\System32\msvcrt.dll
0x00007ffb91b40000 - 0x00007ffb91b9b000 	C:\WINDOWS\System32\sechost.dll
0x00007ffb914a0000 - 0x00007ffb915c4000 	C:\WINDOWS\System32\RPCRT4.dll
0x00007ffb90b50000 - 0x00007ffb90ce0000 	C:\WINDOWS\System32\USER32.dll
0x00007ffb8eab0000 - 0x00007ffb8ead0000 	C:\WINDOWS\System32\PSAPI.DLL
0x00007ffb91ba0000 - 0x00007ffb91bc8000 	C:\WINDOWS\SYSTEM32\WSOCK32.dll
0x00007ffb8e910000 - 0x00007ffb8eaa2000 	C:\WINDOWS\System32\gdi32full.dll
0x00007ffb8e4d0000 - 0x00007ffb8e56f000 	C:\WINDOWS\System32\msvcp_win.dll
0x00007ffb8e810000 - 0x00007ffb8e90a000 	C:\WINDOWS\System32\ucrtbase.dll
0x00007ffb80fa0000 - 0x00007ffb81209000 	C:\WINDOWS\WinSxS\amd64_microsoft.windows.common-controls_6595b64144ccf1df_6.0.17134.48_none_b4b2216a3cb4dd3e\COMCTL32.dll
0x00007ffb91670000 - 0x00007ffb91993000 	C:\WINDOWS\System32\combase.dll
0x00007ffb8e1d0000 - 0x00007ffb8e24a000 	C:\WINDOWS\System32\bcryptPrimitives.dll
0x00007ffb91470000 - 0x00007ffb9149d000 	C:\WINDOWS\System32\IMM32.DLL
0x0000000065780000 - 0x0000000065852000 	C:\Program Files\Android\Android Studio\jre\jre\bin\java.dll
0x0000000065860000 - 0x000000006609e000 	C:\Program Files\Android\Android Studio\jre\jre\bin\zip.dll
0x00007ffb90840000 - 0x00007ffb90848000 	C:\WINDOWS\System32\PSAPI.DLL
0x00007ffb89f80000 - 0x00007ffb89f89000 	C:\WINDOWS\SYSTEM32\WSOCK32.dll
0x00007ffb91400000 - 0x00007ffb9146c000 	C:\WINDOWS\System32\WS2_32.dll
0x00007ffb8c240000 - 0x00007ffb8c263000 	C:\WINDOWS\SYSTEM32\WINMM.dll
0x00007ffb88260000 - 0x00007ffb8826a000 	C:\WINDOWS\SYSTEM32\VERSION.dll
0x00007ffb8c120000 - 0x00007ffb8c14a000 	C:\WINDOWS\SYSTEM32\WINMMBASE.dll
0x00007ffb8f1e0000 - 0x00007ffb8f229000 	C:\WINDOWS\System32\cfgmgr32.dll
0x00007ffb87ea0000 - 0x00007ffb87eaf000 	C:\Program Files\Android\Android Studio\jre\jre\bin\verify.dll
0x00007ffb7eff0000 - 0x00007ffb7f019000 	C:\Program Files\Android\Android Studio\jre\jre\bin\java.dll
0x00007ffb7efd0000 - 0x00007ffb7efe6000 	C:\Program Files\Android\Android Studio\jre\jre\bin\zip.dll
0x00007ffb8f400000 - 0x00007ffb90840000 	C:\WINDOWS\System32\SHELL32.dll
0x00007ffb8f230000 - 0x00007ffb8f2d9000 	C:\WINDOWS\System32\shcore.dll
0x00007ffb8ead0000 - 0x00007ffb8f1dd000 	C:\WINDOWS\System32\windows.storage.dll
0x00007ffb91ae0000 - 0x00007ffb91b31000 	C:\WINDOWS\System32\shlwapi.dll
0x00007ffb8e150000 - 0x00007ffb8e161000 	C:\WINDOWS\System32\kernel.appcore.dll
0x00007ffb8e130000 - 0x00007ffb8e14f000 	C:\WINDOWS\System32\profapi.dll
0x00007ffb8e0b0000 - 0x00007ffb8e0fc000 	C:\WINDOWS\System32\powrprof.dll
0x00007ffb8e120000 - 0x00007ffb8e12a000 	C:\WINDOWS\System32\FLTLIB.DLL
0x00007ffb8dae0000 - 0x00007ffb8daf7000 	C:\WINDOWS\SYSTEM32\CRYPTSP.dll
0x00007ffb8d510000 - 0x00007ffb8d543000 	C:\WINDOWS\system32\rsaenh.dll
0x00007ffb8dc10000 - 0x00007ffb8dc35000 	C:\WINDOWS\SYSTEM32\bcrypt.dll
0x00007ffb8dfe0000 - 0x00007ffb8e008000 	C:\WINDOWS\SYSTEM32\USERENV.dll
0x00007ffb8db00000 - 0x00007ffb8db0b000 	C:\WINDOWS\SYSTEM32\CRYPTBASE.dll
0x00007ffb7ee40000 - 0x00007ffb7ee5a000 	C:\Program Files\Android\Android Studio\jre\jre\bin\net.dll
0x00007ffb8d930000 - 0x00007ffb8d996000 	C:\WINDOWS\system32\mswsock.dll
0x00007ffb8d6b0000 - 0x00007ffb8d6e8000 	C:\WINDOWS\SYSTEM32\IPHLPAPI.DLL
0x00007ffb91390000 - 0x00007ffb91398000 	C:\WINDOWS\System32\NSI.dll
0x00007ffb86ca0000 - 0x00007ffb86cb6000 	C:\WINDOWS\SYSTEM32\dhcpcsvc6.DLL
0x00007ffb86c80000 - 0x00007ffb86c9a000 	C:\WINDOWS\SYSTEM32\dhcpcsvc.DLL
0x00007ffb7f940000 - 0x00007ffb7f951000 	C:\Program Files\Android\Android Studio\jre\jre\bin\nio.dll

VM Arguments:
jvm_args: -Djava.awt.headless=true -Xmx64M -Dfile.encoding=x-windows-949 -Duser.country=KR -Duser.language=ko -Duser.variant 
java_command: com.google.devtools.build.android.desugar.Desugar @D:\test\app\build\intermediates\tmp\desugar_args7440787916690088626
java_class_path (initial): C:\Users\Goo\AppData\Local\Temp\desugar_deploy.jar2272940733005893083
Launcher Type: SUN_STANDARD

Environment Variables:
PATH=C:\ProgramData\Oracle\Java\javapath;C:\WINDOWS\system32;C:\WINDOWS;C:\WINDOWS\System32\Wbem;C:\WINDOWS\System32\WindowsPowerShell\v1.0\;C:\OpenSSL;;C:\WINDOWS\System32\OpenSSH\;C:\Users\Goo\AppData\Local\Microsoft\WindowsApps;
USERNAME=Goo
OS=Windows_NT
PROCESSOR_IDENTIFIER=Intel64 Family 6 Model 158 Stepping 9, GenuineIntel



---------------  S Y S T E M  ---------------

OS: Windows 10.0 , 64 bit Build 17134 (10.0.17134.1)

CPU:total 8 (initial active 8) (4 cores per cpu, 2 threads per core) family 6 model 158 stepping 9, cmov, cx8, fxsr, mmx, sse, sse2, sse3, ssse3, sse4.1, sse4.2, popcnt, avx, avx2, aes, clmul, erms, 3dnowpref, lzcnt, ht, tsc, tscinvbit, bmi1, bmi2, adx

Memory: 4k page, physical 16692940k(2988292k free), swap 16692940k(5492k free)

vm_info: OpenJDK 64-Bit Server VM (25.152-b01) for windows-amd64 JRE (1.8.0_152-release-915-b01), built by "builder" with MS VC++ 10.0 (VS2010)

time: Wed Jun 06 20:42:06 2018
elapsed time: 4 seconds (0d 0h 0m 4s)

