#
# There is insufficient memory for the Java Runtime Environment to continue.
# Native memory allocation (malloc) failed to allocate 968096 bytes for Chunk::new
# Possible reasons:
#   The system is out of physical RAM or swap space
#   In 32 bit mode, the process size limit was hit
# Possible solutions:
#   Reduce memory load on the system
#   Increase physical memory or swap space
#   Check if swap backing store is full
#   Use 64 bit Java on a 64 bit OS
#   Decrease Java heap size (-Xmx/-Xms)
#   Decrease number of Java threads
#   Decrease Java thread stack sizes (-Xss)
#   Set larger code cache with -XX:ReservedCodeCacheSize=
# This output file may be truncated or incomplete.
#
#  Out of Memory Error (allocation.cpp:390), pid=9132, tid=0x0000000000001bbc
#
# JRE version: OpenJDK Runtime Environment (8.0_152-b01) (build 1.8.0_152-release-915-b01)
# Java VM: OpenJDK 64-Bit Server VM (25.152-b01 mixed mode windows-amd64 compressed oops)
# Failed to write core dump. Minidumps are not enabled by default on client versions of Windows
#

---------------  T H R E A D  ---------------

Current thread (0x0000000013b9b000):  JavaThread "C2 CompilerThread1" daemon [_thread_in_native, id=7100, stack(0x0000000016300000,0x0000000016400000)]

Stack: [0x0000000016300000,0x0000000016400000]
[error occurred during error reporting (printing stack bounds), id 0xc0000005]

Native frames: (J=compiled Java code, j=interpreted, Vv=VM code, C=native code)


Current CompileTask:
C2:   2561  935       4       org.objectweb.asm.ClassReader::a (3587 bytes)


---------------  P R O C E S S  ---------------

Java Threads: ( => current thread )
  0x0000000015b4c800 JavaThread "Service Thread" daemon [_thread_blocked, id=10060, stack(0x0000000016600000,0x0000000016700000)]
  0x0000000015b47000 JavaThread "C1 CompilerThread3" daemon [_thread_blocked, id=9004, stack(0x0000000016500000,0x0000000016600000)]
  0x0000000015b44000 JavaThread "C2 CompilerThread2" daemon [_thread_in_native, id=2120, stack(0x0000000016400000,0x0000000016500000)]
=>0x0000000013b9b000 JavaThread "C2 CompilerThread1" daemon [_thread_in_native, id=7100, stack(0x0000000016300000,0x0000000016400000)]
  0x0000000015af0800 JavaThread "C2 CompilerThread0" daemon [_thread_blocked, id=8644, stack(0x0000000016200000,0x0000000016300000)]
  0x0000000015aef000 JavaThread "Attach Listener" daemon [_thread_blocked, id=10304, stack(0x0000000016100000,0x0000000016200000)]
  0x0000000015a9b800 JavaThread "Signal Dispatcher" daemon [_thread_blocked, id=1860, stack(0x0000000016000000,0x0000000016100000)]
  0x000000000337e000 JavaThread "Finalizer" daemon [_thread_blocked, id=4056, stack(0x0000000015e60000,0x0000000015f60000)]
  0x0000000003377000 JavaThread "Reference Handler" daemon [_thread_blocked, id=12440, stack(0x0000000015960000,0x0000000015a60000)]
  0x000000000327d800 JavaThread "main" [_thread_in_vm, id=6688, stack(0x0000000003150000,0x0000000003250000)]

Other Threads:
  0x0000000013b85800 VMThread [stack: 0x0000000015860000,0x0000000015960000] [id=10292]
  0x0000000015b4d000 WatcherThread [stack: 0x0000000016700000,0x0000000016800000] [id=9688]

VM state:not at safepoint (normal execution)

VM Mutex/Monitor currently owned by a thread: None

Heap:
 PSYoungGen      total 18944K, used 13987K [0x00000000feb00000, 0x0000000100000000, 0x0000000100000000)
  eden space 16384K, 69% used [0x00000000feb00000,0x00000000ff62be08,0x00000000ffb00000)
  from space 2560K, 99% used [0x00000000ffd80000,0x00000000ffffce10,0x0000000100000000)
  to   space 2560K, 0% used [0x00000000ffb00000,0x00000000ffb00000,0x00000000ffd80000)
 ParOldGen       total 44032K, used 5987K [0x00000000fc000000, 0x00000000feb00000, 0x00000000feb00000)
  object space 44032K, 13% used [0x00000000fc000000,0x00000000fc5d8e70,0x00000000feb00000)
 Metaspace       used 7671K, capacity 7842K, committed 7936K, reserved 1056768K
  class space    used 875K, capacity 957K, committed 1024K, reserved 1048576K

Card table byte_map: [0x0000000012740000,0x0000000012770000] byte_map_base: 0x0000000011f60000

Marking Bits: (ParMarkBitMap*) 0x00000000673d3950
 Begin Bits: [0x0000000012f70000, 0x0000000013070000)
 End Bits:   [0x0000000013070000, 0x0000000013170000)

Polling page: 0x00000000010b0000

CodeCache: size=245760Kb used=3798Kb max_used=3811Kb free=241961Kb
 bounds [0x0000000003380000, 0x0000000003740000, 0x0000000012380000]
 total_blobs=1363 nmethods=1029 adapters=248
 compilation: enabled

Compilation events (10 events):
Event: 2.550 Thread 0x0000000015b47000 nmethod 1026 0x0000000003733c50 code [0x0000000003733dc0, 0x0000000003733fe8]
Event: 2.550 Thread 0x0000000015b47000 1027       3       java.util.concurrent.TimeUnit$3::toSeconds (6 bytes)
Event: 2.550 Thread 0x0000000015b47000 nmethod 1027 0x00000000037340d0 code [0x0000000003734220, 0x0000000003734390]
Event: 2.550 Thread 0x0000000015b47000 1028       3       java.util.zip.ZipOutputStream::writeExtra (106 bytes)
Event: 2.550 Thread 0x0000000015b47000 nmethod 1028 0x0000000003734410 code [0x0000000003734600, 0x00000000037350c8]
Event: 2.552 Thread 0x0000000015b47000 1029       3       org.objectweb.asm.tree.MethodNode::visitIntInsn (17 bytes)
Event: 2.552 Thread 0x0000000015b47000 nmethod 1029 0x0000000003735650 code [0x00000000037357e0, 0x0000000003735b08]
Event: 2.552 Thread 0x0000000015b47000 1030       3       org.objectweb.asm.tree.IntInsnNode::accept (18 bytes)
Event: 2.552 Thread 0x0000000015af0800 1031       4       org.objectweb.asm.ClassReader::a (162 bytes)
Event: 2.552 Thread 0x0000000015b47000 nmethod 1030 0x0000000003735cd0 code [0x0000000003735e40, 0x0000000003736138]

GC Heap History (4 events):
Event: 1.147 GC heap before
{Heap before GC invocations=1 (full 0):
 PSYoungGen      total 18944K, used 16384K [0x00000000feb00000, 0x0000000100000000, 0x0000000100000000)
  eden space 16384K, 100% used [0x00000000feb00000,0x00000000ffb00000,0x00000000ffb00000)
  from space 2560K, 0% used [0x00000000ffd80000,0x00000000ffd80000,0x0000000100000000)
  to   space 2560K, 0% used [0x00000000ffb00000,0x00000000ffb00000,0x00000000ffd80000)
 ParOldGen       total 44032K, used 0K [0x00000000fc000000, 0x00000000feb00000, 0x00000000feb00000)
  object space 44032K, 0% used [0x00000000fc000000,0x00000000fc000000,0x00000000feb00000)
 Metaspace       used 6603K, capacity 6736K, committed 7040K, reserved 1056768K
  class space    used 773K, capacity 824K, committed 896K, reserved 1048576K
Event: 1.199 GC heap after
Heap after GC invocations=1 (full 0):
 PSYoungGen      total 18944K, used 2553K [0x00000000feb00000, 0x0000000100000000, 0x0000000100000000)
  eden space 16384K, 0% used [0x00000000feb00000,0x00000000feb00000,0x00000000ffb00000)
  from space 2560K, 99% used [0x00000000ffb00000,0x00000000ffd7e630,0x00000000ffd80000)
  to   space 2560K, 0% used [0x00000000ffd80000,0x00000000ffd80000,0x0000000100000000)
 ParOldGen       total 44032K, used 1478K [0x00000000fc000000, 0x00000000feb00000, 0x00000000feb00000)
  object space 44032K, 3% used [0x00000000fc000000,0x00000000fc171978,0x00000000feb00000)
 Metaspace       used 6603K, capacity 6736K, committed 7040K, reserved 1056768K
  class space    used 773K, capacity 824K, committed 896K, reserved 1048576K
}
Event: 2.032 GC heap before
{Heap before GC invocations=2 (full 0):
 PSYoungGen      total 18944K, used 18937K [0x00000000feb00000, 0x0000000100000000, 0x0000000100000000)
  eden space 16384K, 100% used [0x00000000feb00000,0x00000000ffb00000,0x00000000ffb00000)
  from space 2560K, 99% used [0x00000000ffb00000,0x00000000ffd7e630,0x00000000ffd80000)
  to   space 2560K, 0% used [0x00000000ffd80000,0x00000000ffd80000,0x0000000100000000)
 ParOldGen       total 44032K, used 1478K [0x00000000fc000000, 0x00000000feb00000, 0x00000000feb00000)
  object space 44032K, 3% used [0x00000000fc000000,0x00000000fc171978,0x00000000feb00000)
 Metaspace       used 6950K, capacity 7106K, committed 7296K, reserved 1056768K
  class space    used 816K, capacity 861K, committed 896K, reserved 1048576K
Event: 2.102 GC heap after
Heap after GC invocations=2 (full 0):
 PSYoungGen      total 18944K, used 2547K [0x00000000feb00000, 0x0000000100000000, 0x0000000100000000)
  eden space 16384K, 0% used [0x00000000feb00000,0x00000000feb00000,0x00000000ffb00000)
  from space 2560K, 99% used [0x00000000ffd80000,0x00000000ffffce10,0x0000000100000000)
  to   space 2560K, 0% used [0x00000000ffb00000,0x00000000ffb00000,0x00000000ffd80000)
 ParOldGen       total 44032K, used 5987K [0x00000000fc000000, 0x00000000feb00000, 0x00000000feb00000)
  object space 44032K, 13% used [0x00000000fc000000,0x00000000fc5d8e70,0x00000000feb00000)
 Metaspace       used 6950K, capacity 7106K, committed 7296K, reserved 1056768K
  class space    used 816K, capacity 861K, committed 896K, reserved 1048576K
}

Deoptimization events (10 events):
Event: 1.134 Thread 0x000000000327d800 Uncommon trap: reason=unstable_if action=reinterpret pc=0x00000000035ac39c method=java.util.zip.ZipFile$ZipEntryIterator.hasNext()Z @ 25
Event: 1.134 Thread 0x000000000327d800 Uncommon trap: reason=unstable_if action=reinterpret pc=0x00000000035b582c method=java.util.zip.ZipCoder.decoder()Ljava/nio/charset/CharsetDecoder; @ 4
Event: 1.248 Thread 0x000000000327d800 Uncommon trap: reason=unstable_if action=reinterpret pc=0x00000000035cb388 method=java.util.HashMap$HashIterator.nextNode()Ljava/util/HashMap$Node; @ 74
Event: 1.269 Thread 0x000000000327d800 Uncommon trap: reason=unstable_if action=reinterpret pc=0x00000000035a9158 method=java.util.zip.ZipFile.getZipEntry(Ljava/lang/String;J)Ljava/util/zip/ZipEntry; @ 19
Event: 1.351 Thread 0x000000000327d800 Uncommon trap: reason=unstable_if action=reinterpret pc=0x00000000035caf48 method=java.util.HashMap$HashIterator.nextNode()Ljava/util/HashMap$Node; @ 74
Event: 1.816 Thread 0x000000000327d800 Uncommon trap: reason=unloaded action=reinterpret pc=0x00000000035b9b7c method=java.util.zip.ZipEntry.setExtra0([BZ)V @ 37
Event: 2.194 Thread 0x000000000327d800 Uncommon trap: reason=unstable_if action=reinterpret pc=0x00000000035216f8 method=java.lang.String.<init>([CII)V @ 18
Event: 2.375 Thread 0x000000000327d800 Uncommon trap: reason=unstable_if action=reinterpret pc=0x00000000036530fc method=org.objectweb.asm.ClassReader.a(II[C)Ljava/lang/String; @ 77
Event: 2.376 Thread 0x000000000327d800 Uncommon trap: reason=unstable_if action=reinterpret pc=0x0000000003657478 method=org.objectweb.asm.ByteVector.putUTF8(Ljava/lang/String;)Lorg/objectweb/asm/ByteVector; @ 98
Event: 2.376 Thread 0x000000000327d800 Uncommon trap: reason=unstable_if action=reinterpret pc=0x000000000365553c method=org.objectweb.asm.ClassReader.a(II[C)Ljava/lang/String; @ 77

Classes redefined (0 events):
No events

Internal exceptions (10 events):
Event: 1.338 Thread 0x000000000327d800 Exception <a 'sun/nio/fs/WindowsException'> (0x00000000ff250248) thrown at [D:\src\AOSP-openjdk-cygwin\jdk8u\hotspot\src\share\vm\prims\jni.cpp, line 709]
Event: 1.338 Thread 0x000000000327d800 Exception <a 'sun/nio/fs/WindowsException'> (0x00000000ff2507e8) thrown at [D:\src\AOSP-openjdk-cygwin\jdk8u\hotspot\src\share\vm\prims\jni.cpp, line 709]
Event: 1.338 Thread 0x000000000327d800 Exception <a 'sun/nio/fs/WindowsException'> (0x00000000ff250f98) thrown at [D:\src\AOSP-openjdk-cygwin\jdk8u\hotspot\src\share\vm\prims\jni.cpp, line 709]
Event: 1.361 Thread 0x000000000327d800 Exception <a 'sun/nio/fs/WindowsException'> (0x00000000ff2562d8) thrown at [D:\src\AOSP-openjdk-cygwin\jdk8u\hotspot\src\share\vm\prims\jni.cpp, line 709]
Event: 2.115 Thread 0x000000000327d800 Exception <a 'sun/nio/fs/WindowsException'> (0x00000000febb1e10) thrown at [D:\src\AOSP-openjdk-cygwin\jdk8u\hotspot\src\share\vm\prims\jni.cpp, line 709]
Event: 2.115 Thread 0x000000000327d800 Exception <a 'sun/nio/fs/WindowsException'> (0x00000000febb2368) thrown at [D:\src\AOSP-openjdk-cygwin\jdk8u\hotspot\src\share\vm\prims\jni.cpp, line 709]
Event: 2.307 Thread 0x000000000327d800 Exception <a 'sun/nio/fs/WindowsException'> (0x00000000fedcfa88) thrown at [D:\src\AOSP-openjdk-cygwin\jdk8u\hotspot\src\share\vm\prims\jni.cpp, line 709]
Event: 2.312 Thread 0x000000000327d800 Exception <a 'sun/nio/fs/WindowsException'> (0x00000000fedcff60) thrown at [D:\src\AOSP-openjdk-cygwin\jdk8u\hotspot\src\share\vm\prims\jni.cpp, line 709]
Event: 2.360 Thread 0x000000000327d800 Exception <a 'sun/nio/fs/WindowsException'> (0x00000000feebc390) thrown at [D:\src\AOSP-openjdk-cygwin\jdk8u\hotspot\src\share\vm\prims\jni.cpp, line 709]
Event: 2.360 Thread 0x000000000327d800 Exception <a 'sun/nio/fs/WindowsException'> (0x00000000feebc868) thrown at [D:\src\AOSP-openjdk-cygwin\jdk8u\hotspot\src\share\vm\prims\jni.cpp, line 709]

Events (10 events):
Event: 2.323 loading class org/objectweb/asm/Handler done
Event: 2.375 Thread 0x000000000327d800 Uncommon trap: trap_request=0xffffff65 fr.pc=0x00000000036530fc
Event: 2.375 Thread 0x000000000327d800 DEOPT PACKING pc=0x00000000036530fc sp=0x000000000324eaf0
Event: 2.375 Thread 0x000000000327d800 DEOPT UNPACKING pc=0x00000000033c556a sp=0x000000000324ea08 mode 2
Event: 2.376 Thread 0x000000000327d800 Uncommon trap: trap_request=0xffffff65 fr.pc=0x0000000003657478
Event: 2.376 Thread 0x000000000327d800 DEOPT PACKING pc=0x0000000003657478 sp=0x000000000324ec40
Event: 2.376 Thread 0x000000000327d800 DEOPT UNPACKING pc=0x00000000033c556a sp=0x000000000324ebc8 mode 2
Event: 2.376 Thread 0x000000000327d800 Uncommon trap: trap_request=0xffffff65 fr.pc=0x000000000365553c
Event: 2.376 Thread 0x000000000327d800 DEOPT PACKING pc=0x000000000365553c sp=0x000000000324ea50
Event: 2.376 Thread 0x000000000327d800 DEOPT UNPACKING pc=0x00000000033c556a sp=0x000000000324ea00 mode 2


Dynamic libraries:
0x00007ff7bef40000 - 0x00007ff7bef71000 	C:\Program Files\Android\Android Studio\jre\bin\java.exe
0x00007ffba9340000 - 0x00007ffba9521000 	C:\WINDOWS\SYSTEM32\ntdll.dll
0x00007ffba6ca0000 - 0x00007ffba6d52000 	C:\WINDOWS\System32\KERNEL32.DLL
0x00007ffba6070000 - 0x00007ffba62e3000 	C:\WINDOWS\System32\KERNELBASE.dll
0x00007ffba9260000 - 0x00007ffba9301000 	C:\WINDOWS\System32\ADVAPI32.dll
0x00007ffba77b0000 - 0x00007ffba784e000 	C:\WINDOWS\System32\msvcrt.dll
0x00007ffba71b0000 - 0x00007ffba720b000 	C:\WINDOWS\System32\sechost.dll
0x00007ffba7580000 - 0x00007ffba76a4000 	C:\WINDOWS\System32\RPCRT4.dll
0x00007ffba7ac0000 - 0x00007ffba7c50000 	C:\WINDOWS\System32\USER32.dll
0x00007ffba5790000 - 0x00007ffba57b0000 	C:\WINDOWS\System32\win32u.dll
0x00007ffba67e0000 - 0x00007ffba6808000 	C:\WINDOWS\System32\GDI32.dll
0x00007ffba6530000 - 0x00007ffba66c2000 	C:\WINDOWS\System32\gdi32full.dll
0x00007ffba5fd0000 - 0x00007ffba606f000 	C:\WINDOWS\System32\msvcp_win.dll
0x00007ffba66d0000 - 0x00007ffba67ca000 	C:\WINDOWS\System32\ucrtbase.dll
0x00007ffb93ad0000 - 0x00007ffb93d39000 	C:\WINDOWS\WinSxS\amd64_microsoft.windows.common-controls_6595b64144ccf1df_6.0.17134.48_none_b4b2216a3cb4dd3e\COMCTL32.dll
0x00007ffba6810000 - 0x00007ffba6b33000 	C:\WINDOWS\System32\combase.dll
0x00007ffba5710000 - 0x00007ffba578a000 	C:\WINDOWS\System32\bcryptPrimitives.dll
0x00007ffba9090000 - 0x00007ffba90bd000 	C:\WINDOWS\System32\IMM32.DLL
0x0000000069530000 - 0x0000000069602000 	C:\Program Files\Android\Android Studio\jre\jre\bin\msvcr100.dll
0x0000000066c10000 - 0x000000006744e000 	C:\Program Files\Android\Android Studio\jre\jre\bin\server\jvm.dll
0x00007ffba91d0000 - 0x00007ffba91d8000 	C:\WINDOWS\System32\PSAPI.DLL
0x00007ffba1d20000 - 0x00007ffba1d29000 	C:\WINDOWS\SYSTEM32\WSOCK32.dll
0x00007ffba7510000 - 0x00007ffba757c000 	C:\WINDOWS\System32\WS2_32.dll
0x00007ffb95780000 - 0x00007ffb957a3000 	C:\WINDOWS\SYSTEM32\WINMM.dll
0x00007ffb9d7c0000 - 0x00007ffb9d7ca000 	C:\WINDOWS\SYSTEM32\VERSION.dll
0x00007ffb95570000 - 0x00007ffb9559a000 	C:\WINDOWS\SYSTEM32\winmmbase.dll
0x00007ffba64e0000 - 0x00007ffba6529000 	C:\WINDOWS\System32\cfgmgr32.dll
0x00007ffba1d30000 - 0x00007ffba1d3f000 	C:\Program Files\Android\Android Studio\jre\jre\bin\verify.dll
0x00007ffba1b00000 - 0x00007ffba1b29000 	C:\Program Files\Android\Android Studio\jre\jre\bin\java.dll
0x00007ffb9f450000 - 0x00007ffb9f466000 	C:\Program Files\Android\Android Studio\jre\jre\bin\zip.dll
0x00007ffba7c50000 - 0x00007ffba9090000 	C:\WINDOWS\System32\SHELL32.dll
0x00007ffba9120000 - 0x00007ffba91c9000 	C:\WINDOWS\System32\shcore.dll
0x00007ffba58c0000 - 0x00007ffba5fcd000 	C:\WINDOWS\System32\windows.storage.dll
0x00007ffba90c0000 - 0x00007ffba9111000 	C:\WINDOWS\System32\shlwapi.dll
0x00007ffba5680000 - 0x00007ffba5691000 	C:\WINDOWS\System32\kernel.appcore.dll
0x00007ffba56f0000 - 0x00007ffba570f000 	C:\WINDOWS\System32\profapi.dll
0x00007ffba56a0000 - 0x00007ffba56ec000 	C:\WINDOWS\System32\powrprof.dll
0x00007ffba5650000 - 0x00007ffba565a000 	C:\WINDOWS\System32\FLTLIB.DLL
0x00007ffba5080000 - 0x00007ffba5097000 	C:\WINDOWS\SYSTEM32\CRYPTSP.dll
0x00007ffba4ab0000 - 0x00007ffba4ae3000 	C:\WINDOWS\system32\rsaenh.dll
0x00007ffba51b0000 - 0x00007ffba51d5000 	C:\WINDOWS\SYSTEM32\bcrypt.dll
0x00007ffba5580000 - 0x00007ffba55a8000 	C:\WINDOWS\SYSTEM32\USERENV.dll
0x00007ffba50a0000 - 0x00007ffba50ab000 	C:\WINDOWS\SYSTEM32\CRYPTBASE.dll
0x00007ffb9f430000 - 0x00007ffb9f44a000 	C:\Program Files\Android\Android Studio\jre\jre\bin\net.dll
0x00007ffba4ed0000 - 0x00007ffba4f36000 	C:\WINDOWS\system32\mswsock.dll
0x00007ffba4c50000 - 0x00007ffba4c88000 	C:\WINDOWS\SYSTEM32\IPHLPAPI.DLL
0x00007ffba7430000 - 0x00007ffba7438000 	C:\WINDOWS\System32\NSI.dll
0x00007ffb9a1f0000 - 0x00007ffb9a206000 	C:\WINDOWS\SYSTEM32\dhcpcsvc6.DLL
0x00007ffb9a120000 - 0x00007ffb9a13a000 	C:\WINDOWS\SYSTEM32\dhcpcsvc.DLL
0x00007ffb9f410000 - 0x00007ffb9f421000 	C:\Program Files\Android\Android Studio\jre\jre\bin\nio.dll

VM Arguments:
jvm_args: -Djava.awt.headless=true -Xmx64M -Dfile.encoding=x-windows-949 -Duser.country=KR -Duser.language=ko -Duser.variant 
java_command: com.google.devtools.build.android.desugar.Desugar @D:\test\app\build\intermediates\tmp\desugar_args6710753433669170346
java_class_path (initial): C:\Users\Goo\AppData\Local\Temp\desugar_deploy.jar4283967336768827273
Launcher Type: SUN_STANDARD

Environment Variables:
PATH=C:\ProgramData\Oracle\Java\javapath;C:\WINDOWS\system32;C:\WINDOWS;C:\WINDOWS\System32\Wbem;C:\WINDOWS\System32\WindowsPowerShell\v1.0\;C:\OpenSSL;;C:\WINDOWS\System32\OpenSSH\;C:\Users\Goo\AppData\Local\Microsoft\WindowsApps;
USERNAME=Goo
OS=Windows_NT
PROCESSOR_IDENTIFIER=Intel64 Family 6 Model 158 Stepping 9, GenuineIntel



---------------  S Y S T E M  ---------------

OS: Windows 10.0 , 64 bit Build 17134 (10.0.17134.1)

CPU:total 8 (initial active 8) (4 cores per cpu, 2 threads per core) family 6 model 158 stepping 9, cmov, cx8, fxsr, mmx, sse, sse2, sse3, ssse3, sse4.1, sse4.2, popcnt, avx, avx2, aes, clmul, erms, 3dnowpref, lzcnt, ht, tsc, tscinvbit, bmi1, bmi2, adx

Memory: 4k page, physical 16692940k(4523084k free), swap 16692940k(5352k free)

vm_info: OpenJDK 64-Bit Server VM (25.152-b01) for windows-amd64 JRE (1.8.0_152-release-915-b01), built by "builder" with MS VC++ 10.0 (VS2010)

time: Sun May 27 00:48:32 2018
elapsed time: 2 seconds (0d 0h 0m 2s)

