#
# There is insufficient memory for the Java Runtime Environment to continue.
# Native memory allocation (malloc) failed to allocate 1956880 bytes for Chunk::new
# Possible reasons:
#   The system is out of physical RAM or swap space
#   In 32 bit mode, the process size limit was hit
# Possible solutions:
#   Reduce memory load on the system
#   Increase physical memory or swap space
#   Check if swap backing store is full
#   Use 64 bit Java on a 64 bit OS
#   Decrease Java heap size (-Xmx/-Xms)
#   Decrease number of Java threads
#   Decrease Java thread stack sizes (-Xss)
#   Set larger code cache with -XX:ReservedCodeCacheSize=
# This output file may be truncated or incomplete.
#
#  Out of Memory Error (allocation.cpp:390), pid=1420, tid=0x0000000000002f64
#
# JRE version: OpenJDK Runtime Environment (8.0_152-b01) (build 1.8.0_152-release-915-b01)
# Java VM: OpenJDK 64-Bit Server VM (25.152-b01 mixed mode windows-amd64 compressed oops)
# Failed to write core dump. Minidumps are not enabled by default on client versions of Windows
#

---------------  T H R E A D  ---------------

Current thread (0x000000001311e000):  JavaThread "C2 CompilerThread2" daemon [_thread_in_native, id=12132, stack(0x0000000015980000,0x0000000015a80000)]

Stack: [0x0000000015980000,0x0000000015a80000]
[error occurred during error reporting (printing stack bounds), id 0xc0000005]

Native frames: (J=compiled Java code, j=interpreted, Vv=VM code, C=native code)


Current CompileTask:
C2:   4341 1303 %     4       org.objectweb.asm.ClassReader::a @ 1480 (3587 bytes)


---------------  P R O C E S S  ---------------

Java Threads: ( => current thread )
  0x000000001508a800 JavaThread "Service Thread" daemon [_thread_blocked, id=1416, stack(0x0000000015b80000,0x0000000015c80000)]
  0x0000000015084000 JavaThread "C1 CompilerThread3" daemon [_thread_blocked, id=6656, stack(0x0000000015a80000,0x0000000015b80000)]
=>0x000000001311e000 JavaThread "C2 CompilerThread2" daemon [_thread_in_native, id=12132, stack(0x0000000015980000,0x0000000015a80000)]
  0x000000001311b000 JavaThread "C2 CompilerThread1" daemon [_thread_blocked, id=244, stack(0x0000000015880000,0x0000000015980000)]
  0x000000001502b000 JavaThread "C2 CompilerThread0" daemon [_thread_blocked, id=10356, stack(0x0000000015780000,0x0000000015880000)]
  0x000000001502a000 JavaThread "Attach Listener" daemon [_thread_blocked, id=7872, stack(0x0000000015680000,0x0000000015780000)]
  0x0000000015080000 JavaThread "Signal Dispatcher" daemon [_thread_blocked, id=12612, stack(0x0000000015580000,0x0000000015680000)]
  0x0000000013111800 JavaThread "Finalizer" daemon [_thread_blocked, id=10004, stack(0x00000000153f0000,0x00000000154f0000)]
  0x0000000002959000 JavaThread "Reference Handler" daemon [_thread_blocked, id=11800, stack(0x0000000014ef0000,0x0000000014ff0000)]
  0x000000000285d800 JavaThread "main" [_thread_in_Java, id=3384, stack(0x0000000002730000,0x0000000002830000)]

Other Threads:
  0x0000000013105000 VMThread [stack: 0x0000000014df0000,0x0000000014ef0000] [id=8364]
  0x000000001508b000 WatcherThread [stack: 0x0000000015c80000,0x0000000015d80000] [id=6672]

VM state:synchronizing (normal execution)

VM Mutex/Monitor currently owned by a thread:  ([mutex/lock_event])
[0x000000000285cf70] Safepoint_lock - owner thread: 0x0000000013105000
[0x000000000285d0f0] Threads_lock - owner thread: 0x0000000013105000

Heap:
 PSYoungGen      total 18944K, used 3850K [0x00000000feb00000, 0x0000000100000000, 0x0000000100000000)
  eden space 16384K, 7% used [0x00000000feb00000,0x00000000fec45d00,0x00000000ffb00000)
  from space 2560K, 99% used [0x00000000ffb00000,0x00000000ffd7cb40,0x00000000ffd80000)
  to   space 2560K, 0% used [0x00000000ffd80000,0x00000000ffd80000,0x0000000100000000)
 ParOldGen       total 44032K, used 7367K [0x00000000fc000000, 0x00000000feb00000, 0x00000000feb00000)
  object space 44032K, 16% used [0x00000000fc000000,0x00000000fc731cf8,0x00000000feb00000)
 Metaspace       used 7827K, capacity 8042K, committed 8192K, reserved 1056768K
  class space    used 878K, capacity 957K, committed 1024K, reserved 1048576K

Card table byte_map: [0x0000000002360000,0x0000000002390000] byte_map_base: 0x0000000001b80000

Marking Bits: (ParMarkBitMap*) 0x00000000673d3950
 Begin Bits: [0x0000000012520000, 0x0000000012620000)
 End Bits:   [0x0000000012620000, 0x0000000012720000)

Polling page: 0x00000000003f0000

CodeCache: size=245760Kb used=4913Kb max_used=4961Kb free=240846Kb
 bounds [0x0000000002960000, 0x0000000002e50000, 0x0000000011960000]
 total_blobs=1636 nmethods=1301 adapters=248
 compilation: enabled

Compilation events (10 events):
Event: 2.614 Thread 0x0000000015084000 1300       3       org.objectweb.asm.tree.FieldInsnNode::accept (26 bytes)
Event: 2.614 Thread 0x0000000015084000 nmethod 1300 0x0000000002df2010 code [0x0000000002df2180, 0x0000000002df2478]
Event: 2.615 Thread 0x000000001311e000 nmethod 1299 0x0000000002e06450 code [0x0000000002e065a0, 0x0000000002e06798]
Event: 2.617 Thread 0x0000000015084000 1301       1       java.util.concurrent.TimeUnit$3::toSeconds (6 bytes)
Event: 2.618 Thread 0x0000000015084000 nmethod 1301 0x0000000002e00010 code [0x0000000002e00160, 0x0000000002e00290]
Event: 2.618 Thread 0x0000000015084000 1302       3       java.nio.Buffer::flip (20 bytes)
Event: 2.618 Thread 0x0000000015084000 nmethod 1302 0x0000000002e06110 code [0x0000000002e06260, 0x0000000002e063d0]
Event: 2.687 Thread 0x000000001502b000 nmethod 1296 0x0000000002e16f10 code [0x0000000002e17360, 0x0000000002e19a90]
Event: 3.266 Thread 0x000000001311b000 nmethod 865% 0x0000000002e28450 code [0x0000000002e29240, 0x0000000002e33e90]
Event: 3.465 Thread 0x000000001311e000 1303 %     4       org.objectweb.asm.ClassReader::a @ 1480 (3587 bytes)

GC Heap History (10 events):
Event: 0.940 GC heap before
{Heap before GC invocations=1 (full 0):
 PSYoungGen      total 18944K, used 16384K [0x00000000feb00000, 0x0000000100000000, 0x0000000100000000)
  eden space 16384K, 100% used [0x00000000feb00000,0x00000000ffb00000,0x00000000ffb00000)
  from space 2560K, 0% used [0x00000000ffd80000,0x00000000ffd80000,0x0000000100000000)
  to   space 2560K, 0% used [0x00000000ffb00000,0x00000000ffb00000,0x00000000ffd80000)
 ParOldGen       total 44032K, used 0K [0x00000000fc000000, 0x00000000feb00000, 0x00000000feb00000)
  object space 44032K, 0% used [0x00000000fc000000,0x00000000fc000000,0x00000000feb00000)
 Metaspace       used 6617K, capacity 6808K, committed 7040K, reserved 1056768K
  class space    used 773K, capacity 824K, committed 896K, reserved 1048576K
Event: 0.952 GC heap after
Heap after GC invocations=1 (full 0):
 PSYoungGen      total 18944K, used 2537K [0x00000000feb00000, 0x0000000100000000, 0x0000000100000000)
  eden space 16384K, 0% used [0x00000000feb00000,0x00000000feb00000,0x00000000ffb00000)
  from space 2560K, 99% used [0x00000000ffb00000,0x00000000ffd7a620,0x00000000ffd80000)
  to   space 2560K, 0% used [0x00000000ffd80000,0x00000000ffd80000,0x0000000100000000)
 ParOldGen       total 44032K, used 1535K [0x00000000fc000000, 0x00000000feb00000, 0x00000000feb00000)
  object space 44032K, 3% used [0x00000000fc000000,0x00000000fc17ff68,0x00000000feb00000)
 Metaspace       used 6617K, capacity 6808K, committed 7040K, reserved 1056768K
  class space    used 773K, capacity 824K, committed 896K, reserved 1048576K
}
Event: 1.315 GC heap before
{Heap before GC invocations=2 (full 0):
 PSYoungGen      total 18944K, used 18921K [0x00000000feb00000, 0x0000000100000000, 0x0000000100000000)
  eden space 16384K, 100% used [0x00000000feb00000,0x00000000ffb00000,0x00000000ffb00000)
  from space 2560K, 99% used [0x00000000ffb00000,0x00000000ffd7a620,0x00000000ffd80000)
  to   space 2560K, 0% used [0x00000000ffd80000,0x00000000ffd80000,0x0000000100000000)
 ParOldGen       total 44032K, used 1535K [0x00000000fc000000, 0x00000000feb00000, 0x00000000feb00000)
  object space 44032K, 3% used [0x00000000fc000000,0x00000000fc17ff68,0x00000000feb00000)
 Metaspace       used 6960K, capacity 7114K, committed 7296K, reserved 1056768K
  class space    used 816K, capacity 861K, committed 896K, reserved 1048576K
Event: 1.339 GC heap after
Heap after GC invocations=2 (full 0):
 PSYoungGen      total 18944K, used 2547K [0x00000000feb00000, 0x0000000100000000, 0x0000000100000000)
  eden space 16384K, 0% used [0x00000000feb00000,0x00000000feb00000,0x00000000ffb00000)
  from space 2560K, 99% used [0x00000000ffd80000,0x00000000ffffce10,0x0000000100000000)
  to   space 2560K, 0% used [0x00000000ffb00000,0x00000000ffb00000,0x00000000ffd80000)
 ParOldGen       total 44032K, used 6029K [0x00000000fc000000, 0x00000000feb00000, 0x00000000feb00000)
  object space 44032K, 13% used [0x00000000fc000000,0x00000000fc5e3460,0x00000000feb00000)
 Metaspace       used 6960K, capacity 7114K, committed 7296K, reserved 1056768K
  class space    used 816K, capacity 861K, committed 896K, reserved 1048576K
}
Event: 1.700 GC heap before
{Heap before GC invocations=3 (full 0):
 PSYoungGen      total 18944K, used 18931K [0x00000000feb00000, 0x0000000100000000, 0x0000000100000000)
  eden space 16384K, 100% used [0x00000000feb00000,0x00000000ffb00000,0x00000000ffb00000)
  from space 2560K, 99% used [0x00000000ffd80000,0x00000000ffffce10,0x0000000100000000)
  to   space 2560K, 0% used [0x00000000ffb00000,0x00000000ffb00000,0x00000000ffd80000)
 ParOldGen       total 44032K, used 6029K [0x00000000fc000000, 0x00000000feb00000, 0x00000000feb00000)
  object space 44032K, 13% used [0x00000000fc000000,0x00000000fc5e3460,0x00000000feb00000)
 Metaspace       used 7679K, capacity 7850K, committed 7936K, reserved 1056768K
  class space    used 875K, capacity 957K, committed 1024K, reserved 1048576K
Event: 1.816 GC heap after
Heap after GC invocations=3 (full 0):
 PSYoungGen      total 18944K, used 2546K [0x00000000feb00000, 0x0000000100000000, 0x0000000100000000)
  eden space 16384K, 0% used [0x00000000feb00000,0x00000000feb00000,0x00000000ffb00000)
  from space 2560K, 99% used [0x00000000ffb00000,0x00000000ffd7cb60,0x00000000ffd80000)
  to   space 2560K, 0% used [0x00000000ffd80000,0x00000000ffd80000,0x0000000100000000)
 ParOldGen       total 44032K, used 6983K [0x00000000fc000000, 0x00000000feb00000, 0x00000000feb00000)
  object space 44032K, 15% used [0x00000000fc000000,0x00000000fc6d1cc8,0x00000000feb00000)
 Metaspace       used 7679K, capacity 7850K, committed 7936K, reserved 1056768K
  class space    used 875K, capacity 957K, committed 1024K, reserved 1048576K
}
Event: 2.016 GC heap before
{Heap before GC invocations=4 (full 0):
 PSYoungGen      total 18944K, used 18930K [0x00000000feb00000, 0x0000000100000000, 0x0000000100000000)
  eden space 16384K, 100% used [0x00000000feb00000,0x00000000ffb00000,0x00000000ffb00000)
  from space 2560K, 99% used [0x00000000ffb00000,0x00000000ffd7cb60,0x00000000ffd80000)
  to   space 2560K, 0% used [0x00000000ffd80000,0x00000000ffd80000,0x0000000100000000)
 ParOldGen       total 44032K, used 6983K [0x00000000fc000000, 0x00000000feb00000, 0x00000000feb00000)
  object space 44032K, 15% used [0x00000000fc000000,0x00000000fc6d1cc8,0x00000000feb00000)
 Metaspace       used 7778K, capacity 7978K, committed 8192K, reserved 1056768K
  class space    used 877K, capacity 957K, committed 1024K, reserved 1048576K
Event: 2.196 GC heap after
Heap after GC invocations=4 (full 0):
 PSYoungGen      total 18944K, used 2530K [0x00000000feb00000, 0x0000000100000000, 0x0000000100000000)
  eden space 16384K, 0% used [0x00000000feb00000,0x00000000feb00000,0x00000000ffb00000)
  from space 2560K, 98% used [0x00000000ffd80000,0x00000000ffff8b50,0x0000000100000000)
  to   space 2560K, 0% used [0x00000000ffb00000,0x00000000ffb00000,0x00000000ffd80000)
 ParOldGen       total 44032K, used 7215K [0x00000000fc000000, 0x00000000feb00000, 0x00000000feb00000)
  object space 44032K, 16% used [0x00000000fc000000,0x00000000fc70bcf8,0x00000000feb00000)
 Metaspace       used 7778K, capacity 7978K, committed 8192K, reserved 1056768K
  class space    used 877K, capacity 957K, committed 1024K, reserved 1048576K
}
Event: 2.486 GC heap before
{Heap before GC invocations=5 (full 0):
 PSYoungGen      total 18944K, used 18914K [0x00000000feb00000, 0x0000000100000000, 0x0000000100000000)
  eden space 16384K, 100% used [0x00000000feb00000,0x00000000ffb00000,0x00000000ffb00000)
  from space 2560K, 98% used [0x00000000ffd80000,0x00000000ffff8b50,0x0000000100000000)
  to   space 2560K, 0% used [0x00000000ffb00000,0x00000000ffb00000,0x00000000ffd80000)
 ParOldGen       total 44032K, used 7215K [0x00000000fc000000, 0x00000000feb00000, 0x00000000feb00000)
  object space 44032K, 16% used [0x00000000fc000000,0x00000000fc70bcf8,0x00000000feb00000)
 Metaspace       used 7827K, capacity 8042K, committed 8192K, reserved 1056768K
  class space    used 878K, capacity 957K, committed 1024K, reserved 1048576K
Event: 2.603 GC heap after
Heap after GC invocations=5 (full 0):
 PSYoungGen      total 18944K, used 2546K [0x00000000feb00000, 0x0000000100000000, 0x0000000100000000)
  eden space 16384K, 0% used [0x00000000feb00000,0x00000000feb00000,0x00000000ffb00000)
  from space 2560K, 99% used [0x00000000ffb00000,0x00000000ffd7cb40,0x00000000ffd80000)
  to   space 2560K, 0% used [0x00000000ffd80000,0x00000000ffd80000,0x0000000100000000)
 ParOldGen       total 44032K, used 7367K [0x00000000fc000000, 0x00000000feb00000, 0x00000000feb00000)
  object space 44032K, 16% used [0x00000000fc000000,0x00000000fc731cf8,0x00000000feb00000)
 Metaspace       used 7827K, capacity 8042K, committed 8192K, reserved 1056768K
  class space    used 878K, capacity 957K, committed 1024K, reserved 1048576K
}

Deoptimization events (10 events):
Event: 2.231 Thread 0x000000000285d800 Uncommon trap: reason=bimorphic action=maybe_recompile pc=0x0000000002da6878 method=org.objectweb.asm.tree.MethodInsnNode.accept(Lorg/objectweb/asm/MethodVisitor;)V @ 21
Event: 2.238 Thread 0x000000000285d800 Uncommon trap: reason=bimorphic action=maybe_recompile pc=0x0000000002cd26ac method=org.objectweb.asm.MethodVisitor.visitLabel(Lorg/objectweb/asm/Label;)V @ 12
Event: 2.238 Thread 0x000000000285d800 Uncommon trap: reason=bimorphic action=maybe_recompile pc=0x0000000002d65480 method=org.objectweb.asm.MethodVisitor.visitMethodInsn(ILjava/lang/String;Ljava/lang/String;Ljava/lang/String;Z)V @ 64
Event: 2.238 Thread 0x000000000285d800 Uncommon trap: reason=bimorphic action=maybe_recompile pc=0x0000000002c9a240 method=org.objectweb.asm.MethodVisitor.visitInsn(I)V @ 12
Event: 2.238 Thread 0x000000000285d800 Uncommon trap: reason=bimorphic action=maybe_recompile pc=0x0000000002d55d84 method=org.objectweb.asm.MethodVisitor.visitEnd()V @ 11
Event: 2.238 Thread 0x000000000285d800 Uncommon trap: reason=bimorphic action=maybe_recompile pc=0x0000000002da6878 method=org.objectweb.asm.tree.MethodInsnNode.accept(Lorg/objectweb/asm/MethodVisitor;)V @ 21
Event: 2.245 Thread 0x000000000285d800 Uncommon trap: reason=bimorphic action=maybe_recompile pc=0x0000000002d55d84 method=org.objectweb.asm.MethodVisitor.visitEnd()V @ 11
Event: 2.335 Thread 0x000000000285d800 Uncommon trap: reason=unstable_if action=reinterpret pc=0x0000000002c915d8 method=org.objectweb.asm.ClassReader.a(II[C)Ljava/lang/String; @ 77
Event: 2.336 Thread 0x000000000285d800 Uncommon trap: reason=unstable_if action=reinterpret pc=0x0000000002caf6d8 method=org.objectweb.asm.ByteVector.putUTF8(Ljava/lang/String;)Lorg/objectweb/asm/ByteVector; @ 91
Event: 2.485 Thread 0x000000000285d800 Uncommon trap: reason=unstable_if action=reinterpret pc=0x0000000002df9b78 method=org.objectweb.asm.MethodWriter.visitFieldInsn(ILjava/lang/String;Ljava/lang/String;Ljava/lang/String;)V @ 112

Classes redefined (0 events):
No events

Internal exceptions (10 events):
Event: 1.655 Thread 0x000000000285d800 Exception <a 'sun/nio/fs/WindowsException'> (0x00000000ff4e89c0) thrown at [D:\src\AOSP-openjdk-cygwin\jdk8u\hotspot\src\share\vm\prims\jni.cpp, line 709]
Event: 1.658 Thread 0x000000000285d800 Exception <a 'sun/nio/fs/WindowsException'> (0x00000000ff4ebe78) thrown at [D:\src\AOSP-openjdk-cygwin\jdk8u\hotspot\src\share\vm\prims\jni.cpp, line 709]
Event: 1.658 Thread 0x000000000285d800 Exception <a 'sun/nio/fs/WindowsException'> (0x00000000ff4ec350) thrown at [D:\src\AOSP-openjdk-cygwin\jdk8u\hotspot\src\share\vm\prims\jni.cpp, line 709]
Event: 1.969 Thread 0x000000000285d800 Exception <a 'sun/nio/fs/WindowsException'> (0x00000000ff4704f0) thrown at [D:\src\AOSP-openjdk-cygwin\jdk8u\hotspot\src\share\vm\prims\jni.cpp, line 709]
Event: 1.969 Thread 0x000000000285d800 Exception <a 'sun/nio/fs/WindowsException'> (0x00000000ff4709c8) thrown at [D:\src\AOSP-openjdk-cygwin\jdk8u\hotspot\src\share\vm\prims\jni.cpp, line 709]
Event: 1.971 Thread 0x000000000285d800 Implicit null exception at 0x0000000002d7a0a9 to 0x0000000002d7ca5d
Event: 1.979 Thread 0x000000000285d800 Exception <a 'sun/nio/fs/WindowsException'> (0x00000000ff4caf50) thrown at [D:\src\AOSP-openjdk-cygwin\jdk8u\hotspot\src\share\vm\prims\jni.cpp, line 709]
Event: 1.979 Thread 0x000000000285d800 Exception <a 'sun/nio/fs/WindowsException'> (0x00000000ff4cb428) thrown at [D:\src\AOSP-openjdk-cygwin\jdk8u\hotspot\src\share\vm\prims\jni.cpp, line 709]
Event: 3.447 Thread 0x000000000285d800 Exception <a 'sun/nio/fs/WindowsException'> (0x00000000febca9d8) thrown at [D:\src\AOSP-openjdk-cygwin\jdk8u\hotspot\src\share\vm\prims\jni.cpp, line 709]
Event: 3.449 Thread 0x000000000285d800 Exception <a 'sun/nio/fs/WindowsException'> (0x00000000febcaeb0) thrown at [D:\src\AOSP-openjdk-cygwin\jdk8u\hotspot\src\share\vm\prims\jni.cpp, line 709]

Events (10 events):
Event: 2.335 Thread 0x000000000285d800 DEOPT PACKING pc=0x0000000002c915d8 sp=0x000000000282e8a0
Event: 2.335 Thread 0x000000000285d800 DEOPT UNPACKING pc=0x00000000029a556a sp=0x000000000282e7b8 mode 2
Event: 2.336 Thread 0x000000000285d800 Uncommon trap: trap_request=0xffffff65 fr.pc=0x0000000002caf6d8
Event: 2.336 Thread 0x000000000285d800 DEOPT PACKING pc=0x0000000002caf6d8 sp=0x000000000282e710
Event: 2.336 Thread 0x000000000285d800 DEOPT UNPACKING pc=0x00000000029a556a sp=0x000000000282e650 mode 2
Event: 2.485 Thread 0x000000000285d800 Uncommon trap: trap_request=0xffffff65 fr.pc=0x0000000002df9b78
Event: 2.485 Thread 0x000000000285d800 DEOPT PACKING pc=0x0000000002df9b78 sp=0x000000000282e730
Event: 2.485 Thread 0x000000000285d800 DEOPT UNPACKING pc=0x00000000029a556a sp=0x000000000282e650 mode 2
Event: 2.486 Executing VM operation: ParallelGCFailedAllocation
Event: 2.603 Executing VM operation: ParallelGCFailedAllocation done


Dynamic libraries:
0x00007ff7bef40000 - 0x00007ff7bef71000 	C:\Program Files\Android\Android Studio\jre\bin\java.exe
0x00007ffba9340000 - 0x00007ffba9521000 	C:\WINDOWS\SYSTEM32\ntdll.dll
0x00007ffba6ca0000 - 0x00007ffba6d52000 	C:\WINDOWS\System32\KERNEL32.DLL
0x00007ffba6070000 - 0x00007ffba62e3000 	C:\WINDOWS\System32\KERNELBASE.dll
0x00007ffba9260000 - 0x00007ffba9301000 	C:\WINDOWS\System32\ADVAPI32.dll
0x00007ffba77b0000 - 0x00007ffba784e000 	C:\WINDOWS\System32\msvcrt.dll
0x00007ffba71b0000 - 0x00007ffba720b000 	C:\WINDOWS\System32\sechost.dll
0x00007ffba7580000 - 0x00007ffba76a4000 	C:\WINDOWS\System32\RPCRT4.dll
0x00007ffba7ac0000 - 0x00007ffba7c50000 	C:\WINDOWS\System32\USER32.dll
0x00007ffba5790000 - 0x00007ffba57b0000 	C:\WINDOWS\System32\win32u.dll
0x00007ffba67e0000 - 0x00007ffba6808000 	C:\WINDOWS\System32\GDI32.dll
0x00007ffba6530000 - 0x00007ffba66c2000 	C:\WINDOWS\System32\gdi32full.dll
0x00007ffba5fd0000 - 0x00007ffba606f000 	C:\WINDOWS\System32\msvcp_win.dll
0x00007ffba66d0000 - 0x00007ffba67ca000 	C:\WINDOWS\System32\ucrtbase.dll
0x00007ffb93ad0000 - 0x00007ffb93d39000 	C:\WINDOWS\WinSxS\amd64_microsoft.windows.common-controls_6595b64144ccf1df_6.0.17134.48_none_b4b2216a3cb4dd3e\COMCTL32.dll
0x00007ffba6810000 - 0x00007ffba6b33000 	C:\WINDOWS\System32\combase.dll
0x00007ffba5710000 - 0x00007ffba578a000 	C:\WINDOWS\System32\bcryptPrimitives.dll
0x00007ffba9090000 - 0x00007ffba90bd000 	C:\WINDOWS\System32\IMM32.DLL
0x0000000069530000 - 0x0000000069602000 	C:\Program Files\Android\Android Studio\jre\jre\bin\msvcr100.dll
0x0000000066c10000 - 0x000000006744e000 	C:\Program Files\Android\Android Studio\jre\jre\bin\server\jvm.dll
0x00007ffba91d0000 - 0x00007ffba91d8000 	C:\WINDOWS\System32\PSAPI.DLL
0x00007ffba1d20000 - 0x00007ffba1d29000 	C:\WINDOWS\SYSTEM32\WSOCK32.dll
0x00007ffba7510000 - 0x00007ffba757c000 	C:\WINDOWS\System32\WS2_32.dll
0x00007ffb95780000 - 0x00007ffb957a3000 	C:\WINDOWS\SYSTEM32\WINMM.dll
0x00007ffb9d7c0000 - 0x00007ffb9d7ca000 	C:\WINDOWS\SYSTEM32\VERSION.dll
0x00007ffb95570000 - 0x00007ffb9559a000 	C:\WINDOWS\SYSTEM32\WINMMBASE.dll
0x00007ffba64e0000 - 0x00007ffba6529000 	C:\WINDOWS\System32\cfgmgr32.dll
0x00007ffba1b20000 - 0x00007ffba1b2f000 	C:\Program Files\Android\Android Studio\jre\jre\bin\verify.dll
0x00007ffb9e9c0000 - 0x00007ffb9e9e9000 	C:\Program Files\Android\Android Studio\jre\jre\bin\java.dll
0x00007ffba1b00000 - 0x00007ffba1b16000 	C:\Program Files\Android\Android Studio\jre\jre\bin\zip.dll
0x00007ffba7c50000 - 0x00007ffba9090000 	C:\WINDOWS\System32\SHELL32.dll
0x00007ffba9120000 - 0x00007ffba91c9000 	C:\WINDOWS\System32\shcore.dll
0x00007ffba58c0000 - 0x00007ffba5fcd000 	C:\WINDOWS\System32\windows.storage.dll
0x00007ffba90c0000 - 0x00007ffba9111000 	C:\WINDOWS\System32\shlwapi.dll
0x00007ffba5680000 - 0x00007ffba5691000 	C:\WINDOWS\System32\kernel.appcore.dll
0x00007ffba56f0000 - 0x00007ffba570f000 	C:\WINDOWS\System32\profapi.dll
0x00007ffba56a0000 - 0x00007ffba56ec000 	C:\WINDOWS\System32\powrprof.dll
0x00007ffba5650000 - 0x00007ffba565a000 	C:\WINDOWS\System32\FLTLIB.DLL
0x00007ffba5080000 - 0x00007ffba5097000 	C:\WINDOWS\SYSTEM32\CRYPTSP.dll
0x00007ffba4ab0000 - 0x00007ffba4ae3000 	C:\WINDOWS\system32\rsaenh.dll
0x00007ffba51b0000 - 0x00007ffba51d5000 	C:\WINDOWS\SYSTEM32\bcrypt.dll
0x00007ffba5580000 - 0x00007ffba55a8000 	C:\WINDOWS\SYSTEM32\USERENV.dll
0x00007ffba50a0000 - 0x00007ffba50ab000 	C:\WINDOWS\SYSTEM32\CRYPTBASE.dll
0x00007ffb9e9a0000 - 0x00007ffb9e9ba000 	C:\Program Files\Android\Android Studio\jre\jre\bin\net.dll
0x00007ffba4ed0000 - 0x00007ffba4f36000 	C:\WINDOWS\system32\mswsock.dll
0x00007ffba4c50000 - 0x00007ffba4c88000 	C:\WINDOWS\SYSTEM32\IPHLPAPI.DLL
0x00007ffba7430000 - 0x00007ffba7438000 	C:\WINDOWS\System32\NSI.dll
0x00007ffb9a1f0000 - 0x00007ffb9a206000 	C:\WINDOWS\SYSTEM32\dhcpcsvc6.DLL
0x00007ffb9a120000 - 0x00007ffb9a13a000 	C:\WINDOWS\SYSTEM32\dhcpcsvc.DLL
0x00007ffb9e900000 - 0x00007ffb9e911000 	C:\Program Files\Android\Android Studio\jre\jre\bin\nio.dll

VM Arguments:
jvm_args: -Djava.awt.headless=true -Xmx64M -Dfile.encoding=x-windows-949 -Duser.country=KR -Duser.language=ko -Duser.variant 
java_command: com.google.devtools.build.android.desugar.Desugar @D:\test\app\build\intermediates\tmp\desugar_args8512743165872516212
java_class_path (initial): C:\Users\Goo\AppData\Local\Temp\desugar_deploy.jar914161806448729915
Launcher Type: SUN_STANDARD

Environment Variables:
PATH=C:\ProgramData\Oracle\Java\javapath;C:\WINDOWS\system32;C:\WINDOWS;C:\WINDOWS\System32\Wbem;C:\WINDOWS\System32\WindowsPowerShell\v1.0\;C:\OpenSSL;;C:\WINDOWS\System32\OpenSSH\;C:\Users\Goo\AppData\Local\Microsoft\WindowsApps;
USERNAME=Goo
OS=Windows_NT
PROCESSOR_IDENTIFIER=Intel64 Family 6 Model 158 Stepping 9, GenuineIntel



---------------  S Y S T E M  ---------------

OS: Windows 10.0 , 64 bit Build 17134 (10.0.17134.1)

CPU:total 8 (initial active 8) (4 cores per cpu, 2 threads per core) family 6 model 158 stepping 9, cmov, cx8, fxsr, mmx, sse, sse2, sse3, ssse3, sse4.1, sse4.2, popcnt, avx, avx2, aes, clmul, erms, 3dnowpref, lzcnt, ht, tsc, tscinvbit, bmi1, bmi2, adx

Memory: 4k page, physical 16692940k(4723932k free), swap 16692940k(7308k free)

vm_info: OpenJDK 64-Bit Server VM (25.152-b01) for windows-amd64 JRE (1.8.0_152-release-915-b01), built by "builder" with MS VC++ 10.0 (VS2010)

time: Sat May 26 18:48:05 2018
elapsed time: 4 seconds (0d 0h 0m 4s)

