#
# There is insufficient memory for the Java Runtime Environment to continue.
# Native memory allocation (malloc) failed to allocate 2944016 bytes for Chunk::new
# Possible reasons:
#   The system is out of physical RAM or swap space
#   In 32 bit mode, the process size limit was hit
# Possible solutions:
#   Reduce memory load on the system
#   Increase physical memory or swap space
#   Check if swap backing store is full
#   Use 64 bit Java on a 64 bit OS
#   Decrease Java heap size (-Xmx/-Xms)
#   Decrease number of Java threads
#   Decrease Java thread stack sizes (-Xss)
#   Set larger code cache with -XX:ReservedCodeCacheSize=
# This output file may be truncated or incomplete.
#
#  Out of Memory Error (allocation.cpp:390), pid=11532, tid=0x00000000000024b0
#
# JRE version: OpenJDK Runtime Environment (8.0_152-b01) (build 1.8.0_152-release-915-b01)
# Java VM: OpenJDK 64-Bit Server VM (25.152-b01 mixed mode windows-amd64 compressed oops)
# Failed to write core dump. Minidumps are not enabled by default on client versions of Windows
#

---------------  T H R E A D  ---------------

Current thread (0x0000000015ba6000):  JavaThread "C2 CompilerThread2" daemon [_thread_in_native, id=9392, stack(0x0000000016460000,0x0000000016560000)]

Stack: [0x0000000016460000,0x0000000016560000]
[error occurred during error reporting (printing stack bounds), id 0xc0000005]

Native frames: (J=compiled Java code, j=interpreted, Vv=VM code, C=native code)


Current CompileTask:
C2:   2040  922 %     4       org.objectweb.asm.ClassReader::a @ 1360 (3587 bytes)


---------------  P R O C E S S  ---------------

Java Threads: ( => current thread )
  0x0000000015bb8000 JavaThread "Service Thread" daemon [_thread_blocked, id=12876, stack(0x0000000016660000,0x0000000016760000)]
  0x0000000015ba8800 JavaThread "C1 CompilerThread3" daemon [_thread_blocked, id=4296, stack(0x0000000016560000,0x0000000016660000)]
=>0x0000000015ba6000 JavaThread "C2 CompilerThread2" daemon [_thread_in_native, id=9392, stack(0x0000000016460000,0x0000000016560000)]
  0x0000000015b51000 JavaThread "C2 CompilerThread1" daemon [_thread_blocked, id=10572, stack(0x0000000016360000,0x0000000016460000)]
  0x0000000015b4e800 JavaThread "C2 CompilerThread0" daemon [_thread_blocked, id=13220, stack(0x0000000016260000,0x0000000016360000)]
  0x0000000015b4d000 JavaThread "Attach Listener" daemon [_thread_blocked, id=7436, stack(0x0000000016160000,0x0000000016260000)]
  0x0000000015af9000 JavaThread "Signal Dispatcher" daemon [_thread_blocked, id=11660, stack(0x0000000016060000,0x0000000016160000)]
  0x0000000015ae0800 JavaThread "Finalizer" daemon [_thread_blocked, id=4100, stack(0x0000000015ec0000,0x0000000015fc0000)]
  0x0000000013bfb800 JavaThread "Reference Handler" daemon [_thread_blocked, id=10068, stack(0x00000000159c0000,0x0000000015ac0000)]
  0x0000000002ecd800 JavaThread "main" [_thread_in_vm, id=5236, stack(0x0000000002ed0000,0x0000000002fd0000)]

Other Threads:
  0x0000000013bf5000 VMThread [stack: 0x00000000158c0000,0x00000000159c0000] [id=1984]
  0x0000000015bb8800 WatcherThread [stack: 0x0000000016760000,0x0000000016860000] [id=940]

VM state:not at safepoint (normal execution)

VM Mutex/Monitor currently owned by a thread: None

Heap:
 PSYoungGen      total 18944K, used 14231K [0x00000000feb00000, 0x0000000100000000, 0x0000000100000000)
  eden space 16384K, 71% used [0x00000000feb00000,0x00000000ff66cf58,0x00000000ffb00000)
  from space 2560K, 98% used [0x00000000ffd80000,0x00000000ffff8e10,0x0000000100000000)
  to   space 2560K, 0% used [0x00000000ffb00000,0x00000000ffb00000,0x00000000ffd80000)
 ParOldGen       total 44032K, used 6057K [0x00000000fc000000, 0x00000000feb00000, 0x00000000feb00000)
  object space 44032K, 13% used [0x00000000fc000000,0x00000000fc5ea7f8,0x00000000feb00000)
 Metaspace       used 7655K, capacity 7842K, committed 7936K, reserved 1056768K
  class space    used 875K, capacity 957K, committed 1024K, reserved 1048576K

Card table byte_map: [0x0000000002e70000,0x0000000002ea0000] byte_map_base: 0x0000000002690000

Marking Bits: (ParMarkBitMap*) 0x00000000673d3950
 Begin Bits: [0x0000000012fe0000, 0x00000000130e0000)
 End Bits:   [0x00000000130e0000, 0x00000000131e0000)

Polling page: 0x0000000001110000

CodeCache: size=245760Kb used=3809Kb max_used=3809Kb free=241950Kb
 bounds [0x0000000003420000, 0x00000000037e0000, 0x0000000012420000]
 total_blobs=1336 nmethods=1002 adapters=248
 compilation: enabled

Compilation events (10 events):
Event: 1.806 Thread 0x0000000015ba8800  999       3       java.util.LinkedHashMap$LinkedHashIterator::hasNext (13 bytes)
Event: 1.806 Thread 0x0000000015ba8800 nmethod 999 0x00000000037c3950 code [0x00000000037c3aa0, 0x00000000037c3c50]
Event: 2.022 Thread 0x0000000015ba8800 1000       3       org.objectweb.asm.ClassWriter::b (70 bytes)
Event: 2.023 Thread 0x0000000015ba8800 nmethod 1000 0x00000000037c7c10 code [0x00000000037c7dc0, 0x00000000037c81f8]
Event: 2.023 Thread 0x0000000015ba8800 1001       3       org.objectweb.asm.ClassWriter::toByteArray (1282 bytes)
Event: 2.028 Thread 0x0000000015ba8800 nmethod 1001 0x00000000037d9210 code [0x00000000037d9a40, 0x00000000037dd978]
Event: 2.028 Thread 0x0000000015ba8800 1002       3       java.util.AbstractSet::<init> (5 bytes)
Event: 2.028 Thread 0x0000000015ba8800 nmethod 1002 0x00000000037c77d0 code [0x00000000037c7940, 0x00000000037c7b50]
Event: 2.028 Thread 0x0000000015ba8800 1003       3       java.util.HashMap::entrySet (27 bytes)
Event: 2.028 Thread 0x0000000015ba8800 nmethod 1003 0x00000000037c70d0 code [0x00000000037c7260, 0x00000000037c7610]

GC Heap History (4 events):
Event: 0.981 GC heap before
{Heap before GC invocations=1 (full 0):
 PSYoungGen      total 18944K, used 16384K [0x00000000feb00000, 0x0000000100000000, 0x0000000100000000)
  eden space 16384K, 100% used [0x00000000feb00000,0x00000000ffb00000,0x00000000ffb00000)
  from space 2560K, 0% used [0x00000000ffd80000,0x00000000ffd80000,0x0000000100000000)
  to   space 2560K, 0% used [0x00000000ffb00000,0x00000000ffb00000,0x00000000ffd80000)
 ParOldGen       total 44032K, used 0K [0x00000000fc000000, 0x00000000feb00000, 0x00000000feb00000)
  object space 44032K, 0% used [0x00000000fc000000,0x00000000fc000000,0x00000000feb00000)
 Metaspace       used 6609K, capacity 6736K, committed 7040K, reserved 1056768K
  class space    used 774K, capacity 824K, committed 896K, reserved 1048576K
Event: 1.003 GC heap after
Heap after GC invocations=1 (full 0):
 PSYoungGen      total 18944K, used 2537K [0x00000000feb00000, 0x0000000100000000, 0x0000000100000000)
  eden space 16384K, 0% used [0x00000000feb00000,0x00000000feb00000,0x00000000ffb00000)
  from space 2560K, 99% used [0x00000000ffb00000,0x00000000ffd7a620,0x00000000ffd80000)
  to   space 2560K, 0% used [0x00000000ffd80000,0x00000000ffd80000,0x0000000100000000)
 ParOldGen       total 44032K, used 1532K [0x00000000fc000000, 0x00000000feb00000, 0x00000000feb00000)
  object space 44032K, 3% used [0x00000000fc000000,0x00000000fc17f310,0x00000000feb00000)
 Metaspace       used 6609K, capacity 6736K, committed 7040K, reserved 1056768K
  class space    used 774K, capacity 824K, committed 896K, reserved 1048576K
}
Event: 1.311 GC heap before
{Heap before GC invocations=2 (full 0):
 PSYoungGen      total 18944K, used 18921K [0x00000000feb00000, 0x0000000100000000, 0x0000000100000000)
  eden space 16384K, 100% used [0x00000000feb00000,0x00000000ffb00000,0x00000000ffb00000)
  from space 2560K, 99% used [0x00000000ffb00000,0x00000000ffd7a620,0x00000000ffd80000)
  to   space 2560K, 0% used [0x00000000ffd80000,0x00000000ffd80000,0x0000000100000000)
 ParOldGen       total 44032K, used 1532K [0x00000000fc000000, 0x00000000feb00000, 0x00000000feb00000)
  object space 44032K, 3% used [0x00000000fc000000,0x00000000fc17f310,0x00000000feb00000)
 Metaspace       used 6932K, capacity 7106K, committed 7296K, reserved 1056768K
  class space    used 814K, capacity 861K, committed 896K, reserved 1048576K
Event: 1.337 GC heap after
Heap after GC invocations=2 (full 0):
 PSYoungGen      total 18944K, used 2531K [0x00000000feb00000, 0x0000000100000000, 0x0000000100000000)
  eden space 16384K, 0% used [0x00000000feb00000,0x00000000feb00000,0x00000000ffb00000)
  from space 2560K, 98% used [0x00000000ffd80000,0x00000000ffff8e10,0x0000000100000000)
  to   space 2560K, 0% used [0x00000000ffb00000,0x00000000ffb00000,0x00000000ffd80000)
 ParOldGen       total 44032K, used 6057K [0x00000000fc000000, 0x00000000feb00000, 0x00000000feb00000)
  object space 44032K, 13% used [0x00000000fc000000,0x00000000fc5ea7f8,0x00000000feb00000)
 Metaspace       used 6932K, capacity 7106K, committed 7296K, reserved 1056768K
  class space    used 814K, capacity 861K, committed 896K, reserved 1048576K
}

Deoptimization events (10 events):
Event: 0.965 Thread 0x0000000002ecd800 Uncommon trap: reason=unstable_if action=reinterpret pc=0x0000000003658c38 method=java.util.zip.ZipCoder.decoder()Ljava/nio/charset/CharsetDecoder; @ 4
Event: 0.966 Thread 0x0000000002ecd800 Uncommon trap: reason=unstable_if action=reinterpret pc=0x000000000365682c method=java.util.zip.ZipCoder.decoder()Ljava/nio/charset/CharsetDecoder; @ 4
Event: 1.026 Thread 0x0000000002ecd800 Uncommon trap: reason=unstable_if action=reinterpret pc=0x00000000036521ec method=java.util.zip.ZipCoder.decoder()Ljava/nio/charset/CharsetDecoder; @ 4
Event: 1.027 Thread 0x0000000002ecd800 Uncommon trap: reason=unstable_if action=reinterpret pc=0x0000000003645158 method=java.util.zip.ZipCoder.decoder()Ljava/nio/charset/CharsetDecoder; @ 4
Event: 1.027 Thread 0x0000000002ecd800 Uncommon trap: reason=unstable_if action=reinterpret pc=0x000000000364a840 method=java.util.zip.ZipCoder.decoder()Ljava/nio/charset/CharsetDecoder; @ 4
Event: 1.035 Thread 0x0000000002ecd800 Uncommon trap: reason=unstable_if action=reinterpret pc=0x000000000366e114 method=java.util.HashMap$HashIterator.hasNext()Z @ 4
Event: 1.264 Thread 0x0000000002ecd800 Uncommon trap: reason=unloaded action=reinterpret pc=0x0000000003660f7c method=java.util.zip.ZipEntry.setExtra0([BZ)V @ 37
Event: 1.544 Thread 0x0000000002ecd800 Uncommon trap: reason=unstable_if action=reinterpret pc=0x00000000035bdcf8 method=java.lang.String.<init>([CII)V @ 18
Event: 1.637 Thread 0x0000000002ecd800 Uncommon trap: reason=unstable_if action=reinterpret pc=0x0000000003761734 method=org.objectweb.asm.Type.getArgumentsAndReturnSizes(Ljava/lang/String;)I @ 130
Event: 1.692 Thread 0x0000000002ecd800 Uncommon trap: reason=unstable_if action=reinterpret pc=0x0000000003799ae8 method=java.io.BufferedOutputStream.write(I)V @ 9

Classes redefined (0 events):
No events

Internal exceptions (10 events):
Event: 1.345 Thread 0x0000000002ecd800 Exception <a 'sun/nio/fs/WindowsException'> (0x00000000feb9b390) thrown at [D:\src\AOSP-openjdk-cygwin\jdk8u\hotspot\src\share\vm\prims\jni.cpp, line 709]
Event: 1.345 Thread 0x0000000002ecd800 Exception <a 'sun/nio/fs/WindowsException'> (0x00000000feb9b8e8) thrown at [D:\src\AOSP-openjdk-cygwin\jdk8u\hotspot\src\share\vm\prims\jni.cpp, line 709]
Event: 1.436 Thread 0x0000000002ecd800 Exception <a 'sun/nio/fs/WindowsException'> (0x00000000feba70f0) thrown at [D:\src\AOSP-openjdk-cygwin\jdk8u\hotspot\src\share\vm\prims\jni.cpp, line 709]
Event: 1.445 Thread 0x0000000002ecd800 Exception <a 'sun/nio/fs/WindowsException'> (0x00000000feba75c8) thrown at [D:\src\AOSP-openjdk-cygwin\jdk8u\hotspot\src\share\vm\prims\jni.cpp, line 709]
Event: 1.463 Thread 0x0000000002ecd800 Exception <a 'sun/nio/fs/WindowsException'> (0x00000000febaaa80) thrown at [D:\src\AOSP-openjdk-cygwin\jdk8u\hotspot\src\share\vm\prims\jni.cpp, line 709]
Event: 1.463 Thread 0x0000000002ecd800 Exception <a 'sun/nio/fs/WindowsException'> (0x00000000febaaf58) thrown at [D:\src\AOSP-openjdk-cygwin\jdk8u\hotspot\src\share\vm\prims\jni.cpp, line 709]
Event: 1.815 Thread 0x0000000002ecd800 Exception <a 'sun/nio/fs/WindowsException'> (0x00000000ff56b958) thrown at [D:\src\AOSP-openjdk-cygwin\jdk8u\hotspot\src\share\vm\prims\jni.cpp, line 709]
Event: 1.820 Thread 0x0000000002ecd800 Exception <a 'sun/nio/fs/WindowsException'> (0x00000000ff56be30) thrown at [D:\src\AOSP-openjdk-cygwin\jdk8u\hotspot\src\share\vm\prims\jni.cpp, line 709]
Event: 2.019 Thread 0x0000000002ecd800 Exception <a 'sun/nio/fs/WindowsException'> (0x00000000ff56f2e8) thrown at [D:\src\AOSP-openjdk-cygwin\jdk8u\hotspot\src\share\vm\prims\jni.cpp, line 709]
Event: 2.019 Thread 0x0000000002ecd800 Exception <a 'sun/nio/fs/WindowsException'> (0x00000000ff56f7c0) thrown at [D:\src\AOSP-openjdk-cygwin\jdk8u\hotspot\src\share\vm\prims\jni.cpp, line 709]

Events (10 events):
Event: 1.544 Thread 0x0000000002ecd800 DEOPT PACKING pc=0x00000000035bdcf8 sp=0x0000000002fcedd0
Event: 1.544 Thread 0x0000000002ecd800 DEOPT UNPACKING pc=0x000000000346556a sp=0x0000000002fced98 mode 2
Event: 1.637 Thread 0x0000000002ecd800 Uncommon trap: trap_request=0xffffff65 fr.pc=0x0000000003761734
Event: 1.637 Thread 0x0000000002ecd800 DEOPT PACKING pc=0x0000000003761734 sp=0x0000000002fcec50
Event: 1.637 Thread 0x0000000002ecd800 DEOPT UNPACKING pc=0x000000000346556a sp=0x0000000002fcebe0 mode 2
Event: 1.692 Thread 0x0000000002ecd800 Uncommon trap: trap_request=0xffffff65 fr.pc=0x0000000003799ae8
Event: 1.692 Thread 0x0000000002ecd800 DEOPT PACKING pc=0x0000000003799ae8 sp=0x0000000002fcf150
Event: 1.692 Thread 0x0000000002ecd800 DEOPT UNPACKING pc=0x000000000346556a sp=0x0000000002fcf110 mode 2
Event: 1.766 Executing VM operation: ForceSafepoint
Event: 1.766 Executing VM operation: ForceSafepoint done


Dynamic libraries:
0x00007ff7bef40000 - 0x00007ff7bef71000 	C:\Program Files\Android\Android Studio\jre\bin\java.exe
0x00007ffba9340000 - 0x00007ffba9521000 	C:\WINDOWS\SYSTEM32\ntdll.dll
0x00007ffba6ca0000 - 0x00007ffba6d52000 	C:\WINDOWS\System32\KERNEL32.DLL
0x00007ffba6070000 - 0x00007ffba62e3000 	C:\WINDOWS\System32\KERNELBASE.dll
0x00007ffba9260000 - 0x00007ffba9301000 	C:\WINDOWS\System32\ADVAPI32.dll
0x00007ffba77b0000 - 0x00007ffba784e000 	C:\WINDOWS\System32\msvcrt.dll
0x00007ffba71b0000 - 0x00007ffba720b000 	C:\WINDOWS\System32\sechost.dll
0x00007ffba7580000 - 0x00007ffba76a4000 	C:\WINDOWS\System32\RPCRT4.dll
0x00007ffba7ac0000 - 0x00007ffba7c50000 	C:\WINDOWS\System32\USER32.dll
0x00007ffba5790000 - 0x00007ffba57b0000 	C:\WINDOWS\System32\win32u.dll
0x00007ffba67e0000 - 0x00007ffba6808000 	C:\WINDOWS\System32\GDI32.dll
0x00007ffba6530000 - 0x00007ffba66c2000 	C:\WINDOWS\System32\gdi32full.dll
0x00007ffba5fd0000 - 0x00007ffba606f000 	C:\WINDOWS\System32\msvcp_win.dll
0x00007ffba66d0000 - 0x00007ffba67ca000 	C:\WINDOWS\System32\ucrtbase.dll
0x00007ffb93ad0000 - 0x00007ffb93d39000 	C:\WINDOWS\WinSxS\amd64_microsoft.windows.common-controls_6595b64144ccf1df_6.0.17134.48_none_b4b2216a3cb4dd3e\COMCTL32.dll
0x00007ffba6810000 - 0x00007ffba6b33000 	C:\WINDOWS\System32\combase.dll
0x00007ffba5710000 - 0x00007ffba578a000 	C:\WINDOWS\System32\bcryptPrimitives.dll
0x00007ffba9090000 - 0x00007ffba90bd000 	C:\WINDOWS\System32\IMM32.DLL
0x0000000069530000 - 0x0000000069602000 	C:\Program Files\Android\Android Studio\jre\jre\bin\msvcr100.dll
0x0000000066c10000 - 0x000000006744e000 	C:\Program Files\Android\Android Studio\jre\jre\bin\server\jvm.dll
0x00007ffba91d0000 - 0x00007ffba91d8000 	C:\WINDOWS\System32\PSAPI.DLL
0x00007ffba1d20000 - 0x00007ffba1d29000 	C:\WINDOWS\SYSTEM32\WSOCK32.dll
0x00007ffba7510000 - 0x00007ffba757c000 	C:\WINDOWS\System32\WS2_32.dll
0x00007ffb95780000 - 0x00007ffb957a3000 	C:\WINDOWS\SYSTEM32\WINMM.dll
0x00007ffb9d7c0000 - 0x00007ffb9d7ca000 	C:\WINDOWS\SYSTEM32\VERSION.dll
0x00007ffb95570000 - 0x00007ffb9559a000 	C:\WINDOWS\SYSTEM32\WINMMBASE.dll
0x00007ffba64e0000 - 0x00007ffba6529000 	C:\WINDOWS\System32\cfgmgr32.dll
0x00007ffba1d30000 - 0x00007ffba1d3f000 	C:\Program Files\Android\Android Studio\jre\jre\bin\verify.dll
0x00007ffba1b00000 - 0x00007ffba1b29000 	C:\Program Files\Android\Android Studio\jre\jre\bin\java.dll
0x00007ffb9f450000 - 0x00007ffb9f466000 	C:\Program Files\Android\Android Studio\jre\jre\bin\zip.dll
0x00007ffba7c50000 - 0x00007ffba9090000 	C:\WINDOWS\System32\SHELL32.dll
0x00007ffba9120000 - 0x00007ffba91c9000 	C:\WINDOWS\System32\shcore.dll
0x00007ffba58c0000 - 0x00007ffba5fcd000 	C:\WINDOWS\System32\windows.storage.dll
0x00007ffba90c0000 - 0x00007ffba9111000 	C:\WINDOWS\System32\shlwapi.dll
0x00007ffba5680000 - 0x00007ffba5691000 	C:\WINDOWS\System32\kernel.appcore.dll
0x00007ffba56f0000 - 0x00007ffba570f000 	C:\WINDOWS\System32\profapi.dll
0x00007ffba56a0000 - 0x00007ffba56ec000 	C:\WINDOWS\System32\powrprof.dll
0x00007ffba5650000 - 0x00007ffba565a000 	C:\WINDOWS\System32\FLTLIB.DLL
0x00007ffba5080000 - 0x00007ffba5097000 	C:\WINDOWS\SYSTEM32\CRYPTSP.dll
0x00007ffba4ab0000 - 0x00007ffba4ae3000 	C:\WINDOWS\system32\rsaenh.dll
0x00007ffba51b0000 - 0x00007ffba51d5000 	C:\WINDOWS\SYSTEM32\bcrypt.dll
0x00007ffba5580000 - 0x00007ffba55a8000 	C:\WINDOWS\SYSTEM32\USERENV.dll
0x00007ffba50a0000 - 0x00007ffba50ab000 	C:\WINDOWS\SYSTEM32\CRYPTBASE.dll
0x00007ffb9f430000 - 0x00007ffb9f44a000 	C:\Program Files\Android\Android Studio\jre\jre\bin\net.dll
0x00007ffba4ed0000 - 0x00007ffba4f36000 	C:\WINDOWS\system32\mswsock.dll
0x00007ffba4c50000 - 0x00007ffba4c88000 	C:\WINDOWS\SYSTEM32\IPHLPAPI.DLL
0x00007ffba7430000 - 0x00007ffba7438000 	C:\WINDOWS\System32\NSI.dll
0x00007ffb9a1f0000 - 0x00007ffb9a206000 	C:\WINDOWS\SYSTEM32\dhcpcsvc6.DLL
0x00007ffb9a120000 - 0x00007ffb9a13a000 	C:\WINDOWS\SYSTEM32\dhcpcsvc.DLL
0x00007ffb9f410000 - 0x00007ffb9f421000 	C:\Program Files\Android\Android Studio\jre\jre\bin\nio.dll

VM Arguments:
jvm_args: -Djava.awt.headless=true -Xmx64M -Dfile.encoding=x-windows-949 -Duser.country=KR -Duser.language=ko -Duser.variant 
java_command: com.google.devtools.build.android.desugar.Desugar @D:\test\app\build\intermediates\tmp\desugar_args8148491982468258314
java_class_path (initial): C:\Users\Goo\AppData\Local\Temp\desugar_deploy.jar4283967336768827273
Launcher Type: SUN_STANDARD

Environment Variables:
PATH=C:\ProgramData\Oracle\Java\javapath;C:\WINDOWS\system32;C:\WINDOWS;C:\WINDOWS\System32\Wbem;C:\WINDOWS\System32\WindowsPowerShell\v1.0\;C:\OpenSSL;;C:\WINDOWS\System32\OpenSSH\;C:\Users\Goo\AppData\Local\Microsoft\WindowsApps;
USERNAME=Goo
OS=Windows_NT
PROCESSOR_IDENTIFIER=Intel64 Family 6 Model 158 Stepping 9, GenuineIntel



---------------  S Y S T E M  ---------------

OS: Windows 10.0 , 64 bit Build 17134 (10.0.17134.1)

CPU:total 8 (initial active 8) (4 cores per cpu, 2 threads per core) family 6 model 158 stepping 9, cmov, cx8, fxsr, mmx, sse, sse2, sse3, ssse3, sse4.1, sse4.2, popcnt, avx, avx2, aes, clmul, erms, 3dnowpref, lzcnt, ht, tsc, tscinvbit, bmi1, bmi2, adx

Memory: 4k page, physical 16692940k(5049076k free), swap 16692940k(2840k free)

vm_info: OpenJDK 64-Bit Server VM (25.152-b01) for windows-amd64 JRE (1.8.0_152-release-915-b01), built by "builder" with MS VC++ 10.0 (VS2010)

time: Sat May 26 21:51:05 2018
elapsed time: 2 seconds (0d 0h 0m 2s)

