#
# There is insufficient memory for the Java Runtime Environment to continue.
# Native memory allocation (malloc) failed to allocate 858736 bytes for Chunk::new
# Possible reasons:
#   The system is out of physical RAM or swap space
#   In 32 bit mode, the process size limit was hit
# Possible solutions:
#   Reduce memory load on the system
#   Increase physical memory or swap space
#   Check if swap backing store is full
#   Use 64 bit Java on a 64 bit OS
#   Decrease Java heap size (-Xmx/-Xms)
#   Decrease number of Java threads
#   Decrease Java thread stack sizes (-Xss)
#   Set larger code cache with -XX:ReservedCodeCacheSize=
# This output file may be truncated or incomplete.
#
#  Out of Memory Error (allocation.cpp:390), pid=7548, tid=0x0000000000000638
#
# JRE version: OpenJDK Runtime Environment (8.0_152-b01) (build 1.8.0_152-release-915-b01)
# Java VM: OpenJDK 64-Bit Server VM (25.152-b01 mixed mode windows-amd64 compressed oops)
# Failed to write core dump. Minidumps are not enabled by default on client versions of Windows
#

---------------  T H R E A D  ---------------

Current thread (0x000000001408b800):  JavaThread "C2 CompilerThread1" daemon [_thread_in_native, id=1592, stack(0x0000000016760000,0x0000000016860000)]

Stack: [0x0000000016760000,0x0000000016860000]
[error occurred during error reporting (printing stack bounds), id 0xc0000005]

Native frames: (J=compiled Java code, j=interpreted, Vv=VM code, C=native code)


Current CompileTask:
C2:   1904  907       4       org.objectweb.asm.ClassReader::a (3587 bytes)


---------------  P R O C E S S  ---------------

Java Threads: ( => current thread )
  0x0000000015ffa800 JavaThread "Service Thread" daemon [_thread_blocked, id=4144, stack(0x0000000016a60000,0x0000000016b60000)]
  0x0000000015ff4800 JavaThread "C1 CompilerThread3" daemon [_thread_in_vm, id=5208, stack(0x0000000016960000,0x0000000016a60000)]
  0x000000001408e800 JavaThread "C2 CompilerThread2" daemon [_thread_in_native, id=9104, stack(0x0000000016860000,0x0000000016960000)]
=>0x000000001408b800 JavaThread "C2 CompilerThread1" daemon [_thread_in_native, id=1592, stack(0x0000000016760000,0x0000000016860000)]
  0x0000000015f9b800 JavaThread "C2 CompilerThread0" daemon [_thread_in_vm, id=4192, stack(0x0000000016660000,0x0000000016760000)]
  0x0000000015f9a000 JavaThread "Attach Listener" daemon [_thread_blocked, id=12244, stack(0x0000000016560000,0x0000000016660000)]
  0x0000000015ff0000 JavaThread "Signal Dispatcher" daemon [_thread_blocked, id=2816, stack(0x0000000016460000,0x0000000016560000)]
  0x0000000015f80800 JavaThread "Finalizer" daemon [_thread_blocked, id=5996, stack(0x0000000016360000,0x0000000016460000)]
  0x00000000038c9000 JavaThread "Reference Handler" daemon [_thread_blocked, id=10372, stack(0x0000000015e60000,0x0000000015f60000)]
  0x00000000036cd800 JavaThread "main" [_thread_in_native, id=11844, stack(0x00000000036d0000,0x00000000037d0000)]

Other Threads:
  0x0000000014075000 VMThread [stack: 0x0000000015d60000,0x0000000015e60000] [id=8272]
  0x0000000015ffb800 WatcherThread [stack: 0x0000000016b60000,0x0000000016c60000] [id=948]

VM state:not at safepoint (normal execution)

VM Mutex/Monitor currently owned by a thread: None

Heap:
 PSYoungGen      total 18944K, used 14006K [0x00000000feb00000, 0x0000000100000000, 0x0000000100000000)
  eden space 16384K, 70% used [0x00000000feb00000,0x00000000ff634af8,0x00000000ffb00000)
  from space 2560K, 98% used [0x00000000ffd80000,0x00000000ffff8e10,0x0000000100000000)
  to   space 2560K, 0% used [0x00000000ffb00000,0x00000000ffb00000,0x00000000ffd80000)
 ParOldGen       total 44032K, used 6081K [0x00000000fc000000, 0x00000000feb00000, 0x00000000feb00000)
  object space 44032K, 13% used [0x00000000fc000000,0x00000000fc5f06f8,0x00000000feb00000)
 Metaspace       used 7669K, capacity 7842K, committed 7936K, reserved 1056768K
  class space    used 875K, capacity 957K, committed 1024K, reserved 1048576K

Card table byte_map: [0x00000000017c0000,0x00000000017f0000] byte_map_base: 0x0000000000fe0000

Marking Bits: (ParMarkBitMap*) 0x00000000677e3950
 Begin Bits: [0x0000000013490000, 0x0000000013590000)
 End Bits:   [0x0000000013590000, 0x0000000013690000)

Polling page: 0x0000000001410000

CodeCache: size=245760Kb used=3755Kb max_used=3762Kb free=242004Kb
 bounds [0x00000000038d0000, 0x0000000003c80000, 0x00000000128d0000]
 total_blobs=1327 nmethods=992 adapters=248
 compilation: enabled

Compilation events (10 events):
Event: 1.897 Thread 0x0000000015ff4800 nmethod 979 0x0000000003c6d350 code [0x0000000003c6d4a0, 0x0000000003c6d5b0]
Event: 1.897 Thread 0x0000000015ff4800  986       3       org.objectweb.asm.MethodWriter::visitTypeInsn (118 bytes)
Event: 1.898 Thread 0x0000000015ff4800 nmethod 986 0x0000000003c6d610 code [0x0000000003c6d7a0, 0x0000000003c6dc08]
Event: 1.898 Thread 0x0000000015ff4800  989       3       org.objectweb.asm.tree.FrameNode::asArray (53 bytes)
Event: 1.898 Thread 0x0000000015ff4800 nmethod 989 0x0000000003c6de50 code [0x0000000003c6e020, 0x0000000003c6e978]
Event: 1.898 Thread 0x0000000015ff4800  987       3       java.util.SubList::<init> (145 bytes)
Event: 1.899 Thread 0x0000000015f9b800 nmethod 973 0x0000000003c71e10 code [0x0000000003c71f80, 0x0000000003c72558]
Event: 1.899 Thread 0x0000000015f9b800  990       4       org.objectweb.asm.Label::a (214 bytes)
Event: 1.899 Thread 0x0000000015ff4800 nmethod 987 0x0000000003c6f250 code [0x0000000003c6f5a0, 0x0000000003c71118]
Event: 1.899 Thread 0x0000000015ff4800  991       3       org.objectweb.asm.ClassWriter::toByteArray (1282 bytes)

GC Heap History (4 events):
Event: 1.126 GC heap before
{Heap before GC invocations=1 (full 0):
 PSYoungGen      total 18944K, used 16384K [0x00000000feb00000, 0x0000000100000000, 0x0000000100000000)
  eden space 16384K, 100% used [0x00000000feb00000,0x00000000ffb00000,0x00000000ffb00000)
  from space 2560K, 0% used [0x00000000ffd80000,0x00000000ffd80000,0x0000000100000000)
  to   space 2560K, 0% used [0x00000000ffb00000,0x00000000ffb00000,0x00000000ffd80000)
 ParOldGen       total 44032K, used 0K [0x00000000fc000000, 0x00000000feb00000, 0x00000000feb00000)
  object space 44032K, 0% used [0x00000000fc000000,0x00000000fc000000,0x00000000feb00000)
 Metaspace       used 6626K, capacity 6800K, committed 7040K, reserved 1056768K
  class space    used 773K, capacity 824K, committed 896K, reserved 1048576K
Event: 1.141 GC heap after
Heap after GC invocations=1 (full 0):
 PSYoungGen      total 18944K, used 2553K [0x00000000feb00000, 0x0000000100000000, 0x0000000100000000)
  eden space 16384K, 0% used [0x00000000feb00000,0x00000000feb00000,0x00000000ffb00000)
  from space 2560K, 99% used [0x00000000ffb00000,0x00000000ffd7e630,0x00000000ffd80000)
  to   space 2560K, 0% used [0x00000000ffd80000,0x00000000ffd80000,0x0000000100000000)
 ParOldGen       total 44032K, used 1516K [0x00000000fc000000, 0x00000000feb00000, 0x00000000feb00000)
  object space 44032K, 3% used [0x00000000fc000000,0x00000000fc17b1f0,0x00000000feb00000)
 Metaspace       used 6626K, capacity 6800K, committed 7040K, reserved 1056768K
  class space    used 773K, capacity 824K, committed 896K, reserved 1048576K
}
Event: 1.601 GC heap before
{Heap before GC invocations=2 (full 0):
 PSYoungGen      total 18944K, used 18937K [0x00000000feb00000, 0x0000000100000000, 0x0000000100000000)
  eden space 16384K, 100% used [0x00000000feb00000,0x00000000ffb00000,0x00000000ffb00000)
  from space 2560K, 99% used [0x00000000ffb00000,0x00000000ffd7e630,0x00000000ffd80000)
  to   space 2560K, 0% used [0x00000000ffd80000,0x00000000ffd80000,0x0000000100000000)
 ParOldGen       total 44032K, used 1516K [0x00000000fc000000, 0x00000000feb00000, 0x00000000feb00000)
  object space 44032K, 3% used [0x00000000fc000000,0x00000000fc17b1f0,0x00000000feb00000)
 Metaspace       used 6971K, capacity 7106K, committed 7296K, reserved 1056768K
  class space    used 816K, capacity 861K, committed 896K, reserved 1048576K
Event: 1.656 GC heap after
Heap after GC invocations=2 (full 0):
 PSYoungGen      total 18944K, used 2531K [0x00000000feb00000, 0x0000000100000000, 0x0000000100000000)
  eden space 16384K, 0% used [0x00000000feb00000,0x00000000feb00000,0x00000000ffb00000)
  from space 2560K, 98% used [0x00000000ffd80000,0x00000000ffff8e10,0x0000000100000000)
  to   space 2560K, 0% used [0x00000000ffb00000,0x00000000ffb00000,0x00000000ffd80000)
 ParOldGen       total 44032K, used 6081K [0x00000000fc000000, 0x00000000feb00000, 0x00000000feb00000)
  object space 44032K, 13% used [0x00000000fc000000,0x00000000fc5f06f8,0x00000000feb00000)
 Metaspace       used 6971K, capacity 7106K, committed 7296K, reserved 1056768K
  class space    used 816K, capacity 861K, committed 896K, reserved 1048576K
}

Deoptimization events (10 events):
Event: 1.092 Thread 0x00000000036cd800 Uncommon trap: reason=unstable_if action=reinterpret pc=0x0000000003b0e4c0 method=java.util.zip.ZipCoder.decoder()Ljava/nio/charset/CharsetDecoder; @ 4
Event: 1.223 Thread 0x00000000036cd800 Uncommon trap: reason=unstable_if action=reinterpret pc=0x0000000003b065b8 method=java.util.zip.ZipCoder.decoder()Ljava/nio/charset/CharsetDecoder; @ 4
Event: 1.224 Thread 0x00000000036cd800 Uncommon trap: reason=unstable_if action=reinterpret pc=0x0000000003b14bac method=java.util.zip.ZipCoder.decoder()Ljava/nio/charset/CharsetDecoder; @ 4
Event: 1.235 Thread 0x00000000036cd800 Uncommon trap: reason=unstable_if action=reinterpret pc=0x0000000003b1f408 method=java.util.HashMap$HashIterator.nextNode()Ljava/util/HashMap$Node; @ 74
Event: 1.398 Thread 0x00000000036cd800 Uncommon trap: reason=unstable_if action=reinterpret pc=0x0000000003b1efc8 method=java.util.HashMap$HashIterator.nextNode()Ljava/util/HashMap$Node; @ 74
Event: 1.554 Thread 0x00000000036cd800 Uncommon trap: reason=unloaded action=reinterpret pc=0x0000000003afb13c method=java.util.zip.ZipEntry.setExtra0([BZ)V @ 37
Event: 1.697 Thread 0x00000000036cd800 Uncommon trap: reason=unstable_if action=reinterpret pc=0x0000000003a75b78 method=java.lang.String.<init>([CII)V @ 18
Event: 1.820 Thread 0x00000000036cd800 Uncommon trap: reason=unstable_if action=reinterpret pc=0x0000000003bf20d8 method=org.objectweb.asm.Item.a(Lorg/objectweb/asm/Item;)Z @ 345
Event: 1.884 Thread 0x00000000036cd800 Uncommon trap: reason=unstable_if action=reinterpret pc=0x0000000003c0b8b8 method=org.objectweb.asm.Type.getArgumentsAndReturnSizes(Ljava/lang/String;)I @ 41
Event: 1.896 Thread 0x00000000036cd800 Uncommon trap: reason=unstable_if action=reinterpret pc=0x0000000003c279ac method=org.objectweb.asm.MethodWriter.visitVarInsn(II)V @ 142

Classes redefined (0 events):
No events

Internal exceptions (10 events):
Event: 1.387 Thread 0x00000000036cd800 Exception <a 'sun/nio/fs/WindowsException'> (0x00000000ff234758) thrown at [D:\src\AOSP-openjdk-cygwin\jdk8u\hotspot\src\share\vm\prims\jni.cpp, line 709]
Event: 1.387 Thread 0x00000000036cd800 Exception <a 'sun/nio/fs/WindowsException'> (0x00000000ff234d20) thrown at [D:\src\AOSP-openjdk-cygwin\jdk8u\hotspot\src\share\vm\prims\jni.cpp, line 709]
Event: 1.387 Thread 0x00000000036cd800 Exception <a 'sun/nio/fs/WindowsException'> (0x00000000ff2354e0) thrown at [D:\src\AOSP-openjdk-cygwin\jdk8u\hotspot\src\share\vm\prims\jni.cpp, line 709]
Event: 1.387 Thread 0x00000000036cd800 Exception <a 'sun/nio/fs/WindowsException'> (0x00000000ff235a80) thrown at [D:\src\AOSP-openjdk-cygwin\jdk8u\hotspot\src\share\vm\prims\jni.cpp, line 709]
Event: 1.387 Thread 0x00000000036cd800 Exception <a 'sun/nio/fs/WindowsException'> (0x00000000ff236230) thrown at [D:\src\AOSP-openjdk-cygwin\jdk8u\hotspot\src\share\vm\prims\jni.cpp, line 709]
Event: 1.410 Thread 0x00000000036cd800 Exception <a 'sun/nio/fs/WindowsException'> (0x00000000ff23b570) thrown at [D:\src\AOSP-openjdk-cygwin\jdk8u\hotspot\src\share\vm\prims\jni.cpp, line 709]
Event: 1.664 Thread 0x00000000036cd800 Exception <a 'sun/nio/fs/WindowsException'> (0x00000000feb6d9d0) thrown at [D:\src\AOSP-openjdk-cygwin\jdk8u\hotspot\src\share\vm\prims\jni.cpp, line 709]
Event: 1.664 Thread 0x00000000036cd800 Exception <a 'sun/nio/fs/WindowsException'> (0x00000000feb6df28) thrown at [D:\src\AOSP-openjdk-cygwin\jdk8u\hotspot\src\share\vm\prims\jni.cpp, line 709]
Event: 1.682 Thread 0x00000000036cd800 Exception <a 'sun/nio/fs/WindowsException'> (0x00000000feb79710) thrown at [D:\src\AOSP-openjdk-cygwin\jdk8u\hotspot\src\share\vm\prims\jni.cpp, line 709]
Event: 1.682 Thread 0x00000000036cd800 Exception <a 'sun/nio/fs/WindowsException'> (0x00000000feb79be8) thrown at [D:\src\AOSP-openjdk-cygwin\jdk8u\hotspot\src\share\vm\prims\jni.cpp, line 709]

Events (10 events):
Event: 1.820 Thread 0x00000000036cd800 DEOPT PACKING pc=0x0000000003bf20d8 sp=0x00000000037ce8e0
Event: 1.820 Thread 0x00000000036cd800 DEOPT UNPACKING pc=0x000000000391556a sp=0x00000000037ce878 mode 2
Event: 1.884 Thread 0x00000000036cd800 Uncommon trap: trap_request=0xffffff65 fr.pc=0x0000000003c0b8b8
Event: 1.884 Thread 0x00000000036cd800 DEOPT PACKING pc=0x0000000003c0b8b8 sp=0x00000000037ce8a0
Event: 1.884 Thread 0x00000000036cd800 DEOPT UNPACKING pc=0x000000000391556a sp=0x00000000037ce828 mode 2
Event: 1.889 Thread 0x00000000036cd800 DEOPT PACKING pc=0x0000000003a374c7 sp=0x00000000037cedc0
Event: 1.889 Thread 0x00000000036cd800 DEOPT UNPACKING pc=0x00000000039175bf sp=0x00000000037ceaf0 mode 0
Event: 1.896 Thread 0x00000000036cd800 Uncommon trap: trap_request=0xffffff65 fr.pc=0x0000000003c279ac
Event: 1.896 Thread 0x00000000036cd800 DEOPT PACKING pc=0x0000000003c279ac sp=0x00000000037cea10
Event: 1.896 Thread 0x00000000036cd800 DEOPT UNPACKING pc=0x000000000391556a sp=0x00000000037ce958 mode 2


Dynamic libraries:
0x00007ff708150000 - 0x00007ff708181000 	C:\Program Files\Android\Android Studio\jre\bin\java.exe
0x00007ffba9340000 - 0x00007ffba9521000 	C:\WINDOWS\SYSTEM32\ntdll.dll
0x00007ffba6ca0000 - 0x00007ffba6d52000 	C:\WINDOWS\System32\KERNEL32.DLL
0x00007ffba6070000 - 0x00007ffba62e3000 	C:\WINDOWS\System32\KERNELBASE.dll
0x00007ffba9260000 - 0x00007ffba9301000 	C:\WINDOWS\System32\ADVAPI32.dll
0x00007ffba77b0000 - 0x00007ffba784e000 	C:\WINDOWS\System32\msvcrt.dll
0x00007ffba71b0000 - 0x00007ffba720b000 	C:\WINDOWS\System32\sechost.dll
0x00007ffba7580000 - 0x00007ffba76a4000 	C:\WINDOWS\System32\RPCRT4.dll
0x00007ffba7ac0000 - 0x00007ffba7c50000 	C:\WINDOWS\System32\USER32.dll
0x00007ffba5790000 - 0x00007ffba57b0000 	C:\WINDOWS\System32\win32u.dll
0x00007ffba67e0000 - 0x00007ffba6808000 	C:\WINDOWS\System32\GDI32.dll
0x00007ffba6530000 - 0x00007ffba66c2000 	C:\WINDOWS\System32\gdi32full.dll
0x00007ffba5fd0000 - 0x00007ffba606f000 	C:\WINDOWS\System32\msvcp_win.dll
0x00007ffba66d0000 - 0x00007ffba67ca000 	C:\WINDOWS\System32\ucrtbase.dll
0x00007ffb93ad0000 - 0x00007ffb93d39000 	C:\WINDOWS\WinSxS\amd64_microsoft.windows.common-controls_6595b64144ccf1df_6.0.17134.48_none_b4b2216a3cb4dd3e\COMCTL32.dll
0x00007ffba6810000 - 0x00007ffba6b33000 	C:\WINDOWS\System32\combase.dll
0x00007ffba5710000 - 0x00007ffba578a000 	C:\WINDOWS\System32\bcryptPrimitives.dll
0x00007ffba9090000 - 0x00007ffba90bd000 	C:\WINDOWS\System32\IMM32.DLL
0x0000000067b70000 - 0x0000000067c42000 	C:\Program Files\Android\Android Studio\jre\jre\bin\msvcr100.dll
0x0000000067020000 - 0x000000006785e000 	C:\Program Files\Android\Android Studio\jre\jre\bin\server\jvm.dll
0x00007ffba91d0000 - 0x00007ffba91d8000 	C:\WINDOWS\System32\PSAPI.DLL
0x00007ffb9d7c0000 - 0x00007ffb9d7ca000 	C:\WINDOWS\SYSTEM32\VERSION.dll
0x00007ffb95780000 - 0x00007ffb957a3000 	C:\WINDOWS\SYSTEM32\WINMM.dll
0x00007ffb95570000 - 0x00007ffb9559a000 	C:\WINDOWS\SYSTEM32\winmmbase.dll
0x00007ffba64e0000 - 0x00007ffba6529000 	C:\WINDOWS\System32\cfgmgr32.dll
0x00007ffba39e0000 - 0x00007ffba39e9000 	C:\WINDOWS\SYSTEM32\WSOCK32.dll
0x00007ffba7510000 - 0x00007ffba757c000 	C:\WINDOWS\System32\ws2_32.DLL
0x00007ffba0860000 - 0x00007ffba086f000 	C:\Program Files\Android\Android Studio\jre\jre\bin\verify.dll
0x00007ffb9d7f0000 - 0x00007ffb9d819000 	C:\Program Files\Android\Android Studio\jre\jre\bin\java.dll
0x00007ffba0840000 - 0x00007ffba0856000 	C:\Program Files\Android\Android Studio\jre\jre\bin\zip.dll
0x00007ffba7c50000 - 0x00007ffba9090000 	C:\WINDOWS\System32\SHELL32.dll
0x00007ffba9120000 - 0x00007ffba91c9000 	C:\WINDOWS\System32\shcore.dll
0x00007ffba58c0000 - 0x00007ffba5fcd000 	C:\WINDOWS\System32\windows.storage.dll
0x00007ffba90c0000 - 0x00007ffba9111000 	C:\WINDOWS\System32\shlwapi.dll
0x00007ffba5680000 - 0x00007ffba5691000 	C:\WINDOWS\System32\kernel.appcore.dll
0x00007ffba56f0000 - 0x00007ffba570f000 	C:\WINDOWS\System32\profapi.dll
0x00007ffba56a0000 - 0x00007ffba56ec000 	C:\WINDOWS\System32\powrprof.dll
0x00007ffba5650000 - 0x00007ffba565a000 	C:\WINDOWS\System32\FLTLIB.DLL
0x00007ffba5080000 - 0x00007ffba5097000 	C:\WINDOWS\SYSTEM32\CRYPTSP.dll
0x00007ffba4ab0000 - 0x00007ffba4ae3000 	C:\WINDOWS\system32\rsaenh.dll
0x00007ffba51b0000 - 0x00007ffba51d5000 	C:\WINDOWS\SYSTEM32\bcrypt.dll
0x00007ffba5580000 - 0x00007ffba55a8000 	C:\WINDOWS\SYSTEM32\USERENV.dll
0x00007ffba50a0000 - 0x00007ffba50ab000 	C:\WINDOWS\SYSTEM32\CRYPTBASE.dll
0x00007ffb9e480000 - 0x00007ffb9e49a000 	C:\Program Files\Android\Android Studio\jre\jre\bin\net.dll
0x00007ffba4ed0000 - 0x00007ffba4f36000 	C:\WINDOWS\system32\mswsock.dll
0x00007ffba4c50000 - 0x00007ffba4c88000 	C:\WINDOWS\SYSTEM32\IPHLPAPI.DLL
0x00007ffba7430000 - 0x00007ffba7438000 	C:\WINDOWS\System32\NSI.dll
0x00007ffb9a1f0000 - 0x00007ffb9a206000 	C:\WINDOWS\SYSTEM32\dhcpcsvc6.DLL
0x00007ffb9a120000 - 0x00007ffb9a13a000 	C:\WINDOWS\SYSTEM32\dhcpcsvc.DLL
0x00007ffb9d970000 - 0x00007ffb9d981000 	C:\Program Files\Android\Android Studio\jre\jre\bin\nio.dll

VM Arguments:
jvm_args: -Djava.awt.headless=true -Xmx64M -Dfile.encoding=x-windows-949 -Duser.country=KR -Duser.language=ko -Duser.variant 
java_command: com.google.devtools.build.android.desugar.Desugar @D:\test\app\build\intermediates\tmp\desugar_args4071809684049014796
java_class_path (initial): C:\Users\Goo\AppData\Local\Temp\desugar_deploy.jar7068671870238761673
Launcher Type: SUN_STANDARD

Environment Variables:
PATH=C:\ProgramData\Oracle\Java\javapath;C:\WINDOWS\system32;C:\WINDOWS;C:\WINDOWS\System32\Wbem;C:\WINDOWS\System32\WindowsPowerShell\v1.0\;C:\OpenSSL;;C:\WINDOWS\System32\OpenSSH\;C:\Users\Goo\AppData\Local\Microsoft\WindowsApps;
USERNAME=Goo
OS=Windows_NT
PROCESSOR_IDENTIFIER=Intel64 Family 6 Model 158 Stepping 9, GenuineIntel



---------------  S Y S T E M  ---------------

OS: Windows 10.0 , 64 bit Build 17134 (10.0.17134.1)

CPU:total 8 (initial active 8) (4 cores per cpu, 2 threads per core) family 6 model 158 stepping 9, cmov, cx8, fxsr, mmx, sse, sse2, sse3, ssse3, sse4.1, sse4.2, popcnt, avx, avx2, aes, clmul, erms, 3dnowpref, lzcnt, ht, tsc, tscinvbit, bmi1, bmi2, adx

Memory: 4k page, physical 16692940k(4626380k free), swap 16692940k(3352k free)

vm_info: OpenJDK 64-Bit Server VM (25.152-b01) for windows-amd64 JRE (1.8.0_152-release-915-b01), built by "builder" with MS VC++ 10.0 (VS2010)

time: Wed May 23 19:36:13 2018
elapsed time: 1 seconds (0d 0h 0m 1s)

