#
# There is insufficient memory for the Java Runtime Environment to continue.
# Native memory allocation (malloc) failed to allocate 32744 bytes for ChunkPool::allocate
# Possible reasons:
#   The system is out of physical RAM or swap space
#   In 32 bit mode, the process size limit was hit
# Possible solutions:
#   Reduce memory load on the system
#   Increase physical memory or swap space
#   Check if swap backing store is full
#   Use 64 bit Java on a 64 bit OS
#   Decrease Java heap size (-Xmx/-Xms)
#   Decrease number of Java threads
#   Decrease Java thread stack sizes (-Xss)
#   Set larger code cache with -XX:ReservedCodeCacheSize=
# This output file may be truncated or incomplete.
#
#  Out of Memory Error (allocation.cpp:273), pid=10660, tid=0x00000000000024ac
#
# JRE version: OpenJDK Runtime Environment (8.0_152-b01) (build 1.8.0_152-release-915-b01)
# Java VM: OpenJDK 64-Bit Server VM (25.152-b01 mixed mode windows-amd64 compressed oops)
# Failed to write core dump. Minidumps are not enabled by default on client versions of Windows
#

---------------  T H R E A D  ---------------

Current thread (0x00000000159f4000):  JavaThread "C2 CompilerThread2" daemon [_thread_in_native, id=9388, stack(0x0000000016260000,0x0000000016360000)]

Stack: [0x0000000016260000,0x0000000016360000]
[error occurred during error reporting (printing stack bounds), id 0xc0000005]

Native frames: (J=compiled Java code, j=interpreted, Vv=VM code, C=native code)


Current CompileTask:
C2:   2521 1060       4       org.objectweb.asm.tree.MethodNode::visitLineNumber (21 bytes)


---------------  P R O C E S S  ---------------

Java Threads: ( => current thread )
  0x0000000015a5d000 JavaThread "Service Thread" daemon [_thread_blocked, id=14052, stack(0x0000000016460000,0x0000000016560000)]
  0x0000000015a0a000 JavaThread "C1 CompilerThread3" daemon [_thread_blocked, id=8628, stack(0x0000000016360000,0x0000000016460000)]
=>0x00000000159f4000 JavaThread "C2 CompilerThread2" daemon [_thread_in_native, id=9388, stack(0x0000000016260000,0x0000000016360000)]
  0x00000000159f1000 JavaThread "C2 CompilerThread1" daemon [_thread_in_native, id=13300, stack(0x0000000016160000,0x0000000016260000)]
  0x00000000159f0000 JavaThread "C2 CompilerThread0" daemon [_thread_in_native, id=6972, stack(0x0000000016060000,0x0000000016160000)]
  0x00000000159ee800 JavaThread "Attach Listener" daemon [_thread_blocked, id=12132, stack(0x0000000015f60000,0x0000000016060000)]
  0x000000001599d800 JavaThread "Signal Dispatcher" daemon [_thread_blocked, id=7176, stack(0x0000000015e60000,0x0000000015f60000)]
  0x0000000015980800 JavaThread "Finalizer" daemon [_thread_blocked, id=14008, stack(0x0000000015d60000,0x0000000015e60000)]
  0x00000000032c8000 JavaThread "Reference Handler" daemon [_thread_blocked, id=6684, stack(0x0000000015860000,0x0000000015960000)]
  0x0000000002fcd800 JavaThread "main" [_thread_in_Java, id=6956, stack(0x00000000030d0000,0x00000000031d0000)]

Other Threads:
  0x0000000013a75800 VMThread [stack: 0x0000000015760000,0x0000000015860000] [id=6496]
  0x0000000015a5d800 WatcherThread [stack: 0x0000000016560000,0x0000000016660000] [id=7012]

VM state:not at safepoint (normal execution)

VM Mutex/Monitor currently owned by a thread: None

Heap:
 PSYoungGen      total 18944K, used 17474K [0x00000000feb00000, 0x0000000100000000, 0x0000000100000000)
  eden space 16384K, 91% used [0x00000000feb00000,0x00000000ff993dd8,0x00000000ffb00000)
  from space 2560K, 99% used [0x00000000ffd80000,0x00000000ffffce20,0x0000000100000000)
  to   space 2560K, 0% used [0x00000000ffb00000,0x00000000ffb00000,0x00000000ffd80000)
 ParOldGen       total 44032K, used 5884K [0x00000000fc000000, 0x00000000feb00000, 0x00000000feb00000)
  object space 44032K, 13% used [0x00000000fc000000,0x00000000fc5bf008,0x00000000feb00000)
 Metaspace       used 7700K, capacity 7854K, committed 7936K, reserved 1056768K
  class space    used 875K, capacity 957K, committed 1024K, reserved 1048576K

Card table byte_map: [0x0000000002b30000,0x0000000002b60000] byte_map_base: 0x0000000002350000

Marking Bits: (ParMarkBitMap*) 0x00000000673d3950
 Begin Bits: [0x0000000012e90000, 0x0000000012f90000)
 End Bits:   [0x0000000012f90000, 0x0000000013090000)

Polling page: 0x00000000012d0000

CodeCache: size=245760Kb used=3923Kb max_used=3934Kb free=241836Kb
 bounds [0x00000000032d0000, 0x00000000036b0000, 0x00000000122d0000]
 total_blobs=1391 nmethods=1057 adapters=248
 compilation: enabled

Compilation events (10 events):
Event: 2.316 Thread 0x00000000159f0000 nmethod 1012 0x00000000036a0190 code [0x00000000036a04e0, 0x00000000036a2bf8]
Event: 2.316 Thread 0x00000000159f0000 1032       4       com.google.common.base.Preconditions::checkNotNull (14 bytes)
Event: 2.317 Thread 0x00000000159f0000 nmethod 1032 0x00000000035c1cd0 code [0x00000000035c1e00, 0x00000000035c1e58]
Event: 2.317 Thread 0x00000000159f0000 1021       4       org.objectweb.asm.MethodWriter::a (38 bytes)
Event: 2.318 Thread 0x00000000159f0000 nmethod 1021 0x000000000369b090 code [0x000000000369b1e0, 0x000000000369b2f8]
Event: 2.340 Thread 0x00000000159f4000 nmethod 1029 0x00000000036a7010 code [0x00000000036a7320, 0x00000000036a9498]
Event: 2.515 Thread 0x0000000015a0a000 1058       3       java.util.LinkedHashMap$LinkedHashIterator::hasNext (13 bytes)
Event: 2.516 Thread 0x0000000015a0a000 nmethod 1058 0x000000000369ad10 code [0x000000000369ae60, 0x000000000369b010]
Event: 2.518 Thread 0x00000000159f0000 1059       4       org.objectweb.asm.MethodWriter::visitMaxs (1146 bytes)
Event: 2.519 Thread 0x00000000159f4000 1060       4       org.objectweb.asm.tree.MethodNode::visitLineNumber (21 bytes)

GC Heap History (4 events):
Event: 1.053 GC heap before
{Heap before GC invocations=1 (full 0):
 PSYoungGen      total 18944K, used 16384K [0x00000000feb00000, 0x0000000100000000, 0x0000000100000000)
  eden space 16384K, 100% used [0x00000000feb00000,0x00000000ffb00000,0x00000000ffb00000)
  from space 2560K, 0% used [0x00000000ffd80000,0x00000000ffd80000,0x0000000100000000)
  to   space 2560K, 0% used [0x00000000ffb00000,0x00000000ffb00000,0x00000000ffd80000)
 ParOldGen       total 44032K, used 0K [0x00000000fc000000, 0x00000000feb00000, 0x00000000feb00000)
  object space 44032K, 0% used [0x00000000fc000000,0x00000000fc000000,0x00000000feb00000)
 Metaspace       used 6633K, capacity 6812K, committed 7040K, reserved 1056768K
  class space    used 774K, capacity 824K, committed 896K, reserved 1048576K
Event: 1.074 GC heap after
Heap after GC invocations=1 (full 0):
 PSYoungGen      total 18944K, used 2553K [0x00000000feb00000, 0x0000000100000000, 0x0000000100000000)
  eden space 16384K, 0% used [0x00000000feb00000,0x00000000feb00000,0x00000000ffb00000)
  from space 2560K, 99% used [0x00000000ffb00000,0x00000000ffd7e630,0x00000000ffd80000)
  to   space 2560K, 0% used [0x00000000ffd80000,0x00000000ffd80000,0x0000000100000000)
 ParOldGen       total 44032K, used 1478K [0x00000000fc000000, 0x00000000feb00000, 0x00000000feb00000)
  object space 44032K, 3% used [0x00000000fc000000,0x00000000fc171b20,0x00000000feb00000)
 Metaspace       used 6633K, capacity 6812K, committed 7040K, reserved 1056768K
  class space    used 774K, capacity 824K, committed 896K, reserved 1048576K
}
Event: 1.463 GC heap before
{Heap before GC invocations=2 (full 0):
 PSYoungGen      total 18944K, used 18937K [0x00000000feb00000, 0x0000000100000000, 0x0000000100000000)
  eden space 16384K, 100% used [0x00000000feb00000,0x00000000ffb00000,0x00000000ffb00000)
  from space 2560K, 99% used [0x00000000ffb00000,0x00000000ffd7e630,0x00000000ffd80000)
  to   space 2560K, 0% used [0x00000000ffd80000,0x00000000ffd80000,0x0000000100000000)
 ParOldGen       total 44032K, used 1478K [0x00000000fc000000, 0x00000000feb00000, 0x00000000feb00000)
  object space 44032K, 3% used [0x00000000fc000000,0x00000000fc171b20,0x00000000feb00000)
 Metaspace       used 6975K, capacity 7118K, committed 7296K, reserved 1056768K
  class space    used 816K, capacity 861K, committed 896K, reserved 1048576K
Event: 1.527 GC heap after
Heap after GC invocations=2 (full 0):
 PSYoungGen      total 18944K, used 2547K [0x00000000feb00000, 0x0000000100000000, 0x0000000100000000)
  eden space 16384K, 0% used [0x00000000feb00000,0x00000000feb00000,0x00000000ffb00000)
  from space 2560K, 99% used [0x00000000ffd80000,0x00000000ffffce20,0x0000000100000000)
  to   space 2560K, 0% used [0x00000000ffb00000,0x00000000ffb00000,0x00000000ffd80000)
 ParOldGen       total 44032K, used 5884K [0x00000000fc000000, 0x00000000feb00000, 0x00000000feb00000)
  object space 44032K, 13% used [0x00000000fc000000,0x00000000fc5bf008,0x00000000feb00000)
 Metaspace       used 6975K, capacity 7118K, committed 7296K, reserved 1056768K
  class space    used 816K, capacity 861K, committed 896K, reserved 1048576K
}

Deoptimization events (10 events):
Event: 0.983 Thread 0x0000000002fcd800 Uncommon trap: reason=unstable_if action=reinterpret pc=0x000000000350b318 method=java.util.zip.ZipEntry.setExtra0([BZ)V @ 1
Event: 0.985 Thread 0x0000000002fcd800 Uncommon trap: reason=unstable_if action=reinterpret pc=0x0000000003516c88 method=java.util.zip.ZipFile$ZipEntryIterator.hasNext()Z @ 25
Event: 0.986 Thread 0x0000000002fcd800 Uncommon trap: reason=unstable_if action=reinterpret pc=0x000000000350f4c0 method=java.util.zip.ZipCoder.decoder()Ljava/nio/charset/CharsetDecoder; @ 4
Event: 0.987 Thread 0x0000000002fcd800 Uncommon trap: reason=unstable_if action=reinterpret pc=0x000000000350fd5c method=java.util.zip.ZipFile$ZipEntryIterator.hasNext()Z @ 25
Event: 1.116 Thread 0x0000000002fcd800 Uncommon trap: reason=unstable_if action=reinterpret pc=0x000000000352a2c0 method=java.util.zip.ZipCoder.decoder()Ljava/nio/charset/CharsetDecoder; @ 4
Event: 1.116 Thread 0x0000000002fcd800 Uncommon trap: reason=unstable_if action=reinterpret pc=0x00000000035202f8 method=java.util.zip.ZipCoder.decoder()Ljava/nio/charset/CharsetDecoder; @ 4
Event: 1.117 Thread 0x0000000002fcd800 Uncommon trap: reason=unstable_if action=reinterpret pc=0x000000000351deec method=java.util.zip.ZipCoder.decoder()Ljava/nio/charset/CharsetDecoder; @ 4
Event: 1.427 Thread 0x0000000002fcd800 Uncommon trap: reason=unloaded action=reinterpret pc=0x000000000351befc method=java.util.zip.ZipEntry.setExtra0([BZ)V @ 37
Event: 1.671 Thread 0x0000000002fcd800 Uncommon trap: reason=unstable_if action=reinterpret pc=0x0000000003464ab8 method=java.lang.String.<init>([CII)V @ 18
Event: 1.716 Thread 0x0000000002fcd800 Uncommon trap: reason=unstable_if action=reinterpret pc=0x00000000035c13a8 method=org.objectweb.asm.ClassReader.readUTF8(I[C)Ljava/lang/String; @ 11

Classes redefined (0 events):
No events

Internal exceptions (10 events):
Event: 1.265 Thread 0x0000000002fcd800 Exception <a 'sun/nio/fs/WindowsException'> (0x00000000ff27f478) thrown at [D:\src\AOSP-openjdk-cygwin\jdk8u\hotspot\src\share\vm\prims\jni.cpp, line 709]
Event: 1.283 Thread 0x0000000002fcd800 Exception <a 'sun/nio/fs/WindowsException'> (0x00000000ff2847b8) thrown at [D:\src\AOSP-openjdk-cygwin\jdk8u\hotspot\src\share\vm\prims\jni.cpp, line 709]
Event: 1.537 Thread 0x0000000002fcd800 Exception <a 'sun/nio/fs/WindowsException'> (0x00000000febeff60) thrown at [D:\src\AOSP-openjdk-cygwin\jdk8u\hotspot\src\share\vm\prims\jni.cpp, line 709]
Event: 1.537 Thread 0x0000000002fcd800 Exception <a 'sun/nio/fs/WindowsException'> (0x00000000febf04b8) thrown at [D:\src\AOSP-openjdk-cygwin\jdk8u\hotspot\src\share\vm\prims\jni.cpp, line 709]
Event: 1.580 Thread 0x0000000002fcd800 Exception <a 'sun/nio/fs/WindowsException'> (0x00000000febfbcb8) thrown at [D:\src\AOSP-openjdk-cygwin\jdk8u\hotspot\src\share\vm\prims\jni.cpp, line 709]
Event: 1.580 Thread 0x0000000002fcd800 Exception <a 'sun/nio/fs/WindowsException'> (0x00000000febfc190) thrown at [D:\src\AOSP-openjdk-cygwin\jdk8u\hotspot\src\share\vm\prims\jni.cpp, line 709]
Event: 1.704 Thread 0x0000000002fcd800 Exception <a 'sun/nio/fs/WindowsException'> (0x00000000fedf9178) thrown at [D:\src\AOSP-openjdk-cygwin\jdk8u\hotspot\src\share\vm\prims\jni.cpp, line 709]
Event: 1.708 Thread 0x0000000002fcd800 Exception <a 'sun/nio/fs/WindowsException'> (0x00000000fedf9650) thrown at [D:\src\AOSP-openjdk-cygwin\jdk8u\hotspot\src\share\vm\prims\jni.cpp, line 709]
Event: 2.516 Thread 0x0000000002fcd800 Exception <a 'sun/nio/fs/WindowsException'> (0x00000000ff903268) thrown at [D:\src\AOSP-openjdk-cygwin\jdk8u\hotspot\src\share\vm\prims\jni.cpp, line 709]
Event: 2.516 Thread 0x0000000002fcd800 Exception <a 'sun/nio/fs/WindowsException'> (0x00000000ff903740) thrown at [D:\src\AOSP-openjdk-cygwin\jdk8u\hotspot\src\share\vm\prims\jni.cpp, line 709]

Events (10 events):
Event: 1.671 Thread 0x0000000002fcd800 Uncommon trap: trap_request=0xffffff65 fr.pc=0x0000000003464ab8
Event: 1.671 Thread 0x0000000002fcd800 DEOPT PACKING pc=0x0000000003464ab8 sp=0x00000000031ce9c0
Event: 1.671 Thread 0x0000000002fcd800 DEOPT UNPACKING pc=0x000000000331556a sp=0x00000000031ce988 mode 2
Event: 1.715 loading class org/objectweb/asm/tree/LocalVariableNode
Event: 1.715 loading class org/objectweb/asm/tree/LocalVariableNode done
Event: 1.716 Thread 0x0000000002fcd800 Uncommon trap: trap_request=0xffffff65 fr.pc=0x00000000035c13a8
Event: 1.716 Thread 0x0000000002fcd800 DEOPT PACKING pc=0x00000000035c13a8 sp=0x00000000031ceda0
Event: 1.716 Thread 0x0000000002fcd800 DEOPT UNPACKING pc=0x000000000331556a sp=0x00000000031ced98 mode 2
Event: 2.242 Executing VM operation: ForceSafepoint
Event: 2.242 Executing VM operation: ForceSafepoint done


Dynamic libraries:
0x00007ff6c8c60000 - 0x00007ff6c8c91000 	C:\Program Files\Android\Android Studio\jre\bin\java.exe
0x00007ffba9340000 - 0x00007ffba9521000 	C:\WINDOWS\SYSTEM32\ntdll.dll
0x00007ffba6ca0000 - 0x00007ffba6d52000 	C:\WINDOWS\System32\KERNEL32.DLL
0x00007ffba6070000 - 0x00007ffba62e3000 	C:\WINDOWS\System32\KERNELBASE.dll
0x00007ffba9260000 - 0x00007ffba9301000 	C:\WINDOWS\System32\ADVAPI32.dll
0x00007ffba77b0000 - 0x00007ffba784e000 	C:\WINDOWS\System32\msvcrt.dll
0x00007ffba71b0000 - 0x00007ffba720b000 	C:\WINDOWS\System32\sechost.dll
0x00007ffba7580000 - 0x00007ffba76a4000 	C:\WINDOWS\System32\RPCRT4.dll
0x00007ffba7ac0000 - 0x00007ffba7c50000 	C:\WINDOWS\System32\USER32.dll
0x00007ffba5790000 - 0x00007ffba57b0000 	C:\WINDOWS\System32\win32u.dll
0x00007ffba67e0000 - 0x00007ffba6808000 	C:\WINDOWS\System32\GDI32.dll
0x00007ffba6530000 - 0x00007ffba66c2000 	C:\WINDOWS\System32\gdi32full.dll
0x00007ffba5fd0000 - 0x00007ffba606f000 	C:\WINDOWS\System32\msvcp_win.dll
0x00007ffba66d0000 - 0x00007ffba67ca000 	C:\WINDOWS\System32\ucrtbase.dll
0x00007ffb93ad0000 - 0x00007ffb93d39000 	C:\WINDOWS\WinSxS\amd64_microsoft.windows.common-controls_6595b64144ccf1df_6.0.17134.48_none_b4b2216a3cb4dd3e\COMCTL32.dll
0x00007ffba6810000 - 0x00007ffba6b33000 	C:\WINDOWS\System32\combase.dll
0x00007ffba5710000 - 0x00007ffba578a000 	C:\WINDOWS\System32\bcryptPrimitives.dll
0x00007ffba9090000 - 0x00007ffba90bd000 	C:\WINDOWS\System32\IMM32.DLL
0x0000000069530000 - 0x0000000069602000 	C:\Program Files\Android\Android Studio\jre\jre\bin\msvcr100.dll
0x0000000066c10000 - 0x000000006744e000 	C:\Program Files\Android\Android Studio\jre\jre\bin\server\jvm.dll
0x00007ffba91d0000 - 0x00007ffba91d8000 	C:\WINDOWS\System32\PSAPI.DLL
0x00007ffba1d20000 - 0x00007ffba1d29000 	C:\WINDOWS\SYSTEM32\WSOCK32.dll
0x00007ffba7510000 - 0x00007ffba757c000 	C:\WINDOWS\System32\WS2_32.dll
0x00007ffb95780000 - 0x00007ffb957a3000 	C:\WINDOWS\SYSTEM32\WINMM.dll
0x00007ffb9d7c0000 - 0x00007ffb9d7ca000 	C:\WINDOWS\SYSTEM32\VERSION.dll
0x00007ffb95570000 - 0x00007ffb9559a000 	C:\WINDOWS\SYSTEM32\WINMMBASE.dll
0x00007ffba64e0000 - 0x00007ffba6529000 	C:\WINDOWS\System32\cfgmgr32.dll
0x00007ffba1d30000 - 0x00007ffba1d3f000 	C:\Program Files\Android\Android Studio\jre\jre\bin\verify.dll
0x00007ffba1b00000 - 0x00007ffba1b29000 	C:\Program Files\Android\Android Studio\jre\jre\bin\java.dll
0x00007ffb9f450000 - 0x00007ffb9f466000 	C:\Program Files\Android\Android Studio\jre\jre\bin\zip.dll
0x00007ffba7c50000 - 0x00007ffba9090000 	C:\WINDOWS\System32\SHELL32.dll
0x00007ffba9120000 - 0x00007ffba91c9000 	C:\WINDOWS\System32\shcore.dll
0x00007ffba58c0000 - 0x00007ffba5fcd000 	C:\WINDOWS\System32\windows.storage.dll
0x00007ffba90c0000 - 0x00007ffba9111000 	C:\WINDOWS\System32\shlwapi.dll
0x00007ffba5680000 - 0x00007ffba5691000 	C:\WINDOWS\System32\kernel.appcore.dll
0x00007ffba56f0000 - 0x00007ffba570f000 	C:\WINDOWS\System32\profapi.dll
0x00007ffba56a0000 - 0x00007ffba56ec000 	C:\WINDOWS\System32\powrprof.dll
0x00007ffba5650000 - 0x00007ffba565a000 	C:\WINDOWS\System32\FLTLIB.DLL
0x00007ffba5080000 - 0x00007ffba5097000 	C:\WINDOWS\SYSTEM32\CRYPTSP.dll
0x00007ffba4ab0000 - 0x00007ffba4ae3000 	C:\WINDOWS\system32\rsaenh.dll
0x00007ffba51b0000 - 0x00007ffba51d5000 	C:\WINDOWS\SYSTEM32\bcrypt.dll
0x00007ffba5580000 - 0x00007ffba55a8000 	C:\WINDOWS\SYSTEM32\USERENV.dll
0x00007ffba50a0000 - 0x00007ffba50ab000 	C:\WINDOWS\SYSTEM32\CRYPTBASE.dll
0x00007ffb9f430000 - 0x00007ffb9f44a000 	C:\Program Files\Android\Android Studio\jre\jre\bin\net.dll
0x00007ffba4ed0000 - 0x00007ffba4f36000 	C:\WINDOWS\system32\mswsock.dll
0x00007ffba4c50000 - 0x00007ffba4c88000 	C:\WINDOWS\SYSTEM32\IPHLPAPI.DLL
0x00007ffba7430000 - 0x00007ffba7438000 	C:\WINDOWS\System32\NSI.dll
0x00007ffb9a1f0000 - 0x00007ffb9a206000 	C:\WINDOWS\SYSTEM32\dhcpcsvc6.DLL
0x00007ffb9a120000 - 0x00007ffb9a13a000 	C:\WINDOWS\SYSTEM32\dhcpcsvc.DLL
0x00007ffb9f410000 - 0x00007ffb9f421000 	C:\Program Files\Android\Android Studio\jre\jre\bin\nio.dll

VM Arguments:
jvm_args: -Djava.awt.headless=true -Xmx64M -Dfile.encoding=x-windows-949 -Duser.country=KR -Duser.language=ko -Duser.variant 
java_command: com.google.devtools.build.android.desugar.Desugar @D:\test\app\build\intermediates\tmp\desugar_args1470670778371369595
java_class_path (initial): C:\Users\Goo\AppData\Local\Temp\desugar_deploy.jar6166084629044052758
Launcher Type: SUN_STANDARD

Environment Variables:
PATH=C:\ProgramData\Oracle\Java\javapath;C:\WINDOWS\system32;C:\WINDOWS;C:\WINDOWS\System32\Wbem;C:\WINDOWS\System32\WindowsPowerShell\v1.0\;C:\OpenSSL;;C:\WINDOWS\System32\OpenSSH\;C:\Users\Goo\AppData\Local\Microsoft\WindowsApps;
USERNAME=Goo
OS=Windows_NT
PROCESSOR_IDENTIFIER=Intel64 Family 6 Model 158 Stepping 9, GenuineIntel



---------------  S Y S T E M  ---------------

OS: Windows 10.0 , 64 bit Build 17134 (10.0.17134.1)

CPU:total 8 (initial active 8) (4 cores per cpu, 2 threads per core) family 6 model 158 stepping 9, cmov, cx8, fxsr, mmx, sse, sse2, sse3, ssse3, sse4.1, sse4.2, popcnt, avx, avx2, aes, clmul, erms, 3dnowpref, lzcnt, ht, tsc, tscinvbit, bmi1, bmi2, adx

Memory: 4k page, physical 16692940k(3563876k free), swap 16692940k(5116k free)

vm_info: OpenJDK 64-Bit Server VM (25.152-b01) for windows-amd64 JRE (1.8.0_152-release-915-b01), built by "builder" with MS VC++ 10.0 (VS2010)

time: Sun May 27 19:06:35 2018
elapsed time: 2 seconds (0d 0h 0m 2s)

