#
# There is insufficient memory for the Java Runtime Environment to continue.
# Native memory allocation (malloc) failed to allocate 50256 bytes for Chunk::new
# Possible reasons:
#   The system is out of physical RAM or swap space
#   In 32 bit mode, the process size limit was hit
# Possible solutions:
#   Reduce memory load on the system
#   Increase physical memory or swap space
#   Check if swap backing store is full
#   Use 64 bit Java on a 64 bit OS
#   Decrease Java heap size (-Xmx/-Xms)
#   Decrease number of Java threads
#   Decrease Java thread stack sizes (-Xss)
#   Set larger code cache with -XX:ReservedCodeCacheSize=
# This output file may be truncated or incomplete.
#
#  Out of Memory Error (allocation.cpp:390), pid=2360, tid=0x0000000000002de4
#
# JRE version: OpenJDK Runtime Environment (8.0_152-b01) (build 1.8.0_152-release-915-b01)
# Java VM: OpenJDK 64-Bit Server VM (25.152-b01 mixed mode windows-amd64 compressed oops)
# Failed to write core dump. Minidumps are not enabled by default on client versions of Windows
#

---------------  T H R E A D  ---------------

Current thread (0x000000001535c000):  JavaThread "C2 CompilerThread1" daemon [_thread_in_native, id=11748, stack(0x0000000015ad0000,0x0000000015bd0000)]

Stack: [0x0000000015ad0000,0x0000000015bd0000]
[error occurred during error reporting (printing stack bounds), id 0xc0000005]

Native frames: (J=compiled Java code, j=interpreted, Vv=VM code, C=native code)


Current CompileTask:
C2:   2528  891       4       org.objectweb.asm.ClassReader::a (3587 bytes)


---------------  P R O C E S S  ---------------

Java Threads: ( => current thread )
  0x00000000153e7000 JavaThread "Service Thread" daemon [_thread_blocked, id=10936, stack(0x0000000015dd0000,0x0000000015ed0000)]
  0x0000000015365000 JavaThread "C1 CompilerThread3" daemon [_thread_blocked, id=9096, stack(0x0000000015cd0000,0x0000000015dd0000)]
  0x0000000015361000 JavaThread "C2 CompilerThread2" daemon [_thread_blocked, id=9768, stack(0x0000000015bd0000,0x0000000015cd0000)]
=>0x000000001535c000 JavaThread "C2 CompilerThread1" daemon [_thread_in_native, id=11748, stack(0x0000000015ad0000,0x0000000015bd0000)]
  0x0000000015359000 JavaThread "C2 CompilerThread0" daemon [_thread_blocked, id=564, stack(0x00000000159d0000,0x0000000015ad0000)]
  0x000000001530a000 JavaThread "Attach Listener" daemon [_thread_blocked, id=952, stack(0x00000000158d0000,0x00000000159d0000)]
  0x0000000015358800 JavaThread "Signal Dispatcher" daemon [_thread_blocked, id=11348, stack(0x00000000157d0000,0x00000000158d0000)]
  0x00000000152f0800 JavaThread "Finalizer" daemon [_thread_blocked, id=12296, stack(0x00000000156d0000,0x00000000157d0000)]
  0x0000000002c57800 JavaThread "Reference Handler" daemon [_thread_blocked, id=8420, stack(0x00000000151d0000,0x00000000152d0000)]
  0x000000000252d800 JavaThread "main" [_thread_in_native, id=1136, stack(0x0000000002a60000,0x0000000002b60000)]

Other Threads:
  0x0000000013405800 VMThread [stack: 0x00000000150d0000,0x00000000151d0000] [id=11520]
  0x00000000153e8000 WatcherThread [stack: 0x0000000015ed0000,0x0000000015fd0000] [id=11168]

VM state:not at safepoint (normal execution)

VM Mutex/Monitor currently owned by a thread: None

Heap:
 PSYoungGen      total 18944K, used 9090K [0x00000000feb00000, 0x0000000100000000, 0x0000000100000000)
  eden space 16384K, 39% used [0x00000000feb00000,0x00000000ff1645b0,0x00000000ffb00000)
  from space 2560K, 99% used [0x00000000ffd80000,0x00000000ffffc330,0x0000000100000000)
  to   space 2560K, 0% used [0x00000000ffb00000,0x00000000ffb00000,0x00000000ffd80000)
 ParOldGen       total 44032K, used 6045K [0x00000000fc000000, 0x00000000feb00000, 0x00000000feb00000)
  object space 44032K, 13% used [0x00000000fc000000,0x00000000fc5e7460,0x00000000feb00000)
 Metaspace       used 7644K, capacity 7850K, committed 7936K, reserved 1056768K
  class space    used 875K, capacity 957K, committed 1024K, reserved 1048576K

Card table byte_map: [0x0000000002450000,0x0000000002480000] byte_map_base: 0x0000000001c70000

Marking Bits: (ParMarkBitMap*) 0x00000000673d3950
 Begin Bits: [0x0000000012820000, 0x0000000012920000)
 End Bits:   [0x0000000012920000, 0x0000000012a20000)

Polling page: 0x00000000007f0000

CodeCache: size=245760Kb used=3621Kb max_used=3631Kb free=242139Kb
 bounds [0x0000000002c60000, 0x0000000002ff0000, 0x0000000011c60000]
 total_blobs=1278 nmethods=944 adapters=248
 compilation: enabled

Compilation events (10 events):
Event: 2.025 Thread 0x0000000015365000  940       3       java.util.AbstractSet::<init> (5 bytes)
Event: 2.025 Thread 0x0000000015365000 nmethod 940 0x0000000002fe92d0 code [0x0000000002fe9440, 0x0000000002fe9650]
Event: 2.033 Thread 0x0000000015359000  942  s    4       java.io.BufferedOutputStream::write (35 bytes)
Event: 2.033 Thread 0x0000000015365000  943       1       java.nio.Buffer::capacity (5 bytes)
Event: 2.033 Thread 0x0000000015365000 nmethod 943 0x0000000002fd3b50 code [0x0000000002fd3ca0, 0x0000000002fd3db0]
Event: 2.033 Thread 0x0000000015365000  944  s    3       java.io.BufferedOutputStream::write (67 bytes)
Event: 2.033 Thread 0x0000000015365000 nmethod 944 0x0000000002fe9710 code [0x0000000002fe98e0, 0x0000000002fea138]
Event: 2.034 Thread 0x0000000015359000 nmethod 942 0x0000000002fed290 code [0x0000000002fed3e0, 0x0000000002fed658]
Event: 2.174 Thread 0x0000000015365000  945       3       java.util.LinkedHashMap$LinkedHashIterator::hasNext (13 bytes)
Event: 2.175 Thread 0x0000000015365000 nmethod 945 0x0000000002fecf10 code [0x0000000002fed060, 0x0000000002fed210]

GC Heap History (4 events):
Event: 0.976 GC heap before
{Heap before GC invocations=1 (full 0):
 PSYoungGen      total 18944K, used 16384K [0x00000000feb00000, 0x0000000100000000, 0x0000000100000000)
  eden space 16384K, 100% used [0x00000000feb00000,0x00000000ffb00000,0x00000000ffb00000)
  from space 2560K, 0% used [0x00000000ffd80000,0x00000000ffd80000,0x0000000100000000)
  to   space 2560K, 0% used [0x00000000ffb00000,0x00000000ffb00000,0x00000000ffd80000)
 ParOldGen       total 44032K, used 0K [0x00000000fc000000, 0x00000000feb00000, 0x00000000feb00000)
  object space 44032K, 0% used [0x00000000fc000000,0x00000000fc000000,0x00000000feb00000)
 Metaspace       used 6624K, capacity 6808K, committed 7040K, reserved 1056768K
  class space    used 773K, capacity 824K, committed 896K, reserved 1048576K
Event: 0.999 GC heap after
Heap after GC invocations=1 (full 0):
 PSYoungGen      total 18944K, used 2537K [0x00000000feb00000, 0x0000000100000000, 0x0000000100000000)
  eden space 16384K, 0% used [0x00000000feb00000,0x00000000feb00000,0x00000000ffb00000)
  from space 2560K, 99% used [0x00000000ffb00000,0x00000000ffd7a620,0x00000000ffd80000)
  to   space 2560K, 0% used [0x00000000ffd80000,0x00000000ffd80000,0x0000000100000000)
 ParOldGen       total 44032K, used 1543K [0x00000000fc000000, 0x00000000feb00000, 0x00000000feb00000)
  object space 44032K, 3% used [0x00000000fc000000,0x00000000fc181f68,0x00000000feb00000)
 Metaspace       used 6624K, capacity 6808K, committed 7040K, reserved 1056768K
  class space    used 773K, capacity 824K, committed 896K, reserved 1048576K
}
Event: 1.412 GC heap before
{Heap before GC invocations=2 (full 0):
 PSYoungGen      total 18944K, used 18921K [0x00000000feb00000, 0x0000000100000000, 0x0000000100000000)
  eden space 16384K, 100% used [0x00000000feb00000,0x00000000ffb00000,0x00000000ffb00000)
  from space 2560K, 99% used [0x00000000ffb00000,0x00000000ffd7a620,0x00000000ffd80000)
  to   space 2560K, 0% used [0x00000000ffd80000,0x00000000ffd80000,0x0000000100000000)
 ParOldGen       total 44032K, used 1543K [0x00000000fc000000, 0x00000000feb00000, 0x00000000feb00000)
  object space 44032K, 3% used [0x00000000fc000000,0x00000000fc181f68,0x00000000feb00000)
 Metaspace       used 6967K, capacity 7114K, committed 7296K, reserved 1056768K
  class space    used 816K, capacity 861K, committed 896K, reserved 1048576K
Event: 1.477 GC heap after
Heap after GC invocations=2 (full 0):
 PSYoungGen      total 18944K, used 2544K [0x00000000feb00000, 0x0000000100000000, 0x0000000100000000)
  eden space 16384K, 0% used [0x00000000feb00000,0x00000000feb00000,0x00000000ffb00000)
  from space 2560K, 99% used [0x00000000ffd80000,0x00000000ffffc330,0x0000000100000000)
  to   space 2560K, 0% used [0x00000000ffb00000,0x00000000ffb00000,0x00000000ffd80000)
 ParOldGen       total 44032K, used 6045K [0x00000000fc000000, 0x00000000feb00000, 0x00000000feb00000)
  object space 44032K, 13% used [0x00000000fc000000,0x00000000fc5e7460,0x00000000feb00000)
 Metaspace       used 6967K, capacity 7114K, committed 7296K, reserved 1056768K
  class space    used 816K, capacity 861K, committed 896K, reserved 1048576K
}

Deoptimization events (10 events):
Event: 0.962 Thread 0x000000000252d800 Uncommon trap: reason=unstable_if action=reinterpret pc=0x0000000002e725d8 method=java.util.zip.ZipEntry.setExtra0([BZ)V @ 1
Event: 0.963 Thread 0x000000000252d800 Uncommon trap: reason=unstable_if action=reinterpret pc=0x0000000002e917c8 method=java.util.zip.ZipFile$ZipEntryIterator.hasNext()Z @ 25
Event: 0.963 Thread 0x000000000252d800 Uncommon trap: reason=unstable_if action=reinterpret pc=0x0000000002e95740 method=java.util.zip.ZipCoder.decoder()Ljava/nio/charset/CharsetDecoder; @ 4
Event: 1.028 Thread 0x000000000252d800 Uncommon trap: reason=unstable_if action=reinterpret pc=0x0000000002ea1ac0 method=java.util.zip.ZipCoder.decoder()Ljava/nio/charset/CharsetDecoder; @ 4
Event: 1.028 Thread 0x000000000252d800 Uncommon trap: reason=unstable_if action=reinterpret pc=0x0000000002ea6978 method=java.util.zip.ZipCoder.decoder()Ljava/nio/charset/CharsetDecoder; @ 4
Event: 1.029 Thread 0x000000000252d800 Uncommon trap: reason=unstable_if action=reinterpret pc=0x0000000002ea456c method=java.util.zip.ZipCoder.decoder()Ljava/nio/charset/CharsetDecoder; @ 4
Event: 1.033 Thread 0x000000000252d800 Uncommon trap: reason=unstable_if action=reinterpret pc=0x0000000002ea9d88 method=java.util.HashMap$HashIterator.nextNode()Ljava/util/HashMap$Node; @ 74
Event: 1.374 Thread 0x000000000252d800 Uncommon trap: reason=unloaded action=reinterpret pc=0x0000000002e945fc method=java.util.zip.ZipEntry.setExtra0([BZ)V @ 37
Event: 1.412 Thread 0x000000000252d800 Uncommon trap: reason=unstable_if action=reinterpret pc=0x0000000002eb4148 method=java.util.HashMap$HashIterator.nextNode()Ljava/util/HashMap$Node; @ 74
Event: 1.597 Thread 0x000000000252d800 Uncommon trap: reason=unstable_if action=reinterpret pc=0x0000000002e02838 method=java.lang.String.<init>([CII)V @ 18

Classes redefined (0 events):
No events

Internal exceptions (10 events):
Event: 1.184 Thread 0x000000000252d800 Exception <a 'sun/nio/fs/WindowsException'> (0x00000000ff24f858) thrown at [D:\src\AOSP-openjdk-cygwin\jdk8u\hotspot\src\share\vm\prims\jni.cpp, line 709]
Event: 1.184 Thread 0x000000000252d800 Exception <a 'sun/nio/fs/WindowsException'> (0x00000000ff250008) thrown at [D:\src\AOSP-openjdk-cygwin\jdk8u\hotspot\src\share\vm\prims\jni.cpp, line 709]
Event: 1.250 Thread 0x000000000252d800 Exception <a 'sun/nio/fs/WindowsException'> (0x00000000ff255348) thrown at [D:\src\AOSP-openjdk-cygwin\jdk8u\hotspot\src\share\vm\prims\jni.cpp, line 709]
Event: 1.493 Thread 0x000000000252d800 Exception <a 'sun/nio/fs/WindowsException'> (0x00000000feb5d838) thrown at [D:\src\AOSP-openjdk-cygwin\jdk8u\hotspot\src\share\vm\prims\jni.cpp, line 709]
Event: 1.493 Thread 0x000000000252d800 Exception <a 'sun/nio/fs/WindowsException'> (0x00000000feb5dd90) thrown at [D:\src\AOSP-openjdk-cygwin\jdk8u\hotspot\src\share\vm\prims\jni.cpp, line 709]
Event: 1.549 Thread 0x000000000252d800 Exception <a 'sun/nio/fs/WindowsException'> (0x00000000feb69570) thrown at [D:\src\AOSP-openjdk-cygwin\jdk8u\hotspot\src\share\vm\prims\jni.cpp, line 709]
Event: 1.585 Thread 0x000000000252d800 Exception <a 'sun/nio/fs/WindowsException'> (0x00000000feb69a48) thrown at [D:\src\AOSP-openjdk-cygwin\jdk8u\hotspot\src\share\vm\prims\jni.cpp, line 709]
Event: 1.908 Thread 0x000000000252d800 Exception <a 'sun/nio/fs/WindowsException'> (0x00000000fed7d3f0) thrown at [D:\src\AOSP-openjdk-cygwin\jdk8u\hotspot\src\share\vm\prims\jni.cpp, line 709]
Event: 1.908 Thread 0x000000000252d800 Exception <a 'sun/nio/fs/WindowsException'> (0x00000000fed7d8c8) thrown at [D:\src\AOSP-openjdk-cygwin\jdk8u\hotspot\src\share\vm\prims\jni.cpp, line 709]
Event: 2.290 Thread 0x000000000252d800 Exception <a 'sun/nio/fs/WindowsException'> (0x00000000ff128048) thrown at [D:\src\AOSP-openjdk-cygwin\jdk8u\hotspot\src\share\vm\prims\jni.cpp, line 709]

Events (10 events):
Event: 1.709 loading class sun/util/calendar/CalendarUtils
Event: 1.709 loading class sun/util/calendar/CalendarUtils done
Event: 1.709 loading class java/util/zip/ZipOutputStream$XEntry
Event: 1.709 loading class java/util/zip/ZipOutputStream$XEntry done
Event: 1.709 loading class org/objectweb/asm/Opcodes
Event: 1.709 loading class org/objectweb/asm/Opcodes done
Event: 1.999 loading class org/objectweb/asm/tree/TryCatchBlockNode
Event: 1.999 loading class org/objectweb/asm/tree/TryCatchBlockNode done
Event: 1.999 loading class org/objectweb/asm/Handler
Event: 1.999 loading class org/objectweb/asm/Handler done


Dynamic libraries:
0x00007ff6c8c60000 - 0x00007ff6c8c91000 	C:\Program Files\Android\Android Studio\jre\bin\java.exe
0x00007ffba9340000 - 0x00007ffba9521000 	C:\WINDOWS\SYSTEM32\ntdll.dll
0x00007ffba6ca0000 - 0x00007ffba6d52000 	C:\WINDOWS\System32\KERNEL32.DLL
0x00007ffba6070000 - 0x00007ffba62e3000 	C:\WINDOWS\System32\KERNELBASE.dll
0x00007ffba9260000 - 0x00007ffba9301000 	C:\WINDOWS\System32\ADVAPI32.dll
0x00007ffba77b0000 - 0x00007ffba784e000 	C:\WINDOWS\System32\msvcrt.dll
0x00007ffba71b0000 - 0x00007ffba720b000 	C:\WINDOWS\System32\sechost.dll
0x00007ffba7580000 - 0x00007ffba76a4000 	C:\WINDOWS\System32\RPCRT4.dll
0x00007ffba7ac0000 - 0x00007ffba7c50000 	C:\WINDOWS\System32\USER32.dll
0x00007ffba5790000 - 0x00007ffba57b0000 	C:\WINDOWS\System32\win32u.dll
0x00007ffba67e0000 - 0x00007ffba6808000 	C:\WINDOWS\System32\GDI32.dll
0x00007ffba6530000 - 0x00007ffba66c2000 	C:\WINDOWS\System32\gdi32full.dll
0x00007ffba5fd0000 - 0x00007ffba606f000 	C:\WINDOWS\System32\msvcp_win.dll
0x00007ffba66d0000 - 0x00007ffba67ca000 	C:\WINDOWS\System32\ucrtbase.dll
0x00007ffb93ad0000 - 0x00007ffb93d39000 	C:\WINDOWS\WinSxS\amd64_microsoft.windows.common-controls_6595b64144ccf1df_6.0.17134.48_none_b4b2216a3cb4dd3e\COMCTL32.dll
0x00007ffba6810000 - 0x00007ffba6b33000 	C:\WINDOWS\System32\combase.dll
0x00007ffba5710000 - 0x00007ffba578a000 	C:\WINDOWS\System32\bcryptPrimitives.dll
0x00007ffba9090000 - 0x00007ffba90bd000 	C:\WINDOWS\System32\IMM32.DLL
0x0000000069530000 - 0x0000000069602000 	C:\Program Files\Android\Android Studio\jre\jre\bin\msvcr100.dll
0x0000000066c10000 - 0x000000006744e000 	C:\Program Files\Android\Android Studio\jre\jre\bin\server\jvm.dll
0x00007ffba91d0000 - 0x00007ffba91d8000 	C:\WINDOWS\System32\PSAPI.DLL
0x00007ffba1d20000 - 0x00007ffba1d29000 	C:\WINDOWS\SYSTEM32\WSOCK32.dll
0x00007ffba7510000 - 0x00007ffba757c000 	C:\WINDOWS\System32\WS2_32.dll
0x00007ffb95780000 - 0x00007ffb957a3000 	C:\WINDOWS\SYSTEM32\WINMM.dll
0x00007ffb9d7c0000 - 0x00007ffb9d7ca000 	C:\WINDOWS\SYSTEM32\VERSION.dll
0x00007ffb95570000 - 0x00007ffb9559a000 	C:\WINDOWS\SYSTEM32\WINMMBASE.dll
0x00007ffba64e0000 - 0x00007ffba6529000 	C:\WINDOWS\System32\cfgmgr32.dll
0x00007ffba3a40000 - 0x00007ffba3a4f000 	C:\Program Files\Android\Android Studio\jre\jre\bin\verify.dll
0x00007ffba1b00000 - 0x00007ffba1b29000 	C:\Program Files\Android\Android Studio\jre\jre\bin\java.dll
0x00007ffba1280000 - 0x00007ffba1296000 	C:\Program Files\Android\Android Studio\jre\jre\bin\zip.dll
0x00007ffba7c50000 - 0x00007ffba9090000 	C:\WINDOWS\System32\SHELL32.dll
0x00007ffba9120000 - 0x00007ffba91c9000 	C:\WINDOWS\System32\shcore.dll
0x00007ffba58c0000 - 0x00007ffba5fcd000 	C:\WINDOWS\System32\windows.storage.dll
0x00007ffba90c0000 - 0x00007ffba9111000 	C:\WINDOWS\System32\shlwapi.dll
0x00007ffba5680000 - 0x00007ffba5691000 	C:\WINDOWS\System32\kernel.appcore.dll
0x00007ffba56f0000 - 0x00007ffba570f000 	C:\WINDOWS\System32\profapi.dll
0x00007ffba56a0000 - 0x00007ffba56ec000 	C:\WINDOWS\System32\powrprof.dll
0x00007ffba5650000 - 0x00007ffba565a000 	C:\WINDOWS\System32\FLTLIB.DLL
0x00007ffba5080000 - 0x00007ffba5097000 	C:\WINDOWS\SYSTEM32\CRYPTSP.dll
0x00007ffba4ab0000 - 0x00007ffba4ae3000 	C:\WINDOWS\system32\rsaenh.dll
0x00007ffba51b0000 - 0x00007ffba51d5000 	C:\WINDOWS\SYSTEM32\bcrypt.dll
0x00007ffba5580000 - 0x00007ffba55a8000 	C:\WINDOWS\SYSTEM32\USERENV.dll
0x00007ffba50a0000 - 0x00007ffba50ab000 	C:\WINDOWS\SYSTEM32\CRYPTBASE.dll
0x00007ffba1180000 - 0x00007ffba119a000 	C:\Program Files\Android\Android Studio\jre\jre\bin\net.dll
0x00007ffba4ed0000 - 0x00007ffba4f36000 	C:\WINDOWS\system32\mswsock.dll
0x00007ffba4c50000 - 0x00007ffba4c88000 	C:\WINDOWS\SYSTEM32\IPHLPAPI.DLL
0x00007ffba7430000 - 0x00007ffba7438000 	C:\WINDOWS\System32\NSI.dll
0x00007ffb9a1f0000 - 0x00007ffb9a206000 	C:\WINDOWS\SYSTEM32\dhcpcsvc6.DLL
0x00007ffb9a120000 - 0x00007ffb9a13a000 	C:\WINDOWS\SYSTEM32\dhcpcsvc.DLL
0x00007ffb9f410000 - 0x00007ffb9f421000 	C:\Program Files\Android\Android Studio\jre\jre\bin\nio.dll

VM Arguments:
jvm_args: -Djava.awt.headless=true -Xmx64M -Dfile.encoding=x-windows-949 -Duser.country=KR -Duser.language=ko -Duser.variant 
java_command: com.google.devtools.build.android.desugar.Desugar @D:\test\app\build\intermediates\tmp\desugar_args8426299754910123572
java_class_path (initial): C:\Users\Goo\AppData\Local\Temp\desugar_deploy.jar817229055182116543
Launcher Type: SUN_STANDARD

Environment Variables:
PATH=C:\ProgramData\Oracle\Java\javapath;C:\WINDOWS\system32;C:\WINDOWS;C:\WINDOWS\System32\Wbem;C:\WINDOWS\System32\WindowsPowerShell\v1.0\;C:\OpenSSL;;C:\WINDOWS\System32\OpenSSH\;C:\Users\Goo\AppData\Local\Microsoft\WindowsApps;
USERNAME=Goo
OS=Windows_NT
PROCESSOR_IDENTIFIER=Intel64 Family 6 Model 158 Stepping 9, GenuineIntel



---------------  S Y S T E M  ---------------

OS: Windows 10.0 , 64 bit Build 17134 (10.0.17134.1)

CPU:total 8 (initial active 8) (4 cores per cpu, 2 threads per core) family 6 model 158 stepping 9, cmov, cx8, fxsr, mmx, sse, sse2, sse3, ssse3, sse4.1, sse4.2, popcnt, avx, avx2, aes, clmul, erms, 3dnowpref, lzcnt, ht, tsc, tscinvbit, bmi1, bmi2, adx

Memory: 4k page, physical 16692940k(4181968k free), swap 16692940k(3872k free)

vm_info: OpenJDK 64-Bit Server VM (25.152-b01) for windows-amd64 JRE (1.8.0_152-release-915-b01), built by "builder" with MS VC++ 10.0 (VS2010)

time: Sun May 27 23:02:14 2018
elapsed time: 2 seconds (0d 0h 0m 2s)

