#
# There is insufficient memory for the Java Runtime Environment to continue.
# Native memory allocation (malloc) failed to allocate 997936 bytes for Chunk::new
# Possible reasons:
#   The system is out of physical RAM or swap space
#   In 32 bit mode, the process size limit was hit
# Possible solutions:
#   Reduce memory load on the system
#   Increase physical memory or swap space
#   Check if swap backing store is full
#   Use 64 bit Java on a 64 bit OS
#   Decrease Java heap size (-Xmx/-Xms)
#   Decrease number of Java threads
#   Decrease Java thread stack sizes (-Xss)
#   Set larger code cache with -XX:ReservedCodeCacheSize=
# This output file may be truncated or incomplete.
#
#  Out of Memory Error (allocation.cpp:390), pid=5844, tid=0x0000000000003190
#
# JRE version: OpenJDK Runtime Environment (8.0_152-b01) (build 1.8.0_152-release-915-b01)
# Java VM: OpenJDK 64-Bit Server VM (25.152-b01 mixed mode windows-amd64 compressed oops)
# Failed to write core dump. Minidumps are not enabled by default on client versions of Windows
#

---------------  T H R E A D  ---------------

Current thread (0x0000000014f73000):  JavaThread "C2 CompilerThread2" daemon [_thread_in_native, id=12688, stack(0x0000000015880000,0x0000000015980000)]

Stack: [0x0000000015880000,0x0000000015980000]
[error occurred during error reporting (printing stack bounds), id 0xc0000005]

Native frames: (J=compiled Java code, j=interpreted, Vv=VM code, C=native code)


Current CompileTask:
C2:   4029 1253 %     4       org.objectweb.asm.ClassReader::a @ 74 (3587 bytes)


---------------  P R O C E S S  ---------------

Java Threads: ( => current thread )
  0x0000000014f7e000 JavaThread "Service Thread" daemon [_thread_blocked, id=8748, stack(0x0000000015a80000,0x0000000015b80000)]
  0x0000000014f77000 JavaThread "C1 CompilerThread3" daemon [_thread_blocked, id=10344, stack(0x0000000015980000,0x0000000015a80000)]
=>0x0000000014f73000 JavaThread "C2 CompilerThread2" daemon [_thread_in_native, id=12688, stack(0x0000000015880000,0x0000000015980000)]
  0x0000000012ffb800 JavaThread "C2 CompilerThread1" daemon [_thread_in_native, id=10348, stack(0x0000000015780000,0x0000000015880000)]
  0x0000000014f6f000 JavaThread "C2 CompilerThread0" daemon [_thread_in_native, id=3040, stack(0x0000000015680000,0x0000000015780000)]
  0x0000000014f6d800 JavaThread "Attach Listener" daemon [_thread_blocked, id=12508, stack(0x0000000015580000,0x0000000015680000)]
  0x0000000014f1a000 JavaThread "Signal Dispatcher" daemon [_thread_blocked, id=2492, stack(0x0000000015480000,0x0000000015580000)]
  0x0000000014f00800 JavaThread "Finalizer" daemon [_thread_blocked, id=13020, stack(0x00000000152e0000,0x00000000153e0000)]
  0x00000000027f7000 JavaThread "Reference Handler" daemon [_thread_blocked, id=10940, stack(0x0000000014de0000,0x0000000014ee0000)]
  0x000000000045d800 JavaThread "main" [_thread_in_native, id=220, stack(0x0000000002600000,0x0000000002700000)]

Other Threads:
  0x0000000012fe5000 VMThread [stack: 0x0000000014ce0000,0x0000000014de0000] [id=7544]
  0x0000000014f7f000 WatcherThread [stack: 0x0000000015b80000,0x0000000015c80000] [id=10120]

VM state:not at safepoint (normal execution)

VM Mutex/Monitor currently owned by a thread: None

Heap:
 PSYoungGen      total 18944K, used 8717K [0x00000000feb00000, 0x0000000100000000, 0x0000000100000000)
  eden space 16384K, 37% used [0x00000000feb00000,0x00000000ff106b08,0x00000000ffb00000)
  from space 2560K, 99% used [0x00000000ffd80000,0x00000000ffffca70,0x0000000100000000)
  to   space 2560K, 0% used [0x00000000ffb00000,0x00000000ffb00000,0x00000000ffd80000)
 ParOldGen       total 44032K, used 7402K [0x00000000fc000000, 0x00000000feb00000, 0x00000000feb00000)
  object space 44032K, 16% used [0x00000000fc000000,0x00000000fc73ab90,0x00000000feb00000)
 Metaspace       used 7805K, capacity 7978K, committed 8192K, reserved 1056768K
  class space    used 875K, capacity 957K, committed 1024K, reserved 1048576K

Card table byte_map: [0x0000000000ad0000,0x0000000000b00000] byte_map_base: 0x00000000002f0000

Marking Bits: (ParMarkBitMap*) 0x0000000055473950
 Begin Bits: [0x00000000123e0000, 0x00000000124e0000)
 End Bits:   [0x00000000124e0000, 0x00000000125e0000)

Polling page: 0x00000000001f0000

CodeCache: size=245760Kb used=4857Kb max_used=4897Kb free=240902Kb
 bounds [0x0000000002800000, 0x0000000002ce0000, 0x0000000011800000]
 total_blobs=1602 nmethods=1267 adapters=248
 compilation: enabled

Compilation events (10 events):
Event: 4.004 Thread 0x0000000012ffb800 nmethod 1262 0x0000000002c8d790 code [0x0000000002c8d900, 0x0000000002c8de78]
Event: 4.005 Thread 0x0000000014f6f000 1263       4       org.objectweb.asm.MethodVisitor::visitMaxs (17 bytes)
Event: 4.006 Thread 0x0000000014f6f000 nmethod 1263 0x0000000002c8d490 code [0x0000000002c8d5e0, 0x0000000002c8d6a8]
Event: 4.010 Thread 0x0000000014f77000 1264       3       org.objectweb.asm.Item::a (24 bytes)
Event: 4.010 Thread 0x0000000014f77000 nmethod 1264 0x0000000002c90f50 code [0x0000000002c910a0, 0x0000000002c91210]
Event: 4.010 Thread 0x0000000014f77000 1265       3       com.google.devtools.build.android.desugar.DefaultMethodClassFixer$DefaultMethodFinder::visit (35 bytes)
Event: 4.010 Thread 0x0000000012ffb800 1267       4       org.objectweb.asm.MethodVisitor::visitLdcInsn (16 bytes)
Event: 4.010 Thread 0x0000000014f77000 nmethod 1265 0x0000000002c90550 code [0x0000000002c90700, 0x0000000002c90c68]
Event: 4.010 Thread 0x0000000014f77000 1266       3       com.google.devtools.build.android.desugar.DefaultMethodClassFixer$DefaultMethodFinder::visitEnd (23 bytes)
Event: 4.011 Thread 0x0000000014f77000 nmethod 1266 0x0000000002c90090 code [0x0000000002c90200, 0x0000000002c90448]

GC Heap History (8 events):
Event: 1.396 GC heap before
{Heap before GC invocations=1 (full 0):
 PSYoungGen      total 18944K, used 16384K [0x00000000feb00000, 0x0000000100000000, 0x0000000100000000)
  eden space 16384K, 100% used [0x00000000feb00000,0x00000000ffb00000,0x00000000ffb00000)
  from space 2560K, 0% used [0x00000000ffd80000,0x00000000ffd80000,0x0000000100000000)
  to   space 2560K, 0% used [0x00000000ffb00000,0x00000000ffb00000,0x00000000ffd80000)
 ParOldGen       total 44032K, used 0K [0x00000000fc000000, 0x00000000feb00000, 0x00000000feb00000)
  object space 44032K, 0% used [0x00000000fc000000,0x00000000fc000000,0x00000000feb00000)
 Metaspace       used 6617K, capacity 6744K, committed 7040K, reserved 1056768K
  class space    used 774K, capacity 824K, committed 896K, reserved 1048576K
Event: 1.402 GC heap after
Heap after GC invocations=1 (full 0):
 PSYoungGen      total 18944K, used 2537K [0x00000000feb00000, 0x0000000100000000, 0x0000000100000000)
  eden space 16384K, 0% used [0x00000000feb00000,0x00000000feb00000,0x00000000ffb00000)
  from space 2560K, 99% used [0x00000000ffb00000,0x00000000ffd7a620,0x00000000ffd80000)
  to   space 2560K, 0% used [0x00000000ffd80000,0x00000000ffd80000,0x0000000100000000)
 ParOldGen       total 44032K, used 1696K [0x00000000fc000000, 0x00000000feb00000, 0x00000000feb00000)
  object space 44032K, 3% used [0x00000000fc000000,0x00000000fc1a80b8,0x00000000feb00000)
 Metaspace       used 6617K, capacity 6744K, committed 7040K, reserved 1056768K
  class space    used 774K, capacity 824K, committed 896K, reserved 1048576K
}
Event: 1.889 GC heap before
{Heap before GC invocations=2 (full 0):
 PSYoungGen      total 18944K, used 18921K [0x00000000feb00000, 0x0000000100000000, 0x0000000100000000)
  eden space 16384K, 100% used [0x00000000feb00000,0x00000000ffb00000,0x00000000ffb00000)
  from space 2560K, 99% used [0x00000000ffb00000,0x00000000ffd7a620,0x00000000ffd80000)
  to   space 2560K, 0% used [0x00000000ffd80000,0x00000000ffd80000,0x0000000100000000)
 ParOldGen       total 44032K, used 1696K [0x00000000fc000000, 0x00000000feb00000, 0x00000000feb00000)
  object space 44032K, 3% used [0x00000000fc000000,0x00000000fc1a80b8,0x00000000feb00000)
 Metaspace       used 6971K, capacity 7114K, committed 7296K, reserved 1056768K
  class space    used 816K, capacity 861K, committed 896K, reserved 1048576K
Event: 1.915 GC heap after
Heap after GC invocations=2 (full 0):
 PSYoungGen      total 18944K, used 2531K [0x00000000feb00000, 0x0000000100000000, 0x0000000100000000)
  eden space 16384K, 0% used [0x00000000feb00000,0x00000000feb00000,0x00000000ffb00000)
  from space 2560K, 98% used [0x00000000ffd80000,0x00000000ffff8e00,0x0000000100000000)
  to   space 2560K, 0% used [0x00000000ffb00000,0x00000000ffb00000,0x00000000ffd80000)
 ParOldGen       total 44032K, used 5909K [0x00000000fc000000, 0x00000000feb00000, 0x00000000feb00000)
  object space 44032K, 13% used [0x00000000fc000000,0x00000000fc5c55b0,0x00000000feb00000)
 Metaspace       used 6971K, capacity 7114K, committed 7296K, reserved 1056768K
  class space    used 816K, capacity 861K, committed 896K, reserved 1048576K
}
Event: 2.703 GC heap before
{Heap before GC invocations=3 (full 0):
 PSYoungGen      total 18944K, used 18915K [0x00000000feb00000, 0x0000000100000000, 0x0000000100000000)
  eden space 16384K, 100% used [0x00000000feb00000,0x00000000ffb00000,0x00000000ffb00000)
  from space 2560K, 98% used [0x00000000ffd80000,0x00000000ffff8e00,0x0000000100000000)
  to   space 2560K, 0% used [0x00000000ffb00000,0x00000000ffb00000,0x00000000ffd80000)
 ParOldGen       total 44032K, used 5909K [0x00000000fc000000, 0x00000000feb00000, 0x00000000feb00000)
  object space 44032K, 13% used [0x00000000fc000000,0x00000000fc5c55b0,0x00000000feb00000)
 Metaspace       used 7700K, capacity 7914K, committed 8192K, reserved 1056768K
  class space    used 875K, capacity 957K, committed 1024K, reserved 1048576K
Event: 3.236 GC heap after
Heap after GC invocations=3 (full 0):
 PSYoungGen      total 18944K, used 2546K [0x00000000feb00000, 0x0000000100000000, 0x0000000100000000)
  eden space 16384K, 0% used [0x00000000feb00000,0x00000000feb00000,0x00000000ffb00000)
  from space 2560K, 99% used [0x00000000ffb00000,0x00000000ffd7ca70,0x00000000ffd80000)
  to   space 2560K, 0% used [0x00000000ffd80000,0x00000000ffd80000,0x0000000100000000)
 ParOldGen       total 44032K, used 7139K [0x00000000fc000000, 0x00000000feb00000, 0x00000000feb00000)
  object space 44032K, 16% used [0x00000000fc000000,0x00000000fc6f8e10,0x00000000feb00000)
 Metaspace       used 7700K, capacity 7914K, committed 8192K, reserved 1056768K
  class space    used 875K, capacity 957K, committed 1024K, reserved 1048576K
}
Event: 3.696 GC heap before
{Heap before GC invocations=4 (full 0):
 PSYoungGen      total 18944K, used 18930K [0x00000000feb00000, 0x0000000100000000, 0x0000000100000000)
  eden space 16384K, 100% used [0x00000000feb00000,0x00000000ffb00000,0x00000000ffb00000)
  from space 2560K, 99% used [0x00000000ffb00000,0x00000000ffd7ca70,0x00000000ffd80000)
  to   space 2560K, 0% used [0x00000000ffd80000,0x00000000ffd80000,0x0000000100000000)
 ParOldGen       total 44032K, used 7139K [0x00000000fc000000, 0x00000000feb00000, 0x00000000feb00000)
  object space 44032K, 16% used [0x00000000fc000000,0x00000000fc6f8e10,0x00000000feb00000)
 Metaspace       used 7801K, capacity 7978K, committed 8192K, reserved 1056768K
  class space    used 875K, capacity 957K, committed 1024K, reserved 1048576K
Event: 3.832 GC heap after
Heap after GC invocations=4 (full 0):
 PSYoungGen      total 18944K, used 2546K [0x00000000feb00000, 0x0000000100000000, 0x0000000100000000)
  eden space 16384K, 0% used [0x00000000feb00000,0x00000000feb00000,0x00000000ffb00000)
  from space 2560K, 99% used [0x00000000ffd80000,0x00000000ffffca70,0x0000000100000000)
  to   space 2560K, 0% used [0x00000000ffb00000,0x00000000ffb00000,0x00000000ffd80000)
 ParOldGen       total 44032K, used 7402K [0x00000000fc000000, 0x00000000feb00000, 0x00000000feb00000)
  object space 44032K, 16% used [0x00000000fc000000,0x00000000fc73ab90,0x00000000feb00000)
 Metaspace       used 7801K, capacity 7978K, committed 8192K, reserved 1056768K
  class space    used 875K, capacity 957K, committed 1024K, reserved 1048576K
}

Deoptimization events (10 events):
Event: 2.676 Thread 0x000000000045d800 Uncommon trap: reason=null_check action=make_not_entrant pc=0x0000000002bf31f0 method=com.google.devtools.build.android.desugar.InterfaceDesugaring$InterfaceInvocationRewriter.visitMethodInsn(ILjava/lang/String;Ljava/lang/String;Ljava/lang/String;Z)V @ 10
Event: 3.252 Thread 0x000000000045d800 Uncommon trap: reason=null_check action=make_not_entrant pc=0x0000000002bfda4c method=com.google.devtools.build.android.desugar.InterfaceDesugaring$InterfaceInvocationRewriter.visitMethodInsn(ILjava/lang/String;Ljava/lang/String;Ljava/lang/String;Z)V @ 10
Event: 3.298 Thread 0x000000000045d800 Uncommon trap: reason=unstable_if action=reinterpret pc=0x0000000002bcde08 method=org.objectweb.asm.MethodWriter.visitFieldInsn(ILjava/lang/String;Ljava/lang/String;Ljava/lang/String;)V @ 200
Event: 3.299 Thread 0x000000000045d800 Uncommon trap: reason=unstable_if action=reinterpret pc=0x0000000002bd5d2c method=org.objectweb.asm.MethodWriter.visitVarInsn(II)V @ 148
Event: 3.299 Thread 0x000000000045d800 Uncommon trap: reason=unstable_if action=reinterpret pc=0x0000000002bd8a84 method=org.objectweb.asm.MethodWriter.visitVarInsn(II)V @ 148
Event: 3.498 Thread 0x000000000045d800 Uncommon trap: reason=unstable_if action=reinterpret pc=0x0000000002bed4f8 method=org.objectweb.asm.MethodWriter.visitFieldInsn(ILjava/lang/String;Ljava/lang/String;Ljava/lang/String;)V @ 148
Event: 3.546 Thread 0x000000000045d800 Uncommon trap: reason=unstable_if action=reinterpret pc=0x0000000002b66fbc method=org.objectweb.asm.ClassReader.a(II[C)Ljava/lang/String; @ 77
Event: 3.547 Thread 0x000000000045d800 Uncommon trap: reason=unstable_if action=reinterpret pc=0x0000000002b63c14 method=org.objectweb.asm.ByteVector.putUTF8(Ljava/lang/String;)Lorg/objectweb/asm/ByteVector; @ 91
Event: 3.565 Thread 0x000000000045d800 Uncommon trap: reason=unstable_if action=reinterpret pc=0x0000000002b2cabc method=org.objectweb.asm.ClassReader.a(II[C)Ljava/lang/String; @ 77
Event: 3.565 Thread 0x000000000045d800 Uncommon trap: reason=unstable_if action=reinterpret pc=0x0000000002b2d3f0 method=org.objectweb.asm.ByteVector.putUTF8(Ljava/lang/String;)Lorg/objectweb/asm/ByteVector; @ 91

Classes redefined (0 events):
No events

Internal exceptions (10 events):
Event: 2.165 Thread 0x000000000045d800 Exception <a 'sun/nio/fs/WindowsException'> (0x00000000fee99b90) thrown at [D:\src\AOSP-openjdk-cygwin\jdk8u\hotspot\src\share\vm\prims\jni.cpp, line 709]
Event: 2.165 Thread 0x000000000045d800 Exception <a 'sun/nio/fs/WindowsException'> (0x00000000fee9a068) thrown at [D:\src\AOSP-openjdk-cygwin\jdk8u\hotspot\src\share\vm\prims\jni.cpp, line 709]
Event: 2.325 Thread 0x000000000045d800 Exception <a 'sun/nio/fs/WindowsException'> (0x00000000fee9d520) thrown at [D:\src\AOSP-openjdk-cygwin\jdk8u\hotspot\src\share\vm\prims\jni.cpp, line 709]
Event: 2.325 Thread 0x000000000045d800 Exception <a 'sun/nio/fs/WindowsException'> (0x00000000fee9d9f8) thrown at [D:\src\AOSP-openjdk-cygwin\jdk8u\hotspot\src\share\vm\prims\jni.cpp, line 709]
Event: 2.344 Thread 0x000000000045d800 Exception <a 'sun/nio/fs/WindowsException'> (0x00000000fef12318) thrown at [D:\src\AOSP-openjdk-cygwin\jdk8u\hotspot\src\share\vm\prims\jni.cpp, line 709]
Event: 2.344 Thread 0x000000000045d800 Exception <a 'sun/nio/fs/WindowsException'> (0x00000000fef127f0) thrown at [D:\src\AOSP-openjdk-cygwin\jdk8u\hotspot\src\share\vm\prims\jni.cpp, line 709]
Event: 2.351 Thread 0x000000000045d800 Exception <a 'sun/nio/fs/WindowsException'> (0x00000000fef15c90) thrown at [D:\src\AOSP-openjdk-cygwin\jdk8u\hotspot\src\share\vm\prims\jni.cpp, line 709]
Event: 2.351 Thread 0x000000000045d800 Exception <a 'sun/nio/fs/WindowsException'> (0x00000000fef16168) thrown at [D:\src\AOSP-openjdk-cygwin\jdk8u\hotspot\src\share\vm\prims\jni.cpp, line 709]
Event: 2.676 Thread 0x000000000045d800 Implicit null exception at 0x0000000002bf2eea to 0x0000000002bf31cd
Event: 3.252 Thread 0x000000000045d800 Implicit null exception at 0x0000000002bfae7a to 0x0000000002bfda35

Events (10 events):
Event: 3.565 Thread 0x000000000045d800 DEOPT PACKING pc=0x0000000002b2d3f0 sp=0x00000000026feaa0
Event: 3.565 Thread 0x000000000045d800 DEOPT UNPACKING pc=0x000000000284556a sp=0x00000000026fea28 mode 2
Event: 3.590 Thread 0x000000000045d800 DEOPT PACKING pc=0x0000000002ba43f7 sp=0x00000000026ff2f0
Event: 3.591 Thread 0x000000000045d800 DEOPT UNPACKING pc=0x00000000028475bf sp=0x00000000026ff008 mode 0
Event: 3.696 Executing VM operation: ParallelGCFailedAllocation
Event: 3.832 Executing VM operation: ParallelGCFailedAllocation done
Event: 4.009 Thread 0x000000000045d800 DEOPT PACKING pc=0x0000000002afe81d sp=0x00000000026fece0
Event: 4.009 Thread 0x000000000045d800 DEOPT UNPACKING pc=0x00000000028475bf sp=0x00000000026fec90 mode 0
Event: 4.009 Thread 0x000000000045d800 DEOPT PACKING pc=0x0000000002afe81d sp=0x00000000026fece0
Event: 4.009 Thread 0x000000000045d800 DEOPT UNPACKING pc=0x00000000028475bf sp=0x00000000026fec90 mode 0


Dynamic libraries:
0x00007ff743630000 - 0x00007ff743661000 	C:\Program Files\Android\Android Studio\jre\bin\java.exe
0x00007ffde28f0000 - 0x00007ffde2ad1000 	C:\WINDOWS\SYSTEM32\ntdll.dll
0x00007ffde1a20000 - 0x00007ffde1ad2000 	C:\WINDOWS\System32\KERNEL32.DLL
0x00007ffddf250000 - 0x00007ffddf4c3000 	C:\WINDOWS\System32\KERNELBASE.dll
0x00007ffde1ae0000 - 0x00007ffde1b81000 	C:\WINDOWS\System32\ADVAPI32.dll
0x00007ffde27f0000 - 0x00007ffde288e000 	C:\WINDOWS\System32\msvcrt.dll
0x00007ffddfda0000 - 0x00007ffddfdfb000 	C:\WINDOWS\System32\sechost.dll
0x00007ffde2010000 - 0x00007ffde2134000 	C:\WINDOWS\System32\RPCRT4.dll
0x00007ffde1e80000 - 0x00007ffde2010000 	C:\WINDOWS\System32\USER32.dll
0x00007ffddf230000 - 0x00007ffddf250000 	C:\WINDOWS\System32\win32u.dll
0x00007ffde1e50000 - 0x00007ffde1e78000 	C:\WINDOWS\System32\GDI32.dll
0x00007ffddfbe0000 - 0x00007ffddfd72000 	C:\WINDOWS\System32\gdi32full.dll
0x00007ffddf030000 - 0x00007ffddf0cf000 	C:\WINDOWS\System32\msvcp_win.dll
0x00007ffddf0d0000 - 0x00007ffddf1ca000 	C:\WINDOWS\System32\ucrtbase.dll
0x00007ffdd1c40000 - 0x00007ffdd1ea9000 	C:\WINDOWS\WinSxS\amd64_microsoft.windows.common-controls_6595b64144ccf1df_6.0.17134.112_none_fb3f961b30681c12\COMCTL32.dll
0x00007ffde16f0000 - 0x00007ffde1a13000 	C:\WINDOWS\System32\combase.dll
0x00007ffddecc0000 - 0x00007ffdded3a000 	C:\WINDOWS\System32\bcryptPrimitives.dll
0x00007ffde2890000 - 0x00007ffde28bd000 	C:\WINDOWS\System32\IMM32.DLL
0x0000000054bd0000 - 0x0000000054ca2000 	C:\Program Files\Android\Android Studio\jre\jre\bin\msvcr100.dll
0x0000000054cb0000 - 0x00000000554ee000 	C:\Program Files\Android\Android Studio\jre\jre\bin\server\jvm.dll
0x00007ffde16e0000 - 0x00007ffde16e8000 	C:\WINDOWS\System32\PSAPI.DLL
0x00007ffdc87f0000 - 0x00007ffdc87f9000 	C:\WINDOWS\SYSTEM32\WSOCK32.dll
0x00007ffde1c80000 - 0x00007ffde1cec000 	C:\WINDOWS\System32\WS2_32.dll
0x00007ffddcde0000 - 0x00007ffddce03000 	C:\WINDOWS\SYSTEM32\WINMM.dll
0x00007ffdd57a0000 - 0x00007ffdd57aa000 	C:\WINDOWS\SYSTEM32\VERSION.dll
0x00007ffddcc90000 - 0x00007ffddccba000 	C:\WINDOWS\SYSTEM32\winmmbase.dll
0x00007ffddedf0000 - 0x00007ffddee39000 	C:\WINDOWS\System32\cfgmgr32.dll
0x00007ffdc87e0000 - 0x00007ffdc87ef000 	C:\Program Files\Android\Android Studio\jre\jre\bin\verify.dll
0x00007ffdc87b0000 - 0x00007ffdc87d9000 	C:\Program Files\Android\Android Studio\jre\jre\bin\java.dll
0x00007ffdc8790000 - 0x00007ffdc87a6000 	C:\Program Files\Android\Android Studio\jre\jre\bin\zip.dll
0x00007ffde00f0000 - 0x00007ffde1530000 	C:\WINDOWS\System32\SHELL32.dll
0x00007ffde2740000 - 0x00007ffde27e9000 	C:\WINDOWS\System32\shcore.dll
0x00007ffddf4d0000 - 0x00007ffddfbdd000 	C:\WINDOWS\System32\windows.storage.dll
0x00007ffde2290000 - 0x00007ffde22e1000 	C:\WINDOWS\System32\shlwapi.dll
0x00007ffddec20000 - 0x00007ffddec31000 	C:\WINDOWS\System32\kernel.appcore.dll
0x00007ffddec50000 - 0x00007ffddec6f000 	C:\WINDOWS\System32\profapi.dll
0x00007ffddec70000 - 0x00007ffddecbc000 	C:\WINDOWS\System32\powrprof.dll
0x00007ffddec40000 - 0x00007ffddec4a000 	C:\WINDOWS\System32\FLTLIB.DLL
0x00007ffdde630000 - 0x00007ffdde647000 	C:\WINDOWS\SYSTEM32\CRYPTSP.dll
0x00007ffdde060000 - 0x00007ffdde093000 	C:\WINDOWS\system32\rsaenh.dll
0x00007ffdde760000 - 0x00007ffdde785000 	C:\WINDOWS\SYSTEM32\bcrypt.dll
0x00007ffddeb00000 - 0x00007ffddeb28000 	C:\WINDOWS\SYSTEM32\USERENV.dll
0x00007ffdde650000 - 0x00007ffdde65b000 	C:\WINDOWS\SYSTEM32\CRYPTBASE.dll
0x00007ffdc8670000 - 0x00007ffdc868a000 	C:\Program Files\Android\Android Studio\jre\jre\bin\net.dll
0x00007ffdde480000 - 0x00007ffdde4e6000 	C:\WINDOWS\system32\mswsock.dll
0x00007ffdde200000 - 0x00007ffdde238000 	C:\WINDOWS\SYSTEM32\IPHLPAPI.DLL
0x00007ffde1bf0000 - 0x00007ffde1bf8000 	C:\WINDOWS\System32\NSI.dll
0x00007ffdd7790000 - 0x00007ffdd77a6000 	C:\WINDOWS\SYSTEM32\dhcpcsvc6.DLL
0x00007ffdd6720000 - 0x00007ffdd673a000 	C:\WINDOWS\SYSTEM32\dhcpcsvc.DLL
0x00007ffdc8630000 - 0x00007ffdc8641000 	C:\Program Files\Android\Android Studio\jre\jre\bin\nio.dll

VM Arguments:
jvm_args: -Djava.awt.headless=true -Xmx64M -Dfile.encoding=x-windows-949 -Duser.country=KR -Duser.language=ko -Duser.variant 
java_command: com.google.devtools.build.android.desugar.Desugar @D:\test\app\build\intermediates\tmp\desugar_args2765675787240585872
java_class_path (initial): C:\Users\Goo\AppData\Local\Temp\desugar_deploy.jar6387874304095112173
Launcher Type: SUN_STANDARD

Environment Variables:
PATH=C:\ProgramData\Oracle\Java\javapath;C:\WINDOWS\system32;C:\WINDOWS;C:\WINDOWS\System32\Wbem;C:\WINDOWS\System32\WindowsPowerShell\v1.0\;C:\OpenSSL;;C:\WINDOWS\System32\OpenSSH\;C:\Users\Goo\AppData\Local\Microsoft\WindowsApps;
USERNAME=Goo
OS=Windows_NT
PROCESSOR_IDENTIFIER=Intel64 Family 6 Model 158 Stepping 9, GenuineIntel



---------------  S Y S T E M  ---------------

OS: Windows 10.0 , 64 bit Build 17134 (10.0.17134.1)

CPU:total 8 (initial active 8) (4 cores per cpu, 2 threads per core) family 6 model 158 stepping 9, cmov, cx8, fxsr, mmx, sse, sse2, sse3, ssse3, sse4.1, sse4.2, popcnt, avx, avx2, aes, clmul, erms, 3dnowpref, lzcnt, ht, tsc, tscinvbit, bmi1, bmi2, adx

Memory: 4k page, physical 16692940k(2848008k free), swap 16692940k(5672k free)

vm_info: OpenJDK 64-Bit Server VM (25.152-b01) for windows-amd64 JRE (1.8.0_152-release-915-b01), built by "builder" with MS VC++ 10.0 (VS2010)

time: Fri Jun 22 04:40:43 2018
elapsed time: 4 seconds (0d 0h 0m 4s)

