#
# There is insufficient memory for the Java Runtime Environment to continue.
# Native memory allocation (malloc) failed to allocate 1710256 bytes for Chunk::new
# Possible reasons:
#   The system is out of physical RAM or swap space
#   In 32 bit mode, the process size limit was hit
# Possible solutions:
#   Reduce memory load on the system
#   Increase physical memory or swap space
#   Check if swap backing store is full
#   Use 64 bit Java on a 64 bit OS
#   Decrease Java heap size (-Xmx/-Xms)
#   Decrease number of Java threads
#   Decrease Java thread stack sizes (-Xss)
#   Set larger code cache with -XX:ReservedCodeCacheSize=
# This output file may be truncated or incomplete.
#
#  Out of Memory Error (allocation.cpp:390), pid=3760, tid=0x000000000000373c
#
# JRE version: OpenJDK Runtime Environment (8.0_152-b01) (build 1.8.0_152-release-915-b01)
# Java VM: OpenJDK 64-Bit Server VM (25.152-b01 mixed mode windows-amd64 compressed oops)
# Failed to write core dump. Minidumps are not enabled by default on client versions of Windows
#

---------------  T H R E A D  ---------------

Current thread (0x0000000014fc4000):  JavaThread "C2 CompilerThread2" daemon [_thread_in_native, id=14140, stack(0x00000000158c0000,0x00000000159c0000)]

Stack: [0x00000000158c0000,0x00000000159c0000]
[error occurred during error reporting (printing stack bounds), id 0xc0000005]

Native frames: (J=compiled Java code, j=interpreted, Vv=VM code, C=native code)


Current CompileTask:
C2:   6012  864       4       org.objectweb.asm.ClassReader::a (3587 bytes)


---------------  P R O C E S S  ---------------

Java Threads: ( => current thread )
  0x0000000015034800 JavaThread "Service Thread" daemon [_thread_blocked, id=11296, stack(0x0000000015ac0000,0x0000000015bc0000)]
  0x0000000014fc8000 JavaThread "C1 CompilerThread3" daemon [_thread_blocked, id=6092, stack(0x00000000159c0000,0x0000000015ac0000)]
=>0x0000000014fc4000 JavaThread "C2 CompilerThread2" daemon [_thread_in_native, id=14140, stack(0x00000000158c0000,0x00000000159c0000)]
  0x0000000014fc1000 JavaThread "C2 CompilerThread1" daemon [_thread_blocked, id=9708, stack(0x00000000157c0000,0x00000000158c0000)]
  0x0000000014f6b800 JavaThread "C2 CompilerThread0" daemon [_thread_blocked, id=404, stack(0x00000000156c0000,0x00000000157c0000)]
  0x0000000014f6a000 JavaThread "Attach Listener" daemon [_thread_blocked, id=8196, stack(0x00000000155c0000,0x00000000156c0000)]
  0x0000000014fc0000 JavaThread "Signal Dispatcher" daemon [_thread_blocked, id=14132, stack(0x00000000154c0000,0x00000000155c0000)]
  0x0000000014f50800 JavaThread "Finalizer" daemon [_thread_blocked, id=10716, stack(0x0000000015330000,0x0000000015430000)]
  0x0000000002878000 JavaThread "Reference Handler" daemon [_thread_blocked, id=7504, stack(0x0000000014e30000,0x0000000014f30000)]
  0x000000000277d800 JavaThread "main" [_thread_in_Java, id=5684, stack(0x0000000002620000,0x0000000002720000)]

Other Threads:
  0x0000000013025000 VMThread [stack: 0x0000000014d30000,0x0000000014e30000] [id=5940]
  0x0000000015035800 WatcherThread [stack: 0x0000000015bc0000,0x0000000015cc0000] [id=2548]

VM state:not at safepoint (normal execution)

VM Mutex/Monitor currently owned by a thread: None

Heap:
 PSYoungGen      total 18944K, used 18152K [0x00000000feb00000, 0x0000000100000000, 0x0000000100000000)
  eden space 16384K, 95% used [0x00000000feb00000,0x00000000ffa41210,0x00000000ffb00000)
  from space 2560K, 98% used [0x00000000ffd80000,0x00000000ffff8e30,0x0000000100000000)
  to   space 2560K, 0% used [0x00000000ffb00000,0x00000000ffb00000,0x00000000ffd80000)
 ParOldGen       total 44032K, used 6037K [0x00000000fc000000, 0x00000000feb00000, 0x00000000feb00000)
  object space 44032K, 13% used [0x00000000fc000000,0x00000000fc5e5638,0x00000000feb00000)
 Metaspace       used 7674K, capacity 7846K, committed 7936K, reserved 1056768K
  class space    used 875K, capacity 957K, committed 1024K, reserved 1048576K

Card table byte_map: [0x0000000002260000,0x0000000002290000] byte_map_base: 0x0000000001a80000

Marking Bits: (ParMarkBitMap*) 0x000000005a983950
 Begin Bits: [0x0000000012440000, 0x0000000012540000)
 End Bits:   [0x0000000012540000, 0x0000000012640000)

Polling page: 0x00000000001f0000

CodeCache: size=245760Kb used=3870Kb max_used=3881Kb free=241889Kb
 bounds [0x0000000002880000, 0x0000000002c50000, 0x0000000011880000]
 total_blobs=1366 nmethods=1032 adapters=248
 compilation: enabled

Compilation events (10 events):
Event: 5.971 Thread 0x0000000014fc8000 nmethod 1029 0x0000000002c4a150 code [0x0000000002c4a380, 0x0000000002c4b088]
Event: 5.971 Thread 0x0000000014fc8000 1028       3       org.objectweb.asm.ClassReader::<init> (10 bytes)
Event: 5.971 Thread 0x0000000014fc8000 nmethod 1028 0x0000000002c3f410 code [0x0000000002c3f580, 0x0000000002c3f7b8]
Event: 5.971 Thread 0x0000000014fc8000 1030       3       java.util.zip.ZipFile$ZipFileInputStream::available (22 bytes)
Event: 5.971 Thread 0x0000000014fc8000 nmethod 1030 0x0000000002c36590 code [0x0000000002c366e0, 0x0000000002c36890]
Event: 5.971 Thread 0x0000000014fc8000 1031       3       java.util.zip.ZipFile$ZipFileInputStream::read (25 bytes)
Event: 5.971 Thread 0x0000000014fc8000 nmethod 1031 0x0000000002c49c90 code [0x0000000002c49e00, 0x0000000002c4a088]
Event: 5.972 Thread 0x0000000014f6b800 nmethod 1026 0x0000000002c48290 code [0x0000000002c483e0, 0x0000000002c48658]
Event: 5.974 Thread 0x0000000014fc8000 1033       1       org.objectweb.asm.MethodWriter::visitCode (1 bytes)
Event: 5.974 Thread 0x0000000014fc8000 nmethod 1033 0x0000000002c3f150 code [0x0000000002c3f2a0, 0x0000000002c3f3b0]

GC Heap History (4 events):
Event: 3.959 GC heap before
{Heap before GC invocations=1 (full 0):
 PSYoungGen      total 18944K, used 16384K [0x00000000feb00000, 0x0000000100000000, 0x0000000100000000)
  eden space 16384K, 100% used [0x00000000feb00000,0x00000000ffb00000,0x00000000ffb00000)
  from space 2560K, 0% used [0x00000000ffd80000,0x00000000ffd80000,0x0000000100000000)
  to   space 2560K, 0% used [0x00000000ffb00000,0x00000000ffb00000,0x00000000ffd80000)
 ParOldGen       total 44032K, used 0K [0x00000000fc000000, 0x00000000feb00000, 0x00000000feb00000)
  object space 44032K, 0% used [0x00000000fc000000,0x00000000fc000000,0x00000000feb00000)
 Metaspace       used 6597K, capacity 6740K, committed 7040K, reserved 1056768K
  class space    used 773K, capacity 824K, committed 896K, reserved 1048576K
Event: 4.002 GC heap after
Heap after GC invocations=1 (full 0):
 PSYoungGen      total 18944K, used 2537K [0x00000000feb00000, 0x0000000100000000, 0x0000000100000000)
  eden space 16384K, 0% used [0x00000000feb00000,0x00000000feb00000,0x00000000ffb00000)
  from space 2560K, 99% used [0x00000000ffb00000,0x00000000ffd7a620,0x00000000ffd80000)
  to   space 2560K, 0% used [0x00000000ffd80000,0x00000000ffd80000,0x0000000100000000)
 ParOldGen       total 44032K, used 1736K [0x00000000fc000000, 0x00000000feb00000, 0x00000000feb00000)
  object space 44032K, 3% used [0x00000000fc000000,0x00000000fc1b2150,0x00000000feb00000)
 Metaspace       used 6597K, capacity 6740K, committed 7040K, reserved 1056768K
  class space    used 773K, capacity 824K, committed 896K, reserved 1048576K
}
Event: 5.292 GC heap before
{Heap before GC invocations=2 (full 0):
 PSYoungGen      total 18944K, used 18921K [0x00000000feb00000, 0x0000000100000000, 0x0000000100000000)
  eden space 16384K, 100% used [0x00000000feb00000,0x00000000ffb00000,0x00000000ffb00000)
  from space 2560K, 99% used [0x00000000ffb00000,0x00000000ffd7a620,0x00000000ffd80000)
  to   space 2560K, 0% used [0x00000000ffd80000,0x00000000ffd80000,0x0000000100000000)
 ParOldGen       total 44032K, used 1736K [0x00000000fc000000, 0x00000000feb00000, 0x00000000feb00000)
  object space 44032K, 3% used [0x00000000fc000000,0x00000000fc1b2150,0x00000000feb00000)
 Metaspace       used 6962K, capacity 7110K, committed 7296K, reserved 1056768K
  class space    used 816K, capacity 861K, committed 896K, reserved 1048576K
Event: 5.317 GC heap after
Heap after GC invocations=2 (full 0):
 PSYoungGen      total 18944K, used 2531K [0x00000000feb00000, 0x0000000100000000, 0x0000000100000000)
  eden space 16384K, 0% used [0x00000000feb00000,0x00000000feb00000,0x00000000ffb00000)
  from space 2560K, 98% used [0x00000000ffd80000,0x00000000ffff8e30,0x0000000100000000)
  to   space 2560K, 0% used [0x00000000ffb00000,0x00000000ffb00000,0x00000000ffd80000)
 ParOldGen       total 44032K, used 6037K [0x00000000fc000000, 0x00000000feb00000, 0x00000000feb00000)
  object space 44032K, 13% used [0x00000000fc000000,0x00000000fc5e5638,0x00000000feb00000)
 Metaspace       used 6962K, capacity 7110K, committed 7296K, reserved 1056768K
  class space    used 816K, capacity 861K, committed 896K, reserved 1048576K
}

Deoptimization events (10 events):
Event: 5.620 Thread 0x000000000277d800 Uncommon trap: reason=unstable_if action=reinterpret pc=0x0000000002bd055c method=java.lang.String.<init>([CII)V @ 18
Event: 5.622 Thread 0x000000000277d800 Uncommon trap: reason=unstable_if action=reinterpret pc=0x0000000002bdec48 method=org.objectweb.asm.ClassWriter.b(Lorg/objectweb/asm/Item;)V @ 13
Event: 5.676 Thread 0x000000000277d800 Uncommon trap: reason=unstable_if action=reinterpret pc=0x0000000002b48ad8 method=java.lang.String.<init>([CII)V @ 18
Event: 5.676 Thread 0x000000000277d800 Uncommon trap: reason=unstable_if action=reinterpret pc=0x0000000002a4eff8 method=java.lang.String.<init>([CII)V @ 18
Event: 5.700 Thread 0x000000000277d800 Uncommon trap: reason=class_check action=maybe_recompile pc=0x0000000002bf582c method=org.objectweb.asm.MethodVisitor.visitVarInsn(II)V @ 13
Event: 5.700 Thread 0x000000000277d800 Uncommon trap: reason=class_check action=maybe_recompile pc=0x0000000002bf582c method=org.objectweb.asm.MethodVisitor.visitVarInsn(II)V @ 13
Event: 5.700 Thread 0x000000000277d800 Uncommon trap: reason=class_check action=maybe_recompile pc=0x0000000002bf582c method=org.objectweb.asm.MethodVisitor.visitVarInsn(II)V @ 13
Event: 5.700 Thread 0x000000000277d800 Uncommon trap: reason=class_check action=maybe_recompile pc=0x0000000002bf582c method=org.objectweb.asm.MethodVisitor.visitVarInsn(II)V @ 13
Event: 5.704 Thread 0x000000000277d800 Uncommon trap: reason=unstable_if action=reinterpret pc=0x0000000002bf4cec method=org.objectweb.asm.Type.getArgumentsAndReturnSizes(Ljava/lang/String;)I @ 41
Event: 5.708 Thread 0x000000000277d800 Uncommon trap: reason=unstable_if action=reinterpret pc=0x0000000002c1b628 method=org.objectweb.asm.MethodWriter.visitVarInsn(II)V @ 148

Classes redefined (0 events):
No events

Internal exceptions (10 events):
Event: 5.037 Thread 0x000000000277d800 Exception <a 'sun/nio/fs/WindowsException'> (0x00000000ff1ae6a0) thrown at [D:\src\AOSP-openjdk-cygwin\jdk8u\hotspot\src\share\vm\prims\jni.cpp, line 709]
Event: 5.037 Thread 0x000000000277d800 Exception <a 'sun/nio/fs/WindowsException'> (0x00000000ff1aec68) thrown at [D:\src\AOSP-openjdk-cygwin\jdk8u\hotspot\src\share\vm\prims\jni.cpp, line 709]
Event: 5.038 Thread 0x000000000277d800 Exception <a 'sun/nio/fs/WindowsException'> (0x00000000ff1af428) thrown at [D:\src\AOSP-openjdk-cygwin\jdk8u\hotspot\src\share\vm\prims\jni.cpp, line 709]
Event: 5.039 Thread 0x000000000277d800 Exception <a 'sun/nio/fs/WindowsException'> (0x00000000ff1af9c8) thrown at [D:\src\AOSP-openjdk-cygwin\jdk8u\hotspot\src\share\vm\prims\jni.cpp, line 709]
Event: 5.039 Thread 0x000000000277d800 Exception <a 'sun/nio/fs/WindowsException'> (0x00000000ff1b0178) thrown at [D:\src\AOSP-openjdk-cygwin\jdk8u\hotspot\src\share\vm\prims\jni.cpp, line 709]
Event: 5.052 Thread 0x000000000277d800 Exception <a 'sun/nio/fs/WindowsException'> (0x00000000ff1b54b8) thrown at [D:\src\AOSP-openjdk-cygwin\jdk8u\hotspot\src\share\vm\prims\jni.cpp, line 709]
Event: 5.332 Thread 0x000000000277d800 Exception <a 'sun/nio/fs/WindowsException'> (0x00000000febb1418) thrown at [D:\src\AOSP-openjdk-cygwin\jdk8u\hotspot\src\share\vm\prims\jni.cpp, line 709]
Event: 5.332 Thread 0x000000000277d800 Exception <a 'sun/nio/fs/WindowsException'> (0x00000000febb1970) thrown at [D:\src\AOSP-openjdk-cygwin\jdk8u\hotspot\src\share\vm\prims\jni.cpp, line 709]
Event: 5.360 Thread 0x000000000277d800 Exception <a 'sun/nio/fs/WindowsException'> (0x00000000febbd170) thrown at [D:\src\AOSP-openjdk-cygwin\jdk8u\hotspot\src\share\vm\prims\jni.cpp, line 709]
Event: 5.360 Thread 0x000000000277d800 Exception <a 'sun/nio/fs/WindowsException'> (0x00000000febbd648) thrown at [D:\src\AOSP-openjdk-cygwin\jdk8u\hotspot\src\share\vm\prims\jni.cpp, line 709]

Events (10 events):
Event: 5.700 Thread 0x000000000277d800 DEOPT PACKING pc=0x0000000002bf582c sp=0x000000000271eb00
Event: 5.700 Thread 0x000000000277d800 DEOPT UNPACKING pc=0x00000000028c556a sp=0x000000000271eab0 mode 2
Event: 5.704 Thread 0x000000000277d800 Uncommon trap: trap_request=0xffffff65 fr.pc=0x0000000002bf4cec
Event: 5.704 Thread 0x000000000277d800 DEOPT PACKING pc=0x0000000002bf4cec sp=0x000000000271e6e0
Event: 5.704 Thread 0x000000000277d800 DEOPT UNPACKING pc=0x00000000028c556a sp=0x000000000271e668 mode 2
Event: 5.708 Thread 0x000000000277d800 Uncommon trap: trap_request=0xffffff65 fr.pc=0x0000000002c1b628
Event: 5.708 Thread 0x000000000277d800 DEOPT PACKING pc=0x0000000002c1b628 sp=0x000000000271eb00
Event: 5.708 Thread 0x000000000277d800 DEOPT UNPACKING pc=0x00000000028c556a sp=0x000000000271ea48 mode 2
Event: 5.956 Executing VM operation: ForceSafepoint
Event: 5.956 Executing VM operation: ForceSafepoint done


Dynamic libraries:
0x00007ff620a70000 - 0x00007ff620aa1000 	C:\Program Files\Android\Android Studio\jre\bin\java.exe
0x00007fff1d320000 - 0x00007fff1d501000 	C:\WINDOWS\SYSTEM32\ntdll.dll
0x00007fff1b1d0000 - 0x00007fff1b282000 	C:\WINDOWS\System32\KERNEL32.DLL
0x00007fff19cf0000 - 0x00007fff19f63000 	C:\WINDOWS\System32\KERNELBASE.dll
0x00007fff1a9e0000 - 0x00007fff1aa81000 	C:\WINDOWS\System32\ADVAPI32.dll
0x00007fff1aa90000 - 0x00007fff1ab2e000 	C:\WINDOWS\System32\msvcrt.dll
0x00007fff1c910000 - 0x00007fff1c96b000 	C:\WINDOWS\System32\sechost.dll
0x00007fff1d110000 - 0x00007fff1d234000 	C:\WINDOWS\System32\RPCRT4.dll
0x00007fff1b040000 - 0x00007fff1b1d0000 	C:\WINDOWS\System32\USER32.dll
0x00007fff1a080000 - 0x00007fff1a0a0000 	C:\WINDOWS\System32\win32u.dll
0x00007fff1c970000 - 0x00007fff1c998000 	C:\WINDOWS\System32\GDI32.dll
0x00007fff19960000 - 0x00007fff19af2000 	C:\WINDOWS\System32\gdi32full.dll
0x00007fff198c0000 - 0x00007fff1995f000 	C:\WINDOWS\System32\msvcp_win.dll
0x00007fff197c0000 - 0x00007fff198ba000 	C:\WINDOWS\System32\ucrtbase.dll
0x00007fff0c6f0000 - 0x00007fff0c959000 	C:\WINDOWS\WinSxS\amd64_microsoft.windows.common-controls_6595b64144ccf1df_6.0.17134.112_none_fb3f961b30681c12\COMCTL32.dll
0x00007fff1acb0000 - 0x00007fff1afd3000 	C:\WINDOWS\System32\combase.dll
0x00007fff19740000 - 0x00007fff197ba000 	C:\WINDOWS\System32\bcryptPrimitives.dll
0x00007fff1b310000 - 0x00007fff1b33d000 	C:\WINDOWS\System32\IMM32.DLL
0x000000005a0e0000 - 0x000000005a1b2000 	C:\Program Files\Android\Android Studio\jre\jre\bin\msvcr100.dll
0x000000005a1c0000 - 0x000000005a9fe000 	C:\Program Files\Android\Android Studio\jre\jre\bin\server\jvm.dll
0x00007fff1a7b0000 - 0x00007fff1a7b8000 	C:\WINDOWS\System32\PSAPI.DLL
0x00007fff15fe0000 - 0x00007fff15fe9000 	C:\WINDOWS\SYSTEM32\WSOCK32.dll
0x00007fff1b460000 - 0x00007fff1b4cc000 	C:\WINDOWS\System32\WS2_32.dll
0x00007fff172d0000 - 0x00007fff172f3000 	C:\WINDOWS\SYSTEM32\WINMM.dll
0x00007fff0e820000 - 0x00007fff0e82a000 	C:\WINDOWS\SYSTEM32\VERSION.dll
0x00007fff172a0000 - 0x00007fff172ca000 	C:\WINDOWS\SYSTEM32\WINMMBASE.dll
0x00007fff196f0000 - 0x00007fff19739000 	C:\WINDOWS\System32\cfgmgr32.dll
0x00007fff15fd0000 - 0x00007fff15fdf000 	C:\Program Files\Android\Android Studio\jre\jre\bin\verify.dll
0x00007fff0d6d0000 - 0x00007fff0d6f9000 	C:\Program Files\Android\Android Studio\jre\jre\bin\java.dll
0x00007fff14860000 - 0x00007fff14876000 	C:\Program Files\Android\Android Studio\jre\jre\bin\zip.dll
0x00007fff1b4d0000 - 0x00007fff1c910000 	C:\WINDOWS\System32\SHELL32.dll
0x00007fff1d240000 - 0x00007fff1d2e9000 	C:\WINDOWS\System32\shcore.dll
0x00007fff1a0a0000 - 0x00007fff1a7ad000 	C:\WINDOWS\System32\windows.storage.dll
0x00007fff1b2a0000 - 0x00007fff1b2f1000 	C:\WINDOWS\System32\shlwapi.dll
0x00007fff196b0000 - 0x00007fff196c1000 	C:\WINDOWS\System32\kernel.appcore.dll
0x00007fff19690000 - 0x00007fff196af000 	C:\WINDOWS\System32\profapi.dll
0x00007fff19630000 - 0x00007fff1967c000 	C:\WINDOWS\System32\powrprof.dll
0x00007fff19680000 - 0x00007fff1968a000 	C:\WINDOWS\System32\FLTLIB.DLL
0x00007fff19060000 - 0x00007fff19077000 	C:\WINDOWS\SYSTEM32\CRYPTSP.dll
0x00007fff18a90000 - 0x00007fff18ac3000 	C:\WINDOWS\system32\rsaenh.dll
0x00007fff19190000 - 0x00007fff191b5000 	C:\WINDOWS\SYSTEM32\bcrypt.dll
0x00007fff19530000 - 0x00007fff19558000 	C:\WINDOWS\SYSTEM32\USERENV.dll
0x00007fff19080000 - 0x00007fff1908b000 	C:\WINDOWS\SYSTEM32\CRYPTBASE.dll
0x00007fff0bd50000 - 0x00007fff0bd6a000 	C:\Program Files\Android\Android Studio\jre\jre\bin\net.dll
0x00007fff18eb0000 - 0x00007fff18f16000 	C:\WINDOWS\system32\mswsock.dll
0x00007fff18c30000 - 0x00007fff18c68000 	C:\WINDOWS\SYSTEM32\IPHLPAPI.DLL
0x00007fff1b290000 - 0x00007fff1b298000 	C:\WINDOWS\System32\NSI.dll
0x00007fff12040000 - 0x00007fff12056000 	C:\WINDOWS\SYSTEM32\dhcpcsvc6.DLL
0x00007fff11150000 - 0x00007fff1116a000 	C:\WINDOWS\SYSTEM32\dhcpcsvc.DLL
0x00007fff09b90000 - 0x00007fff09ba1000 	C:\Program Files\Android\Android Studio\jre\jre\bin\nio.dll

VM Arguments:
jvm_args: -Djava.awt.headless=true -Xmx64M -Dfile.encoding=x-windows-949 -Duser.country=KR -Duser.language=ko -Duser.variant 
java_command: com.google.devtools.build.android.desugar.Desugar @D:\test\app\build\intermediates\tmp\desugar_args2859020973615962199
java_class_path (initial): C:\Users\Goo\AppData\Local\Temp\desugar_deploy.jar6481028145246349520
Launcher Type: SUN_STANDARD

Environment Variables:
PATH=C:\ProgramData\Oracle\Java\javapath;C:\WINDOWS\system32;C:\WINDOWS;C:\WINDOWS\System32\Wbem;C:\WINDOWS\System32\WindowsPowerShell\v1.0\;C:\OpenSSL;;C:\WINDOWS\System32\OpenSSH\;C:\Users\Goo\AppData\Local\Microsoft\WindowsApps;
USERNAME=Goo
OS=Windows_NT
PROCESSOR_IDENTIFIER=Intel64 Family 6 Model 158 Stepping 9, GenuineIntel



---------------  S Y S T E M  ---------------

OS: Windows 10.0 , 64 bit Build 17134 (10.0.17134.1)

CPU:total 8 (initial active 8) (4 cores per cpu, 2 threads per core) family 6 model 158 stepping 9, cmov, cx8, fxsr, mmx, sse, sse2, sse3, ssse3, sse4.1, sse4.2, popcnt, avx, avx2, aes, clmul, erms, 3dnowpref, lzcnt, ht, tsc, tscinvbit, bmi1, bmi2, adx

Memory: 4k page, physical 16692940k(2897340k free), swap 16692940k(1376k free)

vm_info: OpenJDK 64-Bit Server VM (25.152-b01) for windows-amd64 JRE (1.8.0_152-release-915-b01), built by "builder" with MS VC++ 10.0 (VS2010)

time: Tue Jun 19 15:15:16 2018
elapsed time: 6 seconds (0d 0h 0m 6s)

