#
# There is insufficient memory for the Java Runtime Environment to continue.
# Native memory allocation (malloc) failed to allocate 32744 bytes for ChunkPool::allocate
# Possible reasons:
#   The system is out of physical RAM or swap space
#   In 32 bit mode, the process size limit was hit
# Possible solutions:
#   Reduce memory load on the system
#   Increase physical memory or swap space
#   Check if swap backing store is full
#   Use 64 bit Java on a 64 bit OS
#   Decrease Java heap size (-Xmx/-Xms)
#   Decrease number of Java threads
#   Decrease Java thread stack sizes (-Xss)
#   Set larger code cache with -XX:ReservedCodeCacheSize=
# This output file may be truncated or incomplete.
#
#  Out of Memory Error (allocation.cpp:273), pid=12556, tid=0x0000000000002064
#
# JRE version: OpenJDK Runtime Environment (8.0_152-b01) (build 1.8.0_152-release-915-b01)
# Java VM: OpenJDK 64-Bit Server VM (25.152-b01 mixed mode windows-amd64 compressed oops)
# Failed to write core dump. Minidumps are not enabled by default on client versions of Windows
#

---------------  T H R E A D  ---------------

Current thread (0x000000001542f800):  JavaThread "C1 CompilerThread3" daemon [_thread_in_native, id=8292, stack(0x0000000015d80000,0x0000000015e80000)]

Stack: [0x0000000015d80000,0x0000000015e80000]
[error occurred during error reporting (printing stack bounds), id 0xc0000005]

Native frames: (J=compiled Java code, j=interpreted, Vv=VM code, C=native code)


Current CompileTask:
C1:   6217  819       3       org.objectweb.asm.ClassReader::a (3587 bytes)


---------------  P R O C E S S  ---------------

Java Threads: ( => current thread )
  0x000000001548e800 JavaThread "Service Thread" daemon [_thread_blocked, id=7152, stack(0x0000000015e80000,0x0000000015f80000)]
=>0x000000001542f800 JavaThread "C1 CompilerThread3" daemon [_thread_in_native, id=8292, stack(0x0000000015d80000,0x0000000015e80000)]
  0x0000000015415800 JavaThread "C2 CompilerThread2" daemon [_thread_in_native, id=4632, stack(0x0000000015c80000,0x0000000015d80000)]
  0x00000000134cb000 JavaThread "C2 CompilerThread1" daemon [_thread_blocked, id=9192, stack(0x0000000015b80000,0x0000000015c80000)]
  0x00000000153bb000 JavaThread "C2 CompilerThread0" daemon [_thread_blocked, id=9252, stack(0x0000000015a80000,0x0000000015b80000)]
  0x00000000153b9800 JavaThread "Attach Listener" daemon [_thread_blocked, id=1536, stack(0x0000000015980000,0x0000000015a80000)]
  0x0000000015410000 JavaThread "Signal Dispatcher" daemon [_thread_blocked, id=13040, stack(0x0000000015880000,0x0000000015980000)]
  0x00000000153a0800 JavaThread "Finalizer" daemon [_thread_blocked, id=12476, stack(0x0000000015780000,0x0000000015880000)]
  0x0000000002d07000 JavaThread "Reference Handler" daemon [_thread_blocked, id=3180, stack(0x0000000015280000,0x0000000015380000)]
  0x0000000000dfd800 JavaThread "main" [_thread_in_Java, id=772, stack(0x00000000026f0000,0x00000000027f0000)]

Other Threads:
  0x00000000134b5800 VMThread [stack: 0x0000000015180000,0x0000000015280000] [id=14228]
  0x00000000154a7800 WatcherThread [stack: 0x0000000015f80000,0x0000000016080000] [id=13720]

VM state:not at safepoint (normal execution)

VM Mutex/Monitor currently owned by a thread: None

Heap:
 PSYoungGen      total 18944K, used 5654K [0x00000000feb00000, 0x0000000100000000, 0x0000000100000000)
  eden space 16384K, 19% used [0x00000000feb00000,0x00000000fee0cb20,0x00000000ffb00000)
  from space 2560K, 98% used [0x00000000ffd80000,0x00000000ffff8e10,0x0000000100000000)
  to   space 2560K, 0% used [0x00000000ffb00000,0x00000000ffb00000,0x00000000ffd80000)
 ParOldGen       total 44032K, used 6035K [0x00000000fc000000, 0x00000000feb00000, 0x00000000feb00000)
  object space 44032K, 13% used [0x00000000fc000000,0x00000000fc5e4c08,0x00000000feb00000)
 Metaspace       used 7508K, capacity 7654K, committed 7936K, reserved 1056768K
  class space    used 873K, capacity 957K, committed 1024K, reserved 1048576K

Card table byte_map: [0x0000000000dc0000,0x0000000000df0000] byte_map_base: 0x00000000005e0000

Marking Bits: (ParMarkBitMap*) 0x000000005a983950
 Begin Bits: [0x00000000128d0000, 0x00000000129d0000)
 End Bits:   [0x00000000129d0000, 0x0000000012ad0000)

Polling page: 0x0000000000d90000

CodeCache: size=245760Kb used=2906Kb max_used=2917Kb free=242853Kb
 bounds [0x0000000002d10000, 0x0000000002ff0000, 0x0000000011d10000]
 total_blobs=1152 nmethods=818 adapters=248
 compilation: enabled

Compilation events (10 events):
Event: 6.199 Thread 0x000000001542f800 nmethod 813 0x0000000002fe5c90 code [0x0000000002fe5e40, 0x0000000002fe6488]
Event: 6.200 Thread 0x000000001542f800  814       3       org.objectweb.asm.tree.LabelNode::accept (9 bytes)
Event: 6.200 Thread 0x000000001542f800 nmethod 814 0x0000000002fe6710 code [0x0000000002fe68a0, 0x0000000002fe6ca8]
Event: 6.200 Thread 0x000000001542f800  815       3       org.objectweb.asm.ByteVector::putInt (74 bytes)
Event: 6.200 Thread 0x000000001542f800 nmethod 815 0x0000000002fe6e50 code [0x0000000002fe6fc0, 0x0000000002fe7248]
Event: 6.200 Thread 0x000000001542f800  816  s    3       java.io.BufferedOutputStream::write (35 bytes)
Event: 6.201 Thread 0x000000001542f800 nmethod 816 0x0000000002fe7410 code [0x0000000002fe75a0, 0x0000000002fe7a68]
Event: 6.201 Thread 0x000000001542f800  817       3       org.objectweb.asm.MethodVisitor::visitInsn (16 bytes)
Event: 6.201 Thread 0x000000001542f800 nmethod 817 0x0000000002fe7c50 code [0x0000000002fe7dc0, 0x0000000002fe8028]
Event: 6.201 Thread 0x000000001542f800  819       3       org.objectweb.asm.ClassReader::a (3587 bytes)

GC Heap History (4 events):
Event: 4.783 GC heap before
{Heap before GC invocations=1 (full 0):
 PSYoungGen      total 18944K, used 16384K [0x00000000feb00000, 0x0000000100000000, 0x0000000100000000)
  eden space 16384K, 100% used [0x00000000feb00000,0x00000000ffb00000,0x00000000ffb00000)
  from space 2560K, 0% used [0x00000000ffd80000,0x00000000ffd80000,0x0000000100000000)
  to   space 2560K, 0% used [0x00000000ffb00000,0x00000000ffb00000,0x00000000ffd80000)
 ParOldGen       total 44032K, used 0K [0x00000000fc000000, 0x00000000feb00000, 0x00000000feb00000)
  object space 44032K, 0% used [0x00000000fc000000,0x00000000fc000000,0x00000000feb00000)
 Metaspace       used 6615K, capacity 6740K, committed 7040K, reserved 1056768K
  class space    used 774K, capacity 824K, committed 896K, reserved 1048576K
Event: 4.838 GC heap after
Heap after GC invocations=1 (full 0):
 PSYoungGen      total 18944K, used 2537K [0x00000000feb00000, 0x0000000100000000, 0x0000000100000000)
  eden space 16384K, 0% used [0x00000000feb00000,0x00000000feb00000,0x00000000ffb00000)
  from space 2560K, 99% used [0x00000000ffb00000,0x00000000ffd7a620,0x00000000ffd80000)
  to   space 2560K, 0% used [0x00000000ffd80000,0x00000000ffd80000,0x0000000100000000)
 ParOldGen       total 44032K, used 1741K [0x00000000fc000000, 0x00000000feb00000, 0x00000000feb00000)
  object space 44032K, 3% used [0x00000000fc000000,0x00000000fc1b3720,0x00000000feb00000)
 Metaspace       used 6615K, capacity 6740K, committed 7040K, reserved 1056768K
  class space    used 774K, capacity 824K, committed 896K, reserved 1048576K
}
Event: 6.053 GC heap before
{Heap before GC invocations=2 (full 0):
 PSYoungGen      total 18944K, used 18921K [0x00000000feb00000, 0x0000000100000000, 0x0000000100000000)
  eden space 16384K, 100% used [0x00000000feb00000,0x00000000ffb00000,0x00000000ffb00000)
  from space 2560K, 99% used [0x00000000ffb00000,0x00000000ffd7a620,0x00000000ffd80000)
  to   space 2560K, 0% used [0x00000000ffd80000,0x00000000ffd80000,0x0000000100000000)
 ParOldGen       total 44032K, used 1741K [0x00000000fc000000, 0x00000000feb00000, 0x00000000feb00000)
  object space 44032K, 3% used [0x00000000fc000000,0x00000000fc1b3720,0x00000000feb00000)
 Metaspace       used 6967K, capacity 7110K, committed 7296K, reserved 1056768K
  class space    used 816K, capacity 861K, committed 896K, reserved 1048576K
Event: 6.062 GC heap after
Heap after GC invocations=2 (full 0):
 PSYoungGen      total 18944K, used 2531K [0x00000000feb00000, 0x0000000100000000, 0x0000000100000000)
  eden space 16384K, 0% used [0x00000000feb00000,0x00000000feb00000,0x00000000ffb00000)
  from space 2560K, 98% used [0x00000000ffd80000,0x00000000ffff8e10,0x0000000100000000)
  to   space 2560K, 0% used [0x00000000ffb00000,0x00000000ffb00000,0x00000000ffd80000)
 ParOldGen       total 44032K, used 6035K [0x00000000fc000000, 0x00000000feb00000, 0x00000000feb00000)
  object space 44032K, 13% used [0x00000000fc000000,0x00000000fc5e4c08,0x00000000feb00000)
 Metaspace       used 6967K, capacity 7110K, committed 7296K, reserved 1056768K
  class space    used 816K, capacity 861K, committed 896K, reserved 1048576K
}

Deoptimization events (10 events):
Event: 4.767 Thread 0x0000000000dfd800 Uncommon trap: reason=unstable_if action=reinterpret pc=0x0000000002f41d18 method=java.util.zip.ZipCoder.decoder()Ljava/nio/charset/CharsetDecoder; @ 4
Event: 4.767 Thread 0x0000000000dfd800 Uncommon trap: reason=unstable_if action=reinterpret pc=0x0000000002f3d698 method=java.util.zip.ZipEntry.setExtra0([BZ)V @ 1
Event: 4.769 Thread 0x0000000000dfd800 Uncommon trap: reason=unstable_if action=reinterpret pc=0x0000000002f3a488 method=java.util.zip.ZipFile$ZipEntryIterator.hasNext()Z @ 25
Event: 4.769 Thread 0x0000000000dfd800 Uncommon trap: reason=unstable_if action=reinterpret pc=0x0000000002f40700 method=java.util.zip.ZipCoder.decoder()Ljava/nio/charset/CharsetDecoder; @ 4
Event: 4.770 Thread 0x0000000000dfd800 Uncommon trap: reason=unstable_if action=reinterpret pc=0x0000000002f39ddc method=java.util.zip.ZipFile$ZipEntryIterator.hasNext()Z @ 25
Event: 4.877 Thread 0x0000000000dfd800 Uncommon trap: reason=unstable_if action=reinterpret pc=0x0000000002f4c200 method=java.util.zip.ZipCoder.decoder()Ljava/nio/charset/CharsetDecoder; @ 4
Event: 4.878 Thread 0x0000000000dfd800 Uncommon trap: reason=unstable_if action=reinterpret pc=0x0000000002f52578 method=java.util.zip.ZipCoder.decoder()Ljava/nio/charset/CharsetDecoder; @ 4
Event: 4.878 Thread 0x0000000000dfd800 Uncommon trap: reason=unstable_if action=reinterpret pc=0x0000000002f49cec method=java.util.zip.ZipCoder.decoder()Ljava/nio/charset/CharsetDecoder; @ 4
Event: 5.978 Thread 0x0000000000dfd800 Uncommon trap: reason=unloaded action=reinterpret pc=0x0000000002f5487c method=java.util.zip.ZipEntry.setExtra0([BZ)V @ 37
Event: 6.156 Thread 0x0000000000dfd800 Uncommon trap: reason=unstable_if action=reinterpret pc=0x0000000002eee878 method=java.lang.String.<init>([CII)V @ 18

Classes redefined (0 events):
No events

Internal exceptions (10 events):
Event: 5.513 Thread 0x0000000000dfd800 Exception <a 'sun/nio/fs/WindowsException'> (0x00000000ff1b5220) thrown at [D:\src\AOSP-openjdk-cygwin\jdk8u\hotspot\src\share\vm\prims\jni.cpp, line 709]
Event: 5.513 Thread 0x0000000000dfd800 Exception <a 'sun/nio/fs/WindowsException'> (0x00000000ff1b57d8) thrown at [D:\src\AOSP-openjdk-cygwin\jdk8u\hotspot\src\share\vm\prims\jni.cpp, line 709]
Event: 5.513 Thread 0x0000000000dfd800 Exception <a 'sun/nio/fs/WindowsException'> (0x00000000ff1b5f98) thrown at [D:\src\AOSP-openjdk-cygwin\jdk8u\hotspot\src\share\vm\prims\jni.cpp, line 709]
Event: 5.513 Thread 0x0000000000dfd800 Exception <a 'sun/nio/fs/WindowsException'> (0x00000000ff1b6528) thrown at [D:\src\AOSP-openjdk-cygwin\jdk8u\hotspot\src\share\vm\prims\jni.cpp, line 709]
Event: 5.513 Thread 0x0000000000dfd800 Exception <a 'sun/nio/fs/WindowsException'> (0x00000000ff1b6cd8) thrown at [D:\src\AOSP-openjdk-cygwin\jdk8u\hotspot\src\share\vm\prims\jni.cpp, line 709]
Event: 5.524 Thread 0x0000000000dfd800 Exception <a 'sun/nio/fs/WindowsException'> (0x00000000ff1bc000) thrown at [D:\src\AOSP-openjdk-cygwin\jdk8u\hotspot\src\share\vm\prims\jni.cpp, line 709]
Event: 6.070 Thread 0x0000000000dfd800 Exception <a 'sun/nio/fs/WindowsException'> (0x00000000febbcfb8) thrown at [D:\src\AOSP-openjdk-cygwin\jdk8u\hotspot\src\share\vm\prims\jni.cpp, line 709]
Event: 6.070 Thread 0x0000000000dfd800 Exception <a 'sun/nio/fs/WindowsException'> (0x00000000febbd510) thrown at [D:\src\AOSP-openjdk-cygwin\jdk8u\hotspot\src\share\vm\prims\jni.cpp, line 709]
Event: 6.091 Thread 0x0000000000dfd800 Exception <a 'sun/nio/fs/WindowsException'> (0x00000000febc8d18) thrown at [D:\src\AOSP-openjdk-cygwin\jdk8u\hotspot\src\share\vm\prims\jni.cpp, line 709]
Event: 6.092 Thread 0x0000000000dfd800 Exception <a 'sun/nio/fs/WindowsException'> (0x00000000febc91f0) thrown at [D:\src\AOSP-openjdk-cygwin\jdk8u\hotspot\src\share\vm\prims\jni.cpp, line 709]

Events (10 events):
Event: 6.149 loading class java/util/zip/ZipOutputStream$XEntry done
Event: 6.156 Thread 0x0000000000dfd800 Uncommon trap: trap_request=0xffffff65 fr.pc=0x0000000002eee878
Event: 6.157 Thread 0x0000000000dfd800 DEOPT PACKING pc=0x0000000002eee878 sp=0x00000000027ef040
Event: 6.157 Thread 0x0000000000dfd800 DEOPT UNPACKING pc=0x0000000002d5556a sp=0x00000000027ef028 mode 2
Event: 6.157 loading class org/objectweb/asm/Opcodes
Event: 6.157 loading class org/objectweb/asm/Opcodes done
Event: 6.162 loading class org/objectweb/asm/tree/TryCatchBlockNode
Event: 6.162 loading class org/objectweb/asm/tree/TryCatchBlockNode done
Event: 6.163 loading class org/objectweb/asm/Handler
Event: 6.163 loading class org/objectweb/asm/Handler done


Dynamic libraries:
0x00007ff620a70000 - 0x00007ff620aa1000 	C:\Program Files\Android\Android Studio\jre\bin\java.exe
0x00007fff1d320000 - 0x00007fff1d501000 	C:\WINDOWS\SYSTEM32\ntdll.dll
0x00007fff1b1d0000 - 0x00007fff1b282000 	C:\WINDOWS\System32\KERNEL32.DLL
0x00007fff19cf0000 - 0x00007fff19f63000 	C:\WINDOWS\System32\KERNELBASE.dll
0x00007fff1a9e0000 - 0x00007fff1aa81000 	C:\WINDOWS\System32\ADVAPI32.dll
0x00007fff1aa90000 - 0x00007fff1ab2e000 	C:\WINDOWS\System32\msvcrt.dll
0x00007fff1c910000 - 0x00007fff1c96b000 	C:\WINDOWS\System32\sechost.dll
0x00007fff1d110000 - 0x00007fff1d234000 	C:\WINDOWS\System32\RPCRT4.dll
0x00007fff1b040000 - 0x00007fff1b1d0000 	C:\WINDOWS\System32\USER32.dll
0x00007fff1a080000 - 0x00007fff1a0a0000 	C:\WINDOWS\System32\win32u.dll
0x00007fff1c970000 - 0x00007fff1c998000 	C:\WINDOWS\System32\GDI32.dll
0x00007fff19960000 - 0x00007fff19af2000 	C:\WINDOWS\System32\gdi32full.dll
0x00007fff198c0000 - 0x00007fff1995f000 	C:\WINDOWS\System32\msvcp_win.dll
0x00007fff197c0000 - 0x00007fff198ba000 	C:\WINDOWS\System32\ucrtbase.dll
0x00007fff0c6f0000 - 0x00007fff0c959000 	C:\WINDOWS\WinSxS\amd64_microsoft.windows.common-controls_6595b64144ccf1df_6.0.17134.112_none_fb3f961b30681c12\COMCTL32.dll
0x00007fff1acb0000 - 0x00007fff1afd3000 	C:\WINDOWS\System32\combase.dll
0x00007fff19740000 - 0x00007fff197ba000 	C:\WINDOWS\System32\bcryptPrimitives.dll
0x00007fff1b310000 - 0x00007fff1b33d000 	C:\WINDOWS\System32\IMM32.DLL
0x000000005a0e0000 - 0x000000005a1b2000 	C:\Program Files\Android\Android Studio\jre\jre\bin\msvcr100.dll
0x000000005a1c0000 - 0x000000005a9fe000 	C:\Program Files\Android\Android Studio\jre\jre\bin\server\jvm.dll
0x00007fff1a7b0000 - 0x00007fff1a7b8000 	C:\WINDOWS\System32\PSAPI.DLL
0x00007fff172d0000 - 0x00007fff172f3000 	C:\WINDOWS\SYSTEM32\WINMM.dll
0x00007fff15fe0000 - 0x00007fff15fe9000 	C:\WINDOWS\SYSTEM32\WSOCK32.dll
0x00007fff1b460000 - 0x00007fff1b4cc000 	C:\WINDOWS\System32\WS2_32.dll
0x00007fff172a0000 - 0x00007fff172ca000 	C:\WINDOWS\SYSTEM32\WINMMBASE.dll
0x00007fff196f0000 - 0x00007fff19739000 	C:\WINDOWS\System32\cfgmgr32.dll
0x00007fff0e820000 - 0x00007fff0e82a000 	C:\WINDOWS\SYSTEM32\VERSION.dll
0x00007fff15fd0000 - 0x00007fff15fdf000 	C:\Program Files\Android\Android Studio\jre\jre\bin\verify.dll
0x00007fff0d6d0000 - 0x00007fff0d6f9000 	C:\Program Files\Android\Android Studio\jre\jre\bin\java.dll
0x00007fff14860000 - 0x00007fff14876000 	C:\Program Files\Android\Android Studio\jre\jre\bin\zip.dll
0x00007fff1b4d0000 - 0x00007fff1c910000 	C:\WINDOWS\System32\SHELL32.dll
0x00007fff1d240000 - 0x00007fff1d2e9000 	C:\WINDOWS\System32\shcore.dll
0x00007fff1a0a0000 - 0x00007fff1a7ad000 	C:\WINDOWS\System32\windows.storage.dll
0x00007fff1b2a0000 - 0x00007fff1b2f1000 	C:\WINDOWS\System32\shlwapi.dll
0x00007fff196b0000 - 0x00007fff196c1000 	C:\WINDOWS\System32\kernel.appcore.dll
0x00007fff19690000 - 0x00007fff196af000 	C:\WINDOWS\System32\profapi.dll
0x00007fff19630000 - 0x00007fff1967c000 	C:\WINDOWS\System32\powrprof.dll
0x00007fff19680000 - 0x00007fff1968a000 	C:\WINDOWS\System32\FLTLIB.DLL
0x00007fff19060000 - 0x00007fff19077000 	C:\WINDOWS\SYSTEM32\CRYPTSP.dll
0x00007fff18a90000 - 0x00007fff18ac3000 	C:\WINDOWS\system32\rsaenh.dll
0x00007fff19190000 - 0x00007fff191b5000 	C:\WINDOWS\SYSTEM32\bcrypt.dll
0x00007fff19530000 - 0x00007fff19558000 	C:\WINDOWS\SYSTEM32\USERENV.dll
0x00007fff19080000 - 0x00007fff1908b000 	C:\WINDOWS\SYSTEM32\CRYPTBASE.dll
0x00007fff0bd50000 - 0x00007fff0bd6a000 	C:\Program Files\Android\Android Studio\jre\jre\bin\net.dll
0x00007fff18eb0000 - 0x00007fff18f16000 	C:\WINDOWS\system32\mswsock.dll
0x00007fff18c30000 - 0x00007fff18c68000 	C:\WINDOWS\SYSTEM32\IPHLPAPI.DLL
0x00007fff1b290000 - 0x00007fff1b298000 	C:\WINDOWS\System32\NSI.dll
0x00007fff12040000 - 0x00007fff12056000 	C:\WINDOWS\SYSTEM32\dhcpcsvc6.DLL
0x00007fff11150000 - 0x00007fff1116a000 	C:\WINDOWS\SYSTEM32\dhcpcsvc.DLL
0x00007fff09b90000 - 0x00007fff09ba1000 	C:\Program Files\Android\Android Studio\jre\jre\bin\nio.dll

VM Arguments:
jvm_args: -Djava.awt.headless=true -Xmx64M -Dfile.encoding=x-windows-949 -Duser.country=KR -Duser.language=ko -Duser.variant 
java_command: com.google.devtools.build.android.desugar.Desugar @D:\test\app\build\intermediates\tmp\desugar_args6436244588207438532
java_class_path (initial): C:\Users\Goo\AppData\Local\Temp\desugar_deploy.jar6481028145246349520
Launcher Type: SUN_STANDARD

Environment Variables:
PATH=C:\ProgramData\Oracle\Java\javapath;C:\WINDOWS\system32;C:\WINDOWS;C:\WINDOWS\System32\Wbem;C:\WINDOWS\System32\WindowsPowerShell\v1.0\;C:\OpenSSL;;C:\WINDOWS\System32\OpenSSH\;C:\Users\Goo\AppData\Local\Microsoft\WindowsApps;
USERNAME=Goo
OS=Windows_NT
PROCESSOR_IDENTIFIER=Intel64 Family 6 Model 158 Stepping 9, GenuineIntel



---------------  S Y S T E M  ---------------

OS: Windows 10.0 , 64 bit Build 17134 (10.0.17134.1)

CPU:total 8 (initial active 8) (4 cores per cpu, 2 threads per core) family 6 model 158 stepping 9, cmov, cx8, fxsr, mmx, sse, sse2, sse3, ssse3, sse4.1, sse4.2, popcnt, avx, avx2, aes, clmul, erms, 3dnowpref, lzcnt, ht, tsc, tscinvbit, bmi1, bmi2, adx

Memory: 4k page, physical 16692940k(2533032k free), swap 16692940k(216k free)

vm_info: OpenJDK 64-Bit Server VM (25.152-b01) for windows-amd64 JRE (1.8.0_152-release-915-b01), built by "builder" with MS VC++ 10.0 (VS2010)

time: Tue Jun 19 16:10:33 2018
elapsed time: 6 seconds (0d 0h 0m 6s)

