#
# There is insufficient memory for the Java Runtime Environment to continue.
# Native memory allocation (malloc) failed to allocate 32744 bytes for ChunkPool::allocate
# Possible reasons:
#   The system is out of physical RAM or swap space
#   In 32 bit mode, the process size limit was hit
# Possible solutions:
#   Reduce memory load on the system
#   Increase physical memory or swap space
#   Check if swap backing store is full
#   Use 64 bit Java on a 64 bit OS
#   Decrease Java heap size (-Xmx/-Xms)
#   Decrease number of Java threads
#   Decrease Java thread stack sizes (-Xss)
#   Set larger code cache with -XX:ReservedCodeCacheSize=
# This output file may be truncated or incomplete.
#
#  Out of Memory Error (allocation.cpp:273), pid=13452, tid=0x000000000000143c
#
# JRE version: OpenJDK Runtime Environment (8.0_152-b01) (build 1.8.0_152-release-915-b01)
# Java VM: OpenJDK 64-Bit Server VM (25.152-b01 mixed mode windows-amd64 compressed oops)
# Failed to write core dump. Minidumps are not enabled by default on client versions of Windows
#

---------------  T H R E A D  ---------------

Current thread (0x000000001320a800):  JavaThread "C2 CompilerThread1" daemon [_thread_in_native, id=5180, stack(0x0000000015970000,0x0000000015a70000)]

Stack: [0x0000000015970000,0x0000000015a70000]
[error occurred during error reporting (printing stack bounds), id 0xc0000005]

Native frames: (J=compiled Java code, j=interpreted, Vv=VM code, C=native code)


Current CompileTask:
C2:   2503  949 %     4       org.objectweb.asm.ClassReader::a @ 700 (3587 bytes)


---------------  P R O C E S S  ---------------

Java Threads: ( => current thread )
  0x000000001517b800 JavaThread "Service Thread" daemon [_thread_blocked, id=1436, stack(0x0000000015c70000,0x0000000015d70000)]
  0x000000001320e800 JavaThread "C1 CompilerThread3" daemon [_thread_blocked, id=12904, stack(0x0000000015b70000,0x0000000015c70000)]
  0x0000000015173000 JavaThread "C2 CompilerThread2" daemon [_thread_blocked, id=1488, stack(0x0000000015a70000,0x0000000015b70000)]
=>0x000000001320a800 JavaThread "C2 CompilerThread1" daemon [_thread_in_native, id=5180, stack(0x0000000015970000,0x0000000015a70000)]
  0x000000001516f000 JavaThread "C2 CompilerThread0" daemon [_thread_blocked, id=12648, stack(0x0000000015870000,0x0000000015970000)]
  0x000000001516d800 JavaThread "Attach Listener" daemon [_thread_blocked, id=9720, stack(0x0000000015770000,0x0000000015870000)]
  0x000000001511a000 JavaThread "Signal Dispatcher" daemon [_thread_blocked, id=9988, stack(0x0000000015670000,0x0000000015770000)]
  0x0000000002a4e000 JavaThread "Finalizer" daemon [_thread_blocked, id=1356, stack(0x00000000154e0000,0x00000000155e0000)]
  0x0000000002a47000 JavaThread "Reference Handler" daemon [_thread_blocked, id=13896, stack(0x0000000014fe0000,0x00000000150e0000)]
  0x00000000024fd800 JavaThread "main" [_thread_in_native, id=4712, stack(0x0000000002850000,0x0000000002950000)]

Other Threads:
  0x00000000131f5800 VMThread [stack: 0x0000000014ee0000,0x0000000014fe0000] [id=11572]
  0x000000001517c800 WatcherThread [stack: 0x0000000015d70000,0x0000000015e70000] [id=9640]

VM state:not at safepoint (normal execution)

VM Mutex/Monitor currently owned by a thread: None

Heap:
 PSYoungGen      total 18944K, used 13903K [0x00000000feb00000, 0x0000000100000000, 0x0000000100000000)
  eden space 16384K, 69% used [0x00000000feb00000,0x00000000ff61b960,0x00000000ffb00000)
  from space 2560K, 98% used [0x00000000ffd80000,0x00000000ffff8310,0x0000000100000000)
  to   space 2560K, 0% used [0x00000000ffb00000,0x00000000ffb00000,0x00000000ffd80000)
 ParOldGen       total 44032K, used 6042K [0x00000000fc000000, 0x00000000feb00000, 0x00000000feb00000)
  object space 44032K, 13% used [0x00000000fc000000,0x00000000fc5e6818,0x00000000feb00000)
 Metaspace       used 7694K, capacity 7906K, committed 8192K, reserved 1056768K
  class space    used 875K, capacity 957K, committed 1024K, reserved 1048576K

Card table byte_map: [0x0000000002410000,0x0000000002440000] byte_map_base: 0x0000000001c30000

Marking Bits: (ParMarkBitMap*) 0x00000000673d3950
 Begin Bits: [0x0000000012610000, 0x0000000012710000)
 End Bits:   [0x0000000012710000, 0x0000000012810000)

Polling page: 0x0000000000ab0000

CodeCache: size=245760Kb used=3856Kb max_used=3870Kb free=241903Kb
 bounds [0x0000000002a50000, 0x0000000002e20000, 0x0000000011a50000]
 total_blobs=1340 nmethods=1006 adapters=248
 compilation: enabled

Compilation events (10 events):
Event: 2.203 Thread 0x000000001320e800 1007       3       java.util.zip.ZipOutputStream::version (48 bytes)
Event: 2.203 Thread 0x000000001320e800 nmethod 1007 0x0000000002e09c10 code [0x0000000002e09d80, 0x0000000002e09f68]
Event: 2.205 Thread 0x000000001516f000 nmethod 985 0x0000000002e0c2d0 code [0x0000000002e0c420, 0x0000000002e0c678]
Event: 2.205 Thread 0x000000001516f000 1000       4       org.objectweb.asm.Label::a (214 bytes)
Event: 2.208 Thread 0x000000001516f000 nmethod 1000 0x0000000002e0ffd0 code [0x0000000002e10120, 0x0000000002e10418]
Event: 2.208 Thread 0x000000001516f000 1004  s    4       java.io.BufferedOutputStream::write (35 bytes)
Event: 2.210 Thread 0x000000001516f000 nmethod 1004 0x0000000002e0f9d0 code [0x0000000002e0fb20, 0x0000000002e0fe88]
Event: 2.210 Thread 0x000000001516f000 1001       4       org.objectweb.asm.MethodWriter::visitLabel (321 bytes)
Event: 2.217 Thread 0x000000001516f000 nmethod 1001 0x0000000002e0ed50 code [0x0000000002e0eec0, 0x0000000002e0f498]
Event: 2.281 Thread 0x0000000015173000 nmethod 981 0x0000000002e13b10 code [0x0000000002e13e80, 0x0000000002e168b8]

GC Heap History (4 events):
Event: 1.166 GC heap before
{Heap before GC invocations=1 (full 0):
 PSYoungGen      total 18944K, used 16384K [0x00000000feb00000, 0x0000000100000000, 0x0000000100000000)
  eden space 16384K, 100% used [0x00000000feb00000,0x00000000ffb00000,0x00000000ffb00000)
  from space 2560K, 0% used [0x00000000ffd80000,0x00000000ffd80000,0x0000000100000000)
  to   space 2560K, 0% used [0x00000000ffb00000,0x00000000ffb00000,0x00000000ffd80000)
 ParOldGen       total 44032K, used 0K [0x00000000fc000000, 0x00000000feb00000, 0x00000000feb00000)
  object space 44032K, 0% used [0x00000000fc000000,0x00000000fc000000,0x00000000feb00000)
 Metaspace       used 6630K, capacity 6800K, committed 7040K, reserved 1056768K
  class space    used 773K, capacity 824K, committed 896K, reserved 1048576K
Event: 1.191 GC heap after
Heap after GC invocations=1 (full 0):
 PSYoungGen      total 18944K, used 2537K [0x00000000feb00000, 0x0000000100000000, 0x0000000100000000)
  eden space 16384K, 0% used [0x00000000feb00000,0x00000000feb00000,0x00000000ffb00000)
  from space 2560K, 99% used [0x00000000ffb00000,0x00000000ffd7a620,0x00000000ffd80000)
  to   space 2560K, 0% used [0x00000000ffd80000,0x00000000ffd80000,0x0000000100000000)
 ParOldGen       total 44032K, used 1500K [0x00000000fc000000, 0x00000000feb00000, 0x00000000feb00000)
  object space 44032K, 3% used [0x00000000fc000000,0x00000000fc177310,0x00000000feb00000)
 Metaspace       used 6630K, capacity 6800K, committed 7040K, reserved 1056768K
  class space    used 773K, capacity 824K, committed 896K, reserved 1048576K
}
Event: 1.661 GC heap before
{Heap before GC invocations=2 (full 0):
 PSYoungGen      total 18944K, used 18921K [0x00000000feb00000, 0x0000000100000000, 0x0000000100000000)
  eden space 16384K, 100% used [0x00000000feb00000,0x00000000ffb00000,0x00000000ffb00000)
  from space 2560K, 99% used [0x00000000ffb00000,0x00000000ffd7a620,0x00000000ffd80000)
  to   space 2560K, 0% used [0x00000000ffd80000,0x00000000ffd80000,0x0000000100000000)
 ParOldGen       total 44032K, used 1500K [0x00000000fc000000, 0x00000000feb00000, 0x00000000feb00000)
  object space 44032K, 3% used [0x00000000fc000000,0x00000000fc177310,0x00000000feb00000)
 Metaspace       used 6975K, capacity 7106K, committed 7296K, reserved 1056768K
  class space    used 816K, capacity 861K, committed 896K, reserved 1048576K
Event: 1.684 GC heap after
Heap after GC invocations=2 (full 0):
 PSYoungGen      total 18944K, used 2528K [0x00000000feb00000, 0x0000000100000000, 0x0000000100000000)
  eden space 16384K, 0% used [0x00000000feb00000,0x00000000feb00000,0x00000000ffb00000)
  from space 2560K, 98% used [0x00000000ffd80000,0x00000000ffff8310,0x0000000100000000)
  to   space 2560K, 0% used [0x00000000ffb00000,0x00000000ffb00000,0x00000000ffd80000)
 ParOldGen       total 44032K, used 6042K [0x00000000fc000000, 0x00000000feb00000, 0x00000000feb00000)
  object space 44032K, 13% used [0x00000000fc000000,0x00000000fc5e6818,0x00000000feb00000)
 Metaspace       used 6975K, capacity 7106K, committed 7296K, reserved 1056768K
  class space    used 816K, capacity 861K, committed 896K, reserved 1048576K
}

Deoptimization events (10 events):
Event: 1.153 Thread 0x00000000024fd800 Uncommon trap: reason=unstable_if action=reinterpret pc=0x0000000002c9e080 method=java.util.zip.ZipCoder.decoder()Ljava/nio/charset/CharsetDecoder; @ 4
Event: 1.217 Thread 0x00000000024fd800 Uncommon trap: reason=unstable_if action=reinterpret pc=0x0000000002ca77b8 method=java.util.zip.ZipCoder.decoder()Ljava/nio/charset/CharsetDecoder; @ 4
Event: 1.217 Thread 0x00000000024fd800 Uncommon trap: reason=unstable_if action=reinterpret pc=0x0000000002ca53ac method=java.util.zip.ZipCoder.decoder()Ljava/nio/charset/CharsetDecoder; @ 4
Event: 1.249 Thread 0x00000000024fd800 Uncommon trap: reason=unstable_if action=reinterpret pc=0x0000000002caf788 method=java.util.HashMap$HashIterator.nextNode()Ljava/util/HashMap$Node; @ 74
Event: 1.421 Thread 0x00000000024fd800 Uncommon trap: reason=unstable_if action=reinterpret pc=0x0000000002c93fc8 method=java.util.HashMap$HashIterator.nextNode()Ljava/util/HashMap$Node; @ 74
Event: 1.605 Thread 0x00000000024fd800 Uncommon trap: reason=unloaded action=reinterpret pc=0x0000000002ca927c method=java.util.zip.ZipEntry.setExtra0([BZ)V @ 37
Event: 1.867 Thread 0x00000000024fd800 Uncommon trap: reason=unstable_if action=reinterpret pc=0x0000000002bf48b8 method=java.lang.String.<init>([CII)V @ 18
Event: 2.165 Thread 0x00000000024fd800 Uncommon trap: reason=unstable_if action=reinterpret pc=0x0000000002d93218 method=org.objectweb.asm.Item.a(Lorg/objectweb/asm/Item;)Z @ 345
Event: 2.184 Thread 0x00000000024fd800 Uncommon trap: reason=unstable_if action=reinterpret pc=0x0000000002dbe5f8 method=org.objectweb.asm.Type.getArgumentsAndReturnSizes(Ljava/lang/String;)I @ 41
Event: 2.194 Thread 0x00000000024fd800 Uncommon trap: reason=unstable_if action=reinterpret pc=0x0000000002dd5ee4 method=org.objectweb.asm.MethodWriter.visitVarInsn(II)V @ 142

Classes redefined (0 events):
No events

Internal exceptions (10 events):
Event: 1.407 Thread 0x00000000024fd800 Exception <a 'sun/nio/fs/WindowsException'> (0x00000000ff24f918) thrown at [D:\src\AOSP-openjdk-cygwin\jdk8u\hotspot\src\share\vm\prims\jni.cpp, line 709]
Event: 1.408 Thread 0x00000000024fd800 Exception <a 'sun/nio/fs/WindowsException'> (0x00000000ff24fee0) thrown at [D:\src\AOSP-openjdk-cygwin\jdk8u\hotspot\src\share\vm\prims\jni.cpp, line 709]
Event: 1.408 Thread 0x00000000024fd800 Exception <a 'sun/nio/fs/WindowsException'> (0x00000000ff2506a0) thrown at [D:\src\AOSP-openjdk-cygwin\jdk8u\hotspot\src\share\vm\prims\jni.cpp, line 709]
Event: 1.408 Thread 0x00000000024fd800 Exception <a 'sun/nio/fs/WindowsException'> (0x00000000ff250c40) thrown at [D:\src\AOSP-openjdk-cygwin\jdk8u\hotspot\src\share\vm\prims\jni.cpp, line 709]
Event: 1.408 Thread 0x00000000024fd800 Exception <a 'sun/nio/fs/WindowsException'> (0x00000000ff2513f0) thrown at [D:\src\AOSP-openjdk-cygwin\jdk8u\hotspot\src\share\vm\prims\jni.cpp, line 709]
Event: 1.499 Thread 0x00000000024fd800 Exception <a 'sun/nio/fs/WindowsException'> (0x00000000ff256730) thrown at [D:\src\AOSP-openjdk-cygwin\jdk8u\hotspot\src\share\vm\prims\jni.cpp, line 709]
Event: 1.691 Thread 0x00000000024fd800 Exception <a 'sun/nio/fs/WindowsException'> (0x00000000feb5d7f8) thrown at [D:\src\AOSP-openjdk-cygwin\jdk8u\hotspot\src\share\vm\prims\jni.cpp, line 709]
Event: 1.692 Thread 0x00000000024fd800 Exception <a 'sun/nio/fs/WindowsException'> (0x00000000feb5dd50) thrown at [D:\src\AOSP-openjdk-cygwin\jdk8u\hotspot\src\share\vm\prims\jni.cpp, line 709]
Event: 2.287 Thread 0x00000000024fd800 Exception <a 'sun/nio/fs/WindowsException'> (0x00000000ff5e5b08) thrown at [D:\src\AOSP-openjdk-cygwin\jdk8u\hotspot\src\share\vm\prims\jni.cpp, line 709]
Event: 2.287 Thread 0x00000000024fd800 Exception <a 'sun/nio/fs/WindowsException'> (0x00000000ff5e5fe0) thrown at [D:\src\AOSP-openjdk-cygwin\jdk8u\hotspot\src\share\vm\prims\jni.cpp, line 709]

Events (10 events):
Event: 2.184 Thread 0x00000000024fd800 DEOPT UNPACKING pc=0x0000000002a9556a sp=0x000000000294eb58 mode 2
Event: 2.188 Thread 0x00000000024fd800 DEOPT PACKING pc=0x0000000002bc17c7 sp=0x000000000294f1b0
Event: 2.188 Thread 0x00000000024fd800 DEOPT UNPACKING pc=0x0000000002a975bf sp=0x000000000294eee0 mode 0
Event: 2.194 Thread 0x00000000024fd800 Uncommon trap: trap_request=0xffffff65 fr.pc=0x0000000002dd5ee4
Event: 2.194 Thread 0x00000000024fd800 DEOPT PACKING pc=0x0000000002dd5ee4 sp=0x000000000294ee00
Event: 2.194 Thread 0x00000000024fd800 DEOPT UNPACKING pc=0x0000000002a9556a sp=0x000000000294ed48 mode 2
Event: 2.202 loading class java/util/Vector$Itr
Event: 2.202 loading class java/util/Vector$Itr done
Event: 2.202 Thread 0x00000000024fd800 DEOPT PACKING pc=0x0000000002bc17c7 sp=0x000000000294f1a0
Event: 2.202 Thread 0x00000000024fd800 DEOPT UNPACKING pc=0x0000000002a975bf sp=0x000000000294eed0 mode 0


Dynamic libraries:
0x00007ff6c8c60000 - 0x00007ff6c8c91000 	C:\Program Files\Android\Android Studio\jre\bin\java.exe
0x00007ffba9340000 - 0x00007ffba9521000 	C:\WINDOWS\SYSTEM32\ntdll.dll
0x00007ffba6ca0000 - 0x00007ffba6d52000 	C:\WINDOWS\System32\KERNEL32.DLL
0x00007ffba6070000 - 0x00007ffba62e3000 	C:\WINDOWS\System32\KERNELBASE.dll
0x00007ffba9260000 - 0x00007ffba9301000 	C:\WINDOWS\System32\ADVAPI32.dll
0x00007ffba77b0000 - 0x00007ffba784e000 	C:\WINDOWS\System32\msvcrt.dll
0x00007ffba71b0000 - 0x00007ffba720b000 	C:\WINDOWS\System32\sechost.dll
0x00007ffba7580000 - 0x00007ffba76a4000 	C:\WINDOWS\System32\RPCRT4.dll
0x00007ffba7ac0000 - 0x00007ffba7c50000 	C:\WINDOWS\System32\USER32.dll
0x00007ffba5790000 - 0x00007ffba57b0000 	C:\WINDOWS\System32\win32u.dll
0x00007ffba67e0000 - 0x00007ffba6808000 	C:\WINDOWS\System32\GDI32.dll
0x00007ffba6530000 - 0x00007ffba66c2000 	C:\WINDOWS\System32\gdi32full.dll
0x00007ffba5fd0000 - 0x00007ffba606f000 	C:\WINDOWS\System32\msvcp_win.dll
0x00007ffba66d0000 - 0x00007ffba67ca000 	C:\WINDOWS\System32\ucrtbase.dll
0x00007ffb93ad0000 - 0x00007ffb93d39000 	C:\WINDOWS\WinSxS\amd64_microsoft.windows.common-controls_6595b64144ccf1df_6.0.17134.48_none_b4b2216a3cb4dd3e\COMCTL32.dll
0x00007ffba6810000 - 0x00007ffba6b33000 	C:\WINDOWS\System32\combase.dll
0x00007ffba5710000 - 0x00007ffba578a000 	C:\WINDOWS\System32\bcryptPrimitives.dll
0x00007ffba9090000 - 0x00007ffba90bd000 	C:\WINDOWS\System32\IMM32.DLL
0x0000000069530000 - 0x0000000069602000 	C:\Program Files\Android\Android Studio\jre\jre\bin\msvcr100.dll
0x0000000066c10000 - 0x000000006744e000 	C:\Program Files\Android\Android Studio\jre\jre\bin\server\jvm.dll
0x00007ffba91d0000 - 0x00007ffba91d8000 	C:\WINDOWS\System32\PSAPI.DLL
0x00007ffba1d20000 - 0x00007ffba1d29000 	C:\WINDOWS\SYSTEM32\WSOCK32.dll
0x00007ffba7510000 - 0x00007ffba757c000 	C:\WINDOWS\System32\WS2_32.dll
0x00007ffb95780000 - 0x00007ffb957a3000 	C:\WINDOWS\SYSTEM32\WINMM.dll
0x00007ffb9d7c0000 - 0x00007ffb9d7ca000 	C:\WINDOWS\SYSTEM32\VERSION.dll
0x00007ffb95570000 - 0x00007ffb9559a000 	C:\WINDOWS\SYSTEM32\WINMMBASE.dll
0x00007ffba64e0000 - 0x00007ffba6529000 	C:\WINDOWS\System32\cfgmgr32.dll
0x00007ffba3a40000 - 0x00007ffba3a4f000 	C:\Program Files\Android\Android Studio\jre\jre\bin\verify.dll
0x00007ffba1b00000 - 0x00007ffba1b29000 	C:\Program Files\Android\Android Studio\jre\jre\bin\java.dll
0x00007ffba1280000 - 0x00007ffba1296000 	C:\Program Files\Android\Android Studio\jre\jre\bin\zip.dll
0x00007ffba7c50000 - 0x00007ffba9090000 	C:\WINDOWS\System32\SHELL32.dll
0x00007ffba9120000 - 0x00007ffba91c9000 	C:\WINDOWS\System32\shcore.dll
0x00007ffba58c0000 - 0x00007ffba5fcd000 	C:\WINDOWS\System32\windows.storage.dll
0x00007ffba90c0000 - 0x00007ffba9111000 	C:\WINDOWS\System32\shlwapi.dll
0x00007ffba5680000 - 0x00007ffba5691000 	C:\WINDOWS\System32\kernel.appcore.dll
0x00007ffba56f0000 - 0x00007ffba570f000 	C:\WINDOWS\System32\profapi.dll
0x00007ffba56a0000 - 0x00007ffba56ec000 	C:\WINDOWS\System32\powrprof.dll
0x00007ffba5650000 - 0x00007ffba565a000 	C:\WINDOWS\System32\FLTLIB.DLL
0x00007ffba5080000 - 0x00007ffba5097000 	C:\WINDOWS\SYSTEM32\CRYPTSP.dll
0x00007ffba4ab0000 - 0x00007ffba4ae3000 	C:\WINDOWS\system32\rsaenh.dll
0x00007ffba51b0000 - 0x00007ffba51d5000 	C:\WINDOWS\SYSTEM32\bcrypt.dll
0x00007ffba5580000 - 0x00007ffba55a8000 	C:\WINDOWS\SYSTEM32\USERENV.dll
0x00007ffba50a0000 - 0x00007ffba50ab000 	C:\WINDOWS\SYSTEM32\CRYPTBASE.dll
0x00007ffba1180000 - 0x00007ffba119a000 	C:\Program Files\Android\Android Studio\jre\jre\bin\net.dll
0x00007ffba4ed0000 - 0x00007ffba4f36000 	C:\WINDOWS\system32\mswsock.dll
0x00007ffba4c50000 - 0x00007ffba4c88000 	C:\WINDOWS\SYSTEM32\IPHLPAPI.DLL
0x00007ffba7430000 - 0x00007ffba7438000 	C:\WINDOWS\System32\NSI.dll
0x00007ffb9a1f0000 - 0x00007ffb9a206000 	C:\WINDOWS\SYSTEM32\dhcpcsvc6.DLL
0x00007ffb9a120000 - 0x00007ffb9a13a000 	C:\WINDOWS\SYSTEM32\dhcpcsvc.DLL
0x00007ffb9f410000 - 0x00007ffb9f421000 	C:\Program Files\Android\Android Studio\jre\jre\bin\nio.dll

VM Arguments:
jvm_args: -Djava.awt.headless=true -Xmx64M -Dfile.encoding=x-windows-949 -Duser.country=KR -Duser.language=ko -Duser.variant 
java_command: com.google.devtools.build.android.desugar.Desugar @D:\test\app\build\intermediates\tmp\desugar_args5689741153205414978
java_class_path (initial): C:\Users\Goo\AppData\Local\Temp\desugar_deploy.jar817229055182116543
Launcher Type: SUN_STANDARD

Environment Variables:
PATH=C:\ProgramData\Oracle\Java\javapath;C:\WINDOWS\system32;C:\WINDOWS;C:\WINDOWS\System32\Wbem;C:\WINDOWS\System32\WindowsPowerShell\v1.0\;C:\OpenSSL;;C:\WINDOWS\System32\OpenSSH\;C:\Users\Goo\AppData\Local\Microsoft\WindowsApps;
USERNAME=Goo
OS=Windows_NT
PROCESSOR_IDENTIFIER=Intel64 Family 6 Model 158 Stepping 9, GenuineIntel



---------------  S Y S T E M  ---------------

OS: Windows 10.0 , 64 bit Build 17134 (10.0.17134.1)

CPU:total 8 (initial active 8) (4 cores per cpu, 2 threads per core) family 6 model 158 stepping 9, cmov, cx8, fxsr, mmx, sse, sse2, sse3, ssse3, sse4.1, sse4.2, popcnt, avx, avx2, aes, clmul, erms, 3dnowpref, lzcnt, ht, tsc, tscinvbit, bmi1, bmi2, adx

Memory: 4k page, physical 16692940k(4183608k free), swap 16692940k(6936k free)

vm_info: OpenJDK 64-Bit Server VM (25.152-b01) for windows-amd64 JRE (1.8.0_152-release-915-b01), built by "builder" with MS VC++ 10.0 (VS2010)

time: Sun May 27 23:02:14 2018
elapsed time: 2 seconds (0d 0h 0m 2s)

