#
# There is insufficient memory for the Java Runtime Environment to continue.
# Native memory allocation (malloc) failed to allocate 32744 bytes for ChunkPool::allocate
# Possible reasons:
#   The system is out of physical RAM or swap space
#   In 32 bit mode, the process size limit was hit
# Possible solutions:
#   Reduce memory load on the system
#   Increase physical memory or swap space
#   Check if swap backing store is full
#   Use 64 bit Java on a 64 bit OS
#   Decrease Java heap size (-Xmx/-Xms)
#   Decrease number of Java threads
#   Decrease Java thread stack sizes (-Xss)
#   Set larger code cache with -XX:ReservedCodeCacheSize=
# This output file may be truncated or incomplete.
#
#  Out of Memory Error (allocation.cpp:273), pid=11036, tid=0x0000000000000248
#
# JRE version: OpenJDK Runtime Environment (8.0_152-b01) (build 1.8.0_152-release-915-b01)
# Java VM: OpenJDK 64-Bit Server VM (25.152-b01 mixed mode windows-amd64 compressed oops)
# Failed to write core dump. Minidumps are not enabled by default on client versions of Windows
#

---------------  T H R E A D  ---------------

Current thread (0x0000000015fdf000):  JavaThread "C2 CompilerThread1" daemon [_thread_in_vm, id=584, stack(0x0000000016790000,0x0000000016890000)]

Stack: [0x0000000016790000,0x0000000016890000]
[error occurred during error reporting (printing stack bounds), id 0xc0000005]

Native frames: (J=compiled Java code, j=interpreted, Vv=VM code, C=native code)


Current CompileTask:
C2:   2605  879       4       org.objectweb.asm.ByteVector::b (64 bytes)


---------------  P R O C E S S  ---------------

Java Threads: ( => current thread )
  0x0000000015fe8800 JavaThread "Service Thread" daemon [_thread_blocked, id=9096, stack(0x0000000016a90000,0x0000000016b90000)]
  0x0000000015fe5800 JavaThread "C1 CompilerThread3" daemon [_thread_in_native, id=12168, stack(0x0000000016990000,0x0000000016a90000)]
  0x0000000015fe2800 JavaThread "C2 CompilerThread2" daemon [_thread_in_native, id=11112, stack(0x0000000016890000,0x0000000016990000)]
=>0x0000000015fdf000 JavaThread "C2 CompilerThread1" daemon [_thread_in_vm, id=584, stack(0x0000000016790000,0x0000000016890000)]
  0x0000000015f39000 JavaThread "C2 CompilerThread0" daemon [_thread_in_native, id=9548, stack(0x0000000016690000,0x0000000016790000)]
  0x0000000015f38000 JavaThread "Attach Listener" daemon [_thread_blocked, id=1660, stack(0x0000000016590000,0x0000000016690000)]
  0x000000001400e800 JavaThread "Signal Dispatcher" daemon [_thread_blocked, id=12308, stack(0x0000000016490000,0x0000000016590000)]
  0x0000000015f20800 JavaThread "Finalizer" daemon [_thread_blocked, id=9388, stack(0x0000000016300000,0x0000000016400000)]
  0x0000000003808000 JavaThread "Reference Handler" daemon [_thread_blocked, id=11892, stack(0x0000000015e00000,0x0000000015f00000)]
  0x0000000003714000 JavaThread "main" [_thread_in_Java, id=12616, stack(0x0000000003610000,0x0000000003710000)]

Other Threads:
  0x0000000013ff5800 VMThread [stack: 0x0000000015d00000,0x0000000015e00000] [id=12364]
  0x0000000015fe9800 WatcherThread [stack: 0x0000000016b90000,0x0000000016c90000] [id=5604]

VM state:not at safepoint (normal execution)

VM Mutex/Monitor currently owned by a thread: None

Heap:
 PSYoungGen      total 18944K, used 3504K [0x00000000feb00000, 0x0000000100000000, 0x0000000100000000)
  eden space 16384K, 5% used [0x00000000feb00000,0x00000000febf28c8,0x00000000ffb00000)
  from space 2560K, 98% used [0x00000000ffd80000,0x00000000ffff9858,0x0000000100000000)
  to   space 2560K, 0% used [0x00000000ffb00000,0x00000000ffb00000,0x00000000ffd80000)
 ParOldGen       total 44032K, used 5218K [0x00000000fc000000, 0x00000000feb00000, 0x00000000feb00000)
  object space 44032K, 11% used [0x00000000fc000000,0x00000000fc518a08,0x00000000feb00000)
 Metaspace       used 7572K, capacity 7724K, committed 7936K, reserved 1056768K
  class space    used 871K, capacity 956K, committed 1024K, reserved 1048576K

Card table byte_map: [0x0000000003170000,0x00000000031a0000] byte_map_base: 0x0000000002990000

Marking Bits: (ParMarkBitMap*) 0x00000000677e3950
 Begin Bits: [0x00000000133f0000, 0x00000000134f0000)
 End Bits:   [0x00000000134f0000, 0x00000000135f0000)

Polling page: 0x0000000000ff0000

CodeCache: size=245760Kb used=3312Kb max_used=3318Kb free=242447Kb
 bounds [0x0000000003810000, 0x0000000003b50000, 0x0000000012810000]
 total_blobs=1204 nmethods=870 adapters=248
 compilation: enabled

Compilation events (10 events):
Event: 2.119 Thread 0x0000000015fe5800 nmethod 870 0x0000000003b4c490 code [0x0000000003b4c600, 0x0000000003b4c918]
Event: 2.119 Thread 0x0000000015fdf000  871  s    4       java.io.BufferedOutputStream::write (35 bytes)
Event: 2.121 Thread 0x0000000015fdf000 nmethod 871 0x0000000003b4f990 code [0x0000000003b4fae0, 0x0000000003b4fe48]
Event: 2.600 Thread 0x0000000015fe5800  872       3       java.util.LinkedHashMap$LinkedHashIterator::hasNext (13 bytes)
Event: 2.601 Thread 0x0000000015fe5800 nmethod 872 0x0000000003b44850 code [0x0000000003b449a0, 0x0000000003b44b50]
Event: 2.603 Thread 0x0000000015fe5800  874       3       org.objectweb.asm.ClassReader::a (133 bytes)
Event: 2.604 Thread 0x0000000015f39000  877       4       org.objectweb.asm.Type::getArgumentsAndReturnSizes (151 bytes)
Event: 2.604 Thread 0x0000000015fe5800 nmethod 874 0x0000000003b4e510 code [0x0000000003b4e700, 0x0000000003b4f2d8]
Event: 2.604 Thread 0x0000000015fe5800  873       3       org.objectweb.asm.ClassReader::accept (1176 bytes)
Event: 2.604 Thread 0x0000000015fdf000  879       4       org.objectweb.asm.ByteVector::b (64 bytes)

GC Heap History (4 events):
Event: 1.112 GC heap before
{Heap before GC invocations=1 (full 0):
 PSYoungGen      total 18944K, used 16384K [0x00000000feb00000, 0x0000000100000000, 0x0000000100000000)
  eden space 16384K, 100% used [0x00000000feb00000,0x00000000ffb00000,0x00000000ffb00000)
  from space 2560K, 0% used [0x00000000ffd80000,0x00000000ffd80000,0x0000000100000000)
  to   space 2560K, 0% used [0x00000000ffb00000,0x00000000ffb00000,0x00000000ffd80000)
 ParOldGen       total 44032K, used 0K [0x00000000fc000000, 0x00000000feb00000, 0x00000000feb00000)
  object space 44032K, 0% used [0x00000000fc000000,0x00000000fc000000,0x00000000feb00000)
 Metaspace       used 6579K, capacity 6746K, committed 7040K, reserved 1056768K
  class space    used 772K, capacity 823K, committed 896K, reserved 1048576K
Event: 1.157 GC heap after
Heap after GC invocations=1 (full 0):
 PSYoungGen      total 18944K, used 2553K [0x00000000feb00000, 0x0000000100000000, 0x0000000100000000)
  eden space 16384K, 0% used [0x00000000feb00000,0x00000000feb00000,0x00000000ffb00000)
  from space 2560K, 99% used [0x00000000ffb00000,0x00000000ffd7e630,0x00000000ffd80000)
  to   space 2560K, 0% used [0x00000000ffd80000,0x00000000ffd80000,0x0000000100000000)
 ParOldGen       total 44032K, used 1711K [0x00000000fc000000, 0x00000000feb00000, 0x00000000feb00000)
  object space 44032K, 3% used [0x00000000fc000000,0x00000000fc1abcf0,0x00000000feb00000)
 Metaspace       used 6579K, capacity 6746K, committed 7040K, reserved 1056768K
  class space    used 772K, capacity 823K, committed 896K, reserved 1048576K
}
Event: 1.958 GC heap before
{Heap before GC invocations=2 (full 0):
 PSYoungGen      total 18944K, used 18937K [0x00000000feb00000, 0x0000000100000000, 0x0000000100000000)
  eden space 16384K, 100% used [0x00000000feb00000,0x00000000ffb00000,0x00000000ffb00000)
  from space 2560K, 99% used [0x00000000ffb00000,0x00000000ffd7e630,0x00000000ffd80000)
  to   space 2560K, 0% used [0x00000000ffd80000,0x00000000ffd80000,0x0000000100000000)
 ParOldGen       total 44032K, used 1711K [0x00000000fc000000, 0x00000000feb00000, 0x00000000feb00000)
  object space 44032K, 3% used [0x00000000fc000000,0x00000000fc1abcf0,0x00000000feb00000)
 Metaspace       used 7550K, capacity 7724K, committed 7936K, reserved 1056768K
  class space    used 871K, capacity 956K, committed 1024K, reserved 1048576K
Event: 2.109 GC heap after
Heap after GC invocations=2 (full 0):
 PSYoungGen      total 18944K, used 2534K [0x00000000feb00000, 0x0000000100000000, 0x0000000100000000)
  eden space 16384K, 0% used [0x00000000feb00000,0x00000000feb00000,0x00000000ffb00000)
  from space 2560K, 98% used [0x00000000ffd80000,0x00000000ffff9858,0x0000000100000000)
  to   space 2560K, 0% used [0x00000000ffb00000,0x00000000ffb00000,0x00000000ffd80000)
 ParOldGen       total 44032K, used 5218K [0x00000000fc000000, 0x00000000feb00000, 0x00000000feb00000)
  object space 44032K, 11% used [0x00000000fc000000,0x00000000fc518a08,0x00000000feb00000)
 Metaspace       used 7550K, capacity 7724K, committed 7936K, reserved 1056768K
  class space    used 871K, capacity 956K, committed 1024K, reserved 1048576K
}

Deoptimization events (10 events):
Event: 1.092 Thread 0x0000000003714000 Uncommon trap: reason=unstable_if action=reinterpret pc=0x0000000003a1cf58 method=java.util.zip.ZipCoder.decoder()Ljava/nio/charset/CharsetDecoder; @ 4
Event: 1.092 Thread 0x0000000003714000 Uncommon trap: reason=unstable_if action=reinterpret pc=0x0000000003a1bed8 method=java.util.zip.ZipEntry.setExtra0([BZ)V @ 1
Event: 1.093 Thread 0x0000000003714000 Uncommon trap: reason=unstable_if action=reinterpret pc=0x0000000003a18e00 method=java.util.zip.ZipCoder.decoder()Ljava/nio/charset/CharsetDecoder; @ 4
Event: 1.182 Thread 0x0000000003714000 Uncommon trap: reason=unstable_if action=reinterpret pc=0x0000000003a296c0 method=java.util.zip.ZipCoder.decoder()Ljava/nio/charset/CharsetDecoder; @ 4
Event: 1.183 Thread 0x0000000003714000 Uncommon trap: reason=unstable_if action=reinterpret pc=0x0000000003a32df8 method=java.util.zip.ZipCoder.decoder()Ljava/nio/charset/CharsetDecoder; @ 4
Event: 1.183 Thread 0x0000000003714000 Uncommon trap: reason=unstable_if action=reinterpret pc=0x0000000003a309ec method=java.util.zip.ZipCoder.decoder()Ljava/nio/charset/CharsetDecoder; @ 4
Event: 1.187 Thread 0x0000000003714000 Uncommon trap: reason=unstable_if action=reinterpret pc=0x0000000003a3a288 method=java.util.HashMap$HashIterator.nextNode()Ljava/util/HashMap$Node; @ 74
Event: 1.304 Thread 0x0000000003714000 Uncommon trap: reason=unstable_if action=reinterpret pc=0x0000000003a3a788 method=java.util.HashMap$HashIterator.nextNode()Ljava/util/HashMap$Node; @ 74
Event: 1.455 Thread 0x0000000003714000 Uncommon trap: reason=unloaded action=reinterpret pc=0x0000000003a2b53c method=java.util.zip.ZipEntry.setExtra0([BZ)V @ 37
Event: 1.714 Thread 0x0000000003714000 Uncommon trap: reason=unstable_if action=reinterpret pc=0x00000000039e34b8 method=java.lang.String.<init>([CII)V @ 18

Classes redefined (0 events):
No events

Internal exceptions (10 events):
Event: 1.250 Thread 0x0000000003714000 Exception <a 'sun/nio/fs/WindowsException'> (0x00000000ff1ae620) thrown at [D:\src\AOSP-openjdk-cygwin\jdk8u\hotspot\src\share\vm\prims\jni.cpp, line 709]
Event: 1.320 Thread 0x0000000003714000 Exception <a 'sun/nio/fs/WindowsException'> (0x00000000ff1b3960) thrown at [D:\src\AOSP-openjdk-cygwin\jdk8u\hotspot\src\share\vm\prims\jni.cpp, line 709]
Event: 1.533 Thread 0x0000000003714000 Exception <a 'sun/nio/fs/WindowsException'> (0x00000000ff662fa8) thrown at [D:\src\AOSP-openjdk-cygwin\jdk8u\hotspot\src\share\vm\prims\jni.cpp, line 709]
Event: 1.534 Thread 0x0000000003714000 Exception <a 'sun/nio/fs/WindowsException'> (0x00000000ff663500) thrown at [D:\src\AOSP-openjdk-cygwin\jdk8u\hotspot\src\share\vm\prims\jni.cpp, line 709]
Event: 1.655 Thread 0x0000000003714000 Exception <a 'sun/nio/fs/WindowsException'> (0x00000000ff66ece8) thrown at [D:\src\AOSP-openjdk-cygwin\jdk8u\hotspot\src\share\vm\prims\jni.cpp, line 709]
Event: 1.655 Thread 0x0000000003714000 Exception <a 'sun/nio/fs/WindowsException'> (0x00000000ff66f1c0) thrown at [D:\src\AOSP-openjdk-cygwin\jdk8u\hotspot\src\share\vm\prims\jni.cpp, line 709]
Event: 2.364 Thread 0x0000000003714000 Exception <a 'sun/nio/fs/WindowsException'> (0x00000000feb40e60) thrown at [D:\src\AOSP-openjdk-cygwin\jdk8u\hotspot\src\share\vm\prims\jni.cpp, line 709]
Event: 2.365 Thread 0x0000000003714000 Exception <a 'sun/nio/fs/WindowsException'> (0x00000000feb41338) thrown at [D:\src\AOSP-openjdk-cygwin\jdk8u\hotspot\src\share\vm\prims\jni.cpp, line 709]
Event: 2.601 Thread 0x0000000003714000 Exception <a 'sun/nio/fs/WindowsException'> (0x00000000feb447d8) thrown at [D:\src\AOSP-openjdk-cygwin\jdk8u\hotspot\src\share\vm\prims\jni.cpp, line 709]
Event: 2.601 Thread 0x0000000003714000 Exception <a 'sun/nio/fs/WindowsException'> (0x00000000feb44cb0) thrown at [D:\src\AOSP-openjdk-cygwin\jdk8u\hotspot\src\share\vm\prims\jni.cpp, line 709]

Events (10 events):
Event: 1.799 loading class java/util/zip/ZipOutputStream$XEntry
Event: 1.799 loading class java/util/zip/ZipOutputStream$XEntry done
Event: 1.800 loading class org/objectweb/asm/Opcodes
Event: 1.800 loading class org/objectweb/asm/Opcodes done
Event: 1.906 loading class org/objectweb/asm/tree/TryCatchBlockNode
Event: 1.906 loading class org/objectweb/asm/tree/TryCatchBlockNode done
Event: 1.907 loading class org/objectweb/asm/Handler
Event: 1.907 loading class org/objectweb/asm/Handler done
Event: 1.958 Executing VM operation: ParallelGCFailedAllocation
Event: 2.109 Executing VM operation: ParallelGCFailedAllocation done


Dynamic libraries:
0x00007ff63c5e0000 - 0x00007ff63c611000 	C:\Program Files\Android\Android Studio\jre\bin\java.exe
0x00007ffba9340000 - 0x00007ffba9521000 	C:\WINDOWS\SYSTEM32\ntdll.dll
0x00007ffba6ca0000 - 0x00007ffba6d52000 	C:\WINDOWS\System32\KERNEL32.DLL
0x00007ffba6070000 - 0x00007ffba62e3000 	C:\WINDOWS\System32\KERNELBASE.dll
0x00007ffba9260000 - 0x00007ffba9301000 	C:\WINDOWS\System32\ADVAPI32.dll
0x00007ffba77b0000 - 0x00007ffba784e000 	C:\WINDOWS\System32\msvcrt.dll
0x00007ffba71b0000 - 0x00007ffba720b000 	C:\WINDOWS\System32\sechost.dll
0x00007ffba7580000 - 0x00007ffba76a4000 	C:\WINDOWS\System32\RPCRT4.dll
0x00007ffba7ac0000 - 0x00007ffba7c50000 	C:\WINDOWS\System32\USER32.dll
0x00007ffba5790000 - 0x00007ffba57b0000 	C:\WINDOWS\System32\win32u.dll
0x00007ffba67e0000 - 0x00007ffba6808000 	C:\WINDOWS\System32\GDI32.dll
0x00007ffba6530000 - 0x00007ffba66c2000 	C:\WINDOWS\System32\gdi32full.dll
0x00007ffba5fd0000 - 0x00007ffba606f000 	C:\WINDOWS\System32\msvcp_win.dll
0x00007ffba66d0000 - 0x00007ffba67ca000 	C:\WINDOWS\System32\ucrtbase.dll
0x00007ffb93ad0000 - 0x00007ffb93d39000 	C:\WINDOWS\WinSxS\amd64_microsoft.windows.common-controls_6595b64144ccf1df_6.0.17134.48_none_b4b2216a3cb4dd3e\COMCTL32.dll
0x00007ffba6810000 - 0x00007ffba6b33000 	C:\WINDOWS\System32\combase.dll
0x00007ffba5710000 - 0x00007ffba578a000 	C:\WINDOWS\System32\bcryptPrimitives.dll
0x00007ffba9090000 - 0x00007ffba90bd000 	C:\WINDOWS\System32\IMM32.DLL
0x0000000067b90000 - 0x0000000067c62000 	C:\Program Files\Android\Android Studio\jre\jre\bin\msvcr100.dll
0x0000000067020000 - 0x000000006785e000 	C:\Program Files\Android\Android Studio\jre\jre\bin\server\jvm.dll
0x00007ffba91d0000 - 0x00007ffba91d8000 	C:\WINDOWS\System32\PSAPI.DLL
0x00007ffb95780000 - 0x00007ffb957a3000 	C:\WINDOWS\SYSTEM32\WINMM.dll
0x00007ffba3f50000 - 0x00007ffba3f59000 	C:\WINDOWS\SYSTEM32\WSOCK32.dll
0x00007ffba7510000 - 0x00007ffba757c000 	C:\WINDOWS\System32\WS2_32.dll
0x00007ffb9d7c0000 - 0x00007ffb9d7ca000 	C:\WINDOWS\SYSTEM32\VERSION.dll
0x00007ffb95570000 - 0x00007ffb9559a000 	C:\WINDOWS\SYSTEM32\WINMMBASE.dll
0x00007ffba64e0000 - 0x00007ffba6529000 	C:\WINDOWS\System32\cfgmgr32.dll
0x00007ffba3a30000 - 0x00007ffba3a3f000 	C:\Program Files\Android\Android Studio\jre\jre\bin\verify.dll
0x00007ffba3a00000 - 0x00007ffba3a29000 	C:\Program Files\Android\Android Studio\jre\jre\bin\java.dll
0x00007ffba39e0000 - 0x00007ffba39f6000 	C:\Program Files\Android\Android Studio\jre\jre\bin\zip.dll
0x00007ffba7c50000 - 0x00007ffba9090000 	C:\WINDOWS\System32\SHELL32.dll
0x00007ffba9120000 - 0x00007ffba91c9000 	C:\WINDOWS\System32\shcore.dll
0x00007ffba58c0000 - 0x00007ffba5fcd000 	C:\WINDOWS\System32\windows.storage.dll
0x00007ffba90c0000 - 0x00007ffba9111000 	C:\WINDOWS\System32\shlwapi.dll
0x00007ffba5680000 - 0x00007ffba5691000 	C:\WINDOWS\System32\kernel.appcore.dll
0x00007ffba56f0000 - 0x00007ffba570f000 	C:\WINDOWS\System32\profapi.dll
0x00007ffba56a0000 - 0x00007ffba56ec000 	C:\WINDOWS\System32\powrprof.dll
0x00007ffba5650000 - 0x00007ffba565a000 	C:\WINDOWS\System32\FLTLIB.DLL
0x00007ffba5080000 - 0x00007ffba5097000 	C:\WINDOWS\SYSTEM32\CRYPTSP.dll
0x00007ffba4ab0000 - 0x00007ffba4ae3000 	C:\WINDOWS\system32\rsaenh.dll
0x00007ffba51b0000 - 0x00007ffba51d5000 	C:\WINDOWS\SYSTEM32\bcrypt.dll
0x00007ffba5580000 - 0x00007ffba55a8000 	C:\WINDOWS\SYSTEM32\USERENV.dll
0x00007ffba50a0000 - 0x00007ffba50ab000 	C:\WINDOWS\SYSTEM32\CRYPTBASE.dll
0x00007ffb9e480000 - 0x00007ffb9e49a000 	C:\Program Files\Android\Android Studio\jre\jre\bin\net.dll
0x00007ffba4ed0000 - 0x00007ffba4f36000 	C:\WINDOWS\system32\mswsock.dll
0x00007ffba4c50000 - 0x00007ffba4c88000 	C:\WINDOWS\SYSTEM32\IPHLPAPI.DLL
0x00007ffba7430000 - 0x00007ffba7438000 	C:\WINDOWS\System32\NSI.dll
0x00007ffb9a1f0000 - 0x00007ffb9a206000 	C:\WINDOWS\SYSTEM32\dhcpcsvc6.DLL
0x00007ffb9a120000 - 0x00007ffb9a13a000 	C:\WINDOWS\SYSTEM32\dhcpcsvc.DLL
0x00007ffb9d7f0000 - 0x00007ffb9d801000 	C:\Program Files\Android\Android Studio\jre\jre\bin\nio.dll

VM Arguments:
jvm_args: -Djava.awt.headless=true -Xmx64M -Dfile.encoding=x-windows-949 -Duser.country=KR -Duser.language=ko -Duser.variant 
java_command: com.google.devtools.build.android.desugar.Desugar --input D:\test\app\build\intermediates\transforms\stackFramesFixer\debug\47.jar --output D:\test\app\build\intermediates\transforms\desugar\debug\48.jar --input D:\test\app\build\intermediates\transforms\stackFramesFixer\debug\30.jar --output D:\test\app\build\intermediates\transforms\desugar\debug\31.jar --input D:\test\app\build\intermediates\transforms\stackFramesFixer\debug\43.jar --output D:\test\app\build\intermediates\transforms\desugar\debug\44.jar --input D:\test\app\build\intermediates\transforms\stackFramesFixer\debug\25.jar --output D:\test\app\build\intermediates\transforms\desugar\debug\26.jar --input D:\test\app\build\intermediates\transforms\stackFramesFixer\debug\50.jar --output D:\test\app\build\intermediates\transforms\desugar\debug\51.jar --input D:\test\app\build\intermediates\transforms\stackFramesFixer\debug\26.jar --output D:\test\app\build\intermediates\transforms\desugar\debug\27.jar --input D:\test\app\build\intermediates\transforms\stackFramesFixer\debug\36.jar --output D:\test\app\build\intermediates\transforms\desugar\debug\37.jar --classpath_entry D:\test\app\build\intermediates\classes\debug --classpath_entry D:\test\app\build\intermediates\transforms\stackFramesFixer\debug\0.jar --classpath_entry D:\test\app\build\intermediates\transforms\stackFramesFixer\debug\1.jar --classpath_entry D:\test\app\build\intermediates\transforms\stackFramesFixer\debug\2.jar --classpath_entry D:\test\app\build\intermediates\transforms\stackFramesFixer\debug\3.jar --classpath_entry D:\test\app\build\intermediates\transforms\stackFramesFixer\debug\4.jar --classpath_entry D:\test\app\build\intermediates\transforms\stackFramesFixer\debug\5.jar --classpath_entry D:\test\app\build\intermediates\transforms\stackFramesFixer\debug\6.jar --classpath_entry D:\test\app\build\intermediates\transforms\stackFramesFixer\debug\7.jar --classpath_entry D:\test\app\build\intermediates\transforms\stackFrames
java_class_path (initial): C:\Users\Goo\AppData\Local\Temp\desugar_deploy.jar2362919477290886928
Launcher Type: SUN_STANDARD

Environment Variables:
PATH=C:\ProgramData\Oracle\Java\javapath;C:\WINDOWS\system32;C:\WINDOWS;C:\WINDOWS\System32\Wbem;C:\WINDOWS\System32\WindowsPowerShell\v1.0\;C:\OpenSSL;;C:\WINDOWS\System32\OpenSSH\;C:\Users\Goo\AppData\Local\Microsoft\WindowsApps;
USERNAME=Goo
OS=Windows_NT
PROCESSOR_IDENTIFIER=Intel64 Family 6 Model 158 Stepping 9, GenuineIntel



---------------  S Y S T E M  ---------------

OS: Windows 10.0 , 64 bit Build 17134 (10.0.17134.1)

CPU:total 8 (initial active 8) (4 cores per cpu, 2 threads per core) family 6 model 158 stepping 9, cmov, cx8, fxsr, mmx, sse, sse2, sse3, ssse3, sse4.1, sse4.2, popcnt, avx, avx2, aes, clmul, erms, 3dnowpref, lzcnt, ht, tsc, tscinvbit, bmi1, bmi2, adx

Memory: 4k page, physical 16692940k(4569984k free), swap 16692940k(748k free)

vm_info: OpenJDK 64-Bit Server VM (25.152-b01) for windows-amd64 JRE (1.8.0_152-release-915-b01), built by "builder" with MS VC++ 10.0 (VS2010)

time: Wed May 23 00:35:32 2018
elapsed time: 2 seconds (0d 0h 0m 2s)

