#
# There is insufficient memory for the Java Runtime Environment to continue.
# Native memory allocation (malloc) failed to allocate 77056 bytes for Chunk::new
# Possible reasons:
#   The system is out of physical RAM or swap space
#   In 32 bit mode, the process size limit was hit
# Possible solutions:
#   Reduce memory load on the system
#   Increase physical memory or swap space
#   Check if swap backing store is full
#   Use 64 bit Java on a 64 bit OS
#   Decrease Java heap size (-Xmx/-Xms)
#   Decrease number of Java threads
#   Decrease Java thread stack sizes (-Xss)
#   Set larger code cache with -XX:ReservedCodeCacheSize=
# This output file may be truncated or incomplete.
#
#  Out of Memory Error (allocation.cpp:390), pid=6940, tid=0x0000000000000498
#
# JRE version: OpenJDK Runtime Environment (8.0_152-b01) (build 1.8.0_152-release-915-b01)
# Java VM: OpenJDK 64-Bit Server VM (25.152-b01 mixed mode windows-amd64 compressed oops)
# Failed to write core dump. Minidumps are not enabled by default on client versions of Windows
#

---------------  T H R E A D  ---------------

Current thread (0x00000000160b6000):  JavaThread "C2 CompilerThread2" daemon [_thread_in_native, id=1176, stack(0x0000000016920000,0x0000000016a20000)]

Stack: [0x0000000016920000,0x0000000016a20000]
[error occurred during error reporting (printing stack bounds), id 0xc0000005]

Native frames: (J=compiled Java code, j=interpreted, Vv=VM code, C=native code)


Current CompileTask:
C2:   4961 1138       4       org.objectweb.asm.tree.MethodInsnNode::accept (30 bytes)


---------------  P R O C E S S  ---------------

Java Threads: ( => current thread )
  0x00000000160be000 JavaThread "Service Thread" daemon [_thread_blocked, id=10360, stack(0x0000000016b20000,0x0000000016c20000)]
  0x00000000160b9800 JavaThread "C1 CompilerThread3" daemon [_thread_blocked, id=5228, stack(0x0000000016a20000,0x0000000016b20000)]
=>0x00000000160b6000 JavaThread "C2 CompilerThread2" daemon [_thread_in_native, id=1176, stack(0x0000000016920000,0x0000000016a20000)]
  0x00000000160b1000 JavaThread "C2 CompilerThread1" daemon [_thread_blocked, id=2540, stack(0x0000000016820000,0x0000000016920000)]
  0x000000001605a000 JavaThread "C2 CompilerThread0" daemon [_thread_in_native, id=7408, stack(0x0000000016720000,0x0000000016820000)]
  0x0000000016059000 JavaThread "Attach Listener" daemon [_thread_blocked, id=11548, stack(0x0000000016620000,0x0000000016720000)]
  0x00000000160b0000 JavaThread "Signal Dispatcher" daemon [_thread_blocked, id=12608, stack(0x0000000016520000,0x0000000016620000)]
  0x000000000398d800 JavaThread "Finalizer" daemon [_thread_blocked, id=11220, stack(0x0000000016420000,0x0000000016520000)]
  0x0000000003988000 JavaThread "Reference Handler" daemon [_thread_blocked, id=11356, stack(0x0000000015f20000,0x0000000016020000)]
  0x0000000003893800 JavaThread "main" [_thread_in_native, id=4236, stack(0x0000000003790000,0x0000000003890000)]

Other Threads:
  0x0000000014135800 VMThread [stack: 0x0000000015e20000,0x0000000015f20000] [id=10404]
  0x00000000160c2800 WatcherThread [stack: 0x0000000016c20000,0x0000000016d20000] [id=9584]

VM state:not at safepoint (normal execution)

VM Mutex/Monitor currently owned by a thread: None

Heap:
 PSYoungGen      total 18944K, used 3198K [0x00000000feb00000, 0x0000000100000000, 0x0000000100000000)
  eden space 16384K, 3% used [0x00000000feb00000,0x00000000feba2000,0x00000000ffb00000)
  from space 2560K, 99% used [0x00000000ffb00000,0x00000000ffd7d848,0x00000000ffd80000)
  to   space 2560K, 0% used [0x00000000ffd80000,0x00000000ffd80000,0x0000000100000000)
 ParOldGen       total 44032K, used 5423K [0x00000000fc000000, 0x00000000feb00000, 0x00000000feb00000)
  object space 44032K, 12% used [0x00000000fc000000,0x00000000fc54bfe8,0x00000000feb00000)
 Metaspace       used 7736K, capacity 7916K, committed 8192K, reserved 1056768K
  class space    used 873K, capacity 956K, committed 1024K, reserved 1048576K

Card table byte_map: [0x0000000003110000,0x0000000003140000] byte_map_base: 0x0000000002930000

Marking Bits: (ParMarkBitMap*) 0x00000000677e3950
 Begin Bits: [0x0000000013550000, 0x0000000013650000)
 End Bits:   [0x0000000013650000, 0x0000000013750000)

Polling page: 0x00000000030e0000

CodeCache: size=245760Kb used=4283Kb max_used=4296Kb free=241476Kb
 bounds [0x0000000003990000, 0x0000000003dd0000, 0x0000000012990000]
 total_blobs=1474 nmethods=1140 adapters=248
 compilation: enabled

Compilation events (10 events):
Event: 4.365 Thread 0x000000001605a000 nmethod 1133 0x0000000003d993d0 code [0x0000000003d99520, 0x0000000003d99668]
Event: 4.365 Thread 0x00000000160b1000 nmethod 1130 0x0000000003d92310 code [0x0000000003d925c0, 0x0000000003d92b78]
Event: 4.366 Thread 0x00000000160b6000 nmethod 1135 0x0000000003d99010 code [0x0000000003d99160, 0x0000000003d992b8]
Event: 4.924 Thread 0x000000001605a000 1136       4       java.util.zip.ZipEntry::setExtra0 (360 bytes)
Event: 4.924 Thread 0x00000000160b1000 1137       4       java.util.HashMap$HashIterator::nextNode (100 bytes)
Event: 4.926 Thread 0x00000000160b6000 1138       4       org.objectweb.asm.tree.MethodInsnNode::accept (30 bytes)
Event: 4.957 Thread 0x00000000160b1000 nmethod 1137 0x0000000003d905d0 code [0x0000000003d90720, 0x0000000003d908f8]
Event: 4.958 Thread 0x00000000160b1000 1139       4       org.objectweb.asm.tree.MethodNode::visitMethodInsn (43 bytes)
Event: 4.959 Thread 0x00000000160b9800 1140       3       com.google.devtools.build.android.desugar.DefaultMethodClassFixer::shouldStubAsDefaultMethod (46 bytes)
Event: 4.959 Thread 0x00000000160b9800 nmethod 1140 0x0000000003d90d90 code [0x0000000003d90fc0, 0x0000000003d91d58]

GC Heap History (6 events):
Event: 0.933 GC heap before
{Heap before GC invocations=1 (full 0):
 PSYoungGen      total 18944K, used 16384K [0x00000000feb00000, 0x0000000100000000, 0x0000000100000000)
  eden space 16384K, 100% used [0x00000000feb00000,0x00000000ffb00000,0x00000000ffb00000)
  from space 2560K, 0% used [0x00000000ffd80000,0x00000000ffd80000,0x0000000100000000)
  to   space 2560K, 0% used [0x00000000ffb00000,0x00000000ffb00000,0x00000000ffd80000)
 ParOldGen       total 44032K, used 0K [0x00000000fc000000, 0x00000000feb00000, 0x00000000feb00000)
  object space 44032K, 0% used [0x00000000fc000000,0x00000000fc000000,0x00000000feb00000)
 Metaspace       used 6580K, capacity 6746K, committed 7040K, reserved 1056768K
  class space    used 772K, capacity 823K, committed 896K, reserved 1048576K
Event: 0.979 GC heap after
Heap after GC invocations=1 (full 0):
 PSYoungGen      total 18944K, used 2553K [0x00000000feb00000, 0x0000000100000000, 0x0000000100000000)
  eden space 16384K, 0% used [0x00000000feb00000,0x00000000feb00000,0x00000000ffb00000)
  from space 2560K, 99% used [0x00000000ffb00000,0x00000000ffd7e630,0x00000000ffd80000)
  to   space 2560K, 0% used [0x00000000ffd80000,0x00000000ffd80000,0x0000000100000000)
 ParOldGen       total 44032K, used 1736K [0x00000000fc000000, 0x00000000feb00000, 0x00000000feb00000)
  object space 44032K, 3% used [0x00000000fc000000,0x00000000fc1b2288,0x00000000feb00000)
 Metaspace       used 6580K, capacity 6746K, committed 7040K, reserved 1056768K
  class space    used 772K, capacity 823K, committed 896K, reserved 1048576K
}
Event: 1.573 GC heap before
{Heap before GC invocations=2 (full 0):
 PSYoungGen      total 18944K, used 18937K [0x00000000feb00000, 0x0000000100000000, 0x0000000100000000)
  eden space 16384K, 100% used [0x00000000feb00000,0x00000000ffb00000,0x00000000ffb00000)
  from space 2560K, 99% used [0x00000000ffb00000,0x00000000ffd7e630,0x00000000ffd80000)
  to   space 2560K, 0% used [0x00000000ffd80000,0x00000000ffd80000,0x0000000100000000)
 ParOldGen       total 44032K, used 1736K [0x00000000fc000000, 0x00000000feb00000, 0x00000000feb00000)
  object space 44032K, 3% used [0x00000000fc000000,0x00000000fc1b2288,0x00000000feb00000)
 Metaspace       used 7557K, capacity 7724K, committed 7936K, reserved 1056768K
  class space    used 871K, capacity 956K, committed 1024K, reserved 1048576K
Event: 1.613 GC heap after
Heap after GC invocations=2 (full 0):
 PSYoungGen      total 18944K, used 2534K [0x00000000feb00000, 0x0000000100000000, 0x0000000100000000)
  eden space 16384K, 0% used [0x00000000feb00000,0x00000000feb00000,0x00000000ffb00000)
  from space 2560K, 99% used [0x00000000ffd80000,0x00000000ffff9b40,0x0000000100000000)
  to   space 2560K, 0% used [0x00000000ffb00000,0x00000000ffb00000,0x00000000ffd80000)
 ParOldGen       total 44032K, used 5375K [0x00000000fc000000, 0x00000000feb00000, 0x00000000feb00000)
  object space 44032K, 12% used [0x00000000fc000000,0x00000000fc53ffe8,0x00000000feb00000)
 Metaspace       used 7557K, capacity 7724K, committed 7936K, reserved 1056768K
  class space    used 871K, capacity 956K, committed 1024K, reserved 1048576K
}
Event: 4.926 GC heap before
{Heap before GC invocations=3 (full 0):
 PSYoungGen      total 18944K, used 18918K [0x00000000feb00000, 0x0000000100000000, 0x0000000100000000)
  eden space 16384K, 100% used [0x00000000feb00000,0x00000000ffb00000,0x00000000ffb00000)
  from space 2560K, 99% used [0x00000000ffd80000,0x00000000ffff9b40,0x0000000100000000)
  to   space 2560K, 0% used [0x00000000ffb00000,0x00000000ffb00000,0x00000000ffd80000)
 ParOldGen       total 44032K, used 5375K [0x00000000fc000000, 0x00000000feb00000, 0x00000000feb00000)
  object space 44032K, 12% used [0x00000000fc000000,0x00000000fc53ffe8,0x00000000feb00000)
 Metaspace       used 7735K, capacity 7916K, committed 8192K, reserved 1056768K
  class space    used 873K, capacity 956K, committed 1024K, reserved 1048576K
Event: 4.957 GC heap after
Heap after GC invocations=3 (full 0):
 PSYoungGen      total 18944K, used 2550K [0x00000000feb00000, 0x0000000100000000, 0x0000000100000000)
  eden space 16384K, 0% used [0x00000000feb00000,0x00000000feb00000,0x00000000ffb00000)
  from space 2560K, 99% used [0x00000000ffb00000,0x00000000ffd7d848,0x00000000ffd80000)
  to   space 2560K, 0% used [0x00000000ffd80000,0x00000000ffd80000,0x0000000100000000)
 ParOldGen       total 44032K, used 5423K [0x00000000fc000000, 0x00000000feb00000, 0x00000000feb00000)
  object space 44032K, 12% used [0x00000000fc000000,0x00000000fc54bfe8,0x00000000feb00000)
 Metaspace       used 7735K, capacity 7916K, committed 8192K, reserved 1056768K
  class space    used 873K, capacity 956K, committed 1024K, reserved 1048576K
}

Deoptimization events (10 events):
Event: 1.119 Thread 0x0000000003893800 Uncommon trap: reason=unstable_if action=reinterpret pc=0x0000000003bcbd88 method=java.util.HashMap$HashIterator.nextNode()Ljava/util/HashMap$Node; @ 74
Event: 1.209 Thread 0x0000000003893800 Uncommon trap: reason=unloaded action=reinterpret pc=0x0000000003bab07c method=java.util.zip.ZipEntry.setExtra0([BZ)V @ 37
Event: 1.493 Thread 0x0000000003893800 Uncommon trap: reason=unstable_if action=reinterpret pc=0x0000000003c58458 method=java.lang.String.<init>([CII)V @ 18
Event: 1.633 Thread 0x0000000003893800 Uncommon trap: reason=unstable_if action=reinterpret pc=0x0000000003c88788 method=java.lang.String.<init>([CII)V @ 18
Event: 1.877 Thread 0x0000000003893800 Uncommon trap: reason=class_check action=maybe_recompile pc=0x0000000003cd5074 method=org.objectweb.asm.MethodVisitor.visitVarInsn(II)V @ 13
Event: 1.877 Thread 0x0000000003893800 Uncommon trap: reason=class_check action=maybe_recompile pc=0x0000000003cd5074 method=org.objectweb.asm.MethodVisitor.visitVarInsn(II)V @ 13
Event: 1.877 Thread 0x0000000003893800 Uncommon trap: reason=class_check action=maybe_recompile pc=0x0000000003cd5074 method=org.objectweb.asm.MethodVisitor.visitVarInsn(II)V @ 13
Event: 1.877 Thread 0x0000000003893800 Uncommon trap: reason=class_check action=maybe_recompile pc=0x0000000003cd5074 method=org.objectweb.asm.MethodVisitor.visitVarInsn(II)V @ 13
Event: 1.877 Thread 0x0000000003893800 Uncommon trap: reason=unstable_if action=reinterpret pc=0x0000000003cf4928 method=java.io.BufferedOutputStream.write(I)V @ 9
Event: 2.217 Thread 0x0000000003893800 Uncommon trap: reason=unstable_if action=reinterpret pc=0x0000000003caa058 method=org.objectweb.asm.Item.a(Lorg/objectweb/asm/Item;)Z @ 345

Classes redefined (0 events):
No events

Internal exceptions (10 events):
Event: 1.253 Thread 0x0000000003893800 Exception <a 'sun/nio/fs/WindowsException'> (0x00000000ff663fd0) thrown at [D:\src\AOSP-openjdk-cygwin\jdk8u\hotspot\src\share\vm\prims\jni.cpp, line 709]
Event: 1.253 Thread 0x0000000003893800 Exception <a 'sun/nio/fs/WindowsException'> (0x00000000ff664528) thrown at [D:\src\AOSP-openjdk-cygwin\jdk8u\hotspot\src\share\vm\prims\jni.cpp, line 709]
Event: 1.325 Thread 0x0000000003893800 Exception <a 'sun/nio/fs/WindowsException'> (0x00000000ff66fd10) thrown at [D:\src\AOSP-openjdk-cygwin\jdk8u\hotspot\src\share\vm\prims\jni.cpp, line 709]
Event: 1.325 Thread 0x0000000003893800 Exception <a 'sun/nio/fs/WindowsException'> (0x00000000ff6701e8) thrown at [D:\src\AOSP-openjdk-cygwin\jdk8u\hotspot\src\share\vm\prims\jni.cpp, line 709]
Event: 1.723 Thread 0x0000000003893800 Exception <a 'sun/nio/fs/WindowsException'> (0x00000000fec41bb0) thrown at [D:\src\AOSP-openjdk-cygwin\jdk8u\hotspot\src\share\vm\prims\jni.cpp, line 709]
Event: 1.727 Thread 0x0000000003893800 Exception <a 'sun/nio/fs/WindowsException'> (0x00000000fec42088) thrown at [D:\src\AOSP-openjdk-cygwin\jdk8u\hotspot\src\share\vm\prims\jni.cpp, line 709]
Event: 3.855 Thread 0x0000000003893800 Exception <a 'sun/nio/fs/WindowsException'> (0x00000000ffa4c968) thrown at [D:\src\AOSP-openjdk-cygwin\jdk8u\hotspot\src\share\vm\prims\jni.cpp, line 709]
Event: 3.855 Thread 0x0000000003893800 Exception <a 'sun/nio/fs/WindowsException'> (0x00000000ffa4ce40) thrown at [D:\src\AOSP-openjdk-cygwin\jdk8u\hotspot\src\share\vm\prims\jni.cpp, line 709]
Event: 4.922 Thread 0x0000000003893800 Exception <a 'sun/nio/fs/WindowsException'> (0x00000000ffab00f0) thrown at [D:\src\AOSP-openjdk-cygwin\jdk8u\hotspot\src\share\vm\prims\jni.cpp, line 709]
Event: 4.922 Thread 0x0000000003893800 Exception <a 'sun/nio/fs/WindowsException'> (0x00000000ffab05c8) thrown at [D:\src\AOSP-openjdk-cygwin\jdk8u\hotspot\src\share\vm\prims\jni.cpp, line 709]

Events (10 events):
Event: 1.877 Thread 0x0000000003893800 Uncommon trap: trap_request=0xffffff65 fr.pc=0x0000000003cf4928
Event: 1.877 Thread 0x0000000003893800 DEOPT PACKING pc=0x0000000003cf4928 sp=0x000000000388f370
Event: 1.877 Thread 0x0000000003893800 DEOPT UNPACKING pc=0x00000000039d556a sp=0x000000000388f320 mode 2
Event: 2.217 Thread 0x0000000003893800 Uncommon trap: trap_request=0xffffff65 fr.pc=0x0000000003caa058
Event: 2.217 Thread 0x0000000003893800 DEOPT PACKING pc=0x0000000003caa058 sp=0x000000000388ed60
Event: 2.217 Thread 0x0000000003893800 DEOPT UNPACKING pc=0x00000000039d556a sp=0x000000000388ecf8 mode 2
Event: 4.188 Executing VM operation: EnableBiasedLocking
Event: 4.189 Executing VM operation: EnableBiasedLocking done
Event: 4.926 Executing VM operation: ParallelGCFailedAllocation
Event: 4.957 Executing VM operation: ParallelGCFailedAllocation done


Dynamic libraries:
0x00007ff63c5e0000 - 0x00007ff63c611000 	C:\Program Files\Android\Android Studio\jre\bin\java.exe
0x00007ffba9340000 - 0x00007ffba9521000 	C:\WINDOWS\SYSTEM32\ntdll.dll
0x00007ffba6ca0000 - 0x00007ffba6d52000 	C:\WINDOWS\System32\KERNEL32.DLL
0x00007ffba6070000 - 0x00007ffba62e3000 	C:\WINDOWS\System32\KERNELBASE.dll
0x00007ffba9260000 - 0x00007ffba9301000 	C:\WINDOWS\System32\ADVAPI32.dll
0x00007ffba77b0000 - 0x00007ffba784e000 	C:\WINDOWS\System32\msvcrt.dll
0x00007ffba71b0000 - 0x00007ffba720b000 	C:\WINDOWS\System32\sechost.dll
0x00007ffba7580000 - 0x00007ffba76a4000 	C:\WINDOWS\System32\RPCRT4.dll
0x00007ffba7ac0000 - 0x00007ffba7c50000 	C:\WINDOWS\System32\USER32.dll
0x00007ffba5790000 - 0x00007ffba57b0000 	C:\WINDOWS\System32\win32u.dll
0x00007ffba67e0000 - 0x00007ffba6808000 	C:\WINDOWS\System32\GDI32.dll
0x00007ffba6530000 - 0x00007ffba66c2000 	C:\WINDOWS\System32\gdi32full.dll
0x00007ffba5fd0000 - 0x00007ffba606f000 	C:\WINDOWS\System32\msvcp_win.dll
0x00007ffba66d0000 - 0x00007ffba67ca000 	C:\WINDOWS\System32\ucrtbase.dll
0x00007ffb93ad0000 - 0x00007ffb93d39000 	C:\WINDOWS\WinSxS\amd64_microsoft.windows.common-controls_6595b64144ccf1df_6.0.17134.48_none_b4b2216a3cb4dd3e\COMCTL32.dll
0x00007ffba6810000 - 0x00007ffba6b33000 	C:\WINDOWS\System32\combase.dll
0x00007ffba5710000 - 0x00007ffba578a000 	C:\WINDOWS\System32\bcryptPrimitives.dll
0x00007ffba9090000 - 0x00007ffba90bd000 	C:\WINDOWS\System32\IMM32.DLL
0x0000000067b90000 - 0x0000000067c62000 	C:\Program Files\Android\Android Studio\jre\jre\bin\msvcr100.dll
0x0000000067020000 - 0x000000006785e000 	C:\Program Files\Android\Android Studio\jre\jre\bin\server\jvm.dll
0x00007ffba91d0000 - 0x00007ffba91d8000 	C:\WINDOWS\System32\PSAPI.DLL
0x00007ffba3f50000 - 0x00007ffba3f59000 	C:\WINDOWS\SYSTEM32\WSOCK32.dll
0x00007ffba7510000 - 0x00007ffba757c000 	C:\WINDOWS\System32\WS2_32.dll
0x00007ffb9d7c0000 - 0x00007ffb9d7ca000 	C:\WINDOWS\SYSTEM32\VERSION.dll
0x00007ffb95780000 - 0x00007ffb957a3000 	C:\WINDOWS\SYSTEM32\WINMM.dll
0x00007ffb95570000 - 0x00007ffb9559a000 	C:\WINDOWS\SYSTEM32\winmmbase.dll
0x00007ffba64e0000 - 0x00007ffba6529000 	C:\WINDOWS\System32\cfgmgr32.dll
0x00007ffba3a30000 - 0x00007ffba3a3f000 	C:\Program Files\Android\Android Studio\jre\jre\bin\verify.dll
0x00007ffba3a00000 - 0x00007ffba3a29000 	C:\Program Files\Android\Android Studio\jre\jre\bin\java.dll
0x00007ffba39e0000 - 0x00007ffba39f6000 	C:\Program Files\Android\Android Studio\jre\jre\bin\zip.dll
0x00007ffba7c50000 - 0x00007ffba9090000 	C:\WINDOWS\System32\SHELL32.dll
0x00007ffba9120000 - 0x00007ffba91c9000 	C:\WINDOWS\System32\shcore.dll
0x00007ffba58c0000 - 0x00007ffba5fcd000 	C:\WINDOWS\System32\windows.storage.dll
0x00007ffba90c0000 - 0x00007ffba9111000 	C:\WINDOWS\System32\shlwapi.dll
0x00007ffba5680000 - 0x00007ffba5691000 	C:\WINDOWS\System32\kernel.appcore.dll
0x00007ffba56f0000 - 0x00007ffba570f000 	C:\WINDOWS\System32\profapi.dll
0x00007ffba56a0000 - 0x00007ffba56ec000 	C:\WINDOWS\System32\powrprof.dll
0x00007ffba5650000 - 0x00007ffba565a000 	C:\WINDOWS\System32\FLTLIB.DLL
0x00007ffba5080000 - 0x00007ffba5097000 	C:\WINDOWS\SYSTEM32\CRYPTSP.dll
0x00007ffba4ab0000 - 0x00007ffba4ae3000 	C:\WINDOWS\system32\rsaenh.dll
0x00007ffba51b0000 - 0x00007ffba51d5000 	C:\WINDOWS\SYSTEM32\bcrypt.dll
0x00007ffba5580000 - 0x00007ffba55a8000 	C:\WINDOWS\SYSTEM32\USERENV.dll
0x00007ffba50a0000 - 0x00007ffba50ab000 	C:\WINDOWS\SYSTEM32\CRYPTBASE.dll
0x00007ffb9e480000 - 0x00007ffb9e49a000 	C:\Program Files\Android\Android Studio\jre\jre\bin\net.dll
0x00007ffba4ed0000 - 0x00007ffba4f36000 	C:\WINDOWS\system32\mswsock.dll
0x00007ffba4c50000 - 0x00007ffba4c88000 	C:\WINDOWS\SYSTEM32\IPHLPAPI.DLL
0x00007ffba7430000 - 0x00007ffba7438000 	C:\WINDOWS\System32\NSI.dll
0x00007ffb9a1f0000 - 0x00007ffb9a206000 	C:\WINDOWS\SYSTEM32\dhcpcsvc6.DLL
0x00007ffb9a120000 - 0x00007ffb9a13a000 	C:\WINDOWS\SYSTEM32\dhcpcsvc.DLL
0x00007ffb9d7f0000 - 0x00007ffb9d801000 	C:\Program Files\Android\Android Studio\jre\jre\bin\nio.dll

VM Arguments:
jvm_args: -Djava.awt.headless=true -Xmx64M -Dfile.encoding=x-windows-949 -Duser.country=KR -Duser.language=ko -Duser.variant 
java_command: com.google.devtools.build.android.desugar.Desugar --input D:\test\app\build\intermediates\transforms\stackFramesFixer\debug\46.jar --output D:\test\app\build\intermediates\transforms\desugar\debug\47.jar --input D:\test\app\build\intermediates\transforms\stackFramesFixer\debug\33.jar --output D:\test\app\build\intermediates\transforms\desugar\debug\34.jar --input D:\test\app\build\intermediates\transforms\stackFramesFixer\debug\29.jar --output D:\test\app\build\intermediates\transforms\desugar\debug\30.jar --input D:\test\app\build\intermediates\transforms\stackFramesFixer\debug\49.jar --output D:\test\app\build\intermediates\transforms\desugar\debug\50.jar --input D:\test\app\build\intermediates\transforms\stackFramesFixer\debug\4.jar --output D:\test\app\build\intermediates\transforms\desugar\debug\5.jar --input D:\test\app\build\intermediates\transforms\stackFramesFixer\debug\9.jar --output D:\test\app\build\intermediates\transforms\desugar\debug\10.jar --classpath_entry D:\test\app\build\intermediates\classes\debug --classpath_entry D:\test\app\build\intermediates\transforms\stackFramesFixer\debug\0.jar --classpath_entry D:\test\app\build\intermediates\transforms\stackFramesFixer\debug\1.jar --classpath_entry D:\test\app\build\intermediates\transforms\stackFramesFixer\debug\2.jar --classpath_entry D:\test\app\build\intermediates\transforms\stackFramesFixer\debug\3.jar --classpath_entry D:\test\app\build\intermediates\transforms\stackFramesFixer\debug\4.jar --classpath_entry D:\test\app\build\intermediates\transforms\stackFramesFixer\debug\5.jar --classpath_entry D:\test\app\build\intermediates\transforms\stackFramesFixer\debug\6.jar --classpath_entry D:\test\app\build\intermediates\transforms\stackFramesFixer\debug\7.jar --classpath_entry D:\test\app\build\intermediates\transforms\stackFramesFixer\debug\8.jar --classpath_entry D:\test\app\build\intermediates\transforms\stackFramesFixer\debug\9.jar --classpath_entry D:\test\app\build\intermediates
java_class_path (initial): C:\Users\Goo\AppData\Local\Temp\desugar_deploy.jar2362919477290886928
Launcher Type: SUN_STANDARD

Environment Variables:
PATH=C:\ProgramData\Oracle\Java\javapath;C:\WINDOWS\system32;C:\WINDOWS;C:\WINDOWS\System32\Wbem;C:\WINDOWS\System32\WindowsPowerShell\v1.0\;C:\OpenSSL;;C:\WINDOWS\System32\OpenSSH\;C:\Users\Goo\AppData\Local\Microsoft\WindowsApps;
USERNAME=Goo
OS=Windows_NT
PROCESSOR_IDENTIFIER=Intel64 Family 6 Model 158 Stepping 9, GenuineIntel



---------------  S Y S T E M  ---------------

OS: Windows 10.0 , 64 bit Build 17134 (10.0.17134.1)

CPU:total 8 (initial active 8) (4 cores per cpu, 2 threads per core) family 6 model 158 stepping 9, cmov, cx8, fxsr, mmx, sse, sse2, sse3, ssse3, sse4.1, sse4.2, popcnt, avx, avx2, aes, clmul, erms, 3dnowpref, lzcnt, ht, tsc, tscinvbit, bmi1, bmi2, adx

Memory: 4k page, physical 16692940k(4456388k free), swap 16692940k(9308k free)

vm_info: OpenJDK 64-Bit Server VM (25.152-b01) for windows-amd64 JRE (1.8.0_152-release-915-b01), built by "builder" with MS VC++ 10.0 (VS2010)

time: Wed May 23 00:35:07 2018
elapsed time: 4 seconds (0d 0h 0m 4s)

