#
# There is insufficient memory for the Java Runtime Environment to continue.
# Native memory allocation (malloc) failed to allocate 958336 bytes for Chunk::new
# Possible reasons:
#   The system is out of physical RAM or swap space
#   In 32 bit mode, the process size limit was hit
# Possible solutions:
#   Reduce memory load on the system
#   Increase physical memory or swap space
#   Check if swap backing store is full
#   Use 64 bit Java on a 64 bit OS
#   Decrease Java heap size (-Xmx/-Xms)
#   Decrease number of Java threads
#   Decrease Java thread stack sizes (-Xss)
#   Set larger code cache with -XX:ReservedCodeCacheSize=
# This output file may be truncated or incomplete.
#
#  Out of Memory Error (allocation.cpp:390), pid=488, tid=0x00000000000031e4
#
# JRE version: OpenJDK Runtime Environment (8.0_152-b01) (build 1.8.0_152-release-915-b01)
# Java VM: OpenJDK 64-Bit Server VM (25.152-b01 mixed mode windows-amd64 compressed oops)
# Failed to write core dump. Minidumps are not enabled by default on client versions of Windows
#

---------------  T H R E A D  ---------------

Current thread (0x0000000015860800):  JavaThread "C2 CompilerThread2" daemon [_thread_in_native, id=12772, stack(0x0000000016080000,0x0000000016180000)]

Stack: [0x0000000016080000,0x0000000016180000]
[error occurred during error reporting (printing stack bounds), id 0xc0000005]

Native frames: (J=compiled Java code, j=interpreted, Vv=VM code, C=native code)


Current CompileTask:
C2:   2328  963       4       org.objectweb.asm.ClassReader::a (3587 bytes)


---------------  P R O C E S S  ---------------

Java Threads: ( => current thread )
  0x0000000015866800 JavaThread "Service Thread" daemon [_thread_blocked, id=7508, stack(0x0000000016280000,0x0000000016380000)]
  0x0000000015863000 JavaThread "C1 CompilerThread3" daemon [_thread_in_vm, id=9984, stack(0x0000000016180000,0x0000000016280000)]
=>0x0000000015860800 JavaThread "C2 CompilerThread2" daemon [_thread_in_native, id=12772, stack(0x0000000016080000,0x0000000016180000)]
  0x00000000138cb000 JavaThread "C2 CompilerThread1" daemon [_thread_blocked, id=11236, stack(0x0000000015f80000,0x0000000016080000)]
  0x000000001580f800 JavaThread "C2 CompilerThread0" daemon [_thread_in_native, id=4520, stack(0x0000000015e80000,0x0000000015f80000)]
  0x000000001580e000 JavaThread "Attach Listener" daemon [_thread_blocked, id=11948, stack(0x0000000015d80000,0x0000000015e80000)]
  0x00000000157bb000 JavaThread "Signal Dispatcher" daemon [_thread_blocked, id=12460, stack(0x0000000015c80000,0x0000000015d80000)]
  0x000000000310e000 JavaThread "Finalizer" daemon [_thread_blocked, id=1552, stack(0x0000000015b80000,0x0000000015c80000)]
  0x0000000003107000 JavaThread "Reference Handler" daemon [_thread_blocked, id=6984, stack(0x0000000015680000,0x0000000015780000)]
  0x0000000002f0d800 JavaThread "main" [_thread_in_Java, id=5916, stack(0x0000000002f10000,0x0000000003010000)]

Other Threads:
  0x00000000138b5000 VMThread [stack: 0x0000000015580000,0x0000000015680000] [id=2632]
  0x0000000015867000 WatcherThread [stack: 0x0000000016380000,0x0000000016480000] [id=7908]

VM state:not at safepoint (normal execution)

VM Mutex/Monitor currently owned by a thread: None

Heap:
 PSYoungGen      total 18944K, used 16164K [0x00000000feb00000, 0x0000000100000000, 0x0000000100000000)
  eden space 16384K, 83% used [0x00000000feb00000,0x00000000ff8503e0,0x00000000ffb00000)
  from space 2560K, 98% used [0x00000000ffd80000,0x00000000ffff8df0,0x0000000100000000)
  to   space 2560K, 0% used [0x00000000ffb00000,0x00000000ffb00000,0x00000000ffd80000)
 ParOldGen       total 44032K, used 5849K [0x00000000fc000000, 0x00000000feb00000, 0x00000000feb00000)
  object space 44032K, 13% used [0x00000000fc000000,0x00000000fc5b6798,0x00000000feb00000)
 Metaspace       used 7753K, capacity 7978K, committed 8192K, reserved 1056768K
  class space    used 877K, capacity 957K, committed 1024K, reserved 1048576K

Card table byte_map: [0x00000000011b0000,0x00000000011e0000] byte_map_base: 0x00000000009d0000

Marking Bits: (ParMarkBitMap*) 0x000000005cab3950
 Begin Bits: [0x0000000012cd0000, 0x0000000012dd0000)
 End Bits:   [0x0000000012dd0000, 0x0000000012ed0000)

Polling page: 0x0000000000c70000

CodeCache: size=245760Kb used=4009Kb max_used=4013Kb free=241750Kb
 bounds [0x0000000003110000, 0x0000000003500000, 0x0000000012110000]
 total_blobs=1424 nmethods=1089 adapters=248
 compilation: enabled

Compilation events (10 events):
Event: 2.320 Thread 0x0000000015863000 nmethod 1080 0x00000000034ef190 code [0x00000000034ef360, 0x00000000034efb08]
Event: 2.320 Thread 0x0000000015863000 1081       3       com.google.devtools.build.android.desugar.InterfaceDesugaring::visit (34 bytes)
Event: 2.321 Thread 0x0000000015863000 nmethod 1081 0x00000000034e95d0 code [0x00000000034e9740, 0x00000000034e9a48]
Event: 2.321 Thread 0x0000000015863000 1082       3       com.google.devtools.build.android.desugar.DefaultMethodClassFixer::visit (85 bytes)
Event: 2.321 Thread 0x0000000015863000 nmethod 1082 0x00000000034eff10 code [0x00000000034f0120, 0x00000000034f0bf8]
Event: 2.321 Thread 0x0000000015863000 1083       3       com.google.devtools.build.android.desugar.Java7Compatibility::visit (35 bytes)
Event: 2.322 Thread 0x0000000015863000 nmethod 1083 0x00000000034f1150 code [0x00000000034f12e0, 0x00000000034f1748]
Event: 2.322 Thread 0x0000000015863000 1084       3       org.objectweb.asm.ClassWriter::visit (121 bytes)
Event: 2.322 Thread 0x0000000015863000 nmethod 1084 0x00000000034f1950 code [0x00000000034f1b20, 0x00000000034f2218]
Event: 2.323 Thread 0x0000000015863000 1085       3       com.google.devtools.build.android.desugar.LambdaDesugaring::visitEnd (363 bytes)

GC Heap History (4 events):
Event: 1.132 GC heap before
{Heap before GC invocations=1 (full 0):
 PSYoungGen      total 18944K, used 16384K [0x00000000feb00000, 0x0000000100000000, 0x0000000100000000)
  eden space 16384K, 100% used [0x00000000feb00000,0x00000000ffb00000,0x00000000ffb00000)
  from space 2560K, 0% used [0x00000000ffd80000,0x00000000ffd80000,0x0000000100000000)
  to   space 2560K, 0% used [0x00000000ffb00000,0x00000000ffb00000,0x00000000ffd80000)
 ParOldGen       total 44032K, used 0K [0x00000000fc000000, 0x00000000feb00000, 0x00000000feb00000)
  object space 44032K, 0% used [0x00000000fc000000,0x00000000fc000000,0x00000000feb00000)
 Metaspace       used 6633K, capacity 6808K, committed 7040K, reserved 1056768K
  class space    used 774K, capacity 824K, committed 896K, reserved 1048576K
Event: 1.139 GC heap after
Heap after GC invocations=1 (full 0):
 PSYoungGen      total 18944K, used 2537K [0x00000000feb00000, 0x0000000100000000, 0x0000000100000000)
  eden space 16384K, 0% used [0x00000000feb00000,0x00000000feb00000,0x00000000ffb00000)
  from space 2560K, 99% used [0x00000000ffb00000,0x00000000ffd7a620,0x00000000ffd80000)
  to   space 2560K, 0% used [0x00000000ffd80000,0x00000000ffd80000,0x0000000100000000)
 ParOldGen       total 44032K, used 1580K [0x00000000fc000000, 0x00000000feb00000, 0x00000000feb00000)
  object space 44032K, 3% used [0x00000000fc000000,0x00000000fc18b260,0x00000000feb00000)
 Metaspace       used 6633K, capacity 6808K, committed 7040K, reserved 1056768K
  class space    used 774K, capacity 824K, committed 896K, reserved 1048576K
}
Event: 1.513 GC heap before
{Heap before GC invocations=2 (full 0):
 PSYoungGen      total 18944K, used 18921K [0x00000000feb00000, 0x0000000100000000, 0x0000000100000000)
  eden space 16384K, 100% used [0x00000000feb00000,0x00000000ffb00000,0x00000000ffb00000)
  from space 2560K, 99% used [0x00000000ffb00000,0x00000000ffd7a620,0x00000000ffd80000)
  to   space 2560K, 0% used [0x00000000ffd80000,0x00000000ffd80000,0x0000000100000000)
 ParOldGen       total 44032K, used 1580K [0x00000000fc000000, 0x00000000feb00000, 0x00000000feb00000)
  object space 44032K, 3% used [0x00000000fc000000,0x00000000fc18b260,0x00000000feb00000)
 Metaspace       used 6978K, capacity 7114K, committed 7296K, reserved 1056768K
  class space    used 816K, capacity 861K, committed 896K, reserved 1048576K
Event: 1.554 GC heap after
Heap after GC invocations=2 (full 0):
 PSYoungGen      total 18944K, used 2531K [0x00000000feb00000, 0x0000000100000000, 0x0000000100000000)
  eden space 16384K, 0% used [0x00000000feb00000,0x00000000feb00000,0x00000000ffb00000)
  from space 2560K, 98% used [0x00000000ffd80000,0x00000000ffff8df0,0x0000000100000000)
  to   space 2560K, 0% used [0x00000000ffb00000,0x00000000ffb00000,0x00000000ffd80000)
 ParOldGen       total 44032K, used 5849K [0x00000000fc000000, 0x00000000feb00000, 0x00000000feb00000)
  object space 44032K, 13% used [0x00000000fc000000,0x00000000fc5b6798,0x00000000feb00000)
 Metaspace       used 6978K, capacity 7114K, committed 7296K, reserved 1056768K
  class space    used 816K, capacity 861K, committed 896K, reserved 1048576K
}

Deoptimization events (10 events):
Event: 1.161 Thread 0x0000000002f0d800 Uncommon trap: reason=unstable_if action=reinterpret pc=0x0000000003357838 method=java.util.zip.ZipCoder.decoder()Ljava/nio/charset/CharsetDecoder; @ 4
Event: 1.161 Thread 0x0000000002f0d800 Uncommon trap: reason=unstable_if action=reinterpret pc=0x000000000336066c method=java.util.zip.ZipCoder.decoder()Ljava/nio/charset/CharsetDecoder; @ 4
Event: 1.476 Thread 0x0000000002f0d800 Uncommon trap: reason=unloaded action=reinterpret pc=0x0000000003355cbc method=java.util.zip.ZipEntry.setExtra0([BZ)V @ 37
Event: 1.626 Thread 0x0000000002f0d800 Uncommon trap: reason=unstable_if action=reinterpret pc=0x00000000032c0138 method=java.lang.String.<init>([CII)V @ 18
Event: 2.217 Thread 0x0000000002f0d800 Uncommon trap: reason=class_check action=maybe_recompile pc=0x00000000034ac05c method=org.objectweb.asm.MethodVisitor.visitVarInsn(II)V @ 13
Event: 2.217 Thread 0x0000000002f0d800 Uncommon trap: reason=class_check action=maybe_recompile pc=0x00000000034ac05c method=org.objectweb.asm.MethodVisitor.visitVarInsn(II)V @ 13
Event: 2.217 Thread 0x0000000002f0d800 Uncommon trap: reason=class_check action=maybe_recompile pc=0x00000000034ac05c method=org.objectweb.asm.MethodVisitor.visitVarInsn(II)V @ 13
Event: 2.219 Thread 0x0000000002f0d800 Uncommon trap: reason=unstable_if action=reinterpret pc=0x000000000348d1a8 method=java.io.BufferedOutputStream.write(I)V @ 9
Event: 2.287 Thread 0x0000000002f0d800 Uncommon trap: reason=bimorphic action=maybe_recompile pc=0x00000000034c52bc method=org.objectweb.asm.MethodVisitor.visitInsn(I)V @ 12
Event: 2.287 Thread 0x0000000002f0d800 Uncommon trap: reason=bimorphic action=maybe_recompile pc=0x00000000034c52bc method=org.objectweb.asm.MethodVisitor.visitInsn(I)V @ 12

Classes redefined (0 events):
No events

Internal exceptions (10 events):
Event: 2.196 Thread 0x0000000002f0d800 Exception <a 'sun/nio/fs/WindowsException'> (0x00000000ff074188) thrown at [D:\src\AOSP-openjdk-cygwin\jdk8u\hotspot\src\share\vm\prims\jni.cpp, line 709]
Event: 2.196 Thread 0x0000000002f0d800 Exception <a 'sun/nio/fs/WindowsException'> (0x00000000ff074660) thrown at [D:\src\AOSP-openjdk-cygwin\jdk8u\hotspot\src\share\vm\prims\jni.cpp, line 709]
Event: 2.223 Thread 0x0000000002f0d800 Exception <a 'sun/nio/fs/WindowsException'> (0x00000000ff235c28) thrown at [D:\src\AOSP-openjdk-cygwin\jdk8u\hotspot\src\share\vm\prims\jni.cpp, line 709]
Event: 2.224 Thread 0x0000000002f0d800 Exception <a 'sun/nio/fs/WindowsException'> (0x00000000ff236100) thrown at [D:\src\AOSP-openjdk-cygwin\jdk8u\hotspot\src\share\vm\prims\jni.cpp, line 709]
Event: 2.238 Thread 0x0000000002f0d800 Exception <a 'sun/nio/fs/WindowsException'> (0x00000000ff3153a8) thrown at [D:\src\AOSP-openjdk-cygwin\jdk8u\hotspot\src\share\vm\prims\jni.cpp, line 709]
Event: 2.238 Thread 0x0000000002f0d800 Exception <a 'sun/nio/fs/WindowsException'> (0x00000000ff315880) thrown at [D:\src\AOSP-openjdk-cygwin\jdk8u\hotspot\src\share\vm\prims\jni.cpp, line 709]
Event: 2.242 Thread 0x0000000002f0d800 Exception <a 'sun/nio/fs/WindowsException'> (0x00000000ff318d20) thrown at [D:\src\AOSP-openjdk-cygwin\jdk8u\hotspot\src\share\vm\prims\jni.cpp, line 709]
Event: 2.242 Thread 0x0000000002f0d800 Exception <a 'sun/nio/fs/WindowsException'> (0x00000000ff3191f8) thrown at [D:\src\AOSP-openjdk-cygwin\jdk8u\hotspot\src\share\vm\prims\jni.cpp, line 709]
Event: 2.312 Thread 0x0000000002f0d800 Exception <a 'sun/nio/fs/WindowsException'> (0x00000000ff7d3a30) thrown at [D:\src\AOSP-openjdk-cygwin\jdk8u\hotspot\src\share\vm\prims\jni.cpp, line 709]
Event: 2.312 Thread 0x0000000002f0d800 Exception <a 'sun/nio/fs/WindowsException'> (0x00000000ff7d3f08) thrown at [D:\src\AOSP-openjdk-cygwin\jdk8u\hotspot\src\share\vm\prims\jni.cpp, line 709]

Events (10 events):
Event: 2.248 loading class com/google/devtools/build/android/desugar/AutoValue_FieldInfo
Event: 2.248 loading class com/google/devtools/build/android/desugar/AutoValue_FieldInfo done
Event: 2.249 loading class com/google/devtools/build/android/desugar/Java7Compatibility$InlineOneMethod
Event: 2.249 loading class com/google/devtools/build/android/desugar/Java7Compatibility$InlineOneMethod done
Event: 2.287 Thread 0x0000000002f0d800 Uncommon trap: trap_request=0xffffffc6 fr.pc=0x00000000034c52bc
Event: 2.287 Thread 0x0000000002f0d800 DEOPT PACKING pc=0x00000000034c52bc sp=0x000000000300ec20
Event: 2.287 Thread 0x0000000002f0d800 DEOPT UNPACKING pc=0x000000000315556a sp=0x000000000300ebc0 mode 2
Event: 2.287 Thread 0x0000000002f0d800 Uncommon trap: trap_request=0xffffffc6 fr.pc=0x00000000034c52bc
Event: 2.287 Thread 0x0000000002f0d800 DEOPT PACKING pc=0x00000000034c52bc sp=0x000000000300ec20
Event: 2.287 Thread 0x0000000002f0d800 DEOPT UNPACKING pc=0x000000000315556a sp=0x000000000300ebc0 mode 2


Dynamic libraries:
0x00007ff75c570000 - 0x00007ff75c5a1000 	C:\Program Files\Android\Android Studio\jre\bin\java.exe
0x00007ffa30930000 - 0x00007ffa30b11000 	C:\WINDOWS\SYSTEM32\ntdll.dll
0x00007ffa306b0000 - 0x00007ffa30762000 	C:\WINDOWS\System32\KERNEL32.DLL
0x00007ffa2d110000 - 0x00007ffa2d383000 	C:\WINDOWS\System32\KERNELBASE.dll
0x00007ffa2ef50000 - 0x00007ffa2eff1000 	C:\WINDOWS\System32\ADVAPI32.dll
0x00007ffa2e860000 - 0x00007ffa2e8fe000 	C:\WINDOWS\System32\msvcrt.dll
0x00007ffa2dfb0000 - 0x00007ffa2e00b000 	C:\WINDOWS\System32\sechost.dll
0x00007ffa307d0000 - 0x00007ffa308f4000 	C:\WINDOWS\System32\RPCRT4.dll
0x00007ffa30440000 - 0x00007ffa305d0000 	C:\WINDOWS\System32\USER32.dll
0x00007ffa2d390000 - 0x00007ffa2d3b0000 	C:\WINDOWS\System32\win32u.dll
0x00007ffa2df80000 - 0x00007ffa2dfa8000 	C:\WINDOWS\System32\GDI32.dll
0x00007ffa2d510000 - 0x00007ffa2d6a2000 	C:\WINDOWS\System32\gdi32full.dll
0x00007ffa2cff0000 - 0x00007ffa2d08f000 	C:\WINDOWS\System32\msvcp_win.dll
0x00007ffa2d410000 - 0x00007ffa2d50a000 	C:\WINDOWS\System32\ucrtbase.dll
0x00007ffa202d0000 - 0x00007ffa20539000 	C:\WINDOWS\WinSxS\amd64_microsoft.windows.common-controls_6595b64144ccf1df_6.0.17134.112_none_fb3f961b30681c12\COMCTL32.dll
0x00007ffa2e2e0000 - 0x00007ffa2e603000 	C:\WINDOWS\System32\combase.dll
0x00007ffa2d090000 - 0x00007ffa2d10a000 	C:\WINDOWS\System32\bcryptPrimitives.dll
0x00007ffa2e700000 - 0x00007ffa2e72d000 	C:\WINDOWS\System32\IMM32.DLL
0x000000005c210000 - 0x000000005c2e2000 	C:\Program Files\Android\Android Studio\jre\jre\bin\msvcr100.dll
0x000000005c2f0000 - 0x000000005cb2e000 	C:\Program Files\Android\Android Studio\jre\jre\bin\server\jvm.dll
0x00007ffa2eed0000 - 0x00007ffa2eed8000 	C:\WINDOWS\System32\PSAPI.DLL
0x00007ffa29360000 - 0x00007ffa29369000 	C:\WINDOWS\SYSTEM32\WSOCK32.dll
0x00007ffa2eee0000 - 0x00007ffa2ef4c000 	C:\WINDOWS\System32\WS2_32.dll
0x00007ffa29a00000 - 0x00007ffa29a23000 	C:\WINDOWS\SYSTEM32\WINMM.dll
0x00007ffa222f0000 - 0x00007ffa222fa000 	C:\WINDOWS\SYSTEM32\VERSION.dll
0x00007ffa299d0000 - 0x00007ffa299fa000 	C:\WINDOWS\SYSTEM32\WINMMBASE.dll
0x00007ffa2cfa0000 - 0x00007ffa2cfe9000 	C:\WINDOWS\System32\cfgmgr32.dll
0x00007ffa25450000 - 0x00007ffa2545f000 	C:\Program Files\Android\Android Studio\jre\jre\bin\verify.dll
0x00007ffa21870000 - 0x00007ffa21899000 	C:\Program Files\Android\Android Studio\jre\jre\bin\java.dll
0x00007ffa25430000 - 0x00007ffa25446000 	C:\Program Files\Android\Android Studio\jre\jre\bin\zip.dll
0x00007ffa2f000000 - 0x00007ffa30440000 	C:\WINDOWS\System32\SHELL32.dll
0x00007ffa2e230000 - 0x00007ffa2e2d9000 	C:\WINDOWS\System32\shcore.dll
0x00007ffa2d6b0000 - 0x00007ffa2ddbd000 	C:\WINDOWS\System32\windows.storage.dll
0x00007ffa305d0000 - 0x00007ffa30621000 	C:\WINDOWS\System32\shlwapi.dll
0x00007ffa2cc70000 - 0x00007ffa2cc81000 	C:\WINDOWS\System32\kernel.appcore.dll
0x00007ffa2cc90000 - 0x00007ffa2ccaf000 	C:\WINDOWS\System32\profapi.dll
0x00007ffa2ccb0000 - 0x00007ffa2ccfc000 	C:\WINDOWS\System32\powrprof.dll
0x00007ffa2cc60000 - 0x00007ffa2cc6a000 	C:\WINDOWS\System32\FLTLIB.DLL
0x00007ffa2c670000 - 0x00007ffa2c687000 	C:\WINDOWS\SYSTEM32\CRYPTSP.dll
0x00007ffa2c0a0000 - 0x00007ffa2c0d3000 	C:\WINDOWS\system32\rsaenh.dll
0x00007ffa2c7a0000 - 0x00007ffa2c7c5000 	C:\WINDOWS\SYSTEM32\bcrypt.dll
0x00007ffa2cb40000 - 0x00007ffa2cb68000 	C:\WINDOWS\SYSTEM32\USERENV.dll
0x00007ffa2c690000 - 0x00007ffa2c69b000 	C:\WINDOWS\SYSTEM32\CRYPTBASE.dll
0x00007ffa1e870000 - 0x00007ffa1e88a000 	C:\Program Files\Android\Android Studio\jre\jre\bin\net.dll
0x00007ffa2c4c0000 - 0x00007ffa2c526000 	C:\WINDOWS\system32\mswsock.dll
0x00007ffa2c240000 - 0x00007ffa2c278000 	C:\WINDOWS\SYSTEM32\IPHLPAPI.DLL
0x00007ffa2ddc0000 - 0x00007ffa2ddc8000 	C:\WINDOWS\System32\NSI.dll
0x00007ffa27700000 - 0x00007ffa27716000 	C:\WINDOWS\SYSTEM32\dhcpcsvc6.DLL
0x00007ffa27630000 - 0x00007ffa2764a000 	C:\WINDOWS\SYSTEM32\dhcpcsvc.DLL
0x00007ffa154b0000 - 0x00007ffa154c1000 	C:\Program Files\Android\Android Studio\jre\jre\bin\nio.dll

VM Arguments:
jvm_args: -Djava.awt.headless=true -Xmx64M -Dfile.encoding=x-windows-949 -Duser.country=KR -Duser.language=ko -Duser.variant 
java_command: com.google.devtools.build.android.desugar.Desugar @D:\test\app\build\intermediates\tmp\desugar_args6878151211254533224
java_class_path (initial): C:\Users\Goo\AppData\Local\Temp\desugar_deploy.jar1207099034111372273
Launcher Type: SUN_STANDARD

Environment Variables:
PATH=C:\ProgramData\Oracle\Java\javapath;C:\WINDOWS\system32;C:\WINDOWS;C:\WINDOWS\System32\Wbem;C:\WINDOWS\System32\WindowsPowerShell\v1.0\;C:\OpenSSL;;C:\WINDOWS\System32\OpenSSH\;C:\Users\Goo\AppData\Local\Microsoft\WindowsApps;
USERNAME=Goo
OS=Windows_NT
PROCESSOR_IDENTIFIER=Intel64 Family 6 Model 158 Stepping 9, GenuineIntel



---------------  S Y S T E M  ---------------

OS: Windows 10.0 , 64 bit Build 17134 (10.0.17134.1)

CPU:total 8 (initial active 8) (4 cores per cpu, 2 threads per core) family 6 model 158 stepping 9, cmov, cx8, fxsr, mmx, sse, sse2, sse3, ssse3, sse4.1, sse4.2, popcnt, avx, avx2, aes, clmul, erms, 3dnowpref, lzcnt, ht, tsc, tscinvbit, bmi1, bmi2, adx

Memory: 4k page, physical 16692940k(5027408k free), swap 16692940k(5120k free)

vm_info: OpenJDK 64-Bit Server VM (25.152-b01) for windows-amd64 JRE (1.8.0_152-release-915-b01), built by "builder" with MS VC++ 10.0 (VS2010)

time: Fri Jun 15 06:51:03 2018
elapsed time: 2 seconds (0d 0h 0m 2s)

