#
# There is insufficient memory for the Java Runtime Environment to continue.
# Native memory allocation (malloc) failed to allocate 65552 bytes for Chunk::new
# Possible reasons:
#   The system is out of physical RAM or swap space
#   In 32 bit mode, the process size limit was hit
# Possible solutions:
#   Reduce memory load on the system
#   Increase physical memory or swap space
#   Check if swap backing store is full
#   Use 64 bit Java on a 64 bit OS
#   Decrease Java heap size (-Xmx/-Xms)
#   Decrease number of Java threads
#   Decrease Java thread stack sizes (-Xss)
#   Set larger code cache with -XX:ReservedCodeCacheSize=
# This output file may be truncated or incomplete.
#
#  Out of Memory Error (allocation.cpp:390), pid=12368, tid=0x0000000000000878
#
# JRE version: OpenJDK Runtime Environment (8.0_152-b01) (build 1.8.0_152-release-915-b01)
# Java VM: OpenJDK 64-Bit Server VM (25.152-b01 mixed mode windows-amd64 compressed oops)
# Failed to write core dump. Minidumps are not enabled by default on client versions of Windows
#

---------------  T H R E A D  ---------------

Current thread (0x00000000153a0800):  JavaThread "C2 CompilerThread0" daemon [_thread_in_native, id=2168, stack(0x0000000015a10000,0x0000000015b10000)]

Stack: [0x0000000015a10000,0x0000000015b10000]
[error occurred during error reporting (printing stack bounds), id 0xc0000005]

Native frames: (J=compiled Java code, j=interpreted, Vv=VM code, C=native code)


Current CompileTask:
C2:   4869 1329       4       org.objectweb.asm.tree.LdcInsnNode::accept (14 bytes)


---------------  P R O C E S S  ---------------

Java Threads: ( => current thread )
  0x000000001541b000 JavaThread "Service Thread" daemon [_thread_blocked, id=1732, stack(0x0000000015e10000,0x0000000015f10000)]
  0x00000000153f9000 JavaThread "C1 CompilerThread3" daemon [_thread_blocked, id=12120, stack(0x0000000015d10000,0x0000000015e10000)]
  0x000000001344e000 JavaThread "C2 CompilerThread2" daemon [_thread_blocked, id=11860, stack(0x0000000015c10000,0x0000000015d10000)]
  0x000000001344c000 JavaThread "C2 CompilerThread1" daemon [_thread_in_native, id=868, stack(0x0000000015b10000,0x0000000015c10000)]
=>0x00000000153a0800 JavaThread "C2 CompilerThread0" daemon [_thread_in_native, id=2168, stack(0x0000000015a10000,0x0000000015b10000)]
  0x000000001539f000 JavaThread "Attach Listener" daemon [_thread_blocked, id=12632, stack(0x0000000015910000,0x0000000015a10000)]
  0x000000001534d000 JavaThread "Signal Dispatcher" daemon [_thread_blocked, id=736, stack(0x0000000015810000,0x0000000015910000)]
  0x0000000015330800 JavaThread "Finalizer" daemon [_thread_blocked, id=11148, stack(0x0000000015710000,0x0000000015810000)]
  0x0000000002c89800 JavaThread "Reference Handler" daemon [_thread_blocked, id=8280, stack(0x0000000015210000,0x0000000015310000)]
  0x0000000002a8d800 JavaThread "main" [_thread_in_native, id=140, stack(0x0000000002a90000,0x0000000002b90000)]

Other Threads:
  0x0000000013437800 VMThread [stack: 0x0000000015110000,0x0000000015210000] [id=7056]
  0x000000001541c000 WatcherThread [stack: 0x0000000015f10000,0x0000000016010000] [id=10636]

VM state:not at safepoint (normal execution)

VM Mutex/Monitor currently owned by a thread: None

Heap:
 PSYoungGen      total 14336K, used 637K [0x00000000feb00000, 0x0000000100000000, 0x0000000100000000)
  eden space 7168K, 3% used [0x00000000feb00000,0x00000000feb47668,0x00000000ff200000)
  from space 7168K, 4% used [0x00000000ff900000,0x00000000ff958000,0x0000000100000000)
  to   space 7168K, 0% used [0x00000000ff200000,0x00000000ff200000,0x00000000ff900000)
 ParOldGen       total 44032K, used 10028K [0x00000000fc000000, 0x00000000feb00000, 0x00000000feb00000)
  object space 44032K, 22% used [0x00000000fc000000,0x00000000fc9cb290,0x00000000feb00000)
 Metaspace       used 7823K, capacity 8038K, committed 8192K, reserved 1056768K
  class space    used 875K, capacity 957K, committed 1024K, reserved 1048576K

Card table byte_map: [0x00000000024e0000,0x0000000002510000] byte_map_base: 0x0000000001d00000

Marking Bits: (ParMarkBitMap*) 0x000000005d303950
 Begin Bits: [0x0000000012850000, 0x0000000012950000)
 End Bits:   [0x0000000012950000, 0x0000000012a50000)

Polling page: 0x0000000000c80000

CodeCache: size=245760Kb used=5294Kb max_used=5306Kb free=240465Kb
 bounds [0x0000000002c90000, 0x00000000031d0000, 0x0000000011c90000]
 total_blobs=1666 nmethods=1331 adapters=248
 compilation: enabled

Compilation events (10 events):
Event: 4.799 Thread 0x00000000153a0800 1329       4       org.objectweb.asm.tree.LdcInsnNode::accept (14 bytes)
Event: 4.799 Thread 0x00000000153f9000 1330       3       org.objectweb.asm.ClassWriter::a (67 bytes)
Event: 4.799 Thread 0x00000000153f9000 nmethod 1330 0x00000000031ac950 code [0x00000000031acb00, 0x00000000031acf48]
Event: 4.800 Thread 0x00000000153f9000 1331       3       org.objectweb.asm.tree.MethodNode::visitIincInsn (17 bytes)
Event: 4.800 Thread 0x00000000153f9000 nmethod 1331 0x00000000031c4010 code [0x00000000031c41a0, 0x00000000031c44e8]
Event: 4.800 Thread 0x00000000153f9000 1332       3       org.objectweb.asm.tree.IincInsnNode::<init> (18 bytes)
Event: 4.800 Thread 0x00000000153f9000 nmethod 1332 0x00000000031ac410 code [0x00000000031ac580, 0x00000000031ac7b0]
Event: 4.800 Thread 0x00000000153f9000 1333       3       org.objectweb.asm.tree.IincInsnNode::accept (18 bytes)
Event: 4.800 Thread 0x00000000153f9000 nmethod 1333 0x00000000031c3ad0 code [0x00000000031c3c40, 0x00000000031c3f38]
Event: 4.852 Thread 0x000000001344e000 nmethod 1328 0x00000000031ade90 code [0x00000000031ae000, 0x00000000031ae4b8]

GC Heap History (10 events):
Event: 2.978 GC heap before
{Heap before GC invocations=4 (full 0):
 PSYoungGen      total 18944K, used 18913K [0x00000000feb00000, 0x0000000100000000, 0x0000000100000000)
  eden space 16384K, 100% used [0x00000000feb00000,0x00000000ffb00000,0x00000000ffb00000)
  from space 2560K, 98% used [0x00000000ffb00000,0x00000000ffd785b0,0x00000000ffd80000)
  to   space 2560K, 0% used [0x00000000ffd80000,0x00000000ffd80000,0x0000000100000000)
 ParOldGen       total 44032K, used 7086K [0x00000000fc000000, 0x00000000feb00000, 0x00000000feb00000)
  object space 44032K, 16% used [0x00000000fc000000,0x00000000fc6ebab0,0x00000000feb00000)
 Metaspace       used 7789K, capacity 7974K, committed 8192K, reserved 1056768K
  class space    used 875K, capacity 957K, committed 1024K, reserved 1048576K
Event: 3.028 GC heap after
Heap after GC invocations=4 (full 0):
 PSYoungGen      total 18944K, used 2529K [0x00000000feb00000, 0x0000000100000000, 0x0000000100000000)
  eden space 16384K, 0% used [0x00000000feb00000,0x00000000feb00000,0x00000000ffb00000)
  from space 2560K, 98% used [0x00000000ffd80000,0x00000000ffff85b0,0x0000000100000000)
  to   space 2560K, 0% used [0x00000000ffb00000,0x00000000ffb00000,0x00000000ffd80000)
 ParOldGen       total 44032K, used 7303K [0x00000000fc000000, 0x00000000feb00000, 0x00000000feb00000)
  object space 44032K, 16% used [0x00000000fc000000,0x00000000fc721c60,0x00000000feb00000)
 Metaspace       used 7789K, capacity 7974K, committed 8192K, reserved 1056768K
  class space    used 875K, capacity 957K, committed 1024K, reserved 1048576K
}
Event: 3.228 GC heap before
{Heap before GC invocations=5 (full 0):
 PSYoungGen      total 18944K, used 18897K [0x00000000feb00000, 0x0000000100000000, 0x0000000100000000)
  eden space 16384K, 99% used [0x00000000feb00000,0x00000000ffafbe78,0x00000000ffb00000)
  from space 2560K, 98% used [0x00000000ffd80000,0x00000000ffff85b0,0x0000000100000000)
  to   space 2560K, 0% used [0x00000000ffb00000,0x00000000ffb00000,0x00000000ffd80000)
 ParOldGen       total 44032K, used 7303K [0x00000000fc000000, 0x00000000feb00000, 0x00000000feb00000)
  object space 44032K, 16% used [0x00000000fc000000,0x00000000fc721c60,0x00000000feb00000)
 Metaspace       used 7816K, capacity 8038K, committed 8192K, reserved 1056768K
  class space    used 875K, capacity 957K, committed 1024K, reserved 1048576K
Event: 3.340 GC heap after
Heap after GC invocations=5 (full 0):
 PSYoungGen      total 18944K, used 2531K [0x00000000feb00000, 0x0000000100000000, 0x0000000100000000)
  eden space 16384K, 0% used [0x00000000feb00000,0x00000000feb00000,0x00000000ffb00000)
  from space 2560K, 98% used [0x00000000ffb00000,0x00000000ffd78fc8,0x00000000ffd80000)
  to   space 2560K, 0% used [0x00000000ffd80000,0x00000000ffd80000,0x0000000100000000)
 ParOldGen       total 44032K, used 7479K [0x00000000fc000000, 0x00000000feb00000, 0x00000000feb00000)
  object space 44032K, 16% used [0x00000000fc000000,0x00000000fc74dc60,0x00000000feb00000)
 Metaspace       used 7816K, capacity 8038K, committed 8192K, reserved 1056768K
  class space    used 875K, capacity 957K, committed 1024K, reserved 1048576K
}
Event: 3.937 GC heap before
{Heap before GC invocations=6 (full 0):
 PSYoungGen      total 18944K, used 18915K [0x00000000feb00000, 0x0000000100000000, 0x0000000100000000)
  eden space 16384K, 100% used [0x00000000feb00000,0x00000000ffb00000,0x00000000ffb00000)
  from space 2560K, 98% used [0x00000000ffb00000,0x00000000ffd78fc8,0x00000000ffd80000)
  to   space 2560K, 0% used [0x00000000ffd80000,0x00000000ffd80000,0x0000000100000000)
 ParOldGen       total 44032K, used 7479K [0x00000000fc000000, 0x00000000feb00000, 0x00000000feb00000)
  object space 44032K, 16% used [0x00000000fc000000,0x00000000fc74dc60,0x00000000feb00000)
 Metaspace       used 7818K, capacity 8038K, committed 8192K, reserved 1056768K
  class space    used 875K, capacity 957K, committed 1024K, reserved 1048576K
Event: 4.189 GC heap after
Heap after GC invocations=6 (full 0):
 PSYoungGen      total 9728K, used 2545K [0x00000000feb00000, 0x0000000100000000, 0x0000000100000000)
  eden space 7168K, 0% used [0x00000000feb00000,0x00000000feb00000,0x00000000ff200000)
  from space 2560K, 99% used [0x00000000ffd80000,0x00000000ffffc5a0,0x0000000100000000)
  to   space 7168K, 0% used [0x00000000ff200000,0x00000000ff200000,0x00000000ff900000)
 ParOldGen       total 44032K, used 7651K [0x00000000fc000000, 0x00000000feb00000, 0x00000000feb00000)
  object space 44032K, 17% used [0x00000000fc000000,0x00000000fc778c80,0x00000000feb00000)
 Metaspace       used 7818K, capacity 8038K, committed 8192K, reserved 1056768K
  class space    used 875K, capacity 957K, committed 1024K, reserved 1048576K
}
Event: 4.438 GC heap before
{Heap before GC invocations=7 (full 0):
 PSYoungGen      total 9728K, used 9713K [0x00000000feb00000, 0x0000000100000000, 0x0000000100000000)
  eden space 7168K, 100% used [0x00000000feb00000,0x00000000ff200000,0x00000000ff200000)
  from space 2560K, 99% used [0x00000000ffd80000,0x00000000ffffc5a0,0x0000000100000000)
  to   space 7168K, 0% used [0x00000000ff200000,0x00000000ff200000,0x00000000ff900000)
 ParOldGen       total 44032K, used 7651K [0x00000000fc000000, 0x00000000feb00000, 0x00000000feb00000)
  object space 44032K, 17% used [0x00000000fc000000,0x00000000fc778c80,0x00000000feb00000)
 Metaspace       used 7821K, capacity 8038K, committed 8192K, reserved 1056768K
  class space    used 875K, capacity 957K, committed 1024K, reserved 1048576K
Event: 4.778 GC heap after
Heap after GC invocations=7 (full 0):
 PSYoungGen      total 14336K, used 781K [0x00000000feb00000, 0x0000000100000000, 0x0000000100000000)
  eden space 7168K, 0% used [0x00000000feb00000,0x00000000feb00000,0x00000000ff200000)
  from space 7168K, 10% used [0x00000000ff200000,0x00000000ff2c37b0,0x00000000ff900000)
  to   space 7168K, 0% used [0x00000000ff900000,0x00000000ff900000,0x0000000100000000)
 ParOldGen       total 44032K, used 9542K [0x00000000fc000000, 0x00000000feb00000, 0x00000000feb00000)
  object space 44032K, 21% used [0x00000000fc000000,0x00000000fc951ac0,0x00000000feb00000)
 Metaspace       used 7821K, capacity 8038K, committed 8192K, reserved 1056768K
  class space    used 875K, capacity 957K, committed 1024K, reserved 1048576K
}
Event: 4.801 GC heap before
{Heap before GC invocations=8 (full 0):
 PSYoungGen      total 14336K, used 7949K [0x00000000feb00000, 0x0000000100000000, 0x0000000100000000)
  eden space 7168K, 100% used [0x00000000feb00000,0x00000000ff200000,0x00000000ff200000)
  from space 7168K, 10% used [0x00000000ff200000,0x00000000ff2c37b0,0x00000000ff900000)
  to   space 7168K, 0% used [0x00000000ff900000,0x00000000ff900000,0x0000000100000000)
 ParOldGen       total 44032K, used 9542K [0x00000000fc000000, 0x00000000feb00000, 0x00000000feb00000)
  object space 44032K, 21% used [0x00000000fc000000,0x00000000fc951ac0,0x00000000feb00000)
 Metaspace       used 7823K, capacity 8038K, committed 8192K, reserved 1056768K
  class space    used 875K, capacity 957K, committed 1024K, reserved 1048576K
Event: 4.852 GC heap after
Heap after GC invocations=8 (full 0):
 PSYoungGen      total 14336K, used 352K [0x00000000feb00000, 0x0000000100000000, 0x0000000100000000)
  eden space 7168K, 0% used [0x00000000feb00000,0x00000000feb00000,0x00000000ff200000)
  from space 7168K, 4% used [0x00000000ff900000,0x00000000ff958000,0x0000000100000000)
  to   space 7168K, 0% used [0x00000000ff200000,0x00000000ff200000,0x00000000ff900000)
 ParOldGen       total 44032K, used 10028K [0x00000000fc000000, 0x00000000feb00000, 0x00000000feb00000)
  object space 44032K, 22% used [0x00000000fc000000,0x00000000fc9cb290,0x00000000feb00000)
 Metaspace       used 7823K, capacity 8038K, committed 8192K, reserved 1056768K
  class space    used 875K, capacity 957K, committed 1024K, reserved 1048576K
}

Deoptimization events (10 events):
Event: 2.959 Thread 0x0000000002a8d800 Uncommon trap: reason=unstable_if action=reinterpret pc=0x0000000002f76750 method=org.objectweb.asm.ClassReader.a(II[C)Ljava/lang/String; @ 77
Event: 2.959 Thread 0x0000000002a8d800 Uncommon trap: reason=unstable_if action=reinterpret pc=0x0000000002e31b78 method=java.lang.String.<init>([CII)V @ 18
Event: 2.959 Thread 0x0000000002a8d800 Uncommon trap: reason=unstable_if action=reinterpret pc=0x0000000002f77020 method=org.objectweb.asm.ByteVector.putUTF8(Ljava/lang/String;)Lorg/objectweb/asm/ByteVector; @ 91
Event: 3.937 Thread 0x0000000002a8d800 Uncommon trap: reason=predicate action=maybe_recompile pc=0x000000000313f240 method=org.objectweb.asm.ClassReader.accept(Lorg/objectweb/asm/ClassVisitor;[Lorg/objectweb/asm/Attribute;I)V @ 800
Event: 4.311 Thread 0x0000000002a8d800 Uncommon trap: reason=bimorphic action=maybe_recompile pc=0x000000000314f9cc method=org.objectweb.asm.ClassReader.a(Lorg/objectweb/asm/ClassVisitor;Lorg/objectweb/asm/Context;I)I @ 349
Event: 4.311 Thread 0x0000000002a8d800 Uncommon trap: reason=bimorphic action=maybe_recompile pc=0x000000000314f9cc method=org.objectweb.asm.ClassReader.a(Lorg/objectweb/asm/ClassVisitor;Lorg/objectweb/asm/Context;I)I @ 349
Event: 4.332 Thread 0x0000000002a8d800 Uncommon trap: reason=bimorphic action=maybe_recompile pc=0x000000000314f9cc method=org.objectweb.asm.ClassReader.a(Lorg/objectweb/asm/ClassVisitor;Lorg/objectweb/asm/Context;I)I @ 349
Event: 4.332 Thread 0x0000000002a8d800 Uncommon trap: reason=bimorphic action=maybe_recompile pc=0x000000000314f9cc method=org.objectweb.asm.ClassReader.a(Lorg/objectweb/asm/ClassVisitor;Lorg/objectweb/asm/Context;I)I @ 349
Event: 4.792 Thread 0x0000000002a8d800 Uncommon trap: reason=unstable_if action=reinterpret pc=0x00000000030dd0bc method=org.objectweb.asm.Type.getArgumentsAndReturnSizes(Ljava/lang/String;)I @ 118
Event: 4.792 Thread 0x0000000002a8d800 Uncommon trap: reason=unstable_if action=reinterpret pc=0x00000000030697c4 method=org.objectweb.asm.Type.getArgumentsAndReturnSizes(Ljava/lang/String;)I @ 112

Classes redefined (0 events):
No events

Internal exceptions (10 events):
Event: 1.451 Thread 0x0000000002a8d800 Exception <a 'sun/nio/fs/WindowsException'> (0x00000000febe3ec0) thrown at [D:\src\AOSP-openjdk-cygwin\jdk8u\hotspot\src\share\vm\prims\jni.cpp, line 709]
Event: 1.679 Thread 0x0000000002a8d800 Exception <a 'sun/nio/fs/WindowsException'> (0x00000000fee8d688) thrown at [D:\src\AOSP-openjdk-cygwin\jdk8u\hotspot\src\share\vm\prims\jni.cpp, line 709]
Event: 1.679 Thread 0x0000000002a8d800 Exception <a 'sun/nio/fs/WindowsException'> (0x00000000fee8db60) thrown at [D:\src\AOSP-openjdk-cygwin\jdk8u\hotspot\src\share\vm\prims\jni.cpp, line 709]
Event: 1.845 Thread 0x0000000002a8d800 Exception <a 'sun/nio/fs/WindowsException'> (0x00000000fee91000) thrown at [D:\src\AOSP-openjdk-cygwin\jdk8u\hotspot\src\share\vm\prims\jni.cpp, line 709]
Event: 1.845 Thread 0x0000000002a8d800 Exception <a 'sun/nio/fs/WindowsException'> (0x00000000fee914d8) thrown at [D:\src\AOSP-openjdk-cygwin\jdk8u\hotspot\src\share\vm\prims\jni.cpp, line 709]
Event: 2.114 Thread 0x0000000002a8d800 Exception <a 'sun/nio/fs/WindowsException'> (0x00000000ff113248) thrown at [D:\src\AOSP-openjdk-cygwin\jdk8u\hotspot\src\share\vm\prims\jni.cpp, line 709]
Event: 2.114 Thread 0x0000000002a8d800 Exception <a 'sun/nio/fs/WindowsException'> (0x00000000ff113720) thrown at [D:\src\AOSP-openjdk-cygwin\jdk8u\hotspot\src\share\vm\prims\jni.cpp, line 709]
Event: 2.437 Thread 0x0000000002a8d800 Implicit null exception at 0x00000000030990fc to 0x000000000309bd15
Event: 3.924 Thread 0x0000000002a8d800 Exception <a 'sun/nio/fs/WindowsException'> (0x00000000ffa24138) thrown at [D:\src\AOSP-openjdk-cygwin\jdk8u\hotspot\src\share\vm\prims\jni.cpp, line 709]
Event: 3.924 Thread 0x0000000002a8d800 Exception <a 'sun/nio/fs/WindowsException'> (0x00000000ffa24610) thrown at [D:\src\AOSP-openjdk-cygwin\jdk8u\hotspot\src\share\vm\prims\jni.cpp, line 709]

Events (10 events):
Event: 4.438 Executing VM operation: ParallelGCFailedAllocation
Event: 4.778 Executing VM operation: ParallelGCFailedAllocation done
Event: 4.792 Thread 0x0000000002a8d800 Uncommon trap: trap_request=0xffffff65 fr.pc=0x00000000030dd0bc
Event: 4.792 Thread 0x0000000002a8d800 DEOPT PACKING pc=0x00000000030dd0bc sp=0x0000000002b8eaa0
Event: 4.792 Thread 0x0000000002a8d800 DEOPT UNPACKING pc=0x0000000002cd556a sp=0x0000000002b8e938 mode 2
Event: 4.792 Thread 0x0000000002a8d800 Uncommon trap: trap_request=0xffffff65 fr.pc=0x00000000030697c4
Event: 4.792 Thread 0x0000000002a8d800 DEOPT PACKING pc=0x00000000030697c4 sp=0x0000000002b8e990
Event: 4.792 Thread 0x0000000002a8d800 DEOPT UNPACKING pc=0x0000000002cd556a sp=0x0000000002b8e920 mode 2
Event: 4.801 Executing VM operation: ParallelGCFailedAllocation
Event: 4.852 Executing VM operation: ParallelGCFailedAllocation done


Dynamic libraries:
0x00007ff6199f0000 - 0x00007ff619a21000 	C:\Program Files\Android\Android Studio\jre\bin\java.exe
0x00007ff98de30000 - 0x00007ff98e011000 	C:\WINDOWS\SYSTEM32\ntdll.dll
0x00007ff98c160000 - 0x00007ff98c212000 	C:\WINDOWS\System32\KERNEL32.DLL
0x00007ff98a400000 - 0x00007ff98a673000 	C:\WINDOWS\System32\KERNELBASE.dll
0x00007ff98b860000 - 0x00007ff98b901000 	C:\WINDOWS\System32\ADVAPI32.dll
0x00007ff98bd20000 - 0x00007ff98bdbe000 	C:\WINDOWS\System32\msvcrt.dll
0x00007ff98b910000 - 0x00007ff98b96b000 	C:\WINDOWS\System32\sechost.dll
0x00007ff98b3b0000 - 0x00007ff98b4d4000 	C:\WINDOWS\System32\RPCRT4.dll
0x00007ff98b9f0000 - 0x00007ff98bb80000 	C:\WINDOWS\System32\USER32.dll
0x00007ff98b2a0000 - 0x00007ff98b2c0000 	C:\WINDOWS\System32\win32u.dll
0x00007ff98b380000 - 0x00007ff98b3a8000 	C:\WINDOWS\System32\GDI32.dll
0x00007ff98b060000 - 0x00007ff98b1f2000 	C:\WINDOWS\System32\gdi32full.dll
0x00007ff98b200000 - 0x00007ff98b29f000 	C:\WINDOWS\System32\msvcp_win.dll
0x00007ff98a300000 - 0x00007ff98a3fa000 	C:\WINDOWS\System32\ucrtbase.dll
0x00007ff97d610000 - 0x00007ff97d879000 	C:\WINDOWS\WinSxS\amd64_microsoft.windows.common-controls_6595b64144ccf1df_6.0.17134.48_none_b4b2216a3cb4dd3e\COMCTL32.dll
0x00007ff98bdd0000 - 0x00007ff98c0f3000 	C:\WINDOWS\System32\combase.dll
0x00007ff98adf0000 - 0x00007ff98ae6a000 	C:\WINDOWS\System32\bcryptPrimitives.dll
0x00007ff98b5c0000 - 0x00007ff98b5ed000 	C:\WINDOWS\System32\IMM32.DLL
0x000000005ca60000 - 0x000000005cb32000 	C:\Program Files\Android\Android Studio\jre\jre\bin\msvcr100.dll
0x000000005cb40000 - 0x000000005d37e000 	C:\Program Files\Android\Android Studio\jre\jre\bin\server\jvm.dll
0x00007ff98b5b0000 - 0x00007ff98b5b8000 	C:\WINDOWS\System32\PSAPI.DLL
0x00007ff985c60000 - 0x00007ff985c69000 	C:\WINDOWS\SYSTEM32\WSOCK32.dll
0x00007ff98b970000 - 0x00007ff98b9dc000 	C:\WINDOWS\System32\WS2_32.dll
0x00007ff987c20000 - 0x00007ff987c43000 	C:\WINDOWS\SYSTEM32\WINMM.dll
0x00007ff982480000 - 0x00007ff98248a000 	C:\WINDOWS\SYSTEM32\VERSION.dll
0x00007ff987620000 - 0x00007ff98764a000 	C:\WINDOWS\SYSTEM32\WINMMBASE.dll
0x00007ff98a2b0000 - 0x00007ff98a2f9000 	C:\WINDOWS\System32\cfgmgr32.dll
0x00007ff96ba40000 - 0x00007ff96ba4f000 	C:\Program Files\Android\Android Studio\jre\jre\bin\verify.dll
0x00007ff96ba10000 - 0x00007ff96ba39000 	C:\Program Files\Android\Android Studio\jre\jre\bin\java.dll
0x00007ff96b9f0000 - 0x00007ff96ba06000 	C:\Program Files\Android\Android Studio\jre\jre\bin\zip.dll
0x00007ff98c2a0000 - 0x00007ff98d6e0000 	C:\WINDOWS\System32\SHELL32.dll
0x00007ff98b4e0000 - 0x00007ff98b589000 	C:\WINDOWS\System32\shcore.dll
0x00007ff98a680000 - 0x00007ff98ad8d000 	C:\WINDOWS\System32\windows.storage.dll
0x00007ff98b320000 - 0x00007ff98b371000 	C:\WINDOWS\System32\shlwapi.dll
0x00007ff98a170000 - 0x00007ff98a181000 	C:\WINDOWS\System32\kernel.appcore.dll
0x00007ff98a190000 - 0x00007ff98a1af000 	C:\WINDOWS\System32\profapi.dll
0x00007ff98a1b0000 - 0x00007ff98a1fc000 	C:\WINDOWS\System32\powrprof.dll
0x00007ff98a160000 - 0x00007ff98a16a000 	C:\WINDOWS\System32\FLTLIB.DLL
0x00007ff989b70000 - 0x00007ff989b87000 	C:\WINDOWS\SYSTEM32\CRYPTSP.dll
0x00007ff9895a0000 - 0x00007ff9895d3000 	C:\WINDOWS\system32\rsaenh.dll
0x00007ff989ca0000 - 0x00007ff989cc5000 	C:\WINDOWS\SYSTEM32\bcrypt.dll
0x00007ff98a040000 - 0x00007ff98a068000 	C:\WINDOWS\SYSTEM32\USERENV.dll
0x00007ff989b90000 - 0x00007ff989b9b000 	C:\WINDOWS\SYSTEM32\CRYPTBASE.dll
0x00007ff96b9d0000 - 0x00007ff96b9ea000 	C:\Program Files\Android\Android Studio\jre\jre\bin\net.dll
0x00007ff9899c0000 - 0x00007ff989a26000 	C:\WINDOWS\system32\mswsock.dll
0x00007ff989740000 - 0x00007ff989778000 	C:\WINDOWS\SYSTEM32\IPHLPAPI.DLL
0x00007ff98bdc0000 - 0x00007ff98bdc8000 	C:\WINDOWS\System32\NSI.dll
0x00007ff982c80000 - 0x00007ff982c96000 	C:\WINDOWS\SYSTEM32\dhcpcsvc6.DLL
0x00007ff982c60000 - 0x00007ff982c7a000 	C:\WINDOWS\SYSTEM32\dhcpcsvc.DLL
0x00007ff967fc0000 - 0x00007ff967fd1000 	C:\Program Files\Android\Android Studio\jre\jre\bin\nio.dll

VM Arguments:
jvm_args: -Djava.awt.headless=true -Xmx64M -Dfile.encoding=x-windows-949 -Duser.country=KR -Duser.language=ko -Duser.variant 
java_command: com.google.devtools.build.android.desugar.Desugar @D:\test\app\build\intermediates\tmp\desugar_args7905958886452148171
java_class_path (initial): C:\Users\Goo\AppData\Local\Temp\desugar_deploy.jar3189730495422438638
Launcher Type: SUN_STANDARD

Environment Variables:
PATH=C:\ProgramData\Oracle\Java\javapath;C:\WINDOWS\system32;C:\WINDOWS;C:\WINDOWS\System32\Wbem;C:\WINDOWS\System32\WindowsPowerShell\v1.0\;C:\OpenSSL;;C:\WINDOWS\System32\OpenSSH\;C:\Users\Goo\AppData\Local\Microsoft\WindowsApps;
USERNAME=Goo
OS=Windows_NT
PROCESSOR_IDENTIFIER=Intel64 Family 6 Model 158 Stepping 9, GenuineIntel



---------------  S Y S T E M  ---------------

OS: Windows 10.0 , 64 bit Build 17134 (10.0.17134.1)

CPU:total 8 (initial active 8) (4 cores per cpu, 2 threads per core) family 6 model 158 stepping 9, cmov, cx8, fxsr, mmx, sse, sse2, sse3, ssse3, sse4.1, sse4.2, popcnt, avx, avx2, aes, clmul, erms, 3dnowpref, lzcnt, ht, tsc, tscinvbit, bmi1, bmi2, adx

Memory: 4k page, physical 16692940k(4672324k free), swap 16692940k(5132k free)

vm_info: OpenJDK 64-Bit Server VM (25.152-b01) for windows-amd64 JRE (1.8.0_152-release-915-b01), built by "builder" with MS VC++ 10.0 (VS2010)

time: Mon Jun 11 01:47:13 2018
elapsed time: 4 seconds (0d 0h 0m 4s)

