#
# There is insufficient memory for the Java Runtime Environment to continue.
# Native memory allocation (malloc) failed to allocate 2563920 bytes for Chunk::new
# Possible reasons:
#   The system is out of physical RAM or swap space
#   In 32 bit mode, the process size limit was hit
# Possible solutions:
#   Reduce memory load on the system
#   Increase physical memory or swap space
#   Check if swap backing store is full
#   Use 64 bit Java on a 64 bit OS
#   Decrease Java heap size (-Xmx/-Xms)
#   Decrease number of Java threads
#   Decrease Java thread stack sizes (-Xss)
#   Set larger code cache with -XX:ReservedCodeCacheSize=
# This output file may be truncated or incomplete.
#
#  Out of Memory Error (allocation.cpp:390), pid=6452, tid=0x0000000000002704
#
# JRE version: OpenJDK Runtime Environment (8.0_152-b01) (build 1.8.0_152-release-915-b01)
# Java VM: OpenJDK 64-Bit Server VM (25.152-b01 mixed mode windows-amd64 compressed oops)
# Failed to write core dump. Minidumps are not enabled by default on client versions of Windows
#

---------------  T H R E A D  ---------------

Current thread (0x0000000015a5b000):  JavaThread "C2 CompilerThread2" daemon [_thread_in_native, id=9988, stack(0x00000000161e0000,0x00000000162e0000)]

Stack: [0x00000000161e0000,0x00000000162e0000]
[error occurred during error reporting (printing stack bounds), id 0xc0000005]

Native frames: (J=compiled Java code, j=interpreted, Vv=VM code, C=native code)


Current CompileTask:
C2:   4626  956 %     4       org.objectweb.asm.ClassReader::a @ 1480 (3587 bytes)


---------------  P R O C E S S  ---------------

Java Threads: ( => current thread )
  0x0000000015ab3000 JavaThread "Service Thread" daemon [_thread_blocked, id=2168, stack(0x00000000163e0000,0x00000000164e0000)]
  0x0000000015aa3800 JavaThread "C1 CompilerThread3" daemon [_thread_blocked, id=9964, stack(0x00000000162e0000,0x00000000163e0000)]
=>0x0000000015a5b000 JavaThread "C2 CompilerThread2" daemon [_thread_in_native, id=9988, stack(0x00000000161e0000,0x00000000162e0000)]
  0x0000000015a56000 JavaThread "C2 CompilerThread1" daemon [_thread_blocked, id=9724, stack(0x00000000160e0000,0x00000000161e0000)]
  0x0000000015a53800 JavaThread "C2 CompilerThread0" daemon [_thread_blocked, id=9712, stack(0x0000000015fe0000,0x00000000160e0000)]
  0x0000000015a52000 JavaThread "Attach Listener" daemon [_thread_blocked, id=3124, stack(0x0000000015ee0000,0x0000000015fe0000)]
  0x0000000015a41800 JavaThread "Signal Dispatcher" daemon [_thread_blocked, id=8888, stack(0x0000000015de0000,0x0000000015ee0000)]
  0x0000000013983000 JavaThread "Finalizer" daemon [_thread_blocked, id=8172, stack(0x0000000015850000,0x0000000015950000)]
  0x000000001397c000 JavaThread "Reference Handler" daemon [_thread_blocked, id=14068, stack(0x0000000015750000,0x0000000015850000)]
  0x00000000031cd800 JavaThread "main" [_thread_in_native, id=6448, stack(0x0000000002b80000,0x0000000002c80000)]

Other Threads:
  0x0000000013977000 VMThread [stack: 0x0000000015650000,0x0000000015750000] [id=8912]
  0x0000000015ab4000 WatcherThread [stack: 0x00000000164e0000,0x00000000165e0000] [id=1276]

VM state:not at safepoint (normal execution)

VM Mutex/Monitor currently owned by a thread: None

Heap:
 PSYoungGen      total 18944K, used 17128K [0x00000000feb00000, 0x0000000100000000, 0x0000000100000000)
  eden space 16384K, 88% used [0x00000000feb00000,0x00000000ff93d3d0,0x00000000ffb00000)
  from space 2560K, 99% used [0x00000000ffd80000,0x00000000ffffce00,0x0000000100000000)
  to   space 2560K, 0% used [0x00000000ffb00000,0x00000000ffb00000,0x00000000ffd80000)
 ParOldGen       total 44032K, used 5893K [0x00000000fc000000, 0x00000000feb00000, 0x00000000feb00000)
  object space 44032K, 13% used [0x00000000fc000000,0x00000000fc5c17a0,0x00000000feb00000)
 Metaspace       used 7716K, capacity 7914K, committed 8192K, reserved 1056768K
  class space    used 875K, capacity 957K, committed 1024K, reserved 1048576K

Card table byte_map: [0x00000000030f0000,0x0000000003120000] byte_map_base: 0x0000000002910000

Marking Bits: (ParMarkBitMap*) 0x00000000673d3950
 Begin Bits: [0x0000000012d90000, 0x0000000012e90000)
 End Bits:   [0x0000000012e90000, 0x0000000012f90000)

Polling page: 0x0000000000dd0000

CodeCache: size=245760Kb used=3973Kb max_used=3984Kb free=241786Kb
 bounds [0x00000000031d0000, 0x00000000035c0000, 0x00000000121d0000]
 total_blobs=1392 nmethods=1057 adapters=248
 compilation: enabled

Compilation events (10 events):
Event: 4.230 Thread 0x0000000015a53800 nmethod 1039 0x00000000035aec10 code [0x00000000035aed80, 0x00000000035af258]
Event: 4.230 Thread 0x0000000015a53800 1051       4       org.objectweb.asm.MethodVisitor::visitVarInsn (17 bytes)
Event: 4.236 Thread 0x0000000015a53800 nmethod 1051 0x00000000035af7d0 code [0x00000000035af960, 0x00000000035aff58]
Event: 4.236 Thread 0x0000000015a53800 1035       4       org.objectweb.asm.ClassVisitor::visitMethod (24 bytes)
Event: 4.236 Thread 0x0000000015a53800 nmethod 1035 0x000000000351ddd0 code [0x000000000351df00, 0x000000000351df98]
Event: 4.236 Thread 0x0000000015a53800 1038       4       org.objectweb.asm.ClassWriter::a (70 bytes)
Event: 4.251 Thread 0x0000000015a53800 nmethod 1038 0x00000000035aacd0 code [0x00000000035aaea0, 0x00000000035ab650]
Event: 4.266 Thread 0x0000000015a56000 nmethod 1030 0x00000000035b2e90 code [0x00000000035b31a0, 0x00000000035b52d8]
Event: 4.393 Thread 0x0000000015aa3800 1058       3       java.util.LinkedHashMap$LinkedHashIterator::hasNext (13 bytes)
Event: 4.393 Thread 0x0000000015aa3800 nmethod 1058 0x00000000035acd90 code [0x00000000035acee0, 0x00000000035ad090]

GC Heap History (4 events):
Event: 0.952 GC heap before
{Heap before GC invocations=1 (full 0):
 PSYoungGen      total 18944K, used 16384K [0x00000000feb00000, 0x0000000100000000, 0x0000000100000000)
  eden space 16384K, 100% used [0x00000000feb00000,0x00000000ffb00000,0x00000000ffb00000)
  from space 2560K, 0% used [0x00000000ffd80000,0x00000000ffd80000,0x0000000100000000)
  to   space 2560K, 0% used [0x00000000ffb00000,0x00000000ffb00000,0x00000000ffd80000)
 ParOldGen       total 44032K, used 0K [0x00000000fc000000, 0x00000000feb00000, 0x00000000feb00000)
  object space 44032K, 0% used [0x00000000fc000000,0x00000000fc000000,0x00000000feb00000)
 Metaspace       used 6621K, capacity 6808K, committed 7040K, reserved 1056768K
  class space    used 774K, capacity 824K, committed 896K, reserved 1048576K
Event: 0.987 GC heap after
Heap after GC invocations=1 (full 0):
 PSYoungGen      total 18944K, used 2537K [0x00000000feb00000, 0x0000000100000000, 0x0000000100000000)
  eden space 16384K, 0% used [0x00000000feb00000,0x00000000feb00000,0x00000000ffb00000)
  from space 2560K, 99% used [0x00000000ffb00000,0x00000000ffd7a620,0x00000000ffd80000)
  to   space 2560K, 0% used [0x00000000ffd80000,0x00000000ffd80000,0x0000000100000000)
 ParOldGen       total 44032K, used 1424K [0x00000000fc000000, 0x00000000feb00000, 0x00000000feb00000)
  object space 44032K, 3% used [0x00000000fc000000,0x00000000fc164298,0x00000000feb00000)
 Metaspace       used 6621K, capacity 6808K, committed 7040K, reserved 1056768K
  class space    used 774K, capacity 824K, committed 896K, reserved 1048576K
}
Event: 1.455 GC heap before
{Heap before GC invocations=2 (full 0):
 PSYoungGen      total 18944K, used 18921K [0x00000000feb00000, 0x0000000100000000, 0x0000000100000000)
  eden space 16384K, 100% used [0x00000000feb00000,0x00000000ffb00000,0x00000000ffb00000)
  from space 2560K, 99% used [0x00000000ffb00000,0x00000000ffd7a620,0x00000000ffd80000)
  to   space 2560K, 0% used [0x00000000ffd80000,0x00000000ffd80000,0x0000000100000000)
 ParOldGen       total 44032K, used 1424K [0x00000000fc000000, 0x00000000feb00000, 0x00000000feb00000)
  object space 44032K, 3% used [0x00000000fc000000,0x00000000fc164298,0x00000000feb00000)
 Metaspace       used 6942K, capacity 7114K, committed 7296K, reserved 1056768K
  class space    used 814K, capacity 861K, committed 896K, reserved 1048576K
Event: 1.523 GC heap after
Heap after GC invocations=2 (full 0):
 PSYoungGen      total 18944K, used 2547K [0x00000000feb00000, 0x0000000100000000, 0x0000000100000000)
  eden space 16384K, 0% used [0x00000000feb00000,0x00000000feb00000,0x00000000ffb00000)
  from space 2560K, 99% used [0x00000000ffd80000,0x00000000ffffce00,0x0000000100000000)
  to   space 2560K, 0% used [0x00000000ffb00000,0x00000000ffb00000,0x00000000ffd80000)
 ParOldGen       total 44032K, used 5893K [0x00000000fc000000, 0x00000000feb00000, 0x00000000feb00000)
  object space 44032K, 13% used [0x00000000fc000000,0x00000000fc5c17a0,0x00000000feb00000)
 Metaspace       used 6942K, capacity 7114K, committed 7296K, reserved 1056768K
  class space    used 814K, capacity 861K, committed 896K, reserved 1048576K
}

Deoptimization events (10 events):
Event: 0.942 Thread 0x00000000031cd800 Uncommon trap: reason=unstable_if action=reinterpret pc=0x0000000003403a48 method=java.util.zip.ZipFile$ZipEntryIterator.hasNext()Z @ 25
Event: 0.942 Thread 0x00000000031cd800 Uncommon trap: reason=unstable_if action=reinterpret pc=0x000000000340fdac method=java.util.zip.ZipCoder.decoder()Ljava/nio/charset/CharsetDecoder; @ 4
Event: 0.943 Thread 0x00000000031cd800 Uncommon trap: reason=unstable_if action=reinterpret pc=0x000000000340339c method=java.util.zip.ZipFile$ZipEntryIterator.hasNext()Z @ 25
Event: 0.943 Thread 0x00000000031cd800 Uncommon trap: reason=unstable_if action=reinterpret pc=0x00000000034122c0 method=java.util.zip.ZipCoder.decoder()Ljava/nio/charset/CharsetDecoder; @ 4
Event: 1.032 Thread 0x00000000031cd800 Uncommon trap: reason=unstable_if action=reinterpret pc=0x0000000003415338 method=java.util.zip.ZipCoder.decoder()Ljava/nio/charset/CharsetDecoder; @ 4
Event: 1.432 Thread 0x00000000031cd800 Uncommon trap: reason=unloaded action=reinterpret pc=0x0000000003417dbc method=java.util.zip.ZipEntry.setExtra0([BZ)V @ 37
Event: 1.579 Thread 0x00000000031cd800 Uncommon trap: reason=unstable_if action=reinterpret pc=0x0000000003368e78 method=java.lang.String.<init>([CII)V @ 18
Event: 3.641 Thread 0x00000000031cd800 Uncommon trap: reason=unstable_if action=reinterpret pc=0x000000000351f618 method=org.objectweb.asm.Item.a(Lorg/objectweb/asm/Item;)Z @ 345
Event: 3.946 Thread 0x00000000031cd800 Uncommon trap: reason=unstable_if action=reinterpret pc=0x000000000353ef38 method=org.objectweb.asm.Type.getArgumentsAndReturnSizes(Ljava/lang/String;)I @ 41
Event: 3.955 Thread 0x00000000031cd800 Uncommon trap: reason=unstable_if action=reinterpret pc=0x00000000035522e4 method=org.objectweb.asm.MethodWriter.visitVarInsn(II)V @ 142

Classes redefined (0 events):
No events

Internal exceptions (10 events):
Event: 1.169 Thread 0x00000000031cd800 Exception <a 'sun/nio/fs/WindowsException'> (0x00000000ff280440) thrown at [D:\src\AOSP-openjdk-cygwin\jdk8u\hotspot\src\share\vm\prims\jni.cpp, line 709]
Event: 1.226 Thread 0x00000000031cd800 Exception <a 'sun/nio/fs/WindowsException'> (0x00000000ff285780) thrown at [D:\src\AOSP-openjdk-cygwin\jdk8u\hotspot\src\share\vm\prims\jni.cpp, line 709]
Event: 1.535 Thread 0x00000000031cd800 Exception <a 'sun/nio/fs/WindowsException'> (0x00000000febedd60) thrown at [D:\src\AOSP-openjdk-cygwin\jdk8u\hotspot\src\share\vm\prims\jni.cpp, line 709]
Event: 1.535 Thread 0x00000000031cd800 Exception <a 'sun/nio/fs/WindowsException'> (0x00000000febee2b8) thrown at [D:\src\AOSP-openjdk-cygwin\jdk8u\hotspot\src\share\vm\prims\jni.cpp, line 709]
Event: 4.130 Thread 0x00000000031cd800 Exception <a 'sun/nio/fs/WindowsException'> (0x00000000ff6777c0) thrown at [D:\src\AOSP-openjdk-cygwin\jdk8u\hotspot\src\share\vm\prims\jni.cpp, line 709]
Event: 4.131 Thread 0x00000000031cd800 Exception <a 'sun/nio/fs/WindowsException'> (0x00000000ff677c98) thrown at [D:\src\AOSP-openjdk-cygwin\jdk8u\hotspot\src\share\vm\prims\jni.cpp, line 709]
Event: 4.262 Thread 0x00000000031cd800 Exception <a 'sun/nio/fs/WindowsException'> (0x00000000ff8f87d0) thrown at [D:\src\AOSP-openjdk-cygwin\jdk8u\hotspot\src\share\vm\prims\jni.cpp, line 709]
Event: 4.270 Thread 0x00000000031cd800 Exception <a 'sun/nio/fs/WindowsException'> (0x00000000ff8f8ca8) thrown at [D:\src\AOSP-openjdk-cygwin\jdk8u\hotspot\src\share\vm\prims\jni.cpp, line 709]
Event: 4.480 Thread 0x00000000031cd800 Exception <a 'sun/nio/fs/WindowsException'> (0x00000000ff8fc160) thrown at [D:\src\AOSP-openjdk-cygwin\jdk8u\hotspot\src\share\vm\prims\jni.cpp, line 709]
Event: 4.515 Thread 0x00000000031cd800 Exception <a 'sun/nio/fs/WindowsException'> (0x00000000ff8fc638) thrown at [D:\src\AOSP-openjdk-cygwin\jdk8u\hotspot\src\share\vm\prims\jni.cpp, line 709]

Events (10 events):
Event: 3.946 Thread 0x00000000031cd800 DEOPT UNPACKING pc=0x000000000321556a sp=0x0000000002c7e558 mode 2
Event: 3.949 Thread 0x00000000031cd800 DEOPT PACKING pc=0x0000000003342887 sp=0x0000000002c7eb80
Event: 3.949 Thread 0x00000000031cd800 DEOPT UNPACKING pc=0x00000000032175bf sp=0x0000000002c7e8b0 mode 0
Event: 3.955 Thread 0x00000000031cd800 Uncommon trap: trap_request=0xffffff65 fr.pc=0x00000000035522e4
Event: 3.955 Thread 0x00000000031cd800 DEOPT PACKING pc=0x00000000035522e4 sp=0x0000000002c7e800
Event: 3.955 Thread 0x00000000031cd800 DEOPT UNPACKING pc=0x000000000321556a sp=0x0000000002c7e748 mode 2
Event: 3.959 loading class java/util/Vector$Itr
Event: 3.959 loading class java/util/Vector$Itr done
Event: 4.198 Executing VM operation: EnableBiasedLocking
Event: 4.198 Executing VM operation: EnableBiasedLocking done


Dynamic libraries:
0x00007ff6c8c60000 - 0x00007ff6c8c91000 	C:\Program Files\Android\Android Studio\jre\bin\java.exe
0x00007ffba9340000 - 0x00007ffba9521000 	C:\WINDOWS\SYSTEM32\ntdll.dll
0x00007ffba6ca0000 - 0x00007ffba6d52000 	C:\WINDOWS\System32\KERNEL32.DLL
0x00007ffba6070000 - 0x00007ffba62e3000 	C:\WINDOWS\System32\KERNELBASE.dll
0x00007ffba9260000 - 0x00007ffba9301000 	C:\WINDOWS\System32\ADVAPI32.dll
0x00007ffba77b0000 - 0x00007ffba784e000 	C:\WINDOWS\System32\msvcrt.dll
0x00007ffba71b0000 - 0x00007ffba720b000 	C:\WINDOWS\System32\sechost.dll
0x00007ffba7580000 - 0x00007ffba76a4000 	C:\WINDOWS\System32\RPCRT4.dll
0x00007ffba7ac0000 - 0x00007ffba7c50000 	C:\WINDOWS\System32\USER32.dll
0x00007ffba5790000 - 0x00007ffba57b0000 	C:\WINDOWS\System32\win32u.dll
0x00007ffba67e0000 - 0x00007ffba6808000 	C:\WINDOWS\System32\GDI32.dll
0x00007ffba6530000 - 0x00007ffba66c2000 	C:\WINDOWS\System32\gdi32full.dll
0x00007ffba5fd0000 - 0x00007ffba606f000 	C:\WINDOWS\System32\msvcp_win.dll
0x00007ffba66d0000 - 0x00007ffba67ca000 	C:\WINDOWS\System32\ucrtbase.dll
0x00007ffb93ad0000 - 0x00007ffb93d39000 	C:\WINDOWS\WinSxS\amd64_microsoft.windows.common-controls_6595b64144ccf1df_6.0.17134.48_none_b4b2216a3cb4dd3e\COMCTL32.dll
0x00007ffba6810000 - 0x00007ffba6b33000 	C:\WINDOWS\System32\combase.dll
0x00007ffba5710000 - 0x00007ffba578a000 	C:\WINDOWS\System32\bcryptPrimitives.dll
0x00007ffba9090000 - 0x00007ffba90bd000 	C:\WINDOWS\System32\IMM32.DLL
0x0000000069530000 - 0x0000000069602000 	C:\Program Files\Android\Android Studio\jre\jre\bin\msvcr100.dll
0x0000000066c10000 - 0x000000006744e000 	C:\Program Files\Android\Android Studio\jre\jre\bin\server\jvm.dll
0x00007ffba91d0000 - 0x00007ffba91d8000 	C:\WINDOWS\System32\PSAPI.DLL
0x00007ffba1d20000 - 0x00007ffba1d29000 	C:\WINDOWS\SYSTEM32\WSOCK32.dll
0x00007ffba7510000 - 0x00007ffba757c000 	C:\WINDOWS\System32\WS2_32.dll
0x00007ffb95780000 - 0x00007ffb957a3000 	C:\WINDOWS\SYSTEM32\WINMM.dll
0x00007ffb9d7c0000 - 0x00007ffb9d7ca000 	C:\WINDOWS\SYSTEM32\VERSION.dll
0x00007ffb95570000 - 0x00007ffb9559a000 	C:\WINDOWS\SYSTEM32\winmmbase.dll
0x00007ffba64e0000 - 0x00007ffba6529000 	C:\WINDOWS\System32\cfgmgr32.dll
0x00007ffba1d30000 - 0x00007ffba1d3f000 	C:\Program Files\Android\Android Studio\jre\jre\bin\verify.dll
0x00007ffba1b00000 - 0x00007ffba1b29000 	C:\Program Files\Android\Android Studio\jre\jre\bin\java.dll
0x00007ffb9f450000 - 0x00007ffb9f466000 	C:\Program Files\Android\Android Studio\jre\jre\bin\zip.dll
0x00007ffba7c50000 - 0x00007ffba9090000 	C:\WINDOWS\System32\SHELL32.dll
0x00007ffba9120000 - 0x00007ffba91c9000 	C:\WINDOWS\System32\shcore.dll
0x00007ffba58c0000 - 0x00007ffba5fcd000 	C:\WINDOWS\System32\windows.storage.dll
0x00007ffba90c0000 - 0x00007ffba9111000 	C:\WINDOWS\System32\shlwapi.dll
0x00007ffba5680000 - 0x00007ffba5691000 	C:\WINDOWS\System32\kernel.appcore.dll
0x00007ffba56f0000 - 0x00007ffba570f000 	C:\WINDOWS\System32\profapi.dll
0x00007ffba56a0000 - 0x00007ffba56ec000 	C:\WINDOWS\System32\powrprof.dll
0x00007ffba5650000 - 0x00007ffba565a000 	C:\WINDOWS\System32\FLTLIB.DLL
0x00007ffba5080000 - 0x00007ffba5097000 	C:\WINDOWS\SYSTEM32\CRYPTSP.dll
0x00007ffba4ab0000 - 0x00007ffba4ae3000 	C:\WINDOWS\system32\rsaenh.dll
0x00007ffba51b0000 - 0x00007ffba51d5000 	C:\WINDOWS\SYSTEM32\bcrypt.dll
0x00007ffba5580000 - 0x00007ffba55a8000 	C:\WINDOWS\SYSTEM32\USERENV.dll
0x00007ffba50a0000 - 0x00007ffba50ab000 	C:\WINDOWS\SYSTEM32\CRYPTBASE.dll
0x00007ffb9f430000 - 0x00007ffb9f44a000 	C:\Program Files\Android\Android Studio\jre\jre\bin\net.dll
0x00007ffba4ed0000 - 0x00007ffba4f36000 	C:\WINDOWS\system32\mswsock.dll
0x00007ffba4c50000 - 0x00007ffba4c88000 	C:\WINDOWS\SYSTEM32\IPHLPAPI.DLL
0x00007ffba7430000 - 0x00007ffba7438000 	C:\WINDOWS\System32\NSI.dll
0x00007ffb9a1f0000 - 0x00007ffb9a206000 	C:\WINDOWS\SYSTEM32\dhcpcsvc6.DLL
0x00007ffb9a120000 - 0x00007ffb9a13a000 	C:\WINDOWS\SYSTEM32\dhcpcsvc.DLL
0x00007ffb9f410000 - 0x00007ffb9f421000 	C:\Program Files\Android\Android Studio\jre\jre\bin\nio.dll

VM Arguments:
jvm_args: -Djava.awt.headless=true -Xmx64M -Dfile.encoding=x-windows-949 -Duser.country=KR -Duser.language=ko -Duser.variant 
java_command: com.google.devtools.build.android.desugar.Desugar @D:\test\app\build\intermediates\tmp\desugar_args2035415334961981025
java_class_path (initial): C:\Users\Goo\AppData\Local\Temp\desugar_deploy.jar6166084629044052758
Launcher Type: SUN_STANDARD

Environment Variables:
PATH=C:\ProgramData\Oracle\Java\javapath;C:\WINDOWS\system32;C:\WINDOWS;C:\WINDOWS\System32\Wbem;C:\WINDOWS\System32\WindowsPowerShell\v1.0\;C:\OpenSSL;;C:\WINDOWS\System32\OpenSSH\;C:\Users\Goo\AppData\Local\Microsoft\WindowsApps;
USERNAME=Goo
OS=Windows_NT
PROCESSOR_IDENTIFIER=Intel64 Family 6 Model 158 Stepping 9, GenuineIntel



---------------  S Y S T E M  ---------------

OS: Windows 10.0 , 64 bit Build 17134 (10.0.17134.1)

CPU:total 8 (initial active 8) (4 cores per cpu, 2 threads per core) family 6 model 158 stepping 9, cmov, cx8, fxsr, mmx, sse, sse2, sse3, ssse3, sse4.1, sse4.2, popcnt, avx, avx2, aes, clmul, erms, 3dnowpref, lzcnt, ht, tsc, tscinvbit, bmi1, bmi2, adx

Memory: 4k page, physical 16692940k(3980792k free), swap 16692940k(5832k free)

vm_info: OpenJDK 64-Bit Server VM (25.152-b01) for windows-amd64 JRE (1.8.0_152-release-915-b01), built by "builder" with MS VC++ 10.0 (VS2010)

time: Sun May 27 18:15:22 2018
elapsed time: 4 seconds (0d 0h 0m 4s)

