#
# There is insufficient memory for the Java Runtime Environment to continue.
# Native memory allocation (malloc) failed to allocate 576176 bytes for Chunk::new
# Possible reasons:
#   The system is out of physical RAM or swap space
#   In 32 bit mode, the process size limit was hit
# Possible solutions:
#   Reduce memory load on the system
#   Increase physical memory or swap space
#   Check if swap backing store is full
#   Use 64 bit Java on a 64 bit OS
#   Decrease Java heap size (-Xmx/-Xms)
#   Decrease number of Java threads
#   Decrease Java thread stack sizes (-Xss)
#   Set larger code cache with -XX:ReservedCodeCacheSize=
# This output file may be truncated or incomplete.
#
#  Out of Memory Error (allocation.cpp:390), pid=1052, tid=0x0000000000001bfc
#
# JRE version: OpenJDK Runtime Environment (8.0_152-b01) (build 1.8.0_152-release-915-b01)
# Java VM: OpenJDK 64-Bit Server VM (25.152-b01 mixed mode windows-amd64 compressed oops)
# Failed to write core dump. Minidumps are not enabled by default on client versions of Windows
#

---------------  T H R E A D  ---------------

Current thread (0x00000000158d0000):  JavaThread "C2 CompilerThread0" daemon [_thread_in_native, id=7164, stack(0x0000000015fe0000,0x00000000160e0000)]

Stack: [0x0000000015fe0000,0x00000000160e0000]
[error occurred during error reporting (printing stack bounds), id 0xc0000005]

Native frames: (J=compiled Java code, j=interpreted, Vv=VM code, C=native code)


Current CompileTask:
C2:   1233  969       4       org.objectweb.asm.tree.MethodInsnNode::accept (30 bytes)


---------------  P R O C E S S  ---------------

Java Threads: ( => current thread )
  0x0000000015976800 JavaThread "Service Thread" daemon [_thread_blocked, id=8572, stack(0x00000000163e0000,0x00000000164e0000)]
  0x00000000158e7000 JavaThread "C1 CompilerThread3" daemon [_thread_blocked, id=5240, stack(0x00000000162e0000,0x00000000163e0000)]
  0x00000000158d5000 JavaThread "C2 CompilerThread2" daemon [_thread_in_native, id=612, stack(0x00000000161e0000,0x00000000162e0000)]
  0x00000000158d1000 JavaThread "C2 CompilerThread1" daemon [_thread_in_native, id=8864, stack(0x00000000160e0000,0x00000000161e0000)]
=>0x00000000158d0000 JavaThread "C2 CompilerThread0" daemon [_thread_in_native, id=7164, stack(0x0000000015fe0000,0x00000000160e0000)]
  0x00000000158cf000 JavaThread "Attach Listener" daemon [_thread_blocked, id=5324, stack(0x0000000015ee0000,0x0000000015fe0000)]
  0x0000000015865800 JavaThread "Signal Dispatcher" daemon [_thread_blocked, id=10996, stack(0x0000000015de0000,0x0000000015ee0000)]
  0x0000000015860800 JavaThread "Finalizer" daemon [_thread_blocked, id=13128, stack(0x0000000015c40000,0x0000000015d40000)]
  0x000000001395a800 JavaThread "Reference Handler" daemon [_thread_blocked, id=3976, stack(0x0000000015740000,0x0000000015840000)]
  0x0000000002c1d800 JavaThread "main" [_thread_in_native, id=12472, stack(0x0000000002fb0000,0x00000000030b0000)]

Other Threads:
  0x0000000013956000 VMThread [stack: 0x0000000015640000,0x0000000015740000] [id=12328]
  0x0000000015902000 WatcherThread [stack: 0x00000000164e0000,0x00000000165e0000] [id=3664]

VM state:not at safepoint (normal execution)

VM Mutex/Monitor currently owned by a thread: None

Heap:
 PSYoungGen      total 18944K, used 17949K [0x00000000feb00000, 0x0000000100000000, 0x0000000100000000)
  eden space 16384K, 94% used [0x00000000feb00000,0x00000000ffa0e890,0x00000000ffb00000)
  from space 2560K, 98% used [0x00000000ffd80000,0x00000000ffff8e10,0x0000000100000000)
  to   space 2560K, 0% used [0x00000000ffb00000,0x00000000ffb00000,0x00000000ffd80000)
 ParOldGen       total 44032K, used 5953K [0x00000000fc000000, 0x00000000feb00000, 0x00000000feb00000)
  object space 44032K, 13% used [0x00000000fc000000,0x00000000fc5d0748,0x00000000feb00000)
 Metaspace       used 7670K, capacity 7842K, committed 7936K, reserved 1056768K
  class space    used 875K, capacity 957K, committed 1024K, reserved 1048576K

Card table byte_map: [0x0000000002bd0000,0x0000000002c00000] byte_map_base: 0x00000000023f0000

Marking Bits: (ParMarkBitMap*) 0x000000005d303950
 Begin Bits: [0x0000000012d70000, 0x0000000012e70000)
 End Bits:   [0x0000000012e70000, 0x0000000012f70000)

Polling page: 0x00000000012b0000

CodeCache: size=245760Kb used=3861Kb max_used=3861Kb free=241898Kb
 bounds [0x00000000031b0000, 0x0000000003580000, 0x00000000121b0000]
 total_blobs=1363 nmethods=1029 adapters=248
 compilation: enabled

Compilation events (10 events):
Event: 1.204 Thread 0x00000000158e7000 1030       3       java.lang.Integer::<init> (10 bytes)
Event: 1.205 Thread 0x00000000158e7000 nmethod 1030 0x00000000035747d0 code [0x0000000003574940, 0x0000000003574b50]
Event: 1.207 Thread 0x00000000158e7000 1032       3       org.objectweb.asm.MethodVisitor::visitIincInsn (17 bytes)
Event: 1.207 Thread 0x00000000158e7000 nmethod 1032 0x0000000003574310 code [0x0000000003574480, 0x00000000035746e8]
Event: 1.208 Thread 0x00000000158e7000 1033  s    3       java.io.BufferedOutputStream::write (67 bytes)
Event: 1.209 Thread 0x00000000158e7000 nmethod 1033 0x0000000003576990 code [0x0000000003576b60, 0x00000000035773b8]
Event: 1.209 Thread 0x00000000158e7000 1034       3       java.util.zip.ZipOutputStream::version (48 bytes)
Event: 1.209 Thread 0x00000000158e7000 nmethod 1034 0x0000000003576550 code [0x00000000035766c0, 0x00000000035768a8]
Event: 1.209 Thread 0x00000000158e7000 1035       3       java.util.zip.ZipOutputStream::getExtraLen (96 bytes)
Event: 1.210 Thread 0x00000000158e7000 nmethod 1035 0x0000000003579990 code [0x0000000003579b40, 0x000000000357a190]

GC Heap History (4 events):
Event: 0.649 GC heap before
{Heap before GC invocations=1 (full 0):
 PSYoungGen      total 18944K, used 16384K [0x00000000feb00000, 0x0000000100000000, 0x0000000100000000)
  eden space 16384K, 100% used [0x00000000feb00000,0x00000000ffb00000,0x00000000ffb00000)
  from space 2560K, 0% used [0x00000000ffd80000,0x00000000ffd80000,0x0000000100000000)
  to   space 2560K, 0% used [0x00000000ffb00000,0x00000000ffb00000,0x00000000ffd80000)
 ParOldGen       total 44032K, used 0K [0x00000000fc000000, 0x00000000feb00000, 0x00000000feb00000)
  object space 44032K, 0% used [0x00000000fc000000,0x00000000fc000000,0x00000000feb00000)
 Metaspace       used 6621K, capacity 6800K, committed 7040K, reserved 1056768K
  class space    used 774K, capacity 824K, committed 896K, reserved 1048576K
Event: 0.653 GC heap after
Heap after GC invocations=1 (full 0):
 PSYoungGen      total 18944K, used 2537K [0x00000000feb00000, 0x0000000100000000, 0x0000000100000000)
  eden space 16384K, 0% used [0x00000000feb00000,0x00000000feb00000,0x00000000ffb00000)
  from space 2560K, 99% used [0x00000000ffb00000,0x00000000ffd7a620,0x00000000ffd80000)
  to   space 2560K, 0% used [0x00000000ffd80000,0x00000000ffd80000,0x0000000100000000)
 ParOldGen       total 44032K, used 1636K [0x00000000fc000000, 0x00000000feb00000, 0x00000000feb00000)
  object space 44032K, 3% used [0x00000000fc000000,0x00000000fc199260,0x00000000feb00000)
 Metaspace       used 6621K, capacity 6800K, committed 7040K, reserved 1056768K
  class space    used 774K, capacity 824K, committed 896K, reserved 1048576K
}
Event: 0.877 GC heap before
{Heap before GC invocations=2 (full 0):
 PSYoungGen      total 18944K, used 18921K [0x00000000feb00000, 0x0000000100000000, 0x0000000100000000)
  eden space 16384K, 100% used [0x00000000feb00000,0x00000000ffb00000,0x00000000ffb00000)
  from space 2560K, 99% used [0x00000000ffb00000,0x00000000ffd7a620,0x00000000ffd80000)
  to   space 2560K, 0% used [0x00000000ffd80000,0x00000000ffd80000,0x0000000100000000)
 ParOldGen       total 44032K, used 1636K [0x00000000fc000000, 0x00000000feb00000, 0x00000000feb00000)
  object space 44032K, 3% used [0x00000000fc000000,0x00000000fc199260,0x00000000feb00000)
 Metaspace       used 6965K, capacity 7106K, committed 7296K, reserved 1056768K
  class space    used 816K, capacity 861K, committed 896K, reserved 1048576K
Event: 0.883 GC heap after
Heap after GC invocations=2 (full 0):
 PSYoungGen      total 18944K, used 2531K [0x00000000feb00000, 0x0000000100000000, 0x0000000100000000)
  eden space 16384K, 0% used [0x00000000feb00000,0x00000000feb00000,0x00000000ffb00000)
  from space 2560K, 98% used [0x00000000ffd80000,0x00000000ffff8e10,0x0000000100000000)
  to   space 2560K, 0% used [0x00000000ffb00000,0x00000000ffb00000,0x00000000ffd80000)
 ParOldGen       total 44032K, used 5953K [0x00000000fc000000, 0x00000000feb00000, 0x00000000feb00000)
  object space 44032K, 13% used [0x00000000fc000000,0x00000000fc5d0748,0x00000000feb00000)
 Metaspace       used 6965K, capacity 7106K, committed 7296K, reserved 1056768K
  class space    used 816K, capacity 861K, committed 896K, reserved 1048576K
}

Deoptimization events (10 events):
Event: 0.731 Thread 0x0000000002c1d800 Uncommon trap: reason=unstable_if action=reinterpret pc=0x00000000033edf48 method=java.util.HashMap$HashIterator.nextNode()Ljava/util/HashMap$Node; @ 74
Event: 0.828 Thread 0x0000000002c1d800 Uncommon trap: reason=unloaded action=reinterpret pc=0x00000000033e363c method=java.util.zip.ZipEntry.setExtra0([BZ)V @ 37
Event: 0.977 Thread 0x0000000002c1d800 Uncommon trap: reason=unstable_if action=reinterpret pc=0x00000000034813c8 method=org.objectweb.asm.ClassReader.readUTF8(I[C)Ljava/lang/String; @ 7
Event: 0.977 Thread 0x0000000002c1d800 Uncommon trap: reason=unstable_if action=reinterpret pc=0x0000000003485658 method=java.lang.String.<init>([CII)V @ 18
Event: 0.988 Thread 0x0000000002c1d800 Uncommon trap: reason=unstable_if action=reinterpret pc=0x000000000335d5b8 method=java.lang.String.<init>([CII)V @ 18
Event: 1.009 Thread 0x0000000002c1d800 Uncommon trap: reason=class_check action=maybe_recompile pc=0x00000000034cc220 method=org.objectweb.asm.MethodVisitor.visitVarInsn(II)V @ 13
Event: 1.009 Thread 0x0000000002c1d800 Uncommon trap: reason=class_check action=maybe_recompile pc=0x00000000034cc220 method=org.objectweb.asm.MethodVisitor.visitVarInsn(II)V @ 13
Event: 1.009 Thread 0x0000000002c1d800 Uncommon trap: reason=class_check action=maybe_recompile pc=0x00000000034cc220 method=org.objectweb.asm.MethodVisitor.visitVarInsn(II)V @ 13
Event: 1.009 Thread 0x0000000002c1d800 Uncommon trap: reason=class_check action=maybe_recompile pc=0x00000000034cc220 method=org.objectweb.asm.MethodVisitor.visitVarInsn(II)V @ 13
Event: 1.153 Thread 0x0000000002c1d800 Uncommon trap: reason=null_check action=make_not_entrant pc=0x000000000356679c method=com.google.devtools.build.android.desugar.InterfaceDesugaring$InterfaceInvocationRewriter.visitMethodInsn(ILjava/lang/String;Ljava/lang/String;Ljava/lang/String;Z)V @ 10

Classes redefined (0 events):
No events

Internal exceptions (10 events):
Event: 0.737 Thread 0x0000000002c1d800 Exception <a 'sun/nio/fs/WindowsException'> (0x00000000ff20f900) thrown at [D:\src\AOSP-openjdk-cygwin\jdk8u\hotspot\src\share\vm\prims\jni.cpp, line 709]
Event: 0.890 Thread 0x0000000002c1d800 Exception <a 'sun/nio/fs/WindowsException'> (0x00000000febba968) thrown at [D:\src\AOSP-openjdk-cygwin\jdk8u\hotspot\src\share\vm\prims\jni.cpp, line 709]
Event: 0.890 Thread 0x0000000002c1d800 Exception <a 'sun/nio/fs/WindowsException'> (0x00000000febbaec0) thrown at [D:\src\AOSP-openjdk-cygwin\jdk8u\hotspot\src\share\vm\prims\jni.cpp, line 709]
Event: 0.897 Thread 0x0000000002c1d800 Exception <a 'sun/nio/fs/WindowsException'> (0x00000000febc66c8) thrown at [D:\src\AOSP-openjdk-cygwin\jdk8u\hotspot\src\share\vm\prims\jni.cpp, line 709]
Event: 0.897 Thread 0x0000000002c1d800 Exception <a 'sun/nio/fs/WindowsException'> (0x00000000febc6ba0) thrown at [D:\src\AOSP-openjdk-cygwin\jdk8u\hotspot\src\share\vm\prims\jni.cpp, line 709]
Event: 0.903 Thread 0x0000000002c1d800 Exception <a 'sun/nio/fs/WindowsException'> (0x00000000febca058) thrown at [D:\src\AOSP-openjdk-cygwin\jdk8u\hotspot\src\share\vm\prims\jni.cpp, line 709]
Event: 0.903 Thread 0x0000000002c1d800 Exception <a 'sun/nio/fs/WindowsException'> (0x00000000febca530) thrown at [D:\src\AOSP-openjdk-cygwin\jdk8u\hotspot\src\share\vm\prims\jni.cpp, line 709]
Event: 0.907 Thread 0x0000000002c1d800 Exception <a 'sun/nio/fs/WindowsException'> (0x00000000febcd9d0) thrown at [D:\src\AOSP-openjdk-cygwin\jdk8u\hotspot\src\share\vm\prims\jni.cpp, line 709]
Event: 0.907 Thread 0x0000000002c1d800 Exception <a 'sun/nio/fs/WindowsException'> (0x00000000febcdea8) thrown at [D:\src\AOSP-openjdk-cygwin\jdk8u\hotspot\src\share\vm\prims\jni.cpp, line 709]
Event: 1.153 Thread 0x0000000002c1d800 Implicit null exception at 0x00000000035664aa to 0x0000000003566779

Events (10 events):
Event: 1.009 Thread 0x0000000002c1d800 DEOPT UNPACKING pc=0x00000000031f556a sp=0x00000000030aeb60 mode 2
Event: 1.009 Thread 0x0000000002c1d800 Uncommon trap: trap_request=0xffffffde fr.pc=0x00000000034cc220
Event: 1.009 Thread 0x0000000002c1d800 DEOPT PACKING pc=0x00000000034cc220 sp=0x00000000030aebb0
Event: 1.009 Thread 0x0000000002c1d800 DEOPT UNPACKING pc=0x00000000031f556a sp=0x00000000030aeb60 mode 2
Event: 1.009 Thread 0x0000000002c1d800 Uncommon trap: trap_request=0xffffffde fr.pc=0x00000000034cc220
Event: 1.009 Thread 0x0000000002c1d800 DEOPT PACKING pc=0x00000000034cc220 sp=0x00000000030aebb0
Event: 1.009 Thread 0x0000000002c1d800 DEOPT UNPACKING pc=0x00000000031f556a sp=0x00000000030aeb60 mode 2
Event: 1.153 Thread 0x0000000002c1d800 Uncommon trap: trap_request=0xfffffff4 fr.pc=0x000000000356679c
Event: 1.153 Thread 0x0000000002c1d800 DEOPT PACKING pc=0x000000000356679c sp=0x00000000030aeaa0
Event: 1.153 Thread 0x0000000002c1d800 DEOPT UNPACKING pc=0x00000000031f556a sp=0x00000000030aea20 mode 2


Dynamic libraries:
0x00007ff6199f0000 - 0x00007ff619a21000 	C:\Program Files\Android\Android Studio\jre\bin\java.exe
0x00007ff98de30000 - 0x00007ff98e011000 	C:\WINDOWS\SYSTEM32\ntdll.dll
0x00007ff98c160000 - 0x00007ff98c212000 	C:\WINDOWS\System32\KERNEL32.DLL
0x00007ff98a400000 - 0x00007ff98a673000 	C:\WINDOWS\System32\KERNELBASE.dll
0x00007ff98b860000 - 0x00007ff98b901000 	C:\WINDOWS\System32\ADVAPI32.dll
0x00007ff98bd20000 - 0x00007ff98bdbe000 	C:\WINDOWS\System32\msvcrt.dll
0x00007ff98b910000 - 0x00007ff98b96b000 	C:\WINDOWS\System32\sechost.dll
0x00007ff98b3b0000 - 0x00007ff98b4d4000 	C:\WINDOWS\System32\RPCRT4.dll
0x00007ff98b9f0000 - 0x00007ff98bb80000 	C:\WINDOWS\System32\USER32.dll
0x00007ff98b2a0000 - 0x00007ff98b2c0000 	C:\WINDOWS\System32\win32u.dll
0x00007ff98b380000 - 0x00007ff98b3a8000 	C:\WINDOWS\System32\GDI32.dll
0x00007ff98b060000 - 0x00007ff98b1f2000 	C:\WINDOWS\System32\gdi32full.dll
0x00007ff98b200000 - 0x00007ff98b29f000 	C:\WINDOWS\System32\msvcp_win.dll
0x00007ff98a300000 - 0x00007ff98a3fa000 	C:\WINDOWS\System32\ucrtbase.dll
0x00007ff97d610000 - 0x00007ff97d879000 	C:\WINDOWS\WinSxS\amd64_microsoft.windows.common-controls_6595b64144ccf1df_6.0.17134.48_none_b4b2216a3cb4dd3e\COMCTL32.dll
0x00007ff98bdd0000 - 0x00007ff98c0f3000 	C:\WINDOWS\System32\combase.dll
0x00007ff98adf0000 - 0x00007ff98ae6a000 	C:\WINDOWS\System32\bcryptPrimitives.dll
0x00007ff98b5c0000 - 0x00007ff98b5ed000 	C:\WINDOWS\System32\IMM32.DLL
0x000000005ca60000 - 0x000000005cb32000 	C:\Program Files\Android\Android Studio\jre\jre\bin\msvcr100.dll
0x000000005cb40000 - 0x000000005d37e000 	C:\Program Files\Android\Android Studio\jre\jre\bin\server\jvm.dll
0x00007ff98b5b0000 - 0x00007ff98b5b8000 	C:\WINDOWS\System32\PSAPI.DLL
0x00007ff985c60000 - 0x00007ff985c69000 	C:\WINDOWS\SYSTEM32\WSOCK32.dll
0x00007ff98b970000 - 0x00007ff98b9dc000 	C:\WINDOWS\System32\WS2_32.dll
0x00007ff982480000 - 0x00007ff98248a000 	C:\WINDOWS\SYSTEM32\VERSION.dll
0x00007ff987c20000 - 0x00007ff987c43000 	C:\WINDOWS\SYSTEM32\WINMM.dll
0x00007ff987620000 - 0x00007ff98764a000 	C:\WINDOWS\SYSTEM32\WINMMBASE.dll
0x00007ff98a2b0000 - 0x00007ff98a2f9000 	C:\WINDOWS\System32\cfgmgr32.dll
0x00007ff96ba40000 - 0x00007ff96ba4f000 	C:\Program Files\Android\Android Studio\jre\jre\bin\verify.dll
0x00007ff96ba10000 - 0x00007ff96ba39000 	C:\Program Files\Android\Android Studio\jre\jre\bin\java.dll
0x00007ff96b9f0000 - 0x00007ff96ba06000 	C:\Program Files\Android\Android Studio\jre\jre\bin\zip.dll
0x00007ff98c2a0000 - 0x00007ff98d6e0000 	C:\WINDOWS\System32\SHELL32.dll
0x00007ff98b4e0000 - 0x00007ff98b589000 	C:\WINDOWS\System32\shcore.dll
0x00007ff98a680000 - 0x00007ff98ad8d000 	C:\WINDOWS\System32\windows.storage.dll
0x00007ff98b320000 - 0x00007ff98b371000 	C:\WINDOWS\System32\shlwapi.dll
0x00007ff98a170000 - 0x00007ff98a181000 	C:\WINDOWS\System32\kernel.appcore.dll
0x00007ff98a190000 - 0x00007ff98a1af000 	C:\WINDOWS\System32\profapi.dll
0x00007ff98a1b0000 - 0x00007ff98a1fc000 	C:\WINDOWS\System32\powrprof.dll
0x00007ff98a160000 - 0x00007ff98a16a000 	C:\WINDOWS\System32\FLTLIB.DLL
0x00007ff989b70000 - 0x00007ff989b87000 	C:\WINDOWS\SYSTEM32\CRYPTSP.dll
0x00007ff9895a0000 - 0x00007ff9895d3000 	C:\WINDOWS\system32\rsaenh.dll
0x00007ff989ca0000 - 0x00007ff989cc5000 	C:\WINDOWS\SYSTEM32\bcrypt.dll
0x00007ff98a040000 - 0x00007ff98a068000 	C:\WINDOWS\SYSTEM32\USERENV.dll
0x00007ff989b90000 - 0x00007ff989b9b000 	C:\WINDOWS\SYSTEM32\CRYPTBASE.dll
0x00007ff96b9d0000 - 0x00007ff96b9ea000 	C:\Program Files\Android\Android Studio\jre\jre\bin\net.dll
0x00007ff9899c0000 - 0x00007ff989a26000 	C:\WINDOWS\system32\mswsock.dll
0x00007ff989740000 - 0x00007ff989778000 	C:\WINDOWS\SYSTEM32\IPHLPAPI.DLL
0x00007ff98bdc0000 - 0x00007ff98bdc8000 	C:\WINDOWS\System32\NSI.dll
0x00007ff982c80000 - 0x00007ff982c96000 	C:\WINDOWS\SYSTEM32\dhcpcsvc6.DLL
0x00007ff982c60000 - 0x00007ff982c7a000 	C:\WINDOWS\SYSTEM32\dhcpcsvc.DLL
0x00007ff967fc0000 - 0x00007ff967fd1000 	C:\Program Files\Android\Android Studio\jre\jre\bin\nio.dll

VM Arguments:
jvm_args: -Djava.awt.headless=true -Xmx64M -Dfile.encoding=x-windows-949 -Duser.country=KR -Duser.language=ko -Duser.variant 
java_command: com.google.devtools.build.android.desugar.Desugar @D:\test\app\build\intermediates\tmp\desugar_args9140644418800707524
java_class_path (initial): C:\Users\Goo\AppData\Local\Temp\desugar_deploy.jar3189730495422438638
Launcher Type: SUN_STANDARD

Environment Variables:
PATH=C:\ProgramData\Oracle\Java\javapath;C:\WINDOWS\system32;C:\WINDOWS;C:\WINDOWS\System32\Wbem;C:\WINDOWS\System32\WindowsPowerShell\v1.0\;C:\OpenSSL;;C:\WINDOWS\System32\OpenSSH\;C:\Users\Goo\AppData\Local\Microsoft\WindowsApps;
USERNAME=Goo
OS=Windows_NT
PROCESSOR_IDENTIFIER=Intel64 Family 6 Model 158 Stepping 9, GenuineIntel



---------------  S Y S T E M  ---------------

OS: Windows 10.0 , 64 bit Build 17134 (10.0.17134.1)

CPU:total 8 (initial active 8) (4 cores per cpu, 2 threads per core) family 6 model 158 stepping 9, cmov, cx8, fxsr, mmx, sse, sse2, sse3, ssse3, sse4.1, sse4.2, popcnt, avx, avx2, aes, clmul, erms, 3dnowpref, lzcnt, ht, tsc, tscinvbit, bmi1, bmi2, adx

Memory: 4k page, physical 16692940k(2465608k free), swap 16692940k(5176k free)

vm_info: OpenJDK 64-Bit Server VM (25.152-b01) for windows-amd64 JRE (1.8.0_152-release-915-b01), built by "builder" with MS VC++ 10.0 (VS2010)

time: Sun Jun 10 23:51:22 2018
elapsed time: 1 seconds (0d 0h 0m 1s)

