#
# There is insufficient memory for the Java Runtime Environment to continue.
# Native memory allocation (malloc) failed to allocate 282096 bytes for Chunk::new
# Possible reasons:
#   The system is out of physical RAM or swap space
#   In 32 bit mode, the process size limit was hit
# Possible solutions:
#   Reduce memory load on the system
#   Increase physical memory or swap space
#   Check if swap backing store is full
#   Use 64 bit Java on a 64 bit OS
#   Decrease Java heap size (-Xmx/-Xms)
#   Decrease number of Java threads
#   Decrease Java thread stack sizes (-Xss)
#   Set larger code cache with -XX:ReservedCodeCacheSize=
# This output file may be truncated or incomplete.
#
#  Out of Memory Error (allocation.cpp:390), pid=11432, tid=0x0000000000000938
#
# JRE version: OpenJDK Runtime Environment (8.0_152-b01) (build 1.8.0_152-release-915-b01)
# Java VM: OpenJDK 64-Bit Server VM (25.152-b01 mixed mode windows-amd64 compressed oops)
# Failed to write core dump. Minidumps are not enabled by default on client versions of Windows
#

---------------  T H R E A D  ---------------

Current thread (0x0000000015c50000):  JavaThread "C2 CompilerThread0" daemon [_thread_in_native, id=2360, stack(0x0000000016350000,0x0000000016450000)]

Stack: [0x0000000016350000,0x0000000016450000]
[error occurred during error reporting (printing stack bounds), id 0xc0000005]

Native frames: (J=compiled Java code, j=interpreted, Vv=VM code, C=native code)


Current CompileTask:
C2:   1778  706       4       sun.nio.fs.WindowsPath::elementAsString (62 bytes)


---------------  P R O C E S S  ---------------

Java Threads: ( => current thread )
  0x0000000015cad800 JavaThread "Service Thread" daemon [_thread_blocked, id=2656, stack(0x0000000016750000,0x0000000016850000)]
  0x0000000015ca8800 JavaThread "C1 CompilerThread3" daemon [_thread_blocked, id=4024, stack(0x0000000016650000,0x0000000016750000)]
  0x0000000015c99800 JavaThread "C2 CompilerThread2" daemon [_thread_in_native, id=10788, stack(0x0000000016550000,0x0000000016650000)]
  0x0000000015c51000 JavaThread "C2 CompilerThread1" daemon [_thread_blocked, id=12196, stack(0x0000000016450000,0x0000000016550000)]
=>0x0000000015c50000 JavaThread "C2 CompilerThread0" daemon [_thread_in_native, id=2360, stack(0x0000000016350000,0x0000000016450000)]
  0x0000000015c4f000 JavaThread "Attach Listener" daemon [_thread_blocked, id=2168, stack(0x0000000016250000,0x0000000016350000)]
  0x0000000015be5800 JavaThread "Signal Dispatcher" daemon [_thread_blocked, id=12524, stack(0x0000000016150000,0x0000000016250000)]
  0x0000000015be0800 JavaThread "Finalizer" daemon [_thread_blocked, id=12924, stack(0x0000000015fc0000,0x00000000160c0000)]
  0x0000000003528000 JavaThread "Reference Handler" daemon [_thread_blocked, id=7488, stack(0x0000000015ac0000,0x0000000015bc0000)]
  0x0000000002e1d800 JavaThread "main" [_thread_in_Java, id=11788, stack(0x0000000003330000,0x0000000003430000)]

Other Threads:
  0x0000000013cd5000 VMThread [stack: 0x00000000159c0000,0x0000000015ac0000] [id=10464]
  0x0000000015cae800 WatcherThread [stack: 0x0000000016850000,0x0000000016950000] [id=336]

VM state:not at safepoint (normal execution)

VM Mutex/Monitor currently owned by a thread: None

Heap:
 PSYoungGen      total 18944K, used 12004K [0x00000000feb00000, 0x0000000100000000, 0x0000000100000000)
  eden space 16384K, 57% used [0x00000000feb00000,0x00000000ff43eb98,0x00000000ffb00000)
  from space 2560K, 99% used [0x00000000ffb00000,0x00000000ffd7a640,0x00000000ffd80000)
  to   space 2560K, 0% used [0x00000000ffd80000,0x00000000ffd80000,0x0000000100000000)
 ParOldGen       total 44032K, used 1518K [0x00000000fc000000, 0x00000000feb00000, 0x00000000feb00000)
  object space 44032K, 3% used [0x00000000fc000000,0x00000000fc17ba10,0x00000000feb00000)
 Metaspace       used 6889K, capacity 7042K, committed 7296K, reserved 1056768K
  class space    used 807K, capacity 861K, committed 896K, reserved 1048576K

Card table byte_map: [0x0000000002de0000,0x0000000002e10000] byte_map_base: 0x0000000002600000

Marking Bits: (ParMarkBitMap*) 0x00000000673d3950
 Begin Bits: [0x00000000130f0000, 0x00000000131f0000)
 End Bits:   [0x00000000131f0000, 0x00000000132f0000)

Polling page: 0x0000000000de0000

CodeCache: size=245760Kb used=2593Kb max_used=2608Kb free=243166Kb
 bounds [0x0000000003530000, 0x00000000037c0000, 0x0000000012530000]
 total_blobs=1027 nmethods=704 adapters=237
 compilation: enabled

Compilation events (10 events):
Event: 1.763 Thread 0x0000000015ca8800  702   !   3       java.nio.file.FileTreeWalker::getAttributes (94 bytes)
Event: 1.763 Thread 0x0000000015ca8800 nmethod 702 0x00000000037b5410 code [0x00000000037b5680, 0x00000000037b67d8]
Event: 1.763 Thread 0x0000000015ca8800  703       3       java.util.ArrayDeque::size (18 bytes)
Event: 1.763 Thread 0x0000000015ca8800 nmethod 703 0x00000000037b6f10 code [0x00000000037b7060, 0x00000000037b71d0]
Event: 1.763 Thread 0x0000000015ca8800  704       3       java.nio.file.FileTreeWalker$Event::<init> (9 bytes)
Event: 1.764 Thread 0x0000000015ca8800 nmethod 704 0x00000000037b7290 code [0x00000000037b7400, 0x00000000037b7670]
Event: 1.764 Thread 0x0000000015ca8800  705       3       java.nio.file.FileTreeIterator::next (5 bytes)
Event: 1.764 Thread 0x0000000015ca8800 nmethod 705 0x00000000037b7790 code [0x00000000037b7900, 0x00000000037b7aa8]
Event: 1.765 Thread 0x0000000015c50000  706       4       sun.nio.fs.WindowsPath::elementAsString (62 bytes)
Event: 1.765 Thread 0x0000000015c51000 nmethod 680 0x00000000037bb710 code [0x00000000037bb8e0, 0x00000000037bc888]

GC Heap History (2 events):
Event: 1.215 GC heap before
{Heap before GC invocations=1 (full 0):
 PSYoungGen      total 18944K, used 16384K [0x00000000feb00000, 0x0000000100000000, 0x0000000100000000)
  eden space 16384K, 100% used [0x00000000feb00000,0x00000000ffb00000,0x00000000ffb00000)
  from space 2560K, 0% used [0x00000000ffd80000,0x00000000ffd80000,0x0000000100000000)
  to   space 2560K, 0% used [0x00000000ffb00000,0x00000000ffb00000,0x00000000ffd80000)
 ParOldGen       total 44032K, used 0K [0x00000000fc000000, 0x00000000feb00000, 0x00000000feb00000)
  object space 44032K, 0% used [0x00000000fc000000,0x00000000fc000000,0x00000000feb00000)
 Metaspace       used 6616K, capacity 6804K, committed 7040K, reserved 1056768K
  class space    used 773K, capacity 824K, committed 896K, reserved 1048576K
Event: 1.262 GC heap after
Heap after GC invocations=1 (full 0):
 PSYoungGen      total 18944K, used 2537K [0x00000000feb00000, 0x0000000100000000, 0x0000000100000000)
  eden space 16384K, 0% used [0x00000000feb00000,0x00000000feb00000,0x00000000ffb00000)
  from space 2560K, 99% used [0x00000000ffb00000,0x00000000ffd7a640,0x00000000ffd80000)
  to   space 2560K, 0% used [0x00000000ffd80000,0x00000000ffd80000,0x0000000100000000)
 ParOldGen       total 44032K, used 1518K [0x00000000fc000000, 0x00000000feb00000, 0x00000000feb00000)
  object space 44032K, 3% used [0x00000000fc000000,0x00000000fc17ba10,0x00000000feb00000)
 Metaspace       used 6616K, capacity 6804K, committed 7040K, reserved 1056768K
  class space    used 773K, capacity 824K, committed 896K, reserved 1048576K
}

Deoptimization events (10 events):
Event: 1.188 Thread 0x0000000002e1d800 Uncommon trap: reason=unstable_if action=reinterpret pc=0x000000000375eb18 method=java.util.zip.ZipEntry.setExtra0([BZ)V @ 1
Event: 1.189 Thread 0x0000000002e1d800 Uncommon trap: reason=unstable_if action=reinterpret pc=0x000000000375b6c8 method=java.util.zip.ZipFile$ZipEntryIterator.hasNext()Z @ 25
Event: 1.189 Thread 0x0000000002e1d800 Uncommon trap: reason=unstable_if action=reinterpret pc=0x000000000376c0f8 method=java.util.zip.ZipCoder.decoder()Ljava/nio/charset/CharsetDecoder; @ 4
Event: 1.190 Thread 0x0000000002e1d800 Uncommon trap: reason=unstable_if action=reinterpret pc=0x000000000375f19c method=java.util.zip.ZipFile$ZipEntryIterator.hasNext()Z @ 25
Event: 1.190 Thread 0x0000000002e1d800 Uncommon trap: reason=unstable_if action=reinterpret pc=0x0000000003769cec method=java.util.zip.ZipCoder.decoder()Ljava/nio/charset/CharsetDecoder; @ 4
Event: 1.295 Thread 0x0000000002e1d800 Uncommon trap: reason=unstable_if action=reinterpret pc=0x00000000037641ac method=java.util.zip.ZipCoder.decoder()Ljava/nio/charset/CharsetDecoder; @ 4
Event: 1.295 Thread 0x0000000002e1d800 Uncommon trap: reason=unstable_if action=reinterpret pc=0x000000000375fd58 method=java.util.zip.ZipCoder.decoder()Ljava/nio/charset/CharsetDecoder; @ 4
Event: 1.297 Thread 0x0000000002e1d800 Uncommon trap: reason=unstable_if action=reinterpret pc=0x000000000375c000 method=java.util.zip.ZipCoder.decoder()Ljava/nio/charset/CharsetDecoder; @ 4
Event: 1.304 Thread 0x0000000002e1d800 Uncommon trap: reason=unstable_if action=reinterpret pc=0x0000000003780a08 method=java.util.HashMap$HashIterator.nextNode()Ljava/util/HashMap$Node; @ 74
Event: 1.499 Thread 0x0000000002e1d800 Uncommon trap: reason=unstable_if action=reinterpret pc=0x00000000037805c8 method=java.util.HashMap$HashIterator.nextNode()Ljava/util/HashMap$Node; @ 74

Classes redefined (0 events):
No events

Internal exceptions (10 events):
Event: 1.295 Thread 0x0000000002e1d800 Implicit null exception at 0x00000000037637d3 to 0x0000000003764171
Event: 1.295 Thread 0x0000000002e1d800 Implicit null exception at 0x000000000375f779 to 0x000000000375fd35
Event: 1.297 Thread 0x0000000002e1d800 Implicit null exception at 0x000000000375bbbd to 0x000000000375bff1
Event: 1.489 Thread 0x0000000002e1d800 Exception <a 'sun/nio/fs/WindowsException'> (0x00000000ff24db68) thrown at [D:\src\AOSP-openjdk-cygwin\jdk8u\hotspot\src\share\vm\prims\jni.cpp, line 709]
Event: 1.489 Thread 0x0000000002e1d800 Exception <a 'sun/nio/fs/WindowsException'> (0x00000000ff24e128) thrown at [D:\src\AOSP-openjdk-cygwin\jdk8u\hotspot\src\share\vm\prims\jni.cpp, line 709]
Event: 1.489 Thread 0x0000000002e1d800 Exception <a 'sun/nio/fs/WindowsException'> (0x00000000ff24e6f0) thrown at [D:\src\AOSP-openjdk-cygwin\jdk8u\hotspot\src\share\vm\prims\jni.cpp, line 709]
Event: 1.489 Thread 0x0000000002e1d800 Exception <a 'sun/nio/fs/WindowsException'> (0x00000000ff24eeb0) thrown at [D:\src\AOSP-openjdk-cygwin\jdk8u\hotspot\src\share\vm\prims\jni.cpp, line 709]
Event: 1.489 Thread 0x0000000002e1d800 Exception <a 'sun/nio/fs/WindowsException'> (0x00000000ff24f450) thrown at [D:\src\AOSP-openjdk-cygwin\jdk8u\hotspot\src\share\vm\prims\jni.cpp, line 709]
Event: 1.489 Thread 0x0000000002e1d800 Exception <a 'sun/nio/fs/WindowsException'> (0x00000000ff24fc00) thrown at [D:\src\AOSP-openjdk-cygwin\jdk8u\hotspot\src\share\vm\prims\jni.cpp, line 709]
Event: 1.551 Thread 0x0000000002e1d800 Exception <a 'sun/nio/fs/WindowsException'> (0x00000000ff254f40) thrown at [D:\src\AOSP-openjdk-cygwin\jdk8u\hotspot\src\share\vm\prims\jni.cpp, line 709]

Events (10 events):
Event: 1.732 loading class java/util/stream/TerminalSink
Event: 1.732 loading class java/util/stream/Sink
Event: 1.732 loading class java/util/stream/Sink done
Event: 1.732 loading class java/util/stream/TerminalSink done
Event: 1.732 loading class java/util/stream/ForEachOps$ForEachOp done
Event: 1.732 loading class java/util/stream/ForEachOps$ForEachOp$OfRef done
Event: 1.732 loading class java/util/stream/ReferencePipeline$3$1
Event: 1.732 loading class java/util/stream/Sink$ChainedReference
Event: 1.732 loading class java/util/stream/Sink$ChainedReference done
Event: 1.732 loading class java/util/stream/ReferencePipeline$3$1 done


Dynamic libraries:
0x00007ff7bef40000 - 0x00007ff7bef71000 	C:\Program Files\Android\Android Studio\jre\bin\java.exe
0x00007ffba9340000 - 0x00007ffba9521000 	C:\WINDOWS\SYSTEM32\ntdll.dll
0x00007ffba6ca0000 - 0x00007ffba6d52000 	C:\WINDOWS\System32\KERNEL32.DLL
0x00007ffba6070000 - 0x00007ffba62e3000 	C:\WINDOWS\System32\KERNELBASE.dll
0x00007ffba9260000 - 0x00007ffba9301000 	C:\WINDOWS\System32\ADVAPI32.dll
0x00007ffba77b0000 - 0x00007ffba784e000 	C:\WINDOWS\System32\msvcrt.dll
0x00007ffba71b0000 - 0x00007ffba720b000 	C:\WINDOWS\System32\sechost.dll
0x00007ffba7580000 - 0x00007ffba76a4000 	C:\WINDOWS\System32\RPCRT4.dll
0x00007ffba7ac0000 - 0x00007ffba7c50000 	C:\WINDOWS\System32\USER32.dll
0x00007ffba5790000 - 0x00007ffba57b0000 	C:\WINDOWS\System32\win32u.dll
0x00007ffba67e0000 - 0x00007ffba6808000 	C:\WINDOWS\System32\GDI32.dll
0x00007ffba6530000 - 0x00007ffba66c2000 	C:\WINDOWS\System32\gdi32full.dll
0x00007ffba5fd0000 - 0x00007ffba606f000 	C:\WINDOWS\System32\msvcp_win.dll
0x00007ffba66d0000 - 0x00007ffba67ca000 	C:\WINDOWS\System32\ucrtbase.dll
0x00007ffb93ad0000 - 0x00007ffb93d39000 	C:\WINDOWS\WinSxS\amd64_microsoft.windows.common-controls_6595b64144ccf1df_6.0.17134.48_none_b4b2216a3cb4dd3e\COMCTL32.dll
0x00007ffba6810000 - 0x00007ffba6b33000 	C:\WINDOWS\System32\combase.dll
0x00007ffba5710000 - 0x00007ffba578a000 	C:\WINDOWS\System32\bcryptPrimitives.dll
0x00007ffba9090000 - 0x00007ffba90bd000 	C:\WINDOWS\System32\IMM32.DLL
0x0000000069530000 - 0x0000000069602000 	C:\Program Files\Android\Android Studio\jre\jre\bin\msvcr100.dll
0x0000000066c10000 - 0x000000006744e000 	C:\Program Files\Android\Android Studio\jre\jre\bin\server\jvm.dll
0x00007ffba91d0000 - 0x00007ffba91d8000 	C:\WINDOWS\System32\PSAPI.DLL
0x00007ffba1d20000 - 0x00007ffba1d29000 	C:\WINDOWS\SYSTEM32\WSOCK32.dll
0x00007ffba7510000 - 0x00007ffba757c000 	C:\WINDOWS\System32\WS2_32.dll
0x00007ffb95780000 - 0x00007ffb957a3000 	C:\WINDOWS\SYSTEM32\WINMM.dll
0x00007ffb9d7c0000 - 0x00007ffb9d7ca000 	C:\WINDOWS\SYSTEM32\VERSION.dll
0x00007ffb95570000 - 0x00007ffb9559a000 	C:\WINDOWS\SYSTEM32\winmmbase.dll
0x00007ffba64e0000 - 0x00007ffba6529000 	C:\WINDOWS\System32\cfgmgr32.dll
0x00007ffba1d30000 - 0x00007ffba1d3f000 	C:\Program Files\Android\Android Studio\jre\jre\bin\verify.dll
0x00007ffba1b00000 - 0x00007ffba1b29000 	C:\Program Files\Android\Android Studio\jre\jre\bin\java.dll
0x00007ffb9f450000 - 0x00007ffb9f466000 	C:\Program Files\Android\Android Studio\jre\jre\bin\zip.dll
0x00007ffba7c50000 - 0x00007ffba9090000 	C:\WINDOWS\System32\SHELL32.dll
0x00007ffba9120000 - 0x00007ffba91c9000 	C:\WINDOWS\System32\shcore.dll
0x00007ffba58c0000 - 0x00007ffba5fcd000 	C:\WINDOWS\System32\windows.storage.dll
0x00007ffba90c0000 - 0x00007ffba9111000 	C:\WINDOWS\System32\shlwapi.dll
0x00007ffba5680000 - 0x00007ffba5691000 	C:\WINDOWS\System32\kernel.appcore.dll
0x00007ffba56f0000 - 0x00007ffba570f000 	C:\WINDOWS\System32\profapi.dll
0x00007ffba56a0000 - 0x00007ffba56ec000 	C:\WINDOWS\System32\powrprof.dll
0x00007ffba5650000 - 0x00007ffba565a000 	C:\WINDOWS\System32\FLTLIB.DLL
0x00007ffba5080000 - 0x00007ffba5097000 	C:\WINDOWS\SYSTEM32\CRYPTSP.dll
0x00007ffba4ab0000 - 0x00007ffba4ae3000 	C:\WINDOWS\system32\rsaenh.dll
0x00007ffba51b0000 - 0x00007ffba51d5000 	C:\WINDOWS\SYSTEM32\bcrypt.dll
0x00007ffba5580000 - 0x00007ffba55a8000 	C:\WINDOWS\SYSTEM32\USERENV.dll
0x00007ffba50a0000 - 0x00007ffba50ab000 	C:\WINDOWS\SYSTEM32\CRYPTBASE.dll
0x00007ffb9f430000 - 0x00007ffb9f44a000 	C:\Program Files\Android\Android Studio\jre\jre\bin\net.dll
0x00007ffba4ed0000 - 0x00007ffba4f36000 	C:\WINDOWS\system32\mswsock.dll
0x00007ffba4c50000 - 0x00007ffba4c88000 	C:\WINDOWS\SYSTEM32\IPHLPAPI.DLL
0x00007ffba7430000 - 0x00007ffba7438000 	C:\WINDOWS\System32\NSI.dll
0x00007ffb9a1f0000 - 0x00007ffb9a206000 	C:\WINDOWS\SYSTEM32\dhcpcsvc6.DLL
0x00007ffb9a120000 - 0x00007ffb9a13a000 	C:\WINDOWS\SYSTEM32\dhcpcsvc.DLL
0x00007ffb9f410000 - 0x00007ffb9f421000 	C:\Program Files\Android\Android Studio\jre\jre\bin\nio.dll

VM Arguments:
jvm_args: -Djava.awt.headless=true -Xmx64M -Dfile.encoding=x-windows-949 -Duser.country=KR -Duser.language=ko -Duser.variant 
java_command: com.google.devtools.build.android.desugar.Desugar @D:\test\app\build\intermediates\tmp\desugar_args1168767009682661406
java_class_path (initial): C:\Users\Goo\AppData\Local\Temp\desugar_deploy.jar4283967336768827273
Launcher Type: SUN_STANDARD

Environment Variables:
PATH=C:\ProgramData\Oracle\Java\javapath;C:\WINDOWS\system32;C:\WINDOWS;C:\WINDOWS\System32\Wbem;C:\WINDOWS\System32\WindowsPowerShell\v1.0\;C:\OpenSSL;;C:\WINDOWS\System32\OpenSSH\;C:\Users\Goo\AppData\Local\Microsoft\WindowsApps;
USERNAME=Goo
OS=Windows_NT
PROCESSOR_IDENTIFIER=Intel64 Family 6 Model 158 Stepping 9, GenuineIntel



---------------  S Y S T E M  ---------------

OS: Windows 10.0 , 64 bit Build 17134 (10.0.17134.1)

CPU:total 8 (initial active 8) (4 cores per cpu, 2 threads per core) family 6 model 158 stepping 9, cmov, cx8, fxsr, mmx, sse, sse2, sse3, ssse3, sse4.1, sse4.2, popcnt, avx, avx2, aes, clmul, erms, 3dnowpref, lzcnt, ht, tsc, tscinvbit, bmi1, bmi2, adx

Memory: 4k page, physical 16692940k(5125392k free), swap 16692940k(5176k free)

vm_info: OpenJDK 64-Bit Server VM (25.152-b01) for windows-amd64 JRE (1.8.0_152-release-915-b01), built by "builder" with MS VC++ 10.0 (VS2010)

time: Sun May 27 00:46:04 2018
elapsed time: 1 seconds (0d 0h 0m 1s)

