#
# There is insufficient memory for the Java Runtime Environment to continue.
# Native memory allocation (malloc) failed to allocate 975936 bytes for Chunk::new
# Possible reasons:
#   The system is out of physical RAM or swap space
#   In 32 bit mode, the process size limit was hit
# Possible solutions:
#   Reduce memory load on the system
#   Increase physical memory or swap space
#   Check if swap backing store is full
#   Use 64 bit Java on a 64 bit OS
#   Decrease Java heap size (-Xmx/-Xms)
#   Decrease number of Java threads
#   Decrease Java thread stack sizes (-Xss)
#   Set larger code cache with -XX:ReservedCodeCacheSize=
# This output file may be truncated or incomplete.
#
#  Out of Memory Error (allocation.cpp:390), pid=5772, tid=0x00000000000000f4
#
# JRE version: OpenJDK Runtime Environment (8.0_152-b01) (build 1.8.0_152-release-915-b01)
# Java VM: OpenJDK 64-Bit Server VM (25.152-b01 mixed mode windows-amd64 compressed oops)
# Failed to write core dump. Minidumps are not enabled by default on client versions of Windows
#

---------------  T H R E A D  ---------------

Current thread (0x0000000015c4e800):  JavaThread "C2 CompilerThread0" daemon [_thread_in_native, id=244, stack(0x00000000162c0000,0x00000000163c0000)]

Stack: [0x00000000162c0000,0x00000000163c0000]
[error occurred during error reporting (printing stack bounds), id 0xc0000005]

Native frames: (J=compiled Java code, j=interpreted, Vv=VM code, C=native code)


Current CompileTask:
C2:   2234  903 %     4       org.objectweb.asm.ClassReader::a @ 74 (3587 bytes)


---------------  P R O C E S S  ---------------

Java Threads: ( => current thread )
  0x0000000015c5e800 JavaThread "Service Thread" daemon [_thread_blocked, id=10396, stack(0x00000000166c0000,0x00000000167c0000)]
  0x0000000015c54000 JavaThread "C1 CompilerThread3" daemon [_thread_blocked, id=12140, stack(0x00000000165c0000,0x00000000166c0000)]
  0x0000000013cce000 JavaThread "C2 CompilerThread2" daemon [_thread_blocked, id=7848, stack(0x00000000164c0000,0x00000000165c0000)]
  0x0000000013ccb000 JavaThread "C2 CompilerThread1" daemon [_thread_blocked, id=3284, stack(0x00000000163c0000,0x00000000164c0000)]
=>0x0000000015c4e800 JavaThread "C2 CompilerThread0" daemon [_thread_in_native, id=244, stack(0x00000000162c0000,0x00000000163c0000)]
  0x0000000015c4d000 JavaThread "Attach Listener" daemon [_thread_blocked, id=11304, stack(0x00000000161c0000,0x00000000162c0000)]
  0x0000000015bfa000 JavaThread "Signal Dispatcher" daemon [_thread_blocked, id=1708, stack(0x00000000160c0000,0x00000000161c0000)]
  0x000000000350e000 JavaThread "Finalizer" daemon [_thread_blocked, id=3112, stack(0x0000000015fc0000,0x00000000160c0000)]
  0x0000000003507000 JavaThread "Reference Handler" daemon [_thread_blocked, id=9708, stack(0x0000000015ac0000,0x0000000015bc0000)]
  0x000000000340d800 JavaThread "main" [_thread_in_Java, id=3720, stack(0x0000000003220000,0x0000000003320000)]

Other Threads:
  0x0000000013cb5000 VMThread [stack: 0x00000000159c0000,0x0000000015ac0000] [id=8760]
  0x0000000015c5f000 WatcherThread [stack: 0x00000000167c0000,0x00000000168c0000] [id=8668]

VM state:not at safepoint (normal execution)

VM Mutex/Monitor currently owned by a thread: None

Heap:
 PSYoungGen      total 18944K, used 10499K [0x00000000feb00000, 0x0000000100000000, 0x0000000100000000)
  eden space 16384K, 48% used [0x00000000feb00000,0x00000000ff2c7ee0,0x00000000ffb00000)
  from space 2560K, 98% used [0x00000000ffd80000,0x00000000ffff8e00,0x0000000100000000)
  to   space 2560K, 0% used [0x00000000ffb00000,0x00000000ffb00000,0x00000000ffd80000)
 ParOldGen       total 44032K, used 6097K [0x00000000fc000000, 0x00000000feb00000, 0x00000000feb00000)
  object space 44032K, 13% used [0x00000000fc000000,0x00000000fc5f47d8,0x00000000feb00000)
 Metaspace       used 7665K, capacity 7842K, committed 7936K, reserved 1056768K
  class space    used 875K, capacity 957K, committed 1024K, reserved 1048576K

Card table byte_map: [0x0000000002e60000,0x0000000002e90000] byte_map_base: 0x0000000002680000

Marking Bits: (ParMarkBitMap*) 0x00000000677e3950
 Begin Bits: [0x00000000130d0000, 0x00000000131d0000)
 End Bits:   [0x00000000131d0000, 0x00000000132d0000)

Polling page: 0x0000000000df0000

CodeCache: size=245760Kb used=3660Kb max_used=3673Kb free=242099Kb
 bounds [0x0000000003510000, 0x00000000038b0000, 0x0000000012510000]
 total_blobs=1310 nmethods=976 adapters=248
 compilation: enabled

Compilation events (10 events):
Event: 2.200 Thread 0x0000000015c54000  973       3       org.objectweb.asm.Item::<init> (5 bytes)
Event: 2.200 Thread 0x0000000015c54000 nmethod 973 0x00000000038a5750 code [0x00000000038a58a0, 0x00000000038a5a50]
Event: 2.200 Thread 0x0000000015c54000  974       3       org.objectweb.asm.ClassVisitor::visit (24 bytes)
Event: 2.201 Thread 0x0000000015c54000 nmethod 974 0x00000000038a5290 code [0x00000000038a5400, 0x00000000038a5668]
Event: 2.201 Thread 0x0000000013cce000  975       4       org.objectweb.asm.tree.InsnNode::accept (14 bytes)
Event: 2.201 Thread 0x0000000013ccb000  976       4       org.objectweb.asm.tree.MethodNode::visitInsn (16 bytes)
Event: 2.202 Thread 0x0000000013ccb000 nmethod 976 0x00000000038a3a10 code [0x00000000038a3b60, 0x00000000038a3cb8]
Event: 2.204 Thread 0x0000000013ccb000  977       4       org.objectweb.asm.Type::getArgumentsAndReturnSizes (151 bytes)
Event: 2.209 Thread 0x0000000013ccb000 nmethod 977 0x00000000038a2f10 code [0x00000000038a3080, 0x00000000038a3518]
Event: 2.212 Thread 0x0000000013cce000 nmethod 975 0x00000000038a7190 code [0x00000000038a7320, 0x00000000038a7a58]

GC Heap History (4 events):
Event: 1.280 GC heap before
{Heap before GC invocations=1 (full 0):
 PSYoungGen      total 18944K, used 16384K [0x00000000feb00000, 0x0000000100000000, 0x0000000100000000)
  eden space 16384K, 100% used [0x00000000feb00000,0x00000000ffb00000,0x00000000ffb00000)
  from space 2560K, 0% used [0x00000000ffd80000,0x00000000ffd80000,0x0000000100000000)
  to   space 2560K, 0% used [0x00000000ffb00000,0x00000000ffb00000,0x00000000ffd80000)
 ParOldGen       total 44032K, used 0K [0x00000000fc000000, 0x00000000feb00000, 0x00000000feb00000)
  object space 44032K, 0% used [0x00000000fc000000,0x00000000fc000000,0x00000000feb00000)
 Metaspace       used 6630K, capacity 6800K, committed 7040K, reserved 1056768K
  class space    used 773K, capacity 824K, committed 896K, reserved 1048576K
Event: 1.310 GC heap after
Heap after GC invocations=1 (full 0):
 PSYoungGen      total 18944K, used 2537K [0x00000000feb00000, 0x0000000100000000, 0x0000000100000000)
  eden space 16384K, 0% used [0x00000000feb00000,0x00000000feb00000,0x00000000ffb00000)
  from space 2560K, 99% used [0x00000000ffb00000,0x00000000ffd7a620,0x00000000ffd80000)
  to   space 2560K, 0% used [0x00000000ffd80000,0x00000000ffd80000,0x0000000100000000)
 ParOldGen       total 44032K, used 1556K [0x00000000fc000000, 0x00000000feb00000, 0x00000000feb00000)
  object space 44032K, 3% used [0x00000000fc000000,0x00000000fc1852e0,0x00000000feb00000)
 Metaspace       used 6630K, capacity 6800K, committed 7040K, reserved 1056768K
  class space    used 773K, capacity 824K, committed 896K, reserved 1048576K
}
Event: 1.842 GC heap before
{Heap before GC invocations=2 (full 0):
 PSYoungGen      total 18944K, used 18921K [0x00000000feb00000, 0x0000000100000000, 0x0000000100000000)
  eden space 16384K, 100% used [0x00000000feb00000,0x00000000ffb00000,0x00000000ffb00000)
  from space 2560K, 99% used [0x00000000ffb00000,0x00000000ffd7a620,0x00000000ffd80000)
  to   space 2560K, 0% used [0x00000000ffd80000,0x00000000ffd80000,0x0000000100000000)
 ParOldGen       total 44032K, used 1556K [0x00000000fc000000, 0x00000000feb00000, 0x00000000feb00000)
  object space 44032K, 3% used [0x00000000fc000000,0x00000000fc1852e0,0x00000000feb00000)
 Metaspace       used 6974K, capacity 7106K, committed 7296K, reserved 1056768K
  class space    used 816K, capacity 861K, committed 896K, reserved 1048576K
Event: 1.863 GC heap after
Heap after GC invocations=2 (full 0):
 PSYoungGen      total 18944K, used 2531K [0x00000000feb00000, 0x0000000100000000, 0x0000000100000000)
  eden space 16384K, 0% used [0x00000000feb00000,0x00000000feb00000,0x00000000ffb00000)
  from space 2560K, 98% used [0x00000000ffd80000,0x00000000ffff8e00,0x0000000100000000)
  to   space 2560K, 0% used [0x00000000ffb00000,0x00000000ffb00000,0x00000000ffd80000)
 ParOldGen       total 44032K, used 6097K [0x00000000fc000000, 0x00000000feb00000, 0x00000000feb00000)
  object space 44032K, 13% used [0x00000000fc000000,0x00000000fc5f47d8,0x00000000feb00000)
 Metaspace       used 6974K, capacity 7106K, committed 7296K, reserved 1056768K
  class space    used 816K, capacity 861K, committed 896K, reserved 1048576K
}

Deoptimization events (10 events):
Event: 1.207 Thread 0x000000000340d800 Uncommon trap: reason=unstable_if action=reinterpret pc=0x000000000373fed8 method=java.util.zip.ZipEntry.setExtra0([BZ)V @ 1
Event: 1.211 Thread 0x000000000340d800 Uncommon trap: reason=unstable_if action=reinterpret pc=0x000000000373fa08 method=java.util.zip.ZipFile$ZipEntryIterator.hasNext()Z @ 25
Event: 1.211 Thread 0x000000000340d800 Uncommon trap: reason=unstable_if action=reinterpret pc=0x0000000003746e40 method=java.util.zip.ZipCoder.decoder()Ljava/nio/charset/CharsetDecoder; @ 4
Event: 1.216 Thread 0x000000000340d800 Uncommon trap: reason=unstable_if action=reinterpret pc=0x000000000373e11c method=java.util.zip.ZipFile$ZipEntryIterator.hasNext()Z @ 25
Event: 1.217 Thread 0x000000000340d800 Uncommon trap: reason=unstable_if action=reinterpret pc=0x00000000037516f8 method=java.util.zip.ZipCoder.decoder()Ljava/nio/charset/CharsetDecoder; @ 4
Event: 1.335 Thread 0x000000000340d800 Uncommon trap: reason=unstable_if action=reinterpret pc=0x00000000037588c8 method=java.util.HashMap$HashIterator.nextNode()Ljava/util/HashMap$Node; @ 74
Event: 1.517 Thread 0x000000000340d800 Uncommon trap: reason=unstable_if action=reinterpret pc=0x0000000003758488 method=java.util.HashMap$HashIterator.nextNode()Ljava/util/HashMap$Node; @ 74
Event: 1.783 Thread 0x000000000340d800 Uncommon trap: reason=unloaded action=reinterpret pc=0x000000000374a63c method=java.util.zip.ZipEntry.setExtra0([BZ)V @ 37
Event: 1.910 Thread 0x000000000340d800 Uncommon trap: reason=unstable_if action=reinterpret pc=0x00000000036b64b8 method=java.lang.String.<init>([CII)V @ 18
Event: 2.117 Thread 0x000000000340d800 Uncommon trap: reason=unstable_if action=reinterpret pc=0x000000000383e0fc method=org.objectweb.asm.MethodWriter.visitVarInsn(II)V @ 142

Classes redefined (0 events):
No events

Internal exceptions (10 events):
Event: 1.217 Thread 0x000000000340d800 Implicit null exception at 0x0000000003750e11 to 0x00000000037516d9
Event: 1.511 Thread 0x000000000340d800 Exception <a 'sun/nio/fs/WindowsException'> (0x00000000ff23a6b0) thrown at [D:\src\AOSP-openjdk-cygwin\jdk8u\hotspot\src\share\vm\prims\jni.cpp, line 709]
Event: 1.511 Thread 0x000000000340d800 Exception <a 'sun/nio/fs/WindowsException'> (0x00000000ff23ac70) thrown at [D:\src\AOSP-openjdk-cygwin\jdk8u\hotspot\src\share\vm\prims\jni.cpp, line 709]
Event: 1.511 Thread 0x000000000340d800 Exception <a 'sun/nio/fs/WindowsException'> (0x00000000ff23b238) thrown at [D:\src\AOSP-openjdk-cygwin\jdk8u\hotspot\src\share\vm\prims\jni.cpp, line 709]
Event: 1.511 Thread 0x000000000340d800 Exception <a 'sun/nio/fs/WindowsException'> (0x00000000ff23b9f8) thrown at [D:\src\AOSP-openjdk-cygwin\jdk8u\hotspot\src\share\vm\prims\jni.cpp, line 709]
Event: 1.512 Thread 0x000000000340d800 Exception <a 'sun/nio/fs/WindowsException'> (0x00000000ff23bf98) thrown at [D:\src\AOSP-openjdk-cygwin\jdk8u\hotspot\src\share\vm\prims\jni.cpp, line 709]
Event: 1.512 Thread 0x000000000340d800 Exception <a 'sun/nio/fs/WindowsException'> (0x00000000ff23c748) thrown at [D:\src\AOSP-openjdk-cygwin\jdk8u\hotspot\src\share\vm\prims\jni.cpp, line 709]
Event: 1.575 Thread 0x000000000340d800 Exception <a 'sun/nio/fs/WindowsException'> (0x00000000ff241a88) thrown at [D:\src\AOSP-openjdk-cygwin\jdk8u\hotspot\src\share\vm\prims\jni.cpp, line 709]
Event: 1.880 Thread 0x000000000340d800 Exception <a 'sun/nio/fs/WindowsException'> (0x00000000feb75240) thrown at [D:\src\AOSP-openjdk-cygwin\jdk8u\hotspot\src\share\vm\prims\jni.cpp, line 709]
Event: 1.881 Thread 0x000000000340d800 Exception <a 'sun/nio/fs/WindowsException'> (0x00000000feb75798) thrown at [D:\src\AOSP-openjdk-cygwin\jdk8u\hotspot\src\share\vm\prims\jni.cpp, line 709]

Events (10 events):
Event: 2.013 loading class java/util/zip/ZipOutputStream$XEntry done
Event: 2.021 loading class org/objectweb/asm/Opcodes
Event: 2.021 loading class org/objectweb/asm/Opcodes done
Event: 2.022 loading class org/objectweb/asm/tree/TryCatchBlockNode
Event: 2.022 loading class org/objectweb/asm/tree/TryCatchBlockNode done
Event: 2.023 loading class org/objectweb/asm/Handler
Event: 2.023 loading class org/objectweb/asm/Handler done
Event: 2.117 Thread 0x000000000340d800 Uncommon trap: trap_request=0xffffff65 fr.pc=0x000000000383e0fc
Event: 2.117 Thread 0x000000000340d800 DEOPT PACKING pc=0x000000000383e0fc sp=0x000000000331efc0
Event: 2.117 Thread 0x000000000340d800 DEOPT UNPACKING pc=0x000000000355556a sp=0x000000000331ef08 mode 2


Dynamic libraries:
0x00007ff708150000 - 0x00007ff708181000 	C:\Program Files\Android\Android Studio\jre\bin\java.exe
0x00007ffba9340000 - 0x00007ffba9521000 	C:\WINDOWS\SYSTEM32\ntdll.dll
0x00007ffba6ca0000 - 0x00007ffba6d52000 	C:\WINDOWS\System32\KERNEL32.DLL
0x00007ffba6070000 - 0x00007ffba62e3000 	C:\WINDOWS\System32\KERNELBASE.dll
0x00007ffba9260000 - 0x00007ffba9301000 	C:\WINDOWS\System32\ADVAPI32.dll
0x00007ffba77b0000 - 0x00007ffba784e000 	C:\WINDOWS\System32\msvcrt.dll
0x00007ffba71b0000 - 0x00007ffba720b000 	C:\WINDOWS\System32\sechost.dll
0x00007ffba7580000 - 0x00007ffba76a4000 	C:\WINDOWS\System32\RPCRT4.dll
0x00007ffba7ac0000 - 0x00007ffba7c50000 	C:\WINDOWS\System32\USER32.dll
0x00007ffba5790000 - 0x00007ffba57b0000 	C:\WINDOWS\System32\win32u.dll
0x00007ffba67e0000 - 0x00007ffba6808000 	C:\WINDOWS\System32\GDI32.dll
0x00007ffba6530000 - 0x00007ffba66c2000 	C:\WINDOWS\System32\gdi32full.dll
0x00007ffba5fd0000 - 0x00007ffba606f000 	C:\WINDOWS\System32\msvcp_win.dll
0x00007ffba66d0000 - 0x00007ffba67ca000 	C:\WINDOWS\System32\ucrtbase.dll
0x00007ffb93ad0000 - 0x00007ffb93d39000 	C:\WINDOWS\WinSxS\amd64_microsoft.windows.common-controls_6595b64144ccf1df_6.0.17134.48_none_b4b2216a3cb4dd3e\COMCTL32.dll
0x00007ffba6810000 - 0x00007ffba6b33000 	C:\WINDOWS\System32\combase.dll
0x00007ffba5710000 - 0x00007ffba578a000 	C:\WINDOWS\System32\bcryptPrimitives.dll
0x00007ffba9090000 - 0x00007ffba90bd000 	C:\WINDOWS\System32\IMM32.DLL
0x0000000067b70000 - 0x0000000067c42000 	C:\Program Files\Android\Android Studio\jre\jre\bin\msvcr100.dll
0x0000000067020000 - 0x000000006785e000 	C:\Program Files\Android\Android Studio\jre\jre\bin\server\jvm.dll
0x00007ffba91d0000 - 0x00007ffba91d8000 	C:\WINDOWS\System32\PSAPI.DLL
0x00007ffba39e0000 - 0x00007ffba39e9000 	C:\WINDOWS\SYSTEM32\WSOCK32.dll
0x00007ffba7510000 - 0x00007ffba757c000 	C:\WINDOWS\System32\WS2_32.dll
0x00007ffb95780000 - 0x00007ffb957a3000 	C:\WINDOWS\SYSTEM32\WINMM.dll
0x00007ffb9d7c0000 - 0x00007ffb9d7ca000 	C:\WINDOWS\SYSTEM32\VERSION.dll
0x00007ffb95570000 - 0x00007ffb9559a000 	C:\WINDOWS\SYSTEM32\WINMMBASE.dll
0x00007ffba64e0000 - 0x00007ffba6529000 	C:\WINDOWS\System32\cfgmgr32.dll
0x00007ffba0860000 - 0x00007ffba086f000 	C:\Program Files\Android\Android Studio\jre\jre\bin\verify.dll
0x00007ffb9d7f0000 - 0x00007ffb9d819000 	C:\Program Files\Android\Android Studio\jre\jre\bin\java.dll
0x00007ffba0840000 - 0x00007ffba0856000 	C:\Program Files\Android\Android Studio\jre\jre\bin\zip.dll
0x00007ffba7c50000 - 0x00007ffba9090000 	C:\WINDOWS\System32\SHELL32.dll
0x00007ffba9120000 - 0x00007ffba91c9000 	C:\WINDOWS\System32\shcore.dll
0x00007ffba58c0000 - 0x00007ffba5fcd000 	C:\WINDOWS\System32\windows.storage.dll
0x00007ffba90c0000 - 0x00007ffba9111000 	C:\WINDOWS\System32\shlwapi.dll
0x00007ffba5680000 - 0x00007ffba5691000 	C:\WINDOWS\System32\kernel.appcore.dll
0x00007ffba56f0000 - 0x00007ffba570f000 	C:\WINDOWS\System32\profapi.dll
0x00007ffba56a0000 - 0x00007ffba56ec000 	C:\WINDOWS\System32\powrprof.dll
0x00007ffba5650000 - 0x00007ffba565a000 	C:\WINDOWS\System32\FLTLIB.DLL
0x00007ffba5080000 - 0x00007ffba5097000 	C:\WINDOWS\SYSTEM32\CRYPTSP.dll
0x00007ffba4ab0000 - 0x00007ffba4ae3000 	C:\WINDOWS\system32\rsaenh.dll
0x00007ffba51b0000 - 0x00007ffba51d5000 	C:\WINDOWS\SYSTEM32\bcrypt.dll
0x00007ffba5580000 - 0x00007ffba55a8000 	C:\WINDOWS\SYSTEM32\USERENV.dll
0x00007ffba50a0000 - 0x00007ffba50ab000 	C:\WINDOWS\SYSTEM32\CRYPTBASE.dll
0x00007ffb9e480000 - 0x00007ffb9e49a000 	C:\Program Files\Android\Android Studio\jre\jre\bin\net.dll
0x00007ffba4ed0000 - 0x00007ffba4f36000 	C:\WINDOWS\system32\mswsock.dll
0x00007ffba4c50000 - 0x00007ffba4c88000 	C:\WINDOWS\SYSTEM32\IPHLPAPI.DLL
0x00007ffba7430000 - 0x00007ffba7438000 	C:\WINDOWS\System32\NSI.dll
0x00007ffb9a1f0000 - 0x00007ffb9a206000 	C:\WINDOWS\SYSTEM32\dhcpcsvc6.DLL
0x00007ffb9a120000 - 0x00007ffb9a13a000 	C:\WINDOWS\SYSTEM32\dhcpcsvc.DLL
0x00007ffb9d970000 - 0x00007ffb9d981000 	C:\Program Files\Android\Android Studio\jre\jre\bin\nio.dll

VM Arguments:
jvm_args: -Djava.awt.headless=true -Xmx64M -Dfile.encoding=x-windows-949 -Duser.country=KR -Duser.language=ko -Duser.variant 
java_command: com.google.devtools.build.android.desugar.Desugar @D:\test\app\build\intermediates\tmp\desugar_args8657181283624255978
java_class_path (initial): C:\Users\Goo\AppData\Local\Temp\desugar_deploy.jar7068671870238761673
Launcher Type: SUN_STANDARD

Environment Variables:
PATH=C:\ProgramData\Oracle\Java\javapath;C:\WINDOWS\system32;C:\WINDOWS;C:\WINDOWS\System32\Wbem;C:\WINDOWS\System32\WindowsPowerShell\v1.0\;C:\OpenSSL;;C:\WINDOWS\System32\OpenSSH\;C:\Users\Goo\AppData\Local\Microsoft\WindowsApps;
USERNAME=Goo
OS=Windows_NT
PROCESSOR_IDENTIFIER=Intel64 Family 6 Model 158 Stepping 9, GenuineIntel



---------------  S Y S T E M  ---------------

OS: Windows 10.0 , 64 bit Build 17134 (10.0.17134.1)

CPU:total 8 (initial active 8) (4 cores per cpu, 2 threads per core) family 6 model 158 stepping 9, cmov, cx8, fxsr, mmx, sse, sse2, sse3, ssse3, sse4.1, sse4.2, popcnt, avx, avx2, aes, clmul, erms, 3dnowpref, lzcnt, ht, tsc, tscinvbit, bmi1, bmi2, adx

Memory: 4k page, physical 16692940k(4234424k free), swap 16692940k(5292k free)

vm_info: OpenJDK 64-Bit Server VM (25.152-b01) for windows-amd64 JRE (1.8.0_152-release-915-b01), built by "builder" with MS VC++ 10.0 (VS2010)

time: Wed May 23 20:54:09 2018
elapsed time: 2 seconds (0d 0h 0m 2s)

