#
# There is insufficient memory for the Java Runtime Environment to continue.
# Native memory allocation (malloc) failed to allocate 2283696 bytes for Chunk::new
# Possible reasons:
#   The system is out of physical RAM or swap space
#   In 32 bit mode, the process size limit was hit
# Possible solutions:
#   Reduce memory load on the system
#   Increase physical memory or swap space
#   Check if swap backing store is full
#   Use 64 bit Java on a 64 bit OS
#   Decrease Java heap size (-Xmx/-Xms)
#   Decrease number of Java threads
#   Decrease Java thread stack sizes (-Xss)
#   Set larger code cache with -XX:ReservedCodeCacheSize=
# This output file may be truncated or incomplete.
#
#  Out of Memory Error (allocation.cpp:390), pid=396, tid=0x0000000000001fb0
#
# JRE version: OpenJDK Runtime Environment (8.0_152-b01) (build 1.8.0_152-release-915-b01)
# Java VM: OpenJDK 64-Bit Server VM (25.152-b01 mixed mode windows-amd64 compressed oops)
# Failed to write core dump. Minidumps are not enabled by default on client versions of Windows
#

---------------  T H R E A D  ---------------

Current thread (0x0000000015af3000):  JavaThread "C2 CompilerThread2" daemon [_thread_in_native, id=8112, stack(0x00000000163f0000,0x00000000164f0000)]

Stack: [0x00000000163f0000,0x00000000164f0000]
[error occurred during error reporting (printing stack bounds), id 0xc0000005]

Native frames: (J=compiled Java code, j=interpreted, Vv=VM code, C=native code)


Current CompileTask:
C2:   4031 1083       4       org.objectweb.asm.ClassReader::a (3587 bytes)


---------------  P R O C E S S  ---------------

Java Threads: ( => current thread )
  0x0000000015b64800 JavaThread "Service Thread" daemon [_thread_blocked, id=11840, stack(0x00000000165f0000,0x00000000166f0000)]
  0x0000000015af6000 JavaThread "C1 CompilerThread3" daemon [_thread_blocked, id=5480, stack(0x00000000164f0000,0x00000000165f0000)]
=>0x0000000015af3000 JavaThread "C2 CompilerThread2" daemon [_thread_in_native, id=8112, stack(0x00000000163f0000,0x00000000164f0000)]
  0x0000000013b8a800 JavaThread "C2 CompilerThread1" daemon [_thread_blocked, id=5832, stack(0x00000000162f0000,0x00000000163f0000)]
  0x0000000015a9b800 JavaThread "C2 CompilerThread0" daemon [_thread_blocked, id=7308, stack(0x00000000161f0000,0x00000000162f0000)]
  0x0000000015a9a800 JavaThread "Attach Listener" daemon [_thread_blocked, id=6652, stack(0x00000000160f0000,0x00000000161f0000)]
  0x0000000015af0000 JavaThread "Signal Dispatcher" daemon [_thread_blocked, id=8016, stack(0x0000000015ff0000,0x00000000160f0000)]
  0x0000000015a81000 JavaThread "Finalizer" daemon [_thread_blocked, id=12804, stack(0x0000000015e60000,0x0000000015f60000)]
  0x00000000033c7000 JavaThread "Reference Handler" daemon [_thread_blocked, id=2172, stack(0x0000000015960000,0x0000000015a60000)]
  0x00000000031cd800 JavaThread "main" [_thread_in_vm, id=6712, stack(0x00000000031d0000,0x00000000032d0000)]

Other Threads:
  0x0000000013b75800 VMThread [stack: 0x0000000015860000,0x0000000015960000] [id=5320]
  0x0000000015b65000 WatcherThread [stack: 0x00000000166f0000,0x00000000167f0000] [id=4884]

VM state:not at safepoint (normal execution)

VM Mutex/Monitor currently owned by a thread:  ([mutex/lock_event])
[0x00000000032d0fd0] CompiledIC_lock - owner thread: 0x00000000031cd800

Heap:
 PSYoungGen      total 18944K, used 9434K [0x00000000feb00000, 0x0000000100000000, 0x0000000100000000)
  eden space 16384K, 42% used [0x00000000feb00000,0x00000000ff1ba2c8,0x00000000ffb00000)
  from space 2560K, 99% used [0x00000000ffb00000,0x00000000ffd7c5c8,0x00000000ffd80000)
  to   space 2560K, 0% used [0x00000000ffd80000,0x00000000ffd80000,0x0000000100000000)
 ParOldGen       total 44032K, used 6741K [0x00000000fc000000, 0x00000000feb00000, 0x00000000feb00000)
  object space 44032K, 15% used [0x00000000fc000000,0x00000000fc6954b8,0x00000000feb00000)
 Metaspace       used 7703K, capacity 7846K, committed 7936K, reserved 1056768K
  class space    used 875K, capacity 957K, committed 1024K, reserved 1048576K

Card table byte_map: [0x0000000001470000,0x00000000014a0000] byte_map_base: 0x0000000000c90000

Marking Bits: (ParMarkBitMap*) 0x000000005d303950
 Begin Bits: [0x0000000012f90000, 0x0000000013090000)
 End Bits:   [0x0000000013090000, 0x0000000013190000)

Polling page: 0x0000000000bf0000

CodeCache: size=245760Kb used=4305Kb max_used=4311Kb free=241454Kb
 bounds [0x00000000033d0000, 0x0000000003810000, 0x00000000123d0000]
 total_blobs=1479 nmethods=1144 adapters=248
 compilation: enabled

Compilation events (10 events):
Event: 3.879 Thread 0x0000000013b8a800 nmethod 1123 0x00000000038030d0 code [0x0000000003803300, 0x00000000038045e8]
Event: 3.946 Thread 0x0000000015a9b800 nmethod 1140 0x0000000003805d90 code [0x00000000038060a0, 0x00000000038081e8]
Event: 3.960 Thread 0x0000000013b8a800 1142       4       org.objectweb.asm.tree.MethodNode::visitFieldInsn (20 bytes)
Event: 3.962 Thread 0x0000000015af6000 1143       3       org.objectweb.asm.MethodVisitor::visitTryCatchBlock (20 bytes)
Event: 3.962 Thread 0x0000000013b8a800 nmethod 1142 0x00000000037fb6d0 code [0x00000000037fb820, 0x00000000037fb998]
Event: 3.962 Thread 0x0000000015af6000 nmethod 1143 0x00000000037fb210 code [0x00000000037fb380, 0x00000000037fb5e8]
Event: 3.962 Thread 0x0000000015af6000 1144       3       com.google.devtools.build.android.desugar.InterfaceDesugaring::access$200 (7 bytes)
Event: 3.962 Thread 0x0000000015af6000 nmethod 1144 0x00000000037fae90 code [0x00000000037fb000, 0x00000000037fb168]
Event: 3.962 Thread 0x0000000015af6000 1145       3       com.google.devtools.build.android.desugar.InterfaceDesugaring::normalizeInterfaceMethodName (41 bytes)
Event: 3.963 Thread 0x0000000015af6000 nmethod 1145 0x00000000037fc2d0 code [0x00000000037fc4a0, 0x00000000037fcc68]

GC Heap History (6 events):
Event: 1.197 GC heap before
{Heap before GC invocations=1 (full 0):
 PSYoungGen      total 18944K, used 16384K [0x00000000feb00000, 0x0000000100000000, 0x0000000100000000)
  eden space 16384K, 100% used [0x00000000feb00000,0x00000000ffb00000,0x00000000ffb00000)
  from space 2560K, 0% used [0x00000000ffd80000,0x00000000ffd80000,0x0000000100000000)
  to   space 2560K, 0% used [0x00000000ffb00000,0x00000000ffb00000,0x00000000ffd80000)
 ParOldGen       total 44032K, used 0K [0x00000000fc000000, 0x00000000feb00000, 0x00000000feb00000)
  object space 44032K, 0% used [0x00000000fc000000,0x00000000fc000000,0x00000000feb00000)
 Metaspace       used 6617K, capacity 6740K, committed 7040K, reserved 1056768K
  class space    used 773K, capacity 824K, committed 896K, reserved 1048576K
Event: 1.237 GC heap after
Heap after GC invocations=1 (full 0):
 PSYoungGen      total 18944K, used 2537K [0x00000000feb00000, 0x0000000100000000, 0x0000000100000000)
  eden space 16384K, 0% used [0x00000000feb00000,0x00000000feb00000,0x00000000ffb00000)
  from space 2560K, 99% used [0x00000000ffb00000,0x00000000ffd7a620,0x00000000ffd80000)
  to   space 2560K, 0% used [0x00000000ffd80000,0x00000000ffd80000,0x0000000100000000)
 ParOldGen       total 44032K, used 1579K [0x00000000fc000000, 0x00000000feb00000, 0x00000000feb00000)
  object space 44032K, 3% used [0x00000000fc000000,0x00000000fc18ae88,0x00000000feb00000)
 Metaspace       used 6617K, capacity 6740K, committed 7040K, reserved 1056768K
  class space    used 773K, capacity 824K, committed 896K, reserved 1048576K
}
Event: 1.655 GC heap before
{Heap before GC invocations=2 (full 0):
 PSYoungGen      total 18944K, used 18921K [0x00000000feb00000, 0x0000000100000000, 0x0000000100000000)
  eden space 16384K, 100% used [0x00000000feb00000,0x00000000ffb00000,0x00000000ffb00000)
  from space 2560K, 99% used [0x00000000ffb00000,0x00000000ffd7a620,0x00000000ffd80000)
  to   space 2560K, 0% used [0x00000000ffd80000,0x00000000ffd80000,0x0000000100000000)
 ParOldGen       total 44032K, used 1579K [0x00000000fc000000, 0x00000000feb00000, 0x00000000feb00000)
  object space 44032K, 3% used [0x00000000fc000000,0x00000000fc18ae88,0x00000000feb00000)
 Metaspace       used 6961K, capacity 7110K, committed 7296K, reserved 1056768K
  class space    used 816K, capacity 861K, committed 896K, reserved 1048576K
Event: 1.690 GC heap after
Heap after GC invocations=2 (full 0):
 PSYoungGen      total 18944K, used 2547K [0x00000000feb00000, 0x0000000100000000, 0x0000000100000000)
  eden space 16384K, 0% used [0x00000000feb00000,0x00000000feb00000,0x00000000ffb00000)
  from space 2560K, 99% used [0x00000000ffd80000,0x00000000ffffce20,0x0000000100000000)
  to   space 2560K, 0% used [0x00000000ffb00000,0x00000000ffb00000,0x00000000ffd80000)
 ParOldGen       total 44032K, used 5800K [0x00000000fc000000, 0x00000000feb00000, 0x00000000feb00000)
  object space 44032K, 13% used [0x00000000fc000000,0x00000000fc5aa370,0x00000000feb00000)
 Metaspace       used 6961K, capacity 7110K, committed 7296K, reserved 1056768K
  class space    used 816K, capacity 861K, committed 896K, reserved 1048576K
}
Event: 2.507 GC heap before
{Heap before GC invocations=3 (full 0):
 PSYoungGen      total 18944K, used 18931K [0x00000000feb00000, 0x0000000100000000, 0x0000000100000000)
  eden space 16384K, 100% used [0x00000000feb00000,0x00000000ffb00000,0x00000000ffb00000)
  from space 2560K, 99% used [0x00000000ffd80000,0x00000000ffffce20,0x0000000100000000)
  to   space 2560K, 0% used [0x00000000ffb00000,0x00000000ffb00000,0x00000000ffd80000)
 ParOldGen       total 44032K, used 5800K [0x00000000fc000000, 0x00000000feb00000, 0x00000000feb00000)
  object space 44032K, 13% used [0x00000000fc000000,0x00000000fc5aa370,0x00000000feb00000)
 Metaspace       used 7676K, capacity 7846K, committed 7936K, reserved 1056768K
  class space    used 875K, capacity 957K, committed 1024K, reserved 1048576K
Event: 3.564 GC heap after
Heap after GC invocations=3 (full 0):
 PSYoungGen      total 18944K, used 2545K [0x00000000feb00000, 0x0000000100000000, 0x0000000100000000)
  eden space 16384K, 0% used [0x00000000feb00000,0x00000000feb00000,0x00000000ffb00000)
  from space 2560K, 99% used [0x00000000ffb00000,0x00000000ffd7c5c8,0x00000000ffd80000)
  to   space 2560K, 0% used [0x00000000ffd80000,0x00000000ffd80000,0x0000000100000000)
 ParOldGen       total 44032K, used 6741K [0x00000000fc000000, 0x00000000feb00000, 0x00000000feb00000)
  object space 44032K, 15% used [0x00000000fc000000,0x00000000fc6954b8,0x00000000feb00000)
 Metaspace       used 7676K, capacity 7846K, committed 7936K, reserved 1056768K
  class space    used 875K, capacity 957K, committed 1024K, reserved 1048576K
}

Deoptimization events (10 events):
Event: 2.134 Thread 0x00000000031cd800 Uncommon trap: reason=unstable_if action=reinterpret pc=0x000000000370f17c method=org.objectweb.asm.MethodWriter.visitVarInsn(II)V @ 142
Event: 3.621 Thread 0x00000000031cd800 Uncommon trap: reason=unstable_if action=reinterpret pc=0x00000000037807b4 method=org.objectweb.asm.tree.MethodNode.getLabelNodes([Ljava/lang/Object;)[Ljava/lang/Object; @ 24
Event: 3.737 Thread 0x00000000031cd800 Uncommon trap: reason=class_check action=maybe_recompile pc=0x000000000375ea9c method=org.objectweb.asm.MethodVisitor.visitVarInsn(II)V @ 13
Event: 3.737 Thread 0x00000000031cd800 Uncommon trap: reason=class_check action=maybe_recompile pc=0x000000000375ea9c method=org.objectweb.asm.MethodVisitor.visitVarInsn(II)V @ 13
Event: 3.737 Thread 0x00000000031cd800 Uncommon trap: reason=class_check action=maybe_recompile pc=0x000000000375ea9c method=org.objectweb.asm.MethodVisitor.visitVarInsn(II)V @ 13
Event: 3.737 Thread 0x00000000031cd800 Uncommon trap: reason=class_check action=maybe_recompile pc=0x000000000375ea9c method=org.objectweb.asm.MethodVisitor.visitVarInsn(II)V @ 13
Event: 3.738 Thread 0x00000000031cd800 Uncommon trap: reason=unstable_if action=reinterpret pc=0x00000000037a3128 method=java.io.BufferedOutputStream.write(I)V @ 9
Event: 3.766 Thread 0x00000000031cd800 Uncommon trap: reason=null_check action=make_not_entrant pc=0x00000000037d5f5c method=com.google.devtools.build.android.desugar.InterfaceDesugaring$InterfaceInvocationRewriter.visitMethodInsn(ILjava/lang/String;Ljava/lang/String;Ljava/lang/String;Z)V @ 10
Event: 3.842 Thread 0x00000000031cd800 Uncommon trap: reason=null_check action=make_not_entrant pc=0x00000000037e598c method=com.google.devtools.build.android.desugar.InterfaceDesugaring$InterfaceInvocationRewriter.visitMethodInsn(ILjava/lang/String;Ljava/lang/String;Ljava/lang/String;Z)V @ 10
Event: 3.865 Thread 0x00000000031cd800 Uncommon trap: reason=unstable_if action=reinterpret pc=0x00000000036b1f98 method=org.objectweb.asm.Item.a(Lorg/objectweb/asm/Item;)Z @ 345

Classes redefined (0 events):
No events

Internal exceptions (10 events):
Event: 1.418 Thread 0x00000000031cd800 Exception <a 'sun/nio/fs/WindowsException'> (0x00000000ff2176e0) thrown at [D:\src\AOSP-openjdk-cygwin\jdk8u\hotspot\src\share\vm\prims\jni.cpp, line 709]
Event: 1.439 Thread 0x00000000031cd800 Exception <a 'sun/nio/fs/WindowsException'> (0x00000000ff21ca20) thrown at [D:\src\AOSP-openjdk-cygwin\jdk8u\hotspot\src\share\vm\prims\jni.cpp, line 709]
Event: 1.698 Thread 0x00000000031cd800 Exception <a 'sun/nio/fs/WindowsException'> (0x00000000febc89a8) thrown at [D:\src\AOSP-openjdk-cygwin\jdk8u\hotspot\src\share\vm\prims\jni.cpp, line 709]
Event: 1.698 Thread 0x00000000031cd800 Exception <a 'sun/nio/fs/WindowsException'> (0x00000000febc8f00) thrown at [D:\src\AOSP-openjdk-cygwin\jdk8u\hotspot\src\share\vm\prims\jni.cpp, line 709]
Event: 1.904 Thread 0x00000000031cd800 Exception <a 'sun/nio/fs/WindowsException'> (0x00000000febd4700) thrown at [D:\src\AOSP-openjdk-cygwin\jdk8u\hotspot\src\share\vm\prims\jni.cpp, line 709]
Event: 1.904 Thread 0x00000000031cd800 Exception <a 'sun/nio/fs/WindowsException'> (0x00000000febd4bd8) thrown at [D:\src\AOSP-openjdk-cygwin\jdk8u\hotspot\src\share\vm\prims\jni.cpp, line 709]
Event: 2.464 Thread 0x00000000031cd800 Exception <a 'sun/nio/fs/WindowsException'> (0x00000000ff7f7250) thrown at [D:\src\AOSP-openjdk-cygwin\jdk8u\hotspot\src\share\vm\prims\jni.cpp, line 709]
Event: 2.465 Thread 0x00000000031cd800 Exception <a 'sun/nio/fs/WindowsException'> (0x00000000ff7f7728) thrown at [D:\src\AOSP-openjdk-cygwin\jdk8u\hotspot\src\share\vm\prims\jni.cpp, line 709]
Event: 3.766 Thread 0x00000000031cd800 Implicit null exception at 0x00000000037d5c6a to 0x00000000037d5f39
Event: 3.842 Thread 0x00000000031cd800 Implicit null exception at 0x00000000037e3257 to 0x00000000037e5969

Events (10 events):
Event: 3.842 Thread 0x00000000031cd800 Uncommon trap: trap_request=0xfffffff4 fr.pc=0x00000000037e598c
Event: 3.842 Thread 0x00000000031cd800 DEOPT PACKING pc=0x00000000037e598c sp=0x00000000032ce8b0
Event: 3.842 Thread 0x00000000031cd800 DEOPT UNPACKING pc=0x000000000341556a sp=0x00000000032ce830 mode 2
Event: 3.846 Thread 0x00000000031cd800 DEOPT PACKING pc=0x00000000036c4498 sp=0x00000000032ce6b0
Event: 3.846 Thread 0x00000000031cd800 DEOPT UNPACKING pc=0x00000000034175bf sp=0x00000000032ce660 mode 0
Event: 3.860 Thread 0x00000000031cd800 DEOPT PACKING pc=0x000000000372d5f0 sp=0x00000000032ce880
Event: 3.860 Thread 0x00000000031cd800 DEOPT UNPACKING pc=0x00000000034175bf sp=0x00000000032ce5a8 mode 0
Event: 3.864 Thread 0x00000000031cd800 Uncommon trap: trap_request=0xffffff65 fr.pc=0x00000000036b1f98
Event: 3.865 Thread 0x00000000031cd800 DEOPT PACKING pc=0x00000000036b1f98 sp=0x00000000032ce720
Event: 3.865 Thread 0x00000000031cd800 DEOPT UNPACKING pc=0x000000000341556a sp=0x00000000032ce6b8 mode 2


Dynamic libraries:
0x00007ff6199f0000 - 0x00007ff619a21000 	C:\Program Files\Android\Android Studio\jre\bin\java.exe
0x00007ff98de30000 - 0x00007ff98e011000 	C:\WINDOWS\SYSTEM32\ntdll.dll
0x00007ff98c160000 - 0x00007ff98c212000 	C:\WINDOWS\System32\KERNEL32.DLL
0x00007ff98a400000 - 0x00007ff98a673000 	C:\WINDOWS\System32\KERNELBASE.dll
0x00007ff98b860000 - 0x00007ff98b901000 	C:\WINDOWS\System32\ADVAPI32.dll
0x00007ff98bd20000 - 0x00007ff98bdbe000 	C:\WINDOWS\System32\msvcrt.dll
0x00007ff98b910000 - 0x00007ff98b96b000 	C:\WINDOWS\System32\sechost.dll
0x00007ff98b3b0000 - 0x00007ff98b4d4000 	C:\WINDOWS\System32\RPCRT4.dll
0x00007ff98b9f0000 - 0x00007ff98bb80000 	C:\WINDOWS\System32\USER32.dll
0x00007ff98b2a0000 - 0x00007ff98b2c0000 	C:\WINDOWS\System32\win32u.dll
0x00007ff98b380000 - 0x00007ff98b3a8000 	C:\WINDOWS\System32\GDI32.dll
0x00007ff98b060000 - 0x00007ff98b1f2000 	C:\WINDOWS\System32\gdi32full.dll
0x00007ff98b200000 - 0x00007ff98b29f000 	C:\WINDOWS\System32\msvcp_win.dll
0x00007ff98a300000 - 0x00007ff98a3fa000 	C:\WINDOWS\System32\ucrtbase.dll
0x00007ff97d610000 - 0x00007ff97d879000 	C:\WINDOWS\WinSxS\amd64_microsoft.windows.common-controls_6595b64144ccf1df_6.0.17134.48_none_b4b2216a3cb4dd3e\COMCTL32.dll
0x00007ff98bdd0000 - 0x00007ff98c0f3000 	C:\WINDOWS\System32\combase.dll
0x00007ff98adf0000 - 0x00007ff98ae6a000 	C:\WINDOWS\System32\bcryptPrimitives.dll
0x00007ff98b5c0000 - 0x00007ff98b5ed000 	C:\WINDOWS\System32\IMM32.DLL
0x000000005ca60000 - 0x000000005cb32000 	C:\Program Files\Android\Android Studio\jre\jre\bin\msvcr100.dll
0x000000005cb40000 - 0x000000005d37e000 	C:\Program Files\Android\Android Studio\jre\jre\bin\server\jvm.dll
0x00007ff98b5b0000 - 0x00007ff98b5b8000 	C:\WINDOWS\System32\PSAPI.DLL
0x00007ff985c60000 - 0x00007ff985c69000 	C:\WINDOWS\SYSTEM32\WSOCK32.dll
0x00007ff98b970000 - 0x00007ff98b9dc000 	C:\WINDOWS\System32\WS2_32.dll
0x00007ff987c20000 - 0x00007ff987c43000 	C:\WINDOWS\SYSTEM32\WINMM.dll
0x00007ff982480000 - 0x00007ff98248a000 	C:\WINDOWS\SYSTEM32\VERSION.dll
0x00007ff987620000 - 0x00007ff98764a000 	C:\WINDOWS\SYSTEM32\WINMMBASE.dll
0x00007ff98a2b0000 - 0x00007ff98a2f9000 	C:\WINDOWS\System32\cfgmgr32.dll
0x00007ff96ba40000 - 0x00007ff96ba4f000 	C:\Program Files\Android\Android Studio\jre\jre\bin\verify.dll
0x00007ff96ba10000 - 0x00007ff96ba39000 	C:\Program Files\Android\Android Studio\jre\jre\bin\java.dll
0x00007ff96b9f0000 - 0x00007ff96ba06000 	C:\Program Files\Android\Android Studio\jre\jre\bin\zip.dll
0x00007ff98c2a0000 - 0x00007ff98d6e0000 	C:\WINDOWS\System32\SHELL32.dll
0x00007ff98b4e0000 - 0x00007ff98b589000 	C:\WINDOWS\System32\shcore.dll
0x00007ff98a680000 - 0x00007ff98ad8d000 	C:\WINDOWS\System32\windows.storage.dll
0x00007ff98b320000 - 0x00007ff98b371000 	C:\WINDOWS\System32\shlwapi.dll
0x00007ff98a170000 - 0x00007ff98a181000 	C:\WINDOWS\System32\kernel.appcore.dll
0x00007ff98a190000 - 0x00007ff98a1af000 	C:\WINDOWS\System32\profapi.dll
0x00007ff98a1b0000 - 0x00007ff98a1fc000 	C:\WINDOWS\System32\powrprof.dll
0x00007ff98a160000 - 0x00007ff98a16a000 	C:\WINDOWS\System32\FLTLIB.DLL
0x00007ff989b70000 - 0x00007ff989b87000 	C:\WINDOWS\SYSTEM32\CRYPTSP.dll
0x00007ff9895a0000 - 0x00007ff9895d3000 	C:\WINDOWS\system32\rsaenh.dll
0x00007ff989ca0000 - 0x00007ff989cc5000 	C:\WINDOWS\SYSTEM32\bcrypt.dll
0x00007ff98a040000 - 0x00007ff98a068000 	C:\WINDOWS\SYSTEM32\USERENV.dll
0x00007ff989b90000 - 0x00007ff989b9b000 	C:\WINDOWS\SYSTEM32\CRYPTBASE.dll
0x00007ff96b9d0000 - 0x00007ff96b9ea000 	C:\Program Files\Android\Android Studio\jre\jre\bin\net.dll
0x00007ff9899c0000 - 0x00007ff989a26000 	C:\WINDOWS\system32\mswsock.dll
0x00007ff989740000 - 0x00007ff989778000 	C:\WINDOWS\SYSTEM32\IPHLPAPI.DLL
0x00007ff98bdc0000 - 0x00007ff98bdc8000 	C:\WINDOWS\System32\NSI.dll
0x00007ff982c80000 - 0x00007ff982c96000 	C:\WINDOWS\SYSTEM32\dhcpcsvc6.DLL
0x00007ff982c60000 - 0x00007ff982c7a000 	C:\WINDOWS\SYSTEM32\dhcpcsvc.DLL
0x00007ff967fc0000 - 0x00007ff967fd1000 	C:\Program Files\Android\Android Studio\jre\jre\bin\nio.dll

VM Arguments:
jvm_args: -Djava.awt.headless=true -Xmx64M -Dfile.encoding=x-windows-949 -Duser.country=KR -Duser.language=ko -Duser.variant 
java_command: com.google.devtools.build.android.desugar.Desugar @D:\test\app\build\intermediates\tmp\desugar_args434555193168517171
java_class_path (initial): C:\Users\Goo\AppData\Local\Temp\desugar_deploy.jar3189730495422438638
Launcher Type: SUN_STANDARD

Environment Variables:
PATH=C:\ProgramData\Oracle\Java\javapath;C:\WINDOWS\system32;C:\WINDOWS;C:\WINDOWS\System32\Wbem;C:\WINDOWS\System32\WindowsPowerShell\v1.0\;C:\OpenSSL;;C:\WINDOWS\System32\OpenSSH\;C:\Users\Goo\AppData\Local\Microsoft\WindowsApps;
USERNAME=Goo
OS=Windows_NT
PROCESSOR_IDENTIFIER=Intel64 Family 6 Model 158 Stepping 9, GenuineIntel



---------------  S Y S T E M  ---------------

OS: Windows 10.0 , 64 bit Build 17134 (10.0.17134.1)

CPU:total 8 (initial active 8) (4 cores per cpu, 2 threads per core) family 6 model 158 stepping 9, cmov, cx8, fxsr, mmx, sse, sse2, sse3, ssse3, sse4.1, sse4.2, popcnt, avx, avx2, aes, clmul, erms, 3dnowpref, lzcnt, ht, tsc, tscinvbit, bmi1, bmi2, adx

Memory: 4k page, physical 16692940k(4647296k free), swap 16692940k(2052k free)

vm_info: OpenJDK 64-Bit Server VM (25.152-b01) for windows-amd64 JRE (1.8.0_152-release-915-b01), built by "builder" with MS VC++ 10.0 (VS2010)

time: Mon Jun 11 00:54:51 2018
elapsed time: 4 seconds (0d 0h 0m 4s)

