#
# There is insufficient memory for the Java Runtime Environment to continue.
# Native memory allocation (malloc) failed to allocate 2684976 bytes for Chunk::new
# Possible reasons:
#   The system is out of physical RAM or swap space
#   In 32 bit mode, the process size limit was hit
# Possible solutions:
#   Reduce memory load on the system
#   Increase physical memory or swap space
#   Check if swap backing store is full
#   Use 64 bit Java on a 64 bit OS
#   Decrease Java heap size (-Xmx/-Xms)
#   Decrease number of Java threads
#   Decrease Java thread stack sizes (-Xss)
#   Set larger code cache with -XX:ReservedCodeCacheSize=
# This output file may be truncated or incomplete.
#
#  Out of Memory Error (allocation.cpp:390), pid=13624, tid=0x0000000000002a60
#
# JRE version: OpenJDK Runtime Environment (8.0_152-b01) (build 1.8.0_152-release-915-b01)
# Java VM: OpenJDK 64-Bit Server VM (25.152-b01 mixed mode windows-amd64 compressed oops)
# Failed to write core dump. Minidumps are not enabled by default on client versions of Windows
#

---------------  T H R E A D  ---------------

Current thread (0x000000001393a800):  JavaThread "C2 CompilerThread1" daemon [_thread_in_native, id=10848, stack(0x0000000016010000,0x0000000016110000)]

Stack: [0x0000000016010000,0x0000000016110000]
[error occurred during error reporting (printing stack bounds), id 0xc0000005]

Native frames: (J=compiled Java code, j=interpreted, Vv=VM code, C=native code)


Current CompileTask:
C2:   4423 1128       4       org.objectweb.asm.ClassReader::a (3587 bytes)


---------------  P R O C E S S  ---------------

Java Threads: ( => current thread )
  0x00000000158f7000 JavaThread "Service Thread" daemon [_thread_blocked, id=5708, stack(0x0000000016310000,0x0000000016410000)]
  0x0000000015896000 JavaThread "C1 CompilerThread3" daemon [_thread_blocked, id=5928, stack(0x0000000016210000,0x0000000016310000)]
  0x000000001393e000 JavaThread "C2 CompilerThread2" daemon [_thread_blocked, id=12012, stack(0x0000000016110000,0x0000000016210000)]
=>0x000000001393a800 JavaThread "C2 CompilerThread1" daemon [_thread_in_native, id=10848, stack(0x0000000016010000,0x0000000016110000)]
  0x000000001583b000 JavaThread "C2 CompilerThread0" daemon [_thread_in_native, id=1668, stack(0x0000000015f10000,0x0000000016010000)]
  0x0000000015839800 JavaThread "Attach Listener" daemon [_thread_blocked, id=13440, stack(0x0000000015e10000,0x0000000015f10000)]
  0x0000000015890000 JavaThread "Signal Dispatcher" daemon [_thread_blocked, id=2908, stack(0x0000000015d10000,0x0000000015e10000)]
  0x0000000015820800 JavaThread "Finalizer" daemon [_thread_blocked, id=5296, stack(0x0000000015c00000,0x0000000015d00000)]
  0x0000000003177000 JavaThread "Reference Handler" daemon [_thread_blocked, id=1664, stack(0x0000000015700000,0x0000000015800000)]
  0x0000000002f7d800 JavaThread "main" [_thread_in_native, id=7476, stack(0x0000000002f80000,0x0000000003080000)]

Other Threads:
  0x0000000013925000 VMThread [stack: 0x0000000015600000,0x0000000015700000] [id=7636]
  0x00000000158fb800 WatcherThread [stack: 0x0000000016410000,0x0000000016510000] [id=10012]

VM state:not at safepoint (normal execution)

VM Mutex/Monitor currently owned by a thread: None

Heap:
 PSYoungGen      total 18944K, used 13997K [0x00000000feb00000, 0x0000000100000000, 0x0000000100000000)
  eden space 16384K, 69% used [0x00000000feb00000,0x00000000ff62e8c8,0x00000000ffb00000)
  from space 2560K, 99% used [0x00000000ffb00000,0x00000000ffd7cb90,0x00000000ffd80000)
  to   space 2560K, 0% used [0x00000000ffd80000,0x00000000ffd80000,0x0000000100000000)
 ParOldGen       total 44032K, used 6897K [0x00000000fc000000, 0x00000000feb00000, 0x00000000feb00000)
  object space 44032K, 15% used [0x00000000fc000000,0x00000000fc6bc688,0x00000000feb00000)
 Metaspace       used 7755K, capacity 7970K, committed 8192K, reserved 1056768K
  class space    used 875K, capacity 957K, committed 1024K, reserved 1048576K

Card table byte_map: [0x0000000002b10000,0x0000000002b40000] byte_map_base: 0x0000000002330000

Marking Bits: (ParMarkBitMap*) 0x00000000673d3950
 Begin Bits: [0x0000000012d40000, 0x0000000012e40000)
 End Bits:   [0x0000000012e40000, 0x0000000012f40000)

Polling page: 0x00000000012b0000

CodeCache: size=245760Kb used=4884Kb max_used=4896Kb free=240875Kb
 bounds [0x0000000003180000, 0x0000000003650000, 0x0000000012180000]
 total_blobs=1521 nmethods=1186 adapters=248
 compilation: enabled

Compilation events (10 events):
Event: 4.395 Thread 0x000000001393e000 1185       4       org.objectweb.asm.MethodVisitor::visitEnd (15 bytes)
Event: 4.395 Thread 0x000000001393e000 nmethod 1185 0x0000000003600910 code [0x0000000003600a60, 0x0000000003600af8]
Event: 4.396 Thread 0x000000001393e000 1186       4       java.util.SubList::get (23 bytes)
Event: 4.396 Thread 0x0000000015896000 1187       1       sun.util.calendar.CalendarDate::setNormalized (6 bytes)
Event: 4.397 Thread 0x0000000015896000 nmethod 1187 0x000000000363ea90 code [0x000000000363ebe0, 0x000000000363ecf0]
Event: 4.397 Thread 0x000000001393e000 nmethod 1186 0x0000000003642c10 code [0x0000000003642d60, 0x0000000003642e98]
Event: 4.397 Thread 0x000000001393e000 1188       4       org.objectweb.asm.ClassVisitor::visitMethod (24 bytes)
Event: 4.397 Thread 0x000000001393e000 nmethod 1188 0x00000000036428d0 code [0x0000000003642a00, 0x0000000003642a98]
Event: 4.398 Thread 0x000000001393e000 1189       4       org.objectweb.asm.MethodVisitor::visitCode (15 bytes)
Event: 4.399 Thread 0x000000001393e000 nmethod 1189 0x0000000003647ed0 code [0x0000000003648020, 0x00000000036480b8]

GC Heap History (6 events):
Event: 1.154 GC heap before
{Heap before GC invocations=1 (full 0):
 PSYoungGen      total 18944K, used 16384K [0x00000000feb00000, 0x0000000100000000, 0x0000000100000000)
  eden space 16384K, 100% used [0x00000000feb00000,0x00000000ffb00000,0x00000000ffb00000)
  from space 2560K, 0% used [0x00000000ffd80000,0x00000000ffd80000,0x0000000100000000)
  to   space 2560K, 0% used [0x00000000ffb00000,0x00000000ffb00000,0x00000000ffd80000)
 ParOldGen       total 44032K, used 0K [0x00000000fc000000, 0x00000000feb00000, 0x00000000feb00000)
  object space 44032K, 0% used [0x00000000fc000000,0x00000000fc000000,0x00000000feb00000)
 Metaspace       used 6616K, capacity 6800K, committed 7040K, reserved 1056768K
  class space    used 774K, capacity 824K, committed 896K, reserved 1048576K
Event: 1.166 GC heap after
Heap after GC invocations=1 (full 0):
 PSYoungGen      total 18944K, used 2537K [0x00000000feb00000, 0x0000000100000000, 0x0000000100000000)
  eden space 16384K, 0% used [0x00000000feb00000,0x00000000feb00000,0x00000000ffb00000)
  from space 2560K, 99% used [0x00000000ffb00000,0x00000000ffd7a620,0x00000000ffd80000)
  to   space 2560K, 0% used [0x00000000ffd80000,0x00000000ffd80000,0x0000000100000000)
 ParOldGen       total 44032K, used 1420K [0x00000000fc000000, 0x00000000feb00000, 0x00000000feb00000)
  object space 44032K, 3% used [0x00000000fc000000,0x00000000fc163310,0x00000000feb00000)
 Metaspace       used 6616K, capacity 6800K, committed 7040K, reserved 1056768K
  class space    used 774K, capacity 824K, committed 896K, reserved 1048576K
}
Event: 1.617 GC heap before
{Heap before GC invocations=2 (full 0):
 PSYoungGen      total 18944K, used 18921K [0x00000000feb00000, 0x0000000100000000, 0x0000000100000000)
  eden space 16384K, 100% used [0x00000000feb00000,0x00000000ffb00000,0x00000000ffb00000)
  from space 2560K, 99% used [0x00000000ffb00000,0x00000000ffd7a620,0x00000000ffd80000)
  to   space 2560K, 0% used [0x00000000ffd80000,0x00000000ffd80000,0x0000000100000000)
 ParOldGen       total 44032K, used 1420K [0x00000000fc000000, 0x00000000feb00000, 0x00000000feb00000)
  object space 44032K, 3% used [0x00000000fc000000,0x00000000fc163310,0x00000000feb00000)
 Metaspace       used 6961K, capacity 7106K, committed 7296K, reserved 1056768K
  class space    used 816K, capacity 861K, committed 896K, reserved 1048576K
Event: 1.678 GC heap after
Heap after GC invocations=2 (full 0):
 PSYoungGen      total 18944K, used 2531K [0x00000000feb00000, 0x0000000100000000, 0x0000000100000000)
  eden space 16384K, 0% used [0x00000000feb00000,0x00000000feb00000,0x00000000ffb00000)
  from space 2560K, 98% used [0x00000000ffd80000,0x00000000ffff8e10,0x0000000100000000)
  to   space 2560K, 0% used [0x00000000ffb00000,0x00000000ffb00000,0x00000000ffd80000)
 ParOldGen       total 44032K, used 5913K [0x00000000fc000000, 0x00000000feb00000, 0x00000000feb00000)
  object space 44032K, 13% used [0x00000000fc000000,0x00000000fc5c67f8,0x00000000feb00000)
 Metaspace       used 6961K, capacity 7106K, committed 7296K, reserved 1056768K
  class space    used 816K, capacity 861K, committed 896K, reserved 1048576K
}
Event: 3.017 GC heap before
{Heap before GC invocations=3 (full 0):
 PSYoungGen      total 18944K, used 18915K [0x00000000feb00000, 0x0000000100000000, 0x0000000100000000)
  eden space 16384K, 100% used [0x00000000feb00000,0x00000000ffb00000,0x00000000ffb00000)
  from space 2560K, 98% used [0x00000000ffd80000,0x00000000ffff8e10,0x0000000100000000)
  to   space 2560K, 0% used [0x00000000ffb00000,0x00000000ffb00000,0x00000000ffd80000)
 ParOldGen       total 44032K, used 5913K [0x00000000fc000000, 0x00000000feb00000, 0x00000000feb00000)
  object space 44032K, 13% used [0x00000000fc000000,0x00000000fc5c67f8,0x00000000feb00000)
 Metaspace       used 7701K, capacity 7842K, committed 7936K, reserved 1056768K
  class space    used 875K, capacity 957K, committed 1024K, reserved 1048576K
Event: 3.439 GC heap after
Heap after GC invocations=3 (full 0):
 PSYoungGen      total 18944K, used 2546K [0x00000000feb00000, 0x0000000100000000, 0x0000000100000000)
  eden space 16384K, 0% used [0x00000000feb00000,0x00000000feb00000,0x00000000ffb00000)
  from space 2560K, 99% used [0x00000000ffb00000,0x00000000ffd7cb90,0x00000000ffd80000)
  to   space 2560K, 0% used [0x00000000ffd80000,0x00000000ffd80000,0x0000000100000000)
 ParOldGen       total 44032K, used 6897K [0x00000000fc000000, 0x00000000feb00000, 0x00000000feb00000)
  object space 44032K, 15% used [0x00000000fc000000,0x00000000fc6bc688,0x00000000feb00000)
 Metaspace       used 7701K, capacity 7842K, committed 7936K, reserved 1056768K
  class space    used 875K, capacity 957K, committed 1024K, reserved 1048576K
}

Deoptimization events (10 events):
Event: 2.229 Thread 0x0000000002f7d800 Uncommon trap: reason=unstable_if action=reinterpret pc=0x00000000034ea0ac method=org.objectweb.asm.MethodWriter.visitVarInsn(II)V @ 148
Event: 2.739 Thread 0x0000000002f7d800 Uncommon trap: reason=class_check action=maybe_recompile pc=0x0000000003524c44 method=org.objectweb.asm.MethodVisitor.visitVarInsn(II)V @ 13
Event: 2.739 Thread 0x0000000002f7d800 Uncommon trap: reason=class_check action=maybe_recompile pc=0x0000000003524c44 method=org.objectweb.asm.MethodVisitor.visitVarInsn(II)V @ 13
Event: 2.739 Thread 0x0000000002f7d800 Uncommon trap: reason=class_check action=maybe_recompile pc=0x0000000003524c44 method=org.objectweb.asm.MethodVisitor.visitVarInsn(II)V @ 13
Event: 2.739 Thread 0x0000000002f7d800 Uncommon trap: reason=class_check action=maybe_recompile pc=0x0000000003524bf8 method=org.objectweb.asm.tree.VarInsnNode.accept(Lorg/objectweb/asm/MethodVisitor;)V @ 9
Event: 2.739 Thread 0x0000000002f7d800 Uncommon trap: reason=class_check action=maybe_recompile pc=0x0000000003524bf8 method=org.objectweb.asm.tree.VarInsnNode.accept(Lorg/objectweb/asm/MethodVisitor;)V @ 9
Event: 2.739 Thread 0x0000000002f7d800 Uncommon trap: reason=class_check action=maybe_recompile pc=0x0000000003524bf8 method=org.objectweb.asm.tree.VarInsnNode.accept(Lorg/objectweb/asm/MethodVisitor;)V @ 9
Event: 2.961 Thread 0x0000000002f7d800 Uncommon trap: reason=null_check action=make_not_entrant pc=0x00000000035715d4 method=com.google.devtools.build.android.desugar.InterfaceDesugaring$InterfaceInvocationRewriter.visitMethodInsn(ILjava/lang/String;Ljava/lang/String;Ljava/lang/String;Z)V @ 10
Event: 3.517 Thread 0x0000000002f7d800 Uncommon trap: reason=unstable_if action=reinterpret pc=0x000000000358b0c8 method=org.objectweb.asm.ClassReader.a(Lorg/objectweb/asm/MethodVisitor;Lorg/objectweb/asm/Context;I)V @ 800
Event: 3.520 Thread 0x0000000002f7d800 Uncommon trap: reason=unstable_if action=reinterpret pc=0x000000000356740c method=org.objectweb.asm.MethodWriter.visitFieldInsn(ILjava/lang/String;Ljava/lang/String;Ljava/lang/String;)V @ 112

Classes redefined (0 events):
No events

Internal exceptions (10 events):
Event: 2.236 Thread 0x0000000002f7d800 Exception <a 'sun/nio/fs/WindowsException'> (0x00000000ff317430) thrown at [D:\src\AOSP-openjdk-cygwin\jdk8u\hotspot\src\share\vm\prims\jni.cpp, line 709]
Event: 2.261 Thread 0x0000000002f7d800 Exception <a 'sun/nio/fs/WindowsException'> (0x00000000ff436a70) thrown at [D:\src\AOSP-openjdk-cygwin\jdk8u\hotspot\src\share\vm\prims\jni.cpp, line 709]
Event: 2.261 Thread 0x0000000002f7d800 Exception <a 'sun/nio/fs/WindowsException'> (0x00000000ff436f48) thrown at [D:\src\AOSP-openjdk-cygwin\jdk8u\hotspot\src\share\vm\prims\jni.cpp, line 709]
Event: 2.467 Thread 0x0000000002f7d800 Exception <a 'sun/nio/fs/WindowsException'> (0x00000000ff65f480) thrown at [D:\src\AOSP-openjdk-cygwin\jdk8u\hotspot\src\share\vm\prims\jni.cpp, line 709]
Event: 2.467 Thread 0x0000000002f7d800 Exception <a 'sun/nio/fs/WindowsException'> (0x00000000ff65f958) thrown at [D:\src\AOSP-openjdk-cygwin\jdk8u\hotspot\src\share\vm\prims\jni.cpp, line 709]
Event: 2.470 Thread 0x0000000002f7d800 Exception <a 'sun/nio/fs/WindowsException'> (0x00000000ff662e10) thrown at [D:\src\AOSP-openjdk-cygwin\jdk8u\hotspot\src\share\vm\prims\jni.cpp, line 709]
Event: 2.470 Thread 0x0000000002f7d800 Exception <a 'sun/nio/fs/WindowsException'> (0x00000000ff6632e8) thrown at [D:\src\AOSP-openjdk-cygwin\jdk8u\hotspot\src\share\vm\prims\jni.cpp, line 709]
Event: 2.961 Thread 0x0000000002f7d800 Implicit null exception at 0x000000000356ea7f to 0x00000000035715b1
Event: 4.268 Thread 0x0000000002f7d800 Exception <a 'sun/nio/fs/WindowsException'> (0x00000000ff46b4f8) thrown at [D:\src\AOSP-openjdk-cygwin\jdk8u\hotspot\src\share\vm\prims\jni.cpp, line 709]
Event: 4.268 Thread 0x0000000002f7d800 Exception <a 'sun/nio/fs/WindowsException'> (0x00000000ff46b9d0) thrown at [D:\src\AOSP-openjdk-cygwin\jdk8u\hotspot\src\share\vm\prims\jni.cpp, line 709]

Events (10 events):
Event: 3.517 Thread 0x0000000002f7d800 DEOPT UNPACKING pc=0x00000000031c556a sp=0x000000000307ed38 mode 2
Event: 3.520 Thread 0x0000000002f7d800 Uncommon trap: trap_request=0xffffff65 fr.pc=0x000000000356740c
Event: 3.520 Thread 0x0000000002f7d800 DEOPT PACKING pc=0x000000000356740c sp=0x000000000307ec20
Event: 3.520 Thread 0x0000000002f7d800 DEOPT UNPACKING pc=0x00000000031c556a sp=0x000000000307eb70 mode 2
Event: 3.600 Thread 0x0000000002f7d800 DEOPT PACKING pc=0x00000000034cba6e sp=0x000000000307ed20
Event: 3.600 Thread 0x0000000002f7d800 DEOPT UNPACKING pc=0x00000000031c75bf sp=0x000000000307eb00 mode 0
Event: 3.619 Thread 0x0000000002f7d800 DEOPT PACKING pc=0x00000000034aa870 sp=0x000000000307ecd0
Event: 3.619 Thread 0x0000000002f7d800 DEOPT UNPACKING pc=0x00000000031c75bf sp=0x000000000307e9f8 mode 0
Event: 4.245 Executing VM operation: EnableBiasedLocking
Event: 4.245 Executing VM operation: EnableBiasedLocking done


Dynamic libraries:
0x00007ff6c8c60000 - 0x00007ff6c8c91000 	C:\Program Files\Android\Android Studio\jre\bin\java.exe
0x00007ffba9340000 - 0x00007ffba9521000 	C:\WINDOWS\SYSTEM32\ntdll.dll
0x00007ffba6ca0000 - 0x00007ffba6d52000 	C:\WINDOWS\System32\KERNEL32.DLL
0x00007ffba6070000 - 0x00007ffba62e3000 	C:\WINDOWS\System32\KERNELBASE.dll
0x00007ffba9260000 - 0x00007ffba9301000 	C:\WINDOWS\System32\ADVAPI32.dll
0x00007ffba77b0000 - 0x00007ffba784e000 	C:\WINDOWS\System32\msvcrt.dll
0x00007ffba71b0000 - 0x00007ffba720b000 	C:\WINDOWS\System32\sechost.dll
0x00007ffba7580000 - 0x00007ffba76a4000 	C:\WINDOWS\System32\RPCRT4.dll
0x00007ffba7ac0000 - 0x00007ffba7c50000 	C:\WINDOWS\System32\USER32.dll
0x00007ffba5790000 - 0x00007ffba57b0000 	C:\WINDOWS\System32\win32u.dll
0x00007ffba67e0000 - 0x00007ffba6808000 	C:\WINDOWS\System32\GDI32.dll
0x00007ffba6530000 - 0x00007ffba66c2000 	C:\WINDOWS\System32\gdi32full.dll
0x00007ffba5fd0000 - 0x00007ffba606f000 	C:\WINDOWS\System32\msvcp_win.dll
0x00007ffba66d0000 - 0x00007ffba67ca000 	C:\WINDOWS\System32\ucrtbase.dll
0x00007ffb93ad0000 - 0x00007ffb93d39000 	C:\WINDOWS\WinSxS\amd64_microsoft.windows.common-controls_6595b64144ccf1df_6.0.17134.48_none_b4b2216a3cb4dd3e\COMCTL32.dll
0x00007ffba6810000 - 0x00007ffba6b33000 	C:\WINDOWS\System32\combase.dll
0x00007ffba5710000 - 0x00007ffba578a000 	C:\WINDOWS\System32\bcryptPrimitives.dll
0x00007ffba9090000 - 0x00007ffba90bd000 	C:\WINDOWS\System32\IMM32.DLL
0x0000000069530000 - 0x0000000069602000 	C:\Program Files\Android\Android Studio\jre\jre\bin\msvcr100.dll
0x0000000066c10000 - 0x000000006744e000 	C:\Program Files\Android\Android Studio\jre\jre\bin\server\jvm.dll
0x00007ffba91d0000 - 0x00007ffba91d8000 	C:\WINDOWS\System32\PSAPI.DLL
0x00007ffba1d20000 - 0x00007ffba1d29000 	C:\WINDOWS\SYSTEM32\WSOCK32.dll
0x00007ffba7510000 - 0x00007ffba757c000 	C:\WINDOWS\System32\WS2_32.dll
0x00007ffb95780000 - 0x00007ffb957a3000 	C:\WINDOWS\SYSTEM32\WINMM.dll
0x00007ffb9d7c0000 - 0x00007ffb9d7ca000 	C:\WINDOWS\SYSTEM32\VERSION.dll
0x00007ffb95570000 - 0x00007ffb9559a000 	C:\WINDOWS\SYSTEM32\WINMMBASE.dll
0x00007ffba64e0000 - 0x00007ffba6529000 	C:\WINDOWS\System32\cfgmgr32.dll
0x00007ffba1d30000 - 0x00007ffba1d3f000 	C:\Program Files\Android\Android Studio\jre\jre\bin\verify.dll
0x00007ffba1b00000 - 0x00007ffba1b29000 	C:\Program Files\Android\Android Studio\jre\jre\bin\java.dll
0x00007ffb9f450000 - 0x00007ffb9f466000 	C:\Program Files\Android\Android Studio\jre\jre\bin\zip.dll
0x00007ffba7c50000 - 0x00007ffba9090000 	C:\WINDOWS\System32\SHELL32.dll
0x00007ffba9120000 - 0x00007ffba91c9000 	C:\WINDOWS\System32\shcore.dll
0x00007ffba58c0000 - 0x00007ffba5fcd000 	C:\WINDOWS\System32\windows.storage.dll
0x00007ffba90c0000 - 0x00007ffba9111000 	C:\WINDOWS\System32\shlwapi.dll
0x00007ffba5680000 - 0x00007ffba5691000 	C:\WINDOWS\System32\kernel.appcore.dll
0x00007ffba56f0000 - 0x00007ffba570f000 	C:\WINDOWS\System32\profapi.dll
0x00007ffba56a0000 - 0x00007ffba56ec000 	C:\WINDOWS\System32\powrprof.dll
0x00007ffba5650000 - 0x00007ffba565a000 	C:\WINDOWS\System32\FLTLIB.DLL
0x00007ffba5080000 - 0x00007ffba5097000 	C:\WINDOWS\SYSTEM32\CRYPTSP.dll
0x00007ffba4ab0000 - 0x00007ffba4ae3000 	C:\WINDOWS\system32\rsaenh.dll
0x00007ffba51b0000 - 0x00007ffba51d5000 	C:\WINDOWS\SYSTEM32\bcrypt.dll
0x00007ffba5580000 - 0x00007ffba55a8000 	C:\WINDOWS\SYSTEM32\USERENV.dll
0x00007ffba50a0000 - 0x00007ffba50ab000 	C:\WINDOWS\SYSTEM32\CRYPTBASE.dll
0x00007ffb9f430000 - 0x00007ffb9f44a000 	C:\Program Files\Android\Android Studio\jre\jre\bin\net.dll
0x00007ffba4ed0000 - 0x00007ffba4f36000 	C:\WINDOWS\system32\mswsock.dll
0x00007ffba4c50000 - 0x00007ffba4c88000 	C:\WINDOWS\SYSTEM32\IPHLPAPI.DLL
0x00007ffba7430000 - 0x00007ffba7438000 	C:\WINDOWS\System32\NSI.dll
0x00007ffb9a1f0000 - 0x00007ffb9a206000 	C:\WINDOWS\SYSTEM32\dhcpcsvc6.DLL
0x00007ffb9a120000 - 0x00007ffb9a13a000 	C:\WINDOWS\SYSTEM32\dhcpcsvc.DLL
0x00007ffb9f410000 - 0x00007ffb9f421000 	C:\Program Files\Android\Android Studio\jre\jre\bin\nio.dll

VM Arguments:
jvm_args: -Djava.awt.headless=true -Xmx64M -Dfile.encoding=x-windows-949 -Duser.country=KR -Duser.language=ko -Duser.variant 
java_command: com.google.devtools.build.android.desugar.Desugar @D:\test\app\build\intermediates\tmp\desugar_args7833006205701060591
java_class_path (initial): C:\Users\Goo\AppData\Local\Temp\desugar_deploy.jar6166084629044052758
Launcher Type: SUN_STANDARD

Environment Variables:
PATH=C:\ProgramData\Oracle\Java\javapath;C:\WINDOWS\system32;C:\WINDOWS;C:\WINDOWS\System32\Wbem;C:\WINDOWS\System32\WindowsPowerShell\v1.0\;C:\OpenSSL;;C:\WINDOWS\System32\OpenSSH\;C:\Users\Goo\AppData\Local\Microsoft\WindowsApps;
USERNAME=Goo
OS=Windows_NT
PROCESSOR_IDENTIFIER=Intel64 Family 6 Model 158 Stepping 9, GenuineIntel



---------------  S Y S T E M  ---------------

OS: Windows 10.0 , 64 bit Build 17134 (10.0.17134.1)

CPU:total 8 (initial active 8) (4 cores per cpu, 2 threads per core) family 6 model 158 stepping 9, cmov, cx8, fxsr, mmx, sse, sse2, sse3, ssse3, sse4.1, sse4.2, popcnt, avx, avx2, aes, clmul, erms, 3dnowpref, lzcnt, ht, tsc, tscinvbit, bmi1, bmi2, adx

Memory: 4k page, physical 16692940k(3727192k free), swap 16692940k(6488k free)

vm_info: OpenJDK 64-Bit Server VM (25.152-b01) for windows-amd64 JRE (1.8.0_152-release-915-b01), built by "builder" with MS VC++ 10.0 (VS2010)

time: Sun May 27 19:07:41 2018
elapsed time: 4 seconds (0d 0h 0m 4s)

