#
# There is insufficient memory for the Java Runtime Environment to continue.
# Native memory allocation (malloc) failed to allocate 32744 bytes for ChunkPool::allocate
# Possible reasons:
#   The system is out of physical RAM or swap space
#   In 32 bit mode, the process size limit was hit
# Possible solutions:
#   Reduce memory load on the system
#   Increase physical memory or swap space
#   Check if swap backing store is full
#   Use 64 bit Java on a 64 bit OS
#   Decrease Java heap size (-Xmx/-Xms)
#   Decrease number of Java threads
#   Decrease Java thread stack sizes (-Xss)
#   Set larger code cache with -XX:ReservedCodeCacheSize=
# This output file may be truncated or incomplete.
#
#  Out of Memory Error (allocation.cpp:273), pid=9184, tid=0x00000000000022d8
#
# JRE version: OpenJDK Runtime Environment (8.0_152-b01) (build 1.8.0_152-release-915-b01)
# Java VM: OpenJDK 64-Bit Server VM (25.152-b01 mixed mode windows-amd64 compressed oops)
# Failed to write core dump. Minidumps are not enabled by default on client versions of Windows
#

---------------  T H R E A D  ---------------

Current thread (0x00000000152fc800):  JavaThread "C2 CompilerThread1" daemon [_thread_in_native, id=8920, stack(0x0000000015b10000,0x0000000015c10000)]

Stack: [0x0000000015b10000,0x0000000015c10000]
[error occurred during error reporting (printing stack bounds), id 0xc0000005]

Native frames: (J=compiled Java code, j=interpreted, Vv=VM code, C=native code)


Current CompileTask:
C2:   4752  913 %     4       org.objectweb.asm.ClassReader::a @ 845 (3587 bytes)


---------------  P R O C E S S  ---------------

Java Threads: ( => current thread )
  0x000000001530c000 JavaThread "Service Thread" daemon [_thread_blocked, id=10060, stack(0x0000000015e10000,0x0000000015f10000)]
  0x0000000015305800 JavaThread "C1 CompilerThread3" daemon [_thread_blocked, id=8888, stack(0x0000000015d10000,0x0000000015e10000)]
  0x00000000152ff800 JavaThread "C2 CompilerThread2" daemon [_thread_blocked, id=6688, stack(0x0000000015c10000,0x0000000015d10000)]
=>0x00000000152fc800 JavaThread "C2 CompilerThread1" daemon [_thread_in_native, id=8920, stack(0x0000000015b10000,0x0000000015c10000)]
  0x00000000152fa000 JavaThread "C2 CompilerThread0" daemon [_thread_blocked, id=9860, stack(0x0000000015a10000,0x0000000015b10000)]
  0x00000000152f8800 JavaThread "Attach Listener" daemon [_thread_blocked, id=984, stack(0x0000000015910000,0x0000000015a10000)]
  0x00000000152a6000 JavaThread "Signal Dispatcher" daemon [_thread_blocked, id=6132, stack(0x0000000015810000,0x0000000015910000)]
  0x0000000002b5e000 JavaThread "Finalizer" daemon [_thread_blocked, id=10892, stack(0x0000000015670000,0x0000000015770000)]
  0x0000000002b57000 JavaThread "Reference Handler" daemon [_thread_blocked, id=7908, stack(0x0000000015170000,0x0000000015270000)]
  0x0000000002bad800 JavaThread "main" [_thread_in_native, id=13260, stack(0x00000000025f0000,0x00000000026f0000)]

Other Threads:
  0x00000000133a5000 VMThread [stack: 0x0000000015070000,0x0000000015170000] [id=8432]
  0x000000001530d000 WatcherThread [stack: 0x0000000015f10000,0x0000000016010000] [id=2896]

VM state:not at safepoint (normal execution)

VM Mutex/Monitor currently owned by a thread: None

Heap:
 PSYoungGen      total 18944K, used 18139K [0x00000000feb00000, 0x0000000100000000, 0x0000000100000000)
  eden space 16384K, 95% used [0x00000000feb00000,0x00000000ffa39f00,0x00000000ffb00000)
  from space 2560K, 99% used [0x00000000ffd80000,0x00000000ffffce20,0x0000000100000000)
  to   space 2560K, 0% used [0x00000000ffb00000,0x00000000ffb00000,0x00000000ffd80000)
 ParOldGen       total 44032K, used 5864K [0x00000000fc000000, 0x00000000feb00000, 0x00000000feb00000)
  object space 44032K, 13% used [0x00000000fc000000,0x00000000fc5ba128,0x00000000feb00000)
 Metaspace       used 7693K, capacity 7906K, committed 8192K, reserved 1056768K
  class space    used 875K, capacity 957K, committed 1024K, reserved 1048576K

Card table byte_map: [0x0000000002b70000,0x0000000002ba0000] byte_map_base: 0x0000000002390000

Marking Bits: (ParMarkBitMap*) 0x000000005d303950
 Begin Bits: [0x0000000012790000, 0x0000000012890000)
 End Bits:   [0x0000000012890000, 0x0000000012990000)

Polling page: 0x0000000002a40000

CodeCache: size=245760Kb used=3923Kb max_used=3933Kb free=241836Kb
 bounds [0x0000000002bb0000, 0x0000000002f90000, 0x0000000011bb0000]
 total_blobs=1393 nmethods=1059 adapters=248
 compilation: enabled

Compilation events (10 events):
Event: 3.795 Thread 0x00000000152ff800 nmethod 1050 0x0000000002f820d0 code [0x0000000002f82280, 0x0000000002f82998]
Event: 3.795 Thread 0x00000000152ff800 1051       4       org.objectweb.asm.MethodWriter::visitLineNumber (50 bytes)
Event: 3.799 Thread 0x00000000152ff800 nmethod 1051 0x0000000002f830d0 code [0x0000000002f83240, 0x0000000002f836b8]
Event: 3.799 Thread 0x00000000152ff800 1058       4       org.objectweb.asm.ClassReader::a (162 bytes)
Event: 3.808 Thread 0x00000000152ff800 nmethod 1058 0x0000000002f83a90 code [0x0000000002f83c60, 0x0000000002f84488]
Event: 3.808 Thread 0x00000000152ff800 1059       4       java.util.ArrayList::get (11 bytes)
Event: 3.809 Thread 0x00000000152ff800 nmethod 1059 0x0000000002f714d0 code [0x0000000002f71600, 0x0000000002f716b8]
Event: 3.838 Thread 0x00000000152fa000 nmethod 1049 0x0000000002f877d0 code [0x0000000002f87ae0, 0x0000000002f89cf8]
Event: 3.842 Thread 0x0000000015305800 1060       3       java.util.LinkedHashMap$LinkedHashIterator::hasNext (13 bytes)
Event: 3.842 Thread 0x0000000015305800 nmethod 1060 0x0000000002f72950 code [0x0000000002f72aa0, 0x0000000002f72c50]

GC Heap History (4 events):
Event: 1.384 GC heap before
{Heap before GC invocations=1 (full 0):
 PSYoungGen      total 18944K, used 16384K [0x00000000feb00000, 0x0000000100000000, 0x0000000100000000)
  eden space 16384K, 100% used [0x00000000feb00000,0x00000000ffb00000,0x00000000ffb00000)
  from space 2560K, 0% used [0x00000000ffd80000,0x00000000ffd80000,0x0000000100000000)
  to   space 2560K, 0% used [0x00000000ffb00000,0x00000000ffb00000,0x00000000ffd80000)
 ParOldGen       total 44032K, used 0K [0x00000000fc000000, 0x00000000feb00000, 0x00000000feb00000)
  object space 44032K, 0% used [0x00000000fc000000,0x00000000fc000000,0x00000000feb00000)
 Metaspace       used 6617K, capacity 6736K, committed 7040K, reserved 1056768K
  class space    used 773K, capacity 824K, committed 896K, reserved 1048576K
Event: 1.441 GC heap after
Heap after GC invocations=1 (full 0):
 PSYoungGen      total 18944K, used 2537K [0x00000000feb00000, 0x0000000100000000, 0x0000000100000000)
  eden space 16384K, 0% used [0x00000000feb00000,0x00000000feb00000,0x00000000ffb00000)
  from space 2560K, 99% used [0x00000000ffb00000,0x00000000ffd7a620,0x00000000ffd80000)
  to   space 2560K, 0% used [0x00000000ffd80000,0x00000000ffd80000,0x0000000100000000)
 ParOldGen       total 44032K, used 1555K [0x00000000fc000000, 0x00000000feb00000, 0x00000000feb00000)
  object space 44032K, 3% used [0x00000000fc000000,0x00000000fc184c40,0x00000000feb00000)
 Metaspace       used 6617K, capacity 6736K, committed 7040K, reserved 1056768K
  class space    used 773K, capacity 824K, committed 896K, reserved 1048576K
}
Event: 1.910 GC heap before
{Heap before GC invocations=2 (full 0):
 PSYoungGen      total 18944K, used 18921K [0x00000000feb00000, 0x0000000100000000, 0x0000000100000000)
  eden space 16384K, 100% used [0x00000000feb00000,0x00000000ffb00000,0x00000000ffb00000)
  from space 2560K, 99% used [0x00000000ffb00000,0x00000000ffd7a620,0x00000000ffd80000)
  to   space 2560K, 0% used [0x00000000ffd80000,0x00000000ffd80000,0x0000000100000000)
 ParOldGen       total 44032K, used 1555K [0x00000000fc000000, 0x00000000feb00000, 0x00000000feb00000)
  object space 44032K, 3% used [0x00000000fc000000,0x00000000fc184c40,0x00000000feb00000)
 Metaspace       used 6964K, capacity 7106K, committed 7296K, reserved 1056768K
  class space    used 816K, capacity 861K, committed 896K, reserved 1048576K
Event: 1.937 GC heap after
Heap after GC invocations=2 (full 0):
 PSYoungGen      total 18944K, used 2547K [0x00000000feb00000, 0x0000000100000000, 0x0000000100000000)
  eden space 16384K, 0% used [0x00000000feb00000,0x00000000feb00000,0x00000000ffb00000)
  from space 2560K, 99% used [0x00000000ffd80000,0x00000000ffffce20,0x0000000100000000)
  to   space 2560K, 0% used [0x00000000ffb00000,0x00000000ffb00000,0x00000000ffd80000)
 ParOldGen       total 44032K, used 5864K [0x00000000fc000000, 0x00000000feb00000, 0x00000000feb00000)
  object space 44032K, 13% used [0x00000000fc000000,0x00000000fc5ba128,0x00000000feb00000)
 Metaspace       used 6964K, capacity 7106K, committed 7296K, reserved 1056768K
  class space    used 816K, capacity 861K, committed 896K, reserved 1048576K
}

Deoptimization events (10 events):
Event: 1.250 Thread 0x0000000002bad800 Uncommon trap: reason=unstable_if action=reinterpret pc=0x0000000002dea900 method=java.util.zip.ZipCoder.decoder()Ljava/nio/charset/CharsetDecoder; @ 4
Event: 1.251 Thread 0x0000000002bad800 Uncommon trap: reason=unstable_if action=reinterpret pc=0x0000000002de83ec method=java.util.zip.ZipCoder.decoder()Ljava/nio/charset/CharsetDecoder; @ 4
Event: 1.469 Thread 0x0000000002bad800 Uncommon trap: reason=unstable_if action=reinterpret pc=0x0000000002df3388 method=java.util.HashMap$HashIterator.nextNode()Ljava/util/HashMap$Node; @ 74
Event: 1.503 Thread 0x0000000002bad800 Uncommon trap: reason=unstable_if action=reinterpret pc=0x0000000002ddfc18 method=java.util.zip.ZipFile.getZipEntry(Ljava/lang/String;J)Ljava/util/zip/ZipEntry; @ 19
Event: 1.648 Thread 0x0000000002bad800 Uncommon trap: reason=unstable_if action=reinterpret pc=0x0000000002de3888 method=java.util.HashMap$HashIterator.nextNode()Ljava/util/HashMap$Node; @ 74
Event: 1.814 Thread 0x0000000002bad800 Uncommon trap: reason=unloaded action=reinterpret pc=0x0000000002dd8f3c method=java.util.zip.ZipEntry.setExtra0([BZ)V @ 37
Event: 3.365 Thread 0x0000000002bad800 Uncommon trap: reason=unstable_if action=reinterpret pc=0x0000000002ebf458 method=java.lang.String.<init>([CII)V @ 18
Event: 3.771 Thread 0x0000000002bad800 Uncommon trap: reason=unstable_if action=reinterpret pc=0x0000000002f6a474 method=org.objectweb.asm.tree.MethodNode.getLabelNodes([Ljava/lang/Object;)[Ljava/lang/Object; @ 24
Event: 3.771 Thread 0x0000000002bad800 Uncommon trap: reason=unstable_if action=reinterpret pc=0x0000000002f3cc10 method=org.objectweb.asm.MethodWriter.visitVarInsn(II)V @ 148
Event: 3.773 Thread 0x0000000002bad800 Uncommon trap: reason=unstable_if action=reinterpret pc=0x0000000002ef88f4 method=org.objectweb.asm.MethodWriter.visitVarInsn(II)V @ 136

Classes redefined (0 events):
No events

Internal exceptions (10 events):
Event: 1.948 Thread 0x0000000002bad800 Exception <a 'sun/nio/fs/WindowsException'> (0x00000000febd52f0) thrown at [D:\src\AOSP-openjdk-cygwin\jdk8u\hotspot\src\share\vm\prims\jni.cpp, line 709]
Event: 1.948 Thread 0x0000000002bad800 Exception <a 'sun/nio/fs/WindowsException'> (0x00000000febd5848) thrown at [D:\src\AOSP-openjdk-cygwin\jdk8u\hotspot\src\share\vm\prims\jni.cpp, line 709]
Event: 2.885 Thread 0x0000000002bad800 Exception <a 'sun/nio/fs/WindowsException'> (0x00000000fee0cd90) thrown at [D:\src\AOSP-openjdk-cygwin\jdk8u\hotspot\src\share\vm\prims\jni.cpp, line 709]
Event: 3.252 Thread 0x0000000002bad800 Exception <a 'sun/nio/fs/WindowsException'> (0x00000000fee0d268) thrown at [D:\src\AOSP-openjdk-cygwin\jdk8u\hotspot\src\share\vm\prims\jni.cpp, line 709]
Event: 3.759 Thread 0x0000000002bad800 Exception <a 'sun/nio/fs/WindowsException'> (0x00000000ff916058) thrown at [D:\src\AOSP-openjdk-cygwin\jdk8u\hotspot\src\share\vm\prims\jni.cpp, line 709]
Event: 3.759 Thread 0x0000000002bad800 Exception <a 'sun/nio/fs/WindowsException'> (0x00000000ff916530) thrown at [D:\src\AOSP-openjdk-cygwin\jdk8u\hotspot\src\share\vm\prims\jni.cpp, line 709]
Event: 3.844 Thread 0x0000000002bad800 Exception <a 'sun/nio/fs/WindowsException'> (0x00000000ffa1b2c0) thrown at [D:\src\AOSP-openjdk-cygwin\jdk8u\hotspot\src\share\vm\prims\jni.cpp, line 709]
Event: 3.945 Thread 0x0000000002bad800 Exception <a 'sun/nio/fs/WindowsException'> (0x00000000ffa1b798) thrown at [D:\src\AOSP-openjdk-cygwin\jdk8u\hotspot\src\share\vm\prims\jni.cpp, line 709]
Event: 4.199 Thread 0x0000000002bad800 Exception <a 'sun/nio/fs/WindowsException'> (0x00000000ffa1ec40) thrown at [D:\src\AOSP-openjdk-cygwin\jdk8u\hotspot\src\share\vm\prims\jni.cpp, line 709]
Event: 4.199 Thread 0x0000000002bad800 Exception <a 'sun/nio/fs/WindowsException'> (0x00000000ffa1f118) thrown at [D:\src\AOSP-openjdk-cygwin\jdk8u\hotspot\src\share\vm\prims\jni.cpp, line 709]

Events (10 events):
Event: 3.771 Thread 0x0000000002bad800 DEOPT PACKING pc=0x0000000002f6a474 sp=0x00000000026ee6b0
Event: 3.771 Thread 0x0000000002bad800 DEOPT UNPACKING pc=0x0000000002bf556a sp=0x00000000026ee640 mode 2
Event: 3.771 Thread 0x0000000002bad800 Uncommon trap: trap_request=0xffffff65 fr.pc=0x0000000002f3cc10
Event: 3.771 Thread 0x0000000002bad800 DEOPT PACKING pc=0x0000000002f3cc10 sp=0x00000000026ee950
Event: 3.772 Thread 0x0000000002bad800 DEOPT UNPACKING pc=0x0000000002bf556a sp=0x00000000026ee838 mode 2
Event: 3.773 Thread 0x0000000002bad800 Uncommon trap: trap_request=0xffffff65 fr.pc=0x0000000002ef88f4
Event: 3.773 Thread 0x0000000002bad800 DEOPT PACKING pc=0x0000000002ef88f4 sp=0x00000000026ee8c0
Event: 3.773 Thread 0x0000000002bad800 DEOPT UNPACKING pc=0x0000000002bf556a sp=0x00000000026ee820 mode 2
Event: 4.188 Executing VM operation: EnableBiasedLocking
Event: 4.188 Executing VM operation: EnableBiasedLocking done


Dynamic libraries:
0x00007ff6199f0000 - 0x00007ff619a21000 	C:\Program Files\Android\Android Studio\jre\bin\java.exe
0x00007ff98de30000 - 0x00007ff98e011000 	C:\WINDOWS\SYSTEM32\ntdll.dll
0x00007ff98c160000 - 0x00007ff98c212000 	C:\WINDOWS\System32\KERNEL32.DLL
0x00007ff98a400000 - 0x00007ff98a673000 	C:\WINDOWS\System32\KERNELBASE.dll
0x00007ff98b860000 - 0x00007ff98b901000 	C:\WINDOWS\System32\ADVAPI32.dll
0x00007ff98bd20000 - 0x00007ff98bdbe000 	C:\WINDOWS\System32\msvcrt.dll
0x00007ff98b910000 - 0x00007ff98b96b000 	C:\WINDOWS\System32\sechost.dll
0x00007ff98b3b0000 - 0x00007ff98b4d4000 	C:\WINDOWS\System32\RPCRT4.dll
0x00007ff98b9f0000 - 0x00007ff98bb80000 	C:\WINDOWS\System32\USER32.dll
0x00007ff98b2a0000 - 0x00007ff98b2c0000 	C:\WINDOWS\System32\win32u.dll
0x00007ff98b380000 - 0x00007ff98b3a8000 	C:\WINDOWS\System32\GDI32.dll
0x00007ff98b060000 - 0x00007ff98b1f2000 	C:\WINDOWS\System32\gdi32full.dll
0x00007ff98b200000 - 0x00007ff98b29f000 	C:\WINDOWS\System32\msvcp_win.dll
0x00007ff98a300000 - 0x00007ff98a3fa000 	C:\WINDOWS\System32\ucrtbase.dll
0x00007ff97d610000 - 0x00007ff97d879000 	C:\WINDOWS\WinSxS\amd64_microsoft.windows.common-controls_6595b64144ccf1df_6.0.17134.48_none_b4b2216a3cb4dd3e\COMCTL32.dll
0x00007ff98bdd0000 - 0x00007ff98c0f3000 	C:\WINDOWS\System32\combase.dll
0x00007ff98adf0000 - 0x00007ff98ae6a000 	C:\WINDOWS\System32\bcryptPrimitives.dll
0x00007ff98b5c0000 - 0x00007ff98b5ed000 	C:\WINDOWS\System32\IMM32.DLL
0x000000005ca60000 - 0x000000005cb32000 	C:\Program Files\Android\Android Studio\jre\jre\bin\msvcr100.dll
0x000000005cb40000 - 0x000000005d37e000 	C:\Program Files\Android\Android Studio\jre\jre\bin\server\jvm.dll
0x00007ff98b5b0000 - 0x00007ff98b5b8000 	C:\WINDOWS\System32\PSAPI.DLL
0x00007ff985c60000 - 0x00007ff985c69000 	C:\WINDOWS\SYSTEM32\WSOCK32.dll
0x00007ff98b970000 - 0x00007ff98b9dc000 	C:\WINDOWS\System32\WS2_32.dll
0x00007ff987c20000 - 0x00007ff987c43000 	C:\WINDOWS\SYSTEM32\WINMM.dll
0x00007ff982480000 - 0x00007ff98248a000 	C:\WINDOWS\SYSTEM32\VERSION.dll
0x00007ff987620000 - 0x00007ff98764a000 	C:\WINDOWS\SYSTEM32\WINMMBASE.dll
0x00007ff98a2b0000 - 0x00007ff98a2f9000 	C:\WINDOWS\System32\cfgmgr32.dll
0x00007ff96ba40000 - 0x00007ff96ba4f000 	C:\Program Files\Android\Android Studio\jre\jre\bin\verify.dll
0x00007ff96ba10000 - 0x00007ff96ba39000 	C:\Program Files\Android\Android Studio\jre\jre\bin\java.dll
0x00007ff96b9f0000 - 0x00007ff96ba06000 	C:\Program Files\Android\Android Studio\jre\jre\bin\zip.dll
0x00007ff98c2a0000 - 0x00007ff98d6e0000 	C:\WINDOWS\System32\SHELL32.dll
0x00007ff98b4e0000 - 0x00007ff98b589000 	C:\WINDOWS\System32\shcore.dll
0x00007ff98a680000 - 0x00007ff98ad8d000 	C:\WINDOWS\System32\windows.storage.dll
0x00007ff98b320000 - 0x00007ff98b371000 	C:\WINDOWS\System32\shlwapi.dll
0x00007ff98a170000 - 0x00007ff98a181000 	C:\WINDOWS\System32\kernel.appcore.dll
0x00007ff98a190000 - 0x00007ff98a1af000 	C:\WINDOWS\System32\profapi.dll
0x00007ff98a1b0000 - 0x00007ff98a1fc000 	C:\WINDOWS\System32\powrprof.dll
0x00007ff98a160000 - 0x00007ff98a16a000 	C:\WINDOWS\System32\FLTLIB.DLL
0x00007ff989b70000 - 0x00007ff989b87000 	C:\WINDOWS\SYSTEM32\CRYPTSP.dll
0x00007ff9895a0000 - 0x00007ff9895d3000 	C:\WINDOWS\system32\rsaenh.dll
0x00007ff989ca0000 - 0x00007ff989cc5000 	C:\WINDOWS\SYSTEM32\bcrypt.dll
0x00007ff98a040000 - 0x00007ff98a068000 	C:\WINDOWS\SYSTEM32\USERENV.dll
0x00007ff989b90000 - 0x00007ff989b9b000 	C:\WINDOWS\SYSTEM32\CRYPTBASE.dll
0x00007ff96b9d0000 - 0x00007ff96b9ea000 	C:\Program Files\Android\Android Studio\jre\jre\bin\net.dll
0x00007ff9899c0000 - 0x00007ff989a26000 	C:\WINDOWS\system32\mswsock.dll
0x00007ff989740000 - 0x00007ff989778000 	C:\WINDOWS\SYSTEM32\IPHLPAPI.DLL
0x00007ff98bdc0000 - 0x00007ff98bdc8000 	C:\WINDOWS\System32\NSI.dll
0x00007ff982c80000 - 0x00007ff982c96000 	C:\WINDOWS\SYSTEM32\dhcpcsvc6.DLL
0x00007ff982c60000 - 0x00007ff982c7a000 	C:\WINDOWS\SYSTEM32\dhcpcsvc.DLL
0x00007ff967fc0000 - 0x00007ff967fd1000 	C:\Program Files\Android\Android Studio\jre\jre\bin\nio.dll

VM Arguments:
jvm_args: -Djava.awt.headless=true -Xmx64M -Dfile.encoding=x-windows-949 -Duser.country=KR -Duser.language=ko -Duser.variant 
java_command: com.google.devtools.build.android.desugar.Desugar @D:\test\app\build\intermediates\tmp\desugar_args4415025782702331022
java_class_path (initial): C:\Users\Goo\AppData\Local\Temp\desugar_deploy.jar3189730495422438638
Launcher Type: SUN_STANDARD

Environment Variables:
PATH=C:\ProgramData\Oracle\Java\javapath;C:\WINDOWS\system32;C:\WINDOWS;C:\WINDOWS\System32\Wbem;C:\WINDOWS\System32\WindowsPowerShell\v1.0\;C:\OpenSSL;;C:\WINDOWS\System32\OpenSSH\;C:\Users\Goo\AppData\Local\Microsoft\WindowsApps;
USERNAME=Goo
OS=Windows_NT
PROCESSOR_IDENTIFIER=Intel64 Family 6 Model 158 Stepping 9, GenuineIntel



---------------  S Y S T E M  ---------------

OS: Windows 10.0 , 64 bit Build 17134 (10.0.17134.1)

CPU:total 8 (initial active 8) (4 cores per cpu, 2 threads per core) family 6 model 158 stepping 9, cmov, cx8, fxsr, mmx, sse, sse2, sse3, ssse3, sse4.1, sse4.2, popcnt, avx, avx2, aes, clmul, erms, 3dnowpref, lzcnt, ht, tsc, tscinvbit, bmi1, bmi2, adx

Memory: 4k page, physical 16692940k(4681056k free), swap 16692940k(68k free)

vm_info: OpenJDK 64-Bit Server VM (25.152-b01) for windows-amd64 JRE (1.8.0_152-release-915-b01), built by "builder" with MS VC++ 10.0 (VS2010)

time: Mon Jun 11 01:47:13 2018
elapsed time: 4 seconds (0d 0h 0m 4s)

