#
# There is insufficient memory for the Java Runtime Environment to continue.
# Native memory allocation (malloc) failed to allocate 32784 bytes for Chunk::new
# Possible reasons:
#   The system is out of physical RAM or swap space
#   In 32 bit mode, the process size limit was hit
# Possible solutions:
#   Reduce memory load on the system
#   Increase physical memory or swap space
#   Check if swap backing store is full
#   Use 64 bit Java on a 64 bit OS
#   Decrease Java heap size (-Xmx/-Xms)
#   Decrease number of Java threads
#   Decrease Java thread stack sizes (-Xss)
#   Set larger code cache with -XX:ReservedCodeCacheSize=
# This output file may be truncated or incomplete.
#
#  Out of Memory Error (allocation.cpp:390), pid=5908, tid=0x00000000000001c0
#
# JRE version: OpenJDK Runtime Environment (8.0_152-b01) (build 1.8.0_152-release-915-b01)
# Java VM: OpenJDK 64-Bit Server VM (25.152-b01 mixed mode windows-amd64 compressed oops)
# Failed to write core dump. Minidumps are not enabled by default on client versions of Windows
#

---------------  T H R E A D  ---------------

Current thread (0x0000000014efb000):  JavaThread "C2 CompilerThread0" daemon [_thread_in_native, id=448, stack(0x0000000015660000,0x0000000015760000)]

Stack: [0x0000000015660000,0x0000000015760000]
[error occurred during error reporting (printing stack bounds), id 0xc0000005]

Native frames: (J=compiled Java code, j=interpreted, Vv=VM code, C=native code)


Current CompileTask:
C2:   1867  852       4       org.objectweb.asm.ClassReader::readUTF8 (60 bytes)


---------------  P R O C E S S  ---------------

Java Threads: ( => current thread )
  0x0000000014fb7000 JavaThread "Service Thread" daemon [_thread_blocked, id=8476, stack(0x0000000015a60000,0x0000000015b60000)]
  0x0000000014f56000 JavaThread "C1 CompilerThread3" daemon [_thread_in_native, id=248, stack(0x0000000015960000,0x0000000015a60000)]
  0x0000000014f53000 JavaThread "C2 CompilerThread2" daemon [_thread_in_native, id=2300, stack(0x0000000015860000,0x0000000015960000)]
  0x0000000012feb000 JavaThread "C2 CompilerThread1" daemon [_thread_in_native, id=8504, stack(0x0000000015760000,0x0000000015860000)]
=>0x0000000014efb000 JavaThread "C2 CompilerThread0" daemon [_thread_in_native, id=448, stack(0x0000000015660000,0x0000000015760000)]
  0x0000000014ef9800 JavaThread "Attach Listener" daemon [_thread_blocked, id=8516, stack(0x0000000015560000,0x0000000015660000)]
  0x0000000014f50000 JavaThread "Signal Dispatcher" daemon [_thread_blocked, id=9844, stack(0x0000000015460000,0x0000000015560000)]
  0x0000000014ee0800 JavaThread "Finalizer" daemon [_thread_blocked, id=1952, stack(0x00000000152c0000,0x00000000153c0000)]
  0x00000000027e7000 JavaThread "Reference Handler" daemon [_thread_blocked, id=9740, stack(0x0000000014dc0000,0x0000000014ec0000)]
  0x000000000222d800 JavaThread "main" [_thread_in_native, id=8804, stack(0x00000000025f0000,0x00000000026f0000)]

Other Threads:
  0x0000000012fd5800 VMThread [stack: 0x0000000014cc0000,0x0000000014dc0000] [id=5880]
  0x0000000014fbb800 WatcherThread [stack: 0x0000000015b60000,0x0000000015c60000] [id=8540]

VM state:not at safepoint (normal execution)

VM Mutex/Monitor currently owned by a thread: None

Heap:
 PSYoungGen      total 18944K, used 5830K [0x00000000feb00000, 0x0000000100000000, 0x0000000100000000)
  eden space 16384K, 20% used [0x00000000feb00000,0x00000000fee34d48,0x00000000ffb00000)
  from space 2560K, 99% used [0x00000000ffd80000,0x00000000ffffce10,0x0000000100000000)
  to   space 2560K, 0% used [0x00000000ffb00000,0x00000000ffb00000,0x00000000ffd80000)
 ParOldGen       total 44032K, used 5880K [0x00000000fc000000, 0x00000000feb00000, 0x00000000feb00000)
  object space 44032K, 13% used [0x00000000fc000000,0x00000000fc5be270,0x00000000feb00000)
 Metaspace       used 7522K, capacity 7722K, committed 7936K, reserved 1056768K
  class space    used 874K, capacity 957K, committed 1024K, reserved 1048576K

Card table byte_map: [0x0000000002270000,0x00000000022a0000] byte_map_base: 0x0000000001a90000

Marking Bits: (ParMarkBitMap*) 0x00000000673d3950
 Begin Bits: [0x00000000123d0000, 0x00000000124d0000)
 End Bits:   [0x00000000124d0000, 0x00000000125d0000)

Polling page: 0x0000000000930000

CodeCache: size=245760Kb used=2984Kb max_used=2995Kb free=242775Kb
 bounds [0x00000000027f0000, 0x0000000002ae0000, 0x00000000117f0000]
 total_blobs=1179 nmethods=844 adapters=248
 compilation: enabled

Compilation events (10 events):
Event: 1.857 Thread 0x0000000014f56000  843       3       org.objectweb.asm.MethodWriter::visitInsn (114 bytes)
Event: 1.857 Thread 0x0000000014f56000 nmethod 843 0x0000000002ad9fd0 code [0x0000000002ada180, 0x0000000002ada668]
Event: 1.857 Thread 0x0000000014f56000  844       3       org.objectweb.asm.Type::getArgumentsAndReturnSizes (151 bytes)
Event: 1.858 Thread 0x0000000014f56000 nmethod 844 0x0000000002ada850 code [0x0000000002adaa80, 0x0000000002adb818]
Event: 1.858 Thread 0x0000000014f56000  845       3       org.objectweb.asm.ClassReader::a (3587 bytes)
Event: 1.860 Thread 0x0000000014efb000  852       4       org.objectweb.asm.ClassReader::readUTF8 (60 bytes)
Event: 1.861 Thread 0x0000000014f53000  853       4       org.objectweb.asm.ClassReader::readInt (52 bytes)
Event: 1.861 Thread 0x0000000012feb000  854       4       org.objectweb.asm.ClassReader::a (194 bytes)
Event: 1.862 Thread 0x0000000014f53000 nmethod 853 0x0000000002adea50 code [0x0000000002adeb80, 0x0000000002adec78]
Event: 1.863 Thread 0x0000000014f53000  857       4       org.objectweb.asm.ByteVector::putUTF8 (142 bytes)

GC Heap History (4 events):
Event: 1.336 GC heap before
{Heap before GC invocations=1 (full 0):
 PSYoungGen      total 18944K, used 16384K [0x00000000feb00000, 0x0000000100000000, 0x0000000100000000)
  eden space 16384K, 100% used [0x00000000feb00000,0x00000000ffb00000,0x00000000ffb00000)
  from space 2560K, 0% used [0x00000000ffd80000,0x00000000ffd80000,0x0000000100000000)
  to   space 2560K, 0% used [0x00000000ffb00000,0x00000000ffb00000,0x00000000ffd80000)
 ParOldGen       total 44032K, used 0K [0x00000000fc000000, 0x00000000feb00000, 0x00000000feb00000)
  object space 44032K, 0% used [0x00000000fc000000,0x00000000fc000000,0x00000000feb00000)
 Metaspace       used 6633K, capacity 6808K, committed 7040K, reserved 1056768K
  class space    used 774K, capacity 824K, committed 896K, reserved 1048576K
Event: 1.348 GC heap after
Heap after GC invocations=1 (full 0):
 PSYoungGen      total 18944K, used 2537K [0x00000000feb00000, 0x0000000100000000, 0x0000000100000000)
  eden space 16384K, 0% used [0x00000000feb00000,0x00000000feb00000,0x00000000ffb00000)
  from space 2560K, 99% used [0x00000000ffb00000,0x00000000ffd7a620,0x00000000ffd80000)
  to   space 2560K, 0% used [0x00000000ffd80000,0x00000000ffd80000,0x0000000100000000)
 ParOldGen       total 44032K, used 1419K [0x00000000fc000000, 0x00000000feb00000, 0x00000000feb00000)
  object space 44032K, 3% used [0x00000000fc000000,0x00000000fc162d78,0x00000000feb00000)
 Metaspace       used 6633K, capacity 6808K, committed 7040K, reserved 1056768K
  class space    used 774K, capacity 824K, committed 896K, reserved 1048576K
}
Event: 1.704 GC heap before
{Heap before GC invocations=2 (full 0):
 PSYoungGen      total 18944K, used 18921K [0x00000000feb00000, 0x0000000100000000, 0x0000000100000000)
  eden space 16384K, 100% used [0x00000000feb00000,0x00000000ffb00000,0x00000000ffb00000)
  from space 2560K, 99% used [0x00000000ffb00000,0x00000000ffd7a620,0x00000000ffd80000)
  to   space 2560K, 0% used [0x00000000ffd80000,0x00000000ffd80000,0x0000000100000000)
 ParOldGen       total 44032K, used 1419K [0x00000000fc000000, 0x00000000feb00000, 0x00000000feb00000)
  object space 44032K, 3% used [0x00000000fc000000,0x00000000fc162d78,0x00000000feb00000)
 Metaspace       used 6977K, capacity 7114K, committed 7296K, reserved 1056768K
  class space    used 816K, capacity 861K, committed 896K, reserved 1048576K
Event: 1.713 GC heap after
Heap after GC invocations=2 (full 0):
 PSYoungGen      total 18944K, used 2547K [0x00000000feb00000, 0x0000000100000000, 0x0000000100000000)
  eden space 16384K, 0% used [0x00000000feb00000,0x00000000feb00000,0x00000000ffb00000)
  from space 2560K, 99% used [0x00000000ffd80000,0x00000000ffffce10,0x0000000100000000)
  to   space 2560K, 0% used [0x00000000ffb00000,0x00000000ffb00000,0x00000000ffd80000)
 ParOldGen       total 44032K, used 5880K [0x00000000fc000000, 0x00000000feb00000, 0x00000000feb00000)
  object space 44032K, 13% used [0x00000000fc000000,0x00000000fc5be270,0x00000000feb00000)
 Metaspace       used 6977K, capacity 7114K, committed 7296K, reserved 1056768K
  class space    used 816K, capacity 861K, committed 896K, reserved 1048576K
}

Deoptimization events (10 events):
Event: 1.259 Thread 0x000000000222d800 Uncommon trap: reason=unstable_if action=reinterpret pc=0x0000000002a37338 method=java.util.zip.ZipCoder.decoder()Ljava/nio/charset/CharsetDecoder; @ 4
Event: 1.261 Thread 0x000000000222d800 Uncommon trap: reason=unstable_if action=reinterpret pc=0x0000000002a2ccdc method=java.util.zip.ZipFile$ZipEntryIterator.hasNext()Z @ 25
Event: 1.261 Thread 0x000000000222d800 Uncommon trap: reason=unstable_if action=reinterpret pc=0x0000000002a34f2c method=java.util.zip.ZipCoder.decoder()Ljava/nio/charset/CharsetDecoder; @ 4
Event: 1.368 Thread 0x000000000222d800 Uncommon trap: reason=unstable_if action=reinterpret pc=0x0000000002a3beec method=java.util.zip.ZipCoder.decoder()Ljava/nio/charset/CharsetDecoder; @ 4
Event: 1.369 Thread 0x000000000222d800 Uncommon trap: reason=unstable_if action=reinterpret pc=0x0000000002a2f2d8 method=java.util.zip.ZipCoder.decoder()Ljava/nio/charset/CharsetDecoder; @ 4
Event: 1.374 Thread 0x000000000222d800 Uncommon trap: reason=unstable_if action=reinterpret pc=0x0000000002a2ad80 method=java.util.zip.ZipCoder.decoder()Ljava/nio/charset/CharsetDecoder; @ 4
Event: 1.380 Thread 0x000000000222d800 Uncommon trap: reason=unstable_if action=reinterpret pc=0x0000000002a503c8 method=java.util.HashMap$HashIterator.nextNode()Ljava/util/HashMap$Node; @ 74
Event: 1.474 Thread 0x000000000222d800 Uncommon trap: reason=unstable_if action=reinterpret pc=0x0000000002a49d08 method=java.util.HashMap$HashIterator.nextNode()Ljava/util/HashMap$Node; @ 74
Event: 1.656 Thread 0x000000000222d800 Uncommon trap: reason=unloaded action=reinterpret pc=0x0000000002a2b3bc method=java.util.zip.ZipEntry.setExtra0([BZ)V @ 37
Event: 1.765 Thread 0x000000000222d800 Uncommon trap: reason=unstable_if action=reinterpret pc=0x0000000002980b78 method=java.lang.String.<init>([CII)V @ 18

Classes redefined (0 events):
No events

Internal exceptions (10 events):
Event: 1.374 Thread 0x000000000222d800 Implicit null exception at 0x0000000002a2a93d to 0x0000000002a2ad71
Event: 1.469 Thread 0x000000000222d800 Exception <a 'sun/nio/fs/WindowsException'> (0x00000000ff27eaf8) thrown at [D:\src\AOSP-openjdk-cygwin\jdk8u\hotspot\src\share\vm\prims\jni.cpp, line 709]
Event: 1.469 Thread 0x000000000222d800 Exception <a 'sun/nio/fs/WindowsException'> (0x00000000ff27f0b8) thrown at [D:\src\AOSP-openjdk-cygwin\jdk8u\hotspot\src\share\vm\prims\jni.cpp, line 709]
Event: 1.470 Thread 0x000000000222d800 Exception <a 'sun/nio/fs/WindowsException'> (0x00000000ff27f680) thrown at [D:\src\AOSP-openjdk-cygwin\jdk8u\hotspot\src\share\vm\prims\jni.cpp, line 709]
Event: 1.470 Thread 0x000000000222d800 Exception <a 'sun/nio/fs/WindowsException'> (0x00000000ff27fe40) thrown at [D:\src\AOSP-openjdk-cygwin\jdk8u\hotspot\src\share\vm\prims\jni.cpp, line 709]
Event: 1.470 Thread 0x000000000222d800 Exception <a 'sun/nio/fs/WindowsException'> (0x00000000ff2803e0) thrown at [D:\src\AOSP-openjdk-cygwin\jdk8u\hotspot\src\share\vm\prims\jni.cpp, line 709]
Event: 1.470 Thread 0x000000000222d800 Exception <a 'sun/nio/fs/WindowsException'> (0x00000000ff280b90) thrown at [D:\src\AOSP-openjdk-cygwin\jdk8u\hotspot\src\share\vm\prims\jni.cpp, line 709]
Event: 1.494 Thread 0x000000000222d800 Exception <a 'sun/nio/fs/WindowsException'> (0x00000000ff285ed0) thrown at [D:\src\AOSP-openjdk-cygwin\jdk8u\hotspot\src\share\vm\prims\jni.cpp, line 709]
Event: 1.735 Thread 0x000000000222d800 Exception <a 'sun/nio/fs/WindowsException'> (0x00000000febef110) thrown at [D:\src\AOSP-openjdk-cygwin\jdk8u\hotspot\src\share\vm\prims\jni.cpp, line 709]
Event: 1.735 Thread 0x000000000222d800 Exception <a 'sun/nio/fs/WindowsException'> (0x00000000febef668) thrown at [D:\src\AOSP-openjdk-cygwin\jdk8u\hotspot\src\share\vm\prims\jni.cpp, line 709]

Events (10 events):
Event: 1.835 loading class sun/util/calendar/BaseCalendar$Date done
Event: 1.835 loading class sun/util/calendar/Gregorian$Date done
Event: 1.835 loading class sun/util/calendar/CalendarUtils
Event: 1.835 loading class sun/util/calendar/CalendarUtils done
Event: 1.835 loading class java/util/zip/ZipOutputStream$XEntry
Event: 1.836 loading class java/util/zip/ZipOutputStream$XEntry done
Event: 1.836 loading class org/objectweb/asm/Opcodes
Event: 1.836 loading class org/objectweb/asm/Opcodes done
Event: 1.865 loading class java/util/Vector$Itr
Event: 1.865 loading class java/util/Vector$Itr done


Dynamic libraries:
0x00007ff6c8c60000 - 0x00007ff6c8c91000 	C:\Program Files\Android\Android Studio\jre\bin\java.exe
0x00007ffba9340000 - 0x00007ffba9521000 	C:\WINDOWS\SYSTEM32\ntdll.dll
0x00007ffba6ca0000 - 0x00007ffba6d52000 	C:\WINDOWS\System32\KERNEL32.DLL
0x00007ffba6070000 - 0x00007ffba62e3000 	C:\WINDOWS\System32\KERNELBASE.dll
0x00007ffba9260000 - 0x00007ffba9301000 	C:\WINDOWS\System32\ADVAPI32.dll
0x00007ffba77b0000 - 0x00007ffba784e000 	C:\WINDOWS\System32\msvcrt.dll
0x00007ffba71b0000 - 0x00007ffba720b000 	C:\WINDOWS\System32\sechost.dll
0x00007ffba7580000 - 0x00007ffba76a4000 	C:\WINDOWS\System32\RPCRT4.dll
0x00007ffba7ac0000 - 0x00007ffba7c50000 	C:\WINDOWS\System32\USER32.dll
0x00007ffba5790000 - 0x00007ffba57b0000 	C:\WINDOWS\System32\win32u.dll
0x00007ffba67e0000 - 0x00007ffba6808000 	C:\WINDOWS\System32\GDI32.dll
0x00007ffba6530000 - 0x00007ffba66c2000 	C:\WINDOWS\System32\gdi32full.dll
0x00007ffba5fd0000 - 0x00007ffba606f000 	C:\WINDOWS\System32\msvcp_win.dll
0x00007ffba66d0000 - 0x00007ffba67ca000 	C:\WINDOWS\System32\ucrtbase.dll
0x00007ffb93ad0000 - 0x00007ffb93d39000 	C:\WINDOWS\WinSxS\amd64_microsoft.windows.common-controls_6595b64144ccf1df_6.0.17134.48_none_b4b2216a3cb4dd3e\COMCTL32.dll
0x00007ffba6810000 - 0x00007ffba6b33000 	C:\WINDOWS\System32\combase.dll
0x00007ffba5710000 - 0x00007ffba578a000 	C:\WINDOWS\System32\bcryptPrimitives.dll
0x00007ffba9090000 - 0x00007ffba90bd000 	C:\WINDOWS\System32\IMM32.DLL
0x0000000069530000 - 0x0000000069602000 	C:\Program Files\Android\Android Studio\jre\jre\bin\msvcr100.dll
0x0000000066c10000 - 0x000000006744e000 	C:\Program Files\Android\Android Studio\jre\jre\bin\server\jvm.dll
0x00007ffba91d0000 - 0x00007ffba91d8000 	C:\WINDOWS\System32\PSAPI.DLL
0x00007ffba1d20000 - 0x00007ffba1d29000 	C:\WINDOWS\SYSTEM32\WSOCK32.dll
0x00007ffba7510000 - 0x00007ffba757c000 	C:\WINDOWS\System32\WS2_32.dll
0x00007ffb9d7c0000 - 0x00007ffb9d7ca000 	C:\WINDOWS\SYSTEM32\VERSION.dll
0x00007ffb95780000 - 0x00007ffb957a3000 	C:\WINDOWS\SYSTEM32\WINMM.dll
0x00007ffb95570000 - 0x00007ffb9559a000 	C:\WINDOWS\SYSTEM32\WINMMBASE.dll
0x00007ffba64e0000 - 0x00007ffba6529000 	C:\WINDOWS\System32\cfgmgr32.dll
0x00007ffba1d30000 - 0x00007ffba1d3f000 	C:\Program Files\Android\Android Studio\jre\jre\bin\verify.dll
0x00007ffba1b00000 - 0x00007ffba1b29000 	C:\Program Files\Android\Android Studio\jre\jre\bin\java.dll
0x00007ffb9f450000 - 0x00007ffb9f466000 	C:\Program Files\Android\Android Studio\jre\jre\bin\zip.dll
0x00007ffba7c50000 - 0x00007ffba9090000 	C:\WINDOWS\System32\SHELL32.dll
0x00007ffba9120000 - 0x00007ffba91c9000 	C:\WINDOWS\System32\shcore.dll
0x00007ffba58c0000 - 0x00007ffba5fcd000 	C:\WINDOWS\System32\windows.storage.dll
0x00007ffba90c0000 - 0x00007ffba9111000 	C:\WINDOWS\System32\shlwapi.dll
0x00007ffba5680000 - 0x00007ffba5691000 	C:\WINDOWS\System32\kernel.appcore.dll
0x00007ffba56f0000 - 0x00007ffba570f000 	C:\WINDOWS\System32\profapi.dll
0x00007ffba56a0000 - 0x00007ffba56ec000 	C:\WINDOWS\System32\powrprof.dll
0x00007ffba5650000 - 0x00007ffba565a000 	C:\WINDOWS\System32\FLTLIB.DLL
0x00007ffba5080000 - 0x00007ffba5097000 	C:\WINDOWS\SYSTEM32\CRYPTSP.dll
0x00007ffba4ab0000 - 0x00007ffba4ae3000 	C:\WINDOWS\system32\rsaenh.dll
0x00007ffba51b0000 - 0x00007ffba51d5000 	C:\WINDOWS\SYSTEM32\bcrypt.dll
0x00007ffba5580000 - 0x00007ffba55a8000 	C:\WINDOWS\SYSTEM32\USERENV.dll
0x00007ffba50a0000 - 0x00007ffba50ab000 	C:\WINDOWS\SYSTEM32\CRYPTBASE.dll
0x00007ffb9f430000 - 0x00007ffb9f44a000 	C:\Program Files\Android\Android Studio\jre\jre\bin\net.dll
0x00007ffba4ed0000 - 0x00007ffba4f36000 	C:\WINDOWS\system32\mswsock.dll
0x00007ffba4c50000 - 0x00007ffba4c88000 	C:\WINDOWS\SYSTEM32\IPHLPAPI.DLL
0x00007ffba7430000 - 0x00007ffba7438000 	C:\WINDOWS\System32\NSI.dll
0x00007ffb9a1f0000 - 0x00007ffb9a206000 	C:\WINDOWS\SYSTEM32\dhcpcsvc6.DLL
0x00007ffb9a120000 - 0x00007ffb9a13a000 	C:\WINDOWS\SYSTEM32\dhcpcsvc.DLL
0x00007ffb9f410000 - 0x00007ffb9f421000 	C:\Program Files\Android\Android Studio\jre\jre\bin\nio.dll

VM Arguments:
jvm_args: -Djava.awt.headless=true -Xmx64M -Dfile.encoding=x-windows-949 -Duser.country=KR -Duser.language=ko -Duser.variant 
java_command: com.google.devtools.build.android.desugar.Desugar @D:\test\app\build\intermediates\tmp\desugar_args7402189147194000033
java_class_path (initial): C:\Users\Goo\AppData\Local\Temp\desugar_deploy.jar6166084629044052758
Launcher Type: SUN_STANDARD

Environment Variables:
PATH=C:\ProgramData\Oracle\Java\javapath;C:\WINDOWS\system32;C:\WINDOWS;C:\WINDOWS\System32\Wbem;C:\WINDOWS\System32\WindowsPowerShell\v1.0\;C:\OpenSSL;;C:\WINDOWS\System32\OpenSSH\;C:\Users\Goo\AppData\Local\Microsoft\WindowsApps;
USERNAME=Goo
OS=Windows_NT
PROCESSOR_IDENTIFIER=Intel64 Family 6 Model 158 Stepping 9, GenuineIntel



---------------  S Y S T E M  ---------------

OS: Windows 10.0 , 64 bit Build 17134 (10.0.17134.1)

CPU:total 8 (initial active 8) (4 cores per cpu, 2 threads per core) family 6 model 158 stepping 9, cmov, cx8, fxsr, mmx, sse, sse2, sse3, ssse3, sse4.1, sse4.2, popcnt, avx, avx2, aes, clmul, erms, 3dnowpref, lzcnt, ht, tsc, tscinvbit, bmi1, bmi2, adx

Memory: 4k page, physical 16692940k(4103272k free), swap 16692940k(44k free)

vm_info: OpenJDK 64-Bit Server VM (25.152-b01) for windows-amd64 JRE (1.8.0_152-release-915-b01), built by "builder" with MS VC++ 10.0 (VS2010)

time: Sun May 27 19:03:54 2018
elapsed time: 1 seconds (0d 0h 0m 1s)

