#
# There is insufficient memory for the Java Runtime Environment to continue.
# Native memory allocation (malloc) failed to allocate 1100896 bytes for Chunk::new
# Possible reasons:
#   The system is out of physical RAM or swap space
#   In 32 bit mode, the process size limit was hit
# Possible solutions:
#   Reduce memory load on the system
#   Increase physical memory or swap space
#   Check if swap backing store is full
#   Use 64 bit Java on a 64 bit OS
#   Decrease Java heap size (-Xmx/-Xms)
#   Decrease number of Java threads
#   Decrease Java thread stack sizes (-Xss)
#   Set larger code cache with -XX:ReservedCodeCacheSize=
# This output file may be truncated or incomplete.
#
#  Out of Memory Error (allocation.cpp:390), pid=10532, tid=0x0000000000002aa8
#
# JRE version: OpenJDK Runtime Environment (8.0_152-b01) (build 1.8.0_152-release-915-b01)
# Java VM: OpenJDK 64-Bit Server VM (25.152-b01 mixed mode windows-amd64 compressed oops)
# Failed to write core dump. Minidumps are not enabled by default on client versions of Windows
#

---------------  T H R E A D  ---------------

Current thread (0x0000000014ffb000):  JavaThread "C2 CompilerThread0" daemon [_thread_in_native, id=10920, stack(0x0000000015750000,0x0000000015850000)]

Stack: [0x0000000015750000,0x0000000015850000]
[error occurred during error reporting (printing stack bounds), id 0xc0000005]

Native frames: (J=compiled Java code, j=interpreted, Vv=VM code, C=native code)


Current CompileTask:
C2:   4321 1068       4       org.objectweb.asm.ClassReader::a (3587 bytes)


---------------  P R O C E S S  ---------------

Java Threads: ( => current thread )
  0x00000000150aa800 JavaThread "Service Thread" daemon [_thread_blocked, id=11648, stack(0x0000000015b50000,0x0000000015c50000)]
  0x00000000150a7800 JavaThread "C1 CompilerThread3" daemon [_thread_blocked, id=8136, stack(0x0000000015a50000,0x0000000015b50000)]
  0x00000000150a4800 JavaThread "C2 CompilerThread2" daemon [_thread_blocked, id=8524, stack(0x0000000015950000,0x0000000015a50000)]
  0x000000001509f000 JavaThread "C2 CompilerThread1" daemon [_thread_blocked, id=9108, stack(0x0000000015850000,0x0000000015950000)]
=>0x0000000014ffb000 JavaThread "C2 CompilerThread0" daemon [_thread_in_native, id=10920, stack(0x0000000015750000,0x0000000015850000)]
  0x0000000014ffa000 JavaThread "Attach Listener" daemon [_thread_blocked, id=5628, stack(0x0000000015650000,0x0000000015750000)]
  0x0000000015050000 JavaThread "Signal Dispatcher" daemon [_thread_blocked, id=6928, stack(0x0000000015550000,0x0000000015650000)]
  0x0000000014fe0800 JavaThread "Finalizer" daemon [_thread_blocked, id=9836, stack(0x00000000153c0000,0x00000000154c0000)]
  0x0000000002938000 JavaThread "Reference Handler" daemon [_thread_blocked, id=9436, stack(0x0000000014ec0000,0x0000000014fc0000)]
  0x000000000283d800 JavaThread "main" [_thread_in_native, id=9920, stack(0x00000000026c0000,0x00000000027c0000)]

Other Threads:
  0x00000000130e5000 VMThread [stack: 0x0000000014dc0000,0x0000000014ec0000] [id=9924]
  0x00000000150ab800 WatcherThread [stack: 0x0000000015c50000,0x0000000015d50000] [id=8656]

VM state:not at safepoint (normal execution)

VM Mutex/Monitor currently owned by a thread: None

Heap:
 PSYoungGen      total 18944K, used 6804K [0x00000000feb00000, 0x0000000100000000, 0x0000000100000000)
  eden space 16384K, 26% used [0x00000000feb00000,0x00000000fef2c7c8,0x00000000ffb00000)
  from space 2560K, 98% used [0x00000000ffb00000,0x00000000ffd78b08,0x00000000ffd80000)
  to   space 2560K, 0% used [0x00000000ffd80000,0x00000000ffd80000,0x0000000100000000)
 ParOldGen       total 44032K, used 6893K [0x00000000fc000000, 0x00000000feb00000, 0x00000000feb00000)
  object space 44032K, 15% used [0x00000000fc000000,0x00000000fc6bb400,0x00000000feb00000)
 Metaspace       used 7759K, capacity 7970K, committed 8192K, reserved 1056768K
  class space    used 875K, capacity 957K, committed 1024K, reserved 1048576K

Card table byte_map: [0x0000000002310000,0x0000000002340000] byte_map_base: 0x0000000001b30000

Marking Bits: (ParMarkBitMap*) 0x00000000677e3950
 Begin Bits: [0x0000000012500000, 0x0000000012600000)
 End Bits:   [0x0000000012600000, 0x0000000012700000)

Polling page: 0x0000000000590000

CodeCache: size=245760Kb used=4338Kb max_used=4359Kb free=241421Kb
 bounds [0x0000000002940000, 0x0000000002d90000, 0x0000000011940000]
 total_blobs=1490 nmethods=1155 adapters=248
 compilation: enabled

Compilation events (10 events):
Event: 4.166 Thread 0x00000000150a7800 1154       3       java.util.Vector$Itr::hasNext (20 bytes)
Event: 4.166 Thread 0x00000000150a7800 nmethod 1154 0x0000000002d6f890 code [0x0000000002d6f9e0, 0x0000000002d6fb90]
Event: 4.166 Thread 0x00000000150a7800 1155   !   3       java.util.Vector$Itr::next (63 bytes)
Event: 4.166 Thread 0x00000000150a7800 nmethod 1155 0x0000000002d6e9d0 code [0x0000000002d6eb80, 0x0000000002d6f278]
Event: 4.166 Thread 0x00000000150a7800 1156       3       java.util.zip.ZipOutputStream::writeCEN (514 bytes)
Event: 4.168 Thread 0x00000000150a7800 nmethod 1156 0x0000000002d70490 code [0x0000000002d70880, 0x0000000002d72098]
Event: 4.201 Thread 0x00000000150a4800 nmethod 1067 0x0000000002d76b90 code [0x0000000002d76f00, 0x0000000002d79bf8]
Event: 4.201 Thread 0x00000000150a4800 1149       4       com.google.devtools.build.android.desugar.InterfaceDesugaring$InterfaceInvocationRewriter::visitMethodInsn (279 bytes)
Event: 4.205 Thread 0x00000000150a4800 nmethod 1149 0x0000000002d733d0 code [0x0000000002d73540, 0x0000000002d738f8]
Event: 4.242 Thread 0x000000001509f000 nmethod 1147 0x0000000002d82110 code [0x0000000002d82500, 0x0000000002d84c18]

GC Heap History (6 events):
Event: 1.013 GC heap before
{Heap before GC invocations=1 (full 0):
 PSYoungGen      total 18944K, used 16384K [0x00000000feb00000, 0x0000000100000000, 0x0000000100000000)
  eden space 16384K, 100% used [0x00000000feb00000,0x00000000ffb00000,0x00000000ffb00000)
  from space 2560K, 0% used [0x00000000ffd80000,0x00000000ffd80000,0x0000000100000000)
  to   space 2560K, 0% used [0x00000000ffb00000,0x00000000ffb00000,0x00000000ffd80000)
 ParOldGen       total 44032K, used 0K [0x00000000fc000000, 0x00000000feb00000, 0x00000000feb00000)
  object space 44032K, 0% used [0x00000000fc000000,0x00000000fc000000,0x00000000feb00000)
 Metaspace       used 6622K, capacity 6800K, committed 7040K, reserved 1056768K
  class space    used 774K, capacity 824K, committed 896K, reserved 1048576K
Event: 1.031 GC heap after
Heap after GC invocations=1 (full 0):
 PSYoungGen      total 18944K, used 2537K [0x00000000feb00000, 0x0000000100000000, 0x0000000100000000)
  eden space 16384K, 0% used [0x00000000feb00000,0x00000000feb00000,0x00000000ffb00000)
  from space 2560K, 99% used [0x00000000ffb00000,0x00000000ffd7a620,0x00000000ffd80000)
  to   space 2560K, 0% used [0x00000000ffd80000,0x00000000ffd80000,0x0000000100000000)
 ParOldGen       total 44032K, used 1529K [0x00000000fc000000, 0x00000000feb00000, 0x00000000feb00000)
  object space 44032K, 3% used [0x00000000fc000000,0x00000000fc17e6d8,0x00000000feb00000)
 Metaspace       used 6622K, capacity 6800K, committed 7040K, reserved 1056768K
  class space    used 774K, capacity 824K, committed 896K, reserved 1048576K
}
Event: 1.366 GC heap before
{Heap before GC invocations=2 (full 0):
 PSYoungGen      total 18944K, used 18921K [0x00000000feb00000, 0x0000000100000000, 0x0000000100000000)
  eden space 16384K, 100% used [0x00000000feb00000,0x00000000ffb00000,0x00000000ffb00000)
  from space 2560K, 99% used [0x00000000ffb00000,0x00000000ffd7a620,0x00000000ffd80000)
  to   space 2560K, 0% used [0x00000000ffd80000,0x00000000ffd80000,0x0000000100000000)
 ParOldGen       total 44032K, used 1529K [0x00000000fc000000, 0x00000000feb00000, 0x00000000feb00000)
  object space 44032K, 3% used [0x00000000fc000000,0x00000000fc17e6d8,0x00000000feb00000)
 Metaspace       used 6966K, capacity 7106K, committed 7296K, reserved 1056768K
  class space    used 816K, capacity 861K, committed 896K, reserved 1048576K
Event: 1.408 GC heap after
Heap after GC invocations=2 (full 0):
 PSYoungGen      total 18944K, used 2547K [0x00000000feb00000, 0x0000000100000000, 0x0000000100000000)
  eden space 16384K, 0% used [0x00000000feb00000,0x00000000feb00000,0x00000000ffb00000)
  from space 2560K, 99% used [0x00000000ffd80000,0x00000000ffffce20,0x0000000100000000)
  to   space 2560K, 0% used [0x00000000ffb00000,0x00000000ffb00000,0x00000000ffd80000)
 ParOldGen       total 44032K, used 6078K [0x00000000fc000000, 0x00000000feb00000, 0x00000000feb00000)
  object space 44032K, 13% used [0x00000000fc000000,0x00000000fc5efbc0,0x00000000feb00000)
 Metaspace       used 6966K, capacity 7106K, committed 7296K, reserved 1056768K
  class space    used 816K, capacity 861K, committed 896K, reserved 1048576K
}
Event: 3.129 GC heap before
{Heap before GC invocations=3 (full 0):
 PSYoungGen      total 18944K, used 18931K [0x00000000feb00000, 0x0000000100000000, 0x0000000100000000)
  eden space 16384K, 100% used [0x00000000feb00000,0x00000000ffb00000,0x00000000ffb00000)
  from space 2560K, 99% used [0x00000000ffd80000,0x00000000ffffce20,0x0000000100000000)
  to   space 2560K, 0% used [0x00000000ffb00000,0x00000000ffb00000,0x00000000ffd80000)
 ParOldGen       total 44032K, used 6078K [0x00000000fc000000, 0x00000000feb00000, 0x00000000feb00000)
  object space 44032K, 13% used [0x00000000fc000000,0x00000000fc5efbc0,0x00000000feb00000)
 Metaspace       used 7687K, capacity 7842K, committed 7936K, reserved 1056768K
  class space    used 875K, capacity 957K, committed 1024K, reserved 1048576K
Event: 4.082 GC heap after
Heap after GC invocations=3 (full 0):
 PSYoungGen      total 18944K, used 2530K [0x00000000feb00000, 0x0000000100000000, 0x0000000100000000)
  eden space 16384K, 0% used [0x00000000feb00000,0x00000000feb00000,0x00000000ffb00000)
  from space 2560K, 98% used [0x00000000ffb00000,0x00000000ffd78b08,0x00000000ffd80000)
  to   space 2560K, 0% used [0x00000000ffd80000,0x00000000ffd80000,0x0000000100000000)
 ParOldGen       total 44032K, used 6893K [0x00000000fc000000, 0x00000000feb00000, 0x00000000feb00000)
  object space 44032K, 15% used [0x00000000fc000000,0x00000000fc6bb400,0x00000000feb00000)
 Metaspace       used 7687K, capacity 7842K, committed 7936K, reserved 1056768K
  class space    used 875K, capacity 957K, committed 1024K, reserved 1048576K
}

Deoptimization events (10 events):
Event: 1.067 Thread 0x000000000283d800 Uncommon trap: reason=unstable_if action=reinterpret pc=0x0000000002b87348 method=java.util.HashMap$HashIterator.nextNode()Ljava/util/HashMap$Node; @ 74
Event: 1.168 Thread 0x000000000283d800 Uncommon trap: reason=unstable_if action=reinterpret pc=0x0000000002b8f6c8 method=java.util.HashMap$HashIterator.nextNode()Ljava/util/HashMap$Node; @ 74
Event: 1.331 Thread 0x000000000283d800 Uncommon trap: reason=unloaded action=reinterpret pc=0x0000000002b6cf7c method=java.util.zip.ZipEntry.setExtra0([BZ)V @ 37
Event: 1.434 Thread 0x000000000283d800 Uncommon trap: reason=unstable_if action=reinterpret pc=0x0000000002ae2a78 method=java.lang.String.<init>([CII)V @ 18
Event: 1.969 Thread 0x000000000283d800 Uncommon trap: reason=unstable_if action=reinterpret pc=0x0000000002c93ffc method=org.objectweb.asm.MethodWriter.visitVarInsn(II)V @ 142
Event: 4.144 Thread 0x000000000283d800 Uncommon trap: reason=unstable_if action=reinterpret pc=0x0000000002cf62f4 method=org.objectweb.asm.tree.MethodNode.getLabelNodes([Ljava/lang/Object;)[Ljava/lang/Object; @ 24
Event: 4.147 Thread 0x000000000283d800 Uncommon trap: reason=unstable_if action=reinterpret pc=0x0000000002d050b4 method=org.objectweb.asm.MethodWriter.visitFieldInsn(ILjava/lang/String;Ljava/lang/String;Ljava/lang/String;)V @ 119
Event: 4.159 Thread 0x000000000283d800 Uncommon trap: reason=unstable_if action=reinterpret pc=0x0000000002cbb538 method=org.objectweb.asm.MethodWriter.visitVarInsn(II)V @ 136
Event: 4.159 Thread 0x000000000283d800 Uncommon trap: reason=unstable_if action=reinterpret pc=0x0000000002cea43c method=org.objectweb.asm.MethodWriter.visitVarInsn(II)V @ 136
Event: 4.159 Thread 0x000000000283d800 Uncommon trap: reason=null_check action=make_not_entrant pc=0x0000000002d65b5c method=com.google.devtools.build.android.desugar.InterfaceDesugaring$InterfaceInvocationRewriter.visitMethodInsn(ILjava/lang/String;Ljava/lang/String;Ljava/lang/String;Z)V @ 10

Classes redefined (0 events):
No events

Internal exceptions (10 events):
Event: 1.188 Thread 0x000000000283d800 Exception <a 'sun/nio/fs/WindowsException'> (0x00000000ff2404b8) thrown at [D:\src\AOSP-openjdk-cygwin\jdk8u\hotspot\src\share\vm\prims\jni.cpp, line 709]
Event: 1.417 Thread 0x000000000283d800 Exception <a 'sun/nio/fs/WindowsException'> (0x00000000feb7f0c0) thrown at [D:\src\AOSP-openjdk-cygwin\jdk8u\hotspot\src\share\vm\prims\jni.cpp, line 709]
Event: 1.420 Thread 0x000000000283d800 Exception <a 'sun/nio/fs/WindowsException'> (0x00000000feb7f618) thrown at [D:\src\AOSP-openjdk-cygwin\jdk8u\hotspot\src\share\vm\prims\jni.cpp, line 709]
Event: 2.130 Thread 0x000000000283d800 Exception <a 'sun/nio/fs/WindowsException'> (0x00000000ff7aa5e8) thrown at [D:\src\AOSP-openjdk-cygwin\jdk8u\hotspot\src\share\vm\prims\jni.cpp, line 709]
Event: 2.130 Thread 0x000000000283d800 Exception <a 'sun/nio/fs/WindowsException'> (0x00000000ff7aaac0) thrown at [D:\src\AOSP-openjdk-cygwin\jdk8u\hotspot\src\share\vm\prims\jni.cpp, line 709]
Event: 2.260 Thread 0x000000000283d800 Exception <a 'sun/nio/fs/WindowsException'> (0x00000000ff7adf60) thrown at [D:\src\AOSP-openjdk-cygwin\jdk8u\hotspot\src\share\vm\prims\jni.cpp, line 709]
Event: 2.261 Thread 0x000000000283d800 Exception <a 'sun/nio/fs/WindowsException'> (0x00000000ff7ae438) thrown at [D:\src\AOSP-openjdk-cygwin\jdk8u\hotspot\src\share\vm\prims\jni.cpp, line 709]
Event: 3.124 Thread 0x000000000283d800 Exception <a 'sun/nio/fs/WindowsException'> (0x00000000ffad4b80) thrown at [D:\src\AOSP-openjdk-cygwin\jdk8u\hotspot\src\share\vm\prims\jni.cpp, line 709]
Event: 3.124 Thread 0x000000000283d800 Exception <a 'sun/nio/fs/WindowsException'> (0x00000000ffad5058) thrown at [D:\src\AOSP-openjdk-cygwin\jdk8u\hotspot\src\share\vm\prims\jni.cpp, line 709]
Event: 4.159 Thread 0x000000000283d800 Implicit null exception at 0x0000000002d6586a to 0x0000000002d65b39

Events (10 events):
Event: 4.159 Thread 0x000000000283d800 Uncommon trap: trap_request=0xffffff65 fr.pc=0x0000000002cea43c
Event: 4.159 Thread 0x000000000283d800 DEOPT PACKING pc=0x0000000002cea43c sp=0x00000000027bedd0
Event: 4.159 Thread 0x000000000283d800 DEOPT UNPACKING pc=0x000000000298556a sp=0x00000000027bed30 mode 2
Event: 4.159 Thread 0x000000000283d800 Uncommon trap: trap_request=0xfffffff4 fr.pc=0x0000000002d65b5c
Event: 4.159 Thread 0x000000000283d800 DEOPT PACKING pc=0x0000000002d65b5c sp=0x00000000027bee10
Event: 4.159 Thread 0x000000000283d800 DEOPT UNPACKING pc=0x000000000298556a sp=0x00000000027bed90 mode 2
Event: 4.163 Thread 0x000000000283d800 DEOPT PACKING pc=0x0000000002c27e9d sp=0x00000000027becf0
Event: 4.163 Thread 0x000000000283d800 DEOPT UNPACKING pc=0x00000000029875bf sp=0x00000000027beca0 mode 0
Event: 4.268 Executing VM operation: EnableBiasedLocking
Event: 4.268 Executing VM operation: EnableBiasedLocking done


Dynamic libraries:
0x00007ff6f76b0000 - 0x00007ff6f76e1000 	C:\Program Files\Android\Android Studio\jre\bin\java.exe
0x00007ffba9340000 - 0x00007ffba9521000 	C:\WINDOWS\SYSTEM32\ntdll.dll
0x00007ffba6ca0000 - 0x00007ffba6d52000 	C:\WINDOWS\System32\KERNEL32.DLL
0x00007ffba6070000 - 0x00007ffba62e3000 	C:\WINDOWS\System32\KERNELBASE.dll
0x00007ffba9260000 - 0x00007ffba9301000 	C:\WINDOWS\System32\ADVAPI32.dll
0x00007ffba77b0000 - 0x00007ffba784e000 	C:\WINDOWS\System32\msvcrt.dll
0x00007ffba71b0000 - 0x00007ffba720b000 	C:\WINDOWS\System32\sechost.dll
0x00007ffba7580000 - 0x00007ffba76a4000 	C:\WINDOWS\System32\RPCRT4.dll
0x00007ffba7ac0000 - 0x00007ffba7c50000 	C:\WINDOWS\System32\USER32.dll
0x00007ffba5790000 - 0x00007ffba57b0000 	C:\WINDOWS\System32\win32u.dll
0x00007ffba67e0000 - 0x00007ffba6808000 	C:\WINDOWS\System32\GDI32.dll
0x00007ffba6530000 - 0x00007ffba66c2000 	C:\WINDOWS\System32\gdi32full.dll
0x00007ffba5fd0000 - 0x00007ffba606f000 	C:\WINDOWS\System32\msvcp_win.dll
0x00007ffba66d0000 - 0x00007ffba67ca000 	C:\WINDOWS\System32\ucrtbase.dll
0x00007ffb93ad0000 - 0x00007ffb93d39000 	C:\WINDOWS\WinSxS\amd64_microsoft.windows.common-controls_6595b64144ccf1df_6.0.17134.48_none_b4b2216a3cb4dd3e\COMCTL32.dll
0x00007ffba6810000 - 0x00007ffba6b33000 	C:\WINDOWS\System32\combase.dll
0x00007ffba5710000 - 0x00007ffba578a000 	C:\WINDOWS\System32\bcryptPrimitives.dll
0x00007ffba9090000 - 0x00007ffba90bd000 	C:\WINDOWS\System32\IMM32.DLL
0x0000000067b90000 - 0x0000000067c62000 	C:\Program Files\Android\Android Studio\jre\jre\bin\msvcr100.dll
0x0000000067020000 - 0x000000006785e000 	C:\Program Files\Android\Android Studio\jre\jre\bin\server\jvm.dll
0x00007ffba91d0000 - 0x00007ffba91d8000 	C:\WINDOWS\System32\PSAPI.DLL
0x00007ffba39e0000 - 0x00007ffba39e9000 	C:\WINDOWS\SYSTEM32\WSOCK32.dll
0x00007ffba7510000 - 0x00007ffba757c000 	C:\WINDOWS\System32\WS2_32.dll
0x00007ffb95780000 - 0x00007ffb957a3000 	C:\WINDOWS\SYSTEM32\WINMM.dll
0x00007ffb9d7c0000 - 0x00007ffb9d7ca000 	C:\WINDOWS\SYSTEM32\VERSION.dll
0x00007ffb95570000 - 0x00007ffb9559a000 	C:\WINDOWS\SYSTEM32\WINMMBASE.dll
0x00007ffba64e0000 - 0x00007ffba6529000 	C:\WINDOWS\System32\cfgmgr32.dll
0x00007ffb9d970000 - 0x00007ffb9d97f000 	C:\Program Files\Android\Android Studio\jre\jre\bin\verify.dll
0x00007ffb8c130000 - 0x00007ffb8c159000 	C:\Program Files\Android\Android Studio\jre\jre\bin\java.dll
0x00007ffb96120000 - 0x00007ffb96136000 	C:\Program Files\Android\Android Studio\jre\jre\bin\zip.dll
0x00007ffba7c50000 - 0x00007ffba9090000 	C:\WINDOWS\System32\SHELL32.dll
0x00007ffba9120000 - 0x00007ffba91c9000 	C:\WINDOWS\System32\shcore.dll
0x00007ffba58c0000 - 0x00007ffba5fcd000 	C:\WINDOWS\System32\windows.storage.dll
0x00007ffba90c0000 - 0x00007ffba9111000 	C:\WINDOWS\System32\shlwapi.dll
0x00007ffba5680000 - 0x00007ffba5691000 	C:\WINDOWS\System32\kernel.appcore.dll
0x00007ffba56f0000 - 0x00007ffba570f000 	C:\WINDOWS\System32\profapi.dll
0x00007ffba56a0000 - 0x00007ffba56ec000 	C:\WINDOWS\System32\powrprof.dll
0x00007ffba5650000 - 0x00007ffba565a000 	C:\WINDOWS\System32\FLTLIB.DLL
0x00007ffba5080000 - 0x00007ffba5097000 	C:\WINDOWS\SYSTEM32\CRYPTSP.dll
0x00007ffba4ab0000 - 0x00007ffba4ae3000 	C:\WINDOWS\system32\rsaenh.dll
0x00007ffba51b0000 - 0x00007ffba51d5000 	C:\WINDOWS\SYSTEM32\bcrypt.dll
0x00007ffba5580000 - 0x00007ffba55a8000 	C:\WINDOWS\SYSTEM32\USERENV.dll
0x00007ffba50a0000 - 0x00007ffba50ab000 	C:\WINDOWS\SYSTEM32\CRYPTBASE.dll
0x00007ffb93f80000 - 0x00007ffb93f9a000 	C:\Program Files\Android\Android Studio\jre\jre\bin\net.dll
0x00007ffba4ed0000 - 0x00007ffba4f36000 	C:\WINDOWS\system32\mswsock.dll
0x00007ffba4c50000 - 0x00007ffba4c88000 	C:\WINDOWS\SYSTEM32\IPHLPAPI.DLL
0x00007ffba7430000 - 0x00007ffba7438000 	C:\WINDOWS\System32\NSI.dll
0x00007ffb9a1f0000 - 0x00007ffb9a206000 	C:\WINDOWS\SYSTEM32\dhcpcsvc6.DLL
0x00007ffb9a120000 - 0x00007ffb9a13a000 	C:\WINDOWS\SYSTEM32\dhcpcsvc.DLL
0x00007ffb93f10000 - 0x00007ffb93f21000 	C:\Program Files\Android\Android Studio\jre\jre\bin\nio.dll

VM Arguments:
jvm_args: -Djava.awt.headless=true -Xmx64M -Dfile.encoding=x-windows-949 -Duser.country=KR -Duser.language=ko -Duser.variant 
java_command: com.google.devtools.build.android.desugar.Desugar @D:\test\app\build\intermediates\tmp\desugar_args7442337398615134754
java_class_path (initial): C:\Users\Goo\AppData\Local\Temp\desugar_deploy.jar3920761265100778945
Launcher Type: SUN_STANDARD

Environment Variables:
PATH=C:\ProgramData\Oracle\Java\javapath;C:\WINDOWS\system32;C:\WINDOWS;C:\WINDOWS\System32\Wbem;C:\WINDOWS\System32\WindowsPowerShell\v1.0\;C:\OpenSSL;;C:\WINDOWS\System32\OpenSSH\;C:\Users\Goo\AppData\Local\Microsoft\WindowsApps;
USERNAME=Goo
OS=Windows_NT
PROCESSOR_IDENTIFIER=Intel64 Family 6 Model 158 Stepping 9, GenuineIntel



---------------  S Y S T E M  ---------------

OS: Windows 10.0 , 64 bit Build 17134 (10.0.17134.1)

CPU:total 8 (initial active 8) (4 cores per cpu, 2 threads per core) family 6 model 158 stepping 9, cmov, cx8, fxsr, mmx, sse, sse2, sse3, ssse3, sse4.1, sse4.2, popcnt, avx, avx2, aes, clmul, erms, 3dnowpref, lzcnt, ht, tsc, tscinvbit, bmi1, bmi2, adx

Memory: 4k page, physical 16692940k(5445576k free), swap 16692940k(4264k free)

vm_info: OpenJDK 64-Bit Server VM (25.152-b01) for windows-amd64 JRE (1.8.0_152-release-915-b01), built by "builder" with MS VC++ 10.0 (VS2010)

time: Sat May 26 01:21:01 2018
elapsed time: 4 seconds (0d 0h 0m 4s)

