#
# There is insufficient memory for the Java Runtime Environment to continue.
# Native memory allocation (malloc) failed to allocate 32744 bytes for ChunkPool::allocate
# Possible reasons:
#   The system is out of physical RAM or swap space
#   In 32 bit mode, the process size limit was hit
# Possible solutions:
#   Reduce memory load on the system
#   Increase physical memory or swap space
#   Check if swap backing store is full
#   Use 64 bit Java on a 64 bit OS
#   Decrease Java heap size (-Xmx/-Xms)
#   Decrease number of Java threads
#   Decrease Java thread stack sizes (-Xss)
#   Set larger code cache with -XX:ReservedCodeCacheSize=
# This output file may be truncated or incomplete.
#
#  Out of Memory Error (allocation.cpp:273), pid=11692, tid=0x0000000000002734
#
# JRE version: OpenJDK Runtime Environment (8.0_152-b01) (build 1.8.0_152-release-915-b01)
# Java VM: OpenJDK 64-Bit Server VM (25.152-b01 mixed mode windows-amd64 compressed oops)
# Failed to write core dump. Minidumps are not enabled by default on client versions of Windows
#

---------------  T H R E A D  ---------------

Current thread (0x0000000015895000):  JavaThread "C2 CompilerThread2" daemon [_thread_in_native, id=10036, stack(0x00000000161a0000,0x00000000162a0000)]

Stack: [0x00000000161a0000,0x00000000162a0000]
[error occurred during error reporting (printing stack bounds), id 0xc0000005]

Native frames: (J=compiled Java code, j=interpreted, Vv=VM code, C=native code)


Current CompileTask:
C2:   3821  927       4       org.objectweb.asm.ClassReader::a (3587 bytes)


---------------  P R O C E S S  ---------------

Java Threads: ( => current thread )
  0x00000000158f7800 JavaThread "Service Thread" daemon [_thread_blocked, id=752, stack(0x00000000163a0000,0x00000000164a0000)]
  0x0000000015899000 JavaThread "C1 CompilerThread3" daemon [_thread_blocked, id=4008, stack(0x00000000162a0000,0x00000000163a0000)]
=>0x0000000015895000 JavaThread "C2 CompilerThread2" daemon [_thread_in_native, id=10036, stack(0x00000000161a0000,0x00000000162a0000)]
  0x0000000015892800 JavaThread "C2 CompilerThread1" daemon [_thread_blocked, id=12532, stack(0x00000000160a0000,0x00000000161a0000)]
  0x000000001588f000 JavaThread "C2 CompilerThread0" daemon [_thread_blocked, id=11592, stack(0x0000000015fa0000,0x00000000160a0000)]
  0x000000001588e000 JavaThread "Attach Listener" daemon [_thread_blocked, id=9812, stack(0x0000000015ea0000,0x0000000015fa0000)]
  0x000000001588d800 JavaThread "Signal Dispatcher" daemon [_thread_blocked, id=2036, stack(0x0000000015da0000,0x0000000015ea0000)]
  0x000000000317e800 JavaThread "Finalizer" daemon [_thread_blocked, id=12104, stack(0x0000000015c00000,0x0000000015d00000)]
  0x000000001392b800 JavaThread "Reference Handler" daemon [_thread_blocked, id=5016, stack(0x0000000015700000,0x0000000015800000)]
  0x0000000002e7d800 JavaThread "main" [_thread_in_vm, id=3052, stack(0x0000000002f80000,0x0000000003080000)]

Other Threads:
  0x0000000013925000 VMThread [stack: 0x0000000015600000,0x0000000015700000] [id=11584]
  0x00000000158f8800 WatcherThread [stack: 0x00000000164a0000,0x00000000165a0000] [id=13156]

VM state:not at safepoint (normal execution)

VM Mutex/Monitor currently owned by a thread:  ([mutex/lock_event])
[0x00000000030804d0] MethodCompileQueue_lock - owner thread: 0x0000000002e7d800

Heap:
 PSYoungGen      total 18944K, used 8854K [0x00000000feb00000, 0x0000000100000000, 0x0000000100000000)
  eden space 16384K, 38% used [0x00000000feb00000,0x00000000ff128b00,0x00000000ffb00000)
  from space 2560K, 99% used [0x00000000ffd80000,0x00000000ffffce00,0x0000000100000000)
  to   space 2560K, 0% used [0x00000000ffb00000,0x00000000ffb00000,0x00000000ffd80000)
 ParOldGen       total 44032K, used 5892K [0x00000000fc000000, 0x00000000feb00000, 0x00000000feb00000)
  object space 44032K, 13% used [0x00000000fc000000,0x00000000fc5c11b0,0x00000000feb00000)
 Metaspace       used 7646K, capacity 7778K, committed 7936K, reserved 1056768K
  class space    used 875K, capacity 957K, committed 1024K, reserved 1048576K

Card table byte_map: [0x0000000002e00000,0x0000000002e30000] byte_map_base: 0x0000000002620000

Marking Bits: (ParMarkBitMap*) 0x0000000055473950
 Begin Bits: [0x0000000012d40000, 0x0000000012e40000)
 End Bits:   [0x0000000012e40000, 0x0000000012f40000)

Polling page: 0x0000000000e50000

CodeCache: size=245760Kb used=3574Kb max_used=3574Kb free=242185Kb
 bounds [0x0000000003180000, 0x0000000003500000, 0x0000000012180000]
 total_blobs=1295 nmethods=959 adapters=248
 compilation: enabled

Compilation events (10 events):
Event: 3.483 Thread 0x0000000015899000 nmethod 955 0x00000000034f1510 code [0x00000000034f1980, 0x00000000034f3d68]
Event: 3.483 Thread 0x0000000015899000  956       3       org.objectweb.asm.MethodWriter::a (1609 bytes)
Event: 3.488 Thread 0x0000000015899000 nmethod 956 0x00000000034f5110 code [0x00000000034f59a0, 0x00000000034f9358]
Event: 3.490 Thread 0x0000000015899000  957       3       org.objectweb.asm.MethodVisitor::visitLdcInsn (16 bytes)
Event: 3.490 Thread 0x0000000015899000 nmethod 957 0x00000000034fb5d0 code [0x00000000034fb740, 0x00000000034fb9a8]
Event: 3.490 Thread 0x0000000015899000  958       3       org.objectweb.asm.tree.MethodNode::visitLdcInsn (16 bytes)
Event: 3.491 Thread 0x0000000015899000 nmethod 958 0x00000000034fba90 code [0x00000000034fbc20, 0x00000000034fbf68]
Event: 3.491 Thread 0x0000000015899000  959       3       org.objectweb.asm.tree.LdcInsnNode::<init> (12 bytes)
Event: 3.491 Thread 0x0000000015899000 nmethod 959 0x00000000034fc110 code [0x00000000034fc280, 0x00000000034fc4b0]
Event: 3.494 Thread 0x0000000015892800  961       4       org.objectweb.asm.ByteVector::b (64 bytes)

GC Heap History (4 events):
Event: 1.284 GC heap before
{Heap before GC invocations=1 (full 0):
 PSYoungGen      total 18944K, used 16384K [0x00000000feb00000, 0x0000000100000000, 0x0000000100000000)
  eden space 16384K, 100% used [0x00000000feb00000,0x00000000ffb00000,0x00000000ffb00000)
  from space 2560K, 0% used [0x00000000ffd80000,0x00000000ffd80000,0x0000000100000000)
  to   space 2560K, 0% used [0x00000000ffb00000,0x00000000ffb00000,0x00000000ffd80000)
 ParOldGen       total 44032K, used 0K [0x00000000fc000000, 0x00000000feb00000, 0x00000000feb00000)
  object space 44032K, 0% used [0x00000000fc000000,0x00000000fc000000,0x00000000feb00000)
 Metaspace       used 6625K, capacity 6800K, committed 7040K, reserved 1056768K
  class space    used 774K, capacity 824K, committed 896K, reserved 1048576K
Event: 1.291 GC heap after
Heap after GC invocations=1 (full 0):
 PSYoungGen      total 18944K, used 2537K [0x00000000feb00000, 0x0000000100000000, 0x0000000100000000)
  eden space 16384K, 0% used [0x00000000feb00000,0x00000000feb00000,0x00000000ffb00000)
  from space 2560K, 99% used [0x00000000ffb00000,0x00000000ffd7a620,0x00000000ffd80000)
  to   space 2560K, 0% used [0x00000000ffd80000,0x00000000ffd80000,0x0000000100000000)
 ParOldGen       total 44032K, used 1679K [0x00000000fc000000, 0x00000000feb00000, 0x00000000feb00000)
  object space 44032K, 3% used [0x00000000fc000000,0x00000000fc1a3c78,0x00000000feb00000)
 Metaspace       used 6625K, capacity 6800K, committed 7040K, reserved 1056768K
  class space    used 774K, capacity 824K, committed 896K, reserved 1048576K
}
Event: 1.908 GC heap before
{Heap before GC invocations=2 (full 0):
 PSYoungGen      total 18944K, used 18921K [0x00000000feb00000, 0x0000000100000000, 0x0000000100000000)
  eden space 16384K, 100% used [0x00000000feb00000,0x00000000ffb00000,0x00000000ffb00000)
  from space 2560K, 99% used [0x00000000ffb00000,0x00000000ffd7a620,0x00000000ffd80000)
  to   space 2560K, 0% used [0x00000000ffd80000,0x00000000ffd80000,0x0000000100000000)
 ParOldGen       total 44032K, used 1679K [0x00000000fc000000, 0x00000000feb00000, 0x00000000feb00000)
  object space 44032K, 3% used [0x00000000fc000000,0x00000000fc1a3c78,0x00000000feb00000)
 Metaspace       used 6976K, capacity 7106K, committed 7296K, reserved 1056768K
  class space    used 816K, capacity 861K, committed 896K, reserved 1048576K
Event: 1.982 GC heap after
Heap after GC invocations=2 (full 0):
 PSYoungGen      total 18944K, used 2547K [0x00000000feb00000, 0x0000000100000000, 0x0000000100000000)
  eden space 16384K, 0% used [0x00000000feb00000,0x00000000feb00000,0x00000000ffb00000)
  from space 2560K, 99% used [0x00000000ffd80000,0x00000000ffffce00,0x0000000100000000)
  to   space 2560K, 0% used [0x00000000ffb00000,0x00000000ffb00000,0x00000000ffd80000)
 ParOldGen       total 44032K, used 5892K [0x00000000fc000000, 0x00000000feb00000, 0x00000000feb00000)
  object space 44032K, 13% used [0x00000000fc000000,0x00000000fc5c11b0,0x00000000feb00000)
 Metaspace       used 6976K, capacity 7106K, committed 7296K, reserved 1056768K
  class space    used 816K, capacity 861K, committed 896K, reserved 1048576K
}

Deoptimization events (10 events):
Event: 1.228 Thread 0x0000000002e7d800 Uncommon trap: reason=unstable_if action=reinterpret pc=0x00000000033aeb98 method=java.util.zip.ZipCoder.decoder()Ljava/nio/charset/CharsetDecoder; @ 4
Event: 1.228 Thread 0x0000000002e7d800 Uncommon trap: reason=unstable_if action=reinterpret pc=0x00000000033ad158 method=java.util.zip.ZipEntry.setExtra0([BZ)V @ 1
Event: 1.230 Thread 0x0000000002e7d800 Uncommon trap: reason=unstable_if action=reinterpret pc=0x00000000033ad61c method=java.util.zip.ZipFile$ZipEntryIterator.hasNext()Z @ 25
Event: 1.230 Thread 0x0000000002e7d800 Uncommon trap: reason=unstable_if action=reinterpret pc=0x00000000033b1540 method=java.util.zip.ZipCoder.decoder()Ljava/nio/charset/CharsetDecoder; @ 4
Event: 1.311 Thread 0x0000000002e7d800 Uncommon trap: reason=unstable_if action=reinterpret pc=0x00000000033bebc0 method=java.util.zip.ZipCoder.decoder()Ljava/nio/charset/CharsetDecoder; @ 4
Event: 1.312 Thread 0x0000000002e7d800 Uncommon trap: reason=unstable_if action=reinterpret pc=0x00000000033c4f38 method=java.util.zip.ZipCoder.decoder()Ljava/nio/charset/CharsetDecoder; @ 4
Event: 1.312 Thread 0x0000000002e7d800 Uncommon trap: reason=unstable_if action=reinterpret pc=0x00000000033b46ec method=java.util.zip.ZipCoder.decoder()Ljava/nio/charset/CharsetDecoder; @ 4
Event: 1.868 Thread 0x0000000002e7d800 Uncommon trap: reason=unloaded action=reinterpret pc=0x00000000033bbebc method=java.util.zip.ZipEntry.setExtra0([BZ)V @ 37
Event: 2.997 Thread 0x0000000002e7d800 Uncommon trap: reason=unstable_if action=reinterpret pc=0x0000000003346238 method=java.lang.String.<init>([CII)V @ 18
Event: 3.398 Thread 0x0000000002e7d800 Uncommon trap: reason=unstable_if action=reinterpret pc=0x000000000345ebb4 method=org.objectweb.asm.ClassReader.readUTF8(I[C)Ljava/lang/String; @ 7

Classes redefined (0 events):
No events

Internal exceptions (10 events):
Event: 2.235 Thread 0x0000000002e7d800 Exception <a 'sun/nio/fs/WindowsException'> (0x00000000fec0a538) thrown at [D:\src\AOSP-openjdk-cygwin\jdk8u\hotspot\src\share\vm\prims\jni.cpp, line 709]
Event: 2.236 Thread 0x0000000002e7d800 Exception <a 'sun/nio/fs/WindowsException'> (0x00000000fec0aa90) thrown at [D:\src\AOSP-openjdk-cygwin\jdk8u\hotspot\src\share\vm\prims\jni.cpp, line 709]
Event: 2.456 Thread 0x0000000002e7d800 Exception <a 'sun/nio/fs/WindowsException'> (0x00000000fec16290) thrown at [D:\src\AOSP-openjdk-cygwin\jdk8u\hotspot\src\share\vm\prims\jni.cpp, line 709]
Event: 2.456 Thread 0x0000000002e7d800 Exception <a 'sun/nio/fs/WindowsException'> (0x00000000fec16768) thrown at [D:\src\AOSP-openjdk-cygwin\jdk8u\hotspot\src\share\vm\prims\jni.cpp, line 709]
Event: 3.118 Thread 0x0000000002e7d800 Exception <a 'sun/nio/fs/WindowsException'> (0x00000000feea5c58) thrown at [D:\src\AOSP-openjdk-cygwin\jdk8u\hotspot\src\share\vm\prims\jni.cpp, line 709]
Event: 3.118 Thread 0x0000000002e7d800 Exception <a 'sun/nio/fs/WindowsException'> (0x00000000feea6130) thrown at [D:\src\AOSP-openjdk-cygwin\jdk8u\hotspot\src\share\vm\prims\jni.cpp, line 709]
Event: 3.264 Thread 0x0000000002e7d800 Exception <a 'sun/nio/fs/WindowsException'> (0x00000000feea95e8) thrown at [D:\src\AOSP-openjdk-cygwin\jdk8u\hotspot\src\share\vm\prims\jni.cpp, line 709]
Event: 3.264 Thread 0x0000000002e7d800 Exception <a 'sun/nio/fs/WindowsException'> (0x00000000feea9ac0) thrown at [D:\src\AOSP-openjdk-cygwin\jdk8u\hotspot\src\share\vm\prims\jni.cpp, line 709]
Event: 3.326 Thread 0x0000000002e7d800 Exception <a 'sun/nio/fs/WindowsException'> (0x00000000feeacf60) thrown at [D:\src\AOSP-openjdk-cygwin\jdk8u\hotspot\src\share\vm\prims\jni.cpp, line 709]
Event: 3.326 Thread 0x0000000002e7d800 Exception <a 'sun/nio/fs/WindowsException'> (0x00000000feead438) thrown at [D:\src\AOSP-openjdk-cygwin\jdk8u\hotspot\src\share\vm\prims\jni.cpp, line 709]

Events (10 events):
Event: 2.997 Thread 0x0000000002e7d800 Uncommon trap: trap_request=0xffffff65 fr.pc=0x0000000003346238
Event: 2.997 Thread 0x0000000002e7d800 DEOPT PACKING pc=0x0000000003346238 sp=0x000000000307ea70
Event: 2.997 Thread 0x0000000002e7d800 DEOPT UNPACKING pc=0x00000000031c556a sp=0x000000000307ea38 mode 2
Event: 3.002 loading class org/objectweb/asm/tree/TryCatchBlockNode
Event: 3.002 loading class org/objectweb/asm/tree/TryCatchBlockNode done
Event: 3.003 loading class org/objectweb/asm/Handler
Event: 3.003 loading class org/objectweb/asm/Handler done
Event: 3.398 Thread 0x0000000002e7d800 Uncommon trap: trap_request=0xffffff65 fr.pc=0x000000000345ebb4
Event: 3.398 Thread 0x0000000002e7d800 DEOPT PACKING pc=0x000000000345ebb4 sp=0x000000000307e880
Event: 3.398 Thread 0x0000000002e7d800 DEOPT UNPACKING pc=0x00000000031c556a sp=0x000000000307e850 mode 2


Dynamic libraries:
0x00007ff710140000 - 0x00007ff710171000 	C:\Program Files\Android\Android Studio\jre\bin\java.exe
0x00007ffde28f0000 - 0x00007ffde2ad1000 	C:\WINDOWS\SYSTEM32\ntdll.dll
0x00007ffde1a20000 - 0x00007ffde1ad2000 	C:\WINDOWS\System32\KERNEL32.DLL
0x00007ffddf250000 - 0x00007ffddf4c3000 	C:\WINDOWS\System32\KERNELBASE.dll
0x00007ffde1ae0000 - 0x00007ffde1b81000 	C:\WINDOWS\System32\ADVAPI32.dll
0x00007ffde27f0000 - 0x00007ffde288e000 	C:\WINDOWS\System32\msvcrt.dll
0x00007ffddfda0000 - 0x00007ffddfdfb000 	C:\WINDOWS\System32\sechost.dll
0x00007ffde2010000 - 0x00007ffde2134000 	C:\WINDOWS\System32\RPCRT4.dll
0x00007ffde1e80000 - 0x00007ffde2010000 	C:\WINDOWS\System32\USER32.dll
0x00007ffddf230000 - 0x00007ffddf250000 	C:\WINDOWS\System32\win32u.dll
0x00007ffde1e50000 - 0x00007ffde1e78000 	C:\WINDOWS\System32\GDI32.dll
0x00007ffddfbe0000 - 0x00007ffddfd72000 	C:\WINDOWS\System32\gdi32full.dll
0x00007ffddf030000 - 0x00007ffddf0cf000 	C:\WINDOWS\System32\msvcp_win.dll
0x00007ffddf0d0000 - 0x00007ffddf1ca000 	C:\WINDOWS\System32\ucrtbase.dll
0x00007ffdd1c40000 - 0x00007ffdd1ea9000 	C:\WINDOWS\WinSxS\amd64_microsoft.windows.common-controls_6595b64144ccf1df_6.0.17134.112_none_fb3f961b30681c12\COMCTL32.dll
0x00007ffde16f0000 - 0x00007ffde1a13000 	C:\WINDOWS\System32\combase.dll
0x00007ffddecc0000 - 0x00007ffdded3a000 	C:\WINDOWS\System32\bcryptPrimitives.dll
0x00007ffde2890000 - 0x00007ffde28bd000 	C:\WINDOWS\System32\IMM32.DLL
0x0000000054bd0000 - 0x0000000054ca2000 	C:\Program Files\Android\Android Studio\jre\jre\bin\msvcr100.dll
0x0000000054cb0000 - 0x00000000554ee000 	C:\Program Files\Android\Android Studio\jre\jre\bin\server\jvm.dll
0x00007ffde16e0000 - 0x00007ffde16e8000 	C:\WINDOWS\System32\PSAPI.DLL
0x00007ffddcde0000 - 0x00007ffddce03000 	C:\WINDOWS\SYSTEM32\WINMM.dll
0x00007ffdda820000 - 0x00007ffdda829000 	C:\WINDOWS\SYSTEM32\WSOCK32.dll
0x00007ffde1c80000 - 0x00007ffde1cec000 	C:\WINDOWS\System32\WS2_32.dll
0x00007ffdd57a0000 - 0x00007ffdd57aa000 	C:\WINDOWS\SYSTEM32\VERSION.dll
0x00007ffddcc90000 - 0x00007ffddccba000 	C:\WINDOWS\SYSTEM32\winmmbase.dll
0x00007ffddedf0000 - 0x00007ffddee39000 	C:\WINDOWS\System32\cfgmgr32.dll
0x00007ffdda810000 - 0x00007ffdda81f000 	C:\Program Files\Android\Android Studio\jre\jre\bin\verify.dll
0x00007ffdd62c0000 - 0x00007ffdd62e9000 	C:\Program Files\Android\Android Studio\jre\jre\bin\java.dll
0x00007ffdd65c0000 - 0x00007ffdd65d6000 	C:\Program Files\Android\Android Studio\jre\jre\bin\zip.dll
0x00007ffde00f0000 - 0x00007ffde1530000 	C:\WINDOWS\System32\SHELL32.dll
0x00007ffde2740000 - 0x00007ffde27e9000 	C:\WINDOWS\System32\shcore.dll
0x00007ffddf4d0000 - 0x00007ffddfbdd000 	C:\WINDOWS\System32\windows.storage.dll
0x00007ffde2290000 - 0x00007ffde22e1000 	C:\WINDOWS\System32\shlwapi.dll
0x00007ffddec20000 - 0x00007ffddec31000 	C:\WINDOWS\System32\kernel.appcore.dll
0x00007ffddec50000 - 0x00007ffddec6f000 	C:\WINDOWS\System32\profapi.dll
0x00007ffddec70000 - 0x00007ffddecbc000 	C:\WINDOWS\System32\powrprof.dll
0x00007ffddec40000 - 0x00007ffddec4a000 	C:\WINDOWS\System32\FLTLIB.DLL
0x00007ffdde630000 - 0x00007ffdde647000 	C:\WINDOWS\SYSTEM32\CRYPTSP.dll
0x00007ffdde060000 - 0x00007ffdde093000 	C:\WINDOWS\system32\rsaenh.dll
0x00007ffdde760000 - 0x00007ffdde785000 	C:\WINDOWS\SYSTEM32\bcrypt.dll
0x00007ffddeb00000 - 0x00007ffddeb28000 	C:\WINDOWS\SYSTEM32\USERENV.dll
0x00007ffdde650000 - 0x00007ffdde65b000 	C:\WINDOWS\SYSTEM32\CRYPTBASE.dll
0x00007ffdd62a0000 - 0x00007ffdd62ba000 	C:\Program Files\Android\Android Studio\jre\jre\bin\net.dll
0x00007ffdde480000 - 0x00007ffdde4e6000 	C:\WINDOWS\system32\mswsock.dll
0x00007ffdde200000 - 0x00007ffdde238000 	C:\WINDOWS\SYSTEM32\IPHLPAPI.DLL
0x00007ffde1bf0000 - 0x00007ffde1bf8000 	C:\WINDOWS\System32\NSI.dll
0x00007ffdd7790000 - 0x00007ffdd77a6000 	C:\WINDOWS\SYSTEM32\dhcpcsvc6.DLL
0x00007ffdd6720000 - 0x00007ffdd673a000 	C:\WINDOWS\SYSTEM32\dhcpcsvc.DLL
0x00007ffdd2050000 - 0x00007ffdd2061000 	C:\Program Files\Android\Android Studio\jre\jre\bin\nio.dll

VM Arguments:
jvm_args: -Djava.awt.headless=true -Xmx64M -Dfile.encoding=x-windows-949 -Duser.country=KR -Duser.language=ko -Duser.variant 
java_command: com.google.devtools.build.android.desugar.Desugar @D:\test\app\build\intermediates\tmp\desugar_args5035748614163984427
java_class_path (initial): C:\Users\Goo\AppData\Local\Temp\desugar_deploy.jar1444706754105442468
Launcher Type: SUN_STANDARD

Environment Variables:
PATH=C:\ProgramData\Oracle\Java\javapath;C:\WINDOWS\system32;C:\WINDOWS;C:\WINDOWS\System32\Wbem;C:\WINDOWS\System32\WindowsPowerShell\v1.0\;C:\OpenSSL;;C:\WINDOWS\System32\OpenSSH\;C:\Users\Goo\AppData\Local\Microsoft\WindowsApps;
USERNAME=Goo
OS=Windows_NT
PROCESSOR_IDENTIFIER=Intel64 Family 6 Model 158 Stepping 9, GenuineIntel



---------------  S Y S T E M  ---------------

OS: Windows 10.0 , 64 bit Build 17134 (10.0.17134.1)

CPU:total 8 (initial active 8) (4 cores per cpu, 2 threads per core) family 6 model 158 stepping 9, cmov, cx8, fxsr, mmx, sse, sse2, sse3, ssse3, sse4.1, sse4.2, popcnt, avx, avx2, aes, clmul, erms, 3dnowpref, lzcnt, ht, tsc, tscinvbit, bmi1, bmi2, adx

Memory: 4k page, physical 16692940k(3259488k free), swap 16692940k(3664k free)

vm_info: OpenJDK 64-Bit Server VM (25.152-b01) for windows-amd64 JRE (1.8.0_152-release-915-b01), built by "builder" with MS VC++ 10.0 (VS2010)

time: Fri Jun 22 19:12:41 2018
elapsed time: 3 seconds (0d 0h 0m 3s)

