#
# There is insufficient memory for the Java Runtime Environment to continue.
# Native memory allocation (malloc) failed to allocate 32744 bytes for ChunkPool::allocate
# Possible reasons:
#   The system is out of physical RAM or swap space
#   In 32 bit mode, the process size limit was hit
# Possible solutions:
#   Reduce memory load on the system
#   Increase physical memory or swap space
#   Check if swap backing store is full
#   Use 64 bit Java on a 64 bit OS
#   Decrease Java heap size (-Xmx/-Xms)
#   Decrease number of Java threads
#   Decrease Java thread stack sizes (-Xss)
#   Set larger code cache with -XX:ReservedCodeCacheSize=
# This output file may be truncated or incomplete.
#
#  Out of Memory Error (allocation.cpp:273), pid=3260, tid=0x0000000000002bfc
#
# JRE version: OpenJDK Runtime Environment (8.0_152-b01) (build 1.8.0_152-release-915-b01)
# Java VM: OpenJDK 64-Bit Server VM (25.152-b01 mixed mode windows-amd64 compressed oops)
# Failed to write core dump. Minidumps are not enabled by default on client versions of Windows
#

---------------  T H R E A D  ---------------

Current thread (0x0000000015956000):  JavaThread "C2 CompilerThread2" daemon [_thread_in_native, id=11260, stack(0x0000000016220000,0x0000000016320000)]

Stack: [0x0000000016220000,0x0000000016320000]
[error occurred during error reporting (printing stack bounds), id 0xc0000005]

Native frames: (J=compiled Java code, j=interpreted, Vv=VM code, C=native code)


Current CompileTask:
C2:   2525  960       4       org.objectweb.asm.MethodVisitor::visitFieldInsn (20 bytes)


---------------  P R O C E S S  ---------------

Java Threads: ( => current thread )
  0x0000000015985000 JavaThread "Service Thread" daemon [_thread_blocked, id=2700, stack(0x0000000016420000,0x0000000016520000)]
  0x000000001596b800 JavaThread "C1 CompilerThread3" daemon [_thread_blocked, id=9920, stack(0x0000000016320000,0x0000000016420000)]
=>0x0000000015956000 JavaThread "C2 CompilerThread2" daemon [_thread_in_native, id=11260, stack(0x0000000016220000,0x0000000016320000)]
  0x0000000015920000 JavaThread "C2 CompilerThread1" daemon [_thread_in_native, id=12580, stack(0x0000000016120000,0x0000000016220000)]
  0x000000001591d800 JavaThread "C2 CompilerThread0" daemon [_thread_blocked, id=8292, stack(0x0000000016020000,0x0000000016120000)]
  0x000000001591c000 JavaThread "Attach Listener" daemon [_thread_blocked, id=1704, stack(0x0000000015f20000,0x0000000016020000)]
  0x00000000158c9000 JavaThread "Signal Dispatcher" daemon [_thread_blocked, id=9736, stack(0x0000000015e20000,0x0000000015f20000)]
  0x000000000320e800 JavaThread "Finalizer" daemon [_thread_blocked, id=1408, stack(0x0000000015c90000,0x0000000015d90000)]
  0x00000000139bb800 JavaThread "Reference Handler" daemon [_thread_blocked, id=2908, stack(0x0000000015790000,0x0000000015890000)]
  0x0000000002d9d800 JavaThread "main" [_thread_in_vm, id=11156, stack(0x0000000002c30000,0x0000000002d30000)]

Other Threads:
  0x00000000139b5000 VMThread [stack: 0x0000000015690000,0x0000000015790000] [id=8]
  0x0000000015986000 WatcherThread [stack: 0x0000000016520000,0x0000000016620000] [id=9704]

VM state:not at safepoint (normal execution)

VM Mutex/Monitor currently owned by a thread: None

Heap:
 PSYoungGen      total 18944K, used 11592K [0x00000000feb00000, 0x0000000100000000, 0x0000000100000000)
  eden space 16384K, 55% used [0x00000000feb00000,0x00000000ff3d5330,0x00000000ffb00000)
  from space 2560K, 99% used [0x00000000ffd80000,0x00000000ffffce10,0x0000000100000000)
  to   space 2560K, 0% used [0x00000000ffb00000,0x00000000ffb00000,0x00000000ffd80000)
 ParOldGen       total 44032K, used 5755K [0x00000000fc000000, 0x00000000feb00000, 0x00000000feb00000)
  object space 44032K, 13% used [0x00000000fc000000,0x00000000fc59ef38,0x00000000feb00000)
 Metaspace       used 7633K, capacity 7786K, committed 7936K, reserved 1056768K
  class space    used 875K, capacity 957K, committed 1024K, reserved 1048576K

Card table byte_map: [0x0000000001250000,0x0000000001280000] byte_map_base: 0x0000000000a70000

Marking Bits: (ParMarkBitMap*) 0x000000005cab3950
 Begin Bits: [0x0000000012dd0000, 0x0000000012ed0000)
 End Bits:   [0x0000000012ed0000, 0x0000000012fd0000)

Polling page: 0x0000000000e50000

CodeCache: size=245760Kb used=3713Kb max_used=3713Kb free=242046Kb
 bounds [0x0000000003210000, 0x00000000035c0000, 0x0000000012210000]
 total_blobs=1292 nmethods=958 adapters=248
 compilation: enabled

Compilation events (10 events):
Event: 2.324 Thread 0x000000001591d800  955       4       org.objectweb.asm.tree.MethodNode::visitLabel (13 bytes)
Event: 2.324 Thread 0x0000000015956000  956       4       org.objectweb.asm.MethodVisitor::visitMethodInsn (68 bytes)
Event: 2.326 Thread 0x000000001591d800 nmethod 955 0x0000000003598390 code [0x00000000035984e0, 0x00000000035986b8]
Event: 2.457 Thread 0x0000000015956000 nmethod 956 0x00000000035a1890 code [0x00000000035a1be0, 0x00000000035a4418]
Event: 2.518 Thread 0x000000001591d800  957       4       org.objectweb.asm.ClassReader::readClass (16 bytes)
Event: 2.519 Thread 0x000000001596b800  959       3       org.objectweb.asm.ClassReader::a (133 bytes)
Event: 2.519 Thread 0x000000001596b800 nmethod 959 0x000000000359e550 code [0x000000000359e740, 0x000000000359f318]
Event: 2.519 Thread 0x000000001596b800  958       3       org.objectweb.asm.ClassReader::accept (1176 bytes)
Event: 2.520 Thread 0x000000001591d800 nmethod 957 0x0000000003597f50 code [0x00000000035980a0, 0x00000000035981e8]
Event: 2.522 Thread 0x0000000015956000  960       4       org.objectweb.asm.MethodVisitor::visitFieldInsn (20 bytes)

GC Heap History (4 events):
Event: 1.012 GC heap before
{Heap before GC invocations=1 (full 0):
 PSYoungGen      total 18944K, used 16384K [0x00000000feb00000, 0x0000000100000000, 0x0000000100000000)
  eden space 16384K, 100% used [0x00000000feb00000,0x00000000ffb00000,0x00000000ffb00000)
  from space 2560K, 0% used [0x00000000ffd80000,0x00000000ffd80000,0x0000000100000000)
  to   space 2560K, 0% used [0x00000000ffb00000,0x00000000ffb00000,0x00000000ffd80000)
 ParOldGen       total 44032K, used 0K [0x00000000fc000000, 0x00000000feb00000, 0x00000000feb00000)
  object space 44032K, 0% used [0x00000000fc000000,0x00000000fc000000,0x00000000feb00000)
 Metaspace       used 6625K, capacity 6808K, committed 7040K, reserved 1056768K
  class space    used 773K, capacity 824K, committed 896K, reserved 1048576K
Event: 1.044 GC heap after
Heap after GC invocations=1 (full 0):
 PSYoungGen      total 18944K, used 2553K [0x00000000feb00000, 0x0000000100000000, 0x0000000100000000)
  eden space 16384K, 0% used [0x00000000feb00000,0x00000000feb00000,0x00000000ffb00000)
  from space 2560K, 99% used [0x00000000ffb00000,0x00000000ffd7e630,0x00000000ffd80000)
  to   space 2560K, 0% used [0x00000000ffd80000,0x00000000ffd80000,0x0000000100000000)
 ParOldGen       total 44032K, used 1550K [0x00000000fc000000, 0x00000000feb00000, 0x00000000feb00000)
  object space 44032K, 3% used [0x00000000fc000000,0x00000000fc183a40,0x00000000feb00000)
 Metaspace       used 6625K, capacity 6808K, committed 7040K, reserved 1056768K
  class space    used 773K, capacity 824K, committed 896K, reserved 1048576K
}
Event: 1.847 GC heap before
{Heap before GC invocations=2 (full 0):
 PSYoungGen      total 18944K, used 18937K [0x00000000feb00000, 0x0000000100000000, 0x0000000100000000)
  eden space 16384K, 100% used [0x00000000feb00000,0x00000000ffb00000,0x00000000ffb00000)
  from space 2560K, 99% used [0x00000000ffb00000,0x00000000ffd7e630,0x00000000ffd80000)
  to   space 2560K, 0% used [0x00000000ffd80000,0x00000000ffd80000,0x0000000100000000)
 ParOldGen       total 44032K, used 1550K [0x00000000fc000000, 0x00000000feb00000, 0x00000000feb00000)
  object space 44032K, 3% used [0x00000000fc000000,0x00000000fc183a40,0x00000000feb00000)
 Metaspace       used 6969K, capacity 7114K, committed 7296K, reserved 1056768K
  class space    used 816K, capacity 861K, committed 896K, reserved 1048576K
Event: 1.925 GC heap after
Heap after GC invocations=2 (full 0):
 PSYoungGen      total 18944K, used 2547K [0x00000000feb00000, 0x0000000100000000, 0x0000000100000000)
  eden space 16384K, 0% used [0x00000000feb00000,0x00000000feb00000,0x00000000ffb00000)
  from space 2560K, 99% used [0x00000000ffd80000,0x00000000ffffce10,0x0000000100000000)
  to   space 2560K, 0% used [0x00000000ffb00000,0x00000000ffb00000,0x00000000ffd80000)
 ParOldGen       total 44032K, used 5755K [0x00000000fc000000, 0x00000000feb00000, 0x00000000feb00000)
  object space 44032K, 13% used [0x00000000fc000000,0x00000000fc59ef38,0x00000000feb00000)
 Metaspace       used 6969K, capacity 7114K, committed 7296K, reserved 1056768K
  class space    used 816K, capacity 861K, committed 896K, reserved 1048576K
}

Deoptimization events (10 events):
Event: 0.983 Thread 0x0000000002d9d800 Uncommon trap: reason=unstable_if action=reinterpret pc=0x000000000344b208 method=java.util.zip.ZipFile$ZipEntryIterator.hasNext()Z @ 25
Event: 0.983 Thread 0x0000000002d9d800 Uncommon trap: reason=unstable_if action=reinterpret pc=0x00000000034494f8 method=java.util.zip.ZipCoder.decoder()Ljava/nio/charset/CharsetDecoder; @ 4
Event: 0.996 Thread 0x0000000002d9d800 Uncommon trap: reason=unstable_if action=reinterpret pc=0x000000000344855c method=java.util.zip.ZipFile$ZipEntryIterator.hasNext()Z @ 25
Event: 0.996 Thread 0x0000000002d9d800 Uncommon trap: reason=unstable_if action=reinterpret pc=0x0000000003454b6c method=java.util.zip.ZipCoder.decoder()Ljava/nio/charset/CharsetDecoder; @ 4
Event: 1.106 Thread 0x0000000002d9d800 Uncommon trap: reason=unstable_if action=reinterpret pc=0x00000000034529ec method=java.util.zip.ZipCoder.decoder()Ljava/nio/charset/CharsetDecoder; @ 4
Event: 1.107 Thread 0x0000000002d9d800 Uncommon trap: reason=unstable_if action=reinterpret pc=0x0000000003446f58 method=java.util.zip.ZipCoder.decoder()Ljava/nio/charset/CharsetDecoder; @ 4
Event: 1.112 Thread 0x0000000002d9d800 Uncommon trap: reason=unstable_if action=reinterpret pc=0x0000000003467688 method=java.util.HashMap$HashIterator.nextNode()Ljava/util/HashMap$Node; @ 74
Event: 1.803 Thread 0x0000000002d9d800 Uncommon trap: reason=unloaded action=reinterpret pc=0x000000000345697c method=java.util.zip.ZipEntry.setExtra0([BZ)V @ 37
Event: 1.932 Thread 0x0000000002d9d800 Uncommon trap: reason=unstable_if action=reinterpret pc=0x0000000003466548 method=java.util.HashMap$HashIterator.nextNode()Ljava/util/HashMap$Node; @ 74
Event: 1.957 Thread 0x0000000002d9d800 Uncommon trap: reason=unstable_if action=reinterpret pc=0x00000000033c3f78 method=java.lang.String.<init>([CII)V @ 18

Classes redefined (0 events):
No events

Internal exceptions (10 events):
Event: 1.107 Thread 0x0000000002d9d800 Implicit null exception at 0x0000000003446979 to 0x0000000003446f35
Event: 1.263 Thread 0x0000000002d9d800 Exception <a 'sun/nio/fs/WindowsException'> (0x00000000ff211cf8) thrown at [D:\src\AOSP-openjdk-cygwin\jdk8u\hotspot\src\share\vm\prims\jni.cpp, line 709]
Event: 1.263 Thread 0x0000000002d9d800 Exception <a 'sun/nio/fs/WindowsException'> (0x00000000ff2122b8) thrown at [D:\src\AOSP-openjdk-cygwin\jdk8u\hotspot\src\share\vm\prims\jni.cpp, line 709]
Event: 1.263 Thread 0x0000000002d9d800 Exception <a 'sun/nio/fs/WindowsException'> (0x00000000ff212880) thrown at [D:\src\AOSP-openjdk-cygwin\jdk8u\hotspot\src\share\vm\prims\jni.cpp, line 709]
Event: 1.264 Thread 0x0000000002d9d800 Exception <a 'sun/nio/fs/WindowsException'> (0x00000000ff213040) thrown at [D:\src\AOSP-openjdk-cygwin\jdk8u\hotspot\src\share\vm\prims\jni.cpp, line 709]
Event: 1.264 Thread 0x0000000002d9d800 Exception <a 'sun/nio/fs/WindowsException'> (0x00000000ff2135e0) thrown at [D:\src\AOSP-openjdk-cygwin\jdk8u\hotspot\src\share\vm\prims\jni.cpp, line 709]
Event: 1.264 Thread 0x0000000002d9d800 Exception <a 'sun/nio/fs/WindowsException'> (0x00000000ff213d90) thrown at [D:\src\AOSP-openjdk-cygwin\jdk8u\hotspot\src\share\vm\prims\jni.cpp, line 709]
Event: 1.270 Thread 0x0000000002d9d800 Exception <a 'sun/nio/fs/WindowsException'> (0x00000000ff2190d0) thrown at [D:\src\AOSP-openjdk-cygwin\jdk8u\hotspot\src\share\vm\prims\jni.cpp, line 709]
Event: 1.938 Thread 0x0000000002d9d800 Exception <a 'sun/nio/fs/WindowsException'> (0x00000000febe5ee0) thrown at [D:\src\AOSP-openjdk-cygwin\jdk8u\hotspot\src\share\vm\prims\jni.cpp, line 709]
Event: 1.938 Thread 0x0000000002d9d800 Exception <a 'sun/nio/fs/WindowsException'> (0x00000000febe6438) thrown at [D:\src\AOSP-openjdk-cygwin\jdk8u\hotspot\src\share\vm\prims\jni.cpp, line 709]

Events (10 events):
Event: 2.088 loading class sun/util/calendar/CalendarUtils
Event: 2.088 loading class sun/util/calendar/CalendarUtils done
Event: 2.088 loading class java/util/zip/ZipOutputStream$XEntry
Event: 2.088 loading class java/util/zip/ZipOutputStream$XEntry done
Event: 2.089 loading class org/objectweb/asm/Opcodes
Event: 2.089 loading class org/objectweb/asm/Opcodes done
Event: 2.268 loading class org/objectweb/asm/tree/TryCatchBlockNode
Event: 2.268 loading class org/objectweb/asm/tree/TryCatchBlockNode done
Event: 2.269 loading class org/objectweb/asm/Handler
Event: 2.269 loading class org/objectweb/asm/Handler done


Dynamic libraries:
0x00007ff75c570000 - 0x00007ff75c5a1000 	C:\Program Files\Android\Android Studio\jre\bin\java.exe
0x00007ffa30930000 - 0x00007ffa30b11000 	C:\WINDOWS\SYSTEM32\ntdll.dll
0x00007ffa306b0000 - 0x00007ffa30762000 	C:\WINDOWS\System32\KERNEL32.DLL
0x00007ffa2d110000 - 0x00007ffa2d383000 	C:\WINDOWS\System32\KERNELBASE.dll
0x00007ffa2ef50000 - 0x00007ffa2eff1000 	C:\WINDOWS\System32\ADVAPI32.dll
0x00007ffa2e860000 - 0x00007ffa2e8fe000 	C:\WINDOWS\System32\msvcrt.dll
0x00007ffa2dfb0000 - 0x00007ffa2e00b000 	C:\WINDOWS\System32\sechost.dll
0x00007ffa307d0000 - 0x00007ffa308f4000 	C:\WINDOWS\System32\RPCRT4.dll
0x00007ffa30440000 - 0x00007ffa305d0000 	C:\WINDOWS\System32\USER32.dll
0x00007ffa2d390000 - 0x00007ffa2d3b0000 	C:\WINDOWS\System32\win32u.dll
0x00007ffa2df80000 - 0x00007ffa2dfa8000 	C:\WINDOWS\System32\GDI32.dll
0x00007ffa2d510000 - 0x00007ffa2d6a2000 	C:\WINDOWS\System32\gdi32full.dll
0x00007ffa2cff0000 - 0x00007ffa2d08f000 	C:\WINDOWS\System32\msvcp_win.dll
0x00007ffa2d410000 - 0x00007ffa2d50a000 	C:\WINDOWS\System32\ucrtbase.dll
0x00007ffa202d0000 - 0x00007ffa20539000 	C:\WINDOWS\WinSxS\amd64_microsoft.windows.common-controls_6595b64144ccf1df_6.0.17134.112_none_fb3f961b30681c12\COMCTL32.dll
0x00007ffa2e2e0000 - 0x00007ffa2e603000 	C:\WINDOWS\System32\combase.dll
0x00007ffa2d090000 - 0x00007ffa2d10a000 	C:\WINDOWS\System32\bcryptPrimitives.dll
0x00007ffa2e700000 - 0x00007ffa2e72d000 	C:\WINDOWS\System32\IMM32.DLL
0x000000005c210000 - 0x000000005c2e2000 	C:\Program Files\Android\Android Studio\jre\jre\bin\msvcr100.dll
0x000000005c2f0000 - 0x000000005cb2e000 	C:\Program Files\Android\Android Studio\jre\jre\bin\server\jvm.dll
0x00007ffa2eed0000 - 0x00007ffa2eed8000 	C:\WINDOWS\System32\PSAPI.DLL
0x00007ffa29360000 - 0x00007ffa29369000 	C:\WINDOWS\SYSTEM32\WSOCK32.dll
0x00007ffa2eee0000 - 0x00007ffa2ef4c000 	C:\WINDOWS\System32\WS2_32.dll
0x00007ffa29a00000 - 0x00007ffa29a23000 	C:\WINDOWS\SYSTEM32\WINMM.dll
0x00007ffa222f0000 - 0x00007ffa222fa000 	C:\WINDOWS\SYSTEM32\VERSION.dll
0x00007ffa299d0000 - 0x00007ffa299fa000 	C:\WINDOWS\SYSTEM32\WINMMBASE.dll
0x00007ffa2cfa0000 - 0x00007ffa2cfe9000 	C:\WINDOWS\System32\cfgmgr32.dll
0x00007ffa25450000 - 0x00007ffa2545f000 	C:\Program Files\Android\Android Studio\jre\jre\bin\verify.dll
0x00007ffa21870000 - 0x00007ffa21899000 	C:\Program Files\Android\Android Studio\jre\jre\bin\java.dll
0x00007ffa25430000 - 0x00007ffa25446000 	C:\Program Files\Android\Android Studio\jre\jre\bin\zip.dll
0x00007ffa2f000000 - 0x00007ffa30440000 	C:\WINDOWS\System32\SHELL32.dll
0x00007ffa2e230000 - 0x00007ffa2e2d9000 	C:\WINDOWS\System32\shcore.dll
0x00007ffa2d6b0000 - 0x00007ffa2ddbd000 	C:\WINDOWS\System32\windows.storage.dll
0x00007ffa305d0000 - 0x00007ffa30621000 	C:\WINDOWS\System32\shlwapi.dll
0x00007ffa2cc70000 - 0x00007ffa2cc81000 	C:\WINDOWS\System32\kernel.appcore.dll
0x00007ffa2cc90000 - 0x00007ffa2ccaf000 	C:\WINDOWS\System32\profapi.dll
0x00007ffa2ccb0000 - 0x00007ffa2ccfc000 	C:\WINDOWS\System32\powrprof.dll
0x00007ffa2cc60000 - 0x00007ffa2cc6a000 	C:\WINDOWS\System32\FLTLIB.DLL
0x00007ffa2c670000 - 0x00007ffa2c687000 	C:\WINDOWS\SYSTEM32\CRYPTSP.dll
0x00007ffa2c0a0000 - 0x00007ffa2c0d3000 	C:\WINDOWS\system32\rsaenh.dll
0x00007ffa2c7a0000 - 0x00007ffa2c7c5000 	C:\WINDOWS\SYSTEM32\bcrypt.dll
0x00007ffa2cb40000 - 0x00007ffa2cb68000 	C:\WINDOWS\SYSTEM32\USERENV.dll
0x00007ffa2c690000 - 0x00007ffa2c69b000 	C:\WINDOWS\SYSTEM32\CRYPTBASE.dll
0x00007ffa1e870000 - 0x00007ffa1e88a000 	C:\Program Files\Android\Android Studio\jre\jre\bin\net.dll
0x00007ffa2c4c0000 - 0x00007ffa2c526000 	C:\WINDOWS\system32\mswsock.dll
0x00007ffa2c240000 - 0x00007ffa2c278000 	C:\WINDOWS\SYSTEM32\IPHLPAPI.DLL
0x00007ffa2ddc0000 - 0x00007ffa2ddc8000 	C:\WINDOWS\System32\NSI.dll
0x00007ffa27700000 - 0x00007ffa27716000 	C:\WINDOWS\SYSTEM32\dhcpcsvc6.DLL
0x00007ffa27630000 - 0x00007ffa2764a000 	C:\WINDOWS\SYSTEM32\dhcpcsvc.DLL
0x00007ffa154b0000 - 0x00007ffa154c1000 	C:\Program Files\Android\Android Studio\jre\jre\bin\nio.dll

VM Arguments:
jvm_args: -Djava.awt.headless=true -Xmx64M -Dfile.encoding=x-windows-949 -Duser.country=KR -Duser.language=ko -Duser.variant 
java_command: com.google.devtools.build.android.desugar.Desugar @D:\test\app\build\intermediates\tmp\desugar_args8041694568082875269
java_class_path (initial): C:\Users\Goo\AppData\Local\Temp\desugar_deploy.jar1207099034111372273
Launcher Type: SUN_STANDARD

Environment Variables:
PATH=C:\ProgramData\Oracle\Java\javapath;C:\WINDOWS\system32;C:\WINDOWS;C:\WINDOWS\System32\Wbem;C:\WINDOWS\System32\WindowsPowerShell\v1.0\;C:\OpenSSL;;C:\WINDOWS\System32\OpenSSH\;C:\Users\Goo\AppData\Local\Microsoft\WindowsApps;
USERNAME=Goo
OS=Windows_NT
PROCESSOR_IDENTIFIER=Intel64 Family 6 Model 158 Stepping 9, GenuineIntel



---------------  S Y S T E M  ---------------

OS: Windows 10.0 , 64 bit Build 17134 (10.0.17134.1)

CPU:total 8 (initial active 8) (4 cores per cpu, 2 threads per core) family 6 model 158 stepping 9, cmov, cx8, fxsr, mmx, sse, sse2, sse3, ssse3, sse4.1, sse4.2, popcnt, avx, avx2, aes, clmul, erms, 3dnowpref, lzcnt, ht, tsc, tscinvbit, bmi1, bmi2, adx

Memory: 4k page, physical 16692940k(4704368k free), swap 16692940k(4104k free)

vm_info: OpenJDK 64-Bit Server VM (25.152-b01) for windows-amd64 JRE (1.8.0_152-release-915-b01), built by "builder" with MS VC++ 10.0 (VS2010)

time: Fri Jun 15 06:06:33 2018
elapsed time: 2 seconds (0d 0h 0m 2s)

