#
# There is insufficient memory for the Java Runtime Environment to continue.
# Native memory allocation (malloc) failed to allocate 3476976 bytes for Chunk::new
# Possible reasons:
#   The system is out of physical RAM or swap space
#   In 32 bit mode, the process size limit was hit
# Possible solutions:
#   Reduce memory load on the system
#   Increase physical memory or swap space
#   Check if swap backing store is full
#   Use 64 bit Java on a 64 bit OS
#   Decrease Java heap size (-Xmx/-Xms)
#   Decrease number of Java threads
#   Decrease Java thread stack sizes (-Xss)
#   Set larger code cache with -XX:ReservedCodeCacheSize=
# This output file may be truncated or incomplete.
#
#  Out of Memory Error (allocation.cpp:390), pid=6176, tid=0x0000000000000630
#
# JRE version: OpenJDK Runtime Environment (8.0_152-b01) (build 1.8.0_152-release-915-b01)
# Java VM: OpenJDK 64-Bit Server VM (25.152-b01 mixed mode windows-amd64 compressed oops)
# Failed to write core dump. Minidumps are not enabled by default on client versions of Windows
#

---------------  T H R E A D  ---------------

Current thread (0x00000000134fe000):  JavaThread "C2 CompilerThread2" daemon [_thread_in_native, id=1584, stack(0x0000000015cc0000,0x0000000015dc0000)]

Stack: [0x0000000015cc0000,0x0000000015dc0000]
[error occurred during error reporting (printing stack bounds), id 0xc0000005]

Native frames: (J=compiled Java code, j=interpreted, Vv=VM code, C=native code)


Current CompileTask:
C2:   2784  964 %     4       org.objectweb.asm.ClassReader::a @ 1480 (3587 bytes)


---------------  P R O C E S S  ---------------

Java Threads: ( => current thread )
  0x00000000154e8800 JavaThread "Service Thread" daemon [_thread_blocked, id=13496, stack(0x0000000015ec0000,0x0000000015fc0000)]
  0x000000001546c000 JavaThread "C1 CompilerThread3" daemon [_thread_blocked, id=3624, stack(0x0000000015dc0000,0x0000000015ec0000)]
=>0x00000000134fe000 JavaThread "C2 CompilerThread2" daemon [_thread_in_native, id=1584, stack(0x0000000015cc0000,0x0000000015dc0000)]
  0x00000000134fb000 JavaThread "C2 CompilerThread1" daemon [_thread_blocked, id=1656, stack(0x0000000015bc0000,0x0000000015cc0000)]
  0x0000000015450000 JavaThread "C2 CompilerThread0" daemon [_thread_blocked, id=13888, stack(0x0000000015ac0000,0x0000000015bc0000)]
  0x000000001544f000 JavaThread "Attach Listener" daemon [_thread_blocked, id=12236, stack(0x00000000159c0000,0x0000000015ac0000)]
  0x00000000153e5000 JavaThread "Signal Dispatcher" daemon [_thread_blocked, id=140, stack(0x00000000158c0000,0x00000000159c0000)]
  0x0000000002d3e000 JavaThread "Finalizer" daemon [_thread_blocked, id=13084, stack(0x00000000157c0000,0x00000000158c0000)]
  0x0000000002d37000 JavaThread "Reference Handler" daemon [_thread_blocked, id=4504, stack(0x00000000152c0000,0x00000000153c0000)]
  0x0000000002b3d800 JavaThread "main" [_thread_blocked, id=3472, stack(0x0000000002b40000,0x0000000002c40000)]

Other Threads:
  0x00000000134e5800 VMThread [stack: 0x00000000151c0000,0x00000000152c0000] [id=11220]
  0x00000000154be000 WatcherThread [stack: 0x0000000015fc0000,0x00000000160c0000] [id=14660]

VM state:at safepoint (normal execution)

VM Mutex/Monitor currently owned by a thread:  ([mutex/lock_event])
[0x0000000002b3c720] Threads_lock - owner thread: 0x00000000134e5800
[0x0000000002b3caa0] Heap_lock - owner thread: 0x0000000002b3d800

Heap:
 PSYoungGen      total 18944K, used 18929K [0x00000000feb00000, 0x0000000100000000, 0x0000000100000000)
  eden space 16384K, 100% used [0x00000000feb00000,0x00000000ffb00000,0x00000000ffb00000)
  from space 2560K, 99% used [0x00000000ffb00000,0x00000000ffd7c5a0,0x00000000ffd80000)
  to   space 2560K, 99% used [0x00000000ffd80000,0x00000000ffffc5b0,0x0000000100000000)
 ParOldGen       total 44032K, used 7585K [0x00000000fc000000, 0x00000000feb00000, 0x00000000feb00000)
  object space 44032K, 17% used [0x00000000fc000000,0x00000000fc7686f8,0x00000000feb00000)
 Metaspace       used 7803K, capacity 8042K, committed 8192K, reserved 1056768K
  class space    used 875K, capacity 957K, committed 1024K, reserved 1048576K

Card table byte_map: [0x0000000002690000,0x00000000026c0000] byte_map_base: 0x0000000001eb0000

Marking Bits: (ParMarkBitMap*) 0x000000005ca73950
 Begin Bits: [0x0000000012900000, 0x0000000012a00000)
 End Bits:   [0x0000000012a00000, 0x0000000012b00000)

Polling page: 0x0000000000d70000

CodeCache: size=245760Kb used=4390Kb max_used=4401Kb free=241370Kb
 bounds [0x0000000002d40000, 0x00000000031a0000, 0x0000000011d40000]
 total_blobs=1525 nmethods=1190 adapters=248
 compilation: enabled

Compilation events (10 events):
Event: 2.686 Thread 0x00000000134fb000 nmethod 1189 0x0000000003184fd0 code [0x0000000003185140, 0x0000000003185678]
Event: 2.687 Thread 0x00000000134fb000 1191       4       org.objectweb.asm.ByteVector::putUTF8 (142 bytes)
Event: 2.692 Thread 0x000000001546c000 1198       3       com.google.devtools.build.android.desugar.DefaultMethodClassFixer::shouldStubAsDefaultMethod (46 bytes)
Event: 2.693 Thread 0x000000001546c000 nmethod 1198 0x000000000318bad0 code [0x000000000318bd00, 0x000000000318ca98]
Event: 2.694 Thread 0x000000001546c000 1199       3       org.objectweb.asm.ClassWriter::visitAnnotation (76 bytes)
Event: 2.694 Thread 0x000000001546c000 nmethod 1199 0x000000000318d050 code [0x000000000318d220, 0x000000000318d8b8]
Event: 2.694 Thread 0x00000000134fb000 nmethod 1191 0x000000000318f990 code [0x000000000318fb00, 0x00000000031901c8]
Event: 2.695 Thread 0x00000000134fb000 1193       4       org.objectweb.asm.ClassWriter::newUTF8 (70 bytes)
Event: 2.699 Thread 0x000000001546c000 1200       3       org.objectweb.asm.MethodVisitor::visitParameterAnnotation (20 bytes)
Event: 2.699 Thread 0x000000001546c000 nmethod 1200 0x000000000318b610 code [0x000000000318b780, 0x000000000318b9e8]

GC Heap History (7 events):
Event: 0.994 GC heap before
{Heap before GC invocations=1 (full 0):
 PSYoungGen      total 18944K, used 16384K [0x00000000feb00000, 0x0000000100000000, 0x0000000100000000)
  eden space 16384K, 100% used [0x00000000feb00000,0x00000000ffb00000,0x00000000ffb00000)
  from space 2560K, 0% used [0x00000000ffd80000,0x00000000ffd80000,0x0000000100000000)
  to   space 2560K, 0% used [0x00000000ffb00000,0x00000000ffb00000,0x00000000ffd80000)
 ParOldGen       total 44032K, used 0K [0x00000000fc000000, 0x00000000feb00000, 0x00000000feb00000)
  object space 44032K, 0% used [0x00000000fc000000,0x00000000fc000000,0x00000000feb00000)
 Metaspace       used 6630K, capacity 6808K, committed 7040K, reserved 1056768K
  class space    used 773K, capacity 824K, committed 896K, reserved 1048576K
Event: 1.011 GC heap after
Heap after GC invocations=1 (full 0):
 PSYoungGen      total 18944K, used 2537K [0x00000000feb00000, 0x0000000100000000, 0x0000000100000000)
  eden space 16384K, 0% used [0x00000000feb00000,0x00000000feb00000,0x00000000ffb00000)
  from space 2560K, 99% used [0x00000000ffb00000,0x00000000ffd7a620,0x00000000ffd80000)
  to   space 2560K, 0% used [0x00000000ffd80000,0x00000000ffd80000,0x0000000100000000)
 ParOldGen       total 44032K, used 1593K [0x00000000fc000000, 0x00000000feb00000, 0x00000000feb00000)
  object space 44032K, 3% used [0x00000000fc000000,0x00000000fc18e6d8,0x00000000feb00000)
 Metaspace       used 6630K, capacity 6808K, committed 7040K, reserved 1056768K
  class space    used 773K, capacity 824K, committed 896K, reserved 1048576K
}
Event: 1.448 GC heap before
{Heap before GC invocations=2 (full 0):
 PSYoungGen      total 18944K, used 18921K [0x00000000feb00000, 0x0000000100000000, 0x0000000100000000)
  eden space 16384K, 100% used [0x00000000feb00000,0x00000000ffb00000,0x00000000ffb00000)
  from space 2560K, 99% used [0x00000000ffb00000,0x00000000ffd7a620,0x00000000ffd80000)
  to   space 2560K, 0% used [0x00000000ffd80000,0x00000000ffd80000,0x0000000100000000)
 ParOldGen       total 44032K, used 1593K [0x00000000fc000000, 0x00000000feb00000, 0x00000000feb00000)
  object space 44032K, 3% used [0x00000000fc000000,0x00000000fc18e6d8,0x00000000feb00000)
 Metaspace       used 6977K, capacity 7114K, committed 7296K, reserved 1056768K
  class space    used 816K, capacity 861K, committed 896K, reserved 1048576K
Event: 1.489 GC heap after
Heap after GC invocations=2 (full 0):
 PSYoungGen      total 18944K, used 2547K [0x00000000feb00000, 0x0000000100000000, 0x0000000100000000)
  eden space 16384K, 0% used [0x00000000feb00000,0x00000000feb00000,0x00000000ffb00000)
  from space 2560K, 99% used [0x00000000ffd80000,0x00000000ffffce10,0x0000000100000000)
  to   space 2560K, 0% used [0x00000000ffb00000,0x00000000ffb00000,0x00000000ffd80000)
 ParOldGen       total 44032K, used 5910K [0x00000000fc000000, 0x00000000feb00000, 0x00000000feb00000)
  object space 44032K, 13% used [0x00000000fc000000,0x00000000fc5c5bd0,0x00000000feb00000)
 Metaspace       used 6977K, capacity 7114K, committed 7296K, reserved 1056768K
  class space    used 816K, capacity 861K, committed 896K, reserved 1048576K
}
Event: 2.193 GC heap before
{Heap before GC invocations=3 (full 0):
 PSYoungGen      total 18944K, used 18931K [0x00000000feb00000, 0x0000000100000000, 0x0000000100000000)
  eden space 16384K, 100% used [0x00000000feb00000,0x00000000ffb00000,0x00000000ffb00000)
  from space 2560K, 99% used [0x00000000ffd80000,0x00000000ffffce10,0x0000000100000000)
  to   space 2560K, 0% used [0x00000000ffb00000,0x00000000ffb00000,0x00000000ffd80000)
 ParOldGen       total 44032K, used 5910K [0x00000000fc000000, 0x00000000feb00000, 0x00000000feb00000)
  object space 44032K, 13% used [0x00000000fc000000,0x00000000fc5c5bd0,0x00000000feb00000)
 Metaspace       used 7775K, capacity 7914K, committed 8192K, reserved 1056768K
  class space    used 875K, capacity 957K, committed 1024K, reserved 1048576K
Event: 2.576 GC heap after
Heap after GC invocations=3 (full 0):
 PSYoungGen      total 18944K, used 2545K [0x00000000feb00000, 0x0000000100000000, 0x0000000100000000)
  eden space 16384K, 0% used [0x00000000feb00000,0x00000000feb00000,0x00000000ffb00000)
  from space 2560K, 99% used [0x00000000ffb00000,0x00000000ffd7c5a0,0x00000000ffd80000)
  to   space 2560K, 0% used [0x00000000ffd80000,0x00000000ffd80000,0x0000000100000000)
 ParOldGen       total 44032K, used 7205K [0x00000000fc000000, 0x00000000feb00000, 0x00000000feb00000)
  object space 44032K, 16% used [0x00000000fc000000,0x00000000fc7096e8,0x00000000feb00000)
 Metaspace       used 7775K, capacity 7914K, committed 8192K, reserved 1056768K
  class space    used 875K, capacity 957K, committed 1024K, reserved 1048576K
}
Event: 2.700 GC heap before
{Heap before GC invocations=4 (full 0):
 PSYoungGen      total 18944K, used 18929K [0x00000000feb00000, 0x0000000100000000, 0x0000000100000000)
  eden space 16384K, 100% used [0x00000000feb00000,0x00000000ffb00000,0x00000000ffb00000)
  from space 2560K, 99% used [0x00000000ffb00000,0x00000000ffd7c5a0,0x00000000ffd80000)
  to   space 2560K, 0% used [0x00000000ffd80000,0x00000000ffd80000,0x0000000100000000)
 ParOldGen       total 44032K, used 7205K [0x00000000fc000000, 0x00000000feb00000, 0x00000000feb00000)
  object space 44032K, 16% used [0x00000000fc000000,0x00000000fc7096e8,0x00000000feb00000)
 Metaspace       used 7803K, capacity 8042K, committed 8192K, reserved 1056768K
  class space    used 875K, capacity 957K, committed 1024K, reserved 1048576K

Deoptimization events (10 events):
Event: 2.136 Thread 0x0000000002b3d800 Uncommon trap: reason=unstable_if action=reinterpret pc=0x000000000310a4a8 method=java.io.BufferedOutputStream.write(I)V @ 9
Event: 2.585 Thread 0x0000000002b3d800 Uncommon trap: reason=unstable_if action=reinterpret pc=0x0000000003127828 method=org.objectweb.asm.MethodWriter.visitFieldInsn(ILjava/lang/String;Ljava/lang/String;Ljava/lang/String;)V @ 200
Event: 2.585 Thread 0x0000000002b3d800 Uncommon trap: reason=unstable_if action=reinterpret pc=0x00000000031478c8 method=org.objectweb.asm.MethodWriter.visitVarInsn(II)V @ 148
Event: 2.614 Thread 0x0000000002b3d800 Uncommon trap: reason=null_check action=make_not_entrant pc=0x0000000003179748 method=com.google.devtools.build.android.desugar.InterfaceDesugaring$InterfaceInvocationRewriter.visitMethodInsn(ILjava/lang/String;Ljava/lang/String;Ljava/lang/String;Z)V @ 10
Event: 2.647 Thread 0x0000000002b3d800 Uncommon trap: reason=unstable_if action=reinterpret pc=0x00000000030a9afc method=org.objectweb.asm.ClassReader.a(II[C)Ljava/lang/String; @ 77
Event: 2.648 Thread 0x0000000002b3d800 Uncommon trap: reason=unstable_if action=reinterpret pc=0x00000000030cf9fc method=org.objectweb.asm.ByteVector.putUTF8(Ljava/lang/String;)Lorg/objectweb/asm/ByteVector; @ 91
Event: 2.651 Thread 0x0000000002b3d800 Uncommon trap: reason=unstable_if action=reinterpret pc=0x00000000030a54bc method=org.objectweb.asm.ClassReader.a(II[C)Ljava/lang/String; @ 77
Event: 2.651 Thread 0x0000000002b3d800 Uncommon trap: reason=unstable_if action=reinterpret pc=0x0000000002eee0b8 method=java.lang.String.<init>([CII)V @ 18
Event: 2.651 Thread 0x0000000002b3d800 Uncommon trap: reason=unstable_if action=reinterpret pc=0x00000000030705f0 method=org.objectweb.asm.ByteVector.putUTF8(Ljava/lang/String;)Lorg/objectweb/asm/ByteVector; @ 91
Event: 2.666 Thread 0x0000000002b3d800 Uncommon trap: reason=unstable_if action=reinterpret pc=0x0000000003156df0 method=org.objectweb.asm.MethodWriter.visitVarInsn(II)V @ 148

Classes redefined (0 events):
No events

Internal exceptions (10 events):
Event: 1.269 Thread 0x0000000002b3d800 Exception <a 'sun/nio/fs/WindowsException'> (0x00000000ff21c860) thrown at [D:\src\AOSP-openjdk-cygwin\jdk8u\hotspot\src\share\vm\prims\jni.cpp, line 709]
Event: 1.498 Thread 0x0000000002b3d800 Exception <a 'sun/nio/fs/WindowsException'> (0x00000000febc1f00) thrown at [D:\src\AOSP-openjdk-cygwin\jdk8u\hotspot\src\share\vm\prims\jni.cpp, line 709]
Event: 1.498 Thread 0x0000000002b3d800 Exception <a 'sun/nio/fs/WindowsException'> (0x00000000febc2458) thrown at [D:\src\AOSP-openjdk-cygwin\jdk8u\hotspot\src\share\vm\prims\jni.cpp, line 709]
Event: 1.557 Thread 0x0000000002b3d800 Exception <a 'sun/nio/fs/WindowsException'> (0x00000000febcdc58) thrown at [D:\src\AOSP-openjdk-cygwin\jdk8u\hotspot\src\share\vm\prims\jni.cpp, line 709]
Event: 1.558 Thread 0x0000000002b3d800 Exception <a 'sun/nio/fs/WindowsException'> (0x00000000febce130) thrown at [D:\src\AOSP-openjdk-cygwin\jdk8u\hotspot\src\share\vm\prims\jni.cpp, line 709]
Event: 1.667 Thread 0x0000000002b3d800 Exception <a 'sun/nio/fs/WindowsException'> (0x00000000febd15d8) thrown at [D:\src\AOSP-openjdk-cygwin\jdk8u\hotspot\src\share\vm\prims\jni.cpp, line 709]
Event: 1.667 Thread 0x0000000002b3d800 Exception <a 'sun/nio/fs/WindowsException'> (0x00000000febd1ab0) thrown at [D:\src\AOSP-openjdk-cygwin\jdk8u\hotspot\src\share\vm\prims\jni.cpp, line 709]
Event: 1.686 Thread 0x0000000002b3d800 Exception <a 'sun/nio/fs/WindowsException'> (0x00000000febd4f68) thrown at [D:\src\AOSP-openjdk-cygwin\jdk8u\hotspot\src\share\vm\prims\jni.cpp, line 709]
Event: 1.686 Thread 0x0000000002b3d800 Exception <a 'sun/nio/fs/WindowsException'> (0x00000000febd5440) thrown at [D:\src\AOSP-openjdk-cygwin\jdk8u\hotspot\src\share\vm\prims\jni.cpp, line 709]
Event: 2.614 Thread 0x0000000002b3d800 Implicit null exception at 0x000000000317947e to 0x0000000003179725

Events (10 events):
Event: 2.651 Thread 0x0000000002b3d800 Uncommon trap: trap_request=0xffffff65 fr.pc=0x0000000002eee0b8
Event: 2.651 Thread 0x0000000002b3d800 DEOPT PACKING pc=0x0000000002eee0b8 sp=0x0000000002c3e480
Event: 2.651 Thread 0x0000000002b3d800 DEOPT UNPACKING pc=0x0000000002d8556a sp=0x0000000002c3e448 mode 2
Event: 2.651 Thread 0x0000000002b3d800 Uncommon trap: trap_request=0xffffff65 fr.pc=0x00000000030705f0
Event: 2.651 Thread 0x0000000002b3d800 DEOPT PACKING pc=0x00000000030705f0 sp=0x0000000002c3e690
Event: 2.651 Thread 0x0000000002b3d800 DEOPT UNPACKING pc=0x0000000002d8556a sp=0x0000000002c3e618 mode 2
Event: 2.666 Thread 0x0000000002b3d800 Uncommon trap: trap_request=0xffffff65 fr.pc=0x0000000003156df0
Event: 2.666 Thread 0x0000000002b3d800 DEOPT PACKING pc=0x0000000003156df0 sp=0x0000000002c3e900
Event: 2.666 Thread 0x0000000002b3d800 DEOPT UNPACKING pc=0x0000000002d8556a sp=0x0000000002c3e7f8 mode 2
Event: 2.700 Executing VM operation: ParallelGCFailedAllocation


Dynamic libraries:
0x00007ff6a0ea0000 - 0x00007ff6a0ed1000 	C:\Program Files\Android\Android Studio\jre\bin\java.exe
0x00007fffff1d0000 - 0x00007fffff3b1000 	C:\WINDOWS\SYSTEM32\ntdll.dll
0x00007ffffe800000 - 0x00007ffffe8b2000 	C:\WINDOWS\System32\KERNEL32.DLL
0x00007ffffb5f0000 - 0x00007ffffb863000 	C:\WINDOWS\System32\KERNELBASE.dll
0x00007ffffea60000 - 0x00007ffffeb01000 	C:\WINDOWS\System32\ADVAPI32.dll
0x00007ffffcb10000 - 0x00007ffffcbae000 	C:\WINDOWS\System32\msvcrt.dll
0x00007ffffec10000 - 0x00007ffffec6b000 	C:\WINDOWS\System32\sechost.dll
0x00007ffffe340000 - 0x00007ffffe464000 	C:\WINDOWS\System32\RPCRT4.dll
0x00007ffffc660000 - 0x00007ffffc7f0000 	C:\WINDOWS\System32\USER32.dll
0x00007ffffbbe0000 - 0x00007ffffbc00000 	C:\WINDOWS\System32\win32u.dll
0x00007ffffcad0000 - 0x00007ffffcaf8000 	C:\WINDOWS\System32\GDI32.dll
0x00007ffffc460000 - 0x00007ffffc5f2000 	C:\WINDOWS\System32\gdi32full.dll
0x00007ffffbc00000 - 0x00007ffffbc9f000 	C:\WINDOWS\System32\msvcp_win.dll
0x00007ffffbae0000 - 0x00007ffffbbda000 	C:\WINDOWS\System32\ucrtbase.dll
0x00007fffee3c0000 - 0x00007fffee629000 	C:\WINDOWS\WinSxS\amd64_microsoft.windows.common-controls_6595b64144ccf1df_6.0.17134.48_none_b4b2216a3cb4dd3e\COMCTL32.dll
0x00007ffffe470000 - 0x00007ffffe793000 	C:\WINDOWS\System32\combase.dll
0x00007ffffba60000 - 0x00007ffffbada000 	C:\WINDOWS\System32\bcryptPrimitives.dll
0x00007ffffe1b0000 - 0x00007ffffe1dd000 	C:\WINDOWS\System32\IMM32.DLL
0x000000005dbc0000 - 0x000000005dc92000 	C:\Program Files\Android\Android Studio\jre\jre\bin\msvcr100.dll
0x000000005c2b0000 - 0x000000005caee000 	C:\Program Files\Android\Android Studio\jre\jre\bin\server\jvm.dll
0x00007ffffc7f0000 - 0x00007ffffc7f8000 	C:\WINDOWS\System32\PSAPI.DLL
0x00007fffead30000 - 0x00007fffead39000 	C:\WINDOWS\SYSTEM32\WSOCK32.dll
0x00007ffffcc30000 - 0x00007ffffcc9c000 	C:\WINDOWS\System32\WS2_32.dll
0x00007ffff9180000 - 0x00007ffff91a3000 	C:\WINDOWS\SYSTEM32\WINMM.dll
0x00007ffff3a50000 - 0x00007ffff3a5a000 	C:\WINDOWS\SYSTEM32\VERSION.dll
0x00007ffff9150000 - 0x00007ffff917a000 	C:\WINDOWS\SYSTEM32\winmmbase.dll
0x00007ffffb5a0000 - 0x00007ffffb5e9000 	C:\WINDOWS\System32\cfgmgr32.dll
0x00007fffea1e0000 - 0x00007fffea1ef000 	C:\Program Files\Android\Android Studio\jre\jre\bin\verify.dll
0x00007fffe5510000 - 0x00007fffe5539000 	C:\Program Files\Android\Android Studio\jre\jre\bin\java.dll
0x00007fffe8e00000 - 0x00007fffe8e16000 	C:\Program Files\Android\Android Studio\jre\jre\bin\zip.dll
0x00007ffffcd70000 - 0x00007ffffe1b0000 	C:\WINDOWS\System32\SHELL32.dll
0x00007ffffca20000 - 0x00007ffffcac9000 	C:\WINDOWS\System32\shcore.dll
0x00007ffffbca0000 - 0x00007ffffc3ad000 	C:\WINDOWS\System32\windows.storage.dll
0x00007fffff120000 - 0x00007fffff171000 	C:\WINDOWS\System32\shlwapi.dll
0x00007ffffb560000 - 0x00007ffffb571000 	C:\WINDOWS\System32\kernel.appcore.dll
0x00007ffffb530000 - 0x00007ffffb54f000 	C:\WINDOWS\System32\profapi.dll
0x00007ffffb4e0000 - 0x00007ffffb52c000 	C:\WINDOWS\System32\powrprof.dll
0x00007ffffb550000 - 0x00007ffffb55a000 	C:\WINDOWS\System32\FLTLIB.DLL
0x00007ffffaf10000 - 0x00007ffffaf27000 	C:\WINDOWS\SYSTEM32\CRYPTSP.dll
0x00007ffffa940000 - 0x00007ffffa973000 	C:\WINDOWS\system32\rsaenh.dll
0x00007ffffb040000 - 0x00007ffffb065000 	C:\WINDOWS\SYSTEM32\bcrypt.dll
0x00007ffffb3e0000 - 0x00007ffffb408000 	C:\WINDOWS\SYSTEM32\USERENV.dll
0x00007ffffaf30000 - 0x00007ffffaf3b000 	C:\WINDOWS\SYSTEM32\CRYPTBASE.dll
0x00007fffe70d0000 - 0x00007fffe70ea000 	C:\Program Files\Android\Android Studio\jre\jre\bin\net.dll
0x00007ffffad60000 - 0x00007ffffadc6000 	C:\WINDOWS\system32\mswsock.dll
0x00007ffffaae0000 - 0x00007ffffab18000 	C:\WINDOWS\SYSTEM32\IPHLPAPI.DLL
0x00007ffffcb00000 - 0x00007ffffcb08000 	C:\WINDOWS\System32\NSI.dll
0x00007ffff3f90000 - 0x00007ffff3fa6000 	C:\WINDOWS\SYSTEM32\dhcpcsvc6.DLL
0x00007ffff3f70000 - 0x00007ffff3f8a000 	C:\WINDOWS\SYSTEM32\dhcpcsvc.DLL
0x00007fffe52f0000 - 0x00007fffe5301000 	C:\Program Files\Android\Android Studio\jre\jre\bin\nio.dll

VM Arguments:
jvm_args: -Djava.awt.headless=true -Xmx64M -Dfile.encoding=x-windows-949 -Duser.country=KR -Duser.language=ko -Duser.variant 
java_command: com.google.devtools.build.android.desugar.Desugar @D:\test\app\build\intermediates\tmp\desugar_args830460933546011023
java_class_path (initial): C:\Users\Goo\AppData\Local\Temp\desugar_deploy.jar7104283562246870098
Launcher Type: SUN_STANDARD

Environment Variables:
PATH=C:\ProgramData\Oracle\Java\javapath;C:\WINDOWS\system32;C:\WINDOWS;C:\WINDOWS\System32\Wbem;C:\WINDOWS\System32\WindowsPowerShell\v1.0\;C:\OpenSSL;;C:\WINDOWS\System32\OpenSSH\;C:\Users\Goo\AppData\Local\Microsoft\WindowsApps;
USERNAME=Goo
OS=Windows_NT
PROCESSOR_IDENTIFIER=Intel64 Family 6 Model 158 Stepping 9, GenuineIntel



---------------  S Y S T E M  ---------------

OS: Windows 10.0 , 64 bit Build 17134 (10.0.17134.1)

CPU:total 8 (initial active 8) (4 cores per cpu, 2 threads per core) family 6 model 158 stepping 9, cmov, cx8, fxsr, mmx, sse, sse2, sse3, ssse3, sse4.1, sse4.2, popcnt, avx, avx2, aes, clmul, erms, 3dnowpref, lzcnt, ht, tsc, tscinvbit, bmi1, bmi2, adx

Memory: 4k page, physical 16692940k(2431844k free), swap 16692940k(4652k free)

vm_info: OpenJDK 64-Bit Server VM (25.152-b01) for windows-amd64 JRE (1.8.0_152-release-915-b01), built by "builder" with MS VC++ 10.0 (VS2010)

time: Fri Jun 08 03:20:19 2018
elapsed time: 2 seconds (0d 0h 0m 2s)

