#
# There is insufficient memory for the Java Runtime Environment to continue.
# Native memory allocation (malloc) failed to allocate 32744 bytes for ChunkPool::allocate
# Possible reasons:
#   The system is out of physical RAM or swap space
#   In 32 bit mode, the process size limit was hit
# Possible solutions:
#   Reduce memory load on the system
#   Increase physical memory or swap space
#   Check if swap backing store is full
#   Use 64 bit Java on a 64 bit OS
#   Decrease Java heap size (-Xmx/-Xms)
#   Decrease number of Java threads
#   Decrease Java thread stack sizes (-Xss)
#   Set larger code cache with -XX:ReservedCodeCacheSize=
# This output file may be truncated or incomplete.
#
#  Out of Memory Error (allocation.cpp:273), pid=12872, tid=0x0000000000003bb0
#
# JRE version: OpenJDK Runtime Environment (8.0_152-b01) (build 1.8.0_152-release-915-b01)
# Java VM: OpenJDK 64-Bit Server VM (25.152-b01 mixed mode windows-amd64 compressed oops)
# Failed to write core dump. Minidumps are not enabled by default on client versions of Windows
#

---------------  T H R E A D  ---------------

Current thread (0x000000001589e800):  JavaThread "C2 CompilerThread0" daemon [_thread_in_native, id=15280, stack(0x0000000015fa0000,0x00000000160a0000)]

Stack: [0x0000000015fa0000,0x00000000160a0000]
[error occurred during error reporting (printing stack bounds), id 0xc0000005]

Native frames: (J=compiled Java code, j=interpreted, Vv=VM code, C=native code)


Current CompileTask:
C2:   3249 1208       4       java.nio.file.FileTreeIterator::fetchNextIfNeeded (65 bytes)


---------------  P R O C E S S  ---------------

Java Threads: ( => current thread )
  0x000000001591e000 JavaThread "Service Thread" daemon [_thread_blocked, id=10460, stack(0x00000000163a0000,0x00000000164a0000)]
  0x00000000158ab000 JavaThread "C1 CompilerThread3" daemon [_thread_blocked, id=3300, stack(0x00000000162a0000,0x00000000163a0000)]
  0x000000001391e800 JavaThread "C2 CompilerThread2" daemon [_thread_blocked, id=13384, stack(0x00000000161a0000,0x00000000162a0000)]
  0x000000001391a800 JavaThread "C2 CompilerThread1" daemon [_thread_in_native, id=2940, stack(0x00000000160a0000,0x00000000161a0000)]
=>0x000000001589e800 JavaThread "C2 CompilerThread0" daemon [_thread_in_native, id=15280, stack(0x0000000015fa0000,0x00000000160a0000)]
  0x000000001589d000 JavaThread "Attach Listener" daemon [_thread_blocked, id=1484, stack(0x0000000015ea0000,0x0000000015fa0000)]
  0x000000001584a000 JavaThread "Signal Dispatcher" daemon [_thread_blocked, id=5536, stack(0x0000000015da0000,0x0000000015ea0000)]
  0x000000000315e000 JavaThread "Finalizer" daemon [_thread_blocked, id=9472, stack(0x0000000015c10000,0x0000000015d10000)]
  0x0000000003157000 JavaThread "Reference Handler" daemon [_thread_blocked, id=13108, stack(0x0000000015710000,0x0000000015810000)]
  0x0000000002f5d800 JavaThread "main" [_thread_in_native, id=10596, stack(0x0000000002f60000,0x0000000003060000)]

Other Threads:
  0x0000000013905000 VMThread [stack: 0x0000000015610000,0x0000000015710000] [id=7488]
  0x000000001591f000 WatcherThread [stack: 0x00000000164a0000,0x00000000165a0000] [id=7860]

VM state:not at safepoint (normal execution)

VM Mutex/Monitor currently owned by a thread: None

Heap:
 PSYoungGen      total 18944K, used 9707K [0x00000000feb00000, 0x0000000100000000, 0x0000000100000000)
  eden space 16384K, 43% used [0x00000000feb00000,0x00000000ff1fde70,0x00000000ffb00000)
  from space 2560K, 99% used [0x00000000ffd80000,0x00000000ffffcd98,0x0000000100000000)
  to   space 2560K, 0% used [0x00000000ffb00000,0x00000000ffb00000,0x00000000ffd80000)
 ParOldGen       total 44032K, used 7054K [0x00000000fc000000, 0x00000000feb00000, 0x00000000feb00000)
  object space 44032K, 16% used [0x00000000fc000000,0x00000000fc6e39d8,0x00000000feb00000)
 Metaspace       used 7805K, capacity 7970K, committed 8192K, reserved 1056768K
  class space    used 878K, capacity 957K, committed 1024K, reserved 1048576K

Card table byte_map: [0x0000000002ed0000,0x0000000002f00000] byte_map_base: 0x00000000026f0000

Marking Bits: (ParMarkBitMap*) 0x0000000064643950
 Begin Bits: [0x0000000012d20000, 0x0000000012e20000)
 End Bits:   [0x0000000012e20000, 0x0000000012f20000)

Polling page: 0x0000000000ee0000

CodeCache: size=245760Kb used=4429Kb max_used=4441Kb free=241330Kb
 bounds [0x0000000003160000, 0x00000000035c0000, 0x0000000012160000]
 total_blobs=1543 nmethods=1208 adapters=248
 compilation: enabled

Compilation events (10 events):
Event: 3.043 Thread 0x000000001391e800 nmethod 1204 0x000000000350cb90 code [0x000000000350ccc0, 0x000000000350cd58]
Event: 3.046 Thread 0x00000000158ab000 1205   !   3       sun.nio.fs.WindowsDirectoryStream::close (59 bytes)
Event: 3.047 Thread 0x00000000158ab000 nmethod 1205 0x00000000035b7190 code [0x00000000035b7340, 0x00000000035b78a8]
Event: 3.055 Thread 0x00000000158ab000 1207       3       sun.nio.fs.WindowsPath::needsSlashWhenResolving (37 bytes)
Event: 3.056 Thread 0x00000000158ab000 nmethod 1207 0x00000000035b67d0 code [0x00000000035b6960, 0x00000000035b6f28]
Event: 3.068 Thread 0x000000001589e800 1208       4       java.nio.file.FileTreeIterator::fetchNextIfNeeded (65 bytes)
Event: 3.071 Thread 0x000000001391e800 1209       4       sun.nio.fs.WindowsPathParser::parse (384 bytes)
Event: 3.082 Thread 0x000000001391e800 nmethod 1209 0x00000000035b9a90 code [0x00000000035b9c60, 0x00000000035ba518]
Event: 3.159 Thread 0x000000001391e800 1210   !   4       sun.nio.fs.WindowsPath::createFromNormalizedPath (65 bytes)
Event: 3.163 Thread 0x000000001391e800 nmethod 1210 0x00000000035b4b90 code [0x00000000035b4d20, 0x00000000035b5048]

GC Heap History (8 events):
Event: 1.239 GC heap before
{Heap before GC invocations=1 (full 0):
 PSYoungGen      total 18944K, used 16384K [0x00000000feb00000, 0x0000000100000000, 0x0000000100000000)
  eden space 16384K, 100% used [0x00000000feb00000,0x00000000ffb00000,0x00000000ffb00000)
  from space 2560K, 0% used [0x00000000ffd80000,0x00000000ffd80000,0x0000000100000000)
  to   space 2560K, 0% used [0x00000000ffb00000,0x00000000ffb00000,0x00000000ffd80000)
 ParOldGen       total 44032K, used 0K [0x00000000fc000000, 0x00000000feb00000, 0x00000000feb00000)
  object space 44032K, 0% used [0x00000000fc000000,0x00000000fc000000,0x00000000feb00000)
 Metaspace       used 6622K, capacity 6800K, committed 7040K, reserved 1056768K
  class space    used 773K, capacity 824K, committed 896K, reserved 1048576K
Event: 1.284 GC heap after
Heap after GC invocations=1 (full 0):
 PSYoungGen      total 18944K, used 2537K [0x00000000feb00000, 0x0000000100000000, 0x0000000100000000)
  eden space 16384K, 0% used [0x00000000feb00000,0x00000000feb00000,0x00000000ffb00000)
  from space 2560K, 99% used [0x00000000ffb00000,0x00000000ffd7a620,0x00000000ffd80000)
  to   space 2560K, 0% used [0x00000000ffd80000,0x00000000ffd80000,0x0000000100000000)
 ParOldGen       total 44032K, used 1727K [0x00000000fc000000, 0x00000000feb00000, 0x00000000feb00000)
  object space 44032K, 3% used [0x00000000fc000000,0x00000000fc1afc78,0x00000000feb00000)
 Metaspace       used 6622K, capacity 6800K, committed 7040K, reserved 1056768K
  class space    used 773K, capacity 824K, committed 896K, reserved 1048576K
}
Event: 1.561 GC heap before
{Heap before GC invocations=2 (full 0):
 PSYoungGen      total 18944K, used 18921K [0x00000000feb00000, 0x0000000100000000, 0x0000000100000000)
  eden space 16384K, 100% used [0x00000000feb00000,0x00000000ffb00000,0x00000000ffb00000)
  from space 2560K, 99% used [0x00000000ffb00000,0x00000000ffd7a620,0x00000000ffd80000)
  to   space 2560K, 0% used [0x00000000ffd80000,0x00000000ffd80000,0x0000000100000000)
 ParOldGen       total 44032K, used 1727K [0x00000000fc000000, 0x00000000feb00000, 0x00000000feb00000)
  object space 44032K, 3% used [0x00000000fc000000,0x00000000fc1afc78,0x00000000feb00000)
 Metaspace       used 6973K, capacity 7106K, committed 7296K, reserved 1056768K
  class space    used 816K, capacity 861K, committed 896K, reserved 1048576K
Event: 1.567 GC heap after
Heap after GC invocations=2 (full 0):
 PSYoungGen      total 18944K, used 2557K [0x00000000feb00000, 0x0000000100000000, 0x0000000100000000)
  eden space 16384K, 0% used [0x00000000feb00000,0x00000000feb00000,0x00000000ffb00000)
  from space 2560K, 99% used [0x00000000ffd80000,0x00000000fffff430,0x0000000100000000)
  to   space 2560K, 0% used [0x00000000ffb00000,0x00000000ffb00000,0x00000000ffd80000)
 ParOldGen       total 44032K, used 5788K [0x00000000fc000000, 0x00000000feb00000, 0x00000000feb00000)
  object space 44032K, 13% used [0x00000000fc000000,0x00000000fc5a7160,0x00000000feb00000)
 Metaspace       used 6973K, capacity 7106K, committed 7296K, reserved 1056768K
  class space    used 816K, capacity 861K, committed 896K, reserved 1048576K
}
Event: 2.120 GC heap before
{Heap before GC invocations=3 (full 0):
 PSYoungGen      total 18944K, used 18897K [0x00000000feb00000, 0x0000000100000000, 0x0000000100000000)
  eden space 16384K, 99% used [0x00000000feb00000,0x00000000ffaf5380,0x00000000ffb00000)
  from space 2560K, 99% used [0x00000000ffd80000,0x00000000fffff430,0x0000000100000000)
  to   space 2560K, 0% used [0x00000000ffb00000,0x00000000ffb00000,0x00000000ffd80000)
 ParOldGen       total 44032K, used 5788K [0x00000000fc000000, 0x00000000feb00000, 0x00000000feb00000)
  object space 44032K, 13% used [0x00000000fc000000,0x00000000fc5a7160,0x00000000feb00000)
 Metaspace       used 7730K, capacity 7906K, committed 8192K, reserved 1056768K
  class space    used 877K, capacity 957K, committed 1024K, reserved 1048576K
Event: 2.158 GC heap after
Heap after GC invocations=3 (full 0):
 PSYoungGen      total 18944K, used 2547K [0x00000000feb00000, 0x0000000100000000, 0x0000000100000000)
  eden space 16384K, 0% used [0x00000000feb00000,0x00000000feb00000,0x00000000ffb00000)
  from space 2560K, 99% used [0x00000000ffb00000,0x00000000ffd7cd98,0x00000000ffd80000)
  to   space 2560K, 0% used [0x00000000ffd80000,0x00000000ffd80000,0x0000000100000000)
 ParOldGen       total 44032K, used 6942K [0x00000000fc000000, 0x00000000feb00000, 0x00000000feb00000)
  object space 44032K, 15% used [0x00000000fc000000,0x00000000fc6c79d8,0x00000000feb00000)
 Metaspace       used 7730K, capacity 7906K, committed 8192K, reserved 1056768K
  class space    used 877K, capacity 957K, committed 1024K, reserved 1048576K
}
Event: 2.850 GC heap before
{Heap before GC invocations=4 (full 0):
 PSYoungGen      total 18944K, used 18931K [0x00000000feb00000, 0x0000000100000000, 0x0000000100000000)
  eden space 16384K, 100% used [0x00000000feb00000,0x00000000ffb00000,0x00000000ffb00000)
  from space 2560K, 99% used [0x00000000ffb00000,0x00000000ffd7cd98,0x00000000ffd80000)
  to   space 2560K, 0% used [0x00000000ffd80000,0x00000000ffd80000,0x0000000100000000)
 ParOldGen       total 44032K, used 6942K [0x00000000fc000000, 0x00000000feb00000, 0x00000000feb00000)
  object space 44032K, 15% used [0x00000000fc000000,0x00000000fc6c79d8,0x00000000feb00000)
 Metaspace       used 7799K, capacity 7970K, committed 8192K, reserved 1056768K
  class space    used 878K, capacity 957K, committed 1024K, reserved 1048576K
Event: 2.984 GC heap after
Heap after GC invocations=4 (full 0):
 PSYoungGen      total 18944K, used 2547K [0x00000000feb00000, 0x0000000100000000, 0x0000000100000000)
  eden space 16384K, 0% used [0x00000000feb00000,0x00000000feb00000,0x00000000ffb00000)
  from space 2560K, 99% used [0x00000000ffd80000,0x00000000ffffcd98,0x0000000100000000)
  to   space 2560K, 0% used [0x00000000ffb00000,0x00000000ffb00000,0x00000000ffd80000)
 ParOldGen       total 44032K, used 7054K [0x00000000fc000000, 0x00000000feb00000, 0x00000000feb00000)
  object space 44032K, 16% used [0x00000000fc000000,0x00000000fc6e39d8,0x00000000feb00000)
 Metaspace       used 7799K, capacity 7970K, committed 8192K, reserved 1056768K
  class space    used 878K, capacity 957K, committed 1024K, reserved 1048576K
}

Deoptimization events (10 events):
Event: 1.889 Thread 0x0000000002f5d800 Uncommon trap: reason=unstable_if action=reinterpret pc=0x000000000347adf8 method=org.objectweb.asm.ClassReader.readUTF8(I[C)Ljava/lang/String; @ 7
Event: 1.891 Thread 0x0000000002f5d800 Uncommon trap: reason=unstable_if action=reinterpret pc=0x000000000349a5e4 method=org.objectweb.asm.Item.a(Lorg/objectweb/asm/Item;)Z @ 345
Event: 1.927 Thread 0x0000000002f5d800 Uncommon trap: reason=bimorphic action=maybe_recompile pc=0x00000000035057c8 method=org.objectweb.asm.MethodVisitor.visitInsn(I)V @ 12
Event: 1.927 Thread 0x0000000002f5d800 Uncommon trap: reason=bimorphic action=maybe_recompile pc=0x00000000035057c8 method=org.objectweb.asm.MethodVisitor.visitInsn(I)V @ 12
Event: 1.928 Thread 0x0000000002f5d800 Uncommon trap: reason=bimorphic action=maybe_recompile pc=0x00000000035057c8 method=org.objectweb.asm.MethodVisitor.visitInsn(I)V @ 12
Event: 1.952 Thread 0x0000000002f5d800 Uncommon trap: reason=unstable_if action=reinterpret pc=0x000000000350c1f8 method=org.objectweb.asm.MethodWriter.visitVarInsn(II)V @ 136
Event: 1.953 Thread 0x0000000002f5d800 Uncommon trap: reason=unstable_if action=reinterpret pc=0x00000000034be550 method=org.objectweb.asm.MethodWriter.visitVarInsn(II)V @ 148
Event: 2.041 Thread 0x0000000002f5d800 Uncommon trap: reason=unstable_if action=reinterpret pc=0x000000000350b0c0 method=org.objectweb.asm.ClassReader.readUTF8(I[C)Ljava/lang/String; @ 11
Event: 2.276 Thread 0x0000000002f5d800 Uncommon trap: reason=null_check action=make_not_entrant pc=0x000000000357ac30 method=com.google.devtools.build.android.desugar.InterfaceDesugaring$InterfaceInvocationRewriter.visitMethodInsn(ILjava/lang/String;Ljava/lang/String;Ljava/lang/String;Z)V @ 10
Event: 2.280 Thread 0x0000000002f5d800 Uncommon trap: reason=null_check action=make_not_entrant pc=0x000000000357be1c method=com.google.devtools.build.android.desugar.InterfaceDesugaring$InterfaceInvocationRewriter.visitMethodInsn(ILjava/lang/String;Ljava/lang/String;Ljava/lang/String;Z)V @ 10

Classes redefined (0 events):
No events

Internal exceptions (10 events):
Event: 2.374 Thread 0x0000000002f5d800 Exception <a 'sun/nio/fs/WindowsException'> (0x00000000ff67ea58) thrown at [D:\src\AOSP-openjdk-cygwin\jdk8u\hotspot\src\share\vm\prims\jni.cpp, line 709]
Event: 2.374 Thread 0x0000000002f5d800 Exception <a 'sun/nio/fs/WindowsException'> (0x00000000ff67ef30) thrown at [D:\src\AOSP-openjdk-cygwin\jdk8u\hotspot\src\share\vm\prims\jni.cpp, line 709]
Event: 3.168 Thread 0x0000000002f5d800 Exception <a 'sun/nio/fs/WindowsException'> (0x00000000ff1bdc40) thrown at [D:\src\AOSP-openjdk-cygwin\jdk8u\hotspot\src\share\vm\prims\jni.cpp, line 709]
Event: 3.168 Thread 0x0000000002f5d800 Exception <a 'sun/nio/fs/WindowsException'> (0x00000000ff1be290) thrown at [D:\src\AOSP-openjdk-cygwin\jdk8u\hotspot\src\share\vm\prims\jni.cpp, line 709]
Event: 3.168 Thread 0x0000000002f5d800 Exception <a 'sun/nio/fs/WindowsException'> (0x00000000ff1bea80) thrown at [D:\src\AOSP-openjdk-cygwin\jdk8u\hotspot\src\share\vm\prims\jni.cpp, line 709]
Event: 3.168 Thread 0x0000000002f5d800 Exception <a 'sun/nio/fs/WindowsException'> (0x00000000ff1bf050) thrown at [D:\src\AOSP-openjdk-cygwin\jdk8u\hotspot\src\share\vm\prims\jni.cpp, line 709]
Event: 3.168 Thread 0x0000000002f5d800 Exception <a 'sun/nio/fs/WindowsException'> (0x00000000ff1bf640) thrown at [D:\src\AOSP-openjdk-cygwin\jdk8u\hotspot\src\share\vm\prims\jni.cpp, line 709]
Event: 3.168 Thread 0x0000000002f5d800 Exception <a 'sun/nio/fs/WindowsException'> (0x00000000ff1bfe10) thrown at [D:\src\AOSP-openjdk-cygwin\jdk8u\hotspot\src\share\vm\prims\jni.cpp, line 709]
Event: 3.168 Thread 0x0000000002f5d800 Exception <a 'sun/nio/fs/WindowsException'> (0x00000000ff1c03c8) thrown at [D:\src\AOSP-openjdk-cygwin\jdk8u\hotspot\src\share\vm\prims\jni.cpp, line 709]
Event: 3.168 Thread 0x0000000002f5d800 Exception <a 'sun/nio/fs/WindowsException'> (0x00000000ff1c0b78) thrown at [D:\src\AOSP-openjdk-cygwin\jdk8u\hotspot\src\share\vm\prims\jni.cpp, line 709]

Events (10 events):
Event: 2.276 Thread 0x0000000002f5d800 Uncommon trap: trap_request=0xfffffff4 fr.pc=0x000000000357ac30
Event: 2.276 Thread 0x0000000002f5d800 DEOPT PACKING pc=0x000000000357ac30 sp=0x000000000305ecb0
Event: 2.276 Thread 0x0000000002f5d800 DEOPT UNPACKING pc=0x00000000031a556a sp=0x000000000305ebe0 mode 2
Event: 2.280 Thread 0x0000000002f5d800 Uncommon trap: trap_request=0xfffffff4 fr.pc=0x000000000357be1c
Event: 2.280 Thread 0x0000000002f5d800 DEOPT PACKING pc=0x000000000357be1c sp=0x000000000305ec20
Event: 2.280 Thread 0x0000000002f5d800 DEOPT UNPACKING pc=0x00000000031a556a sp=0x000000000305ebd0 mode 2
Event: 2.434 loading class com/google/devtools/build/android/desugar/DirectoryOutputFileProvider
Event: 2.434 loading class com/google/devtools/build/android/desugar/DirectoryOutputFileProvider done
Event: 2.850 Executing VM operation: ParallelGCFailedAllocation
Event: 2.984 Executing VM operation: ParallelGCFailedAllocation done


Dynamic libraries:
0x00007ff66e6a0000 - 0x00007ff66e6d1000 	C:\Program Files\Android\Android Studio\jre\bin\java.exe
0x00007ff8140a0000 - 0x00007ff814281000 	C:\WINDOWS\SYSTEM32\ntdll.dll
0x00007ff8116c0000 - 0x00007ff811772000 	C:\WINDOWS\System32\KERNEL32.DLL
0x00007ff810e20000 - 0x00007ff811093000 	C:\WINDOWS\System32\KERNELBASE.dll
0x00007ff8120a0000 - 0x00007ff812141000 	C:\WINDOWS\System32\ADVAPI32.dll
0x00007ff813fd0000 - 0x00007ff81406e000 	C:\WINDOWS\System32\msvcrt.dll
0x00007ff811fd0000 - 0x00007ff81202b000 	C:\WINDOWS\System32\sechost.dll
0x00007ff812a60000 - 0x00007ff812b84000 	C:\WINDOWS\System32\RPCRT4.dll
0x00007ff812400000 - 0x00007ff812590000 	C:\WINDOWS\System32\USER32.dll
0x00007ff8114c0000 - 0x00007ff8114e0000 	C:\WINDOWS\System32\win32u.dll
0x00007ff811ab0000 - 0x00007ff811ad8000 	C:\WINDOWS\System32\GDI32.dll
0x00007ff811120000 - 0x00007ff8112b2000 	C:\WINDOWS\System32\gdi32full.dll
0x00007ff811420000 - 0x00007ff8114bf000 	C:\WINDOWS\System32\msvcp_win.dll
0x00007ff811320000 - 0x00007ff81141a000 	C:\WINDOWS\System32\ucrtbase.dll
0x00007ff803a20000 - 0x00007ff803c89000 	C:\WINDOWS\WinSxS\amd64_microsoft.windows.common-controls_6595b64144ccf1df_6.0.17134.112_none_fb3f961b30681c12\COMCTL32.dll
0x00007ff811ae0000 - 0x00007ff811e03000 	C:\WINDOWS\System32\combase.dll
0x00007ff8110a0000 - 0x00007ff81111a000 	C:\WINDOWS\System32\bcryptPrimitives.dll
0x00007ff811900000 - 0x00007ff81192d000 	C:\WINDOWS\System32\IMM32.DLL
0x0000000063da0000 - 0x0000000063e72000 	C:\Program Files\Android\Android Studio\jre\jre\bin\msvcr100.dll
0x0000000063e80000 - 0x00000000646be000 	C:\Program Files\Android\Android Studio\jre\jre\bin\server\jvm.dll
0x00007ff811530000 - 0x00007ff811538000 	C:\WINDOWS\System32\PSAPI.DLL
0x00007ff80cfb0000 - 0x00007ff80cfb9000 	C:\WINDOWS\SYSTEM32\WSOCK32.dll
0x00007ff812030000 - 0x00007ff81209c000 	C:\WINDOWS\System32\WS2_32.dll
0x00007ff80d170000 - 0x00007ff80d193000 	C:\WINDOWS\SYSTEM32\WINMM.dll
0x00007ff807b10000 - 0x00007ff807b1a000 	C:\WINDOWS\SYSTEM32\VERSION.dll
0x00007ff80d140000 - 0x00007ff80d16a000 	C:\WINDOWS\SYSTEM32\winmmbase.dll
0x00007ff8114e0000 - 0x00007ff811529000 	C:\WINDOWS\System32\cfgmgr32.dll
0x00007ff80b600000 - 0x00007ff80b60f000 	C:\Program Files\Android\Android Studio\jre\jre\bin\verify.dll
0x00007ffff5de0000 - 0x00007ffff5e09000 	C:\Program Files\Android\Android Studio\jre\jre\bin\java.dll
0x00007ffffa490000 - 0x00007ffffa4a6000 	C:\Program Files\Android\Android Studio\jre\jre\bin\zip.dll
0x00007ff812b90000 - 0x00007ff813fd0000 	C:\WINDOWS\System32\SHELL32.dll
0x00007ff811610000 - 0x00007ff8116b9000 	C:\WINDOWS\System32\shcore.dll
0x00007ff810470000 - 0x00007ff810b7d000 	C:\WINDOWS\System32\windows.storage.dll
0x00007ff811780000 - 0x00007ff8117d1000 	C:\WINDOWS\System32\shlwapi.dll
0x00007ff8103e0000 - 0x00007ff8103f1000 	C:\WINDOWS\System32\kernel.appcore.dll
0x00007ff8103b0000 - 0x00007ff8103cf000 	C:\WINDOWS\System32\profapi.dll
0x00007ff810400000 - 0x00007ff81044c000 	C:\WINDOWS\System32\powrprof.dll
0x00007ff8103d0000 - 0x00007ff8103da000 	C:\WINDOWS\System32\FLTLIB.DLL
0x00007ff80fde0000 - 0x00007ff80fdf7000 	C:\WINDOWS\SYSTEM32\CRYPTSP.dll
0x00007ff80f810000 - 0x00007ff80f843000 	C:\WINDOWS\system32\rsaenh.dll
0x00007ff80ff10000 - 0x00007ff80ff35000 	C:\WINDOWS\SYSTEM32\bcrypt.dll
0x00007ff8102b0000 - 0x00007ff8102d8000 	C:\WINDOWS\SYSTEM32\USERENV.dll
0x00007ff80fe00000 - 0x00007ff80fe0b000 	C:\WINDOWS\SYSTEM32\CRYPTBASE.dll
0x00007ffff66b0000 - 0x00007ffff66ca000 	C:\Program Files\Android\Android Studio\jre\jre\bin\net.dll
0x00007ff80fc30000 - 0x00007ff80fc96000 	C:\WINDOWS\system32\mswsock.dll
0x00007ff80f9b0000 - 0x00007ff80f9e8000 	C:\WINDOWS\SYSTEM32\IPHLPAPI.DLL
0x00007ff8125f0000 - 0x00007ff8125f8000 	C:\WINDOWS\System32\NSI.dll
0x00007ff808dc0000 - 0x00007ff808dd6000 	C:\WINDOWS\SYSTEM32\dhcpcsvc6.DLL
0x00007ff807ed0000 - 0x00007ff807eea000 	C:\WINDOWS\SYSTEM32\dhcpcsvc.DLL
0x00007ffff54d0000 - 0x00007ffff54e1000 	C:\Program Files\Android\Android Studio\jre\jre\bin\nio.dll

VM Arguments:
jvm_args: -Djava.awt.headless=true -Xmx64M -Dfile.encoding=x-windows-949 -Duser.country=KR -Duser.language=ko -Duser.variant 
java_command: com.google.devtools.build.android.desugar.Desugar @D:\test\app\build\intermediates\tmp\desugar_args5723670261359138525
java_class_path (initial): C:\Users\Goo\AppData\Local\Temp\desugar_deploy.jar3091555717624552904
Launcher Type: SUN_STANDARD

Environment Variables:
PATH=C:\ProgramData\Oracle\Java\javapath;C:\WINDOWS\system32;C:\WINDOWS;C:\WINDOWS\System32\Wbem;C:\WINDOWS\System32\WindowsPowerShell\v1.0\;C:\OpenSSL;C:\WINDOWS\System32\OpenSSH\;C:\Program Files\nodejs\;C:\Program Files\Git\cmd;C:\Program Files\Git\bin\git.exe;C:\Users\Goo\AppData\Local\Microsoft\WindowsApps;C:\Users\Goo\AppData\Roaming\npm;C:\Program Files\Microsoft VS Code\bin
USERNAME=Goo
OS=Windows_NT
PROCESSOR_IDENTIFIER=Intel64 Family 6 Model 158 Stepping 9, GenuineIntel



---------------  S Y S T E M  ---------------

OS: Windows 10.0 , 64 bit Build 17134 (10.0.17134.1)

CPU:total 8 (initial active 8) (4 cores per cpu, 2 threads per core) family 6 model 158 stepping 9, cmov, cx8, fxsr, mmx, sse, sse2, sse3, ssse3, sse4.1, sse4.2, popcnt, avx, avx2, aes, clmul, erms, 3dnowpref, lzcnt, ht, tsc, tscinvbit, bmi1, bmi2, adx

Memory: 4k page, physical 16692940k(1080252k free), swap 16692940k(340k free)

vm_info: OpenJDK 64-Bit Server VM (25.152-b01) for windows-amd64 JRE (1.8.0_152-release-915-b01), built by "builder" with MS VC++ 10.0 (VS2010)

time: Sat Jul 07 00:23:04 2018
elapsed time: 3 seconds (0d 0h 0m 3s)

