#
# There is insufficient memory for the Java Runtime Environment to continue.
# Native memory allocation (malloc) failed to allocate 1525008 bytes for Chunk::new
# Possible reasons:
#   The system is out of physical RAM or swap space
#   In 32 bit mode, the process size limit was hit
# Possible solutions:
#   Reduce memory load on the system
#   Increase physical memory or swap space
#   Check if swap backing store is full
#   Use 64 bit Java on a 64 bit OS
#   Decrease Java heap size (-Xmx/-Xms)
#   Decrease number of Java threads
#   Decrease Java thread stack sizes (-Xss)
#   Set larger code cache with -XX:ReservedCodeCacheSize=
# This output file may be truncated or incomplete.
#
#  Out of Memory Error (allocation.cpp:390), pid=5132, tid=0x0000000000001c8c
#
# JRE version: OpenJDK Runtime Environment (8.0_152-b01) (build 1.8.0_152-release-915-b01)
# Java VM: OpenJDK 64-Bit Server VM (25.152-b01 mixed mode windows-amd64 compressed oops)
# Failed to write core dump. Minidumps are not enabled by default on client versions of Windows
#

---------------  T H R E A D  ---------------

Current thread (0x0000000015d18000):  JavaThread "C2 CompilerThread2" daemon [_thread_in_native, id=7308, stack(0x00000000165f0000,0x00000000166f0000)]

Stack: [0x00000000165f0000,0x00000000166f0000]
[error occurred during error reporting (printing stack bounds), id 0xc0000005]

Native frames: (J=compiled Java code, j=interpreted, Vv=VM code, C=native code)


Current CompileTask:
C2:   5059 1192       4       org.objectweb.asm.ClassReader::a (3587 bytes)


---------------  P R O C E S S  ---------------

Java Threads: ( => current thread )
  0x0000000015d6a800 JavaThread "Service Thread" daemon [_thread_blocked, id=908, stack(0x00000000167f0000,0x00000000168f0000)]
  0x0000000015d36000 JavaThread "C1 CompilerThread3" daemon [_thread_blocked, id=2596, stack(0x00000000166f0000,0x00000000167f0000)]
=>0x0000000015d18000 JavaThread "C2 CompilerThread2" daemon [_thread_in_native, id=7308, stack(0x00000000165f0000,0x00000000166f0000)]
  0x0000000013d8b000 JavaThread "C2 CompilerThread1" daemon [_thread_in_native, id=11860, stack(0x00000000164f0000,0x00000000165f0000)]
  0x0000000015c8b000 JavaThread "C2 CompilerThread0" daemon [_thread_blocked, id=10968, stack(0x00000000163f0000,0x00000000164f0000)]
  0x0000000015c8a000 JavaThread "Attach Listener" daemon [_thread_blocked, id=12748, stack(0x00000000162f0000,0x00000000163f0000)]
  0x0000000015ce0000 JavaThread "Signal Dispatcher" daemon [_thread_blocked, id=10984, stack(0x00000000161f0000,0x00000000162f0000)]
  0x0000000015c70800 JavaThread "Finalizer" daemon [_thread_blocked, id=8480, stack(0x0000000016050000,0x0000000016150000)]
  0x00000000035a7000 JavaThread "Reference Handler" daemon [_thread_blocked, id=12568, stack(0x0000000015b50000,0x0000000015c50000)]
  0x0000000002f8d800 JavaThread "main" [_thread_blocked, id=7956, stack(0x00000000033b0000,0x00000000034b0000)]

Other Threads:
  0x0000000013d75800 VMThread [stack: 0x0000000015a50000,0x0000000015b50000] [id=6260]
  0x0000000015d6b800 WatcherThread [stack: 0x00000000168f0000,0x00000000169f0000] [id=1040]

VM state:at safepoint (normal execution)

VM Mutex/Monitor currently owned by a thread:  ([mutex/lock_event])
[0x0000000002f8cc20] Threads_lock - owner thread: 0x0000000013d75800
[0x0000000002f8c420] Heap_lock - owner thread: 0x0000000002f8d800

Heap:
 PSYoungGen      total 18944K, used 18929K [0x00000000feb00000, 0x0000000100000000, 0x0000000100000000)
  eden space 16384K, 100% used [0x00000000feb00000,0x00000000ffb00000,0x00000000ffb00000)
  from space 2560K, 99% used [0x00000000ffd80000,0x00000000ffffc5c0,0x0000000100000000)
  to   space 2560K, 0% used [0x00000000ffb00000,0x00000000ffb00000,0x00000000ffd80000)
 ParOldGen       total 44032K, used 7356K [0x00000000fc000000, 0x00000000feb00000, 0x00000000feb00000)
  object space 44032K, 16% used [0x00000000fc000000,0x00000000fc72f3d8,0x00000000feb00000)
 Metaspace       used 7821K, capacity 8038K, committed 8192K, reserved 1056768K
  class space    used 877K, capacity 957K, committed 1024K, reserved 1048576K

Card table byte_map: [0x0000000003000000,0x0000000003030000] byte_map_base: 0x0000000002820000

Marking Bits: (ParMarkBitMap*) 0x000000005d303950
 Begin Bits: [0x0000000013170000, 0x0000000013270000)
 End Bits:   [0x0000000013270000, 0x0000000013370000)

Polling page: 0x0000000002fd0000

CodeCache: size=245760Kb used=4954Kb max_used=4954Kb free=240805Kb
 bounds [0x00000000035b0000, 0x0000000003a90000, 0x00000000125b0000]
 total_blobs=1624 nmethods=1289 adapters=248
 compilation: enabled

Compilation events (10 events):
Event: 5.019 Thread 0x0000000015d36000 1290  s    3       java.nio.channels.Channels$1::write (107 bytes)
Event: 5.020 Thread 0x0000000015d36000 nmethod 1290 0x0000000003a85a50 code [0x0000000003a85c60, 0x0000000003a86878]
Event: 5.020 Thread 0x0000000015d36000 1291       3       java.nio.channels.Channels::writeFullyImpl (33 bytes)
Event: 5.020 Thread 0x0000000015d36000 nmethod 1291 0x0000000003a6f6d0 code [0x0000000003a6f860, 0x0000000003a6fcf8]
Event: 5.020 Thread 0x0000000015d36000 1292   !   3       sun.nio.ch.FileChannelImpl::write (240 bytes)
Event: 5.021 Thread 0x0000000015d36000 nmethod 1292 0x0000000003a86dd0 code [0x0000000003a87040, 0x0000000003a87f28]
Event: 5.021 Thread 0x0000000015d36000 1293   !   3       sun.nio.ch.IOUtil::write (142 bytes)
Event: 5.022 Thread 0x0000000015d36000 nmethod 1293 0x0000000003a88650 code [0x0000000003a88840, 0x0000000003a89118]
Event: 5.022 Thread 0x0000000015d36000 1294       3       java.nio.DirectByteBuffer::put (269 bytes)
Event: 5.023 Thread 0x0000000015d36000 nmethod 1294 0x0000000003a89490 code [0x0000000003a896c0, 0x0000000003a8a6b8]

GC Heap History (9 events):
Event: 1.250 GC heap before
{Heap before GC invocations=1 (full 0):
 PSYoungGen      total 18944K, used 16384K [0x00000000feb00000, 0x0000000100000000, 0x0000000100000000)
  eden space 16384K, 100% used [0x00000000feb00000,0x00000000ffb00000,0x00000000ffb00000)
  from space 2560K, 0% used [0x00000000ffd80000,0x00000000ffd80000,0x0000000100000000)
  to   space 2560K, 0% used [0x00000000ffb00000,0x00000000ffb00000,0x00000000ffd80000)
 ParOldGen       total 44032K, used 0K [0x00000000fc000000, 0x00000000feb00000, 0x00000000feb00000)
  object space 44032K, 0% used [0x00000000fc000000,0x00000000fc000000,0x00000000feb00000)
 Metaspace       used 6623K, capacity 6804K, committed 7040K, reserved 1056768K
  class space    used 773K, capacity 824K, committed 896K, reserved 1048576K
Event: 1.293 GC heap after
Heap after GC invocations=1 (full 0):
 PSYoungGen      total 18944K, used 2553K [0x00000000feb00000, 0x0000000100000000, 0x0000000100000000)
  eden space 16384K, 0% used [0x00000000feb00000,0x00000000feb00000,0x00000000ffb00000)
  from space 2560K, 99% used [0x00000000ffb00000,0x00000000ffd7e630,0x00000000ffd80000)
  to   space 2560K, 0% used [0x00000000ffd80000,0x00000000ffd80000,0x0000000100000000)
 ParOldGen       total 44032K, used 1565K [0x00000000fc000000, 0x00000000feb00000, 0x00000000feb00000)
  object space 44032K, 3% used [0x00000000fc000000,0x00000000fc187710,0x00000000feb00000)
 Metaspace       used 6623K, capacity 6804K, committed 7040K, reserved 1056768K
  class space    used 773K, capacity 824K, committed 896K, reserved 1048576K
}
Event: 1.763 GC heap before
{Heap before GC invocations=2 (full 0):
 PSYoungGen      total 18944K, used 18937K [0x00000000feb00000, 0x0000000100000000, 0x0000000100000000)
  eden space 16384K, 100% used [0x00000000feb00000,0x00000000ffb00000,0x00000000ffb00000)
  from space 2560K, 99% used [0x00000000ffb00000,0x00000000ffd7e630,0x00000000ffd80000)
  to   space 2560K, 0% used [0x00000000ffd80000,0x00000000ffd80000,0x0000000100000000)
 ParOldGen       total 44032K, used 1565K [0x00000000fc000000, 0x00000000feb00000, 0x00000000feb00000)
  object space 44032K, 3% used [0x00000000fc000000,0x00000000fc187710,0x00000000feb00000)
 Metaspace       used 6945K, capacity 7110K, committed 7296K, reserved 1056768K
  class space    used 814K, capacity 861K, committed 896K, reserved 1048576K
Event: 1.784 GC heap after
Heap after GC invocations=2 (full 0):
 PSYoungGen      total 18944K, used 2531K [0x00000000feb00000, 0x0000000100000000, 0x0000000100000000)
  eden space 16384K, 0% used [0x00000000feb00000,0x00000000feb00000,0x00000000ffb00000)
  from space 2560K, 98% used [0x00000000ffd80000,0x00000000ffff8e10,0x0000000100000000)
  to   space 2560K, 0% used [0x00000000ffb00000,0x00000000ffb00000,0x00000000ffd80000)
 ParOldGen       total 44032K, used 5922K [0x00000000fc000000, 0x00000000feb00000, 0x00000000feb00000)
  object space 44032K, 13% used [0x00000000fc000000,0x00000000fc5c8bf8,0x00000000feb00000)
 Metaspace       used 6945K, capacity 7110K, committed 7296K, reserved 1056768K
  class space    used 814K, capacity 861K, committed 896K, reserved 1048576K
}
Event: 2.254 GC heap before
{Heap before GC invocations=3 (full 0):
 PSYoungGen      total 18944K, used 18915K [0x00000000feb00000, 0x0000000100000000, 0x0000000100000000)
  eden space 16384K, 100% used [0x00000000feb00000,0x00000000ffb00000,0x00000000ffb00000)
  from space 2560K, 98% used [0x00000000ffd80000,0x00000000ffff8e10,0x0000000100000000)
  to   space 2560K, 0% used [0x00000000ffb00000,0x00000000ffb00000,0x00000000ffd80000)
 ParOldGen       total 44032K, used 5922K [0x00000000fc000000, 0x00000000feb00000, 0x00000000feb00000)
  object space 44032K, 13% used [0x00000000fc000000,0x00000000fc5c8bf8,0x00000000feb00000)
 Metaspace       used 7669K, capacity 7846K, committed 7936K, reserved 1056768K
  class space    used 875K, capacity 957K, committed 1024K, reserved 1048576K
Event: 2.386 GC heap after
Heap after GC invocations=3 (full 0):
 PSYoungGen      total 18944K, used 2534K [0x00000000feb00000, 0x0000000100000000, 0x0000000100000000)
  eden space 16384K, 0% used [0x00000000feb00000,0x00000000feb00000,0x00000000ffb00000)
  from space 2560K, 98% used [0x00000000ffb00000,0x00000000ffd79888,0x00000000ffd80000)
  to   space 2560K, 0% used [0x00000000ffd80000,0x00000000ffd80000,0x0000000100000000)
 ParOldGen       total 44032K, used 7060K [0x00000000fc000000, 0x00000000feb00000, 0x00000000feb00000)
  object space 44032K, 16% used [0x00000000fc000000,0x00000000fc6e53a8,0x00000000feb00000)
 Metaspace       used 7669K, capacity 7846K, committed 7936K, reserved 1056768K
  class space    used 875K, capacity 957K, committed 1024K, reserved 1048576K
}
Event: 4.271 GC heap before
{Heap before GC invocations=4 (full 0):
 PSYoungGen      total 18944K, used 18918K [0x00000000feb00000, 0x0000000100000000, 0x0000000100000000)
  eden space 16384K, 100% used [0x00000000feb00000,0x00000000ffb00000,0x00000000ffb00000)
  from space 2560K, 98% used [0x00000000ffb00000,0x00000000ffd79888,0x00000000ffd80000)
  to   space 2560K, 0% used [0x00000000ffd80000,0x00000000ffd80000,0x0000000100000000)
 ParOldGen       total 44032K, used 7060K [0x00000000fc000000, 0x00000000feb00000, 0x00000000feb00000)
  object space 44032K, 16% used [0x00000000fc000000,0x00000000fc6e53a8,0x00000000feb00000)
 Metaspace       used 7709K, capacity 7846K, committed 7936K, reserved 1056768K
  class space    used 875K, capacity 957K, committed 1024K, reserved 1048576K
Event: 4.620 GC heap after
Heap after GC invocations=4 (full 0):
 PSYoungGen      total 18944K, used 2545K [0x00000000feb00000, 0x0000000100000000, 0x0000000100000000)
  eden space 16384K, 0% used [0x00000000feb00000,0x00000000feb00000,0x00000000ffb00000)
  from space 2560K, 99% used [0x00000000ffd80000,0x00000000ffffc5c0,0x0000000100000000)
  to   space 2560K, 0% used [0x00000000ffb00000,0x00000000ffb00000,0x00000000ffd80000)
 ParOldGen       total 44032K, used 7356K [0x00000000fc000000, 0x00000000feb00000, 0x00000000feb00000)
  object space 44032K, 16% used [0x00000000fc000000,0x00000000fc72f3d8,0x00000000feb00000)
 Metaspace       used 7709K, capacity 7846K, committed 7936K, reserved 1056768K
  class space    used 875K, capacity 957K, committed 1024K, reserved 1048576K
}
Event: 5.029 GC heap before
{Heap before GC invocations=5 (full 0):
 PSYoungGen      total 18944K, used 18929K [0x00000000feb00000, 0x0000000100000000, 0x0000000100000000)
  eden space 16384K, 100% used [0x00000000feb00000,0x00000000ffb00000,0x00000000ffb00000)
  from space 2560K, 99% used [0x00000000ffd80000,0x00000000ffffc5c0,0x0000000100000000)
  to   space 2560K, 0% used [0x00000000ffb00000,0x00000000ffb00000,0x00000000ffd80000)
 ParOldGen       total 44032K, used 7356K [0x00000000fc000000, 0x00000000feb00000, 0x00000000feb00000)
  object space 44032K, 16% used [0x00000000fc000000,0x00000000fc72f3d8,0x00000000feb00000)
 Metaspace       used 7821K, capacity 8038K, committed 8192K, reserved 1056768K
  class space    used 877K, capacity 957K, committed 1024K, reserved 1048576K

Deoptimization events (10 events):
Event: 4.829 Thread 0x0000000002f8d800 Uncommon trap: reason=bimorphic action=maybe_recompile pc=0x00000000039da9a4 method=org.objectweb.asm.MethodVisitor.visitMaxs(II)V @ 13
Event: 4.829 Thread 0x0000000002f8d800 Uncommon trap: reason=bimorphic action=maybe_recompile pc=0x0000000003a272c4 method=org.objectweb.asm.MethodVisitor.visitEnd()V @ 11
Event: 4.833 Thread 0x0000000002f8d800 Uncommon trap: reason=bimorphic action=maybe_recompile pc=0x00000000039781b8 method=org.objectweb.asm.tree.InsnNode.accept(Lorg/objectweb/asm/MethodVisitor;)V @ 5
Event: 4.833 Thread 0x0000000002f8d800 Uncommon trap: reason=bimorphic action=maybe_recompile pc=0x00000000039781b8 method=org.objectweb.asm.tree.InsnNode.accept(Lorg/objectweb/asm/MethodVisitor;)V @ 5
Event: 4.833 Thread 0x0000000002f8d800 Uncommon trap: reason=bimorphic action=maybe_recompile pc=0x00000000039a4ec0 method=org.objectweb.asm.tree.FieldInsnNode.accept(Lorg/objectweb/asm/MethodVisitor;)V @ 17
Event: 4.833 Thread 0x0000000002f8d800 Uncommon trap: reason=bimorphic action=maybe_recompile pc=0x00000000039781b8 method=org.objectweb.asm.tree.InsnNode.accept(Lorg/objectweb/asm/MethodVisitor;)V @ 5
Event: 4.870 Thread 0x0000000002f8d800 Uncommon trap: reason=unstable_if action=reinterpret pc=0x0000000003943b78 method=org.objectweb.asm.MethodWriter.visitVarInsn(II)V @ 136
Event: 4.870 Thread 0x0000000002f8d800 Uncommon trap: reason=unstable_if action=reinterpret pc=0x000000000396ddf8 method=org.objectweb.asm.MethodWriter.visitFieldInsn(ILjava/lang/String;Ljava/lang/String;Ljava/lang/String;)V @ 200
Event: 4.870 Thread 0x0000000002f8d800 Uncommon trap: reason=unstable_if action=reinterpret pc=0x00000000039eb3b0 method=org.objectweb.asm.ClassReader.b(Lorg/objectweb/asm/ClassVisitor;Lorg/objectweb/asm/Context;I)I @ 126
Event: 4.872 Thread 0x0000000002f8d800 Uncommon trap: reason=unstable_if action=reinterpret pc=0x0000000003902e94 method=org.objectweb.asm.MethodWriter.visitVarInsn(II)V @ 148

Classes redefined (0 events):
No events

Internal exceptions (10 events):
Event: 4.940 Thread 0x0000000002f8d800 Exception <a 'sun/nio/fs/WindowsException'> (0x00000000ff51daf0) thrown at [D:\src\AOSP-openjdk-cygwin\jdk8u\hotspot\src\share\vm\prims\jni.cpp, line 709]
Event: 4.940 Thread 0x0000000002f8d800 Exception <a 'sun/nio/fs/WindowsException'> (0x00000000ff51dfc8) thrown at [D:\src\AOSP-openjdk-cygwin\jdk8u\hotspot\src\share\vm\prims\jni.cpp, line 709]
Event: 4.952 Thread 0x0000000002f8d800 Exception <a 'sun/nio/fs/WindowsException'> (0x00000000ff521470) thrown at [D:\src\AOSP-openjdk-cygwin\jdk8u\hotspot\src\share\vm\prims\jni.cpp, line 709]
Event: 4.952 Thread 0x0000000002f8d800 Exception <a 'sun/nio/fs/WindowsException'> (0x00000000ff521948) thrown at [D:\src\AOSP-openjdk-cygwin\jdk8u\hotspot\src\share\vm\prims\jni.cpp, line 709]
Event: 4.963 Thread 0x0000000002f8d800 Exception <a 'sun/nio/fs/WindowsException'> (0x00000000ff524e00) thrown at [D:\src\AOSP-openjdk-cygwin\jdk8u\hotspot\src\share\vm\prims\jni.cpp, line 709]
Event: 4.963 Thread 0x0000000002f8d800 Exception <a 'sun/nio/fs/WindowsException'> (0x00000000ff5252d8) thrown at [D:\src\AOSP-openjdk-cygwin\jdk8u\hotspot\src\share\vm\prims\jni.cpp, line 709]
Event: 4.989 Thread 0x0000000002f8d800 Exception <a 'sun/nio/fs/WindowsException'> (0x00000000ff7a5cd0) thrown at [D:\src\AOSP-openjdk-cygwin\jdk8u\hotspot\src\share\vm\prims\jni.cpp, line 709]
Event: 4.989 Thread 0x0000000002f8d800 Exception <a 'sun/nio/fs/WindowsException'> (0x00000000ff7a61a8) thrown at [D:\src\AOSP-openjdk-cygwin\jdk8u\hotspot\src\share\vm\prims\jni.cpp, line 709]
Event: 5.000 Thread 0x0000000002f8d800 Exception <a 'sun/nio/fs/WindowsException'> (0x00000000ff7a9648) thrown at [D:\src\AOSP-openjdk-cygwin\jdk8u\hotspot\src\share\vm\prims\jni.cpp, line 709]
Event: 5.000 Thread 0x0000000002f8d800 Exception <a 'sun/nio/fs/WindowsException'> (0x00000000ff7a9b20) thrown at [D:\src\AOSP-openjdk-cygwin\jdk8u\hotspot\src\share\vm\prims\jni.cpp, line 709]

Events (10 events):
Event: 4.875 Thread 0x0000000002f8d800 DEOPT UNPACKING pc=0x00000000035f75bf sp=0x00000000034ae6e0 mode 0
Event: 4.878 Thread 0x0000000002f8d800 DEOPT PACKING pc=0x0000000003961877 sp=0x00000000034aedb0
Event: 4.878 Thread 0x0000000002f8d800 DEOPT UNPACKING pc=0x00000000035f75bf sp=0x00000000034aeac8 mode 0
Event: 4.972 Thread 0x0000000002f8d800 DEOPT PACKING pc=0x00000000038aee1d sp=0x00000000034ae650
Event: 4.972 Thread 0x0000000002f8d800 DEOPT UNPACKING pc=0x00000000035f75bf sp=0x00000000034ae600 mode 0
Event: 4.973 Thread 0x0000000002f8d800 DEOPT PACKING pc=0x00000000038aee1d sp=0x00000000034ae650
Event: 4.973 Thread 0x0000000002f8d800 DEOPT UNPACKING pc=0x00000000035f75bf sp=0x00000000034ae600 mode 0
Event: 5.008 Thread 0x0000000002f8d800 DEOPT PACKING pc=0x0000000003912cdc sp=0x00000000034ae6d0
Event: 5.008 Thread 0x0000000002f8d800 DEOPT UNPACKING pc=0x00000000035f75bf sp=0x00000000034ae428 mode 0
Event: 5.029 Executing VM operation: ParallelGCFailedAllocation


Dynamic libraries:
0x00007ff6199f0000 - 0x00007ff619a21000 	C:\Program Files\Android\Android Studio\jre\bin\java.exe
0x00007ff98de30000 - 0x00007ff98e011000 	C:\WINDOWS\SYSTEM32\ntdll.dll
0x00007ff98c160000 - 0x00007ff98c212000 	C:\WINDOWS\System32\KERNEL32.DLL
0x00007ff98a400000 - 0x00007ff98a673000 	C:\WINDOWS\System32\KERNELBASE.dll
0x00007ff98b860000 - 0x00007ff98b901000 	C:\WINDOWS\System32\ADVAPI32.dll
0x00007ff98bd20000 - 0x00007ff98bdbe000 	C:\WINDOWS\System32\msvcrt.dll
0x00007ff98b910000 - 0x00007ff98b96b000 	C:\WINDOWS\System32\sechost.dll
0x00007ff98b3b0000 - 0x00007ff98b4d4000 	C:\WINDOWS\System32\RPCRT4.dll
0x00007ff98b9f0000 - 0x00007ff98bb80000 	C:\WINDOWS\System32\USER32.dll
0x00007ff98b2a0000 - 0x00007ff98b2c0000 	C:\WINDOWS\System32\win32u.dll
0x00007ff98b380000 - 0x00007ff98b3a8000 	C:\WINDOWS\System32\GDI32.dll
0x00007ff98b060000 - 0x00007ff98b1f2000 	C:\WINDOWS\System32\gdi32full.dll
0x00007ff98b200000 - 0x00007ff98b29f000 	C:\WINDOWS\System32\msvcp_win.dll
0x00007ff98a300000 - 0x00007ff98a3fa000 	C:\WINDOWS\System32\ucrtbase.dll
0x00007ff97d610000 - 0x00007ff97d879000 	C:\WINDOWS\WinSxS\amd64_microsoft.windows.common-controls_6595b64144ccf1df_6.0.17134.48_none_b4b2216a3cb4dd3e\COMCTL32.dll
0x00007ff98bdd0000 - 0x00007ff98c0f3000 	C:\WINDOWS\System32\combase.dll
0x00007ff98adf0000 - 0x00007ff98ae6a000 	C:\WINDOWS\System32\bcryptPrimitives.dll
0x00007ff98b5c0000 - 0x00007ff98b5ed000 	C:\WINDOWS\System32\IMM32.DLL
0x000000005ca60000 - 0x000000005cb32000 	C:\Program Files\Android\Android Studio\jre\jre\bin\msvcr100.dll
0x000000005cb40000 - 0x000000005d37e000 	C:\Program Files\Android\Android Studio\jre\jre\bin\server\jvm.dll
0x00007ff98b5b0000 - 0x00007ff98b5b8000 	C:\WINDOWS\System32\PSAPI.DLL
0x00007ff985c60000 - 0x00007ff985c69000 	C:\WINDOWS\SYSTEM32\WSOCK32.dll
0x00007ff98b970000 - 0x00007ff98b9dc000 	C:\WINDOWS\System32\WS2_32.dll
0x00007ff987c20000 - 0x00007ff987c43000 	C:\WINDOWS\SYSTEM32\WINMM.dll
0x00007ff982480000 - 0x00007ff98248a000 	C:\WINDOWS\SYSTEM32\VERSION.dll
0x00007ff987620000 - 0x00007ff98764a000 	C:\WINDOWS\SYSTEM32\WINMMBASE.dll
0x00007ff98a2b0000 - 0x00007ff98a2f9000 	C:\WINDOWS\System32\cfgmgr32.dll
0x00007ff96ba40000 - 0x00007ff96ba4f000 	C:\Program Files\Android\Android Studio\jre\jre\bin\verify.dll
0x00007ff96ba10000 - 0x00007ff96ba39000 	C:\Program Files\Android\Android Studio\jre\jre\bin\java.dll
0x00007ff96b9f0000 - 0x00007ff96ba06000 	C:\Program Files\Android\Android Studio\jre\jre\bin\zip.dll
0x00007ff98c2a0000 - 0x00007ff98d6e0000 	C:\WINDOWS\System32\SHELL32.dll
0x00007ff98b4e0000 - 0x00007ff98b589000 	C:\WINDOWS\System32\shcore.dll
0x00007ff98a680000 - 0x00007ff98ad8d000 	C:\WINDOWS\System32\windows.storage.dll
0x00007ff98b320000 - 0x00007ff98b371000 	C:\WINDOWS\System32\shlwapi.dll
0x00007ff98a170000 - 0x00007ff98a181000 	C:\WINDOWS\System32\kernel.appcore.dll
0x00007ff98a190000 - 0x00007ff98a1af000 	C:\WINDOWS\System32\profapi.dll
0x00007ff98a1b0000 - 0x00007ff98a1fc000 	C:\WINDOWS\System32\powrprof.dll
0x00007ff98a160000 - 0x00007ff98a16a000 	C:\WINDOWS\System32\FLTLIB.DLL
0x00007ff989b70000 - 0x00007ff989b87000 	C:\WINDOWS\SYSTEM32\CRYPTSP.dll
0x00007ff9895a0000 - 0x00007ff9895d3000 	C:\WINDOWS\system32\rsaenh.dll
0x00007ff989ca0000 - 0x00007ff989cc5000 	C:\WINDOWS\SYSTEM32\bcrypt.dll
0x00007ff98a040000 - 0x00007ff98a068000 	C:\WINDOWS\SYSTEM32\USERENV.dll
0x00007ff989b90000 - 0x00007ff989b9b000 	C:\WINDOWS\SYSTEM32\CRYPTBASE.dll
0x00007ff96b9d0000 - 0x00007ff96b9ea000 	C:\Program Files\Android\Android Studio\jre\jre\bin\net.dll
0x00007ff9899c0000 - 0x00007ff989a26000 	C:\WINDOWS\system32\mswsock.dll
0x00007ff989740000 - 0x00007ff989778000 	C:\WINDOWS\SYSTEM32\IPHLPAPI.DLL
0x00007ff98bdc0000 - 0x00007ff98bdc8000 	C:\WINDOWS\System32\NSI.dll
0x00007ff982c80000 - 0x00007ff982c96000 	C:\WINDOWS\SYSTEM32\dhcpcsvc6.DLL
0x00007ff982c60000 - 0x00007ff982c7a000 	C:\WINDOWS\SYSTEM32\dhcpcsvc.DLL
0x00007ff967fc0000 - 0x00007ff967fd1000 	C:\Program Files\Android\Android Studio\jre\jre\bin\nio.dll

VM Arguments:
jvm_args: -Djava.awt.headless=true -Xmx64M -Dfile.encoding=x-windows-949 -Duser.country=KR -Duser.language=ko -Duser.variant 
java_command: com.google.devtools.build.android.desugar.Desugar @D:\test\app\build\intermediates\tmp\desugar_args6962372155220418234
java_class_path (initial): C:\Users\Goo\AppData\Local\Temp\desugar_deploy.jar3189730495422438638
Launcher Type: SUN_STANDARD

Environment Variables:
PATH=C:\ProgramData\Oracle\Java\javapath;C:\WINDOWS\system32;C:\WINDOWS;C:\WINDOWS\System32\Wbem;C:\WINDOWS\System32\WindowsPowerShell\v1.0\;C:\OpenSSL;;C:\WINDOWS\System32\OpenSSH\;C:\Users\Goo\AppData\Local\Microsoft\WindowsApps;
USERNAME=Goo
OS=Windows_NT
PROCESSOR_IDENTIFIER=Intel64 Family 6 Model 158 Stepping 9, GenuineIntel



---------------  S Y S T E M  ---------------

OS: Windows 10.0 , 64 bit Build 17134 (10.0.17134.1)

CPU:total 8 (initial active 8) (4 cores per cpu, 2 threads per core) family 6 model 158 stepping 9, cmov, cx8, fxsr, mmx, sse, sse2, sse3, ssse3, sse4.1, sse4.2, popcnt, avx, avx2, aes, clmul, erms, 3dnowpref, lzcnt, ht, tsc, tscinvbit, bmi1, bmi2, adx

Memory: 4k page, physical 16692940k(4675392k free), swap 16692940k(5936k free)

vm_info: OpenJDK 64-Bit Server VM (25.152-b01) for windows-amd64 JRE (1.8.0_152-release-915-b01), built by "builder" with MS VC++ 10.0 (VS2010)

time: Mon Jun 11 01:02:11 2018
elapsed time: 5 seconds (0d 0h 0m 5s)

