#
# There is insufficient memory for the Java Runtime Environment to continue.
# Native memory allocation (malloc) failed to allocate 1918464 bytes for Chunk::new
# Possible reasons:
#   The system is out of physical RAM or swap space
#   In 32 bit mode, the process size limit was hit
# Possible solutions:
#   Reduce memory load on the system
#   Increase physical memory or swap space
#   Check if swap backing store is full
#   Use 64 bit Java on a 64 bit OS
#   Decrease Java heap size (-Xmx/-Xms)
#   Decrease number of Java threads
#   Decrease Java thread stack sizes (-Xss)
#   Set larger code cache with -XX:ReservedCodeCacheSize=
# This output file may be truncated or incomplete.
#
#  Out of Memory Error (allocation.cpp:390), pid=2132, tid=0x00000000000008fc
#
# JRE version: OpenJDK Runtime Environment (8.0_152-b01) (build 1.8.0_152-release-915-b01)
# Java VM: OpenJDK 64-Bit Server VM (25.152-b01 mixed mode windows-amd64 compressed oops)
# Failed to write core dump. Minidumps are not enabled by default on client versions of Windows
#

---------------  T H R E A D  ---------------

Current thread (0x0000000015a73000):  JavaThread "C2 CompilerThread2" daemon [_thread_in_native, id=2300, stack(0x0000000016370000,0x0000000016470000)]

Stack: [0x0000000016370000,0x0000000016470000]
[error occurred during error reporting (printing stack bounds), id 0xc0000005]

Native frames: (J=compiled Java code, j=interpreted, Vv=VM code, C=native code)


Current CompileTask:
C2:   4384 1093       4       org.objectweb.asm.ClassReader::a (3587 bytes)


---------------  P R O C E S S  ---------------

Java Threads: ( => current thread )
  0x0000000015ad7000 JavaThread "Service Thread" daemon [_thread_blocked, id=8796, stack(0x0000000016570000,0x0000000016670000)]
  0x0000000015a76000 JavaThread "C1 CompilerThread3" daemon [_thread_blocked, id=9284, stack(0x0000000016470000,0x0000000016570000)]
=>0x0000000015a73000 JavaThread "C2 CompilerThread2" daemon [_thread_in_native, id=2300, stack(0x0000000016370000,0x0000000016470000)]
  0x0000000013b2b000 JavaThread "C2 CompilerThread1" daemon [_thread_blocked, id=9772, stack(0x0000000016270000,0x0000000016370000)]
  0x0000000015a70800 JavaThread "C2 CompilerThread0" daemon [_thread_blocked, id=12036, stack(0x0000000016170000,0x0000000016270000)]
  0x0000000015a6f000 JavaThread "Attach Listener" daemon [_thread_blocked, id=6256, stack(0x0000000016070000,0x0000000016170000)]
  0x0000000015a1b800 JavaThread "Signal Dispatcher" daemon [_thread_blocked, id=8052, stack(0x0000000015f70000,0x0000000016070000)]
  0x000000000336e000 JavaThread "Finalizer" daemon [_thread_blocked, id=6100, stack(0x0000000015de0000,0x0000000015ee0000)]
  0x0000000003367000 JavaThread "Reference Handler" daemon [_thread_blocked, id=11120, stack(0x00000000158e0000,0x00000000159e0000)]
  0x000000000326d800 JavaThread "main" [_thread_in_native, id=12564, stack(0x00000000030d0000,0x00000000031d0000)]

Other Threads:
  0x0000000013b15800 VMThread [stack: 0x00000000157e0000,0x00000000158e0000] [id=13432]
  0x0000000015adc000 WatcherThread [stack: 0x0000000016670000,0x0000000016770000] [id=7944]

VM state:not at safepoint (normal execution)

VM Mutex/Monitor currently owned by a thread: None

Heap:
 PSYoungGen      total 18944K, used 9744K [0x00000000feb00000, 0x0000000100000000, 0x0000000100000000)
  eden space 16384K, 44% used [0x00000000feb00000,0x00000000ff20bed8,0x00000000ffb00000)
  from space 2560K, 98% used [0x00000000ffb00000,0x00000000ffd784a0,0x00000000ffd80000)
  to   space 2560K, 0% used [0x00000000ffd80000,0x00000000ffd80000,0x0000000100000000)
 ParOldGen       total 44032K, used 6844K [0x00000000fc000000, 0x00000000feb00000, 0x00000000feb00000)
  object space 44032K, 15% used [0x00000000fc000000,0x00000000fc6af0e8,0x00000000feb00000)
 Metaspace       used 7727K, capacity 7914K, committed 8192K, reserved 1056768K
  class space    used 876K, capacity 957K, committed 1024K, reserved 1048576K

Card table byte_map: [0x00000000031d0000,0x0000000003200000] byte_map_base: 0x00000000029f0000

Marking Bits: (ParMarkBitMap*) 0x0000000066b93950
 Begin Bits: [0x0000000012f30000, 0x0000000013030000)
 End Bits:   [0x0000000013030000, 0x0000000013130000)

Polling page: 0x00000000014b0000

CodeCache: size=245760Kb used=4409Kb max_used=4422Kb free=241350Kb
 bounds [0x0000000003370000, 0x00000000037d0000, 0x0000000012370000]
 total_blobs=1484 nmethods=1149 adapters=248
 compilation: enabled

Compilation events (10 events):
Event: 4.122 Thread 0x0000000013b2b000 nmethod 1146 0x00000000037c1250 code [0x00000000037c13a0, 0x00000000037c15f8]
Event: 4.122 Thread 0x0000000015a70800 nmethod 1145 0x00000000037bd790 code [0x00000000037bd8e0, 0x00000000037bdb58]
Event: 4.122 Thread 0x0000000015a76000 1147       3       com.google.common.collect.Iterators::emptyListIterator (4 bytes)
Event: 4.122 Thread 0x0000000015a76000 nmethod 1147 0x00000000037bd490 code [0x00000000037bd5e0, 0x00000000037bd710]
Event: 4.123 Thread 0x0000000013b2b000 1148       4       java.util.zip.ZipOutputStream::writeShort (41 bytes)
Event: 4.126 Thread 0x0000000013b2b000 nmethod 1148 0x00000000037bb590 code [0x00000000037bb700, 0x00000000037bbc78]
Event: 4.127 Thread 0x0000000015a76000 1149       3       java.util.zip.ZipOutputStream::writeCEN (514 bytes)
Event: 4.127 Thread 0x0000000015a70800 1150       4       java.util.zip.ZipOutputStream::writeInt (69 bytes)
Event: 4.128 Thread 0x0000000015a76000 nmethod 1149 0x00000000037be590 code [0x00000000037be980, 0x00000000037c0198]
Event: 4.133 Thread 0x0000000015a70800 nmethod 1150 0x00000000037c3710 code [0x00000000037c38a0, 0x00000000037c4150]

GC Heap History (6 events):
Event: 0.921 GC heap before
{Heap before GC invocations=1 (full 0):
 PSYoungGen      total 18944K, used 16384K [0x00000000feb00000, 0x0000000100000000, 0x0000000100000000)
  eden space 16384K, 100% used [0x00000000feb00000,0x00000000ffb00000,0x00000000ffb00000)
  from space 2560K, 0% used [0x00000000ffd80000,0x00000000ffd80000,0x0000000100000000)
  to   space 2560K, 0% used [0x00000000ffb00000,0x00000000ffb00000,0x00000000ffd80000)
 ParOldGen       total 44032K, used 0K [0x00000000fc000000, 0x00000000feb00000, 0x00000000feb00000)
  object space 44032K, 0% used [0x00000000fc000000,0x00000000fc000000,0x00000000feb00000)
 Metaspace       used 6626K, capacity 6808K, committed 7040K, reserved 1056768K
  class space    used 773K, capacity 824K, committed 896K, reserved 1048576K
Event: 0.930 GC heap after
Heap after GC invocations=1 (full 0):
 PSYoungGen      total 18944K, used 2537K [0x00000000feb00000, 0x0000000100000000, 0x0000000100000000)
  eden space 16384K, 0% used [0x00000000feb00000,0x00000000feb00000,0x00000000ffb00000)
  from space 2560K, 99% used [0x00000000ffb00000,0x00000000ffd7a620,0x00000000ffd80000)
  to   space 2560K, 0% used [0x00000000ffd80000,0x00000000ffd80000,0x0000000100000000)
 ParOldGen       total 44032K, used 1424K [0x00000000fc000000, 0x00000000feb00000, 0x00000000feb00000)
  object space 44032K, 3% used [0x00000000fc000000,0x00000000fc1643f0,0x00000000feb00000)
 Metaspace       used 6626K, capacity 6808K, committed 7040K, reserved 1056768K
  class space    used 773K, capacity 824K, committed 896K, reserved 1048576K
}
Event: 1.355 GC heap before
{Heap before GC invocations=2 (full 0):
 PSYoungGen      total 18944K, used 18921K [0x00000000feb00000, 0x0000000100000000, 0x0000000100000000)
  eden space 16384K, 100% used [0x00000000feb00000,0x00000000ffb00000,0x00000000ffb00000)
  from space 2560K, 99% used [0x00000000ffb00000,0x00000000ffd7a620,0x00000000ffd80000)
  to   space 2560K, 0% used [0x00000000ffd80000,0x00000000ffd80000,0x0000000100000000)
 ParOldGen       total 44032K, used 1424K [0x00000000fc000000, 0x00000000feb00000, 0x00000000feb00000)
  object space 44032K, 3% used [0x00000000fc000000,0x00000000fc1643f0,0x00000000feb00000)
 Metaspace       used 6970K, capacity 7114K, committed 7296K, reserved 1056768K
  class space    used 816K, capacity 861K, committed 896K, reserved 1048576K
Event: 1.405 GC heap after
Heap after GC invocations=2 (full 0):
 PSYoungGen      total 18944K, used 2531K [0x00000000feb00000, 0x0000000100000000, 0x0000000100000000)
  eden space 16384K, 0% used [0x00000000feb00000,0x00000000feb00000,0x00000000ffb00000)
  from space 2560K, 98% used [0x00000000ffd80000,0x00000000ffff8e10,0x0000000100000000)
  to   space 2560K, 0% used [0x00000000ffb00000,0x00000000ffb00000,0x00000000ffd80000)
 ParOldGen       total 44032K, used 5854K [0x00000000fc000000, 0x00000000feb00000, 0x00000000feb00000)
  object space 44032K, 13% used [0x00000000fc000000,0x00000000fc5b78d8,0x00000000feb00000)
 Metaspace       used 6970K, capacity 7114K, committed 7296K, reserved 1056768K
  class space    used 816K, capacity 861K, committed 896K, reserved 1048576K
}
Event: 2.040 GC heap before
{Heap before GC invocations=3 (full 0):
 PSYoungGen      total 18944K, used 18915K [0x00000000feb00000, 0x0000000100000000, 0x0000000100000000)
  eden space 16384K, 100% used [0x00000000feb00000,0x00000000ffb00000,0x00000000ffb00000)
  from space 2560K, 98% used [0x00000000ffd80000,0x00000000ffff8e10,0x0000000100000000)
  to   space 2560K, 0% used [0x00000000ffb00000,0x00000000ffb00000,0x00000000ffd80000)
 ParOldGen       total 44032K, used 5854K [0x00000000fc000000, 0x00000000feb00000, 0x00000000feb00000)
  object space 44032K, 13% used [0x00000000fc000000,0x00000000fc5b78d8,0x00000000feb00000)
 Metaspace       used 7683K, capacity 7850K, committed 7936K, reserved 1056768K
  class space    used 875K, capacity 957K, committed 1024K, reserved 1048576K
Event: 2.156 GC heap after
Heap after GC invocations=3 (full 0):
 PSYoungGen      total 18944K, used 2529K [0x00000000feb00000, 0x0000000100000000, 0x0000000100000000)
  eden space 16384K, 0% used [0x00000000feb00000,0x00000000feb00000,0x00000000ffb00000)
  from space 2560K, 98% used [0x00000000ffb00000,0x00000000ffd784a0,0x00000000ffd80000)
  to   space 2560K, 0% used [0x00000000ffd80000,0x00000000ffd80000,0x0000000100000000)
 ParOldGen       total 44032K, used 6844K [0x00000000fc000000, 0x00000000feb00000, 0x00000000feb00000)
  object space 44032K, 15% used [0x00000000fc000000,0x00000000fc6af0e8,0x00000000feb00000)
 Metaspace       used 7683K, capacity 7850K, committed 7936K, reserved 1056768K
  class space    used 875K, capacity 957K, committed 1024K, reserved 1048576K
}

Deoptimization events (10 events):
Event: 1.700 Thread 0x000000000326d800 Uncommon trap: reason=unstable_if action=reinterpret pc=0x000000000364ff18 method=java.lang.String.<init>([CII)V @ 18
Event: 1.722 Thread 0x000000000326d800 Uncommon trap: reason=unstable_if action=reinterpret pc=0x00000000036b1b1c method=org.objectweb.asm.Type.getArgumentsAndReturnSizes(Ljava/lang/String;)I @ 130
Event: 3.510 Thread 0x000000000326d800 Uncommon trap: reason=null_check action=make_not_entrant pc=0x0000000003757c48 method=com.google.devtools.build.android.desugar.InterfaceDesugaring$InterfaceInvocationRewriter.visitMethodInsn(ILjava/lang/String;Ljava/lang/String;Ljava/lang/String;Z)V @ 10
Event: 3.552 Thread 0x000000000326d800 Uncommon trap: reason=unstable_if action=reinterpret pc=0x000000000372d6b4 method=org.objectweb.asm.tree.MethodNode.getLabelNodes([Ljava/lang/Object;)[Ljava/lang/Object; @ 24
Event: 3.554 Thread 0x000000000326d800 Uncommon trap: reason=class_check action=maybe_recompile pc=0x000000000370de44 method=org.objectweb.asm.MethodVisitor.visitVarInsn(II)V @ 13
Event: 3.554 Thread 0x000000000326d800 Uncommon trap: reason=class_check action=maybe_recompile pc=0x000000000370de44 method=org.objectweb.asm.MethodVisitor.visitVarInsn(II)V @ 13
Event: 3.554 Thread 0x000000000326d800 Uncommon trap: reason=class_check action=maybe_recompile pc=0x000000000370de44 method=org.objectweb.asm.MethodVisitor.visitVarInsn(II)V @ 13
Event: 3.554 Thread 0x000000000326d800 Uncommon trap: reason=class_check action=maybe_recompile pc=0x000000000370ddf8 method=org.objectweb.asm.tree.VarInsnNode.accept(Lorg/objectweb/asm/MethodVisitor;)V @ 9
Event: 3.554 Thread 0x000000000326d800 Uncommon trap: reason=class_check action=maybe_recompile pc=0x000000000370ddf8 method=org.objectweb.asm.tree.VarInsnNode.accept(Lorg/objectweb/asm/MethodVisitor;)V @ 9
Event: 3.554 Thread 0x000000000326d800 Uncommon trap: reason=class_check action=maybe_recompile pc=0x000000000370ddf8 method=org.objectweb.asm.tree.VarInsnNode.accept(Lorg/objectweb/asm/MethodVisitor;)V @ 9

Classes redefined (0 events):
No events

Internal exceptions (10 events):
Event: 3.504 Thread 0x000000000326d800 Exception <a 'sun/nio/fs/WindowsException'> (0x00000000fec2b6e8) thrown at [D:\src\AOSP-openjdk-cygwin\jdk8u\hotspot\src\share\vm\prims\jni.cpp, line 709]
Event: 3.510 Thread 0x000000000326d800 Implicit null exception at 0x0000000003755198 to 0x0000000003757c25
Event: 3.518 Thread 0x000000000326d800 Exception <a 'sun/nio/fs/WindowsException'> (0x00000000fecc3db8) thrown at [D:\src\AOSP-openjdk-cygwin\jdk8u\hotspot\src\share\vm\prims\jni.cpp, line 709]
Event: 3.518 Thread 0x000000000326d800 Exception <a 'sun/nio/fs/WindowsException'> (0x00000000fecc4290) thrown at [D:\src\AOSP-openjdk-cygwin\jdk8u\hotspot\src\share\vm\prims\jni.cpp, line 709]
Event: 3.541 Thread 0x000000000326d800 Exception <a 'sun/nio/fs/WindowsException'> (0x00000000fed01400) thrown at [D:\src\AOSP-openjdk-cygwin\jdk8u\hotspot\src\share\vm\prims\jni.cpp, line 709]
Event: 3.541 Thread 0x000000000326d800 Exception <a 'sun/nio/fs/WindowsException'> (0x00000000fed018d8) thrown at [D:\src\AOSP-openjdk-cygwin\jdk8u\hotspot\src\share\vm\prims\jni.cpp, line 709]
Event: 3.721 Thread 0x000000000326d800 Exception <a 'sun/nio/fs/WindowsException'> (0x00000000feec2bd0) thrown at [D:\src\AOSP-openjdk-cygwin\jdk8u\hotspot\src\share\vm\prims\jni.cpp, line 709]
Event: 3.848 Thread 0x000000000326d800 Exception <a 'sun/nio/fs/WindowsException'> (0x00000000feec30a8) thrown at [D:\src\AOSP-openjdk-cygwin\jdk8u\hotspot\src\share\vm\prims\jni.cpp, line 709]
Event: 4.017 Thread 0x000000000326d800 Exception <a 'sun/nio/fs/WindowsException'> (0x00000000feec6560) thrown at [D:\src\AOSP-openjdk-cygwin\jdk8u\hotspot\src\share\vm\prims\jni.cpp, line 709]
Event: 4.017 Thread 0x000000000326d800 Exception <a 'sun/nio/fs/WindowsException'> (0x00000000feec6a38) thrown at [D:\src\AOSP-openjdk-cygwin\jdk8u\hotspot\src\share\vm\prims\jni.cpp, line 709]

Events (10 events):
Event: 3.554 Thread 0x000000000326d800 Uncommon trap: trap_request=0xffffffde fr.pc=0x000000000370ddf8
Event: 3.554 Thread 0x000000000326d800 DEOPT PACKING pc=0x000000000370ddf8 sp=0x00000000031ce920
Event: 3.554 Thread 0x000000000326d800 DEOPT UNPACKING pc=0x00000000033b556a sp=0x00000000031ce8d8 mode 2
Event: 3.554 Thread 0x000000000326d800 Uncommon trap: trap_request=0xffffffde fr.pc=0x000000000370ddf8
Event: 3.554 Thread 0x000000000326d800 DEOPT PACKING pc=0x000000000370ddf8 sp=0x00000000031ce920
Event: 3.554 Thread 0x000000000326d800 DEOPT UNPACKING pc=0x00000000033b556a sp=0x00000000031ce8d8 mode 2
Event: 4.068 Thread 0x000000000326d800 DEOPT PACKING pc=0x000000000366675d sp=0x00000000031ce710
Event: 4.068 Thread 0x000000000326d800 DEOPT UNPACKING pc=0x00000000033b75bf sp=0x00000000031ce6c0 mode 0
Event: 4.175 Executing VM operation: EnableBiasedLocking
Event: 4.176 Executing VM operation: EnableBiasedLocking done


Dynamic libraries:
0x00007ff6355d0000 - 0x00007ff635601000 	C:\Program Files\Android\Android Studio\jre\bin\java.exe
0x00007ffba9340000 - 0x00007ffba9521000 	C:\WINDOWS\SYSTEM32\ntdll.dll
0x00007ffba6ca0000 - 0x00007ffba6d52000 	C:\WINDOWS\System32\KERNEL32.DLL
0x00007ffba6070000 - 0x00007ffba62e3000 	C:\WINDOWS\System32\KERNELBASE.dll
0x00007ffba9260000 - 0x00007ffba9301000 	C:\WINDOWS\System32\ADVAPI32.dll
0x00007ffba77b0000 - 0x00007ffba784e000 	C:\WINDOWS\System32\msvcrt.dll
0x00007ffba71b0000 - 0x00007ffba720b000 	C:\WINDOWS\System32\sechost.dll
0x00007ffba7580000 - 0x00007ffba76a4000 	C:\WINDOWS\System32\RPCRT4.dll
0x00007ffba7ac0000 - 0x00007ffba7c50000 	C:\WINDOWS\System32\USER32.dll
0x00007ffba5790000 - 0x00007ffba57b0000 	C:\WINDOWS\System32\win32u.dll
0x00007ffba67e0000 - 0x00007ffba6808000 	C:\WINDOWS\System32\GDI32.dll
0x00007ffba6530000 - 0x00007ffba66c2000 	C:\WINDOWS\System32\gdi32full.dll
0x00007ffba5fd0000 - 0x00007ffba606f000 	C:\WINDOWS\System32\msvcp_win.dll
0x00007ffba66d0000 - 0x00007ffba67ca000 	C:\WINDOWS\System32\ucrtbase.dll
0x00007ffb93ad0000 - 0x00007ffb93d39000 	C:\WINDOWS\WinSxS\amd64_microsoft.windows.common-controls_6595b64144ccf1df_6.0.17134.48_none_b4b2216a3cb4dd3e\COMCTL32.dll
0x00007ffba6810000 - 0x00007ffba6b33000 	C:\WINDOWS\System32\combase.dll
0x00007ffba5710000 - 0x00007ffba578a000 	C:\WINDOWS\System32\bcryptPrimitives.dll
0x00007ffba9090000 - 0x00007ffba90bd000 	C:\WINDOWS\System32\IMM32.DLL
0x0000000069430000 - 0x0000000069502000 	C:\Program Files\Android\Android Studio\jre\jre\bin\msvcr100.dll
0x00000000663d0000 - 0x0000000066c0e000 	C:\Program Files\Android\Android Studio\jre\jre\bin\server\jvm.dll
0x00007ffba91d0000 - 0x00007ffba91d8000 	C:\WINDOWS\System32\PSAPI.DLL
0x00007ffba3a00000 - 0x00007ffba3a09000 	C:\WINDOWS\SYSTEM32\WSOCK32.dll
0x00007ffba7510000 - 0x00007ffba757c000 	C:\WINDOWS\System32\WS2_32.dll
0x00007ffb95780000 - 0x00007ffb957a3000 	C:\WINDOWS\SYSTEM32\WINMM.dll
0x00007ffb9d7c0000 - 0x00007ffb9d7ca000 	C:\WINDOWS\SYSTEM32\VERSION.dll
0x00007ffb95570000 - 0x00007ffb9559a000 	C:\WINDOWS\SYSTEM32\WINMMBASE.dll
0x00007ffba64e0000 - 0x00007ffba6529000 	C:\WINDOWS\System32\cfgmgr32.dll
0x00007ffba1ea0000 - 0x00007ffba1eaf000 	C:\Program Files\Android\Android Studio\jre\jre\bin\verify.dll
0x00007ffba19b0000 - 0x00007ffba19d9000 	C:\Program Files\Android\Android Studio\jre\jre\bin\java.dll
0x00007ffba1990000 - 0x00007ffba19a6000 	C:\Program Files\Android\Android Studio\jre\jre\bin\zip.dll
0x00007ffba7c50000 - 0x00007ffba9090000 	C:\WINDOWS\System32\SHELL32.dll
0x00007ffba9120000 - 0x00007ffba91c9000 	C:\WINDOWS\System32\shcore.dll
0x00007ffba58c0000 - 0x00007ffba5fcd000 	C:\WINDOWS\System32\windows.storage.dll
0x00007ffba90c0000 - 0x00007ffba9111000 	C:\WINDOWS\System32\shlwapi.dll
0x00007ffba5680000 - 0x00007ffba5691000 	C:\WINDOWS\System32\kernel.appcore.dll
0x00007ffba56f0000 - 0x00007ffba570f000 	C:\WINDOWS\System32\profapi.dll
0x00007ffba56a0000 - 0x00007ffba56ec000 	C:\WINDOWS\System32\powrprof.dll
0x00007ffba5650000 - 0x00007ffba565a000 	C:\WINDOWS\System32\FLTLIB.DLL
0x00007ffba5080000 - 0x00007ffba5097000 	C:\WINDOWS\SYSTEM32\CRYPTSP.dll
0x00007ffba4ab0000 - 0x00007ffba4ae3000 	C:\WINDOWS\system32\rsaenh.dll
0x00007ffba51b0000 - 0x00007ffba51d5000 	C:\WINDOWS\SYSTEM32\bcrypt.dll
0x00007ffba5580000 - 0x00007ffba55a8000 	C:\WINDOWS\SYSTEM32\USERENV.dll
0x00007ffba50a0000 - 0x00007ffba50ab000 	C:\WINDOWS\SYSTEM32\CRYPTBASE.dll
0x00007ffba18c0000 - 0x00007ffba18da000 	C:\Program Files\Android\Android Studio\jre\jre\bin\net.dll
0x00007ffba4ed0000 - 0x00007ffba4f36000 	C:\WINDOWS\system32\mswsock.dll
0x00007ffba4c50000 - 0x00007ffba4c88000 	C:\WINDOWS\SYSTEM32\IPHLPAPI.DLL
0x00007ffba7430000 - 0x00007ffba7438000 	C:\WINDOWS\System32\NSI.dll
0x00007ffb9a1f0000 - 0x00007ffb9a206000 	C:\WINDOWS\SYSTEM32\dhcpcsvc6.DLL
0x00007ffb9a120000 - 0x00007ffb9a13a000 	C:\WINDOWS\SYSTEM32\dhcpcsvc.DLL
0x00007ffba18a0000 - 0x00007ffba18b1000 	C:\Program Files\Android\Android Studio\jre\jre\bin\nio.dll

VM Arguments:
jvm_args: -Djava.awt.headless=true -Xmx64M -Dfile.encoding=x-windows-949 -Duser.country=KR -Duser.language=ko -Duser.variant 
java_command: com.google.devtools.build.android.desugar.Desugar @D:\test\app\build\intermediates\tmp\desugar_args4140794466320310829
java_class_path (initial): C:\Users\Goo\AppData\Local\Temp\desugar_deploy.jar5417279862617654825
Launcher Type: SUN_STANDARD

Environment Variables:
PATH=C:\ProgramData\Oracle\Java\javapath;C:\WINDOWS\system32;C:\WINDOWS;C:\WINDOWS\System32\Wbem;C:\WINDOWS\System32\WindowsPowerShell\v1.0\;C:\OpenSSL;;C:\WINDOWS\System32\OpenSSH\;C:\Users\Goo\AppData\Local\Microsoft\WindowsApps;
USERNAME=Goo
OS=Windows_NT
PROCESSOR_IDENTIFIER=Intel64 Family 6 Model 158 Stepping 9, GenuineIntel



---------------  S Y S T E M  ---------------

OS: Windows 10.0 , 64 bit Build 17134 (10.0.17134.1)

CPU:total 8 (initial active 8) (4 cores per cpu, 2 threads per core) family 6 model 158 stepping 9, cmov, cx8, fxsr, mmx, sse, sse2, sse3, ssse3, sse4.1, sse4.2, popcnt, avx, avx2, aes, clmul, erms, 3dnowpref, lzcnt, ht, tsc, tscinvbit, bmi1, bmi2, adx

Memory: 4k page, physical 16692940k(5153176k free), swap 16692940k(4908k free)

vm_info: OpenJDK 64-Bit Server VM (25.152-b01) for windows-amd64 JRE (1.8.0_152-release-915-b01), built by "builder" with MS VC++ 10.0 (VS2010)

time: Wed May 30 03:14:30 2018
elapsed time: 4 seconds (0d 0h 0m 4s)

