#
# There is insufficient memory for the Java Runtime Environment to continue.
# Native memory allocation (malloc) failed to allocate 2195376 bytes for Chunk::new
# Possible reasons:
#   The system is out of physical RAM or swap space
#   In 32 bit mode, the process size limit was hit
# Possible solutions:
#   Reduce memory load on the system
#   Increase physical memory or swap space
#   Check if swap backing store is full
#   Use 64 bit Java on a 64 bit OS
#   Decrease Java heap size (-Xmx/-Xms)
#   Decrease number of Java threads
#   Decrease Java thread stack sizes (-Xss)
#   Set larger code cache with -XX:ReservedCodeCacheSize=
# This output file may be truncated or incomplete.
#
#  Out of Memory Error (allocation.cpp:390), pid=7812, tid=0x0000000000001e18
#
# JRE version: OpenJDK Runtime Environment (8.0_152-b01) (build 1.8.0_152-release-915-b01)
# Java VM: OpenJDK 64-Bit Server VM (25.152-b01 mixed mode windows-amd64 compressed oops)
# Failed to write core dump. Minidumps are not enabled by default on client versions of Windows
#

---------------  T H R E A D  ---------------

Current thread (0x0000000015e3b000):  JavaThread "C2 CompilerThread0" daemon [_thread_in_native, id=7704, stack(0x0000000016590000,0x0000000016690000)]

Stack: [0x0000000016590000,0x0000000016690000]
[error occurred during error reporting (printing stack bounds), id 0xc0000005]

Native frames: (J=compiled Java code, j=interpreted, Vv=VM code, C=native code)


Current CompileTask:
C2:   4278 1102 %     4       org.objectweb.asm.ClassReader::a @ 1480 (3587 bytes)


---------------  P R O C E S S  ---------------

Java Threads: ( => current thread )
  0x0000000015e9c800 JavaThread "Service Thread" daemon [_thread_blocked, id=13560, stack(0x0000000016990000,0x0000000016a90000)]
  0x0000000015e96000 JavaThread "C1 CompilerThread3" daemon [_thread_blocked, id=5240, stack(0x0000000016890000,0x0000000016990000)]
  0x0000000015e93000 JavaThread "C2 CompilerThread2" daemon [_thread_blocked, id=11124, stack(0x0000000016790000,0x0000000016890000)]
  0x0000000013f2a800 JavaThread "C2 CompilerThread1" daemon [_thread_blocked, id=8384, stack(0x0000000016690000,0x0000000016790000)]
=>0x0000000015e3b000 JavaThread "C2 CompilerThread0" daemon [_thread_in_native, id=7704, stack(0x0000000016590000,0x0000000016690000)]
  0x0000000015e39800 JavaThread "Attach Listener" daemon [_thread_blocked, id=10232, stack(0x0000000016490000,0x0000000016590000)]
  0x0000000015e90000 JavaThread "Signal Dispatcher" daemon [_thread_blocked, id=9712, stack(0x0000000016390000,0x0000000016490000)]
  0x0000000015e20800 JavaThread "Finalizer" daemon [_thread_blocked, id=10372, stack(0x0000000016200000,0x0000000016300000)]
  0x0000000003767000 JavaThread "Reference Handler" daemon [_thread_blocked, id=11868, stack(0x0000000015d00000,0x0000000015e00000)]
  0x000000000346d800 JavaThread "main" [_thread_in_Java, id=4656, stack(0x0000000003570000,0x0000000003670000)]

Other Threads:
  0x0000000013f15800 VMThread [stack: 0x0000000015c00000,0x0000000015d00000] [id=8568]
  0x0000000015ead000 WatcherThread [stack: 0x0000000016a90000,0x0000000016b90000] [id=10720]

VM state:not at safepoint (normal execution)

VM Mutex/Monitor currently owned by a thread: None

Heap:
 PSYoungGen      total 18944K, used 6111K [0x00000000feb00000, 0x0000000100000000, 0x0000000100000000)
  eden space 16384K, 21% used [0x00000000feb00000,0x00000000fee7bb90,0x00000000ffb00000)
  from space 2560K, 99% used [0x00000000ffb00000,0x00000000ffd7c458,0x00000000ffd80000)
  to   space 2560K, 0% used [0x00000000ffd80000,0x00000000ffd80000,0x0000000100000000)
 ParOldGen       total 44032K, used 6922K [0x00000000fc000000, 0x00000000feb00000, 0x00000000feb00000)
  object space 44032K, 15% used [0x00000000fc000000,0x00000000fc6c2a18,0x00000000feb00000)
 Metaspace       used 7709K, capacity 7906K, committed 8192K, reserved 1056768K
  class space    used 875K, capacity 957K, committed 1024K, reserved 1048576K

Card table byte_map: [0x00000000033f0000,0x0000000003420000] byte_map_base: 0x0000000002c10000

Marking Bits: (ParMarkBitMap*) 0x00000000673d3950
 Begin Bits: [0x0000000013330000, 0x0000000013430000)
 End Bits:   [0x0000000013430000, 0x0000000013530000)

Polling page: 0x0000000001860000

CodeCache: size=245760Kb used=4576Kb max_used=4587Kb free=241183Kb
 bounds [0x0000000003770000, 0x0000000003bf0000, 0x0000000012770000]
 total_blobs=1445 nmethods=1110 adapters=248
 compilation: enabled

Compilation events (10 events):
Event: 3.903 Thread 0x0000000015e96000 1108       3       com.google.common.collect.Iterators::forArray (51 bytes)
Event: 3.904 Thread 0x0000000015e96000 nmethod 1108 0x0000000003b62e50 code [0x0000000003b63080, 0x0000000003b63b98]
Event: 3.904 Thread 0x0000000015e96000 1109       3       com.google.common.collect.ImmutableList::iterator (5 bytes)
Event: 3.904 Thread 0x0000000015e96000 nmethod 1109 0x0000000003b48b10 code [0x0000000003b48c80, 0x0000000003b48f68]
Event: 3.904 Thread 0x0000000015e96000 1110       3       com.google.common.collect.RegularImmutableList::listIterator (15 bytes)
Event: 3.904 Thread 0x0000000015e96000 nmethod 1110 0x0000000003b60c90 code [0x0000000003b60e00, 0x0000000003b60fa8]
Event: 3.926 Thread 0x0000000015e93000 nmethod 1105 0x0000000003be6790 code [0x0000000003be6960, 0x0000000003be77d8]
Event: 3.926 Thread 0x0000000015e93000 1106       4       org.objectweb.asm.tree.MethodNode::visitLabel (13 bytes)
Event: 3.929 Thread 0x0000000015e93000 nmethod 1106 0x0000000003b48650 code [0x0000000003b487a0, 0x0000000003b48978]
Event: 4.003 Thread 0x0000000013f2a800 nmethod 1086 0x0000000003be8690 code [0x0000000003be89a0, 0x0000000003beabe8]

GC Heap History (6 events):
Event: 1.113 GC heap before
{Heap before GC invocations=1 (full 0):
 PSYoungGen      total 18944K, used 16384K [0x00000000feb00000, 0x0000000100000000, 0x0000000100000000)
  eden space 16384K, 100% used [0x00000000feb00000,0x00000000ffb00000,0x00000000ffb00000)
  from space 2560K, 0% used [0x00000000ffd80000,0x00000000ffd80000,0x0000000100000000)
  to   space 2560K, 0% used [0x00000000ffb00000,0x00000000ffb00000,0x00000000ffd80000)
 ParOldGen       total 44032K, used 0K [0x00000000fc000000, 0x00000000feb00000, 0x00000000feb00000)
  object space 44032K, 0% used [0x00000000fc000000,0x00000000fc000000,0x00000000feb00000)
 Metaspace       used 6623K, capacity 6800K, committed 7040K, reserved 1056768K
  class space    used 773K, capacity 824K, committed 896K, reserved 1048576K
Event: 1.163 GC heap after
Heap after GC invocations=1 (full 0):
 PSYoungGen      total 18944K, used 2553K [0x00000000feb00000, 0x0000000100000000, 0x0000000100000000)
  eden space 16384K, 0% used [0x00000000feb00000,0x00000000feb00000,0x00000000ffb00000)
  from space 2560K, 99% used [0x00000000ffb00000,0x00000000ffd7e630,0x00000000ffd80000)
  to   space 2560K, 0% used [0x00000000ffd80000,0x00000000ffd80000,0x0000000100000000)
 ParOldGen       total 44032K, used 1423K [0x00000000fc000000, 0x00000000feb00000, 0x00000000feb00000)
  object space 44032K, 3% used [0x00000000fc000000,0x00000000fc163c78,0x00000000feb00000)
 Metaspace       used 6623K, capacity 6800K, committed 7040K, reserved 1056768K
  class space    used 773K, capacity 824K, committed 896K, reserved 1048576K
}
Event: 1.504 GC heap before
{Heap before GC invocations=2 (full 0):
 PSYoungGen      total 18944K, used 18937K [0x00000000feb00000, 0x0000000100000000, 0x0000000100000000)
  eden space 16384K, 100% used [0x00000000feb00000,0x00000000ffb00000,0x00000000ffb00000)
  from space 2560K, 99% used [0x00000000ffb00000,0x00000000ffd7e630,0x00000000ffd80000)
  to   space 2560K, 0% used [0x00000000ffd80000,0x00000000ffd80000,0x0000000100000000)
 ParOldGen       total 44032K, used 1423K [0x00000000fc000000, 0x00000000feb00000, 0x00000000feb00000)
  object space 44032K, 3% used [0x00000000fc000000,0x00000000fc163c78,0x00000000feb00000)
 Metaspace       used 6946K, capacity 7106K, committed 7296K, reserved 1056768K
  class space    used 814K, capacity 861K, committed 896K, reserved 1048576K
Event: 1.530 GC heap after
Heap after GC invocations=2 (full 0):
 PSYoungGen      total 18944K, used 2547K [0x00000000feb00000, 0x0000000100000000, 0x0000000100000000)
  eden space 16384K, 0% used [0x00000000feb00000,0x00000000feb00000,0x00000000ffb00000)
  from space 2560K, 99% used [0x00000000ffd80000,0x00000000ffffce00,0x0000000100000000)
  to   space 2560K, 0% used [0x00000000ffb00000,0x00000000ffb00000,0x00000000ffd80000)
 ParOldGen       total 44032K, used 5844K [0x00000000fc000000, 0x00000000feb00000, 0x00000000feb00000)
  object space 44032K, 13% used [0x00000000fc000000,0x00000000fc5b5180,0x00000000feb00000)
 Metaspace       used 6946K, capacity 7106K, committed 7296K, reserved 1056768K
  class space    used 814K, capacity 861K, committed 896K, reserved 1048576K
}
Event: 3.422 GC heap before
{Heap before GC invocations=3 (full 0):
 PSYoungGen      total 18944K, used 18931K [0x00000000feb00000, 0x0000000100000000, 0x0000000100000000)
  eden space 16384K, 100% used [0x00000000feb00000,0x00000000ffb00000,0x00000000ffb00000)
  from space 2560K, 99% used [0x00000000ffd80000,0x00000000ffffce00,0x0000000100000000)
  to   space 2560K, 0% used [0x00000000ffb00000,0x00000000ffb00000,0x00000000ffd80000)
 ParOldGen       total 44032K, used 5844K [0x00000000fc000000, 0x00000000feb00000, 0x00000000feb00000)
  object space 44032K, 13% used [0x00000000fc000000,0x00000000fc5b5180,0x00000000feb00000)
 Metaspace       used 7698K, capacity 7842K, committed 7936K, reserved 1056768K
  class space    used 875K, capacity 957K, committed 1024K, reserved 1048576K
Event: 3.875 GC heap after
Heap after GC invocations=3 (full 0):
 PSYoungGen      total 18944K, used 2545K [0x00000000feb00000, 0x0000000100000000, 0x0000000100000000)
  eden space 16384K, 0% used [0x00000000feb00000,0x00000000feb00000,0x00000000ffb00000)
  from space 2560K, 99% used [0x00000000ffb00000,0x00000000ffd7c458,0x00000000ffd80000)
  to   space 2560K, 0% used [0x00000000ffd80000,0x00000000ffd80000,0x0000000100000000)
 ParOldGen       total 44032K, used 6922K [0x00000000fc000000, 0x00000000feb00000, 0x00000000feb00000)
  object space 44032K, 15% used [0x00000000fc000000,0x00000000fc6c2a18,0x00000000feb00000)
 Metaspace       used 7698K, capacity 7842K, committed 7936K, reserved 1056768K
  class space    used 875K, capacity 957K, committed 1024K, reserved 1048576K
}

Deoptimization events (10 events):
Event: 1.193 Thread 0x000000000346d800 Uncommon trap: reason=unstable_if action=reinterpret pc=0x00000000039c3048 method=java.util.HashMap$HashIterator.nextNode()Ljava/util/HashMap$Node; @ 74
Event: 1.343 Thread 0x000000000346d800 Uncommon trap: reason=unstable_if action=reinterpret pc=0x00000000039c3548 method=java.util.HashMap$HashIterator.nextNode()Ljava/util/HashMap$Node; @ 74
Event: 1.453 Thread 0x000000000346d800 Uncommon trap: reason=unloaded action=reinterpret pc=0x00000000039ad9bc method=java.util.zip.ZipEntry.setExtra0([BZ)V @ 37
Event: 1.621 Thread 0x000000000346d800 Uncommon trap: reason=unstable_if action=reinterpret pc=0x00000000038ff6b8 method=java.lang.String.<init>([CII)V @ 18
Event: 2.043 Thread 0x000000000346d800 Uncommon trap: reason=unstable_if action=reinterpret pc=0x0000000003a4be20 method=org.objectweb.asm.ClassReader.readUTF8(I[C)Ljava/lang/String; @ 7
Event: 2.047 Thread 0x000000000346d800 Uncommon trap: reason=unstable_if action=reinterpret pc=0x0000000003aee310 method=org.objectweb.asm.MethodWriter.visitVarInsn(II)V @ 148
Event: 2.047 Thread 0x000000000346d800 Uncommon trap: reason=unstable_if action=reinterpret pc=0x0000000003ab68b0 method=org.objectweb.asm.Type.getArgumentsAndReturnSizes(Ljava/lang/String;)I @ 130
Event: 2.388 Thread 0x000000000346d800 Uncommon trap: reason=unstable_if action=reinterpret pc=0x0000000003afe6a8 method=java.io.BufferedOutputStream.write(I)V @ 9
Event: 3.273 Thread 0x000000000346d800 Uncommon trap: reason=unstable_if action=reinterpret pc=0x0000000003b79988 method=org.objectweb.asm.ClassReader.a(Lorg/objectweb/asm/MethodVisitor;Lorg/objectweb/asm/Context;I)V @ 669
Event: 3.422 Thread 0x000000000346d800 Uncommon trap: reason=null_check action=make_not_entrant pc=0x0000000003b67240 method=com.google.devtools.build.android.desugar.InterfaceDesugaring$InterfaceInvocationRewriter.visitMethodInsn(ILjava/lang/String;Ljava/lang/String;Ljava/lang/String;Z)V @ 10

Classes redefined (0 events):
No events

Internal exceptions (10 events):
Event: 2.801 Thread 0x000000000346d800 Exception <a 'sun/nio/fs/WindowsException'> (0x00000000ffad2e80) thrown at [D:\src\AOSP-openjdk-cygwin\jdk8u\hotspot\src\share\vm\prims\jni.cpp, line 709]
Event: 2.801 Thread 0x000000000346d800 Exception <a 'sun/nio/fs/WindowsException'> (0x00000000ffad3358) thrown at [D:\src\AOSP-openjdk-cygwin\jdk8u\hotspot\src\share\vm\prims\jni.cpp, line 709]
Event: 2.968 Thread 0x000000000346d800 Exception <a 'sun/nio/fs/WindowsException'> (0x00000000ffad67f8) thrown at [D:\src\AOSP-openjdk-cygwin\jdk8u\hotspot\src\share\vm\prims\jni.cpp, line 709]
Event: 2.968 Thread 0x000000000346d800 Exception <a 'sun/nio/fs/WindowsException'> (0x00000000ffad6cd0) thrown at [D:\src\AOSP-openjdk-cygwin\jdk8u\hotspot\src\share\vm\prims\jni.cpp, line 709]
Event: 3.234 Thread 0x000000000346d800 Exception <a 'sun/nio/fs/WindowsException'> (0x00000000ffada170) thrown at [D:\src\AOSP-openjdk-cygwin\jdk8u\hotspot\src\share\vm\prims\jni.cpp, line 709]
Event: 3.241 Thread 0x000000000346d800 Exception <a 'sun/nio/fs/WindowsException'> (0x00000000ffada648) thrown at [D:\src\AOSP-openjdk-cygwin\jdk8u\hotspot\src\share\vm\prims\jni.cpp, line 709]
Event: 3.270 Thread 0x000000000346d800 Exception <a 'sun/nio/fs/WindowsException'> (0x00000000ffaddae8) thrown at [D:\src\AOSP-openjdk-cygwin\jdk8u\hotspot\src\share\vm\prims\jni.cpp, line 709]
Event: 3.270 Thread 0x000000000346d800 Exception <a 'sun/nio/fs/WindowsException'> (0x00000000ffaddfc0) thrown at [D:\src\AOSP-openjdk-cygwin\jdk8u\hotspot\src\share\vm\prims\jni.cpp, line 709]
Event: 3.422 Thread 0x000000000346d800 Implicit null exception at 0x0000000003b64750 to 0x0000000003b6721d
Event: 4.089 Thread 0x000000000346d800 Exception <a 'sun/nio/fs/WindowsException'> (0x00000000fee15900) thrown at [D:\src\AOSP-openjdk-cygwin\jdk8u\hotspot\src\share\vm\prims\jni.cpp, line 709]

Events (10 events):
Event: 3.273 Thread 0x000000000346d800 DEOPT UNPACKING pc=0x00000000037b556a sp=0x000000000366e968 mode 2
Event: 3.422 Thread 0x000000000346d800 Uncommon trap: trap_request=0xfffffff4 fr.pc=0x0000000003b67240
Event: 3.422 Thread 0x000000000346d800 DEOPT PACKING pc=0x0000000003b67240 sp=0x000000000366e8f0
Event: 3.422 Thread 0x000000000346d800 DEOPT UNPACKING pc=0x00000000037b556a sp=0x000000000366e870 mode 2
Event: 3.422 Executing VM operation: ParallelGCFailedAllocation
Event: 3.875 Executing VM operation: ParallelGCFailedAllocation done
Event: 3.886 Thread 0x000000000346d800 DEOPT PACKING pc=0x0000000003ac0220 sp=0x000000000366e9a0
Event: 3.886 Thread 0x000000000346d800 DEOPT UNPACKING pc=0x00000000037b75bf sp=0x000000000366e730 mode 0
Event: 3.897 Thread 0x000000000346d800 DEOPT PACKING pc=0x0000000003a8f770 sp=0x000000000366e900
Event: 3.897 Thread 0x000000000346d800 DEOPT UNPACKING pc=0x00000000037b75bf sp=0x000000000366e628 mode 0


Dynamic libraries:
0x00007ff6d3260000 - 0x00007ff6d3291000 	C:\Program Files\Android\Android Studio\jre\bin\java.exe
0x00007ffba9340000 - 0x00007ffba9521000 	C:\WINDOWS\SYSTEM32\ntdll.dll
0x00007ffba6ca0000 - 0x00007ffba6d52000 	C:\WINDOWS\System32\KERNEL32.DLL
0x00007ffba6070000 - 0x00007ffba62e3000 	C:\WINDOWS\System32\KERNELBASE.dll
0x00007ffba9260000 - 0x00007ffba9301000 	C:\WINDOWS\System32\ADVAPI32.dll
0x00007ffba77b0000 - 0x00007ffba784e000 	C:\WINDOWS\System32\msvcrt.dll
0x00007ffba71b0000 - 0x00007ffba720b000 	C:\WINDOWS\System32\sechost.dll
0x00007ffba7580000 - 0x00007ffba76a4000 	C:\WINDOWS\System32\RPCRT4.dll
0x00007ffba7ac0000 - 0x00007ffba7c50000 	C:\WINDOWS\System32\USER32.dll
0x00007ffba5790000 - 0x00007ffba57b0000 	C:\WINDOWS\System32\win32u.dll
0x00007ffba67e0000 - 0x00007ffba6808000 	C:\WINDOWS\System32\GDI32.dll
0x00007ffba6530000 - 0x00007ffba66c2000 	C:\WINDOWS\System32\gdi32full.dll
0x00007ffba5fd0000 - 0x00007ffba606f000 	C:\WINDOWS\System32\msvcp_win.dll
0x00007ffba66d0000 - 0x00007ffba67ca000 	C:\WINDOWS\System32\ucrtbase.dll
0x00007ffb93ad0000 - 0x00007ffb93d39000 	C:\WINDOWS\WinSxS\amd64_microsoft.windows.common-controls_6595b64144ccf1df_6.0.17134.48_none_b4b2216a3cb4dd3e\COMCTL32.dll
0x00007ffba6810000 - 0x00007ffba6b33000 	C:\WINDOWS\System32\combase.dll
0x00007ffba5710000 - 0x00007ffba578a000 	C:\WINDOWS\System32\bcryptPrimitives.dll
0x00007ffba9090000 - 0x00007ffba90bd000 	C:\WINDOWS\System32\IMM32.DLL
0x0000000069530000 - 0x0000000069602000 	C:\Program Files\Android\Android Studio\jre\jre\bin\msvcr100.dll
0x0000000066c10000 - 0x000000006744e000 	C:\Program Files\Android\Android Studio\jre\jre\bin\server\jvm.dll
0x00007ffba91d0000 - 0x00007ffba91d8000 	C:\WINDOWS\System32\PSAPI.DLL
0x00007ffb95780000 - 0x00007ffb957a3000 	C:\WINDOWS\SYSTEM32\WINMM.dll
0x00007ffba1ea0000 - 0x00007ffba1ea9000 	C:\WINDOWS\SYSTEM32\WSOCK32.dll
0x00007ffba7510000 - 0x00007ffba757c000 	C:\WINDOWS\System32\WS2_32.dll
0x00007ffb9d7c0000 - 0x00007ffb9d7ca000 	C:\WINDOWS\SYSTEM32\VERSION.dll
0x00007ffb95570000 - 0x00007ffb9559a000 	C:\WINDOWS\SYSTEM32\winmmbase.dll
0x00007ffba64e0000 - 0x00007ffba6529000 	C:\WINDOWS\System32\cfgmgr32.dll
0x00007ffba1e90000 - 0x00007ffba1e9f000 	C:\Program Files\Android\Android Studio\jre\jre\bin\verify.dll
0x00007ffb9fc20000 - 0x00007ffb9fc49000 	C:\Program Files\Android\Android Studio\jre\jre\bin\java.dll
0x00007ffb9fc00000 - 0x00007ffb9fc16000 	C:\Program Files\Android\Android Studio\jre\jre\bin\zip.dll
0x00007ffba7c50000 - 0x00007ffba9090000 	C:\WINDOWS\System32\SHELL32.dll
0x00007ffba9120000 - 0x00007ffba91c9000 	C:\WINDOWS\System32\shcore.dll
0x00007ffba58c0000 - 0x00007ffba5fcd000 	C:\WINDOWS\System32\windows.storage.dll
0x00007ffba90c0000 - 0x00007ffba9111000 	C:\WINDOWS\System32\shlwapi.dll
0x00007ffba5680000 - 0x00007ffba5691000 	C:\WINDOWS\System32\kernel.appcore.dll
0x00007ffba56f0000 - 0x00007ffba570f000 	C:\WINDOWS\System32\profapi.dll
0x00007ffba56a0000 - 0x00007ffba56ec000 	C:\WINDOWS\System32\powrprof.dll
0x00007ffba5650000 - 0x00007ffba565a000 	C:\WINDOWS\System32\FLTLIB.DLL
0x00007ffba5080000 - 0x00007ffba5097000 	C:\WINDOWS\SYSTEM32\CRYPTSP.dll
0x00007ffba4ab0000 - 0x00007ffba4ae3000 	C:\WINDOWS\system32\rsaenh.dll
0x00007ffba51b0000 - 0x00007ffba51d5000 	C:\WINDOWS\SYSTEM32\bcrypt.dll
0x00007ffba5580000 - 0x00007ffba55a8000 	C:\WINDOWS\SYSTEM32\USERENV.dll
0x00007ffba50a0000 - 0x00007ffba50ab000 	C:\WINDOWS\SYSTEM32\CRYPTBASE.dll
0x00007ffb9fbe0000 - 0x00007ffb9fbfa000 	C:\Program Files\Android\Android Studio\jre\jre\bin\net.dll
0x00007ffba4ed0000 - 0x00007ffba4f36000 	C:\WINDOWS\system32\mswsock.dll
0x00007ffba4c50000 - 0x00007ffba4c88000 	C:\WINDOWS\SYSTEM32\IPHLPAPI.DLL
0x00007ffba7430000 - 0x00007ffba7438000 	C:\WINDOWS\System32\NSI.dll
0x00007ffb9a1f0000 - 0x00007ffb9a206000 	C:\WINDOWS\SYSTEM32\dhcpcsvc6.DLL
0x00007ffb9a120000 - 0x00007ffb9a13a000 	C:\WINDOWS\SYSTEM32\dhcpcsvc.DLL
0x00007ffb9fbc0000 - 0x00007ffb9fbd1000 	C:\Program Files\Android\Android Studio\jre\jre\bin\nio.dll

VM Arguments:
jvm_args: -Djava.awt.headless=true -Xmx64M -Dfile.encoding=x-windows-949 -Duser.country=KR -Duser.language=ko -Duser.variant 
java_command: com.google.devtools.build.android.desugar.Desugar @D:\test\app\build\intermediates\tmp\desugar_args8345141958012879697
java_class_path (initial): C:\Users\Goo\AppData\Local\Temp\desugar_deploy.jar7969236958099071626
Launcher Type: SUN_STANDARD

Environment Variables:
PATH=C:\ProgramData\Oracle\Java\javapath;C:\WINDOWS\system32;C:\WINDOWS;C:\WINDOWS\System32\Wbem;C:\WINDOWS\System32\WindowsPowerShell\v1.0\;C:\OpenSSL;;C:\WINDOWS\System32\OpenSSH\;C:\Users\Goo\AppData\Local\Microsoft\WindowsApps;
USERNAME=Goo
OS=Windows_NT
PROCESSOR_IDENTIFIER=Intel64 Family 6 Model 158 Stepping 9, GenuineIntel



---------------  S Y S T E M  ---------------

OS: Windows 10.0 , 64 bit Build 17134 (10.0.17134.1)

CPU:total 8 (initial active 8) (4 cores per cpu, 2 threads per core) family 6 model 158 stepping 9, cmov, cx8, fxsr, mmx, sse, sse2, sse3, ssse3, sse4.1, sse4.2, popcnt, avx, avx2, aes, clmul, erms, 3dnowpref, lzcnt, ht, tsc, tscinvbit, bmi1, bmi2, adx

Memory: 4k page, physical 16692940k(3775736k free), swap 16692940k(9240k free)

vm_info: OpenJDK 64-Bit Server VM (25.152-b01) for windows-amd64 JRE (1.8.0_152-release-915-b01), built by "builder" with MS VC++ 10.0 (VS2010)

time: Tue May 29 04:28:38 2018
elapsed time: 4 seconds (0d 0h 0m 4s)

