#
# There is insufficient memory for the Java Runtime Environment to continue.
# Native memory allocation (malloc) failed to allocate 826176 bytes for Chunk::new
# Possible reasons:
#   The system is out of physical RAM or swap space
#   In 32 bit mode, the process size limit was hit
# Possible solutions:
#   Reduce memory load on the system
#   Increase physical memory or swap space
#   Check if swap backing store is full
#   Use 64 bit Java on a 64 bit OS
#   Decrease Java heap size (-Xmx/-Xms)
#   Decrease number of Java threads
#   Decrease Java thread stack sizes (-Xss)
#   Set larger code cache with -XX:ReservedCodeCacheSize=
# This output file may be truncated or incomplete.
#
#  Out of Memory Error (allocation.cpp:390), pid=872, tid=0x00000000000000e4
#
# JRE version: OpenJDK Runtime Environment (8.0_152-b01) (build 1.8.0_152-release-915-b01)
# Java VM: OpenJDK 64-Bit Server VM (25.152-b01 mixed mode windows-amd64 compressed oops)
# Failed to write core dump. Minidumps are not enabled by default on client versions of Windows
#

---------------  T H R E A D  ---------------

Current thread (0x00000000162c2000):  JavaThread "C2 CompilerThread2" daemon [_thread_in_native, id=228, stack(0x0000000016bd0000,0x0000000016cd0000)]

Stack: [0x0000000016bd0000,0x0000000016cd0000]
[error occurred during error reporting (printing stack bounds), id 0xc0000005]

Native frames: (J=compiled Java code, j=interpreted, Vv=VM code, C=native code)


Current CompileTask:
C2:   4417  937       4       org.objectweb.asm.ClassReader::a (3587 bytes)


---------------  P R O C E S S  ---------------

Java Threads: ( => current thread )
  0x000000001634e000 JavaThread "Service Thread" daemon [_thread_blocked, id=5456, stack(0x0000000016dd0000,0x0000000016ed0000)]
  0x00000000162c9800 JavaThread "C1 CompilerThread3" daemon [_thread_in_native, id=13224, stack(0x0000000016cd0000,0x0000000016dd0000)]
=>0x00000000162c2000 JavaThread "C2 CompilerThread2" daemon [_thread_in_native, id=228, stack(0x0000000016bd0000,0x0000000016cd0000)]
  0x0000000013f7c800 JavaThread "C2 CompilerThread1" daemon [_thread_blocked, id=12568, stack(0x0000000016ad0000,0x0000000016bd0000)]
  0x000000001626b800 JavaThread "C2 CompilerThread0" daemon [_thread_blocked, id=700, stack(0x00000000169d0000,0x0000000016ad0000)]
  0x000000001626a000 JavaThread "Attach Listener" daemon [_thread_blocked, id=10764, stack(0x00000000168d0000,0x00000000169d0000)]
  0x00000000162c0000 JavaThread "Signal Dispatcher" daemon [_thread_blocked, id=12516, stack(0x00000000167d0000,0x00000000168d0000)]
  0x000000000379e000 JavaThread "Finalizer" daemon [_thread_blocked, id=11704, stack(0x0000000016630000,0x0000000016730000)]
  0x0000000003797000 JavaThread "Reference Handler" daemon [_thread_blocked, id=9324, stack(0x0000000016130000,0x0000000016230000)]
  0x000000000320d800 JavaThread "main" [_thread_in_Java, id=13932, stack(0x0000000003210000,0x0000000003310000)]

Other Threads:
  0x0000000013f65800 VMThread [stack: 0x0000000016030000,0x0000000016130000] [id=10776]
  0x00000000162f1800 WatcherThread [stack: 0x0000000016ed0000,0x0000000016fd0000] [id=2568]

VM state:not at safepoint (normal execution)

VM Mutex/Monitor currently owned by a thread: None

Heap:
 PSYoungGen      total 18944K, used 10423K [0x00000000feb00000, 0x0000000100000000, 0x0000000100000000)
  eden space 16384K, 48% used [0x00000000feb00000,0x00000000ff2b0de8,0x00000000ffb00000)
  from space 2560K, 99% used [0x00000000ffd80000,0x00000000ffffce20,0x0000000100000000)
  to   space 2560K, 0% used [0x00000000ffb00000,0x00000000ffb00000,0x00000000ffd80000)
 ParOldGen       total 44032K, used 5949K [0x00000000fc000000, 0x00000000feb00000, 0x00000000feb00000)
  object space 44032K, 13% used [0x00000000fc000000,0x00000000fc5cf628,0x00000000feb00000)
 Metaspace       used 7693K, capacity 7910K, committed 8192K, reserved 1064960K
  class space    used 875K, capacity 957K, committed 1024K, reserved 1048576K

Card table byte_map: [0x0000000003310000,0x0000000003340000] byte_map_base: 0x0000000002b30000

Marking Bits: (ParMarkBitMap*) 0x0000000066023950
 Begin Bits: [0x0000000013360000, 0x0000000013460000)
 End Bits:   [0x0000000013460000, 0x0000000013560000)

Polling page: 0x00000000031b0000

CodeCache: size=245760Kb used=3742Kb max_used=3748Kb free=242017Kb
 bounds [0x00000000037a0000, 0x0000000003b50000, 0x00000000127a0000]
 total_blobs=1328 nmethods=994 adapters=248
 compilation: enabled

Compilation events (10 events):
Event: 4.361 Thread 0x00000000162c9800 nmethod 985 0x0000000003b453d0 code [0x0000000003b45540, 0x0000000003b45838]
Event: 4.361 Thread 0x00000000162c9800  989       3       com.google.common.collect.RegularImmutableMap::get (60 bytes)
Event: 4.362 Thread 0x00000000162c9800 nmethod 989 0x0000000003b45910 code [0x0000000003b45ac0, 0x0000000003b461e8]
Event: 4.362 Thread 0x00000000162c9800  988       3       com.google.common.collect.RegularImmutableMap::get (13 bytes)
Event: 4.362 Thread 0x00000000162c9800 nmethod 988 0x0000000003b46490 code [0x0000000003b46600, 0x0000000003b467a8]
Event: 4.362 Thread 0x00000000162c9800  990       1       java.util.Arrays$ArrayList::size (6 bytes)
Event: 4.362 Thread 0x00000000162c9800 nmethod 990 0x0000000003b46850 code [0x0000000003b469a0, 0x0000000003b46ab0]
Event: 4.375 Thread 0x0000000013f7c800 nmethod 987 0x0000000003b49fd0 code [0x0000000003b4a140, 0x0000000003b4a9b8]
Event: 4.397 Thread 0x00000000162c9800  991       3       java.util.LinkedHashMap$LinkedHashIterator::hasNext (13 bytes)
Event: 4.397 Thread 0x00000000162c9800 nmethod 991 0x0000000003b49c50 code [0x0000000003b49da0, 0x0000000003b49f50]

GC Heap History (4 events):
Event: 3.801 GC heap before
{Heap before GC invocations=1 (full 0):
 PSYoungGen      total 18944K, used 16384K [0x00000000feb00000, 0x0000000100000000, 0x0000000100000000)
  eden space 16384K, 100% used [0x00000000feb00000,0x00000000ffb00000,0x00000000ffb00000)
  from space 2560K, 0% used [0x00000000ffd80000,0x00000000ffd80000,0x0000000100000000)
  to   space 2560K, 0% used [0x00000000ffb00000,0x00000000ffb00000,0x00000000ffd80000)
 ParOldGen       total 44032K, used 0K [0x00000000fc000000, 0x00000000feb00000, 0x00000000feb00000)
  object space 44032K, 0% used [0x00000000fc000000,0x00000000fc000000,0x00000000feb00000)
 Metaspace       used 6652K, capacity 6804K, committed 7040K, reserved 1062912K
  class space    used 773K, capacity 824K, committed 896K, reserved 1048576K
Event: 3.806 GC heap after
Heap after GC invocations=1 (full 0):
 PSYoungGen      total 18944K, used 2553K [0x00000000feb00000, 0x0000000100000000, 0x0000000100000000)
  eden space 16384K, 0% used [0x00000000feb00000,0x00000000feb00000,0x00000000ffb00000)
  from space 2560K, 99% used [0x00000000ffb00000,0x00000000ffd7e630,0x00000000ffd80000)
  to   space 2560K, 0% used [0x00000000ffd80000,0x00000000ffd80000,0x0000000100000000)
 ParOldGen       total 44032K, used 1600K [0x00000000fc000000, 0x00000000feb00000, 0x00000000feb00000)
  object space 44032K, 3% used [0x00000000fc000000,0x00000000fc190140,0x00000000feb00000)
 Metaspace       used 6652K, capacity 6804K, committed 7040K, reserved 1062912K
  class space    used 773K, capacity 824K, committed 896K, reserved 1048576K
}
Event: 4.165 GC heap before
{Heap before GC invocations=2 (full 0):
 PSYoungGen      total 18944K, used 18937K [0x00000000feb00000, 0x0000000100000000, 0x0000000100000000)
  eden space 16384K, 100% used [0x00000000feb00000,0x00000000ffb00000,0x00000000ffb00000)
  from space 2560K, 99% used [0x00000000ffb00000,0x00000000ffd7e630,0x00000000ffd80000)
  to   space 2560K, 0% used [0x00000000ffd80000,0x00000000ffd80000,0x0000000100000000)
 ParOldGen       total 44032K, used 1600K [0x00000000fc000000, 0x00000000feb00000, 0x00000000feb00000)
  object space 44032K, 3% used [0x00000000fc000000,0x00000000fc190140,0x00000000feb00000)
 Metaspace       used 6980K, capacity 7110K, committed 7296K, reserved 1064960K
  class space    used 814K, capacity 861K, committed 896K, reserved 1048576K
Event: 4.175 GC heap after
Heap after GC invocations=2 (full 0):
 PSYoungGen      total 18944K, used 2547K [0x00000000feb00000, 0x0000000100000000, 0x0000000100000000)
  eden space 16384K, 0% used [0x00000000feb00000,0x00000000feb00000,0x00000000ffb00000)
  from space 2560K, 99% used [0x00000000ffd80000,0x00000000ffffce20,0x0000000100000000)
  to   space 2560K, 0% used [0x00000000ffb00000,0x00000000ffb00000,0x00000000ffd80000)
 ParOldGen       total 44032K, used 5949K [0x00000000fc000000, 0x00000000feb00000, 0x00000000feb00000)
  object space 44032K, 13% used [0x00000000fc000000,0x00000000fc5cf628,0x00000000feb00000)
 Metaspace       used 6980K, capacity 7110K, committed 7296K, reserved 1064960K
  class space    used 814K, capacity 861K, committed 896K, reserved 1048576K
}

Deoptimization events (10 events):
Event: 3.771 Thread 0x000000000320d800 Uncommon trap: reason=unstable_if action=reinterpret pc=0x00000000039dc318 method=java.util.zip.ZipEntry.setExtra0([BZ)V @ 1
Event: 3.773 Thread 0x000000000320d800 Uncommon trap: reason=unstable_if action=reinterpret pc=0x00000000039dd308 method=java.util.zip.ZipFile$ZipEntryIterator.hasNext()Z @ 25
Event: 3.773 Thread 0x000000000320d800 Uncommon trap: reason=unstable_if action=reinterpret pc=0x00000000039dc9c0 method=java.util.zip.ZipCoder.decoder()Ljava/nio/charset/CharsetDecoder; @ 4
Event: 3.823 Thread 0x000000000320d800 Uncommon trap: reason=unstable_if action=reinterpret pc=0x00000000039ea080 method=java.util.zip.ZipCoder.decoder()Ljava/nio/charset/CharsetDecoder; @ 4
Event: 3.824 Thread 0x000000000320d800 Uncommon trap: reason=unstable_if action=reinterpret pc=0x00000000039e3cf8 method=java.util.zip.ZipCoder.decoder()Ljava/nio/charset/CharsetDecoder; @ 4
Event: 4.121 Thread 0x000000000320d800 Uncommon trap: reason=unloaded action=reinterpret pc=0x00000000039e57bc method=java.util.zip.ZipEntry.setExtra0([BZ)V @ 37
Event: 4.233 Thread 0x000000000320d800 Uncommon trap: reason=unstable_if action=reinterpret pc=0x000000000395a4b8 method=java.lang.String.<init>([CII)V @ 18
Event: 4.335 Thread 0x000000000320d800 Uncommon trap: reason=unstable_if action=reinterpret pc=0x0000000003abada0 method=org.objectweb.asm.ClassReader.readUTF8(I[C)Ljava/lang/String; @ 7
Event: 4.335 Thread 0x000000000320d800 Uncommon trap: reason=unstable_if action=reinterpret pc=0x0000000003ae53d4 method=org.objectweb.asm.Type.getArgumentsAndReturnSizes(Ljava/lang/String;)I @ 47
Event: 4.346 Thread 0x000000000320d800 Uncommon trap: reason=unstable_if action=reinterpret pc=0x0000000003b11e78 method=org.objectweb.asm.MethodWriter.visitVarInsn(II)V @ 130

Classes redefined (0 events):
No events

Internal exceptions (10 events):
Event: 3.871 Thread 0x000000000320d800 Exception <a 'sun/nio/fs/WindowsException'> (0x00000000ff1fef60) thrown at [D:\src\AOSP-openjdk-cygwin\jdk8u\hotspot\src\share\vm\prims\jni.cpp, line 709]
Event: 3.880 Thread 0x000000000320d800 Exception <a 'sun/nio/fs/WindowsException'> (0x00000000ff204288) thrown at [D:\src\AOSP-openjdk-cygwin\jdk8u\hotspot\src\share\vm\prims\jni.cpp, line 709]
Event: 4.183 Thread 0x000000000320d800 Exception <a 'sun/nio/fs/WindowsException'> (0x00000000feba6ab0) thrown at [D:\src\AOSP-openjdk-cygwin\jdk8u\hotspot\src\share\vm\prims\jni.cpp, line 709]
Event: 4.183 Thread 0x000000000320d800 Exception <a 'sun/nio/fs/WindowsException'> (0x00000000feba7008) thrown at [D:\src\AOSP-openjdk-cygwin\jdk8u\hotspot\src\share\vm\prims\jni.cpp, line 709]
Event: 4.330 Thread 0x000000000320d800 Exception <a 'sun/nio/fs/WindowsException'> (0x00000000ff123ba0) thrown at [D:\src\AOSP-openjdk-cygwin\jdk8u\hotspot\src\share\vm\prims\jni.cpp, line 709]
Event: 4.330 Thread 0x000000000320d800 Exception <a 'sun/nio/fs/WindowsException'> (0x00000000ff124078) thrown at [D:\src\AOSP-openjdk-cygwin\jdk8u\hotspot\src\share\vm\prims\jni.cpp, line 709]
Event: 4.387 Thread 0x000000000320d800 Exception <a 'sun/nio/fs/WindowsException'> (0x00000000ff23c450) thrown at [D:\src\AOSP-openjdk-cygwin\jdk8u\hotspot\src\share\vm\prims\jni.cpp, line 709]
Event: 4.387 Thread 0x000000000320d800 Exception <a 'sun/nio/fs/WindowsException'> (0x00000000ff23c928) thrown at [D:\src\AOSP-openjdk-cygwin\jdk8u\hotspot\src\share\vm\prims\jni.cpp, line 709]
Event: 4.398 Thread 0x000000000320d800 Exception <a 'sun/nio/fs/WindowsException'> (0x00000000ff23fde0) thrown at [D:\src\AOSP-openjdk-cygwin\jdk8u\hotspot\src\share\vm\prims\jni.cpp, line 709]
Event: 4.402 Thread 0x000000000320d800 Exception <a 'sun/nio/fs/WindowsException'> (0x00000000ff2402b8) thrown at [D:\src\AOSP-openjdk-cygwin\jdk8u\hotspot\src\share\vm\prims\jni.cpp, line 709]

Events (10 events):
Event: 4.324 loading class java/util/Vector$Itr done
Event: 4.335 Thread 0x000000000320d800 Uncommon trap: trap_request=0xffffff65 fr.pc=0x0000000003abada0
Event: 4.335 Thread 0x000000000320d800 DEOPT PACKING pc=0x0000000003abada0 sp=0x000000000330e6a0
Event: 4.335 Thread 0x000000000320d800 DEOPT UNPACKING pc=0x00000000037e556a sp=0x000000000330e670 mode 2
Event: 4.335 Thread 0x000000000320d800 Uncommon trap: trap_request=0xffffff65 fr.pc=0x0000000003ae53d4
Event: 4.335 Thread 0x000000000320d800 DEOPT PACKING pc=0x0000000003ae53d4 sp=0x000000000330e6b0
Event: 4.335 Thread 0x000000000320d800 DEOPT UNPACKING pc=0x00000000037e556a sp=0x000000000330e638 mode 2
Event: 4.346 Thread 0x000000000320d800 Uncommon trap: trap_request=0xffffff65 fr.pc=0x0000000003b11e78
Event: 4.346 Thread 0x000000000320d800 DEOPT PACKING pc=0x0000000003b11e78 sp=0x000000000330e8b0
Event: 4.346 Thread 0x000000000320d800 DEOPT UNPACKING pc=0x00000000037e556a sp=0x000000000330e7f8 mode 2


Dynamic libraries:
0x00007ff77ed10000 - 0x00007ff77ed41000 	C:\Program Files\Android\Android Studio\jre\bin\java.exe
0x00007ffb91da0000 - 0x00007ffb91f81000 	C:\WINDOWS\SYSTEM32\ntdll.dll
0x00007ffb8f2e0000 - 0x00007ffb8f392000 	C:\WINDOWS\System32\KERNEL32.DLL
0x00007ffb8e250000 - 0x00007ffb8e4c3000 	C:\WINDOWS\System32\KERNELBASE.dll
0x00007ffb91a20000 - 0x00007ffb91ac1000 	C:\WINDOWS\System32\ADVAPI32.dll
0x00007ffb91200000 - 0x00007ffb9129e000 	C:\WINDOWS\System32\msvcrt.dll
0x00007ffb91b40000 - 0x00007ffb91b9b000 	C:\WINDOWS\System32\sechost.dll
0x00007ffb914a0000 - 0x00007ffb915c4000 	C:\WINDOWS\System32\RPCRT4.dll
0x00007ffb90b50000 - 0x00007ffb90ce0000 	C:\WINDOWS\System32\USER32.dll
0x00007ffb8eab0000 - 0x00007ffb8ead0000 	C:\WINDOWS\System32\win32u.dll
0x00007ffb91ba0000 - 0x00007ffb91bc8000 	C:\WINDOWS\System32\GDI32.dll
0x00007ffb8e910000 - 0x00007ffb8eaa2000 	C:\WINDOWS\System32\gdi32full.dll
0x00007ffb8e4d0000 - 0x00007ffb8e56f000 	C:\WINDOWS\System32\msvcp_win.dll
0x00007ffb8e810000 - 0x00007ffb8e90a000 	C:\WINDOWS\System32\ucrtbase.dll
0x00007ffb80fa0000 - 0x00007ffb81209000 	C:\WINDOWS\WinSxS\amd64_microsoft.windows.common-controls_6595b64144ccf1df_6.0.17134.48_none_b4b2216a3cb4dd3e\COMCTL32.dll
0x00007ffb91670000 - 0x00007ffb91993000 	C:\WINDOWS\System32\combase.dll
0x00007ffb8e1d0000 - 0x00007ffb8e24a000 	C:\WINDOWS\System32\bcryptPrimitives.dll
0x00007ffb91470000 - 0x00007ffb9149d000 	C:\WINDOWS\System32\IMM32.DLL
0x0000000065780000 - 0x0000000065852000 	C:\Program Files\Android\Android Studio\jre\jre\bin\msvcr100.dll
0x0000000065860000 - 0x000000006609e000 	C:\Program Files\Android\Android Studio\jre\jre\bin\server\jvm.dll
0x00007ffb90840000 - 0x00007ffb90848000 	C:\WINDOWS\System32\PSAPI.DLL
0x00007ffb8c240000 - 0x00007ffb8c263000 	C:\WINDOWS\SYSTEM32\WINMM.dll
0x00007ffb89f80000 - 0x00007ffb89f89000 	C:\WINDOWS\SYSTEM32\WSOCK32.dll
0x00007ffb91400000 - 0x00007ffb9146c000 	C:\WINDOWS\System32\WS2_32.dll
0x00007ffb88260000 - 0x00007ffb8826a000 	C:\WINDOWS\SYSTEM32\VERSION.dll
0x00007ffb8c120000 - 0x00007ffb8c14a000 	C:\WINDOWS\SYSTEM32\winmmbase.dll
0x00007ffb8f1e0000 - 0x00007ffb8f229000 	C:\WINDOWS\System32\cfgmgr32.dll
0x00007ffb87ea0000 - 0x00007ffb87eaf000 	C:\Program Files\Android\Android Studio\jre\jre\bin\verify.dll
0x00007ffb7eff0000 - 0x00007ffb7f019000 	C:\Program Files\Android\Android Studio\jre\jre\bin\java.dll
0x00007ffb7efd0000 - 0x00007ffb7efe6000 	C:\Program Files\Android\Android Studio\jre\jre\bin\zip.dll
0x00007ffb8f400000 - 0x00007ffb90840000 	C:\WINDOWS\System32\SHELL32.dll
0x00007ffb8f230000 - 0x00007ffb8f2d9000 	C:\WINDOWS\System32\shcore.dll
0x00007ffb8ead0000 - 0x00007ffb8f1dd000 	C:\WINDOWS\System32\windows.storage.dll
0x00007ffb91ae0000 - 0x00007ffb91b31000 	C:\WINDOWS\System32\shlwapi.dll
0x00007ffb8e150000 - 0x00007ffb8e161000 	C:\WINDOWS\System32\kernel.appcore.dll
0x00007ffb8e130000 - 0x00007ffb8e14f000 	C:\WINDOWS\System32\profapi.dll
0x00007ffb8e0b0000 - 0x00007ffb8e0fc000 	C:\WINDOWS\System32\powrprof.dll
0x00007ffb8e120000 - 0x00007ffb8e12a000 	C:\WINDOWS\System32\FLTLIB.DLL
0x00007ffb8dae0000 - 0x00007ffb8daf7000 	C:\WINDOWS\SYSTEM32\CRYPTSP.dll
0x00007ffb8d510000 - 0x00007ffb8d543000 	C:\WINDOWS\system32\rsaenh.dll
0x00007ffb8dc10000 - 0x00007ffb8dc35000 	C:\WINDOWS\SYSTEM32\bcrypt.dll
0x00007ffb8dfe0000 - 0x00007ffb8e008000 	C:\WINDOWS\SYSTEM32\USERENV.dll
0x00007ffb8db00000 - 0x00007ffb8db0b000 	C:\WINDOWS\SYSTEM32\CRYPTBASE.dll
0x00007ffb7ee40000 - 0x00007ffb7ee5a000 	C:\Program Files\Android\Android Studio\jre\jre\bin\net.dll
0x00007ffb8d930000 - 0x00007ffb8d996000 	C:\WINDOWS\system32\mswsock.dll
0x00007ffb8d6b0000 - 0x00007ffb8d6e8000 	C:\WINDOWS\SYSTEM32\IPHLPAPI.DLL
0x00007ffb91390000 - 0x00007ffb91398000 	C:\WINDOWS\System32\NSI.dll
0x00007ffb86ca0000 - 0x00007ffb86cb6000 	C:\WINDOWS\SYSTEM32\dhcpcsvc6.DLL
0x00007ffb86c80000 - 0x00007ffb86c9a000 	C:\WINDOWS\SYSTEM32\dhcpcsvc.DLL
0x00007ffb7f940000 - 0x00007ffb7f951000 	C:\Program Files\Android\Android Studio\jre\jre\bin\nio.dll

VM Arguments:
jvm_args: -Djava.awt.headless=true -Xmx64M -Dfile.encoding=x-windows-949 -Duser.country=KR -Duser.language=ko -Duser.variant 
java_command: com.google.devtools.build.android.desugar.Desugar @D:\test\app\build\intermediates\tmp\desugar_args3784912072516251278
java_class_path (initial): C:\Users\Goo\AppData\Local\Temp\desugar_deploy.jar2272940733005893083
Launcher Type: SUN_STANDARD

Environment Variables:
PATH=C:\ProgramData\Oracle\Java\javapath;C:\WINDOWS\system32;C:\WINDOWS;C:\WINDOWS\System32\Wbem;C:\WINDOWS\System32\WindowsPowerShell\v1.0\;C:\OpenSSL;;C:\WINDOWS\System32\OpenSSH\;C:\Users\Goo\AppData\Local\Microsoft\WindowsApps;
USERNAME=Goo
OS=Windows_NT
PROCESSOR_IDENTIFIER=Intel64 Family 6 Model 158 Stepping 9, GenuineIntel



---------------  S Y S T E M  ---------------

OS: Windows 10.0 , 64 bit Build 17134 (10.0.17134.1)

CPU:total 8 (initial active 8) (4 cores per cpu, 2 threads per core) family 6 model 158 stepping 9, cmov, cx8, fxsr, mmx, sse, sse2, sse3, ssse3, sse4.1, sse4.2, popcnt, avx, avx2, aes, clmul, erms, 3dnowpref, lzcnt, ht, tsc, tscinvbit, bmi1, bmi2, adx

Memory: 4k page, physical 16692940k(2983752k free), swap 16692940k(3212k free)

vm_info: OpenJDK 64-Bit Server VM (25.152-b01) for windows-amd64 JRE (1.8.0_152-release-915-b01), built by "builder" with MS VC++ 10.0 (VS2010)

time: Wed Jun 06 20:42:06 2018
elapsed time: 4 seconds (0d 0h 0m 4s)

