#
# There is insufficient memory for the Java Runtime Environment to continue.
# Native memory allocation (malloc) failed to allocate 3199216 bytes for Chunk::new
# Possible reasons:
#   The system is out of physical RAM or swap space
#   In 32 bit mode, the process size limit was hit
# Possible solutions:
#   Reduce memory load on the system
#   Increase physical memory or swap space
#   Check if swap backing store is full
#   Use 64 bit Java on a 64 bit OS
#   Decrease Java heap size (-Xmx/-Xms)
#   Decrease number of Java threads
#   Decrease Java thread stack sizes (-Xss)
#   Set larger code cache with -XX:ReservedCodeCacheSize=
# This output file may be truncated or incomplete.
#
#  Out of Memory Error (allocation.cpp:390), pid=688, tid=0x0000000000001b18
#
# JRE version: OpenJDK Runtime Environment (8.0_152-b01) (build 1.8.0_152-release-915-b01)
# Java VM: OpenJDK 64-Bit Server VM (25.152-b01 mixed mode windows-amd64 compressed oops)
# Failed to write core dump. Minidumps are not enabled by default on client versions of Windows
#

---------------  T H R E A D  ---------------

Current thread (0x00000000131da800):  JavaThread "C2 CompilerThread1" daemon [_thread_in_native, id=6936, stack(0x0000000015930000,0x0000000015a30000)]

Stack: [0x0000000015930000,0x0000000015a30000]
[error occurred during error reporting (printing stack bounds), id 0xc0000005]

Native frames: (J=compiled Java code, j=interpreted, Vv=VM code, C=native code)


Current CompileTask:
C2:   4817 1166 %     4       org.objectweb.asm.ClassReader::a @ 645 (3587 bytes)


---------------  P R O C E S S  ---------------

Java Threads: ( => current thread )
  0x0000000015177800 JavaThread "Service Thread" daemon [_thread_blocked, id=428, stack(0x0000000015c30000,0x0000000015d30000)]
  0x0000000015128000 JavaThread "C1 CompilerThread3" daemon [_thread_blocked, id=11440, stack(0x0000000015b30000,0x0000000015c30000)]
  0x0000000015125000 JavaThread "C2 CompilerThread2" daemon [_thread_blocked, id=12768, stack(0x0000000015a30000,0x0000000015b30000)]
=>0x00000000131da800 JavaThread "C2 CompilerThread1" daemon [_thread_in_native, id=6936, stack(0x0000000015930000,0x0000000015a30000)]
  0x000000001511f000 JavaThread "C2 CompilerThread0" daemon [_thread_blocked, id=12932, stack(0x0000000015830000,0x0000000015930000)]
  0x000000001511d800 JavaThread "Attach Listener" daemon [_thread_blocked, id=13188, stack(0x0000000015730000,0x0000000015830000)]
  0x00000000150ca000 JavaThread "Signal Dispatcher" daemon [_thread_blocked, id=13304, stack(0x0000000015630000,0x0000000015730000)]
  0x0000000002a1e000 JavaThread "Finalizer" daemon [_thread_blocked, id=13228, stack(0x0000000015490000,0x0000000015590000)]
  0x0000000002a17000 JavaThread "Reference Handler" daemon [_thread_blocked, id=10748, stack(0x0000000014f90000,0x0000000015090000)]
  0x000000000258d800 JavaThread "main" [_thread_in_native, id=436, stack(0x0000000002430000,0x0000000002530000)]

Other Threads:
  0x00000000131c5800 VMThread [stack: 0x0000000014e90000,0x0000000014f90000] [id=6908]
  0x0000000015178800 WatcherThread [stack: 0x0000000015d30000,0x0000000015e30000] [id=248]

VM state:not at safepoint (normal execution)

VM Mutex/Monitor currently owned by a thread: None

Heap:
 PSYoungGen      total 18944K, used 15553K [0x00000000feb00000, 0x0000000100000000, 0x0000000100000000)
  eden space 16384K, 79% used [0x00000000feb00000,0x00000000ff7b3a68,0x00000000ffb00000)
  from space 2560K, 99% used [0x00000000ffd80000,0x00000000ffffcb60,0x0000000100000000)
  to   space 2560K, 0% used [0x00000000ffb00000,0x00000000ffb00000,0x00000000ffd80000)
 ParOldGen       total 44032K, used 7450K [0x00000000fc000000, 0x00000000feb00000, 0x00000000feb00000)
  object space 44032K, 16% used [0x00000000fc000000,0x00000000fc7469b0,0x00000000feb00000)
 Metaspace       used 7791K, capacity 7970K, committed 8192K, reserved 1056768K
  class space    used 875K, capacity 957K, committed 1024K, reserved 1048576K

Card table byte_map: [0x0000000002540000,0x0000000002570000] byte_map_base: 0x0000000001d60000

Marking Bits: (ParMarkBitMap*) 0x00000000673d3950
 Begin Bits: [0x00000000125e0000, 0x00000000126e0000)
 End Bits:   [0x00000000126e0000, 0x00000000127e0000)

Polling page: 0x0000000000750000

CodeCache: size=245760Kb used=4822Kb max_used=4832Kb free=240938Kb
 bounds [0x0000000002a20000, 0x0000000002ee0000, 0x0000000011a20000]
 total_blobs=1575 nmethods=1240 adapters=248
 compilation: enabled

Compilation events (10 events):
Event: 4.563 Thread 0x0000000015128000 1242       3       java.util.zip.ZipOutputStream::writeCEN (514 bytes)
Event: 4.565 Thread 0x0000000015128000 nmethod 1242 0x0000000002ed1c50 code [0x0000000002ed2040, 0x0000000002ed3858]
Event: 4.565 Thread 0x0000000015128000 1239       3       java.util.Vector$Itr::checkForComodification (23 bytes)
Event: 4.565 Thread 0x0000000015128000 nmethod 1239 0x0000000002ecfa50 code [0x0000000002ecfbc0, 0x0000000002ecfe28]
Event: 4.567 Thread 0x000000001511f000 nmethod 1231 0x0000000002ed5c10 code [0x0000000002ed5e40, 0x0000000002ed69e0]
Event: 4.567 Thread 0x000000001511f000 1240       4       java.util.zip.ZipOutputStream::writeInt (69 bytes)
Event: 4.574 Thread 0x000000001511f000 nmethod 1240 0x0000000002ed4c50 code [0x0000000002ed4dc0, 0x0000000002ed5698]
Event: 4.574 Thread 0x000000001511f000 1236       4       org.objectweb.asm.ClassReader::readConst (283 bytes)
Event: 4.591 Thread 0x0000000015125000 nmethod 1235% 0x0000000002ed83d0 code [0x0000000002ed8540, 0x0000000002ed92f8]
Event: 4.621 Thread 0x000000001511f000 nmethod 1236 0x0000000002edb2d0 code [0x0000000002edb5a0, 0x0000000002edbc08]

GC Heap History (8 events):
Event: 0.973 GC heap before
{Heap before GC invocations=1 (full 0):
 PSYoungGen      total 18944K, used 16384K [0x00000000feb00000, 0x0000000100000000, 0x0000000100000000)
  eden space 16384K, 100% used [0x00000000feb00000,0x00000000ffb00000,0x00000000ffb00000)
  from space 2560K, 0% used [0x00000000ffd80000,0x00000000ffd80000,0x0000000100000000)
  to   space 2560K, 0% used [0x00000000ffb00000,0x00000000ffb00000,0x00000000ffd80000)
 ParOldGen       total 44032K, used 0K [0x00000000fc000000, 0x00000000feb00000, 0x00000000feb00000)
  object space 44032K, 0% used [0x00000000fc000000,0x00000000fc000000,0x00000000feb00000)
 Metaspace       used 6620K, capacity 6800K, committed 7040K, reserved 1056768K
  class space    used 773K, capacity 824K, committed 896K, reserved 1048576K
Event: 1.012 GC heap after
Heap after GC invocations=1 (full 0):
 PSYoungGen      total 18944K, used 2537K [0x00000000feb00000, 0x0000000100000000, 0x0000000100000000)
  eden space 16384K, 0% used [0x00000000feb00000,0x00000000feb00000,0x00000000ffb00000)
  from space 2560K, 99% used [0x00000000ffb00000,0x00000000ffd7a620,0x00000000ffd80000)
  to   space 2560K, 0% used [0x00000000ffd80000,0x00000000ffd80000,0x0000000100000000)
 ParOldGen       total 44032K, used 1562K [0x00000000fc000000, 0x00000000feb00000, 0x00000000feb00000)
  object space 44032K, 3% used [0x00000000fc000000,0x00000000fc186be0,0x00000000feb00000)
 Metaspace       used 6620K, capacity 6800K, committed 7040K, reserved 1056768K
  class space    used 773K, capacity 824K, committed 896K, reserved 1048576K
}
Event: 1.411 GC heap before
{Heap before GC invocations=2 (full 0):
 PSYoungGen      total 18944K, used 18921K [0x00000000feb00000, 0x0000000100000000, 0x0000000100000000)
  eden space 16384K, 100% used [0x00000000feb00000,0x00000000ffb00000,0x00000000ffb00000)
  from space 2560K, 99% used [0x00000000ffb00000,0x00000000ffd7a620,0x00000000ffd80000)
  to   space 2560K, 0% used [0x00000000ffd80000,0x00000000ffd80000,0x0000000100000000)
 ParOldGen       total 44032K, used 1562K [0x00000000fc000000, 0x00000000feb00000, 0x00000000feb00000)
  object space 44032K, 3% used [0x00000000fc000000,0x00000000fc186be0,0x00000000feb00000)
 Metaspace       used 6964K, capacity 7106K, committed 7296K, reserved 1056768K
  class space    used 816K, capacity 861K, committed 896K, reserved 1048576K
Event: 1.433 GC heap after
Heap after GC invocations=2 (full 0):
 PSYoungGen      total 18944K, used 2531K [0x00000000feb00000, 0x0000000100000000, 0x0000000100000000)
  eden space 16384K, 0% used [0x00000000feb00000,0x00000000feb00000,0x00000000ffb00000)
  from space 2560K, 98% used [0x00000000ffd80000,0x00000000ffff8e00,0x0000000100000000)
  to   space 2560K, 0% used [0x00000000ffb00000,0x00000000ffb00000,0x00000000ffd80000)
 ParOldGen       total 44032K, used 6064K [0x00000000fc000000, 0x00000000feb00000, 0x00000000feb00000)
  object space 44032K, 13% used [0x00000000fc000000,0x00000000fc5ec0d8,0x00000000feb00000)
 Metaspace       used 6964K, capacity 7106K, committed 7296K, reserved 1056768K
  class space    used 816K, capacity 861K, committed 896K, reserved 1048576K
}
Event: 1.883 GC heap before
{Heap before GC invocations=3 (full 0):
 PSYoungGen      total 18944K, used 18915K [0x00000000feb00000, 0x0000000100000000, 0x0000000100000000)
  eden space 16384K, 100% used [0x00000000feb00000,0x00000000ffb00000,0x00000000ffb00000)
  from space 2560K, 98% used [0x00000000ffd80000,0x00000000ffff8e00,0x0000000100000000)
  to   space 2560K, 0% used [0x00000000ffb00000,0x00000000ffb00000,0x00000000ffd80000)
 ParOldGen       total 44032K, used 6064K [0x00000000fc000000, 0x00000000feb00000, 0x00000000feb00000)
  object space 44032K, 13% used [0x00000000fc000000,0x00000000fc5ec0d8,0x00000000feb00000)
 Metaspace       used 7676K, capacity 7842K, committed 7936K, reserved 1056768K
  class space    used 875K, capacity 957K, committed 1024K, reserved 1048576K
Event: 2.051 GC heap after
Heap after GC invocations=3 (full 0):
 PSYoungGen      total 18944K, used 2530K [0x00000000feb00000, 0x0000000100000000, 0x0000000100000000)
  eden space 16384K, 0% used [0x00000000feb00000,0x00000000feb00000,0x00000000ffb00000)
  from space 2560K, 98% used [0x00000000ffb00000,0x00000000ffd78b50,0x00000000ffd80000)
  to   space 2560K, 0% used [0x00000000ffd80000,0x00000000ffd80000,0x0000000100000000)
 ParOldGen       total 44032K, used 7106K [0x00000000fc000000, 0x00000000feb00000, 0x00000000feb00000)
  object space 44032K, 16% used [0x00000000fc000000,0x00000000fc6f09b0,0x00000000feb00000)
 Metaspace       used 7676K, capacity 7842K, committed 7936K, reserved 1056768K
  class space    used 875K, capacity 957K, committed 1024K, reserved 1048576K
}
Event: 3.345 GC heap before
{Heap before GC invocations=4 (full 0):
 PSYoungGen      total 18944K, used 18914K [0x00000000feb00000, 0x0000000100000000, 0x0000000100000000)
  eden space 16384K, 100% used [0x00000000feb00000,0x00000000ffb00000,0x00000000ffb00000)
  from space 2560K, 98% used [0x00000000ffb00000,0x00000000ffd78b50,0x00000000ffd80000)
  to   space 2560K, 0% used [0x00000000ffd80000,0x00000000ffd80000,0x0000000100000000)
 ParOldGen       total 44032K, used 7106K [0x00000000fc000000, 0x00000000feb00000, 0x00000000feb00000)
  object space 44032K, 16% used [0x00000000fc000000,0x00000000fc6f09b0,0x00000000feb00000)
 Metaspace       used 7730K, capacity 7906K, committed 8192K, reserved 1056768K
  class space    used 875K, capacity 957K, committed 1024K, reserved 1048576K
Event: 3.710 GC heap after
Heap after GC invocations=4 (full 0):
 PSYoungGen      total 18944K, used 2546K [0x00000000feb00000, 0x0000000100000000, 0x0000000100000000)
  eden space 16384K, 0% used [0x00000000feb00000,0x00000000feb00000,0x00000000ffb00000)
  from space 2560K, 99% used [0x00000000ffd80000,0x00000000ffffcb60,0x0000000100000000)
  to   space 2560K, 0% used [0x00000000ffb00000,0x00000000ffb00000,0x00000000ffd80000)
 ParOldGen       total 44032K, used 7450K [0x00000000fc000000, 0x00000000feb00000, 0x00000000feb00000)
  object space 44032K, 16% used [0x00000000fc000000,0x00000000fc7469b0,0x00000000feb00000)
 Metaspace       used 7730K, capacity 7906K, committed 8192K, reserved 1056768K
  class space    used 875K, capacity 957K, committed 1024K, reserved 1048576K
}

Deoptimization events (10 events):
Event: 1.760 Thread 0x000000000258d800 Uncommon trap: reason=class_check action=maybe_recompile pc=0x0000000002d5d030 method=org.objectweb.asm.MethodVisitor.visitVarInsn(II)V @ 13
Event: 1.790 Thread 0x000000000258d800 Uncommon trap: reason=unstable_if action=reinterpret pc=0x0000000002d51358 method=org.objectweb.asm.Item.a(Lorg/objectweb/asm/Item;)Z @ 345
Event: 2.056 Thread 0x000000000258d800 Uncommon trap: reason=unstable_if action=reinterpret pc=0x0000000002d5fa08 method=java.lang.String.<init>([CII)V @ 18
Event: 3.254 Thread 0x000000000258d800 Uncommon trap: reason=unstable_if action=reinterpret pc=0x0000000002d36058 method=java.lang.String.<init>([CII)V @ 18
Event: 3.292 Thread 0x000000000258d800 Uncommon trap: reason=unstable_if action=reinterpret pc=0x0000000002deefb4 method=org.objectweb.asm.Type.getArgumentsAndReturnSizes(Ljava/lang/String;)I @ 130
Event: 3.292 Thread 0x000000000258d800 Uncommon trap: reason=unstable_if action=reinterpret pc=0x0000000002dfa944 method=org.objectweb.asm.MethodWriter.visitVarInsn(II)V @ 148
Event: 3.292 Thread 0x000000000258d800 Uncommon trap: reason=unstable_if action=reinterpret pc=0x0000000002db4f00 method=org.objectweb.asm.MethodWriter.visitVarInsn(II)V @ 136
Event: 3.292 Thread 0x000000000258d800 Uncommon trap: reason=unstable_if action=reinterpret pc=0x0000000002d6ad9c method=org.objectweb.asm.Type.getArgumentsAndReturnSizes(Ljava/lang/String;)I @ 130
Event: 3.294 Thread 0x000000000258d800 Uncommon trap: reason=unstable_if action=reinterpret pc=0x0000000002d89c64 method=org.objectweb.asm.ByteVector.putUTF8(Ljava/lang/String;)Lorg/objectweb/asm/ByteVector; @ 98
Event: 3.796 Thread 0x000000000258d800 Uncommon trap: reason=null_check action=make_not_entrant pc=0x0000000002e47208 method=com.google.devtools.build.android.desugar.InterfaceDesugaring$InterfaceInvocationRewriter.visitMethodInsn(ILjava/lang/String;Ljava/lang/String;Ljava/lang/String;Z)V @ 10

Classes redefined (0 events):
No events

Internal exceptions (10 events):
Event: 1.444 Thread 0x000000000258d800 Exception <a 'sun/nio/fs/WindowsException'> (0x00000000feb9d650) thrown at [D:\src\AOSP-openjdk-cygwin\jdk8u\hotspot\src\share\vm\prims\jni.cpp, line 709]
Event: 1.549 Thread 0x000000000258d800 Exception <a 'sun/nio/fs/WindowsException'> (0x00000000feba8e30) thrown at [D:\src\AOSP-openjdk-cygwin\jdk8u\hotspot\src\share\vm\prims\jni.cpp, line 709]
Event: 1.549 Thread 0x000000000258d800 Exception <a 'sun/nio/fs/WindowsException'> (0x00000000feba9308) thrown at [D:\src\AOSP-openjdk-cygwin\jdk8u\hotspot\src\share\vm\prims\jni.cpp, line 709]
Event: 1.582 Thread 0x000000000258d800 Exception <a 'sun/nio/fs/WindowsException'> (0x00000000febac7a8) thrown at [D:\src\AOSP-openjdk-cygwin\jdk8u\hotspot\src\share\vm\prims\jni.cpp, line 709]
Event: 1.582 Thread 0x000000000258d800 Exception <a 'sun/nio/fs/WindowsException'> (0x00000000febacc80) thrown at [D:\src\AOSP-openjdk-cygwin\jdk8u\hotspot\src\share\vm\prims\jni.cpp, line 709]
Event: 1.712 Thread 0x000000000258d800 Exception <a 'sun/nio/fs/WindowsException'> (0x00000000feddebc0) thrown at [D:\src\AOSP-openjdk-cygwin\jdk8u\hotspot\src\share\vm\prims\jni.cpp, line 709]
Event: 1.712 Thread 0x000000000258d800 Exception <a 'sun/nio/fs/WindowsException'> (0x00000000feddf098) thrown at [D:\src\AOSP-openjdk-cygwin\jdk8u\hotspot\src\share\vm\prims\jni.cpp, line 709]
Event: 2.605 Thread 0x000000000258d800 Exception <a 'sun/nio/fs/WindowsException'> (0x00000000febea9f0) thrown at [D:\src\AOSP-openjdk-cygwin\jdk8u\hotspot\src\share\vm\prims\jni.cpp, line 709]
Event: 2.607 Thread 0x000000000258d800 Exception <a 'sun/nio/fs/WindowsException'> (0x00000000febeaec8) thrown at [D:\src\AOSP-openjdk-cygwin\jdk8u\hotspot\src\share\vm\prims\jni.cpp, line 709]
Event: 3.796 Thread 0x000000000258d800 Implicit null exception at 0x0000000002e445b5 to 0x0000000002e471ed

Events (10 events):
Event: 4.398 Thread 0x000000000258d800 DEOPT PACKING pc=0x0000000002d7eac6 sp=0x000000000252ef30
Event: 4.398 Thread 0x000000000258d800 DEOPT UNPACKING pc=0x0000000002a675bf sp=0x000000000252ed10 mode 0
Event: 4.400 Thread 0x000000000258d800 DEOPT PACKING pc=0x0000000002d0cb5d sp=0x000000000252ed10
Event: 4.400 Thread 0x000000000258d800 DEOPT UNPACKING pc=0x0000000002a675bf sp=0x000000000252ecc0 mode 0
Event: 4.538 Thread 0x000000000258d800 DEOPT PACKING pc=0x0000000002d46530 sp=0x000000000252f070
Event: 4.538 Thread 0x000000000258d800 DEOPT UNPACKING pc=0x0000000002a675bf sp=0x000000000252ed98 mode 0
Event: 4.545 Thread 0x000000000258d800 DEOPT PACKING pc=0x0000000002d0cb5d sp=0x000000000252ee60
Event: 4.545 Thread 0x000000000258d800 DEOPT UNPACKING pc=0x0000000002a675bf sp=0x000000000252ee10 mode 0
Event: 4.562 Thread 0x000000000258d800 DEOPT PACKING pc=0x0000000002d0cb5d sp=0x000000000252ee60
Event: 4.562 Thread 0x000000000258d800 DEOPT UNPACKING pc=0x0000000002a675bf sp=0x000000000252ee10 mode 0


Dynamic libraries:
0x00007ff7bef40000 - 0x00007ff7bef71000 	C:\Program Files\Android\Android Studio\jre\bin\java.exe
0x00007ffba9340000 - 0x00007ffba9521000 	C:\WINDOWS\SYSTEM32\ntdll.dll
0x00007ffba6ca0000 - 0x00007ffba6d52000 	C:\WINDOWS\System32\KERNEL32.DLL
0x00007ffba6070000 - 0x00007ffba62e3000 	C:\WINDOWS\System32\KERNELBASE.dll
0x00007ffba9260000 - 0x00007ffba9301000 	C:\WINDOWS\System32\ADVAPI32.dll
0x00007ffba77b0000 - 0x00007ffba784e000 	C:\WINDOWS\System32\msvcrt.dll
0x00007ffba71b0000 - 0x00007ffba720b000 	C:\WINDOWS\System32\sechost.dll
0x00007ffba7580000 - 0x00007ffba76a4000 	C:\WINDOWS\System32\RPCRT4.dll
0x00007ffba7ac0000 - 0x00007ffba7c50000 	C:\WINDOWS\System32\USER32.dll
0x00007ffba5790000 - 0x00007ffba57b0000 	C:\WINDOWS\System32\win32u.dll
0x00007ffba67e0000 - 0x00007ffba6808000 	C:\WINDOWS\System32\GDI32.dll
0x00007ffba6530000 - 0x00007ffba66c2000 	C:\WINDOWS\System32\gdi32full.dll
0x00007ffba5fd0000 - 0x00007ffba606f000 	C:\WINDOWS\System32\msvcp_win.dll
0x00007ffba66d0000 - 0x00007ffba67ca000 	C:\WINDOWS\System32\ucrtbase.dll
0x00007ffb93ad0000 - 0x00007ffb93d39000 	C:\WINDOWS\WinSxS\amd64_microsoft.windows.common-controls_6595b64144ccf1df_6.0.17134.48_none_b4b2216a3cb4dd3e\COMCTL32.dll
0x00007ffba6810000 - 0x00007ffba6b33000 	C:\WINDOWS\System32\combase.dll
0x00007ffba5710000 - 0x00007ffba578a000 	C:\WINDOWS\System32\bcryptPrimitives.dll
0x00007ffba9090000 - 0x00007ffba90bd000 	C:\WINDOWS\System32\IMM32.DLL
0x0000000069530000 - 0x0000000069602000 	C:\Program Files\Android\Android Studio\jre\jre\bin\msvcr100.dll
0x0000000066c10000 - 0x000000006744e000 	C:\Program Files\Android\Android Studio\jre\jre\bin\server\jvm.dll
0x00007ffba91d0000 - 0x00007ffba91d8000 	C:\WINDOWS\System32\PSAPI.DLL
0x00007ffba1d20000 - 0x00007ffba1d29000 	C:\WINDOWS\SYSTEM32\WSOCK32.dll
0x00007ffba7510000 - 0x00007ffba757c000 	C:\WINDOWS\System32\WS2_32.dll
0x00007ffb95780000 - 0x00007ffb957a3000 	C:\WINDOWS\SYSTEM32\WINMM.dll
0x00007ffb9d7c0000 - 0x00007ffb9d7ca000 	C:\WINDOWS\SYSTEM32\VERSION.dll
0x00007ffb95570000 - 0x00007ffb9559a000 	C:\WINDOWS\SYSTEM32\WINMMBASE.dll
0x00007ffba64e0000 - 0x00007ffba6529000 	C:\WINDOWS\System32\cfgmgr32.dll
0x00007ffba1b20000 - 0x00007ffba1b2f000 	C:\Program Files\Android\Android Studio\jre\jre\bin\verify.dll
0x00007ffb9e9c0000 - 0x00007ffb9e9e9000 	C:\Program Files\Android\Android Studio\jre\jre\bin\java.dll
0x00007ffba1b00000 - 0x00007ffba1b16000 	C:\Program Files\Android\Android Studio\jre\jre\bin\zip.dll
0x00007ffba7c50000 - 0x00007ffba9090000 	C:\WINDOWS\System32\SHELL32.dll
0x00007ffba9120000 - 0x00007ffba91c9000 	C:\WINDOWS\System32\shcore.dll
0x00007ffba58c0000 - 0x00007ffba5fcd000 	C:\WINDOWS\System32\windows.storage.dll
0x00007ffba90c0000 - 0x00007ffba9111000 	C:\WINDOWS\System32\shlwapi.dll
0x00007ffba5680000 - 0x00007ffba5691000 	C:\WINDOWS\System32\kernel.appcore.dll
0x00007ffba56f0000 - 0x00007ffba570f000 	C:\WINDOWS\System32\profapi.dll
0x00007ffba56a0000 - 0x00007ffba56ec000 	C:\WINDOWS\System32\powrprof.dll
0x00007ffba5650000 - 0x00007ffba565a000 	C:\WINDOWS\System32\FLTLIB.DLL
0x00007ffba5080000 - 0x00007ffba5097000 	C:\WINDOWS\SYSTEM32\CRYPTSP.dll
0x00007ffba4ab0000 - 0x00007ffba4ae3000 	C:\WINDOWS\system32\rsaenh.dll
0x00007ffba51b0000 - 0x00007ffba51d5000 	C:\WINDOWS\SYSTEM32\bcrypt.dll
0x00007ffba5580000 - 0x00007ffba55a8000 	C:\WINDOWS\SYSTEM32\USERENV.dll
0x00007ffba50a0000 - 0x00007ffba50ab000 	C:\WINDOWS\SYSTEM32\CRYPTBASE.dll
0x00007ffb9e9a0000 - 0x00007ffb9e9ba000 	C:\Program Files\Android\Android Studio\jre\jre\bin\net.dll
0x00007ffba4ed0000 - 0x00007ffba4f36000 	C:\WINDOWS\system32\mswsock.dll
0x00007ffba4c50000 - 0x00007ffba4c88000 	C:\WINDOWS\SYSTEM32\IPHLPAPI.DLL
0x00007ffba7430000 - 0x00007ffba7438000 	C:\WINDOWS\System32\NSI.dll
0x00007ffb9a1f0000 - 0x00007ffb9a206000 	C:\WINDOWS\SYSTEM32\dhcpcsvc6.DLL
0x00007ffb9a120000 - 0x00007ffb9a13a000 	C:\WINDOWS\SYSTEM32\dhcpcsvc.DLL
0x00007ffb9e900000 - 0x00007ffb9e911000 	C:\Program Files\Android\Android Studio\jre\jre\bin\nio.dll

VM Arguments:
jvm_args: -Djava.awt.headless=true -Xmx64M -Dfile.encoding=x-windows-949 -Duser.country=KR -Duser.language=ko -Duser.variant 
java_command: com.google.devtools.build.android.desugar.Desugar @D:\test\app\build\intermediates\tmp\desugar_args4522081896418688487
java_class_path (initial): C:\Users\Goo\AppData\Local\Temp\desugar_deploy.jar914161806448729915
Launcher Type: SUN_STANDARD

Environment Variables:
PATH=C:\ProgramData\Oracle\Java\javapath;C:\WINDOWS\system32;C:\WINDOWS;C:\WINDOWS\System32\Wbem;C:\WINDOWS\System32\WindowsPowerShell\v1.0\;C:\OpenSSL;;C:\WINDOWS\System32\OpenSSH\;C:\Users\Goo\AppData\Local\Microsoft\WindowsApps;
USERNAME=Goo
OS=Windows_NT
PROCESSOR_IDENTIFIER=Intel64 Family 6 Model 158 Stepping 9, GenuineIntel



---------------  S Y S T E M  ---------------

OS: Windows 10.0 , 64 bit Build 17134 (10.0.17134.1)

CPU:total 8 (initial active 8) (4 cores per cpu, 2 threads per core) family 6 model 158 stepping 9, cmov, cx8, fxsr, mmx, sse, sse2, sse3, ssse3, sse4.1, sse4.2, popcnt, avx, avx2, aes, clmul, erms, 3dnowpref, lzcnt, ht, tsc, tscinvbit, bmi1, bmi2, adx

Memory: 4k page, physical 16692940k(4700680k free), swap 16692940k(3632k free)

vm_info: OpenJDK 64-Bit Server VM (25.152-b01) for windows-amd64 JRE (1.8.0_152-release-915-b01), built by "builder" with MS VC++ 10.0 (VS2010)

time: Sat May 26 18:48:06 2018
elapsed time: 4 seconds (0d 0h 0m 4s)

