#
# There is insufficient memory for the Java Runtime Environment to continue.
# Native memory allocation (malloc) failed to allocate 65552 bytes for Chunk::new
# Possible reasons:
#   The system is out of physical RAM or swap space
#   In 32 bit mode, the process size limit was hit
# Possible solutions:
#   Reduce memory load on the system
#   Increase physical memory or swap space
#   Check if swap backing store is full
#   Use 64 bit Java on a 64 bit OS
#   Decrease Java heap size (-Xmx/-Xms)
#   Decrease number of Java threads
#   Decrease Java thread stack sizes (-Xss)
#   Set larger code cache with -XX:ReservedCodeCacheSize=
# This output file may be truncated or incomplete.
#
#  Out of Memory Error (allocation.cpp:390), pid=8872, tid=0x00000000000004c8
#
# JRE version: OpenJDK Runtime Environment (8.0_152-b01) (build 1.8.0_152-release-915-b01)
# Java VM: OpenJDK 64-Bit Server VM (25.152-b01 mixed mode windows-amd64 compressed oops)
# Failed to write core dump. Minidumps are not enabled by default on client versions of Windows
#

---------------  T H R E A D  ---------------

Current thread (0x0000000012ffb800):  JavaThread "C2 CompilerThread1" daemon [_thread_in_native, id=1224, stack(0x0000000015750000,0x0000000015850000)]

Stack: [0x0000000015750000,0x0000000015850000]
[error occurred during error reporting (printing stack bounds), id 0xc0000005]

Native frames: (J=compiled Java code, j=interpreted, Vv=VM code, C=native code)


Current CompileTask:
C2:   2036  924       4       org.objectweb.asm.ClassReader::a (3587 bytes)


---------------  P R O C E S S  ---------------

Java Threads: ( => current thread )
  0x0000000014fd3000 JavaThread "Service Thread" daemon [_thread_blocked, id=1588, stack(0x0000000015a50000,0x0000000015b50000)]
  0x0000000014f59000 JavaThread "C1 CompilerThread3" daemon [_thread_blocked, id=4572, stack(0x0000000015950000,0x0000000015a50000)]
  0x0000000014f56000 JavaThread "C2 CompilerThread2" daemon [_thread_blocked, id=12916, stack(0x0000000015850000,0x0000000015950000)]
=>0x0000000012ffb800 JavaThread "C2 CompilerThread1" daemon [_thread_in_native, id=1224, stack(0x0000000015750000,0x0000000015850000)]
  0x0000000014efb800 JavaThread "C2 CompilerThread0" daemon [_thread_blocked, id=10112, stack(0x0000000015650000,0x0000000015750000)]
  0x0000000014efa000 JavaThread "Attach Listener" daemon [_thread_blocked, id=6040, stack(0x0000000015550000,0x0000000015650000)]
  0x0000000014f50000 JavaThread "Signal Dispatcher" daemon [_thread_blocked, id=3644, stack(0x0000000015450000,0x0000000015550000)]
  0x0000000014ee0800 JavaThread "Finalizer" daemon [_thread_blocked, id=10904, stack(0x00000000152c0000,0x00000000153c0000)]
  0x0000000002817000 JavaThread "Reference Handler" daemon [_thread_blocked, id=7040, stack(0x0000000014dc0000,0x0000000014ec0000)]
  0x000000000229d800 JavaThread "main" [_thread_in_vm, id=8048, stack(0x00000000022a0000,0x00000000023a0000)]

Other Threads:
  0x0000000012fe5800 VMThread [stack: 0x0000000014cc0000,0x0000000014dc0000] [id=9588]
  0x0000000014fdc000 WatcherThread [stack: 0x0000000015b50000,0x0000000015c50000] [id=10888]

VM state:not at safepoint (normal execution)

VM Mutex/Monitor currently owned by a thread: None

Heap:
 PSYoungGen      total 18944K, used 8068K [0x00000000feb00000, 0x0000000100000000, 0x0000000100000000)
  eden space 16384K, 33% used [0x00000000feb00000,0x00000000ff064480,0x00000000ffb00000)
  from space 2560K, 99% used [0x00000000ffd80000,0x00000000ffffce10,0x0000000100000000)
  to   space 2560K, 0% used [0x00000000ffb00000,0x00000000ffb00000,0x00000000ffd80000)
 ParOldGen       total 44032K, used 6030K [0x00000000fc000000, 0x00000000feb00000, 0x00000000feb00000)
  object space 44032K, 13% used [0x00000000fc000000,0x00000000fc5e38e8,0x00000000feb00000)
 Metaspace       used 7620K, capacity 7782K, committed 7936K, reserved 1056768K
  class space    used 875K, capacity 957K, committed 1024K, reserved 1048576K

Card table byte_map: [0x00000000023a0000,0x00000000023d0000] byte_map_base: 0x0000000001bc0000

Marking Bits: (ParMarkBitMap*) 0x00000000673d3950
 Begin Bits: [0x00000000123e0000, 0x00000000124e0000)
 End Bits:   [0x00000000124e0000, 0x00000000125e0000)

Polling page: 0x0000000000630000

CodeCache: size=245760Kb used=3490Kb max_used=3502Kb free=242269Kb
 bounds [0x0000000002820000, 0x0000000002b90000, 0x0000000011820000]
 total_blobs=1276 nmethods=942 adapters=248
 compilation: enabled

Compilation events (10 events):
Event: 1.969 Thread 0x0000000014f59000 nmethod 938 0x0000000002b82090 code [0x0000000002b82200, 0x0000000002b82648]
Event: 1.969 Thread 0x0000000014f59000  939       3       java.util.Arrays::asList (9 bytes)
Event: 1.969 Thread 0x0000000014f59000 nmethod 939 0x0000000002b81810 code [0x0000000002b819a0, 0x0000000002b81e08]
Event: 1.969 Thread 0x0000000014f59000  940       3       java.util.Arrays$ArrayList::<init> (16 bytes)
Event: 1.969 Thread 0x0000000014f59000 nmethod 940 0x0000000002b810d0 code [0x0000000002b81260, 0x0000000002b81648]
Event: 1.969 Thread 0x0000000014f59000  931       3       com.google.devtools.build.android.desugar.Java7Compatibility::visitMethod (134 bytes)
Event: 1.970 Thread 0x0000000014f59000 nmethod 931 0x0000000002b88310 code [0x0000000002b88560, 0x0000000002b895c8]
Event: 1.970 Thread 0x0000000014f59000  932       3       org.objectweb.asm.ClassWriter::visitMethod (20 bytes)
Event: 1.970 Thread 0x0000000014f59000 nmethod 932 0x0000000002b80b90 code [0x0000000002b80d00, 0x0000000002b80f28]
Event: 1.971 Thread 0x0000000014f56000 nmethod 943 0x0000000002b8cb90 code [0x0000000002b8cce0, 0x0000000002b8d058]

GC Heap History (4 events):
Event: 1.001 GC heap before
{Heap before GC invocations=1 (full 0):
 PSYoungGen      total 18944K, used 16384K [0x00000000feb00000, 0x0000000100000000, 0x0000000100000000)
  eden space 16384K, 100% used [0x00000000feb00000,0x00000000ffb00000,0x00000000ffb00000)
  from space 2560K, 0% used [0x00000000ffd80000,0x00000000ffd80000,0x0000000100000000)
  to   space 2560K, 0% used [0x00000000ffb00000,0x00000000ffb00000,0x00000000ffd80000)
 ParOldGen       total 44032K, used 0K [0x00000000fc000000, 0x00000000feb00000, 0x00000000feb00000)
  object space 44032K, 0% used [0x00000000fc000000,0x00000000fc000000,0x00000000feb00000)
 Metaspace       used 6626K, capacity 6740K, committed 7040K, reserved 1056768K
  class space    used 773K, capacity 824K, committed 896K, reserved 1048576K
Event: 1.070 GC heap after
Heap after GC invocations=1 (full 0):
 PSYoungGen      total 18944K, used 2553K [0x00000000feb00000, 0x0000000100000000, 0x0000000100000000)
  eden space 16384K, 0% used [0x00000000feb00000,0x00000000feb00000,0x00000000ffb00000)
  from space 2560K, 99% used [0x00000000ffb00000,0x00000000ffd7e630,0x00000000ffd80000)
  to   space 2560K, 0% used [0x00000000ffd80000,0x00000000ffd80000,0x0000000100000000)
 ParOldGen       total 44032K, used 1528K [0x00000000fc000000, 0x00000000feb00000, 0x00000000feb00000)
  object space 44032K, 3% used [0x00000000fc000000,0x00000000fc17e3f0,0x00000000feb00000)
 Metaspace       used 6626K, capacity 6740K, committed 7040K, reserved 1056768K
  class space    used 773K, capacity 824K, committed 896K, reserved 1048576K
}
Event: 1.457 GC heap before
{Heap before GC invocations=2 (full 0):
 PSYoungGen      total 18944K, used 18937K [0x00000000feb00000, 0x0000000100000000, 0x0000000100000000)
  eden space 16384K, 100% used [0x00000000feb00000,0x00000000ffb00000,0x00000000ffb00000)
  from space 2560K, 99% used [0x00000000ffb00000,0x00000000ffd7e630,0x00000000ffd80000)
  to   space 2560K, 0% used [0x00000000ffd80000,0x00000000ffd80000,0x0000000100000000)
 ParOldGen       total 44032K, used 1528K [0x00000000fc000000, 0x00000000feb00000, 0x00000000feb00000)
  object space 44032K, 3% used [0x00000000fc000000,0x00000000fc17e3f0,0x00000000feb00000)
 Metaspace       used 6971K, capacity 7110K, committed 7296K, reserved 1056768K
  class space    used 816K, capacity 861K, committed 896K, reserved 1048576K
Event: 1.468 GC heap after
Heap after GC invocations=2 (full 0):
 PSYoungGen      total 18944K, used 2547K [0x00000000feb00000, 0x0000000100000000, 0x0000000100000000)
  eden space 16384K, 0% used [0x00000000feb00000,0x00000000feb00000,0x00000000ffb00000)
  from space 2560K, 99% used [0x00000000ffd80000,0x00000000ffffce10,0x0000000100000000)
  to   space 2560K, 0% used [0x00000000ffb00000,0x00000000ffb00000,0x00000000ffd80000)
 ParOldGen       total 44032K, used 6030K [0x00000000fc000000, 0x00000000feb00000, 0x00000000feb00000)
  object space 44032K, 13% used [0x00000000fc000000,0x00000000fc5e38e8,0x00000000feb00000)
 Metaspace       used 6971K, capacity 7110K, committed 7296K, reserved 1056768K
  class space    used 816K, capacity 861K, committed 896K, reserved 1048576K
}

Deoptimization events (10 events):
Event: 0.977 Thread 0x000000000229d800 Uncommon trap: reason=unstable_if action=reinterpret pc=0x0000000002a5c3d8 method=java.util.zip.ZipCoder.decoder()Ljava/nio/charset/CharsetDecoder; @ 4
Event: 0.977 Thread 0x000000000229d800 Uncommon trap: reason=unstable_if action=reinterpret pc=0x0000000002a59758 method=java.util.zip.ZipEntry.setExtra0([BZ)V @ 1
Event: 0.978 Thread 0x000000000229d800 Uncommon trap: reason=unstable_if action=reinterpret pc=0x0000000002a56308 method=java.util.zip.ZipFile$ZipEntryIterator.hasNext()Z @ 25
Event: 0.978 Thread 0x000000000229d800 Uncommon trap: reason=unstable_if action=reinterpret pc=0x0000000002a5adc0 method=java.util.zip.ZipCoder.decoder()Ljava/nio/charset/CharsetDecoder; @ 4
Event: 0.979 Thread 0x000000000229d800 Uncommon trap: reason=unstable_if action=reinterpret pc=0x0000000002a5b81c method=java.util.zip.ZipFile$ZipEntryIterator.hasNext()Z @ 25
Event: 1.090 Thread 0x000000000229d800 Uncommon trap: reason=unstable_if action=reinterpret pc=0x0000000002a6b780 method=java.util.zip.ZipCoder.decoder()Ljava/nio/charset/CharsetDecoder; @ 4
Event: 1.090 Thread 0x000000000229d800 Uncommon trap: reason=unstable_if action=reinterpret pc=0x0000000002a66bb8 method=java.util.zip.ZipCoder.decoder()Ljava/nio/charset/CharsetDecoder; @ 4
Event: 1.095 Thread 0x000000000229d800 Uncommon trap: reason=unstable_if action=reinterpret pc=0x0000000002a59994 method=java.util.HashMap$HashIterator.hasNext()Z @ 4
Event: 1.413 Thread 0x000000000229d800 Uncommon trap: reason=unloaded action=reinterpret pc=0x0000000002a68ffc method=java.util.zip.ZipEntry.setExtra0([BZ)V @ 37
Event: 1.535 Thread 0x000000000229d800 Uncommon trap: reason=unstable_if action=reinterpret pc=0x00000000029c5e78 method=java.lang.String.<init>([CII)V @ 18

Classes redefined (0 events):
No events

Internal exceptions (10 events):
Event: 1.201 Thread 0x000000000229d800 Exception <a 'sun/nio/fs/WindowsException'> (0x00000000ff2344b8) thrown at [D:\src\AOSP-openjdk-cygwin\jdk8u\hotspot\src\share\vm\prims\jni.cpp, line 709]
Event: 1.201 Thread 0x000000000229d800 Exception <a 'sun/nio/fs/WindowsException'> (0x00000000ff234a80) thrown at [D:\src\AOSP-openjdk-cygwin\jdk8u\hotspot\src\share\vm\prims\jni.cpp, line 709]
Event: 1.202 Thread 0x000000000229d800 Exception <a 'sun/nio/fs/WindowsException'> (0x00000000ff235240) thrown at [D:\src\AOSP-openjdk-cygwin\jdk8u\hotspot\src\share\vm\prims\jni.cpp, line 709]
Event: 1.202 Thread 0x000000000229d800 Exception <a 'sun/nio/fs/WindowsException'> (0x00000000ff2357e0) thrown at [D:\src\AOSP-openjdk-cygwin\jdk8u\hotspot\src\share\vm\prims\jni.cpp, line 709]
Event: 1.202 Thread 0x000000000229d800 Exception <a 'sun/nio/fs/WindowsException'> (0x00000000ff235f90) thrown at [D:\src\AOSP-openjdk-cygwin\jdk8u\hotspot\src\share\vm\prims\jni.cpp, line 709]
Event: 1.222 Thread 0x000000000229d800 Exception <a 'sun/nio/fs/WindowsException'> (0x00000000ff23b2d0) thrown at [D:\src\AOSP-openjdk-cygwin\jdk8u\hotspot\src\share\vm\prims\jni.cpp, line 709]
Event: 1.476 Thread 0x000000000229d800 Exception <a 'sun/nio/fs/WindowsException'> (0x00000000feb969e0) thrown at [D:\src\AOSP-openjdk-cygwin\jdk8u\hotspot\src\share\vm\prims\jni.cpp, line 709]
Event: 1.476 Thread 0x000000000229d800 Exception <a 'sun/nio/fs/WindowsException'> (0x00000000feb96f38) thrown at [D:\src\AOSP-openjdk-cygwin\jdk8u\hotspot\src\share\vm\prims\jni.cpp, line 709]
Event: 1.682 Thread 0x000000000229d800 Exception <a 'sun/nio/fs/WindowsException'> (0x00000000fed9dfd0) thrown at [D:\src\AOSP-openjdk-cygwin\jdk8u\hotspot\src\share\vm\prims\jni.cpp, line 709]
Event: 1.682 Thread 0x000000000229d800 Exception <a 'sun/nio/fs/WindowsException'> (0x00000000fed9e4a8) thrown at [D:\src\AOSP-openjdk-cygwin\jdk8u\hotspot\src\share\vm\prims\jni.cpp, line 709]

Events (10 events):
Event: 1.527 loading class sun/util/calendar/CalendarUtils done
Event: 1.527 loading class java/util/zip/ZipOutputStream$XEntry
Event: 1.527 loading class java/util/zip/ZipOutputStream$XEntry done
Event: 1.531 loading class org/objectweb/asm/Opcodes
Event: 1.531 loading class org/objectweb/asm/Opcodes done
Event: 1.535 Thread 0x000000000229d800 Uncommon trap: trap_request=0xffffff65 fr.pc=0x00000000029c5e78
Event: 1.535 Thread 0x000000000229d800 DEOPT PACKING pc=0x00000000029c5e78 sp=0x000000000239ed10
Event: 1.535 Thread 0x000000000229d800 DEOPT UNPACKING pc=0x000000000286556a sp=0x000000000239ecd8 mode 2
Event: 1.603 loading class java/util/Vector$Itr
Event: 1.603 loading class java/util/Vector$Itr done


Dynamic libraries:
0x00007ff7bef40000 - 0x00007ff7bef71000 	C:\Program Files\Android\Android Studio\jre\bin\java.exe
0x00007ffba9340000 - 0x00007ffba9521000 	C:\Program Files\Android\Android Studio\jre\jre\bin\msvcr100.dll
0x00007ffba6ca0000 - 0x00007ffba6d52000 	C:\WINDOWS\System32\KERNEL32.DLL
0x00007ffba6070000 - 0x00007ffba62e3000 	C:\WINDOWS\System32\KERNELBASE.dll
0x00007ffba9260000 - 0x00007ffba9301000 	C:\WINDOWS\System32\PSAPI.DLL
0x00007ffba77b0000 - 0x00007ffba784e000 	C:\WINDOWS\System32\msvcrt.dll
0x00007ffba71b0000 - 0x00007ffba720b000 	C:\WINDOWS\System32\sechost.dll
0x00007ffba7580000 - 0x00007ffba76a4000 	C:\WINDOWS\System32\WS2_32.dll
0x00007ffba7ac0000 - 0x00007ffba7c50000 	C:\WINDOWS\System32\USER32.dll
0x00007ffba5790000 - 0x00007ffba57b0000 	C:\WINDOWS\System32\win32u.dll
0x00007ffba67e0000 - 0x00007ffba6808000 	C:\WINDOWS\System32\GDI32.dll
0x00007ffba6530000 - 0x00007ffba66c2000 	C:\WINDOWS\SYSTEM32\winmmbase.dll
0x00007ffba5fd0000 - 0x00007ffba606f000 	C:\WINDOWS\System32\cfgmgr32.dll
0x00007ffba66d0000 - 0x00007ffba67ca000 	C:\WINDOWS\System32\ucrtbase.dll
0x00007ffb93ad0000 - 0x00007ffb93d39000 	C:\Program Files\Android\Android Studio\jre\jre\bin\verify.dll
0x00007ffba6810000 - 0x00007ffba6b33000 	C:\WINDOWS\System32\combase.dll
0x00007ffba5710000 - 0x00007ffba578a000 	C:\Program Files\Android\Android Studio\jre\jre\bin\zip.dll
0x00007ffba9090000 - 0x00007ffba90bd000 	C:\WINDOWS\System32\IMM32.DLL
0x0000000069530000 - 0x0000000069602000 	C:\Program Files\Android\Android Studio\jre\jre\bin\msvcr100.dll
0x0000000066c10000 - 0x000000006744e000 	C:\WINDOWS\System32\KERNELBASE.dll
0x00007ffba91d0000 - 0x00007ffba91d8000 	C:\WINDOWS\System32\sechost.dll
0x00007ffba1d20000 - 0x00007ffba1d29000 	C:\WINDOWS\SYSTEM32\WSOCK32.dll
0x00007ffba7510000 - 0x00007ffba757c000 	C:\WINDOWS\System32\GDI32.dll
0x00007ffb95780000 - 0x00007ffb957a3000 	C:\WINDOWS\SYSTEM32\WINMM.dll
0x00007ffb9d7c0000 - 0x00007ffb9d7ca000 	C:\WINDOWS\SYSTEM32\VERSION.dll
0x00007ffb95570000 - 0x00007ffb9559a000 	C:\WINDOWS\System32\bcryptPrimitives.dll
0x00007ffba64e0000 - 0x00007ffba6529000 	C:\Program Files\Android\Android Studio\jre\jre\bin\msvcr100.dll
0x00007ffba1d30000 - 0x00007ffba1d3f000 	C:\WINDOWS\System32\PSAPI.DLL
0x00007ffba1b00000 - 0x00007ffba1b29000 	C:\WINDOWS\SYSTEM32\WSOCK32.dll
0x00007ffb9f450000 - 0x00007ffb9f466000 	C:\WINDOWS\SYSTEM32\WINMM.dll
0x00007ffba7c50000 - 0x00007ffba9090000 	C:\WINDOWS\SYSTEM32\VERSION.dll
0x00007ffba9120000 - 0x00007ffba91c9000 	C:\WINDOWS\System32\shcore.dll
0x00007ffba58c0000 - 0x00007ffba5fcd000 	C:\WINDOWS\System32\windows.storage.dll
0x00007ffba90c0000 - 0x00007ffba9111000 	C:\WINDOWS\System32\shlwapi.dll
0x00007ffba5680000 - 0x00007ffba5691000 	C:\WINDOWS\System32\kernel.appcore.dll
0x00007ffba56f0000 - 0x00007ffba570f000 	C:\WINDOWS\System32\profapi.dll
0x00007ffba56a0000 - 0x00007ffba56ec000 	C:\WINDOWS\System32\powrprof.dll
0x00007ffba5650000 - 0x00007ffba565a000 	C:\WINDOWS\System32\FLTLIB.DLL
0x00007ffba5080000 - 0x00007ffba5097000 	C:\WINDOWS\SYSTEM32\CRYPTSP.dll
0x00007ffba4ab0000 - 0x00007ffba4ae3000 	C:\WINDOWS\system32\rsaenh.dll
0x00007ffba51b0000 - 0x00007ffba51d5000 	C:\WINDOWS\SYSTEM32\bcrypt.dll
0x00007ffba5580000 - 0x00007ffba55a8000 	C:\WINDOWS\SYSTEM32\USERENV.dll
0x00007ffba50a0000 - 0x00007ffba50ab000 	C:\WINDOWS\SYSTEM32\CRYPTBASE.dll
0x00007ffb9f430000 - 0x00007ffb9f44a000 	C:\Program Files\Android\Android Studio\jre\jre\bin\net.dll
0x00007ffba4ed0000 - 0x00007ffba4f36000 	C:\WINDOWS\system32\mswsock.dll
0x00007ffba4c50000 - 0x00007ffba4c88000 	C:\WINDOWS\SYSTEM32\IPHLPAPI.DLL
0x00007ffba7430000 - 0x00007ffba7438000 	C:\WINDOWS\System32\NSI.dll
0x00007ffb9a1f0000 - 0x00007ffb9a206000 	C:\WINDOWS\SYSTEM32\dhcpcsvc6.DLL
0x00007ffb9a120000 - 0x00007ffb9a13a000 	C:\WINDOWS\SYSTEM32\dhcpcsvc.DLL
0x00007ffb9f410000 - 0x00007ffb9f421000 	C:\Program Files\Android\Android Studio\jre\jre\bin\nio.dll

VM Arguments:
jvm_args: -Djava.awt.headless=true -Xmx64M -Dfile.encoding=x-windows-949 -Duser.country=KR -Duser.language=ko -Duser.variant 
java_command: com.google.devtools.build.android.desugar.Desugar @D:\test\app\build\intermediates\tmp\desugar_args6772224775693383915
java_class_path (initial): C:\Users\Goo\AppData\Local\Temp\desugar_deploy.jar4283967336768827273
Launcher Type: SUN_STANDARD

Environment Variables:
PATH=C:\ProgramData\Oracle\Java\javapath;C:\WINDOWS\system32;C:\WINDOWS;C:\WINDOWS\System32\Wbem;C:\WINDOWS\System32\WindowsPowerShell\v1.0\;C:\OpenSSL;;C:\WINDOWS\System32\OpenSSH\;C:\Users\Goo\AppData\Local\Microsoft\WindowsApps;
USERNAME=Goo
OS=Windows_NT
PROCESSOR_IDENTIFIER=Intel64 Family 6 Model 158 Stepping 9, GenuineIntel



---------------  S Y S T E M  ---------------

OS: Windows 10.0 , 64 bit Build 17134 (10.0.17134.1)

CPU:total 8 (initial active 8) (4 cores per cpu, 2 threads per core) family 6 model 158 stepping 9, cmov, cx8, fxsr, mmx, sse, sse2, sse3, ssse3, sse4.1, sse4.2, popcnt, avx, avx2, aes, clmul, erms, 3dnowpref, lzcnt, ht, tsc, tscinvbit, bmi1, bmi2, adx

Memory: 4k page, physical 16692940k(5053304k free), swap 16692940k(5124k free)

vm_info: OpenJDK 64-Bit Server VM (25.152-b01) for windows-amd64 JRE (1.8.0_152-release-915-b01), built by "builder" with MS VC++ 10.0 (VS2010)

time: Sat May 26 21:51:05 2018
elapsed time: 2 seconds (0d 0h 0m 2s)

