#
# There is insufficient memory for the Java Runtime Environment to continue.
# Native memory allocation (malloc) failed to allocate 806816 bytes for Chunk::new
# Possible reasons:
#   The system is out of physical RAM or swap space
#   In 32 bit mode, the process size limit was hit
# Possible solutions:
#   Reduce memory load on the system
#   Increase physical memory or swap space
#   Check if swap backing store is full
#   Use 64 bit Java on a 64 bit OS
#   Decrease Java heap size (-Xmx/-Xms)
#   Decrease number of Java threads
#   Decrease Java thread stack sizes (-Xss)
#   Set larger code cache with -XX:ReservedCodeCacheSize=
# This output file may be truncated or incomplete.
#
#  Out of Memory Error (allocation.cpp:390), pid=9740, tid=0x00000000000010bc
#
# JRE version: OpenJDK Runtime Environment (8.0_152-b01) (build 1.8.0_152-release-915-b01)
# Java VM: OpenJDK 64-Bit Server VM (25.152-b01 mixed mode windows-amd64 compressed oops)
# Failed to write core dump. Minidumps are not enabled by default on client versions of Windows
#

---------------  T H R E A D  ---------------

Current thread (0x000000001386a800):  JavaThread "C2 CompilerThread1" daemon [_thread_in_native, id=4284, stack(0x0000000015fe0000,0x00000000160e0000)]

Stack: [0x0000000015fe0000,0x00000000160e0000]
[error occurred during error reporting (printing stack bounds), id 0xc0000005]

Native frames: (J=compiled Java code, j=interpreted, Vv=VM code, C=native code)


Current CompileTask:
C2:   2599  909       4       org.objectweb.asm.ClassReader::a (3587 bytes)


---------------  P R O C E S S  ---------------

Java Threads: ( => current thread )
  0x0000000015846000 JavaThread "Service Thread" daemon [_thread_blocked, id=9524, stack(0x00000000163e0000,0x00000000164e0000)]
  0x0000000015840000 JavaThread "C1 CompilerThread3" daemon [_thread_in_native, id=12132, stack(0x00000000162e0000,0x00000000163e0000)]
  0x0000000015828000 JavaThread "C2 CompilerThread2" daemon [_thread_in_native, id=10976, stack(0x00000000160e0000,0x00000000161e0000)]
=>0x000000001386a800 JavaThread "C2 CompilerThread1" daemon [_thread_in_native, id=4284, stack(0x0000000015fe0000,0x00000000160e0000)]
  0x000000001578b800 JavaThread "C2 CompilerThread0" daemon [_thread_blocked, id=7920, stack(0x0000000015ee0000,0x0000000015fe0000)]
  0x000000001578a000 JavaThread "Attach Listener" daemon [_thread_blocked, id=844, stack(0x0000000015de0000,0x0000000015ee0000)]
  0x00000000157e0000 JavaThread "Signal Dispatcher" daemon [_thread_blocked, id=11548, stack(0x0000000015ce0000,0x0000000015de0000)]
  0x00000000030ae000 JavaThread "Finalizer" daemon [_thread_blocked, id=13128, stack(0x0000000015b50000,0x0000000015c50000)]
  0x00000000030a7000 JavaThread "Reference Handler" daemon [_thread_blocked, id=1052, stack(0x0000000015650000,0x0000000015750000)]
  0x00000000029dd800 JavaThread "main" [_thread_in_vm, id=11076, stack(0x0000000002eb0000,0x0000000002fb0000)]

Other Threads:
  0x0000000013855800 VMThread [stack: 0x0000000015550000,0x0000000015650000] [id=4824]
  0x0000000015846800 WatcherThread [stack: 0x00000000164e0000,0x00000000165e0000] [id=3024]

VM state:not at safepoint (normal execution)

VM Mutex/Monitor currently owned by a thread: None

Heap:
 PSYoungGen      total 18944K, used 12146K [0x00000000feb00000, 0x0000000100000000, 0x0000000100000000)
  eden space 16384K, 58% used [0x00000000feb00000,0x00000000ff45fca0,0x00000000ffb00000)
  from space 2560K, 99% used [0x00000000ffd80000,0x00000000ffffce10,0x0000000100000000)
  to   space 2560K, 0% used [0x00000000ffb00000,0x00000000ffb00000,0x00000000ffd80000)
 ParOldGen       total 44032K, used 5902K [0x00000000fc000000, 0x00000000feb00000, 0x00000000feb00000)
  object space 44032K, 13% used [0x00000000fc000000,0x00000000fc5c39e8,0x00000000feb00000)
 Metaspace       used 7638K, capacity 7778K, committed 7936K, reserved 1056768K
  class space    used 875K, capacity 957K, committed 1024K, reserved 1048576K

Card table byte_map: [0x00000000029e0000,0x0000000002a10000] byte_map_base: 0x0000000002200000

Marking Bits: (ParMarkBitMap*) 0x000000005dda3950
 Begin Bits: [0x0000000012c70000, 0x0000000012d70000)
 End Bits:   [0x0000000012d70000, 0x0000000012e70000)

Polling page: 0x0000000000c50000

CodeCache: size=245760Kb used=3539Kb max_used=3550Kb free=242220Kb
 bounds [0x00000000030b0000, 0x0000000003430000, 0x00000000120b0000]
 total_blobs=1282 nmethods=948 adapters=248
 compilation: enabled

Compilation events (10 events):
Event: 2.569 Thread 0x0000000015840000  943       3       org.objectweb.asm.AnnotationWriter::visitEnd (43 bytes)
Event: 2.569 Thread 0x0000000015840000 nmethod 943 0x000000000341ee50 code [0x000000000341efc0, 0x000000000341f1b0]
Event: 2.569 Thread 0x0000000015840000  907       1       sun.util.calendar.CalendarDate::getYear (5 bytes)
Event: 2.569 Thread 0x0000000015840000 nmethod 907 0x00000000033d1bd0 code [0x00000000033d1d20, 0x00000000033d1e30]
Event: 2.569 Thread 0x0000000015840000  937       1       java.nio.Buffer::capacity (5 bytes)
Event: 2.569 Thread 0x0000000015840000 nmethod 937 0x000000000341eb90 code [0x000000000341ece0, 0x000000000341edf0]
Event: 2.571 Thread 0x0000000015828000 nmethod 946 0x000000000341e350 code [0x000000000341e4c0, 0x000000000341e848]
Event: 2.594 Thread 0x0000000015840000  947       3       org.objectweb.asm.ClassVisitor::visitAnnotation (19 bytes)
Event: 2.594 Thread 0x0000000015840000 nmethod 947 0x000000000341ddd0 code [0x000000000341df40, 0x000000000341e1a8]
Event: 2.597 Thread 0x0000000015840000  948       3       org.objectweb.asm.ClassReader::accept (1176 bytes)

GC Heap History (4 events):
Event: 1.326 GC heap before
{Heap before GC invocations=1 (full 0):
 PSYoungGen      total 18944K, used 16384K [0x00000000feb00000, 0x0000000100000000, 0x0000000100000000)
  eden space 16384K, 100% used [0x00000000feb00000,0x00000000ffb00000,0x00000000ffb00000)
  from space 2560K, 0% used [0x00000000ffd80000,0x00000000ffd80000,0x0000000100000000)
  to   space 2560K, 0% used [0x00000000ffb00000,0x00000000ffb00000,0x00000000ffd80000)
 ParOldGen       total 44032K, used 0K [0x00000000fc000000, 0x00000000feb00000, 0x00000000feb00000)
  object space 44032K, 0% used [0x00000000fc000000,0x00000000fc000000,0x00000000feb00000)
 Metaspace       used 6621K, capacity 6800K, committed 7040K, reserved 1056768K
  class space    used 773K, capacity 824K, committed 896K, reserved 1048576K
Event: 1.342 GC heap after
Heap after GC invocations=1 (full 0):
 PSYoungGen      total 18944K, used 2537K [0x00000000feb00000, 0x0000000100000000, 0x0000000100000000)
  eden space 16384K, 0% used [0x00000000feb00000,0x00000000feb00000,0x00000000ffb00000)
  from space 2560K, 99% used [0x00000000ffb00000,0x00000000ffd7a620,0x00000000ffd80000)
  to   space 2560K, 0% used [0x00000000ffd80000,0x00000000ffd80000,0x0000000100000000)
 ParOldGen       total 44032K, used 1625K [0x00000000fc000000, 0x00000000feb00000, 0x00000000feb00000)
  object space 44032K, 3% used [0x00000000fc000000,0x00000000fc1964f0,0x00000000feb00000)
 Metaspace       used 6621K, capacity 6800K, committed 7040K, reserved 1056768K
  class space    used 773K, capacity 824K, committed 896K, reserved 1048576K
}
Event: 2.245 GC heap before
{Heap before GC invocations=2 (full 0):
 PSYoungGen      total 18944K, used 18921K [0x00000000feb00000, 0x0000000100000000, 0x0000000100000000)
  eden space 16384K, 100% used [0x00000000feb00000,0x00000000ffb00000,0x00000000ffb00000)
  from space 2560K, 99% used [0x00000000ffb00000,0x00000000ffd7a620,0x00000000ffd80000)
  to   space 2560K, 0% used [0x00000000ffd80000,0x00000000ffd80000,0x0000000100000000)
 ParOldGen       total 44032K, used 1625K [0x00000000fc000000, 0x00000000feb00000, 0x00000000feb00000)
  object space 44032K, 3% used [0x00000000fc000000,0x00000000fc1964f0,0x00000000feb00000)
 Metaspace       used 6965K, capacity 7106K, committed 7296K, reserved 1056768K
  class space    used 816K, capacity 861K, committed 896K, reserved 1048576K
Event: 2.315 GC heap after
Heap after GC invocations=2 (full 0):
 PSYoungGen      total 18944K, used 2547K [0x00000000feb00000, 0x0000000100000000, 0x0000000100000000)
  eden space 16384K, 0% used [0x00000000feb00000,0x00000000feb00000,0x00000000ffb00000)
  from space 2560K, 99% used [0x00000000ffd80000,0x00000000ffffce10,0x0000000100000000)
  to   space 2560K, 0% used [0x00000000ffb00000,0x00000000ffb00000,0x00000000ffd80000)
 ParOldGen       total 44032K, used 5902K [0x00000000fc000000, 0x00000000feb00000, 0x00000000feb00000)
  object space 44032K, 13% used [0x00000000fc000000,0x00000000fc5c39e8,0x00000000feb00000)
 Metaspace       used 6965K, capacity 7106K, committed 7296K, reserved 1056768K
  class space    used 816K, capacity 861K, committed 896K, reserved 1048576K
}

Deoptimization events (10 events):
Event: 1.277 Thread 0x00000000029dd800 Uncommon trap: reason=unstable_if action=reinterpret pc=0x00000000032e66b8 method=java.util.zip.ZipCoder.decoder()Ljava/nio/charset/CharsetDecoder; @ 4
Event: 1.282 Thread 0x00000000029dd800 Uncommon trap: reason=unstable_if action=reinterpret pc=0x00000000032e17ec method=java.util.zip.ZipCoder.decoder()Ljava/nio/charset/CharsetDecoder; @ 4
Event: 1.584 Thread 0x00000000029dd800 Uncommon trap: reason=unstable_if action=reinterpret pc=0x00000000032ea508 method=java.util.HashMap$HashIterator.nextNode()Ljava/util/HashMap$Node; @ 74
Event: 1.754 Thread 0x00000000029dd800 Uncommon trap: reason=unstable_if action=reinterpret pc=0x00000000032dd9d8 method=java.util.zip.ZipFile.getZipEntry(Ljava/lang/String;J)Ljava/util/zip/ZipEntry; @ 19
Event: 1.964 Thread 0x00000000029dd800 Uncommon trap: reason=unstable_if action=reinterpret pc=0x00000000032f3308 method=java.util.HashMap$HashIterator.nextNode()Ljava/util/HashMap$Node; @ 74
Event: 2.177 Thread 0x00000000029dd800 Uncommon trap: reason=unloaded action=reinterpret pc=0x00000000032de6fc method=java.util.zip.ZipEntry.setExtra0([BZ)V @ 37
Event: 2.366 Thread 0x00000000029dd800 Uncommon trap: reason=unstable_if action=reinterpret pc=0x000000000325b738 method=java.lang.String.<init>([CII)V @ 18
Event: 2.525 Thread 0x00000000029dd800 Uncommon trap: reason=unstable_if action=reinterpret pc=0x00000000033862fc method=org.objectweb.asm.ClassReader.a(II[C)Ljava/lang/String; @ 77
Event: 2.525 Thread 0x00000000029dd800 Uncommon trap: reason=unstable_if action=reinterpret pc=0x0000000003383638 method=org.objectweb.asm.ByteVector.putUTF8(Ljava/lang/String;)Lorg/objectweb/asm/ByteVector; @ 98
Event: 2.530 Thread 0x00000000029dd800 Uncommon trap: reason=unstable_if action=reinterpret pc=0x00000000033dffd8 method=org.objectweb.asm.Item.a(Lorg/objectweb/asm/Item;)Z @ 345

Classes redefined (0 events):
No events

Internal exceptions (10 events):
Event: 1.957 Thread 0x00000000029dd800 Exception <a 'sun/nio/fs/WindowsException'> (0x00000000ff212998) thrown at [D:\src\AOSP-openjdk-cygwin\jdk8u\hotspot\src\share\vm\prims\jni.cpp, line 709]
Event: 1.957 Thread 0x00000000029dd800 Exception <a 'sun/nio/fs/WindowsException'> (0x00000000ff212f60) thrown at [D:\src\AOSP-openjdk-cygwin\jdk8u\hotspot\src\share\vm\prims\jni.cpp, line 709]
Event: 1.957 Thread 0x00000000029dd800 Exception <a 'sun/nio/fs/WindowsException'> (0x00000000ff213720) thrown at [D:\src\AOSP-openjdk-cygwin\jdk8u\hotspot\src\share\vm\prims\jni.cpp, line 709]
Event: 1.957 Thread 0x00000000029dd800 Exception <a 'sun/nio/fs/WindowsException'> (0x00000000ff213cc0) thrown at [D:\src\AOSP-openjdk-cygwin\jdk8u\hotspot\src\share\vm\prims\jni.cpp, line 709]
Event: 1.958 Thread 0x00000000029dd800 Exception <a 'sun/nio/fs/WindowsException'> (0x00000000ff214470) thrown at [D:\src\AOSP-openjdk-cygwin\jdk8u\hotspot\src\share\vm\prims\jni.cpp, line 709]
Event: 2.009 Thread 0x00000000029dd800 Exception <a 'sun/nio/fs/WindowsException'> (0x00000000ff2197b0) thrown at [D:\src\AOSP-openjdk-cygwin\jdk8u\hotspot\src\share\vm\prims\jni.cpp, line 709]
Event: 2.324 Thread 0x00000000029dd800 Exception <a 'sun/nio/fs/WindowsException'> (0x00000000febcaa40) thrown at [D:\src\AOSP-openjdk-cygwin\jdk8u\hotspot\src\share\vm\prims\jni.cpp, line 709]
Event: 2.324 Thread 0x00000000029dd800 Exception <a 'sun/nio/fs/WindowsException'> (0x00000000febcaf98) thrown at [D:\src\AOSP-openjdk-cygwin\jdk8u\hotspot\src\share\vm\prims\jni.cpp, line 709]
Event: 2.333 Thread 0x00000000029dd800 Exception <a 'sun/nio/fs/WindowsException'> (0x00000000febd6780) thrown at [D:\src\AOSP-openjdk-cygwin\jdk8u\hotspot\src\share\vm\prims\jni.cpp, line 709]
Event: 2.333 Thread 0x00000000029dd800 Exception <a 'sun/nio/fs/WindowsException'> (0x00000000febd6c58) thrown at [D:\src\AOSP-openjdk-cygwin\jdk8u\hotspot\src\share\vm\prims\jni.cpp, line 709]

Events (10 events):
Event: 2.425 loading class org/objectweb/asm/Handler done
Event: 2.525 Thread 0x00000000029dd800 Uncommon trap: trap_request=0xffffff65 fr.pc=0x00000000033862fc
Event: 2.525 Thread 0x00000000029dd800 DEOPT PACKING pc=0x00000000033862fc sp=0x0000000002faeaf0
Event: 2.525 Thread 0x00000000029dd800 DEOPT UNPACKING pc=0x00000000030f556a sp=0x0000000002faea20 mode 2
Event: 2.525 Thread 0x00000000029dd800 Uncommon trap: trap_request=0xffffff65 fr.pc=0x0000000003383638
Event: 2.525 Thread 0x00000000029dd800 DEOPT PACKING pc=0x0000000003383638 sp=0x0000000002fae790
Event: 2.525 Thread 0x00000000029dd800 DEOPT UNPACKING pc=0x00000000030f556a sp=0x0000000002fae718 mode 2
Event: 2.530 Thread 0x00000000029dd800 Uncommon trap: trap_request=0xffffff65 fr.pc=0x00000000033dffd8
Event: 2.530 Thread 0x00000000029dd800 DEOPT PACKING pc=0x00000000033dffd8 sp=0x0000000002fae570
Event: 2.530 Thread 0x00000000029dd800 DEOPT UNPACKING pc=0x00000000030f556a sp=0x0000000002fae508 mode 2


Dynamic libraries:
0x00007ff719ba0000 - 0x00007ff719bd1000 	C:\Program Files\Android\Android Studio\jre\bin\java.exe
0x00007ff98de30000 - 0x00007ff98e011000 	C:\WINDOWS\SYSTEM32\ntdll.dll
0x00007ff98c160000 - 0x00007ff98c212000 	C:\WINDOWS\System32\KERNEL32.DLL
0x00007ff98a400000 - 0x00007ff98a673000 	C:\WINDOWS\System32\KERNELBASE.dll
0x00007ff98b860000 - 0x00007ff98b901000 	C:\WINDOWS\System32\ADVAPI32.dll
0x00007ff98bd20000 - 0x00007ff98bdbe000 	C:\WINDOWS\System32\msvcrt.dll
0x00007ff98b910000 - 0x00007ff98b96b000 	C:\WINDOWS\System32\sechost.dll
0x00007ff98b3b0000 - 0x00007ff98b4d4000 	C:\WINDOWS\System32\RPCRT4.dll
0x00007ff98b9f0000 - 0x00007ff98bb80000 	C:\WINDOWS\System32\USER32.dll
0x00007ff98b2a0000 - 0x00007ff98b2c0000 	C:\WINDOWS\System32\win32u.dll
0x00007ff98b380000 - 0x00007ff98b3a8000 	C:\WINDOWS\System32\GDI32.dll
0x00007ff98b060000 - 0x00007ff98b1f2000 	C:\WINDOWS\System32\gdi32full.dll
0x00007ff98b200000 - 0x00007ff98b29f000 	C:\WINDOWS\System32\msvcp_win.dll
0x00007ff98a300000 - 0x00007ff98a3fa000 	C:\WINDOWS\System32\ucrtbase.dll
0x00007ff97d610000 - 0x00007ff97d879000 	C:\WINDOWS\WinSxS\amd64_microsoft.windows.common-controls_6595b64144ccf1df_6.0.17134.48_none_b4b2216a3cb4dd3e\COMCTL32.dll
0x00007ff98bdd0000 - 0x00007ff98c0f3000 	C:\WINDOWS\System32\combase.dll
0x00007ff98adf0000 - 0x00007ff98ae6a000 	C:\WINDOWS\System32\bcryptPrimitives.dll
0x00007ff98b5c0000 - 0x00007ff98b5ed000 	C:\WINDOWS\System32\IMM32.DLL
0x000000005d500000 - 0x000000005d5d2000 	C:\Program Files\Android\Android Studio\jre\jre\bin\msvcr100.dll
0x000000005d5e0000 - 0x000000005de1e000 	C:\Program Files\Android\Android Studio\jre\jre\bin\server\jvm.dll
0x00007ff98b5b0000 - 0x00007ff98b5b8000 	C:\WINDOWS\System32\PSAPI.DLL
0x00007ff9786d0000 - 0x00007ff9786d9000 	C:\WINDOWS\SYSTEM32\WSOCK32.dll
0x00007ff98b970000 - 0x00007ff98b9dc000 	C:\WINDOWS\System32\WS2_32.dll
0x00007ff987c20000 - 0x00007ff987c43000 	C:\WINDOWS\SYSTEM32\WINMM.dll
0x00007ff982480000 - 0x00007ff98248a000 	C:\WINDOWS\SYSTEM32\VERSION.dll
0x00007ff987620000 - 0x00007ff98764a000 	C:\WINDOWS\SYSTEM32\winmmbase.dll
0x00007ff98a2b0000 - 0x00007ff98a2f9000 	C:\WINDOWS\System32\cfgmgr32.dll
0x00007ff977560000 - 0x00007ff97756f000 	C:\Program Files\Android\Android Studio\jre\jre\bin\verify.dll
0x00007ff974570000 - 0x00007ff974599000 	C:\Program Files\Android\Android Studio\jre\jre\bin\java.dll
0x00007ff973f80000 - 0x00007ff973f96000 	C:\Program Files\Android\Android Studio\jre\jre\bin\zip.dll
0x00007ff98c2a0000 - 0x00007ff98d6e0000 	C:\WINDOWS\System32\SHELL32.dll
0x00007ff98b4e0000 - 0x00007ff98b589000 	C:\WINDOWS\System32\shcore.dll
0x00007ff98a680000 - 0x00007ff98ad8d000 	C:\WINDOWS\System32\windows.storage.dll
0x00007ff98b320000 - 0x00007ff98b371000 	C:\WINDOWS\System32\shlwapi.dll
0x00007ff98a170000 - 0x00007ff98a181000 	C:\WINDOWS\System32\kernel.appcore.dll
0x00007ff98a190000 - 0x00007ff98a1af000 	C:\WINDOWS\System32\profapi.dll
0x00007ff98a1b0000 - 0x00007ff98a1fc000 	C:\WINDOWS\System32\powrprof.dll
0x00007ff98a160000 - 0x00007ff98a16a000 	C:\WINDOWS\System32\FLTLIB.DLL
0x00007ff989b70000 - 0x00007ff989b87000 	C:\WINDOWS\SYSTEM32\CRYPTSP.dll
0x00007ff9895a0000 - 0x00007ff9895d3000 	C:\WINDOWS\system32\rsaenh.dll
0x00007ff989ca0000 - 0x00007ff989cc5000 	C:\WINDOWS\SYSTEM32\bcrypt.dll
0x00007ff98a040000 - 0x00007ff98a068000 	C:\WINDOWS\SYSTEM32\USERENV.dll
0x00007ff989b90000 - 0x00007ff989b9b000 	C:\WINDOWS\SYSTEM32\CRYPTBASE.dll
0x00007ff9706a0000 - 0x00007ff9706ba000 	C:\Program Files\Android\Android Studio\jre\jre\bin\net.dll
0x00007ff9899c0000 - 0x00007ff989a26000 	C:\WINDOWS\system32\mswsock.dll
0x00007ff989740000 - 0x00007ff989778000 	C:\WINDOWS\SYSTEM32\IPHLPAPI.DLL
0x00007ff98bdc0000 - 0x00007ff98bdc8000 	C:\WINDOWS\System32\NSI.dll
0x00007ff982c80000 - 0x00007ff982c96000 	C:\WINDOWS\SYSTEM32\dhcpcsvc6.DLL
0x00007ff982c60000 - 0x00007ff982c7a000 	C:\WINDOWS\SYSTEM32\dhcpcsvc.DLL
0x00007ff970680000 - 0x00007ff970691000 	C:\Program Files\Android\Android Studio\jre\jre\bin\nio.dll

VM Arguments:
jvm_args: -Djava.awt.headless=true -Xmx64M -Dfile.encoding=x-windows-949 -Duser.country=KR -Duser.language=ko -Duser.variant 
java_command: com.google.devtools.build.android.desugar.Desugar @D:\test\app\build\intermediates\tmp\desugar_args6676819416747718873
java_class_path (initial): C:\Users\Goo\AppData\Local\Temp\desugar_deploy.jar8800467425082905888
Launcher Type: SUN_STANDARD

Environment Variables:
PATH=C:\ProgramData\Oracle\Java\javapath;C:\WINDOWS\system32;C:\WINDOWS;C:\WINDOWS\System32\Wbem;C:\WINDOWS\System32\WindowsPowerShell\v1.0\;C:\OpenSSL;;C:\WINDOWS\System32\OpenSSH\;C:\Users\Goo\AppData\Local\Microsoft\WindowsApps;
USERNAME=Goo
OS=Windows_NT
PROCESSOR_IDENTIFIER=Intel64 Family 6 Model 158 Stepping 9, GenuineIntel



---------------  S Y S T E M  ---------------

OS: Windows 10.0 , 64 bit Build 17134 (10.0.17134.1)

CPU:total 8 (initial active 8) (4 cores per cpu, 2 threads per core) family 6 model 158 stepping 9, cmov, cx8, fxsr, mmx, sse, sse2, sse3, ssse3, sse4.1, sse4.2, popcnt, avx, avx2, aes, clmul, erms, 3dnowpref, lzcnt, ht, tsc, tscinvbit, bmi1, bmi2, adx

Memory: 4k page, physical 16692940k(2784984k free), swap 16692940k(1088k free)

vm_info: OpenJDK 64-Bit Server VM (25.152-b01) for windows-amd64 JRE (1.8.0_152-release-915-b01), built by "builder" with MS VC++ 10.0 (VS2010)

time: Mon Jun 11 12:56:52 2018
elapsed time: 2 seconds (0d 0h 0m 2s)

