#
# There is insufficient memory for the Java Runtime Environment to continue.
# Native memory allocation (malloc) failed to allocate 956496 bytes for Chunk::new
# Possible reasons:
#   The system is out of physical RAM or swap space
#   In 32 bit mode, the process size limit was hit
# Possible solutions:
#   Reduce memory load on the system
#   Increase physical memory or swap space
#   Check if swap backing store is full
#   Use 64 bit Java on a 64 bit OS
#   Decrease Java heap size (-Xmx/-Xms)
#   Decrease number of Java threads
#   Decrease Java thread stack sizes (-Xss)
#   Set larger code cache with -XX:ReservedCodeCacheSize=
# This output file may be truncated or incomplete.
#
#  Out of Memory Error (allocation.cpp:390), pid=9388, tid=0x0000000000002ae4
#
# JRE version: OpenJDK Runtime Environment (8.0_152-b01) (build 1.8.0_152-release-915-b01)
# Java VM: OpenJDK 64-Bit Server VM (25.152-b01 mixed mode windows-amd64 compressed oops)
# Failed to write core dump. Minidumps are not enabled by default on client versions of Windows
#

---------------  T H R E A D  ---------------

Current thread (0x0000000015e6f800):  JavaThread "C2 CompilerThread2" daemon [_thread_in_native, id=10980, stack(0x0000000016720000,0x0000000016820000)]

Stack: [0x0000000016720000,0x0000000016820000]
[error occurred during error reporting (printing stack bounds), id 0xc0000005]

Native frames: (J=compiled Java code, j=interpreted, Vv=VM code, C=native code)


Current CompileTask:
C2:   3806 1211       4       org.objectweb.asm.ClassReader::a (3587 bytes)


---------------  P R O C E S S  ---------------

Java Threads: ( => current thread )
  0x0000000015e80000 JavaThread "Service Thread" daemon [_thread_blocked, id=9992, stack(0x0000000016920000,0x0000000016a20000)]
  0x0000000015e72800 JavaThread "C1 CompilerThread3" daemon [_thread_blocked, id=10128, stack(0x0000000016820000,0x0000000016920000)]
=>0x0000000015e6f800 JavaThread "C2 CompilerThread2" daemon [_thread_in_native, id=10980, stack(0x0000000016720000,0x0000000016820000)]
  0x0000000013edb800 JavaThread "C2 CompilerThread1" daemon [_thread_blocked, id=10912, stack(0x0000000016620000,0x0000000016720000)]
  0x0000000015e20000 JavaThread "C2 CompilerThread0" daemon [_thread_blocked, id=8232, stack(0x0000000016520000,0x0000000016620000)]
  0x0000000015e1e800 JavaThread "Attach Listener" daemon [_thread_blocked, id=11648, stack(0x0000000016420000,0x0000000016520000)]
  0x0000000015dcb000 JavaThread "Signal Dispatcher" daemon [_thread_blocked, id=13108, stack(0x0000000016320000,0x0000000016420000)]
  0x000000000371e000 JavaThread "Finalizer" daemon [_thread_blocked, id=10516, stack(0x0000000016190000,0x0000000016290000)]
  0x0000000003717000 JavaThread "Reference Handler" daemon [_thread_blocked, id=3176, stack(0x0000000015c90000,0x0000000015d90000)]
  0x000000000194d800 JavaThread "main" [_thread_in_native, id=1528, stack(0x0000000003150000,0x0000000003250000)]

Other Threads:
  0x0000000013ec5800 VMThread [stack: 0x0000000015b90000,0x0000000015c90000] [id=6544]
  0x0000000015e80800 WatcherThread [stack: 0x0000000016a20000,0x0000000016b20000] [id=6468]

VM state:not at safepoint (normal execution)

VM Mutex/Monitor currently owned by a thread: None

Heap:
 PSYoungGen      total 18944K, used 5473K [0x00000000feb00000, 0x0000000100000000, 0x0000000100000000)
  eden space 16384K, 17% used [0x00000000feb00000,0x00000000feddc1a0,0x00000000ffb00000)
  from space 2560K, 99% used [0x00000000ffd80000,0x00000000ffffc598,0x0000000100000000)
  to   space 2560K, 0% used [0x00000000ffb00000,0x00000000ffb00000,0x00000000ffd80000)
 ParOldGen       total 44032K, used 7218K [0x00000000fc000000, 0x00000000feb00000, 0x00000000feb00000)
  object space 44032K, 16% used [0x00000000fc000000,0x00000000fc70ca28,0x00000000feb00000)
 Metaspace       used 7804K, capacity 7974K, committed 8192K, reserved 1056768K
  class space    used 875K, capacity 957K, committed 1024K, reserved 1048576K

Card table byte_map: [0x0000000003250000,0x0000000003280000] byte_map_base: 0x0000000002a70000

Marking Bits: (ParMarkBitMap*) 0x000000005d303950
 Begin Bits: [0x00000000132e0000, 0x00000000133e0000)
 End Bits:   [0x00000000133e0000, 0x00000000134e0000)

Polling page: 0x0000000001340000

CodeCache: size=245760Kb used=4663Kb max_used=4675Kb free=241096Kb
 bounds [0x0000000003720000, 0x0000000003bc0000, 0x0000000012720000]
 total_blobs=1578 nmethods=1243 adapters=248
 compilation: enabled

Compilation events (10 events):
Event: 3.712 Thread 0x0000000015e72800 1240       3       org.objectweb.asm.MethodWriter::visitParameterAnnotation (178 bytes)
Event: 3.713 Thread 0x0000000015e72800 nmethod 1240 0x0000000003bafe50 code [0x0000000003bb00c0, 0x0000000003bb1038]
Event: 3.713 Thread 0x0000000015e72800 1241       3       org.objectweb.asm.Type::<init> (26 bytes)
Event: 3.713 Thread 0x0000000015e72800 nmethod 1241 0x0000000003bb17d0 code [0x0000000003bb1920, 0x0000000003bb1af0]
Event: 3.714 Thread 0x0000000015e20000 1242       4       org.objectweb.asm.ClassReader::a (133 bytes)
Event: 3.716 Thread 0x0000000015e72800 1243       3       java.nio.Buffer::flip (20 bytes)
Event: 3.717 Thread 0x0000000015e72800 nmethod 1243 0x0000000003bb1bd0 code [0x0000000003bb1d20, 0x0000000003bb1e90]
Event: 3.717 Thread 0x0000000015e72800 1244       1       java.util.concurrent.TimeUnit$3::toSeconds (6 bytes)
Event: 3.717 Thread 0x0000000015e72800 nmethod 1244 0x0000000003bb1f10 code [0x0000000003bb2060, 0x0000000003bb2190]
Event: 3.720 Thread 0x0000000015e20000 nmethod 1242 0x0000000003bb52d0 code [0x0000000003bb5420, 0x0000000003bb5898]

GC Heap History (8 events):
Event: 1.199 GC heap before
{Heap before GC invocations=1 (full 0):
 PSYoungGen      total 18944K, used 16384K [0x00000000feb00000, 0x0000000100000000, 0x0000000100000000)
  eden space 16384K, 100% used [0x00000000feb00000,0x00000000ffb00000,0x00000000ffb00000)
  from space 2560K, 0% used [0x00000000ffd80000,0x00000000ffd80000,0x0000000100000000)
  to   space 2560K, 0% used [0x00000000ffb00000,0x00000000ffb00000,0x00000000ffd80000)
 ParOldGen       total 44032K, used 0K [0x00000000fc000000, 0x00000000feb00000, 0x00000000feb00000)
  object space 44032K, 0% used [0x00000000fc000000,0x00000000fc000000,0x00000000feb00000)
 Metaspace       used 6633K, capacity 6804K, committed 7040K, reserved 1056768K
  class space    used 774K, capacity 824K, committed 896K, reserved 1048576K
Event: 1.219 GC heap after
Heap after GC invocations=1 (full 0):
 PSYoungGen      total 18944K, used 2537K [0x00000000feb00000, 0x0000000100000000, 0x0000000100000000)
  eden space 16384K, 0% used [0x00000000feb00000,0x00000000feb00000,0x00000000ffb00000)
  from space 2560K, 99% used [0x00000000ffb00000,0x00000000ffd7a620,0x00000000ffd80000)
  to   space 2560K, 0% used [0x00000000ffd80000,0x00000000ffd80000,0x0000000100000000)
 ParOldGen       total 44032K, used 1607K [0x00000000fc000000, 0x00000000feb00000, 0x00000000feb00000)
  object space 44032K, 3% used [0x00000000fc000000,0x00000000fc191c78,0x00000000feb00000)
 Metaspace       used 6633K, capacity 6804K, committed 7040K, reserved 1056768K
  class space    used 774K, capacity 824K, committed 896K, reserved 1048576K
}
Event: 1.728 GC heap before
{Heap before GC invocations=2 (full 0):
 PSYoungGen      total 18944K, used 18921K [0x00000000feb00000, 0x0000000100000000, 0x0000000100000000)
  eden space 16384K, 100% used [0x00000000feb00000,0x00000000ffb00000,0x00000000ffb00000)
  from space 2560K, 99% used [0x00000000ffb00000,0x00000000ffd7a620,0x00000000ffd80000)
  to   space 2560K, 0% used [0x00000000ffd80000,0x00000000ffd80000,0x0000000100000000)
 ParOldGen       total 44032K, used 1607K [0x00000000fc000000, 0x00000000feb00000, 0x00000000feb00000)
  object space 44032K, 3% used [0x00000000fc000000,0x00000000fc191c78,0x00000000feb00000)
 Metaspace       used 6978K, capacity 7110K, committed 7296K, reserved 1056768K
  class space    used 816K, capacity 861K, committed 896K, reserved 1048576K
Event: 1.789 GC heap after
Heap after GC invocations=2 (full 0):
 PSYoungGen      total 18944K, used 2531K [0x00000000feb00000, 0x0000000100000000, 0x0000000100000000)
  eden space 16384K, 0% used [0x00000000feb00000,0x00000000feb00000,0x00000000ffb00000)
  from space 2560K, 98% used [0x00000000ffd80000,0x00000000ffff8df0,0x0000000100000000)
  to   space 2560K, 0% used [0x00000000ffb00000,0x00000000ffb00000,0x00000000ffd80000)
 ParOldGen       total 44032K, used 5912K [0x00000000fc000000, 0x00000000feb00000, 0x00000000feb00000)
  object space 44032K, 13% used [0x00000000fc000000,0x00000000fc5c61c0,0x00000000feb00000)
 Metaspace       used 6978K, capacity 7110K, committed 7296K, reserved 1056768K
  class space    used 816K, capacity 861K, committed 896K, reserved 1048576K
}
Event: 2.392 GC heap before
{Heap before GC invocations=3 (full 0):
 PSYoungGen      total 18944K, used 18915K [0x00000000feb00000, 0x0000000100000000, 0x0000000100000000)
  eden space 16384K, 100% used [0x00000000feb00000,0x00000000ffb00000,0x00000000ffb00000)
  from space 2560K, 98% used [0x00000000ffd80000,0x00000000ffff8df0,0x0000000100000000)
  to   space 2560K, 0% used [0x00000000ffb00000,0x00000000ffb00000,0x00000000ffd80000)
 ParOldGen       total 44032K, used 5912K [0x00000000fc000000, 0x00000000feb00000, 0x00000000feb00000)
  object space 44032K, 13% used [0x00000000fc000000,0x00000000fc5c61c0,0x00000000feb00000)
 Metaspace       used 7678K, capacity 7846K, committed 7936K, reserved 1056768K
  class space    used 875K, capacity 957K, committed 1024K, reserved 1048576K
Event: 2.814 GC heap after
Heap after GC invocations=3 (full 0):
 PSYoungGen      total 18944K, used 2557K [0x00000000feb00000, 0x0000000100000000, 0x0000000100000000)
  eden space 16384K, 0% used [0x00000000feb00000,0x00000000feb00000,0x00000000ffb00000)
  from space 2560K, 99% used [0x00000000ffb00000,0x00000000ffd7f790,0x00000000ffd80000)
  to   space 2560K, 0% used [0x00000000ffd80000,0x00000000ffd80000,0x0000000100000000)
 ParOldGen       total 44032K, used 7178K [0x00000000fc000000, 0x00000000feb00000, 0x00000000feb00000)
  object space 44032K, 16% used [0x00000000fc000000,0x00000000fc702a28,0x00000000feb00000)
 Metaspace       used 7678K, capacity 7846K, committed 7936K, reserved 1056768K
  class space    used 875K, capacity 957K, committed 1024K, reserved 1048576K
}
Event: 3.393 GC heap before
{Heap before GC invocations=4 (full 0):
 PSYoungGen      total 18944K, used 18941K [0x00000000feb00000, 0x0000000100000000, 0x0000000100000000)
  eden space 16384K, 100% used [0x00000000feb00000,0x00000000ffb00000,0x00000000ffb00000)
  from space 2560K, 99% used [0x00000000ffb00000,0x00000000ffd7f790,0x00000000ffd80000)
  to   space 2560K, 0% used [0x00000000ffd80000,0x00000000ffd80000,0x0000000100000000)
 ParOldGen       total 44032K, used 7178K [0x00000000fc000000, 0x00000000feb00000, 0x00000000feb00000)
  object space 44032K, 16% used [0x00000000fc000000,0x00000000fc702a28,0x00000000feb00000)
 Metaspace       used 7790K, capacity 7974K, committed 8192K, reserved 1056768K
  class space    used 875K, capacity 957K, committed 1024K, reserved 1048576K
Event: 3.621 GC heap after
Heap after GC invocations=4 (full 0):
 PSYoungGen      total 18944K, used 2545K [0x00000000feb00000, 0x0000000100000000, 0x0000000100000000)
  eden space 16384K, 0% used [0x00000000feb00000,0x00000000feb00000,0x00000000ffb00000)
  from space 2560K, 99% used [0x00000000ffd80000,0x00000000ffffc598,0x0000000100000000)
  to   space 2560K, 0% used [0x00000000ffb00000,0x00000000ffb00000,0x00000000ffd80000)
 ParOldGen       total 44032K, used 7218K [0x00000000fc000000, 0x00000000feb00000, 0x00000000feb00000)
  object space 44032K, 16% used [0x00000000fc000000,0x00000000fc70ca28,0x00000000feb00000)
 Metaspace       used 7790K, capacity 7974K, committed 8192K, reserved 1056768K
  class space    used 875K, capacity 957K, committed 1024K, reserved 1048576K
}

Deoptimization events (10 events):
Event: 1.632 Thread 0x000000000194d800 Uncommon trap: reason=unloaded action=reinterpret pc=0x000000000395e37c method=java.util.zip.ZipEntry.setExtra0([BZ)V @ 37
Event: 1.807 Thread 0x000000000194d800 Uncommon trap: reason=unstable_if action=reinterpret pc=0x000000000397e914 method=java.util.HashMap$HashIterator.hasNext()Z @ 4
Event: 2.025 Thread 0x000000000194d800 Uncommon trap: reason=unstable_if action=reinterpret pc=0x00000000038c97b8 method=java.lang.String.<init>([CII)V @ 18
Event: 2.271 Thread 0x000000000194d800 Uncommon trap: reason=unstable_if action=reinterpret pc=0x0000000003a8fc5c method=org.objectweb.asm.Type.getArgumentsAndReturnSizes(Ljava/lang/String;)I @ 130
Event: 2.818 Thread 0x000000000194d800 Uncommon trap: reason=unstable_if action=reinterpret pc=0x0000000003ad5234 method=org.objectweb.asm.tree.MethodNode.getLabelNodes([Ljava/lang/Object;)[Ljava/lang/Object; @ 24
Event: 2.894 Thread 0x000000000194d800 Uncommon trap: reason=unstable_if action=reinterpret pc=0x0000000003b06fe8 method=java.io.BufferedOutputStream.write(I)V @ 9
Event: 3.200 Thread 0x000000000194d800 Uncommon trap: reason=null_check action=make_not_entrant pc=0x0000000003b1c6dc method=com.google.devtools.build.android.desugar.InterfaceDesugaring$InterfaceInvocationRewriter.visitMethodInsn(ILjava/lang/String;Ljava/lang/String;Ljava/lang/String;Z)V @ 10
Event: 3.317 Thread 0x000000000194d800 Uncommon trap: reason=null_check action=make_not_entrant pc=0x0000000003b588f4 method=com.google.devtools.build.android.desugar.InterfaceDesugaring$InterfaceInvocationRewriter.visitMethodInsn(ILjava/lang/String;Ljava/lang/String;Ljava/lang/String;Z)V @ 10
Event: 3.690 Thread 0x000000000194d800 Uncommon trap: reason=unstable_if action=reinterpret pc=0x0000000003ab3568 method=org.objectweb.asm.MethodWriter.visitVarInsn(II)V @ 148
Event: 3.691 Thread 0x000000000194d800 Uncommon trap: reason=unstable_if action=reinterpret pc=0x0000000003a74fb8 method=org.objectweb.asm.MethodWriter.visitVarInsn(II)V @ 136

Classes redefined (0 events):
No events

Internal exceptions (10 events):
Event: 3.148 Thread 0x000000000194d800 Exception <a 'sun/nio/fs/WindowsException'> (0x00000000fee1f1e8) thrown at [D:\src\AOSP-openjdk-cygwin\jdk8u\hotspot\src\share\vm\prims\jni.cpp, line 709]
Event: 3.151 Thread 0x000000000194d800 Exception <a 'sun/nio/fs/WindowsException'> (0x00000000fee1f6c0) thrown at [D:\src\AOSP-openjdk-cygwin\jdk8u\hotspot\src\share\vm\prims\jni.cpp, line 709]
Event: 3.200 Thread 0x000000000194d800 Implicit null exception at 0x0000000003b1c3ea to 0x0000000003b1c6b9
Event: 3.317 Thread 0x000000000194d800 Implicit null exception at 0x0000000003b55e7d to 0x0000000003b588d1
Event: 3.645 Thread 0x000000000194d800 Exception <a 'sun/nio/fs/WindowsException'> (0x00000000feb3ade0) thrown at [D:\src\AOSP-openjdk-cygwin\jdk8u\hotspot\src\share\vm\prims\jni.cpp, line 709]
Event: 3.645 Thread 0x000000000194d800 Exception <a 'sun/nio/fs/WindowsException'> (0x00000000feb3b2b8) thrown at [D:\src\AOSP-openjdk-cygwin\jdk8u\hotspot\src\share\vm\prims\jni.cpp, line 709]
Event: 3.652 Thread 0x000000000194d800 Exception <a 'sun/nio/fs/WindowsException'> (0x00000000feb3e770) thrown at [D:\src\AOSP-openjdk-cygwin\jdk8u\hotspot\src\share\vm\prims\jni.cpp, line 709]
Event: 3.652 Thread 0x000000000194d800 Exception <a 'sun/nio/fs/WindowsException'> (0x00000000feb3ec48) thrown at [D:\src\AOSP-openjdk-cygwin\jdk8u\hotspot\src\share\vm\prims\jni.cpp, line 709]
Event: 3.673 Thread 0x000000000194d800 Exception <a 'sun/nio/fs/WindowsException'> (0x00000000feb420e8) thrown at [D:\src\AOSP-openjdk-cygwin\jdk8u\hotspot\src\share\vm\prims\jni.cpp, line 709]
Event: 3.673 Thread 0x000000000194d800 Exception <a 'sun/nio/fs/WindowsException'> (0x00000000feb425c0) thrown at [D:\src\AOSP-openjdk-cygwin\jdk8u\hotspot\src\share\vm\prims\jni.cpp, line 709]

Events (10 events):
Event: 3.393 Executing VM operation: ParallelGCFailedAllocation
Event: 3.621 Executing VM operation: ParallelGCFailedAllocation done
Event: 3.689 Thread 0x000000000194d800 DEOPT PACKING pc=0x0000000003a1ba58 sp=0x000000000324eae0
Event: 3.690 Thread 0x000000000194d800 DEOPT UNPACKING pc=0x00000000037675bf sp=0x000000000324ea90 mode 0
Event: 3.690 Thread 0x000000000194d800 Uncommon trap: trap_request=0xffffff65 fr.pc=0x0000000003ab3568
Event: 3.690 Thread 0x000000000194d800 DEOPT PACKING pc=0x0000000003ab3568 sp=0x000000000324ecb0
Event: 3.691 Thread 0x000000000194d800 DEOPT UNPACKING pc=0x000000000376556a sp=0x000000000324eb98 mode 2
Event: 3.691 Thread 0x000000000194d800 Uncommon trap: trap_request=0xffffff65 fr.pc=0x0000000003a74fb8
Event: 3.691 Thread 0x000000000194d800 DEOPT PACKING pc=0x0000000003a74fb8 sp=0x000000000324ec20
Event: 3.691 Thread 0x000000000194d800 DEOPT UNPACKING pc=0x000000000376556a sp=0x000000000324eb80 mode 2


Dynamic libraries:
0x00007ff6199f0000 - 0x00007ff619a21000 	C:\Program Files\Android\Android Studio\jre\bin\java.exe
0x00007ff98de30000 - 0x00007ff98e011000 	C:\WINDOWS\SYSTEM32\ntdll.dll
0x00007ff98c160000 - 0x00007ff98c212000 	C:\WINDOWS\System32\KERNEL32.DLL
0x00007ff98a400000 - 0x00007ff98a673000 	C:\WINDOWS\System32\KERNELBASE.dll
0x00007ff98b860000 - 0x00007ff98b901000 	C:\WINDOWS\System32\ADVAPI32.dll
0x00007ff98bd20000 - 0x00007ff98bdbe000 	C:\WINDOWS\System32\msvcrt.dll
0x00007ff98b910000 - 0x00007ff98b96b000 	C:\WINDOWS\System32\sechost.dll
0x00007ff98b3b0000 - 0x00007ff98b4d4000 	C:\WINDOWS\System32\RPCRT4.dll
0x00007ff98b9f0000 - 0x00007ff98bb80000 	C:\WINDOWS\System32\USER32.dll
0x00007ff98b2a0000 - 0x00007ff98b2c0000 	C:\WINDOWS\System32\win32u.dll
0x00007ff98b380000 - 0x00007ff98b3a8000 	C:\WINDOWS\System32\GDI32.dll
0x00007ff98b060000 - 0x00007ff98b1f2000 	C:\WINDOWS\System32\gdi32full.dll
0x00007ff98b200000 - 0x00007ff98b29f000 	C:\WINDOWS\System32\msvcp_win.dll
0x00007ff98a300000 - 0x00007ff98a3fa000 	C:\WINDOWS\System32\ucrtbase.dll
0x00007ff97d610000 - 0x00007ff97d879000 	C:\WINDOWS\WinSxS\amd64_microsoft.windows.common-controls_6595b64144ccf1df_6.0.17134.48_none_b4b2216a3cb4dd3e\COMCTL32.dll
0x00007ff98bdd0000 - 0x00007ff98c0f3000 	C:\WINDOWS\System32\combase.dll
0x00007ff98adf0000 - 0x00007ff98ae6a000 	C:\WINDOWS\System32\bcryptPrimitives.dll
0x00007ff98b5c0000 - 0x00007ff98b5ed000 	C:\WINDOWS\System32\IMM32.DLL
0x000000005ca60000 - 0x000000005cb32000 	C:\Program Files\Android\Android Studio\jre\jre\bin\msvcr100.dll
0x000000005cb40000 - 0x000000005d37e000 	C:\Program Files\Android\Android Studio\jre\jre\bin\server\jvm.dll
0x00007ff98b5b0000 - 0x00007ff98b5b8000 	C:\WINDOWS\System32\PSAPI.DLL
0x00007ff985c60000 - 0x00007ff985c69000 	C:\WINDOWS\SYSTEM32\WSOCK32.dll
0x00007ff98b970000 - 0x00007ff98b9dc000 	C:\WINDOWS\System32\WS2_32.dll
0x00007ff987c20000 - 0x00007ff987c43000 	C:\WINDOWS\SYSTEM32\WINMM.dll
0x00007ff982480000 - 0x00007ff98248a000 	C:\WINDOWS\SYSTEM32\VERSION.dll
0x00007ff987620000 - 0x00007ff98764a000 	C:\WINDOWS\SYSTEM32\winmmbase.dll
0x00007ff98a2b0000 - 0x00007ff98a2f9000 	C:\WINDOWS\System32\cfgmgr32.dll
0x00007ff96ba40000 - 0x00007ff96ba4f000 	C:\Program Files\Android\Android Studio\jre\jre\bin\verify.dll
0x00007ff96ba10000 - 0x00007ff96ba39000 	C:\Program Files\Android\Android Studio\jre\jre\bin\java.dll
0x00007ff96b9f0000 - 0x00007ff96ba06000 	C:\Program Files\Android\Android Studio\jre\jre\bin\zip.dll
0x00007ff98c2a0000 - 0x00007ff98d6e0000 	C:\WINDOWS\System32\SHELL32.dll
0x00007ff98b4e0000 - 0x00007ff98b589000 	C:\WINDOWS\System32\shcore.dll
0x00007ff98a680000 - 0x00007ff98ad8d000 	C:\WINDOWS\System32\windows.storage.dll
0x00007ff98b320000 - 0x00007ff98b371000 	C:\WINDOWS\System32\shlwapi.dll
0x00007ff98a170000 - 0x00007ff98a181000 	C:\WINDOWS\System32\kernel.appcore.dll
0x00007ff98a190000 - 0x00007ff98a1af000 	C:\WINDOWS\System32\profapi.dll
0x00007ff98a1b0000 - 0x00007ff98a1fc000 	C:\WINDOWS\System32\powrprof.dll
0x00007ff98a160000 - 0x00007ff98a16a000 	C:\WINDOWS\System32\FLTLIB.DLL
0x00007ff989b70000 - 0x00007ff989b87000 	C:\WINDOWS\SYSTEM32\CRYPTSP.dll
0x00007ff9895a0000 - 0x00007ff9895d3000 	C:\WINDOWS\system32\rsaenh.dll
0x00007ff989ca0000 - 0x00007ff989cc5000 	C:\WINDOWS\SYSTEM32\bcrypt.dll
0x00007ff98a040000 - 0x00007ff98a068000 	C:\WINDOWS\SYSTEM32\USERENV.dll
0x00007ff989b90000 - 0x00007ff989b9b000 	C:\WINDOWS\SYSTEM32\CRYPTBASE.dll
0x00007ff96b9d0000 - 0x00007ff96b9ea000 	C:\Program Files\Android\Android Studio\jre\jre\bin\net.dll
0x00007ff9899c0000 - 0x00007ff989a26000 	C:\WINDOWS\system32\mswsock.dll
0x00007ff989740000 - 0x00007ff989778000 	C:\WINDOWS\SYSTEM32\IPHLPAPI.DLL
0x00007ff98bdc0000 - 0x00007ff98bdc8000 	C:\WINDOWS\System32\NSI.dll
0x00007ff982c80000 - 0x00007ff982c96000 	C:\WINDOWS\SYSTEM32\dhcpcsvc6.DLL
0x00007ff982c60000 - 0x00007ff982c7a000 	C:\WINDOWS\SYSTEM32\dhcpcsvc.DLL
0x00007ff967fc0000 - 0x00007ff967fd1000 	C:\Program Files\Android\Android Studio\jre\jre\bin\nio.dll

VM Arguments:
jvm_args: -Djava.awt.headless=true -Xmx64M -Dfile.encoding=x-windows-949 -Duser.country=KR -Duser.language=ko -Duser.variant 
java_command: com.google.devtools.build.android.desugar.Desugar @D:\test\app\build\intermediates\tmp\desugar_args5960814354145659307
java_class_path (initial): C:\Users\Goo\AppData\Local\Temp\desugar_deploy.jar3189730495422438638
Launcher Type: SUN_STANDARD

Environment Variables:
PATH=C:\ProgramData\Oracle\Java\javapath;C:\WINDOWS\system32;C:\WINDOWS;C:\WINDOWS\System32\Wbem;C:\WINDOWS\System32\WindowsPowerShell\v1.0\;C:\OpenSSL;;C:\WINDOWS\System32\OpenSSH\;C:\Users\Goo\AppData\Local\Microsoft\WindowsApps;
USERNAME=Goo
OS=Windows_NT
PROCESSOR_IDENTIFIER=Intel64 Family 6 Model 158 Stepping 9, GenuineIntel



---------------  S Y S T E M  ---------------

OS: Windows 10.0 , 64 bit Build 17134 (10.0.17134.1)

CPU:total 8 (initial active 8) (4 cores per cpu, 2 threads per core) family 6 model 158 stepping 9, cmov, cx8, fxsr, mmx, sse, sse2, sse3, ssse3, sse4.1, sse4.2, popcnt, avx, avx2, aes, clmul, erms, 3dnowpref, lzcnt, ht, tsc, tscinvbit, bmi1, bmi2, adx

Memory: 4k page, physical 16692940k(4658704k free), swap 16692940k(2068k free)

vm_info: OpenJDK 64-Bit Server VM (25.152-b01) for windows-amd64 JRE (1.8.0_152-release-915-b01), built by "builder" with MS VC++ 10.0 (VS2010)

time: Mon Jun 11 00:55:38 2018
elapsed time: 3 seconds (0d 0h 0m 3s)

