#
# There is insufficient memory for the Java Runtime Environment to continue.
# Native memory allocation (malloc) failed to allocate 2457296 bytes for Chunk::new
# Possible reasons:
#   The system is out of physical RAM or swap space
#   In 32 bit mode, the process size limit was hit
# Possible solutions:
#   Reduce memory load on the system
#   Increase physical memory or swap space
#   Check if swap backing store is full
#   Use 64 bit Java on a 64 bit OS
#   Decrease Java heap size (-Xmx/-Xms)
#   Decrease number of Java threads
#   Decrease Java thread stack sizes (-Xss)
#   Set larger code cache with -XX:ReservedCodeCacheSize=
# This output file may be truncated or incomplete.
#
#  Out of Memory Error (allocation.cpp:390), pid=6652, tid=0x00000000000005c0
#
# JRE version: OpenJDK Runtime Environment (8.0_152-b01) (build 1.8.0_152-release-915-b01)
# Java VM: OpenJDK 64-Bit Server VM (25.152-b01 mixed mode windows-amd64 compressed oops)
# Failed to write core dump. Minidumps are not enabled by default on client versions of Windows
#

---------------  T H R E A D  ---------------

Current thread (0x0000000015deb800):  JavaThread "C2 CompilerThread0" daemon [_thread_in_native, id=1472, stack(0x0000000016540000,0x0000000016640000)]

Stack: [0x0000000016540000,0x0000000016640000]
[error occurred during error reporting (printing stack bounds), id 0xc0000005]

Native frames: (J=compiled Java code, j=interpreted, Vv=VM code, C=native code)


Current CompileTask:
C2:   2544  952 %     4       org.objectweb.asm.ClassReader::a @ 74 (3587 bytes)


---------------  P R O C E S S  ---------------

Java Threads: ( => current thread )
  0x0000000015e9c800 JavaThread "Service Thread" daemon [_thread_blocked, id=10028, stack(0x0000000016940000,0x0000000016a40000)]
  0x0000000015e95800 JavaThread "C1 CompilerThread3" daemon [_thread_blocked, id=10596, stack(0x0000000016840000,0x0000000016940000)]
  0x0000000015e8f000 JavaThread "C2 CompilerThread2" daemon [_thread_in_native, id=2128, stack(0x0000000016740000,0x0000000016840000)]
  0x0000000015e82800 JavaThread "C2 CompilerThread1" daemon [_thread_blocked, id=13736, stack(0x0000000016640000,0x0000000016740000)]
=>0x0000000015deb800 JavaThread "C2 CompilerThread0" daemon [_thread_in_native, id=1472, stack(0x0000000016540000,0x0000000016640000)]
  0x0000000015dea000 JavaThread "Attach Listener" daemon [_thread_blocked, id=10892, stack(0x0000000016440000,0x0000000016540000)]
  0x0000000015e40000 JavaThread "Signal Dispatcher" daemon [_thread_blocked, id=5216, stack(0x0000000016340000,0x0000000016440000)]
  0x000000000372e000 JavaThread "Finalizer" daemon [_thread_blocked, id=10828, stack(0x00000000161b0000,0x00000000162b0000)]
  0x0000000003727000 JavaThread "Reference Handler" daemon [_thread_blocked, id=14264, stack(0x0000000015cb0000,0x0000000015db0000)]
  0x00000000031bd800 JavaThread "main" [_thread_in_native, id=11032, stack(0x0000000003530000,0x0000000003630000)]

Other Threads:
  0x0000000013ed5800 VMThread [stack: 0x0000000015bb0000,0x0000000015cb0000] [id=8052]
  0x0000000015e9d800 WatcherThread [stack: 0x0000000016a40000,0x0000000016b40000] [id=10760]

VM state:not at safepoint (normal execution)

VM Mutex/Monitor currently owned by a thread: None

Heap:
 PSYoungGen      total 18944K, used 10387K [0x00000000feb00000, 0x0000000100000000, 0x0000000100000000)
  eden space 16384K, 47% used [0x00000000feb00000,0x00000000ff2a7f78,0x00000000ffb00000)
  from space 2560K, 99% used [0x00000000ffd80000,0x00000000ffffce20,0x0000000100000000)
  to   space 2560K, 0% used [0x00000000ffb00000,0x00000000ffb00000,0x00000000ffd80000)
 ParOldGen       total 44032K, used 5897K [0x00000000fc000000, 0x00000000feb00000, 0x00000000feb00000)
  object space 44032K, 13% used [0x00000000fc000000,0x00000000fc5c26a0,0x00000000feb00000)
 Metaspace       used 7652K, capacity 7842K, committed 7936K, reserved 1056768K
  class space    used 875K, capacity 957K, committed 1024K, reserved 1048576K

Card table byte_map: [0x00000000030d0000,0x0000000003100000] byte_map_base: 0x00000000028f0000

Marking Bits: (ParMarkBitMap*) 0x00000000673d3950
 Begin Bits: [0x00000000132f0000, 0x00000000133f0000)
 End Bits:   [0x00000000133f0000, 0x00000000134f0000)

Polling page: 0x0000000001360000

CodeCache: size=245760Kb used=3717Kb max_used=3717Kb free=242042Kb
 bounds [0x0000000003730000, 0x0000000003ae0000, 0x0000000012730000]
 total_blobs=1318 nmethods=984 adapters=248
 compilation: enabled

Compilation events (10 events):
Event: 2.524 Thread 0x0000000015e95800  985       3       com.google.devtools.build.android.desugar.LambdaDesugaring$InvokedynamicRewriter::visitEnd (9 bytes)
Event: 2.525 Thread 0x0000000015e95800 nmethod 985 0x0000000003ad1fd0 code [0x0000000003ad2140, 0x0000000003ad2348]
Event: 2.525 Thread 0x0000000015e95800  977       3       org.objectweb.asm.ByteVector::a (51 bytes)
Event: 2.525 Thread 0x0000000015e95800 nmethod 977 0x0000000003ad23d0 code [0x0000000003ad2540, 0x0000000003ad2868]
Event: 2.525 Thread 0x0000000015e95800  980       3       org.objectweb.asm.ClassVisitor::<init> (7 bytes)
Event: 2.525 Thread 0x0000000015e95800 nmethod 980 0x0000000003ad2950 code [0x0000000003ad2ae0, 0x0000000003ad2e48]
Event: 2.525 Thread 0x0000000015e95800  976       3       org.objectweb.asm.MethodVisitor::visitTryCatchBlock (20 bytes)
Event: 2.525 Thread 0x0000000015e95800 nmethod 976 0x0000000003ad2fd0 code [0x0000000003ad3140, 0x0000000003ad33a8]
Event: 2.525 Thread 0x0000000015e95800  979       1       java.nio.Buffer::capacity (5 bytes)
Event: 2.525 Thread 0x0000000015e95800 nmethod 979 0x0000000003ad3490 code [0x0000000003ad35e0, 0x0000000003ad36f0]

GC Heap History (4 events):
Event: 1.132 GC heap before
{Heap before GC invocations=1 (full 0):
 PSYoungGen      total 18944K, used 16384K [0x00000000feb00000, 0x0000000100000000, 0x0000000100000000)
  eden space 16384K, 100% used [0x00000000feb00000,0x00000000ffb00000,0x00000000ffb00000)
  from space 2560K, 0% used [0x00000000ffd80000,0x00000000ffd80000,0x0000000100000000)
  to   space 2560K, 0% used [0x00000000ffb00000,0x00000000ffb00000,0x00000000ffd80000)
 ParOldGen       total 44032K, used 0K [0x00000000fc000000, 0x00000000feb00000, 0x00000000feb00000)
  object space 44032K, 0% used [0x00000000fc000000,0x00000000fc000000,0x00000000feb00000)
 Metaspace       used 6618K, capacity 6800K, committed 7040K, reserved 1056768K
  class space    used 774K, capacity 824K, committed 896K, reserved 1048576K
Event: 1.174 GC heap after
Heap after GC invocations=1 (full 0):
 PSYoungGen      total 18944K, used 2553K [0x00000000feb00000, 0x0000000100000000, 0x0000000100000000)
  eden space 16384K, 0% used [0x00000000feb00000,0x00000000feb00000,0x00000000ffb00000)
  from space 2560K, 99% used [0x00000000ffb00000,0x00000000ffd7e630,0x00000000ffd80000)
  to   space 2560K, 0% used [0x00000000ffd80000,0x00000000ffd80000,0x0000000100000000)
 ParOldGen       total 44032K, used 1428K [0x00000000fc000000, 0x00000000feb00000, 0x00000000feb00000)
  object space 44032K, 3% used [0x00000000fc000000,0x00000000fc1651b8,0x00000000feb00000)
 Metaspace       used 6618K, capacity 6800K, committed 7040K, reserved 1056768K
  class space    used 774K, capacity 824K, committed 896K, reserved 1048576K
}
Event: 1.432 GC heap before
{Heap before GC invocations=2 (full 0):
 PSYoungGen      total 18944K, used 18937K [0x00000000feb00000, 0x0000000100000000, 0x0000000100000000)
  eden space 16384K, 100% used [0x00000000feb00000,0x00000000ffb00000,0x00000000ffb00000)
  from space 2560K, 99% used [0x00000000ffb00000,0x00000000ffd7e630,0x00000000ffd80000)
  to   space 2560K, 0% used [0x00000000ffd80000,0x00000000ffd80000,0x0000000100000000)
 ParOldGen       total 44032K, used 1428K [0x00000000fc000000, 0x00000000feb00000, 0x00000000feb00000)
  object space 44032K, 3% used [0x00000000fc000000,0x00000000fc1651b8,0x00000000feb00000)
 Metaspace       used 6962K, capacity 7106K, committed 7296K, reserved 1056768K
  class space    used 816K, capacity 861K, committed 896K, reserved 1048576K
Event: 1.447 GC heap after
Heap after GC invocations=2 (full 0):
 PSYoungGen      total 18944K, used 2547K [0x00000000feb00000, 0x0000000100000000, 0x0000000100000000)
  eden space 16384K, 0% used [0x00000000feb00000,0x00000000feb00000,0x00000000ffb00000)
  from space 2560K, 99% used [0x00000000ffd80000,0x00000000ffffce20,0x0000000100000000)
  to   space 2560K, 0% used [0x00000000ffb00000,0x00000000ffb00000,0x00000000ffd80000)
 ParOldGen       total 44032K, used 5897K [0x00000000fc000000, 0x00000000feb00000, 0x00000000feb00000)
  object space 44032K, 13% used [0x00000000fc000000,0x00000000fc5c26a0,0x00000000feb00000)
 Metaspace       used 6962K, capacity 7106K, committed 7296K, reserved 1056768K
  class space    used 816K, capacity 861K, committed 896K, reserved 1048576K
}

Deoptimization events (10 events):
Event: 1.197 Thread 0x00000000031bd800 Uncommon trap: reason=unstable_if action=reinterpret pc=0x00000000039754ac method=java.util.zip.ZipCoder.decoder()Ljava/nio/charset/CharsetDecoder; @ 4
Event: 1.198 Thread 0x00000000031bd800 Uncommon trap: reason=unstable_if action=reinterpret pc=0x000000000397b36c method=java.util.zip.ZipCoder.decoder()Ljava/nio/charset/CharsetDecoder; @ 4
Event: 1.392 Thread 0x00000000031bd800 Uncommon trap: reason=unloaded action=reinterpret pc=0x0000000003970fbc method=java.util.zip.ZipEntry.setExtra0([BZ)V @ 37
Event: 1.825 Thread 0x00000000031bd800 Uncommon trap: reason=unstable_if action=reinterpret pc=0x0000000003a4fc34 method=java.lang.String.<init>([CII)V @ 18
Event: 2.080 Thread 0x00000000031bd800 Uncommon trap: reason=unstable_if action=reinterpret pc=0x0000000003a9177c method=org.objectweb.asm.MethodWriter.visitVarInsn(II)V @ 136
Event: 2.081 Thread 0x00000000031bd800 Uncommon trap: reason=unstable_if action=reinterpret pc=0x0000000003a8899c method=org.objectweb.asm.Type.getArgumentsAndReturnSizes(Ljava/lang/String;)I @ 41
Event: 2.085 Thread 0x00000000031bd800 Uncommon trap: reason=unstable_if action=reinterpret pc=0x0000000003a789e0 method=org.objectweb.asm.ClassReader.readUTF8(I[C)Ljava/lang/String; @ 7
Event: 2.085 Thread 0x00000000031bd800 Uncommon trap: reason=unstable_if action=reinterpret pc=0x0000000003a11e18 method=java.lang.String.<init>([CII)V @ 18
Event: 2.087 Thread 0x00000000031bd800 Uncommon trap: reason=unstable_if action=reinterpret pc=0x00000000038c2838 method=java.lang.String.<init>([CII)V @ 18
Event: 2.093 Thread 0x00000000031bd800 Uncommon trap: reason=unstable_if action=reinterpret pc=0x0000000003aad8a8 method=java.io.BufferedOutputStream.write(I)V @ 9

Classes redefined (0 events):
No events

Internal exceptions (10 events):
Event: 1.293 Thread 0x00000000031bd800 Exception <a 'sun/nio/fs/WindowsException'> (0x00000000ff281980) thrown at [D:\src\AOSP-openjdk-cygwin\jdk8u\hotspot\src\share\vm\prims\jni.cpp, line 709]
Event: 1.293 Thread 0x00000000031bd800 Exception <a 'sun/nio/fs/WindowsException'> (0x00000000ff281f20) thrown at [D:\src\AOSP-openjdk-cygwin\jdk8u\hotspot\src\share\vm\prims\jni.cpp, line 709]
Event: 1.293 Thread 0x00000000031bd800 Exception <a 'sun/nio/fs/WindowsException'> (0x00000000ff2826d0) thrown at [D:\src\AOSP-openjdk-cygwin\jdk8u\hotspot\src\share\vm\prims\jni.cpp, line 709]
Event: 1.300 Thread 0x00000000031bd800 Exception <a 'sun/nio/fs/WindowsException'> (0x00000000ff287a10) thrown at [D:\src\AOSP-openjdk-cygwin\jdk8u\hotspot\src\share\vm\prims\jni.cpp, line 709]
Event: 1.458 Thread 0x00000000031bd800 Exception <a 'sun/nio/fs/WindowsException'> (0x00000000febf33f0) thrown at [D:\src\AOSP-openjdk-cygwin\jdk8u\hotspot\src\share\vm\prims\jni.cpp, line 709]
Event: 1.458 Thread 0x00000000031bd800 Exception <a 'sun/nio/fs/WindowsException'> (0x00000000febf3948) thrown at [D:\src\AOSP-openjdk-cygwin\jdk8u\hotspot\src\share\vm\prims\jni.cpp, line 709]
Event: 1.584 Thread 0x00000000031bd800 Exception <a 'sun/nio/fs/WindowsException'> (0x00000000febff148) thrown at [D:\src\AOSP-openjdk-cygwin\jdk8u\hotspot\src\share\vm\prims\jni.cpp, line 709]
Event: 1.584 Thread 0x00000000031bd800 Exception <a 'sun/nio/fs/WindowsException'> (0x00000000febff620) thrown at [D:\src\AOSP-openjdk-cygwin\jdk8u\hotspot\src\share\vm\prims\jni.cpp, line 709]
Event: 2.362 Thread 0x00000000031bd800 Exception <a 'sun/nio/fs/WindowsException'> (0x00000000ff1416d8) thrown at [D:\src\AOSP-openjdk-cygwin\jdk8u\hotspot\src\share\vm\prims\jni.cpp, line 709]
Event: 2.362 Thread 0x00000000031bd800 Exception <a 'sun/nio/fs/WindowsException'> (0x00000000ff141bb0) thrown at [D:\src\AOSP-openjdk-cygwin\jdk8u\hotspot\src\share\vm\prims\jni.cpp, line 709]

Events (10 events):
Event: 2.085 Thread 0x00000000031bd800 DEOPT UNPACKING pc=0x000000000377556a sp=0x000000000362e8c0 mode 2
Event: 2.085 Thread 0x00000000031bd800 Uncommon trap: trap_request=0xffffff65 fr.pc=0x0000000003a11e18
Event: 2.085 Thread 0x00000000031bd800 DEOPT PACKING pc=0x0000000003a11e18 sp=0x000000000362e720
Event: 2.085 Thread 0x00000000031bd800 DEOPT UNPACKING pc=0x000000000377556a sp=0x000000000362e660 mode 2
Event: 2.087 Thread 0x00000000031bd800 Uncommon trap: trap_request=0xffffff65 fr.pc=0x00000000038c2838
Event: 2.087 Thread 0x00000000031bd800 DEOPT PACKING pc=0x00000000038c2838 sp=0x000000000362e670
Event: 2.087 Thread 0x00000000031bd800 DEOPT UNPACKING pc=0x000000000377556a sp=0x000000000362e658 mode 2
Event: 2.093 Thread 0x00000000031bd800 Uncommon trap: trap_request=0xffffff65 fr.pc=0x0000000003aad8a8
Event: 2.093 Thread 0x00000000031bd800 DEOPT PACKING pc=0x0000000003aad8a8 sp=0x000000000362eec0
Event: 2.093 Thread 0x00000000031bd800 DEOPT UNPACKING pc=0x000000000377556a sp=0x000000000362ee70 mode 2


Dynamic libraries:
0x00007ff6c8c60000 - 0x00007ff6c8c91000 	C:\Program Files\Android\Android Studio\jre\bin\java.exe
0x00007ffba9340000 - 0x00007ffba9521000 	C:\WINDOWS\SYSTEM32\ntdll.dll
0x00007ffba6ca0000 - 0x00007ffba6d52000 	C:\WINDOWS\System32\KERNEL32.DLL
0x00007ffba6070000 - 0x00007ffba62e3000 	C:\WINDOWS\System32\KERNELBASE.dll
0x00007ffba9260000 - 0x00007ffba9301000 	C:\WINDOWS\System32\ADVAPI32.dll
0x00007ffba77b0000 - 0x00007ffba784e000 	C:\WINDOWS\System32\msvcrt.dll
0x00007ffba71b0000 - 0x00007ffba720b000 	C:\WINDOWS\System32\sechost.dll
0x00007ffba7580000 - 0x00007ffba76a4000 	C:\WINDOWS\System32\RPCRT4.dll
0x00007ffba7ac0000 - 0x00007ffba7c50000 	C:\WINDOWS\System32\USER32.dll
0x00007ffba5790000 - 0x00007ffba57b0000 	C:\WINDOWS\System32\win32u.dll
0x00007ffba67e0000 - 0x00007ffba6808000 	C:\WINDOWS\System32\GDI32.dll
0x00007ffba6530000 - 0x00007ffba66c2000 	C:\WINDOWS\System32\gdi32full.dll
0x00007ffba5fd0000 - 0x00007ffba606f000 	C:\WINDOWS\System32\msvcp_win.dll
0x00007ffba66d0000 - 0x00007ffba67ca000 	C:\WINDOWS\System32\ucrtbase.dll
0x00007ffb93ad0000 - 0x00007ffb93d39000 	C:\WINDOWS\WinSxS\amd64_microsoft.windows.common-controls_6595b64144ccf1df_6.0.17134.48_none_b4b2216a3cb4dd3e\COMCTL32.dll
0x00007ffba6810000 - 0x00007ffba6b33000 	C:\WINDOWS\System32\combase.dll
0x00007ffba5710000 - 0x00007ffba578a000 	C:\WINDOWS\System32\bcryptPrimitives.dll
0x00007ffba9090000 - 0x00007ffba90bd000 	C:\WINDOWS\System32\IMM32.DLL
0x0000000069530000 - 0x0000000069602000 	C:\Program Files\Android\Android Studio\jre\jre\bin\msvcr100.dll
0x0000000066c10000 - 0x000000006744e000 	C:\Program Files\Android\Android Studio\jre\jre\bin\server\jvm.dll
0x00007ffba91d0000 - 0x00007ffba91d8000 	C:\WINDOWS\System32\PSAPI.DLL
0x00007ffba1d20000 - 0x00007ffba1d29000 	C:\WINDOWS\SYSTEM32\WSOCK32.dll
0x00007ffba7510000 - 0x00007ffba757c000 	C:\WINDOWS\System32\WS2_32.dll
0x00007ffb9d7c0000 - 0x00007ffb9d7ca000 	C:\WINDOWS\SYSTEM32\VERSION.dll
0x00007ffb95780000 - 0x00007ffb957a3000 	C:\WINDOWS\SYSTEM32\WINMM.dll
0x00007ffb95570000 - 0x00007ffb9559a000 	C:\WINDOWS\SYSTEM32\WINMMBASE.dll
0x00007ffba64e0000 - 0x00007ffba6529000 	C:\WINDOWS\System32\cfgmgr32.dll
0x00007ffba1d30000 - 0x00007ffba1d3f000 	C:\Program Files\Android\Android Studio\jre\jre\bin\verify.dll
0x00007ffba1b00000 - 0x00007ffba1b29000 	C:\Program Files\Android\Android Studio\jre\jre\bin\java.dll
0x00007ffb9f450000 - 0x00007ffb9f466000 	C:\Program Files\Android\Android Studio\jre\jre\bin\zip.dll
0x00007ffba7c50000 - 0x00007ffba9090000 	C:\WINDOWS\System32\SHELL32.dll
0x00007ffba9120000 - 0x00007ffba91c9000 	C:\WINDOWS\System32\shcore.dll
0x00007ffba58c0000 - 0x00007ffba5fcd000 	C:\WINDOWS\System32\windows.storage.dll
0x00007ffba90c0000 - 0x00007ffba9111000 	C:\WINDOWS\System32\shlwapi.dll
0x00007ffba5680000 - 0x00007ffba5691000 	C:\WINDOWS\System32\kernel.appcore.dll
0x00007ffba56f0000 - 0x00007ffba570f000 	C:\WINDOWS\System32\profapi.dll
0x00007ffba56a0000 - 0x00007ffba56ec000 	C:\WINDOWS\System32\powrprof.dll
0x00007ffba5650000 - 0x00007ffba565a000 	C:\WINDOWS\System32\FLTLIB.DLL
0x00007ffba5080000 - 0x00007ffba5097000 	C:\WINDOWS\SYSTEM32\CRYPTSP.dll
0x00007ffba4ab0000 - 0x00007ffba4ae3000 	C:\WINDOWS\system32\rsaenh.dll
0x00007ffba51b0000 - 0x00007ffba51d5000 	C:\WINDOWS\SYSTEM32\bcrypt.dll
0x00007ffba5580000 - 0x00007ffba55a8000 	C:\WINDOWS\SYSTEM32\USERENV.dll
0x00007ffba50a0000 - 0x00007ffba50ab000 	C:\WINDOWS\SYSTEM32\CRYPTBASE.dll
0x00007ffb9f430000 - 0x00007ffb9f44a000 	C:\Program Files\Android\Android Studio\jre\jre\bin\net.dll
0x00007ffba4ed0000 - 0x00007ffba4f36000 	C:\WINDOWS\system32\mswsock.dll
0x00007ffba4c50000 - 0x00007ffba4c88000 	C:\WINDOWS\SYSTEM32\IPHLPAPI.DLL
0x00007ffba7430000 - 0x00007ffba7438000 	C:\WINDOWS\System32\NSI.dll
0x00007ffb9a1f0000 - 0x00007ffb9a206000 	C:\WINDOWS\SYSTEM32\dhcpcsvc6.DLL
0x00007ffb9a120000 - 0x00007ffb9a13a000 	C:\WINDOWS\SYSTEM32\dhcpcsvc.DLL
0x00007ffb9f410000 - 0x00007ffb9f421000 	C:\Program Files\Android\Android Studio\jre\jre\bin\nio.dll

VM Arguments:
jvm_args: -Djava.awt.headless=true -Xmx64M -Dfile.encoding=x-windows-949 -Duser.country=KR -Duser.language=ko -Duser.variant 
java_command: com.google.devtools.build.android.desugar.Desugar @D:\test\app\build\intermediates\tmp\desugar_args4988062482323091682
java_class_path (initial): C:\Users\Goo\AppData\Local\Temp\desugar_deploy.jar6166084629044052758
Launcher Type: SUN_STANDARD

Environment Variables:
PATH=C:\ProgramData\Oracle\Java\javapath;C:\WINDOWS\system32;C:\WINDOWS;C:\WINDOWS\System32\Wbem;C:\WINDOWS\System32\WindowsPowerShell\v1.0\;C:\OpenSSL;;C:\WINDOWS\System32\OpenSSH\;C:\Users\Goo\AppData\Local\Microsoft\WindowsApps;
USERNAME=Goo
OS=Windows_NT
PROCESSOR_IDENTIFIER=Intel64 Family 6 Model 158 Stepping 9, GenuineIntel



---------------  S Y S T E M  ---------------

OS: Windows 10.0 , 64 bit Build 17134 (10.0.17134.1)

CPU:total 8 (initial active 8) (4 cores per cpu, 2 threads per core) family 6 model 158 stepping 9, cmov, cx8, fxsr, mmx, sse, sse2, sse3, ssse3, sse4.1, sse4.2, popcnt, avx, avx2, aes, clmul, erms, 3dnowpref, lzcnt, ht, tsc, tscinvbit, bmi1, bmi2, adx

Memory: 4k page, physical 16692940k(3561560k free), swap 16692940k(7116k free)

vm_info: OpenJDK 64-Bit Server VM (25.152-b01) for windows-amd64 JRE (1.8.0_152-release-915-b01), built by "builder" with MS VC++ 10.0 (VS2010)

time: Sun May 27 19:06:35 2018
elapsed time: 2 seconds (0d 0h 0m 2s)

