#
# There is insufficient memory for the Java Runtime Environment to continue.
# Native memory allocation (malloc) failed to allocate 993776 bytes for Chunk::new
# Possible reasons:
#   The system is out of physical RAM or swap space
#   In 32 bit mode, the process size limit was hit
# Possible solutions:
#   Reduce memory load on the system
#   Increase physical memory or swap space
#   Check if swap backing store is full
#   Use 64 bit Java on a 64 bit OS
#   Decrease Java heap size (-Xmx/-Xms)
#   Decrease number of Java threads
#   Decrease Java thread stack sizes (-Xss)
#   Set larger code cache with -XX:ReservedCodeCacheSize=
# This output file may be truncated or incomplete.
#
#  Out of Memory Error (allocation.cpp:390), pid=11436, tid=0x0000000000002d6c
#
# JRE version: OpenJDK Runtime Environment (8.0_152-b01) (build 1.8.0_152-release-915-b01)
# Java VM: OpenJDK 64-Bit Server VM (25.152-b01 mixed mode windows-amd64 compressed oops)
# Failed to write core dump. Minidumps are not enabled by default on client versions of Windows
#

---------------  T H R E A D  ---------------

Current thread (0x0000000015e90800):  JavaThread "C2 CompilerThread0" daemon [_thread_in_native, id=11628, stack(0x00000000165a0000,0x00000000166a0000)]

Stack: [0x00000000165a0000,0x00000000166a0000]
[error occurred during error reporting (printing stack bounds), id 0xc0000005]

Native frames: (J=compiled Java code, j=interpreted, Vv=VM code, C=native code)


Current CompileTask:
C2:   2013  929 %     4       org.objectweb.asm.ClassReader::a @ 74 (3587 bytes)


---------------  P R O C E S S  ---------------

Java Threads: ( => current thread )
  0x0000000015f18800 JavaThread "Service Thread" daemon [_thread_blocked, id=2184, stack(0x00000000169a0000,0x0000000016aa0000)]
  0x0000000015eb8000 JavaThread "C1 CompilerThread3" daemon [_thread_blocked, id=12496, stack(0x00000000168a0000,0x00000000169a0000)]
  0x0000000015e93000 JavaThread "C2 CompilerThread2" daemon [_thread_blocked, id=11508, stack(0x00000000167a0000,0x00000000168a0000)]
  0x0000000013f4b000 JavaThread "C2 CompilerThread1" daemon [_thread_blocked, id=11576, stack(0x00000000166a0000,0x00000000167a0000)]
=>0x0000000015e90800 JavaThread "C2 CompilerThread0" daemon [_thread_in_native, id=11628, stack(0x00000000165a0000,0x00000000166a0000)]
  0x0000000015e8f000 JavaThread "Attach Listener" daemon [_thread_blocked, id=10392, stack(0x00000000164a0000,0x00000000165a0000)]
  0x0000000015e3b800 JavaThread "Signal Dispatcher" daemon [_thread_blocked, id=12364, stack(0x00000000163a0000,0x00000000164a0000)]
  0x0000000015e21000 JavaThread "Finalizer" daemon [_thread_blocked, id=4772, stack(0x0000000016200000,0x0000000016300000)]
  0x0000000003707000 JavaThread "Reference Handler" daemon [_thread_blocked, id=13396, stack(0x0000000015d00000,0x0000000015e00000)]
  0x000000000307d800 JavaThread "main" [_thread_in_Java, id=3144, stack(0x0000000003510000,0x0000000003610000)]

Other Threads:
  0x0000000013f35800 VMThread [stack: 0x0000000015c00000,0x0000000015d00000] [id=10388]
  0x0000000015f19000 WatcherThread [stack: 0x0000000016aa0000,0x0000000016ba0000] [id=8976]

VM state:not at safepoint (normal execution)

VM Mutex/Monitor currently owned by a thread: None

Heap:
 PSYoungGen      total 18944K, used 8683K [0x00000000feb00000, 0x0000000100000000, 0x0000000100000000)
  eden space 16384K, 37% used [0x00000000feb00000,0x00000000ff0fe120,0x00000000ffb00000)
  from space 2560K, 99% used [0x00000000ffd80000,0x00000000ffffce20,0x0000000100000000)
  to   space 2560K, 0% used [0x00000000ffb00000,0x00000000ffb00000,0x00000000ffd80000)
 ParOldGen       total 44032K, used 5937K [0x00000000fc000000, 0x00000000feb00000, 0x00000000feb00000)
  object space 44032K, 13% used [0x00000000fc000000,0x00000000fc5cc7f8,0x00000000feb00000)
 Metaspace       used 7617K, capacity 7782K, committed 7936K, reserved 1056768K
  class space    used 875K, capacity 957K, committed 1024K, reserved 1048576K

Card table byte_map: [0x0000000012ad0000,0x0000000012b00000] byte_map_base: 0x00000000122f0000

Marking Bits: (ParMarkBitMap*) 0x00000000673d3950
 Begin Bits: [0x0000000013320000, 0x0000000013420000)
 End Bits:   [0x0000000013420000, 0x0000000013520000)

Polling page: 0x00000000014d0000

CodeCache: size=245760Kb used=3494Kb max_used=3503Kb free=242265Kb
 bounds [0x0000000003710000, 0x0000000003a80000, 0x0000000012710000]
 total_blobs=1297 nmethods=963 adapters=248
 compilation: enabled

Compilation events (10 events):
Event: 1.854 Thread 0x0000000015eb8000 nmethod 958 0x0000000003a783d0 code [0x0000000003a78780, 0x0000000003a79bb8]
Event: 1.854 Thread 0x0000000015eb8000  959       3       java.util.zip.ZipOutputStream::ensureOpen (18 bytes)
Event: 1.854 Thread 0x0000000015eb8000 nmethod 959 0x0000000003a77f50 code [0x0000000003a780c0, 0x0000000003a78308]
Event: 1.857 Thread 0x0000000013f4b000 nmethod 960% 0x0000000003a777d0 code [0x0000000003a77920, 0x0000000003a77d38]
Event: 1.936 Thread 0x0000000015eb8000  962       3       org.objectweb.asm.ClassVisitor::visit (24 bytes)
Event: 1.936 Thread 0x0000000015eb8000 nmethod 962 0x0000000003a7d490 code [0x0000000003a7d600, 0x0000000003a7d868]
Event: 1.936 Thread 0x0000000015eb8000  963       3       org.objectweb.asm.ClassVisitor::visitEnd (15 bytes)
Event: 1.936 Thread 0x0000000015eb8000 nmethod 963 0x0000000003a7d010 code [0x0000000003a7d180, 0x0000000003a7d3e8]
Event: 1.969 Thread 0x0000000015eb8000  964       3       sun.util.calendar.CalendarDate::setNormalized (6 bytes)
Event: 1.969 Thread 0x0000000015eb8000 nmethod 964 0x0000000003a7cd10 code [0x0000000003a7ce60, 0x0000000003a7cfb0]

GC Heap History (4 events):
Event: 0.962 GC heap before
{Heap before GC invocations=1 (full 0):
 PSYoungGen      total 18944K, used 16384K [0x00000000feb00000, 0x0000000100000000, 0x0000000100000000)
  eden space 16384K, 100% used [0x00000000feb00000,0x00000000ffb00000,0x00000000ffb00000)
  from space 2560K, 0% used [0x00000000ffd80000,0x00000000ffd80000,0x0000000100000000)
  to   space 2560K, 0% used [0x00000000ffb00000,0x00000000ffb00000,0x00000000ffd80000)
 ParOldGen       total 44032K, used 0K [0x00000000fc000000, 0x00000000feb00000, 0x00000000feb00000)
  object space 44032K, 0% used [0x00000000fc000000,0x00000000fc000000,0x00000000feb00000)
 Metaspace       used 6625K, capacity 6740K, committed 7040K, reserved 1056768K
  class space    used 773K, capacity 824K, committed 896K, reserved 1048576K
Event: 0.965 GC heap after
Heap after GC invocations=1 (full 0):
 PSYoungGen      total 18944K, used 2553K [0x00000000feb00000, 0x0000000100000000, 0x0000000100000000)
  eden space 16384K, 0% used [0x00000000feb00000,0x00000000feb00000,0x00000000ffb00000)
  from space 2560K, 99% used [0x00000000ffb00000,0x00000000ffd7e630,0x00000000ffd80000)
  to   space 2560K, 0% used [0x00000000ffd80000,0x00000000ffd80000,0x0000000100000000)
 ParOldGen       total 44032K, used 1572K [0x00000000fc000000, 0x00000000feb00000, 0x00000000feb00000)
  object space 44032K, 3% used [0x00000000fc000000,0x00000000fc189310,0x00000000feb00000)
 Metaspace       used 6625K, capacity 6740K, committed 7040K, reserved 1056768K
  class space    used 773K, capacity 824K, committed 896K, reserved 1048576K
}
Event: 1.456 GC heap before
{Heap before GC invocations=2 (full 0):
 PSYoungGen      total 18944K, used 18937K [0x00000000feb00000, 0x0000000100000000, 0x0000000100000000)
  eden space 16384K, 100% used [0x00000000feb00000,0x00000000ffb00000,0x00000000ffb00000)
  from space 2560K, 99% used [0x00000000ffb00000,0x00000000ffd7e630,0x00000000ffd80000)
  to   space 2560K, 0% used [0x00000000ffd80000,0x00000000ffd80000,0x0000000100000000)
 ParOldGen       total 44032K, used 1572K [0x00000000fc000000, 0x00000000feb00000, 0x00000000feb00000)
  object space 44032K, 3% used [0x00000000fc000000,0x00000000fc189310,0x00000000feb00000)
 Metaspace       used 6972K, capacity 7110K, committed 7296K, reserved 1056768K
  class space    used 816K, capacity 861K, committed 896K, reserved 1048576K
Event: 1.482 GC heap after
Heap after GC invocations=2 (full 0):
 PSYoungGen      total 18944K, used 2547K [0x00000000feb00000, 0x0000000100000000, 0x0000000100000000)
  eden space 16384K, 0% used [0x00000000feb00000,0x00000000feb00000,0x00000000ffb00000)
  from space 2560K, 99% used [0x00000000ffd80000,0x00000000ffffce20,0x0000000100000000)
  to   space 2560K, 0% used [0x00000000ffb00000,0x00000000ffb00000,0x00000000ffd80000)
 ParOldGen       total 44032K, used 5937K [0x00000000fc000000, 0x00000000feb00000, 0x00000000feb00000)
  object space 44032K, 13% used [0x00000000fc000000,0x00000000fc5cc7f8,0x00000000feb00000)
 Metaspace       used 6972K, capacity 7110K, committed 7296K, reserved 1056768K
  class space    used 816K, capacity 861K, committed 896K, reserved 1048576K
}

Deoptimization events (10 events):
Event: 0.939 Thread 0x000000000307d800 Uncommon trap: reason=unstable_if action=reinterpret pc=0x000000000394b2b8 method=java.util.zip.ZipCoder.decoder()Ljava/nio/charset/CharsetDecoder; @ 4
Event: 0.941 Thread 0x000000000307d800 Uncommon trap: reason=unstable_if action=reinterpret pc=0x000000000394fe6c method=java.util.zip.ZipCoder.decoder()Ljava/nio/charset/CharsetDecoder; @ 4
Event: 0.997 Thread 0x000000000307d800 Uncommon trap: reason=unstable_if action=reinterpret pc=0x000000000394922c method=java.util.zip.ZipCoder.decoder()Ljava/nio/charset/CharsetDecoder; @ 4
Event: 0.997 Thread 0x000000000307d800 Uncommon trap: reason=unstable_if action=reinterpret pc=0x0000000003943c98 method=java.util.zip.ZipCoder.decoder()Ljava/nio/charset/CharsetDecoder; @ 4
Event: 0.997 Thread 0x000000000307d800 Uncommon trap: reason=unstable_if action=reinterpret pc=0x0000000003942680 method=java.util.zip.ZipCoder.decoder()Ljava/nio/charset/CharsetDecoder; @ 4
Event: 1.072 Thread 0x000000000307d800 Uncommon trap: reason=unstable_if action=reinterpret pc=0x000000000395e788 method=java.util.HashMap$HashIterator.nextNode()Ljava/util/HashMap$Node; @ 74
Event: 1.177 Thread 0x000000000307d800 Uncommon trap: reason=unstable_if action=reinterpret pc=0x000000000395ec88 method=java.util.HashMap$HashIterator.nextNode()Ljava/util/HashMap$Node; @ 74
Event: 1.415 Thread 0x000000000307d800 Uncommon trap: reason=unloaded action=reinterpret pc=0x000000000394d6fc method=java.util.zip.ZipEntry.setExtra0([BZ)V @ 37
Event: 1.595 Thread 0x000000000307d800 Uncommon trap: reason=unstable_if action=reinterpret pc=0x00000000038be638 method=java.lang.String.<init>([CII)V @ 18
Event: 1.841 Thread 0x000000000307d800 Uncommon trap: reason=unstable_if action=reinterpret pc=0x0000000003a54bfc method=org.objectweb.asm.Type.getArgumentsAndReturnSizes(Ljava/lang/String;)I @ 41

Classes redefined (0 events):
No events

Internal exceptions (10 events):
Event: 1.498 Thread 0x000000000307d800 Exception <a 'sun/nio/fs/WindowsException'> (0x00000000feb90600) thrown at [D:\src\AOSP-openjdk-cygwin\jdk8u\hotspot\src\share\vm\prims\jni.cpp, line 709]
Event: 1.498 Thread 0x000000000307d800 Exception <a 'sun/nio/fs/WindowsException'> (0x00000000feb90b58) thrown at [D:\src\AOSP-openjdk-cygwin\jdk8u\hotspot\src\share\vm\prims\jni.cpp, line 709]
Event: 1.553 Thread 0x000000000307d800 Exception <a 'sun/nio/fs/WindowsException'> (0x00000000feb9c358) thrown at [D:\src\AOSP-openjdk-cygwin\jdk8u\hotspot\src\share\vm\prims\jni.cpp, line 709]
Event: 1.553 Thread 0x000000000307d800 Exception <a 'sun/nio/fs/WindowsException'> (0x00000000feb9c830) thrown at [D:\src\AOSP-openjdk-cygwin\jdk8u\hotspot\src\share\vm\prims\jni.cpp, line 709]
Event: 1.580 Thread 0x000000000307d800 Exception <a 'sun/nio/fs/WindowsException'> (0x00000000feb9fcd0) thrown at [D:\src\AOSP-openjdk-cygwin\jdk8u\hotspot\src\share\vm\prims\jni.cpp, line 709]
Event: 1.580 Thread 0x000000000307d800 Exception <a 'sun/nio/fs/WindowsException'> (0x00000000feba01a8) thrown at [D:\src\AOSP-openjdk-cygwin\jdk8u\hotspot\src\share\vm\prims\jni.cpp, line 709]
Event: 1.750 Thread 0x000000000307d800 Exception <a 'sun/nio/fs/WindowsException'> (0x00000000fedbbca0) thrown at [D:\src\AOSP-openjdk-cygwin\jdk8u\hotspot\src\share\vm\prims\jni.cpp, line 709]
Event: 1.750 Thread 0x000000000307d800 Exception <a 'sun/nio/fs/WindowsException'> (0x00000000fedbc178) thrown at [D:\src\AOSP-openjdk-cygwin\jdk8u\hotspot\src\share\vm\prims\jni.cpp, line 709]
Event: 1.788 Thread 0x000000000307d800 Exception <a 'sun/nio/fs/WindowsException'> (0x00000000fee15690) thrown at [D:\src\AOSP-openjdk-cygwin\jdk8u\hotspot\src\share\vm\prims\jni.cpp, line 709]
Event: 1.788 Thread 0x000000000307d800 Exception <a 'sun/nio/fs/WindowsException'> (0x00000000fee15b68) thrown at [D:\src\AOSP-openjdk-cygwin\jdk8u\hotspot\src\share\vm\prims\jni.cpp, line 709]

Events (10 events):
Event: 1.714 loading class java/util/zip/ZipOutputStream$XEntry done
Event: 1.721 loading class org/objectweb/asm/Opcodes
Event: 1.721 loading class org/objectweb/asm/Opcodes done
Event: 1.726 loading class org/objectweb/asm/tree/TryCatchBlockNode
Event: 1.726 loading class org/objectweb/asm/tree/TryCatchBlockNode done
Event: 1.727 loading class org/objectweb/asm/Handler
Event: 1.727 loading class org/objectweb/asm/Handler done
Event: 1.841 Thread 0x000000000307d800 Uncommon trap: trap_request=0xffffff65 fr.pc=0x0000000003a54bfc
Event: 1.841 Thread 0x000000000307d800 DEOPT PACKING pc=0x0000000003a54bfc sp=0x000000000360ec90
Event: 1.841 Thread 0x000000000307d800 DEOPT UNPACKING pc=0x000000000375556a sp=0x000000000360ec18 mode 2


Dynamic libraries:
0x00007ff647a40000 - 0x00007ff647a71000 	C:\Program Files\Android\Android Studio\jre\bin\java.exe
0x00007ffba9340000 - 0x00007ffba9521000 	C:\WINDOWS\SYSTEM32\ntdll.dll
0x00007ffba6ca0000 - 0x00007ffba6d52000 	C:\WINDOWS\System32\KERNEL32.DLL
0x00007ffba6070000 - 0x00007ffba62e3000 	C:\WINDOWS\System32\KERNELBASE.dll
0x00007ffba9260000 - 0x00007ffba9301000 	C:\WINDOWS\System32\ADVAPI32.dll
0x00007ffba77b0000 - 0x00007ffba784e000 	C:\WINDOWS\System32\msvcrt.dll
0x00007ffba71b0000 - 0x00007ffba720b000 	C:\WINDOWS\System32\sechost.dll
0x00007ffba7580000 - 0x00007ffba76a4000 	C:\WINDOWS\System32\RPCRT4.dll
0x00007ffba7ac0000 - 0x00007ffba7c50000 	C:\WINDOWS\System32\USER32.dll
0x00007ffba5790000 - 0x00007ffba57b0000 	C:\WINDOWS\System32\win32u.dll
0x00007ffba67e0000 - 0x00007ffba6808000 	C:\WINDOWS\System32\GDI32.dll
0x00007ffba6530000 - 0x00007ffba66c2000 	C:\WINDOWS\System32\gdi32full.dll
0x00007ffba5fd0000 - 0x00007ffba606f000 	C:\WINDOWS\System32\msvcp_win.dll
0x00007ffba66d0000 - 0x00007ffba67ca000 	C:\WINDOWS\System32\ucrtbase.dll
0x00007ffb93ad0000 - 0x00007ffb93d39000 	C:\WINDOWS\WinSxS\amd64_microsoft.windows.common-controls_6595b64144ccf1df_6.0.17134.48_none_b4b2216a3cb4dd3e\COMCTL32.dll
0x00007ffba6810000 - 0x00007ffba6b33000 	C:\WINDOWS\System32\combase.dll
0x00007ffba5710000 - 0x00007ffba578a000 	C:\WINDOWS\System32\bcryptPrimitives.dll
0x00007ffba9090000 - 0x00007ffba90bd000 	C:\WINDOWS\System32\IMM32.DLL
0x00000000681c0000 - 0x0000000068292000 	C:\Program Files\Android\Android Studio\jre\jre\bin\msvcr100.dll
0x0000000066c10000 - 0x000000006744e000 	C:\Program Files\Android\Android Studio\jre\jre\bin\server\jvm.dll
0x00007ffba91d0000 - 0x00007ffba91d8000 	C:\WINDOWS\System32\PSAPI.DLL
0x00007ffba1580000 - 0x00007ffba1589000 	C:\WINDOWS\SYSTEM32\WSOCK32.dll
0x00007ffba7510000 - 0x00007ffba757c000 	C:\WINDOWS\System32\WS2_32.dll
0x00007ffb95780000 - 0x00007ffb957a3000 	C:\WINDOWS\SYSTEM32\WINMM.dll
0x00007ffb9d7c0000 - 0x00007ffb9d7ca000 	C:\WINDOWS\SYSTEM32\VERSION.dll
0x00007ffb95570000 - 0x00007ffb9559a000 	C:\WINDOWS\SYSTEM32\winmmbase.dll
0x00007ffba64e0000 - 0x00007ffba6529000 	C:\WINDOWS\System32\cfgmgr32.dll
0x00007ffba1570000 - 0x00007ffba157f000 	C:\Program Files\Android\Android Studio\jre\jre\bin\verify.dll
0x00007ffb9d960000 - 0x00007ffb9d989000 	C:\Program Files\Android\Android Studio\jre\jre\bin\java.dll
0x00007ffba1550000 - 0x00007ffba1566000 	C:\Program Files\Android\Android Studio\jre\jre\bin\zip.dll
0x00007ffba7c50000 - 0x00007ffba9090000 	C:\WINDOWS\System32\SHELL32.dll
0x00007ffba9120000 - 0x00007ffba91c9000 	C:\WINDOWS\System32\shcore.dll
0x00007ffba58c0000 - 0x00007ffba5fcd000 	C:\WINDOWS\System32\windows.storage.dll
0x00007ffba90c0000 - 0x00007ffba9111000 	C:\WINDOWS\System32\shlwapi.dll
0x00007ffba5680000 - 0x00007ffba5691000 	C:\WINDOWS\System32\kernel.appcore.dll
0x00007ffba56f0000 - 0x00007ffba570f000 	C:\WINDOWS\System32\profapi.dll
0x00007ffba56a0000 - 0x00007ffba56ec000 	C:\WINDOWS\System32\powrprof.dll
0x00007ffba5650000 - 0x00007ffba565a000 	C:\WINDOWS\System32\FLTLIB.DLL
0x00007ffba5080000 - 0x00007ffba5097000 	C:\WINDOWS\SYSTEM32\CRYPTSP.dll
0x00007ffba4ab0000 - 0x00007ffba4ae3000 	C:\WINDOWS\system32\rsaenh.dll
0x00007ffba51b0000 - 0x00007ffba51d5000 	C:\WINDOWS\SYSTEM32\bcrypt.dll
0x00007ffba5580000 - 0x00007ffba55a8000 	C:\WINDOWS\SYSTEM32\USERENV.dll
0x00007ffba50a0000 - 0x00007ffba50ab000 	C:\WINDOWS\SYSTEM32\CRYPTBASE.dll
0x00007ffb9deb0000 - 0x00007ffb9deca000 	C:\Program Files\Android\Android Studio\jre\jre\bin\net.dll
0x00007ffba4ed0000 - 0x00007ffba4f36000 	C:\WINDOWS\system32\mswsock.dll
0x00007ffba4c50000 - 0x00007ffba4c88000 	C:\WINDOWS\SYSTEM32\IPHLPAPI.DLL
0x00007ffba7430000 - 0x00007ffba7438000 	C:\WINDOWS\System32\NSI.dll
0x00007ffb9a1f0000 - 0x00007ffb9a206000 	C:\WINDOWS\SYSTEM32\dhcpcsvc6.DLL
0x00007ffb9a120000 - 0x00007ffb9a13a000 	C:\WINDOWS\SYSTEM32\dhcpcsvc.DLL
0x00007ffb9d220000 - 0x00007ffb9d231000 	C:\Program Files\Android\Android Studio\jre\jre\bin\nio.dll

VM Arguments:
jvm_args: -Djava.awt.headless=true -Xmx64M -Dfile.encoding=x-windows-949 -Duser.country=KR -Duser.language=ko -Duser.variant 
java_command: com.google.devtools.build.android.desugar.Desugar @D:\test\app\build\intermediates\tmp\desugar_args5294382878667460871
java_class_path (initial): C:\Users\Goo\AppData\Local\Temp\desugar_deploy.jar5019570292443513416
Launcher Type: SUN_STANDARD

Environment Variables:
PATH=C:\ProgramData\Oracle\Java\javapath;C:\WINDOWS\system32;C:\WINDOWS;C:\WINDOWS\System32\Wbem;C:\WINDOWS\System32\WindowsPowerShell\v1.0\;C:\OpenSSL;;C:\WINDOWS\System32\OpenSSH\;C:\Users\Goo\AppData\Local\Microsoft\WindowsApps;
USERNAME=Goo
OS=Windows_NT
PROCESSOR_IDENTIFIER=Intel64 Family 6 Model 158 Stepping 9, GenuineIntel



---------------  S Y S T E M  ---------------

OS: Windows 10.0 , 64 bit Build 17134 (10.0.17134.1)

CPU:total 8 (initial active 8) (4 cores per cpu, 2 threads per core) family 6 model 158 stepping 9, cmov, cx8, fxsr, mmx, sse, sse2, sse3, ssse3, sse4.1, sse4.2, popcnt, avx, avx2, aes, clmul, erms, 3dnowpref, lzcnt, ht, tsc, tscinvbit, bmi1, bmi2, adx

Memory: 4k page, physical 16692940k(4622116k free), swap 16692940k(500k free)

vm_info: OpenJDK 64-Bit Server VM (25.152-b01) for windows-amd64 JRE (1.8.0_152-release-915-b01), built by "builder" with MS VC++ 10.0 (VS2010)

time: Fri Jun 01 06:15:11 2018
elapsed time: 2 seconds (0d 0h 0m 2s)

