#
# There is insufficient memory for the Java Runtime Environment to continue.
# Native memory allocation (malloc) failed to allocate 1028496 bytes for Chunk::new
# Possible reasons:
#   The system is out of physical RAM or swap space
#   In 32 bit mode, the process size limit was hit
# Possible solutions:
#   Reduce memory load on the system
#   Increase physical memory or swap space
#   Check if swap backing store is full
#   Use 64 bit Java on a 64 bit OS
#   Decrease Java heap size (-Xmx/-Xms)
#   Decrease number of Java threads
#   Decrease Java thread stack sizes (-Xss)
#   Set larger code cache with -XX:ReservedCodeCacheSize=
# This output file may be truncated or incomplete.
#
#  Out of Memory Error (allocation.cpp:390), pid=11520, tid=0x0000000000001548
#
# JRE version: OpenJDK Runtime Environment (8.0_152-b01) (build 1.8.0_152-release-915-b01)
# Java VM: OpenJDK 64-Bit Server VM (25.152-b01 mixed mode windows-amd64 compressed oops)
# Failed to write core dump. Minidumps are not enabled by default on client versions of Windows
#

---------------  T H R E A D  ---------------

Current thread (0x00000000158b7800):  JavaThread "C2 CompilerThread2" daemon [_thread_in_native, id=5448, stack(0x0000000016160000,0x0000000016260000)]

Stack: [0x0000000016160000,0x0000000016260000]
[error occurred during error reporting (printing stack bounds), id 0xc0000005]

Native frames: (J=compiled Java code, j=interpreted, Vv=VM code, C=native code)


Current CompileTask:
C2:   4896 1067       4       org.objectweb.asm.tree.MethodInsnNode::accept (30 bytes)


---------------  P R O C E S S  ---------------

Java Threads: ( => current thread )
  0x00000000158c7800 JavaThread "Service Thread" daemon [_thread_blocked, id=4012, stack(0x0000000016360000,0x0000000016460000)]
  0x00000000158c2000 JavaThread "C1 CompilerThread3" daemon [_thread_blocked, id=4352, stack(0x0000000016260000,0x0000000016360000)]
=>0x00000000158b7800 JavaThread "C2 CompilerThread2" daemon [_thread_in_native, id=5448, stack(0x0000000016160000,0x0000000016260000)]
  0x0000000015863000 JavaThread "C2 CompilerThread1" daemon [_thread_in_native, id=2056, stack(0x0000000016060000,0x0000000016160000)]
  0x0000000015809000 JavaThread "C2 CompilerThread0" daemon [_thread_in_native, id=11952, stack(0x0000000015f60000,0x0000000016060000)]
  0x0000000015808000 JavaThread "Attach Listener" daemon [_thread_blocked, id=5368, stack(0x0000000015e60000,0x0000000015f60000)]
  0x0000000015860000 JavaThread "Signal Dispatcher" daemon [_thread_blocked, id=3856, stack(0x0000000015d60000,0x0000000015e60000)]
  0x00000000157f1000 JavaThread "Finalizer" daemon [_thread_blocked, id=6364, stack(0x0000000015bd0000,0x0000000015cd0000)]
  0x0000000003148000 JavaThread "Reference Handler" daemon [_thread_blocked, id=3520, stack(0x00000000156d0000,0x00000000157d0000)]
  0x0000000003054000 JavaThread "main" [_thread_in_Java, id=13224, stack(0x0000000002f50000,0x0000000003050000)]

Other Threads:
  0x00000000138f5800 VMThread [stack: 0x00000000155d0000,0x00000000156d0000] [id=13208]
  0x00000000158c8000 WatcherThread [stack: 0x0000000016460000,0x0000000016560000] [id=10488]

VM state:not at safepoint (normal execution)

VM Mutex/Monitor currently owned by a thread: None

Heap:
 PSYoungGen      total 18944K, used 6810K [0x00000000feb00000, 0x0000000100000000, 0x0000000100000000)
  eden space 16384K, 26% used [0x00000000feb00000,0x00000000fef2db40,0x00000000ffb00000)
  from space 2560K, 98% used [0x00000000ffb00000,0x00000000ffd78df0,0x00000000ffd80000)
  to   space 2560K, 0% used [0x00000000ffd80000,0x00000000ffd80000,0x0000000100000000)
 ParOldGen       total 44032K, used 5321K [0x00000000fc000000, 0x00000000feb00000, 0x00000000feb00000)
  object space 44032K, 12% used [0x00000000fc000000,0x00000000fc532608,0x00000000feb00000)
 Metaspace       used 7729K, capacity 7916K, committed 8192K, reserved 1056768K
  class space    used 871K, capacity 956K, committed 1024K, reserved 1048576K

Card table byte_map: [0x0000000002e60000,0x0000000002e90000] byte_map_base: 0x0000000002680000

Marking Bits: (ParMarkBitMap*) 0x00000000677e3950
 Begin Bits: [0x0000000012d10000, 0x0000000012e10000)
 End Bits:   [0x0000000012e10000, 0x0000000012f10000)

Polling page: 0x00000000010a0000

CodeCache: size=245760Kb used=4422Kb max_used=4422Kb free=241337Kb
 bounds [0x0000000003150000, 0x00000000035b0000, 0x0000000012150000]
 total_blobs=1469 nmethods=1134 adapters=248
 compilation: enabled

Compilation events (10 events):
Event: 4.878 Thread 0x00000000158c2000 nmethod 1134 0x0000000003597a50 code [0x0000000003597bc0, 0x0000000003597e28]
Event: 4.878 Thread 0x00000000158c2000 1135       3       java.util.zip.ZipEntry::setCompressedSize (6 bytes)
Event: 4.878 Thread 0x00000000158c2000 nmethod 1135 0x0000000003597f10 code [0x0000000003598060, 0x00000000035981b0]
Event: 4.878 Thread 0x00000000158c2000 1136       3       com.google.devtools.build.android.desugar.ZipOutputFileProvider::writeStoredEntry (76 bytes)
Event: 4.879 Thread 0x00000000158c2000 nmethod 1136 0x0000000003598210 code [0x0000000003598440, 0x0000000003599188]
Event: 4.882 Thread 0x0000000015809000 1137       4       org.objectweb.asm.MethodWriter::a (80 bytes)
Event: 4.882 Thread 0x00000000158c2000 1139       3       org.objectweb.asm.ClassReader::a (1227 bytes)
Event: 4.886 Thread 0x00000000158c2000 nmethod 1139 0x000000000359a550 code [0x000000000359ac20, 0x000000000359fc18]
Event: 4.892 Thread 0x00000000158c2000 1141       3       org.objectweb.asm.Type::getArgumentsAndReturnSizes (151 bytes)
Event: 4.893 Thread 0x00000000158c2000 nmethod 1141 0x00000000035a3a10 code [0x00000000035a3c40, 0x00000000035a49d8]

GC Heap History (6 events):
Event: 1.008 GC heap before
{Heap before GC invocations=1 (full 0):
 PSYoungGen      total 18944K, used 16384K [0x00000000feb00000, 0x0000000100000000, 0x0000000100000000)
  eden space 16384K, 100% used [0x00000000feb00000,0x00000000ffb00000,0x00000000ffb00000)
  from space 2560K, 0% used [0x00000000ffd80000,0x00000000ffd80000,0x0000000100000000)
  to   space 2560K, 0% used [0x00000000ffb00000,0x00000000ffb00000,0x00000000ffd80000)
 ParOldGen       total 44032K, used 0K [0x00000000fc000000, 0x00000000feb00000, 0x00000000feb00000)
  object space 44032K, 0% used [0x00000000fc000000,0x00000000fc000000,0x00000000feb00000)
 Metaspace       used 6583K, capacity 6682K, committed 6784K, reserved 1056768K
  class space    used 772K, capacity 823K, committed 896K, reserved 1048576K
Event: 1.061 GC heap after
Heap after GC invocations=1 (full 0):
 PSYoungGen      total 18944K, used 2537K [0x00000000feb00000, 0x0000000100000000, 0x0000000100000000)
  eden space 16384K, 0% used [0x00000000feb00000,0x00000000feb00000,0x00000000ffb00000)
  from space 2560K, 99% used [0x00000000ffb00000,0x00000000ffd7a620,0x00000000ffd80000)
  to   space 2560K, 0% used [0x00000000ffd80000,0x00000000ffd80000,0x0000000100000000)
 ParOldGen       total 44032K, used 1715K [0x00000000fc000000, 0x00000000feb00000, 0x00000000feb00000)
  object space 44032K, 3% used [0x00000000fc000000,0x00000000fc1ace20,0x00000000feb00000)
 Metaspace       used 6583K, capacity 6682K, committed 6784K, reserved 1056768K
  class space    used 772K, capacity 823K, committed 896K, reserved 1048576K
}
Event: 1.753 GC heap before
{Heap before GC invocations=2 (full 0):
 PSYoungGen      total 18944K, used 18921K [0x00000000feb00000, 0x0000000100000000, 0x0000000100000000)
  eden space 16384K, 100% used [0x00000000feb00000,0x00000000ffb00000,0x00000000ffb00000)
  from space 2560K, 99% used [0x00000000ffb00000,0x00000000ffd7a620,0x00000000ffd80000)
  to   space 2560K, 0% used [0x00000000ffd80000,0x00000000ffd80000,0x0000000100000000)
 ParOldGen       total 44032K, used 1715K [0x00000000fc000000, 0x00000000feb00000, 0x00000000feb00000)
  object space 44032K, 3% used [0x00000000fc000000,0x00000000fc1ace20,0x00000000feb00000)
 Metaspace       used 7560K, capacity 7724K, committed 7936K, reserved 1056768K
  class space    used 871K, capacity 956K, committed 1024K, reserved 1048576K
Event: 1.886 GC heap after
Heap after GC invocations=2 (full 0):
 PSYoungGen      total 18944K, used 2547K [0x00000000feb00000, 0x0000000100000000, 0x0000000100000000)
  eden space 16384K, 0% used [0x00000000feb00000,0x00000000feb00000,0x00000000ffb00000)
  from space 2560K, 99% used [0x00000000ffd80000,0x00000000ffffce00,0x0000000100000000)
  to   space 2560K, 0% used [0x00000000ffb00000,0x00000000ffb00000,0x00000000ffd80000)
 ParOldGen       total 44032K, used 5157K [0x00000000fc000000, 0x00000000feb00000, 0x00000000feb00000)
  object space 44032K, 11% used [0x00000000fc000000,0x00000000fc5095e8,0x00000000feb00000)
 Metaspace       used 7560K, capacity 7724K, committed 7936K, reserved 1056768K
  class space    used 871K, capacity 956K, committed 1024K, reserved 1048576K
}
Event: 4.283 GC heap before
{Heap before GC invocations=3 (full 0):
 PSYoungGen      total 18944K, used 18931K [0x00000000feb00000, 0x0000000100000000, 0x0000000100000000)
  eden space 16384K, 100% used [0x00000000feb00000,0x00000000ffb00000,0x00000000ffb00000)
  from space 2560K, 99% used [0x00000000ffd80000,0x00000000ffffce00,0x0000000100000000)
  to   space 2560K, 0% used [0x00000000ffb00000,0x00000000ffb00000,0x00000000ffd80000)
 ParOldGen       total 44032K, used 5157K [0x00000000fc000000, 0x00000000feb00000, 0x00000000feb00000)
  object space 44032K, 11% used [0x00000000fc000000,0x00000000fc5095e8,0x00000000feb00000)
 Metaspace       used 7679K, capacity 7916K, committed 8192K, reserved 1056768K
  class space    used 871K, capacity 956K, committed 1024K, reserved 1048576K
Event: 4.546 GC heap after
Heap after GC invocations=3 (full 0):
 PSYoungGen      total 18944K, used 2531K [0x00000000feb00000, 0x0000000100000000, 0x0000000100000000)
  eden space 16384K, 0% used [0x00000000feb00000,0x00000000feb00000,0x00000000ffb00000)
  from space 2560K, 98% used [0x00000000ffb00000,0x00000000ffd78df0,0x00000000ffd80000)
  to   space 2560K, 0% used [0x00000000ffd80000,0x00000000ffd80000,0x0000000100000000)
 ParOldGen       total 44032K, used 5321K [0x00000000fc000000, 0x00000000feb00000, 0x00000000feb00000)
  object space 44032K, 12% used [0x00000000fc000000,0x00000000fc532608,0x00000000feb00000)
 Metaspace       used 7679K, capacity 7916K, committed 8192K, reserved 1056768K
  class space    used 871K, capacity 956K, committed 1024K, reserved 1048576K
}

Deoptimization events (10 events):
Event: 1.348 Thread 0x0000000003054000 Uncommon trap: reason=unstable_if action=reinterpret pc=0x0000000003325278 method=java.lang.String.<init>([CII)V @ 18
Event: 1.966 Thread 0x0000000003054000 Uncommon trap: reason=unstable_if action=reinterpret pc=0x00000000034770d8 method=org.objectweb.asm.Item.a(Lorg/objectweb/asm/Item;)Z @ 345
Event: 1.969 Thread 0x0000000003054000 Uncommon trap: reason=unstable_if action=reinterpret pc=0x00000000034b0f70 method=org.objectweb.asm.MethodWriter.visitVarInsn(II)V @ 142
Event: 1.982 Thread 0x0000000003054000 Uncommon trap: reason=unstable_if action=reinterpret pc=0x00000000034874b4 method=org.objectweb.asm.Type.getArgumentsAndReturnSizes(Ljava/lang/String;)I @ 136
Event: 2.010 Thread 0x0000000003054000 Uncommon trap: reason=unstable_if action=reinterpret pc=0x00000000034e2078 method=org.objectweb.asm.Item.a(Lorg/objectweb/asm/Item;)Z @ 251
Event: 4.035 Thread 0x0000000003054000 Uncommon trap: reason=unstable_if action=reinterpret pc=0x00000000034ebdf8 method=org.objectweb.asm.Type.getArgumentTypes(Ljava/lang/String;)[Lorg/objectweb/asm/Type; @ 58
Event: 4.184 Thread 0x0000000003054000 Uncommon trap: reason=unstable_if action=reinterpret pc=0x00000000034fcf2c method=org.objectweb.asm.Type.getArgumentsAndReturnSizes(Ljava/lang/String;)I @ 118
Event: 4.200 Thread 0x0000000003054000 Uncommon trap: reason=unstable_if action=reinterpret pc=0x000000000354a174 method=org.objectweb.asm.tree.MethodNode.getLabelNodes([Ljava/lang/Object;)[Ljava/lang/Object; @ 24
Event: 4.839 Thread 0x0000000003054000 Uncommon trap: reason=null_check action=make_not_entrant pc=0x000000000356b7e8 method=com.google.devtools.build.android.desugar.InterfaceDesugaring$InterfaceInvocationRewriter.visitMethodInsn(ILjava/lang/String;Ljava/lang/String;Ljava/lang/String;Z)V @ 10
Event: 4.891 Thread 0x0000000003054000 Uncommon trap: reason=unstable_if action=reinterpret pc=0x00000000034f23ec method=org.objectweb.asm.Type.getArgumentsAndReturnSizes(Ljava/lang/String;)I @ 118

Classes redefined (0 events):
No events

Internal exceptions (10 events):
Event: 1.588 Thread 0x0000000003054000 Exception <a 'sun/nio/fs/WindowsException'> (0x00000000ff865af0) thrown at [D:\src\AOSP-openjdk-cygwin\jdk8u\hotspot\src\share\vm\prims\jni.cpp, line 709]
Event: 3.593 Thread 0x0000000003054000 Exception <a 'sun/nio/fs/WindowsException'> (0x00000000ff024c90) thrown at [D:\src\AOSP-openjdk-cygwin\jdk8u\hotspot\src\share\vm\prims\jni.cpp, line 709]
Event: 3.593 Thread 0x0000000003054000 Exception <a 'sun/nio/fs/WindowsException'> (0x00000000ff025168) thrown at [D:\src\AOSP-openjdk-cygwin\jdk8u\hotspot\src\share\vm\prims\jni.cpp, line 709]
Event: 3.973 Thread 0x0000000003054000 Exception <a 'sun/nio/fs/WindowsException'> (0x00000000ff028608) thrown at [D:\src\AOSP-openjdk-cygwin\jdk8u\hotspot\src\share\vm\prims\jni.cpp, line 709]
Event: 3.973 Thread 0x0000000003054000 Exception <a 'sun/nio/fs/WindowsException'> (0x00000000ff028ae0) thrown at [D:\src\AOSP-openjdk-cygwin\jdk8u\hotspot\src\share\vm\prims\jni.cpp, line 709]
Event: 4.141 Thread 0x0000000003054000 Exception <a 'sun/nio/fs/WindowsException'> (0x00000000ff3500d0) thrown at [D:\src\AOSP-openjdk-cygwin\jdk8u\hotspot\src\share\vm\prims\jni.cpp, line 709]
Event: 4.143 Thread 0x0000000003054000 Exception <a 'sun/nio/fs/WindowsException'> (0x00000000ff3505a8) thrown at [D:\src\AOSP-openjdk-cygwin\jdk8u\hotspot\src\share\vm\prims\jni.cpp, line 709]
Event: 4.165 Thread 0x0000000003054000 Exception <a 'sun/nio/fs/WindowsException'> (0x00000000ff37ecb8) thrown at [D:\src\AOSP-openjdk-cygwin\jdk8u\hotspot\src\share\vm\prims\jni.cpp, line 709]
Event: 4.165 Thread 0x0000000003054000 Exception <a 'sun/nio/fs/WindowsException'> (0x00000000ff37f190) thrown at [D:\src\AOSP-openjdk-cygwin\jdk8u\hotspot\src\share\vm\prims\jni.cpp, line 709]
Event: 4.839 Thread 0x0000000003054000 Implicit null exception at 0x0000000003568eb8 to 0x000000000356b7d5

Events (10 events):
Event: 4.283 Executing VM operation: ParallelGCFailedAllocation
Event: 4.546 Executing VM operation: ParallelGCFailedAllocation done
Event: 4.839 Thread 0x0000000003054000 Uncommon trap: trap_request=0xfffffff4 fr.pc=0x000000000356b7e8
Event: 4.839 Thread 0x0000000003054000 DEOPT PACKING pc=0x000000000356b7e8 sp=0x000000000304eb50
Event: 4.839 Thread 0x0000000003054000 DEOPT UNPACKING pc=0x000000000319556a sp=0x000000000304eb20 mode 2
Event: 4.841 Thread 0x0000000003054000 DEOPT PACKING pc=0x00000000034577f0 sp=0x000000000304ec50
Event: 4.841 Thread 0x0000000003054000 DEOPT UNPACKING pc=0x00000000031975bf sp=0x000000000304e978 mode 0
Event: 4.891 Thread 0x0000000003054000 Uncommon trap: trap_request=0xffffff65 fr.pc=0x00000000034f23ec
Event: 4.891 Thread 0x0000000003054000 DEOPT PACKING pc=0x00000000034f23ec sp=0x000000000304e850
Event: 4.891 Thread 0x0000000003054000 DEOPT UNPACKING pc=0x000000000319556a sp=0x000000000304e7e0 mode 2


Dynamic libraries:
0x00007ff63c5e0000 - 0x00007ff63c611000 	C:\Program Files\Android\Android Studio\jre\bin\java.exe
0x00007ffba9340000 - 0x00007ffba9521000 	C:\WINDOWS\SYSTEM32\ntdll.dll
0x00007ffba6ca0000 - 0x00007ffba6d52000 	C:\WINDOWS\System32\KERNEL32.DLL
0x00007ffba6070000 - 0x00007ffba62e3000 	C:\WINDOWS\System32\KERNELBASE.dll
0x00007ffba9260000 - 0x00007ffba9301000 	C:\WINDOWS\System32\ADVAPI32.dll
0x00007ffba77b0000 - 0x00007ffba784e000 	C:\WINDOWS\System32\msvcrt.dll
0x00007ffba71b0000 - 0x00007ffba720b000 	C:\WINDOWS\System32\sechost.dll
0x00007ffba7580000 - 0x00007ffba76a4000 	C:\WINDOWS\System32\RPCRT4.dll
0x00007ffba7ac0000 - 0x00007ffba7c50000 	C:\WINDOWS\System32\USER32.dll
0x00007ffba5790000 - 0x00007ffba57b0000 	C:\WINDOWS\System32\win32u.dll
0x00007ffba67e0000 - 0x00007ffba6808000 	C:\WINDOWS\System32\GDI32.dll
0x00007ffba6530000 - 0x00007ffba66c2000 	C:\WINDOWS\System32\gdi32full.dll
0x00007ffba5fd0000 - 0x00007ffba606f000 	C:\WINDOWS\System32\msvcp_win.dll
0x00007ffba66d0000 - 0x00007ffba67ca000 	C:\WINDOWS\System32\ucrtbase.dll
0x00007ffb93ad0000 - 0x00007ffb93d39000 	C:\WINDOWS\WinSxS\amd64_microsoft.windows.common-controls_6595b64144ccf1df_6.0.17134.48_none_b4b2216a3cb4dd3e\COMCTL32.dll
0x00007ffba6810000 - 0x00007ffba6b33000 	C:\WINDOWS\System32\combase.dll
0x00007ffba5710000 - 0x00007ffba578a000 	C:\WINDOWS\System32\bcryptPrimitives.dll
0x00007ffba9090000 - 0x00007ffba90bd000 	C:\WINDOWS\System32\IMM32.DLL
0x0000000067b90000 - 0x0000000067c62000 	C:\Program Files\Android\Android Studio\jre\jre\bin\msvcr100.dll
0x0000000067020000 - 0x000000006785e000 	C:\Program Files\Android\Android Studio\jre\jre\bin\server\jvm.dll
0x00007ffba91d0000 - 0x00007ffba91d8000 	C:\WINDOWS\System32\PSAPI.DLL
0x00007ffba3f50000 - 0x00007ffba3f59000 	C:\WINDOWS\SYSTEM32\WSOCK32.dll
0x00007ffb95780000 - 0x00007ffb957a3000 	C:\WINDOWS\SYSTEM32\WINMM.dll
0x00007ffb9d7c0000 - 0x00007ffb9d7ca000 	C:\WINDOWS\SYSTEM32\VERSION.dll
0x00007ffba7510000 - 0x00007ffba757c000 	C:\WINDOWS\System32\WS2_32.dll
0x00007ffb95570000 - 0x00007ffb9559a000 	C:\WINDOWS\SYSTEM32\WINMMBASE.dll
0x00007ffba64e0000 - 0x00007ffba6529000 	C:\WINDOWS\System32\cfgmgr32.dll
0x00007ffba3a30000 - 0x00007ffba3a3f000 	C:\Program Files\Android\Android Studio\jre\jre\bin\verify.dll
0x00007ffba3a00000 - 0x00007ffba3a29000 	C:\Program Files\Android\Android Studio\jre\jre\bin\java.dll
0x00007ffba39e0000 - 0x00007ffba39f6000 	C:\Program Files\Android\Android Studio\jre\jre\bin\zip.dll
0x00007ffba7c50000 - 0x00007ffba9090000 	C:\WINDOWS\System32\SHELL32.dll
0x00007ffba9120000 - 0x00007ffba91c9000 	C:\WINDOWS\System32\shcore.dll
0x00007ffba58c0000 - 0x00007ffba5fcd000 	C:\WINDOWS\System32\windows.storage.dll
0x00007ffba90c0000 - 0x00007ffba9111000 	C:\WINDOWS\System32\shlwapi.dll
0x00007ffba5680000 - 0x00007ffba5691000 	C:\WINDOWS\System32\kernel.appcore.dll
0x00007ffba56f0000 - 0x00007ffba570f000 	C:\WINDOWS\System32\profapi.dll
0x00007ffba56a0000 - 0x00007ffba56ec000 	C:\WINDOWS\System32\powrprof.dll
0x00007ffba5650000 - 0x00007ffba565a000 	C:\WINDOWS\System32\FLTLIB.DLL
0x00007ffba5080000 - 0x00007ffba5097000 	C:\WINDOWS\SYSTEM32\CRYPTSP.dll
0x00007ffba4ab0000 - 0x00007ffba4ae3000 	C:\WINDOWS\system32\rsaenh.dll
0x00007ffba51b0000 - 0x00007ffba51d5000 	C:\WINDOWS\SYSTEM32\bcrypt.dll
0x00007ffba5580000 - 0x00007ffba55a8000 	C:\WINDOWS\SYSTEM32\USERENV.dll
0x00007ffba50a0000 - 0x00007ffba50ab000 	C:\WINDOWS\SYSTEM32\CRYPTBASE.dll
0x00007ffb9e480000 - 0x00007ffb9e49a000 	C:\Program Files\Android\Android Studio\jre\jre\bin\net.dll
0x00007ffba4ed0000 - 0x00007ffba4f36000 	C:\WINDOWS\system32\mswsock.dll
0x00007ffba4c50000 - 0x00007ffba4c88000 	C:\WINDOWS\SYSTEM32\IPHLPAPI.DLL
0x00007ffba7430000 - 0x00007ffba7438000 	C:\WINDOWS\System32\NSI.dll
0x00007ffb9a1f0000 - 0x00007ffb9a206000 	C:\WINDOWS\SYSTEM32\dhcpcsvc6.DLL
0x00007ffb9a120000 - 0x00007ffb9a13a000 	C:\WINDOWS\SYSTEM32\dhcpcsvc.DLL
0x00007ffb9d7f0000 - 0x00007ffb9d801000 	C:\Program Files\Android\Android Studio\jre\jre\bin\nio.dll

VM Arguments:
jvm_args: -Djava.awt.headless=true -Xmx64M -Dfile.encoding=x-windows-949 -Duser.country=KR -Duser.language=ko -Duser.variant 
java_command: com.google.devtools.build.android.desugar.Desugar --input D:\test\app\build\intermediates\transforms\stackFramesFixer\debug\6.jar --output D:\test\app\build\intermediates\transforms\desugar\debug\7.jar --input D:\test\app\build\intermediates\transforms\stackFramesFixer\debug\15.jar --output D:\test\app\build\intermediates\transforms\desugar\debug\16.jar --input D:\test\app\build\intermediates\transforms\stackFramesFixer\debug\19.jar --output D:\test\app\build\intermediates\transforms\desugar\debug\20.jar --input D:\test\app\build\intermediates\transforms\stackFramesFixer\debug\1.jar --output D:\test\app\build\intermediates\transforms\desugar\debug\2.jar --input D:\test\app\build\intermediates\transforms\stackFramesFixer\debug\20.jar --output D:\test\app\build\intermediates\transforms\desugar\debug\21.jar --input D:\test\app\build\intermediates\transforms\stackFramesFixer\debug\21.jar --output D:\test\app\build\intermediates\transforms\desugar\debug\22.jar --input D:\test\app\build\intermediates\transforms\stackFramesFixer\debug\10.jar --output D:\test\app\build\intermediates\transforms\desugar\debug\11.jar --classpath_entry D:\test\app\build\intermediates\classes\debug --classpath_entry D:\test\app\build\intermediates\transforms\stackFramesFixer\debug\0.jar --classpath_entry D:\test\app\build\intermediates\transforms\stackFramesFixer\debug\1.jar --classpath_entry D:\test\app\build\intermediates\transforms\stackFramesFixer\debug\2.jar --classpath_entry D:\test\app\build\intermediates\transforms\stackFramesFixer\debug\3.jar --classpath_entry D:\test\app\build\intermediates\transforms\stackFramesFixer\debug\4.jar --classpath_entry D:\test\app\build\intermediates\transforms\stackFramesFixer\debug\5.jar --classpath_entry D:\test\app\build\intermediates\transforms\stackFramesFixer\debug\6.jar --classpath_entry D:\test\app\build\intermediates\transforms\stackFramesFixer\debug\7.jar --classpath_entry D:\test\app\build\intermediates\transforms\stackFramesFixe
java_class_path (initial): C:\Users\Goo\AppData\Local\Temp\desugar_deploy.jar2362919477290886928
Launcher Type: SUN_STANDARD

Environment Variables:
PATH=C:\ProgramData\Oracle\Java\javapath;C:\WINDOWS\system32;C:\WINDOWS;C:\WINDOWS\System32\Wbem;C:\WINDOWS\System32\WindowsPowerShell\v1.0\;C:\OpenSSL;;C:\WINDOWS\System32\OpenSSH\;C:\Users\Goo\AppData\Local\Microsoft\WindowsApps;
USERNAME=Goo
OS=Windows_NT
PROCESSOR_IDENTIFIER=Intel64 Family 6 Model 158 Stepping 9, GenuineIntel



---------------  S Y S T E M  ---------------

OS: Windows 10.0 , 64 bit Build 17134 (10.0.17134.1)

CPU:total 8 (initial active 8) (4 cores per cpu, 2 threads per core) family 6 model 158 stepping 9, cmov, cx8, fxsr, mmx, sse, sse2, sse3, ssse3, sse4.1, sse4.2, popcnt, avx, avx2, aes, clmul, erms, 3dnowpref, lzcnt, ht, tsc, tscinvbit, bmi1, bmi2, adx

Memory: 4k page, physical 16692940k(4455992k free), swap 16692940k(3268k free)

vm_info: OpenJDK 64-Bit Server VM (25.152-b01) for windows-amd64 JRE (1.8.0_152-release-915-b01), built by "builder" with MS VC++ 10.0 (VS2010)

time: Wed May 23 00:35:07 2018
elapsed time: 4 seconds (0d 0h 0m 4s)

