#
# There is insufficient memory for the Java Runtime Environment to continue.
# Native memory allocation (malloc) failed to allocate 53456 bytes for Chunk::new
# Possible reasons:
#   The system is out of physical RAM or swap space
#   In 32 bit mode, the process size limit was hit
# Possible solutions:
#   Reduce memory load on the system
#   Increase physical memory or swap space
#   Check if swap backing store is full
#   Use 64 bit Java on a 64 bit OS
#   Decrease Java heap size (-Xmx/-Xms)
#   Decrease number of Java threads
#   Decrease Java thread stack sizes (-Xss)
#   Set larger code cache with -XX:ReservedCodeCacheSize=
# This output file may be truncated or incomplete.
#
#  Out of Memory Error (allocation.cpp:390), pid=11296, tid=0x0000000000002fd8
#
# JRE version: OpenJDK Runtime Environment (8.0_152-b01) (build 1.8.0_152-release-915-b01)
# Java VM: OpenJDK 64-Bit Server VM (25.152-b01 mixed mode windows-amd64 compressed oops)
# Failed to write core dump. Minidumps are not enabled by default on client versions of Windows
#

---------------  T H R E A D  ---------------

Current thread (0x0000000015300000):  JavaThread "C2 CompilerThread0" daemon [_thread_in_native, id=12248, stack(0x0000000015a00000,0x0000000015b00000)]

Stack: [0x0000000015a00000,0x0000000015b00000]
[error occurred during error reporting (printing stack bounds), id 0xc0000005]

Native frames: (J=compiled Java code, j=interpreted, Vv=VM code, C=native code)


Current CompileTask:
C2:   4451 1086       4       org.objectweb.asm.MethodVisitor::visitLabel (16 bytes)


---------------  P R O C E S S  ---------------

Java Threads: ( => current thread )
  0x000000001530e000 JavaThread "Service Thread" daemon [_thread_blocked, id=1380, stack(0x0000000015e00000,0x0000000015f00000)]
  0x0000000015308000 JavaThread "C1 CompilerThread3" daemon [_thread_in_native, id=12244, stack(0x0000000015d00000,0x0000000015e00000)]
  0x0000000015304000 JavaThread "C2 CompilerThread2" daemon [_thread_in_native, id=8780, stack(0x0000000015c00000,0x0000000015d00000)]
  0x0000000015301000 JavaThread "C2 CompilerThread1" daemon [_thread_in_native, id=14100, stack(0x0000000015b00000,0x0000000015c00000)]
=>0x0000000015300000 JavaThread "C2 CompilerThread0" daemon [_thread_in_native, id=12248, stack(0x0000000015a00000,0x0000000015b00000)]
  0x00000000152ff000 JavaThread "Attach Listener" daemon [_thread_blocked, id=6124, stack(0x0000000015900000,0x0000000015a00000)]
  0x0000000015295800 JavaThread "Signal Dispatcher" daemon [_thread_blocked, id=13292, stack(0x0000000015800000,0x0000000015900000)]
  0x0000000015290800 JavaThread "Finalizer" daemon [_thread_blocked, id=2300, stack(0x0000000015670000,0x0000000015770000)]
  0x0000000002bc8000 JavaThread "Reference Handler" daemon [_thread_blocked, id=8332, stack(0x0000000015170000,0x0000000015270000)]
  0x00000000029cd800 JavaThread "main" [_thread_in_Java, id=6964, stack(0x00000000029d0000,0x0000000002ad0000)]

Other Threads:
  0x0000000013375800 VMThread [stack: 0x0000000015070000,0x0000000015170000] [id=10608]
  0x000000001530f000 WatcherThread [stack: 0x0000000015f00000,0x0000000016000000] [id=1708]

VM state:not at safepoint (normal execution)

VM Mutex/Monitor currently owned by a thread: None

Heap:
 PSYoungGen      total 18944K, used 18566K [0x00000000feb00000, 0x0000000100000000, 0x0000000100000000)
  eden space 16384K, 97% used [0x00000000feb00000,0x00000000ffaa4a40,0x00000000ffb00000)
  from space 2560K, 99% used [0x00000000ffd80000,0x00000000ffffce20,0x0000000100000000)
  to   space 2560K, 0% used [0x00000000ffb00000,0x00000000ffb00000,0x00000000ffd80000)
 ParOldGen       total 44032K, used 5986K [0x00000000fc000000, 0x00000000feb00000, 0x00000000feb00000)
  object space 44032K, 13% used [0x00000000fc000000,0x00000000fc5d8890,0x00000000feb00000)
 Metaspace       used 7695K, capacity 7842K, committed 7936K, reserved 1056768K
  class space    used 875K, capacity 957K, committed 1024K, reserved 1048576K

Card table byte_map: [0x0000000002930000,0x0000000002960000] byte_map_base: 0x0000000002150000

Marking Bits: (ParMarkBitMap*) 0x00000000673d3950
 Begin Bits: [0x0000000012790000, 0x0000000012890000)
 End Bits:   [0x0000000012890000, 0x0000000012990000)

Polling page: 0x0000000002530000

CodeCache: size=245760Kb used=4393Kb max_used=4393Kb free=241366Kb
 bounds [0x0000000002bd0000, 0x0000000003020000, 0x0000000011bd0000]
 total_blobs=1412 nmethods=1077 adapters=248
 compilation: enabled

Compilation events (10 events):
Event: 4.177 Thread 0x0000000015308000 1071       3       org.objectweb.asm.MethodWriter::visitLocalVariable (223 bytes)
Event: 4.178 Thread 0x0000000015308000 nmethod 1071 0x000000000301c310 code [0x000000000301c5c0, 0x000000000301d2a8]
Event: 4.434 Thread 0x0000000015308000 1076       3       org.objectweb.asm.ClassWriter::newUTF8 (70 bytes)
Event: 4.434 Thread 0x0000000015308000 nmethod 1076 0x0000000002fed010 code [0x0000000002fed1c0, 0x0000000002fed5f8]
Event: 4.434 Thread 0x0000000015308000 1077       3       com.google.common.base.Preconditions::checkArgument (25 bytes)
Event: 4.434 Thread 0x0000000015308000 nmethod 1077 0x000000000301dd50 code [0x000000000301dee0, 0x000000000301e2f8]
Event: 4.434 Thread 0x0000000015308000 1078       3       org.objectweb.asm.ClassReader::a (3587 bytes)
Event: 4.441 Thread 0x0000000015304000 1084       4       org.objectweb.asm.ClassReader::readUTF8 (60 bytes)
Event: 4.443 Thread 0x0000000015300000 1086       4       org.objectweb.asm.MethodVisitor::visitLabel (16 bytes)
Event: 4.444 Thread 0x0000000015301000 1087       4       org.objectweb.asm.ClassWriter::newClass (9 bytes)

GC Heap History (4 events):
Event: 1.059 GC heap before
{Heap before GC invocations=1 (full 0):
 PSYoungGen      total 18944K, used 16384K [0x00000000feb00000, 0x0000000100000000, 0x0000000100000000)
  eden space 16384K, 100% used [0x00000000feb00000,0x00000000ffb00000,0x00000000ffb00000)
  from space 2560K, 0% used [0x00000000ffd80000,0x00000000ffd80000,0x0000000100000000)
  to   space 2560K, 0% used [0x00000000ffb00000,0x00000000ffb00000,0x00000000ffd80000)
 ParOldGen       total 44032K, used 0K [0x00000000fc000000, 0x00000000feb00000, 0x00000000feb00000)
  object space 44032K, 0% used [0x00000000fc000000,0x00000000fc000000,0x00000000feb00000)
 Metaspace       used 6622K, capacity 6800K, committed 7040K, reserved 1056768K
  class space    used 773K, capacity 824K, committed 896K, reserved 1048576K
Event: 1.075 GC heap after
Heap after GC invocations=1 (full 0):
 PSYoungGen      total 18944K, used 2537K [0x00000000feb00000, 0x0000000100000000, 0x0000000100000000)
  eden space 16384K, 0% used [0x00000000feb00000,0x00000000feb00000,0x00000000ffb00000)
  from space 2560K, 99% used [0x00000000ffb00000,0x00000000ffd7a620,0x00000000ffd80000)
  to   space 2560K, 0% used [0x00000000ffd80000,0x00000000ffd80000,0x0000000100000000)
 ParOldGen       total 44032K, used 1524K [0x00000000fc000000, 0x00000000feb00000, 0x00000000feb00000)
  object space 44032K, 3% used [0x00000000fc000000,0x00000000fc17d3a8,0x00000000feb00000)
 Metaspace       used 6622K, capacity 6800K, committed 7040K, reserved 1056768K
  class space    used 773K, capacity 824K, committed 896K, reserved 1048576K
}
Event: 1.566 GC heap before
{Heap before GC invocations=2 (full 0):
 PSYoungGen      total 18944K, used 18921K [0x00000000feb00000, 0x0000000100000000, 0x0000000100000000)
  eden space 16384K, 100% used [0x00000000feb00000,0x00000000ffb00000,0x00000000ffb00000)
  from space 2560K, 99% used [0x00000000ffb00000,0x00000000ffd7a620,0x00000000ffd80000)
  to   space 2560K, 0% used [0x00000000ffd80000,0x00000000ffd80000,0x0000000100000000)
 ParOldGen       total 44032K, used 1524K [0x00000000fc000000, 0x00000000feb00000, 0x00000000feb00000)
  object space 44032K, 3% used [0x00000000fc000000,0x00000000fc17d3a8,0x00000000feb00000)
 Metaspace       used 6967K, capacity 7106K, committed 7296K, reserved 1056768K
  class space    used 816K, capacity 861K, committed 896K, reserved 1048576K
Event: 1.629 GC heap after
Heap after GC invocations=2 (full 0):
 PSYoungGen      total 18944K, used 2547K [0x00000000feb00000, 0x0000000100000000, 0x0000000100000000)
  eden space 16384K, 0% used [0x00000000feb00000,0x00000000feb00000,0x00000000ffb00000)
  from space 2560K, 99% used [0x00000000ffd80000,0x00000000ffffce20,0x0000000100000000)
  to   space 2560K, 0% used [0x00000000ffb00000,0x00000000ffb00000,0x00000000ffd80000)
 ParOldGen       total 44032K, used 5986K [0x00000000fc000000, 0x00000000feb00000, 0x00000000feb00000)
  object space 44032K, 13% used [0x00000000fc000000,0x00000000fc5d8890,0x00000000feb00000)
 Metaspace       used 6967K, capacity 7106K, committed 7296K, reserved 1056768K
  class space    used 816K, capacity 861K, committed 896K, reserved 1048576K
}

Deoptimization events (10 events):
Event: 4.109 Thread 0x00000000029cd800 Uncommon trap: reason=class_check action=maybe_recompile pc=0x0000000002f7b5c4 method=org.objectweb.asm.MethodVisitor.visitVarInsn(II)V @ 13
Event: 4.109 Thread 0x00000000029cd800 Uncommon trap: reason=class_check action=maybe_recompile pc=0x0000000002f7b5c4 method=org.objectweb.asm.MethodVisitor.visitVarInsn(II)V @ 13
Event: 4.109 Thread 0x00000000029cd800 Uncommon trap: reason=class_check action=maybe_recompile pc=0x0000000002f7b5c4 method=org.objectweb.asm.MethodVisitor.visitVarInsn(II)V @ 13
Event: 4.109 Thread 0x00000000029cd800 Uncommon trap: reason=class_check action=maybe_recompile pc=0x0000000002f7b5c4 method=org.objectweb.asm.MethodVisitor.visitVarInsn(II)V @ 13
Event: 4.110 Thread 0x00000000029cd800 Uncommon trap: reason=class_check action=maybe_recompile pc=0x0000000002f819a8 method=org.objectweb.asm.MethodVisitor.visitVarInsn(II)V @ 13
Event: 4.112 Thread 0x00000000029cd800 Uncommon trap: reason=unstable_if action=reinterpret pc=0x0000000002f40d1c method=org.objectweb.asm.ClassReader.readUTF8(I[C)Ljava/lang/String; @ 11
Event: 4.140 Thread 0x00000000029cd800 Uncommon trap: reason=unstable_if action=reinterpret pc=0x0000000002f6210c method=org.objectweb.asm.Type.getArgumentsAndReturnSizes(Ljava/lang/String;)I @ 130
Event: 4.140 Thread 0x00000000029cd800 Uncommon trap: reason=unstable_if action=reinterpret pc=0x0000000002f733f0 method=org.objectweb.asm.Type.getArgumentsAndReturnSizes(Ljava/lang/String;)I @ 130
Event: 4.161 Thread 0x00000000029cd800 Uncommon trap: reason=unstable_if action=reinterpret pc=0x0000000002febffc method=org.objectweb.asm.ClassReader.a(II[C)Ljava/lang/String; @ 77
Event: 4.161 Thread 0x00000000029cd800 Uncommon trap: reason=unstable_if action=reinterpret pc=0x0000000002f0e100 method=org.objectweb.asm.ByteVector.putUTF8(Ljava/lang/String;)Lorg/objectweb/asm/ByteVector; @ 98

Classes redefined (0 events):
No events

Internal exceptions (10 events):
Event: 3.152 Thread 0x00000000029cd800 Exception <a 'sun/nio/fs/WindowsException'> (0x00000000ff2baf60) thrown at [D:\src\AOSP-openjdk-cygwin\jdk8u\hotspot\src\share\vm\prims\jni.cpp, line 709]
Event: 3.152 Thread 0x00000000029cd800 Exception <a 'sun/nio/fs/WindowsException'> (0x00000000ff2bb438) thrown at [D:\src\AOSP-openjdk-cygwin\jdk8u\hotspot\src\share\vm\prims\jni.cpp, line 709]
Event: 3.392 Thread 0x00000000029cd800 Exception <a 'sun/nio/fs/WindowsException'> (0x00000000ff2be8d8) thrown at [D:\src\AOSP-openjdk-cygwin\jdk8u\hotspot\src\share\vm\prims\jni.cpp, line 709]
Event: 3.397 Thread 0x00000000029cd800 Exception <a 'sun/nio/fs/WindowsException'> (0x00000000ff2bedb0) thrown at [D:\src\AOSP-openjdk-cygwin\jdk8u\hotspot\src\share\vm\prims\jni.cpp, line 709]
Event: 3.817 Thread 0x00000000029cd800 Exception <a 'sun/nio/fs/WindowsException'> (0x00000000ff5e53d0) thrown at [D:\src\AOSP-openjdk-cygwin\jdk8u\hotspot\src\share\vm\prims\jni.cpp, line 709]
Event: 3.825 Thread 0x00000000029cd800 Exception <a 'sun/nio/fs/WindowsException'> (0x00000000ff5e58a8) thrown at [D:\src\AOSP-openjdk-cygwin\jdk8u\hotspot\src\share\vm\prims\jni.cpp, line 709]
Event: 4.090 Thread 0x00000000029cd800 Exception <a 'sun/nio/fs/WindowsException'> (0x00000000ff5e8d68) thrown at [D:\src\AOSP-openjdk-cygwin\jdk8u\hotspot\src\share\vm\prims\jni.cpp, line 709]
Event: 4.090 Thread 0x00000000029cd800 Exception <a 'sun/nio/fs/WindowsException'> (0x00000000ff5e9240) thrown at [D:\src\AOSP-openjdk-cygwin\jdk8u\hotspot\src\share\vm\prims\jni.cpp, line 709]
Event: 4.104 Thread 0x00000000029cd800 Exception <a 'sun/nio/fs/WindowsException'> (0x00000000ff5eccb8) thrown at [D:\src\AOSP-openjdk-cygwin\jdk8u\hotspot\src\share\vm\prims\jni.cpp, line 709]
Event: 4.104 Thread 0x00000000029cd800 Exception <a 'sun/nio/fs/WindowsException'> (0x00000000ff5ed190) thrown at [D:\src\AOSP-openjdk-cygwin\jdk8u\hotspot\src\share\vm\prims\jni.cpp, line 709]

Events (10 events):
Event: 4.140 Thread 0x00000000029cd800 DEOPT PACKING pc=0x0000000002f733f0 sp=0x0000000002acebb0
Event: 4.140 Thread 0x00000000029cd800 DEOPT UNPACKING pc=0x0000000002c1556a sp=0x0000000002aceb40 mode 2
Event: 4.161 Thread 0x00000000029cd800 Uncommon trap: trap_request=0xffffff65 fr.pc=0x0000000002febffc
Event: 4.161 Thread 0x00000000029cd800 DEOPT PACKING pc=0x0000000002febffc sp=0x0000000002acef00
Event: 4.161 Thread 0x00000000029cd800 DEOPT UNPACKING pc=0x0000000002c1556a sp=0x0000000002acee18 mode 2
Event: 4.161 Thread 0x00000000029cd800 Uncommon trap: trap_request=0xffffff65 fr.pc=0x0000000002f0e100
Event: 4.161 Thread 0x00000000029cd800 DEOPT PACKING pc=0x0000000002f0e100 sp=0x0000000002acec80
Event: 4.161 Thread 0x00000000029cd800 DEOPT UNPACKING pc=0x0000000002c1556a sp=0x0000000002acebc0 mode 2
Event: 4.204 Executing VM operation: EnableBiasedLocking
Event: 4.433 Executing VM operation: EnableBiasedLocking done


Dynamic libraries:
0x00007ff6c8c60000 - 0x00007ff6c8c91000 	C:\Program Files\Android\Android Studio\jre\bin\java.exe
0x00007ffba9340000 - 0x00007ffba9521000 	C:\WINDOWS\SYSTEM32\ntdll.dll
0x00007ffba6ca0000 - 0x00007ffba6d52000 	C:\WINDOWS\System32\KERNEL32.DLL
0x00007ffba6070000 - 0x00007ffba62e3000 	C:\WINDOWS\System32\KERNELBASE.dll
0x00007ffba9260000 - 0x00007ffba9301000 	C:\WINDOWS\System32\ADVAPI32.dll
0x00007ffba77b0000 - 0x00007ffba784e000 	C:\WINDOWS\System32\msvcrt.dll
0x00007ffba71b0000 - 0x00007ffba720b000 	C:\WINDOWS\System32\sechost.dll
0x00007ffba7580000 - 0x00007ffba76a4000 	C:\WINDOWS\System32\RPCRT4.dll
0x00007ffba7ac0000 - 0x00007ffba7c50000 	C:\WINDOWS\System32\USER32.dll
0x00007ffba5790000 - 0x00007ffba57b0000 	C:\WINDOWS\System32\win32u.dll
0x00007ffba67e0000 - 0x00007ffba6808000 	C:\WINDOWS\System32\GDI32.dll
0x00007ffba6530000 - 0x00007ffba66c2000 	C:\WINDOWS\System32\gdi32full.dll
0x00007ffba5fd0000 - 0x00007ffba606f000 	C:\WINDOWS\System32\msvcp_win.dll
0x00007ffba66d0000 - 0x00007ffba67ca000 	C:\WINDOWS\System32\ucrtbase.dll
0x00007ffb93ad0000 - 0x00007ffb93d39000 	C:\WINDOWS\WinSxS\amd64_microsoft.windows.common-controls_6595b64144ccf1df_6.0.17134.48_none_b4b2216a3cb4dd3e\COMCTL32.dll
0x00007ffba6810000 - 0x00007ffba6b33000 	C:\WINDOWS\System32\combase.dll
0x00007ffba5710000 - 0x00007ffba578a000 	C:\WINDOWS\System32\bcryptPrimitives.dll
0x00007ffba9090000 - 0x00007ffba90bd000 	C:\WINDOWS\System32\IMM32.DLL
0x0000000069530000 - 0x0000000069602000 	C:\Program Files\Android\Android Studio\jre\jre\bin\msvcr100.dll
0x0000000066c10000 - 0x000000006744e000 	C:\Program Files\Android\Android Studio\jre\jre\bin\server\jvm.dll
0x00007ffba91d0000 - 0x00007ffba91d8000 	C:\WINDOWS\System32\PSAPI.DLL
0x00007ffba1d20000 - 0x00007ffba1d29000 	C:\WINDOWS\SYSTEM32\WSOCK32.dll
0x00007ffba7510000 - 0x00007ffba757c000 	C:\WINDOWS\System32\WS2_32.dll
0x00007ffb95780000 - 0x00007ffb957a3000 	C:\WINDOWS\SYSTEM32\WINMM.dll
0x00007ffb95570000 - 0x00007ffb9559a000 	C:\WINDOWS\SYSTEM32\WINMMBASE.dll
0x00007ffba64e0000 - 0x00007ffba6529000 	C:\WINDOWS\System32\cfgmgr32.dll
0x00007ffb9d7c0000 - 0x00007ffb9d7ca000 	C:\WINDOWS\SYSTEM32\VERSION.dll
0x00007ffba3a40000 - 0x00007ffba3a4f000 	C:\Program Files\Android\Android Studio\jre\jre\bin\verify.dll
0x00007ffba1b00000 - 0x00007ffba1b29000 	C:\Program Files\Android\Android Studio\jre\jre\bin\java.dll
0x00007ffba1280000 - 0x00007ffba1296000 	C:\Program Files\Android\Android Studio\jre\jre\bin\zip.dll
0x00007ffba7c50000 - 0x00007ffba9090000 	C:\WINDOWS\System32\SHELL32.dll
0x00007ffba9120000 - 0x00007ffba91c9000 	C:\WINDOWS\System32\shcore.dll
0x00007ffba58c0000 - 0x00007ffba5fcd000 	C:\WINDOWS\System32\windows.storage.dll
0x00007ffba90c0000 - 0x00007ffba9111000 	C:\WINDOWS\System32\shlwapi.dll
0x00007ffba5680000 - 0x00007ffba5691000 	C:\WINDOWS\System32\kernel.appcore.dll
0x00007ffba56f0000 - 0x00007ffba570f000 	C:\WINDOWS\System32\profapi.dll
0x00007ffba56a0000 - 0x00007ffba56ec000 	C:\WINDOWS\System32\powrprof.dll
0x00007ffba5650000 - 0x00007ffba565a000 	C:\WINDOWS\System32\FLTLIB.DLL
0x00007ffba5080000 - 0x00007ffba5097000 	C:\WINDOWS\SYSTEM32\CRYPTSP.dll
0x00007ffba4ab0000 - 0x00007ffba4ae3000 	C:\WINDOWS\system32\rsaenh.dll
0x00007ffba51b0000 - 0x00007ffba51d5000 	C:\WINDOWS\SYSTEM32\bcrypt.dll
0x00007ffba5580000 - 0x00007ffba55a8000 	C:\WINDOWS\SYSTEM32\USERENV.dll
0x00007ffba50a0000 - 0x00007ffba50ab000 	C:\WINDOWS\SYSTEM32\CRYPTBASE.dll
0x00007ffba1180000 - 0x00007ffba119a000 	C:\Program Files\Android\Android Studio\jre\jre\bin\net.dll
0x00007ffba4ed0000 - 0x00007ffba4f36000 	C:\WINDOWS\system32\mswsock.dll
0x00007ffba4c50000 - 0x00007ffba4c88000 	C:\WINDOWS\SYSTEM32\IPHLPAPI.DLL
0x00007ffba7430000 - 0x00007ffba7438000 	C:\WINDOWS\System32\NSI.dll
0x00007ffb9a1f0000 - 0x00007ffb9a206000 	C:\WINDOWS\SYSTEM32\dhcpcsvc6.DLL
0x00007ffb9a120000 - 0x00007ffb9a13a000 	C:\WINDOWS\SYSTEM32\dhcpcsvc.DLL
0x00007ffb9f410000 - 0x00007ffb9f421000 	C:\Program Files\Android\Android Studio\jre\jre\bin\nio.dll

VM Arguments:
jvm_args: -Djava.awt.headless=true -Xmx64M -Dfile.encoding=x-windows-949 -Duser.country=KR -Duser.language=ko -Duser.variant 
java_command: com.google.devtools.build.android.desugar.Desugar @D:\test\app\build\intermediates\tmp\desugar_args6729662526787768977
java_class_path (initial): C:\Users\Goo\AppData\Local\Temp\desugar_deploy.jar817229055182116543
Launcher Type: SUN_STANDARD

Environment Variables:
PATH=C:\ProgramData\Oracle\Java\javapath;C:\WINDOWS\system32;C:\WINDOWS;C:\WINDOWS\System32\Wbem;C:\WINDOWS\System32\WindowsPowerShell\v1.0\;C:\OpenSSL;;C:\WINDOWS\System32\OpenSSH\;C:\Users\Goo\AppData\Local\Microsoft\WindowsApps;
USERNAME=Goo
OS=Windows_NT
PROCESSOR_IDENTIFIER=Intel64 Family 6 Model 158 Stepping 9, GenuineIntel



---------------  S Y S T E M  ---------------

OS: Windows 10.0 , 64 bit Build 17134 (10.0.17134.1)

CPU:total 8 (initial active 8) (4 cores per cpu, 2 threads per core) family 6 model 158 stepping 9, cmov, cx8, fxsr, mmx, sse, sse2, sse3, ssse3, sse4.1, sse4.2, popcnt, avx, avx2, aes, clmul, erms, 3dnowpref, lzcnt, ht, tsc, tscinvbit, bmi1, bmi2, adx

Memory: 4k page, physical 16692940k(3632628k free), swap 16692940k(1624k free)

vm_info: OpenJDK 64-Bit Server VM (25.152-b01) for windows-amd64 JRE (1.8.0_152-release-915-b01), built by "builder" with MS VC++ 10.0 (VS2010)

time: Mon May 28 00:51:09 2018
elapsed time: 4 seconds (0d 0h 0m 4s)

