#
# There is insufficient memory for the Java Runtime Environment to continue.
# Native memory allocation (malloc) failed to allocate 136656 bytes for Chunk::new
# Possible reasons:
#   The system is out of physical RAM or swap space
#   In 32 bit mode, the process size limit was hit
# Possible solutions:
#   Reduce memory load on the system
#   Increase physical memory or swap space
#   Check if swap backing store is full
#   Use 64 bit Java on a 64 bit OS
#   Decrease Java heap size (-Xmx/-Xms)
#   Decrease number of Java threads
#   Decrease Java thread stack sizes (-Xss)
#   Set larger code cache with -XX:ReservedCodeCacheSize=
# This output file may be truncated or incomplete.
#
#  Out of Memory Error (allocation.cpp:390), pid=5400, tid=0x00000000000020bc
#
# JRE version: OpenJDK Runtime Environment (8.0_152-b01) (build 1.8.0_152-release-915-b01)
# Java VM: OpenJDK 64-Bit Server VM (25.152-b01 mixed mode windows-amd64 compressed oops)
# Failed to write core dump. Minidumps are not enabled by default on client versions of Windows
#

---------------  T H R E A D  ---------------

Current thread (0x0000000015bee800):  JavaThread "C2 CompilerThread2" daemon [_thread_in_native, id=8380, stack(0x00000000164a0000,0x00000000165a0000)]

Stack: [0x00000000164a0000,0x00000000165a0000]
[error occurred during error reporting (printing stack bounds), id 0xc0000005]

Native frames: (J=compiled Java code, j=interpreted, Vv=VM code, C=native code)


Current CompileTask:
C2:   1454  576       4       com.google.common.collect.TransformedIterator::next (14 bytes)


---------------  P R O C E S S  ---------------

Java Threads: ( => current thread )
  0x0000000015c00000 JavaThread "Service Thread" daemon [_thread_blocked, id=5668, stack(0x00000000166a0000,0x00000000167a0000)]
  0x0000000015bf9800 JavaThread "C1 CompilerThread3" daemon [_thread_blocked, id=10896, stack(0x00000000165a0000,0x00000000166a0000)]
=>0x0000000015bee800 JavaThread "C2 CompilerThread2" daemon [_thread_in_native, id=8380, stack(0x00000000164a0000,0x00000000165a0000)]
  0x0000000013c38800 JavaThread "C2 CompilerThread1" daemon [_thread_in_native, id=8296, stack(0x00000000163a0000,0x00000000164a0000)]
  0x0000000015b53800 JavaThread "C2 CompilerThread0" daemon [_thread_in_native, id=12388, stack(0x00000000162a0000,0x00000000163a0000)]
  0x0000000015b52000 JavaThread "Attach Listener" daemon [_thread_blocked, id=12660, stack(0x00000000161a0000,0x00000000162a0000)]
  0x0000000015ba8000 JavaThread "Signal Dispatcher" daemon [_thread_blocked, id=8104, stack(0x00000000160a0000,0x00000000161a0000)]
  0x00000000033e8000 JavaThread "Finalizer" daemon [_thread_blocked, id=12028, stack(0x0000000015f10000,0x0000000016010000)]
  0x00000000033e7000 JavaThread "Reference Handler" daemon [_thread_blocked, id=4368, stack(0x0000000015a10000,0x0000000015b10000)]
  0x000000000343d800 JavaThread "main" [_thread_in_Java, id=10072, stack(0x0000000002e60000,0x0000000002f60000)]

Other Threads:
  0x0000000013c25800 VMThread [stack: 0x0000000015910000,0x0000000015a10000] [id=3184]
  0x0000000015c00800 WatcherThread [stack: 0x00000000167a0000,0x00000000168a0000] [id=5536]

VM state:not at safepoint (normal execution)

VM Mutex/Monitor currently owned by a thread: None

Heap:
 PSYoungGen      total 18944K, used 13139K [0x00000000feb00000, 0x0000000100000000, 0x0000000100000000)
  eden space 16384K, 80% used [0x00000000feb00000,0x00000000ff7d4e40,0x00000000ffb00000)
  from space 2560K, 0% used [0x00000000ffd80000,0x00000000ffd80000,0x0000000100000000)
  to   space 2560K, 0% used [0x00000000ffb00000,0x00000000ffb00000,0x00000000ffd80000)
 ParOldGen       total 44032K, used 0K [0x00000000fc000000, 0x00000000feb00000, 0x00000000feb00000)
  object space 44032K, 0% used [0x00000000fc000000,0x00000000fc000000,0x00000000feb00000)
 Metaspace       used 6621K, capacity 6740K, committed 7040K, reserved 1056768K
  class space    used 773K, capacity 824K, committed 896K, reserved 1048576K

Card table byte_map: [0x00000000033f0000,0x0000000003420000] byte_map_base: 0x0000000002c10000

Marking Bits: (ParMarkBitMap*) 0x00000000677e3950
 Begin Bits: [0x0000000013020000, 0x0000000013120000)
 End Bits:   [0x0000000013120000, 0x0000000013220000)

Polling page: 0x0000000002f60000

CodeCache: size=245760Kb used=2280Kb max_used=2293Kb free=243479Kb
 bounds [0x0000000003440000, 0x00000000036b0000, 0x0000000012440000]
 total_blobs=899 nmethods=576 adapters=237
 compilation: enabled

Compilation events (10 events):
Event: 1.442 Thread 0x0000000015bee800  575       4       java.util.zip.ZipEntry::<init> (43 bytes)
Event: 1.442 Thread 0x0000000013c38800  574       4       java.util.zip.ZipFile::getZipEntry (236 bytes)
Event: 1.442 Thread 0x0000000015bee800 nmethod 575 0x000000000367b8d0 code [0x000000000367ba00, 0x000000000367ba98]
Event: 1.443 Thread 0x0000000015bee800  576       4       com.google.common.collect.TransformedIterator::next (14 bytes)
Event: 1.444 Thread 0x0000000015b53800 nmethod 571 0x0000000003679250 code [0x00000000036793c0, 0x0000000003679888]
Event: 1.444 Thread 0x0000000015b53800  577       4       com.google.common.collect.Iterators$12::next (10 bytes)
Event: 1.445 Thread 0x0000000015bf9800  582       3       java.util.HashMap::resize (359 bytes)
Event: 1.446 Thread 0x0000000015bf9800 nmethod 582 0x0000000003679cd0 code [0x0000000003679f20, 0x000000000367b148]
Event: 1.450 Thread 0x0000000013c38800 nmethod 574 0x000000000367bf10 code [0x000000000367c120, 0x000000000367c940]
Event: 1.450 Thread 0x0000000013c38800  578       4       java.util.zip.ZipFile$ZipEntryIterator::nextElement (5 bytes)

GC Heap History (0 events):
No events

Deoptimization events (2 events):
Event: 0.911 Thread 0x000000000343d800 Uncommon trap: reason=range_check action=make_not_entrant pc=0x00000000035cac20 method=sun.reflect.generics.parser.SignatureParser.current()C @ 34
Event: 1.332 Thread 0x000000000343d800 Uncommon trap: reason=unstable_if action=reinterpret pc=0x00000000035de8f8 method=java.lang.String.startsWith(Ljava/lang/String;I)Z @ 25

Classes redefined (0 events):
No events

Internal exceptions (10 events):
Event: 1.060 Thread 0x000000000343d800 Exception <a 'sun/nio/fs/WindowsException'> (0x00000000ff2d4278) thrown at [D:\src\AOSP-openjdk-cygwin\jdk8u\hotspot\src\share\vm\prims\jni.cpp, line 709]
Event: 1.060 Thread 0x000000000343d800 Exception <a 'sun/nio/fs/WindowsException'> (0x00000000ff2d48f0) thrown at [D:\src\AOSP-openjdk-cygwin\jdk8u\hotspot\src\share\vm\prims\jni.cpp, line 709]
Event: 1.060 Thread 0x000000000343d800 Exception <a 'sun/nio/fs/WindowsException'> (0x00000000ff2d50f0) thrown at [D:\src\AOSP-openjdk-cygwin\jdk8u\hotspot\src\share\vm\prims\jni.cpp, line 709]
Event: 1.060 Thread 0x000000000343d800 Exception <a 'sun/nio/fs/WindowsException'> (0x00000000ff2d5720) thrown at [D:\src\AOSP-openjdk-cygwin\jdk8u\hotspot\src\share\vm\prims\jni.cpp, line 709]
Event: 1.060 Thread 0x000000000343d800 Exception <a 'sun/nio/fs/WindowsException'> (0x00000000ff2d5f00) thrown at [D:\src\AOSP-openjdk-cygwin\jdk8u\hotspot\src\share\vm\prims\jni.cpp, line 709]
Event: 1.060 Thread 0x000000000343d800 Exception <a 'sun/nio/fs/WindowsException'> (0x00000000ff2d64d8) thrown at [D:\src\AOSP-openjdk-cygwin\jdk8u\hotspot\src\share\vm\prims\jni.cpp, line 709]
Event: 1.060 Thread 0x000000000343d800 Exception <a 'sun/nio/fs/WindowsException'> (0x00000000ff2d6c98) thrown at [D:\src\AOSP-openjdk-cygwin\jdk8u\hotspot\src\share\vm\prims\jni.cpp, line 709]
Event: 1.060 Thread 0x000000000343d800 Exception <a 'sun/nio/fs/WindowsException'> (0x00000000ff2d7228) thrown at [D:\src\AOSP-openjdk-cygwin\jdk8u\hotspot\src\share\vm\prims\jni.cpp, line 709]
Event: 1.061 Thread 0x000000000343d800 Exception <a 'sun/nio/fs/WindowsException'> (0x00000000ff2d79d8) thrown at [D:\src\AOSP-openjdk-cygwin\jdk8u\hotspot\src\share\vm\prims\jni.cpp, line 709]
Event: 1.199 Thread 0x000000000343d800 Exception <a 'sun/nio/fs/WindowsException'> (0x00000000ff310098) thrown at [D:\src\AOSP-openjdk-cygwin\jdk8u\hotspot\src\share\vm\prims\jni.cpp, line 709]

Events (10 events):
Event: 1.323 loading class com/google/common/base/Functions done
Event: 1.324 loading class com/google/common/base/Functions$ToStringFunction
Event: 1.324 loading class com/google/common/base/Functions$ToStringFunction done
Event: 1.324 loading class com/google/common/collect/Iterators$7
Event: 1.324 loading class com/google/common/collect/Iterators$7 done
Event: 1.331 loading class com/google/common/collect/TransformedIterator
Event: 1.331 loading class com/google/common/collect/TransformedIterator done
Event: 1.332 Thread 0x000000000343d800 Uncommon trap: trap_request=0xffffff65 fr.pc=0x00000000035de8f8
Event: 1.332 Thread 0x000000000343d800 DEOPT PACKING pc=0x00000000035de8f8 sp=0x0000000002f5f210
Event: 1.332 Thread 0x000000000343d800 DEOPT UNPACKING pc=0x000000000348556a sp=0x0000000002f5f188 mode 2


Dynamic libraries:
0x00007ff708150000 - 0x00007ff708181000 	C:\Program Files\Android\Android Studio\jre\bin\java.exe
0x00007ffba9340000 - 0x00007ffba9521000 	C:\WINDOWS\SYSTEM32\ntdll.dll
0x00007ffba6ca0000 - 0x00007ffba6d52000 	C:\WINDOWS\System32\KERNEL32.DLL
0x00007ffba6070000 - 0x00007ffba62e3000 	C:\WINDOWS\System32\KERNELBASE.dll
0x00007ffba9260000 - 0x00007ffba9301000 	C:\WINDOWS\System32\ADVAPI32.dll
0x00007ffba77b0000 - 0x00007ffba784e000 	C:\WINDOWS\System32\msvcrt.dll
0x00007ffba71b0000 - 0x00007ffba720b000 	C:\WINDOWS\System32\sechost.dll
0x00007ffba7580000 - 0x00007ffba76a4000 	C:\WINDOWS\System32\RPCRT4.dll
0x00007ffba7ac0000 - 0x00007ffba7c50000 	C:\WINDOWS\System32\USER32.dll
0x00007ffba5790000 - 0x00007ffba57b0000 	C:\WINDOWS\System32\win32u.dll
0x00007ffba67e0000 - 0x00007ffba6808000 	C:\WINDOWS\System32\GDI32.dll
0x00007ffba6530000 - 0x00007ffba66c2000 	C:\WINDOWS\System32\gdi32full.dll
0x00007ffba5fd0000 - 0x00007ffba606f000 	C:\WINDOWS\System32\msvcp_win.dll
0x00007ffba66d0000 - 0x00007ffba67ca000 	C:\WINDOWS\System32\ucrtbase.dll
0x00007ffb93ad0000 - 0x00007ffb93d39000 	C:\WINDOWS\WinSxS\amd64_microsoft.windows.common-controls_6595b64144ccf1df_6.0.17134.48_none_b4b2216a3cb4dd3e\COMCTL32.dll
0x00007ffba6810000 - 0x00007ffba6b33000 	C:\WINDOWS\System32\combase.dll
0x00007ffba5710000 - 0x00007ffba578a000 	C:\WINDOWS\System32\bcryptPrimitives.dll
0x00007ffba9090000 - 0x00007ffba90bd000 	C:\WINDOWS\System32\IMM32.DLL
0x0000000067b70000 - 0x0000000067c42000 	C:\Program Files\Android\Android Studio\jre\jre\bin\msvcr100.dll
0x0000000067020000 - 0x000000006785e000 	C:\Program Files\Android\Android Studio\jre\jre\bin\server\jvm.dll
0x00007ffba91d0000 - 0x00007ffba91d8000 	C:\WINDOWS\System32\PSAPI.DLL
0x00007ffba39e0000 - 0x00007ffba39e9000 	C:\WINDOWS\SYSTEM32\WSOCK32.dll
0x00007ffba7510000 - 0x00007ffba757c000 	C:\WINDOWS\System32\WS2_32.dll
0x00007ffb95780000 - 0x00007ffb957a3000 	C:\WINDOWS\SYSTEM32\WINMM.dll
0x00007ffb9d7c0000 - 0x00007ffb9d7ca000 	C:\WINDOWS\SYSTEM32\VERSION.dll
0x00007ffb95570000 - 0x00007ffb9559a000 	C:\WINDOWS\SYSTEM32\WINMMBASE.dll
0x00007ffba64e0000 - 0x00007ffba6529000 	C:\WINDOWS\System32\cfgmgr32.dll
0x00007ffba0860000 - 0x00007ffba086f000 	C:\Program Files\Android\Android Studio\jre\jre\bin\verify.dll
0x00007ffb9d7f0000 - 0x00007ffb9d819000 	C:\Program Files\Android\Android Studio\jre\jre\bin\java.dll
0x00007ffba0840000 - 0x00007ffba0856000 	C:\Program Files\Android\Android Studio\jre\jre\bin\zip.dll
0x00007ffba7c50000 - 0x00007ffba9090000 	C:\WINDOWS\System32\SHELL32.dll
0x00007ffba9120000 - 0x00007ffba91c9000 	C:\WINDOWS\System32\shcore.dll
0x00007ffba58c0000 - 0x00007ffba5fcd000 	C:\WINDOWS\System32\windows.storage.dll
0x00007ffba90c0000 - 0x00007ffba9111000 	C:\WINDOWS\System32\shlwapi.dll
0x00007ffba5680000 - 0x00007ffba5691000 	C:\WINDOWS\System32\kernel.appcore.dll
0x00007ffba56f0000 - 0x00007ffba570f000 	C:\WINDOWS\System32\profapi.dll
0x00007ffba56a0000 - 0x00007ffba56ec000 	C:\WINDOWS\System32\powrprof.dll
0x00007ffba5650000 - 0x00007ffba565a000 	C:\WINDOWS\System32\FLTLIB.DLL
0x00007ffba5080000 - 0x00007ffba5097000 	C:\WINDOWS\SYSTEM32\CRYPTSP.dll
0x00007ffba4ab0000 - 0x00007ffba4ae3000 	C:\WINDOWS\system32\rsaenh.dll
0x00007ffba51b0000 - 0x00007ffba51d5000 	C:\WINDOWS\SYSTEM32\bcrypt.dll
0x00007ffba5580000 - 0x00007ffba55a8000 	C:\WINDOWS\SYSTEM32\USERENV.dll
0x00007ffba50a0000 - 0x00007ffba50ab000 	C:\WINDOWS\SYSTEM32\CRYPTBASE.dll
0x00007ffb9e480000 - 0x00007ffb9e49a000 	C:\Program Files\Android\Android Studio\jre\jre\bin\net.dll
0x00007ffba4ed0000 - 0x00007ffba4f36000 	C:\WINDOWS\system32\mswsock.dll
0x00007ffba4c50000 - 0x00007ffba4c88000 	C:\WINDOWS\SYSTEM32\IPHLPAPI.DLL
0x00007ffba7430000 - 0x00007ffba7438000 	C:\WINDOWS\System32\NSI.dll
0x00007ffb9a1f0000 - 0x00007ffb9a206000 	C:\WINDOWS\SYSTEM32\dhcpcsvc6.DLL
0x00007ffb9a120000 - 0x00007ffb9a13a000 	C:\WINDOWS\SYSTEM32\dhcpcsvc.DLL
0x00007ffb9d970000 - 0x00007ffb9d981000 	C:\Program Files\Android\Android Studio\jre\jre\bin\nio.dll

VM Arguments:
jvm_args: -Djava.awt.headless=true -Xmx64M -Dfile.encoding=x-windows-949 -Duser.country=KR -Duser.language=ko -Duser.variant 
java_command: com.google.devtools.build.android.desugar.Desugar @D:\test\app\build\intermediates\tmp\desugar_args1365504797985545416
java_class_path (initial): C:\Users\Goo\AppData\Local\Temp\desugar_deploy.jar7068671870238761673
Launcher Type: SUN_STANDARD

Environment Variables:
PATH=C:\ProgramData\Oracle\Java\javapath;C:\WINDOWS\system32;C:\WINDOWS;C:\WINDOWS\System32\Wbem;C:\WINDOWS\System32\WindowsPowerShell\v1.0\;C:\OpenSSL;;C:\WINDOWS\System32\OpenSSH\;C:\Users\Goo\AppData\Local\Microsoft\WindowsApps;
USERNAME=Goo
OS=Windows_NT
PROCESSOR_IDENTIFIER=Intel64 Family 6 Model 158 Stepping 9, GenuineIntel



---------------  S Y S T E M  ---------------

OS: Windows 10.0 , 64 bit Build 17134 (10.0.17134.1)

CPU:total 8 (initial active 8) (4 cores per cpu, 2 threads per core) family 6 model 158 stepping 9, cmov, cx8, fxsr, mmx, sse, sse2, sse3, ssse3, sse4.1, sse4.2, popcnt, avx, avx2, aes, clmul, erms, 3dnowpref, lzcnt, ht, tsc, tscinvbit, bmi1, bmi2, adx

Memory: 4k page, physical 16692940k(4724160k free), swap 16692940k(372k free)

vm_info: OpenJDK 64-Bit Server VM (25.152-b01) for windows-amd64 JRE (1.8.0_152-release-915-b01), built by "builder" with MS VC++ 10.0 (VS2010)

time: Wed May 23 20:38:14 2018
elapsed time: 1 seconds (0d 0h 0m 1s)

