#
# There is insufficient memory for the Java Runtime Environment to continue.
# Native memory allocation (malloc) failed to allocate 354256 bytes for Chunk::new
# Possible reasons:
#   The system is out of physical RAM or swap space
#   In 32 bit mode, the process size limit was hit
# Possible solutions:
#   Reduce memory load on the system
#   Increase physical memory or swap space
#   Check if swap backing store is full
#   Use 64 bit Java on a 64 bit OS
#   Decrease Java heap size (-Xmx/-Xms)
#   Decrease number of Java threads
#   Decrease Java thread stack sizes (-Xss)
#   Set larger code cache with -XX:ReservedCodeCacheSize=
# This output file may be truncated or incomplete.
#
#  Out of Memory Error (allocation.cpp:390), pid=5496, tid=0x0000000000002ef4
#
# JRE version: OpenJDK Runtime Environment (8.0_152-b01) (build 1.8.0_152-release-915-b01)
# Java VM: OpenJDK 64-Bit Server VM (25.152-b01 mixed mode windows-amd64 compressed oops)
# Failed to write core dump. Minidumps are not enabled by default on client versions of Windows
#

---------------  T H R E A D  ---------------

Current thread (0x000000001522b800):  JavaThread "C2 CompilerThread0" daemon [_thread_in_native, id=12020, stack(0x00000000158f0000,0x00000000159f0000)]

Stack: [0x00000000158f0000,0x00000000159f0000]
[error occurred during error reporting (printing stack bounds), id 0xc0000005]

Native frames: (J=compiled Java code, j=interpreted, Vv=VM code, C=native code)


Current CompileTask:
C2:   4372 1109       4       com.google.devtools.build.android.desugar.InterfaceDesugaring$InterfaceInvocationRewriter::visitMethodInsn (279 bytes)


---------------  P R O C E S S  ---------------

Java Threads: ( => current thread )
  0x00000000152e7800 JavaThread "Service Thread" daemon [_thread_blocked, id=7588, stack(0x0000000015cf0000,0x0000000015df0000)]
  0x0000000015286000 JavaThread "C1 CompilerThread3" daemon [_thread_blocked, id=2096, stack(0x0000000015bf0000,0x0000000015cf0000)]
  0x000000001331d800 JavaThread "C2 CompilerThread2" daemon [_thread_in_native, id=12680, stack(0x0000000015af0000,0x0000000015bf0000)]
  0x000000001331a800 JavaThread "C2 CompilerThread1" daemon [_thread_in_native, id=6760, stack(0x00000000159f0000,0x0000000015af0000)]
=>0x000000001522b800 JavaThread "C2 CompilerThread0" daemon [_thread_in_native, id=12020, stack(0x00000000158f0000,0x00000000159f0000)]
  0x000000001522a000 JavaThread "Attach Listener" daemon [_thread_blocked, id=2408, stack(0x00000000157f0000,0x00000000158f0000)]
  0x0000000015280000 JavaThread "Signal Dispatcher" daemon [_thread_blocked, id=13948, stack(0x00000000156f0000,0x00000000157f0000)]
  0x0000000002b5e000 JavaThread "Finalizer" daemon [_thread_blocked, id=9256, stack(0x00000000155f0000,0x00000000156f0000)]
  0x0000000002b57000 JavaThread "Reference Handler" daemon [_thread_blocked, id=13716, stack(0x00000000150f0000,0x00000000151f0000)]
  0x00000000025ad800 JavaThread "main" [_thread_in_Java, id=8476, stack(0x0000000002960000,0x0000000002a60000)]

Other Threads:
  0x0000000013305000 VMThread [stack: 0x0000000014ff0000,0x00000000150f0000] [id=6428]
  0x00000000152ec000 WatcherThread [stack: 0x0000000015df0000,0x0000000015ef0000] [id=11316]

VM state:not at safepoint (normal execution)

VM Mutex/Monitor currently owned by a thread: None

Heap:
 PSYoungGen      total 18944K, used 9080K [0x00000000feb00000, 0x0000000100000000, 0x0000000100000000)
  eden space 16384K, 39% used [0x00000000feb00000,0x00000000ff161da0,0x00000000ffb00000)
  from space 2560K, 99% used [0x00000000ffb00000,0x00000000ffd7c318,0x00000000ffd80000)
  to   space 2560K, 0% used [0x00000000ffd80000,0x00000000ffd80000,0x0000000100000000)
 ParOldGen       total 44032K, used 6831K [0x00000000fc000000, 0x00000000feb00000, 0x00000000feb00000)
  object space 44032K, 15% used [0x00000000fc000000,0x00000000fc6abe08,0x00000000feb00000)
 Metaspace       used 7732K, capacity 7906K, committed 8192K, reserved 1056768K
  class space    used 875K, capacity 957K, committed 1024K, reserved 1048576K

Card table byte_map: [0x0000000000bc0000,0x0000000000bf0000] byte_map_base: 0x00000000003e0000

Marking Bits: (ParMarkBitMap*) 0x00000000673d3950
 Begin Bits: [0x0000000012720000, 0x0000000012820000)
 End Bits:   [0x0000000012820000, 0x0000000012920000)

Polling page: 0x00000000003f0000

CodeCache: size=245760Kb used=4237Kb max_used=4237Kb free=241522Kb
 bounds [0x0000000002b60000, 0x0000000002f90000, 0x0000000011b60000]
 total_blobs=1475 nmethods=1140 adapters=248
 compilation: enabled

Compilation events (10 events):
Event: 4.362 Thread 0x0000000015286000 1144       3       org.objectweb.asm.tree.IntInsnNode::<init> (11 bytes)
Event: 4.362 Thread 0x0000000015286000 nmethod 1144 0x0000000002f83f50 code [0x0000000002f840c0, 0x0000000002f842d0]
Event: 4.362 Thread 0x0000000015286000 1146       1       sun.util.calendar.CalendarDate::setNormalized (6 bytes)
Event: 4.362 Thread 0x0000000015286000 nmethod 1146 0x0000000002f843d0 code [0x0000000002f84520, 0x0000000002f84630]
Event: 4.362 Thread 0x0000000015286000 1147       3       org.objectweb.asm.tree.TryCatchBlockNode::updateIndex (101 bytes)
Event: 4.362 Thread 0x0000000015286000 nmethod 1147 0x0000000002f84690 code [0x0000000002f84880, 0x0000000002f85238]
Event: 4.362 Thread 0x0000000015286000 1145       3       org.objectweb.asm.tree.IntInsnNode::accept (18 bytes)
Event: 4.363 Thread 0x0000000015286000 nmethod 1145 0x0000000002f85550 code [0x0000000002f856c0, 0x0000000002f859b8]
Event: 4.365 Thread 0x0000000015286000 1149       3       org.objectweb.asm.MethodWriter::visitIntInsn (112 bytes)
Event: 4.366 Thread 0x0000000015286000 nmethod 1149 0x0000000002f85a90 code [0x0000000002f85c40, 0x0000000002f86108]

GC Heap History (6 events):
Event: 1.038 GC heap before
{Heap before GC invocations=1 (full 0):
 PSYoungGen      total 18944K, used 16384K [0x00000000feb00000, 0x0000000100000000, 0x0000000100000000)
  eden space 16384K, 100% used [0x00000000feb00000,0x00000000ffb00000,0x00000000ffb00000)
  from space 2560K, 0% used [0x00000000ffd80000,0x00000000ffd80000,0x0000000100000000)
  to   space 2560K, 0% used [0x00000000ffb00000,0x00000000ffb00000,0x00000000ffd80000)
 ParOldGen       total 44032K, used 0K [0x00000000fc000000, 0x00000000feb00000, 0x00000000feb00000)
  object space 44032K, 0% used [0x00000000fc000000,0x00000000fc000000,0x00000000feb00000)
 Metaspace       used 6625K, capacity 6800K, committed 7040K, reserved 1056768K
  class space    used 773K, capacity 824K, committed 896K, reserved 1048576K
Event: 1.061 GC heap after
Heap after GC invocations=1 (full 0):
 PSYoungGen      total 18944K, used 2537K [0x00000000feb00000, 0x0000000100000000, 0x0000000100000000)
  eden space 16384K, 0% used [0x00000000feb00000,0x00000000feb00000,0x00000000ffb00000)
  from space 2560K, 99% used [0x00000000ffb00000,0x00000000ffd7a620,0x00000000ffd80000)
  to   space 2560K, 0% used [0x00000000ffd80000,0x00000000ffd80000,0x0000000100000000)
 ParOldGen       total 44032K, used 1442K [0x00000000fc000000, 0x00000000feb00000, 0x00000000feb00000)
  object space 44032K, 3% used [0x00000000fc000000,0x00000000fc168a58,0x00000000feb00000)
 Metaspace       used 6625K, capacity 6800K, committed 7040K, reserved 1056768K
  class space    used 773K, capacity 824K, committed 896K, reserved 1048576K
}
Event: 1.424 GC heap before
{Heap before GC invocations=2 (full 0):
 PSYoungGen      total 18944K, used 18921K [0x00000000feb00000, 0x0000000100000000, 0x0000000100000000)
  eden space 16384K, 100% used [0x00000000feb00000,0x00000000ffb00000,0x00000000ffb00000)
  from space 2560K, 99% used [0x00000000ffb00000,0x00000000ffd7a620,0x00000000ffd80000)
  to   space 2560K, 0% used [0x00000000ffd80000,0x00000000ffd80000,0x0000000100000000)
 ParOldGen       total 44032K, used 1442K [0x00000000fc000000, 0x00000000feb00000, 0x00000000feb00000)
  object space 44032K, 3% used [0x00000000fc000000,0x00000000fc168a58,0x00000000feb00000)
 Metaspace       used 6970K, capacity 7106K, committed 7296K, reserved 1056768K
  class space    used 816K, capacity 861K, committed 896K, reserved 1048576K
Event: 1.447 GC heap after
Heap after GC invocations=2 (full 0):
 PSYoungGen      total 18944K, used 2547K [0x00000000feb00000, 0x0000000100000000, 0x0000000100000000)
  eden space 16384K, 0% used [0x00000000feb00000,0x00000000feb00000,0x00000000ffb00000)
  from space 2560K, 99% used [0x00000000ffd80000,0x00000000ffffce10,0x0000000100000000)
  to   space 2560K, 0% used [0x00000000ffb00000,0x00000000ffb00000,0x00000000ffd80000)
 ParOldGen       total 44032K, used 5943K [0x00000000fc000000, 0x00000000feb00000, 0x00000000feb00000)
  object space 44032K, 13% used [0x00000000fc000000,0x00000000fc5cdf50,0x00000000feb00000)
 Metaspace       used 6970K, capacity 7106K, committed 7296K, reserved 1056768K
  class space    used 816K, capacity 861K, committed 896K, reserved 1048576K
}
Event: 4.023 GC heap before
{Heap before GC invocations=3 (full 0):
 PSYoungGen      total 18944K, used 18931K [0x00000000feb00000, 0x0000000100000000, 0x0000000100000000)
  eden space 16384K, 100% used [0x00000000feb00000,0x00000000ffb00000,0x00000000ffb00000)
  from space 2560K, 99% used [0x00000000ffd80000,0x00000000ffffce10,0x0000000100000000)
  to   space 2560K, 0% used [0x00000000ffb00000,0x00000000ffb00000,0x00000000ffd80000)
 ParOldGen       total 44032K, used 5943K [0x00000000fc000000, 0x00000000feb00000, 0x00000000feb00000)
  object space 44032K, 13% used [0x00000000fc000000,0x00000000fc5cdf50,0x00000000feb00000)
 Metaspace       used 7709K, capacity 7906K, committed 8192K, reserved 1056768K
  class space    used 875K, capacity 957K, committed 1024K, reserved 1048576K
Event: 4.155 GC heap after
Heap after GC invocations=3 (full 0):
 PSYoungGen      total 18944K, used 2544K [0x00000000feb00000, 0x0000000100000000, 0x0000000100000000)
  eden space 16384K, 0% used [0x00000000feb00000,0x00000000feb00000,0x00000000ffb00000)
  from space 2560K, 99% used [0x00000000ffb00000,0x00000000ffd7c318,0x00000000ffd80000)
  to   space 2560K, 0% used [0x00000000ffd80000,0x00000000ffd80000,0x0000000100000000)
 ParOldGen       total 44032K, used 6831K [0x00000000fc000000, 0x00000000feb00000, 0x00000000feb00000)
  object space 44032K, 15% used [0x00000000fc000000,0x00000000fc6abe08,0x00000000feb00000)
 Metaspace       used 7709K, capacity 7906K, committed 8192K, reserved 1056768K
  class space    used 875K, capacity 957K, committed 1024K, reserved 1048576K
}

Deoptimization events (10 events):
Event: 1.399 Thread 0x00000000025ad800 Uncommon trap: reason=unloaded action=reinterpret pc=0x0000000002dae6fc method=java.util.zip.ZipEntry.setExtra0([BZ)V @ 37
Event: 1.478 Thread 0x00000000025ad800 Uncommon trap: reason=unstable_if action=reinterpret pc=0x0000000002cf47b8 method=java.lang.String.<init>([CII)V @ 18
Event: 1.667 Thread 0x00000000025ad800 Uncommon trap: reason=unstable_if action=reinterpret pc=0x0000000002e94dd8 method=org.objectweb.asm.Item.a(Lorg/objectweb/asm/Item;)Z @ 345
Event: 2.028 Thread 0x00000000025ad800 Uncommon trap: reason=unstable_if action=reinterpret pc=0x0000000002e999f8 method=org.objectweb.asm.Type.getArgumentsAndReturnSizes(Ljava/lang/String;)I @ 41
Event: 2.039 Thread 0x00000000025ad800 Uncommon trap: reason=unstable_if action=reinterpret pc=0x0000000002edad64 method=org.objectweb.asm.MethodWriter.visitVarInsn(II)V @ 142
Event: 3.856 Thread 0x00000000025ad800 Uncommon trap: reason=unstable_if action=reinterpret pc=0x0000000002f303f0 method=org.objectweb.asm.Type.getArgumentsAndReturnSizes(Ljava/lang/String;)I @ 130
Event: 3.857 Thread 0x00000000025ad800 Uncommon trap: reason=unstable_if action=reinterpret pc=0x0000000002f1c3dc method=org.objectweb.asm.MethodWriter.visitVarInsn(II)V @ 136
Event: 3.857 Thread 0x00000000025ad800 Uncommon trap: reason=unstable_if action=reinterpret pc=0x0000000002f212ac method=org.objectweb.asm.Type.getArgumentsAndReturnSizes(Ljava/lang/String;)I @ 130
Event: 4.337 Thread 0x00000000025ad800 Uncommon trap: reason=null_check action=make_not_entrant pc=0x0000000002f6c258 method=com.google.devtools.build.android.desugar.InterfaceDesugaring$InterfaceInvocationRewriter.visitMethodInsn(ILjava/lang/String;Ljava/lang/String;Ljava/lang/String;Z)V @ 10
Event: 4.350 Thread 0x00000000025ad800 Uncommon trap: reason=unstable_if action=reinterpret pc=0x0000000002f65df4 method=org.objectweb.asm.tree.MethodNode.getLabelNodes([Ljava/lang/Object;)[Ljava/lang/Object; @ 24

Classes redefined (0 events):
No events

Internal exceptions (10 events):
Event: 2.262 Thread 0x00000000025ad800 Exception <a 'sun/nio/fs/WindowsException'> (0x00000000ff605920) thrown at [D:\src\AOSP-openjdk-cygwin\jdk8u\hotspot\src\share\vm\prims\jni.cpp, line 709]
Event: 3.209 Thread 0x00000000025ad800 Exception <a 'sun/nio/fs/WindowsException'> (0x00000000ff608dd8) thrown at [D:\src\AOSP-openjdk-cygwin\jdk8u\hotspot\src\share\vm\prims\jni.cpp, line 709]
Event: 3.211 Thread 0x00000000025ad800 Exception <a 'sun/nio/fs/WindowsException'> (0x00000000ff6092b0) thrown at [D:\src\AOSP-openjdk-cygwin\jdk8u\hotspot\src\share\vm\prims\jni.cpp, line 709]
Event: 3.595 Thread 0x00000000025ad800 Exception <a 'sun/nio/fs/WindowsException'> (0x00000000ff60c750) thrown at [D:\src\AOSP-openjdk-cygwin\jdk8u\hotspot\src\share\vm\prims\jni.cpp, line 709]
Event: 3.665 Thread 0x00000000025ad800 Exception <a 'sun/nio/fs/WindowsException'> (0x00000000ff60cc28) thrown at [D:\src\AOSP-openjdk-cygwin\jdk8u\hotspot\src\share\vm\prims\jni.cpp, line 709]
Event: 3.811 Thread 0x00000000025ad800 Exception <a 'sun/nio/fs/WindowsException'> (0x00000000ff63b858) thrown at [D:\src\AOSP-openjdk-cygwin\jdk8u\hotspot\src\share\vm\prims\jni.cpp, line 709]
Event: 3.823 Thread 0x00000000025ad800 Exception <a 'sun/nio/fs/WindowsException'> (0x00000000ff63bd30) thrown at [D:\src\AOSP-openjdk-cygwin\jdk8u\hotspot\src\share\vm\prims\jni.cpp, line 709]
Event: 3.967 Thread 0x00000000025ad800 Exception <a 'sun/nio/fs/WindowsException'> (0x00000000ff8ba430) thrown at [D:\src\AOSP-openjdk-cygwin\jdk8u\hotspot\src\share\vm\prims\jni.cpp, line 709]
Event: 3.967 Thread 0x00000000025ad800 Exception <a 'sun/nio/fs/WindowsException'> (0x00000000ff8ba908) thrown at [D:\src\AOSP-openjdk-cygwin\jdk8u\hotspot\src\share\vm\prims\jni.cpp, line 709]
Event: 4.336 Thread 0x00000000025ad800 Implicit null exception at 0x0000000002f698b2 to 0x0000000002f6c249

Events (10 events):
Event: 4.350 Thread 0x00000000025ad800 DEOPT UNPACKING pc=0x0000000002ba75bf sp=0x0000000002a5eaf0 mode 0
Event: 4.350 Thread 0x00000000025ad800 Uncommon trap: trap_request=0xffffff65 fr.pc=0x0000000002f65df4
Event: 4.350 Thread 0x00000000025ad800 DEOPT PACKING pc=0x0000000002f65df4 sp=0x0000000002a5ea60
Event: 4.350 Thread 0x00000000025ad800 DEOPT UNPACKING pc=0x0000000002ba556a sp=0x0000000002a5e9f0 mode 2
Event: 4.354 Thread 0x00000000025ad800 DEOPT PACKING pc=0x0000000002e52658 sp=0x0000000002a5eb40
Event: 4.354 Thread 0x00000000025ad800 DEOPT UNPACKING pc=0x0000000002ba75bf sp=0x0000000002a5eaf0 mode 0
Event: 4.357 Thread 0x00000000025ad800 DEOPT PACKING pc=0x0000000002e52658 sp=0x0000000002a5eb40
Event: 4.357 Thread 0x00000000025ad800 DEOPT UNPACKING pc=0x0000000002ba75bf sp=0x0000000002a5eaf0 mode 0
Event: 4.360 Thread 0x00000000025ad800 DEOPT PACKING pc=0x0000000002e52658 sp=0x0000000002a5eb40
Event: 4.360 Thread 0x00000000025ad800 DEOPT UNPACKING pc=0x0000000002ba75bf sp=0x0000000002a5eaf0 mode 0


Dynamic libraries:
0x00007ff6c8c60000 - 0x00007ff6c8c91000 	C:\Program Files\Android\Android Studio\jre\bin\java.exe
0x00007ffba9340000 - 0x00007ffba9521000 	C:\WINDOWS\SYSTEM32\ntdll.dll
0x00007ffba6ca0000 - 0x00007ffba6d52000 	C:\WINDOWS\System32\KERNEL32.DLL
0x00007ffba6070000 - 0x00007ffba62e3000 	C:\WINDOWS\System32\KERNELBASE.dll
0x00007ffba9260000 - 0x00007ffba9301000 	C:\WINDOWS\System32\ADVAPI32.dll
0x00007ffba77b0000 - 0x00007ffba784e000 	C:\WINDOWS\System32\msvcrt.dll
0x00007ffba71b0000 - 0x00007ffba720b000 	C:\WINDOWS\System32\sechost.dll
0x00007ffba7580000 - 0x00007ffba76a4000 	C:\WINDOWS\System32\RPCRT4.dll
0x00007ffba7ac0000 - 0x00007ffba7c50000 	C:\WINDOWS\System32\USER32.dll
0x00007ffba5790000 - 0x00007ffba57b0000 	C:\WINDOWS\System32\win32u.dll
0x00007ffba67e0000 - 0x00007ffba6808000 	C:\WINDOWS\System32\GDI32.dll
0x00007ffba6530000 - 0x00007ffba66c2000 	C:\WINDOWS\System32\gdi32full.dll
0x00007ffba5fd0000 - 0x00007ffba606f000 	C:\WINDOWS\System32\msvcp_win.dll
0x00007ffba66d0000 - 0x00007ffba67ca000 	C:\WINDOWS\System32\ucrtbase.dll
0x00007ffb93ad0000 - 0x00007ffb93d39000 	C:\WINDOWS\WinSxS\amd64_microsoft.windows.common-controls_6595b64144ccf1df_6.0.17134.48_none_b4b2216a3cb4dd3e\COMCTL32.dll
0x00007ffba6810000 - 0x00007ffba6b33000 	C:\WINDOWS\System32\combase.dll
0x00007ffba5710000 - 0x00007ffba578a000 	C:\WINDOWS\System32\bcryptPrimitives.dll
0x00007ffba9090000 - 0x00007ffba90bd000 	C:\WINDOWS\System32\IMM32.DLL
0x0000000069530000 - 0x0000000069602000 	C:\Program Files\Android\Android Studio\jre\jre\bin\msvcr100.dll
0x0000000066c10000 - 0x000000006744e000 	C:\Program Files\Android\Android Studio\jre\jre\bin\server\jvm.dll
0x00007ffba91d0000 - 0x00007ffba91d8000 	C:\WINDOWS\System32\PSAPI.DLL
0x00007ffba1d20000 - 0x00007ffba1d29000 	C:\WINDOWS\SYSTEM32\WSOCK32.dll
0x00007ffba7510000 - 0x00007ffba757c000 	C:\WINDOWS\System32\WS2_32.dll
0x00007ffb9d7c0000 - 0x00007ffb9d7ca000 	C:\WINDOWS\SYSTEM32\VERSION.dll
0x00007ffb95780000 - 0x00007ffb957a3000 	C:\WINDOWS\SYSTEM32\WINMM.dll
0x00007ffb95570000 - 0x00007ffb9559a000 	C:\WINDOWS\SYSTEM32\winmmbase.dll
0x00007ffba64e0000 - 0x00007ffba6529000 	C:\WINDOWS\System32\cfgmgr32.dll
0x00007ffba3a40000 - 0x00007ffba3a4f000 	C:\Program Files\Android\Android Studio\jre\jre\bin\verify.dll
0x00007ffba1b00000 - 0x00007ffba1b29000 	C:\Program Files\Android\Android Studio\jre\jre\bin\java.dll
0x00007ffba1280000 - 0x00007ffba1296000 	C:\Program Files\Android\Android Studio\jre\jre\bin\zip.dll
0x00007ffba7c50000 - 0x00007ffba9090000 	C:\WINDOWS\System32\SHELL32.dll
0x00007ffba9120000 - 0x00007ffba91c9000 	C:\WINDOWS\System32\shcore.dll
0x00007ffba58c0000 - 0x00007ffba5fcd000 	C:\WINDOWS\System32\windows.storage.dll
0x00007ffba90c0000 - 0x00007ffba9111000 	C:\WINDOWS\System32\shlwapi.dll
0x00007ffba5680000 - 0x00007ffba5691000 	C:\WINDOWS\System32\kernel.appcore.dll
0x00007ffba56f0000 - 0x00007ffba570f000 	C:\WINDOWS\System32\profapi.dll
0x00007ffba56a0000 - 0x00007ffba56ec000 	C:\WINDOWS\System32\powrprof.dll
0x00007ffba5650000 - 0x00007ffba565a000 	C:\WINDOWS\System32\FLTLIB.DLL
0x00007ffba5080000 - 0x00007ffba5097000 	C:\WINDOWS\SYSTEM32\CRYPTSP.dll
0x00007ffba4ab0000 - 0x00007ffba4ae3000 	C:\WINDOWS\system32\rsaenh.dll
0x00007ffba51b0000 - 0x00007ffba51d5000 	C:\WINDOWS\SYSTEM32\bcrypt.dll
0x00007ffba5580000 - 0x00007ffba55a8000 	C:\WINDOWS\SYSTEM32\USERENV.dll
0x00007ffba50a0000 - 0x00007ffba50ab000 	C:\WINDOWS\SYSTEM32\CRYPTBASE.dll
0x00007ffba1180000 - 0x00007ffba119a000 	C:\Program Files\Android\Android Studio\jre\jre\bin\net.dll
0x00007ffba4ed0000 - 0x00007ffba4f36000 	C:\WINDOWS\system32\mswsock.dll
0x00007ffba4c50000 - 0x00007ffba4c88000 	C:\WINDOWS\SYSTEM32\IPHLPAPI.DLL
0x00007ffba7430000 - 0x00007ffba7438000 	C:\WINDOWS\System32\NSI.dll
0x00007ffb9a1f0000 - 0x00007ffb9a206000 	C:\WINDOWS\SYSTEM32\dhcpcsvc6.DLL
0x00007ffb9a120000 - 0x00007ffb9a13a000 	C:\WINDOWS\SYSTEM32\dhcpcsvc.DLL
0x00007ffb9f410000 - 0x00007ffb9f421000 	C:\Program Files\Android\Android Studio\jre\jre\bin\nio.dll

VM Arguments:
jvm_args: -Djava.awt.headless=true -Xmx64M -Dfile.encoding=x-windows-949 -Duser.country=KR -Duser.language=ko -Duser.variant 
java_command: com.google.devtools.build.android.desugar.Desugar @D:\test\app\build\intermediates\tmp\desugar_args6483430933739731898
java_class_path (initial): C:\Users\Goo\AppData\Local\Temp\desugar_deploy.jar817229055182116543
Launcher Type: SUN_STANDARD

Environment Variables:
PATH=C:\ProgramData\Oracle\Java\javapath;C:\WINDOWS\system32;C:\WINDOWS;C:\WINDOWS\System32\Wbem;C:\WINDOWS\System32\WindowsPowerShell\v1.0\;C:\OpenSSL;;C:\WINDOWS\System32\OpenSSH\;C:\Users\Goo\AppData\Local\Microsoft\WindowsApps;
USERNAME=Goo
OS=Windows_NT
PROCESSOR_IDENTIFIER=Intel64 Family 6 Model 158 Stepping 9, GenuineIntel



---------------  S Y S T E M  ---------------

OS: Windows 10.0 , 64 bit Build 17134 (10.0.17134.1)

CPU:total 8 (initial active 8) (4 cores per cpu, 2 threads per core) family 6 model 158 stepping 9, cmov, cx8, fxsr, mmx, sse, sse2, sse3, ssse3, sse4.1, sse4.2, popcnt, avx, avx2, aes, clmul, erms, 3dnowpref, lzcnt, ht, tsc, tscinvbit, bmi1, bmi2, adx

Memory: 4k page, physical 16692940k(3631632k free), swap 16692940k(2560k free)

vm_info: OpenJDK 64-Bit Server VM (25.152-b01) for windows-amd64 JRE (1.8.0_152-release-915-b01), built by "builder" with MS VC++ 10.0 (VS2010)

time: Mon May 28 00:51:08 2018
elapsed time: 4 seconds (0d 0h 0m 4s)

