#
# There is insufficient memory for the Java Runtime Environment to continue.
# Native memory allocation (malloc) failed to allocate 42656 bytes for Chunk::new
# Possible reasons:
#   The system is out of physical RAM or swap space
#   In 32 bit mode, the process size limit was hit
# Possible solutions:
#   Reduce memory load on the system
#   Increase physical memory or swap space
#   Check if swap backing store is full
#   Use 64 bit Java on a 64 bit OS
#   Decrease Java heap size (-Xmx/-Xms)
#   Decrease number of Java threads
#   Decrease Java thread stack sizes (-Xss)
#   Set larger code cache with -XX:ReservedCodeCacheSize=
# This output file may be truncated or incomplete.
#
#  Out of Memory Error (allocation.cpp:390), pid=6264, tid=0x0000000000003234
#
# JRE version: OpenJDK Runtime Environment (8.0_152-b01) (build 1.8.0_152-release-915-b01)
# Java VM: OpenJDK 64-Bit Server VM (25.152-b01 mixed mode windows-amd64 compressed oops)
# Failed to write core dump. Minidumps are not enabled by default on client versions of Windows
#

---------------  T H R E A D  ---------------

Current thread (0x0000000012ffa800):  JavaThread "C2 CompilerThread1" daemon [_thread_in_native, id=12852, stack(0x0000000015740000,0x0000000015840000)]

Stack: [0x0000000015740000,0x0000000015840000]
[error occurred during error reporting (printing stack bounds), id 0xc0000005]

Native frames: (J=compiled Java code, j=interpreted, Vv=VM code, C=native code)


Current CompileTask:
C2:    956  282       4       java.lang.String::replace (127 bytes)


---------------  P R O C E S S  ---------------

Java Threads: ( => current thread )
  0x0000000014f4c000 JavaThread "Service Thread" daemon [_thread_blocked, id=12320, stack(0x0000000015a40000,0x0000000015b40000)]
  0x0000000014f46000 JavaThread "C1 CompilerThread3" daemon [_thread_blocked, id=848, stack(0x0000000015940000,0x0000000015a40000)]
  0x0000000014f43000 JavaThread "C2 CompilerThread2" daemon [_thread_blocked, id=12012, stack(0x0000000015840000,0x0000000015940000)]
=>0x0000000012ffa800 JavaThread "C2 CompilerThread1" daemon [_thread_in_native, id=12852, stack(0x0000000015740000,0x0000000015840000)]
  0x0000000014f3f000 JavaThread "C2 CompilerThread0" daemon [_thread_blocked, id=8320, stack(0x0000000015640000,0x0000000015740000)]
  0x0000000014f3d800 JavaThread "Attach Listener" daemon [_thread_blocked, id=5152, stack(0x0000000015540000,0x0000000015640000)]
  0x0000000014eea000 JavaThread "Signal Dispatcher" daemon [_thread_blocked, id=2804, stack(0x0000000015440000,0x0000000015540000)]
  0x0000000014ed0800 JavaThread "Finalizer" daemon [_thread_blocked, id=9052, stack(0x00000000152b0000,0x00000000153b0000)]
  0x00000000027f7000 JavaThread "Reference Handler" daemon [_thread_blocked, id=3824, stack(0x0000000014db0000,0x0000000014eb0000)]
  0x000000000229d800 JavaThread "main" [_thread_in_vm, id=7312, stack(0x0000000002600000,0x0000000002700000)]

Other Threads:
  0x0000000012fe5800 VMThread [stack: 0x0000000014cb0000,0x0000000014db0000] [id=1228]
  0x0000000014f4d000 WatcherThread [stack: 0x0000000015b40000,0x0000000015c40000] [id=11356]

VM state:not at safepoint (normal execution)

VM Mutex/Monitor currently owned by a thread: None

Heap:
 PSYoungGen      total 18944K, used 6701K [0x00000000feb00000, 0x0000000100000000, 0x0000000100000000)
  eden space 16384K, 40% used [0x00000000feb00000,0x00000000ff18b400,0x00000000ffb00000)
  from space 2560K, 0% used [0x00000000ffd80000,0x00000000ffd80000,0x0000000100000000)
  to   space 2560K, 0% used [0x00000000ffb00000,0x00000000ffb00000,0x00000000ffd80000)
 ParOldGen       total 44032K, used 0K [0x00000000fc000000, 0x00000000feb00000, 0x00000000feb00000)
  object space 44032K, 0% used [0x00000000fc000000,0x00000000fc000000,0x00000000feb00000)
 Metaspace       used 5591K, capacity 5692K, committed 5888K, reserved 1056768K
  class space    used 654K, capacity 688K, committed 768K, reserved 1048576K

Card table byte_map: [0x0000000002250000,0x0000000002280000] byte_map_base: 0x0000000001a70000

Marking Bits: (ParMarkBitMap*) 0x0000000055473950
 Begin Bits: [0x00000000123e0000, 0x00000000124e0000)
 End Bits:   [0x00000000124e0000, 0x00000000125e0000)

Polling page: 0x00000000001f0000

CodeCache: size=245760Kb used=1630Kb max_used=1637Kb free=244129Kb
 bounds [0x0000000002800000, 0x0000000002a70000, 0x0000000011800000]
 total_blobs=589 nmethods=283 adapters=220
 compilation: enabled

Compilation events (10 events):
Event: 0.946 Thread 0x0000000014f46000 nmethod 278 0x0000000002995110 code [0x0000000002995260, 0x0000000002995370]
Event: 0.948 Thread 0x0000000014f46000  279       3       java.util.concurrent.ConcurrentHashMap::putIfAbsent (8 bytes)
Event: 0.948 Thread 0x0000000014f46000 nmethod 279 0x00000000029953d0 code [0x0000000002995540, 0x0000000002995748]
Event: 0.952 Thread 0x0000000014f3f000  280       4       java.lang.String::startsWith (72 bytes)
Event: 0.953 Thread 0x0000000014f46000  281       3       java.util.BitSet::get (69 bytes)
Event: 0.954 Thread 0x0000000012ffa800  282       4       java.lang.String::replace (127 bytes)
Event: 0.954 Thread 0x0000000014f46000 nmethod 281 0x00000000029957d0 code [0x00000000029959c0, 0x0000000002996368]
Event: 0.954 Thread 0x0000000014f46000  283   !   3       java.lang.ref.Finalizer::add (41 bytes)
Event: 0.954 Thread 0x0000000014f3f000 nmethod 280 0x0000000002999610 code [0x0000000002999760, 0x0000000002999938]
Event: 0.954 Thread 0x0000000014f46000 nmethod 283 0x0000000002998fd0 code [0x0000000002999140, 0x00000000029994f0]

GC Heap History (0 events):
No events

Deoptimization events (1 events):
Event: 0.853 Thread 0x000000000229d800 Uncommon trap: reason=range_check action=make_not_entrant pc=0x0000000002977e20 method=sun.reflect.generics.parser.SignatureParser.current()C @ 34

Classes redefined (0 events):
No events

Internal exceptions (5 events):
Event: 0.070 Thread 0x000000000229d800 Exception <a 'java/lang/NoSuchMethodError': Method sun.misc.Unsafe.defineClass(Ljava/lang/String;[BII)Ljava/lang/Class; name or signature does not match> (0x00000000feb07ca8) thrown at [D:\src\AOSP-openjdk-cygwin\jdk8u\hotspot\src\share\vm\prims\jni.cpp, 
Event: 0.070 Thread 0x000000000229d800 Exception <a 'java/lang/NoSuchMethodError': Method sun.misc.Unsafe.prefetchRead(Ljava/lang/Object;J)V name or signature does not match> (0x00000000feb07f90) thrown at [D:\src\AOSP-openjdk-cygwin\jdk8u\hotspot\src\share\vm\prims\jni.cpp, line 4011]
Event: 0.742 Thread 0x000000000229d800 Exception <a 'sun/nio/fs/WindowsException'> (0x00000000fed2cc48) thrown at [D:\src\AOSP-openjdk-cygwin\jdk8u\hotspot\src\share\vm\prims\jni.cpp, line 709]
Event: 0.853 Thread 0x000000000229d800 Exception <a 'java/lang/ArrayIndexOutOfBoundsException': 18> (0x00000000fef97cf8) thrown at [D:\src\AOSP-openjdk-cygwin\jdk8u\hotspot\src\share\vm\interpreter\interpreterRuntime.cpp, line 366]
Event: 0.853 Thread 0x000000000229d800 Exception <a 'java/lang/ArrayIndexOutOfBoundsException': 67> (0x00000000fef98c00) thrown at [D:\src\AOSP-openjdk-cygwin\jdk8u\hotspot\src\share\vm\interpreter\interpreterRuntime.cpp, line 366]

Events (10 events):
Event: 0.953 loading class com/google/common/collect/AbstractMapBasedMultimap$AsMap
Event: 0.953 loading class com/google/common/collect/AbstractMapBasedMultimap$AsMap done
Event: 0.953 loading class com/google/common/collect/Maps$ViewCachingAbstractMap
Event: 0.953 loading class com/google/common/collect/Maps$ViewCachingAbstractMap done
Event: 0.953 loading class com/google/common/collect/AbstractMapBasedMultimap$SortedAsMap
Event: 0.953 loading class com/google/common/collect/AbstractMapBasedMultimap$SortedAsMap done
Event: 0.954 loading class com/google/common/collect/AbstractMapBasedMultimap$WrappedList
Event: 0.954 loading class com/google/common/collect/AbstractMapBasedMultimap$WrappedList done
Event: 0.954 loading class com/google/common/collect/AbstractMapBasedMultimap$WrappedCollection
Event: 0.954 loading class com/google/common/collect/AbstractMapBasedMultimap$WrappedCollection done


Dynamic libraries:
0x00007ff743630000 - 0x00007ff743661000 	C:\Program Files\Android\Android Studio\jre\bin\java.exe
0x00007ffde28f0000 - 0x00007ffde2ad1000 	C:\WINDOWS\SYSTEM32\ntdll.dll
0x00007ffde1a20000 - 0x00007ffde1ad2000 	C:\WINDOWS\System32\KERNEL32.DLL
0x00007ffddf250000 - 0x00007ffddf4c3000 	C:\WINDOWS\System32\KERNELBASE.dll
0x00007ffde1ae0000 - 0x00007ffde1b81000 	C:\WINDOWS\System32\ADVAPI32.dll
0x00007ffde27f0000 - 0x00007ffde288e000 	C:\WINDOWS\System32\msvcrt.dll
0x00007ffddfda0000 - 0x00007ffddfdfb000 	C:\WINDOWS\System32\sechost.dll
0x00007ffde2010000 - 0x00007ffde2134000 	C:\WINDOWS\System32\RPCRT4.dll
0x00007ffde1e80000 - 0x00007ffde2010000 	C:\WINDOWS\System32\USER32.dll
0x00007ffddf230000 - 0x00007ffddf250000 	C:\WINDOWS\System32\win32u.dll
0x00007ffde1e50000 - 0x00007ffde1e78000 	C:\WINDOWS\System32\GDI32.dll
0x00007ffddfbe0000 - 0x00007ffddfd72000 	C:\WINDOWS\System32\gdi32full.dll
0x00007ffddf030000 - 0x00007ffddf0cf000 	C:\WINDOWS\System32\msvcp_win.dll
0x00007ffddf0d0000 - 0x00007ffddf1ca000 	C:\WINDOWS\System32\ucrtbase.dll
0x00007ffdd1c40000 - 0x00007ffdd1ea9000 	C:\WINDOWS\WinSxS\amd64_microsoft.windows.common-controls_6595b64144ccf1df_6.0.17134.112_none_fb3f961b30681c12\COMCTL32.dll
0x00007ffde16f0000 - 0x00007ffde1a13000 	C:\WINDOWS\System32\combase.dll
0x00007ffddecc0000 - 0x00007ffdded3a000 	C:\WINDOWS\System32\bcryptPrimitives.dll
0x00007ffde2890000 - 0x00007ffde28bd000 	C:\WINDOWS\System32\IMM32.DLL
0x0000000054bd0000 - 0x0000000054ca2000 	C:\Program Files\Android\Android Studio\jre\jre\bin\msvcr100.dll
0x0000000054cb0000 - 0x00000000554ee000 	C:\Program Files\Android\Android Studio\jre\jre\bin\server\jvm.dll
0x00007ffde16e0000 - 0x00007ffde16e8000 	C:\WINDOWS\System32\PSAPI.DLL
0x00007ffdc87f0000 - 0x00007ffdc87f9000 	C:\WINDOWS\SYSTEM32\WSOCK32.dll
0x00007ffde1c80000 - 0x00007ffde1cec000 	C:\WINDOWS\System32\WS2_32.dll
0x00007ffddcde0000 - 0x00007ffddce03000 	C:\WINDOWS\SYSTEM32\WINMM.dll
0x00007ffdd57a0000 - 0x00007ffdd57aa000 	C:\WINDOWS\SYSTEM32\VERSION.dll
0x00007ffddcc90000 - 0x00007ffddccba000 	C:\WINDOWS\SYSTEM32\WINMMBASE.dll
0x00007ffddedf0000 - 0x00007ffddee39000 	C:\WINDOWS\System32\cfgmgr32.dll
0x00007ffdc87e0000 - 0x00007ffdc87ef000 	C:\Program Files\Android\Android Studio\jre\jre\bin\verify.dll
0x00007ffdc87b0000 - 0x00007ffdc87d9000 	C:\Program Files\Android\Android Studio\jre\jre\bin\java.dll
0x00007ffdc8790000 - 0x00007ffdc87a6000 	C:\Program Files\Android\Android Studio\jre\jre\bin\zip.dll
0x00007ffde00f0000 - 0x00007ffde1530000 	C:\WINDOWS\System32\SHELL32.dll
0x00007ffde2740000 - 0x00007ffde27e9000 	C:\WINDOWS\System32\shcore.dll
0x00007ffddf4d0000 - 0x00007ffddfbdd000 	C:\WINDOWS\System32\windows.storage.dll
0x00007ffde2290000 - 0x00007ffde22e1000 	C:\WINDOWS\System32\shlwapi.dll
0x00007ffddec20000 - 0x00007ffddec31000 	C:\WINDOWS\System32\kernel.appcore.dll
0x00007ffddec50000 - 0x00007ffddec6f000 	C:\WINDOWS\System32\profapi.dll
0x00007ffddec70000 - 0x00007ffddecbc000 	C:\WINDOWS\System32\powrprof.dll
0x00007ffddec40000 - 0x00007ffddec4a000 	C:\WINDOWS\System32\FLTLIB.DLL
0x00007ffdde630000 - 0x00007ffdde647000 	C:\WINDOWS\SYSTEM32\CRYPTSP.dll
0x00007ffdde060000 - 0x00007ffdde093000 	C:\WINDOWS\system32\rsaenh.dll
0x00007ffdde760000 - 0x00007ffdde785000 	C:\WINDOWS\SYSTEM32\bcrypt.dll
0x00007ffddeb00000 - 0x00007ffddeb28000 	C:\WINDOWS\SYSTEM32\USERENV.dll
0x00007ffdde650000 - 0x00007ffdde65b000 	C:\WINDOWS\SYSTEM32\CRYPTBASE.dll
0x00007ffdc8670000 - 0x00007ffdc868a000 	C:\Program Files\Android\Android Studio\jre\jre\bin\net.dll
0x00007ffdde480000 - 0x00007ffdde4e6000 	C:\WINDOWS\system32\mswsock.dll
0x00007ffdde200000 - 0x00007ffdde238000 	C:\WINDOWS\SYSTEM32\IPHLPAPI.DLL
0x00007ffde1bf0000 - 0x00007ffde1bf8000 	C:\WINDOWS\System32\NSI.dll
0x00007ffdd7790000 - 0x00007ffdd77a6000 	C:\WINDOWS\SYSTEM32\dhcpcsvc6.DLL
0x00007ffdd6720000 - 0x00007ffdd673a000 	C:\WINDOWS\SYSTEM32\dhcpcsvc.DLL
0x00007ffdc8630000 - 0x00007ffdc8641000 	C:\Program Files\Android\Android Studio\jre\jre\bin\nio.dll

VM Arguments:
jvm_args: -Djava.awt.headless=true -Xmx64M -Dfile.encoding=x-windows-949 -Duser.country=KR -Duser.language=ko -Duser.variant 
java_command: com.google.devtools.build.android.desugar.Desugar @D:\test\app\build\intermediates\tmp\desugar_args3996949926383977147
java_class_path (initial): C:\Users\Goo\AppData\Local\Temp\desugar_deploy.jar6387874304095112173
Launcher Type: SUN_STANDARD

Environment Variables:
PATH=C:\ProgramData\Oracle\Java\javapath;C:\WINDOWS\system32;C:\WINDOWS;C:\WINDOWS\System32\Wbem;C:\WINDOWS\System32\WindowsPowerShell\v1.0\;C:\OpenSSL;;C:\WINDOWS\System32\OpenSSH\;C:\Users\Goo\AppData\Local\Microsoft\WindowsApps;
USERNAME=Goo
OS=Windows_NT
PROCESSOR_IDENTIFIER=Intel64 Family 6 Model 158 Stepping 9, GenuineIntel



---------------  S Y S T E M  ---------------

OS: Windows 10.0 , 64 bit Build 17134 (10.0.17134.1)

CPU:total 8 (initial active 8) (4 cores per cpu, 2 threads per core) family 6 model 158 stepping 9, cmov, cx8, fxsr, mmx, sse, sse2, sse3, ssse3, sse4.1, sse4.2, popcnt, avx, avx2, aes, clmul, erms, 3dnowpref, lzcnt, ht, tsc, tscinvbit, bmi1, bmi2, adx

Memory: 4k page, physical 16692940k(4772648k free), swap 16692940k(1768k free)

vm_info: OpenJDK 64-Bit Server VM (25.152-b01) for windows-amd64 JRE (1.8.0_152-release-915-b01), built by "builder" with MS VC++ 10.0 (VS2010)

time: Fri Jun 22 03:08:52 2018
elapsed time: 0 seconds (0d 0h 0m 0s)

