#
# There is insufficient memory for the Java Runtime Environment to continue.
# Native memory allocation (malloc) failed to allocate 354336 bytes for Chunk::new
# Possible reasons:
#   The system is out of physical RAM or swap space
#   In 32 bit mode, the process size limit was hit
# Possible solutions:
#   Reduce memory load on the system
#   Increase physical memory or swap space
#   Check if swap backing store is full
#   Use 64 bit Java on a 64 bit OS
#   Decrease Java heap size (-Xmx/-Xms)
#   Decrease number of Java threads
#   Decrease Java thread stack sizes (-Xss)
#   Set larger code cache with -XX:ReservedCodeCacheSize=
# This output file may be truncated or incomplete.
#
#  Out of Memory Error (allocation.cpp:390), pid=13300, tid=0x0000000000002d4c
#
# JRE version: OpenJDK Runtime Environment (8.0_152-b01) (build 1.8.0_152-release-915-b01)
# Java VM: OpenJDK 64-Bit Server VM (25.152-b01 mixed mode windows-amd64 compressed oops)
# Failed to write core dump. Minidumps are not enabled by default on client versions of Windows
#

---------------  T H R E A D  ---------------

Current thread (0x0000000015deb800):  JavaThread "C2 CompilerThread0" daemon [_thread_in_native, id=11596, stack(0x0000000016540000,0x0000000016640000)]

Stack: [0x0000000016540000,0x0000000016640000]
[error occurred during error reporting (printing stack bounds), id 0xc0000005]

Native frames: (J=compiled Java code, j=interpreted, Vv=VM code, C=native code)


Current CompileTask:
C2:   2607 1168       4       org.objectweb.asm.tree.MethodInsnNode::accept (30 bytes)


---------------  P R O C E S S  ---------------

Java Threads: ( => current thread )
  0x0000000015e4d000 JavaThread "Service Thread" daemon [_thread_blocked, id=6528, stack(0x0000000016940000,0x0000000016a40000)]
  0x0000000015e47000 JavaThread "C1 CompilerThread3" daemon [_thread_in_native, id=6824, stack(0x0000000016840000,0x0000000016940000)]
  0x0000000015e43000 JavaThread "C2 CompilerThread2" daemon [_thread_in_native, id=4184, stack(0x0000000016740000,0x0000000016840000)]
  0x0000000013ecb800 JavaThread "C2 CompilerThread1" daemon [_thread_in_native, id=9912, stack(0x0000000016640000,0x0000000016740000)]
=>0x0000000015deb800 JavaThread "C2 CompilerThread0" daemon [_thread_in_native, id=11596, stack(0x0000000016540000,0x0000000016640000)]
  0x0000000015dea000 JavaThread "Attach Listener" daemon [_thread_blocked, id=948, stack(0x0000000016440000,0x0000000016540000)]
  0x0000000015e40000 JavaThread "Signal Dispatcher" daemon [_thread_blocked, id=280, stack(0x0000000016340000,0x0000000016440000)]
  0x0000000015dd1000 JavaThread "Finalizer" daemon [_thread_blocked, id=12648, stack(0x00000000161b0000,0x00000000162b0000)]
  0x0000000003707000 JavaThread "Reference Handler" daemon [_thread_blocked, id=10212, stack(0x0000000015cb0000,0x0000000015db0000)]
  0x00000000030ad800 JavaThread "main" [_thread_in_Java, id=7444, stack(0x0000000003510000,0x0000000003610000)]

Other Threads:
  0x0000000013eb5800 VMThread [stack: 0x0000000015bb0000,0x0000000015cb0000] [id=8472]
  0x0000000015e4e000 WatcherThread [stack: 0x0000000016a40000,0x0000000016b40000] [id=12064]

VM state:not at safepoint (normal execution)

VM Mutex/Monitor currently owned by a thread: None

Heap:
 PSYoungGen      total 18944K, used 15264K [0x00000000feb00000, 0x0000000100000000, 0x0000000100000000)
  eden space 16384K, 77% used [0x00000000feb00000,0x00000000ff76f4f8,0x00000000ffb00000)
  from space 2560K, 98% used [0x00000000ffb00000,0x00000000ffd78b68,0x00000000ffd80000)
  to   space 2560K, 0% used [0x00000000ffd80000,0x00000000ffd80000,0x0000000100000000)
 ParOldGen       total 44032K, used 6999K [0x00000000fc000000, 0x00000000feb00000, 0x00000000feb00000)
  object space 44032K, 15% used [0x00000000fc000000,0x00000000fc6d5ea0,0x00000000feb00000)
 Metaspace       used 7783K, capacity 7974K, committed 8192K, reserved 1056768K
  class space    used 875K, capacity 957K, committed 1024K, reserved 1048576K

Card table byte_map: [0x00000000016f0000,0x0000000001720000] byte_map_base: 0x0000000000f10000

Marking Bits: (ParMarkBitMap*) 0x00000000673d3950
 Begin Bits: [0x00000000132d0000, 0x00000000133d0000)
 End Bits:   [0x00000000133d0000, 0x00000000134d0000)

Polling page: 0x0000000000ff0000

CodeCache: size=245760Kb used=4320Kb max_used=4320Kb free=241439Kb
 bounds [0x0000000003710000, 0x0000000003b50000, 0x0000000012710000]
 total_blobs=1524 nmethods=1189 adapters=248
 compilation: enabled

Compilation events (10 events):
Event: 2.603 Thread 0x0000000015e47000 nmethod 1187 0x0000000003b45d50 code [0x0000000003b45f40, 0x0000000003b46878]
Event: 2.604 Thread 0x0000000015e47000 1188       3       org.objectweb.asm.AnnotationWriter::a (28 bytes)
Event: 2.604 Thread 0x0000000015e47000 nmethod 1188 0x0000000003b289d0 code [0x0000000003b28b40, 0x0000000003b28d50]
Event: 2.604 Thread 0x0000000015e47000 1189       3       com.google.devtools.build.android.desugar.LambdaDesugaring::visit (48 bytes)
Event: 2.605 Thread 0x0000000015e47000 nmethod 1189 0x0000000003b46ed0 code [0x0000000003b470a0, 0x0000000003b47848]
Event: 2.605 Thread 0x0000000015e47000 1193       3       org.objectweb.asm.ClassWriter::visit (121 bytes)
Event: 2.605 Thread 0x0000000015e47000 nmethod 1193 0x0000000003b47c50 code [0x0000000003b47e20, 0x0000000003b48518]
Event: 2.605 Thread 0x0000000015e47000 1190       3       com.google.devtools.build.android.desugar.InterfaceDesugaring::visit (34 bytes)
Event: 2.605 Thread 0x0000000015e47000 nmethod 1190 0x0000000003b48990 code [0x0000000003b48b00, 0x0000000003b48e08]
Event: 2.605 Thread 0x0000000015e47000 1191       3       com.google.devtools.build.android.desugar.DefaultMethodClassFixer::visit (85 bytes)

GC Heap History (6 events):
Event: 1.083 GC heap before
{Heap before GC invocations=1 (full 0):
 PSYoungGen      total 18944K, used 16384K [0x00000000feb00000, 0x0000000100000000, 0x0000000100000000)
  eden space 16384K, 100% used [0x00000000feb00000,0x00000000ffb00000,0x00000000ffb00000)
  from space 2560K, 0% used [0x00000000ffd80000,0x00000000ffd80000,0x0000000100000000)
  to   space 2560K, 0% used [0x00000000ffb00000,0x00000000ffb00000,0x00000000ffd80000)
 ParOldGen       total 44032K, used 0K [0x00000000fc000000, 0x00000000feb00000, 0x00000000feb00000)
  object space 44032K, 0% used [0x00000000fc000000,0x00000000fc000000,0x00000000feb00000)
 Metaspace       used 6629K, capacity 6804K, committed 7040K, reserved 1056768K
  class space    used 773K, capacity 824K, committed 896K, reserved 1048576K
Event: 1.097 GC heap after
Heap after GC invocations=1 (full 0):
 PSYoungGen      total 18944K, used 2537K [0x00000000feb00000, 0x0000000100000000, 0x0000000100000000)
  eden space 16384K, 0% used [0x00000000feb00000,0x00000000feb00000,0x00000000ffb00000)
  from space 2560K, 99% used [0x00000000ffb00000,0x00000000ffd7a620,0x00000000ffd80000)
  to   space 2560K, 0% used [0x00000000ffd80000,0x00000000ffd80000,0x0000000100000000)
 ParOldGen       total 44032K, used 1572K [0x00000000fc000000, 0x00000000feb00000, 0x00000000feb00000)
  object space 44032K, 3% used [0x00000000fc000000,0x00000000fc189198,0x00000000feb00000)
 Metaspace       used 6629K, capacity 6804K, committed 7040K, reserved 1056768K
  class space    used 773K, capacity 824K, committed 896K, reserved 1048576K
}
Event: 1.631 GC heap before
{Heap before GC invocations=2 (full 0):
 PSYoungGen      total 18944K, used 18921K [0x00000000feb00000, 0x0000000100000000, 0x0000000100000000)
  eden space 16384K, 100% used [0x00000000feb00000,0x00000000ffb00000,0x00000000ffb00000)
  from space 2560K, 99% used [0x00000000ffb00000,0x00000000ffd7a620,0x00000000ffd80000)
  to   space 2560K, 0% used [0x00000000ffd80000,0x00000000ffd80000,0x0000000100000000)
 ParOldGen       total 44032K, used 1572K [0x00000000fc000000, 0x00000000feb00000, 0x00000000feb00000)
  object space 44032K, 3% used [0x00000000fc000000,0x00000000fc189198,0x00000000feb00000)
 Metaspace       used 6972K, capacity 7110K, committed 7296K, reserved 1056768K
  class space    used 816K, capacity 861K, committed 896K, reserved 1048576K
Event: 1.668 GC heap after
Heap after GC invocations=2 (full 0):
 PSYoungGen      total 18944K, used 2531K [0x00000000feb00000, 0x0000000100000000, 0x0000000100000000)
  eden space 16384K, 0% used [0x00000000feb00000,0x00000000feb00000,0x00000000ffb00000)
  from space 2560K, 98% used [0x00000000ffd80000,0x00000000ffff8e30,0x0000000100000000)
  to   space 2560K, 0% used [0x00000000ffb00000,0x00000000ffb00000,0x00000000ffd80000)
 ParOldGen       total 44032K, used 6033K [0x00000000fc000000, 0x00000000feb00000, 0x00000000feb00000)
  object space 44032K, 13% used [0x00000000fc000000,0x00000000fc5e4680,0x00000000feb00000)
 Metaspace       used 6972K, capacity 7110K, committed 7296K, reserved 1056768K
  class space    used 816K, capacity 861K, committed 896K, reserved 1048576K
}
Event: 2.317 GC heap before
{Heap before GC invocations=3 (full 0):
 PSYoungGen      total 18944K, used 18915K [0x00000000feb00000, 0x0000000100000000, 0x0000000100000000)
  eden space 16384K, 100% used [0x00000000feb00000,0x00000000ffb00000,0x00000000ffb00000)
  from space 2560K, 98% used [0x00000000ffd80000,0x00000000ffff8e30,0x0000000100000000)
  to   space 2560K, 0% used [0x00000000ffb00000,0x00000000ffb00000,0x00000000ffd80000)
 ParOldGen       total 44032K, used 6033K [0x00000000fc000000, 0x00000000feb00000, 0x00000000feb00000)
  object space 44032K, 13% used [0x00000000fc000000,0x00000000fc5e4680,0x00000000feb00000)
 Metaspace       used 7715K, capacity 7846K, committed 7936K, reserved 1056768K
  class space    used 875K, capacity 957K, committed 1024K, reserved 1048576K
Event: 2.334 GC heap after
Heap after GC invocations=3 (full 0):
 PSYoungGen      total 18944K, used 2530K [0x00000000feb00000, 0x0000000100000000, 0x0000000100000000)
  eden space 16384K, 0% used [0x00000000feb00000,0x00000000feb00000,0x00000000ffb00000)
  from space 2560K, 98% used [0x00000000ffb00000,0x00000000ffd78b68,0x00000000ffd80000)
  to   space 2560K, 0% used [0x00000000ffd80000,0x00000000ffd80000,0x0000000100000000)
 ParOldGen       total 44032K, used 6999K [0x00000000fc000000, 0x00000000feb00000, 0x00000000feb00000)
  object space 44032K, 15% used [0x00000000fc000000,0x00000000fc6d5ea0,0x00000000feb00000)
 Metaspace       used 7715K, capacity 7846K, committed 7936K, reserved 1056768K
  class space    used 875K, capacity 957K, committed 1024K, reserved 1048576K
}

Deoptimization events (10 events):
Event: 2.296 Thread 0x00000000030ad800 Uncommon trap: reason=class_check action=maybe_recompile pc=0x0000000003ac5884 method=org.objectweb.asm.MethodVisitor.visitVarInsn(II)V @ 13
Event: 2.296 Thread 0x00000000030ad800 Uncommon trap: reason=class_check action=maybe_recompile pc=0x0000000003ac5884 method=org.objectweb.asm.MethodVisitor.visitVarInsn(II)V @ 13
Event: 2.296 Thread 0x00000000030ad800 Uncommon trap: reason=class_check action=maybe_recompile pc=0x0000000003ac5884 method=org.objectweb.asm.MethodVisitor.visitVarInsn(II)V @ 13
Event: 2.296 Thread 0x00000000030ad800 Uncommon trap: reason=class_check action=maybe_recompile pc=0x0000000003ac5884 method=org.objectweb.asm.MethodVisitor.visitVarInsn(II)V @ 13
Event: 2.314 Thread 0x00000000030ad800 Uncommon trap: reason=class_check action=maybe_recompile pc=0x0000000003a732e4 method=org.objectweb.asm.MethodVisitor.visitVarInsn(II)V @ 13
Event: 2.580 Thread 0x00000000030ad800 Uncommon trap: reason=null_check action=make_not_entrant pc=0x0000000003b309b8 method=com.google.devtools.build.android.desugar.InterfaceDesugaring$InterfaceInvocationRewriter.visitMethodInsn(ILjava/lang/String;Ljava/lang/String;Ljava/lang/String;Z)V @ 10
Event: 2.581 Thread 0x00000000030ad800 Uncommon trap: reason=null_check action=make_not_entrant pc=0x0000000003b204f0 method=com.google.devtools.build.android.desugar.InterfaceDesugaring$InterfaceInvocationRewriter.visitMethodInsn(ILjava/lang/String;Ljava/lang/String;Ljava/lang/String;Z)V @ 10
Event: 2.585 Thread 0x00000000030ad800 Uncommon trap: reason=unstable_if action=reinterpret pc=0x0000000003b1ead4 method=org.objectweb.asm.ClassReader.a(IZZLorg/objectweb/asm/Context;)I @ 140
Event: 2.598 Thread 0x00000000030ad800 Uncommon trap: reason=unstable_if action=reinterpret pc=0x0000000003a5eae0 method=org.objectweb.asm.ClassReader.a(II[C)Ljava/lang/String; @ 77
Event: 2.599 Thread 0x00000000030ad800 Uncommon trap: reason=unstable_if action=reinterpret pc=0x0000000003a5d520 method=org.objectweb.asm.ByteVector.putUTF8(Ljava/lang/String;)Lorg/objectweb/asm/ByteVector; @ 98

Classes redefined (0 events):
No events

Internal exceptions (10 events):
Event: 2.230 Thread 0x00000000030ad800 Exception <a 'sun/nio/fs/WindowsException'> (0x00000000ff575330) thrown at [D:\src\AOSP-openjdk-cygwin\jdk8u\hotspot\src\share\vm\prims\jni.cpp, line 709]
Event: 2.230 Thread 0x00000000030ad800 Exception <a 'sun/nio/fs/WindowsException'> (0x00000000ff575808) thrown at [D:\src\AOSP-openjdk-cygwin\jdk8u\hotspot\src\share\vm\prims\jni.cpp, line 709]
Event: 2.249 Thread 0x00000000030ad800 Exception <a 'sun/nio/fs/WindowsException'> (0x00000000ff578ca8) thrown at [D:\src\AOSP-openjdk-cygwin\jdk8u\hotspot\src\share\vm\prims\jni.cpp, line 709]
Event: 2.249 Thread 0x00000000030ad800 Exception <a 'sun/nio/fs/WindowsException'> (0x00000000ff579180) thrown at [D:\src\AOSP-openjdk-cygwin\jdk8u\hotspot\src\share\vm\prims\jni.cpp, line 709]
Event: 2.435 Thread 0x00000000030ad800 Exception <a 'sun/nio/fs/WindowsException'> (0x00000000ff392e60) thrown at [D:\src\AOSP-openjdk-cygwin\jdk8u\hotspot\src\share\vm\prims\jni.cpp, line 709]
Event: 2.435 Thread 0x00000000030ad800 Exception <a 'sun/nio/fs/WindowsException'> (0x00000000ff393338) thrown at [D:\src\AOSP-openjdk-cygwin\jdk8u\hotspot\src\share\vm\prims\jni.cpp, line 709]
Event: 2.522 Thread 0x00000000030ad800 Exception <a 'sun/nio/fs/WindowsException'> (0x00000000ff3967d8) thrown at [D:\src\AOSP-openjdk-cygwin\jdk8u\hotspot\src\share\vm\prims\jni.cpp, line 709]
Event: 2.522 Thread 0x00000000030ad800 Exception <a 'sun/nio/fs/WindowsException'> (0x00000000ff396cb0) thrown at [D:\src\AOSP-openjdk-cygwin\jdk8u\hotspot\src\share\vm\prims\jni.cpp, line 709]
Event: 2.580 Thread 0x00000000030ad800 Implicit null exception at 0x0000000003b2dee7 to 0x0000000003b309a1
Event: 2.581 Thread 0x00000000030ad800 Implicit null exception at 0x0000000003b201ea to 0x0000000003b204cd

Events (10 events):
Event: 2.585 Thread 0x00000000030ad800 DEOPT PACKING pc=0x0000000003b1ead4 sp=0x000000000360e6e0
Event: 2.585 Thread 0x00000000030ad800 DEOPT UNPACKING pc=0x000000000375556a sp=0x000000000360e658 mode 2
Event: 2.591 Thread 0x00000000030ad800 DEOPT PACKING pc=0x0000000003a4ed86 sp=0x000000000360e960
Event: 2.591 Thread 0x00000000030ad800 DEOPT UNPACKING pc=0x00000000037575bf sp=0x000000000360e740 mode 0
Event: 2.598 Thread 0x00000000030ad800 Uncommon trap: trap_request=0xffffff65 fr.pc=0x0000000003a5eae0
Event: 2.598 Thread 0x00000000030ad800 DEOPT PACKING pc=0x0000000003a5eae0 sp=0x000000000360e9e0
Event: 2.598 Thread 0x00000000030ad800 DEOPT UNPACKING pc=0x000000000375556a sp=0x000000000360e908 mode 2
Event: 2.599 Thread 0x00000000030ad800 Uncommon trap: trap_request=0xffffff65 fr.pc=0x0000000003a5d520
Event: 2.599 Thread 0x00000000030ad800 DEOPT PACKING pc=0x0000000003a5d520 sp=0x000000000360e840
Event: 2.599 Thread 0x00000000030ad800 DEOPT UNPACKING pc=0x000000000375556a sp=0x000000000360e7a0 mode 2


Dynamic libraries:
0x00007ff7bef40000 - 0x00007ff7bef71000 	C:\Program Files\Android\Android Studio\jre\bin\java.exe
0x00007ffba9340000 - 0x00007ffba9521000 	C:\WINDOWS\SYSTEM32\ntdll.dll
0x00007ffba6ca0000 - 0x00007ffba6d52000 	C:\WINDOWS\System32\KERNEL32.DLL
0x00007ffba6070000 - 0x00007ffba62e3000 	C:\WINDOWS\System32\KERNELBASE.dll
0x00007ffba9260000 - 0x00007ffba9301000 	C:\WINDOWS\System32\ADVAPI32.dll
0x00007ffba77b0000 - 0x00007ffba784e000 	C:\WINDOWS\System32\msvcrt.dll
0x00007ffba71b0000 - 0x00007ffba720b000 	C:\WINDOWS\System32\sechost.dll
0x00007ffba7580000 - 0x00007ffba76a4000 	C:\WINDOWS\System32\RPCRT4.dll
0x00007ffba7ac0000 - 0x00007ffba7c50000 	C:\WINDOWS\System32\USER32.dll
0x00007ffba5790000 - 0x00007ffba57b0000 	C:\WINDOWS\System32\win32u.dll
0x00007ffba67e0000 - 0x00007ffba6808000 	C:\WINDOWS\System32\GDI32.dll
0x00007ffba6530000 - 0x00007ffba66c2000 	C:\WINDOWS\System32\gdi32full.dll
0x00007ffba5fd0000 - 0x00007ffba606f000 	C:\WINDOWS\System32\msvcp_win.dll
0x00007ffba66d0000 - 0x00007ffba67ca000 	C:\WINDOWS\System32\ucrtbase.dll
0x00007ffb93ad0000 - 0x00007ffb93d39000 	C:\WINDOWS\WinSxS\amd64_microsoft.windows.common-controls_6595b64144ccf1df_6.0.17134.48_none_b4b2216a3cb4dd3e\COMCTL32.dll
0x00007ffba6810000 - 0x00007ffba6b33000 	C:\WINDOWS\System32\combase.dll
0x00007ffba5710000 - 0x00007ffba578a000 	C:\WINDOWS\System32\bcryptPrimitives.dll
0x00007ffba9090000 - 0x00007ffba90bd000 	C:\WINDOWS\System32\IMM32.DLL
0x0000000069530000 - 0x0000000069602000 	C:\Program Files\Android\Android Studio\jre\jre\bin\msvcr100.dll
0x0000000066c10000 - 0x000000006744e000 	C:\Program Files\Android\Android Studio\jre\jre\bin\server\jvm.dll
0x00007ffba91d0000 - 0x00007ffba91d8000 	C:\WINDOWS\System32\PSAPI.DLL
0x00007ffba1d20000 - 0x00007ffba1d29000 	C:\WINDOWS\SYSTEM32\WSOCK32.dll
0x00007ffb95780000 - 0x00007ffb957a3000 	C:\WINDOWS\SYSTEM32\WINMM.dll
0x00007ffb9d7c0000 - 0x00007ffb9d7ca000 	C:\WINDOWS\SYSTEM32\VERSION.dll
0x00007ffba7510000 - 0x00007ffba757c000 	C:\WINDOWS\System32\WS2_32.dll
0x00007ffb95570000 - 0x00007ffb9559a000 	C:\WINDOWS\SYSTEM32\winmmbase.dll
0x00007ffba64e0000 - 0x00007ffba6529000 	C:\WINDOWS\System32\cfgmgr32.dll
0x00007ffba1d30000 - 0x00007ffba1d3f000 	C:\Program Files\Android\Android Studio\jre\jre\bin\verify.dll
0x00007ffba1b00000 - 0x00007ffba1b29000 	C:\Program Files\Android\Android Studio\jre\jre\bin\java.dll
0x00007ffb9f450000 - 0x00007ffb9f466000 	C:\Program Files\Android\Android Studio\jre\jre\bin\zip.dll
0x00007ffba7c50000 - 0x00007ffba9090000 	C:\WINDOWS\System32\SHELL32.dll
0x00007ffba9120000 - 0x00007ffba91c9000 	C:\WINDOWS\System32\shcore.dll
0x00007ffba58c0000 - 0x00007ffba5fcd000 	C:\WINDOWS\System32\windows.storage.dll
0x00007ffba90c0000 - 0x00007ffba9111000 	C:\WINDOWS\System32\shlwapi.dll
0x00007ffba5680000 - 0x00007ffba5691000 	C:\WINDOWS\System32\kernel.appcore.dll
0x00007ffba56f0000 - 0x00007ffba570f000 	C:\WINDOWS\System32\profapi.dll
0x00007ffba56a0000 - 0x00007ffba56ec000 	C:\WINDOWS\System32\powrprof.dll
0x00007ffba5650000 - 0x00007ffba565a000 	C:\WINDOWS\System32\FLTLIB.DLL
0x00007ffba5080000 - 0x00007ffba5097000 	C:\WINDOWS\SYSTEM32\CRYPTSP.dll
0x00007ffba4ab0000 - 0x00007ffba4ae3000 	C:\WINDOWS\system32\rsaenh.dll
0x00007ffba51b0000 - 0x00007ffba51d5000 	C:\WINDOWS\SYSTEM32\bcrypt.dll
0x00007ffba5580000 - 0x00007ffba55a8000 	C:\WINDOWS\SYSTEM32\USERENV.dll
0x00007ffba50a0000 - 0x00007ffba50ab000 	C:\WINDOWS\SYSTEM32\CRYPTBASE.dll
0x00007ffb9f430000 - 0x00007ffb9f44a000 	C:\Program Files\Android\Android Studio\jre\jre\bin\net.dll
0x00007ffba4ed0000 - 0x00007ffba4f36000 	C:\WINDOWS\system32\mswsock.dll
0x00007ffba4c50000 - 0x00007ffba4c88000 	C:\WINDOWS\SYSTEM32\IPHLPAPI.DLL
0x00007ffba7430000 - 0x00007ffba7438000 	C:\WINDOWS\System32\NSI.dll
0x00007ffb9a1f0000 - 0x00007ffb9a206000 	C:\WINDOWS\SYSTEM32\dhcpcsvc6.DLL
0x00007ffb9a120000 - 0x00007ffb9a13a000 	C:\WINDOWS\SYSTEM32\dhcpcsvc.DLL
0x00007ffb9f410000 - 0x00007ffb9f421000 	C:\Program Files\Android\Android Studio\jre\jre\bin\nio.dll

VM Arguments:
jvm_args: -Djava.awt.headless=true -Xmx64M -Dfile.encoding=x-windows-949 -Duser.country=KR -Duser.language=ko -Duser.variant 
java_command: com.google.devtools.build.android.desugar.Desugar @D:\test\app\build\intermediates\tmp\desugar_args4288864365523976281
java_class_path (initial): C:\Users\Goo\AppData\Local\Temp\desugar_deploy.jar4283967336768827273
Launcher Type: SUN_STANDARD

Environment Variables:
PATH=C:\ProgramData\Oracle\Java\javapath;C:\WINDOWS\system32;C:\WINDOWS;C:\WINDOWS\System32\Wbem;C:\WINDOWS\System32\WindowsPowerShell\v1.0\;C:\OpenSSL;;C:\WINDOWS\System32\OpenSSH\;C:\Users\Goo\AppData\Local\Microsoft\WindowsApps;
USERNAME=Goo
OS=Windows_NT
PROCESSOR_IDENTIFIER=Intel64 Family 6 Model 158 Stepping 9, GenuineIntel



---------------  S Y S T E M  ---------------

OS: Windows 10.0 , 64 bit Build 17134 (10.0.17134.1)

CPU:total 8 (initial active 8) (4 cores per cpu, 2 threads per core) family 6 model 158 stepping 9, cmov, cx8, fxsr, mmx, sse, sse2, sse3, ssse3, sse4.1, sse4.2, popcnt, avx, avx2, aes, clmul, erms, 3dnowpref, lzcnt, ht, tsc, tscinvbit, bmi1, bmi2, adx

Memory: 4k page, physical 16692940k(5061728k free), swap 16692940k(1496k free)

vm_info: OpenJDK 64-Bit Server VM (25.152-b01) for windows-amd64 JRE (1.8.0_152-release-915-b01), built by "builder" with MS VC++ 10.0 (VS2010)

time: Sat May 26 21:50:51 2018
elapsed time: 2 seconds (0d 0h 0m 2s)

