#
# There is insufficient memory for the Java Runtime Environment to continue.
# Native memory allocation (malloc) failed to allocate 32744 bytes for ChunkPool::allocate
# Possible reasons:
#   The system is out of physical RAM or swap space
#   In 32 bit mode, the process size limit was hit
# Possible solutions:
#   Reduce memory load on the system
#   Increase physical memory or swap space
#   Check if swap backing store is full
#   Use 64 bit Java on a 64 bit OS
#   Decrease Java heap size (-Xmx/-Xms)
#   Decrease number of Java threads
#   Decrease Java thread stack sizes (-Xss)
#   Set larger code cache with -XX:ReservedCodeCacheSize=
# This output file may be truncated or incomplete.
#
#  Out of Memory Error (allocation.cpp:273), pid=12540, tid=0x0000000000002ef8
#
# JRE version: OpenJDK Runtime Environment (8.0_152-b01) (build 1.8.0_152-release-915-b01)
# Java VM: OpenJDK 64-Bit Server VM (25.152-b01 mixed mode windows-amd64 compressed oops)
# Failed to write core dump. Minidumps are not enabled by default on client versions of Windows
#

---------------  T H R E A D  ---------------

Current thread (0x0000000013059000):  JavaThread "C2 CompilerThread0" daemon [_thread_in_native, id=12024, stack(0x00000000156c0000,0x00000000157c0000)]

Stack: [0x00000000156c0000,0x00000000157c0000]
[error occurred during error reporting (printing stack bounds), id 0xc0000005]

Native frames: (J=compiled Java code, j=interpreted, Vv=VM code, C=native code)


Current CompileTask:
C2:   4285  933 %     4       org.objectweb.asm.ClassReader::a @ 74 (3587 bytes)


---------------  P R O C E S S  ---------------

Java Threads: ( => current thread )
  0x0000000014fbc800 JavaThread "Service Thread" daemon [_thread_blocked, id=9080, stack(0x0000000015ac0000,0x0000000015bc0000)]
  0x0000000014fb6000 JavaThread "C1 CompilerThread3" daemon [_thread_blocked, id=5496, stack(0x00000000159c0000,0x0000000015ac0000)]
  0x000000001305e000 JavaThread "C2 CompilerThread2" daemon [_thread_blocked, id=884, stack(0x00000000158c0000,0x00000000159c0000)]
  0x000000001305b800 JavaThread "C2 CompilerThread1" daemon [_thread_blocked, id=11236, stack(0x00000000157c0000,0x00000000158c0000)]
=>0x0000000013059000 JavaThread "C2 CompilerThread0" daemon [_thread_in_native, id=12024, stack(0x00000000156c0000,0x00000000157c0000)]
  0x0000000014faf800 JavaThread "Attach Listener" daemon [_thread_blocked, id=4304, stack(0x00000000155c0000,0x00000000156c0000)]
  0x0000000014f5c000 JavaThread "Signal Dispatcher" daemon [_thread_blocked, id=8016, stack(0x00000000154c0000,0x00000000155c0000)]
  0x000000000282e800 JavaThread "Finalizer" daemon [_thread_blocked, id=6996, stack(0x0000000015320000,0x0000000015420000)]
  0x0000000002827800 JavaThread "Reference Handler" daemon [_thread_blocked, id=2368, stack(0x0000000014e20000,0x0000000014f20000)]
  0x000000000272d800 JavaThread "main" [_thread_in_native, id=5084, stack(0x0000000002600000,0x0000000002700000)]

Other Threads:
  0x0000000013045800 VMThread [stack: 0x0000000014d20000,0x0000000014e20000] [id=12944]
  0x0000000014fbd000 WatcherThread [stack: 0x0000000015bc0000,0x0000000015cc0000] [id=4216]

VM state:not at safepoint (normal execution)

VM Mutex/Monitor currently owned by a thread: None

Heap:
 PSYoungGen      total 18944K, used 14193K [0x00000000feb00000, 0x0000000100000000, 0x0000000100000000)
  eden space 16384K, 71% used [0x00000000feb00000,0x00000000ff663738,0x00000000ffb00000)
  from space 2560K, 98% used [0x00000000ffd80000,0x00000000ffff8e20,0x0000000100000000)
  to   space 2560K, 0% used [0x00000000ffb00000,0x00000000ffb00000,0x00000000ffd80000)
 ParOldGen       total 44032K, used 6005K [0x00000000fc000000, 0x00000000feb00000, 0x00000000feb00000)
  object space 44032K, 13% used [0x00000000fc000000,0x00000000fc5dd7a0,0x00000000feb00000)
 Metaspace       used 7669K, capacity 7842K, committed 7936K, reserved 1056768K
  class space    used 875K, capacity 957K, committed 1024K, reserved 1048576K

Card table byte_map: [0x0000000011bf0000,0x0000000011c20000] byte_map_base: 0x0000000011410000

Marking Bits: (ParMarkBitMap*) 0x00000000673d3950
 Begin Bits: [0x0000000012440000, 0x0000000012540000)
 End Bits:   [0x0000000012540000, 0x0000000012640000)

Polling page: 0x0000000002290000

CodeCache: size=245760Kb used=3864Kb max_used=3868Kb free=241895Kb
 bounds [0x0000000002830000, 0x0000000002c00000, 0x0000000011830000]
 total_blobs=1342 nmethods=1007 adapters=248
 compilation: enabled

Compilation events (10 events):
Event: 3.357 Thread 0x0000000014fb6000 1004       3       java.util.HashMap$HashIterator::<init> (79 bytes)
Event: 3.358 Thread 0x0000000014fb6000 nmethod 1004 0x0000000002bf2f10 code [0x0000000002bf3080, 0x0000000002bf3410]
Event: 3.358 Thread 0x0000000014fb6000 1005       3       java.nio.Buffer::limit (62 bytes)
Event: 3.358 Thread 0x0000000014fb6000 nmethod 1005 0x0000000002bf29d0 code [0x0000000002bf2b40, 0x0000000002bf2e48]
Event: 3.359 Thread 0x0000000014fb6000 1006  s    3       java.io.BufferedOutputStream::write (67 bytes)
Event: 3.359 Thread 0x0000000014fb6000 nmethod 1006 0x0000000002bea710 code [0x0000000002bea8e0, 0x0000000002beb138]
Event: 3.359 Thread 0x0000000014fb6000 1007       3       java.util.Vector::elementData (7 bytes)
Event: 3.359 Thread 0x0000000014fb6000 nmethod 1007 0x0000000002bea350 code [0x0000000002bea4a0, 0x0000000002bea610]
Event: 3.359 Thread 0x0000000014fb6000 1008       3       java.util.zip.ZipOutputStream::version (48 bytes)
Event: 3.359 Thread 0x0000000014fb6000 nmethod 1008 0x0000000002be9f10 code [0x0000000002bea080, 0x0000000002bea268]

GC Heap History (4 events):
Event: 1.077 GC heap before
{Heap before GC invocations=1 (full 0):
 PSYoungGen      total 18944K, used 16384K [0x00000000feb00000, 0x0000000100000000, 0x0000000100000000)
  eden space 16384K, 100% used [0x00000000feb00000,0x00000000ffb00000,0x00000000ffb00000)
  from space 2560K, 0% used [0x00000000ffd80000,0x00000000ffd80000,0x0000000100000000)
  to   space 2560K, 0% used [0x00000000ffb00000,0x00000000ffb00000,0x00000000ffd80000)
 ParOldGen       total 44032K, used 0K [0x00000000fc000000, 0x00000000feb00000, 0x00000000feb00000)
  object space 44032K, 0% used [0x00000000fc000000,0x00000000fc000000,0x00000000feb00000)
 Metaspace       used 6621K, capacity 6800K, committed 7040K, reserved 1056768K
  class space    used 773K, capacity 824K, committed 896K, reserved 1048576K
Event: 1.104 GC heap after
Heap after GC invocations=1 (full 0):
 PSYoungGen      total 18944K, used 2537K [0x00000000feb00000, 0x0000000100000000, 0x0000000100000000)
  eden space 16384K, 0% used [0x00000000feb00000,0x00000000feb00000,0x00000000ffb00000)
  from space 2560K, 99% used [0x00000000ffb00000,0x00000000ffd7a620,0x00000000ffd80000)
  to   space 2560K, 0% used [0x00000000ffd80000,0x00000000ffd80000,0x0000000100000000)
 ParOldGen       total 44032K, used 1528K [0x00000000fc000000, 0x00000000feb00000, 0x00000000feb00000)
  object space 44032K, 3% used [0x00000000fc000000,0x00000000fc17e2a8,0x00000000feb00000)
 Metaspace       used 6621K, capacity 6800K, committed 7040K, reserved 1056768K
  class space    used 773K, capacity 824K, committed 896K, reserved 1048576K
}
Event: 1.559 GC heap before
{Heap before GC invocations=2 (full 0):
 PSYoungGen      total 18944K, used 18921K [0x00000000feb00000, 0x0000000100000000, 0x0000000100000000)
  eden space 16384K, 100% used [0x00000000feb00000,0x00000000ffb00000,0x00000000ffb00000)
  from space 2560K, 99% used [0x00000000ffb00000,0x00000000ffd7a620,0x00000000ffd80000)
  to   space 2560K, 0% used [0x00000000ffd80000,0x00000000ffd80000,0x0000000100000000)
 ParOldGen       total 44032K, used 1528K [0x00000000fc000000, 0x00000000feb00000, 0x00000000feb00000)
  object space 44032K, 3% used [0x00000000fc000000,0x00000000fc17e2a8,0x00000000feb00000)
 Metaspace       used 6965K, capacity 7106K, committed 7296K, reserved 1056768K
  class space    used 816K, capacity 861K, committed 896K, reserved 1048576K
Event: 1.597 GC heap after
Heap after GC invocations=2 (full 0):
 PSYoungGen      total 18944K, used 2531K [0x00000000feb00000, 0x0000000100000000, 0x0000000100000000)
  eden space 16384K, 0% used [0x00000000feb00000,0x00000000feb00000,0x00000000ffb00000)
  from space 2560K, 98% used [0x00000000ffd80000,0x00000000ffff8e20,0x0000000100000000)
  to   space 2560K, 0% used [0x00000000ffb00000,0x00000000ffb00000,0x00000000ffd80000)
 ParOldGen       total 44032K, used 6005K [0x00000000fc000000, 0x00000000feb00000, 0x00000000feb00000)
  object space 44032K, 13% used [0x00000000fc000000,0x00000000fc5dd7a0,0x00000000feb00000)
 Metaspace       used 6965K, capacity 7106K, committed 7296K, reserved 1056768K
  class space    used 816K, capacity 861K, committed 896K, reserved 1048576K
}

Deoptimization events (10 events):
Event: 1.035 Thread 0x000000000272d800 Uncommon trap: reason=unstable_if action=reinterpret pc=0x0000000002a6191c method=java.util.zip.ZipFile$ZipEntryIterator.hasNext()Z @ 25
Event: 1.035 Thread 0x000000000272d800 Uncommon trap: reason=unstable_if action=reinterpret pc=0x0000000002a6a5ec method=java.util.zip.ZipCoder.decoder()Ljava/nio/charset/CharsetDecoder; @ 4
Event: 1.134 Thread 0x000000000272d800 Uncommon trap: reason=unstable_if action=reinterpret pc=0x0000000002a83f08 method=java.util.HashMap$HashIterator.nextNode()Ljava/util/HashMap$Node; @ 74
Event: 1.179 Thread 0x000000000272d800 Uncommon trap: reason=unstable_if action=reinterpret pc=0x0000000002a623d8 method=java.util.zip.ZipFile.getZipEntry(Ljava/lang/String;J)Ljava/util/zip/ZipEntry; @ 19
Event: 1.328 Thread 0x000000000272d800 Uncommon trap: reason=unstable_if action=reinterpret pc=0x0000000002a83ac8 method=java.util.HashMap$HashIterator.nextNode()Ljava/util/HashMap$Node; @ 74
Event: 1.496 Thread 0x000000000272d800 Uncommon trap: reason=unloaded action=reinterpret pc=0x0000000002a67f3c method=java.util.zip.ZipEntry.setExtra0([BZ)V @ 37
Event: 1.882 Thread 0x000000000272d800 Uncommon trap: reason=unstable_if action=reinterpret pc=0x00000000029cc5f8 method=java.lang.String.<init>([CII)V @ 18
Event: 2.851 Thread 0x000000000272d800 Uncommon trap: reason=unstable_if action=reinterpret pc=0x0000000002b84e58 method=org.objectweb.asm.Item.a(Lorg/objectweb/asm/Item;)Z @ 345
Event: 2.896 Thread 0x000000000272d800 Uncommon trap: reason=unstable_if action=reinterpret pc=0x0000000002b96378 method=org.objectweb.asm.Type.getArgumentsAndReturnSizes(Ljava/lang/String;)I @ 41
Event: 3.322 Thread 0x000000000272d800 Uncommon trap: reason=unstable_if action=reinterpret pc=0x0000000002bf55c4 method=org.objectweb.asm.MethodWriter.visitVarInsn(II)V @ 142

Classes redefined (0 events):
No events

Internal exceptions (10 events):
Event: 1.644 Thread 0x000000000272d800 Exception <a 'sun/nio/fs/WindowsException'> (0x00000000feb9c890) thrown at [D:\src\AOSP-openjdk-cygwin\jdk8u\hotspot\src\share\vm\prims\jni.cpp, line 709]
Event: 1.644 Thread 0x000000000272d800 Exception <a 'sun/nio/fs/WindowsException'> (0x00000000feb9cd68) thrown at [D:\src\AOSP-openjdk-cygwin\jdk8u\hotspot\src\share\vm\prims\jni.cpp, line 709]
Event: 1.747 Thread 0x000000000272d800 Exception <a 'sun/nio/fs/WindowsException'> (0x00000000feba0228) thrown at [D:\src\AOSP-openjdk-cygwin\jdk8u\hotspot\src\share\vm\prims\jni.cpp, line 709]
Event: 1.747 Thread 0x000000000272d800 Exception <a 'sun/nio/fs/WindowsException'> (0x00000000feba0700) thrown at [D:\src\AOSP-openjdk-cygwin\jdk8u\hotspot\src\share\vm\prims\jni.cpp, line 709]
Event: 1.848 Thread 0x000000000272d800 Exception <a 'sun/nio/fs/WindowsException'> (0x00000000feba3bb8) thrown at [D:\src\AOSP-openjdk-cygwin\jdk8u\hotspot\src\share\vm\prims\jni.cpp, line 709]
Event: 1.848 Thread 0x000000000272d800 Exception <a 'sun/nio/fs/WindowsException'> (0x00000000feba4090) thrown at [D:\src\AOSP-openjdk-cygwin\jdk8u\hotspot\src\share\vm\prims\jni.cpp, line 709]
Event: 3.781 Thread 0x000000000272d800 Exception <a 'sun/nio/fs/WindowsException'> (0x00000000ff624a88) thrown at [D:\src\AOSP-openjdk-cygwin\jdk8u\hotspot\src\share\vm\prims\jni.cpp, line 709]
Event: 3.815 Thread 0x000000000272d800 Exception <a 'sun/nio/fs/WindowsException'> (0x00000000ff624f60) thrown at [D:\src\AOSP-openjdk-cygwin\jdk8u\hotspot\src\share\vm\prims\jni.cpp, line 709]
Event: 4.124 Thread 0x000000000272d800 Exception <a 'sun/nio/fs/WindowsException'> (0x00000000ff628400) thrown at [D:\src\AOSP-openjdk-cygwin\jdk8u\hotspot\src\share\vm\prims\jni.cpp, line 709]
Event: 4.124 Thread 0x000000000272d800 Exception <a 'sun/nio/fs/WindowsException'> (0x00000000ff6288d8) thrown at [D:\src\AOSP-openjdk-cygwin\jdk8u\hotspot\src\share\vm\prims\jni.cpp, line 709]

Events (10 events):
Event: 2.896 Thread 0x000000000272d800 Uncommon trap: trap_request=0xffffff65 fr.pc=0x0000000002b96378
Event: 2.896 Thread 0x000000000272d800 DEOPT PACKING pc=0x0000000002b96378 sp=0x00000000026feaa0
Event: 2.896 Thread 0x000000000272d800 DEOPT UNPACKING pc=0x000000000287556a sp=0x00000000026fea28 mode 2
Event: 3.076 Thread 0x000000000272d800 DEOPT PACKING pc=0x000000000299bb87 sp=0x00000000026ff050
Event: 3.076 Thread 0x000000000272d800 DEOPT UNPACKING pc=0x00000000028775bf sp=0x00000000026fed80 mode 0
Event: 3.302 Thread 0x000000000272d800 Uncommon trap: trap_request=0xffffff65 fr.pc=0x0000000002bf55c4
Event: 3.322 Thread 0x000000000272d800 DEOPT PACKING pc=0x0000000002bf55c4 sp=0x00000000026fed10
Event: 3.322 Thread 0x000000000272d800 DEOPT UNPACKING pc=0x000000000287556a sp=0x00000000026fec08 mode 2
Event: 4.185 Executing VM operation: EnableBiasedLocking
Event: 4.185 Executing VM operation: EnableBiasedLocking done


Dynamic libraries:
0x00007ff7bef40000 - 0x00007ff7bef71000 	C:\Program Files\Android\Android Studio\jre\bin\java.exe
0x00007ffba9340000 - 0x00007ffba9521000 	C:\WINDOWS\SYSTEM32\ntdll.dll
0x00007ffba6ca0000 - 0x00007ffba6d52000 	C:\WINDOWS\System32\KERNEL32.DLL
0x00007ffba6070000 - 0x00007ffba62e3000 	C:\WINDOWS\System32\KERNELBASE.dll
0x00007ffba9260000 - 0x00007ffba9301000 	C:\WINDOWS\System32\ADVAPI32.dll
0x00007ffba77b0000 - 0x00007ffba784e000 	C:\WINDOWS\System32\msvcrt.dll
0x00007ffba71b0000 - 0x00007ffba720b000 	C:\WINDOWS\System32\sechost.dll
0x00007ffba7580000 - 0x00007ffba76a4000 	C:\WINDOWS\System32\RPCRT4.dll
0x00007ffba7ac0000 - 0x00007ffba7c50000 	C:\WINDOWS\System32\USER32.dll
0x00007ffba5790000 - 0x00007ffba57b0000 	C:\WINDOWS\System32\win32u.dll
0x00007ffba67e0000 - 0x00007ffba6808000 	C:\WINDOWS\System32\GDI32.dll
0x00007ffba6530000 - 0x00007ffba66c2000 	C:\WINDOWS\System32\gdi32full.dll
0x00007ffba5fd0000 - 0x00007ffba606f000 	C:\WINDOWS\System32\msvcp_win.dll
0x00007ffba66d0000 - 0x00007ffba67ca000 	C:\WINDOWS\System32\ucrtbase.dll
0x00007ffb93ad0000 - 0x00007ffb93d39000 	C:\WINDOWS\WinSxS\amd64_microsoft.windows.common-controls_6595b64144ccf1df_6.0.17134.48_none_b4b2216a3cb4dd3e\COMCTL32.dll
0x00007ffba6810000 - 0x00007ffba6b33000 	C:\WINDOWS\System32\combase.dll
0x00007ffba5710000 - 0x00007ffba578a000 	C:\WINDOWS\System32\bcryptPrimitives.dll
0x00007ffba9090000 - 0x00007ffba90bd000 	C:\WINDOWS\System32\IMM32.DLL
0x0000000069530000 - 0x0000000069602000 	C:\Program Files\Android\Android Studio\jre\jre\bin\msvcr100.dll
0x0000000066c10000 - 0x000000006744e000 	C:\Program Files\Android\Android Studio\jre\jre\bin\server\jvm.dll
0x00007ffba91d0000 - 0x00007ffba91d8000 	C:\WINDOWS\System32\PSAPI.DLL
0x00007ffba1d20000 - 0x00007ffba1d29000 	C:\WINDOWS\SYSTEM32\WSOCK32.dll
0x00007ffba7510000 - 0x00007ffba757c000 	C:\WINDOWS\System32\WS2_32.dll
0x00007ffb95780000 - 0x00007ffb957a3000 	C:\WINDOWS\SYSTEM32\WINMM.dll
0x00007ffb9d7c0000 - 0x00007ffb9d7ca000 	C:\WINDOWS\SYSTEM32\VERSION.dll
0x00007ffb95570000 - 0x00007ffb9559a000 	C:\WINDOWS\SYSTEM32\WINMMBASE.dll
0x00007ffba64e0000 - 0x00007ffba6529000 	C:\WINDOWS\System32\cfgmgr32.dll
0x00007ffba1b20000 - 0x00007ffba1b2f000 	C:\Program Files\Android\Android Studio\jre\jre\bin\verify.dll
0x00007ffb9e9c0000 - 0x00007ffb9e9e9000 	C:\Program Files\Android\Android Studio\jre\jre\bin\java.dll
0x00007ffba1b00000 - 0x00007ffba1b16000 	C:\Program Files\Android\Android Studio\jre\jre\bin\zip.dll
0x00007ffba7c50000 - 0x00007ffba9090000 	C:\WINDOWS\System32\SHELL32.dll
0x00007ffba9120000 - 0x00007ffba91c9000 	C:\WINDOWS\System32\shcore.dll
0x00007ffba58c0000 - 0x00007ffba5fcd000 	C:\WINDOWS\System32\windows.storage.dll
0x00007ffba90c0000 - 0x00007ffba9111000 	C:\WINDOWS\System32\shlwapi.dll
0x00007ffba5680000 - 0x00007ffba5691000 	C:\WINDOWS\System32\kernel.appcore.dll
0x00007ffba56f0000 - 0x00007ffba570f000 	C:\WINDOWS\System32\profapi.dll
0x00007ffba56a0000 - 0x00007ffba56ec000 	C:\WINDOWS\System32\powrprof.dll
0x00007ffba5650000 - 0x00007ffba565a000 	C:\WINDOWS\System32\FLTLIB.DLL
0x00007ffba5080000 - 0x00007ffba5097000 	C:\WINDOWS\SYSTEM32\CRYPTSP.dll
0x00007ffba4ab0000 - 0x00007ffba4ae3000 	C:\WINDOWS\system32\rsaenh.dll
0x00007ffba51b0000 - 0x00007ffba51d5000 	C:\WINDOWS\SYSTEM32\bcrypt.dll
0x00007ffba5580000 - 0x00007ffba55a8000 	C:\WINDOWS\SYSTEM32\USERENV.dll
0x00007ffba50a0000 - 0x00007ffba50ab000 	C:\WINDOWS\SYSTEM32\CRYPTBASE.dll
0x00007ffb9e9a0000 - 0x00007ffb9e9ba000 	C:\Program Files\Android\Android Studio\jre\jre\bin\net.dll
0x00007ffba4ed0000 - 0x00007ffba4f36000 	C:\WINDOWS\system32\mswsock.dll
0x00007ffba4c50000 - 0x00007ffba4c88000 	C:\WINDOWS\SYSTEM32\IPHLPAPI.DLL
0x00007ffba7430000 - 0x00007ffba7438000 	C:\WINDOWS\System32\NSI.dll
0x00007ffb9a1f0000 - 0x00007ffb9a206000 	C:\WINDOWS\SYSTEM32\dhcpcsvc6.DLL
0x00007ffb9a120000 - 0x00007ffb9a13a000 	C:\WINDOWS\SYSTEM32\dhcpcsvc.DLL
0x00007ffb9e900000 - 0x00007ffb9e911000 	C:\Program Files\Android\Android Studio\jre\jre\bin\nio.dll

VM Arguments:
jvm_args: -Djava.awt.headless=true -Xmx64M -Dfile.encoding=x-windows-949 -Duser.country=KR -Duser.language=ko -Duser.variant 
java_command: com.google.devtools.build.android.desugar.Desugar @D:\test\app\build\intermediates\tmp\desugar_args7074449998332316397
java_class_path (initial): C:\Users\Goo\AppData\Local\Temp\desugar_deploy.jar914161806448729915
Launcher Type: SUN_STANDARD

Environment Variables:
PATH=C:\ProgramData\Oracle\Java\javapath;C:\WINDOWS\system32;C:\WINDOWS;C:\WINDOWS\System32\Wbem;C:\WINDOWS\System32\WindowsPowerShell\v1.0\;C:\OpenSSL;;C:\WINDOWS\System32\OpenSSH\;C:\Users\Goo\AppData\Local\Microsoft\WindowsApps;
USERNAME=Goo
OS=Windows_NT
PROCESSOR_IDENTIFIER=Intel64 Family 6 Model 158 Stepping 9, GenuineIntel



---------------  S Y S T E M  ---------------

OS: Windows 10.0 , 64 bit Build 17134 (10.0.17134.1)

CPU:total 8 (initial active 8) (4 cores per cpu, 2 threads per core) family 6 model 158 stepping 9, cmov, cx8, fxsr, mmx, sse, sse2, sse3, ssse3, sse4.1, sse4.2, popcnt, avx, avx2, aes, clmul, erms, 3dnowpref, lzcnt, ht, tsc, tscinvbit, bmi1, bmi2, adx

Memory: 4k page, physical 16692940k(4844192k free), swap 16692940k(6352k free)

vm_info: OpenJDK 64-Bit Server VM (25.152-b01) for windows-amd64 JRE (1.8.0_152-release-915-b01), built by "builder" with MS VC++ 10.0 (VS2010)

time: Sat May 26 17:46:11 2018
elapsed time: 4 seconds (0d 0h 0m 4s)

