#
# There is insufficient memory for the Java Runtime Environment to continue.
# Native memory allocation (malloc) failed to allocate 402096 bytes for Chunk::new
# Possible reasons:
#   The system is out of physical RAM or swap space
#   In 32 bit mode, the process size limit was hit
# Possible solutions:
#   Reduce memory load on the system
#   Increase physical memory or swap space
#   Check if swap backing store is full
#   Use 64 bit Java on a 64 bit OS
#   Decrease Java heap size (-Xmx/-Xms)
#   Decrease number of Java threads
#   Decrease Java thread stack sizes (-Xss)
#   Set larger code cache with -XX:ReservedCodeCacheSize=
# This output file may be truncated or incomplete.
#
#  Out of Memory Error (allocation.cpp:390), pid=3296, tid=0x000000000000256c
#
# JRE version: OpenJDK Runtime Environment (8.0_152-b01) (build 1.8.0_152-release-915-b01)
# Java VM: OpenJDK 64-Bit Server VM (25.152-b01 mixed mode windows-amd64 compressed oops)
# Failed to write core dump. Minidumps are not enabled by default on client versions of Windows
#

---------------  T H R E A D  ---------------

Current thread (0x00000000156e3000):  JavaThread "C2 CompilerThread2" daemon [_thread_in_native, id=9580, stack(0x0000000015f50000,0x0000000016050000)]

Stack: [0x0000000015f50000,0x0000000016050000]
[error occurred during error reporting (printing stack bounds), id 0xc0000005]

Native frames: (J=compiled Java code, j=interpreted, Vv=VM code, C=native code)


Current CompileTask:
C2:   2054  965 %     4       org.objectweb.asm.ClassReader::a @ 74 (3587 bytes)


---------------  P R O C E S S  ---------------

Java Threads: ( => current thread )
  0x00000000156ed800 JavaThread "Service Thread" daemon [_thread_blocked, id=9104, stack(0x0000000016150000,0x0000000016250000)]
  0x00000000156e7000 JavaThread "C1 CompilerThread3" daemon [_thread_blocked, id=6740, stack(0x0000000016050000,0x0000000016150000)]
=>0x00000000156e3000 JavaThread "C2 CompilerThread2" daemon [_thread_in_native, id=9580, stack(0x0000000015f50000,0x0000000016050000)]
  0x000000001375c000 JavaThread "C2 CompilerThread1" daemon [_thread_blocked, id=3128, stack(0x0000000015e50000,0x0000000015f50000)]
  0x00000000156e0800 JavaThread "C2 CompilerThread0" daemon [_thread_blocked, id=1420, stack(0x0000000015d50000,0x0000000015e50000)]
  0x00000000156df000 JavaThread "Attach Listener" daemon [_thread_blocked, id=2216, stack(0x0000000015c50000,0x0000000015d50000)]
  0x000000001568b800 JavaThread "Signal Dispatcher" daemon [_thread_blocked, id=11336, stack(0x0000000015b50000,0x0000000015c50000)]
  0x0000000015671000 JavaThread "Finalizer" daemon [_thread_blocked, id=1204, stack(0x0000000015a50000,0x0000000015b50000)]
  0x0000000002f97000 JavaThread "Reference Handler" daemon [_thread_blocked, id=6620, stack(0x0000000015550000,0x0000000015650000)]
  0x000000000298d800 JavaThread "main" [_thread_in_native, id=4268, stack(0x0000000002da0000,0x0000000002ea0000)]

Other Threads:
  0x0000000013745800 VMThread [stack: 0x0000000015450000,0x0000000015550000] [id=2860]
  0x00000000156ee800 WatcherThread [stack: 0x0000000016250000,0x0000000016350000] [id=8640]

VM state:not at safepoint (normal execution)

VM Mutex/Monitor currently owned by a thread: None

Heap:
 PSYoungGen      total 18944K, used 14193K [0x00000000feb00000, 0x0000000100000000, 0x0000000100000000)
  eden space 16384K, 71% used [0x00000000feb00000,0x00000000ff6637d0,0x00000000ffb00000)
  from space 2560K, 98% used [0x00000000ffd80000,0x00000000ffff8e30,0x0000000100000000)
  to   space 2560K, 0% used [0x00000000ffb00000,0x00000000ffb00000,0x00000000ffd80000)
 ParOldGen       total 44032K, used 6045K [0x00000000fc000000, 0x00000000feb00000, 0x00000000feb00000)
  object space 44032K, 13% used [0x00000000fc000000,0x00000000fc5e7790,0x00000000feb00000)
 Metaspace       used 7711K, capacity 7914K, committed 8192K, reserved 1056768K
  class space    used 875K, capacity 957K, committed 1024K, reserved 1048576K

Card table byte_map: [0x00000000028f0000,0x0000000002920000] byte_map_base: 0x0000000002110000

Marking Bits: (ParMarkBitMap*) 0x00000000673d3950
 Begin Bits: [0x0000000012b60000, 0x0000000012c60000)
 End Bits:   [0x0000000012c60000, 0x0000000012d60000)

Polling page: 0x0000000000b80000

CodeCache: size=245760Kb used=3930Kb max_used=3944Kb free=241829Kb
 bounds [0x0000000002fa0000, 0x0000000003380000, 0x0000000011fa0000]
 total_blobs=1365 nmethods=1031 adapters=248
 compilation: enabled

Compilation events (10 events):
Event: 1.906 Thread 0x000000001375c000 nmethod 1010 0x0000000003371950 code [0x0000000003371ae0, 0x0000000003372278]
Event: 1.906 Thread 0x000000001375c000 1011       4       sun.nio.cs.UTF_8$Encoder::encode (359 bytes)
Event: 1.909 Thread 0x000000001375c000 nmethod 1011 0x000000000336e590 code [0x000000000336e6e0, 0x000000000336e938]
Event: 1.909 Thread 0x000000001375c000 1025       4       org.objectweb.asm.Label::a (214 bytes)
Event: 1.913 Thread 0x000000001375c000 nmethod 1025 0x000000000336fd90 code [0x000000000336fee0, 0x00000000033701d8]
Event: 1.913 Thread 0x000000001375c000 1029  s    4       java.io.BufferedOutputStream::write (35 bytes)
Event: 1.914 Thread 0x000000001375c000 nmethod 1029 0x000000000336f790 code [0x000000000336f8e0, 0x000000000336fc48]
Event: 1.914 Thread 0x000000001375c000 1024       4       org.objectweb.asm.MethodWriter::visitLabel (321 bytes)
Event: 1.922 Thread 0x000000001375c000 nmethod 1024 0x000000000336eb10 code [0x000000000336ec80, 0x000000000336f258]
Event: 1.997 Thread 0x00000000156e0800 nmethod 1009 0x0000000003375e50 code [0x00000000033761c0, 0x0000000003378bb8]

GC Heap History (4 events):
Event: 1.066 GC heap before
{Heap before GC invocations=1 (full 0):
 PSYoungGen      total 18944K, used 16384K [0x00000000feb00000, 0x0000000100000000, 0x0000000100000000)
  eden space 16384K, 100% used [0x00000000feb00000,0x00000000ffb00000,0x00000000ffb00000)
  from space 2560K, 0% used [0x00000000ffd80000,0x00000000ffd80000,0x0000000100000000)
  to   space 2560K, 0% used [0x00000000ffb00000,0x00000000ffb00000,0x00000000ffd80000)
 ParOldGen       total 44032K, used 0K [0x00000000fc000000, 0x00000000feb00000, 0x00000000feb00000)
  object space 44032K, 0% used [0x00000000fc000000,0x00000000fc000000,0x00000000feb00000)
 Metaspace       used 6642K, capacity 6808K, committed 7040K, reserved 1056768K
  class space    used 773K, capacity 824K, committed 896K, reserved 1048576K
Event: 1.078 GC heap after
Heap after GC invocations=1 (full 0):
 PSYoungGen      total 18944K, used 2537K [0x00000000feb00000, 0x0000000100000000, 0x0000000100000000)
  eden space 16384K, 0% used [0x00000000feb00000,0x00000000feb00000,0x00000000ffb00000)
  from space 2560K, 99% used [0x00000000ffb00000,0x00000000ffd7a620,0x00000000ffd80000)
  to   space 2560K, 0% used [0x00000000ffd80000,0x00000000ffd80000,0x0000000100000000)
 ParOldGen       total 44032K, used 1568K [0x00000000fc000000, 0x00000000feb00000, 0x00000000feb00000)
  object space 44032K, 3% used [0x00000000fc000000,0x00000000fc1882a8,0x00000000feb00000)
 Metaspace       used 6642K, capacity 6808K, committed 7040K, reserved 1056768K
  class space    used 773K, capacity 824K, committed 896K, reserved 1048576K
}
Event: 1.458 GC heap before
{Heap before GC invocations=2 (full 0):
 PSYoungGen      total 18944K, used 18921K [0x00000000feb00000, 0x0000000100000000, 0x0000000100000000)
  eden space 16384K, 100% used [0x00000000feb00000,0x00000000ffb00000,0x00000000ffb00000)
  from space 2560K, 99% used [0x00000000ffb00000,0x00000000ffd7a620,0x00000000ffd80000)
  to   space 2560K, 0% used [0x00000000ffd80000,0x00000000ffd80000,0x0000000100000000)
 ParOldGen       total 44032K, used 1568K [0x00000000fc000000, 0x00000000feb00000, 0x00000000feb00000)
  object space 44032K, 3% used [0x00000000fc000000,0x00000000fc1882a8,0x00000000feb00000)
 Metaspace       used 6985K, capacity 7114K, committed 7296K, reserved 1056768K
  class space    used 816K, capacity 861K, committed 896K, reserved 1048576K
Event: 1.467 GC heap after
Heap after GC invocations=2 (full 0):
 PSYoungGen      total 18944K, used 2531K [0x00000000feb00000, 0x0000000100000000, 0x0000000100000000)
  eden space 16384K, 0% used [0x00000000feb00000,0x00000000feb00000,0x00000000ffb00000)
  from space 2560K, 98% used [0x00000000ffd80000,0x00000000ffff8e30,0x0000000100000000)
  to   space 2560K, 0% used [0x00000000ffb00000,0x00000000ffb00000,0x00000000ffd80000)
 ParOldGen       total 44032K, used 6045K [0x00000000fc000000, 0x00000000feb00000, 0x00000000feb00000)
  object space 44032K, 13% used [0x00000000fc000000,0x00000000fc5e7790,0x00000000feb00000)
 Metaspace       used 6985K, capacity 7114K, committed 7296K, reserved 1056768K
  class space    used 816K, capacity 861K, committed 896K, reserved 1048576K
}

Deoptimization events (10 events):
Event: 1.053 Thread 0x000000000298d800 Uncommon trap: reason=unstable_if action=reinterpret pc=0x00000000031e3d48 method=java.util.zip.ZipFile$ZipEntryIterator.hasNext()Z @ 25
Event: 1.053 Thread 0x000000000298d800 Uncommon trap: reason=unstable_if action=reinterpret pc=0x00000000031e34c0 method=java.util.zip.ZipCoder.decoder()Ljava/nio/charset/CharsetDecoder; @ 4
Event: 1.116 Thread 0x000000000298d800 Uncommon trap: reason=unstable_if action=reinterpret pc=0x00000000031efe80 method=java.util.zip.ZipCoder.decoder()Ljava/nio/charset/CharsetDecoder; @ 4
Event: 1.124 Thread 0x000000000298d800 Uncommon trap: reason=unstable_if action=reinterpret pc=0x00000000031fff08 method=java.util.HashMap$HashIterator.nextNode()Ljava/util/HashMap$Node; @ 74
Event: 1.239 Thread 0x000000000298d800 Uncommon trap: reason=unstable_if action=reinterpret pc=0x00000000031f9d08 method=java.util.HashMap$HashIterator.nextNode()Ljava/util/HashMap$Node; @ 74
Event: 1.412 Thread 0x000000000298d800 Uncommon trap: reason=unloaded action=reinterpret pc=0x00000000031ea03c method=java.util.zip.ZipEntry.setExtra0([BZ)V @ 37
Event: 1.498 Thread 0x000000000298d800 Uncommon trap: reason=unstable_if action=reinterpret pc=0x000000000314a5b8 method=java.lang.String.<init>([CII)V @ 18
Event: 1.794 Thread 0x000000000298d800 Uncommon trap: reason=unstable_if action=reinterpret pc=0x00000000032ee818 method=org.objectweb.asm.Item.a(Lorg/objectweb/asm/Item;)Z @ 345
Event: 1.866 Thread 0x000000000298d800 Uncommon trap: reason=unstable_if action=reinterpret pc=0x000000000331ae78 method=org.objectweb.asm.Type.getArgumentsAndReturnSizes(Ljava/lang/String;)I @ 41
Event: 1.877 Thread 0x000000000298d800 Uncommon trap: reason=unstable_if action=reinterpret pc=0x0000000003332124 method=org.objectweb.asm.MethodWriter.visitVarInsn(II)V @ 142

Classes redefined (0 events):
No events

Internal exceptions (10 events):
Event: 1.237 Thread 0x000000000298d800 Exception <a 'sun/nio/fs/WindowsException'> (0x00000000ff237210) thrown at [D:\src\AOSP-openjdk-cygwin\jdk8u\hotspot\src\share\vm\prims\jni.cpp, line 709]
Event: 1.238 Thread 0x000000000298d800 Exception <a 'sun/nio/fs/WindowsException'> (0x00000000ff2377d8) thrown at [D:\src\AOSP-openjdk-cygwin\jdk8u\hotspot\src\share\vm\prims\jni.cpp, line 709]
Event: 1.238 Thread 0x000000000298d800 Exception <a 'sun/nio/fs/WindowsException'> (0x00000000ff237f98) thrown at [D:\src\AOSP-openjdk-cygwin\jdk8u\hotspot\src\share\vm\prims\jni.cpp, line 709]
Event: 1.238 Thread 0x000000000298d800 Exception <a 'sun/nio/fs/WindowsException'> (0x00000000ff238538) thrown at [D:\src\AOSP-openjdk-cygwin\jdk8u\hotspot\src\share\vm\prims\jni.cpp, line 709]
Event: 1.238 Thread 0x000000000298d800 Exception <a 'sun/nio/fs/WindowsException'> (0x00000000ff238ce8) thrown at [D:\src\AOSP-openjdk-cygwin\jdk8u\hotspot\src\share\vm\prims\jni.cpp, line 709]
Event: 1.250 Thread 0x000000000298d800 Exception <a 'sun/nio/fs/WindowsException'> (0x00000000ff23e028) thrown at [D:\src\AOSP-openjdk-cygwin\jdk8u\hotspot\src\share\vm\prims\jni.cpp, line 709]
Event: 1.475 Thread 0x000000000298d800 Exception <a 'sun/nio/fs/WindowsException'> (0x00000000feb9c790) thrown at [D:\src\AOSP-openjdk-cygwin\jdk8u\hotspot\src\share\vm\prims\jni.cpp, line 709]
Event: 1.475 Thread 0x000000000298d800 Exception <a 'sun/nio/fs/WindowsException'> (0x00000000feb9cce8) thrown at [D:\src\AOSP-openjdk-cygwin\jdk8u\hotspot\src\share\vm\prims\jni.cpp, line 709]
Event: 1.485 Thread 0x000000000298d800 Exception <a 'sun/nio/fs/WindowsException'> (0x00000000feba84e8) thrown at [D:\src\AOSP-openjdk-cygwin\jdk8u\hotspot\src\share\vm\prims\jni.cpp, line 709]
Event: 1.485 Thread 0x000000000298d800 Exception <a 'sun/nio/fs/WindowsException'> (0x00000000feba89c0) thrown at [D:\src\AOSP-openjdk-cygwin\jdk8u\hotspot\src\share\vm\prims\jni.cpp, line 709]

Events (10 events):
Event: 1.866 Thread 0x000000000298d800 Uncommon trap: trap_request=0xffffff65 fr.pc=0x000000000331ae78
Event: 1.866 Thread 0x000000000298d800 DEOPT PACKING pc=0x000000000331ae78 sp=0x0000000002e9e960
Event: 1.866 Thread 0x000000000298d800 DEOPT UNPACKING pc=0x0000000002fe556a sp=0x0000000002e9e8e8 mode 2
Event: 1.869 Thread 0x000000000298d800 DEOPT PACKING pc=0x000000000310e4c7 sp=0x0000000002e9ef40
Event: 1.869 Thread 0x000000000298d800 DEOPT UNPACKING pc=0x0000000002fe75bf sp=0x0000000002e9ec70 mode 0
Event: 1.877 Thread 0x000000000298d800 Uncommon trap: trap_request=0xffffff65 fr.pc=0x0000000003332124
Event: 1.877 Thread 0x000000000298d800 DEOPT PACKING pc=0x0000000003332124 sp=0x0000000002e9ebc0
Event: 1.877 Thread 0x000000000298d800 DEOPT UNPACKING pc=0x0000000002fe556a sp=0x0000000002e9eb08 mode 2
Event: 1.883 Thread 0x000000000298d800 DEOPT PACKING pc=0x000000000310e4c7 sp=0x0000000002e9ef30
Event: 1.883 Thread 0x000000000298d800 DEOPT UNPACKING pc=0x0000000002fe75bf sp=0x0000000002e9ec60 mode 0


Dynamic libraries:
0x00007ff7bef40000 - 0x00007ff7bef71000 	C:\Program Files\Android\Android Studio\jre\bin\java.exe
0x00007ffba9340000 - 0x00007ffba9521000 	C:\WINDOWS\SYSTEM32\ntdll.dll
0x00007ffba6ca0000 - 0x00007ffba6d52000 	C:\WINDOWS\System32\KERNEL32.DLL
0x00007ffba6070000 - 0x00007ffba62e3000 	C:\WINDOWS\System32\KERNELBASE.dll
0x00007ffba9260000 - 0x00007ffba9301000 	C:\WINDOWS\System32\ADVAPI32.dll
0x00007ffba77b0000 - 0x00007ffba784e000 	C:\WINDOWS\System32\msvcrt.dll
0x00007ffba71b0000 - 0x00007ffba720b000 	C:\WINDOWS\System32\sechost.dll
0x00007ffba7580000 - 0x00007ffba76a4000 	C:\WINDOWS\System32\RPCRT4.dll
0x00007ffba7ac0000 - 0x00007ffba7c50000 	C:\WINDOWS\System32\USER32.dll
0x00007ffba5790000 - 0x00007ffba57b0000 	C:\WINDOWS\System32\win32u.dll
0x00007ffba67e0000 - 0x00007ffba6808000 	C:\WINDOWS\System32\GDI32.dll
0x00007ffba6530000 - 0x00007ffba66c2000 	C:\WINDOWS\System32\gdi32full.dll
0x00007ffba5fd0000 - 0x00007ffba606f000 	C:\WINDOWS\System32\msvcp_win.dll
0x00007ffba66d0000 - 0x00007ffba67ca000 	C:\WINDOWS\System32\ucrtbase.dll
0x00007ffb93ad0000 - 0x00007ffb93d39000 	C:\WINDOWS\WinSxS\amd64_microsoft.windows.common-controls_6595b64144ccf1df_6.0.17134.48_none_b4b2216a3cb4dd3e\COMCTL32.dll
0x00007ffba6810000 - 0x00007ffba6b33000 	C:\WINDOWS\System32\combase.dll
0x00007ffba5710000 - 0x00007ffba578a000 	C:\WINDOWS\System32\bcryptPrimitives.dll
0x00007ffba9090000 - 0x00007ffba90bd000 	C:\WINDOWS\System32\IMM32.DLL
0x0000000069530000 - 0x0000000069602000 	C:\Program Files\Android\Android Studio\jre\jre\bin\msvcr100.dll
0x0000000066c10000 - 0x000000006744e000 	C:\Program Files\Android\Android Studio\jre\jre\bin\server\jvm.dll
0x00007ffba91d0000 - 0x00007ffba91d8000 	C:\WINDOWS\System32\PSAPI.DLL
0x00007ffba1d20000 - 0x00007ffba1d29000 	C:\WINDOWS\SYSTEM32\WSOCK32.dll
0x00007ffba7510000 - 0x00007ffba757c000 	C:\WINDOWS\System32\WS2_32.dll
0x00007ffb95780000 - 0x00007ffb957a3000 	C:\WINDOWS\SYSTEM32\WINMM.dll
0x00007ffb9d7c0000 - 0x00007ffb9d7ca000 	C:\WINDOWS\SYSTEM32\VERSION.dll
0x00007ffb95570000 - 0x00007ffb9559a000 	C:\WINDOWS\SYSTEM32\winmmbase.dll
0x00007ffba64e0000 - 0x00007ffba6529000 	C:\WINDOWS\System32\cfgmgr32.dll
0x00007ffba1d30000 - 0x00007ffba1d3f000 	C:\Program Files\Android\Android Studio\jre\jre\bin\verify.dll
0x00007ffba1b00000 - 0x00007ffba1b29000 	C:\Program Files\Android\Android Studio\jre\jre\bin\java.dll
0x00007ffb9f450000 - 0x00007ffb9f466000 	C:\Program Files\Android\Android Studio\jre\jre\bin\zip.dll
0x00007ffba7c50000 - 0x00007ffba9090000 	C:\WINDOWS\System32\SHELL32.dll
0x00007ffba9120000 - 0x00007ffba91c9000 	C:\WINDOWS\System32\shcore.dll
0x00007ffba58c0000 - 0x00007ffba5fcd000 	C:\WINDOWS\System32\windows.storage.dll
0x00007ffba90c0000 - 0x00007ffba9111000 	C:\WINDOWS\System32\shlwapi.dll
0x00007ffba5680000 - 0x00007ffba5691000 	C:\WINDOWS\System32\kernel.appcore.dll
0x00007ffba56f0000 - 0x00007ffba570f000 	C:\WINDOWS\System32\profapi.dll
0x00007ffba56a0000 - 0x00007ffba56ec000 	C:\WINDOWS\System32\powrprof.dll
0x00007ffba5650000 - 0x00007ffba565a000 	C:\WINDOWS\System32\FLTLIB.DLL
0x00007ffba5080000 - 0x00007ffba5097000 	C:\WINDOWS\SYSTEM32\CRYPTSP.dll
0x00007ffba4ab0000 - 0x00007ffba4ae3000 	C:\WINDOWS\system32\rsaenh.dll
0x00007ffba51b0000 - 0x00007ffba51d5000 	C:\WINDOWS\SYSTEM32\bcrypt.dll
0x00007ffba5580000 - 0x00007ffba55a8000 	C:\WINDOWS\SYSTEM32\USERENV.dll
0x00007ffba50a0000 - 0x00007ffba50ab000 	C:\WINDOWS\SYSTEM32\CRYPTBASE.dll
0x00007ffb9f430000 - 0x00007ffb9f44a000 	C:\Program Files\Android\Android Studio\jre\jre\bin\net.dll
0x00007ffba4ed0000 - 0x00007ffba4f36000 	C:\WINDOWS\system32\mswsock.dll
0x00007ffba4c50000 - 0x00007ffba4c88000 	C:\WINDOWS\SYSTEM32\IPHLPAPI.DLL
0x00007ffba7430000 - 0x00007ffba7438000 	C:\WINDOWS\System32\NSI.dll
0x00007ffb9a1f0000 - 0x00007ffb9a206000 	C:\WINDOWS\SYSTEM32\dhcpcsvc6.DLL
0x00007ffb9a120000 - 0x00007ffb9a13a000 	C:\WINDOWS\SYSTEM32\dhcpcsvc.DLL
0x00007ffb9f410000 - 0x00007ffb9f421000 	C:\Program Files\Android\Android Studio\jre\jre\bin\nio.dll

VM Arguments:
jvm_args: -Djava.awt.headless=true -Xmx64M -Dfile.encoding=x-windows-949 -Duser.country=KR -Duser.language=ko -Duser.variant 
java_command: com.google.devtools.build.android.desugar.Desugar @D:\test\app\build\intermediates\tmp\desugar_args5165666419937113036
java_class_path (initial): C:\Users\Goo\AppData\Local\Temp\desugar_deploy.jar4283967336768827273
Launcher Type: SUN_STANDARD

Environment Variables:
PATH=C:\ProgramData\Oracle\Java\javapath;C:\WINDOWS\system32;C:\WINDOWS;C:\WINDOWS\System32\Wbem;C:\WINDOWS\System32\WindowsPowerShell\v1.0\;C:\OpenSSL;;C:\WINDOWS\System32\OpenSSH\;C:\Users\Goo\AppData\Local\Microsoft\WindowsApps;
USERNAME=Goo
OS=Windows_NT
PROCESSOR_IDENTIFIER=Intel64 Family 6 Model 158 Stepping 9, GenuineIntel



---------------  S Y S T E M  ---------------

OS: Windows 10.0 , 64 bit Build 17134 (10.0.17134.1)

CPU:total 8 (initial active 8) (4 cores per cpu, 2 threads per core) family 6 model 158 stepping 9, cmov, cx8, fxsr, mmx, sse, sse2, sse3, ssse3, sse4.1, sse4.2, popcnt, avx, avx2, aes, clmul, erms, 3dnowpref, lzcnt, ht, tsc, tscinvbit, bmi1, bmi2, adx

Memory: 4k page, physical 16692940k(5049236k free), swap 16692940k(2112k free)

vm_info: OpenJDK 64-Bit Server VM (25.152-b01) for windows-amd64 JRE (1.8.0_152-release-915-b01), built by "builder" with MS VC++ 10.0 (VS2010)

time: Sat May 26 21:51:05 2018
elapsed time: 2 seconds (0d 0h 0m 2s)

