#
# There is insufficient memory for the Java Runtime Environment to continue.
# Native memory allocation (malloc) failed to allocate 32744 bytes for ChunkPool::allocate
# Possible reasons:
#   The system is out of physical RAM or swap space
#   In 32 bit mode, the process size limit was hit
# Possible solutions:
#   Reduce memory load on the system
#   Increase physical memory or swap space
#   Check if swap backing store is full
#   Use 64 bit Java on a 64 bit OS
#   Decrease Java heap size (-Xmx/-Xms)
#   Decrease number of Java threads
#   Decrease Java thread stack sizes (-Xss)
#   Set larger code cache with -XX:ReservedCodeCacheSize=
# This output file may be truncated or incomplete.
#
#  Out of Memory Error (allocation.cpp:273), pid=3736, tid=0x0000000000001fa8
#
# JRE version: OpenJDK Runtime Environment (8.0_152-b01) (build 1.8.0_152-release-915-b01)
# Java VM: OpenJDK 64-Bit Server VM (25.152-b01 mixed mode windows-amd64 compressed oops)
# Failed to write core dump. Minidumps are not enabled by default on client versions of Windows
#

---------------  T H R E A D  ---------------

Current thread (0x000000001593f800):  JavaThread "C2 CompilerThread0" daemon [_thread_in_native, id=8104, stack(0x0000000016040000,0x0000000016140000)]

Stack: [0x0000000016040000,0x0000000016140000]
[error occurred during error reporting (printing stack bounds), id 0xc0000005]

Native frames: (J=compiled Java code, j=interpreted, Vv=VM code, C=native code)


Current CompileTask:
C2:   1743  960       4       org.objectweb.asm.ClassReader::readUTF8 (60 bytes)


---------------  P R O C E S S  ---------------

Java Threads: ( => current thread )
  0x00000000159b5000 JavaThread "Service Thread" daemon [_thread_blocked, id=8324, stack(0x0000000016440000,0x0000000016540000)]
  0x000000001598c000 JavaThread "C1 CompilerThread3" daemon [_thread_in_native, id=10572, stack(0x0000000016340000,0x0000000016440000)]
  0x00000000139dd800 JavaThread "C2 CompilerThread2" daemon [_thread_in_native, id=7292, stack(0x0000000016240000,0x0000000016340000)]
  0x00000000139da800 JavaThread "C2 CompilerThread1" daemon [_thread_in_native, id=1880, stack(0x0000000016140000,0x0000000016240000)]
=>0x000000001593f800 JavaThread "C2 CompilerThread0" daemon [_thread_in_native, id=8104, stack(0x0000000016040000,0x0000000016140000)]
  0x000000001593e000 JavaThread "Attach Listener" daemon [_thread_blocked, id=11684, stack(0x0000000015f40000,0x0000000016040000)]
  0x00000000158eb800 JavaThread "Signal Dispatcher" daemon [_thread_blocked, id=12340, stack(0x0000000015e40000,0x0000000015f40000)]
  0x00000000031fe000 JavaThread "Finalizer" daemon [_thread_blocked, id=4712, stack(0x0000000015cb0000,0x0000000015db0000)]
  0x00000000031f7000 JavaThread "Reference Handler" daemon [_thread_blocked, id=11428, stack(0x00000000157b0000,0x00000000158b0000)]
  0x0000000002ffd800 JavaThread "main" [_thread_in_Java, id=9672, stack(0x0000000003000000,0x0000000003100000)]

Other Threads:
  0x00000000139c5000 VMThread [stack: 0x00000000156b0000,0x00000000157b0000] [id=5704]
  0x00000000159b5800 WatcherThread [stack: 0x0000000016540000,0x0000000016640000] [id=10000]

VM state:not at safepoint (normal execution)

VM Mutex/Monitor currently owned by a thread: None

Heap:
 PSYoungGen      total 18944K, used 10158K [0x00000000feb00000, 0x0000000100000000, 0x0000000100000000)
  eden space 16384K, 46% used [0x00000000feb00000,0x00000000ff272d88,0x00000000ffb00000)
  from space 2560K, 98% used [0x00000000ffd80000,0x00000000ffff8e10,0x0000000100000000)
  to   space 2560K, 0% used [0x00000000ffb00000,0x00000000ffb00000,0x00000000ffd80000)
 ParOldGen       total 44032K, used 6115K [0x00000000fc000000, 0x00000000feb00000, 0x00000000feb00000)
  object space 44032K, 13% used [0x00000000fc000000,0x00000000fc5f8cc0,0x00000000feb00000)
 Metaspace       used 7645K, capacity 7782K, committed 7936K, reserved 1056768K
  class space    used 875K, capacity 957K, committed 1024K, reserved 1048576K

Card table byte_map: [0x0000000002f80000,0x0000000002fb0000] byte_map_base: 0x00000000027a0000

Marking Bits: (ParMarkBitMap*) 0x00000000677e3950
 Begin Bits: [0x0000000012dc0000, 0x0000000012ec0000)
 End Bits:   [0x0000000012ec0000, 0x0000000012fc0000)

Polling page: 0x0000000001360000

CodeCache: size=245760Kb used=3621Kb max_used=3621Kb free=242138Kb
 bounds [0x0000000003200000, 0x0000000003590000, 0x0000000012200000]
 total_blobs=1298 nmethods=964 adapters=248
 compilation: enabled

Compilation events (10 events):
Event: 1.732 Thread 0x000000001598c000  963       3       org.objectweb.asm.AnnotationVisitor::<init> (35 bytes)
Event: 1.732 Thread 0x000000001598c000 nmethod 963 0x000000000357cc50 code [0x000000000357cdc0, 0x000000000357d0c8]
Event: 1.732 Thread 0x000000001598c000  964       3       org.objectweb.asm.MethodWriter::visitTypeInsn (118 bytes)
Event: 1.732 Thread 0x000000001598c000 nmethod 964 0x000000000357c3d0 code [0x000000000357c580, 0x000000000357ca08]
Event: 1.733 Thread 0x000000001598c000  965       3       com.google.devtools.build.android.desugar.InterfaceDesugaring::visitMethod (301 bytes)
Event: 1.736 Thread 0x000000001598c000 nmethod 965 0x000000000357de50 code [0x000000000357e220, 0x0000000003580528]
Event: 1.736 Thread 0x000000001598c000  968       3       org.objectweb.asm.MethodWriter::<init> (247 bytes)
Event: 1.736 Thread 0x00000000139da800  976       4       org.objectweb.asm.ClassReader::a (194 bytes)
Event: 1.737 Thread 0x000000001598c000 nmethod 968 0x000000000357af10 code [0x000000000357b140, 0x000000000357bd08]
Event: 1.737 Thread 0x000000001598c000  975       3       org.objectweb.asm.MethodWriter::a (1609 bytes)

GC Heap History (4 events):
Event: 0.894 GC heap before
{Heap before GC invocations=1 (full 0):
 PSYoungGen      total 18944K, used 16384K [0x00000000feb00000, 0x0000000100000000, 0x0000000100000000)
  eden space 16384K, 100% used [0x00000000feb00000,0x00000000ffb00000,0x00000000ffb00000)
  from space 2560K, 0% used [0x00000000ffd80000,0x00000000ffd80000,0x0000000100000000)
  to   space 2560K, 0% used [0x00000000ffb00000,0x00000000ffb00000,0x00000000ffd80000)
 ParOldGen       total 44032K, used 0K [0x00000000fc000000, 0x00000000feb00000, 0x00000000feb00000)
  object space 44032K, 0% used [0x00000000fc000000,0x00000000fc000000,0x00000000feb00000)
 Metaspace       used 6625K, capacity 6804K, committed 7040K, reserved 1056768K
  class space    used 773K, capacity 824K, committed 896K, reserved 1048576K
Event: 0.979 GC heap after
Heap after GC invocations=1 (full 0):
 PSYoungGen      total 18944K, used 2537K [0x00000000feb00000, 0x0000000100000000, 0x0000000100000000)
  eden space 16384K, 0% used [0x00000000feb00000,0x00000000feb00000,0x00000000ffb00000)
  from space 2560K, 99% used [0x00000000ffb00000,0x00000000ffd7a620,0x00000000ffd80000)
  to   space 2560K, 0% used [0x00000000ffd80000,0x00000000ffd80000,0x0000000100000000)
 ParOldGen       total 44032K, used 1589K [0x00000000fc000000, 0x00000000feb00000, 0x00000000feb00000)
  object space 44032K, 3% used [0x00000000fc000000,0x00000000fc18d7d8,0x00000000feb00000)
 Metaspace       used 6625K, capacity 6804K, committed 7040K, reserved 1056768K
  class space    used 773K, capacity 824K, committed 896K, reserved 1048576K
}
Event: 1.376 GC heap before
{Heap before GC invocations=2 (full 0):
 PSYoungGen      total 18944K, used 18921K [0x00000000feb00000, 0x0000000100000000, 0x0000000100000000)
  eden space 16384K, 100% used [0x00000000feb00000,0x00000000ffb00000,0x00000000ffb00000)
  from space 2560K, 99% used [0x00000000ffb00000,0x00000000ffd7a620,0x00000000ffd80000)
  to   space 2560K, 0% used [0x00000000ffd80000,0x00000000ffd80000,0x0000000100000000)
 ParOldGen       total 44032K, used 1589K [0x00000000fc000000, 0x00000000feb00000, 0x00000000feb00000)
  object space 44032K, 3% used [0x00000000fc000000,0x00000000fc18d7d8,0x00000000feb00000)
 Metaspace       used 6969K, capacity 7110K, committed 7296K, reserved 1056768K
  class space    used 816K, capacity 861K, committed 896K, reserved 1048576K
Event: 1.391 GC heap after
Heap after GC invocations=2 (full 0):
 PSYoungGen      total 18944K, used 2531K [0x00000000feb00000, 0x0000000100000000, 0x0000000100000000)
  eden space 16384K, 0% used [0x00000000feb00000,0x00000000feb00000,0x00000000ffb00000)
  from space 2560K, 98% used [0x00000000ffd80000,0x00000000ffff8e10,0x0000000100000000)
  to   space 2560K, 0% used [0x00000000ffb00000,0x00000000ffb00000,0x00000000ffd80000)
 ParOldGen       total 44032K, used 6115K [0x00000000fc000000, 0x00000000feb00000, 0x00000000feb00000)
  object space 44032K, 13% used [0x00000000fc000000,0x00000000fc5f8cc0,0x00000000feb00000)
 Metaspace       used 6969K, capacity 7110K, committed 7296K, reserved 1056768K
  class space    used 816K, capacity 861K, committed 896K, reserved 1048576K
}

Deoptimization events (10 events):
Event: 0.880 Thread 0x0000000002ffd800 Uncommon trap: reason=unstable_if action=reinterpret pc=0x0000000003443f38 method=java.util.zip.ZipCoder.decoder()Ljava/nio/charset/CharsetDecoder; @ 4
Event: 0.881 Thread 0x0000000002ffd800 Uncommon trap: reason=unstable_if action=reinterpret pc=0x000000000343f06c method=java.util.zip.ZipCoder.decoder()Ljava/nio/charset/CharsetDecoder; @ 4
Event: 1.027 Thread 0x0000000002ffd800 Uncommon trap: reason=unstable_if action=reinterpret pc=0x000000000344abac method=java.util.zip.ZipCoder.decoder()Ljava/nio/charset/CharsetDecoder; @ 4
Event: 1.028 Thread 0x0000000002ffd800 Uncommon trap: reason=unstable_if action=reinterpret pc=0x0000000003439418 method=java.util.zip.ZipCoder.decoder()Ljava/nio/charset/CharsetDecoder; @ 4
Event: 1.028 Thread 0x0000000002ffd800 Uncommon trap: reason=unstable_if action=reinterpret pc=0x0000000003433780 method=java.util.zip.ZipCoder.decoder()Ljava/nio/charset/CharsetDecoder; @ 4
Event: 1.307 Thread 0x0000000002ffd800 Uncommon trap: reason=unloaded action=reinterpret pc=0x000000000344c0fc method=java.util.zip.ZipEntry.setExtra0([BZ)V @ 37
Event: 1.531 Thread 0x0000000002ffd800 Uncommon trap: reason=unstable_if action=reinterpret pc=0x00000000034e0c88 method=java.lang.String.<init>([CII)V @ 18
Event: 1.573 Thread 0x0000000002ffd800 Uncommon trap: reason=unstable_if action=reinterpret pc=0x0000000003511cfc method=java.lang.String.<init>([CII)V @ 18
Event: 1.575 Thread 0x0000000002ffd800 Uncommon trap: reason=unstable_if action=reinterpret pc=0x000000000339f938 method=java.lang.String.<init>([CII)V @ 18
Event: 1.577 Thread 0x0000000002ffd800 Uncommon trap: reason=unstable_if action=reinterpret pc=0x00000000035313d0 method=org.objectweb.asm.Type.getArgumentsAndReturnSizes(Ljava/lang/String;)I @ 130

Classes redefined (0 events):
No events

Internal exceptions (10 events):
Event: 1.193 Thread 0x0000000002ffd800 Exception <a 'sun/nio/fs/WindowsException'> (0x00000000ff23ad08) thrown at [D:\src\AOSP-openjdk-cygwin\jdk8u\hotspot\src\share\vm\prims\jni.cpp, line 709]
Event: 1.193 Thread 0x0000000002ffd800 Exception <a 'sun/nio/fs/WindowsException'> (0x00000000ff23b2a8) thrown at [D:\src\AOSP-openjdk-cygwin\jdk8u\hotspot\src\share\vm\prims\jni.cpp, line 709]
Event: 1.193 Thread 0x0000000002ffd800 Exception <a 'sun/nio/fs/WindowsException'> (0x00000000ff23ba58) thrown at [D:\src\AOSP-openjdk-cygwin\jdk8u\hotspot\src\share\vm\prims\jni.cpp, line 709]
Event: 1.206 Thread 0x0000000002ffd800 Exception <a 'sun/nio/fs/WindowsException'> (0x00000000ff240d98) thrown at [D:\src\AOSP-openjdk-cygwin\jdk8u\hotspot\src\share\vm\prims\jni.cpp, line 709]
Event: 1.398 Thread 0x0000000002ffd800 Exception <a 'sun/nio/fs/WindowsException'> (0x00000000feb722f0) thrown at [D:\src\AOSP-openjdk-cygwin\jdk8u\hotspot\src\share\vm\prims\jni.cpp, line 709]
Event: 1.398 Thread 0x0000000002ffd800 Exception <a 'sun/nio/fs/WindowsException'> (0x00000000feb72848) thrown at [D:\src\AOSP-openjdk-cygwin\jdk8u\hotspot\src\share\vm\prims\jni.cpp, line 709]
Event: 1.410 Thread 0x0000000002ffd800 Exception <a 'sun/nio/fs/WindowsException'> (0x00000000feb7e050) thrown at [D:\src\AOSP-openjdk-cygwin\jdk8u\hotspot\src\share\vm\prims\jni.cpp, line 709]
Event: 1.410 Thread 0x0000000002ffd800 Exception <a 'sun/nio/fs/WindowsException'> (0x00000000feb7e528) thrown at [D:\src\AOSP-openjdk-cygwin\jdk8u\hotspot\src\share\vm\prims\jni.cpp, line 709]
Event: 1.414 Thread 0x0000000002ffd800 Exception <a 'sun/nio/fs/WindowsException'> (0x00000000feb819e0) thrown at [D:\src\AOSP-openjdk-cygwin\jdk8u\hotspot\src\share\vm\prims\jni.cpp, line 709]
Event: 1.414 Thread 0x0000000002ffd800 Exception <a 'sun/nio/fs/WindowsException'> (0x00000000feb81eb8) thrown at [D:\src\AOSP-openjdk-cygwin\jdk8u\hotspot\src\share\vm\prims\jni.cpp, line 709]

Events (10 events):
Event: 1.531 Thread 0x0000000002ffd800 DEOPT UNPACKING pc=0x000000000324556a sp=0x00000000030fec10 mode 2
Event: 1.573 Thread 0x0000000002ffd800 Uncommon trap: trap_request=0xffffff65 fr.pc=0x0000000003511cfc
Event: 1.573 Thread 0x0000000002ffd800 DEOPT PACKING pc=0x0000000003511cfc sp=0x00000000030fe970
Event: 1.573 Thread 0x0000000002ffd800 DEOPT UNPACKING pc=0x000000000324556a sp=0x00000000030fe828 mode 2
Event: 1.575 Thread 0x0000000002ffd800 Uncommon trap: trap_request=0xffffff65 fr.pc=0x000000000339f938
Event: 1.575 Thread 0x0000000002ffd800 DEOPT PACKING pc=0x000000000339f938 sp=0x00000000030fe890
Event: 1.575 Thread 0x0000000002ffd800 DEOPT UNPACKING pc=0x000000000324556a sp=0x00000000030fe858 mode 2
Event: 1.577 Thread 0x0000000002ffd800 Uncommon trap: trap_request=0xffffff65 fr.pc=0x00000000035313d0
Event: 1.577 Thread 0x0000000002ffd800 DEOPT PACKING pc=0x00000000035313d0 sp=0x00000000030fe8d0
Event: 1.577 Thread 0x0000000002ffd800 DEOPT UNPACKING pc=0x000000000324556a sp=0x00000000030fe868 mode 2


Dynamic libraries:
0x00007ff708150000 - 0x00007ff708181000 	C:\Program Files\Android\Android Studio\jre\bin\java.exe
0x00007ffba9340000 - 0x00007ffba9521000 	C:\WINDOWS\SYSTEM32\ntdll.dll
0x00007ffba6ca0000 - 0x00007ffba6d52000 	C:\WINDOWS\System32\KERNEL32.DLL
0x00007ffba6070000 - 0x00007ffba62e3000 	C:\WINDOWS\System32\KERNELBASE.dll
0x00007ffba9260000 - 0x00007ffba9301000 	C:\WINDOWS\System32\ADVAPI32.dll
0x00007ffba77b0000 - 0x00007ffba784e000 	C:\WINDOWS\System32\msvcrt.dll
0x00007ffba71b0000 - 0x00007ffba720b000 	C:\WINDOWS\System32\sechost.dll
0x00007ffba7580000 - 0x00007ffba76a4000 	C:\WINDOWS\System32\RPCRT4.dll
0x00007ffba7ac0000 - 0x00007ffba7c50000 	C:\WINDOWS\System32\USER32.dll
0x00007ffba5790000 - 0x00007ffba57b0000 	C:\WINDOWS\System32\win32u.dll
0x00007ffba67e0000 - 0x00007ffba6808000 	C:\WINDOWS\System32\GDI32.dll
0x00007ffba6530000 - 0x00007ffba66c2000 	C:\WINDOWS\System32\gdi32full.dll
0x00007ffba5fd0000 - 0x00007ffba606f000 	C:\WINDOWS\System32\msvcp_win.dll
0x00007ffba66d0000 - 0x00007ffba67ca000 	C:\WINDOWS\System32\ucrtbase.dll
0x00007ffb93ad0000 - 0x00007ffb93d39000 	C:\WINDOWS\WinSxS\amd64_microsoft.windows.common-controls_6595b64144ccf1df_6.0.17134.48_none_b4b2216a3cb4dd3e\COMCTL32.dll
0x00007ffba6810000 - 0x00007ffba6b33000 	C:\WINDOWS\System32\combase.dll
0x00007ffba5710000 - 0x00007ffba578a000 	C:\WINDOWS\System32\bcryptPrimitives.dll
0x00007ffba9090000 - 0x00007ffba90bd000 	C:\WINDOWS\System32\IMM32.DLL
0x0000000067b70000 - 0x0000000067c42000 	C:\Program Files\Android\Android Studio\jre\jre\bin\msvcr100.dll
0x0000000067020000 - 0x000000006785e000 	C:\Program Files\Android\Android Studio\jre\jre\bin\server\jvm.dll
0x00007ffba91d0000 - 0x00007ffba91d8000 	C:\WINDOWS\System32\PSAPI.DLL
0x00007ffba39e0000 - 0x00007ffba39e9000 	C:\WINDOWS\SYSTEM32\WSOCK32.dll
0x00007ffba7510000 - 0x00007ffba757c000 	C:\WINDOWS\System32\WS2_32.dll
0x00007ffb95780000 - 0x00007ffb957a3000 	C:\WINDOWS\SYSTEM32\WINMM.dll
0x00007ffb9d7c0000 - 0x00007ffb9d7ca000 	C:\WINDOWS\SYSTEM32\VERSION.dll
0x00007ffb95570000 - 0x00007ffb9559a000 	C:\WINDOWS\SYSTEM32\winmmbase.dll
0x00007ffba64e0000 - 0x00007ffba6529000 	C:\WINDOWS\System32\cfgmgr32.dll
0x00007ffba0860000 - 0x00007ffba086f000 	C:\Program Files\Android\Android Studio\jre\jre\bin\verify.dll
0x00007ffb9d7f0000 - 0x00007ffb9d819000 	C:\Program Files\Android\Android Studio\jre\jre\bin\java.dll
0x00007ffba0840000 - 0x00007ffba0856000 	C:\Program Files\Android\Android Studio\jre\jre\bin\zip.dll
0x00007ffba7c50000 - 0x00007ffba9090000 	C:\WINDOWS\System32\SHELL32.dll
0x00007ffba9120000 - 0x00007ffba91c9000 	C:\WINDOWS\System32\shcore.dll
0x00007ffba58c0000 - 0x00007ffba5fcd000 	C:\WINDOWS\System32\windows.storage.dll
0x00007ffba90c0000 - 0x00007ffba9111000 	C:\WINDOWS\System32\shlwapi.dll
0x00007ffba5680000 - 0x00007ffba5691000 	C:\WINDOWS\System32\kernel.appcore.dll
0x00007ffba56f0000 - 0x00007ffba570f000 	C:\WINDOWS\System32\profapi.dll
0x00007ffba56a0000 - 0x00007ffba56ec000 	C:\WINDOWS\System32\powrprof.dll
0x00007ffba5650000 - 0x00007ffba565a000 	C:\WINDOWS\System32\FLTLIB.DLL
0x00007ffba5080000 - 0x00007ffba5097000 	C:\WINDOWS\SYSTEM32\CRYPTSP.dll
0x00007ffba4ab0000 - 0x00007ffba4ae3000 	C:\WINDOWS\system32\rsaenh.dll
0x00007ffba51b0000 - 0x00007ffba51d5000 	C:\WINDOWS\SYSTEM32\bcrypt.dll
0x00007ffba5580000 - 0x00007ffba55a8000 	C:\WINDOWS\SYSTEM32\USERENV.dll
0x00007ffba50a0000 - 0x00007ffba50ab000 	C:\WINDOWS\SYSTEM32\CRYPTBASE.dll
0x00007ffb9e480000 - 0x00007ffb9e49a000 	C:\Program Files\Android\Android Studio\jre\jre\bin\net.dll
0x00007ffba4ed0000 - 0x00007ffba4f36000 	C:\WINDOWS\system32\mswsock.dll
0x00007ffba4c50000 - 0x00007ffba4c88000 	C:\WINDOWS\SYSTEM32\IPHLPAPI.DLL
0x00007ffba7430000 - 0x00007ffba7438000 	C:\WINDOWS\System32\NSI.dll
0x00007ffb9a1f0000 - 0x00007ffb9a206000 	C:\WINDOWS\SYSTEM32\dhcpcsvc6.DLL
0x00007ffb9a120000 - 0x00007ffb9a13a000 	C:\WINDOWS\SYSTEM32\dhcpcsvc.DLL
0x00007ffb9d970000 - 0x00007ffb9d981000 	C:\Program Files\Android\Android Studio\jre\jre\bin\nio.dll

VM Arguments:
jvm_args: -Djava.awt.headless=true -Xmx64M -Dfile.encoding=x-windows-949 -Duser.country=KR -Duser.language=ko -Duser.variant 
java_command: com.google.devtools.build.android.desugar.Desugar @D:\test\app\build\intermediates\tmp\desugar_args4796983949476385127
java_class_path (initial): C:\Users\Goo\AppData\Local\Temp\desugar_deploy.jar7068671870238761673
Launcher Type: SUN_STANDARD

Environment Variables:
PATH=C:\ProgramData\Oracle\Java\javapath;C:\WINDOWS\system32;C:\WINDOWS;C:\WINDOWS\System32\Wbem;C:\WINDOWS\System32\WindowsPowerShell\v1.0\;C:\OpenSSL;;C:\WINDOWS\System32\OpenSSH\;C:\Users\Goo\AppData\Local\Microsoft\WindowsApps;
USERNAME=Goo
OS=Windows_NT
PROCESSOR_IDENTIFIER=Intel64 Family 6 Model 158 Stepping 9, GenuineIntel



---------------  S Y S T E M  ---------------

OS: Windows 10.0 , 64 bit Build 17134 (10.0.17134.1)

CPU:total 8 (initial active 8) (4 cores per cpu, 2 threads per core) family 6 model 158 stepping 9, cmov, cx8, fxsr, mmx, sse, sse2, sse3, ssse3, sse4.1, sse4.2, popcnt, avx, avx2, aes, clmul, erms, 3dnowpref, lzcnt, ht, tsc, tscinvbit, bmi1, bmi2, adx

Memory: 4k page, physical 16692940k(4188736k free), swap 16692940k(1076k free)

vm_info: OpenJDK 64-Bit Server VM (25.152-b01) for windows-amd64 JRE (1.8.0_152-release-915-b01), built by "builder" with MS VC++ 10.0 (VS2010)

time: Wed May 23 20:53:08 2018
elapsed time: 1 seconds (0d 0h 0m 1s)

