#
# There is insufficient memory for the Java Runtime Environment to continue.
# Native memory allocation (malloc) failed to allocate 32744 bytes for ChunkPool::allocate
# Possible reasons:
#   The system is out of physical RAM or swap space
#   In 32 bit mode, the process size limit was hit
# Possible solutions:
#   Reduce memory load on the system
#   Increase physical memory or swap space
#   Check if swap backing store is full
#   Use 64 bit Java on a 64 bit OS
#   Decrease Java heap size (-Xmx/-Xms)
#   Decrease number of Java threads
#   Decrease Java thread stack sizes (-Xss)
#   Set larger code cache with -XX:ReservedCodeCacheSize=
# This output file may be truncated or incomplete.
#
#  Out of Memory Error (allocation.cpp:273), pid=7580, tid=0x0000000000003134
#
# JRE version: OpenJDK Runtime Environment (8.0_152-b01) (build 1.8.0_152-release-915-b01)
# Java VM: OpenJDK 64-Bit Server VM (25.152-b01 mixed mode windows-amd64 compressed oops)
# Failed to write core dump. Minidumps are not enabled by default on client versions of Windows
#

---------------  T H R E A D  ---------------

Current thread (0x0000000015eba000):  JavaThread "C1 CompilerThread3" daemon [_thread_in_native, id=12596, stack(0x0000000016870000,0x0000000016970000)]

Stack: [0x0000000016870000,0x0000000016970000]
[error occurred during error reporting (printing stack bounds), id 0xc0000005]

Native frames: (J=compiled Java code, j=interpreted, Vv=VM code, C=native code)


Current CompileTask:
C1:   2547  976       3       org.objectweb.asm.ClassWriter::a (313 bytes)


---------------  P R O C E S S  ---------------

Java Threads: ( => current thread )
  0x0000000015eda000 JavaThread "Service Thread" daemon [_thread_blocked, id=8720, stack(0x0000000016970000,0x0000000016a70000)]
=>0x0000000015eba000 JavaThread "C1 CompilerThread3" daemon [_thread_in_native, id=12596, stack(0x0000000016870000,0x0000000016970000)]
  0x0000000013f1e800 JavaThread "C2 CompilerThread2" daemon [_thread_in_native, id=4324, stack(0x0000000016770000,0x0000000016870000)]
  0x0000000013f1a800 JavaThread "C2 CompilerThread1" daemon [_thread_in_native, id=3676, stack(0x0000000016670000,0x0000000016770000)]
  0x0000000015e6f000 JavaThread "C2 CompilerThread0" daemon [_thread_in_native, id=8404, stack(0x0000000016570000,0x0000000016670000)]
  0x0000000015e6d800 JavaThread "Attach Listener" daemon [_thread_blocked, id=8248, stack(0x0000000016470000,0x0000000016570000)]
  0x0000000015e1a000 JavaThread "Signal Dispatcher" daemon [_thread_blocked, id=9292, stack(0x0000000016370000,0x0000000016470000)]
  0x000000000367e000 JavaThread "Finalizer" daemon [_thread_blocked, id=13048, stack(0x00000000161e0000,0x00000000162e0000)]
  0x0000000003677000 JavaThread "Reference Handler" daemon [_thread_blocked, id=5612, stack(0x0000000015ce0000,0x0000000015de0000)]
  0x000000000375d800 JavaThread "main" [_thread_in_native, id=11920, stack(0x0000000003120000,0x0000000003220000)]

Other Threads:
  0x0000000013f05800 VMThread [stack: 0x0000000015be0000,0x0000000015ce0000] [id=9796]
  0x0000000015edb000 WatcherThread [stack: 0x0000000016a70000,0x0000000016b70000] [id=3304]

VM state:not at safepoint (normal execution)

VM Mutex/Monitor currently owned by a thread: None

Heap:
 PSYoungGen      total 18944K, used 13934K [0x00000000feb00000, 0x0000000100000000, 0x0000000100000000)
  eden space 16384K, 69% used [0x00000000feb00000,0x00000000ff61eac8,0x00000000ffb00000)
  from space 2560K, 99% used [0x00000000ffd80000,0x00000000ffffce20,0x0000000100000000)
  to   space 2560K, 0% used [0x00000000ffb00000,0x00000000ffb00000,0x00000000ffd80000)
 ParOldGen       total 44032K, used 5887K [0x00000000fc000000, 0x00000000feb00000, 0x00000000feb00000)
  object space 44032K, 13% used [0x00000000fc000000,0x00000000fc5bfc50,0x00000000feb00000)
 Metaspace       used 7634K, capacity 7842K, committed 7936K, reserved 1056768K
  class space    used 875K, capacity 957K, committed 1024K, reserved 1048576K

Card table byte_map: [0x0000000003690000,0x00000000036c0000] byte_map_base: 0x0000000002eb0000

Marking Bits: (ParMarkBitMap*) 0x000000005cab3950
 Begin Bits: [0x0000000013320000, 0x0000000013420000)
 End Bits:   [0x0000000013420000, 0x0000000013520000)

Polling page: 0x0000000001420000

CodeCache: size=245760Kb used=3720Kb max_used=3731Kb free=242040Kb
 bounds [0x0000000003760000, 0x0000000003b10000, 0x0000000012760000]
 total_blobs=1310 nmethods=975 adapters=248
 compilation: enabled

Compilation events (10 events):
Event: 2.543 Thread 0x0000000015eba000 nmethod 971 0x0000000003af90d0 code [0x0000000003af9240, 0x0000000003af94a8]
Event: 2.543 Thread 0x0000000015eba000  972       3       org.objectweb.asm.MethodVisitor::visitMethodInsn (68 bytes)
Event: 2.543 Thread 0x0000000015eba000 nmethod 972 0x0000000003af2850 code [0x0000000003af29e0, 0x0000000003af2e88]
Event: 2.543 Thread 0x0000000015eba000  974       3       org.objectweb.asm.Type::getArgumentTypes (131 bytes)
Event: 2.544 Thread 0x0000000015e6f000  977       4       org.objectweb.asm.tree.MethodNode::visitLineNumber (21 bytes)
Event: 2.544 Thread 0x0000000015eba000 nmethod 974 0x0000000003af1a10 code [0x0000000003af1be0, 0x0000000003af24b8]
Event: 2.544 Thread 0x0000000013f1a800  978       4       org.objectweb.asm.tree.LineNumberNode::accept (16 bytes)
Event: 2.544 Thread 0x0000000015eba000  975       3       org.objectweb.asm.MethodWriter::visitTypeInsn (118 bytes)
Event: 2.544 Thread 0x0000000015eba000 nmethod 975 0x0000000003af11d0 code [0x0000000003af1360, 0x0000000003af17c8]
Event: 2.544 Thread 0x0000000015eba000  976       3       org.objectweb.asm.ClassWriter::a (313 bytes)

GC Heap History (4 events):
Event: 1.036 GC heap before
{Heap before GC invocations=1 (full 0):
 PSYoungGen      total 18944K, used 16384K [0x00000000feb00000, 0x0000000100000000, 0x0000000100000000)
  eden space 16384K, 100% used [0x00000000feb00000,0x00000000ffb00000,0x00000000ffb00000)
  from space 2560K, 0% used [0x00000000ffd80000,0x00000000ffd80000,0x0000000100000000)
  to   space 2560K, 0% used [0x00000000ffb00000,0x00000000ffb00000,0x00000000ffd80000)
 ParOldGen       total 44032K, used 0K [0x00000000fc000000, 0x00000000feb00000, 0x00000000feb00000)
  object space 44032K, 0% used [0x00000000fc000000,0x00000000fc000000,0x00000000feb00000)
 Metaspace       used 6611K, capacity 6800K, committed 7040K, reserved 1056768K
  class space    used 774K, capacity 824K, committed 896K, reserved 1048576K
Event: 1.045 GC heap after
Heap after GC invocations=1 (full 0):
 PSYoungGen      total 18944K, used 2537K [0x00000000feb00000, 0x0000000100000000, 0x0000000100000000)
  eden space 16384K, 0% used [0x00000000feb00000,0x00000000feb00000,0x00000000ffb00000)
  from space 2560K, 99% used [0x00000000ffb00000,0x00000000ffd7a620,0x00000000ffd80000)
  to   space 2560K, 0% used [0x00000000ffd80000,0x00000000ffd80000,0x0000000100000000)
 ParOldGen       total 44032K, used 1601K [0x00000000fc000000, 0x00000000feb00000, 0x00000000feb00000)
  object space 44032K, 3% used [0x00000000fc000000,0x00000000fc190768,0x00000000feb00000)
 Metaspace       used 6611K, capacity 6800K, committed 7040K, reserved 1056768K
  class space    used 774K, capacity 824K, committed 896K, reserved 1048576K
}
Event: 1.429 GC heap before
{Heap before GC invocations=2 (full 0):
 PSYoungGen      total 18944K, used 18921K [0x00000000feb00000, 0x0000000100000000, 0x0000000100000000)
  eden space 16384K, 100% used [0x00000000feb00000,0x00000000ffb00000,0x00000000ffb00000)
  from space 2560K, 99% used [0x00000000ffb00000,0x00000000ffd7a620,0x00000000ffd80000)
  to   space 2560K, 0% used [0x00000000ffd80000,0x00000000ffd80000,0x0000000100000000)
 ParOldGen       total 44032K, used 1601K [0x00000000fc000000, 0x00000000feb00000, 0x00000000feb00000)
  object space 44032K, 3% used [0x00000000fc000000,0x00000000fc190768,0x00000000feb00000)
 Metaspace       used 6957K, capacity 7106K, committed 7296K, reserved 1056768K
  class space    used 816K, capacity 861K, committed 896K, reserved 1048576K
Event: 1.447 GC heap after
Heap after GC invocations=2 (full 0):
 PSYoungGen      total 18944K, used 2547K [0x00000000feb00000, 0x0000000100000000, 0x0000000100000000)
  eden space 16384K, 0% used [0x00000000feb00000,0x00000000feb00000,0x00000000ffb00000)
  from space 2560K, 99% used [0x00000000ffd80000,0x00000000ffffce20,0x0000000100000000)
  to   space 2560K, 0% used [0x00000000ffb00000,0x00000000ffb00000,0x00000000ffd80000)
 ParOldGen       total 44032K, used 5887K [0x00000000fc000000, 0x00000000feb00000, 0x00000000feb00000)
  object space 44032K, 13% used [0x00000000fc000000,0x00000000fc5bfc50,0x00000000feb00000)
 Metaspace       used 6957K, capacity 7106K, committed 7296K, reserved 1056768K
  class space    used 816K, capacity 861K, committed 896K, reserved 1048576K
}

Deoptimization events (10 events):
Event: 1.088 Thread 0x000000000375d800 Uncommon trap: reason=unstable_if action=reinterpret pc=0x0000000003987300 method=java.util.zip.ZipCoder.decoder()Ljava/nio/charset/CharsetDecoder; @ 4
Event: 1.094 Thread 0x000000000375d800 Uncommon trap: reason=unstable_if action=reinterpret pc=0x00000000039acd14 method=java.util.HashMap$HashIterator.hasNext()Z @ 4
Event: 1.374 Thread 0x000000000375d800 Uncommon trap: reason=unloaded action=reinterpret pc=0x000000000399a77c method=java.util.zip.ZipEntry.setExtra0([BZ)V @ 37
Event: 1.983 Thread 0x000000000375d800 Uncommon trap: reason=unstable_if action=reinterpret pc=0x0000000003aad0d8 method=org.objectweb.asm.Item.a(Lorg/objectweb/asm/Item;)Z @ 345
Event: 1.991 Thread 0x000000000375d800 Uncommon trap: reason=unstable_if action=reinterpret pc=0x0000000003ab2058 method=org.objectweb.asm.Type.getArgumentsAndReturnSizes(Ljava/lang/String;)I @ 47
Event: 2.012 Thread 0x000000000375d800 Uncommon trap: reason=unstable_if action=reinterpret pc=0x0000000003ac3f30 method=org.objectweb.asm.MethodWriter.visitVarInsn(II)V @ 130
Event: 2.021 Thread 0x000000000375d800 Uncommon trap: reason=unstable_if action=reinterpret pc=0x0000000003a38c90 method=java.lang.String.<init>([CII)V @ 18
Event: 2.542 Thread 0x000000000375d800 Uncommon trap: reason=unstable_if action=reinterpret pc=0x0000000003afe3bc method=org.objectweb.asm.Type.getArgumentsAndReturnSizes(Ljava/lang/String;)I @ 130
Event: 2.542 Thread 0x000000000375d800 Uncommon trap: reason=unstable_if action=reinterpret pc=0x0000000003a94184 method=org.objectweb.asm.MethodWriter.visitVarInsn(II)V @ 130
Event: 2.543 Thread 0x000000000375d800 Uncommon trap: reason=unstable_if action=reinterpret pc=0x0000000003a39a18 method=java.lang.String.<init>([CII)V @ 18

Classes redefined (0 events):
No events

Internal exceptions (10 events):
Event: 1.218 Thread 0x000000000375d800 Exception <a 'sun/nio/fs/WindowsException'> (0x00000000ff213570) thrown at [D:\src\AOSP-openjdk-cygwin\jdk8u\hotspot\src\share\vm\prims\jni.cpp, line 709]
Event: 1.218 Thread 0x000000000375d800 Exception <a 'sun/nio/fs/WindowsException'> (0x00000000ff213b10) thrown at [D:\src\AOSP-openjdk-cygwin\jdk8u\hotspot\src\share\vm\prims\jni.cpp, line 709]
Event: 1.219 Thread 0x000000000375d800 Exception <a 'sun/nio/fs/WindowsException'> (0x00000000ff2142c0) thrown at [D:\src\AOSP-openjdk-cygwin\jdk8u\hotspot\src\share\vm\prims\jni.cpp, line 709]
Event: 1.236 Thread 0x000000000375d800 Exception <a 'sun/nio/fs/WindowsException'> (0x00000000ff219600) thrown at [D:\src\AOSP-openjdk-cygwin\jdk8u\hotspot\src\share\vm\prims\jni.cpp, line 709]
Event: 1.455 Thread 0x000000000375d800 Exception <a 'sun/nio/fs/WindowsException'> (0x00000000febe70e8) thrown at [D:\src\AOSP-openjdk-cygwin\jdk8u\hotspot\src\share\vm\prims\jni.cpp, line 709]
Event: 1.455 Thread 0x000000000375d800 Exception <a 'sun/nio/fs/WindowsException'> (0x00000000febe7640) thrown at [D:\src\AOSP-openjdk-cygwin\jdk8u\hotspot\src\share\vm\prims\jni.cpp, line 709]
Event: 1.461 Thread 0x000000000375d800 Exception <a 'sun/nio/fs/WindowsException'> (0x00000000febf2e40) thrown at [D:\src\AOSP-openjdk-cygwin\jdk8u\hotspot\src\share\vm\prims\jni.cpp, line 709]
Event: 1.461 Thread 0x000000000375d800 Exception <a 'sun/nio/fs/WindowsException'> (0x00000000febf3318) thrown at [D:\src\AOSP-openjdk-cygwin\jdk8u\hotspot\src\share\vm\prims\jni.cpp, line 709]
Event: 2.539 Thread 0x000000000375d800 Exception <a 'sun/nio/fs/WindowsException'> (0x00000000ff552f78) thrown at [D:\src\AOSP-openjdk-cygwin\jdk8u\hotspot\src\share\vm\prims\jni.cpp, line 709]
Event: 2.539 Thread 0x000000000375d800 Exception <a 'sun/nio/fs/WindowsException'> (0x00000000ff553450) thrown at [D:\src\AOSP-openjdk-cygwin\jdk8u\hotspot\src\share\vm\prims\jni.cpp, line 709]

Events (10 events):
Event: 2.021 Thread 0x000000000375d800 DEOPT UNPACKING pc=0x00000000037a556a sp=0x000000000321ee18 mode 2
Event: 2.542 Thread 0x000000000375d800 Uncommon trap: trap_request=0xffffff65 fr.pc=0x0000000003afe3bc
Event: 2.542 Thread 0x000000000375d800 DEOPT PACKING pc=0x0000000003afe3bc sp=0x000000000321eca0
Event: 2.542 Thread 0x000000000375d800 DEOPT UNPACKING pc=0x00000000037a556a sp=0x000000000321eb78 mode 2
Event: 2.542 Thread 0x000000000375d800 Uncommon trap: trap_request=0xffffff65 fr.pc=0x0000000003a94184
Event: 2.542 Thread 0x000000000375d800 DEOPT PACKING pc=0x0000000003a94184 sp=0x000000000321ee30
Event: 2.542 Thread 0x000000000375d800 DEOPT UNPACKING pc=0x00000000037a556a sp=0x000000000321ed78 mode 2
Event: 2.543 Thread 0x000000000375d800 Uncommon trap: trap_request=0xffffff65 fr.pc=0x0000000003a39a18
Event: 2.543 Thread 0x000000000375d800 DEOPT PACKING pc=0x0000000003a39a18 sp=0x000000000321ea90
Event: 2.543 Thread 0x000000000375d800 DEOPT UNPACKING pc=0x00000000037a556a sp=0x000000000321e9b0 mode 2


Dynamic libraries:
0x00007ff75c570000 - 0x00007ff75c5a1000 	C:\Program Files\Android\Android Studio\jre\bin\java.exe
0x00007ffa30930000 - 0x00007ffa30b11000 	C:\WINDOWS\SYSTEM32\ntdll.dll
0x00007ffa306b0000 - 0x00007ffa30762000 	C:\WINDOWS\System32\KERNEL32.DLL
0x00007ffa2d110000 - 0x00007ffa2d383000 	C:\WINDOWS\System32\KERNELBASE.dll
0x00007ffa2ef50000 - 0x00007ffa2eff1000 	C:\WINDOWS\System32\ADVAPI32.dll
0x00007ffa2e860000 - 0x00007ffa2e8fe000 	C:\WINDOWS\System32\msvcrt.dll
0x00007ffa2dfb0000 - 0x00007ffa2e00b000 	C:\WINDOWS\System32\sechost.dll
0x00007ffa307d0000 - 0x00007ffa308f4000 	C:\WINDOWS\System32\RPCRT4.dll
0x00007ffa30440000 - 0x00007ffa305d0000 	C:\WINDOWS\System32\USER32.dll
0x00007ffa2d390000 - 0x00007ffa2d3b0000 	C:\WINDOWS\System32\win32u.dll
0x00007ffa2df80000 - 0x00007ffa2dfa8000 	C:\WINDOWS\System32\GDI32.dll
0x00007ffa2d510000 - 0x00007ffa2d6a2000 	C:\WINDOWS\System32\gdi32full.dll
0x00007ffa2cff0000 - 0x00007ffa2d08f000 	C:\WINDOWS\System32\msvcp_win.dll
0x00007ffa2d410000 - 0x00007ffa2d50a000 	C:\WINDOWS\System32\ucrtbase.dll
0x00007ffa202d0000 - 0x00007ffa20539000 	C:\WINDOWS\WinSxS\amd64_microsoft.windows.common-controls_6595b64144ccf1df_6.0.17134.112_none_fb3f961b30681c12\COMCTL32.dll
0x00007ffa2e2e0000 - 0x00007ffa2e603000 	C:\WINDOWS\System32\combase.dll
0x00007ffa2d090000 - 0x00007ffa2d10a000 	C:\WINDOWS\System32\bcryptPrimitives.dll
0x00007ffa2e700000 - 0x00007ffa2e72d000 	C:\WINDOWS\System32\IMM32.DLL
0x000000005c210000 - 0x000000005c2e2000 	C:\Program Files\Android\Android Studio\jre\jre\bin\msvcr100.dll
0x000000005c2f0000 - 0x000000005cb2e000 	C:\Program Files\Android\Android Studio\jre\jre\bin\server\jvm.dll
0x00007ffa2eed0000 - 0x00007ffa2eed8000 	C:\WINDOWS\System32\PSAPI.DLL
0x00007ffa29360000 - 0x00007ffa29369000 	C:\WINDOWS\SYSTEM32\WSOCK32.dll
0x00007ffa2eee0000 - 0x00007ffa2ef4c000 	C:\WINDOWS\System32\WS2_32.dll
0x00007ffa29a00000 - 0x00007ffa29a23000 	C:\WINDOWS\SYSTEM32\WINMM.dll
0x00007ffa222f0000 - 0x00007ffa222fa000 	C:\WINDOWS\SYSTEM32\VERSION.dll
0x00007ffa299d0000 - 0x00007ffa299fa000 	C:\WINDOWS\SYSTEM32\WINMMBASE.dll
0x00007ffa2cfa0000 - 0x00007ffa2cfe9000 	C:\WINDOWS\System32\cfgmgr32.dll
0x00007ffa25450000 - 0x00007ffa2545f000 	C:\Program Files\Android\Android Studio\jre\jre\bin\verify.dll
0x00007ffa21870000 - 0x00007ffa21899000 	C:\Program Files\Android\Android Studio\jre\jre\bin\java.dll
0x00007ffa25430000 - 0x00007ffa25446000 	C:\Program Files\Android\Android Studio\jre\jre\bin\zip.dll
0x00007ffa2f000000 - 0x00007ffa30440000 	C:\WINDOWS\System32\SHELL32.dll
0x00007ffa2e230000 - 0x00007ffa2e2d9000 	C:\WINDOWS\System32\shcore.dll
0x00007ffa2d6b0000 - 0x00007ffa2ddbd000 	C:\WINDOWS\System32\windows.storage.dll
0x00007ffa305d0000 - 0x00007ffa30621000 	C:\WINDOWS\System32\shlwapi.dll
0x00007ffa2cc70000 - 0x00007ffa2cc81000 	C:\WINDOWS\System32\kernel.appcore.dll
0x00007ffa2cc90000 - 0x00007ffa2ccaf000 	C:\WINDOWS\System32\profapi.dll
0x00007ffa2ccb0000 - 0x00007ffa2ccfc000 	C:\WINDOWS\System32\powrprof.dll
0x00007ffa2cc60000 - 0x00007ffa2cc6a000 	C:\WINDOWS\System32\FLTLIB.DLL
0x00007ffa2c670000 - 0x00007ffa2c687000 	C:\WINDOWS\SYSTEM32\CRYPTSP.dll
0x00007ffa2c0a0000 - 0x00007ffa2c0d3000 	C:\WINDOWS\system32\rsaenh.dll
0x00007ffa2c7a0000 - 0x00007ffa2c7c5000 	C:\WINDOWS\SYSTEM32\bcrypt.dll
0x00007ffa2cb40000 - 0x00007ffa2cb68000 	C:\WINDOWS\SYSTEM32\USERENV.dll
0x00007ffa2c690000 - 0x00007ffa2c69b000 	C:\WINDOWS\SYSTEM32\CRYPTBASE.dll
0x00007ffa1e870000 - 0x00007ffa1e88a000 	C:\Program Files\Android\Android Studio\jre\jre\bin\net.dll
0x00007ffa2c4c0000 - 0x00007ffa2c526000 	C:\WINDOWS\system32\mswsock.dll
0x00007ffa2c240000 - 0x00007ffa2c278000 	C:\WINDOWS\SYSTEM32\IPHLPAPI.DLL
0x00007ffa2ddc0000 - 0x00007ffa2ddc8000 	C:\WINDOWS\System32\NSI.dll
0x00007ffa27700000 - 0x00007ffa27716000 	C:\WINDOWS\SYSTEM32\dhcpcsvc6.DLL
0x00007ffa27630000 - 0x00007ffa2764a000 	C:\WINDOWS\SYSTEM32\dhcpcsvc.DLL
0x00007ffa154b0000 - 0x00007ffa154c1000 	C:\Program Files\Android\Android Studio\jre\jre\bin\nio.dll

VM Arguments:
jvm_args: -Djava.awt.headless=true -Xmx64M -Dfile.encoding=x-windows-949 -Duser.country=KR -Duser.language=ko -Duser.variant 
java_command: com.google.devtools.build.android.desugar.Desugar @D:\test\app\build\intermediates\tmp\desugar_args7595422478152493941
java_class_path (initial): C:\Users\Goo\AppData\Local\Temp\desugar_deploy.jar1207099034111372273
Launcher Type: SUN_STANDARD

Environment Variables:
PATH=C:\ProgramData\Oracle\Java\javapath;C:\WINDOWS\system32;C:\WINDOWS;C:\WINDOWS\System32\Wbem;C:\WINDOWS\System32\WindowsPowerShell\v1.0\;C:\OpenSSL;;C:\WINDOWS\System32\OpenSSH\;C:\Users\Goo\AppData\Local\Microsoft\WindowsApps;
USERNAME=Goo
OS=Windows_NT
PROCESSOR_IDENTIFIER=Intel64 Family 6 Model 158 Stepping 9, GenuineIntel



---------------  S Y S T E M  ---------------

OS: Windows 10.0 , 64 bit Build 17134 (10.0.17134.1)

CPU:total 8 (initial active 8) (4 cores per cpu, 2 threads per core) family 6 model 158 stepping 9, cmov, cx8, fxsr, mmx, sse, sse2, sse3, ssse3, sse4.1, sse4.2, popcnt, avx, avx2, aes, clmul, erms, 3dnowpref, lzcnt, ht, tsc, tscinvbit, bmi1, bmi2, adx

Memory: 4k page, physical 16692940k(4704352k free), swap 16692940k(3104k free)

vm_info: OpenJDK 64-Bit Server VM (25.152-b01) for windows-amd64 JRE (1.8.0_152-release-915-b01), built by "builder" with MS VC++ 10.0 (VS2010)

time: Fri Jun 15 06:06:33 2018
elapsed time: 2 seconds (0d 0h 0m 2s)

