#
# There is insufficient memory for the Java Runtime Environment to continue.
# Native memory allocation (malloc) failed to allocate 1031376 bytes for Chunk::new
# Possible reasons:
#   The system is out of physical RAM or swap space
#   In 32 bit mode, the process size limit was hit
# Possible solutions:
#   Reduce memory load on the system
#   Increase physical memory or swap space
#   Check if swap backing store is full
#   Use 64 bit Java on a 64 bit OS
#   Decrease Java heap size (-Xmx/-Xms)
#   Decrease number of Java threads
#   Decrease Java thread stack sizes (-Xss)
#   Set larger code cache with -XX:ReservedCodeCacheSize=
# This output file may be truncated or incomplete.
#
#  Out of Memory Error (allocation.cpp:390), pid=4688, tid=0x0000000000002ae0
#
# JRE version: OpenJDK Runtime Environment (8.0_152-b01) (build 1.8.0_152-release-915-b01)
# Java VM: OpenJDK 64-Bit Server VM (25.152-b01 mixed mode windows-amd64 compressed oops)
# Failed to write core dump. Minidumps are not enabled by default on client versions of Windows
#

---------------  T H R E A D  ---------------

Current thread (0x000000001316c800):  JavaThread "C2 CompilerThread1" daemon [_thread_in_native, id=10976, stack(0x00000000158d0000,0x00000000159d0000)]

Stack: [0x00000000158d0000,0x00000000159d0000]
[error occurred during error reporting (printing stack bounds), id 0xc0000005]

Native frames: (J=compiled Java code, j=interpreted, Vv=VM code, C=native code)


Current CompileTask:
C2:   2434 1080       4       org.objectweb.asm.tree.MethodInsnNode::accept (30 bytes)


---------------  P R O C E S S  ---------------

Java Threads: ( => current thread )
  0x000000001513e800 JavaThread "Service Thread" daemon [_thread_blocked, id=10284, stack(0x0000000015bd0000,0x0000000015cd0000)]
  0x0000000015119800 JavaThread "C1 CompilerThread3" daemon [_thread_blocked, id=2476, stack(0x0000000015ad0000,0x0000000015bd0000)]
  0x000000001316e800 JavaThread "C2 CompilerThread2" daemon [_thread_blocked, id=8756, stack(0x00000000159d0000,0x0000000015ad0000)]
=>0x000000001316c800 JavaThread "C2 CompilerThread1" daemon [_thread_in_native, id=10976, stack(0x00000000158d0000,0x00000000159d0000)]
  0x000000001507b000 JavaThread "C2 CompilerThread0" daemon [_thread_in_native, id=12484, stack(0x00000000157d0000,0x00000000158d0000)]
  0x0000000015079800 JavaThread "Attach Listener" daemon [_thread_blocked, id=12648, stack(0x00000000156d0000,0x00000000157d0000)]
  0x00000000150d0000 JavaThread "Signal Dispatcher" daemon [_thread_blocked, id=3972, stack(0x00000000155d0000,0x00000000156d0000)]
  0x0000000015060800 JavaThread "Finalizer" daemon [_thread_blocked, id=1532, stack(0x0000000015440000,0x0000000015540000)]
  0x00000000029a7000 JavaThread "Reference Handler" daemon [_thread_blocked, id=7556, stack(0x0000000014f40000,0x0000000015040000)]
  0x00000000026ad800 JavaThread "main" [_thread_in_native, id=6000, stack(0x00000000027b0000,0x00000000028b0000)]

Other Threads:
  0x0000000013155800 VMThread [stack: 0x0000000014e40000,0x0000000014f40000] [id=13144]
  0x000000001513f000 WatcherThread [stack: 0x0000000015cd0000,0x0000000015dd0000] [id=4712]

VM state:not at safepoint (normal execution)

VM Mutex/Monitor currently owned by a thread: None

Heap:
 PSYoungGen      total 18944K, used 18572K [0x00000000feb00000, 0x0000000100000000, 0x0000000100000000)
  eden space 16384K, 97% used [0x00000000feb00000,0x00000000ffaaa288,0x00000000ffb00000)
  from space 2560K, 98% used [0x00000000ffd80000,0x00000000ffff8e10,0x0000000100000000)
  to   space 2560K, 0% used [0x00000000ffb00000,0x00000000ffb00000,0x00000000ffd80000)
 ParOldGen       total 44032K, used 6113K [0x00000000fc000000, 0x00000000feb00000, 0x00000000feb00000)
  object space 44032K, 13% used [0x00000000fc000000,0x00000000fc5f86b0,0x00000000feb00000)
 Metaspace       used 7725K, capacity 7906K, committed 8192K, reserved 1056768K
  class space    used 875K, capacity 957K, committed 1024K, reserved 1048576K

Card table byte_map: [0x00000000025f0000,0x0000000002620000] byte_map_base: 0x0000000001e10000

Marking Bits: (ParMarkBitMap*) 0x00000000677e3950
 Begin Bits: [0x0000000012570000, 0x0000000012670000)
 End Bits:   [0x0000000012670000, 0x0000000012770000)

Polling page: 0x00000000001f0000

CodeCache: size=245760Kb used=4088Kb max_used=4102Kb free=241671Kb
 bounds [0x00000000029b0000, 0x0000000002dc0000, 0x00000000119b0000]
 total_blobs=1414 nmethods=1079 adapters=248
 compilation: enabled

Compilation events (10 events):
Event: 2.255 Thread 0x0000000015119800 nmethod 1076 0x0000000002da2b90 code [0x0000000002da2d20, 0x0000000002da3048]
Event: 2.255 Thread 0x0000000015119800 1077       3       org.objectweb.asm.tree.IntInsnNode::accept (18 bytes)
Event: 2.255 Thread 0x0000000015119800 nmethod 1077 0x0000000002da2590 code [0x0000000002da2700, 0x0000000002da29f8]
Event: 2.255 Thread 0x0000000015119800 1078       3       org.objectweb.asm.MethodWriter::visitIntInsn (112 bytes)
Event: 2.255 Thread 0x0000000015119800 nmethod 1078 0x0000000002da4c90 code [0x0000000002da4e40, 0x0000000002da5308]
Event: 2.257 Thread 0x000000001316e800 1079       4       org.objectweb.asm.tree.MethodNode::visitMethodInsn (43 bytes)
Event: 2.259 Thread 0x000000001316e800 nmethod 1079 0x0000000002da9290 code [0x0000000002da93e0, 0x0000000002da9598]
Event: 2.260 Thread 0x000000001316c800 1080       4       org.objectweb.asm.tree.MethodInsnNode::accept (30 bytes)
Event: 2.260 Thread 0x000000001316e800 1081       4       com.google.devtools.build.android.desugar.InterfaceDesugaring$InterfaceInvocationRewriter::visitMethodInsn (279 bytes)
Event: 2.361 Thread 0x000000001316e800 nmethod 1081 0x0000000002dafa10 code [0x0000000002dafd80, 0x0000000002db2b08]

GC Heap History (4 events):
Event: 0.986 GC heap before
{Heap before GC invocations=1 (full 0):
 PSYoungGen      total 18944K, used 16384K [0x00000000feb00000, 0x0000000100000000, 0x0000000100000000)
  eden space 16384K, 100% used [0x00000000feb00000,0x00000000ffb00000,0x00000000ffb00000)
  from space 2560K, 0% used [0x00000000ffd80000,0x00000000ffd80000,0x0000000100000000)
  to   space 2560K, 0% used [0x00000000ffb00000,0x00000000ffb00000,0x00000000ffd80000)
 ParOldGen       total 44032K, used 0K [0x00000000fc000000, 0x00000000feb00000, 0x00000000feb00000)
  object space 44032K, 0% used [0x00000000fc000000,0x00000000fc000000,0x00000000feb00000)
 Metaspace       used 6625K, capacity 6800K, committed 7040K, reserved 1056768K
  class space    used 774K, capacity 824K, committed 896K, reserved 1048576K
Event: 1.027 GC heap after
Heap after GC invocations=1 (full 0):
 PSYoungGen      total 18944K, used 2547K [0x00000000feb00000, 0x0000000100000000, 0x0000000100000000)
  eden space 16384K, 0% used [0x00000000feb00000,0x00000000feb00000,0x00000000ffb00000)
  from space 2560K, 99% used [0x00000000ffb00000,0x00000000ffd7cc30,0x00000000ffd80000)
  to   space 2560K, 0% used [0x00000000ffd80000,0x00000000ffd80000,0x0000000100000000)
 ParOldGen       total 44032K, used 1588K [0x00000000fc000000, 0x00000000feb00000, 0x00000000feb00000)
  object space 44032K, 3% used [0x00000000fc000000,0x00000000fc18d1c8,0x00000000feb00000)
 Metaspace       used 6625K, capacity 6800K, committed 7040K, reserved 1056768K
  class space    used 774K, capacity 824K, committed 896K, reserved 1048576K
}
Event: 1.413 GC heap before
{Heap before GC invocations=2 (full 0):
 PSYoungGen      total 18944K, used 18931K [0x00000000feb00000, 0x0000000100000000, 0x0000000100000000)
  eden space 16384K, 100% used [0x00000000feb00000,0x00000000ffb00000,0x00000000ffb00000)
  from space 2560K, 99% used [0x00000000ffb00000,0x00000000ffd7cc30,0x00000000ffd80000)
  to   space 2560K, 0% used [0x00000000ffd80000,0x00000000ffd80000,0x0000000100000000)
 ParOldGen       total 44032K, used 1588K [0x00000000fc000000, 0x00000000feb00000, 0x00000000feb00000)
  object space 44032K, 3% used [0x00000000fc000000,0x00000000fc18d1c8,0x00000000feb00000)
 Metaspace       used 6968K, capacity 7106K, committed 7296K, reserved 1056768K
  class space    used 816K, capacity 861K, committed 896K, reserved 1048576K
Event: 1.433 GC heap after
Heap after GC invocations=2 (full 0):
 PSYoungGen      total 18944K, used 2531K [0x00000000feb00000, 0x0000000100000000, 0x0000000100000000)
  eden space 16384K, 0% used [0x00000000feb00000,0x00000000feb00000,0x00000000ffb00000)
  from space 2560K, 98% used [0x00000000ffd80000,0x00000000ffff8e10,0x0000000100000000)
  to   space 2560K, 0% used [0x00000000ffb00000,0x00000000ffb00000,0x00000000ffd80000)
 ParOldGen       total 44032K, used 6113K [0x00000000fc000000, 0x00000000feb00000, 0x00000000feb00000)
  object space 44032K, 13% used [0x00000000fc000000,0x00000000fc5f86b0,0x00000000feb00000)
 Metaspace       used 6968K, capacity 7106K, committed 7296K, reserved 1056768K
  class space    used 816K, capacity 861K, committed 896K, reserved 1048576K
}

Deoptimization events (10 events):
Event: 1.061 Thread 0x00000000026ad800 Uncommon trap: reason=unstable_if action=reinterpret pc=0x0000000002bfae14 method=java.util.HashMap$HashIterator.hasNext()Z @ 4
Event: 1.368 Thread 0x00000000026ad800 Uncommon trap: reason=unloaded action=reinterpret pc=0x0000000002bf34bc method=java.util.zip.ZipEntry.setExtra0([BZ)V @ 37
Event: 1.460 Thread 0x00000000026ad800 Uncommon trap: reason=unstable_if action=reinterpret pc=0x0000000002b54778 method=java.lang.String.<init>([CII)V @ 18
Event: 1.681 Thread 0x00000000026ad800 Uncommon trap: reason=unstable_if action=reinterpret pc=0x0000000002cdb558 method=org.objectweb.asm.Item.a(Lorg/objectweb/asm/Item;)Z @ 345
Event: 1.726 Thread 0x00000000026ad800 Uncommon trap: reason=unstable_if action=reinterpret pc=0x0000000002cf9a78 method=org.objectweb.asm.Type.getArgumentsAndReturnSizes(Ljava/lang/String;)I @ 41
Event: 1.736 Thread 0x00000000026ad800 Uncommon trap: reason=unstable_if action=reinterpret pc=0x0000000002d1216c method=org.objectweb.asm.MethodWriter.visitVarInsn(II)V @ 142
Event: 1.990 Thread 0x00000000026ad800 Uncommon trap: reason=unstable_if action=reinterpret pc=0x0000000002d76e70 method=org.objectweb.asm.Type.getArgumentsAndReturnSizes(Ljava/lang/String;)I @ 130
Event: 1.990 Thread 0x00000000026ad800 Uncommon trap: reason=unstable_if action=reinterpret pc=0x0000000002d77f1c method=org.objectweb.asm.MethodWriter.visitVarInsn(II)V @ 136
Event: 1.990 Thread 0x00000000026ad800 Uncommon trap: reason=unstable_if action=reinterpret pc=0x0000000002d7f53c method=org.objectweb.asm.MethodWriter.visitFieldInsn(ILjava/lang/String;Ljava/lang/String;Ljava/lang/String;)V @ 200
Event: 1.990 Thread 0x00000000026ad800 Uncommon trap: reason=unstable_if action=reinterpret pc=0x0000000002d63868 method=org.objectweb.asm.Type.getArgumentsAndReturnSizes(Ljava/lang/String;)I @ 130

Classes redefined (0 events):
No events

Internal exceptions (10 events):
Event: 1.880 Thread 0x00000000026ad800 Exception <a 'sun/nio/fs/WindowsException'> (0x00000000ff707ce8) thrown at [D:\src\AOSP-openjdk-cygwin\jdk8u\hotspot\src\share\vm\prims\jni.cpp, line 709]
Event: 1.880 Thread 0x00000000026ad800 Exception <a 'sun/nio/fs/WindowsException'> (0x00000000ff7081c0) thrown at [D:\src\AOSP-openjdk-cygwin\jdk8u\hotspot\src\share\vm\prims\jni.cpp, line 709]
Event: 1.907 Thread 0x00000000026ad800 Exception <a 'sun/nio/fs/WindowsException'> (0x00000000ff70b678) thrown at [D:\src\AOSP-openjdk-cygwin\jdk8u\hotspot\src\share\vm\prims\jni.cpp, line 709]
Event: 1.907 Thread 0x00000000026ad800 Exception <a 'sun/nio/fs/WindowsException'> (0x00000000ff70bb50) thrown at [D:\src\AOSP-openjdk-cygwin\jdk8u\hotspot\src\share\vm\prims\jni.cpp, line 709]
Event: 1.912 Thread 0x00000000026ad800 Exception <a 'sun/nio/fs/WindowsException'> (0x00000000ff70eff0) thrown at [D:\src\AOSP-openjdk-cygwin\jdk8u\hotspot\src\share\vm\prims\jni.cpp, line 709]
Event: 1.912 Thread 0x00000000026ad800 Exception <a 'sun/nio/fs/WindowsException'> (0x00000000ff70f4c8) thrown at [D:\src\AOSP-openjdk-cygwin\jdk8u\hotspot\src\share\vm\prims\jni.cpp, line 709]
Event: 2.222 Thread 0x00000000026ad800 Exception <a 'sun/nio/fs/WindowsException'> (0x00000000ff98d238) thrown at [D:\src\AOSP-openjdk-cygwin\jdk8u\hotspot\src\share\vm\prims\jni.cpp, line 709]
Event: 2.223 Thread 0x00000000026ad800 Exception <a 'sun/nio/fs/WindowsException'> (0x00000000ff98d710) thrown at [D:\src\AOSP-openjdk-cygwin\jdk8u\hotspot\src\share\vm\prims\jni.cpp, line 709]
Event: 2.401 Thread 0x00000000026ad800 Exception <a 'sun/nio/fs/WindowsException'> (0x00000000ffaa8ff0) thrown at [D:\src\AOSP-openjdk-cygwin\jdk8u\hotspot\src\share\vm\prims\jni.cpp, line 709]
Event: 2.401 Thread 0x00000000026ad800 Exception <a 'sun/nio/fs/WindowsException'> (0x00000000ffaa94c8) thrown at [D:\src\AOSP-openjdk-cygwin\jdk8u\hotspot\src\share\vm\prims\jni.cpp, line 709]

Events (10 events):
Event: 1.990 Thread 0x00000000026ad800 DEOPT PACKING pc=0x0000000002d77f1c sp=0x00000000028aea00
Event: 1.990 Thread 0x00000000026ad800 DEOPT UNPACKING pc=0x00000000029f556a sp=0x00000000028ae8f8 mode 2
Event: 1.990 Thread 0x00000000026ad800 Uncommon trap: trap_request=0xffffff65 fr.pc=0x0000000002d7f53c
Event: 1.990 Thread 0x00000000026ad800 DEOPT PACKING pc=0x0000000002d7f53c sp=0x00000000028ae980
Event: 1.990 Thread 0x00000000026ad800 DEOPT UNPACKING pc=0x00000000029f556a sp=0x00000000028ae8c0 mode 2
Event: 1.990 Thread 0x00000000026ad800 Uncommon trap: trap_request=0xffffff65 fr.pc=0x0000000002d63868
Event: 1.990 Thread 0x00000000026ad800 DEOPT PACKING pc=0x0000000002d63868 sp=0x00000000028ae830
Event: 1.990 Thread 0x00000000026ad800 DEOPT UNPACKING pc=0x00000000029f556a sp=0x00000000028ae708 mode 2
Event: 2.005 Executing VM operation: ForceSafepoint
Event: 2.005 Executing VM operation: ForceSafepoint done


Dynamic libraries:
0x00007ff708150000 - 0x00007ff708181000 	C:\Program Files\Android\Android Studio\jre\bin\java.exe
0x00007ffba9340000 - 0x00007ffba9521000 	C:\WINDOWS\SYSTEM32\ntdll.dll
0x00007ffba6ca0000 - 0x00007ffba6d52000 	C:\WINDOWS\System32\KERNEL32.DLL
0x00007ffba6070000 - 0x00007ffba62e3000 	C:\WINDOWS\System32\KERNELBASE.dll
0x00007ffba9260000 - 0x00007ffba9301000 	C:\WINDOWS\System32\ADVAPI32.dll
0x00007ffba77b0000 - 0x00007ffba784e000 	C:\WINDOWS\System32\msvcrt.dll
0x00007ffba71b0000 - 0x00007ffba720b000 	C:\WINDOWS\System32\sechost.dll
0x00007ffba7580000 - 0x00007ffba76a4000 	C:\WINDOWS\System32\RPCRT4.dll
0x00007ffba7ac0000 - 0x00007ffba7c50000 	C:\WINDOWS\System32\USER32.dll
0x00007ffba5790000 - 0x00007ffba57b0000 	C:\WINDOWS\System32\win32u.dll
0x00007ffba67e0000 - 0x00007ffba6808000 	C:\WINDOWS\System32\GDI32.dll
0x00007ffba6530000 - 0x00007ffba66c2000 	C:\WINDOWS\System32\gdi32full.dll
0x00007ffba5fd0000 - 0x00007ffba606f000 	C:\WINDOWS\System32\msvcp_win.dll
0x00007ffba66d0000 - 0x00007ffba67ca000 	C:\WINDOWS\System32\ucrtbase.dll
0x00007ffb93ad0000 - 0x00007ffb93d39000 	C:\WINDOWS\WinSxS\amd64_microsoft.windows.common-controls_6595b64144ccf1df_6.0.17134.48_none_b4b2216a3cb4dd3e\COMCTL32.dll
0x00007ffba6810000 - 0x00007ffba6b33000 	C:\WINDOWS\System32\combase.dll
0x00007ffba5710000 - 0x00007ffba578a000 	C:\WINDOWS\System32\bcryptPrimitives.dll
0x00007ffba9090000 - 0x00007ffba90bd000 	C:\WINDOWS\System32\IMM32.DLL
0x0000000067b70000 - 0x0000000067c42000 	C:\Program Files\Android\Android Studio\jre\jre\bin\msvcr100.dll
0x0000000067020000 - 0x000000006785e000 	C:\Program Files\Android\Android Studio\jre\jre\bin\server\jvm.dll
0x00007ffba91d0000 - 0x00007ffba91d8000 	C:\WINDOWS\System32\PSAPI.DLL
0x00007ffba39e0000 - 0x00007ffba39e9000 	C:\WINDOWS\SYSTEM32\WSOCK32.dll
0x00007ffba7510000 - 0x00007ffba757c000 	C:\WINDOWS\System32\WS2_32.dll
0x00007ffb95780000 - 0x00007ffb957a3000 	C:\WINDOWS\SYSTEM32\WINMM.dll
0x00007ffb95570000 - 0x00007ffb9559a000 	C:\WINDOWS\SYSTEM32\winmmbase.dll
0x00007ffba64e0000 - 0x00007ffba6529000 	C:\WINDOWS\System32\cfgmgr32.dll
0x00007ffb9d7c0000 - 0x00007ffb9d7ca000 	C:\WINDOWS\SYSTEM32\VERSION.dll
0x00007ffba0860000 - 0x00007ffba086f000 	C:\Program Files\Android\Android Studio\jre\jre\bin\verify.dll
0x00007ffb9d7f0000 - 0x00007ffb9d819000 	C:\Program Files\Android\Android Studio\jre\jre\bin\java.dll
0x00007ffba0840000 - 0x00007ffba0856000 	C:\Program Files\Android\Android Studio\jre\jre\bin\zip.dll
0x00007ffba7c50000 - 0x00007ffba9090000 	C:\WINDOWS\System32\SHELL32.dll
0x00007ffba9120000 - 0x00007ffba91c9000 	C:\WINDOWS\System32\shcore.dll
0x00007ffba58c0000 - 0x00007ffba5fcd000 	C:\WINDOWS\System32\windows.storage.dll
0x00007ffba90c0000 - 0x00007ffba9111000 	C:\WINDOWS\System32\shlwapi.dll
0x00007ffba5680000 - 0x00007ffba5691000 	C:\WINDOWS\System32\kernel.appcore.dll
0x00007ffba56f0000 - 0x00007ffba570f000 	C:\WINDOWS\System32\profapi.dll
0x00007ffba56a0000 - 0x00007ffba56ec000 	C:\WINDOWS\System32\powrprof.dll
0x00007ffba5650000 - 0x00007ffba565a000 	C:\WINDOWS\System32\FLTLIB.DLL
0x00007ffba5080000 - 0x00007ffba5097000 	C:\WINDOWS\SYSTEM32\CRYPTSP.dll
0x00007ffba4ab0000 - 0x00007ffba4ae3000 	C:\WINDOWS\system32\rsaenh.dll
0x00007ffba51b0000 - 0x00007ffba51d5000 	C:\WINDOWS\SYSTEM32\bcrypt.dll
0x00007ffba5580000 - 0x00007ffba55a8000 	C:\WINDOWS\SYSTEM32\USERENV.dll
0x00007ffba50a0000 - 0x00007ffba50ab000 	C:\WINDOWS\SYSTEM32\CRYPTBASE.dll
0x00007ffb9e480000 - 0x00007ffb9e49a000 	C:\Program Files\Android\Android Studio\jre\jre\bin\net.dll
0x00007ffba4ed0000 - 0x00007ffba4f36000 	C:\WINDOWS\system32\mswsock.dll
0x00007ffba4c50000 - 0x00007ffba4c88000 	C:\WINDOWS\SYSTEM32\IPHLPAPI.DLL
0x00007ffba7430000 - 0x00007ffba7438000 	C:\WINDOWS\System32\NSI.dll
0x00007ffb9a1f0000 - 0x00007ffb9a206000 	C:\WINDOWS\SYSTEM32\dhcpcsvc6.DLL
0x00007ffb9a120000 - 0x00007ffb9a13a000 	C:\WINDOWS\SYSTEM32\dhcpcsvc.DLL
0x00007ffb9d970000 - 0x00007ffb9d981000 	C:\Program Files\Android\Android Studio\jre\jre\bin\nio.dll

VM Arguments:
jvm_args: -Djava.awt.headless=true -Xmx64M -Dfile.encoding=x-windows-949 -Duser.country=KR -Duser.language=ko -Duser.variant 
java_command: com.google.devtools.build.android.desugar.Desugar @D:\test\app\build\intermediates\tmp\desugar_args5761268457348057305
java_class_path (initial): C:\Users\Goo\AppData\Local\Temp\desugar_deploy.jar7068671870238761673
Launcher Type: SUN_STANDARD

Environment Variables:
PATH=C:\ProgramData\Oracle\Java\javapath;C:\WINDOWS\system32;C:\WINDOWS;C:\WINDOWS\System32\Wbem;C:\WINDOWS\System32\WindowsPowerShell\v1.0\;C:\OpenSSL;;C:\WINDOWS\System32\OpenSSH\;C:\Users\Goo\AppData\Local\Microsoft\WindowsApps;
USERNAME=Goo
OS=Windows_NT
PROCESSOR_IDENTIFIER=Intel64 Family 6 Model 158 Stepping 9, GenuineIntel



---------------  S Y S T E M  ---------------

OS: Windows 10.0 , 64 bit Build 17134 (10.0.17134.1)

CPU:total 8 (initial active 8) (4 cores per cpu, 2 threads per core) family 6 model 158 stepping 9, cmov, cx8, fxsr, mmx, sse, sse2, sse3, ssse3, sse4.1, sse4.2, popcnt, avx, avx2, aes, clmul, erms, 3dnowpref, lzcnt, ht, tsc, tscinvbit, bmi1, bmi2, adx

Memory: 4k page, physical 16692940k(4640032k free), swap 16692940k(6336k free)

vm_info: OpenJDK 64-Bit Server VM (25.152-b01) for windows-amd64 JRE (1.8.0_152-release-915-b01), built by "builder" with MS VC++ 10.0 (VS2010)

time: Wed May 23 21:26:48 2018
elapsed time: 2 seconds (0d 0h 0m 2s)

