#
# There is insufficient memory for the Java Runtime Environment to continue.
# Native memory allocation (malloc) failed to allocate 2035728 bytes for Chunk::new
# Possible reasons:
#   The system is out of physical RAM or swap space
#   In 32 bit mode, the process size limit was hit
# Possible solutions:
#   Reduce memory load on the system
#   Increase physical memory or swap space
#   Check if swap backing store is full
#   Use 64 bit Java on a 64 bit OS
#   Decrease Java heap size (-Xmx/-Xms)
#   Decrease number of Java threads
#   Decrease Java thread stack sizes (-Xss)
#   Set larger code cache with -XX:ReservedCodeCacheSize=
# This output file may be truncated or incomplete.
#
#  Out of Memory Error (allocation.cpp:390), pid=8340, tid=0x00000000000001e8
#
# JRE version: OpenJDK Runtime Environment (8.0_152-b01) (build 1.8.0_152-release-915-b01)
# Java VM: OpenJDK 64-Bit Server VM (25.152-b01 mixed mode windows-amd64 compressed oops)
# Failed to write core dump. Minidumps are not enabled by default on client versions of Windows
#

---------------  T H R E A D  ---------------

Current thread (0x0000000013589000):  JavaThread "C2 CompilerThread0" daemon [_thread_in_native, id=488, stack(0x0000000015bd0000,0x0000000015cd0000)]

Stack: [0x0000000015bd0000,0x0000000015cd0000]
[error occurred during error reporting (printing stack bounds), id 0xc0000005]

Native frames: (J=compiled Java code, j=interpreted, Vv=VM code, C=native code)


Current CompileTask:
C2:   2780  929       4       org.objectweb.asm.ClassReader::a (3587 bytes)


---------------  P R O C E S S  ---------------

Java Threads: ( => current thread )
  0x000000001552d800 JavaThread "Service Thread" daemon [_thread_blocked, id=5044, stack(0x0000000015fd0000,0x00000000160d0000)]
  0x0000000015528000 JavaThread "C1 CompilerThread3" daemon [_thread_blocked, id=6032, stack(0x0000000015ed0000,0x0000000015fd0000)]
  0x0000000015520000 JavaThread "C2 CompilerThread2" daemon [_thread_blocked, id=4864, stack(0x0000000015dd0000,0x0000000015ed0000)]
  0x000000001358b800 JavaThread "C2 CompilerThread1" daemon [_thread_blocked, id=1612, stack(0x0000000015cd0000,0x0000000015dd0000)]
=>0x0000000013589000 JavaThread "C2 CompilerThread0" daemon [_thread_in_native, id=488, stack(0x0000000015bd0000,0x0000000015cd0000)]
  0x00000000154cf800 JavaThread "Attach Listener" daemon [_thread_blocked, id=4480, stack(0x0000000015ad0000,0x0000000015bd0000)]
  0x000000001547d000 JavaThread "Signal Dispatcher" daemon [_thread_blocked, id=1428, stack(0x00000000159d0000,0x0000000015ad0000)]
  0x0000000002dce000 JavaThread "Finalizer" daemon [_thread_blocked, id=10896, stack(0x0000000015840000,0x0000000015940000)]
  0x0000000002dc7000 JavaThread "Reference Handler" daemon [_thread_blocked, id=7792, stack(0x0000000015340000,0x0000000015440000)]
  0x000000000269d800 JavaThread "main" [_thread_in_native, id=4816, stack(0x0000000002bd0000,0x0000000002cd0000)]

Other Threads:
  0x0000000013575800 VMThread [stack: 0x0000000015240000,0x0000000015340000] [id=6932]
  0x000000001552e800 WatcherThread [stack: 0x00000000160d0000,0x00000000161d0000] [id=8292]

VM state:not at safepoint (normal execution)

VM Mutex/Monitor currently owned by a thread: None

Heap:
 PSYoungGen      total 18944K, used 5869K [0x00000000feb00000, 0x0000000100000000, 0x0000000100000000)
  eden space 16384K, 20% used [0x00000000feb00000,0x00000000fee3e768,0x00000000ffb00000)
  from space 2560K, 99% used [0x00000000ffb00000,0x00000000ffd7ce10,0x00000000ffd80000)
  to   space 2560K, 0% used [0x00000000ffd80000,0x00000000ffd80000,0x0000000100000000)
 ParOldGen       total 44032K, used 7047K [0x00000000fc000000, 0x00000000feb00000, 0x00000000feb00000)
  object space 44032K, 16% used [0x00000000fc000000,0x00000000fc6e1d50,0x00000000feb00000)
 Metaspace       used 7705K, capacity 7906K, committed 8192K, reserved 1056768K
  class space    used 875K, capacity 957K, committed 1024K, reserved 1048576K

Card table byte_map: [0x00000000026a0000,0x00000000026d0000] byte_map_base: 0x0000000001ec0000

Marking Bits: (ParMarkBitMap*) 0x000000005dee3950
 Begin Bits: [0x0000000012990000, 0x0000000012a90000)
 End Bits:   [0x0000000012a90000, 0x0000000012b90000)

Polling page: 0x0000000002650000

CodeCache: size=245760Kb used=3986Kb max_used=3989Kb free=241773Kb
 bounds [0x0000000002dd0000, 0x00000000031c0000, 0x0000000011dd0000]
 total_blobs=1416 nmethods=1081 adapters=248
 compilation: enabled

Compilation events (10 events):
Event: 2.729 Thread 0x0000000015528000 1078       3       org.objectweb.asm.tree.VarInsnNode::accept (18 bytes)
Event: 2.729 Thread 0x0000000015528000 nmethod 1078 0x00000000031b7dd0 code [0x00000000031b7f40, 0x00000000031b8238]
Event: 2.729 Thread 0x0000000015528000 1079       3       org.objectweb.asm.tree.AnnotationNode::accept (72 bytes)
Event: 2.729 Thread 0x0000000015528000 nmethod 1079 0x00000000031b72d0 code [0x00000000031b74a0, 0x00000000031b7b88]
Event: 2.730 Thread 0x0000000015528000 1080       3       java.nio.Buffer::remaining (10 bytes)
Event: 2.730 Thread 0x0000000015528000 nmethod 1080 0x00000000031b3490 code [0x00000000031b35e0, 0x00000000031b3730]
Event: 2.730 Thread 0x0000000015528000 1081       3       com.google.common.collect.ImmutableCollection$ArrayBasedBuilder::<init> (25 bytes)
Event: 2.730 Thread 0x0000000015528000 nmethod 1081 0x00000000031b6d10 code [0x00000000031b6e80, 0x00000000031b7188]
Event: 2.730 Thread 0x0000000015528000 1082       3       com.google.common.collect.ImmutableCollection$Builder::<init> (5 bytes)
Event: 2.730 Thread 0x0000000015528000 nmethod 1082 0x00000000031b6950 code [0x00000000031b6aa0, 0x00000000031b6c50]

GC Heap History (6 events):
Event: 1.122 GC heap before
{Heap before GC invocations=1 (full 0):
 PSYoungGen      total 18944K, used 16384K [0x00000000feb00000, 0x0000000100000000, 0x0000000100000000)
  eden space 16384K, 100% used [0x00000000feb00000,0x00000000ffb00000,0x00000000ffb00000)
  from space 2560K, 0% used [0x00000000ffd80000,0x00000000ffd80000,0x0000000100000000)
  to   space 2560K, 0% used [0x00000000ffb00000,0x00000000ffb00000,0x00000000ffd80000)
 ParOldGen       total 44032K, used 0K [0x00000000fc000000, 0x00000000feb00000, 0x00000000feb00000)
  object space 44032K, 0% used [0x00000000fc000000,0x00000000fc000000,0x00000000feb00000)
 Metaspace       used 6621K, capacity 6800K, committed 7040K, reserved 1056768K
  class space    used 774K, capacity 824K, committed 896K, reserved 1048576K
Event: 1.143 GC heap after
Heap after GC invocations=1 (full 0):
 PSYoungGen      total 18944K, used 2547K [0x00000000feb00000, 0x0000000100000000, 0x0000000100000000)
  eden space 16384K, 0% used [0x00000000feb00000,0x00000000feb00000,0x00000000ffb00000)
  from space 2560K, 99% used [0x00000000ffb00000,0x00000000ffd7cc50,0x00000000ffd80000)
  to   space 2560K, 0% used [0x00000000ffd80000,0x00000000ffd80000,0x0000000100000000)
 ParOldGen       total 44032K, used 1737K [0x00000000fc000000, 0x00000000feb00000, 0x00000000feb00000)
  object space 44032K, 3% used [0x00000000fc000000,0x00000000fc1b2580,0x00000000feb00000)
 Metaspace       used 6621K, capacity 6800K, committed 7040K, reserved 1056768K
  class space    used 774K, capacity 824K, committed 896K, reserved 1048576K
}
Event: 1.551 GC heap before
{Heap before GC invocations=2 (full 0):
 PSYoungGen      total 18944K, used 18931K [0x00000000feb00000, 0x0000000100000000, 0x0000000100000000)
  eden space 16384K, 100% used [0x00000000feb00000,0x00000000ffb00000,0x00000000ffb00000)
  from space 2560K, 99% used [0x00000000ffb00000,0x00000000ffd7cc50,0x00000000ffd80000)
  to   space 2560K, 0% used [0x00000000ffd80000,0x00000000ffd80000,0x0000000100000000)
 ParOldGen       total 44032K, used 1737K [0x00000000fc000000, 0x00000000feb00000, 0x00000000feb00000)
  object space 44032K, 3% used [0x00000000fc000000,0x00000000fc1b2580,0x00000000feb00000)
 Metaspace       used 6952K, capacity 7106K, committed 7296K, reserved 1056768K
  class space    used 814K, capacity 861K, committed 896K, reserved 1048576K
Event: 1.596 GC heap after
Heap after GC invocations=2 (full 0):
 PSYoungGen      total 18944K, used 2547K [0x00000000feb00000, 0x0000000100000000, 0x0000000100000000)
  eden space 16384K, 0% used [0x00000000feb00000,0x00000000feb00000,0x00000000ffb00000)
  from space 2560K, 99% used [0x00000000ffd80000,0x00000000ffffce20,0x0000000100000000)
  to   space 2560K, 0% used [0x00000000ffb00000,0x00000000ffb00000,0x00000000ffd80000)
 ParOldGen       total 44032K, used 5446K [0x00000000fc000000, 0x00000000feb00000, 0x00000000feb00000)
  object space 44032K, 12% used [0x00000000fc000000,0x00000000fc551a68,0x00000000feb00000)
 Metaspace       used 6952K, capacity 7106K, committed 7296K, reserved 1056768K
  class space    used 814K, capacity 861K, committed 896K, reserved 1048576K
}
Event: 1.879 GC heap before
{Heap before GC invocations=3 (full 0):
 PSYoungGen      total 18944K, used 18931K [0x00000000feb00000, 0x0000000100000000, 0x0000000100000000)
  eden space 16384K, 100% used [0x00000000feb00000,0x00000000ffb00000,0x00000000ffb00000)
  from space 2560K, 99% used [0x00000000ffd80000,0x00000000ffffce20,0x0000000100000000)
  to   space 2560K, 0% used [0x00000000ffb00000,0x00000000ffb00000,0x00000000ffd80000)
 ParOldGen       total 44032K, used 5446K [0x00000000fc000000, 0x00000000feb00000, 0x00000000feb00000)
  object space 44032K, 12% used [0x00000000fc000000,0x00000000fc551a68,0x00000000feb00000)
 Metaspace       used 7686K, capacity 7842K, committed 7936K, reserved 1056768K
  class space    used 875K, capacity 957K, committed 1024K, reserved 1048576K
Event: 1.891 GC heap after
Heap after GC invocations=3 (full 0):
 PSYoungGen      total 18944K, used 2547K [0x00000000feb00000, 0x0000000100000000, 0x0000000100000000)
  eden space 16384K, 0% used [0x00000000feb00000,0x00000000feb00000,0x00000000ffb00000)
  from space 2560K, 99% used [0x00000000ffb00000,0x00000000ffd7ce10,0x00000000ffd80000)
  to   space 2560K, 0% used [0x00000000ffd80000,0x00000000ffd80000,0x0000000100000000)
 ParOldGen       total 44032K, used 7047K [0x00000000fc000000, 0x00000000feb00000, 0x00000000feb00000)
  object space 44032K, 16% used [0x00000000fc000000,0x00000000fc6e1d50,0x00000000feb00000)
 Metaspace       used 7686K, capacity 7842K, committed 7936K, reserved 1056768K
  class space    used 875K, capacity 957K, committed 1024K, reserved 1048576K
}

Deoptimization events (10 events):
Event: 1.298 Thread 0x000000000269d800 Uncommon trap: reason=unloaded action=reinterpret pc=0x000000000300fe7c method=java.util.zip.ZipEntry.setExtra0([BZ)V @ 37
Event: 1.321 Thread 0x000000000269d800 Uncommon trap: reason=unstable_if action=reinterpret pc=0x0000000003013208 method=java.util.HashMap$HashIterator.nextNode()Ljava/util/HashMap$Node; @ 74
Event: 1.782 Thread 0x000000000269d800 Uncommon trap: reason=unstable_if action=reinterpret pc=0x00000000031095d8 method=org.objectweb.asm.Type.getArgumentsAndReturnSizes(Ljava/lang/String;)I @ 47
Event: 1.801 Thread 0x000000000269d800 Uncommon trap: reason=unstable_if action=reinterpret pc=0x00000000031538e0 method=org.objectweb.asm.MethodWriter.visitVarInsn(II)V @ 142
Event: 1.816 Thread 0x000000000269d800 Uncommon trap: reason=unstable_if action=reinterpret pc=0x00000000030f49d8 method=org.objectweb.asm.Item.a(Lorg/objectweb/asm/Item;)Z @ 345
Event: 1.903 Thread 0x000000000269d800 Uncommon trap: reason=unstable_if action=reinterpret pc=0x00000000030adbc4 method=java.lang.String.<init>([CII)V @ 18
Event: 2.641 Thread 0x000000000269d800 Uncommon trap: reason=unstable_if action=reinterpret pc=0x00000000031a02c8 method=org.objectweb.asm.MethodWriter.visitVarInsn(II)V @ 148
Event: 2.641 Thread 0x000000000269d800 Uncommon trap: reason=unstable_if action=reinterpret pc=0x00000000031970c4 method=org.objectweb.asm.MethodWriter.visitVarInsn(II)V @ 136
Event: 2.641 Thread 0x000000000269d800 Uncommon trap: reason=unstable_if action=reinterpret pc=0x00000000031a6f18 method=org.objectweb.asm.Type.getArgumentsAndReturnSizes(Ljava/lang/String;)I @ 130
Event: 2.642 Thread 0x000000000269d800 Uncommon trap: reason=unstable_if action=reinterpret pc=0x0000000003176f58 method=org.objectweb.asm.Type.getArgumentsAndReturnSizes(Ljava/lang/String;)I @ 130

Classes redefined (0 events):
No events

Internal exceptions (10 events):
Event: 1.307 Thread 0x000000000269d800 Exception <a 'sun/nio/fs/WindowsException'> (0x00000000ff1ee3a0) thrown at [D:\src\AOSP-openjdk-cygwin\jdk8u\hotspot\src\share\vm\prims\jni.cpp, line 709]
Event: 1.307 Thread 0x000000000269d800 Exception <a 'sun/nio/fs/WindowsException'> (0x00000000ff1ee968) thrown at [D:\src\AOSP-openjdk-cygwin\jdk8u\hotspot\src\share\vm\prims\jni.cpp, line 709]
Event: 1.307 Thread 0x000000000269d800 Exception <a 'sun/nio/fs/WindowsException'> (0x00000000ff1ef128) thrown at [D:\src\AOSP-openjdk-cygwin\jdk8u\hotspot\src\share\vm\prims\jni.cpp, line 709]
Event: 1.307 Thread 0x000000000269d800 Exception <a 'sun/nio/fs/WindowsException'> (0x00000000ff1ef6c8) thrown at [D:\src\AOSP-openjdk-cygwin\jdk8u\hotspot\src\share\vm\prims\jni.cpp, line 709]
Event: 1.307 Thread 0x000000000269d800 Exception <a 'sun/nio/fs/WindowsException'> (0x00000000ff1efe78) thrown at [D:\src\AOSP-openjdk-cygwin\jdk8u\hotspot\src\share\vm\prims\jni.cpp, line 709]
Event: 1.373 Thread 0x000000000269d800 Exception <a 'sun/nio/fs/WindowsException'> (0x00000000ff1f51b8) thrown at [D:\src\AOSP-openjdk-cygwin\jdk8u\hotspot\src\share\vm\prims\jni.cpp, line 709]
Event: 1.615 Thread 0x000000000269d800 Exception <a 'sun/nio/fs/WindowsException'> (0x00000000fede2dd8) thrown at [D:\src\AOSP-openjdk-cygwin\jdk8u\hotspot\src\share\vm\prims\jni.cpp, line 709]
Event: 1.615 Thread 0x000000000269d800 Exception <a 'sun/nio/fs/WindowsException'> (0x00000000fede3330) thrown at [D:\src\AOSP-openjdk-cygwin\jdk8u\hotspot\src\share\vm\prims\jni.cpp, line 709]
Event: 1.963 Thread 0x000000000269d800 Exception <a 'sun/nio/fs/WindowsException'> (0x00000000fed226f0) thrown at [D:\src\AOSP-openjdk-cygwin\jdk8u\hotspot\src\share\vm\prims\jni.cpp, line 709]
Event: 1.963 Thread 0x000000000269d800 Exception <a 'sun/nio/fs/WindowsException'> (0x00000000fed22bc8) thrown at [D:\src\AOSP-openjdk-cygwin\jdk8u\hotspot\src\share\vm\prims\jni.cpp, line 709]

Events (10 events):
Event: 2.641 Thread 0x000000000269d800 DEOPT UNPACKING pc=0x0000000002e1556a sp=0x0000000002ccedb8 mode 2
Event: 2.641 Thread 0x000000000269d800 Uncommon trap: trap_request=0xffffff65 fr.pc=0x00000000031970c4
Event: 2.641 Thread 0x000000000269d800 DEOPT PACKING pc=0x00000000031970c4 sp=0x0000000002ccee40
Event: 2.641 Thread 0x000000000269d800 DEOPT UNPACKING pc=0x0000000002e1556a sp=0x0000000002cceda0 mode 2
Event: 2.641 Thread 0x000000000269d800 Uncommon trap: trap_request=0xffffff65 fr.pc=0x00000000031a6f18
Event: 2.641 Thread 0x000000000269d800 DEOPT PACKING pc=0x00000000031a6f18 sp=0x0000000002ccecf0
Event: 2.641 Thread 0x000000000269d800 DEOPT UNPACKING pc=0x0000000002e1556a sp=0x0000000002ccebc8 mode 2
Event: 2.642 Thread 0x000000000269d800 Uncommon trap: trap_request=0xffffff65 fr.pc=0x0000000003176f58
Event: 2.642 Thread 0x000000000269d800 DEOPT PACKING pc=0x0000000003176f58 sp=0x0000000002ccec20
Event: 2.642 Thread 0x000000000269d800 DEOPT UNPACKING pc=0x0000000002e1556a sp=0x0000000002ccebb0 mode 2


Dynamic libraries:
0x00007ff653170000 - 0x00007ff6531a1000 	C:\Program Files\Android\Android Studio\jre\bin\java.exe
0x00007ff985700000 - 0x00007ff9858e1000 	C:\WINDOWS\SYSTEM32\ntdll.dll
0x00007ff983300000 - 0x00007ff9833b2000 	C:\WINDOWS\System32\KERNEL32.DLL
0x00007ff981c80000 - 0x00007ff981ef3000 	C:\WINDOWS\System32\KERNELBASE.dll
0x00007ff985230000 - 0x00007ff9852d1000 	C:\WINDOWS\System32\ADVAPI32.dll
0x00007ff9852e0000 - 0x00007ff98537e000 	C:\WINDOWS\System32\msvcrt.dll
0x00007ff9851d0000 - 0x00007ff98522b000 	C:\WINDOWS\System32\sechost.dll
0x00007ff982bb0000 - 0x00007ff982cd4000 	C:\WINDOWS\System32\RPCRT4.dll
0x00007ff982ce0000 - 0x00007ff982e70000 	C:\WINDOWS\System32\USER32.dll
0x00007ff982b70000 - 0x00007ff982b90000 	C:\WINDOWS\System32\win32u.dll
0x00007ff985380000 - 0x00007ff9853a8000 	C:\WINDOWS\System32\GDI32.dll
0x00007ff9829d0000 - 0x00007ff982b62000 	C:\WINDOWS\System32\gdi32full.dll
0x00007ff9828b0000 - 0x00007ff98294f000 	C:\WINDOWS\System32\msvcp_win.dll
0x00007ff981ad0000 - 0x00007ff981bca000 	C:\WINDOWS\System32\ucrtbase.dll
0x00007ff973930000 - 0x00007ff973b99000 	C:\WINDOWS\WinSxS\amd64_microsoft.windows.common-controls_6595b64144ccf1df_6.0.17134.165_none_fb429645306569ac\COMCTL32.dll
0x00007ff982e70000 - 0x00007ff983193000 	C:\WINDOWS\System32\combase.dll
0x00007ff982950000 - 0x00007ff9829ca000 	C:\WINDOWS\System32\bcryptPrimitives.dll
0x00007ff9835b0000 - 0x00007ff9835dd000 	C:\WINDOWS\System32\IMM32.DLL
0x000000005fc40000 - 0x000000005fd12000 	C:\Program Files\Android\Android Studio\jre\jre\bin\msvcr100.dll
0x000000005d720000 - 0x000000005df5e000 	C:\Program Files\Android\Android Studio\jre\jre\bin\server\jvm.dll
0x00007ff985420000 - 0x00007ff985428000 	C:\WINDOWS\System32\PSAPI.DLL
0x00007ff974290000 - 0x00007ff9742b3000 	C:\WINDOWS\SYSTEM32\WINMM.dll
0x00007ff980630000 - 0x00007ff98063a000 	C:\WINDOWS\SYSTEM32\VERSION.dll
0x00007ff974180000 - 0x00007ff9741aa000 	C:\WINDOWS\SYSTEM32\WINMMBASE.dll
0x00007ff980700000 - 0x00007ff980709000 	C:\WINDOWS\SYSTEM32\WSOCK32.dll
0x00007ff9834e0000 - 0x00007ff98354c000 	C:\WINDOWS\System32\WS2_32.dll
0x00007ff982860000 - 0x00007ff9828a9000 	C:\WINDOWS\System32\cfgmgr32.dll
0x00007ff9806f0000 - 0x00007ff9806ff000 	C:\Program Files\Android\Android Studio\jre\jre\bin\verify.dll
0x00007ff97d500000 - 0x00007ff97d529000 	C:\Program Files\Android\Android Studio\jre\jre\bin\java.dll
0x00007ff97c5a0000 - 0x00007ff97c5b6000 	C:\Program Files\Android\Android Studio\jre\jre\bin\zip.dll
0x00007ff9836b0000 - 0x00007ff984af0000 	C:\WINDOWS\System32\SHELL32.dll
0x00007ff985120000 - 0x00007ff9851c9000 	C:\WINDOWS\System32\shcore.dll
0x00007ff981f00000 - 0x00007ff98260d000 	C:\WINDOWS\System32\windows.storage.dll
0x00007ff9853c0000 - 0x00007ff985411000 	C:\WINDOWS\System32\shlwapi.dll
0x00007ff981ab0000 - 0x00007ff981ac1000 	C:\WINDOWS\System32\kernel.appcore.dll
0x00007ff981a70000 - 0x00007ff981a8f000 	C:\WINDOWS\System32\profapi.dll
0x00007ff981a20000 - 0x00007ff981a6c000 	C:\WINDOWS\System32\powrprof.dll
0x00007ff981a10000 - 0x00007ff981a1a000 	C:\WINDOWS\System32\FLTLIB.DLL
0x00007ff981440000 - 0x00007ff981457000 	C:\WINDOWS\SYSTEM32\CRYPTSP.dll
0x00007ff980e70000 - 0x00007ff980ea3000 	C:\WINDOWS\system32\rsaenh.dll
0x00007ff981570000 - 0x00007ff981595000 	C:\WINDOWS\SYSTEM32\bcrypt.dll
0x00007ff981910000 - 0x00007ff981938000 	C:\WINDOWS\SYSTEM32\USERENV.dll
0x00007ff981460000 - 0x00007ff98146b000 	C:\WINDOWS\SYSTEM32\CRYPTBASE.dll
0x00007ff97acd0000 - 0x00007ff97acea000 	C:\Program Files\Android\Android Studio\jre\jre\bin\net.dll
0x00007ff981290000 - 0x00007ff9812f6000 	C:\WINDOWS\system32\mswsock.dll
0x00007ff981010000 - 0x00007ff981048000 	C:\WINDOWS\SYSTEM32\IPHLPAPI.DLL
0x00007ff9853b0000 - 0x00007ff9853b8000 	C:\WINDOWS\System32\NSI.dll
0x00007ff97cc80000 - 0x00007ff97cc96000 	C:\WINDOWS\SYSTEM32\dhcpcsvc6.DLL
0x00007ff97cc30000 - 0x00007ff97cc4a000 	C:\WINDOWS\SYSTEM32\dhcpcsvc.DLL
0x00007ff97acb0000 - 0x00007ff97acc1000 	C:\Program Files\Android\Android Studio\jre\jre\bin\nio.dll

VM Arguments:
jvm_args: -Djava.awt.headless=true -Xmx64M -Dfile.encoding=x-windows-949 -Duser.country=KR -Duser.language=ko -Duser.variant 
java_command: com.google.devtools.build.android.desugar.Desugar @D:\test\app\build\intermediates\tmp\desugar_args1344767245403150279
java_class_path (initial): C:\Users\Goo\AppData\Local\Temp\desugar_deploy.jar5413604553716045376
Launcher Type: SUN_STANDARD

Environment Variables:
PATH=C:\ProgramData\Oracle\Java\javapath;C:\WINDOWS\system32;C:\WINDOWS;C:\WINDOWS\System32\Wbem;C:\WINDOWS\System32\WindowsPowerShell\v1.0\;C:\OpenSSL;C:\WINDOWS\System32\OpenSSH\;C:\Program Files\nodejs\;C:\Program Files\Git\cmd;C:\Program Files\Git\bin\git.exe;C:\Users\Goo\AppData\Local\Microsoft\WindowsApps;C:\Users\Goo\AppData\Roaming\npm;C:\Program Files\Microsoft VS Code\bin
USERNAME=Goo
OS=Windows_NT
PROCESSOR_IDENTIFIER=Intel64 Family 6 Model 158 Stepping 9, GenuineIntel



---------------  S Y S T E M  ---------------

OS: Windows 10.0 , 64 bit Build 17134 (10.0.17134.1)

CPU:total 8 (initial active 8) (4 cores per cpu, 2 threads per core) family 6 model 158 stepping 9, cmov, cx8, fxsr, mmx, sse, sse2, sse3, ssse3, sse4.1, sse4.2, popcnt, avx, avx2, aes, clmul, erms, 3dnowpref, lzcnt, ht, tsc, tscinvbit, bmi1, bmi2, adx

Memory: 4k page, physical 16692940k(2285436k free), swap 16692940k(10236k free)

vm_info: OpenJDK 64-Bit Server VM (25.152-b01) for windows-amd64 JRE (1.8.0_152-release-915-b01), built by "builder" with MS VC++ 10.0 (VS2010)

time: Sat Jul 14 00:33:56 2018
elapsed time: 2 seconds (0d 0h 0m 2s)

