#
# There is insufficient memory for the Java Runtime Environment to continue.
# Native memory allocation (malloc) failed to allocate 1037536 bytes for Chunk::new
# Possible reasons:
#   The system is out of physical RAM or swap space
#   In 32 bit mode, the process size limit was hit
# Possible solutions:
#   Reduce memory load on the system
#   Increase physical memory or swap space
#   Check if swap backing store is full
#   Use 64 bit Java on a 64 bit OS
#   Decrease Java heap size (-Xmx/-Xms)
#   Decrease number of Java threads
#   Decrease Java thread stack sizes (-Xss)
#   Set larger code cache with -XX:ReservedCodeCacheSize=
# This output file may be truncated or incomplete.
#
#  Out of Memory Error (allocation.cpp:390), pid=6924, tid=0x0000000000001474
#
# JRE version: OpenJDK Runtime Environment (8.0_152-b01) (build 1.8.0_152-release-915-b01)
# Java VM: OpenJDK 64-Bit Server VM (25.152-b01 mixed mode windows-amd64 compressed oops)
# Failed to write core dump. Minidumps are not enabled by default on client versions of Windows
#

---------------  T H R E A D  ---------------

Current thread (0x000000001502b800):  JavaThread "C2 CompilerThread0" daemon [_thread_in_native, id=5236, stack(0x0000000015790000,0x0000000015890000)]

Stack: [0x0000000015790000,0x0000000015890000]
[error occurred during error reporting (printing stack bounds), id 0xc0000005]

Native frames: (J=compiled Java code, j=interpreted, Vv=VM code, C=native code)


Current CompileTask:
C2:   3894 1285 %     4       org.objectweb.asm.ClassReader::a @ 74 (3587 bytes)


---------------  P R O C E S S  ---------------

Java Threads: ( => current thread )
  0x000000001508c000 JavaThread "Service Thread" daemon [_thread_blocked, id=584, stack(0x0000000015b90000,0x0000000015c90000)]
  0x0000000015086000 JavaThread "C1 CompilerThread3" daemon [_thread_in_native, id=484, stack(0x0000000015a90000,0x0000000015b90000)]
  0x0000000015083000 JavaThread "C2 CompilerThread2" daemon [_thread_in_native, id=12168, stack(0x0000000015990000,0x0000000015a90000)]
  0x000000001311a800 JavaThread "C2 CompilerThread1" daemon [_thread_in_native, id=7136, stack(0x0000000015890000,0x0000000015990000)]
=>0x000000001502b800 JavaThread "C2 CompilerThread0" daemon [_thread_in_native, id=5236, stack(0x0000000015790000,0x0000000015890000)]
  0x000000001502a000 JavaThread "Attach Listener" daemon [_thread_blocked, id=9364, stack(0x0000000015690000,0x0000000015790000)]
  0x0000000015080000 JavaThread "Signal Dispatcher" daemon [_thread_blocked, id=10428, stack(0x0000000015590000,0x0000000015690000)]
  0x000000000292e000 JavaThread "Finalizer" daemon [_thread_blocked, id=12720, stack(0x00000000153f0000,0x00000000154f0000)]
  0x0000000002927000 JavaThread "Reference Handler" daemon [_thread_blocked, id=2228, stack(0x0000000014ef0000,0x0000000014ff0000)]
  0x000000000272d800 JavaThread "main" [_thread_in_Java, id=12988, stack(0x0000000002730000,0x0000000002830000)]

Other Threads:
  0x0000000013105800 VMThread [stack: 0x0000000014df0000,0x0000000014ef0000] [id=13060]
  0x000000001508c800 WatcherThread [stack: 0x0000000015c90000,0x0000000015d90000] [id=9260]

VM state:not at safepoint (normal execution)

VM Mutex/Monitor currently owned by a thread: None

Heap:
 PSYoungGen      total 18944K, used 5447K [0x00000000feb00000, 0x0000000100000000, 0x0000000100000000)
  eden space 16384K, 17% used [0x00000000feb00000,0x00000000feddd2c8,0x00000000ffb00000)
  from space 2560K, 98% used [0x00000000ffb00000,0x00000000ffd74ac8,0x00000000ffd80000)
  to   space 2560K, 0% used [0x00000000ffd80000,0x00000000ffd80000,0x0000000100000000)
 ParOldGen       total 44032K, used 7092K [0x00000000fc000000, 0x00000000feb00000, 0x00000000feb00000)
  object space 44032K, 16% used [0x00000000fc000000,0x00000000fc6ed3e0,0x00000000feb00000)
 Metaspace       used 7821K, capacity 7974K, committed 8192K, reserved 1056768K
  class space    used 877K, capacity 957K, committed 1024K, reserved 1048576K

Card table byte_map: [0x0000000011cf0000,0x0000000011d20000] byte_map_base: 0x0000000011510000

Marking Bits: (ParMarkBitMap*) 0x0000000055473950
 Begin Bits: [0x0000000012520000, 0x0000000012620000)
 End Bits:   [0x0000000012620000, 0x0000000012720000)

Polling page: 0x0000000000620000

CodeCache: size=245760Kb used=5029Kb max_used=5034Kb free=240730Kb
 bounds [0x0000000002930000, 0x0000000002e20000, 0x0000000011930000]
 total_blobs=1635 nmethods=1300 adapters=248
 compilation: enabled

Compilation events (10 events):
Event: 3.890 Thread 0x0000000015086000 nmethod 1297 0x0000000002dd8ad0 code [0x0000000002dd8c40, 0x0000000002dd8dc8]
Event: 3.890 Thread 0x0000000015086000 1298       3       sun.util.calendar.ZoneInfo::getOffsets (276 bytes)
Event: 3.891 Thread 0x0000000015086000 nmethod 1298 0x0000000002ddae90 code [0x0000000002ddb0c0, 0x0000000002ddbe48]
Event: 3.891 Thread 0x0000000015086000 1299       3       sun.util.calendar.CalendarDate::setZoneOffset (6 bytes)
Event: 3.891 Thread 0x0000000015086000 nmethod 1299 0x0000000002df6550 code [0x0000000002df66a0, 0x0000000002df67f0]
Event: 3.891 Thread 0x0000000015086000 1300       3       sun.util.calendar.CalendarDate::setDaylightSaving (6 bytes)
Event: 3.891 Thread 0x0000000015086000 nmethod 1300 0x0000000002ddab90 code [0x0000000002ddace0, 0x0000000002ddae30]
Event: 3.891 Thread 0x0000000015086000 1301       3       sun.util.calendar.BaseCalendar::getCalendarDateFromFixedDate (305 bytes)
Event: 3.893 Thread 0x0000000015086000 nmethod 1301 0x0000000002df11d0 code [0x0000000002df1440, 0x0000000002df2e08]
Event: 3.893 Thread 0x0000000015086000 1306       3       sun.util.calendar.BaseCalendar::getDayOfWeekFromFixedDate (26 bytes)

GC Heap History (10 events):
Event: 0.863 GC heap before
{Heap before GC invocations=1 (full 0):
 PSYoungGen      total 18944K, used 16384K [0x00000000feb00000, 0x0000000100000000, 0x0000000100000000)
  eden space 16384K, 100% used [0x00000000feb00000,0x00000000ffb00000,0x00000000ffb00000)
  from space 2560K, 0% used [0x00000000ffd80000,0x00000000ffd80000,0x0000000100000000)
  to   space 2560K, 0% used [0x00000000ffb00000,0x00000000ffb00000,0x00000000ffd80000)
 ParOldGen       total 44032K, used 0K [0x00000000fc000000, 0x00000000feb00000, 0x00000000feb00000)
  object space 44032K, 0% used [0x00000000fc000000,0x00000000fc000000,0x00000000feb00000)
 Metaspace       used 6610K, capacity 6804K, committed 7040K, reserved 1056768K
  class space    used 773K, capacity 824K, committed 896K, reserved 1048576K
Event: 0.870 GC heap after
Heap after GC invocations=1 (full 0):
 PSYoungGen      total 18944K, used 2537K [0x00000000feb00000, 0x0000000100000000, 0x0000000100000000)
  eden space 16384K, 0% used [0x00000000feb00000,0x00000000feb00000,0x00000000ffb00000)
  from space 2560K, 99% used [0x00000000ffb00000,0x00000000ffd7a620,0x00000000ffd80000)
  to   space 2560K, 0% used [0x00000000ffd80000,0x00000000ffd80000,0x0000000100000000)
 ParOldGen       total 44032K, used 1657K [0x00000000fc000000, 0x00000000feb00000, 0x00000000feb00000)
  object space 44032K, 3% used [0x00000000fc000000,0x00000000fc19e6d8,0x00000000feb00000)
 Metaspace       used 6610K, capacity 6804K, committed 7040K, reserved 1056768K
  class space    used 773K, capacity 824K, committed 896K, reserved 1048576K
}
Event: 1.194 GC heap before
{Heap before GC invocations=2 (full 0):
 PSYoungGen      total 18944K, used 18921K [0x00000000feb00000, 0x0000000100000000, 0x0000000100000000)
  eden space 16384K, 100% used [0x00000000feb00000,0x00000000ffb00000,0x00000000ffb00000)
  from space 2560K, 99% used [0x00000000ffb00000,0x00000000ffd7a620,0x00000000ffd80000)
  to   space 2560K, 0% used [0x00000000ffd80000,0x00000000ffd80000,0x0000000100000000)
 ParOldGen       total 44032K, used 1657K [0x00000000fc000000, 0x00000000feb00000, 0x00000000feb00000)
  object space 44032K, 3% used [0x00000000fc000000,0x00000000fc19e6d8,0x00000000feb00000)
 Metaspace       used 6963K, capacity 7110K, committed 7296K, reserved 1056768K
  class space    used 816K, capacity 861K, committed 896K, reserved 1048576K
Event: 1.223 GC heap after
Heap after GC invocations=2 (full 0):
 PSYoungGen      total 18944K, used 2547K [0x00000000feb00000, 0x0000000100000000, 0x0000000100000000)
  eden space 16384K, 0% used [0x00000000feb00000,0x00000000feb00000,0x00000000ffb00000)
  from space 2560K, 99% used [0x00000000ffd80000,0x00000000ffffce20,0x0000000100000000)
  to   space 2560K, 0% used [0x00000000ffb00000,0x00000000ffb00000,0x00000000ffd80000)
 ParOldGen       total 44032K, used 5902K [0x00000000fc000000, 0x00000000feb00000, 0x00000000feb00000)
  object space 44032K, 13% used [0x00000000fc000000,0x00000000fc5c3bc0,0x00000000feb00000)
 Metaspace       used 6963K, capacity 7110K, committed 7296K, reserved 1056768K
  class space    used 816K, capacity 861K, committed 896K, reserved 1048576K
}
Event: 1.775 GC heap before
{Heap before GC invocations=3 (full 0):
 PSYoungGen      total 18944K, used 18931K [0x00000000feb00000, 0x0000000100000000, 0x0000000100000000)
  eden space 16384K, 100% used [0x00000000feb00000,0x00000000ffb00000,0x00000000ffb00000)
  from space 2560K, 99% used [0x00000000ffd80000,0x00000000ffffce20,0x0000000100000000)
  to   space 2560K, 0% used [0x00000000ffb00000,0x00000000ffb00000,0x00000000ffd80000)
 ParOldGen       total 44032K, used 5902K [0x00000000fc000000, 0x00000000feb00000, 0x00000000feb00000)
  object space 44032K, 13% used [0x00000000fc000000,0x00000000fc5c3bc0,0x00000000feb00000)
 Metaspace       used 7692K, capacity 7846K, committed 7936K, reserved 1056768K
  class space    used 875K, capacity 957K, committed 1024K, reserved 1048576K
Event: 1.833 GC heap after
Heap after GC invocations=3 (full 0):
 PSYoungGen      total 18944K, used 2546K [0x00000000feb00000, 0x0000000100000000, 0x0000000100000000)
  eden space 16384K, 0% used [0x00000000feb00000,0x00000000feb00000,0x00000000ffb00000)
  from space 2560K, 99% used [0x00000000ffb00000,0x00000000ffd7cac8,0x00000000ffd80000)
  to   space 2560K, 0% used [0x00000000ffd80000,0x00000000ffd80000,0x0000000100000000)
 ParOldGen       total 44032K, used 6956K [0x00000000fc000000, 0x00000000feb00000, 0x00000000feb00000)
  object space 44032K, 15% used [0x00000000fc000000,0x00000000fc6cb3e0,0x00000000feb00000)
 Metaspace       used 7692K, capacity 7846K, committed 7936K, reserved 1056768K
  class space    used 875K, capacity 957K, committed 1024K, reserved 1048576K
}
Event: 2.284 GC heap before
{Heap before GC invocations=4 (full 0):
 PSYoungGen      total 18944K, used 18930K [0x00000000feb00000, 0x0000000100000000, 0x0000000100000000)
  eden space 16384K, 100% used [0x00000000feb00000,0x00000000ffb00000,0x00000000ffb00000)
  from space 2560K, 99% used [0x00000000ffb00000,0x00000000ffd7cac8,0x00000000ffd80000)
  to   space 2560K, 0% used [0x00000000ffd80000,0x00000000ffd80000,0x0000000100000000)
 ParOldGen       total 44032K, used 6956K [0x00000000fc000000, 0x00000000feb00000, 0x00000000feb00000)
  object space 44032K, 15% used [0x00000000fc000000,0x00000000fc6cb3e0,0x00000000feb00000)
 Metaspace       used 7800K, capacity 7974K, committed 8192K, reserved 1056768K
  class space    used 877K, capacity 957K, committed 1024K, reserved 1048576K
Event: 2.407 GC heap after
Heap after GC invocations=4 (full 0):
 PSYoungGen      total 18944K, used 2546K [0x00000000feb00000, 0x0000000100000000, 0x0000000100000000)
  eden space 16384K, 0% used [0x00000000feb00000,0x00000000feb00000,0x00000000ffb00000)
  from space 2560K, 99% used [0x00000000ffd80000,0x00000000ffffcaa8,0x0000000100000000)
  to   space 2560K, 0% used [0x00000000ffb00000,0x00000000ffb00000,0x00000000ffd80000)
 ParOldGen       total 44032K, used 7092K [0x00000000fc000000, 0x00000000feb00000, 0x00000000feb00000)
  object space 44032K, 16% used [0x00000000fc000000,0x00000000fc6ed3e0,0x00000000feb00000)
 Metaspace       used 7800K, capacity 7974K, committed 8192K, reserved 1056768K
  class space    used 877K, capacity 957K, committed 1024K, reserved 1048576K
}
Event: 3.708 GC heap before
{Heap before GC invocations=5 (full 0):
 PSYoungGen      total 18944K, used 18930K [0x00000000feb00000, 0x0000000100000000, 0x0000000100000000)
  eden space 16384K, 100% used [0x00000000feb00000,0x00000000ffb00000,0x00000000ffb00000)
  from space 2560K, 99% used [0x00000000ffd80000,0x00000000ffffcaa8,0x0000000100000000)
  to   space 2560K, 0% used [0x00000000ffb00000,0x00000000ffb00000,0x00000000ffd80000)
 ParOldGen       total 44032K, used 7092K [0x00000000fc000000, 0x00000000feb00000, 0x00000000feb00000)
  object space 44032K, 16% used [0x00000000fc000000,0x00000000fc6ed3e0,0x00000000feb00000)
 Metaspace       used 7817K, capacity 7974K, committed 8192K, reserved 1056768K
  class space    used 877K, capacity 957K, committed 1024K, reserved 1048576K
Event: 3.872 GC heap after
Heap after GC invocations=5 (full 0):
 PSYoungGen      total 18944K, used 2514K [0x00000000feb00000, 0x0000000100000000, 0x0000000100000000)
  eden space 16384K, 0% used [0x00000000feb00000,0x00000000feb00000,0x00000000ffb00000)
  from space 2560K, 98% used [0x00000000ffb00000,0x00000000ffd74ac8,0x00000000ffd80000)
  to   space 2560K, 0% used [0x00000000ffd80000,0x00000000ffd80000,0x0000000100000000)
 ParOldGen       total 44032K, used 7092K [0x00000000fc000000, 0x00000000feb00000, 0x00000000feb00000)
  object space 44032K, 16% used [0x00000000fc000000,0x00000000fc6ed3e0,0x00000000feb00000)
 Metaspace       used 7817K, capacity 7974K, committed 8192K, reserved 1056768K
  class space    used 877K, capacity 957K, committed 1024K, reserved 1048576K
}

Deoptimization events (10 events):
Event: 2.270 Thread 0x000000000272d800 Uncommon trap: reason=class_check action=maybe_recompile pc=0x0000000002d88670 method=org.objectweb.asm.MethodVisitor.visitVarInsn(II)V @ 13
Event: 2.270 Thread 0x000000000272d800 Uncommon trap: reason=class_check action=maybe_recompile pc=0x0000000002d885fc method=org.objectweb.asm.tree.VarInsnNode.accept(Lorg/objectweb/asm/MethodVisitor;)V @ 9
Event: 2.271 Thread 0x000000000272d800 Uncommon trap: reason=class_check action=maybe_recompile pc=0x0000000002d885fc method=org.objectweb.asm.tree.VarInsnNode.accept(Lorg/objectweb/asm/MethodVisitor;)V @ 9
Event: 2.273 Thread 0x000000000272d800 Uncommon trap: reason=class_check action=maybe_recompile pc=0x0000000002d88670 method=org.objectweb.asm.MethodVisitor.visitVarInsn(II)V @ 13
Event: 2.273 Thread 0x000000000272d800 Uncommon trap: reason=class_check action=maybe_recompile pc=0x0000000002d885fc method=org.objectweb.asm.tree.VarInsnNode.accept(Lorg/objectweb/asm/MethodVisitor;)V @ 9
Event: 2.485 Thread 0x000000000272d800 Uncommon trap: reason=class_check action=maybe_recompile pc=0x0000000002d88670 method=org.objectweb.asm.MethodVisitor.visitVarInsn(II)V @ 13
Event: 2.485 Thread 0x000000000272d800 Uncommon trap: reason=class_check action=maybe_recompile pc=0x0000000002d43c14 method=org.objectweb.asm.MethodVisitor.visitVarInsn(II)V @ 13
Event: 3.599 Thread 0x000000000272d800 Uncommon trap: reason=predicate action=maybe_recompile pc=0x0000000002de1c6c method=org.objectweb.asm.ClassReader.accept(Lorg/objectweb/asm/ClassVisitor;[Lorg/objectweb/asm/Attribute;I)V @ 744
Event: 3.705 Thread 0x000000000272d800 Uncommon trap: reason=unstable_if action=reinterpret pc=0x0000000002d8f264 method=org.objectweb.asm.Type.getArgumentsAndReturnSizes(Ljava/lang/String;)I @ 118
Event: 3.705 Thread 0x000000000272d800 Uncommon trap: reason=unstable_if action=reinterpret pc=0x0000000002daea08 method=org.objectweb.asm.Type.getArgumentsAndReturnSizes(Ljava/lang/String;)I @ 118

Classes redefined (0 events):
No events

Internal exceptions (10 events):
Event: 2.526 Thread 0x000000000272d800 Exception <a 'sun/nio/fs/WindowsException'> (0x00000000ff08c1e8) thrown at [D:\src\AOSP-openjdk-cygwin\jdk8u\hotspot\src\share\vm\prims\jni.cpp, line 709]
Event: 2.526 Thread 0x000000000272d800 Exception <a 'sun/nio/fs/WindowsException'> (0x00000000ff08c6c0) thrown at [D:\src\AOSP-openjdk-cygwin\jdk8u\hotspot\src\share\vm\prims\jni.cpp, line 709]
Event: 2.541 Thread 0x000000000272d800 Exception <a 'sun/nio/fs/WindowsException'> (0x00000000ff08fb78) thrown at [D:\src\AOSP-openjdk-cygwin\jdk8u\hotspot\src\share\vm\prims\jni.cpp, line 709]
Event: 2.541 Thread 0x000000000272d800 Exception <a 'sun/nio/fs/WindowsException'> (0x00000000ff090050) thrown at [D:\src\AOSP-openjdk-cygwin\jdk8u\hotspot\src\share\vm\prims\jni.cpp, line 709]
Event: 2.570 Thread 0x000000000272d800 Exception <a 'sun/nio/fs/WindowsException'> (0x00000000ff175ca0) thrown at [D:\src\AOSP-openjdk-cygwin\jdk8u\hotspot\src\share\vm\prims\jni.cpp, line 709]
Event: 2.570 Thread 0x000000000272d800 Exception <a 'sun/nio/fs/WindowsException'> (0x00000000ff176178) thrown at [D:\src\AOSP-openjdk-cygwin\jdk8u\hotspot\src\share\vm\prims\jni.cpp, line 709]
Event: 2.593 Thread 0x000000000272d800 Exception <a 'sun/nio/fs/WindowsException'> (0x00000000ff179630) thrown at [D:\src\AOSP-openjdk-cygwin\jdk8u\hotspot\src\share\vm\prims\jni.cpp, line 709]
Event: 2.593 Thread 0x000000000272d800 Exception <a 'sun/nio/fs/WindowsException'> (0x00000000ff179b08) thrown at [D:\src\AOSP-openjdk-cygwin\jdk8u\hotspot\src\share\vm\prims\jni.cpp, line 709]
Event: 3.528 Thread 0x000000000272d800 Exception <a 'sun/nio/fs/WindowsException'> (0x00000000ff779500) thrown at [D:\src\AOSP-openjdk-cygwin\jdk8u\hotspot\src\share\vm\prims\jni.cpp, line 709]
Event: 3.528 Thread 0x000000000272d800 Exception <a 'sun/nio/fs/WindowsException'> (0x00000000ff7799d8) thrown at [D:\src\AOSP-openjdk-cygwin\jdk8u\hotspot\src\share\vm\prims\jni.cpp, line 709]

Events (10 events):
Event: 3.599 Thread 0x000000000272d800 DEOPT PACKING pc=0x0000000002de1c6c sp=0x000000000282e9f0
Event: 3.599 Thread 0x000000000272d800 DEOPT UNPACKING pc=0x000000000297556a sp=0x000000000282e980 mode 2
Event: 3.705 Thread 0x000000000272d800 Uncommon trap: trap_request=0xffffff65 fr.pc=0x0000000002d8f264
Event: 3.705 Thread 0x000000000272d800 DEOPT PACKING pc=0x0000000002d8f264 sp=0x000000000282e740
Event: 3.705 Thread 0x000000000272d800 DEOPT UNPACKING pc=0x000000000297556a sp=0x000000000282e6d0 mode 2
Event: 3.705 Thread 0x000000000272d800 Uncommon trap: trap_request=0xffffff65 fr.pc=0x0000000002daea08
Event: 3.705 Thread 0x000000000272d800 DEOPT PACKING pc=0x0000000002daea08 sp=0x000000000282eae0
Event: 3.705 Thread 0x000000000272d800 DEOPT UNPACKING pc=0x000000000297556a sp=0x000000000282e978 mode 2
Event: 3.708 Executing VM operation: ParallelGCFailedAllocation
Event: 3.872 Executing VM operation: ParallelGCFailedAllocation done


Dynamic libraries:
0x00007ff710140000 - 0x00007ff710171000 	C:\Program Files\Android\Android Studio\jre\bin\java.exe
0x00007ffde28f0000 - 0x00007ffde2ad1000 	C:\WINDOWS\SYSTEM32\ntdll.dll
0x00007ffde1a20000 - 0x00007ffde1ad2000 	C:\WINDOWS\System32\KERNEL32.DLL
0x00007ffddf250000 - 0x00007ffddf4c3000 	C:\WINDOWS\System32\KERNELBASE.dll
0x00007ffde1ae0000 - 0x00007ffde1b81000 	C:\WINDOWS\System32\ADVAPI32.dll
0x00007ffde27f0000 - 0x00007ffde288e000 	C:\WINDOWS\System32\msvcrt.dll
0x00007ffddfda0000 - 0x00007ffddfdfb000 	C:\WINDOWS\System32\sechost.dll
0x00007ffde2010000 - 0x00007ffde2134000 	C:\WINDOWS\System32\RPCRT4.dll
0x00007ffde1e80000 - 0x00007ffde2010000 	C:\WINDOWS\System32\USER32.dll
0x00007ffddf230000 - 0x00007ffddf250000 	C:\WINDOWS\System32\win32u.dll
0x00007ffde1e50000 - 0x00007ffde1e78000 	C:\WINDOWS\System32\GDI32.dll
0x00007ffddfbe0000 - 0x00007ffddfd72000 	C:\WINDOWS\System32\gdi32full.dll
0x00007ffddf030000 - 0x00007ffddf0cf000 	C:\WINDOWS\System32\msvcp_win.dll
0x00007ffddf0d0000 - 0x00007ffddf1ca000 	C:\WINDOWS\System32\ucrtbase.dll
0x00007ffdd1c40000 - 0x00007ffdd1ea9000 	C:\WINDOWS\WinSxS\amd64_microsoft.windows.common-controls_6595b64144ccf1df_6.0.17134.112_none_fb3f961b30681c12\COMCTL32.dll
0x00007ffde16f0000 - 0x00007ffde1a13000 	C:\WINDOWS\System32\combase.dll
0x00007ffddecc0000 - 0x00007ffdded3a000 	C:\WINDOWS\System32\bcryptPrimitives.dll
0x00007ffde2890000 - 0x00007ffde28bd000 	C:\WINDOWS\System32\IMM32.DLL
0x0000000054bd0000 - 0x0000000054ca2000 	C:\Program Files\Android\Android Studio\jre\jre\bin\msvcr100.dll
0x0000000054cb0000 - 0x00000000554ee000 	C:\Program Files\Android\Android Studio\jre\jre\bin\server\jvm.dll
0x00007ffde16e0000 - 0x00007ffde16e8000 	C:\WINDOWS\System32\PSAPI.DLL
0x00007ffdda820000 - 0x00007ffdda829000 	C:\WINDOWS\SYSTEM32\WSOCK32.dll
0x00007ffde1c80000 - 0x00007ffde1cec000 	C:\WINDOWS\System32\WS2_32.dll
0x00007ffddcde0000 - 0x00007ffddce03000 	C:\WINDOWS\SYSTEM32\WINMM.dll
0x00007ffdd57a0000 - 0x00007ffdd57aa000 	C:\WINDOWS\SYSTEM32\VERSION.dll
0x00007ffddcc90000 - 0x00007ffddccba000 	C:\WINDOWS\SYSTEM32\winmmbase.dll
0x00007ffddedf0000 - 0x00007ffddee39000 	C:\WINDOWS\System32\cfgmgr32.dll
0x00007ffdda810000 - 0x00007ffdda81f000 	C:\Program Files\Android\Android Studio\jre\jre\bin\verify.dll
0x00007ffdd62c0000 - 0x00007ffdd62e9000 	C:\Program Files\Android\Android Studio\jre\jre\bin\java.dll
0x00007ffdd65c0000 - 0x00007ffdd65d6000 	C:\Program Files\Android\Android Studio\jre\jre\bin\zip.dll
0x00007ffde00f0000 - 0x00007ffde1530000 	C:\WINDOWS\System32\SHELL32.dll
0x00007ffde2740000 - 0x00007ffde27e9000 	C:\WINDOWS\System32\shcore.dll
0x00007ffddf4d0000 - 0x00007ffddfbdd000 	C:\WINDOWS\System32\windows.storage.dll
0x00007ffde2290000 - 0x00007ffde22e1000 	C:\WINDOWS\System32\shlwapi.dll
0x00007ffddec20000 - 0x00007ffddec31000 	C:\WINDOWS\System32\kernel.appcore.dll
0x00007ffddec50000 - 0x00007ffddec6f000 	C:\WINDOWS\System32\profapi.dll
0x00007ffddec70000 - 0x00007ffddecbc000 	C:\WINDOWS\System32\powrprof.dll
0x00007ffddec40000 - 0x00007ffddec4a000 	C:\WINDOWS\System32\FLTLIB.DLL
0x00007ffdde630000 - 0x00007ffdde647000 	C:\WINDOWS\SYSTEM32\CRYPTSP.dll
0x00007ffdde060000 - 0x00007ffdde093000 	C:\WINDOWS\system32\rsaenh.dll
0x00007ffdde760000 - 0x00007ffdde785000 	C:\WINDOWS\SYSTEM32\bcrypt.dll
0x00007ffddeb00000 - 0x00007ffddeb28000 	C:\WINDOWS\SYSTEM32\USERENV.dll
0x00007ffdde650000 - 0x00007ffdde65b000 	C:\WINDOWS\SYSTEM32\CRYPTBASE.dll
0x00007ffdd62a0000 - 0x00007ffdd62ba000 	C:\Program Files\Android\Android Studio\jre\jre\bin\net.dll
0x00007ffdde480000 - 0x00007ffdde4e6000 	C:\WINDOWS\system32\mswsock.dll
0x00007ffdde200000 - 0x00007ffdde238000 	C:\WINDOWS\SYSTEM32\IPHLPAPI.DLL
0x00007ffde1bf0000 - 0x00007ffde1bf8000 	C:\WINDOWS\System32\NSI.dll
0x00007ffdd7790000 - 0x00007ffdd77a6000 	C:\WINDOWS\SYSTEM32\dhcpcsvc6.DLL
0x00007ffdd6720000 - 0x00007ffdd673a000 	C:\WINDOWS\SYSTEM32\dhcpcsvc.DLL
0x00007ffdd2050000 - 0x00007ffdd2061000 	C:\Program Files\Android\Android Studio\jre\jre\bin\nio.dll

VM Arguments:
jvm_args: -Djava.awt.headless=true -Xmx64M -Dfile.encoding=x-windows-949 -Duser.country=KR -Duser.language=ko -Duser.variant 
java_command: com.google.devtools.build.android.desugar.Desugar @D:\test\app\build\intermediates\tmp\desugar_args350067275617015069
java_class_path (initial): C:\Users\Goo\AppData\Local\Temp\desugar_deploy.jar1444706754105442468
Launcher Type: SUN_STANDARD

Environment Variables:
PATH=C:\ProgramData\Oracle\Java\javapath;C:\WINDOWS\system32;C:\WINDOWS;C:\WINDOWS\System32\Wbem;C:\WINDOWS\System32\WindowsPowerShell\v1.0\;C:\OpenSSL;;C:\WINDOWS\System32\OpenSSH\;C:\Users\Goo\AppData\Local\Microsoft\WindowsApps;
USERNAME=Goo
OS=Windows_NT
PROCESSOR_IDENTIFIER=Intel64 Family 6 Model 158 Stepping 9, GenuineIntel



---------------  S Y S T E M  ---------------

OS: Windows 10.0 , 64 bit Build 17134 (10.0.17134.1)

CPU:total 8 (initial active 8) (4 cores per cpu, 2 threads per core) family 6 model 158 stepping 9, cmov, cx8, fxsr, mmx, sse, sse2, sse3, ssse3, sse4.1, sse4.2, popcnt, avx, avx2, aes, clmul, erms, 3dnowpref, lzcnt, ht, tsc, tscinvbit, bmi1, bmi2, adx

Memory: 4k page, physical 16692940k(3247484k free), swap 16692940k(532k free)

vm_info: OpenJDK 64-Bit Server VM (25.152-b01) for windows-amd64 JRE (1.8.0_152-release-915-b01), built by "builder" with MS VC++ 10.0 (VS2010)

time: Fri Jun 22 19:12:41 2018
elapsed time: 3 seconds (0d 0h 0m 3s)

