#
# There is insufficient memory for the Java Runtime Environment to continue.
# Native memory allocation (malloc) failed to allocate 787696 bytes for Chunk::new
# Possible reasons:
#   The system is out of physical RAM or swap space
#   In 32 bit mode, the process size limit was hit
# Possible solutions:
#   Reduce memory load on the system
#   Increase physical memory or swap space
#   Check if swap backing store is full
#   Use 64 bit Java on a 64 bit OS
#   Decrease Java heap size (-Xmx/-Xms)
#   Decrease number of Java threads
#   Decrease Java thread stack sizes (-Xss)
#   Set larger code cache with -XX:ReservedCodeCacheSize=
# This output file may be truncated or incomplete.
#
#  Out of Memory Error (allocation.cpp:390), pid=4344, tid=0x00000000000019b4
#
# JRE version: OpenJDK Runtime Environment (8.0_152-b01) (build 1.8.0_152-release-915-b01)
# Java VM: OpenJDK 64-Bit Server VM (25.152-b01 mixed mode windows-amd64 compressed oops)
# Failed to write core dump. Minidumps are not enabled by default on client versions of Windows
#

---------------  T H R E A D  ---------------

Current thread (0x00000000151dc000):  JavaThread "C2 CompilerThread0" daemon [_thread_in_native, id=6580, stack(0x0000000015930000,0x0000000015a30000)]

Stack: [0x0000000015930000,0x0000000015a30000]
[error occurred during error reporting (printing stack bounds), id 0xc0000005]

Native frames: (J=compiled Java code, j=interpreted, Vv=VM code, C=native code)


Current CompileTask:
C2:   3963 1233 %     4       org.objectweb.asm.ClassReader::a @ 1480 (3587 bytes)


---------------  P R O C E S S  ---------------

Java Threads: ( => current thread )
  0x000000001523b800 JavaThread "Service Thread" daemon [_thread_blocked, id=11200, stack(0x0000000015d30000,0x0000000015e30000)]
  0x0000000015235800 JavaThread "C1 CompilerThread3" daemon [_thread_blocked, id=4208, stack(0x0000000015c30000,0x0000000015d30000)]
  0x00000000132ad800 JavaThread "C2 CompilerThread2" daemon [_thread_blocked, id=1336, stack(0x0000000015b30000,0x0000000015c30000)]
  0x00000000132aa800 JavaThread "C2 CompilerThread1" daemon [_thread_blocked, id=2108, stack(0x0000000015a30000,0x0000000015b30000)]
=>0x00000000151dc000 JavaThread "C2 CompilerThread0" daemon [_thread_in_native, id=6580, stack(0x0000000015930000,0x0000000015a30000)]
  0x00000000151da800 JavaThread "Attach Listener" daemon [_thread_blocked, id=12820, stack(0x0000000015830000,0x0000000015930000)]
  0x0000000015230000 JavaThread "Signal Dispatcher" daemon [_thread_blocked, id=10060, stack(0x0000000015730000,0x0000000015830000)]
  0x0000000002aee000 JavaThread "Finalizer" daemon [_thread_blocked, id=5104, stack(0x00000000155a0000,0x00000000156a0000)]
  0x0000000002ae7000 JavaThread "Reference Handler" daemon [_thread_blocked, id=12092, stack(0x00000000150a0000,0x00000000151a0000)]
  0x00000000029ed800 JavaThread "main" [_thread_in_native, id=8536, stack(0x0000000002840000,0x0000000002940000)]

Other Threads:
  0x0000000013295000 VMThread [stack: 0x0000000014fa0000,0x00000000150a0000] [id=1332]
  0x000000001523c800 WatcherThread [stack: 0x0000000015e30000,0x0000000015f30000] [id=5480]

VM state:not at safepoint (normal execution)

VM Mutex/Monitor currently owned by a thread: None

Heap:
 PSYoungGen      total 18944K, used 18505K [0x00000000feb00000, 0x0000000100000000, 0x0000000100000000)
  eden space 16384K, 97% used [0x00000000feb00000,0x00000000ffa95c68,0x00000000ffb00000)
  from space 2560K, 99% used [0x00000000ffb00000,0x00000000ffd7cb50,0x00000000ffd80000)
  to   space 2560K, 0% used [0x00000000ffd80000,0x00000000ffd80000,0x0000000100000000)
 ParOldGen       total 44032K, used 7071K [0x00000000fc000000, 0x00000000feb00000, 0x00000000feb00000)
  object space 44032K, 16% used [0x00000000fc000000,0x00000000fc6e7f38,0x00000000feb00000)
 Metaspace       used 7800K, capacity 7970K, committed 8192K, reserved 1056768K
  class space    used 877K, capacity 957K, committed 1024K, reserved 1048576K

Card table byte_map: [0x0000000002940000,0x0000000002970000] byte_map_base: 0x0000000002160000

Marking Bits: (ParMarkBitMap*) 0x00000000673d3950
 Begin Bits: [0x00000000126b0000, 0x00000000127b0000)
 End Bits:   [0x00000000127b0000, 0x00000000128b0000)

Polling page: 0x0000000000b50000

CodeCache: size=245760Kb used=4683Kb max_used=4694Kb free=241076Kb
 bounds [0x0000000002af0000, 0x0000000002f90000, 0x0000000011af0000]
 total_blobs=1571 nmethods=1236 adapters=248
 compilation: enabled

Compilation events (10 events):
Event: 2.984 Thread 0x00000000132aa800 nmethod 1228 0x0000000002f86750 code [0x0000000002f86a60, 0x0000000002f88c98]
Event: 3.795 Thread 0x00000000151dc000 1233 %     4       org.objectweb.asm.ClassReader::a @ 1480 (3587 bytes)
Event: 3.797 Thread 0x00000000132ad800 1234       4       org.objectweb.asm.ByteVector::a (52 bytes)
Event: 3.798 Thread 0x00000000132ad800 nmethod 1234 0x0000000002f5fb90 code [0x0000000002f5fce0, 0x0000000002f5fe48]
Event: 3.799 Thread 0x0000000015235800 1235       3       org.objectweb.asm.tree.MethodNode::visitParameterAnnotation (152 bytes)
Event: 3.799 Thread 0x0000000015235800 nmethod 1235 0x0000000002f5e2d0 code [0x0000000002f5e520, 0x0000000002f5f378]
Event: 3.799 Thread 0x0000000015235800 1236       3       org.objectweb.asm.MethodWriter::visitParameterAnnotation (178 bytes)
Event: 3.800 Thread 0x0000000015235800 nmethod 1236 0x0000000002f66890 code [0x0000000002f66b00, 0x0000000002f67a78]
Event: 3.801 Thread 0x00000000132aa800 1237       4       org.objectweb.asm.MethodVisitor::visitEnd (15 bytes)
Event: 3.801 Thread 0x00000000132aa800 nmethod 1237 0x0000000002f409d0 code [0x0000000002f40b20, 0x0000000002f40bb8]

GC Heap History (6 events):
Event: 0.962 GC heap before
{Heap before GC invocations=1 (full 0):
 PSYoungGen      total 18944K, used 16384K [0x00000000feb00000, 0x0000000100000000, 0x0000000100000000)
  eden space 16384K, 100% used [0x00000000feb00000,0x00000000ffb00000,0x00000000ffb00000)
  from space 2560K, 0% used [0x00000000ffd80000,0x00000000ffd80000,0x0000000100000000)
  to   space 2560K, 0% used [0x00000000ffb00000,0x00000000ffb00000,0x00000000ffd80000)
 ParOldGen       total 44032K, used 0K [0x00000000fc000000, 0x00000000feb00000, 0x00000000feb00000)
  object space 44032K, 0% used [0x00000000fc000000,0x00000000fc000000,0x00000000feb00000)
 Metaspace       used 6618K, capacity 6800K, committed 7040K, reserved 1056768K
  class space    used 773K, capacity 824K, committed 896K, reserved 1048576K
Event: 0.971 GC heap after
Heap after GC invocations=1 (full 0):
 PSYoungGen      total 18944K, used 2537K [0x00000000feb00000, 0x0000000100000000, 0x0000000100000000)
  eden space 16384K, 0% used [0x00000000feb00000,0x00000000feb00000,0x00000000ffb00000)
  from space 2560K, 99% used [0x00000000ffb00000,0x00000000ffd7a620,0x00000000ffd80000)
  to   space 2560K, 0% used [0x00000000ffd80000,0x00000000ffd80000,0x0000000100000000)
 ParOldGen       total 44032K, used 1524K [0x00000000fc000000, 0x00000000feb00000, 0x00000000feb00000)
  object space 44032K, 3% used [0x00000000fc000000,0x00000000fc17d198,0x00000000feb00000)
 Metaspace       used 6618K, capacity 6800K, committed 7040K, reserved 1056768K
  class space    used 773K, capacity 824K, committed 896K, reserved 1048576K
}
Event: 1.328 GC heap before
{Heap before GC invocations=2 (full 0):
 PSYoungGen      total 18944K, used 18921K [0x00000000feb00000, 0x0000000100000000, 0x0000000100000000)
  eden space 16384K, 100% used [0x00000000feb00000,0x00000000ffb00000,0x00000000ffb00000)
  from space 2560K, 99% used [0x00000000ffb00000,0x00000000ffd7a620,0x00000000ffd80000)
  to   space 2560K, 0% used [0x00000000ffd80000,0x00000000ffd80000,0x0000000100000000)
 ParOldGen       total 44032K, used 1524K [0x00000000fc000000, 0x00000000feb00000, 0x00000000feb00000)
  object space 44032K, 3% used [0x00000000fc000000,0x00000000fc17d198,0x00000000feb00000)
 Metaspace       used 6964K, capacity 7106K, committed 7296K, reserved 1056768K
  class space    used 816K, capacity 861K, committed 896K, reserved 1048576K
Event: 1.373 GC heap after
Heap after GC invocations=2 (full 0):
 PSYoungGen      total 18944K, used 2531K [0x00000000feb00000, 0x0000000100000000, 0x0000000100000000)
  eden space 16384K, 0% used [0x00000000feb00000,0x00000000feb00000,0x00000000ffb00000)
  from space 2560K, 98% used [0x00000000ffd80000,0x00000000ffff8df0,0x0000000100000000)
  to   space 2560K, 0% used [0x00000000ffb00000,0x00000000ffb00000,0x00000000ffd80000)
 ParOldGen       total 44032K, used 5973K [0x00000000fc000000, 0x00000000feb00000, 0x00000000feb00000)
  object space 44032K, 13% used [0x00000000fc000000,0x00000000fc5d56e0,0x00000000feb00000)
 Metaspace       used 6964K, capacity 7106K, committed 7296K, reserved 1056768K
  class space    used 816K, capacity 861K, committed 896K, reserved 1048576K
}
Event: 1.731 GC heap before
{Heap before GC invocations=3 (full 0):
 PSYoungGen      total 18944K, used 18915K [0x00000000feb00000, 0x0000000100000000, 0x0000000100000000)
  eden space 16384K, 100% used [0x00000000feb00000,0x00000000ffb00000,0x00000000ffb00000)
  from space 2560K, 98% used [0x00000000ffd80000,0x00000000ffff8df0,0x0000000100000000)
  to   space 2560K, 0% used [0x00000000ffb00000,0x00000000ffb00000,0x00000000ffd80000)
 ParOldGen       total 44032K, used 5973K [0x00000000fc000000, 0x00000000feb00000, 0x00000000feb00000)
  object space 44032K, 13% used [0x00000000fc000000,0x00000000fc5d56e0,0x00000000feb00000)
 Metaspace       used 7689K, capacity 7842K, committed 7936K, reserved 1056768K
  class space    used 875K, capacity 957K, committed 1024K, reserved 1048576K
Event: 1.752 GC heap after
Heap after GC invocations=3 (full 0):
 PSYoungGen      total 18944K, used 2546K [0x00000000feb00000, 0x0000000100000000, 0x0000000100000000)
  eden space 16384K, 0% used [0x00000000feb00000,0x00000000feb00000,0x00000000ffb00000)
  from space 2560K, 99% used [0x00000000ffb00000,0x00000000ffd7cb50,0x00000000ffd80000)
  to   space 2560K, 0% used [0x00000000ffd80000,0x00000000ffd80000,0x0000000100000000)
 ParOldGen       total 44032K, used 7071K [0x00000000fc000000, 0x00000000feb00000, 0x00000000feb00000)
  object space 44032K, 16% used [0x00000000fc000000,0x00000000fc6e7f38,0x00000000feb00000)
 Metaspace       used 7689K, capacity 7842K, committed 7936K, reserved 1056768K
  class space    used 875K, capacity 957K, committed 1024K, reserved 1048576K
}

Deoptimization events (10 events):
Event: 1.762 Thread 0x00000000029ed800 Uncommon trap: reason=bimorphic action=maybe_recompile pc=0x0000000002ea813c method=org.objectweb.asm.MethodVisitor.visitInsn(I)V @ 12
Event: 1.762 Thread 0x00000000029ed800 Uncommon trap: reason=bimorphic action=maybe_recompile pc=0x0000000002ea813c method=org.objectweb.asm.MethodVisitor.visitInsn(I)V @ 12
Event: 1.762 Thread 0x00000000029ed800 Uncommon trap: reason=bimorphic action=maybe_recompile pc=0x0000000002ebb330 method=org.objectweb.asm.MethodVisitor.visitMethodInsn(ILjava/lang/String;Ljava/lang/String;Ljava/lang/String;Z)V @ 64
Event: 1.763 Thread 0x00000000029ed800 Uncommon trap: reason=bimorphic action=maybe_recompile pc=0x0000000002ea813c method=org.objectweb.asm.MethodVisitor.visitInsn(I)V @ 12
Event: 1.763 Thread 0x00000000029ed800 Uncommon trap: reason=unstable_if action=reinterpret pc=0x0000000002ebb178 method=org.objectweb.asm.Type.getArgumentsAndReturnSizes(Ljava/lang/String;)I @ 130
Event: 1.787 Thread 0x00000000029ed800 Uncommon trap: reason=unstable_if action=reinterpret pc=0x0000000002ea8ef4 method=org.objectweb.asm.Type.getArgumentsAndReturnSizes(Ljava/lang/String;)I @ 130
Event: 1.788 Thread 0x00000000029ed800 Uncommon trap: reason=unstable_if action=reinterpret pc=0x0000000002ec2d10 method=org.objectweb.asm.MethodWriter.visitVarInsn(II)V @ 136
Event: 1.788 Thread 0x00000000029ed800 Uncommon trap: reason=unstable_if action=reinterpret pc=0x0000000002ec4620 method=org.objectweb.asm.MethodWriter.visitVarInsn(II)V @ 148
Event: 2.768 Thread 0x00000000029ed800 Uncommon trap: reason=null_check action=make_not_entrant pc=0x0000000002f113dc method=com.google.devtools.build.android.desugar.InterfaceDesugaring$InterfaceInvocationRewriter.visitMethodInsn(ILjava/lang/String;Ljava/lang/String;Ljava/lang/String;Z)V @ 10
Event: 2.799 Thread 0x00000000029ed800 Uncommon trap: reason=unstable_if action=reinterpret pc=0x0000000002efcf24 method=org.objectweb.asm.MethodWriter.visitFieldInsn(ILjava/lang/String;Ljava/lang/String;Ljava/lang/String;)V @ 200

Classes redefined (0 events):
No events

Internal exceptions (10 events):
Event: 1.666 Thread 0x00000000029ed800 Exception <a 'sun/nio/fs/WindowsException'> (0x00000000ff6288b0) thrown at [D:\src\AOSP-openjdk-cygwin\jdk8u\hotspot\src\share\vm\prims\jni.cpp, line 709]
Event: 1.896 Thread 0x00000000029ed800 Exception <a 'sun/nio/fs/WindowsException'> (0x00000000ff08ff60) thrown at [D:\src\AOSP-openjdk-cygwin\jdk8u\hotspot\src\share\vm\prims\jni.cpp, line 709]
Event: 1.944 Thread 0x00000000029ed800 Exception <a 'sun/nio/fs/WindowsException'> (0x00000000ff090438) thrown at [D:\src\AOSP-openjdk-cygwin\jdk8u\hotspot\src\share\vm\prims\jni.cpp, line 709]
Event: 2.159 Thread 0x00000000029ed800 Exception <a 'sun/nio/fs/WindowsException'> (0x00000000ff0938d8) thrown at [D:\src\AOSP-openjdk-cygwin\jdk8u\hotspot\src\share\vm\prims\jni.cpp, line 709]
Event: 2.432 Thread 0x00000000029ed800 Exception <a 'sun/nio/fs/WindowsException'> (0x00000000ff093db0) thrown at [D:\src\AOSP-openjdk-cygwin\jdk8u\hotspot\src\share\vm\prims\jni.cpp, line 709]
Event: 2.702 Thread 0x00000000029ed800 Exception <a 'sun/nio/fs/WindowsException'> (0x00000000ff097250) thrown at [D:\src\AOSP-openjdk-cygwin\jdk8u\hotspot\src\share\vm\prims\jni.cpp, line 709]
Event: 2.752 Thread 0x00000000029ed800 Exception <a 'sun/nio/fs/WindowsException'> (0x00000000ff097728) thrown at [D:\src\AOSP-openjdk-cygwin\jdk8u\hotspot\src\share\vm\prims\jni.cpp, line 709]
Event: 2.768 Thread 0x00000000029ed800 Implicit null exception at 0x0000000002f0e4ee to 0x0000000002f113b5
Event: 3.790 Thread 0x00000000029ed800 Exception <a 'sun/nio/fs/WindowsException'> (0x00000000ff940240) thrown at [D:\src\AOSP-openjdk-cygwin\jdk8u\hotspot\src\share\vm\prims\jni.cpp, line 709]
Event: 3.790 Thread 0x00000000029ed800 Exception <a 'sun/nio/fs/WindowsException'> (0x00000000ff940718) thrown at [D:\src\AOSP-openjdk-cygwin\jdk8u\hotspot\src\share\vm\prims\jni.cpp, line 709]

Events (10 events):
Event: 2.768 Thread 0x00000000029ed800 DEOPT UNPACKING pc=0x0000000002b3556a sp=0x000000000293e7b0 mode 2
Event: 2.799 Thread 0x00000000029ed800 Uncommon trap: trap_request=0xffffff65 fr.pc=0x0000000002efcf24
Event: 2.799 Thread 0x00000000029ed800 DEOPT PACKING pc=0x0000000002efcf24 sp=0x000000000293e7f0
Event: 2.799 Thread 0x00000000029ed800 DEOPT UNPACKING pc=0x0000000002b3556a sp=0x000000000293e730 mode 2
Event: 2.808 Thread 0x00000000029ed800 DEOPT PACKING pc=0x0000000002e40286 sp=0x000000000293e8e0
Event: 2.808 Thread 0x00000000029ed800 DEOPT UNPACKING pc=0x0000000002b375bf sp=0x000000000293e6c0 mode 0
Event: 2.880 Thread 0x00000000029ed800 DEOPT PACKING pc=0x0000000002e2e3b0 sp=0x000000000293e890
Event: 2.880 Thread 0x00000000029ed800 DEOPT UNPACKING pc=0x0000000002b375bf sp=0x000000000293e5b8 mode 0
Event: 3.797 Thread 0x00000000029ed800 DEOPT PACKING pc=0x0000000002ddd9d8 sp=0x000000000293e810
Event: 3.797 Thread 0x00000000029ed800 DEOPT UNPACKING pc=0x0000000002b375bf sp=0x000000000293e7c0 mode 0


Dynamic libraries:
0x00007ff7bef40000 - 0x00007ff7bef71000 	C:\Program Files\Android\Android Studio\jre\bin\java.exe
0x00007ffba9340000 - 0x00007ffba9521000 	C:\WINDOWS\SYSTEM32\ntdll.dll
0x00007ffba6ca0000 - 0x00007ffba6d52000 	C:\WINDOWS\System32\KERNEL32.DLL
0x00007ffba6070000 - 0x00007ffba62e3000 	C:\WINDOWS\System32\KERNELBASE.dll
0x00007ffba9260000 - 0x00007ffba9301000 	C:\WINDOWS\System32\ADVAPI32.dll
0x00007ffba77b0000 - 0x00007ffba784e000 	C:\WINDOWS\System32\msvcrt.dll
0x00007ffba71b0000 - 0x00007ffba720b000 	C:\WINDOWS\System32\sechost.dll
0x00007ffba7580000 - 0x00007ffba76a4000 	C:\WINDOWS\System32\RPCRT4.dll
0x00007ffba7ac0000 - 0x00007ffba7c50000 	C:\WINDOWS\System32\USER32.dll
0x00007ffba5790000 - 0x00007ffba57b0000 	C:\WINDOWS\System32\win32u.dll
0x00007ffba67e0000 - 0x00007ffba6808000 	C:\WINDOWS\System32\GDI32.dll
0x00007ffba6530000 - 0x00007ffba66c2000 	C:\WINDOWS\System32\gdi32full.dll
0x00007ffba5fd0000 - 0x00007ffba606f000 	C:\WINDOWS\System32\msvcp_win.dll
0x00007ffba66d0000 - 0x00007ffba67ca000 	C:\WINDOWS\System32\ucrtbase.dll
0x00007ffb93ad0000 - 0x00007ffb93d39000 	C:\WINDOWS\WinSxS\amd64_microsoft.windows.common-controls_6595b64144ccf1df_6.0.17134.48_none_b4b2216a3cb4dd3e\COMCTL32.dll
0x00007ffba6810000 - 0x00007ffba6b33000 	C:\WINDOWS\System32\combase.dll
0x00007ffba5710000 - 0x00007ffba578a000 	C:\WINDOWS\System32\bcryptPrimitives.dll
0x00007ffba9090000 - 0x00007ffba90bd000 	C:\WINDOWS\System32\IMM32.DLL
0x0000000069530000 - 0x0000000069602000 	C:\Program Files\Android\Android Studio\jre\jre\bin\msvcr100.dll
0x0000000066c10000 - 0x000000006744e000 	C:\Program Files\Android\Android Studio\jre\jre\bin\server\jvm.dll
0x00007ffba91d0000 - 0x00007ffba91d8000 	C:\WINDOWS\System32\PSAPI.DLL
0x00007ffba1d20000 - 0x00007ffba1d29000 	C:\WINDOWS\SYSTEM32\WSOCK32.dll
0x00007ffba7510000 - 0x00007ffba757c000 	C:\WINDOWS\System32\WS2_32.dll
0x00007ffb95780000 - 0x00007ffb957a3000 	C:\WINDOWS\SYSTEM32\WINMM.dll
0x00007ffb9d7c0000 - 0x00007ffb9d7ca000 	C:\WINDOWS\SYSTEM32\VERSION.dll
0x00007ffb95570000 - 0x00007ffb9559a000 	C:\WINDOWS\SYSTEM32\winmmbase.dll
0x00007ffba64e0000 - 0x00007ffba6529000 	C:\WINDOWS\System32\cfgmgr32.dll
0x00007ffba1b20000 - 0x00007ffba1b2f000 	C:\Program Files\Android\Android Studio\jre\jre\bin\verify.dll
0x00007ffb9e9c0000 - 0x00007ffb9e9e9000 	C:\Program Files\Android\Android Studio\jre\jre\bin\java.dll
0x00007ffba1b00000 - 0x00007ffba1b16000 	C:\Program Files\Android\Android Studio\jre\jre\bin\zip.dll
0x00007ffba7c50000 - 0x00007ffba9090000 	C:\WINDOWS\System32\SHELL32.dll
0x00007ffba9120000 - 0x00007ffba91c9000 	C:\WINDOWS\System32\shcore.dll
0x00007ffba58c0000 - 0x00007ffba5fcd000 	C:\WINDOWS\System32\windows.storage.dll
0x00007ffba90c0000 - 0x00007ffba9111000 	C:\WINDOWS\System32\shlwapi.dll
0x00007ffba5680000 - 0x00007ffba5691000 	C:\WINDOWS\System32\kernel.appcore.dll
0x00007ffba56f0000 - 0x00007ffba570f000 	C:\WINDOWS\System32\profapi.dll
0x00007ffba56a0000 - 0x00007ffba56ec000 	C:\WINDOWS\System32\powrprof.dll
0x00007ffba5650000 - 0x00007ffba565a000 	C:\WINDOWS\System32\FLTLIB.DLL
0x00007ffba5080000 - 0x00007ffba5097000 	C:\WINDOWS\SYSTEM32\CRYPTSP.dll
0x00007ffba4ab0000 - 0x00007ffba4ae3000 	C:\WINDOWS\system32\rsaenh.dll
0x00007ffba51b0000 - 0x00007ffba51d5000 	C:\WINDOWS\SYSTEM32\bcrypt.dll
0x00007ffba5580000 - 0x00007ffba55a8000 	C:\WINDOWS\SYSTEM32\USERENV.dll
0x00007ffba50a0000 - 0x00007ffba50ab000 	C:\WINDOWS\SYSTEM32\CRYPTBASE.dll
0x00007ffb9e9a0000 - 0x00007ffb9e9ba000 	C:\Program Files\Android\Android Studio\jre\jre\bin\net.dll
0x00007ffba4ed0000 - 0x00007ffba4f36000 	C:\WINDOWS\system32\mswsock.dll
0x00007ffba4c50000 - 0x00007ffba4c88000 	C:\WINDOWS\SYSTEM32\IPHLPAPI.DLL
0x00007ffba7430000 - 0x00007ffba7438000 	C:\WINDOWS\System32\NSI.dll
0x00007ffb9a1f0000 - 0x00007ffb9a206000 	C:\WINDOWS\SYSTEM32\dhcpcsvc6.DLL
0x00007ffb9a120000 - 0x00007ffb9a13a000 	C:\WINDOWS\SYSTEM32\dhcpcsvc.DLL
0x00007ffb9e900000 - 0x00007ffb9e911000 	C:\Program Files\Android\Android Studio\jre\jre\bin\nio.dll

VM Arguments:
jvm_args: -Djava.awt.headless=true -Xmx64M -Dfile.encoding=x-windows-949 -Duser.country=KR -Duser.language=ko -Duser.variant 
java_command: com.google.devtools.build.android.desugar.Desugar @D:\test\app\build\intermediates\tmp\desugar_args2348745817218529680
java_class_path (initial): C:\Users\Goo\AppData\Local\Temp\desugar_deploy.jar914161806448729915
Launcher Type: SUN_STANDARD

Environment Variables:
PATH=C:\ProgramData\Oracle\Java\javapath;C:\WINDOWS\system32;C:\WINDOWS;C:\WINDOWS\System32\Wbem;C:\WINDOWS\System32\WindowsPowerShell\v1.0\;C:\OpenSSL;;C:\WINDOWS\System32\OpenSSH\;C:\Users\Goo\AppData\Local\Microsoft\WindowsApps;
USERNAME=Goo
OS=Windows_NT
PROCESSOR_IDENTIFIER=Intel64 Family 6 Model 158 Stepping 9, GenuineIntel



---------------  S Y S T E M  ---------------

OS: Windows 10.0 , 64 bit Build 17134 (10.0.17134.1)

CPU:total 8 (initial active 8) (4 cores per cpu, 2 threads per core) family 6 model 158 stepping 9, cmov, cx8, fxsr, mmx, sse, sse2, sse3, ssse3, sse4.1, sse4.2, popcnt, avx, avx2, aes, clmul, erms, 3dnowpref, lzcnt, ht, tsc, tscinvbit, bmi1, bmi2, adx

Memory: 4k page, physical 16692940k(4883940k free), swap 16692940k(1112k free)

vm_info: OpenJDK 64-Bit Server VM (25.152-b01) for windows-amd64 JRE (1.8.0_152-release-915-b01), built by "builder" with MS VC++ 10.0 (VS2010)

time: Sat May 26 18:43:57 2018
elapsed time: 3 seconds (0d 0h 0m 3s)

