#
# There is insufficient memory for the Java Runtime Environment to continue.
# Native memory allocation (malloc) failed to allocate 58256 bytes for Chunk::new
# Possible reasons:
#   The system is out of physical RAM or swap space
#   In 32 bit mode, the process size limit was hit
# Possible solutions:
#   Reduce memory load on the system
#   Increase physical memory or swap space
#   Check if swap backing store is full
#   Use 64 bit Java on a 64 bit OS
#   Decrease Java heap size (-Xmx/-Xms)
#   Decrease number of Java threads
#   Decrease Java thread stack sizes (-Xss)
#   Set larger code cache with -XX:ReservedCodeCacheSize=
# This output file may be truncated or incomplete.
#
#  Out of Memory Error (allocation.cpp:390), pid=252, tid=0x000000000000058c
#
# JRE version: OpenJDK Runtime Environment (8.0_152-b01) (build 1.8.0_152-release-915-b01)
# Java VM: OpenJDK 64-Bit Server VM (25.152-b01 mixed mode windows-amd64 compressed oops)
# Failed to write core dump. Minidumps are not enabled by default on client versions of Windows
#

---------------  T H R E A D  ---------------

Current thread (0x00000000157cb000):  JavaThread "C2 CompilerThread0" daemon [_thread_in_native, id=1420, stack(0x0000000015f20000,0x0000000016020000)]

Stack: [0x0000000015f20000,0x0000000016020000]
[error occurred during error reporting (printing stack bounds), id 0xc0000005]

Native frames: (J=compiled Java code, j=interpreted, Vv=VM code, C=native code)


Current CompileTask:
C2:   1883  848       4       org.objectweb.asm.Item::a (143 bytes)


---------------  P R O C E S S  ---------------

Java Threads: ( => current thread )
  0x000000001587e800 JavaThread "Service Thread" daemon [_thread_blocked, id=12540, stack(0x0000000016320000,0x0000000016420000)]
  0x0000000015872800 JavaThread "C1 CompilerThread3" daemon [_thread_in_native, id=4348, stack(0x0000000016220000,0x0000000016320000)]
  0x0000000015870000 JavaThread "C2 CompilerThread2" daemon [_thread_blocked, id=10268, stack(0x0000000016120000,0x0000000016220000)]
  0x00000000138bc000 JavaThread "C2 CompilerThread1" daemon [_thread_blocked, id=6320, stack(0x0000000016020000,0x0000000016120000)]
=>0x00000000157cb000 JavaThread "C2 CompilerThread0" daemon [_thread_in_native, id=1420, stack(0x0000000015f20000,0x0000000016020000)]
  0x00000000157ca000 JavaThread "Attach Listener" daemon [_thread_blocked, id=3100, stack(0x0000000015e20000,0x0000000015f20000)]
  0x0000000015820000 JavaThread "Signal Dispatcher" daemon [_thread_blocked, id=5780, stack(0x0000000015d20000,0x0000000015e20000)]
  0x00000000157b0800 JavaThread "Finalizer" daemon [_thread_blocked, id=8708, stack(0x0000000015b90000,0x0000000015c90000)]
  0x00000000030f9000 JavaThread "Reference Handler" daemon [_thread_blocked, id=6112, stack(0x0000000015690000,0x0000000015790000)]
  0x0000000002efd800 JavaThread "main" [_thread_in_Java, id=2708, stack(0x0000000002f00000,0x0000000003000000)]

Other Threads:
  0x00000000138a5000 VMThread [stack: 0x0000000015590000,0x0000000015690000] [id=2812]
  0x000000001587f000 WatcherThread [stack: 0x0000000016420000,0x0000000016520000] [id=3176]

VM state:not at safepoint (normal execution)

VM Mutex/Monitor currently owned by a thread: None

Heap:
 PSYoungGen      total 18944K, used 6602K [0x00000000feb00000, 0x0000000100000000, 0x0000000100000000)
  eden space 16384K, 24% used [0x00000000feb00000,0x00000000feef9c90,0x00000000ffb00000)
  from space 2560K, 98% used [0x00000000ffd80000,0x00000000ffff8e30,0x0000000100000000)
  to   space 2560K, 0% used [0x00000000ffb00000,0x00000000ffb00000,0x00000000ffd80000)
 ParOldGen       total 44032K, used 6113K [0x00000000fc000000, 0x00000000feb00000, 0x00000000feb00000)
  object space 44032K, 13% used [0x00000000fc000000,0x00000000fc5f8670,0x00000000feb00000)
 Metaspace       used 7534K, capacity 7714K, committed 7936K, reserved 1056768K
  class space    used 874K, capacity 957K, committed 1024K, reserved 1048576K

Card table byte_map: [0x0000000002e40000,0x0000000002e70000] byte_map_base: 0x0000000002660000

Marking Bits: (ParMarkBitMap*) 0x00000000677e3950
 Begin Bits: [0x0000000012cc0000, 0x0000000012dc0000)
 End Bits:   [0x0000000012dc0000, 0x0000000012ec0000)

Polling page: 0x0000000001190000

CodeCache: size=245760Kb used=3243Kb max_used=3243Kb free=242516Kb
 bounds [0x0000000003100000, 0x0000000003430000, 0x0000000012100000]
 total_blobs=1202 nmethods=868 adapters=248
 compilation: enabled

Compilation events (10 events):
Event: 1.867 Thread 0x0000000015870000  854       4       org.objectweb.asm.ClassReader::readUTF8 (60 bytes)
Event: 1.868 Thread 0x00000000138bc000 nmethod 853 0x0000000003419cd0 code [0x0000000003419e00, 0x0000000003419ed8]
Event: 1.872 Thread 0x00000000138bc000  859       4       org.objectweb.asm.ByteVector::putByte (39 bytes)
Event: 1.873 Thread 0x00000000138bc000 nmethod 859 0x0000000003421590 code [0x00000000034216e0, 0x0000000003421808]
Event: 1.874 Thread 0x0000000015872800 nmethod 849 0x0000000003420810 code [0x00000000034209c0, 0x0000000003420f18]
Event: 1.874 Thread 0x0000000015872800  858       3       java.util.zip.ZipFile::getZipEntry (236 bytes)
Event: 1.874 Thread 0x0000000015872800 nmethod 858 0x000000000341f610 code [0x000000000341f860, 0x00000000034203e8]
Event: 1.874 Thread 0x0000000015872800  856       3       org.objectweb.asm.ClassReader::a (500 bytes)
Event: 1.876 Thread 0x0000000015872800 nmethod 856 0x0000000003421910 code [0x0000000003421b60, 0x0000000003422d48]
Event: 1.876 Thread 0x0000000015872800  852       3       org.objectweb.asm.ByteVector::a (52 bytes)

GC Heap History (4 events):
Event: 1.141 GC heap before
{Heap before GC invocations=1 (full 0):
 PSYoungGen      total 18944K, used 16384K [0x00000000feb00000, 0x0000000100000000, 0x0000000100000000)
  eden space 16384K, 100% used [0x00000000feb00000,0x00000000ffb00000,0x00000000ffb00000)
  from space 2560K, 0% used [0x00000000ffd80000,0x00000000ffd80000,0x0000000100000000)
  to   space 2560K, 0% used [0x00000000ffb00000,0x00000000ffb00000,0x00000000ffd80000)
 ParOldGen       total 44032K, used 0K [0x00000000fc000000, 0x00000000feb00000, 0x00000000feb00000)
  object space 44032K, 0% used [0x00000000fc000000,0x00000000fc000000,0x00000000feb00000)
 Metaspace       used 6604K, capacity 6736K, committed 7040K, reserved 1056768K
  class space    used 774K, capacity 824K, committed 896K, reserved 1048576K
Event: 1.218 GC heap after
Heap after GC invocations=1 (full 0):
 PSYoungGen      total 18944K, used 2547K [0x00000000feb00000, 0x0000000100000000, 0x0000000100000000)
  eden space 16384K, 0% used [0x00000000feb00000,0x00000000feb00000,0x00000000ffb00000)
  from space 2560K, 99% used [0x00000000ffb00000,0x00000000ffd7cc30,0x00000000ffd80000)
  to   space 2560K, 0% used [0x00000000ffd80000,0x00000000ffd80000,0x0000000100000000)
 ParOldGen       total 44032K, used 1620K [0x00000000fc000000, 0x00000000feb00000, 0x00000000feb00000)
  object space 44032K, 3% used [0x00000000fc000000,0x00000000fc195188,0x00000000feb00000)
 Metaspace       used 6604K, capacity 6736K, committed 7040K, reserved 1056768K
  class space    used 774K, capacity 824K, committed 896K, reserved 1048576K
}
Event: 1.578 GC heap before
{Heap before GC invocations=2 (full 0):
 PSYoungGen      total 18944K, used 18931K [0x00000000feb00000, 0x0000000100000000, 0x0000000100000000)
  eden space 16384K, 100% used [0x00000000feb00000,0x00000000ffb00000,0x00000000ffb00000)
  from space 2560K, 99% used [0x00000000ffb00000,0x00000000ffd7cc30,0x00000000ffd80000)
  to   space 2560K, 0% used [0x00000000ffd80000,0x00000000ffd80000,0x0000000100000000)
 ParOldGen       total 44032K, used 1620K [0x00000000fc000000, 0x00000000feb00000, 0x00000000feb00000)
  object space 44032K, 3% used [0x00000000fc000000,0x00000000fc195188,0x00000000feb00000)
 Metaspace       used 6950K, capacity 7106K, committed 7296K, reserved 1056768K
  class space    used 816K, capacity 861K, committed 896K, reserved 1048576K
Event: 1.610 GC heap after
Heap after GC invocations=2 (full 0):
 PSYoungGen      total 18944K, used 2531K [0x00000000feb00000, 0x0000000100000000, 0x0000000100000000)
  eden space 16384K, 0% used [0x00000000feb00000,0x00000000feb00000,0x00000000ffb00000)
  from space 2560K, 98% used [0x00000000ffd80000,0x00000000ffff8e30,0x0000000100000000)
  to   space 2560K, 0% used [0x00000000ffb00000,0x00000000ffb00000,0x00000000ffd80000)
 ParOldGen       total 44032K, used 6113K [0x00000000fc000000, 0x00000000feb00000, 0x00000000feb00000)
  object space 44032K, 13% used [0x00000000fc000000,0x00000000fc5f8670,0x00000000feb00000)
 Metaspace       used 6950K, capacity 7106K, committed 7296K, reserved 1056768K
  class space    used 816K, capacity 861K, committed 896K, reserved 1048576K
}

Deoptimization events (10 events):
Event: 1.105 Thread 0x0000000002efd800 Uncommon trap: reason=unstable_if action=reinterpret pc=0x00000000033348c0 method=java.util.zip.ZipCoder.decoder()Ljava/nio/charset/CharsetDecoder; @ 4
Event: 1.105 Thread 0x0000000002efd800 Uncommon trap: reason=unstable_if action=reinterpret pc=0x000000000331f318 method=java.util.zip.ZipEntry.setExtra0([BZ)V @ 1
Event: 1.109 Thread 0x0000000002efd800 Uncommon trap: reason=unstable_if action=reinterpret pc=0x00000000033321b8 method=java.util.zip.ZipCoder.decoder()Ljava/nio/charset/CharsetDecoder; @ 4
Event: 1.111 Thread 0x0000000002efd800 Uncommon trap: reason=unstable_if action=reinterpret pc=0x000000000333736c method=java.util.zip.ZipCoder.decoder()Ljava/nio/charset/CharsetDecoder; @ 4
Event: 1.256 Thread 0x0000000002efd800 Uncommon trap: reason=unstable_if action=reinterpret pc=0x0000000003341c48 method=java.util.HashMap$HashIterator.nextNode()Ljava/util/HashMap$Node; @ 74
Event: 1.272 Thread 0x0000000002efd800 Uncommon trap: reason=unstable_if action=reinterpret pc=0x000000000332c658 method=java.util.zip.ZipFile.getZipEntry(Ljava/lang/String;J)Ljava/util/zip/ZipEntry; @ 19
Event: 1.382 Thread 0x0000000002efd800 Uncommon trap: reason=unstable_if action=reinterpret pc=0x0000000003342148 method=java.util.HashMap$HashIterator.nextNode()Ljava/util/HashMap$Node; @ 74
Event: 1.522 Thread 0x0000000002efd800 Uncommon trap: reason=unloaded action=reinterpret pc=0x000000000332d37c method=java.util.zip.ZipEntry.setExtra0([BZ)V @ 37
Event: 1.694 Thread 0x0000000002efd800 Uncommon trap: reason=unstable_if action=reinterpret pc=0x00000000032a4e38 method=java.lang.String.<init>([CII)V @ 18
Event: 1.824 Thread 0x0000000002efd800 Uncommon trap: reason=unstable_if action=reinterpret pc=0x00000000033d9528 method=org.objectweb.asm.ClassReader.readUTF8(I[C)Ljava/lang/String; @ 11

Classes redefined (0 events):
No events

Internal exceptions (10 events):
Event: 1.629 Thread 0x0000000002efd800 Exception <a 'sun/nio/fs/WindowsException'> (0x00000000feb7d6a0) thrown at [D:\src\AOSP-openjdk-cygwin\jdk8u\hotspot\src\share\vm\prims\jni.cpp, line 709]
Event: 1.630 Thread 0x0000000002efd800 Exception <a 'sun/nio/fs/WindowsException'> (0x00000000feb7db78) thrown at [D:\src\AOSP-openjdk-cygwin\jdk8u\hotspot\src\share\vm\prims\jni.cpp, line 709]
Event: 1.733 Thread 0x0000000002efd800 Exception <a 'sun/nio/fs/WindowsException'> (0x00000000fed7b018) thrown at [D:\src\AOSP-openjdk-cygwin\jdk8u\hotspot\src\share\vm\prims\jni.cpp, line 709]
Event: 1.733 Thread 0x0000000002efd800 Exception <a 'sun/nio/fs/WindowsException'> (0x00000000fed7b4f0) thrown at [D:\src\AOSP-openjdk-cygwin\jdk8u\hotspot\src\share\vm\prims\jni.cpp, line 709]
Event: 1.757 Thread 0x0000000002efd800 Exception <a 'sun/nio/fs/WindowsException'> (0x00000000fed7e9b0) thrown at [D:\src\AOSP-openjdk-cygwin\jdk8u\hotspot\src\share\vm\prims\jni.cpp, line 709]
Event: 1.757 Thread 0x0000000002efd800 Exception <a 'sun/nio/fs/WindowsException'> (0x00000000fed7ee88) thrown at [D:\src\AOSP-openjdk-cygwin\jdk8u\hotspot\src\share\vm\prims\jni.cpp, line 709]
Event: 1.788 Thread 0x0000000002efd800 Exception <a 'sun/nio/fs/WindowsException'> (0x00000000fed82340) thrown at [D:\src\AOSP-openjdk-cygwin\jdk8u\hotspot\src\share\vm\prims\jni.cpp, line 709]
Event: 1.788 Thread 0x0000000002efd800 Exception <a 'sun/nio/fs/WindowsException'> (0x00000000fed82818) thrown at [D:\src\AOSP-openjdk-cygwin\jdk8u\hotspot\src\share\vm\prims\jni.cpp, line 709]
Event: 1.836 Thread 0x0000000002efd800 Exception <a 'sun/nio/fs/WindowsException'> (0x00000000fedc1c20) thrown at [D:\src\AOSP-openjdk-cygwin\jdk8u\hotspot\src\share\vm\prims\jni.cpp, line 709]
Event: 1.836 Thread 0x0000000002efd800 Exception <a 'sun/nio/fs/WindowsException'> (0x00000000fedc20f8) thrown at [D:\src\AOSP-openjdk-cygwin\jdk8u\hotspot\src\share\vm\prims\jni.cpp, line 709]

Events (10 events):
Event: 1.823 loading class org/objectweb/asm/tree/LocalVariableNode done
Event: 1.824 Thread 0x0000000002efd800 Uncommon trap: trap_request=0xffffff65 fr.pc=0x00000000033d9528
Event: 1.824 Thread 0x0000000002efd800 DEOPT PACKING pc=0x00000000033d9528 sp=0x0000000002ffec70
Event: 1.824 Thread 0x0000000002efd800 DEOPT UNPACKING pc=0x000000000314556a sp=0x0000000002ffec68 mode 2
Event: 1.871 loading class com/google/devtools/build/android/desugar/FieldInfo
Event: 1.871 loading class com/google/devtools/build/android/desugar/FieldInfo done
Event: 1.871 loading class com/google/devtools/build/android/desugar/AutoValue_FieldInfo
Event: 1.871 loading class com/google/devtools/build/android/desugar/AutoValue_FieldInfo done
Event: 1.872 loading class com/google/devtools/build/android/desugar/Java7Compatibility$InlineOneMethod
Event: 1.872 loading class com/google/devtools/build/android/desugar/Java7Compatibility$InlineOneMethod done


Dynamic libraries:
0x00007ff708150000 - 0x00007ff708181000 	C:\Program Files\Android\Android Studio\jre\bin\java.exe
0x00007ffba9340000 - 0x00007ffba9521000 	C:\WINDOWS\SYSTEM32\ntdll.dll
0x00007ffba6ca0000 - 0x00007ffba6d52000 	C:\WINDOWS\System32\KERNEL32.DLL
0x00007ffba6070000 - 0x00007ffba62e3000 	C:\WINDOWS\System32\KERNELBASE.dll
0x00007ffba9260000 - 0x00007ffba9301000 	C:\WINDOWS\System32\ADVAPI32.dll
0x00007ffba77b0000 - 0x00007ffba784e000 	C:\WINDOWS\System32\msvcrt.dll
0x00007ffba71b0000 - 0x00007ffba720b000 	C:\WINDOWS\System32\sechost.dll
0x00007ffba7580000 - 0x00007ffba76a4000 	C:\WINDOWS\System32\RPCRT4.dll
0x00007ffba7ac0000 - 0x00007ffba7c50000 	C:\WINDOWS\System32\USER32.dll
0x00007ffba5790000 - 0x00007ffba57b0000 	C:\WINDOWS\System32\win32u.dll
0x00007ffba67e0000 - 0x00007ffba6808000 	C:\WINDOWS\System32\GDI32.dll
0x00007ffba6530000 - 0x00007ffba66c2000 	C:\WINDOWS\System32\gdi32full.dll
0x00007ffba5fd0000 - 0x00007ffba606f000 	C:\WINDOWS\System32\msvcp_win.dll
0x00007ffba66d0000 - 0x00007ffba67ca000 	C:\WINDOWS\System32\ucrtbase.dll
0x00007ffb93ad0000 - 0x00007ffb93d39000 	C:\WINDOWS\WinSxS\amd64_microsoft.windows.common-controls_6595b64144ccf1df_6.0.17134.48_none_b4b2216a3cb4dd3e\COMCTL32.dll
0x00007ffba6810000 - 0x00007ffba6b33000 	C:\WINDOWS\System32\combase.dll
0x00007ffba5710000 - 0x00007ffba578a000 	C:\WINDOWS\System32\bcryptPrimitives.dll
0x00007ffba9090000 - 0x00007ffba90bd000 	C:\WINDOWS\System32\IMM32.DLL
0x0000000067b70000 - 0x0000000067c42000 	C:\Program Files\Android\Android Studio\jre\jre\bin\msvcr100.dll
0x0000000067020000 - 0x000000006785e000 	C:\Program Files\Android\Android Studio\jre\jre\bin\server\jvm.dll
0x00007ffba91d0000 - 0x00007ffba91d8000 	C:\WINDOWS\System32\PSAPI.DLL
0x00007ffb95780000 - 0x00007ffb957a3000 	C:\WINDOWS\SYSTEM32\WINMM.dll
0x00007ffb9d7c0000 - 0x00007ffb9d7ca000 	C:\WINDOWS\SYSTEM32\VERSION.dll
0x00007ffba39e0000 - 0x00007ffba39e9000 	C:\WINDOWS\SYSTEM32\WSOCK32.dll
0x00007ffba7510000 - 0x00007ffba757c000 	C:\WINDOWS\System32\WS2_32.dll
0x00007ffb95570000 - 0x00007ffb9559a000 	C:\WINDOWS\SYSTEM32\winmmbase.dll
0x00007ffba64e0000 - 0x00007ffba6529000 	C:\WINDOWS\System32\cfgmgr32.dll
0x00007ffba0860000 - 0x00007ffba086f000 	C:\Program Files\Android\Android Studio\jre\jre\bin\verify.dll
0x00007ffb9d7f0000 - 0x00007ffb9d819000 	C:\Program Files\Android\Android Studio\jre\jre\bin\java.dll
0x00007ffba0840000 - 0x00007ffba0856000 	C:\Program Files\Android\Android Studio\jre\jre\bin\zip.dll
0x00007ffba7c50000 - 0x00007ffba9090000 	C:\WINDOWS\System32\SHELL32.dll
0x00007ffba9120000 - 0x00007ffba91c9000 	C:\WINDOWS\System32\shcore.dll
0x00007ffba58c0000 - 0x00007ffba5fcd000 	C:\WINDOWS\System32\windows.storage.dll
0x00007ffba90c0000 - 0x00007ffba9111000 	C:\WINDOWS\System32\shlwapi.dll
0x00007ffba5680000 - 0x00007ffba5691000 	C:\WINDOWS\System32\kernel.appcore.dll
0x00007ffba56f0000 - 0x00007ffba570f000 	C:\WINDOWS\System32\profapi.dll
0x00007ffba56a0000 - 0x00007ffba56ec000 	C:\WINDOWS\System32\powrprof.dll
0x00007ffba5650000 - 0x00007ffba565a000 	C:\WINDOWS\System32\FLTLIB.DLL
0x00007ffba5080000 - 0x00007ffba5097000 	C:\WINDOWS\SYSTEM32\CRYPTSP.dll
0x00007ffba4ab0000 - 0x00007ffba4ae3000 	C:\WINDOWS\system32\rsaenh.dll
0x00007ffba51b0000 - 0x00007ffba51d5000 	C:\WINDOWS\SYSTEM32\bcrypt.dll
0x00007ffba5580000 - 0x00007ffba55a8000 	C:\WINDOWS\SYSTEM32\USERENV.dll
0x00007ffba50a0000 - 0x00007ffba50ab000 	C:\WINDOWS\SYSTEM32\CRYPTBASE.dll
0x00007ffb9e480000 - 0x00007ffb9e49a000 	C:\Program Files\Android\Android Studio\jre\jre\bin\net.dll
0x00007ffba4ed0000 - 0x00007ffba4f36000 	C:\WINDOWS\system32\mswsock.dll
0x00007ffba4c50000 - 0x00007ffba4c88000 	C:\WINDOWS\SYSTEM32\IPHLPAPI.DLL
0x00007ffba7430000 - 0x00007ffba7438000 	C:\WINDOWS\System32\NSI.dll
0x00007ffb9a1f0000 - 0x00007ffb9a206000 	C:\WINDOWS\SYSTEM32\dhcpcsvc6.DLL
0x00007ffb9a120000 - 0x00007ffb9a13a000 	C:\WINDOWS\SYSTEM32\dhcpcsvc.DLL
0x00007ffb9d970000 - 0x00007ffb9d981000 	C:\Program Files\Android\Android Studio\jre\jre\bin\nio.dll

VM Arguments:
jvm_args: -Djava.awt.headless=true -Xmx64M -Dfile.encoding=x-windows-949 -Duser.country=KR -Duser.language=ko -Duser.variant 
java_command: com.google.devtools.build.android.desugar.Desugar @D:\test\app\build\intermediates\tmp\desugar_args4436113211276751229
java_class_path (initial): C:\Users\Goo\AppData\Local\Temp\desugar_deploy.jar7068671870238761673
Launcher Type: SUN_STANDARD

Environment Variables:
PATH=C:\ProgramData\Oracle\Java\javapath;C:\WINDOWS\system32;C:\WINDOWS;C:\WINDOWS\System32\Wbem;C:\WINDOWS\System32\WindowsPowerShell\v1.0\;C:\OpenSSL;;C:\WINDOWS\System32\OpenSSH\;C:\Users\Goo\AppData\Local\Microsoft\WindowsApps;
USERNAME=Goo
OS=Windows_NT
PROCESSOR_IDENTIFIER=Intel64 Family 6 Model 158 Stepping 9, GenuineIntel



---------------  S Y S T E M  ---------------

OS: Windows 10.0 , 64 bit Build 17134 (10.0.17134.1)

CPU:total 8 (initial active 8) (4 cores per cpu, 2 threads per core) family 6 model 158 stepping 9, cmov, cx8, fxsr, mmx, sse, sse2, sse3, ssse3, sse4.1, sse4.2, popcnt, avx, avx2, aes, clmul, erms, 3dnowpref, lzcnt, ht, tsc, tscinvbit, bmi1, bmi2, adx

Memory: 4k page, physical 16692940k(4627280k free), swap 16692940k(3576k free)

vm_info: OpenJDK 64-Bit Server VM (25.152-b01) for windows-amd64 JRE (1.8.0_152-release-915-b01), built by "builder" with MS VC++ 10.0 (VS2010)

time: Wed May 23 19:36:13 2018
elapsed time: 1 seconds (0d 0h 0m 1s)

