#
# There is insufficient memory for the Java Runtime Environment to continue.
# Native memory allocation (malloc) failed to allocate 1485136 bytes for Chunk::new
# Possible reasons:
#   The system is out of physical RAM or swap space
#   In 32 bit mode, the process size limit was hit
# Possible solutions:
#   Reduce memory load on the system
#   Increase physical memory or swap space
#   Check if swap backing store is full
#   Use 64 bit Java on a 64 bit OS
#   Decrease Java heap size (-Xmx/-Xms)
#   Decrease number of Java threads
#   Decrease Java thread stack sizes (-Xss)
#   Set larger code cache with -XX:ReservedCodeCacheSize=
# This output file may be truncated or incomplete.
#
#  Out of Memory Error (allocation.cpp:390), pid=12548, tid=0x0000000000000020
#
# JRE version: OpenJDK Runtime Environment (8.0_152-b01) (build 1.8.0_152-release-915-b01)
# Java VM: OpenJDK 64-Bit Server VM (25.152-b01 mixed mode windows-amd64 compressed oops)
# Failed to write core dump. Minidumps are not enabled by default on client versions of Windows
#

---------------  T H R E A D  ---------------

Current thread (0x00000000153d0000):  JavaThread "C2 CompilerThread0" daemon [_thread_in_native, id=32, stack(0x0000000015a40000,0x0000000015b40000)]

Stack: [0x0000000015a40000,0x0000000015b40000]
[error occurred during error reporting (printing stack bounds), id 0xc0000005]

Native frames: (J=compiled Java code, j=interpreted, Vv=VM code, C=native code)


Current CompileTask:
C2:   4883 1064 %     4       org.objectweb.asm.ClassReader::a @ 74 (3587 bytes)


---------------  P R O C E S S  ---------------

Java Threads: ( => current thread )
  0x0000000015457000 JavaThread "Service Thread" daemon [_thread_blocked, id=2312, stack(0x0000000015e40000,0x0000000015f40000)]
  0x00000000153f7000 JavaThread "C1 CompilerThread3" daemon [_thread_blocked, id=8972, stack(0x0000000015d40000,0x0000000015e40000)]
  0x00000000153d1000 JavaThread "C2 CompilerThread2" daemon [_thread_blocked, id=8616, stack(0x0000000015c40000,0x0000000015d40000)]
  0x000000001346b800 JavaThread "C2 CompilerThread1" daemon [_thread_blocked, id=8688, stack(0x0000000015b40000,0x0000000015c40000)]
=>0x00000000153d0000 JavaThread "C2 CompilerThread0" daemon [_thread_in_native, id=32, stack(0x0000000015a40000,0x0000000015b40000)]
  0x00000000153ce800 JavaThread "Attach Listener" daemon [_thread_blocked, id=6324, stack(0x0000000015940000,0x0000000015a40000)]
  0x000000001537b000 JavaThread "Signal Dispatcher" daemon [_thread_blocked, id=7032, stack(0x0000000015840000,0x0000000015940000)]
  0x0000000002cae000 JavaThread "Finalizer" daemon [_thread_blocked, id=12936, stack(0x0000000015740000,0x0000000015840000)]
  0x0000000002ca7000 JavaThread "Reference Handler" daemon [_thread_blocked, id=7880, stack(0x0000000015240000,0x0000000015340000)]
  0x000000000269d800 JavaThread "main" [_thread_in_native, id=4696, stack(0x0000000002ab0000,0x0000000002bb0000)]

Other Threads:
  0x0000000013455800 VMThread [stack: 0x0000000015140000,0x0000000015240000] [id=7824]
  0x0000000015457800 WatcherThread [stack: 0x0000000015f40000,0x0000000016040000] [id=4976]

VM state:not at safepoint (normal execution)

VM Mutex/Monitor currently owned by a thread: None

Heap:
 PSYoungGen      total 18944K, used 7508K [0x00000000feb00000, 0x0000000100000000, 0x0000000100000000)
  eden space 16384K, 30% used [0x00000000feb00000,0x00000000fefd6da8,0x00000000ffb00000)
  from space 2560K, 99% used [0x00000000ffb00000,0x00000000ffd7e4e0,0x00000000ffd80000)
  to   space 2560K, 0% used [0x00000000ffd80000,0x00000000ffd80000,0x0000000100000000)
 ParOldGen       total 44032K, used 7180K [0x00000000fc000000, 0x00000000feb00000, 0x00000000feb00000)
  object space 44032K, 16% used [0x00000000fc000000,0x00000000fc703348,0x00000000feb00000)
 Metaspace       used 7693K, capacity 7842K, committed 7936K, reserved 1056768K
  class space    used 875K, capacity 957K, committed 1024K, reserved 1048576K

Card table byte_map: [0x0000000002600000,0x0000000002630000] byte_map_base: 0x0000000001e20000

Marking Bits: (ParMarkBitMap*) 0x000000005d303950
 Begin Bits: [0x0000000012870000, 0x0000000012970000)
 End Bits:   [0x0000000012970000, 0x0000000012a70000)

Polling page: 0x00000000025d0000

CodeCache: size=245760Kb used=4350Kb max_used=4381Kb free=241409Kb
 bounds [0x0000000002cb0000, 0x0000000003100000, 0x0000000011cb0000]
 total_blobs=1419 nmethods=1085 adapters=248
 compilation: enabled

Compilation events (10 events):
Event: 4.557 Thread 0x00000000153f7000 nmethod 1081 0x00000000030d7810 code [0x00000000030d7980, 0x00000000030d7bb8]
Event: 4.557 Thread 0x00000000153f7000 1083       3       java.util.HashMap::entrySet (27 bytes)
Event: 4.559 Thread 0x000000001346b800 nmethod 1082 0x000000000302fd50 code [0x000000000302fe80, 0x000000000302ff18]
Event: 4.559 Thread 0x00000000153d1000 1085       4       org.objectweb.asm.tree.MethodNode::getLabelNode (29 bytes)
Event: 4.559 Thread 0x00000000153f7000 nmethod 1083 0x00000000030d7110 code [0x00000000030d72a0, 0x00000000030d7650]
Event: 4.559 Thread 0x00000000153f7000 1084       3       java.util.HashMap$EntrySet::iterator (12 bytes)
Event: 4.559 Thread 0x00000000153f7000 nmethod 1084 0x00000000030d6c50 code [0x00000000030d6dc0, 0x00000000030d7028]
Event: 4.560 Thread 0x00000000153f7000 1086       3       java.util.Vector::elementData (7 bytes)
Event: 4.560 Thread 0x00000000153f7000 nmethod 1086 0x00000000030d6890 code [0x00000000030d69e0, 0x00000000030d6b50]
Event: 4.560 Thread 0x00000000153d1000 nmethod 1085 0x00000000030d4fd0 code [0x00000000030d5120, 0x00000000030d5278]

GC Heap History (6 events):
Event: 1.209 GC heap before
{Heap before GC invocations=1 (full 0):
 PSYoungGen      total 18944K, used 16384K [0x00000000feb00000, 0x0000000100000000, 0x0000000100000000)
  eden space 16384K, 100% used [0x00000000feb00000,0x00000000ffb00000,0x00000000ffb00000)
  from space 2560K, 0% used [0x00000000ffd80000,0x00000000ffd80000,0x0000000100000000)
  to   space 2560K, 0% used [0x00000000ffb00000,0x00000000ffb00000,0x00000000ffd80000)
 ParOldGen       total 44032K, used 0K [0x00000000fc000000, 0x00000000feb00000, 0x00000000feb00000)
  object space 44032K, 0% used [0x00000000fc000000,0x00000000fc000000,0x00000000feb00000)
 Metaspace       used 6618K, capacity 6800K, committed 7040K, reserved 1056768K
  class space    used 773K, capacity 824K, committed 896K, reserved 1048576K
Event: 1.228 GC heap after
Heap after GC invocations=1 (full 0):
 PSYoungGen      total 18944K, used 2537K [0x00000000feb00000, 0x0000000100000000, 0x0000000100000000)
  eden space 16384K, 0% used [0x00000000feb00000,0x00000000feb00000,0x00000000ffb00000)
  from space 2560K, 99% used [0x00000000ffb00000,0x00000000ffd7a620,0x00000000ffd80000)
  to   space 2560K, 0% used [0x00000000ffd80000,0x00000000ffd80000,0x0000000100000000)
 ParOldGen       total 44032K, used 1564K [0x00000000fc000000, 0x00000000feb00000, 0x00000000feb00000)
  object space 44032K, 3% used [0x00000000fc000000,0x00000000fc1872e0,0x00000000feb00000)
 Metaspace       used 6618K, capacity 6800K, committed 7040K, reserved 1056768K
  class space    used 773K, capacity 824K, committed 896K, reserved 1048576K
}
Event: 1.793 GC heap before
{Heap before GC invocations=2 (full 0):
 PSYoungGen      total 18944K, used 18921K [0x00000000feb00000, 0x0000000100000000, 0x0000000100000000)
  eden space 16384K, 100% used [0x00000000feb00000,0x00000000ffb00000,0x00000000ffb00000)
  from space 2560K, 99% used [0x00000000ffb00000,0x00000000ffd7a620,0x00000000ffd80000)
  to   space 2560K, 0% used [0x00000000ffd80000,0x00000000ffd80000,0x0000000100000000)
 ParOldGen       total 44032K, used 1564K [0x00000000fc000000, 0x00000000feb00000, 0x00000000feb00000)
  object space 44032K, 3% used [0x00000000fc000000,0x00000000fc1872e0,0x00000000feb00000)
 Metaspace       used 6964K, capacity 7106K, committed 7296K, reserved 1056768K
  class space    used 816K, capacity 861K, committed 896K, reserved 1048576K
Event: 1.823 GC heap after
Heap after GC invocations=2 (full 0):
 PSYoungGen      total 18944K, used 2547K [0x00000000feb00000, 0x0000000100000000, 0x0000000100000000)
  eden space 16384K, 0% used [0x00000000feb00000,0x00000000feb00000,0x00000000ffb00000)
  from space 2560K, 99% used [0x00000000ffd80000,0x00000000ffffce00,0x0000000100000000)
  to   space 2560K, 0% used [0x00000000ffb00000,0x00000000ffb00000,0x00000000ffd80000)
 ParOldGen       total 44032K, used 5889K [0x00000000fc000000, 0x00000000feb00000, 0x00000000feb00000)
  object space 44032K, 13% used [0x00000000fc000000,0x00000000fc5c07e8,0x00000000feb00000)
 Metaspace       used 6964K, capacity 7106K, committed 7296K, reserved 1056768K
  class space    used 816K, capacity 861K, committed 896K, reserved 1048576K
}
Event: 3.197 GC heap before
{Heap before GC invocations=3 (full 0):
 PSYoungGen      total 18944K, used 18931K [0x00000000feb00000, 0x0000000100000000, 0x0000000100000000)
  eden space 16384K, 100% used [0x00000000feb00000,0x00000000ffb00000,0x00000000ffb00000)
  from space 2560K, 99% used [0x00000000ffd80000,0x00000000ffffce00,0x0000000100000000)
  to   space 2560K, 0% used [0x00000000ffb00000,0x00000000ffb00000,0x00000000ffd80000)
 ParOldGen       total 44032K, used 5889K [0x00000000fc000000, 0x00000000feb00000, 0x00000000feb00000)
  object space 44032K, 13% used [0x00000000fc000000,0x00000000fc5c07e8,0x00000000feb00000)
 Metaspace       used 7677K, capacity 7842K, committed 7936K, reserved 1056768K
  class space    used 875K, capacity 957K, committed 1024K, reserved 1048576K
Event: 3.621 GC heap after
Heap after GC invocations=3 (full 0):
 PSYoungGen      total 18944K, used 2553K [0x00000000feb00000, 0x0000000100000000, 0x0000000100000000)
  eden space 16384K, 0% used [0x00000000feb00000,0x00000000feb00000,0x00000000ffb00000)
  from space 2560K, 99% used [0x00000000ffb00000,0x00000000ffd7e4e0,0x00000000ffd80000)
  to   space 2560K, 0% used [0x00000000ffd80000,0x00000000ffd80000,0x0000000100000000)
 ParOldGen       total 44032K, used 7180K [0x00000000fc000000, 0x00000000feb00000, 0x00000000feb00000)
  object space 44032K, 16% used [0x00000000fc000000,0x00000000fc703348,0x00000000feb00000)
 Metaspace       used 7677K, capacity 7842K, committed 7936K, reserved 1056768K
  class space    used 875K, capacity 957K, committed 1024K, reserved 1048576K
}

Deoptimization events (10 events):
Event: 1.329 Thread 0x000000000269d800 Uncommon trap: reason=unstable_if action=reinterpret pc=0x0000000002ef4888 method=java.util.HashMap$HashIterator.nextNode()Ljava/util/HashMap$Node; @ 74
Event: 1.400 Thread 0x000000000269d800 Uncommon trap: reason=unstable_if action=reinterpret pc=0x0000000002ed4998 method=java.util.zip.ZipFile.getZipEntry(Ljava/lang/String;J)Ljava/util/zip/ZipEntry; @ 19
Event: 1.468 Thread 0x000000000269d800 Uncommon trap: reason=unstable_if action=reinterpret pc=0x0000000002ef4d88 method=java.util.HashMap$HashIterator.nextNode()Ljava/util/HashMap$Node; @ 74
Event: 1.684 Thread 0x000000000269d800 Uncommon trap: reason=unloaded action=reinterpret pc=0x0000000002ed5ebc method=java.util.zip.ZipEntry.setExtra0([BZ)V @ 37
Event: 1.948 Thread 0x000000000269d800 Uncommon trap: reason=unstable_if action=reinterpret pc=0x0000000002e5a738 method=java.lang.String.<init>([CII)V @ 18
Event: 2.964 Thread 0x000000000269d800 Uncommon trap: reason=unstable_if action=reinterpret pc=0x0000000003054f58 method=org.objectweb.asm.Type.getArgumentsAndReturnSizes(Ljava/lang/String;)I @ 130
Event: 2.964 Thread 0x000000000269d800 Uncommon trap: reason=unstable_if action=reinterpret pc=0x00000000030125dc method=org.objectweb.asm.Type.getArgumentsAndReturnSizes(Ljava/lang/String;)I @ 130
Event: 3.745 Thread 0x000000000269d800 Uncommon trap: reason=unstable_if action=reinterpret pc=0x00000000030654f4 method=org.objectweb.asm.tree.MethodNode.getLabelNodes([Ljava/lang/Object;)[Ljava/lang/Object; @ 24
Event: 4.522 Thread 0x000000000269d800 Uncommon trap: reason=null_check action=make_not_entrant pc=0x00000000030b4930 method=com.google.devtools.build.android.desugar.InterfaceDesugaring$InterfaceInvocationRewriter.visitMethodInsn(ILjava/lang/String;Ljava/lang/String;Ljava/lang/String;Z)V @ 10
Event: 4.522 Thread 0x000000000269d800 Uncommon trap: reason=null_check action=make_not_entrant pc=0x00000000030a2b44 method=com.google.devtools.build.android.desugar.InterfaceDesugaring$InterfaceInvocationRewriter.visitMethodInsn(ILjava/lang/String;Ljava/lang/String;Ljava/lang/String;Z)V @ 10

Classes redefined (0 events):
No events

Internal exceptions (10 events):
Event: 1.465 Thread 0x000000000269d800 Exception <a 'sun/nio/fs/WindowsException'> (0x00000000ff21b850) thrown at [D:\src\AOSP-openjdk-cygwin\jdk8u\hotspot\src\share\vm\prims\jni.cpp, line 709]
Event: 1.486 Thread 0x000000000269d800 Exception <a 'sun/nio/fs/WindowsException'> (0x00000000ff220b90) thrown at [D:\src\AOSP-openjdk-cygwin\jdk8u\hotspot\src\share\vm\prims\jni.cpp, line 709]
Event: 1.835 Thread 0x000000000269d800 Exception <a 'sun/nio/fs/WindowsException'> (0x00000000febcc3a8) thrown at [D:\src\AOSP-openjdk-cygwin\jdk8u\hotspot\src\share\vm\prims\jni.cpp, line 709]
Event: 1.835 Thread 0x000000000269d800 Exception <a 'sun/nio/fs/WindowsException'> (0x00000000febcc900) thrown at [D:\src\AOSP-openjdk-cygwin\jdk8u\hotspot\src\share\vm\prims\jni.cpp, line 709]
Event: 4.044 Thread 0x000000000269d800 Exception <a 'sun/nio/fs/WindowsException'> (0x00000000fee0cea0) thrown at [D:\src\AOSP-openjdk-cygwin\jdk8u\hotspot\src\share\vm\prims\jni.cpp, line 709]
Event: 4.044 Thread 0x000000000269d800 Exception <a 'sun/nio/fs/WindowsException'> (0x00000000fee0d378) thrown at [D:\src\AOSP-openjdk-cygwin\jdk8u\hotspot\src\share\vm\prims\jni.cpp, line 709]
Event: 4.504 Thread 0x000000000269d800 Exception <a 'sun/nio/fs/WindowsException'> (0x00000000fee10830) thrown at [D:\src\AOSP-openjdk-cygwin\jdk8u\hotspot\src\share\vm\prims\jni.cpp, line 709]
Event: 4.505 Thread 0x000000000269d800 Exception <a 'sun/nio/fs/WindowsException'> (0x00000000fee10d08) thrown at [D:\src\AOSP-openjdk-cygwin\jdk8u\hotspot\src\share\vm\prims\jni.cpp, line 709]
Event: 4.522 Thread 0x000000000269d800 Implicit null exception at 0x00000000030af30c to 0x00000000030b4911
Event: 4.522 Thread 0x000000000269d800 Implicit null exception at 0x00000000030a0195 to 0x00000000030a2b35

Events (10 events):
Event: 3.913 loading class java/util/Vector$Itr
Event: 3.913 loading class java/util/Vector$Itr done
Event: 4.226 Executing VM operation: EnableBiasedLocking
Event: 4.226 Executing VM operation: EnableBiasedLocking done
Event: 4.522 Thread 0x000000000269d800 Uncommon trap: trap_request=0xfffffff4 fr.pc=0x00000000030b4930
Event: 4.522 Thread 0x000000000269d800 DEOPT PACKING pc=0x00000000030b4930 sp=0x0000000002baeb60
Event: 4.522 Thread 0x000000000269d800 DEOPT UNPACKING pc=0x0000000002cf556a sp=0x0000000002baeaf0 mode 2
Event: 4.522 Thread 0x000000000269d800 Uncommon trap: trap_request=0xfffffff4 fr.pc=0x00000000030a2b44
Event: 4.522 Thread 0x000000000269d800 DEOPT PACKING pc=0x00000000030a2b44 sp=0x0000000002baeae0
Event: 4.522 Thread 0x000000000269d800 DEOPT UNPACKING pc=0x0000000002cf556a sp=0x0000000002baeae0 mode 2


Dynamic libraries:
0x00007ff6199f0000 - 0x00007ff619a21000 	C:\Program Files\Android\Android Studio\jre\bin\java.exe
0x00007ff98de30000 - 0x00007ff98e011000 	C:\WINDOWS\SYSTEM32\ntdll.dll
0x00007ff98c160000 - 0x00007ff98c212000 	C:\WINDOWS\System32\KERNEL32.DLL
0x00007ff98a400000 - 0x00007ff98a673000 	C:\WINDOWS\System32\KERNELBASE.dll
0x00007ff98b860000 - 0x00007ff98b901000 	C:\WINDOWS\System32\ADVAPI32.dll
0x00007ff98bd20000 - 0x00007ff98bdbe000 	C:\WINDOWS\System32\msvcrt.dll
0x00007ff98b910000 - 0x00007ff98b96b000 	C:\WINDOWS\System32\sechost.dll
0x00007ff98b3b0000 - 0x00007ff98b4d4000 	C:\WINDOWS\System32\RPCRT4.dll
0x00007ff98b9f0000 - 0x00007ff98bb80000 	C:\WINDOWS\System32\USER32.dll
0x00007ff98b2a0000 - 0x00007ff98b2c0000 	C:\WINDOWS\System32\win32u.dll
0x00007ff98b380000 - 0x00007ff98b3a8000 	C:\WINDOWS\System32\GDI32.dll
0x00007ff98b060000 - 0x00007ff98b1f2000 	C:\WINDOWS\System32\gdi32full.dll
0x00007ff98b200000 - 0x00007ff98b29f000 	C:\WINDOWS\System32\msvcp_win.dll
0x00007ff98a300000 - 0x00007ff98a3fa000 	C:\WINDOWS\System32\ucrtbase.dll
0x00007ff97d610000 - 0x00007ff97d879000 	C:\WINDOWS\WinSxS\amd64_microsoft.windows.common-controls_6595b64144ccf1df_6.0.17134.48_none_b4b2216a3cb4dd3e\COMCTL32.dll
0x00007ff98bdd0000 - 0x00007ff98c0f3000 	C:\WINDOWS\System32\combase.dll
0x00007ff98adf0000 - 0x00007ff98ae6a000 	C:\WINDOWS\System32\bcryptPrimitives.dll
0x00007ff98b5c0000 - 0x00007ff98b5ed000 	C:\WINDOWS\System32\IMM32.DLL
0x000000005ca60000 - 0x000000005cb32000 	C:\Program Files\Android\Android Studio\jre\jre\bin\msvcr100.dll
0x000000005cb40000 - 0x000000005d37e000 	C:\Program Files\Android\Android Studio\jre\jre\bin\server\jvm.dll
0x00007ff98b5b0000 - 0x00007ff98b5b8000 	C:\WINDOWS\System32\PSAPI.DLL
0x00007ff985c60000 - 0x00007ff985c69000 	C:\WINDOWS\SYSTEM32\WSOCK32.dll
0x00007ff98b970000 - 0x00007ff98b9dc000 	C:\WINDOWS\System32\WS2_32.dll
0x00007ff987c20000 - 0x00007ff987c43000 	C:\WINDOWS\SYSTEM32\WINMM.dll
0x00007ff982480000 - 0x00007ff98248a000 	C:\WINDOWS\SYSTEM32\VERSION.dll
0x00007ff987620000 - 0x00007ff98764a000 	C:\WINDOWS\SYSTEM32\WINMMBASE.dll
0x00007ff98a2b0000 - 0x00007ff98a2f9000 	C:\WINDOWS\System32\cfgmgr32.dll
0x00007ff96ba40000 - 0x00007ff96ba4f000 	C:\Program Files\Android\Android Studio\jre\jre\bin\verify.dll
0x00007ff96ba10000 - 0x00007ff96ba39000 	C:\Program Files\Android\Android Studio\jre\jre\bin\java.dll
0x00007ff96b9f0000 - 0x00007ff96ba06000 	C:\Program Files\Android\Android Studio\jre\jre\bin\zip.dll
0x00007ff98c2a0000 - 0x00007ff98d6e0000 	C:\WINDOWS\System32\SHELL32.dll
0x00007ff98b4e0000 - 0x00007ff98b589000 	C:\WINDOWS\System32\shcore.dll
0x00007ff98a680000 - 0x00007ff98ad8d000 	C:\WINDOWS\System32\windows.storage.dll
0x00007ff98b320000 - 0x00007ff98b371000 	C:\WINDOWS\System32\shlwapi.dll
0x00007ff98a170000 - 0x00007ff98a181000 	C:\WINDOWS\System32\kernel.appcore.dll
0x00007ff98a190000 - 0x00007ff98a1af000 	C:\WINDOWS\System32\profapi.dll
0x00007ff98a1b0000 - 0x00007ff98a1fc000 	C:\WINDOWS\System32\powrprof.dll
0x00007ff98a160000 - 0x00007ff98a16a000 	C:\WINDOWS\System32\FLTLIB.DLL
0x00007ff989b70000 - 0x00007ff989b87000 	C:\WINDOWS\SYSTEM32\CRYPTSP.dll
0x00007ff9895a0000 - 0x00007ff9895d3000 	C:\WINDOWS\system32\rsaenh.dll
0x00007ff989ca0000 - 0x00007ff989cc5000 	C:\WINDOWS\SYSTEM32\bcrypt.dll
0x00007ff98a040000 - 0x00007ff98a068000 	C:\WINDOWS\SYSTEM32\USERENV.dll
0x00007ff989b90000 - 0x00007ff989b9b000 	C:\WINDOWS\SYSTEM32\CRYPTBASE.dll
0x00007ff96b9d0000 - 0x00007ff96b9ea000 	C:\Program Files\Android\Android Studio\jre\jre\bin\net.dll
0x00007ff9899c0000 - 0x00007ff989a26000 	C:\WINDOWS\system32\mswsock.dll
0x00007ff989740000 - 0x00007ff989778000 	C:\WINDOWS\SYSTEM32\IPHLPAPI.DLL
0x00007ff98bdc0000 - 0x00007ff98bdc8000 	C:\WINDOWS\System32\NSI.dll
0x00007ff982c80000 - 0x00007ff982c96000 	C:\WINDOWS\SYSTEM32\dhcpcsvc6.DLL
0x00007ff982c60000 - 0x00007ff982c7a000 	C:\WINDOWS\SYSTEM32\dhcpcsvc.DLL
0x00007ff967fc0000 - 0x00007ff967fd1000 	C:\Program Files\Android\Android Studio\jre\jre\bin\nio.dll

VM Arguments:
jvm_args: -Djava.awt.headless=true -Xmx64M -Dfile.encoding=x-windows-949 -Duser.country=KR -Duser.language=ko -Duser.variant 
java_command: com.google.devtools.build.android.desugar.Desugar @D:\test\app\build\intermediates\tmp\desugar_args5598150913053018669
java_class_path (initial): C:\Users\Goo\AppData\Local\Temp\desugar_deploy.jar3189730495422438638
Launcher Type: SUN_STANDARD

Environment Variables:
PATH=C:\ProgramData\Oracle\Java\javapath;C:\WINDOWS\system32;C:\WINDOWS;C:\WINDOWS\System32\Wbem;C:\WINDOWS\System32\WindowsPowerShell\v1.0\;C:\OpenSSL;;C:\WINDOWS\System32\OpenSSH\;C:\Users\Goo\AppData\Local\Microsoft\WindowsApps;
USERNAME=Goo
OS=Windows_NT
PROCESSOR_IDENTIFIER=Intel64 Family 6 Model 158 Stepping 9, GenuineIntel



---------------  S Y S T E M  ---------------

OS: Windows 10.0 , 64 bit Build 17134 (10.0.17134.1)

CPU:total 8 (initial active 8) (4 cores per cpu, 2 threads per core) family 6 model 158 stepping 9, cmov, cx8, fxsr, mmx, sse, sse2, sse3, ssse3, sse4.1, sse4.2, popcnt, avx, avx2, aes, clmul, erms, 3dnowpref, lzcnt, ht, tsc, tscinvbit, bmi1, bmi2, adx

Memory: 4k page, physical 16692940k(4583048k free), swap 16692940k(3584k free)

vm_info: OpenJDK 64-Bit Server VM (25.152-b01) for windows-amd64 JRE (1.8.0_152-release-915-b01), built by "builder" with MS VC++ 10.0 (VS2010)

time: Mon Jun 11 01:01:55 2018
elapsed time: 4 seconds (0d 0h 0m 4s)

