#
# There is insufficient memory for the Java Runtime Environment to continue.
# Native memory allocation (malloc) failed to allocate 916256 bytes for Chunk::new
# Possible reasons:
#   The system is out of physical RAM or swap space
#   In 32 bit mode, the process size limit was hit
# Possible solutions:
#   Reduce memory load on the system
#   Increase physical memory or swap space
#   Check if swap backing store is full
#   Use 64 bit Java on a 64 bit OS
#   Decrease Java heap size (-Xmx/-Xms)
#   Decrease number of Java threads
#   Decrease Java thread stack sizes (-Xss)
#   Set larger code cache with -XX:ReservedCodeCacheSize=
# This output file may be truncated or incomplete.
#
#  Out of Memory Error (allocation.cpp:390), pid=11892, tid=0x0000000000000008
#
# JRE version: OpenJDK Runtime Environment (8.0_152-b01) (build 1.8.0_152-release-915-b01)
# Java VM: OpenJDK 64-Bit Server VM (25.152-b01 mixed mode windows-amd64 compressed oops)
# Failed to write core dump. Minidumps are not enabled by default on client versions of Windows
#

---------------  T H R E A D  ---------------

Current thread (0x0000000015423000):  JavaThread "C2 CompilerThread2" daemon [_thread_in_native, id=8, stack(0x0000000015d30000,0x0000000015e30000)]

Stack: [0x0000000015d30000,0x0000000015e30000]
[error occurred during error reporting (printing stack bounds), id 0xc0000005]

Native frames: (J=compiled Java code, j=interpreted, Vv=VM code, C=native code)


Current CompileTask:
C2:   1825  926 %     4       org.objectweb.asm.ClassReader::a @ 645 (3587 bytes)


---------------  P R O C E S S  ---------------

Java Threads: ( => current thread )
  0x000000001542b800 JavaThread "Service Thread" daemon [_thread_blocked, id=3272, stack(0x0000000015f30000,0x0000000016030000)]
  0x00000000134ce800 JavaThread "C1 CompilerThread3" daemon [_thread_blocked, id=10740, stack(0x0000000015e30000,0x0000000015f30000)]
=>0x0000000015423000 JavaThread "C2 CompilerThread2" daemon [_thread_in_native, id=8, stack(0x0000000015d30000,0x0000000015e30000)]
  0x00000000134ca800 JavaThread "C2 CompilerThread1" daemon [_thread_blocked, id=8964, stack(0x0000000015c30000,0x0000000015d30000)]
  0x000000001541f000 JavaThread "C2 CompilerThread0" daemon [_thread_in_native, id=2328, stack(0x0000000015b30000,0x0000000015c30000)]
  0x000000001541d800 JavaThread "Attach Listener" daemon [_thread_blocked, id=8728, stack(0x0000000015a30000,0x0000000015b30000)]
  0x00000000153ca000 JavaThread "Signal Dispatcher" daemon [_thread_blocked, id=2476, stack(0x0000000015930000,0x0000000015a30000)]
  0x0000000002c8e000 JavaThread "Finalizer" daemon [_thread_blocked, id=9988, stack(0x0000000015790000,0x0000000015890000)]
  0x0000000002c87000 JavaThread "Reference Handler" daemon [_thread_blocked, id=11516, stack(0x0000000015290000,0x0000000015390000)]
  0x0000000002d0d800 JavaThread "main" [_thread_in_Java, id=10936, stack(0x0000000002740000,0x0000000002840000)]

Other Threads:
  0x00000000134b5800 VMThread [stack: 0x0000000015190000,0x0000000015290000] [id=5748]
  0x000000001542c800 WatcherThread [stack: 0x0000000016030000,0x0000000016130000] [id=10304]

VM state:not at safepoint (normal execution)

VM Mutex/Monitor currently owned by a thread: None

Heap:
 PSYoungGen      total 18944K, used 15258K [0x00000000feb00000, 0x0000000100000000, 0x0000000100000000)
  eden space 16384K, 77% used [0x00000000feb00000,0x00000000ff769aa0,0x00000000ffb00000)
  from space 2560K, 99% used [0x00000000ffd80000,0x00000000ffffce20,0x0000000100000000)
  to   space 2560K, 0% used [0x00000000ffb00000,0x00000000ffb00000,0x00000000ffd80000)
 ParOldGen       total 44032K, used 5921K [0x00000000fc000000, 0x00000000feb00000, 0x00000000feb00000)
  object space 44032K, 13% used [0x00000000fc000000,0x00000000fc5c8648,0x00000000feb00000)
 Metaspace       used 7690K, capacity 7846K, committed 7936K, reserved 1056768K
  class space    used 877K, capacity 957K, committed 1024K, reserved 1048576K

Card table byte_map: [0x0000000002c90000,0x0000000002cc0000] byte_map_base: 0x00000000024b0000

Marking Bits: (ParMarkBitMap*) 0x00000000673d3950
 Begin Bits: [0x00000000128d0000, 0x00000000129d0000)
 End Bits:   [0x00000000129d0000, 0x0000000012ad0000)

Polling page: 0x0000000000ad0000

CodeCache: size=245760Kb used=3825Kb max_used=3831Kb free=241934Kb
 bounds [0x0000000002d10000, 0x00000000030e0000, 0x0000000011d10000]
 total_blobs=1352 nmethods=1018 adapters=248
 compilation: enabled

Compilation events (10 events):
Event: 1.804 Thread 0x00000000134ce800 1016       3       org.objectweb.asm.ClassReader::a (75 bytes)
Event: 1.804 Thread 0x00000000134ca800 1017       4       org.objectweb.asm.Type::a (269 bytes)
Event: 1.805 Thread 0x00000000134ce800 nmethod 1016 0x00000000030cca50 code [0x00000000030ccc20, 0x00000000030cd2f8]
Event: 1.808 Thread 0x00000000134ce800 1019       3       org.objectweb.asm.AnnotationVisitor::<init> (7 bytes)
Event: 1.809 Thread 0x00000000134ce800 nmethod 1019 0x00000000030cd610 code [0x00000000030cd7a0, 0x00000000030cdb08]
Event: 1.809 Thread 0x00000000134ce800 1020       3       org.objectweb.asm.AnnotationVisitor::<init> (35 bytes)
Event: 1.809 Thread 0x00000000134ce800 nmethod 1020 0x00000000030cdc90 code [0x00000000030cde00, 0x00000000030ce108]
Event: 1.810 Thread 0x00000000134ca800 nmethod 1017 0x00000000030cf490 code [0x00000000030cf720, 0x00000000030cfbe8]
Event: 1.810 Thread 0x00000000134ca800 1018       4       org.objectweb.asm.Item::a (354 bytes)
Event: 1.816 Thread 0x00000000134ca800 nmethod 1018 0x00000000030d10d0 code [0x00000000030d1380, 0x00000000030d1db8]

GC Heap History (4 events):
Event: 0.977 GC heap before
{Heap before GC invocations=1 (full 0):
 PSYoungGen      total 18944K, used 16384K [0x00000000feb00000, 0x0000000100000000, 0x0000000100000000)
  eden space 16384K, 100% used [0x00000000feb00000,0x00000000ffb00000,0x00000000ffb00000)
  from space 2560K, 0% used [0x00000000ffd80000,0x00000000ffd80000,0x0000000100000000)
  to   space 2560K, 0% used [0x00000000ffb00000,0x00000000ffb00000,0x00000000ffd80000)
 ParOldGen       total 44032K, used 0K [0x00000000fc000000, 0x00000000feb00000, 0x00000000feb00000)
  object space 44032K, 0% used [0x00000000fc000000,0x00000000fc000000,0x00000000feb00000)
 Metaspace       used 6610K, capacity 6740K, committed 7040K, reserved 1056768K
  class space    used 773K, capacity 824K, committed 896K, reserved 1048576K
Event: 1.016 GC heap after
Heap after GC invocations=1 (full 0):
 PSYoungGen      total 18944K, used 2537K [0x00000000feb00000, 0x0000000100000000, 0x0000000100000000)
  eden space 16384K, 0% used [0x00000000feb00000,0x00000000feb00000,0x00000000ffb00000)
  from space 2560K, 99% used [0x00000000ffb00000,0x00000000ffd7a620,0x00000000ffd80000)
  to   space 2560K, 0% used [0x00000000ffd80000,0x00000000ffd80000,0x0000000100000000)
 ParOldGen       total 44032K, used 1508K [0x00000000fc000000, 0x00000000feb00000, 0x00000000feb00000)
  object space 44032K, 3% used [0x00000000fc000000,0x00000000fc179160,0x00000000feb00000)
 Metaspace       used 6610K, capacity 6740K, committed 7040K, reserved 1056768K
  class space    used 773K, capacity 824K, committed 896K, reserved 1048576K
}
Event: 1.383 GC heap before
{Heap before GC invocations=2 (full 0):
 PSYoungGen      total 18944K, used 18921K [0x00000000feb00000, 0x0000000100000000, 0x0000000100000000)
  eden space 16384K, 100% used [0x00000000feb00000,0x00000000ffb00000,0x00000000ffb00000)
  from space 2560K, 99% used [0x00000000ffb00000,0x00000000ffd7a620,0x00000000ffd80000)
  to   space 2560K, 0% used [0x00000000ffd80000,0x00000000ffd80000,0x0000000100000000)
 ParOldGen       total 44032K, used 1508K [0x00000000fc000000, 0x00000000feb00000, 0x00000000feb00000)
  object space 44032K, 3% used [0x00000000fc000000,0x00000000fc179160,0x00000000feb00000)
 Metaspace       used 6954K, capacity 7110K, committed 7296K, reserved 1056768K
  class space    used 816K, capacity 861K, committed 896K, reserved 1048576K
Event: 1.414 GC heap after
Heap after GC invocations=2 (full 0):
 PSYoungGen      total 18944K, used 2547K [0x00000000feb00000, 0x0000000100000000, 0x0000000100000000)
  eden space 16384K, 0% used [0x00000000feb00000,0x00000000feb00000,0x00000000ffb00000)
  from space 2560K, 99% used [0x00000000ffd80000,0x00000000ffffce20,0x0000000100000000)
  to   space 2560K, 0% used [0x00000000ffb00000,0x00000000ffb00000,0x00000000ffd80000)
 ParOldGen       total 44032K, used 5921K [0x00000000fc000000, 0x00000000feb00000, 0x00000000feb00000)
  object space 44032K, 13% used [0x00000000fc000000,0x00000000fc5c8648,0x00000000feb00000)
 Metaspace       used 6954K, capacity 7110K, committed 7296K, reserved 1056768K
  class space    used 816K, capacity 861K, committed 896K, reserved 1048576K
}

Deoptimization events (10 events):
Event: 1.037 Thread 0x0000000002d0d800 Uncommon trap: reason=unstable_if action=reinterpret pc=0x0000000002f39b00 method=java.util.zip.ZipCoder.decoder()Ljava/nio/charset/CharsetDecoder; @ 4
Event: 1.045 Thread 0x0000000002d0d800 Uncommon trap: reason=unstable_if action=reinterpret pc=0x0000000002f55988 method=java.util.HashMap$HashIterator.nextNode()Ljava/util/HashMap$Node; @ 74
Event: 1.198 Thread 0x0000000002d0d800 Uncommon trap: reason=unstable_if action=reinterpret pc=0x0000000002f54548 method=java.util.HashMap$HashIterator.nextNode()Ljava/util/HashMap$Node; @ 74
Event: 1.317 Thread 0x0000000002d0d800 Uncommon trap: reason=unloaded action=reinterpret pc=0x0000000002f3f7fc method=java.util.zip.ZipEntry.setExtra0([BZ)V @ 37
Event: 1.597 Thread 0x0000000002d0d800 Uncommon trap: reason=unstable_if action=reinterpret pc=0x0000000002eaf2b8 method=java.lang.String.<init>([CII)V @ 18
Event: 1.751 Thread 0x0000000002d0d800 Uncommon trap: reason=unstable_if action=reinterpret pc=0x00000000030594e8 method=java.io.BufferedOutputStream.write(I)V @ 9
Event: 1.761 Thread 0x0000000002d0d800 Uncommon trap: reason=unstable_if action=reinterpret pc=0x0000000003038a18 method=org.objectweb.asm.Item.a(Lorg/objectweb/asm/Item;)Z @ 345
Event: 1.791 Thread 0x0000000002d0d800 Uncommon trap: reason=bimorphic action=maybe_recompile pc=0x00000000030b08fc method=org.objectweb.asm.MethodVisitor.visitInsn(I)V @ 12
Event: 1.791 Thread 0x0000000002d0d800 Uncommon trap: reason=bimorphic action=maybe_recompile pc=0x00000000030b08fc method=org.objectweb.asm.MethodVisitor.visitInsn(I)V @ 12
Event: 1.792 Thread 0x0000000002d0d800 Uncommon trap: reason=bimorphic action=maybe_recompile pc=0x00000000030b08fc method=org.objectweb.asm.MethodVisitor.visitInsn(I)V @ 12

Classes redefined (0 events):
No events

Internal exceptions (10 events):
Event: 1.186 Thread 0x0000000002d0d800 Exception <a 'sun/nio/fs/WindowsException'> (0x00000000ff2481c0) thrown at [D:\src\AOSP-openjdk-cygwin\jdk8u\hotspot\src\share\vm\prims\jni.cpp, line 709]
Event: 1.186 Thread 0x0000000002d0d800 Exception <a 'sun/nio/fs/WindowsException'> (0x00000000ff248788) thrown at [D:\src\AOSP-openjdk-cygwin\jdk8u\hotspot\src\share\vm\prims\jni.cpp, line 709]
Event: 1.186 Thread 0x0000000002d0d800 Exception <a 'sun/nio/fs/WindowsException'> (0x00000000ff248f48) thrown at [D:\src\AOSP-openjdk-cygwin\jdk8u\hotspot\src\share\vm\prims\jni.cpp, line 709]
Event: 1.187 Thread 0x0000000002d0d800 Exception <a 'sun/nio/fs/WindowsException'> (0x00000000ff2494e8) thrown at [D:\src\AOSP-openjdk-cygwin\jdk8u\hotspot\src\share\vm\prims\jni.cpp, line 709]
Event: 1.187 Thread 0x0000000002d0d800 Exception <a 'sun/nio/fs/WindowsException'> (0x00000000ff249c98) thrown at [D:\src\AOSP-openjdk-cygwin\jdk8u\hotspot\src\share\vm\prims\jni.cpp, line 709]
Event: 1.220 Thread 0x0000000002d0d800 Exception <a 'sun/nio/fs/WindowsException'> (0x00000000ff24efd8) thrown at [D:\src\AOSP-openjdk-cygwin\jdk8u\hotspot\src\share\vm\prims\jni.cpp, line 709]
Event: 1.423 Thread 0x0000000002d0d800 Exception <a 'sun/nio/fs/WindowsException'> (0x00000000febab390) thrown at [D:\src\AOSP-openjdk-cygwin\jdk8u\hotspot\src\share\vm\prims\jni.cpp, line 709]
Event: 1.423 Thread 0x0000000002d0d800 Exception <a 'sun/nio/fs/WindowsException'> (0x00000000febab8e8) thrown at [D:\src\AOSP-openjdk-cygwin\jdk8u\hotspot\src\share\vm\prims\jni.cpp, line 709]
Event: 1.683 Thread 0x0000000002d0d800 Exception <a 'sun/nio/fs/WindowsException'> (0x00000000ff055178) thrown at [D:\src\AOSP-openjdk-cygwin\jdk8u\hotspot\src\share\vm\prims\jni.cpp, line 709]
Event: 1.685 Thread 0x0000000002d0d800 Exception <a 'sun/nio/fs/WindowsException'> (0x00000000ff055650) thrown at [D:\src\AOSP-openjdk-cygwin\jdk8u\hotspot\src\share\vm\prims\jni.cpp, line 709]

Events (10 events):
Event: 1.791 Thread 0x0000000002d0d800 DEOPT UNPACKING pc=0x0000000002d5556a sp=0x000000000283e740 mode 2
Event: 1.791 loading class com/google/devtools/build/android/desugar/FieldInfo
Event: 1.791 loading class com/google/devtools/build/android/desugar/FieldInfo done
Event: 1.792 loading class com/google/devtools/build/android/desugar/AutoValue_FieldInfo
Event: 1.792 loading class com/google/devtools/build/android/desugar/AutoValue_FieldInfo done
Event: 1.792 Thread 0x0000000002d0d800 Uncommon trap: trap_request=0xffffffc6 fr.pc=0x00000000030b08fc
Event: 1.792 Thread 0x0000000002d0d800 DEOPT PACKING pc=0x00000000030b08fc sp=0x000000000283e7a0
Event: 1.792 Thread 0x0000000002d0d800 DEOPT UNPACKING pc=0x0000000002d5556a sp=0x000000000283e740 mode 2
Event: 1.792 loading class com/google/devtools/build/android/desugar/Java7Compatibility$InlineOneMethod
Event: 1.792 loading class com/google/devtools/build/android/desugar/Java7Compatibility$InlineOneMethod done


Dynamic libraries:
0x00007ff7bef40000 - 0x00007ff7bef71000 	C:\Program Files\Android\Android Studio\jre\bin\java.exe
0x00007ffba9340000 - 0x00007ffba9521000 	C:\WINDOWS\SYSTEM32\ntdll.dll
0x00007ffba6ca0000 - 0x00007ffba6d52000 	C:\WINDOWS\System32\KERNEL32.DLL
0x00007ffba6070000 - 0x00007ffba62e3000 	C:\WINDOWS\System32\KERNELBASE.dll
0x00007ffba9260000 - 0x00007ffba9301000 	C:\WINDOWS\System32\ADVAPI32.dll
0x00007ffba77b0000 - 0x00007ffba784e000 	C:\WINDOWS\System32\msvcrt.dll
0x00007ffba71b0000 - 0x00007ffba720b000 	C:\WINDOWS\System32\sechost.dll
0x00007ffba7580000 - 0x00007ffba76a4000 	C:\WINDOWS\System32\RPCRT4.dll
0x00007ffba7ac0000 - 0x00007ffba7c50000 	C:\WINDOWS\System32\USER32.dll
0x00007ffba5790000 - 0x00007ffba57b0000 	C:\WINDOWS\System32\win32u.dll
0x00007ffba67e0000 - 0x00007ffba6808000 	C:\WINDOWS\System32\GDI32.dll
0x00007ffba6530000 - 0x00007ffba66c2000 	C:\WINDOWS\System32\gdi32full.dll
0x00007ffba5fd0000 - 0x00007ffba606f000 	C:\WINDOWS\System32\msvcp_win.dll
0x00007ffba66d0000 - 0x00007ffba67ca000 	C:\WINDOWS\System32\ucrtbase.dll
0x00007ffb93ad0000 - 0x00007ffb93d39000 	C:\WINDOWS\WinSxS\amd64_microsoft.windows.common-controls_6595b64144ccf1df_6.0.17134.48_none_b4b2216a3cb4dd3e\COMCTL32.dll
0x00007ffba6810000 - 0x00007ffba6b33000 	C:\WINDOWS\System32\combase.dll
0x00007ffba5710000 - 0x00007ffba578a000 	C:\WINDOWS\System32\bcryptPrimitives.dll
0x00007ffba9090000 - 0x00007ffba90bd000 	C:\WINDOWS\System32\IMM32.DLL
0x0000000069530000 - 0x0000000069602000 	C:\Program Files\Android\Android Studio\jre\jre\bin\msvcr100.dll
0x0000000066c10000 - 0x000000006744e000 	C:\Program Files\Android\Android Studio\jre\jre\bin\server\jvm.dll
0x00007ffba91d0000 - 0x00007ffba91d8000 	C:\WINDOWS\System32\PSAPI.DLL
0x00007ffba1d20000 - 0x00007ffba1d29000 	C:\WINDOWS\SYSTEM32\WSOCK32.dll
0x00007ffba7510000 - 0x00007ffba757c000 	C:\WINDOWS\System32\WS2_32.dll
0x00007ffb95780000 - 0x00007ffb957a3000 	C:\WINDOWS\SYSTEM32\WINMM.dll
0x00007ffb9d7c0000 - 0x00007ffb9d7ca000 	C:\WINDOWS\SYSTEM32\VERSION.dll
0x00007ffb95570000 - 0x00007ffb9559a000 	C:\WINDOWS\SYSTEM32\WINMMBASE.dll
0x00007ffba64e0000 - 0x00007ffba6529000 	C:\WINDOWS\System32\cfgmgr32.dll
0x00007ffba1d30000 - 0x00007ffba1d3f000 	C:\Program Files\Android\Android Studio\jre\jre\bin\verify.dll
0x00007ffba1b00000 - 0x00007ffba1b29000 	C:\Program Files\Android\Android Studio\jre\jre\bin\java.dll
0x00007ffb9f450000 - 0x00007ffb9f466000 	C:\Program Files\Android\Android Studio\jre\jre\bin\zip.dll
0x00007ffba7c50000 - 0x00007ffba9090000 	C:\WINDOWS\System32\SHELL32.dll
0x00007ffba9120000 - 0x00007ffba91c9000 	C:\WINDOWS\System32\shcore.dll
0x00007ffba58c0000 - 0x00007ffba5fcd000 	C:\WINDOWS\System32\windows.storage.dll
0x00007ffba90c0000 - 0x00007ffba9111000 	C:\WINDOWS\System32\shlwapi.dll
0x00007ffba5680000 - 0x00007ffba5691000 	C:\WINDOWS\System32\kernel.appcore.dll
0x00007ffba56f0000 - 0x00007ffba570f000 	C:\WINDOWS\System32\profapi.dll
0x00007ffba56a0000 - 0x00007ffba56ec000 	C:\WINDOWS\System32\powrprof.dll
0x00007ffba5650000 - 0x00007ffba565a000 	C:\WINDOWS\System32\FLTLIB.DLL
0x00007ffba5080000 - 0x00007ffba5097000 	C:\WINDOWS\SYSTEM32\CRYPTSP.dll
0x00007ffba4ab0000 - 0x00007ffba4ae3000 	C:\WINDOWS\system32\rsaenh.dll
0x00007ffba51b0000 - 0x00007ffba51d5000 	C:\WINDOWS\SYSTEM32\bcrypt.dll
0x00007ffba5580000 - 0x00007ffba55a8000 	C:\WINDOWS\SYSTEM32\USERENV.dll
0x00007ffba50a0000 - 0x00007ffba50ab000 	C:\WINDOWS\SYSTEM32\CRYPTBASE.dll
0x00007ffb9f430000 - 0x00007ffb9f44a000 	C:\Program Files\Android\Android Studio\jre\jre\bin\net.dll
0x00007ffba4ed0000 - 0x00007ffba4f36000 	C:\WINDOWS\system32\mswsock.dll
0x00007ffba4c50000 - 0x00007ffba4c88000 	C:\WINDOWS\SYSTEM32\IPHLPAPI.DLL
0x00007ffba7430000 - 0x00007ffba7438000 	C:\WINDOWS\System32\NSI.dll
0x00007ffb9a1f0000 - 0x00007ffb9a206000 	C:\WINDOWS\SYSTEM32\dhcpcsvc6.DLL
0x00007ffb9a120000 - 0x00007ffb9a13a000 	C:\WINDOWS\SYSTEM32\dhcpcsvc.DLL
0x00007ffb9f410000 - 0x00007ffb9f421000 	C:\Program Files\Android\Android Studio\jre\jre\bin\nio.dll

VM Arguments:
jvm_args: -Djava.awt.headless=true -Xmx64M -Dfile.encoding=x-windows-949 -Duser.country=KR -Duser.language=ko -Duser.variant 
java_command: com.google.devtools.build.android.desugar.Desugar @D:\test\app\build\intermediates\tmp\desugar_args1429282493759033618
java_class_path (initial): C:\Users\Goo\AppData\Local\Temp\desugar_deploy.jar4283967336768827273
Launcher Type: SUN_STANDARD

Environment Variables:
PATH=C:\ProgramData\Oracle\Java\javapath;C:\WINDOWS\system32;C:\WINDOWS;C:\WINDOWS\System32\Wbem;C:\WINDOWS\System32\WindowsPowerShell\v1.0\;C:\OpenSSL;;C:\WINDOWS\System32\OpenSSH\;C:\Users\Goo\AppData\Local\Microsoft\WindowsApps;
USERNAME=Goo
OS=Windows_NT
PROCESSOR_IDENTIFIER=Intel64 Family 6 Model 158 Stepping 9, GenuineIntel



---------------  S Y S T E M  ---------------

OS: Windows 10.0 , 64 bit Build 17134 (10.0.17134.1)

CPU:total 8 (initial active 8) (4 cores per cpu, 2 threads per core) family 6 model 158 stepping 9, cmov, cx8, fxsr, mmx, sse, sse2, sse3, ssse3, sse4.1, sse4.2, popcnt, avx, avx2, aes, clmul, erms, 3dnowpref, lzcnt, ht, tsc, tscinvbit, bmi1, bmi2, adx

Memory: 4k page, physical 16692940k(4459256k free), swap 16692940k(2892k free)

vm_info: OpenJDK 64-Bit Server VM (25.152-b01) for windows-amd64 JRE (1.8.0_152-release-915-b01), built by "builder" with MS VC++ 10.0 (VS2010)

time: Sat May 26 23:59:10 2018
elapsed time: 1 seconds (0d 0h 0m 1s)

