#
# There is insufficient memory for the Java Runtime Environment to continue.
# Native memory allocation (malloc) failed to allocate 32744 bytes for ChunkPool::allocate
# Possible reasons:
#   The system is out of physical RAM or swap space
#   In 32 bit mode, the process size limit was hit
# Possible solutions:
#   Reduce memory load on the system
#   Increase physical memory or swap space
#   Check if swap backing store is full
#   Use 64 bit Java on a 64 bit OS
#   Decrease Java heap size (-Xmx/-Xms)
#   Decrease number of Java threads
#   Decrease Java thread stack sizes (-Xss)
#   Set larger code cache with -XX:ReservedCodeCacheSize=
# This output file may be truncated or incomplete.
#
#  Out of Memory Error (allocation.cpp:273), pid=11948, tid=0x00000000000001d4
#
# JRE version: OpenJDK Runtime Environment (8.0_152-b01) (build 1.8.0_152-release-915-b01)
# Java VM: OpenJDK 64-Bit Server VM (25.152-b01 mixed mode windows-amd64 compressed oops)
# Failed to write core dump. Minidumps are not enabled by default on client versions of Windows
#

---------------  T H R E A D  ---------------

Current thread (0x000000001599b800):  JavaThread "C2 CompilerThread2" daemon [_thread_in_native, id=468, stack(0x0000000016260000,0x0000000016360000)]

Stack: [0x0000000016260000,0x0000000016360000]
[error occurred during error reporting (printing stack bounds), id 0xc0000005]

Native frames: (J=compiled Java code, j=interpreted, Vv=VM code, C=native code)


Current CompileTask:
C2:   2613  868       4       org.objectweb.asm.ByteVector::putUTF8 (142 bytes)


---------------  P R O C E S S  ---------------

Java Threads: ( => current thread )
  0x00000000159f1000 JavaThread "Service Thread" daemon [_thread_blocked, id=6796, stack(0x0000000016460000,0x0000000016560000)]
  0x00000000159b6000 JavaThread "C1 CompilerThread3" daemon [_thread_in_native, id=7568, stack(0x0000000016360000,0x0000000016460000)]
=>0x000000001599b800 JavaThread "C2 CompilerThread2" daemon [_thread_in_native, id=468, stack(0x0000000016260000,0x0000000016360000)]
  0x00000000139db800 JavaThread "C2 CompilerThread1" daemon [_thread_in_native, id=12156, stack(0x0000000016160000,0x0000000016260000)]
  0x000000001590c000 JavaThread "C2 CompilerThread0" daemon [_thread_in_native, id=8580, stack(0x0000000016060000,0x0000000016160000)]
  0x000000001590a800 JavaThread "Attach Listener" daemon [_thread_blocked, id=1892, stack(0x0000000015f60000,0x0000000016060000)]
  0x0000000015960000 JavaThread "Signal Dispatcher" daemon [_thread_blocked, id=11296, stack(0x0000000015e60000,0x0000000015f60000)]
  0x000000000321d800 JavaThread "Finalizer" daemon [_thread_blocked, id=10800, stack(0x0000000015cd0000,0x0000000015dd0000)]
  0x0000000003217000 JavaThread "Reference Handler" daemon [_thread_blocked, id=9568, stack(0x00000000157d0000,0x00000000158d0000)]
  0x0000000002f1d800 JavaThread "main" [_thread_in_native, id=6696, stack(0x0000000003020000,0x0000000003120000)]

Other Threads:
  0x00000000139c5000 VMThread [stack: 0x00000000156d0000,0x00000000157d0000] [id=7856]
  0x00000000159f1800 WatcherThread [stack: 0x0000000016560000,0x0000000016660000] [id=8568]

VM state:not at safepoint (normal execution)

VM Mutex/Monitor currently owned by a thread: None

Heap:
 PSYoungGen      total 18944K, used 5327K [0x00000000feb00000, 0x0000000100000000, 0x0000000100000000)
  eden space 16384K, 17% used [0x00000000feb00000,0x00000000fedbaf50,0x00000000ffb00000)
  from space 2560K, 98% used [0x00000000ffd80000,0x00000000ffff8df0,0x0000000100000000)
  to   space 2560K, 0% used [0x00000000ffb00000,0x00000000ffb00000,0x00000000ffd80000)
 ParOldGen       total 44032K, used 6081K [0x00000000fc000000, 0x00000000feb00000, 0x00000000feb00000)
  object space 44032K, 13% used [0x00000000fc000000,0x00000000fc5f06c0,0x00000000feb00000)
 Metaspace       used 7557K, capacity 7778K, committed 7936K, reserved 1056768K
  class space    used 874K, capacity 957K, committed 1024K, reserved 1048576K

Card table byte_map: [0x0000000002e50000,0x0000000002e80000] byte_map_base: 0x0000000002670000

Marking Bits: (ParMarkBitMap*) 0x00000000677e3950
 Begin Bits: [0x0000000012de0000, 0x0000000012ee0000)
 End Bits:   [0x0000000012ee0000, 0x0000000012fe0000)

Polling page: 0x0000000002ad0000

CodeCache: size=245760Kb used=3038Kb max_used=3049Kb free=242721Kb
 bounds [0x0000000003220000, 0x0000000003520000, 0x0000000012220000]
 total_blobs=1191 nmethods=857 adapters=248
 compilation: enabled

Compilation events (10 events):
Event: 2.603 Thread 0x00000000159b6000  855       3       org.objectweb.asm.ByteVector::putInt (74 bytes)
Event: 2.604 Thread 0x00000000159b6000 nmethod 855 0x0000000003517d10 code [0x0000000003517e80, 0x0000000003518108]
Event: 2.604 Thread 0x00000000159b6000  856       1       java.nio.Buffer::limit (5 bytes)
Event: 2.604 Thread 0x00000000159b6000 nmethod 856 0x0000000003503e10 code [0x0000000003503f60, 0x0000000003504070]
Event: 2.604 Thread 0x00000000159b6000  857       3       org.objectweb.asm.ClassReader::a (3587 bytes)
Event: 2.608 Thread 0x00000000139db800  862       4       org.objectweb.asm.ClassReader::readUTF8 (60 bytes)
Event: 2.609 Thread 0x000000001599b800  864       4       org.objectweb.asm.ClassReader::readInt (52 bytes)
Event: 2.609 Thread 0x000000001590c000  865       4       org.objectweb.asm.ClassReader::a (194 bytes)
Event: 2.610 Thread 0x000000001599b800 nmethod 864 0x000000000351afd0 code [0x000000000351b100, 0x000000000351b1f8]
Event: 2.611 Thread 0x000000001599b800  868       4       org.objectweb.asm.ByteVector::putUTF8 (142 bytes)

GC Heap History (4 events):
Event: 1.383 GC heap before
{Heap before GC invocations=1 (full 0):
 PSYoungGen      total 18944K, used 16384K [0x00000000feb00000, 0x0000000100000000, 0x0000000100000000)
  eden space 16384K, 100% used [0x00000000feb00000,0x00000000ffb00000,0x00000000ffb00000)
  from space 2560K, 0% used [0x00000000ffd80000,0x00000000ffd80000,0x0000000100000000)
  to   space 2560K, 0% used [0x00000000ffb00000,0x00000000ffb00000,0x00000000ffd80000)
 ParOldGen       total 44032K, used 0K [0x00000000fc000000, 0x00000000feb00000, 0x00000000feb00000)
  object space 44032K, 0% used [0x00000000fc000000,0x00000000fc000000,0x00000000feb00000)
 Metaspace       used 6638K, capacity 6800K, committed 7040K, reserved 1056768K
  class space    used 773K, capacity 824K, committed 896K, reserved 1048576K
Event: 1.399 GC heap after
Heap after GC invocations=1 (full 0):
 PSYoungGen      total 18944K, used 2553K [0x00000000feb00000, 0x0000000100000000, 0x0000000100000000)
  eden space 16384K, 0% used [0x00000000feb00000,0x00000000feb00000,0x00000000ffb00000)
  from space 2560K, 99% used [0x00000000ffb00000,0x00000000ffd7e630,0x00000000ffd80000)
  to   space 2560K, 0% used [0x00000000ffd80000,0x00000000ffd80000,0x0000000100000000)
 ParOldGen       total 44032K, used 1500K [0x00000000fc000000, 0x00000000feb00000, 0x00000000feb00000)
  object space 44032K, 3% used [0x00000000fc000000,0x00000000fc177188,0x00000000feb00000)
 Metaspace       used 6638K, capacity 6800K, committed 7040K, reserved 1056768K
  class space    used 773K, capacity 824K, committed 896K, reserved 1048576K
}
Event: 2.151 GC heap before
{Heap before GC invocations=2 (full 0):
 PSYoungGen      total 18944K, used 18937K [0x00000000feb00000, 0x0000000100000000, 0x0000000100000000)
  eden space 16384K, 100% used [0x00000000feb00000,0x00000000ffb00000,0x00000000ffb00000)
  from space 2560K, 99% used [0x00000000ffb00000,0x00000000ffd7e630,0x00000000ffd80000)
  to   space 2560K, 0% used [0x00000000ffd80000,0x00000000ffd80000,0x0000000100000000)
 ParOldGen       total 44032K, used 1500K [0x00000000fc000000, 0x00000000feb00000, 0x00000000feb00000)
  object space 44032K, 3% used [0x00000000fc000000,0x00000000fc177188,0x00000000feb00000)
 Metaspace       used 6985K, capacity 7106K, committed 7296K, reserved 1056768K
  class space    used 816K, capacity 861K, committed 896K, reserved 1048576K
Event: 2.221 GC heap after
Heap after GC invocations=2 (full 0):
 PSYoungGen      total 18944K, used 2531K [0x00000000feb00000, 0x0000000100000000, 0x0000000100000000)
  eden space 16384K, 0% used [0x00000000feb00000,0x00000000feb00000,0x00000000ffb00000)
  from space 2560K, 98% used [0x00000000ffd80000,0x00000000ffff8df0,0x0000000100000000)
  to   space 2560K, 0% used [0x00000000ffb00000,0x00000000ffb00000,0x00000000ffd80000)
 ParOldGen       total 44032K, used 6081K [0x00000000fc000000, 0x00000000feb00000, 0x00000000feb00000)
  object space 44032K, 13% used [0x00000000fc000000,0x00000000fc5f06c0,0x00000000feb00000)
 Metaspace       used 6985K, capacity 7106K, committed 7296K, reserved 1056768K
  class space    used 816K, capacity 861K, committed 896K, reserved 1048576K
}

Deoptimization events (10 events):
Event: 1.349 Thread 0x0000000002f1d800 Uncommon trap: reason=unstable_if action=reinterpret pc=0x00000000034625d8 method=java.util.zip.ZipCoder.decoder()Ljava/nio/charset/CharsetDecoder; @ 4
Event: 1.349 Thread 0x0000000002f1d800 Uncommon trap: reason=unstable_if action=reinterpret pc=0x0000000003461818 method=java.util.zip.ZipEntry.setExtra0([BZ)V @ 1
Event: 1.352 Thread 0x0000000002f1d800 Uncommon trap: reason=unstable_if action=reinterpret pc=0x00000000034650c8 method=java.util.zip.ZipFile$ZipEntryIterator.hasNext()Z @ 25
Event: 1.352 Thread 0x0000000002f1d800 Uncommon trap: reason=unstable_if action=reinterpret pc=0x000000000345eac0 method=java.util.zip.ZipCoder.decoder()Ljava/nio/charset/CharsetDecoder; @ 4
Event: 1.355 Thread 0x0000000002f1d800 Uncommon trap: reason=unstable_if action=reinterpret pc=0x000000000346345c method=java.util.zip.ZipFile$ZipEntryIterator.hasNext()Z @ 25
Event: 1.421 Thread 0x0000000002f1d800 Uncommon trap: reason=unstable_if action=reinterpret pc=0x00000000034747c0 method=java.util.zip.ZipCoder.decoder()Ljava/nio/charset/CharsetDecoder; @ 4
Event: 1.422 Thread 0x0000000002f1d800 Uncommon trap: reason=unstable_if action=reinterpret pc=0x000000000346fbf8 method=java.util.zip.ZipCoder.decoder()Ljava/nio/charset/CharsetDecoder; @ 4
Event: 1.422 Thread 0x0000000002f1d800 Uncommon trap: reason=unstable_if action=reinterpret pc=0x000000000347726c method=java.util.zip.ZipCoder.decoder()Ljava/nio/charset/CharsetDecoder; @ 4
Event: 2.078 Thread 0x0000000002f1d800 Uncommon trap: reason=unloaded action=reinterpret pc=0x000000000346a5fc method=java.util.zip.ZipEntry.setExtra0([BZ)V @ 37
Event: 2.245 Thread 0x0000000002f1d800 Uncommon trap: reason=unstable_if action=reinterpret pc=0x00000000033c5df8 method=java.lang.String.<init>([CII)V @ 18

Classes redefined (0 events):
No events

Internal exceptions (10 events):
Event: 1.422 Thread 0x0000000002f1d800 Implicit null exception at 0x0000000003476893 to 0x0000000003477231
Event: 1.546 Thread 0x0000000002f1d800 Exception <a 'sun/nio/fs/WindowsException'> (0x00000000ff23cbd8) thrown at [D:\src\AOSP-openjdk-cygwin\jdk8u\hotspot\src\share\vm\prims\jni.cpp, line 709]
Event: 1.546 Thread 0x0000000002f1d800 Exception <a 'sun/nio/fs/WindowsException'> (0x00000000ff23d198) thrown at [D:\src\AOSP-openjdk-cygwin\jdk8u\hotspot\src\share\vm\prims\jni.cpp, line 709]
Event: 1.547 Thread 0x0000000002f1d800 Exception <a 'sun/nio/fs/WindowsException'> (0x00000000ff23d760) thrown at [D:\src\AOSP-openjdk-cygwin\jdk8u\hotspot\src\share\vm\prims\jni.cpp, line 709]
Event: 1.547 Thread 0x0000000002f1d800 Exception <a 'sun/nio/fs/WindowsException'> (0x00000000ff23df20) thrown at [D:\src\AOSP-openjdk-cygwin\jdk8u\hotspot\src\share\vm\prims\jni.cpp, line 709]
Event: 1.547 Thread 0x0000000002f1d800 Exception <a 'sun/nio/fs/WindowsException'> (0x00000000ff23e4c0) thrown at [D:\src\AOSP-openjdk-cygwin\jdk8u\hotspot\src\share\vm\prims\jni.cpp, line 709]
Event: 1.547 Thread 0x0000000002f1d800 Exception <a 'sun/nio/fs/WindowsException'> (0x00000000ff23ec70) thrown at [D:\src\AOSP-openjdk-cygwin\jdk8u\hotspot\src\share\vm\prims\jni.cpp, line 709]
Event: 1.610 Thread 0x0000000002f1d800 Exception <a 'sun/nio/fs/WindowsException'> (0x00000000ff243fb0) thrown at [D:\src\AOSP-openjdk-cygwin\jdk8u\hotspot\src\share\vm\prims\jni.cpp, line 709]
Event: 2.231 Thread 0x0000000002f1d800 Exception <a 'sun/nio/fs/WindowsException'> (0x00000000feb75198) thrown at [D:\src\AOSP-openjdk-cygwin\jdk8u\hotspot\src\share\vm\prims\jni.cpp, line 709]
Event: 2.236 Thread 0x0000000002f1d800 Exception <a 'sun/nio/fs/WindowsException'> (0x00000000feb756f0) thrown at [D:\src\AOSP-openjdk-cygwin\jdk8u\hotspot\src\share\vm\prims\jni.cpp, line 709]

Events (10 events):
Event: 2.454 loading class sun/util/calendar/CalendarDate
Event: 2.454 loading class sun/util/calendar/CalendarDate done
Event: 2.454 loading class sun/util/calendar/BaseCalendar$Date done
Event: 2.454 loading class sun/util/calendar/Gregorian$Date done
Event: 2.454 loading class sun/util/calendar/CalendarUtils
Event: 2.454 loading class sun/util/calendar/CalendarUtils done
Event: 2.455 loading class java/util/zip/ZipOutputStream$XEntry
Event: 2.455 loading class java/util/zip/ZipOutputStream$XEntry done
Event: 2.455 loading class org/objectweb/asm/Opcodes
Event: 2.455 loading class org/objectweb/asm/Opcodes done


Dynamic libraries:
0x00007ff708150000 - 0x00007ff708181000 	C:\Program Files\Android\Android Studio\jre\bin\java.exe
0x00007ffba9340000 - 0x00007ffba9521000 	C:\WINDOWS\SYSTEM32\ntdll.dll
0x00007ffba6ca0000 - 0x00007ffba6d52000 	C:\WINDOWS\System32\KERNEL32.DLL
0x00007ffba6070000 - 0x00007ffba62e3000 	C:\WINDOWS\System32\KERNELBASE.dll
0x00007ffba9260000 - 0x00007ffba9301000 	C:\WINDOWS\System32\ADVAPI32.dll
0x00007ffba77b0000 - 0x00007ffba784e000 	C:\WINDOWS\System32\msvcrt.dll
0x00007ffba71b0000 - 0x00007ffba720b000 	C:\WINDOWS\System32\sechost.dll
0x00007ffba7580000 - 0x00007ffba76a4000 	C:\WINDOWS\System32\RPCRT4.dll
0x00007ffba7ac0000 - 0x00007ffba7c50000 	C:\WINDOWS\System32\USER32.dll
0x00007ffba5790000 - 0x00007ffba57b0000 	C:\WINDOWS\System32\win32u.dll
0x00007ffba67e0000 - 0x00007ffba6808000 	C:\WINDOWS\System32\GDI32.dll
0x00007ffba6530000 - 0x00007ffba66c2000 	C:\WINDOWS\System32\gdi32full.dll
0x00007ffba5fd0000 - 0x00007ffba606f000 	C:\WINDOWS\System32\msvcp_win.dll
0x00007ffba66d0000 - 0x00007ffba67ca000 	C:\WINDOWS\System32\ucrtbase.dll
0x00007ffb93ad0000 - 0x00007ffb93d39000 	C:\WINDOWS\WinSxS\amd64_microsoft.windows.common-controls_6595b64144ccf1df_6.0.17134.48_none_b4b2216a3cb4dd3e\COMCTL32.dll
0x00007ffba6810000 - 0x00007ffba6b33000 	C:\WINDOWS\System32\combase.dll
0x00007ffba5710000 - 0x00007ffba578a000 	C:\WINDOWS\System32\bcryptPrimitives.dll
0x00007ffba9090000 - 0x00007ffba90bd000 	C:\WINDOWS\System32\IMM32.DLL
0x0000000067b70000 - 0x0000000067c42000 	C:\Program Files\Android\Android Studio\jre\jre\bin\msvcr100.dll
0x0000000067020000 - 0x000000006785e000 	C:\Program Files\Android\Android Studio\jre\jre\bin\server\jvm.dll
0x00007ffba91d0000 - 0x00007ffba91d8000 	C:\WINDOWS\System32\PSAPI.DLL
0x00007ffba39e0000 - 0x00007ffba39e9000 	C:\WINDOWS\SYSTEM32\WSOCK32.dll
0x00007ffba7510000 - 0x00007ffba757c000 	C:\WINDOWS\System32\WS2_32.dll
0x00007ffb95780000 - 0x00007ffb957a3000 	C:\WINDOWS\SYSTEM32\WINMM.dll
0x00007ffb9d7c0000 - 0x00007ffb9d7ca000 	C:\WINDOWS\SYSTEM32\VERSION.dll
0x00007ffb95570000 - 0x00007ffb9559a000 	C:\WINDOWS\SYSTEM32\winmmbase.dll
0x00007ffba64e0000 - 0x00007ffba6529000 	C:\WINDOWS\System32\cfgmgr32.dll
0x00007ffba0860000 - 0x00007ffba086f000 	C:\Program Files\Android\Android Studio\jre\jre\bin\verify.dll
0x00007ffb9d7f0000 - 0x00007ffb9d819000 	C:\Program Files\Android\Android Studio\jre\jre\bin\java.dll
0x00007ffba0840000 - 0x00007ffba0856000 	C:\Program Files\Android\Android Studio\jre\jre\bin\zip.dll
0x00007ffba7c50000 - 0x00007ffba9090000 	C:\WINDOWS\System32\SHELL32.dll
0x00007ffba9120000 - 0x00007ffba91c9000 	C:\WINDOWS\System32\shcore.dll
0x00007ffba58c0000 - 0x00007ffba5fcd000 	C:\WINDOWS\System32\windows.storage.dll
0x00007ffba90c0000 - 0x00007ffba9111000 	C:\WINDOWS\System32\shlwapi.dll
0x00007ffba5680000 - 0x00007ffba5691000 	C:\WINDOWS\System32\kernel.appcore.dll
0x00007ffba56f0000 - 0x00007ffba570f000 	C:\WINDOWS\System32\profapi.dll
0x00007ffba56a0000 - 0x00007ffba56ec000 	C:\WINDOWS\System32\powrprof.dll
0x00007ffba5650000 - 0x00007ffba565a000 	C:\WINDOWS\System32\FLTLIB.DLL
0x00007ffba5080000 - 0x00007ffba5097000 	C:\WINDOWS\SYSTEM32\CRYPTSP.dll
0x00007ffba4ab0000 - 0x00007ffba4ae3000 	C:\WINDOWS\system32\rsaenh.dll
0x00007ffba51b0000 - 0x00007ffba51d5000 	C:\WINDOWS\SYSTEM32\bcrypt.dll
0x00007ffba5580000 - 0x00007ffba55a8000 	C:\WINDOWS\SYSTEM32\USERENV.dll
0x00007ffba50a0000 - 0x00007ffba50ab000 	C:\WINDOWS\SYSTEM32\CRYPTBASE.dll
0x00007ffb9e480000 - 0x00007ffb9e49a000 	C:\Program Files\Android\Android Studio\jre\jre\bin\net.dll
0x00007ffba4ed0000 - 0x00007ffba4f36000 	C:\WINDOWS\system32\mswsock.dll
0x00007ffba4c50000 - 0x00007ffba4c88000 	C:\WINDOWS\SYSTEM32\IPHLPAPI.DLL
0x00007ffba7430000 - 0x00007ffba7438000 	C:\WINDOWS\System32\NSI.dll
0x00007ffb9a1f0000 - 0x00007ffb9a206000 	C:\WINDOWS\SYSTEM32\dhcpcsvc6.DLL
0x00007ffb9a120000 - 0x00007ffb9a13a000 	C:\WINDOWS\SYSTEM32\dhcpcsvc.DLL
0x00007ffb9d970000 - 0x00007ffb9d981000 	C:\Program Files\Android\Android Studio\jre\jre\bin\nio.dll

VM Arguments:
jvm_args: -Djava.awt.headless=true -Xmx64M -Dfile.encoding=x-windows-949 -Duser.country=KR -Duser.language=ko -Duser.variant 
java_command: com.google.devtools.build.android.desugar.Desugar @D:\test\app\build\intermediates\tmp\desugar_args9207966265768510279
java_class_path (initial): C:\Users\Goo\AppData\Local\Temp\desugar_deploy.jar7068671870238761673
Launcher Type: SUN_STANDARD

Environment Variables:
PATH=C:\ProgramData\Oracle\Java\javapath;C:\WINDOWS\system32;C:\WINDOWS;C:\WINDOWS\System32\Wbem;C:\WINDOWS\System32\WindowsPowerShell\v1.0\;C:\OpenSSL;;C:\WINDOWS\System32\OpenSSH\;C:\Users\Goo\AppData\Local\Microsoft\WindowsApps;
USERNAME=Goo
OS=Windows_NT
PROCESSOR_IDENTIFIER=Intel64 Family 6 Model 158 Stepping 9, GenuineIntel



---------------  S Y S T E M  ---------------

OS: Windows 10.0 , 64 bit Build 17134 (10.0.17134.1)

CPU:total 8 (initial active 8) (4 cores per cpu, 2 threads per core) family 6 model 158 stepping 9, cmov, cx8, fxsr, mmx, sse, sse2, sse3, ssse3, sse4.1, sse4.2, popcnt, avx, avx2, aes, clmul, erms, 3dnowpref, lzcnt, ht, tsc, tscinvbit, bmi1, bmi2, adx

Memory: 4k page, physical 16692940k(4633536k free), swap 16692940k(2584k free)

vm_info: OpenJDK 64-Bit Server VM (25.152-b01) for windows-amd64 JRE (1.8.0_152-release-915-b01), built by "builder" with MS VC++ 10.0 (VS2010)

time: Wed May 23 21:26:49 2018
elapsed time: 2 seconds (0d 0h 0m 2s)

