#
# There is insufficient memory for the Java Runtime Environment to continue.
# Native memory allocation (malloc) failed to allocate 871536 bytes for Chunk::new
# Possible reasons:
#   The system is out of physical RAM or swap space
#   In 32 bit mode, the process size limit was hit
# Possible solutions:
#   Reduce memory load on the system
#   Increase physical memory or swap space
#   Check if swap backing store is full
#   Use 64 bit Java on a 64 bit OS
#   Decrease Java heap size (-Xmx/-Xms)
#   Decrease number of Java threads
#   Decrease Java thread stack sizes (-Xss)
#   Set larger code cache with -XX:ReservedCodeCacheSize=
# This output file may be truncated or incomplete.
#
#  Out of Memory Error (allocation.cpp:390), pid=7248, tid=0x00000000000019d0
#
# JRE version: OpenJDK Runtime Environment (8.0_152-b01) (build 1.8.0_152-release-915-b01)
# Java VM: OpenJDK 64-Bit Server VM (25.152-b01 mixed mode windows-amd64 compressed oops)
# Failed to write core dump. Minidumps are not enabled by default on client versions of Windows
#

---------------  T H R E A D  ---------------

Current thread (0x0000000013f8e800):  JavaThread "C2 CompilerThread2" daemon [_thread_in_native, id=6608, stack(0x00000000167f0000,0x00000000168f0000)]

Stack: [0x00000000167f0000,0x00000000168f0000]
[error occurred during error reporting (printing stack bounds), id 0xc0000005]

Native frames: (J=compiled Java code, j=interpreted, Vv=VM code, C=native code)


Current CompileTask:
C2:   4191 1167       4       org.objectweb.asm.tree.MethodInsnNode::accept (30 bytes)


---------------  P R O C E S S  ---------------

Java Threads: ( => current thread )
  0x0000000015f64800 JavaThread "Service Thread" daemon [_thread_blocked, id=7476, stack(0x00000000169f0000,0x0000000016af0000)]
  0x0000000015f08000 JavaThread "C1 CompilerThread3" daemon [_thread_blocked, id=12884, stack(0x00000000168f0000,0x00000000169f0000)]
=>0x0000000013f8e800 JavaThread "C2 CompilerThread2" daemon [_thread_in_native, id=6608, stack(0x00000000167f0000,0x00000000168f0000)]
  0x0000000013f8b800 JavaThread "C2 CompilerThread1" daemon [_thread_in_native, id=9788, stack(0x00000000166f0000,0x00000000167f0000)]
  0x0000000015eef800 JavaThread "C2 CompilerThread0" daemon [_thread_in_native, id=9148, stack(0x00000000165f0000,0x00000000166f0000)]
  0x0000000015eee800 JavaThread "Attach Listener" daemon [_thread_blocked, id=11448, stack(0x00000000164f0000,0x00000000165f0000)]
  0x0000000015e9a800 JavaThread "Signal Dispatcher" daemon [_thread_blocked, id=10964, stack(0x00000000163f0000,0x00000000164f0000)]
  0x0000000013f81800 JavaThread "Finalizer" daemon [_thread_blocked, id=10512, stack(0x0000000016260000,0x0000000016360000)]
  0x00000000037c9800 JavaThread "Reference Handler" daemon [_thread_blocked, id=13304, stack(0x0000000015d60000,0x0000000015e60000)]
  0x000000000317d800 JavaThread "main" [_thread_in_native, id=9436, stack(0x00000000035d0000,0x00000000036d0000)]

Other Threads:
  0x0000000013f74800 VMThread [stack: 0x0000000015c60000,0x0000000015d60000] [id=11436]
  0x0000000015f53000 WatcherThread [stack: 0x0000000016af0000,0x0000000016bf0000] [id=3148]

VM state:not at safepoint (normal execution)

VM Mutex/Monitor currently owned by a thread: None

Heap:
 PSYoungGen      total 18944K, used 8114K [0x00000000feb00000, 0x0000000100000000, 0x0000000100000000)
  eden space 16384K, 34% used [0x00000000feb00000,0x00000000ff073dd8,0x00000000ffb00000)
  from space 2560K, 98% used [0x00000000ffb00000,0x00000000ffd78df0,0x00000000ffd80000)
  to   space 2560K, 0% used [0x00000000ffd80000,0x00000000ffd80000,0x0000000100000000)
 ParOldGen       total 44032K, used 7051K [0x00000000fc000000, 0x00000000feb00000, 0x00000000feb00000)
  object space 44032K, 16% used [0x00000000fc000000,0x00000000fc6e2cb0,0x00000000feb00000)
 Metaspace       used 7807K, capacity 7986K, committed 8192K, reserved 1056768K
  class space    used 875K, capacity 957K, committed 1024K, reserved 1048576K

Card table byte_map: [0x00000000030e0000,0x0000000003110000] byte_map_base: 0x0000000002900000

Marking Bits: (ParMarkBitMap*) 0x0000000055473950
 Begin Bits: [0x0000000013390000, 0x0000000013490000)
 End Bits:   [0x0000000013490000, 0x0000000013590000)

Polling page: 0x0000000001440000

CodeCache: size=245760Kb used=4789Kb max_used=4789Kb free=240970Kb
 bounds [0x00000000037d0000, 0x0000000003c90000, 0x00000000127d0000]
 total_blobs=1504 nmethods=1169 adapters=248
 compilation: enabled

Compilation events (10 events):
Event: 4.106 Thread 0x0000000015f08000 nmethod 1165 0x0000000003c15010 code [0x0000000003c151a0, 0x0000000003c155d8]
Event: 4.106 Thread 0x0000000015f08000 1166       3       org.objectweb.asm.tree.AnnotationNode::<init> (11 bytes)
Event: 4.107 Thread 0x0000000015f08000 nmethod 1166 0x0000000003c14b90 code [0x0000000003c14d00, 0x0000000003c14f28]
Event: 4.136 Thread 0x0000000015f08000 1169       3       org.objectweb.asm.ClassReader::a (3587 bytes)
Event: 4.137 Thread 0x0000000013f8b800 1171       4       org.objectweb.asm.ClassWriter::a (91 bytes)
Event: 4.158 Thread 0x0000000015f08000 nmethod 1169 0x0000000003c60510 code [0x0000000003c616e0, 0x0000000003c73848]
Event: 4.158 Thread 0x0000000015f08000 1170       3       org.objectweb.asm.MethodVisitor::visitIntInsn (17 bytes)
Event: 4.158 Thread 0x0000000015f08000 nmethod 1170 0x0000000003c146d0 code [0x0000000003c14840, 0x0000000003c14aa8]
Event: 4.158 Thread 0x0000000015f08000 1174       3       org.objectweb.asm.AnnotationVisitor::<init> (35 bytes)
Event: 4.158 Thread 0x0000000015f08000 nmethod 1174 0x0000000003c14150 code [0x0000000003c142c0, 0x0000000003c145c8]

GC Heap History (6 events):
Event: 1.312 GC heap before
{Heap before GC invocations=1 (full 0):
 PSYoungGen      total 18944K, used 16384K [0x00000000feb00000, 0x0000000100000000, 0x0000000100000000)
  eden space 16384K, 100% used [0x00000000feb00000,0x00000000ffb00000,0x00000000ffb00000)
  from space 2560K, 0% used [0x00000000ffd80000,0x00000000ffd80000,0x0000000100000000)
  to   space 2560K, 0% used [0x00000000ffb00000,0x00000000ffb00000,0x00000000ffd80000)
 ParOldGen       total 44032K, used 0K [0x00000000fc000000, 0x00000000feb00000, 0x00000000feb00000)
  object space 44032K, 0% used [0x00000000fc000000,0x00000000fc000000,0x00000000feb00000)
 Metaspace       used 6641K, capacity 6816K, committed 7040K, reserved 1056768K
  class space    used 773K, capacity 824K, committed 896K, reserved 1048576K
Event: 1.349 GC heap after
Heap after GC invocations=1 (full 0):
 PSYoungGen      total 18944K, used 2553K [0x00000000feb00000, 0x0000000100000000, 0x0000000100000000)
  eden space 16384K, 0% used [0x00000000feb00000,0x00000000feb00000,0x00000000ffb00000)
  from space 2560K, 99% used [0x00000000ffb00000,0x00000000ffd7e630,0x00000000ffd80000)
  to   space 2560K, 0% used [0x00000000ffd80000,0x00000000ffd80000,0x0000000100000000)
 ParOldGen       total 44032K, used 1656K [0x00000000fc000000, 0x00000000feb00000, 0x00000000feb00000)
  object space 44032K, 3% used [0x00000000fc000000,0x00000000fc19e2c8,0x00000000feb00000)
 Metaspace       used 6641K, capacity 6816K, committed 7040K, reserved 1056768K
  class space    used 773K, capacity 824K, committed 896K, reserved 1048576K
}
Event: 1.774 GC heap before
{Heap before GC invocations=2 (full 0):
 PSYoungGen      total 18944K, used 18937K [0x00000000feb00000, 0x0000000100000000, 0x0000000100000000)
  eden space 16384K, 100% used [0x00000000feb00000,0x00000000ffb00000,0x00000000ffb00000)
  from space 2560K, 99% used [0x00000000ffb00000,0x00000000ffd7e630,0x00000000ffd80000)
  to   space 2560K, 0% used [0x00000000ffd80000,0x00000000ffd80000,0x0000000100000000)
 ParOldGen       total 44032K, used 1656K [0x00000000fc000000, 0x00000000feb00000, 0x00000000feb00000)
  object space 44032K, 3% used [0x00000000fc000000,0x00000000fc19e2c8,0x00000000feb00000)
 Metaspace       used 6993K, capacity 7122K, committed 7296K, reserved 1056768K
  class space    used 816K, capacity 861K, committed 896K, reserved 1048576K
Event: 1.828 GC heap after
Heap after GC invocations=2 (full 0):
 PSYoungGen      total 18944K, used 2547K [0x00000000feb00000, 0x0000000100000000, 0x0000000100000000)
  eden space 16384K, 0% used [0x00000000feb00000,0x00000000feb00000,0x00000000ffb00000)
  from space 2560K, 99% used [0x00000000ffd80000,0x00000000ffffce00,0x0000000100000000)
  to   space 2560K, 0% used [0x00000000ffb00000,0x00000000ffb00000,0x00000000ffd80000)
 ParOldGen       total 44032K, used 5894K [0x00000000fc000000, 0x00000000feb00000, 0x00000000feb00000)
  object space 44032K, 13% used [0x00000000fc000000,0x00000000fc5c1800,0x00000000feb00000)
 Metaspace       used 6993K, capacity 7122K, committed 7296K, reserved 1056768K
  class space    used 816K, capacity 861K, committed 896K, reserved 1048576K
}
Event: 2.718 GC heap before
{Heap before GC invocations=3 (full 0):
 PSYoungGen      total 18944K, used 18931K [0x00000000feb00000, 0x0000000100000000, 0x0000000100000000)
  eden space 16384K, 100% used [0x00000000feb00000,0x00000000ffb00000,0x00000000ffb00000)
  from space 2560K, 99% used [0x00000000ffd80000,0x00000000ffffce00,0x0000000100000000)
  to   space 2560K, 0% used [0x00000000ffb00000,0x00000000ffb00000,0x00000000ffd80000)
 ParOldGen       total 44032K, used 5894K [0x00000000fc000000, 0x00000000feb00000, 0x00000000feb00000)
  object space 44032K, 13% used [0x00000000fc000000,0x00000000fc5c1800,0x00000000feb00000)
 Metaspace       used 7793K, capacity 7922K, committed 8192K, reserved 1056768K
  class space    used 875K, capacity 957K, committed 1024K, reserved 1048576K
Event: 3.255 GC heap after
Heap after GC invocations=3 (full 0):
 PSYoungGen      total 18944K, used 2531K [0x00000000feb00000, 0x0000000100000000, 0x0000000100000000)
  eden space 16384K, 0% used [0x00000000feb00000,0x00000000feb00000,0x00000000ffb00000)
  from space 2560K, 98% used [0x00000000ffb00000,0x00000000ffd78df0,0x00000000ffd80000)
  to   space 2560K, 0% used [0x00000000ffd80000,0x00000000ffd80000,0x0000000100000000)
 ParOldGen       total 44032K, used 7051K [0x00000000fc000000, 0x00000000feb00000, 0x00000000feb00000)
  object space 44032K, 16% used [0x00000000fc000000,0x00000000fc6e2cb0,0x00000000feb00000)
 Metaspace       used 7793K, capacity 7922K, committed 8192K, reserved 1056768K
  class space    used 875K, capacity 957K, committed 1024K, reserved 1048576K
}

Deoptimization events (10 events):
Event: 2.564 Thread 0x000000000317d800 Uncommon trap: reason=unstable_if action=reinterpret pc=0x0000000003b5196c method=org.objectweb.asm.MethodWriter.visitVarInsn(II)V @ 142
Event: 2.564 Thread 0x000000000317d800 Uncommon trap: reason=unstable_if action=reinterpret pc=0x0000000003b0bbd8 method=org.objectweb.asm.Type.getArgumentsAndReturnSizes(Ljava/lang/String;)I @ 47
Event: 3.713 Thread 0x000000000317d800 Uncommon trap: reason=unstable_if action=reinterpret pc=0x0000000003b9d1ac method=org.objectweb.asm.Type.getArgumentsAndReturnSizes(Ljava/lang/String;)I @ 41
Event: 3.713 Thread 0x000000000317d800 Uncommon trap: reason=unstable_if action=reinterpret pc=0x0000000003be0f6c method=org.objectweb.asm.Type.getArgumentsAndReturnSizes(Ljava/lang/String;)I @ 41
Event: 3.713 Thread 0x000000000317d800 Uncommon trap: reason=unstable_if action=reinterpret pc=0x0000000003bad9e8 method=org.objectweb.asm.MethodWriter.visitVarInsn(II)V @ 148
Event: 3.713 Thread 0x000000000317d800 Uncommon trap: reason=unstable_if action=reinterpret pc=0x0000000003bacb78 method=org.objectweb.asm.MethodWriter.visitVarInsn(II)V @ 136
Event: 4.081 Thread 0x000000000317d800 Uncommon trap: reason=unstable_if action=reinterpret pc=0x0000000003bf2c74 method=org.objectweb.asm.ClassReader.a(Lorg/objectweb/asm/MethodVisitor;Lorg/objectweb/asm/Context;I)V @ 669
Event: 4.082 Thread 0x000000000317d800 Uncommon trap: reason=null_check action=make_not_entrant pc=0x0000000003c2a698 method=com.google.devtools.build.android.desugar.InterfaceDesugaring$InterfaceInvocationRewriter.visitMethodInsn(ILjava/lang/String;Ljava/lang/String;Ljava/lang/String;Z)V @ 10
Event: 4.082 Thread 0x000000000317d800 Uncommon trap: reason=unstable_if action=reinterpret pc=0x0000000003b30f8c method=org.objectweb.asm.ClassReader.readUTF8(I[C)Ljava/lang/String; @ 11
Event: 4.083 Thread 0x000000000317d800 Uncommon trap: reason=null_check action=make_not_entrant pc=0x0000000003c18698 method=com.google.devtools.build.android.desugar.InterfaceDesugaring$InterfaceInvocationRewriter.visitMethodInsn(ILjava/lang/String;Ljava/lang/String;Ljava/lang/String;Z)V @ 10

Classes redefined (0 events):
No events

Internal exceptions (10 events):
Event: 4.071 Thread 0x000000000317d800 Exception <a 'sun/nio/fs/WindowsException'> (0x00000000fee6f398) thrown at [D:\src\AOSP-openjdk-cygwin\jdk8u\hotspot\src\share\vm\prims\jni.cpp, line 709]
Event: 4.071 Thread 0x000000000317d800 Exception <a 'sun/nio/fs/WindowsException'> (0x00000000fee6f870) thrown at [D:\src\AOSP-openjdk-cygwin\jdk8u\hotspot\src\share\vm\prims\jni.cpp, line 709]
Event: 4.079 Thread 0x000000000317d800 Exception <a 'sun/nio/fs/WindowsException'> (0x00000000fee72d28) thrown at [D:\src\AOSP-openjdk-cygwin\jdk8u\hotspot\src\share\vm\prims\jni.cpp, line 709]
Event: 4.079 Thread 0x000000000317d800 Exception <a 'sun/nio/fs/WindowsException'> (0x00000000fee73200) thrown at [D:\src\AOSP-openjdk-cygwin\jdk8u\hotspot\src\share\vm\prims\jni.cpp, line 709]
Event: 4.082 Thread 0x000000000317d800 Implicit null exception at 0x0000000003c25036 to 0x0000000003c2a679
Event: 4.083 Thread 0x000000000317d800 Implicit null exception at 0x0000000003c15b98 to 0x0000000003c18685
Event: 4.129 Thread 0x000000000317d800 Exception <a 'sun/nio/fs/WindowsException'> (0x00000000feece6a0) thrown at [D:\src\AOSP-openjdk-cygwin\jdk8u\hotspot\src\share\vm\prims\jni.cpp, line 709]
Event: 4.129 Thread 0x000000000317d800 Exception <a 'sun/nio/fs/WindowsException'> (0x00000000feeceb78) thrown at [D:\src\AOSP-openjdk-cygwin\jdk8u\hotspot\src\share\vm\prims\jni.cpp, line 709]
Event: 4.165 Thread 0x000000000317d800 Exception <a 'sun/nio/fs/WindowsException'> (0x00000000ff032ed0) thrown at [D:\src\AOSP-openjdk-cygwin\jdk8u\hotspot\src\share\vm\prims\jni.cpp, line 709]
Event: 4.165 Thread 0x000000000317d800 Exception <a 'sun/nio/fs/WindowsException'> (0x00000000ff0333a8) thrown at [D:\src\AOSP-openjdk-cygwin\jdk8u\hotspot\src\share\vm\prims\jni.cpp, line 709]

Events (10 events):
Event: 4.082 Thread 0x000000000317d800 DEOPT PACKING pc=0x0000000003c2a698 sp=0x00000000036ceed0
Event: 4.082 Thread 0x000000000317d800 DEOPT UNPACKING pc=0x000000000381556a sp=0x00000000036cee60 mode 2
Event: 4.082 Thread 0x000000000317d800 Uncommon trap: trap_request=0xffffff65 fr.pc=0x0000000003b30f8c
Event: 4.082 Thread 0x000000000317d800 DEOPT PACKING pc=0x0000000003b30f8c sp=0x00000000036cf290
Event: 4.082 Thread 0x000000000317d800 DEOPT UNPACKING pc=0x000000000381556a sp=0x00000000036cf260 mode 2
Event: 4.083 Thread 0x000000000317d800 Uncommon trap: trap_request=0xfffffff4 fr.pc=0x0000000003c18698
Event: 4.083 Thread 0x000000000317d800 DEOPT PACKING pc=0x0000000003c18698 sp=0x00000000036cee50
Event: 4.083 Thread 0x000000000317d800 DEOPT UNPACKING pc=0x000000000381556a sp=0x00000000036cee50 mode 2
Event: 4.177 Executing VM operation: EnableBiasedLocking
Event: 4.177 Executing VM operation: EnableBiasedLocking done


Dynamic libraries:
0x00007ff743630000 - 0x00007ff743661000 	C:\Program Files\Android\Android Studio\jre\bin\java.exe
0x00007ffde28f0000 - 0x00007ffde2ad1000 	C:\WINDOWS\SYSTEM32\ntdll.dll
0x00007ffde1a20000 - 0x00007ffde1ad2000 	C:\WINDOWS\System32\KERNEL32.DLL
0x00007ffddf250000 - 0x00007ffddf4c3000 	C:\WINDOWS\System32\KERNELBASE.dll
0x00007ffde1ae0000 - 0x00007ffde1b81000 	C:\WINDOWS\System32\ADVAPI32.dll
0x00007ffde27f0000 - 0x00007ffde288e000 	C:\WINDOWS\System32\msvcrt.dll
0x00007ffddfda0000 - 0x00007ffddfdfb000 	C:\WINDOWS\System32\sechost.dll
0x00007ffde2010000 - 0x00007ffde2134000 	C:\WINDOWS\System32\RPCRT4.dll
0x00007ffde1e80000 - 0x00007ffde2010000 	C:\WINDOWS\System32\USER32.dll
0x00007ffddf230000 - 0x00007ffddf250000 	C:\WINDOWS\System32\win32u.dll
0x00007ffde1e50000 - 0x00007ffde1e78000 	C:\WINDOWS\System32\GDI32.dll
0x00007ffddfbe0000 - 0x00007ffddfd72000 	C:\WINDOWS\System32\gdi32full.dll
0x00007ffddf030000 - 0x00007ffddf0cf000 	C:\WINDOWS\System32\msvcp_win.dll
0x00007ffddf0d0000 - 0x00007ffddf1ca000 	C:\WINDOWS\System32\ucrtbase.dll
0x00007ffdd1c40000 - 0x00007ffdd1ea9000 	C:\WINDOWS\WinSxS\amd64_microsoft.windows.common-controls_6595b64144ccf1df_6.0.17134.112_none_fb3f961b30681c12\COMCTL32.dll
0x00007ffde16f0000 - 0x00007ffde1a13000 	C:\WINDOWS\System32\combase.dll
0x00007ffddecc0000 - 0x00007ffdded3a000 	C:\WINDOWS\System32\bcryptPrimitives.dll
0x00007ffde2890000 - 0x00007ffde28bd000 	C:\WINDOWS\System32\IMM32.DLL
0x0000000054bd0000 - 0x0000000054ca2000 	C:\Program Files\Android\Android Studio\jre\jre\bin\msvcr100.dll
0x0000000054cb0000 - 0x00000000554ee000 	C:\Program Files\Android\Android Studio\jre\jre\bin\server\jvm.dll
0x00007ffde16e0000 - 0x00007ffde16e8000 	C:\WINDOWS\System32\PSAPI.DLL
0x00007ffddcde0000 - 0x00007ffddce03000 	C:\WINDOWS\SYSTEM32\WINMM.dll
0x00007ffdd57a0000 - 0x00007ffdd57aa000 	C:\WINDOWS\SYSTEM32\VERSION.dll
0x00007ffddcc90000 - 0x00007ffddccba000 	C:\WINDOWS\SYSTEM32\WINMMBASE.dll
0x00007ffddedf0000 - 0x00007ffddee39000 	C:\WINDOWS\System32\cfgmgr32.dll
0x00007ffdc87f0000 - 0x00007ffdc87f9000 	C:\WINDOWS\SYSTEM32\WSOCK32.dll
0x00007ffde1c80000 - 0x00007ffde1cec000 	C:\WINDOWS\System32\WS2_32.dll
0x00007ffdc87e0000 - 0x00007ffdc87ef000 	C:\Program Files\Android\Android Studio\jre\jre\bin\verify.dll
0x00007ffdc87b0000 - 0x00007ffdc87d9000 	C:\Program Files\Android\Android Studio\jre\jre\bin\java.dll
0x00007ffdc8790000 - 0x00007ffdc87a6000 	C:\Program Files\Android\Android Studio\jre\jre\bin\zip.dll
0x00007ffde00f0000 - 0x00007ffde1530000 	C:\WINDOWS\System32\SHELL32.dll
0x00007ffde2740000 - 0x00007ffde27e9000 	C:\WINDOWS\System32\shcore.dll
0x00007ffddf4d0000 - 0x00007ffddfbdd000 	C:\WINDOWS\System32\windows.storage.dll
0x00007ffde2290000 - 0x00007ffde22e1000 	C:\WINDOWS\System32\shlwapi.dll
0x00007ffddec20000 - 0x00007ffddec31000 	C:\WINDOWS\System32\kernel.appcore.dll
0x00007ffddec50000 - 0x00007ffddec6f000 	C:\WINDOWS\System32\profapi.dll
0x00007ffddec70000 - 0x00007ffddecbc000 	C:\WINDOWS\System32\powrprof.dll
0x00007ffddec40000 - 0x00007ffddec4a000 	C:\WINDOWS\System32\FLTLIB.DLL
0x00007ffdde630000 - 0x00007ffdde647000 	C:\WINDOWS\SYSTEM32\CRYPTSP.dll
0x00007ffdde060000 - 0x00007ffdde093000 	C:\WINDOWS\system32\rsaenh.dll
0x00007ffdde760000 - 0x00007ffdde785000 	C:\WINDOWS\SYSTEM32\bcrypt.dll
0x00007ffddeb00000 - 0x00007ffddeb28000 	C:\WINDOWS\SYSTEM32\USERENV.dll
0x00007ffdde650000 - 0x00007ffdde65b000 	C:\WINDOWS\SYSTEM32\CRYPTBASE.dll
0x00007ffdc8670000 - 0x00007ffdc868a000 	C:\Program Files\Android\Android Studio\jre\jre\bin\net.dll
0x00007ffdde480000 - 0x00007ffdde4e6000 	C:\WINDOWS\system32\mswsock.dll
0x00007ffdde200000 - 0x00007ffdde238000 	C:\WINDOWS\SYSTEM32\IPHLPAPI.DLL
0x00007ffde1bf0000 - 0x00007ffde1bf8000 	C:\WINDOWS\System32\NSI.dll
0x00007ffdd7790000 - 0x00007ffdd77a6000 	C:\WINDOWS\SYSTEM32\dhcpcsvc6.DLL
0x00007ffdd6720000 - 0x00007ffdd673a000 	C:\WINDOWS\SYSTEM32\dhcpcsvc.DLL
0x00007ffdc8630000 - 0x00007ffdc8641000 	C:\Program Files\Android\Android Studio\jre\jre\bin\nio.dll

VM Arguments:
jvm_args: -Djava.awt.headless=true -Xmx64M -Dfile.encoding=x-windows-949 -Duser.country=KR -Duser.language=ko -Duser.variant 
java_command: com.google.devtools.build.android.desugar.Desugar @D:\test\app\build\intermediates\tmp\desugar_args1319777654521455080
java_class_path (initial): C:\Users\Goo\AppData\Local\Temp\desugar_deploy.jar6387874304095112173
Launcher Type: SUN_STANDARD

Environment Variables:
PATH=C:\ProgramData\Oracle\Java\javapath;C:\WINDOWS\system32;C:\WINDOWS;C:\WINDOWS\System32\Wbem;C:\WINDOWS\System32\WindowsPowerShell\v1.0\;C:\OpenSSL;;C:\WINDOWS\System32\OpenSSH\;C:\Users\Goo\AppData\Local\Microsoft\WindowsApps;
USERNAME=Goo
OS=Windows_NT
PROCESSOR_IDENTIFIER=Intel64 Family 6 Model 158 Stepping 9, GenuineIntel



---------------  S Y S T E M  ---------------

OS: Windows 10.0 , 64 bit Build 17134 (10.0.17134.1)

CPU:total 8 (initial active 8) (4 cores per cpu, 2 threads per core) family 6 model 158 stepping 9, cmov, cx8, fxsr, mmx, sse, sse2, sse3, ssse3, sse4.1, sse4.2, popcnt, avx, avx2, aes, clmul, erms, 3dnowpref, lzcnt, ht, tsc, tscinvbit, bmi1, bmi2, adx

Memory: 4k page, physical 16692940k(2858852k free), swap 16692940k(49964k free)

vm_info: OpenJDK 64-Bit Server VM (25.152-b01) for windows-amd64 JRE (1.8.0_152-release-915-b01), built by "builder" with MS VC++ 10.0 (VS2010)

time: Fri Jun 22 04:40:43 2018
elapsed time: 4 seconds (0d 0h 0m 4s)

