#
# There is insufficient memory for the Java Runtime Environment to continue.
# Native memory allocation (malloc) failed to allocate 32744 bytes for ChunkPool::allocate
# Possible reasons:
#   The system is out of physical RAM or swap space
#   In 32 bit mode, the process size limit was hit
# Possible solutions:
#   Reduce memory load on the system
#   Increase physical memory or swap space
#   Check if swap backing store is full
#   Use 64 bit Java on a 64 bit OS
#   Decrease Java heap size (-Xmx/-Xms)
#   Decrease number of Java threads
#   Decrease Java thread stack sizes (-Xss)
#   Set larger code cache with -XX:ReservedCodeCacheSize=
# This output file may be truncated or incomplete.
#
#  Out of Memory Error (allocation.cpp:273), pid=8876, tid=0x0000000000001cb4
#
# JRE version: OpenJDK Runtime Environment (8.0_152-b01) (build 1.8.0_152-release-915-b01)
# Java VM: OpenJDK 64-Bit Server VM (25.152-b01 mixed mode windows-amd64 compressed oops)
# Failed to write core dump. Minidumps are not enabled by default on client versions of Windows
#

---------------  T H R E A D  ---------------

Current thread (0x0000000015778000):  JavaThread "C1 CompilerThread3" daemon [_thread_in_native, id=7348, stack(0x00000000160e0000,0x00000000161e0000)]

Stack: [0x00000000160e0000,0x00000000161e0000]
[error occurred during error reporting (printing stack bounds), id 0xc0000005]

Native frames: (J=compiled Java code, j=interpreted, Vv=VM code, C=native code)


Current CompileTask:
C1:   5217  780       3       org.objectweb.asm.ClassReader::a (3587 bytes)


---------------  P R O C E S S  ---------------

Java Threads: ( => current thread )
  0x000000001578f000 JavaThread "Service Thread" daemon [_thread_blocked, id=11520, stack(0x00000000161e0000,0x00000000162e0000)]
=>0x0000000015778000 JavaThread "C1 CompilerThread3" daemon [_thread_in_native, id=7348, stack(0x00000000160e0000,0x00000000161e0000)]
  0x0000000015771000 JavaThread "C2 CompilerThread2" daemon [_thread_blocked, id=4748, stack(0x0000000015fe0000,0x00000000160e0000)]
  0x00000000137fb800 JavaThread "C2 CompilerThread1" daemon [_thread_blocked, id=944, stack(0x0000000015ee0000,0x0000000015fe0000)]
  0x000000001576f000 JavaThread "C2 CompilerThread0" daemon [_thread_blocked, id=11312, stack(0x0000000015de0000,0x0000000015ee0000)]
  0x000000001576d800 JavaThread "Attach Listener" daemon [_thread_blocked, id=7988, stack(0x0000000015ce0000,0x0000000015de0000)]
  0x000000001571a000 JavaThread "Signal Dispatcher" daemon [_thread_blocked, id=13580, stack(0x0000000015be0000,0x0000000015ce0000)]
  0x000000000303e800 JavaThread "Finalizer" daemon [_thread_blocked, id=9088, stack(0x0000000015ae0000,0x0000000015be0000)]
  0x0000000003037000 JavaThread "Reference Handler" daemon [_thread_blocked, id=7700, stack(0x00000000155e0000,0x00000000156e0000)]
  0x0000000002f3d800 JavaThread "main" [_thread_in_Java, id=13464, stack(0x0000000002d40000,0x0000000002e40000)]

Other Threads:
  0x00000000137e5000 VMThread [stack: 0x00000000154e0000,0x00000000155e0000] [id=7604]
  0x000000001578f800 WatcherThread [stack: 0x00000000162e0000,0x00000000163e0000] [id=476]

VM state:not at safepoint (normal execution)

VM Mutex/Monitor currently owned by a thread: None

Heap:
 PSYoungGen      total 18944K, used 4964K [0x00000000feb00000, 0x0000000100000000, 0x0000000100000000)
  eden space 16384K, 14% used [0x00000000feb00000,0x00000000fed60410,0x00000000ffb00000)
  from space 2560K, 98% used [0x00000000ffd80000,0x00000000ffff8df0,0x0000000100000000)
  to   space 2560K, 0% used [0x00000000ffb00000,0x00000000ffb00000,0x00000000ffd80000)
 ParOldGen       total 44032K, used 6025K [0x00000000fc000000, 0x00000000feb00000, 0x00000000feb00000)
  object space 44032K, 13% used [0x00000000fc000000,0x00000000fc5e2798,0x00000000feb00000)
 Metaspace       used 7483K, capacity 7650K, committed 7936K, reserved 1056768K
  class space    used 874K, capacity 957K, committed 1024K, reserved 1048576K

Card table byte_map: [0x00000000029a0000,0x00000000029d0000] byte_map_base: 0x00000000021c0000

Marking Bits: (ParMarkBitMap*) 0x000000005a983950
 Begin Bits: [0x0000000012c00000, 0x0000000012d00000)
 End Bits:   [0x0000000012d00000, 0x0000000012e00000)

Polling page: 0x00000000007f0000

CodeCache: size=245760Kb used=2793Kb max_used=2793Kb free=242966Kb
 bounds [0x0000000003040000, 0x0000000003300000, 0x0000000012040000]
 total_blobs=1113 nmethods=779 adapters=248
 compilation: enabled

Compilation events (10 events):
Event: 5.201 Thread 0x0000000015778000 nmethod 777 0x00000000032f9bd0 code [0x00000000032f9d60, 0x00000000032fa088]
Event: 5.201 Thread 0x0000000015778000  778       3       org.objectweb.asm.tree.VarInsnNode::<init> (11 bytes)
Event: 5.201 Thread 0x0000000015778000 nmethod 778 0x00000000032fa250 code [0x00000000032fa3c0, 0x00000000032fa5d0]
Event: 5.201 Thread 0x0000000015778000  775       3       org.objectweb.asm.tree.MethodNode::visitLineNumber (21 bytes)
Event: 5.202 Thread 0x0000000015778000 nmethod 775 0x00000000032fa6d0 code [0x00000000032fa880, 0x00000000032fb068]
Event: 5.202 Thread 0x0000000015778000  776       3       org.objectweb.asm.tree.LineNumberNode::<init> (16 bytes)
Event: 5.202 Thread 0x0000000015778000 nmethod 776 0x00000000032fb450 code [0x00000000032fb5c0, 0x00000000032fb7f0]
Event: 5.202 Thread 0x0000000015778000  779       3       org.objectweb.asm.tree.VarInsnNode::accept (18 bytes)
Event: 5.202 Thread 0x0000000015778000 nmethod 779 0x00000000032fb8d0 code [0x00000000032fba40, 0x00000000032fbd38]
Event: 5.202 Thread 0x0000000015778000  780       3       org.objectweb.asm.ClassReader::a (3587 bytes)

GC Heap History (4 events):
Event: 3.854 GC heap before
{Heap before GC invocations=1 (full 0):
 PSYoungGen      total 18944K, used 16384K [0x00000000feb00000, 0x0000000100000000, 0x0000000100000000)
  eden space 16384K, 100% used [0x00000000feb00000,0x00000000ffb00000,0x00000000ffb00000)
  from space 2560K, 0% used [0x00000000ffd80000,0x00000000ffd80000,0x0000000100000000)
  to   space 2560K, 0% used [0x00000000ffb00000,0x00000000ffb00000,0x00000000ffd80000)
 ParOldGen       total 44032K, used 0K [0x00000000fc000000, 0x00000000feb00000, 0x00000000feb00000)
  object space 44032K, 0% used [0x00000000fc000000,0x00000000fc000000,0x00000000feb00000)
 Metaspace       used 6574K, capacity 6672K, committed 6784K, reserved 1056768K
  class space    used 773K, capacity 824K, committed 896K, reserved 1048576K
Event: 3.886 GC heap after
Heap after GC invocations=1 (full 0):
 PSYoungGen      total 18944K, used 2553K [0x00000000feb00000, 0x0000000100000000, 0x0000000100000000)
  eden space 16384K, 0% used [0x00000000feb00000,0x00000000feb00000,0x00000000ffb00000)
  from space 2560K, 99% used [0x00000000ffb00000,0x00000000ffd7e630,0x00000000ffd80000)
  to   space 2560K, 0% used [0x00000000ffd80000,0x00000000ffd80000,0x0000000100000000)
 ParOldGen       total 44032K, used 1708K [0x00000000fc000000, 0x00000000feb00000, 0x00000000feb00000)
  object space 44032K, 3% used [0x00000000fc000000,0x00000000fc1ab260,0x00000000feb00000)
 Metaspace       used 6574K, capacity 6672K, committed 6784K, reserved 1056768K
  class space    used 773K, capacity 824K, committed 896K, reserved 1048576K
}
Event: 5.069 GC heap before
{Heap before GC invocations=2 (full 0):
 PSYoungGen      total 18944K, used 18937K [0x00000000feb00000, 0x0000000100000000, 0x0000000100000000)
  eden space 16384K, 100% used [0x00000000feb00000,0x00000000ffb00000,0x00000000ffb00000)
  from space 2560K, 99% used [0x00000000ffb00000,0x00000000ffd7e630,0x00000000ffd80000)
  to   space 2560K, 0% used [0x00000000ffd80000,0x00000000ffd80000,0x0000000100000000)
 ParOldGen       total 44032K, used 1708K [0x00000000fc000000, 0x00000000feb00000, 0x00000000feb00000)
  object space 44032K, 3% used [0x00000000fc000000,0x00000000fc1ab260,0x00000000feb00000)
 Metaspace       used 6938K, capacity 7106K, committed 7296K, reserved 1056768K
  class space    used 816K, capacity 861K, committed 896K, reserved 1048576K
Event: 5.082 GC heap after
Heap after GC invocations=2 (full 0):
 PSYoungGen      total 18944K, used 2531K [0x00000000feb00000, 0x0000000100000000, 0x0000000100000000)
  eden space 16384K, 0% used [0x00000000feb00000,0x00000000feb00000,0x00000000ffb00000)
  from space 2560K, 98% used [0x00000000ffd80000,0x00000000ffff8df0,0x0000000100000000)
  to   space 2560K, 0% used [0x00000000ffb00000,0x00000000ffb00000,0x00000000ffd80000)
 ParOldGen       total 44032K, used 6025K [0x00000000fc000000, 0x00000000feb00000, 0x00000000feb00000)
  object space 44032K, 13% used [0x00000000fc000000,0x00000000fc5e2798,0x00000000feb00000)
 Metaspace       used 6938K, capacity 7106K, committed 7296K, reserved 1056768K
  class space    used 816K, capacity 861K, committed 896K, reserved 1048576K
}

Deoptimization events (10 events):
Event: 3.721 Thread 0x0000000002f3d800 Uncommon trap: reason=unstable_if action=reinterpret pc=0x000000000325306c method=java.util.zip.ZipFile$ZipEntryIterator.hasNext()Z @ 25
Event: 3.721 Thread 0x0000000002f3d800 Uncommon trap: reason=unstable_if action=reinterpret pc=0x0000000003254898 method=java.util.zip.ZipCoder.decoder()Ljava/nio/charset/CharsetDecoder; @ 4
Event: 3.721 Thread 0x0000000002f3d800 Uncommon trap: reason=unstable_if action=reinterpret pc=0x0000000003255618 method=java.util.zip.ZipEntry.setExtra0([BZ)V @ 1
Event: 3.727 Thread 0x0000000002f3d800 Uncommon trap: reason=unstable_if action=reinterpret pc=0x00000000032586c8 method=java.util.zip.ZipFile$ZipEntryIterator.hasNext()Z @ 25
Event: 3.727 Thread 0x0000000002f3d800 Uncommon trap: reason=unstable_if action=reinterpret pc=0x000000000325f2c0 method=java.util.zip.ZipCoder.decoder()Ljava/nio/charset/CharsetDecoder; @ 4
Event: 3.729 Thread 0x0000000002f3d800 Uncommon trap: reason=unstable_if action=reinterpret pc=0x0000000003261c78 method=java.util.zip.ZipCoder.decoder()Ljava/nio/charset/CharsetDecoder; @ 4
Event: 3.910 Thread 0x0000000002f3d800 Uncommon trap: reason=unstable_if action=reinterpret pc=0x000000000326436c method=java.util.zip.ZipCoder.decoder()Ljava/nio/charset/CharsetDecoder; @ 4
Event: 3.914 Thread 0x0000000002f3d800 Uncommon trap: reason=unstable_if action=reinterpret pc=0x00000000032723c8 method=java.util.HashMap$HashIterator.nextNode()Ljava/util/HashMap$Node; @ 74
Event: 4.516 Thread 0x0000000002f3d800 Uncommon trap: reason=unstable_if action=reinterpret pc=0x00000000032728c8 method=java.util.HashMap$HashIterator.nextNode()Ljava/util/HashMap$Node; @ 74
Event: 4.977 Thread 0x0000000002f3d800 Uncommon trap: reason=unloaded action=reinterpret pc=0x0000000003265c3c method=java.util.zip.ZipEntry.setExtra0([BZ)V @ 37

Classes redefined (0 events):
No events

Internal exceptions (10 events):
Event: 4.511 Thread 0x0000000002f3d800 Exception <a 'sun/nio/fs/WindowsException'> (0x00000000ff1b81e0) thrown at [D:\src\AOSP-openjdk-cygwin\jdk8u\hotspot\src\share\vm\prims\jni.cpp, line 709]
Event: 4.512 Thread 0x0000000002f3d800 Exception <a 'sun/nio/fs/WindowsException'> (0x00000000ff1b87a8) thrown at [D:\src\AOSP-openjdk-cygwin\jdk8u\hotspot\src\share\vm\prims\jni.cpp, line 709]
Event: 4.512 Thread 0x0000000002f3d800 Exception <a 'sun/nio/fs/WindowsException'> (0x00000000ff1b8f68) thrown at [D:\src\AOSP-openjdk-cygwin\jdk8u\hotspot\src\share\vm\prims\jni.cpp, line 709]
Event: 4.512 Thread 0x0000000002f3d800 Exception <a 'sun/nio/fs/WindowsException'> (0x00000000ff1b9508) thrown at [D:\src\AOSP-openjdk-cygwin\jdk8u\hotspot\src\share\vm\prims\jni.cpp, line 709]
Event: 4.512 Thread 0x0000000002f3d800 Exception <a 'sun/nio/fs/WindowsException'> (0x00000000ff1b9cb8) thrown at [D:\src\AOSP-openjdk-cygwin\jdk8u\hotspot\src\share\vm\prims\jni.cpp, line 709]
Event: 4.523 Thread 0x0000000002f3d800 Exception <a 'sun/nio/fs/WindowsException'> (0x00000000ff1beff8) thrown at [D:\src\AOSP-openjdk-cygwin\jdk8u\hotspot\src\share\vm\prims\jni.cpp, line 709]
Event: 5.092 Thread 0x0000000002f3d800 Exception <a 'sun/nio/fs/WindowsException'> (0x00000000febbc8c8) thrown at [D:\src\AOSP-openjdk-cygwin\jdk8u\hotspot\src\share\vm\prims\jni.cpp, line 709]
Event: 5.092 Thread 0x0000000002f3d800 Exception <a 'sun/nio/fs/WindowsException'> (0x00000000febbce20) thrown at [D:\src\AOSP-openjdk-cygwin\jdk8u\hotspot\src\share\vm\prims\jni.cpp, line 709]
Event: 5.109 Thread 0x0000000002f3d800 Exception <a 'sun/nio/fs/WindowsException'> (0x00000000febc8608) thrown at [D:\src\AOSP-openjdk-cygwin\jdk8u\hotspot\src\share\vm\prims\jni.cpp, line 709]
Event: 5.109 Thread 0x0000000002f3d800 Exception <a 'sun/nio/fs/WindowsException'> (0x00000000febc8ae0) thrown at [D:\src\AOSP-openjdk-cygwin\jdk8u\hotspot\src\share\vm\prims\jni.cpp, line 709]

Events (10 events):
Event: 5.183 loading class sun/util/calendar/CalendarDate
Event: 5.183 loading class sun/util/calendar/CalendarDate done
Event: 5.183 loading class sun/util/calendar/BaseCalendar$Date done
Event: 5.183 loading class sun/util/calendar/Gregorian$Date done
Event: 5.183 loading class sun/util/calendar/CalendarUtils
Event: 5.183 loading class sun/util/calendar/CalendarUtils done
Event: 5.184 loading class java/util/zip/ZipOutputStream$XEntry
Event: 5.184 loading class java/util/zip/ZipOutputStream$XEntry done
Event: 5.186 loading class org/objectweb/asm/Opcodes
Event: 5.186 loading class org/objectweb/asm/Opcodes done


Dynamic libraries:
0x00007ff620a70000 - 0x00007ff620aa1000 	C:\Program Files\Android\Android Studio\jre\bin\java.exe
0x00007fff1d320000 - 0x00007fff1d501000 	C:\WINDOWS\SYSTEM32\ntdll.dll
0x00007fff1b1d0000 - 0x00007fff1b282000 	C:\WINDOWS\System32\KERNEL32.DLL
0x00007fff19cf0000 - 0x00007fff19f63000 	C:\WINDOWS\System32\KERNELBASE.dll
0x00007fff1a9e0000 - 0x00007fff1aa81000 	C:\WINDOWS\System32\ADVAPI32.dll
0x00007fff1aa90000 - 0x00007fff1ab2e000 	C:\WINDOWS\System32\msvcrt.dll
0x00007fff1c910000 - 0x00007fff1c96b000 	C:\WINDOWS\System32\sechost.dll
0x00007fff1d110000 - 0x00007fff1d234000 	C:\WINDOWS\System32\RPCRT4.dll
0x00007fff1b040000 - 0x00007fff1b1d0000 	C:\WINDOWS\System32\USER32.dll
0x00007fff1a080000 - 0x00007fff1a0a0000 	C:\WINDOWS\System32\win32u.dll
0x00007fff1c970000 - 0x00007fff1c998000 	C:\WINDOWS\System32\GDI32.dll
0x00007fff19960000 - 0x00007fff19af2000 	C:\WINDOWS\System32\gdi32full.dll
0x00007fff198c0000 - 0x00007fff1995f000 	C:\WINDOWS\System32\msvcp_win.dll
0x00007fff197c0000 - 0x00007fff198ba000 	C:\WINDOWS\System32\ucrtbase.dll
0x00007fff0c6f0000 - 0x00007fff0c959000 	C:\WINDOWS\WinSxS\amd64_microsoft.windows.common-controls_6595b64144ccf1df_6.0.17134.112_none_fb3f961b30681c12\COMCTL32.dll
0x00007fff1acb0000 - 0x00007fff1afd3000 	C:\WINDOWS\System32\combase.dll
0x00007fff19740000 - 0x00007fff197ba000 	C:\WINDOWS\System32\bcryptPrimitives.dll
0x00007fff1b310000 - 0x00007fff1b33d000 	C:\WINDOWS\System32\IMM32.DLL
0x000000005a0e0000 - 0x000000005a1b2000 	C:\Program Files\Android\Android Studio\jre\jre\bin\msvcr100.dll
0x000000005a1c0000 - 0x000000005a9fe000 	C:\Program Files\Android\Android Studio\jre\jre\bin\server\jvm.dll
0x00007fff1a7b0000 - 0x00007fff1a7b8000 	C:\WINDOWS\System32\PSAPI.DLL
0x00007fff15fe0000 - 0x00007fff15fe9000 	C:\WINDOWS\SYSTEM32\WSOCK32.dll
0x00007fff1b460000 - 0x00007fff1b4cc000 	C:\WINDOWS\System32\WS2_32.dll
0x00007fff0e820000 - 0x00007fff0e82a000 	C:\WINDOWS\SYSTEM32\VERSION.dll
0x00007fff172d0000 - 0x00007fff172f3000 	C:\WINDOWS\SYSTEM32\WINMM.dll
0x00007fff172a0000 - 0x00007fff172ca000 	C:\WINDOWS\SYSTEM32\WINMMBASE.dll
0x00007fff196f0000 - 0x00007fff19739000 	C:\WINDOWS\System32\cfgmgr32.dll
0x00007fff15fd0000 - 0x00007fff15fdf000 	C:\Program Files\Android\Android Studio\jre\jre\bin\verify.dll
0x00007fff0d6d0000 - 0x00007fff0d6f9000 	C:\Program Files\Android\Android Studio\jre\jre\bin\java.dll
0x00007fff14860000 - 0x00007fff14876000 	C:\Program Files\Android\Android Studio\jre\jre\bin\zip.dll
0x00007fff1b4d0000 - 0x00007fff1c910000 	C:\WINDOWS\System32\SHELL32.dll
0x00007fff1d240000 - 0x00007fff1d2e9000 	C:\WINDOWS\System32\shcore.dll
0x00007fff1a0a0000 - 0x00007fff1a7ad000 	C:\WINDOWS\System32\windows.storage.dll
0x00007fff1b2a0000 - 0x00007fff1b2f1000 	C:\WINDOWS\System32\shlwapi.dll
0x00007fff196b0000 - 0x00007fff196c1000 	C:\WINDOWS\System32\kernel.appcore.dll
0x00007fff19690000 - 0x00007fff196af000 	C:\WINDOWS\System32\profapi.dll
0x00007fff19630000 - 0x00007fff1967c000 	C:\WINDOWS\System32\powrprof.dll
0x00007fff19680000 - 0x00007fff1968a000 	C:\WINDOWS\System32\FLTLIB.DLL
0x00007fff19060000 - 0x00007fff19077000 	C:\WINDOWS\SYSTEM32\CRYPTSP.dll
0x00007fff18a90000 - 0x00007fff18ac3000 	C:\WINDOWS\system32\rsaenh.dll
0x00007fff19190000 - 0x00007fff191b5000 	C:\WINDOWS\SYSTEM32\bcrypt.dll
0x00007fff19530000 - 0x00007fff19558000 	C:\WINDOWS\SYSTEM32\USERENV.dll
0x00007fff19080000 - 0x00007fff1908b000 	C:\WINDOWS\SYSTEM32\CRYPTBASE.dll
0x00007fff0bd50000 - 0x00007fff0bd6a000 	C:\Program Files\Android\Android Studio\jre\jre\bin\net.dll
0x00007fff18eb0000 - 0x00007fff18f16000 	C:\WINDOWS\system32\mswsock.dll
0x00007fff18c30000 - 0x00007fff18c68000 	C:\WINDOWS\SYSTEM32\IPHLPAPI.DLL
0x00007fff1b290000 - 0x00007fff1b298000 	C:\WINDOWS\System32\NSI.dll
0x00007fff12040000 - 0x00007fff12056000 	C:\WINDOWS\SYSTEM32\dhcpcsvc6.DLL
0x00007fff11150000 - 0x00007fff1116a000 	C:\WINDOWS\SYSTEM32\dhcpcsvc.DLL
0x00007fff09b90000 - 0x00007fff09ba1000 	C:\Program Files\Android\Android Studio\jre\jre\bin\nio.dll

VM Arguments:
jvm_args: -Djava.awt.headless=true -Xmx64M -Dfile.encoding=x-windows-949 -Duser.country=KR -Duser.language=ko -Duser.variant 
java_command: com.google.devtools.build.android.desugar.Desugar @D:\test\app\build\intermediates\tmp\desugar_args2979101778680791018
java_class_path (initial): C:\Users\Goo\AppData\Local\Temp\desugar_deploy.jar6481028145246349520
Launcher Type: SUN_STANDARD

Environment Variables:
PATH=C:\ProgramData\Oracle\Java\javapath;C:\WINDOWS\system32;C:\WINDOWS;C:\WINDOWS\System32\Wbem;C:\WINDOWS\System32\WindowsPowerShell\v1.0\;C:\OpenSSL;;C:\WINDOWS\System32\OpenSSH\;C:\Users\Goo\AppData\Local\Microsoft\WindowsApps;
USERNAME=Goo
OS=Windows_NT
PROCESSOR_IDENTIFIER=Intel64 Family 6 Model 158 Stepping 9, GenuineIntel



---------------  S Y S T E M  ---------------

OS: Windows 10.0 , 64 bit Build 17134 (10.0.17134.1)

CPU:total 8 (initial active 8) (4 cores per cpu, 2 threads per core) family 6 model 158 stepping 9, cmov, cx8, fxsr, mmx, sse, sse2, sse3, ssse3, sse4.1, sse4.2, popcnt, avx, avx2, aes, clmul, erms, 3dnowpref, lzcnt, ht, tsc, tscinvbit, bmi1, bmi2, adx

Memory: 4k page, physical 16692940k(2533044k free), swap 16692940k(216k free)

vm_info: OpenJDK 64-Bit Server VM (25.152-b01) for windows-amd64 JRE (1.8.0_152-release-915-b01), built by "builder" with MS VC++ 10.0 (VS2010)

time: Tue Jun 19 16:10:33 2018
elapsed time: 5 seconds (0d 0h 0m 5s)

