#
# There is insufficient memory for the Java Runtime Environment to continue.
# Native memory allocation (malloc) failed to allocate 588816 bytes for Chunk::new
# Possible reasons:
#   The system is out of physical RAM or swap space
#   In 32 bit mode, the process size limit was hit
# Possible solutions:
#   Reduce memory load on the system
#   Increase physical memory or swap space
#   Check if swap backing store is full
#   Use 64 bit Java on a 64 bit OS
#   Decrease Java heap size (-Xmx/-Xms)
#   Decrease number of Java threads
#   Decrease Java thread stack sizes (-Xss)
#   Set larger code cache with -XX:ReservedCodeCacheSize=
# This output file may be truncated or incomplete.
#
#  Out of Memory Error (allocation.cpp:390), pid=672, tid=0x00000000000008e0
#
# JRE version: OpenJDK Runtime Environment (8.0_152-b01) (build 1.8.0_152-release-915-b01)
# Java VM: OpenJDK 64-Bit Server VM (25.152-b01 mixed mode windows-amd64 compressed oops)
# Failed to write core dump. Minidumps are not enabled by default on client versions of Windows
#

---------------  T H R E A D  ---------------

Current thread (0x00000000152d0800):  JavaThread "C2 CompilerThread0" daemon [_thread_in_native, id=2272, stack(0x00000000159e0000,0x0000000015ae0000)]

Stack: [0x00000000159e0000,0x0000000015ae0000]
[error occurred during error reporting (printing stack bounds), id 0xc0000005]

Native frames: (J=compiled Java code, j=interpreted, Vv=VM code, C=native code)


Current CompileTask:
C2:   1825  908       4       org.objectweb.asm.ClassReader::a (3587 bytes)


---------------  P R O C E S S  ---------------

Java Threads: ( => current thread )
  0x00000000152dc800 JavaThread "Service Thread" daemon [_thread_blocked, id=9028, stack(0x0000000015de0000,0x0000000015ee0000)]
  0x00000000152d6000 JavaThread "C1 CompilerThread3" daemon [_thread_blocked, id=676, stack(0x0000000015ce0000,0x0000000015de0000)]
  0x00000000152d3000 JavaThread "C2 CompilerThread2" daemon [_thread_blocked, id=12956, stack(0x0000000015be0000,0x0000000015ce0000)]
  0x000000001337b000 JavaThread "C2 CompilerThread1" daemon [_thread_blocked, id=3572, stack(0x0000000015ae0000,0x0000000015be0000)]
=>0x00000000152d0800 JavaThread "C2 CompilerThread0" daemon [_thread_in_native, id=2272, stack(0x00000000159e0000,0x0000000015ae0000)]
  0x00000000152cf000 JavaThread "Attach Listener" daemon [_thread_blocked, id=696, stack(0x00000000158e0000,0x00000000159e0000)]
  0x000000001527b800 JavaThread "Signal Dispatcher" daemon [_thread_blocked, id=12928, stack(0x00000000157e0000,0x00000000158e0000)]
  0x0000000002b8e000 JavaThread "Finalizer" daemon [_thread_blocked, id=6896, stack(0x0000000015640000,0x0000000015740000)]
  0x0000000002b87000 JavaThread "Reference Handler" daemon [_thread_blocked, id=5840, stack(0x0000000015140000,0x0000000015240000)]
  0x00000000026cd800 JavaThread "main" [_thread_blocked, id=9872, stack(0x00000000025c0000,0x00000000026c0000)]

Other Threads:
  0x0000000013365800 VMThread [stack: 0x0000000015040000,0x0000000015140000] [id=8656]
  0x00000000152dd800 WatcherThread [stack: 0x0000000015ee0000,0x0000000015fe0000] [id=12056]

VM state:at safepoint (normal execution)

VM Mutex/Monitor currently owned by a thread:  ([mutex/lock_event])
[0x00000000026cc9f0] Threads_lock - owner thread: 0x0000000013365800
[0x00000000026ccf70] Heap_lock - owner thread: 0x00000000026cd800

Heap:
 PSYoungGen      total 18944K, used 18915K [0x00000000feb00000, 0x0000000100000000, 0x0000000100000000)
  eden space 16384K, 100% used [0x00000000feb00000,0x00000000ffb00000,0x00000000ffb00000)
  from space 2560K, 98% used [0x00000000ffd80000,0x00000000ffff8e20,0x0000000100000000)
  to   space 2560K, 98% used [0x00000000ffb00000,0x00000000ffd78b58,0x00000000ffd80000)
 ParOldGen       total 44032K, used 6789K [0x00000000fc000000, 0x00000000feb00000, 0x00000000feb00000)
  object space 44032K, 15% used [0x00000000fc000000,0x00000000fc6a1790,0x00000000feb00000)
 Metaspace       used 7703K, capacity 7850K, committed 7936K, reserved 1056768K
  class space    used 875K, capacity 957K, committed 1024K, reserved 1048576K

Card table byte_map: [0x00000000026f0000,0x0000000002720000] byte_map_base: 0x0000000001f10000

Marking Bits: (ParMarkBitMap*) 0x00000000673d3950
 Begin Bits: [0x0000000012750000, 0x0000000012850000)
 End Bits:   [0x0000000012850000, 0x0000000012950000)

Polling page: 0x0000000000dc0000

CodeCache: size=245760Kb used=3918Kb max_used=3931Kb free=241841Kb
 bounds [0x0000000002b90000, 0x0000000002f70000, 0x0000000011b90000]
 total_blobs=1407 nmethods=1072 adapters=248
 compilation: enabled

Compilation events (10 events):
Event: 1.763 Thread 0x00000000152d3000 nmethod 1041 0x0000000002f62890 code [0x0000000002f62b40, 0x0000000002f64940]
Event: 1.763 Thread 0x00000000152d3000 1050       4       org.objectweb.asm.tree.MethodNode::visitMethodInsn (43 bytes)
Event: 1.765 Thread 0x00000000152d3000 nmethod 1050 0x0000000002f5fe50 code [0x0000000002f5ffa0, 0x0000000002f60158]
Event: 1.767 Thread 0x00000000152d3000 1072       4       org.objectweb.asm.MethodVisitor::visitLabel (16 bytes)
Event: 1.769 Thread 0x00000000152d6000 1073       3       com.google.common.collect.ImmutableSet$Builder::build (22 bytes)
Event: 1.769 Thread 0x00000000152d6000 nmethod 1073 0x0000000002f5f8d0 code [0x0000000002f5fa40, 0x0000000002f5fd18]
Event: 1.769 Thread 0x00000000152d6000 1074       3       com.google.common.collect.ImmutableSet::access$000 (6 bytes)
Event: 1.769 Thread 0x00000000152d6000 nmethod 1074 0x0000000002f5f550 code [0x0000000002f5f6c0, 0x0000000002f5f828]
Event: 1.781 Thread 0x00000000152d3000 nmethod 1072 0x0000000002f67b50 code [0x0000000002f67ce0, 0x0000000002f68458]
Event: 1.783 Thread 0x00000000152d6000 1075       3       com.google.common.collect.ImmutableSet::construct (245 bytes)

GC Heap History (5 events):
Event: 0.911 GC heap before
{Heap before GC invocations=1 (full 0):
 PSYoungGen      total 18944K, used 16384K [0x00000000feb00000, 0x0000000100000000, 0x0000000100000000)
  eden space 16384K, 100% used [0x00000000feb00000,0x00000000ffb00000,0x00000000ffb00000)
  from space 2560K, 0% used [0x00000000ffd80000,0x00000000ffd80000,0x0000000100000000)
  to   space 2560K, 0% used [0x00000000ffb00000,0x00000000ffb00000,0x00000000ffd80000)
 ParOldGen       total 44032K, used 0K [0x00000000fc000000, 0x00000000feb00000, 0x00000000feb00000)
  object space 44032K, 0% used [0x00000000fc000000,0x00000000fc000000,0x00000000feb00000)
 Metaspace       used 6625K, capacity 6808K, committed 7040K, reserved 1056768K
  class space    used 774K, capacity 824K, committed 896K, reserved 1048576K
Event: 0.971 GC heap after
Heap after GC invocations=1 (full 0):
 PSYoungGen      total 18944K, used 2537K [0x00000000feb00000, 0x0000000100000000, 0x0000000100000000)
  eden space 16384K, 0% used [0x00000000feb00000,0x00000000feb00000,0x00000000ffb00000)
  from space 2560K, 99% used [0x00000000ffb00000,0x00000000ffd7a640,0x00000000ffd80000)
  to   space 2560K, 0% used [0x00000000ffd80000,0x00000000ffd80000,0x0000000100000000)
 ParOldGen       total 44032K, used 1488K [0x00000000fc000000, 0x00000000feb00000, 0x00000000feb00000)
  object space 44032K, 3% used [0x00000000fc000000,0x00000000fc174288,0x00000000feb00000)
 Metaspace       used 6625K, capacity 6808K, committed 7040K, reserved 1056768K
  class space    used 774K, capacity 824K, committed 896K, reserved 1048576K
}
Event: 1.310 GC heap before
{Heap before GC invocations=2 (full 0):
 PSYoungGen      total 18944K, used 18921K [0x00000000feb00000, 0x0000000100000000, 0x0000000100000000)
  eden space 16384K, 100% used [0x00000000feb00000,0x00000000ffb00000,0x00000000ffb00000)
  from space 2560K, 99% used [0x00000000ffb00000,0x00000000ffd7a640,0x00000000ffd80000)
  to   space 2560K, 0% used [0x00000000ffd80000,0x00000000ffd80000,0x0000000100000000)
 ParOldGen       total 44032K, used 1488K [0x00000000fc000000, 0x00000000feb00000, 0x00000000feb00000)
  object space 44032K, 3% used [0x00000000fc000000,0x00000000fc174288,0x00000000feb00000)
 Metaspace       used 6969K, capacity 7114K, committed 7296K, reserved 1056768K
  class space    used 816K, capacity 861K, committed 896K, reserved 1048576K
Event: 1.321 GC heap after
Heap after GC invocations=2 (full 0):
 PSYoungGen      total 18944K, used 2531K [0x00000000feb00000, 0x0000000100000000, 0x0000000100000000)
  eden space 16384K, 0% used [0x00000000feb00000,0x00000000feb00000,0x00000000ffb00000)
  from space 2560K, 98% used [0x00000000ffd80000,0x00000000ffff8e20,0x0000000100000000)
  to   space 2560K, 0% used [0x00000000ffb00000,0x00000000ffb00000,0x00000000ffd80000)
 ParOldGen       total 44032K, used 6013K [0x00000000fc000000, 0x00000000feb00000, 0x00000000feb00000)
  object space 44032K, 13% used [0x00000000fc000000,0x00000000fc5df780,0x00000000feb00000)
 Metaspace       used 6969K, capacity 7114K, committed 7296K, reserved 1056768K
  class space    used 816K, capacity 861K, committed 896K, reserved 1048576K
}
Event: 1.785 GC heap before
{Heap before GC invocations=3 (full 0):
 PSYoungGen      total 18944K, used 18915K [0x00000000feb00000, 0x0000000100000000, 0x0000000100000000)
  eden space 16384K, 100% used [0x00000000feb00000,0x00000000ffb00000,0x00000000ffb00000)
  from space 2560K, 98% used [0x00000000ffd80000,0x00000000ffff8e20,0x0000000100000000)
  to   space 2560K, 0% used [0x00000000ffb00000,0x00000000ffb00000,0x00000000ffd80000)
 ParOldGen       total 44032K, used 6013K [0x00000000fc000000, 0x00000000feb00000, 0x00000000feb00000)
  object space 44032K, 13% used [0x00000000fc000000,0x00000000fc5df780,0x00000000feb00000)
 Metaspace       used 7703K, capacity 7850K, committed 7936K, reserved 1056768K
  class space    used 875K, capacity 957K, committed 1024K, reserved 1048576K

Deoptimization events (10 events):
Event: 0.873 Thread 0x00000000026cd800 Uncommon trap: reason=unstable_if action=reinterpret pc=0x0000000002dc1cc0 method=java.util.zip.ZipCoder.decoder()Ljava/nio/charset/CharsetDecoder; @ 4
Event: 0.993 Thread 0x00000000026cd800 Uncommon trap: reason=unstable_if action=reinterpret pc=0x0000000002dd5b40 method=java.util.zip.ZipCoder.decoder()Ljava/nio/charset/CharsetDecoder; @ 4
Event: 0.995 Thread 0x00000000026cd800 Uncommon trap: reason=unstable_if action=reinterpret pc=0x0000000002dd3438 method=java.util.zip.ZipCoder.decoder()Ljava/nio/charset/CharsetDecoder; @ 4
Event: 0.996 Thread 0x00000000026cd800 Uncommon trap: reason=unstable_if action=reinterpret pc=0x0000000002dd102c method=java.util.zip.ZipCoder.decoder()Ljava/nio/charset/CharsetDecoder; @ 4
Event: 1.011 Thread 0x00000000026cd800 Uncommon trap: reason=unstable_if action=reinterpret pc=0x0000000002dddc48 method=java.util.HashMap$HashIterator.nextNode()Ljava/util/HashMap$Node; @ 74
Event: 1.088 Thread 0x00000000026cd800 Uncommon trap: reason=unstable_if action=reinterpret pc=0x0000000002ddd808 method=java.util.HashMap$HashIterator.nextNode()Ljava/util/HashMap$Node; @ 74
Event: 1.289 Thread 0x00000000026cd800 Uncommon trap: reason=unloaded action=reinterpret pc=0x0000000002dc5e3c method=java.util.zip.ZipEntry.setExtra0([BZ)V @ 37
Event: 1.422 Thread 0x00000000026cd800 Uncommon trap: reason=unstable_if action=reinterpret pc=0x0000000002d311b8 method=java.lang.String.<init>([CII)V @ 18
Event: 1.555 Thread 0x00000000026cd800 Uncommon trap: reason=unstable_if action=reinterpret pc=0x0000000002ec36b4 method=org.objectweb.asm.Type.getArgumentsAndReturnSizes(Ljava/lang/String;)I @ 130
Event: 1.636 Thread 0x00000000026cd800 Uncommon trap: reason=unstable_if action=reinterpret pc=0x0000000002ed56a8 method=java.io.BufferedOutputStream.write(I)V @ 9

Classes redefined (0 events):
No events

Internal exceptions (10 events):
Event: 1.086 Thread 0x00000000026cd800 Exception <a 'sun/nio/fs/WindowsException'> (0x00000000ff24f258) thrown at [D:\src\AOSP-openjdk-cygwin\jdk8u\hotspot\src\share\vm\prims\jni.cpp, line 709]
Event: 1.107 Thread 0x00000000026cd800 Exception <a 'sun/nio/fs/WindowsException'> (0x00000000ff254598) thrown at [D:\src\AOSP-openjdk-cygwin\jdk8u\hotspot\src\share\vm\prims\jni.cpp, line 709]
Event: 1.334 Thread 0x00000000026cd800 Exception <a 'sun/nio/fs/WindowsException'> (0x00000000febb12d0) thrown at [D:\src\AOSP-openjdk-cygwin\jdk8u\hotspot\src\share\vm\prims\jni.cpp, line 709]
Event: 1.334 Thread 0x00000000026cd800 Exception <a 'sun/nio/fs/WindowsException'> (0x00000000febb1828) thrown at [D:\src\AOSP-openjdk-cygwin\jdk8u\hotspot\src\share\vm\prims\jni.cpp, line 709]
Event: 1.343 Thread 0x00000000026cd800 Exception <a 'sun/nio/fs/WindowsException'> (0x00000000febbd028) thrown at [D:\src\AOSP-openjdk-cygwin\jdk8u\hotspot\src\share\vm\prims\jni.cpp, line 709]
Event: 1.343 Thread 0x00000000026cd800 Exception <a 'sun/nio/fs/WindowsException'> (0x00000000febbd500) thrown at [D:\src\AOSP-openjdk-cygwin\jdk8u\hotspot\src\share\vm\prims\jni.cpp, line 709]
Event: 1.672 Thread 0x00000000026cd800 Exception <a 'sun/nio/fs/WindowsException'> (0x00000000ff57de30) thrown at [D:\src\AOSP-openjdk-cygwin\jdk8u\hotspot\src\share\vm\prims\jni.cpp, line 709]
Event: 1.672 Thread 0x00000000026cd800 Exception <a 'sun/nio/fs/WindowsException'> (0x00000000ff57e308) thrown at [D:\src\AOSP-openjdk-cygwin\jdk8u\hotspot\src\share\vm\prims\jni.cpp, line 709]
Event: 1.679 Thread 0x00000000026cd800 Exception <a 'sun/nio/fs/WindowsException'> (0x00000000ff5817c0) thrown at [D:\src\AOSP-openjdk-cygwin\jdk8u\hotspot\src\share\vm\prims\jni.cpp, line 709]
Event: 1.679 Thread 0x00000000026cd800 Exception <a 'sun/nio/fs/WindowsException'> (0x00000000ff581c98) thrown at [D:\src\AOSP-openjdk-cygwin\jdk8u\hotspot\src\share\vm\prims\jni.cpp, line 709]

Events (10 events):
Event: 1.422 Thread 0x00000000026cd800 DEOPT UNPACKING pc=0x0000000002bd556a sp=0x00000000026bee28 mode 2
Event: 1.555 Thread 0x00000000026cd800 Uncommon trap: trap_request=0xffffff65 fr.pc=0x0000000002ec36b4
Event: 1.555 Thread 0x00000000026cd800 DEOPT PACKING pc=0x0000000002ec36b4 sp=0x00000000026bece0
Event: 1.555 Thread 0x00000000026cd800 DEOPT UNPACKING pc=0x0000000002bd556a sp=0x00000000026bec70 mode 2
Event: 1.636 Thread 0x00000000026cd800 Uncommon trap: trap_request=0xffffff65 fr.pc=0x0000000002ed56a8
Event: 1.636 Thread 0x00000000026cd800 DEOPT PACKING pc=0x0000000002ed56a8 sp=0x00000000026bf1e0
Event: 1.636 Thread 0x00000000026cd800 DEOPT UNPACKING pc=0x0000000002bd556a sp=0x00000000026bf1a0 mode 2
Event: 1.677 Executing VM operation: ForceSafepoint
Event: 1.677 Executing VM operation: ForceSafepoint done
Event: 1.784 Executing VM operation: ParallelGCFailedAllocation


Dynamic libraries:
0x00007ff7bef40000 - 0x00007ff7bef71000 	C:\Program Files\Android\Android Studio\jre\bin\java.exe
0x00007ffba9340000 - 0x00007ffba9521000 	C:\WINDOWS\SYSTEM32\ntdll.dll
0x00007ffba6ca0000 - 0x00007ffba6d52000 	C:\WINDOWS\System32\KERNEL32.DLL
0x00007ffba6070000 - 0x00007ffba62e3000 	C:\WINDOWS\System32\KERNELBASE.dll
0x00007ffba9260000 - 0x00007ffba9301000 	C:\WINDOWS\System32\ADVAPI32.dll
0x00007ffba77b0000 - 0x00007ffba784e000 	C:\WINDOWS\System32\msvcrt.dll
0x00007ffba71b0000 - 0x00007ffba720b000 	C:\WINDOWS\System32\sechost.dll
0x00007ffba7580000 - 0x00007ffba76a4000 	C:\WINDOWS\System32\RPCRT4.dll
0x00007ffba7ac0000 - 0x00007ffba7c50000 	C:\WINDOWS\System32\USER32.dll
0x00007ffba5790000 - 0x00007ffba57b0000 	C:\WINDOWS\System32\win32u.dll
0x00007ffba67e0000 - 0x00007ffba6808000 	C:\WINDOWS\System32\GDI32.dll
0x00007ffba6530000 - 0x00007ffba66c2000 	C:\WINDOWS\System32\gdi32full.dll
0x00007ffba5fd0000 - 0x00007ffba606f000 	C:\WINDOWS\System32\msvcp_win.dll
0x00007ffba66d0000 - 0x00007ffba67ca000 	C:\WINDOWS\System32\ucrtbase.dll
0x00007ffb93ad0000 - 0x00007ffb93d39000 	C:\WINDOWS\WinSxS\amd64_microsoft.windows.common-controls_6595b64144ccf1df_6.0.17134.48_none_b4b2216a3cb4dd3e\COMCTL32.dll
0x00007ffba6810000 - 0x00007ffba6b33000 	C:\WINDOWS\System32\combase.dll
0x00007ffba5710000 - 0x00007ffba578a000 	C:\WINDOWS\System32\bcryptPrimitives.dll
0x00007ffba9090000 - 0x00007ffba90bd000 	C:\WINDOWS\System32\IMM32.DLL
0x0000000069530000 - 0x0000000069602000 	C:\Program Files\Android\Android Studio\jre\jre\bin\msvcr100.dll
0x0000000066c10000 - 0x000000006744e000 	C:\Program Files\Android\Android Studio\jre\jre\bin\server\jvm.dll
0x00007ffba91d0000 - 0x00007ffba91d8000 	C:\WINDOWS\System32\PSAPI.DLL
0x00007ffba1d20000 - 0x00007ffba1d29000 	C:\WINDOWS\SYSTEM32\WSOCK32.dll
0x00007ffba7510000 - 0x00007ffba757c000 	C:\WINDOWS\System32\WS2_32.dll
0x00007ffb9d7c0000 - 0x00007ffb9d7ca000 	C:\WINDOWS\SYSTEM32\VERSION.dll
0x00007ffb95780000 - 0x00007ffb957a3000 	C:\WINDOWS\SYSTEM32\WINMM.dll
0x00007ffb95570000 - 0x00007ffb9559a000 	C:\WINDOWS\SYSTEM32\WINMMBASE.dll
0x00007ffba64e0000 - 0x00007ffba6529000 	C:\WINDOWS\System32\cfgmgr32.dll
0x00007ffba1d30000 - 0x00007ffba1d3f000 	C:\Program Files\Android\Android Studio\jre\jre\bin\verify.dll
0x00007ffba1b00000 - 0x00007ffba1b29000 	C:\Program Files\Android\Android Studio\jre\jre\bin\java.dll
0x00007ffb9f450000 - 0x00007ffb9f466000 	C:\Program Files\Android\Android Studio\jre\jre\bin\zip.dll
0x00007ffba7c50000 - 0x00007ffba9090000 	C:\WINDOWS\System32\SHELL32.dll
0x00007ffba9120000 - 0x00007ffba91c9000 	C:\WINDOWS\System32\shcore.dll
0x00007ffba58c0000 - 0x00007ffba5fcd000 	C:\WINDOWS\System32\windows.storage.dll
0x00007ffba90c0000 - 0x00007ffba9111000 	C:\WINDOWS\System32\shlwapi.dll
0x00007ffba5680000 - 0x00007ffba5691000 	C:\WINDOWS\System32\kernel.appcore.dll
0x00007ffba56f0000 - 0x00007ffba570f000 	C:\WINDOWS\System32\profapi.dll
0x00007ffba56a0000 - 0x00007ffba56ec000 	C:\WINDOWS\System32\powrprof.dll
0x00007ffba5650000 - 0x00007ffba565a000 	C:\WINDOWS\System32\FLTLIB.DLL
0x00007ffba5080000 - 0x00007ffba5097000 	C:\WINDOWS\SYSTEM32\CRYPTSP.dll
0x00007ffba4ab0000 - 0x00007ffba4ae3000 	C:\WINDOWS\system32\rsaenh.dll
0x00007ffba51b0000 - 0x00007ffba51d5000 	C:\WINDOWS\SYSTEM32\bcrypt.dll
0x00007ffba5580000 - 0x00007ffba55a8000 	C:\WINDOWS\SYSTEM32\USERENV.dll
0x00007ffba50a0000 - 0x00007ffba50ab000 	C:\WINDOWS\SYSTEM32\CRYPTBASE.dll
0x00007ffb9f430000 - 0x00007ffb9f44a000 	C:\Program Files\Android\Android Studio\jre\jre\bin\net.dll
0x00007ffba4ed0000 - 0x00007ffba4f36000 	C:\WINDOWS\system32\mswsock.dll
0x00007ffba4c50000 - 0x00007ffba4c88000 	C:\WINDOWS\SYSTEM32\IPHLPAPI.DLL
0x00007ffba7430000 - 0x00007ffba7438000 	C:\WINDOWS\System32\NSI.dll
0x00007ffb9a1f0000 - 0x00007ffb9a206000 	C:\WINDOWS\SYSTEM32\dhcpcsvc6.DLL
0x00007ffb9a120000 - 0x00007ffb9a13a000 	C:\WINDOWS\SYSTEM32\dhcpcsvc.DLL
0x00007ffb9f410000 - 0x00007ffb9f421000 	C:\Program Files\Android\Android Studio\jre\jre\bin\nio.dll

VM Arguments:
jvm_args: -Djava.awt.headless=true -Xmx64M -Dfile.encoding=x-windows-949 -Duser.country=KR -Duser.language=ko -Duser.variant 
java_command: com.google.devtools.build.android.desugar.Desugar @D:\test\app\build\intermediates\tmp\desugar_args1402077734170107935
java_class_path (initial): C:\Users\Goo\AppData\Local\Temp\desugar_deploy.jar4283967336768827273
Launcher Type: SUN_STANDARD

Environment Variables:
PATH=C:\ProgramData\Oracle\Java\javapath;C:\WINDOWS\system32;C:\WINDOWS;C:\WINDOWS\System32\Wbem;C:\WINDOWS\System32\WindowsPowerShell\v1.0\;C:\OpenSSL;;C:\WINDOWS\System32\OpenSSH\;C:\Users\Goo\AppData\Local\Microsoft\WindowsApps;
USERNAME=Goo
OS=Windows_NT
PROCESSOR_IDENTIFIER=Intel64 Family 6 Model 158 Stepping 9, GenuineIntel



---------------  S Y S T E M  ---------------

OS: Windows 10.0 , 64 bit Build 17134 (10.0.17134.1)

CPU:total 8 (initial active 8) (4 cores per cpu, 2 threads per core) family 6 model 158 stepping 9, cmov, cx8, fxsr, mmx, sse, sse2, sse3, ssse3, sse4.1, sse4.2, popcnt, avx, avx2, aes, clmul, erms, 3dnowpref, lzcnt, ht, tsc, tscinvbit, bmi1, bmi2, adx

Memory: 4k page, physical 16692940k(5114984k free), swap 16692940k(788k free)

vm_info: OpenJDK 64-Bit Server VM (25.152-b01) for windows-amd64 JRE (1.8.0_152-release-915-b01), built by "builder" with MS VC++ 10.0 (VS2010)

time: Sun May 27 00:46:04 2018
elapsed time: 1 seconds (0d 0h 0m 1s)

