#
# There is insufficient memory for the Java Runtime Environment to continue.
# Native memory allocation (malloc) failed to allocate 369056 bytes for Chunk::new
# Possible reasons:
#   The system is out of physical RAM or swap space
#   In 32 bit mode, the process size limit was hit
# Possible solutions:
#   Reduce memory load on the system
#   Increase physical memory or swap space
#   Check if swap backing store is full
#   Use 64 bit Java on a 64 bit OS
#   Decrease Java heap size (-Xmx/-Xms)
#   Decrease number of Java threads
#   Decrease Java thread stack sizes (-Xss)
#   Set larger code cache with -XX:ReservedCodeCacheSize=
# This output file may be truncated or incomplete.
#
#  Out of Memory Error (allocation.cpp:390), pid=12672, tid=0x00000000000033a8
#
# JRE version: OpenJDK Runtime Environment (8.0_152-b01) (build 1.8.0_152-release-915-b01)
# Java VM: OpenJDK 64-Bit Server VM (25.152-b01 mixed mode windows-amd64 compressed oops)
# Failed to write core dump. Minidumps are not enabled by default on client versions of Windows
#

---------------  T H R E A D  ---------------

Current thread (0x0000000015110000):  JavaThread "C2 CompilerThread0" daemon [_thread_in_native, id=13224, stack(0x0000000015810000,0x0000000015910000)]

Stack: [0x0000000015810000,0x0000000015910000]
[error occurred during error reporting (printing stack bounds), id 0xc0000005]

Native frames: (J=compiled Java code, j=interpreted, Vv=VM code, C=native code)


Current CompileTask:
C2:   1493 1110       4       org.objectweb.asm.MethodVisitor::visitMethodInsn (68 bytes)


---------------  P R O C E S S  ---------------

Java Threads: ( => current thread )
  0x00000000151a7800 JavaThread "Service Thread" daemon [_thread_blocked, id=5008, stack(0x0000000015c10000,0x0000000015d10000)]
  0x0000000015119800 JavaThread "C1 CompilerThread3" daemon [_thread_blocked, id=6040, stack(0x0000000015b10000,0x0000000015c10000)]
  0x0000000015115800 JavaThread "C2 CompilerThread2" daemon [_thread_in_native, id=12648, stack(0x0000000015a10000,0x0000000015b10000)]
  0x000000001319b800 JavaThread "C2 CompilerThread1" daemon [_thread_in_native, id=4868, stack(0x0000000015910000,0x0000000015a10000)]
=>0x0000000015110000 JavaThread "C2 CompilerThread0" daemon [_thread_in_native, id=13224, stack(0x0000000015810000,0x0000000015910000)]
  0x000000001510e800 JavaThread "Attach Listener" daemon [_thread_blocked, id=4964, stack(0x0000000015710000,0x0000000015810000)]
  0x00000000150bb000 JavaThread "Signal Dispatcher" daemon [_thread_blocked, id=12608, stack(0x0000000015610000,0x0000000015710000)]
  0x000000000293e000 JavaThread "Finalizer" daemon [_thread_blocked, id=5664, stack(0x0000000015480000,0x0000000015580000)]
  0x0000000002937000 JavaThread "Reference Handler" daemon [_thread_blocked, id=12328, stack(0x0000000014f80000,0x0000000015080000)]
  0x00000000029dd800 JavaThread "main" [_thread_in_native, id=9060, stack(0x0000000002380000,0x0000000002480000)]

Other Threads:
  0x0000000013185800 VMThread [stack: 0x0000000014e80000,0x0000000014f80000] [id=11488]
  0x00000000151a8800 WatcherThread [stack: 0x0000000015d10000,0x0000000015e10000] [id=11268]

VM state:not at safepoint (normal execution)

VM Mutex/Monitor currently owned by a thread: None

Heap:
 PSYoungGen      total 18944K, used 14983K [0x00000000feb00000, 0x0000000100000000, 0x0000000100000000)
  eden space 16384K, 76% used [0x00000000feb00000,0x00000000ff729030,0x00000000ffb00000)
  from space 2560K, 98% used [0x00000000ffb00000,0x00000000ffd78d98,0x00000000ffd80000)
  to   space 2560K, 0% used [0x00000000ffd80000,0x00000000ffd80000,0x0000000100000000)
 ParOldGen       total 44032K, used 7133K [0x00000000fc000000, 0x00000000feb00000, 0x00000000feb00000)
  object space 44032K, 16% used [0x00000000fc000000,0x00000000fc6f76c8,0x00000000feb00000)
 Metaspace       used 7706K, capacity 7846K, committed 7936K, reserved 1056768K
  class space    used 875K, capacity 957K, committed 1024K, reserved 1048576K

Card table byte_map: [0x0000000002480000,0x00000000024b0000] byte_map_base: 0x0000000001ca0000

Marking Bits: (ParMarkBitMap*) 0x0000000075d73950
 Begin Bits: [0x00000000125a0000, 0x00000000126a0000)
 End Bits:   [0x00000000126a0000, 0x00000000127a0000)

Polling page: 0x0000000000aa0000

CodeCache: size=245760Kb used=4165Kb max_used=4165Kb free=241594Kb
 bounds [0x00000000029e0000, 0x0000000002e00000, 0x00000000119e0000]
 total_blobs=1452 nmethods=1117 adapters=248
 compilation: enabled

Compilation events (10 events):
Event: 1.456 Thread 0x0000000015119800 1123       3       java.util.Vector$Itr::checkForComodification (23 bytes)
Event: 1.456 Thread 0x0000000015119800 nmethod 1123 0x0000000002ddfad0 code [0x0000000002ddfc40, 0x0000000002ddfea8]
Event: 1.456 Thread 0x0000000015119800 1124       3       java.util.zip.ZipOutputStream::writeCEN (514 bytes)
Event: 1.458 Thread 0x0000000015119800 nmethod 1124 0x0000000002ded250 code [0x0000000002ded640, 0x0000000002deee58]
Event: 1.464 Thread 0x0000000015119800 1125       3       org.objectweb.asm.tree.TryCatchBlockNode::accept (189 bytes)
Event: 1.465 Thread 0x0000000015119800 nmethod 1125 0x0000000002deff10 code [0x0000000002df01a0, 0x0000000002df1448]
Event: 1.466 Thread 0x0000000015119800 1126   !   3       com.google.devtools.build.android.desugar.ClassReaderFactory::readIfKnown (183 bytes)
Event: 1.468 Thread 0x0000000015119800 nmethod 1126 0x0000000002df1c10 code [0x0000000002df1fa0, 0x0000000002df3e38]
Event: 1.479 Thread 0x0000000015119800 1128       2       org.objectweb.asm.tree.VarInsnNode::accept (18 bytes)
Event: 1.480 Thread 0x0000000015119800 nmethod 1128 0x0000000002de93d0 code [0x0000000002de9540, 0x0000000002de96f8]

GC Heap History (6 events):
Event: 0.565 GC heap before
{Heap before GC invocations=1 (full 0):
 PSYoungGen      total 18944K, used 16384K [0x00000000feb00000, 0x0000000100000000, 0x0000000100000000)
  eden space 16384K, 100% used [0x00000000feb00000,0x00000000ffb00000,0x00000000ffb00000)
  from space 2560K, 0% used [0x00000000ffd80000,0x00000000ffd80000,0x0000000100000000)
  to   space 2560K, 0% used [0x00000000ffb00000,0x00000000ffb00000,0x00000000ffd80000)
 ParOldGen       total 44032K, used 0K [0x00000000fc000000, 0x00000000feb00000, 0x00000000feb00000)
  object space 44032K, 0% used [0x00000000fc000000,0x00000000fc000000,0x00000000feb00000)
 Metaspace       used 6581K, capacity 6740K, committed 7040K, reserved 1056768K
  class space    used 773K, capacity 824K, committed 896K, reserved 1048576K
Event: 0.570 GC heap after
Heap after GC invocations=1 (full 0):
 PSYoungGen      total 18944K, used 2553K [0x00000000feb00000, 0x0000000100000000, 0x0000000100000000)
  eden space 16384K, 0% used [0x00000000feb00000,0x00000000feb00000,0x00000000ffb00000)
  from space 2560K, 99% used [0x00000000ffb00000,0x00000000ffd7e630,0x00000000ffd80000)
  to   space 2560K, 0% used [0x00000000ffd80000,0x00000000ffd80000,0x0000000100000000)
 ParOldGen       total 44032K, used 1720K [0x00000000fc000000, 0x00000000feb00000, 0x00000000feb00000)
  object space 44032K, 3% used [0x00000000fc000000,0x00000000fc1ae3f0,0x00000000feb00000)
 Metaspace       used 6581K, capacity 6740K, committed 7040K, reserved 1056768K
  class space    used 773K, capacity 824K, committed 896K, reserved 1048576K
}
Event: 0.873 GC heap before
{Heap before GC invocations=2 (full 0):
 PSYoungGen      total 18944K, used 18937K [0x00000000feb00000, 0x0000000100000000, 0x0000000100000000)
  eden space 16384K, 100% used [0x00000000feb00000,0x00000000ffb00000,0x00000000ffb00000)
  from space 2560K, 99% used [0x00000000ffb00000,0x00000000ffd7e630,0x00000000ffd80000)
  to   space 2560K, 0% used [0x00000000ffd80000,0x00000000ffd80000,0x0000000100000000)
 ParOldGen       total 44032K, used 1720K [0x00000000fc000000, 0x00000000feb00000, 0x00000000feb00000)
  object space 44032K, 3% used [0x00000000fc000000,0x00000000fc1ae3f0,0x00000000feb00000)
 Metaspace       used 6946K, capacity 7110K, committed 7296K, reserved 1056768K
  class space    used 816K, capacity 861K, committed 896K, reserved 1048576K
Event: 0.887 GC heap after
Heap after GC invocations=2 (full 0):
 PSYoungGen      total 18944K, used 2531K [0x00000000feb00000, 0x0000000100000000, 0x0000000100000000)
  eden space 16384K, 0% used [0x00000000feb00000,0x00000000feb00000,0x00000000ffb00000)
  from space 2560K, 98% used [0x00000000ffd80000,0x00000000ffff8e00,0x0000000100000000)
  to   space 2560K, 0% used [0x00000000ffb00000,0x00000000ffb00000,0x00000000ffd80000)
 ParOldGen       total 44032K, used 5726K [0x00000000fc000000, 0x00000000feb00000, 0x00000000feb00000)
  object space 44032K, 13% used [0x00000000fc000000,0x00000000fc5978e8,0x00000000feb00000)
 Metaspace       used 6946K, capacity 7110K, committed 7296K, reserved 1056768K
  class space    used 816K, capacity 861K, committed 896K, reserved 1048576K
}
Event: 1.289 GC heap before
{Heap before GC invocations=3 (full 0):
 PSYoungGen      total 18944K, used 18915K [0x00000000feb00000, 0x0000000100000000, 0x0000000100000000)
  eden space 16384K, 100% used [0x00000000feb00000,0x00000000ffb00000,0x00000000ffb00000)
  from space 2560K, 98% used [0x00000000ffd80000,0x00000000ffff8e00,0x0000000100000000)
  to   space 2560K, 0% used [0x00000000ffb00000,0x00000000ffb00000,0x00000000ffd80000)
 ParOldGen       total 44032K, used 5726K [0x00000000fc000000, 0x00000000feb00000, 0x00000000feb00000)
  object space 44032K, 13% used [0x00000000fc000000,0x00000000fc5978e8,0x00000000feb00000)
 Metaspace       used 7670K, capacity 7846K, committed 7936K, reserved 1056768K
  class space    used 875K, capacity 957K, committed 1024K, reserved 1048576K
Event: 1.297 GC heap after
Heap after GC invocations=3 (full 0):
 PSYoungGen      total 18944K, used 2531K [0x00000000feb00000, 0x0000000100000000, 0x0000000100000000)
  eden space 16384K, 0% used [0x00000000feb00000,0x00000000feb00000,0x00000000ffb00000)
  from space 2560K, 98% used [0x00000000ffb00000,0x00000000ffd78d98,0x00000000ffd80000)
  to   space 2560K, 0% used [0x00000000ffd80000,0x00000000ffd80000,0x0000000100000000)
 ParOldGen       total 44032K, used 7133K [0x00000000fc000000, 0x00000000feb00000, 0x00000000feb00000)
  object space 44032K, 16% used [0x00000000fc000000,0x00000000fc6f76c8,0x00000000feb00000)
 Metaspace       used 7670K, capacity 7846K, committed 7936K, reserved 1056768K
  class space    used 875K, capacity 957K, committed 1024K, reserved 1048576K
}

Deoptimization events (10 events):
Event: 1.216 Thread 0x00000000029dd800 Uncommon trap: reason=unstable_if action=reinterpret pc=0x0000000002d13538 method=org.objectweb.asm.Type.getArgumentsAndReturnSizes(Ljava/lang/String;)I @ 41
Event: 1.281 Thread 0x00000000029dd800 Uncommon trap: reason=unstable_if action=reinterpret pc=0x0000000002d8bdcc method=org.objectweb.asm.Type.getArgumentsAndReturnSizes(Ljava/lang/String;)I @ 41
Event: 1.281 Thread 0x00000000029dd800 Uncommon trap: reason=unstable_if action=reinterpret pc=0x0000000002d702b8 method=org.objectweb.asm.MethodWriter.visitVarInsn(II)V @ 148
Event: 1.281 Thread 0x00000000029dd800 Uncommon trap: reason=unstable_if action=reinterpret pc=0x0000000002d29a0c method=org.objectweb.asm.MethodWriter.visitVarInsn(II)V @ 136
Event: 1.401 Thread 0x00000000029dd800 Uncommon trap: reason=null_check action=make_not_entrant pc=0x0000000002dc7f5c method=com.google.devtools.build.android.desugar.InterfaceDesugaring$InterfaceInvocationRewriter.visitMethodInsn(ILjava/lang/String;Ljava/lang/String;Ljava/lang/String;Z)V @ 10
Event: 1.427 Thread 0x00000000029dd800 Uncommon trap: reason=null_check action=make_not_entrant pc=0x0000000002dd9ec4 method=com.google.devtools.build.android.desugar.InterfaceDesugaring$InterfaceInvocationRewriter.visitMethodInsn(ILjava/lang/String;Ljava/lang/String;Ljava/lang/String;Z)V @ 10
Event: 1.470 Thread 0x00000000029dd800 Uncommon trap: reason=class_check action=maybe_recompile pc=0x0000000002dd4cc8 method=org.objectweb.asm.MethodVisitor.visitVarInsn(II)V @ 13
Event: 1.470 Thread 0x00000000029dd800 Uncommon trap: reason=class_check action=maybe_recompile pc=0x0000000002dd4cc8 method=org.objectweb.asm.MethodVisitor.visitVarInsn(II)V @ 13
Event: 1.471 Thread 0x00000000029dd800 Uncommon trap: reason=class_check action=maybe_recompile pc=0x0000000002dd4cc8 method=org.objectweb.asm.MethodVisitor.visitVarInsn(II)V @ 13
Event: 1.471 Thread 0x00000000029dd800 Uncommon trap: reason=class_check action=maybe_recompile pc=0x0000000002dd4cc8 method=org.objectweb.asm.MethodVisitor.visitVarInsn(II)V @ 13

Classes redefined (0 events):
No events

Internal exceptions (10 events):
Event: 1.005 Thread 0x00000000029dd800 Exception <a 'sun/nio/fs/WindowsException'> (0x00000000fee4cb60) thrown at [D:\src\AOSP-openjdk-cygwin\jdk8u\hotspot\src\share\vm\prims\jni.cpp, line 709]
Event: 1.005 Thread 0x00000000029dd800 Exception <a 'sun/nio/fs/WindowsException'> (0x00000000fee4d038) thrown at [D:\src\AOSP-openjdk-cygwin\jdk8u\hotspot\src\share\vm\prims\jni.cpp, line 709]
Event: 1.323 Thread 0x00000000029dd800 Exception <a 'sun/nio/fs/WindowsException'> (0x00000000fedaddb8) thrown at [D:\src\AOSP-openjdk-cygwin\jdk8u\hotspot\src\share\vm\prims\jni.cpp, line 709]
Event: 1.323 Thread 0x00000000029dd800 Exception <a 'sun/nio/fs/WindowsException'> (0x00000000fedae290) thrown at [D:\src\AOSP-openjdk-cygwin\jdk8u\hotspot\src\share\vm\prims\jni.cpp, line 709]
Event: 1.401 Thread 0x00000000029dd800 Implicit null exception at 0x0000000002dc547a to 0x0000000002dc7f45
Event: 1.427 Thread 0x00000000029dd800 Implicit null exception at 0x0000000002dd74d2 to 0x0000000002dd9eb1
Event: 1.462 Thread 0x00000000029dd800 Exception <a 'sun/nio/fs/WindowsException'> (0x00000000ff5f5880) thrown at [D:\src\AOSP-openjdk-cygwin\jdk8u\hotspot\src\share\vm\prims\jni.cpp, line 709]
Event: 1.462 Thread 0x00000000029dd800 Exception <a 'sun/nio/fs/WindowsException'> (0x00000000ff5f5d58) thrown at [D:\src\AOSP-openjdk-cygwin\jdk8u\hotspot\src\share\vm\prims\jni.cpp, line 709]
Event: 1.476 Thread 0x00000000029dd800 Exception <a 'sun/nio/fs/WindowsException'> (0x00000000ff6c6320) thrown at [D:\src\AOSP-openjdk-cygwin\jdk8u\hotspot\src\share\vm\prims\jni.cpp, line 709]
Event: 1.476 Thread 0x00000000029dd800 Exception <a 'sun/nio/fs/WindowsException'> (0x00000000ff6c67f8) thrown at [D:\src\AOSP-openjdk-cygwin\jdk8u\hotspot\src\share\vm\prims\jni.cpp, line 709]

Events (10 events):
Event: 1.470 Thread 0x00000000029dd800 DEOPT UNPACKING pc=0x0000000002a2556a sp=0x000000000247eca0 mode 2
Event: 1.470 Thread 0x00000000029dd800 Uncommon trap: trap_request=0xffffffde fr.pc=0x0000000002dd4cc8
Event: 1.470 Thread 0x00000000029dd800 DEOPT PACKING pc=0x0000000002dd4cc8 sp=0x000000000247ed50
Event: 1.470 Thread 0x00000000029dd800 DEOPT UNPACKING pc=0x0000000002a2556a sp=0x000000000247eca0 mode 2
Event: 1.471 Thread 0x00000000029dd800 Uncommon trap: trap_request=0xffffffde fr.pc=0x0000000002dd4cc8
Event: 1.471 Thread 0x00000000029dd800 DEOPT PACKING pc=0x0000000002dd4cc8 sp=0x000000000247ed50
Event: 1.471 Thread 0x00000000029dd800 DEOPT UNPACKING pc=0x0000000002a2556a sp=0x000000000247eca0 mode 2
Event: 1.471 Thread 0x00000000029dd800 Uncommon trap: trap_request=0xffffffde fr.pc=0x0000000002dd4cc8
Event: 1.471 Thread 0x00000000029dd800 DEOPT PACKING pc=0x0000000002dd4cc8 sp=0x000000000247ed50
Event: 1.471 Thread 0x00000000029dd800 DEOPT UNPACKING pc=0x0000000002a2556a sp=0x000000000247eca0 mode 2


Dynamic libraries:
0x00007ff6cc190000 - 0x00007ff6cc1c1000 	C:\Program Files\Android\Android Studio\jre\bin\java.exe
0x00007ff8dc790000 - 0x00007ff8dc971000 	C:\WINDOWS\SYSTEM32\ntdll.dll
0x00007ff8db340000 - 0x00007ff8db3f2000 	C:\WINDOWS\System32\KERNEL32.DLL
0x00007ff8d9410000 - 0x00007ff8d9683000 	C:\WINDOWS\System32\KERNELBASE.dll
0x00007ff8dc3d0000 - 0x00007ff8dc471000 	C:\WINDOWS\System32\ADVAPI32.dll
0x00007ff8dc6b0000 - 0x00007ff8dc74e000 	C:\WINDOWS\System32\msvcrt.dll
0x00007ff8dbbb0000 - 0x00007ff8dbc0b000 	C:\WINDOWS\System32\sechost.dll
0x00007ff8dbcf0000 - 0x00007ff8dbe14000 	C:\WINDOWS\System32\RPCRT4.dll
0x00007ff8dc480000 - 0x00007ff8dc610000 	C:\WINDOWS\System32\USER32.dll
0x00007ff8d9690000 - 0x00007ff8d96b0000 	C:\WINDOWS\System32\win32u.dll
0x00007ff8db6c0000 - 0x00007ff8db6e8000 	C:\WINDOWS\System32\GDI32.dll
0x00007ff8d96b0000 - 0x00007ff8d9842000 	C:\WINDOWS\System32\gdi32full.dll
0x00007ff8d9370000 - 0x00007ff8d940f000 	C:\WINDOWS\System32\msvcp_win.dll
0x00007ff8d9850000 - 0x00007ff8d994a000 	C:\WINDOWS\System32\ucrtbase.dll
0x00007ff8cbe20000 - 0x00007ff8cc089000 	C:\WINDOWS\WinSxS\amd64_microsoft.windows.common-controls_6595b64144ccf1df_6.0.17134.112_none_fb3f961b30681c12\COMCTL32.dll
0x00007ff8db700000 - 0x00007ff8dba23000 	C:\WINDOWS\System32\combase.dll
0x00007ff8d99b0000 - 0x00007ff8d9a2a000 	C:\WINDOWS\System32\bcryptPrimitives.dll
0x00007ff8dbef0000 - 0x00007ff8dbf1d000 	C:\WINDOWS\System32\IMM32.DLL
0x00000000754d0000 - 0x00000000755a2000 	C:\Program Files\Android\Android Studio\jre\jre\bin\msvcr100.dll
0x00000000755b0000 - 0x0000000075dee000 	C:\Program Files\Android\Android Studio\jre\jre\bin\server\jvm.dll
0x00007ff8dc750000 - 0x00007ff8dc758000 	C:\WINDOWS\System32\PSAPI.DLL
0x00007ff8cb320000 - 0x00007ff8cb329000 	C:\WINDOWS\SYSTEM32\WSOCK32.dll
0x00007ff8d6b60000 - 0x00007ff8d6b83000 	C:\WINDOWS\SYSTEM32\WINMM.dll
0x00007ff8cf2a0000 - 0x00007ff8cf2aa000 	C:\WINDOWS\SYSTEM32\VERSION.dll
0x00007ff8db2d0000 - 0x00007ff8db33c000 	C:\WINDOWS\System32\WS2_32.dll
0x00007ff8d6710000 - 0x00007ff8d673a000 	C:\WINDOWS\SYSTEM32\winmmbase.dll
0x00007ff8d8b60000 - 0x00007ff8d8ba9000 	C:\WINDOWS\System32\cfgmgr32.dll
0x00007ff8cae40000 - 0x00007ff8cae4f000 	C:\Program Files\Android\Android Studio\jre\jre\bin\verify.dll
0x00007ff8c2c60000 - 0x00007ff8c2c89000 	C:\Program Files\Android\Android Studio\jre\jre\bin\java.dll
0x00007ff8c2c40000 - 0x00007ff8c2c56000 	C:\Program Files\Android\Android Studio\jre\jre\bin\zip.dll
0x00007ff8d9d30000 - 0x00007ff8db170000 	C:\WINDOWS\System32\SHELL32.dll
0x00007ff8db610000 - 0x00007ff8db6b9000 	C:\WINDOWS\System32\shcore.dll
0x00007ff8d8c60000 - 0x00007ff8d936d000 	C:\WINDOWS\System32\windows.storage.dll
0x00007ff8dbc10000 - 0x00007ff8dbc61000 	C:\WINDOWS\System32\shlwapi.dll
0x00007ff8d8b40000 - 0x00007ff8d8b51000 	C:\WINDOWS\System32\kernel.appcore.dll
0x00007ff8d8b20000 - 0x00007ff8d8b3f000 	C:\WINDOWS\System32\profapi.dll
0x00007ff8d8ab0000 - 0x00007ff8d8afc000 	C:\WINDOWS\System32\powrprof.dll
0x00007ff8d8aa0000 - 0x00007ff8d8aaa000 	C:\WINDOWS\System32\FLTLIB.DLL
0x00007ff8d84d0000 - 0x00007ff8d84e7000 	C:\WINDOWS\SYSTEM32\CRYPTSP.dll
0x00007ff8d7f00000 - 0x00007ff8d7f33000 	C:\WINDOWS\system32\rsaenh.dll
0x00007ff8d8600000 - 0x00007ff8d8625000 	C:\WINDOWS\SYSTEM32\bcrypt.dll
0x00007ff8d89a0000 - 0x00007ff8d89c8000 	C:\WINDOWS\SYSTEM32\USERENV.dll
0x00007ff8d84f0000 - 0x00007ff8d84fb000 	C:\WINDOWS\SYSTEM32\CRYPTBASE.dll
0x00007ff8c1c50000 - 0x00007ff8c1c6a000 	C:\Program Files\Android\Android Studio\jre\jre\bin\net.dll
0x00007ff8d8320000 - 0x00007ff8d8386000 	C:\WINDOWS\system32\mswsock.dll
0x00007ff8d80a0000 - 0x00007ff8d80d8000 	C:\WINDOWS\SYSTEM32\IPHLPAPI.DLL
0x00007ff8db6f0000 - 0x00007ff8db6f8000 	C:\WINDOWS\System32\NSI.dll
0x00007ff8d0590000 - 0x00007ff8d05a6000 	C:\WINDOWS\SYSTEM32\dhcpcsvc6.DLL
0x00007ff8d0570000 - 0x00007ff8d058a000 	C:\WINDOWS\SYSTEM32\dhcpcsvc.DLL
0x00007ff8aaef0000 - 0x00007ff8aaf01000 	C:\Program Files\Android\Android Studio\jre\jre\bin\nio.dll

VM Arguments:
jvm_args: -Djava.awt.headless=true -Xmx64M -Dfile.encoding=x-windows-949 -Duser.country=KR -Duser.language=ko -Duser.variant 
java_command: com.google.devtools.build.android.desugar.Desugar @D:\test\app\build\intermediates\tmp\desugar_args8869542971828041521
java_class_path (initial): C:\Users\Goo\AppData\Local\Temp\desugar_deploy.jar5024269110877922401
Launcher Type: SUN_STANDARD

Environment Variables:
PATH=C:\ProgramData\Oracle\Java\javapath;C:\WINDOWS\system32;C:\WINDOWS;C:\WINDOWS\System32\Wbem;C:\WINDOWS\System32\WindowsPowerShell\v1.0\;C:\OpenSSL;;C:\WINDOWS\System32\OpenSSH\;C:\Users\Goo\AppData\Local\Microsoft\WindowsApps;
USERNAME=Goo
OS=Windows_NT
PROCESSOR_IDENTIFIER=Intel64 Family 6 Model 158 Stepping 9, GenuineIntel



---------------  S Y S T E M  ---------------

OS: Windows 10.0 , 64 bit Build 17134 (10.0.17134.1)

CPU:total 8 (initial active 8) (4 cores per cpu, 2 threads per core) family 6 model 158 stepping 9, cmov, cx8, fxsr, mmx, sse, sse2, sse3, ssse3, sse4.1, sse4.2, popcnt, avx, avx2, aes, clmul, erms, 3dnowpref, lzcnt, ht, tsc, tscinvbit, bmi1, bmi2, adx

Memory: 4k page, physical 16692940k(1821224k free), swap 16692940k(3364k free)

vm_info: OpenJDK 64-Bit Server VM (25.152-b01) for windows-amd64 JRE (1.8.0_152-release-915-b01), built by "builder" with MS VC++ 10.0 (VS2010)

time: Fri Jun 29 20:36:44 2018
elapsed time: 1 seconds (0d 0h 0m 1s)

