#
# There is insufficient memory for the Java Runtime Environment to continue.
# Native memory allocation (malloc) failed to allocate 2565776 bytes for Chunk::new
# Possible reasons:
#   The system is out of physical RAM or swap space
#   In 32 bit mode, the process size limit was hit
# Possible solutions:
#   Reduce memory load on the system
#   Increase physical memory or swap space
#   Check if swap backing store is full
#   Use 64 bit Java on a 64 bit OS
#   Decrease Java heap size (-Xmx/-Xms)
#   Decrease number of Java threads
#   Decrease Java thread stack sizes (-Xss)
#   Set larger code cache with -XX:ReservedCodeCacheSize=
# This output file may be truncated or incomplete.
#
#  Out of Memory Error (allocation.cpp:390), pid=2732, tid=0x00000000000025c0
#
# JRE version: OpenJDK Runtime Environment (8.0_152-b01) (build 1.8.0_152-release-915-b01)
# Java VM: OpenJDK 64-Bit Server VM (25.152-b01 mixed mode windows-amd64 compressed oops)
# Failed to write core dump. Minidumps are not enabled by default on client versions of Windows
#

---------------  T H R E A D  ---------------

Current thread (0x000000001393c000):  JavaThread "C2 CompilerThread1" daemon [_thread_in_native, id=9664, stack(0x0000000016010000,0x0000000016110000)]

Stack: [0x0000000016010000,0x0000000016110000]
[error occurred during error reporting (printing stack bounds), id 0xc0000005]

Native frames: (J=compiled Java code, j=interpreted, Vv=VM code, C=native code)


Current CompileTask:
C2:   2759  907       4       org.objectweb.asm.ClassReader::a (3587 bytes)


---------------  P R O C E S S  ---------------

Java Threads: ( => current thread )
  0x000000001591f800 JavaThread "Service Thread" daemon [_thread_blocked, id=7796, stack(0x0000000016310000,0x0000000016410000)]
  0x00000000158f4800 JavaThread "C1 CompilerThread3" daemon [_thread_blocked, id=10252, stack(0x0000000016210000,0x0000000016310000)]
  0x00000000158f1800 JavaThread "C2 CompilerThread2" daemon [_thread_blocked, id=5208, stack(0x0000000016110000,0x0000000016210000)]
=>0x000000001393c000 JavaThread "C2 CompilerThread1" daemon [_thread_in_native, id=9664, stack(0x0000000016010000,0x0000000016110000)]
  0x000000001584c000 JavaThread "C2 CompilerThread0" daemon [_thread_blocked, id=3808, stack(0x0000000015f10000,0x0000000016010000)]
  0x000000001584b000 JavaThread "Attach Listener" daemon [_thread_blocked, id=9040, stack(0x0000000015e10000,0x0000000015f10000)]
  0x00000000158a0000 JavaThread "Signal Dispatcher" daemon [_thread_blocked, id=3100, stack(0x0000000015d10000,0x0000000015e10000)]
  0x0000000015830800 JavaThread "Finalizer" daemon [_thread_blocked, id=8116, stack(0x0000000015c10000,0x0000000015d10000)]
  0x0000000003177000 JavaThread "Reference Handler" daemon [_thread_blocked, id=3836, stack(0x0000000015710000,0x0000000015810000)]
  0x0000000002b6d800 JavaThread "main" [_thread_in_Java, id=13192, stack(0x0000000002f80000,0x0000000003080000)]

Other Threads:
  0x0000000013925000 VMThread [stack: 0x0000000015610000,0x0000000015710000] [id=13120]
  0x0000000015920800 WatcherThread [stack: 0x0000000016410000,0x0000000016510000] [id=9516]

VM state:not at safepoint (normal execution)

VM Mutex/Monitor currently owned by a thread: None

Heap:
 PSYoungGen      total 18944K, used 13490K [0x00000000feb00000, 0x0000000100000000, 0x0000000100000000)
  eden space 16384K, 66% used [0x00000000feb00000,0x00000000ff5b3cb0,0x00000000ffb00000)
  from space 2560K, 98% used [0x00000000ffd80000,0x00000000ffff8e20,0x0000000100000000)
  to   space 2560K, 0% used [0x00000000ffb00000,0x00000000ffb00000,0x00000000ffd80000)
 ParOldGen       total 44032K, used 5873K [0x00000000fc000000, 0x00000000feb00000, 0x00000000feb00000)
  object space 44032K, 13% used [0x00000000fc000000,0x00000000fc5bc7c8,0x00000000feb00000)
 Metaspace       used 7674K, capacity 7842K, committed 7936K, reserved 1056768K
  class space    used 875K, capacity 957K, committed 1024K, reserved 1048576K

Card table byte_map: [0x0000000002b00000,0x0000000002b30000] byte_map_base: 0x0000000002320000

Marking Bits: (ParMarkBitMap*) 0x000000005dda3950
 Begin Bits: [0x0000000012d40000, 0x0000000012e40000)
 End Bits:   [0x0000000012e40000, 0x0000000012f40000)

Polling page: 0x0000000001330000

CodeCache: size=245760Kb used=3832Kb max_used=3843Kb free=241927Kb
 bounds [0x0000000003180000, 0x0000000003550000, 0x0000000012180000]
 total_blobs=1361 nmethods=1027 adapters=248
 compilation: enabled

Compilation events (10 events):
Event: 2.701 Thread 0x00000000158f4800 1024       3       sun.nio.ch.Util::access$000 (4 bytes)
Event: 2.701 Thread 0x00000000158f4800 nmethod 1024 0x000000000353bf90 code [0x000000000353c0e0, 0x000000000353c210]
Event: 2.701 Thread 0x00000000158f4800 1025       3       com.google.devtools.build.android.desugar.ZipInputFileProvider::getInputStream (16 bytes)
Event: 2.701 Thread 0x00000000158f4800 nmethod 1025 0x000000000353ba50 code [0x000000000353bbc0, 0x000000000353be98]
Event: 2.701 Thread 0x00000000158f4800 1026       3       com.google.devtools.build.android.desugar.CoreLibraryRewriter::reader (29 bytes)
Event: 2.701 Thread 0x000000001584c000 1028       4       org.objectweb.asm.ClassVisitor::visitMethod (24 bytes)
Event: 2.701 Thread 0x00000000158f4800 nmethod 1026 0x0000000003540490 code [0x0000000003540640, 0x0000000003540b48]
Event: 2.701 Thread 0x00000000158f4800 1027       3       org.objectweb.asm.ClassReader::<init> (10 bytes)
Event: 2.702 Thread 0x00000000158f4800 nmethod 1027 0x0000000003540e10 code [0x0000000003540f80, 0x00000000035411b8]
Event: 2.702 Thread 0x000000001584c000 nmethod 1028 0x00000000035255d0 code [0x0000000003525700, 0x0000000003525798]

GC Heap History (4 events):
Event: 1.006 GC heap before
{Heap before GC invocations=1 (full 0):
 PSYoungGen      total 18944K, used 16384K [0x00000000feb00000, 0x0000000100000000, 0x0000000100000000)
  eden space 16384K, 100% used [0x00000000feb00000,0x00000000ffb00000,0x00000000ffb00000)
  from space 2560K, 0% used [0x00000000ffd80000,0x00000000ffd80000,0x0000000100000000)
  to   space 2560K, 0% used [0x00000000ffb00000,0x00000000ffb00000,0x00000000ffd80000)
 ParOldGen       total 44032K, used 0K [0x00000000fc000000, 0x00000000feb00000, 0x00000000feb00000)
  object space 44032K, 0% used [0x00000000fc000000,0x00000000fc000000,0x00000000feb00000)
 Metaspace       used 6626K, capacity 6800K, committed 7040K, reserved 1056768K
  class space    used 774K, capacity 824K, committed 896K, reserved 1048576K
Event: 1.025 GC heap after
Heap after GC invocations=1 (full 0):
 PSYoungGen      total 18944K, used 2537K [0x00000000feb00000, 0x0000000100000000, 0x0000000100000000)
  eden space 16384K, 0% used [0x00000000feb00000,0x00000000feb00000,0x00000000ffb00000)
  from space 2560K, 99% used [0x00000000ffb00000,0x00000000ffd7a620,0x00000000ffd80000)
  to   space 2560K, 0% used [0x00000000ffd80000,0x00000000ffd80000,0x0000000100000000)
 ParOldGen       total 44032K, used 1580K [0x00000000fc000000, 0x00000000feb00000, 0x00000000feb00000)
  object space 44032K, 3% used [0x00000000fc000000,0x00000000fc18b2d0,0x00000000feb00000)
 Metaspace       used 6626K, capacity 6800K, committed 7040K, reserved 1056768K
  class space    used 774K, capacity 824K, committed 896K, reserved 1048576K
}
Event: 1.569 GC heap before
{Heap before GC invocations=2 (full 0):
 PSYoungGen      total 18944K, used 18921K [0x00000000feb00000, 0x0000000100000000, 0x0000000100000000)
  eden space 16384K, 100% used [0x00000000feb00000,0x00000000ffb00000,0x00000000ffb00000)
  from space 2560K, 99% used [0x00000000ffb00000,0x00000000ffd7a620,0x00000000ffd80000)
  to   space 2560K, 0% used [0x00000000ffd80000,0x00000000ffd80000,0x0000000100000000)
 ParOldGen       total 44032K, used 1580K [0x00000000fc000000, 0x00000000feb00000, 0x00000000feb00000)
  object space 44032K, 3% used [0x00000000fc000000,0x00000000fc18b2d0,0x00000000feb00000)
 Metaspace       used 6969K, capacity 7106K, committed 7296K, reserved 1056768K
  class space    used 816K, capacity 861K, committed 896K, reserved 1048576K
Event: 1.605 GC heap after
Heap after GC invocations=2 (full 0):
 PSYoungGen      total 18944K, used 2531K [0x00000000feb00000, 0x0000000100000000, 0x0000000100000000)
  eden space 16384K, 0% used [0x00000000feb00000,0x00000000feb00000,0x00000000ffb00000)
  from space 2560K, 98% used [0x00000000ffd80000,0x00000000ffff8e20,0x0000000100000000)
  to   space 2560K, 0% used [0x00000000ffb00000,0x00000000ffb00000,0x00000000ffd80000)
 ParOldGen       total 44032K, used 5873K [0x00000000fc000000, 0x00000000feb00000, 0x00000000feb00000)
  object space 44032K, 13% used [0x00000000fc000000,0x00000000fc5bc7c8,0x00000000feb00000)
 Metaspace       used 6969K, capacity 7106K, committed 7296K, reserved 1056768K
  class space    used 816K, capacity 861K, committed 896K, reserved 1048576K
}

Deoptimization events (10 events):
Event: 0.991 Thread 0x0000000002b6d800 Uncommon trap: reason=unstable_if action=reinterpret pc=0x00000000033b1718 method=java.util.zip.ZipEntry.setExtra0([BZ)V @ 1
Event: 0.992 Thread 0x0000000002b6d800 Uncommon trap: reason=unstable_if action=reinterpret pc=0x00000000033c0238 method=java.util.zip.ZipCoder.decoder()Ljava/nio/charset/CharsetDecoder; @ 4
Event: 0.994 Thread 0x0000000002b6d800 Uncommon trap: reason=unstable_if action=reinterpret pc=0x00000000033b8eac method=java.util.zip.ZipCoder.decoder()Ljava/nio/charset/CharsetDecoder; @ 4
Event: 1.084 Thread 0x0000000002b6d800 Uncommon trap: reason=unstable_if action=reinterpret pc=0x00000000033c292c method=java.util.zip.ZipCoder.decoder()Ljava/nio/charset/CharsetDecoder; @ 4
Event: 1.084 Thread 0x0000000002b6d800 Uncommon trap: reason=unstable_if action=reinterpret pc=0x00000000033b5858 method=java.util.zip.ZipCoder.decoder()Ljava/nio/charset/CharsetDecoder; @ 4
Event: 1.085 Thread 0x0000000002b6d800 Uncommon trap: reason=unstable_if action=reinterpret pc=0x00000000033b1040 method=java.util.zip.ZipCoder.decoder()Ljava/nio/charset/CharsetDecoder; @ 4
Event: 1.091 Thread 0x0000000002b6d800 Uncommon trap: reason=unstable_if action=reinterpret pc=0x00000000033d0708 method=java.util.HashMap$HashIterator.nextNode()Ljava/util/HashMap$Node; @ 74
Event: 1.277 Thread 0x0000000002b6d800 Uncommon trap: reason=unstable_if action=reinterpret pc=0x00000000033d0c08 method=java.util.HashMap$HashIterator.nextNode()Ljava/util/HashMap$Node; @ 74
Event: 1.505 Thread 0x0000000002b6d800 Uncommon trap: reason=unloaded action=reinterpret pc=0x00000000033c543c method=java.util.zip.ZipEntry.setExtra0([BZ)V @ 37
Event: 1.898 Thread 0x0000000002b6d800 Uncommon trap: reason=unstable_if action=reinterpret pc=0x000000000348c2a0 method=java.lang.String.<init>([CII)V @ 18

Classes redefined (0 events):
No events

Internal exceptions (10 events):
Event: 1.275 Thread 0x0000000002b6d800 Exception <a 'sun/nio/fs/WindowsException'> (0x00000000ff21e4b8) thrown at [D:\src\AOSP-openjdk-cygwin\jdk8u\hotspot\src\share\vm\prims\jni.cpp, line 709]
Event: 1.275 Thread 0x0000000002b6d800 Exception <a 'sun/nio/fs/WindowsException'> (0x00000000ff21ea58) thrown at [D:\src\AOSP-openjdk-cygwin\jdk8u\hotspot\src\share\vm\prims\jni.cpp, line 709]
Event: 1.275 Thread 0x0000000002b6d800 Exception <a 'sun/nio/fs/WindowsException'> (0x00000000ff21f208) thrown at [D:\src\AOSP-openjdk-cygwin\jdk8u\hotspot\src\share\vm\prims\jni.cpp, line 709]
Event: 1.283 Thread 0x0000000002b6d800 Exception <a 'sun/nio/fs/WindowsException'> (0x00000000ff224548) thrown at [D:\src\AOSP-openjdk-cygwin\jdk8u\hotspot\src\share\vm\prims\jni.cpp, line 709]
Event: 1.634 Thread 0x0000000002b6d800 Exception <a 'sun/nio/fs/WindowsException'> (0x00000000febd9548) thrown at [D:\src\AOSP-openjdk-cygwin\jdk8u\hotspot\src\share\vm\prims\jni.cpp, line 709]
Event: 1.634 Thread 0x0000000002b6d800 Exception <a 'sun/nio/fs/WindowsException'> (0x00000000febd9aa0) thrown at [D:\src\AOSP-openjdk-cygwin\jdk8u\hotspot\src\share\vm\prims\jni.cpp, line 709]
Event: 1.644 Thread 0x0000000002b6d800 Exception <a 'sun/nio/fs/WindowsException'> (0x00000000febe52a0) thrown at [D:\src\AOSP-openjdk-cygwin\jdk8u\hotspot\src\share\vm\prims\jni.cpp, line 709]
Event: 1.644 Thread 0x0000000002b6d800 Exception <a 'sun/nio/fs/WindowsException'> (0x00000000febe5778) thrown at [D:\src\AOSP-openjdk-cygwin\jdk8u\hotspot\src\share\vm\prims\jni.cpp, line 709]
Event: 1.666 Thread 0x0000000002b6d800 Exception <a 'sun/nio/fs/WindowsException'> (0x00000000febe8c18) thrown at [D:\src\AOSP-openjdk-cygwin\jdk8u\hotspot\src\share\vm\prims\jni.cpp, line 709]
Event: 1.666 Thread 0x0000000002b6d800 Exception <a 'sun/nio/fs/WindowsException'> (0x00000000febe90f0) thrown at [D:\src\AOSP-openjdk-cygwin\jdk8u\hotspot\src\share\vm\prims\jni.cpp, line 709]

Events (10 events):
Event: 1.720 loading class sun/util/calendar/Gregorian$Date done
Event: 1.720 loading class sun/util/calendar/CalendarUtils
Event: 1.720 loading class sun/util/calendar/CalendarUtils done
Event: 1.720 loading class java/util/zip/ZipOutputStream$XEntry
Event: 1.720 loading class java/util/zip/ZipOutputStream$XEntry done
Event: 1.739 loading class org/objectweb/asm/Opcodes
Event: 1.739 loading class org/objectweb/asm/Opcodes done
Event: 1.898 Thread 0x0000000002b6d800 Uncommon trap: trap_request=0xffffff65 fr.pc=0x000000000348c2a0
Event: 1.898 Thread 0x0000000002b6d800 DEOPT PACKING pc=0x000000000348c2a0 sp=0x000000000307e6f0
Event: 1.898 Thread 0x0000000002b6d800 DEOPT UNPACKING pc=0x00000000031c556a sp=0x000000000307e5b0 mode 2


Dynamic libraries:
0x00007ff719ba0000 - 0x00007ff719bd1000 	C:\Program Files\Android\Android Studio\jre\bin\java.exe
0x00007ff98de30000 - 0x00007ff98e011000 	C:\WINDOWS\SYSTEM32\ntdll.dll
0x00007ff98c160000 - 0x00007ff98c212000 	C:\WINDOWS\System32\KERNEL32.DLL
0x00007ff98a400000 - 0x00007ff98a673000 	C:\WINDOWS\System32\KERNELBASE.dll
0x00007ff98b860000 - 0x00007ff98b901000 	C:\WINDOWS\System32\ADVAPI32.dll
0x00007ff98bd20000 - 0x00007ff98bdbe000 	C:\WINDOWS\System32\msvcrt.dll
0x00007ff98b910000 - 0x00007ff98b96b000 	C:\WINDOWS\System32\sechost.dll
0x00007ff98b3b0000 - 0x00007ff98b4d4000 	C:\WINDOWS\System32\RPCRT4.dll
0x00007ff98b9f0000 - 0x00007ff98bb80000 	C:\WINDOWS\System32\USER32.dll
0x00007ff98b2a0000 - 0x00007ff98b2c0000 	C:\WINDOWS\System32\win32u.dll
0x00007ff98b380000 - 0x00007ff98b3a8000 	C:\WINDOWS\System32\GDI32.dll
0x00007ff98b060000 - 0x00007ff98b1f2000 	C:\WINDOWS\System32\gdi32full.dll
0x00007ff98b200000 - 0x00007ff98b29f000 	C:\WINDOWS\System32\msvcp_win.dll
0x00007ff98a300000 - 0x00007ff98a3fa000 	C:\WINDOWS\System32\ucrtbase.dll
0x00007ff97d610000 - 0x00007ff97d879000 	C:\WINDOWS\WinSxS\amd64_microsoft.windows.common-controls_6595b64144ccf1df_6.0.17134.48_none_b4b2216a3cb4dd3e\COMCTL32.dll
0x00007ff98bdd0000 - 0x00007ff98c0f3000 	C:\WINDOWS\System32\combase.dll
0x00007ff98adf0000 - 0x00007ff98ae6a000 	C:\WINDOWS\System32\bcryptPrimitives.dll
0x00007ff98b5c0000 - 0x00007ff98b5ed000 	C:\WINDOWS\System32\IMM32.DLL
0x000000005d500000 - 0x000000005d5d2000 	C:\Program Files\Android\Android Studio\jre\jre\bin\msvcr100.dll
0x000000005d5e0000 - 0x000000005de1e000 	C:\Program Files\Android\Android Studio\jre\jre\bin\server\jvm.dll
0x00007ff98b5b0000 - 0x00007ff98b5b8000 	C:\WINDOWS\System32\PSAPI.DLL
0x00007ff9786d0000 - 0x00007ff9786d9000 	C:\WINDOWS\SYSTEM32\WSOCK32.dll
0x00007ff982480000 - 0x00007ff98248a000 	C:\WINDOWS\SYSTEM32\VERSION.dll
0x00007ff98b970000 - 0x00007ff98b9dc000 	C:\WINDOWS\System32\WS2_32.dll
0x00007ff987c20000 - 0x00007ff987c43000 	C:\WINDOWS\SYSTEM32\WINMM.dll
0x00007ff987620000 - 0x00007ff98764a000 	C:\WINDOWS\SYSTEM32\WINMMBASE.dll
0x00007ff98a2b0000 - 0x00007ff98a2f9000 	C:\WINDOWS\System32\cfgmgr32.dll
0x00007ff977560000 - 0x00007ff97756f000 	C:\Program Files\Android\Android Studio\jre\jre\bin\verify.dll
0x00007ff974570000 - 0x00007ff974599000 	C:\Program Files\Android\Android Studio\jre\jre\bin\java.dll
0x00007ff973f80000 - 0x00007ff973f96000 	C:\Program Files\Android\Android Studio\jre\jre\bin\zip.dll
0x00007ff98c2a0000 - 0x00007ff98d6e0000 	C:\WINDOWS\System32\SHELL32.dll
0x00007ff98b4e0000 - 0x00007ff98b589000 	C:\WINDOWS\System32\shcore.dll
0x00007ff98a680000 - 0x00007ff98ad8d000 	C:\WINDOWS\System32\windows.storage.dll
0x00007ff98b320000 - 0x00007ff98b371000 	C:\WINDOWS\System32\shlwapi.dll
0x00007ff98a170000 - 0x00007ff98a181000 	C:\WINDOWS\System32\kernel.appcore.dll
0x00007ff98a190000 - 0x00007ff98a1af000 	C:\WINDOWS\System32\profapi.dll
0x00007ff98a1b0000 - 0x00007ff98a1fc000 	C:\WINDOWS\System32\powrprof.dll
0x00007ff98a160000 - 0x00007ff98a16a000 	C:\WINDOWS\System32\FLTLIB.DLL
0x00007ff989b70000 - 0x00007ff989b87000 	C:\WINDOWS\SYSTEM32\CRYPTSP.dll
0x00007ff9895a0000 - 0x00007ff9895d3000 	C:\WINDOWS\system32\rsaenh.dll
0x00007ff989ca0000 - 0x00007ff989cc5000 	C:\WINDOWS\SYSTEM32\bcrypt.dll
0x00007ff98a040000 - 0x00007ff98a068000 	C:\WINDOWS\SYSTEM32\USERENV.dll
0x00007ff989b90000 - 0x00007ff989b9b000 	C:\WINDOWS\SYSTEM32\CRYPTBASE.dll
0x00007ff9706a0000 - 0x00007ff9706ba000 	C:\Program Files\Android\Android Studio\jre\jre\bin\net.dll
0x00007ff9899c0000 - 0x00007ff989a26000 	C:\WINDOWS\system32\mswsock.dll
0x00007ff989740000 - 0x00007ff989778000 	C:\WINDOWS\SYSTEM32\IPHLPAPI.DLL
0x00007ff98bdc0000 - 0x00007ff98bdc8000 	C:\WINDOWS\System32\NSI.dll
0x00007ff982c80000 - 0x00007ff982c96000 	C:\WINDOWS\SYSTEM32\dhcpcsvc6.DLL
0x00007ff982c60000 - 0x00007ff982c7a000 	C:\WINDOWS\SYSTEM32\dhcpcsvc.DLL
0x00007ff970680000 - 0x00007ff970691000 	C:\Program Files\Android\Android Studio\jre\jre\bin\nio.dll

VM Arguments:
jvm_args: -Djava.awt.headless=true -Xmx64M -Dfile.encoding=x-windows-949 -Duser.country=KR -Duser.language=ko -Duser.variant 
java_command: com.google.devtools.build.android.desugar.Desugar @D:\test\app\build\intermediates\tmp\desugar_args175687762595028805
java_class_path (initial): C:\Users\Goo\AppData\Local\Temp\desugar_deploy.jar8800467425082905888
Launcher Type: SUN_STANDARD

Environment Variables:
PATH=C:\ProgramData\Oracle\Java\javapath;C:\WINDOWS\system32;C:\WINDOWS;C:\WINDOWS\System32\Wbem;C:\WINDOWS\System32\WindowsPowerShell\v1.0\;C:\OpenSSL;;C:\WINDOWS\System32\OpenSSH\;C:\Users\Goo\AppData\Local\Microsoft\WindowsApps;
USERNAME=Goo
OS=Windows_NT
PROCESSOR_IDENTIFIER=Intel64 Family 6 Model 158 Stepping 9, GenuineIntel



---------------  S Y S T E M  ---------------

OS: Windows 10.0 , 64 bit Build 17134 (10.0.17134.1)

CPU:total 8 (initial active 8) (4 cores per cpu, 2 threads per core) family 6 model 158 stepping 9, cmov, cx8, fxsr, mmx, sse, sse2, sse3, ssse3, sse4.1, sse4.2, popcnt, avx, avx2, aes, clmul, erms, 3dnowpref, lzcnt, ht, tsc, tscinvbit, bmi1, bmi2, adx

Memory: 4k page, physical 16692940k(2977860k free), swap 16692940k(4332k free)

vm_info: OpenJDK 64-Bit Server VM (25.152-b01) for windows-amd64 JRE (1.8.0_152-release-915-b01), built by "builder" with MS VC++ 10.0 (VS2010)

time: Mon Jun 11 14:37:56 2018
elapsed time: 2 seconds (0d 0h 0m 2s)

