#
# There is insufficient memory for the Java Runtime Environment to continue.
# Native memory allocation (malloc) failed to allocate 598096 bytes for Chunk::new
# Possible reasons:
#   The system is out of physical RAM or swap space
#   In 32 bit mode, the process size limit was hit
# Possible solutions:
#   Reduce memory load on the system
#   Increase physical memory or swap space
#   Check if swap backing store is full
#   Use 64 bit Java on a 64 bit OS
#   Decrease Java heap size (-Xmx/-Xms)
#   Decrease number of Java threads
#   Decrease Java thread stack sizes (-Xss)
#   Set larger code cache with -XX:ReservedCodeCacheSize=
# This output file may be truncated or incomplete.
#
#  Out of Memory Error (allocation.cpp:390), pid=14492, tid=0x00000000000012f8
#
# JRE version: OpenJDK Runtime Environment (8.0_152-b01) (build 1.8.0_152-release-915-b01)
# Java VM: OpenJDK 64-Bit Server VM (25.152-b01 mixed mode windows-amd64 compressed oops)
# Failed to write core dump. Minidumps are not enabled by default on client versions of Windows
#

---------------  T H R E A D  ---------------

Current thread (0x000000001313d000):  JavaThread "C2 CompilerThread1" daemon [_thread_in_native, id=4856, stack(0x00000000158a0000,0x00000000159a0000)]

Stack: [0x00000000158a0000,0x00000000159a0000]
[error occurred during error reporting (printing stack bounds), id 0xc0000005]

Native frames: (J=compiled Java code, j=interpreted, Vv=VM code, C=native code)


Current CompileTask:
C2:   3362  947       4       org.objectweb.asm.ClassReader::a (3587 bytes)


---------------  P R O C E S S  ---------------

Java Threads: ( => current thread )
  0x00000000150a0800 JavaThread "Service Thread" daemon [_thread_blocked, id=5612, stack(0x0000000015ba0000,0x0000000015ca0000)]
  0x0000000015096000 JavaThread "C1 CompilerThread3" daemon [_thread_in_native, id=9852, stack(0x0000000015aa0000,0x0000000015ba0000)]
  0x0000000015092000 JavaThread "C2 CompilerThread2" daemon [_thread_blocked, id=13532, stack(0x00000000159a0000,0x0000000015aa0000)]
=>0x000000001313d000 JavaThread "C2 CompilerThread1" daemon [_thread_in_native, id=4856, stack(0x00000000158a0000,0x00000000159a0000)]
  0x0000000015090800 JavaThread "C2 CompilerThread0" daemon [_thread_blocked, id=15008, stack(0x00000000157a0000,0x00000000158a0000)]
  0x000000001508f000 JavaThread "Attach Listener" daemon [_thread_blocked, id=13832, stack(0x00000000156a0000,0x00000000157a0000)]
  0x000000001503c000 JavaThread "Signal Dispatcher" daemon [_thread_blocked, id=1180, stack(0x00000000155a0000,0x00000000156a0000)]
  0x0000000015020800 JavaThread "Finalizer" daemon [_thread_blocked, id=856, stack(0x0000000015400000,0x0000000015500000)]
  0x0000000002938000 JavaThread "Reference Handler" daemon [_thread_blocked, id=15316, stack(0x0000000014f00000,0x0000000015000000)]
  0x000000000239d800 JavaThread "main" [_thread_in_Java, id=15312, stack(0x00000000023e0000,0x00000000024e0000)]

Other Threads:
  0x0000000013125800 VMThread [stack: 0x0000000014e00000,0x0000000014f00000] [id=14800]
  0x00000000150a1000 WatcherThread [stack: 0x0000000015ca0000,0x0000000015da0000] [id=12360]

VM state:not at safepoint (normal execution)

VM Mutex/Monitor currently owned by a thread: None

Heap:
 PSYoungGen      total 18944K, used 9209K [0x00000000feb00000, 0x0000000100000000, 0x0000000100000000)
  eden space 16384K, 40% used [0x00000000feb00000,0x00000000ff185860,0x00000000ffb00000)
  from space 2560K, 98% used [0x00000000ffd80000,0x00000000ffff8df0,0x0000000100000000)
  to   space 2560K, 0% used [0x00000000ffb00000,0x00000000ffb00000,0x00000000ffd80000)
 ParOldGen       total 44032K, used 5885K [0x00000000fc000000, 0x00000000feb00000, 0x00000000feb00000)
  object space 44032K, 13% used [0x00000000fc000000,0x00000000fc5bf6b8,0x00000000feb00000)
 Metaspace       used 7649K, capacity 7842K, committed 7936K, reserved 1056768K
  class space    used 875K, capacity 957K, committed 1024K, reserved 1048576K

Card table byte_map: [0x0000000002360000,0x0000000002390000] byte_map_base: 0x0000000001b80000

Marking Bits: (ParMarkBitMap*) 0x000000005ca73950
 Begin Bits: [0x0000000012520000, 0x0000000012620000)
 End Bits:   [0x0000000012620000, 0x0000000012720000)

Polling page: 0x00000000003f0000

CodeCache: size=245760Kb used=3641Kb max_used=3641Kb free=242118Kb
 bounds [0x0000000002940000, 0x0000000002ce0000, 0x0000000011940000]
 total_blobs=1294 nmethods=960 adapters=248
 compilation: enabled

Compilation events (10 events):
Event: 3.059 Thread 0x0000000015090800 nmethod 930 0x0000000002cccf90 code [0x0000000002ccd160, 0x0000000002ccdf88]
Event: 3.074 Thread 0x0000000015096000 nmethod 953 0x0000000002cb2f50 code [0x0000000002cb30c0, 0x0000000002cb3330]
Event: 3.074 Thread 0x0000000015096000  956       3       org.objectweb.asm.tree.MethodNode::visitIntInsn (17 bytes)
Event: 3.074 Thread 0x0000000015096000 nmethod 956 0x0000000002caf790 code [0x0000000002caf920, 0x0000000002cafc48]
Event: 3.074 Thread 0x0000000015096000  957       3       org.objectweb.asm.tree.IntInsnNode::<init> (11 bytes)
Event: 3.074 Thread 0x0000000015096000 nmethod 957 0x0000000002caf310 code [0x0000000002caf480, 0x0000000002caf690]
Event: 3.074 Thread 0x0000000015096000  958       3       org.objectweb.asm.tree.IntInsnNode::accept (18 bytes)
Event: 3.074 Thread 0x0000000015096000 nmethod 958 0x0000000002caedd0 code [0x0000000002caef40, 0x0000000002caf238]
Event: 3.074 Thread 0x0000000015096000  944       3       org.objectweb.asm.ClassReader::accept (11 bytes)
Event: 3.075 Thread 0x0000000015096000 nmethod 944 0x0000000002ccb190 code [0x0000000002ccb300, 0x0000000002ccb5a8]

GC Heap History (4 events):
Event: 1.283 GC heap before
{Heap before GC invocations=1 (full 0):
 PSYoungGen      total 18944K, used 16384K [0x00000000feb00000, 0x0000000100000000, 0x0000000100000000)
  eden space 16384K, 100% used [0x00000000feb00000,0x00000000ffb00000,0x00000000ffb00000)
  from space 2560K, 0% used [0x00000000ffd80000,0x00000000ffd80000,0x0000000100000000)
  to   space 2560K, 0% used [0x00000000ffb00000,0x00000000ffb00000,0x00000000ffd80000)
 ParOldGen       total 44032K, used 0K [0x00000000fc000000, 0x00000000feb00000, 0x00000000feb00000)
  object space 44032K, 0% used [0x00000000fc000000,0x00000000fc000000,0x00000000feb00000)
 Metaspace       used 6622K, capacity 6736K, committed 7040K, reserved 1056768K
  class space    used 773K, capacity 824K, committed 896K, reserved 1048576K
Event: 1.320 GC heap after
Heap after GC invocations=1 (full 0):
 PSYoungGen      total 18944K, used 2537K [0x00000000feb00000, 0x0000000100000000, 0x0000000100000000)
  eden space 16384K, 0% used [0x00000000feb00000,0x00000000feb00000,0x00000000ffb00000)
  from space 2560K, 99% used [0x00000000ffb00000,0x00000000ffd7a620,0x00000000ffd80000)
  to   space 2560K, 0% used [0x00000000ffd80000,0x00000000ffd80000,0x0000000100000000)
 ParOldGen       total 44032K, used 1592K [0x00000000fc000000, 0x00000000feb00000, 0x00000000feb00000)
  object space 44032K, 3% used [0x00000000fc000000,0x00000000fc18e180,0x00000000feb00000)
 Metaspace       used 6622K, capacity 6736K, committed 7040K, reserved 1056768K
  class space    used 773K, capacity 824K, committed 896K, reserved 1048576K
}
Event: 2.041 GC heap before
{Heap before GC invocations=2 (full 0):
 PSYoungGen      total 18944K, used 18921K [0x00000000feb00000, 0x0000000100000000, 0x0000000100000000)
  eden space 16384K, 100% used [0x00000000feb00000,0x00000000ffb00000,0x00000000ffb00000)
  from space 2560K, 99% used [0x00000000ffb00000,0x00000000ffd7a620,0x00000000ffd80000)
  to   space 2560K, 0% used [0x00000000ffd80000,0x00000000ffd80000,0x0000000100000000)
 ParOldGen       total 44032K, used 1592K [0x00000000fc000000, 0x00000000feb00000, 0x00000000feb00000)
  object space 44032K, 3% used [0x00000000fc000000,0x00000000fc18e180,0x00000000feb00000)
 Metaspace       used 6967K, capacity 7106K, committed 7296K, reserved 1056768K
  class space    used 816K, capacity 861K, committed 896K, reserved 1048576K
Event: 2.370 GC heap after
Heap after GC invocations=2 (full 0):
 PSYoungGen      total 18944K, used 2531K [0x00000000feb00000, 0x0000000100000000, 0x0000000100000000)
  eden space 16384K, 0% used [0x00000000feb00000,0x00000000feb00000,0x00000000ffb00000)
  from space 2560K, 98% used [0x00000000ffd80000,0x00000000ffff8df0,0x0000000100000000)
  to   space 2560K, 0% used [0x00000000ffb00000,0x00000000ffb00000,0x00000000ffd80000)
 ParOldGen       total 44032K, used 5885K [0x00000000fc000000, 0x00000000feb00000, 0x00000000feb00000)
  object space 44032K, 13% used [0x00000000fc000000,0x00000000fc5bf6b8,0x00000000feb00000)
 Metaspace       used 6967K, capacity 7106K, committed 7296K, reserved 1056768K
  class space    used 816K, capacity 861K, committed 896K, reserved 1048576K
}

Deoptimization events (10 events):
Event: 1.216 Thread 0x000000000239d800 Uncommon trap: reason=unstable_if action=reinterpret pc=0x0000000002b7d880 method=java.util.zip.ZipCoder.decoder()Ljava/nio/charset/CharsetDecoder; @ 4
Event: 1.216 Thread 0x000000000239d800 Uncommon trap: reason=unstable_if action=reinterpret pc=0x0000000002b75a98 method=java.util.zip.ZipEntry.setExtra0([BZ)V @ 1
Event: 1.232 Thread 0x000000000239d800 Uncommon trap: reason=unstable_if action=reinterpret pc=0x0000000002b84bf8 method=java.util.zip.ZipCoder.decoder()Ljava/nio/charset/CharsetDecoder; @ 4
Event: 1.233 Thread 0x000000000239d800 Uncommon trap: reason=unstable_if action=reinterpret pc=0x0000000002b827ec method=java.util.zip.ZipCoder.decoder()Ljava/nio/charset/CharsetDecoder; @ 4
Event: 1.344 Thread 0x000000000239d800 Uncommon trap: reason=unstable_if action=reinterpret pc=0x0000000002b98e48 method=java.util.HashMap$HashIterator.nextNode()Ljava/util/HashMap$Node; @ 74
Event: 1.367 Thread 0x000000000239d800 Uncommon trap: reason=unstable_if action=reinterpret pc=0x0000000002b7a6d8 method=java.util.zip.ZipFile.getZipEntry(Ljava/lang/String;J)Ljava/util/zip/ZipEntry; @ 19
Event: 1.442 Thread 0x000000000239d800 Uncommon trap: reason=unstable_if action=reinterpret pc=0x0000000002b99348 method=java.util.HashMap$HashIterator.nextNode()Ljava/util/HashMap$Node; @ 74
Event: 1.906 Thread 0x000000000239d800 Uncommon trap: reason=unloaded action=reinterpret pc=0x0000000002b786fc method=java.util.zip.ZipEntry.setExtra0([BZ)V @ 37
Event: 2.959 Thread 0x000000000239d800 Uncommon trap: reason=unstable_if action=reinterpret pc=0x0000000002af2378 method=java.lang.String.<init>([CII)V @ 18
Event: 3.057 Thread 0x000000000239d800 Uncommon trap: reason=unstable_if action=reinterpret pc=0x0000000002cadb68 method=java.io.BufferedOutputStream.write(I)V @ 9

Classes redefined (0 events):
No events

Internal exceptions (10 events):
Event: 1.233 Thread 0x000000000239d800 Implicit null exception at 0x0000000002b81e13 to 0x0000000002b827b1
Event: 1.437 Thread 0x000000000239d800 Exception <a 'sun/nio/fs/WindowsException'> (0x00000000ff213cf0) thrown at [D:\src\AOSP-openjdk-cygwin\jdk8u\hotspot\src\share\vm\prims\jni.cpp, line 709]
Event: 1.438 Thread 0x000000000239d800 Exception <a 'sun/nio/fs/WindowsException'> (0x00000000ff2142b0) thrown at [D:\src\AOSP-openjdk-cygwin\jdk8u\hotspot\src\share\vm\prims\jni.cpp, line 709]
Event: 1.438 Thread 0x000000000239d800 Exception <a 'sun/nio/fs/WindowsException'> (0x00000000ff214878) thrown at [D:\src\AOSP-openjdk-cygwin\jdk8u\hotspot\src\share\vm\prims\jni.cpp, line 709]
Event: 1.438 Thread 0x000000000239d800 Exception <a 'sun/nio/fs/WindowsException'> (0x00000000ff215038) thrown at [D:\src\AOSP-openjdk-cygwin\jdk8u\hotspot\src\share\vm\prims\jni.cpp, line 709]
Event: 1.438 Thread 0x000000000239d800 Exception <a 'sun/nio/fs/WindowsException'> (0x00000000ff2155d8) thrown at [D:\src\AOSP-openjdk-cygwin\jdk8u\hotspot\src\share\vm\prims\jni.cpp, line 709]
Event: 1.438 Thread 0x000000000239d800 Exception <a 'sun/nio/fs/WindowsException'> (0x00000000ff215d88) thrown at [D:\src\AOSP-openjdk-cygwin\jdk8u\hotspot\src\share\vm\prims\jni.cpp, line 709]
Event: 1.490 Thread 0x000000000239d800 Exception <a 'sun/nio/fs/WindowsException'> (0x00000000ff21b0c8) thrown at [D:\src\AOSP-openjdk-cygwin\jdk8u\hotspot\src\share\vm\prims\jni.cpp, line 709]
Event: 2.419 Thread 0x000000000239d800 Exception <a 'sun/nio/fs/WindowsException'> (0x00000000febbd4f0) thrown at [D:\src\AOSP-openjdk-cygwin\jdk8u\hotspot\src\share\vm\prims\jni.cpp, line 709]
Event: 2.470 Thread 0x000000000239d800 Exception <a 'sun/nio/fs/WindowsException'> (0x00000000febbda48) thrown at [D:\src\AOSP-openjdk-cygwin\jdk8u\hotspot\src\share\vm\prims\jni.cpp, line 709]

Events (10 events):
Event: 2.959 Thread 0x000000000239d800 DEOPT UNPACKING pc=0x000000000298556a sp=0x00000000024debc8 mode 2
Event: 3.039 loading class org/objectweb/asm/tree/TryCatchBlockNode
Event: 3.039 loading class org/objectweb/asm/tree/TryCatchBlockNode done
Event: 3.040 loading class org/objectweb/asm/Handler
Event: 3.040 loading class org/objectweb/asm/Handler done
Event: 3.054 loading class java/util/Vector$Itr
Event: 3.054 loading class java/util/Vector$Itr done
Event: 3.057 Thread 0x000000000239d800 Uncommon trap: trap_request=0xffffff65 fr.pc=0x0000000002cadb68
Event: 3.057 Thread 0x000000000239d800 DEOPT PACKING pc=0x0000000002cadb68 sp=0x00000000024defd0
Event: 3.057 Thread 0x000000000239d800 DEOPT UNPACKING pc=0x000000000298556a sp=0x00000000024def80 mode 2


Dynamic libraries:
0x00007ff6a0ea0000 - 0x00007ff6a0ed1000 	C:\Program Files\Android\Android Studio\jre\bin\java.exe
0x00007fffff1d0000 - 0x00007fffff3b1000 	C:\WINDOWS\SYSTEM32\ntdll.dll
0x00007ffffe800000 - 0x00007ffffe8b2000 	C:\WINDOWS\System32\KERNEL32.DLL
0x00007ffffb5f0000 - 0x00007ffffb863000 	C:\WINDOWS\System32\KERNELBASE.dll
0x00007ffffea60000 - 0x00007ffffeb01000 	C:\WINDOWS\System32\ADVAPI32.dll
0x00007ffffcb10000 - 0x00007ffffcbae000 	C:\WINDOWS\System32\msvcrt.dll
0x00007ffffec10000 - 0x00007ffffec6b000 	C:\WINDOWS\System32\sechost.dll
0x00007ffffe340000 - 0x00007ffffe464000 	C:\WINDOWS\System32\RPCRT4.dll
0x00007ffffc660000 - 0x00007ffffc7f0000 	C:\WINDOWS\System32\USER32.dll
0x00007ffffbbe0000 - 0x00007ffffbc00000 	C:\WINDOWS\System32\win32u.dll
0x00007ffffcad0000 - 0x00007ffffcaf8000 	C:\WINDOWS\System32\GDI32.dll
0x00007ffffc460000 - 0x00007ffffc5f2000 	C:\WINDOWS\System32\gdi32full.dll
0x00007ffffbc00000 - 0x00007ffffbc9f000 	C:\WINDOWS\System32\msvcp_win.dll
0x00007ffffbae0000 - 0x00007ffffbbda000 	C:\WINDOWS\System32\ucrtbase.dll
0x00007fffee3c0000 - 0x00007fffee629000 	C:\WINDOWS\WinSxS\amd64_microsoft.windows.common-controls_6595b64144ccf1df_6.0.17134.48_none_b4b2216a3cb4dd3e\COMCTL32.dll
0x00007ffffe470000 - 0x00007ffffe793000 	C:\WINDOWS\System32\combase.dll
0x00007ffffba60000 - 0x00007ffffbada000 	C:\WINDOWS\System32\bcryptPrimitives.dll
0x00007ffffe1b0000 - 0x00007ffffe1dd000 	C:\WINDOWS\System32\IMM32.DLL
0x000000005dbc0000 - 0x000000005dc92000 	C:\Program Files\Android\Android Studio\jre\jre\bin\msvcr100.dll
0x000000005c2b0000 - 0x000000005caee000 	C:\Program Files\Android\Android Studio\jre\jre\bin\server\jvm.dll
0x00007ffffc7f0000 - 0x00007ffffc7f8000 	C:\WINDOWS\System32\PSAPI.DLL
0x00007fffead30000 - 0x00007fffead39000 	C:\WINDOWS\SYSTEM32\WSOCK32.dll
0x00007ffffcc30000 - 0x00007ffffcc9c000 	C:\WINDOWS\System32\WS2_32.dll
0x00007ffff9180000 - 0x00007ffff91a3000 	C:\WINDOWS\SYSTEM32\WINMM.dll
0x00007ffff3a50000 - 0x00007ffff3a5a000 	C:\WINDOWS\SYSTEM32\VERSION.dll
0x00007ffff9150000 - 0x00007ffff917a000 	C:\WINDOWS\SYSTEM32\WINMMBASE.dll
0x00007ffffb5a0000 - 0x00007ffffb5e9000 	C:\WINDOWS\System32\cfgmgr32.dll
0x00007fffea1e0000 - 0x00007fffea1ef000 	C:\Program Files\Android\Android Studio\jre\jre\bin\verify.dll
0x00007fffe5510000 - 0x00007fffe5539000 	C:\Program Files\Android\Android Studio\jre\jre\bin\java.dll
0x00007fffe8e00000 - 0x00007fffe8e16000 	C:\Program Files\Android\Android Studio\jre\jre\bin\zip.dll
0x00007ffffcd70000 - 0x00007ffffe1b0000 	C:\WINDOWS\System32\SHELL32.dll
0x00007ffffca20000 - 0x00007ffffcac9000 	C:\WINDOWS\System32\shcore.dll
0x00007ffffbca0000 - 0x00007ffffc3ad000 	C:\WINDOWS\System32\windows.storage.dll
0x00007fffff120000 - 0x00007fffff171000 	C:\WINDOWS\System32\shlwapi.dll
0x00007ffffb560000 - 0x00007ffffb571000 	C:\WINDOWS\System32\kernel.appcore.dll
0x00007ffffb530000 - 0x00007ffffb54f000 	C:\WINDOWS\System32\profapi.dll
0x00007ffffb4e0000 - 0x00007ffffb52c000 	C:\WINDOWS\System32\powrprof.dll
0x00007ffffb550000 - 0x00007ffffb55a000 	C:\WINDOWS\System32\FLTLIB.DLL
0x00007ffffaf10000 - 0x00007ffffaf27000 	C:\WINDOWS\SYSTEM32\CRYPTSP.dll
0x00007ffffa940000 - 0x00007ffffa973000 	C:\WINDOWS\system32\rsaenh.dll
0x00007ffffb040000 - 0x00007ffffb065000 	C:\WINDOWS\SYSTEM32\bcrypt.dll
0x00007ffffb3e0000 - 0x00007ffffb408000 	C:\WINDOWS\SYSTEM32\USERENV.dll
0x00007ffffaf30000 - 0x00007ffffaf3b000 	C:\WINDOWS\SYSTEM32\CRYPTBASE.dll
0x00007fffe70d0000 - 0x00007fffe70ea000 	C:\Program Files\Android\Android Studio\jre\jre\bin\net.dll
0x00007ffffad60000 - 0x00007ffffadc6000 	C:\WINDOWS\system32\mswsock.dll
0x00007ffffaae0000 - 0x00007ffffab18000 	C:\WINDOWS\SYSTEM32\IPHLPAPI.DLL
0x00007ffffcb00000 - 0x00007ffffcb08000 	C:\WINDOWS\System32\NSI.dll
0x00007ffff3f90000 - 0x00007ffff3fa6000 	C:\WINDOWS\SYSTEM32\dhcpcsvc6.DLL
0x00007ffff3f70000 - 0x00007ffff3f8a000 	C:\WINDOWS\SYSTEM32\dhcpcsvc.DLL
0x00007fffe52f0000 - 0x00007fffe5301000 	C:\Program Files\Android\Android Studio\jre\jre\bin\nio.dll

VM Arguments:
jvm_args: -Djava.awt.headless=true -Xmx64M -Dfile.encoding=x-windows-949 -Duser.country=KR -Duser.language=ko -Duser.variant 
java_command: com.google.devtools.build.android.desugar.Desugar @D:\test\app\build\intermediates\tmp\desugar_args2706123513426382640
java_class_path (initial): C:\Users\Goo\AppData\Local\Temp\desugar_deploy.jar7104283562246870098
Launcher Type: SUN_STANDARD

Environment Variables:
PATH=C:\ProgramData\Oracle\Java\javapath;C:\WINDOWS\system32;C:\WINDOWS;C:\WINDOWS\System32\Wbem;C:\WINDOWS\System32\WindowsPowerShell\v1.0\;C:\OpenSSL;;C:\WINDOWS\System32\OpenSSH\;C:\Users\Goo\AppData\Local\Microsoft\WindowsApps;
USERNAME=Goo
OS=Windows_NT
PROCESSOR_IDENTIFIER=Intel64 Family 6 Model 158 Stepping 9, GenuineIntel



---------------  S Y S T E M  ---------------

OS: Windows 10.0 , 64 bit Build 17134 (10.0.17134.1)

CPU:total 8 (initial active 8) (4 cores per cpu, 2 threads per core) family 6 model 158 stepping 9, cmov, cx8, fxsr, mmx, sse, sse2, sse3, ssse3, sse4.1, sse4.2, popcnt, avx, avx2, aes, clmul, erms, 3dnowpref, lzcnt, ht, tsc, tscinvbit, bmi1, bmi2, adx

Memory: 4k page, physical 16692940k(2455656k free), swap 16692940k(74488k free)

vm_info: OpenJDK 64-Bit Server VM (25.152-b01) for windows-amd64 JRE (1.8.0_152-release-915-b01), built by "builder" with MS VC++ 10.0 (VS2010)

time: Fri Jun 08 03:19:53 2018
elapsed time: 3 seconds (0d 0h 0m 3s)

