#
# There is insufficient memory for the Java Runtime Environment to continue.
# Native memory allocation (malloc) failed to allocate 1758864 bytes for Chunk::new
# Possible reasons:
#   The system is out of physical RAM or swap space
#   In 32 bit mode, the process size limit was hit
# Possible solutions:
#   Reduce memory load on the system
#   Increase physical memory or swap space
#   Check if swap backing store is full
#   Use 64 bit Java on a 64 bit OS
#   Decrease Java heap size (-Xmx/-Xms)
#   Decrease number of Java threads
#   Decrease Java thread stack sizes (-Xss)
#   Set larger code cache with -XX:ReservedCodeCacheSize=
# This output file may be truncated or incomplete.
#
#  Out of Memory Error (allocation.cpp:390), pid=2532, tid=0x00000000000003b0
#
# JRE version: OpenJDK Runtime Environment (8.0_152-b01) (build 1.8.0_152-release-915-b01)
# Java VM: OpenJDK 64-Bit Server VM (25.152-b01 mixed mode windows-amd64 compressed oops)
# Failed to write core dump. Minidumps are not enabled by default on client versions of Windows
#

---------------  T H R E A D  ---------------

Current thread (0x0000000015b70000):  JavaThread "C2 CompilerThread0" daemon [_thread_in_native, id=944, stack(0x0000000016270000,0x0000000016370000)]

Stack: [0x0000000016270000,0x0000000016370000]
[error occurred during error reporting (printing stack bounds), id 0xc0000005]

Native frames: (J=compiled Java code, j=interpreted, Vv=VM code, C=native code)


Current CompileTask:
C2:   3948  949       4       org.objectweb.asm.ClassReader::a (3587 bytes)


---------------  P R O C E S S  ---------------

Java Threads: ( => current thread )
  0x0000000015bfa000 JavaThread "Service Thread" daemon [_thread_blocked, id=9252, stack(0x0000000016670000,0x0000000016770000)]
  0x0000000015b7d800 JavaThread "C1 CompilerThread3" daemon [_thread_blocked, id=5372, stack(0x0000000016570000,0x0000000016670000)]
  0x0000000015b75000 JavaThread "C2 CompilerThread2" daemon [_thread_blocked, id=10912, stack(0x0000000016470000,0x0000000016570000)]
  0x0000000013bea800 JavaThread "C2 CompilerThread1" daemon [_thread_blocked, id=10760, stack(0x0000000016370000,0x0000000016470000)]
=>0x0000000015b70000 JavaThread "C2 CompilerThread0" daemon [_thread_in_native, id=944, stack(0x0000000016270000,0x0000000016370000)]
  0x0000000015b6f000 JavaThread "Attach Listener" daemon [_thread_blocked, id=5728, stack(0x0000000016170000,0x0000000016270000)]
  0x0000000015b1c000 JavaThread "Signal Dispatcher" daemon [_thread_blocked, id=3592, stack(0x0000000016070000,0x0000000016170000)]
  0x0000000015b00800 JavaThread "Finalizer" daemon [_thread_blocked, id=12412, stack(0x0000000015ee0000,0x0000000015fe0000)]
  0x0000000003428000 JavaThread "Reference Handler" daemon [_thread_blocked, id=7188, stack(0x00000000159e0000,0x0000000015ae0000)]
  0x000000000312d800 JavaThread "main" [_thread_blocked, id=7216, stack(0x0000000003230000,0x0000000003330000)]

Other Threads:
  0x0000000013bd5800 VMThread [stack: 0x00000000158e0000,0x00000000159e0000] [id=11588]
  0x0000000015c13000 WatcherThread [stack: 0x0000000016770000,0x0000000016870000] [id=8468]

VM state:at safepoint (normal execution)

VM Mutex/Monitor currently owned by a thread:  ([mutex/lock_event])
[0x000000000312c2f0] Threads_lock - owner thread: 0x0000000013bd5800
[0x000000000312c8f0] Heap_lock - owner thread: 0x000000000312d800

Heap:
 PSYoungGen      total 18944K, used 18915K [0x00000000feb00000, 0x0000000100000000, 0x0000000100000000)
  eden space 16384K, 100% used [0x00000000feb00000,0x00000000ffb00000,0x00000000ffb00000)
  from space 2560K, 98% used [0x00000000ffd80000,0x00000000ffff8e10,0x0000000100000000)
  to   space 2560K, 98% used [0x00000000ffb00000,0x00000000ffd78468,0x00000000ffd80000)
 ParOldGen       total 44032K, used 6587K [0x00000000fc000000, 0x00000000feb00000, 0x00000000feb00000)
  object space 44032K, 14% used [0x00000000fc000000,0x00000000fc66ec98,0x00000000feb00000)
 Metaspace       used 7782K, capacity 7974K, committed 8192K, reserved 1056768K
  class space    used 876K, capacity 957K, committed 1024K, reserved 1048576K

Card table byte_map: [0x0000000003090000,0x00000000030c0000] byte_map_base: 0x00000000028b0000

Marking Bits: (ParMarkBitMap*) 0x00000000673d3950
 Begin Bits: [0x0000000012ff0000, 0x00000000130f0000)
 End Bits:   [0x00000000130f0000, 0x00000000131f0000)

Polling page: 0x00000000014d0000

CodeCache: size=245760Kb used=4142Kb max_used=4142Kb free=241617Kb
 bounds [0x0000000003430000, 0x0000000003850000, 0x0000000012430000]
 total_blobs=1483 nmethods=1148 adapters=248
 compilation: enabled

Compilation events (10 events):
Event: 3.795 Thread 0x0000000013bea800 nmethod 1145 0x0000000003834a10 code [0x0000000003834b60, 0x0000000003834d18]
Event: 3.798 Thread 0x0000000013bea800 1147       4       com.google.devtools.build.android.desugar.InterfaceDesugaring$InterfaceInvocationRewriter::visitMethodInsn (279 bytes)
Event: 3.798 Thread 0x0000000015b7d800 1148       3       java.util.Arrays$ArrayList::toArray (11 bytes)
Event: 3.798 Thread 0x0000000015b7d800 nmethod 1148 0x000000000383df50 code [0x000000000383e0c0, 0x000000000383e3c8]
Event: 3.802 Thread 0x0000000015b7d800 1150       3       org.objectweb.asm.MethodVisitor::visitVarInsn (17 bytes)
Event: 3.802 Thread 0x0000000015b7d800 nmethod 1150 0x000000000383d310 code [0x000000000383d480, 0x000000000383d6e8]
Event: 3.802 Thread 0x0000000015b7d800 1151       2       org.objectweb.asm.tree.VarInsnNode::accept (18 bytes)
Event: 3.803 Thread 0x0000000015b7d800 nmethod 1151 0x000000000383cf10 code [0x000000000383d080, 0x000000000383d238]
Event: 3.803 Thread 0x0000000015b7d800 1152       3       com.google.common.collect.ImmutableSet::construct (245 bytes)
Event: 3.805 Thread 0x0000000015b7d800 nmethod 1152 0x000000000383e490 code [0x000000000383e8a0, 0x0000000003840e38]

GC Heap History (5 events):
Event: 1.226 GC heap before
{Heap before GC invocations=1 (full 0):
 PSYoungGen      total 18944K, used 16384K [0x00000000feb00000, 0x0000000100000000, 0x0000000100000000)
  eden space 16384K, 100% used [0x00000000feb00000,0x00000000ffb00000,0x00000000ffb00000)
  from space 2560K, 0% used [0x00000000ffd80000,0x00000000ffd80000,0x0000000100000000)
  to   space 2560K, 0% used [0x00000000ffb00000,0x00000000ffb00000,0x00000000ffd80000)
 ParOldGen       total 44032K, used 0K [0x00000000fc000000, 0x00000000feb00000, 0x00000000feb00000)
  object space 44032K, 0% used [0x00000000fc000000,0x00000000fc000000,0x00000000feb00000)
 Metaspace       used 6631K, capacity 6804K, committed 7040K, reserved 1056768K
  class space    used 773K, capacity 824K, committed 896K, reserved 1048576K
Event: 1.229 GC heap after
Heap after GC invocations=1 (full 0):
 PSYoungGen      total 18944K, used 2553K [0x00000000feb00000, 0x0000000100000000, 0x0000000100000000)
  eden space 16384K, 0% used [0x00000000feb00000,0x00000000feb00000,0x00000000ffb00000)
  from space 2560K, 99% used [0x00000000ffb00000,0x00000000ffd7e630,0x00000000ffd80000)
  to   space 2560K, 0% used [0x00000000ffd80000,0x00000000ffd80000,0x0000000100000000)
 ParOldGen       total 44032K, used 1429K [0x00000000fc000000, 0x00000000feb00000, 0x00000000feb00000)
  object space 44032K, 3% used [0x00000000fc000000,0x00000000fc1655c8,0x00000000feb00000)
 Metaspace       used 6631K, capacity 6804K, committed 7040K, reserved 1056768K
  class space    used 773K, capacity 824K, committed 896K, reserved 1048576K
}
Event: 1.921 GC heap before
{Heap before GC invocations=2 (full 0):
 PSYoungGen      total 18944K, used 18937K [0x00000000feb00000, 0x0000000100000000, 0x0000000100000000)
  eden space 16384K, 100% used [0x00000000feb00000,0x00000000ffb00000,0x00000000ffb00000)
  from space 2560K, 99% used [0x00000000ffb00000,0x00000000ffd7e630,0x00000000ffd80000)
  to   space 2560K, 0% used [0x00000000ffd80000,0x00000000ffd80000,0x0000000100000000)
 ParOldGen       total 44032K, used 1429K [0x00000000fc000000, 0x00000000feb00000, 0x00000000feb00000)
  object space 44032K, 3% used [0x00000000fc000000,0x00000000fc1655c8,0x00000000feb00000)
 Metaspace       used 6953K, capacity 7110K, committed 7296K, reserved 1056768K
  class space    used 814K, capacity 861K, committed 896K, reserved 1048576K
Event: 1.974 GC heap after
Heap after GC invocations=2 (full 0):
 PSYoungGen      total 18944K, used 2531K [0x00000000feb00000, 0x0000000100000000, 0x0000000100000000)
  eden space 16384K, 0% used [0x00000000feb00000,0x00000000feb00000,0x00000000ffb00000)
  from space 2560K, 98% used [0x00000000ffd80000,0x00000000ffff8e10,0x0000000100000000)
  to   space 2560K, 0% used [0x00000000ffb00000,0x00000000ffb00000,0x00000000ffd80000)
 ParOldGen       total 44032K, used 5850K [0x00000000fc000000, 0x00000000feb00000, 0x00000000feb00000)
  object space 44032K, 13% used [0x00000000fc000000,0x00000000fc5b6ab0,0x00000000feb00000)
 Metaspace       used 6953K, capacity 7110K, committed 7296K, reserved 1056768K
  class space    used 814K, capacity 861K, committed 896K, reserved 1048576K
}
Event: 3.807 GC heap before
{Heap before GC invocations=3 (full 0):
 PSYoungGen      total 18944K, used 18915K [0x00000000feb00000, 0x0000000100000000, 0x0000000100000000)
  eden space 16384K, 100% used [0x00000000feb00000,0x00000000ffb00000,0x00000000ffb00000)
  from space 2560K, 98% used [0x00000000ffd80000,0x00000000ffff8e10,0x0000000100000000)
  to   space 2560K, 0% used [0x00000000ffb00000,0x00000000ffb00000,0x00000000ffd80000)
 ParOldGen       total 44032K, used 5850K [0x00000000fc000000, 0x00000000feb00000, 0x00000000feb00000)
  object space 44032K, 13% used [0x00000000fc000000,0x00000000fc5b6ab0,0x00000000feb00000)
 Metaspace       used 7782K, capacity 7974K, committed 8192K, reserved 1056768K
  class space    used 876K, capacity 957K, committed 1024K, reserved 1048576K

Deoptimization events (10 events):
Event: 3.060 Thread 0x000000000312d800 Uncommon trap: reason=unstable_if action=reinterpret pc=0x00000000035bfa78 method=java.lang.String.<init>([CII)V @ 18
Event: 3.081 Thread 0x000000000312d800 Uncommon trap: reason=unstable_if action=reinterpret pc=0x000000000378f2b0 method=org.objectweb.asm.Type.getArgumentsAndReturnSizes(Ljava/lang/String;)I @ 41
Event: 3.083 Thread 0x000000000312d800 Uncommon trap: reason=unstable_if action=reinterpret pc=0x00000000037d3ee0 method=java.lang.String.<init>([CII)V @ 18
Event: 3.329 Thread 0x000000000312d800 Uncommon trap: reason=unstable_if action=reinterpret pc=0x00000000037b8038 method=org.objectweb.asm.MethodWriter.visitVarInsn(II)V @ 136
Event: 3.777 Thread 0x000000000312d800 Uncommon trap: reason=unstable_if action=reinterpret pc=0x000000000382e90c method=org.objectweb.asm.Type.getArgumentsAndReturnSizes(Ljava/lang/String;)I @ 118
Event: 3.802 Thread 0x000000000312d800 Uncommon trap: reason=class_check action=maybe_recompile pc=0x00000000038212fc method=org.objectweb.asm.MethodVisitor.visitVarInsn(II)V @ 13
Event: 3.802 Thread 0x000000000312d800 Uncommon trap: reason=class_check action=maybe_recompile pc=0x00000000038212fc method=org.objectweb.asm.MethodVisitor.visitVarInsn(II)V @ 13
Event: 3.802 Thread 0x000000000312d800 Uncommon trap: reason=class_check action=maybe_recompile pc=0x00000000038212fc method=org.objectweb.asm.MethodVisitor.visitVarInsn(II)V @ 13
Event: 3.802 Thread 0x000000000312d800 Uncommon trap: reason=class_check action=maybe_recompile pc=0x00000000038212fc method=org.objectweb.asm.MethodVisitor.visitVarInsn(II)V @ 13
Event: 3.802 Thread 0x000000000312d800 Uncommon trap: reason=class_check action=maybe_recompile pc=0x000000000383b460 method=org.objectweb.asm.MethodVisitor.visitVarInsn(II)V @ 13

Classes redefined (0 events):
No events

Internal exceptions (10 events):
Event: 1.459 Thread 0x000000000312d800 Exception <a 'sun/nio/fs/WindowsException'> (0x00000000ff270980) thrown at [D:\src\AOSP-openjdk-cygwin\jdk8u\hotspot\src\share\vm\prims\jni.cpp, line 709]
Event: 1.459 Thread 0x000000000312d800 Exception <a 'sun/nio/fs/WindowsException'> (0x00000000ff270f20) thrown at [D:\src\AOSP-openjdk-cygwin\jdk8u\hotspot\src\share\vm\prims\jni.cpp, line 709]
Event: 1.459 Thread 0x000000000312d800 Exception <a 'sun/nio/fs/WindowsException'> (0x00000000ff2716d0) thrown at [D:\src\AOSP-openjdk-cygwin\jdk8u\hotspot\src\share\vm\prims\jni.cpp, line 709]
Event: 1.541 Thread 0x000000000312d800 Exception <a 'sun/nio/fs/WindowsException'> (0x00000000ff276a10) thrown at [D:\src\AOSP-openjdk-cygwin\jdk8u\hotspot\src\share\vm\prims\jni.cpp, line 709]
Event: 2.013 Thread 0x000000000312d800 Exception <a 'sun/nio/fs/WindowsException'> (0x00000000febc5b30) thrown at [D:\src\AOSP-openjdk-cygwin\jdk8u\hotspot\src\share\vm\prims\jni.cpp, line 709]
Event: 2.014 Thread 0x000000000312d800 Exception <a 'sun/nio/fs/WindowsException'> (0x00000000febc6088) thrown at [D:\src\AOSP-openjdk-cygwin\jdk8u\hotspot\src\share\vm\prims\jni.cpp, line 709]
Event: 2.149 Thread 0x000000000312d800 Exception <a 'sun/nio/fs/WindowsException'> (0x00000000febd1888) thrown at [D:\src\AOSP-openjdk-cygwin\jdk8u\hotspot\src\share\vm\prims\jni.cpp, line 709]
Event: 2.149 Thread 0x000000000312d800 Exception <a 'sun/nio/fs/WindowsException'> (0x00000000febd1d60) thrown at [D:\src\AOSP-openjdk-cygwin\jdk8u\hotspot\src\share\vm\prims\jni.cpp, line 709]
Event: 3.439 Thread 0x000000000312d800 Exception <a 'sun/nio/fs/WindowsException'> (0x00000000ff73f2f8) thrown at [D:\src\AOSP-openjdk-cygwin\jdk8u\hotspot\src\share\vm\prims\jni.cpp, line 709]
Event: 3.439 Thread 0x000000000312d800 Exception <a 'sun/nio/fs/WindowsException'> (0x00000000ff73f7d0) thrown at [D:\src\AOSP-openjdk-cygwin\jdk8u\hotspot\src\share\vm\prims\jni.cpp, line 709]

Events (10 events):
Event: 3.802 Thread 0x000000000312d800 Uncommon trap: trap_request=0xffffffde fr.pc=0x00000000038212fc
Event: 3.802 Thread 0x000000000312d800 DEOPT PACKING pc=0x00000000038212fc sp=0x000000000332ec60
Event: 3.802 Thread 0x000000000312d800 DEOPT UNPACKING pc=0x000000000347556a sp=0x000000000332ebb0 mode 2
Event: 3.802 Thread 0x000000000312d800 Uncommon trap: trap_request=0xffffffde fr.pc=0x00000000038212fc
Event: 3.802 Thread 0x000000000312d800 DEOPT PACKING pc=0x00000000038212fc sp=0x000000000332ec60
Event: 3.802 Thread 0x000000000312d800 DEOPT UNPACKING pc=0x000000000347556a sp=0x000000000332ebb0 mode 2
Event: 3.802 Thread 0x000000000312d800 Uncommon trap: trap_request=0xffffffde fr.pc=0x000000000383b460
Event: 3.802 Thread 0x000000000312d800 DEOPT PACKING pc=0x000000000383b460 sp=0x000000000332ebd0
Event: 3.802 Thread 0x000000000312d800 DEOPT UNPACKING pc=0x000000000347556a sp=0x000000000332eb98 mode 2
Event: 3.807 Executing VM operation: ParallelGCFailedAllocation


Dynamic libraries:
0x00007ff6d3260000 - 0x00007ff6d3291000 	C:\Program Files\Android\Android Studio\jre\bin\java.exe
0x00007ffba9340000 - 0x00007ffba9521000 	C:\WINDOWS\SYSTEM32\ntdll.dll
0x00007ffba6ca0000 - 0x00007ffba6d52000 	C:\WINDOWS\System32\KERNEL32.DLL
0x00007ffba6070000 - 0x00007ffba62e3000 	C:\WINDOWS\System32\KERNELBASE.dll
0x00007ffba9260000 - 0x00007ffba9301000 	C:\WINDOWS\System32\ADVAPI32.dll
0x00007ffba77b0000 - 0x00007ffba784e000 	C:\WINDOWS\System32\msvcrt.dll
0x00007ffba71b0000 - 0x00007ffba720b000 	C:\WINDOWS\System32\sechost.dll
0x00007ffba7580000 - 0x00007ffba76a4000 	C:\WINDOWS\System32\RPCRT4.dll
0x00007ffba7ac0000 - 0x00007ffba7c50000 	C:\WINDOWS\System32\USER32.dll
0x00007ffba5790000 - 0x00007ffba57b0000 	C:\WINDOWS\System32\win32u.dll
0x00007ffba67e0000 - 0x00007ffba6808000 	C:\WINDOWS\System32\GDI32.dll
0x00007ffba6530000 - 0x00007ffba66c2000 	C:\WINDOWS\System32\gdi32full.dll
0x00007ffba5fd0000 - 0x00007ffba606f000 	C:\WINDOWS\System32\msvcp_win.dll
0x00007ffba66d0000 - 0x00007ffba67ca000 	C:\WINDOWS\System32\ucrtbase.dll
0x00007ffb93ad0000 - 0x00007ffb93d39000 	C:\WINDOWS\WinSxS\amd64_microsoft.windows.common-controls_6595b64144ccf1df_6.0.17134.48_none_b4b2216a3cb4dd3e\COMCTL32.dll
0x00007ffba6810000 - 0x00007ffba6b33000 	C:\WINDOWS\System32\combase.dll
0x00007ffba5710000 - 0x00007ffba578a000 	C:\WINDOWS\System32\bcryptPrimitives.dll
0x00007ffba9090000 - 0x00007ffba90bd000 	C:\WINDOWS\System32\IMM32.DLL
0x0000000069530000 - 0x0000000069602000 	C:\Program Files\Android\Android Studio\jre\jre\bin\msvcr100.dll
0x0000000066c10000 - 0x000000006744e000 	C:\Program Files\Android\Android Studio\jre\jre\bin\server\jvm.dll
0x00007ffba91d0000 - 0x00007ffba91d8000 	C:\WINDOWS\System32\PSAPI.DLL
0x00007ffb95780000 - 0x00007ffb957a3000 	C:\WINDOWS\SYSTEM32\WINMM.dll
0x00007ffba1ea0000 - 0x00007ffba1ea9000 	C:\WINDOWS\SYSTEM32\WSOCK32.dll
0x00007ffba7510000 - 0x00007ffba757c000 	C:\WINDOWS\System32\WS2_32.dll
0x00007ffb9d7c0000 - 0x00007ffb9d7ca000 	C:\WINDOWS\SYSTEM32\VERSION.dll
0x00007ffb95570000 - 0x00007ffb9559a000 	C:\WINDOWS\SYSTEM32\WINMMBASE.dll
0x00007ffba64e0000 - 0x00007ffba6529000 	C:\WINDOWS\System32\cfgmgr32.dll
0x00007ffba1e90000 - 0x00007ffba1e9f000 	C:\Program Files\Android\Android Studio\jre\jre\bin\verify.dll
0x00007ffb9fc20000 - 0x00007ffb9fc49000 	C:\Program Files\Android\Android Studio\jre\jre\bin\java.dll
0x00007ffb9fc00000 - 0x00007ffb9fc16000 	C:\Program Files\Android\Android Studio\jre\jre\bin\zip.dll
0x00007ffba7c50000 - 0x00007ffba9090000 	C:\WINDOWS\System32\SHELL32.dll
0x00007ffba9120000 - 0x00007ffba91c9000 	C:\WINDOWS\System32\shcore.dll
0x00007ffba58c0000 - 0x00007ffba5fcd000 	C:\WINDOWS\System32\windows.storage.dll
0x00007ffba90c0000 - 0x00007ffba9111000 	C:\WINDOWS\System32\shlwapi.dll
0x00007ffba5680000 - 0x00007ffba5691000 	C:\WINDOWS\System32\kernel.appcore.dll
0x00007ffba56f0000 - 0x00007ffba570f000 	C:\WINDOWS\System32\profapi.dll
0x00007ffba56a0000 - 0x00007ffba56ec000 	C:\WINDOWS\System32\powrprof.dll
0x00007ffba5650000 - 0x00007ffba565a000 	C:\WINDOWS\System32\FLTLIB.DLL
0x00007ffba5080000 - 0x00007ffba5097000 	C:\WINDOWS\SYSTEM32\CRYPTSP.dll
0x00007ffba4ab0000 - 0x00007ffba4ae3000 	C:\WINDOWS\system32\rsaenh.dll
0x00007ffba51b0000 - 0x00007ffba51d5000 	C:\WINDOWS\SYSTEM32\bcrypt.dll
0x00007ffba5580000 - 0x00007ffba55a8000 	C:\WINDOWS\SYSTEM32\USERENV.dll
0x00007ffba50a0000 - 0x00007ffba50ab000 	C:\WINDOWS\SYSTEM32\CRYPTBASE.dll
0x00007ffb9fbe0000 - 0x00007ffb9fbfa000 	C:\Program Files\Android\Android Studio\jre\jre\bin\net.dll
0x00007ffba4ed0000 - 0x00007ffba4f36000 	C:\WINDOWS\system32\mswsock.dll
0x00007ffba4c50000 - 0x00007ffba4c88000 	C:\WINDOWS\SYSTEM32\IPHLPAPI.DLL
0x00007ffba7430000 - 0x00007ffba7438000 	C:\WINDOWS\System32\NSI.dll
0x00007ffb9a1f0000 - 0x00007ffb9a206000 	C:\WINDOWS\SYSTEM32\dhcpcsvc6.DLL
0x00007ffb9a120000 - 0x00007ffb9a13a000 	C:\WINDOWS\SYSTEM32\dhcpcsvc.DLL
0x00007ffb9fbc0000 - 0x00007ffb9fbd1000 	C:\Program Files\Android\Android Studio\jre\jre\bin\nio.dll

VM Arguments:
jvm_args: -Djava.awt.headless=true -Xmx64M -Dfile.encoding=x-windows-949 -Duser.country=KR -Duser.language=ko -Duser.variant 
java_command: com.google.devtools.build.android.desugar.Desugar @D:\test\app\build\intermediates\tmp\desugar_args3731703211004522704
java_class_path (initial): C:\Users\Goo\AppData\Local\Temp\desugar_deploy.jar7969236958099071626
Launcher Type: SUN_STANDARD

Environment Variables:
PATH=C:\ProgramData\Oracle\Java\javapath;C:\WINDOWS\system32;C:\WINDOWS;C:\WINDOWS\System32\Wbem;C:\WINDOWS\System32\WindowsPowerShell\v1.0\;C:\OpenSSL;;C:\WINDOWS\System32\OpenSSH\;C:\Users\Goo\AppData\Local\Microsoft\WindowsApps;
USERNAME=Goo
OS=Windows_NT
PROCESSOR_IDENTIFIER=Intel64 Family 6 Model 158 Stepping 9, GenuineIntel



---------------  S Y S T E M  ---------------

OS: Windows 10.0 , 64 bit Build 17134 (10.0.17134.1)

CPU:total 8 (initial active 8) (4 cores per cpu, 2 threads per core) family 6 model 158 stepping 9, cmov, cx8, fxsr, mmx, sse, sse2, sse3, ssse3, sse4.1, sse4.2, popcnt, avx, avx2, aes, clmul, erms, 3dnowpref, lzcnt, ht, tsc, tscinvbit, bmi1, bmi2, adx

Memory: 4k page, physical 16692940k(3774964k free), swap 16692940k(4100k free)

vm_info: OpenJDK 64-Bit Server VM (25.152-b01) for windows-amd64 JRE (1.8.0_152-release-915-b01), built by "builder" with MS VC++ 10.0 (VS2010)

time: Tue May 29 04:28:37 2018
elapsed time: 3 seconds (0d 0h 0m 3s)

