#
# There is insufficient memory for the Java Runtime Environment to continue.
# Native memory allocation (malloc) failed to allocate 32744 bytes for ChunkPool::allocate
# Possible reasons:
#   The system is out of physical RAM or swap space
#   In 32 bit mode, the process size limit was hit
# Possible solutions:
#   Reduce memory load on the system
#   Increase physical memory or swap space
#   Check if swap backing store is full
#   Use 64 bit Java on a 64 bit OS
#   Decrease Java heap size (-Xmx/-Xms)
#   Decrease number of Java threads
#   Decrease Java thread stack sizes (-Xss)
#   Set larger code cache with -XX:ReservedCodeCacheSize=
# This output file may be truncated or incomplete.
#
#  Out of Memory Error (allocation.cpp:273), pid=11008, tid=0x0000000000000eb0
#
# JRE version: OpenJDK Runtime Environment (8.0_152-b01) (build 1.8.0_152-release-915-b01)
# Java VM: OpenJDK 64-Bit Server VM (25.152-b01 mixed mode windows-amd64 compressed oops)
# Failed to write core dump. Minidumps are not enabled by default on client versions of Windows
#

---------------  T H R E A D  ---------------

Current thread (0x0000000015194800):  JavaThread "C1 CompilerThread3" daemon [_thread_in_vm, id=3760, stack(0x0000000015ba0000,0x0000000015ca0000)]

Stack: [0x0000000015ba0000,0x0000000015ca0000]
[error occurred during error reporting (printing stack bounds), id 0xc0000005]

Native frames: (J=compiled Java code, j=interpreted, Vv=VM code, C=native code)


Current CompileTask:
C1:   4827 1116       3       org.objectweb.asm.AnnotationWriter::a (28 bytes)


---------------  P R O C E S S  ---------------

Java Threads: ( => current thread )
  0x000000001519f000 JavaThread "Service Thread" daemon [_thread_blocked, id=4240, stack(0x0000000015ca0000,0x0000000015da0000)]
=>0x0000000015194800 JavaThread "C1 CompilerThread3" daemon [_thread_in_vm, id=3760, stack(0x0000000015ba0000,0x0000000015ca0000)]
  0x000000001324e800 JavaThread "C2 CompilerThread2" daemon [_thread_in_native, id=11612, stack(0x0000000015aa0000,0x0000000015ba0000)]
  0x000000001324b800 JavaThread "C2 CompilerThread1" daemon [_thread_in_native, id=12312, stack(0x00000000159a0000,0x0000000015aa0000)]
  0x000000001513b800 JavaThread "C2 CompilerThread0" daemon [_thread_in_native, id=1848, stack(0x00000000158a0000,0x00000000159a0000)]
  0x000000001513a000 JavaThread "Attach Listener" daemon [_thread_blocked, id=3708, stack(0x00000000157a0000,0x00000000158a0000)]
  0x0000000015190000 JavaThread "Signal Dispatcher" daemon [_thread_blocked, id=10052, stack(0x00000000156a0000,0x00000000157a0000)]
  0x0000000015120800 JavaThread "Finalizer" daemon [_thread_blocked, id=7528, stack(0x0000000015500000,0x0000000015600000)]
  0x0000000002a89000 JavaThread "Reference Handler" daemon [_thread_blocked, id=7176, stack(0x0000000015000000,0x0000000015100000)]
  0x000000000288d800 JavaThread "main" [_thread_in_native, id=8656, stack(0x0000000002890000,0x0000000002990000)]

Other Threads:
  0x0000000013235000 VMThread [stack: 0x0000000014f00000,0x0000000015000000] [id=2640]
  0x0000000015200800 WatcherThread [stack: 0x0000000015da0000,0x0000000015ea0000] [id=5200]

VM state:not at safepoint (normal execution)

VM Mutex/Monitor currently owned by a thread: None

Heap:
 PSYoungGen      total 18944K, used 16490K [0x00000000feb00000, 0x0000000100000000, 0x0000000100000000)
  eden space 16384K, 85% used [0x00000000feb00000,0x00000000ff89ddc0,0x00000000ffb00000)
  from space 2560K, 99% used [0x00000000ffb00000,0x00000000ffd7cb98,0x00000000ffd80000)
  to   space 2560K, 0% used [0x00000000ffd80000,0x00000000ffd80000,0x0000000100000000)
 ParOldGen       total 44032K, used 7048K [0x00000000fc000000, 0x00000000feb00000, 0x00000000feb00000)
  object space 44032K, 16% used [0x00000000fc000000,0x00000000fc6e2238,0x00000000feb00000)
 Metaspace       used 7763K, capacity 7910K, committed 8192K, reserved 1056768K
  class space    used 875K, capacity 957K, committed 1024K, reserved 1048576K

Card table byte_map: [0x0000000002800000,0x0000000002830000] byte_map_base: 0x0000000002020000

Marking Bits: (ParMarkBitMap*) 0x00000000673d3950
 Begin Bits: [0x0000000012650000, 0x0000000012750000)
 End Bits:   [0x0000000012750000, 0x0000000012850000)

Polling page: 0x00000000006d0000

CodeCache: size=245760Kb used=4093Kb max_used=4106Kb free=241666Kb
 bounds [0x0000000002a90000, 0x0000000002ea0000, 0x0000000011a90000]
 total_blobs=1451 nmethods=1117 adapters=248
 compilation: enabled

Compilation events (10 events):
Event: 3.794 Thread 0x0000000015194800 nmethod 1111 0x0000000002e8fd10 code [0x0000000002e8fe80, 0x0000000002e900e8]
Event: 3.794 Thread 0x0000000015194800 1112       1       org.objectweb.asm.tree.MethodNode::visitCode (1 bytes)
Event: 3.794 Thread 0x0000000015194800 nmethod 1112 0x0000000002e70c10 code [0x0000000002e70d60, 0x0000000002e70e70]
Event: 3.794 Thread 0x0000000015194800 1113       1       org.objectweb.asm.tree.MethodNode::visitMaxs (11 bytes)
Event: 3.794 Thread 0x0000000015194800 nmethod 1113 0x0000000002e901d0 code [0x0000000002e90320, 0x0000000002e90430]
Event: 3.794 Thread 0x000000001324e800 1114       4       org.objectweb.asm.tree.MethodNode::getLabelNodes (51 bytes)
Event: 3.798 Thread 0x000000001324e800 nmethod 1114 0x0000000002e93310 code [0x0000000002e93460, 0x0000000002e936d8]
Event: 3.798 Thread 0x0000000015194800 1115       1       org.objectweb.asm.MethodWriter::visitCode (1 bytes)
Event: 3.798 Thread 0x0000000015194800 nmethod 1115 0x0000000002e93050 code [0x0000000002e931a0, 0x0000000002e932b0]
Event: 4.683 Thread 0x0000000015194800 1116       3       org.objectweb.asm.AnnotationWriter::a (28 bytes)

GC Heap History (6 events):
Event: 1.089 GC heap before
{Heap before GC invocations=1 (full 0):
 PSYoungGen      total 18944K, used 16384K [0x00000000feb00000, 0x0000000100000000, 0x0000000100000000)
  eden space 16384K, 100% used [0x00000000feb00000,0x00000000ffb00000,0x00000000ffb00000)
  from space 2560K, 0% used [0x00000000ffd80000,0x00000000ffd80000,0x0000000100000000)
  to   space 2560K, 0% used [0x00000000ffb00000,0x00000000ffb00000,0x00000000ffd80000)
 ParOldGen       total 44032K, used 0K [0x00000000fc000000, 0x00000000feb00000, 0x00000000feb00000)
  object space 44032K, 0% used [0x00000000fc000000,0x00000000fc000000,0x00000000feb00000)
 Metaspace       used 6625K, capacity 6804K, committed 7040K, reserved 1056768K
  class space    used 773K, capacity 824K, committed 896K, reserved 1048576K
Event: 1.105 GC heap after
Heap after GC invocations=1 (full 0):
 PSYoungGen      total 18944K, used 2537K [0x00000000feb00000, 0x0000000100000000, 0x0000000100000000)
  eden space 16384K, 0% used [0x00000000feb00000,0x00000000feb00000,0x00000000ffb00000)
  from space 2560K, 99% used [0x00000000ffb00000,0x00000000ffd7a620,0x00000000ffd80000)
  to   space 2560K, 0% used [0x00000000ffd80000,0x00000000ffd80000,0x0000000100000000)
 ParOldGen       total 44032K, used 1535K [0x00000000fc000000, 0x00000000feb00000, 0x00000000feb00000)
  object space 44032K, 3% used [0x00000000fc000000,0x00000000fc17ff78,0x00000000feb00000)
 Metaspace       used 6625K, capacity 6804K, committed 7040K, reserved 1056768K
  class space    used 773K, capacity 824K, committed 896K, reserved 1048576K
}
Event: 1.502 GC heap before
{Heap before GC invocations=2 (full 0):
 PSYoungGen      total 18944K, used 18921K [0x00000000feb00000, 0x0000000100000000, 0x0000000100000000)
  eden space 16384K, 100% used [0x00000000feb00000,0x00000000ffb00000,0x00000000ffb00000)
  from space 2560K, 99% used [0x00000000ffb00000,0x00000000ffd7a620,0x00000000ffd80000)
  to   space 2560K, 0% used [0x00000000ffd80000,0x00000000ffd80000,0x0000000100000000)
 ParOldGen       total 44032K, used 1535K [0x00000000fc000000, 0x00000000feb00000, 0x00000000feb00000)
  object space 44032K, 3% used [0x00000000fc000000,0x00000000fc17ff78,0x00000000feb00000)
 Metaspace       used 6970K, capacity 7110K, committed 7296K, reserved 1056768K
  class space    used 816K, capacity 861K, committed 896K, reserved 1048576K
Event: 1.557 GC heap after
Heap after GC invocations=2 (full 0):
 PSYoungGen      total 18944K, used 2547K [0x00000000feb00000, 0x0000000100000000, 0x0000000100000000)
  eden space 16384K, 0% used [0x00000000feb00000,0x00000000feb00000,0x00000000ffb00000)
  from space 2560K, 99% used [0x00000000ffd80000,0x00000000ffffce20,0x0000000100000000)
  to   space 2560K, 0% used [0x00000000ffb00000,0x00000000ffb00000,0x00000000ffd80000)
 ParOldGen       total 44032K, used 6021K [0x00000000fc000000, 0x00000000feb00000, 0x00000000feb00000)
  object space 44032K, 13% used [0x00000000fc000000,0x00000000fc5e1460,0x00000000feb00000)
 Metaspace       used 6970K, capacity 7110K, committed 7296K, reserved 1056768K
  class space    used 816K, capacity 861K, committed 896K, reserved 1048576K
}
Event: 3.799 GC heap before
{Heap before GC invocations=3 (full 0):
 PSYoungGen      total 18944K, used 18931K [0x00000000feb00000, 0x0000000100000000, 0x0000000100000000)
  eden space 16384K, 100% used [0x00000000feb00000,0x00000000ffb00000,0x00000000ffb00000)
  from space 2560K, 99% used [0x00000000ffd80000,0x00000000ffffce20,0x0000000100000000)
  to   space 2560K, 0% used [0x00000000ffb00000,0x00000000ffb00000,0x00000000ffd80000)
 ParOldGen       total 44032K, used 6021K [0x00000000fc000000, 0x00000000feb00000, 0x00000000feb00000)
  object space 44032K, 13% used [0x00000000fc000000,0x00000000fc5e1460,0x00000000feb00000)
 Metaspace       used 7745K, capacity 7910K, committed 8192K, reserved 1056768K
  class space    used 875K, capacity 957K, committed 1024K, reserved 1048576K
Event: 4.672 GC heap after
Heap after GC invocations=3 (full 0):
 PSYoungGen      total 18944K, used 2546K [0x00000000feb00000, 0x0000000100000000, 0x0000000100000000)
  eden space 16384K, 0% used [0x00000000feb00000,0x00000000feb00000,0x00000000ffb00000)
  from space 2560K, 99% used [0x00000000ffb00000,0x00000000ffd7cb98,0x00000000ffd80000)
  to   space 2560K, 0% used [0x00000000ffd80000,0x00000000ffd80000,0x0000000100000000)
 ParOldGen       total 44032K, used 7048K [0x00000000fc000000, 0x00000000feb00000, 0x00000000feb00000)
  object space 44032K, 16% used [0x00000000fc000000,0x00000000fc6e2238,0x00000000feb00000)
 Metaspace       used 7745K, capacity 7910K, committed 8192K, reserved 1056768K
  class space    used 875K, capacity 957K, committed 1024K, reserved 1048576K
}

Deoptimization events (10 events):
Event: 1.150 Thread 0x000000000288d800 Uncommon trap: reason=unstable_if action=reinterpret pc=0x0000000002cd91d4 method=java.util.HashMap$HashIterator.hasNext()Z @ 4
Event: 1.446 Thread 0x000000000288d800 Uncommon trap: reason=unloaded action=reinterpret pc=0x0000000002cd063c method=java.util.zip.ZipEntry.setExtra0([BZ)V @ 37
Event: 1.612 Thread 0x000000000288d800 Uncommon trap: reason=unstable_if action=reinterpret pc=0x0000000002c35978 method=java.lang.String.<init>([CII)V @ 18
Event: 3.506 Thread 0x000000000288d800 Uncommon trap: reason=unstable_if action=reinterpret pc=0x0000000002dc7100 method=org.objectweb.asm.Type.getArgumentsAndReturnSizes(Ljava/lang/String;)I @ 47
Event: 3.529 Thread 0x000000000288d800 Uncommon trap: reason=unstable_if action=reinterpret pc=0x0000000002dca9d8 method=org.objectweb.asm.Item.a(Lorg/objectweb/asm/Item;)Z @ 345
Event: 3.587 Thread 0x000000000288d800 Uncommon trap: reason=unstable_if action=reinterpret pc=0x0000000002de9128 method=org.objectweb.asm.MethodWriter.visitVarInsn(II)V @ 142
Event: 3.700 Thread 0x000000000288d800 Uncommon trap: reason=unstable_if action=reinterpret pc=0x0000000002d72f3c method=org.objectweb.asm.ClassReader.a(II[C)Ljava/lang/String; @ 77
Event: 3.700 Thread 0x000000000288d800 Uncommon trap: reason=unstable_if action=reinterpret pc=0x0000000002df0154 method=org.objectweb.asm.ByteVector.putUTF8(Ljava/lang/String;)Lorg/objectweb/asm/ByteVector; @ 98
Event: 3.701 Thread 0x000000000288d800 Uncommon trap: reason=unstable_if action=reinterpret pc=0x0000000002d7537c method=org.objectweb.asm.ClassReader.a(II[C)Ljava/lang/String; @ 77
Event: 3.702 Thread 0x000000000288d800 Uncommon trap: reason=unstable_if action=reinterpret pc=0x0000000002da5378 method=org.objectweb.asm.ByteVector.putUTF8(Ljava/lang/String;)Lorg/objectweb/asm/ByteVector; @ 98

Classes redefined (0 events):
No events

Internal exceptions (10 events):
Event: 2.603 Thread 0x000000000288d800 Exception <a 'sun/nio/fs/WindowsException'> (0x00000000fedbb3c0) thrown at [D:\src\AOSP-openjdk-cygwin\jdk8u\hotspot\src\share\vm\prims\jni.cpp, line 709]
Event: 2.617 Thread 0x000000000288d800 Exception <a 'sun/nio/fs/WindowsException'> (0x00000000fedbb898) thrown at [D:\src\AOSP-openjdk-cygwin\jdk8u\hotspot\src\share\vm\prims\jni.cpp, line 709]
Event: 3.432 Thread 0x000000000288d800 Exception <a 'sun/nio/fs/WindowsException'> (0x00000000fedbed38) thrown at [D:\src\AOSP-openjdk-cygwin\jdk8u\hotspot\src\share\vm\prims\jni.cpp, line 709]
Event: 3.432 Thread 0x000000000288d800 Exception <a 'sun/nio/fs/WindowsException'> (0x00000000fedbf210) thrown at [D:\src\AOSP-openjdk-cygwin\jdk8u\hotspot\src\share\vm\prims\jni.cpp, line 709]
Event: 3.629 Thread 0x000000000288d800 Exception <a 'sun/nio/fs/WindowsException'> (0x00000000ff728f78) thrown at [D:\src\AOSP-openjdk-cygwin\jdk8u\hotspot\src\share\vm\prims\jni.cpp, line 709]
Event: 3.630 Thread 0x000000000288d800 Exception <a 'sun/nio/fs/WindowsException'> (0x00000000ff729450) thrown at [D:\src\AOSP-openjdk-cygwin\jdk8u\hotspot\src\share\vm\prims\jni.cpp, line 709]
Event: 3.652 Thread 0x000000000288d800 Exception <a 'sun/nio/fs/WindowsException'> (0x00000000ff72c908) thrown at [D:\src\AOSP-openjdk-cygwin\jdk8u\hotspot\src\share\vm\prims\jni.cpp, line 709]
Event: 3.652 Thread 0x000000000288d800 Exception <a 'sun/nio/fs/WindowsException'> (0x00000000ff72cde0) thrown at [D:\src\AOSP-openjdk-cygwin\jdk8u\hotspot\src\share\vm\prims\jni.cpp, line 709]
Event: 3.684 Thread 0x000000000288d800 Exception <a 'sun/nio/fs/WindowsException'> (0x00000000ff832a50) thrown at [D:\src\AOSP-openjdk-cygwin\jdk8u\hotspot\src\share\vm\prims\jni.cpp, line 709]
Event: 3.684 Thread 0x000000000288d800 Exception <a 'sun/nio/fs/WindowsException'> (0x00000000ff832f28) thrown at [D:\src\AOSP-openjdk-cygwin\jdk8u\hotspot\src\share\vm\prims\jni.cpp, line 709]

Events (10 events):
Event: 3.700 Thread 0x000000000288d800 DEOPT PACKING pc=0x0000000002df0154 sp=0x000000000298e7d0
Event: 3.700 Thread 0x000000000288d800 DEOPT UNPACKING pc=0x0000000002ad556a sp=0x000000000298e710 mode 2
Event: 3.701 Thread 0x000000000288d800 Uncommon trap: trap_request=0xffffff65 fr.pc=0x0000000002d7537c
Event: 3.701 Thread 0x000000000288d800 DEOPT PACKING pc=0x0000000002d7537c sp=0x000000000298e5f0
Event: 3.701 Thread 0x000000000288d800 DEOPT UNPACKING pc=0x0000000002ad556a sp=0x000000000298e5a0 mode 2
Event: 3.702 Thread 0x000000000288d800 Uncommon trap: trap_request=0xffffff65 fr.pc=0x0000000002da5378
Event: 3.702 Thread 0x000000000288d800 DEOPT PACKING pc=0x0000000002da5378 sp=0x000000000298e760
Event: 3.702 Thread 0x000000000288d800 DEOPT UNPACKING pc=0x0000000002ad556a sp=0x000000000298e6f8 mode 2
Event: 3.799 Executing VM operation: ParallelGCFailedAllocation
Event: 4.673 Executing VM operation: ParallelGCFailedAllocation done


Dynamic libraries:
0x00007ff7bef40000 - 0x00007ff7bef71000 	C:\Program Files\Android\Android Studio\jre\bin\java.exe
0x00007ffba9340000 - 0x00007ffba9521000 	C:\WINDOWS\SYSTEM32\ntdll.dll
0x00007ffba6ca0000 - 0x00007ffba6d52000 	C:\WINDOWS\System32\KERNEL32.DLL
0x00007ffba6070000 - 0x00007ffba62e3000 	C:\WINDOWS\System32\KERNELBASE.dll
0x00007ffba9260000 - 0x00007ffba9301000 	C:\WINDOWS\System32\ADVAPI32.dll
0x00007ffba77b0000 - 0x00007ffba784e000 	C:\WINDOWS\System32\msvcrt.dll
0x00007ffba71b0000 - 0x00007ffba720b000 	C:\WINDOWS\System32\sechost.dll
0x00007ffba7580000 - 0x00007ffba76a4000 	C:\WINDOWS\System32\RPCRT4.dll
0x00007ffba7ac0000 - 0x00007ffba7c50000 	C:\WINDOWS\System32\USER32.dll
0x00007ffba5790000 - 0x00007ffba57b0000 	C:\WINDOWS\System32\win32u.dll
0x00007ffba67e0000 - 0x00007ffba6808000 	C:\WINDOWS\System32\GDI32.dll
0x00007ffba6530000 - 0x00007ffba66c2000 	C:\WINDOWS\System32\gdi32full.dll
0x00007ffba5fd0000 - 0x00007ffba606f000 	C:\WINDOWS\System32\msvcp_win.dll
0x00007ffba66d0000 - 0x00007ffba67ca000 	C:\WINDOWS\System32\ucrtbase.dll
0x00007ffb93ad0000 - 0x00007ffb93d39000 	C:\WINDOWS\WinSxS\amd64_microsoft.windows.common-controls_6595b64144ccf1df_6.0.17134.48_none_b4b2216a3cb4dd3e\COMCTL32.dll
0x00007ffba6810000 - 0x00007ffba6b33000 	C:\WINDOWS\System32\combase.dll
0x00007ffba5710000 - 0x00007ffba578a000 	C:\WINDOWS\System32\bcryptPrimitives.dll
0x00007ffba9090000 - 0x00007ffba90bd000 	C:\WINDOWS\System32\IMM32.DLL
0x0000000069530000 - 0x0000000069602000 	C:\Program Files\Android\Android Studio\jre\jre\bin\msvcr100.dll
0x0000000066c10000 - 0x000000006744e000 	C:\Program Files\Android\Android Studio\jre\jre\bin\server\jvm.dll
0x00007ffba91d0000 - 0x00007ffba91d8000 	C:\WINDOWS\System32\PSAPI.DLL
0x00007ffba1d20000 - 0x00007ffba1d29000 	C:\WINDOWS\SYSTEM32\WSOCK32.dll
0x00007ffba7510000 - 0x00007ffba757c000 	C:\WINDOWS\System32\WS2_32.dll
0x00007ffb95780000 - 0x00007ffb957a3000 	C:\WINDOWS\SYSTEM32\WINMM.dll
0x00007ffb9d7c0000 - 0x00007ffb9d7ca000 	C:\WINDOWS\SYSTEM32\VERSION.dll
0x00007ffb95570000 - 0x00007ffb9559a000 	C:\WINDOWS\SYSTEM32\winmmbase.dll
0x00007ffba64e0000 - 0x00007ffba6529000 	C:\WINDOWS\System32\cfgmgr32.dll
0x00007ffba1b20000 - 0x00007ffba1b2f000 	C:\Program Files\Android\Android Studio\jre\jre\bin\verify.dll
0x00007ffb9e9c0000 - 0x00007ffb9e9e9000 	C:\Program Files\Android\Android Studio\jre\jre\bin\java.dll
0x00007ffba1b00000 - 0x00007ffba1b16000 	C:\Program Files\Android\Android Studio\jre\jre\bin\zip.dll
0x00007ffba7c50000 - 0x00007ffba9090000 	C:\WINDOWS\System32\SHELL32.dll
0x00007ffba9120000 - 0x00007ffba91c9000 	C:\WINDOWS\System32\shcore.dll
0x00007ffba58c0000 - 0x00007ffba5fcd000 	C:\WINDOWS\System32\windows.storage.dll
0x00007ffba90c0000 - 0x00007ffba9111000 	C:\WINDOWS\System32\shlwapi.dll
0x00007ffba5680000 - 0x00007ffba5691000 	C:\WINDOWS\System32\kernel.appcore.dll
0x00007ffba56f0000 - 0x00007ffba570f000 	C:\WINDOWS\System32\profapi.dll
0x00007ffba56a0000 - 0x00007ffba56ec000 	C:\WINDOWS\System32\powrprof.dll
0x00007ffba5650000 - 0x00007ffba565a000 	C:\WINDOWS\System32\FLTLIB.DLL
0x00007ffba5080000 - 0x00007ffba5097000 	C:\WINDOWS\SYSTEM32\CRYPTSP.dll
0x00007ffba4ab0000 - 0x00007ffba4ae3000 	C:\WINDOWS\system32\rsaenh.dll
0x00007ffba51b0000 - 0x00007ffba51d5000 	C:\WINDOWS\SYSTEM32\bcrypt.dll
0x00007ffba5580000 - 0x00007ffba55a8000 	C:\WINDOWS\SYSTEM32\USERENV.dll
0x00007ffba50a0000 - 0x00007ffba50ab000 	C:\WINDOWS\SYSTEM32\CRYPTBASE.dll
0x00007ffb9e9a0000 - 0x00007ffb9e9ba000 	C:\Program Files\Android\Android Studio\jre\jre\bin\net.dll
0x00007ffba4ed0000 - 0x00007ffba4f36000 	C:\WINDOWS\system32\mswsock.dll
0x00007ffba4c50000 - 0x00007ffba4c88000 	C:\WINDOWS\SYSTEM32\IPHLPAPI.DLL
0x00007ffba7430000 - 0x00007ffba7438000 	C:\WINDOWS\System32\NSI.dll
0x00007ffb9a1f0000 - 0x00007ffb9a206000 	C:\WINDOWS\SYSTEM32\dhcpcsvc6.DLL
0x00007ffb9a120000 - 0x00007ffb9a13a000 	C:\WINDOWS\SYSTEM32\dhcpcsvc.DLL
0x00007ffb9e900000 - 0x00007ffb9e911000 	C:\Program Files\Android\Android Studio\jre\jre\bin\nio.dll

VM Arguments:
jvm_args: -Djava.awt.headless=true -Xmx64M -Dfile.encoding=x-windows-949 -Duser.country=KR -Duser.language=ko -Duser.variant 
java_command: com.google.devtools.build.android.desugar.Desugar @D:\test\app\build\intermediates\tmp\desugar_args7506464204707242606
java_class_path (initial): C:\Users\Goo\AppData\Local\Temp\desugar_deploy.jar914161806448729915
Launcher Type: SUN_STANDARD

Environment Variables:
PATH=C:\ProgramData\Oracle\Java\javapath;C:\WINDOWS\system32;C:\WINDOWS;C:\WINDOWS\System32\Wbem;C:\WINDOWS\System32\WindowsPowerShell\v1.0\;C:\OpenSSL;;C:\WINDOWS\System32\OpenSSH\;C:\Users\Goo\AppData\Local\Microsoft\WindowsApps;
USERNAME=Goo
OS=Windows_NT
PROCESSOR_IDENTIFIER=Intel64 Family 6 Model 158 Stepping 9, GenuineIntel



---------------  S Y S T E M  ---------------

OS: Windows 10.0 , 64 bit Build 17134 (10.0.17134.1)

CPU:total 8 (initial active 8) (4 cores per cpu, 2 threads per core) family 6 model 158 stepping 9, cmov, cx8, fxsr, mmx, sse, sse2, sse3, ssse3, sse4.1, sse4.2, popcnt, avx, avx2, aes, clmul, erms, 3dnowpref, lzcnt, ht, tsc, tscinvbit, bmi1, bmi2, adx

Memory: 4k page, physical 16692940k(4699588k free), swap 16692940k(3632k free)

vm_info: OpenJDK 64-Bit Server VM (25.152-b01) for windows-amd64 JRE (1.8.0_152-release-915-b01), built by "builder" with MS VC++ 10.0 (VS2010)

time: Sat May 26 18:48:06 2018
elapsed time: 4 seconds (0d 0h 0m 4s)

