#
# There is insufficient memory for the Java Runtime Environment to continue.
# Native memory allocation (malloc) failed to allocate 42240 bytes for Chunk::new
# Possible reasons:
#   The system is out of physical RAM or swap space
#   In 32 bit mode, the process size limit was hit
# Possible solutions:
#   Reduce memory load on the system
#   Increase physical memory or swap space
#   Check if swap backing store is full
#   Use 64 bit Java on a 64 bit OS
#   Decrease Java heap size (-Xmx/-Xms)
#   Decrease number of Java threads
#   Decrease Java thread stack sizes (-Xss)
#   Set larger code cache with -XX:ReservedCodeCacheSize=
# This output file may be truncated or incomplete.
#
#  Out of Memory Error (allocation.cpp:390), pid=12996, tid=0x0000000000002004
#
# JRE version: OpenJDK Runtime Environment (8.0_152-b01) (build 1.8.0_152-release-915-b01)
# Java VM: OpenJDK 64-Bit Server VM (25.152-b01 mixed mode windows-amd64 compressed oops)
# Failed to write core dump. Minidumps are not enabled by default on client versions of Windows
#

---------------  T H R E A D  ---------------

Current thread (0x0000000013a1c000):  JavaThread "C2 CompilerThread1" daemon [_thread_in_native, id=8196, stack(0x0000000016190000,0x0000000016290000)]

Stack: [0x0000000016190000,0x0000000016290000]
[error occurred during error reporting (printing stack bounds), id 0xc0000005]

Native frames: (J=compiled Java code, j=interpreted, Vv=VM code, C=native code)


Current CompileTask:
C2:   2602  947       4       org.objectweb.asm.ClassReader::readUTF8 (60 bytes)


---------------  P R O C E S S  ---------------

Java Threads: ( => current thread )
  0x0000000015a0d000 JavaThread "Service Thread" daemon [_thread_blocked, id=8380, stack(0x0000000016490000,0x0000000016590000)]
  0x00000000159e3000 JavaThread "C1 CompilerThread3" daemon [_thread_blocked, id=13212, stack(0x0000000016390000,0x0000000016490000)]
  0x0000000015994800 JavaThread "C2 CompilerThread2" daemon [_thread_blocked, id=9904, stack(0x0000000016290000,0x0000000016390000)]
=>0x0000000013a1c000 JavaThread "C2 CompilerThread1" daemon [_thread_in_native, id=8196, stack(0x0000000016190000,0x0000000016290000)]
  0x0000000013a19000 JavaThread "C2 CompilerThread0" daemon [_thread_in_vm, id=9828, stack(0x0000000016090000,0x0000000016190000)]
  0x000000001598f000 JavaThread "Attach Listener" daemon [_thread_blocked, id=7564, stack(0x0000000015f90000,0x0000000016090000)]
  0x000000001593b800 JavaThread "Signal Dispatcher" daemon [_thread_blocked, id=5976, stack(0x0000000015e90000,0x0000000015f90000)]
  0x000000000325e000 JavaThread "Finalizer" daemon [_thread_blocked, id=6444, stack(0x0000000015d00000,0x0000000015e00000)]
  0x0000000003257000 JavaThread "Reference Handler" daemon [_thread_blocked, id=13380, stack(0x0000000015800000,0x0000000015900000)]
  0x0000000002cdd800 JavaThread "main" [_thread_in_native, id=2136, stack(0x0000000003060000,0x0000000003160000)]

Other Threads:
  0x0000000013a05800 VMThread [stack: 0x0000000015700000,0x0000000015800000] [id=1228]
  0x0000000015a0d800 WatcherThread [stack: 0x0000000016590000,0x0000000016690000] [id=9132]

VM state:not at safepoint (normal execution)

VM Mutex/Monitor currently owned by a thread: None

Heap:
 PSYoungGen      total 18944K, used 9792K [0x00000000feb00000, 0x0000000100000000, 0x0000000100000000)
  eden space 16384K, 44% used [0x00000000feb00000,0x00000000ff213240,0x00000000ffb00000)
  from space 2560K, 99% used [0x00000000ffd80000,0x00000000ffffce20,0x0000000100000000)
  to   space 2560K, 0% used [0x00000000ffb00000,0x00000000ffb00000,0x00000000ffd80000)
 ParOldGen       total 44032K, used 5727K [0x00000000fc000000, 0x00000000feb00000, 0x00000000feb00000)
  object space 44032K, 13% used [0x00000000fc000000,0x00000000fc597f40,0x00000000feb00000)
 Metaspace       used 7613K, capacity 7782K, committed 7936K, reserved 1056768K
  class space    used 875K, capacity 957K, committed 1024K, reserved 1048576K

Card table byte_map: [0x0000000002c40000,0x0000000002c70000] byte_map_base: 0x0000000002460000

Marking Bits: (ParMarkBitMap*) 0x00000000692d3950
 Begin Bits: [0x0000000012e20000, 0x0000000012f20000)
 End Bits:   [0x0000000012f20000, 0x0000000013020000)

Polling page: 0x0000000000ec0000

CodeCache: size=245760Kb used=3501Kb max_used=3509Kb free=242258Kb
 bounds [0x0000000003260000, 0x00000000035e0000, 0x0000000012260000]
 total_blobs=1286 nmethods=952 adapters=248
 compilation: enabled

Compilation events (10 events):
Event: 2.597 Thread 0x00000000159e3000 nmethod 950 0x00000000035cd3d0 code [0x00000000035cd7e0, 0x00000000035cf9a8]
Event: 2.597 Thread 0x00000000159e3000  949       3       org.objectweb.asm.tree.TypeInsnNode::accept (18 bytes)
Event: 2.597 Thread 0x00000000159e3000 nmethod 949 0x00000000035bc1d0 code [0x00000000035bc340, 0x00000000035bc638]
Event: 2.597 Thread 0x00000000159e3000  952       3       org.objectweb.asm.MethodWriter::visitTypeInsn (118 bytes)
Event: 2.598 Thread 0x0000000015994800 nmethod 953 0x00000000035bbed0 code [0x00000000035bc020, 0x00000000035bc118]
Event: 2.598 Thread 0x00000000159e3000 nmethod 952 0x00000000035b8810 code [0x00000000035b89c0, 0x00000000035b8e48]
Event: 2.598 Thread 0x00000000159e3000  948       3       com.google.common.base.Preconditions::checkArgument (13 bytes)
Event: 2.598 Thread 0x00000000159e3000 nmethod 948 0x00000000035b8390 code [0x00000000035b8500, 0x00000000035b8728]
Event: 2.598 Thread 0x00000000159e3000  954       1       java.nio.Buffer::capacity (5 bytes)
Event: 2.598 Thread 0x00000000159e3000 nmethod 954 0x00000000035b80d0 code [0x00000000035b8220, 0x00000000035b8330]

GC Heap History (4 events):
Event: 1.284 GC heap before
{Heap before GC invocations=1 (full 0):
 PSYoungGen      total 18944K, used 16384K [0x00000000feb00000, 0x0000000100000000, 0x0000000100000000)
  eden space 16384K, 100% used [0x00000000feb00000,0x00000000ffb00000,0x00000000ffb00000)
  from space 2560K, 0% used [0x00000000ffd80000,0x00000000ffd80000,0x0000000100000000)
  to   space 2560K, 0% used [0x00000000ffb00000,0x00000000ffb00000,0x00000000ffd80000)
 ParOldGen       total 44032K, used 0K [0x00000000fc000000, 0x00000000feb00000, 0x00000000feb00000)
  object space 44032K, 0% used [0x00000000fc000000,0x00000000fc000000,0x00000000feb00000)
 Metaspace       used 6620K, capacity 6740K, committed 7040K, reserved 1056768K
  class space    used 774K, capacity 824K, committed 896K, reserved 1048576K
Event: 1.301 GC heap after
Heap after GC invocations=1 (full 0):
 PSYoungGen      total 18944K, used 2537K [0x00000000feb00000, 0x0000000100000000, 0x0000000100000000)
  eden space 16384K, 0% used [0x00000000feb00000,0x00000000feb00000,0x00000000ffb00000)
  from space 2560K, 99% used [0x00000000ffb00000,0x00000000ffd7a620,0x00000000ffd80000)
  to   space 2560K, 0% used [0x00000000ffd80000,0x00000000ffd80000,0x0000000100000000)
 ParOldGen       total 44032K, used 1522K [0x00000000fc000000, 0x00000000feb00000, 0x00000000feb00000)
  object space 44032K, 3% used [0x00000000fc000000,0x00000000fc17ca58,0x00000000feb00000)
 Metaspace       used 6620K, capacity 6740K, committed 7040K, reserved 1056768K
  class space    used 774K, capacity 824K, committed 896K, reserved 1048576K
}
Event: 1.751 GC heap before
{Heap before GC invocations=2 (full 0):
 PSYoungGen      total 18944K, used 18921K [0x00000000feb00000, 0x0000000100000000, 0x0000000100000000)
  eden space 16384K, 100% used [0x00000000feb00000,0x00000000ffb00000,0x00000000ffb00000)
  from space 2560K, 99% used [0x00000000ffb00000,0x00000000ffd7a620,0x00000000ffd80000)
  to   space 2560K, 0% used [0x00000000ffd80000,0x00000000ffd80000,0x0000000100000000)
 ParOldGen       total 44032K, used 1522K [0x00000000fc000000, 0x00000000feb00000, 0x00000000feb00000)
  object space 44032K, 3% used [0x00000000fc000000,0x00000000fc17ca58,0x00000000feb00000)
 Metaspace       used 6965K, capacity 7110K, committed 7296K, reserved 1056768K
  class space    used 816K, capacity 861K, committed 896K, reserved 1048576K
Event: 2.162 GC heap after
Heap after GC invocations=2 (full 0):
 PSYoungGen      total 18944K, used 2547K [0x00000000feb00000, 0x0000000100000000, 0x0000000100000000)
  eden space 16384K, 0% used [0x00000000feb00000,0x00000000feb00000,0x00000000ffb00000)
  from space 2560K, 99% used [0x00000000ffd80000,0x00000000ffffce20,0x0000000100000000)
  to   space 2560K, 0% used [0x00000000ffb00000,0x00000000ffb00000,0x00000000ffd80000)
 ParOldGen       total 44032K, used 5727K [0x00000000fc000000, 0x00000000feb00000, 0x00000000feb00000)
  object space 44032K, 13% used [0x00000000fc000000,0x00000000fc597f40,0x00000000feb00000)
 Metaspace       used 6965K, capacity 7110K, committed 7296K, reserved 1056768K
  class space    used 816K, capacity 861K, committed 896K, reserved 1048576K
}

Deoptimization events (10 events):
Event: 1.253 Thread 0x0000000002cdd800 Uncommon trap: reason=unstable_if action=reinterpret pc=0x0000000003495898 method=java.util.zip.ZipEntry.setExtra0([BZ)V @ 1
Event: 1.255 Thread 0x0000000002cdd800 Uncommon trap: reason=unstable_if action=reinterpret pc=0x0000000003495280 method=java.util.zip.ZipCoder.decoder()Ljava/nio/charset/CharsetDecoder; @ 4
Event: 1.321 Thread 0x0000000002cdd800 Uncommon trap: reason=unstable_if action=reinterpret pc=0x00000000034adb40 method=java.util.zip.ZipCoder.decoder()Ljava/nio/charset/CharsetDecoder; @ 4
Event: 1.321 Thread 0x0000000002cdd800 Uncommon trap: reason=unstable_if action=reinterpret pc=0x00000000034a31b8 method=java.util.zip.ZipCoder.decoder()Ljava/nio/charset/CharsetDecoder; @ 4
Event: 1.321 Thread 0x0000000002cdd800 Uncommon trap: reason=unstable_if action=reinterpret pc=0x00000000034a916c method=java.util.zip.ZipCoder.decoder()Ljava/nio/charset/CharsetDecoder; @ 4
Event: 1.326 Thread 0x0000000002cdd800 Uncommon trap: reason=unstable_if action=reinterpret pc=0x00000000034b85c8 method=java.util.HashMap$HashIterator.nextNode()Ljava/util/HashMap$Node; @ 74
Event: 1.429 Thread 0x0000000002cdd800 Uncommon trap: reason=unstable_if action=reinterpret pc=0x00000000034b3548 method=java.util.HashMap$HashIterator.nextNode()Ljava/util/HashMap$Node; @ 74
Event: 1.679 Thread 0x0000000002cdd800 Uncommon trap: reason=unloaded action=reinterpret pc=0x00000000034b05bc method=java.util.zip.ZipEntry.setExtra0([BZ)V @ 37
Event: 2.319 Thread 0x0000000002cdd800 Uncommon trap: reason=unstable_if action=reinterpret pc=0x00000000033fedb8 method=java.lang.String.<init>([CII)V @ 18
Event: 2.581 Thread 0x0000000002cdd800 Uncommon trap: reason=unstable_if action=reinterpret pc=0x0000000003534d74 method=org.objectweb.asm.ClassReader.readUTF8(I[C)Ljava/lang/String; @ 7

Classes redefined (0 events):
No events

Internal exceptions (10 events):
Event: 1.421 Thread 0x0000000002cdd800 Exception <a 'sun/nio/fs/WindowsException'> (0x00000000ff236270) thrown at [D:\src\AOSP-openjdk-cygwin\jdk8u\hotspot\src\share\vm\prims\jni.cpp, line 709]
Event: 1.452 Thread 0x0000000002cdd800 Exception <a 'sun/nio/fs/WindowsException'> (0x00000000ff23b5b0) thrown at [D:\src\AOSP-openjdk-cygwin\jdk8u\hotspot\src\share\vm\prims\jni.cpp, line 709]
Event: 2.227 Thread 0x0000000002cdd800 Exception <a 'sun/nio/fs/WindowsException'> (0x00000000fec02158) thrown at [D:\src\AOSP-openjdk-cygwin\jdk8u\hotspot\src\share\vm\prims\jni.cpp, line 709]
Event: 2.227 Thread 0x0000000002cdd800 Exception <a 'sun/nio/fs/WindowsException'> (0x00000000fec026b0) thrown at [D:\src\AOSP-openjdk-cygwin\jdk8u\hotspot\src\share\vm\prims\jni.cpp, line 709]
Event: 2.245 Thread 0x0000000002cdd800 Exception <a 'sun/nio/fs/WindowsException'> (0x00000000fec0deb0) thrown at [D:\src\AOSP-openjdk-cygwin\jdk8u\hotspot\src\share\vm\prims\jni.cpp, line 709]
Event: 2.245 Thread 0x0000000002cdd800 Exception <a 'sun/nio/fs/WindowsException'> (0x00000000fec0e388) thrown at [D:\src\AOSP-openjdk-cygwin\jdk8u\hotspot\src\share\vm\prims\jni.cpp, line 709]
Event: 2.383 Thread 0x0000000002cdd800 Exception <a 'sun/nio/fs/WindowsException'> (0x00000000fee9d740) thrown at [D:\src\AOSP-openjdk-cygwin\jdk8u\hotspot\src\share\vm\prims\jni.cpp, line 709]
Event: 2.383 Thread 0x0000000002cdd800 Exception <a 'sun/nio/fs/WindowsException'> (0x00000000fee9dc18) thrown at [D:\src\AOSP-openjdk-cygwin\jdk8u\hotspot\src\share\vm\prims\jni.cpp, line 709]
Event: 2.415 Thread 0x0000000002cdd800 Exception <a 'sun/nio/fs/WindowsException'> (0x00000000feea10d0) thrown at [D:\src\AOSP-openjdk-cygwin\jdk8u\hotspot\src\share\vm\prims\jni.cpp, line 709]
Event: 2.471 Thread 0x0000000002cdd800 Exception <a 'sun/nio/fs/WindowsException'> (0x00000000feea15a8) thrown at [D:\src\AOSP-openjdk-cygwin\jdk8u\hotspot\src\share\vm\prims\jni.cpp, line 709]

Events (10 events):
Event: 2.319 Thread 0x0000000002cdd800 Uncommon trap: trap_request=0xffffff65 fr.pc=0x00000000033fedb8
Event: 2.319 Thread 0x0000000002cdd800 DEOPT PACKING pc=0x00000000033fedb8 sp=0x000000000315ef60
Event: 2.319 Thread 0x0000000002cdd800 DEOPT UNPACKING pc=0x00000000032a556a sp=0x000000000315ef28 mode 2
Event: 2.326 loading class org/objectweb/asm/tree/TryCatchBlockNode
Event: 2.326 loading class org/objectweb/asm/tree/TryCatchBlockNode done
Event: 2.327 loading class org/objectweb/asm/Handler
Event: 2.327 loading class org/objectweb/asm/Handler done
Event: 2.581 Thread 0x0000000002cdd800 Uncommon trap: trap_request=0xffffff65 fr.pc=0x0000000003534d74
Event: 2.581 Thread 0x0000000002cdd800 DEOPT PACKING pc=0x0000000003534d74 sp=0x000000000315ed70
Event: 2.581 Thread 0x0000000002cdd800 DEOPT UNPACKING pc=0x00000000032a556a sp=0x000000000315ed40 mode 2


Dynamic libraries:
0x00007ff63d890000 - 0x00007ff63d8c1000 	C:\Program Files\Android\Android Studio\jre\bin\java.exe
0x00007ffcdd5d0000 - 0x00007ffcdd7b1000 	C:\WINDOWS\SYSTEM32\ntdll.dll
0x00007ffcdb0a0000 - 0x00007ffcdb152000 	C:\WINDOWS\System32\KERNEL32.DLL
0x00007ffcda640000 - 0x00007ffcda8b3000 	C:\WINDOWS\System32\KERNELBASE.dll
0x00007ffcdd4e0000 - 0x00007ffcdd581000 	C:\WINDOWS\System32\ADVAPI32.dll
0x00007ffcdd270000 - 0x00007ffcdd30e000 	C:\WINDOWS\System32\msvcrt.dll
0x00007ffcdab50000 - 0x00007ffcdabab000 	C:\WINDOWS\System32\sechost.dll
0x00007ffcdd140000 - 0x00007ffcdd264000 	C:\WINDOWS\System32\RPCRT4.dll
0x00007ffcdcfb0000 - 0x00007ffcdd140000 	C:\WINDOWS\System32\USER32.dll
0x00007ffcdaa40000 - 0x00007ffcdaa60000 	C:\WINDOWS\System32\win32u.dll
0x00007ffcdcce0000 - 0x00007ffcdcd08000 	C:\WINDOWS\System32\GDI32.dll
0x00007ffcda4a0000 - 0x00007ffcda632000 	C:\WINDOWS\System32\gdi32full.dll
0x00007ffcd9c40000 - 0x00007ffcd9cdf000 	C:\WINDOWS\System32\msvcp_win.dll
0x00007ffcda940000 - 0x00007ffcdaa3a000 	C:\WINDOWS\System32\ucrtbase.dll
0x00007ffccc940000 - 0x00007ffcccba9000 	C:\WINDOWS\WinSxS\amd64_microsoft.windows.common-controls_6595b64144ccf1df_6.0.17134.48_none_b4b2216a3cb4dd3e\COMCTL32.dll
0x00007ffcdabb0000 - 0x00007ffcdaed3000 	C:\WINDOWS\System32\combase.dll
0x00007ffcda8c0000 - 0x00007ffcda93a000 	C:\WINDOWS\System32\bcryptPrimitives.dll
0x00007ffcdaa60000 - 0x00007ffcdaa8d000 	C:\WINDOWS\System32\IMM32.DLL
0x0000000068a30000 - 0x0000000068b02000 	C:\Program Files\Android\Android Studio\jre\jre\bin\msvcr100.dll
0x0000000068b10000 - 0x000000006934e000 	C:\Program Files\Android\Android Studio\jre\jre\bin\server\jvm.dll
0x00007ffcdab40000 - 0x00007ffcdab48000 	C:\WINDOWS\System32\PSAPI.DLL
0x00007ffcd7a90000 - 0x00007ffcd7ab3000 	C:\WINDOWS\SYSTEM32\WINMM.dll
0x00007ffcd02d0000 - 0x00007ffcd02da000 	C:\WINDOWS\SYSTEM32\VERSION.dll
0x00007ffcd7b10000 - 0x00007ffcd7b19000 	C:\WINDOWS\SYSTEM32\WSOCK32.dll
0x00007ffcdc7a0000 - 0x00007ffcdc80c000 	C:\WINDOWS\System32\WS2_32.dll
0x00007ffcd7970000 - 0x00007ffcd799a000 	C:\WINDOWS\SYSTEM32\winmmbase.dll
0x00007ffcd9bf0000 - 0x00007ffcd9c39000 	C:\WINDOWS\System32\cfgmgr32.dll
0x00007ffcd6260000 - 0x00007ffcd626f000 	C:\Program Files\Android\Android Studio\jre\jre\bin\verify.dll
0x00007ffcd56c0000 - 0x00007ffcd56e9000 	C:\Program Files\Android\Android Studio\jre\jre\bin\java.dll
0x00007ffcd56a0000 - 0x00007ffcd56b6000 	C:\Program Files\Android\Android Studio\jre\jre\bin\zip.dll
0x00007ffcdb160000 - 0x00007ffcdc5a0000 	C:\WINDOWS\System32\SHELL32.dll
0x00007ffcdaa90000 - 0x00007ffcdab39000 	C:\WINDOWS\System32\shcore.dll
0x00007ffcd9d90000 - 0x00007ffcda49d000 	C:\WINDOWS\System32\windows.storage.dll
0x00007ffcdd310000 - 0x00007ffcdd361000 	C:\WINDOWS\System32\shlwapi.dll
0x00007ffcd9980000 - 0x00007ffcd9991000 	C:\WINDOWS\System32\kernel.appcore.dll
0x00007ffcd9900000 - 0x00007ffcd991f000 	C:\WINDOWS\System32\profapi.dll
0x00007ffcd9920000 - 0x00007ffcd996c000 	C:\WINDOWS\System32\powrprof.dll
0x00007ffcd9970000 - 0x00007ffcd997a000 	C:\WINDOWS\System32\FLTLIB.DLL
0x00007ffcd9310000 - 0x00007ffcd9327000 	C:\WINDOWS\SYSTEM32\CRYPTSP.dll
0x00007ffcd8d40000 - 0x00007ffcd8d73000 	C:\WINDOWS\system32\rsaenh.dll
0x00007ffcd9440000 - 0x00007ffcd9465000 	C:\WINDOWS\SYSTEM32\bcrypt.dll
0x00007ffcd97e0000 - 0x00007ffcd9808000 	C:\WINDOWS\SYSTEM32\USERENV.dll
0x00007ffcd9330000 - 0x00007ffcd933b000 	C:\WINDOWS\SYSTEM32\CRYPTBASE.dll
0x00007ffcd1220000 - 0x00007ffcd123a000 	C:\Program Files\Android\Android Studio\jre\jre\bin\net.dll
0x00007ffcd9160000 - 0x00007ffcd91c6000 	C:\WINDOWS\system32\mswsock.dll
0x00007ffcd8ee0000 - 0x00007ffcd8f18000 	C:\WINDOWS\SYSTEM32\IPHLPAPI.DLL
0x00007ffcdd590000 - 0x00007ffcdd598000 	C:\WINDOWS\System32\NSI.dll
0x00007ffcd1420000 - 0x00007ffcd1436000 	C:\WINDOWS\SYSTEM32\dhcpcsvc6.DLL
0x00007ffcd1400000 - 0x00007ffcd141a000 	C:\WINDOWS\SYSTEM32\dhcpcsvc.DLL
0x00007ffccb640000 - 0x00007ffccb651000 	C:\Program Files\Android\Android Studio\jre\jre\bin\nio.dll

VM Arguments:
jvm_args: -Djava.awt.headless=true -Xmx64M -Dfile.encoding=x-windows-949 -Duser.country=KR -Duser.language=ko -Duser.variant 
java_command: com.google.devtools.build.android.desugar.Desugar @D:\test\app\build\intermediates\tmp\desugar_args4696151227370608583
java_class_path (initial): C:\Users\Goo\AppData\Local\Temp\desugar_deploy.jar5864179919422000311
Launcher Type: SUN_STANDARD

Environment Variables:
PATH=C:\ProgramData\Oracle\Java\javapath;C:\WINDOWS\system32;C:\WINDOWS;C:\WINDOWS\System32\Wbem;C:\WINDOWS\System32\WindowsPowerShell\v1.0\;C:\OpenSSL;;C:\WINDOWS\System32\OpenSSH\;C:\Users\Goo\AppData\Local\Microsoft\WindowsApps;
USERNAME=Goo
OS=Windows_NT
PROCESSOR_IDENTIFIER=Intel64 Family 6 Model 158 Stepping 9, GenuineIntel



---------------  S Y S T E M  ---------------

OS: Windows 10.0 , 64 bit Build 17134 (10.0.17134.1)

CPU:total 8 (initial active 8) (4 cores per cpu, 2 threads per core) family 6 model 158 stepping 9, cmov, cx8, fxsr, mmx, sse, sse2, sse3, ssse3, sse4.1, sse4.2, popcnt, avx, avx2, aes, clmul, erms, 3dnowpref, lzcnt, ht, tsc, tscinvbit, bmi1, bmi2, adx

Memory: 4k page, physical 16692940k(2013212k free), swap 16692940k(9548k free)

vm_info: OpenJDK 64-Bit Server VM (25.152-b01) for windows-amd64 JRE (1.8.0_152-release-915-b01), built by "builder" with MS VC++ 10.0 (VS2010)

time: Tue Jun 12 21:58:54 2018
elapsed time: 2 seconds (0d 0h 0m 2s)

