#
# There is insufficient memory for the Java Runtime Environment to continue.
# Native memory allocation (malloc) failed to allocate 32744 bytes for ChunkPool::allocate
# Possible reasons:
#   The system is out of physical RAM or swap space
#   In 32 bit mode, the process size limit was hit
# Possible solutions:
#   Reduce memory load on the system
#   Increase physical memory or swap space
#   Check if swap backing store is full
#   Use 64 bit Java on a 64 bit OS
#   Decrease Java heap size (-Xmx/-Xms)
#   Decrease number of Java threads
#   Decrease Java thread stack sizes (-Xss)
#   Set larger code cache with -XX:ReservedCodeCacheSize=
# This output file may be truncated or incomplete.
#
#  Out of Memory Error (allocation.cpp:273), pid=11744, tid=0x000000000000267c
#
# JRE version: OpenJDK Runtime Environment (8.0_152-b01) (build 1.8.0_152-release-915-b01)
# Java VM: OpenJDK 64-Bit Server VM (25.152-b01 mixed mode windows-amd64 compressed oops)
# Failed to write core dump. Minidumps are not enabled by default on client versions of Windows
#

---------------  T H R E A D  ---------------

Current thread (0x0000000015eda000):  JavaThread "C1 CompilerThread3" daemon [_thread_in_native, id=9852, stack(0x0000000016890000,0x0000000016990000)]

Stack: [0x0000000016890000,0x0000000016990000]
[error occurred during error reporting (printing stack bounds), id 0xc0000005]

Native frames: (J=compiled Java code, j=interpreted, Vv=VM code, C=native code)


Current CompileTask:
C1:    761  379       3       jdk.internal.org.objectweb.asm.Frame::execute (2252 bytes)


---------------  P R O C E S S  ---------------

Java Threads: ( => current thread )
  0x0000000015ede800 JavaThread "Service Thread" daemon [_thread_blocked, id=12752, stack(0x0000000016990000,0x0000000016a90000)]
=>0x0000000015eda000 JavaThread "C1 CompilerThread3" daemon [_thread_in_native, id=9852, stack(0x0000000016890000,0x0000000016990000)]
  0x0000000015ec7000 JavaThread "C2 CompilerThread2" daemon [_thread_blocked, id=12264, stack(0x0000000016790000,0x0000000016890000)]
  0x0000000015ec3000 JavaThread "C2 CompilerThread1" daemon [_thread_in_native, id=8208, stack(0x0000000016690000,0x0000000016790000)]
  0x0000000015e80800 JavaThread "C2 CompilerThread0" daemon [_thread_blocked, id=13564, stack(0x0000000016590000,0x0000000016690000)]
  0x0000000015e7f000 JavaThread "Attach Listener" daemon [_thread_blocked, id=14232, stack(0x0000000016490000,0x0000000016590000)]
  0x0000000015e2b800 JavaThread "Signal Dispatcher" daemon [_thread_blocked, id=13872, stack(0x0000000016390000,0x0000000016490000)]
  0x0000000015e11000 JavaThread "Finalizer" daemon [_thread_blocked, id=3136, stack(0x00000000161f0000,0x00000000162f0000)]
  0x0000000003727000 JavaThread "Reference Handler" daemon [_thread_blocked, id=13628, stack(0x0000000015cf0000,0x0000000015df0000)]
  0x000000000352d800 JavaThread "main" [_thread_in_vm, id=10468, stack(0x0000000003530000,0x0000000003630000)]

Other Threads:
  0x0000000013f15000 VMThread [stack: 0x0000000015bf0000,0x0000000015cf0000] [id=9624]
  0x0000000015edf000 WatcherThread [stack: 0x0000000016a90000,0x0000000016b90000] [id=13544]

VM state:not at safepoint (normal execution)

VM Mutex/Monitor currently owned by a thread: None

Heap:
 PSYoungGen      total 18944K, used 7598K [0x00000000feb00000, 0x0000000100000000, 0x0000000100000000)
  eden space 16384K, 46% used [0x00000000feb00000,0x00000000ff26b9c8,0x00000000ffb00000)
  from space 2560K, 0% used [0x00000000ffd80000,0x00000000ffd80000,0x0000000100000000)
  to   space 2560K, 0% used [0x00000000ffb00000,0x00000000ffb00000,0x00000000ffd80000)
 ParOldGen       total 44032K, used 0K [0x00000000fc000000, 0x00000000feb00000, 0x00000000feb00000)
  object space 44032K, 0% used [0x00000000fc000000,0x00000000fc000000,0x00000000feb00000)
 Metaspace       used 6153K, capacity 6346K, committed 6528K, reserved 1056768K
  class space    used 714K, capacity 775K, committed 896K, reserved 1048576K

Card table byte_map: [0x00000000034e0000,0x0000000003510000] byte_map_base: 0x0000000002d00000

Marking Bits: (ParMarkBitMap*) 0x0000000066023950
 Begin Bits: [0x0000000013310000, 0x0000000013410000)
 End Bits:   [0x0000000013410000, 0x0000000013510000)

Polling page: 0x00000000030e0000

CodeCache: size=245760Kb used=1788Kb max_used=1799Kb free=243971Kb
 bounds [0x0000000003730000, 0x00000000039a0000, 0x0000000012730000]
 total_blobs=706 nmethods=387 adapters=233
 compilation: enabled

Compilation events (10 events):
Event: 0.750 Thread 0x0000000015eda000  371       1       java.lang.invoke.MethodHandle::type (5 bytes)
Event: 0.750 Thread 0x0000000015eda000 nmethod 371 0x00000000038e9610 code [0x00000000038e9760, 0x00000000038e9870]
Event: 0.750 Thread 0x0000000015eda000  373       3       jdk.internal.org.objectweb.asm.Type::getArgumentsAndReturnSizes (151 bytes)
Event: 0.751 Thread 0x0000000015eda000 nmethod 373 0x00000000038e9d50 code [0x00000000038e9f80, 0x00000000038ead18]
Event: 0.751 Thread 0x0000000015eda000  374       3       java.lang.invoke.InvokerBytecodeGenerator::isStaticallyNameable (116 bytes)
Event: 0.753 Thread 0x0000000015eda000 nmethod 374 0x00000000038eb850 code [0x00000000038ebba0, 0x00000000038edb58]
Event: 0.753 Thread 0x0000000015eda000  379       3       jdk.internal.org.objectweb.asm.Frame::execute (2252 bytes)
Event: 0.754 Thread 0x0000000015ec7000  389       4       java.lang.AbstractStringBuilder::ensureCapacityInternal (27 bytes)
Event: 0.757 Thread 0x0000000015ec7000 nmethod 389 0x00000000038f1e10 code [0x00000000038f1f60, 0x00000000038f2238]
Event: 0.757 Thread 0x0000000015ec3000  393       4       jdk.internal.org.objectweb.asm.ByteVector::putUTF8 (142 bytes)

GC Heap History (0 events):
No events

Deoptimization events (1 events):
Event: 0.663 Thread 0x000000000352d800 Uncommon trap: reason=range_check action=make_not_entrant pc=0x00000000038af5e0 method=sun.reflect.generics.parser.SignatureParser.current()C @ 34

Classes redefined (0 events):
No events

Internal exceptions (6 events):
Event: 0.043 Thread 0x000000000352d800 Exception <a 'java/lang/NoSuchMethodError': Method sun.misc.Unsafe.defineClass(Ljava/lang/String;[BII)Ljava/lang/Class; name or signature does not match> (0x00000000feb07ca8) thrown at [D:\src\AOSP-openjdk-cygwin\jdk8u\hotspot\src\share\vm\prims\jni.cpp, 
Event: 0.043 Thread 0x000000000352d800 Exception <a 'java/lang/NoSuchMethodError': Method sun.misc.Unsafe.prefetchRead(Ljava/lang/Object;J)V name or signature does not match> (0x00000000feb07f90) thrown at [D:\src\AOSP-openjdk-cygwin\jdk8u\hotspot\src\share\vm\prims\jni.cpp, line 4011]
Event: 0.556 Thread 0x000000000352d800 Exception <a 'sun/nio/fs/WindowsException'> (0x00000000fed526f0) thrown at [D:\src\AOSP-openjdk-cygwin\jdk8u\hotspot\src\share\vm\prims\jni.cpp, line 709]
Event: 0.663 Thread 0x000000000352d800 Exception <a 'java/lang/ArrayIndexOutOfBoundsException': 18> (0x00000000fefbb870) thrown at [D:\src\AOSP-openjdk-cygwin\jdk8u\hotspot\src\share\vm\interpreter\interpreterRuntime.cpp, line 366]
Event: 0.663 Thread 0x000000000352d800 Exception <a 'java/lang/ArrayIndexOutOfBoundsException': 67> (0x00000000fefbc778) thrown at [D:\src\AOSP-openjdk-cygwin\jdk8u\hotspot\src\share\vm\interpreter\interpreterRuntime.cpp, line 366]
Event: 0.756 Thread 0x000000000352d800 Exception <a 'java/lang/NoSuchFieldError': method resolution failed> (0x00000000ff226810) thrown at [D:\src\AOSP-openjdk-cygwin\jdk8u\hotspot\src\share\vm\prims\methodHandles.cpp, line 1167]

Events (10 events):
Event: 0.740 loading class java/lang/invoke/DelegatingMethodHandle done
Event: 0.740 loading class java/lang/invoke/MethodHandleImpl$AsVarargsCollector done
Event: 0.741 loading class java/lang/invoke/WrongMethodTypeException
Event: 0.741 loading class java/lang/invoke/WrongMethodTypeException done
Event: 0.742 loading class java/lang/invoke/MethodHandleImpl$Lazy
Event: 0.742 loading class java/lang/invoke/MethodHandleImpl$Lazy done
Event: 0.743 loading class java/lang/invoke/MethodHandleImpl$IntrinsicMethodHandle
Event: 0.743 loading class java/lang/invoke/MethodHandleImpl$IntrinsicMethodHandle done
Event: 0.756 loading class java/lang/NoSuchFieldError
Event: 0.756 loading class java/lang/NoSuchFieldError done


Dynamic libraries:
0x00007ff77ed10000 - 0x00007ff77ed41000 	C:\Program Files\Android\Android Studio\jre\bin\java.exe
0x00007ffb91da0000 - 0x00007ffb91f81000 	C:\WINDOWS\SYSTEM32\ntdll.dll
0x00007ffb8f2e0000 - 0x00007ffb8f392000 	C:\WINDOWS\System32\KERNEL32.DLL
0x00007ffb8e250000 - 0x00007ffb8e4c3000 	C:\WINDOWS\System32\KERNELBASE.dll
0x00007ffb91a20000 - 0x00007ffb91ac1000 	C:\WINDOWS\System32\ADVAPI32.dll
0x00007ffb91200000 - 0x00007ffb9129e000 	C:\WINDOWS\System32\msvcrt.dll
0x00007ffb91b40000 - 0x00007ffb91b9b000 	C:\WINDOWS\System32\sechost.dll
0x00007ffb914a0000 - 0x00007ffb915c4000 	C:\WINDOWS\System32\RPCRT4.dll
0x00007ffb90b50000 - 0x00007ffb90ce0000 	C:\WINDOWS\System32\USER32.dll
0x00007ffb8eab0000 - 0x00007ffb8ead0000 	C:\WINDOWS\System32\win32u.dll
0x00007ffb91ba0000 - 0x00007ffb91bc8000 	C:\WINDOWS\System32\GDI32.dll
0x00007ffb8e910000 - 0x00007ffb8eaa2000 	C:\WINDOWS\System32\gdi32full.dll
0x00007ffb8e4d0000 - 0x00007ffb8e56f000 	C:\WINDOWS\System32\msvcp_win.dll
0x00007ffb8e810000 - 0x00007ffb8e90a000 	C:\WINDOWS\System32\ucrtbase.dll
0x00007ffb80fa0000 - 0x00007ffb81209000 	C:\WINDOWS\WinSxS\amd64_microsoft.windows.common-controls_6595b64144ccf1df_6.0.17134.48_none_b4b2216a3cb4dd3e\COMCTL32.dll
0x00007ffb91670000 - 0x00007ffb91993000 	C:\WINDOWS\System32\combase.dll
0x00007ffb8e1d0000 - 0x00007ffb8e24a000 	C:\WINDOWS\System32\bcryptPrimitives.dll
0x00007ffb91470000 - 0x00007ffb9149d000 	C:\WINDOWS\System32\IMM32.DLL
0x0000000065780000 - 0x0000000065852000 	C:\Program Files\Android\Android Studio\jre\jre\bin\msvcr100.dll
0x0000000065860000 - 0x000000006609e000 	C:\Program Files\Android\Android Studio\jre\jre\bin\server\jvm.dll
0x00007ffb90840000 - 0x00007ffb90848000 	C:\WINDOWS\System32\PSAPI.DLL
0x00007ffb89f80000 - 0x00007ffb89f89000 	C:\WINDOWS\SYSTEM32\WSOCK32.dll
0x00007ffb91400000 - 0x00007ffb9146c000 	C:\WINDOWS\System32\WS2_32.dll
0x00007ffb8c240000 - 0x00007ffb8c263000 	C:\WINDOWS\SYSTEM32\WINMM.dll
0x00007ffb88260000 - 0x00007ffb8826a000 	C:\WINDOWS\SYSTEM32\VERSION.dll
0x00007ffb8c120000 - 0x00007ffb8c14a000 	C:\WINDOWS\SYSTEM32\WINMMBASE.dll
0x00007ffb8f1e0000 - 0x00007ffb8f229000 	C:\WINDOWS\System32\cfgmgr32.dll
0x00007ffb87ea0000 - 0x00007ffb87eaf000 	C:\Program Files\Android\Android Studio\jre\jre\bin\verify.dll
0x00007ffb7eff0000 - 0x00007ffb7f019000 	C:\Program Files\Android\Android Studio\jre\jre\bin\java.dll
0x00007ffb7efd0000 - 0x00007ffb7efe6000 	C:\Program Files\Android\Android Studio\jre\jre\bin\zip.dll
0x00007ffb8f400000 - 0x00007ffb90840000 	C:\WINDOWS\System32\SHELL32.dll
0x00007ffb8f230000 - 0x00007ffb8f2d9000 	C:\WINDOWS\System32\shcore.dll
0x00007ffb8ead0000 - 0x00007ffb8f1dd000 	C:\WINDOWS\System32\windows.storage.dll
0x00007ffb91ae0000 - 0x00007ffb91b31000 	C:\WINDOWS\System32\shlwapi.dll
0x00007ffb8e150000 - 0x00007ffb8e161000 	C:\WINDOWS\System32\kernel.appcore.dll
0x00007ffb8e130000 - 0x00007ffb8e14f000 	C:\WINDOWS\System32\profapi.dll
0x00007ffb8e0b0000 - 0x00007ffb8e0fc000 	C:\WINDOWS\System32\powrprof.dll
0x00007ffb8e120000 - 0x00007ffb8e12a000 	C:\WINDOWS\System32\FLTLIB.DLL
0x00007ffb8dae0000 - 0x00007ffb8daf7000 	C:\WINDOWS\SYSTEM32\CRYPTSP.dll
0x00007ffb8d510000 - 0x00007ffb8d543000 	C:\WINDOWS\system32\rsaenh.dll
0x00007ffb8dc10000 - 0x00007ffb8dc35000 	C:\WINDOWS\SYSTEM32\bcrypt.dll
0x00007ffb8dfe0000 - 0x00007ffb8e008000 	C:\WINDOWS\SYSTEM32\USERENV.dll
0x00007ffb8db00000 - 0x00007ffb8db0b000 	C:\WINDOWS\SYSTEM32\CRYPTBASE.dll
0x00007ffb7ee40000 - 0x00007ffb7ee5a000 	C:\Program Files\Android\Android Studio\jre\jre\bin\net.dll
0x00007ffb8d930000 - 0x00007ffb8d996000 	C:\WINDOWS\system32\mswsock.dll
0x00007ffb8d6b0000 - 0x00007ffb8d6e8000 	C:\WINDOWS\SYSTEM32\IPHLPAPI.DLL
0x00007ffb91390000 - 0x00007ffb91398000 	C:\WINDOWS\System32\NSI.dll
0x00007ffb86ca0000 - 0x00007ffb86cb6000 	C:\WINDOWS\SYSTEM32\dhcpcsvc6.DLL
0x00007ffb86c80000 - 0x00007ffb86c9a000 	C:\WINDOWS\SYSTEM32\dhcpcsvc.DLL
0x00007ffb7f940000 - 0x00007ffb7f951000 	C:\Program Files\Android\Android Studio\jre\jre\bin\nio.dll

VM Arguments:
jvm_args: -Djava.awt.headless=true -Xmx64M -Dfile.encoding=x-windows-949 -Duser.country=KR -Duser.language=ko -Duser.variant 
java_command: com.google.devtools.build.android.desugar.Desugar @D:\test\app\build\intermediates\tmp\desugar_args4050075853954668313
java_class_path (initial): C:\Users\Goo\AppData\Local\Temp\desugar_deploy.jar2272940733005893083
Launcher Type: SUN_STANDARD

Environment Variables:
PATH=C:\ProgramData\Oracle\Java\javapath;C:\WINDOWS\system32;C:\WINDOWS;C:\WINDOWS\System32\Wbem;C:\WINDOWS\System32\WindowsPowerShell\v1.0\;C:\OpenSSL;;C:\WINDOWS\System32\OpenSSH\;C:\Users\Goo\AppData\Local\Microsoft\WindowsApps;
USERNAME=Goo
OS=Windows_NT
PROCESSOR_IDENTIFIER=Intel64 Family 6 Model 158 Stepping 9, GenuineIntel



---------------  S Y S T E M  ---------------

OS: Windows 10.0 , 64 bit Build 17134 (10.0.17134.1)

CPU:total 8 (initial active 8) (4 cores per cpu, 2 threads per core) family 6 model 158 stepping 9, cmov, cx8, fxsr, mmx, sse, sse2, sse3, ssse3, sse4.1, sse4.2, popcnt, avx, avx2, aes, clmul, erms, 3dnowpref, lzcnt, ht, tsc, tscinvbit, bmi1, bmi2, adx

Memory: 4k page, physical 16692940k(3042336k free), swap 16692940k(5120k free)

vm_info: OpenJDK 64-Bit Server VM (25.152-b01) for windows-amd64 JRE (1.8.0_152-release-915-b01), built by "builder" with MS VC++ 10.0 (VS2010)

time: Wed Jun 06 20:55:58 2018
elapsed time: 0 seconds (0d 0h 0m 0s)

