#
# There is insufficient memory for the Java Runtime Environment to continue.
# Native memory allocation (malloc) failed to allocate 499312 bytes for Chunk::new
# Possible reasons:
#   The system is out of physical RAM or swap space
#   In 32 bit mode, the process size limit was hit
# Possible solutions:
#   Reduce memory load on the system
#   Increase physical memory or swap space
#   Check if swap backing store is full
#   Use 64 bit Java on a 64 bit OS
#   Decrease Java heap size (-Xmx/-Xms)
#   Decrease number of Java threads
#   Decrease Java thread stack sizes (-Xss)
#   Set larger code cache with -XX:ReservedCodeCacheSize=
# This output file may be truncated or incomplete.
#
#  Out of Memory Error (allocation.cpp:390), pid=5532, tid=0x00000000000018e4
#
# JRE version: OpenJDK Runtime Environment (8.0_152-b01) (build 1.8.0_152-release-915-b01)
# Java VM: OpenJDK 64-Bit Server VM (25.152-b01 mixed mode windows-amd64 compressed oops)
# Failed to write core dump. Minidumps are not enabled by default on client versions of Windows
#

---------------  T H R E A D  ---------------

Current thread (0x0000000015104000):  JavaThread "C2 CompilerThread1" daemon [_thread_in_native, id=6372, stack(0x0000000015830000,0x0000000015930000)]

Stack: [0x0000000015830000,0x0000000015930000]
[error occurred during error reporting (printing stack bounds), id 0xc0000005]

Native frames: (J=compiled Java code, j=interpreted, Vv=VM code, C=native code)


Current CompileTask:
C2:   2576  931 %     4       org.objectweb.asm.ClassReader::a @ 1480 (3587 bytes)


---------------  P R O C E S S  ---------------

Java Threads: ( => current thread )
  0x0000000015118800 JavaThread "Service Thread" daemon [_thread_blocked, id=11696, stack(0x0000000015b30000,0x0000000015c30000)]
  0x0000000015115800 JavaThread "C1 CompilerThread3" daemon [_thread_blocked, id=7220, stack(0x0000000015a30000,0x0000000015b30000)]
  0x000000001510b000 JavaThread "C2 CompilerThread2" daemon [_thread_blocked, id=9828, stack(0x0000000015930000,0x0000000015a30000)]
=>0x0000000015104000 JavaThread "C2 CompilerThread1" daemon [_thread_in_native, id=6372, stack(0x0000000015830000,0x0000000015930000)]
  0x000000001506a000 JavaThread "C2 CompilerThread0" daemon [_thread_blocked, id=13448, stack(0x0000000015730000,0x0000000015830000)]
  0x0000000015068800 JavaThread "Attach Listener" daemon [_thread_blocked, id=8992, stack(0x0000000015630000,0x0000000015730000)]
  0x00000000150c0000 JavaThread "Signal Dispatcher" daemon [_thread_blocked, id=4960, stack(0x0000000015530000,0x0000000015630000)]
  0x0000000015050800 JavaThread "Finalizer" daemon [_thread_blocked, id=3044, stack(0x0000000015430000,0x0000000015530000)]
  0x00000000029a7000 JavaThread "Reference Handler" daemon [_thread_blocked, id=9520, stack(0x0000000014f30000,0x0000000015030000)]
  0x00000000027ad800 JavaThread "main" [_thread_in_Java, id=3660, stack(0x00000000027b0000,0x00000000028b0000)]

Other Threads:
  0x0000000013155000 VMThread [stack: 0x0000000014e30000,0x0000000014f30000] [id=13940]
  0x0000000015119800 WatcherThread [stack: 0x0000000015c30000,0x0000000015d30000] [id=13304]

VM state:synchronizing (normal execution)

VM Mutex/Monitor currently owned by a thread:  ([mutex/lock_event])
[0x00000000027acdf0] Safepoint_lock - owner thread: 0x0000000013155000
[0x00000000027ac2f0] Threads_lock - owner thread: 0x0000000013155000

Heap:
 PSYoungGen      total 18944K, used 10894K [0x00000000feb00000, 0x0000000100000000, 0x0000000100000000)
  eden space 16384K, 51% used [0x00000000feb00000,0x00000000ff32aa98,0x00000000ffb00000)
  from space 2560K, 98% used [0x00000000ffd80000,0x00000000ffff8e10,0x0000000100000000)
  to   space 2560K, 0% used [0x00000000ffb00000,0x00000000ffb00000,0x00000000ffd80000)
 ParOldGen       total 44032K, used 5942K [0x00000000fc000000, 0x00000000feb00000, 0x00000000feb00000)
  object space 44032K, 13% used [0x00000000fc000000,0x00000000fc5cdb58,0x00000000feb00000)
 Metaspace       used 7679K, capacity 7846K, committed 7936K, reserved 1056768K
  class space    used 875K, capacity 957K, committed 1024K, reserved 1048576K

Card table byte_map: [0x00000000022d0000,0x0000000002300000] byte_map_base: 0x0000000001af0000

Marking Bits: (ParMarkBitMap*) 0x00000000673d3950
 Begin Bits: [0x0000000012570000, 0x0000000012670000)
 End Bits:   [0x0000000012670000, 0x0000000012770000)

Polling page: 0x0000000000560000

CodeCache: size=245760Kb used=3747Kb max_used=3749Kb free=242012Kb
 bounds [0x00000000029b0000, 0x0000000002d60000, 0x00000000119b0000]
 total_blobs=1305 nmethods=971 adapters=248
 compilation: enabled

Compilation events (10 events):
Event: 2.495 Thread 0x0000000015115800  968       3       org.objectweb.asm.MethodWriter::visitCode (1 bytes)
Event: 2.495 Thread 0x0000000015115800 nmethod 968 0x0000000002d48490 code [0x0000000002d485e0, 0x0000000002d48730]
Event: 2.495 Thread 0x0000000015115800  969       3       org.objectweb.asm.MethodWriter::<init> (247 bytes)
Event: 2.496 Thread 0x0000000015115800 nmethod 969 0x0000000002d57e50 code [0x0000000002d58080, 0x0000000002d58c68]
Event: 2.497 Thread 0x000000001510b000  970       4       org.objectweb.asm.Item::a (354 bytes)
Event: 2.503 Thread 0x000000001510b000 nmethod 970 0x0000000002d5a590 code [0x0000000002d5a840, 0x0000000002d5b278]
Event: 2.505 Thread 0x0000000015115800  972       3       com.google.common.collect.RegularImmutableMap::get (60 bytes)
Event: 2.505 Thread 0x0000000015115800 nmethod 972 0x0000000002d59a10 code [0x0000000002d59bc0, 0x0000000002d5a2e8]
Event: 2.505 Thread 0x0000000015115800  971       3       com.google.common.collect.RegularImmutableMap::get (13 bytes)
Event: 2.505 Thread 0x0000000015115800 nmethod 971 0x0000000002d480d0 code [0x0000000002d48240, 0x0000000002d483e8]

GC Heap History (4 events):
Event: 1.184 GC heap before
{Heap before GC invocations=1 (full 0):
 PSYoungGen      total 18944K, used 16384K [0x00000000feb00000, 0x0000000100000000, 0x0000000100000000)
  eden space 16384K, 100% used [0x00000000feb00000,0x00000000ffb00000,0x00000000ffb00000)
  from space 2560K, 0% used [0x00000000ffd80000,0x00000000ffd80000,0x0000000100000000)
  to   space 2560K, 0% used [0x00000000ffb00000,0x00000000ffb00000,0x00000000ffd80000)
 ParOldGen       total 44032K, used 0K [0x00000000fc000000, 0x00000000feb00000, 0x00000000feb00000)
  object space 44032K, 0% used [0x00000000fc000000,0x00000000fc000000,0x00000000feb00000)
 Metaspace       used 6631K, capacity 6804K, committed 7040K, reserved 1056768K
  class space    used 773K, capacity 824K, committed 896K, reserved 1048576K
Event: 1.196 GC heap after
Heap after GC invocations=1 (full 0):
 PSYoungGen      total 18944K, used 2537K [0x00000000feb00000, 0x0000000100000000, 0x0000000100000000)
  eden space 16384K, 0% used [0x00000000feb00000,0x00000000feb00000,0x00000000ffb00000)
  from space 2560K, 99% used [0x00000000ffb00000,0x00000000ffd7a620,0x00000000ffd80000)
  to   space 2560K, 0% used [0x00000000ffd80000,0x00000000ffd80000,0x0000000100000000)
 ParOldGen       total 44032K, used 1441K [0x00000000fc000000, 0x00000000feb00000, 0x00000000feb00000)
  object space 44032K, 3% used [0x00000000fc000000,0x00000000fc168670,0x00000000feb00000)
 Metaspace       used 6631K, capacity 6804K, committed 7040K, reserved 1056768K
  class space    used 773K, capacity 824K, committed 896K, reserved 1048576K
}
Event: 1.565 GC heap before
{Heap before GC invocations=2 (full 0):
 PSYoungGen      total 18944K, used 18921K [0x00000000feb00000, 0x0000000100000000, 0x0000000100000000)
  eden space 16384K, 100% used [0x00000000feb00000,0x00000000ffb00000,0x00000000ffb00000)
  from space 2560K, 99% used [0x00000000ffb00000,0x00000000ffd7a620,0x00000000ffd80000)
  to   space 2560K, 0% used [0x00000000ffd80000,0x00000000ffd80000,0x0000000100000000)
 ParOldGen       total 44032K, used 1441K [0x00000000fc000000, 0x00000000feb00000, 0x00000000feb00000)
  object space 44032K, 3% used [0x00000000fc000000,0x00000000fc168670,0x00000000feb00000)
 Metaspace       used 6974K, capacity 7110K, committed 7296K, reserved 1056768K
  class space    used 816K, capacity 861K, committed 896K, reserved 1048576K
Event: 1.570 GC heap after
Heap after GC invocations=2 (full 0):
 PSYoungGen      total 18944K, used 2531K [0x00000000feb00000, 0x0000000100000000, 0x0000000100000000)
  eden space 16384K, 0% used [0x00000000feb00000,0x00000000feb00000,0x00000000ffb00000)
  from space 2560K, 98% used [0x00000000ffd80000,0x00000000ffff8e10,0x0000000100000000)
  to   space 2560K, 0% used [0x00000000ffb00000,0x00000000ffb00000,0x00000000ffd80000)
 ParOldGen       total 44032K, used 5942K [0x00000000fc000000, 0x00000000feb00000, 0x00000000feb00000)
  object space 44032K, 13% used [0x00000000fc000000,0x00000000fc5cdb58,0x00000000feb00000)
 Metaspace       used 6974K, capacity 7110K, committed 7296K, reserved 1056768K
  class space    used 816K, capacity 861K, committed 896K, reserved 1048576K
}

Deoptimization events (10 events):
Event: 1.164 Thread 0x00000000027ad800 Uncommon trap: reason=unstable_if action=reinterpret pc=0x0000000002be69ac method=java.util.zip.ZipFile$ZipEntryIterator.hasNext()Z @ 25
Event: 1.164 Thread 0x00000000027ad800 Uncommon trap: reason=unstable_if action=reinterpret pc=0x0000000002bf9740 method=java.util.zip.ZipCoder.decoder()Ljava/nio/charset/CharsetDecoder; @ 4
Event: 1.164 Thread 0x00000000027ad800 Uncommon trap: reason=unstable_if action=reinterpret pc=0x0000000002bbadd8 method=java.util.zip.ZipEntry.setExtra0([BZ)V @ 1
Event: 1.166 Thread 0x00000000027ad800 Uncommon trap: reason=unstable_if action=reinterpret pc=0x0000000002befc88 method=java.util.zip.ZipFile$ZipEntryIterator.hasNext()Z @ 25
Event: 1.166 Thread 0x00000000027ad800 Uncommon trap: reason=unstable_if action=reinterpret pc=0x0000000002bf26b8 method=java.util.zip.ZipCoder.decoder()Ljava/nio/charset/CharsetDecoder; @ 4
Event: 1.167 Thread 0x00000000027ad800 Uncommon trap: reason=unstable_if action=reinterpret pc=0x0000000002bfc1ec method=java.util.zip.ZipCoder.decoder()Ljava/nio/charset/CharsetDecoder; @ 4
Event: 1.292 Thread 0x00000000027ad800 Uncommon trap: reason=unstable_if action=reinterpret pc=0x0000000002becb58 method=java.util.zip.ZipFile.getZipEntry(Ljava/lang/String;J)Ljava/util/zip/ZipEntry; @ 19
Event: 1.524 Thread 0x00000000027ad800 Uncommon trap: reason=unloaded action=reinterpret pc=0x0000000002bed87c method=java.util.zip.ZipEntry.setExtra0([BZ)V @ 37
Event: 1.648 Thread 0x00000000027ad800 Uncommon trap: reason=unstable_if action=reinterpret pc=0x0000000002b3fdf8 method=java.lang.String.<init>([CII)V @ 18
Event: 2.306 Thread 0x00000000027ad800 Uncommon trap: reason=unstable_if action=reinterpret pc=0x0000000002cfbc58 method=org.objectweb.asm.Item.a(Lorg/objectweb/asm/Item;)Z @ 345

Classes redefined (0 events):
No events

Internal exceptions (10 events):
Event: 1.377 Thread 0x00000000027ad800 Exception <a 'sun/nio/fs/WindowsException'> (0x00000000ff2678c0) thrown at [D:\src\AOSP-openjdk-cygwin\jdk8u\hotspot\src\share\vm\prims\jni.cpp, line 709]
Event: 1.377 Thread 0x00000000027ad800 Exception <a 'sun/nio/fs/WindowsException'> (0x00000000ff267e88) thrown at [D:\src\AOSP-openjdk-cygwin\jdk8u\hotspot\src\share\vm\prims\jni.cpp, line 709]
Event: 1.377 Thread 0x00000000027ad800 Exception <a 'sun/nio/fs/WindowsException'> (0x00000000ff268648) thrown at [D:\src\AOSP-openjdk-cygwin\jdk8u\hotspot\src\share\vm\prims\jni.cpp, line 709]
Event: 1.378 Thread 0x00000000027ad800 Exception <a 'sun/nio/fs/WindowsException'> (0x00000000ff268be8) thrown at [D:\src\AOSP-openjdk-cygwin\jdk8u\hotspot\src\share\vm\prims\jni.cpp, line 709]
Event: 1.378 Thread 0x00000000027ad800 Exception <a 'sun/nio/fs/WindowsException'> (0x00000000ff269398) thrown at [D:\src\AOSP-openjdk-cygwin\jdk8u\hotspot\src\share\vm\prims\jni.cpp, line 709]
Event: 1.399 Thread 0x00000000027ad800 Exception <a 'sun/nio/fs/WindowsException'> (0x00000000ff26e6d8) thrown at [D:\src\AOSP-openjdk-cygwin\jdk8u\hotspot\src\share\vm\prims\jni.cpp, line 709]
Event: 1.580 Thread 0x00000000027ad800 Exception <a 'sun/nio/fs/WindowsException'> (0x00000000feb897d0) thrown at [D:\src\AOSP-openjdk-cygwin\jdk8u\hotspot\src\share\vm\prims\jni.cpp, line 709]
Event: 1.580 Thread 0x00000000027ad800 Exception <a 'sun/nio/fs/WindowsException'> (0x00000000feb89d28) thrown at [D:\src\AOSP-openjdk-cygwin\jdk8u\hotspot\src\share\vm\prims\jni.cpp, line 709]
Event: 1.626 Thread 0x00000000027ad800 Exception <a 'sun/nio/fs/WindowsException'> (0x00000000feb95508) thrown at [D:\src\AOSP-openjdk-cygwin\jdk8u\hotspot\src\share\vm\prims\jni.cpp, line 709]
Event: 1.626 Thread 0x00000000027ad800 Exception <a 'sun/nio/fs/WindowsException'> (0x00000000feb959e0) thrown at [D:\src\AOSP-openjdk-cygwin\jdk8u\hotspot\src\share\vm\prims\jni.cpp, line 709]

Events (10 events):
Event: 1.736 loading class java/util/zip/ZipOutputStream$XEntry done
Event: 1.736 loading class org/objectweb/asm/Opcodes
Event: 1.736 loading class org/objectweb/asm/Opcodes done
Event: 1.740 loading class org/objectweb/asm/tree/TryCatchBlockNode
Event: 1.740 loading class org/objectweb/asm/tree/TryCatchBlockNode done
Event: 1.741 loading class org/objectweb/asm/Handler
Event: 1.741 loading class org/objectweb/asm/Handler done
Event: 2.306 Thread 0x00000000027ad800 Uncommon trap: trap_request=0xffffff65 fr.pc=0x0000000002cfbc58
Event: 2.306 Thread 0x00000000027ad800 DEOPT PACKING pc=0x0000000002cfbc58 sp=0x00000000028ae6b0
Event: 2.306 Thread 0x00000000027ad800 DEOPT UNPACKING pc=0x00000000029f556a sp=0x00000000028ae648 mode 2


Dynamic libraries:
0x00007ff6c8c60000 - 0x00007ff6c8c91000 	C:\Program Files\Android\Android Studio\jre\bin\java.exe
0x00007ffba9340000 - 0x00007ffba9521000 	C:\WINDOWS\SYSTEM32\ntdll.dll
0x00007ffba6ca0000 - 0x00007ffba6d52000 	C:\WINDOWS\System32\KERNEL32.DLL
0x00007ffba6070000 - 0x00007ffba62e3000 	C:\WINDOWS\System32\KERNELBASE.dll
0x00007ffba9260000 - 0x00007ffba9301000 	C:\WINDOWS\System32\ADVAPI32.dll
0x00007ffba77b0000 - 0x00007ffba784e000 	C:\WINDOWS\System32\msvcrt.dll
0x00007ffba71b0000 - 0x00007ffba720b000 	C:\WINDOWS\System32\sechost.dll
0x00007ffba7580000 - 0x00007ffba76a4000 	C:\WINDOWS\System32\RPCRT4.dll
0x00007ffba7ac0000 - 0x00007ffba7c50000 	C:\WINDOWS\System32\USER32.dll
0x00007ffba5790000 - 0x00007ffba57b0000 	C:\WINDOWS\System32\win32u.dll
0x00007ffba67e0000 - 0x00007ffba6808000 	C:\WINDOWS\System32\GDI32.dll
0x00007ffba6530000 - 0x00007ffba66c2000 	C:\WINDOWS\System32\gdi32full.dll
0x00007ffba5fd0000 - 0x00007ffba606f000 	C:\WINDOWS\System32\msvcp_win.dll
0x00007ffba66d0000 - 0x00007ffba67ca000 	C:\WINDOWS\System32\ucrtbase.dll
0x00007ffb93ad0000 - 0x00007ffb93d39000 	C:\WINDOWS\WinSxS\amd64_microsoft.windows.common-controls_6595b64144ccf1df_6.0.17134.48_none_b4b2216a3cb4dd3e\COMCTL32.dll
0x00007ffba6810000 - 0x00007ffba6b33000 	C:\WINDOWS\System32\combase.dll
0x00007ffba5710000 - 0x00007ffba578a000 	C:\WINDOWS\System32\bcryptPrimitives.dll
0x00007ffba9090000 - 0x00007ffba90bd000 	C:\WINDOWS\System32\IMM32.DLL
0x0000000069530000 - 0x0000000069602000 	C:\Program Files\Android\Android Studio\jre\jre\bin\msvcr100.dll
0x0000000066c10000 - 0x000000006744e000 	C:\Program Files\Android\Android Studio\jre\jre\bin\server\jvm.dll
0x00007ffba91d0000 - 0x00007ffba91d8000 	C:\WINDOWS\System32\PSAPI.DLL
0x00007ffb9d7c0000 - 0x00007ffb9d7ca000 	C:\WINDOWS\SYSTEM32\VERSION.dll
0x00007ffb95780000 - 0x00007ffb957a3000 	C:\WINDOWS\SYSTEM32\WINMM.dll
0x00007ffba1d20000 - 0x00007ffba1d29000 	C:\WINDOWS\SYSTEM32\WSOCK32.dll
0x00007ffba7510000 - 0x00007ffba757c000 	C:\WINDOWS\System32\WS2_32.dll
0x00007ffb95570000 - 0x00007ffb9559a000 	C:\WINDOWS\SYSTEM32\winmmbase.dll
0x00007ffba64e0000 - 0x00007ffba6529000 	C:\WINDOWS\System32\cfgmgr32.dll
0x00007ffba3a40000 - 0x00007ffba3a4f000 	C:\Program Files\Android\Android Studio\jre\jre\bin\verify.dll
0x00007ffba1b00000 - 0x00007ffba1b29000 	C:\Program Files\Android\Android Studio\jre\jre\bin\java.dll
0x00007ffba1280000 - 0x00007ffba1296000 	C:\Program Files\Android\Android Studio\jre\jre\bin\zip.dll
0x00007ffba7c50000 - 0x00007ffba9090000 	C:\WINDOWS\System32\SHELL32.dll
0x00007ffba9120000 - 0x00007ffba91c9000 	C:\WINDOWS\System32\shcore.dll
0x00007ffba58c0000 - 0x00007ffba5fcd000 	C:\WINDOWS\System32\windows.storage.dll
0x00007ffba90c0000 - 0x00007ffba9111000 	C:\WINDOWS\System32\shlwapi.dll
0x00007ffba5680000 - 0x00007ffba5691000 	C:\WINDOWS\System32\kernel.appcore.dll
0x00007ffba56f0000 - 0x00007ffba570f000 	C:\WINDOWS\System32\profapi.dll
0x00007ffba56a0000 - 0x00007ffba56ec000 	C:\WINDOWS\System32\powrprof.dll
0x00007ffba5650000 - 0x00007ffba565a000 	C:\WINDOWS\System32\FLTLIB.DLL
0x00007ffba5080000 - 0x00007ffba5097000 	C:\WINDOWS\SYSTEM32\CRYPTSP.dll
0x00007ffba4ab0000 - 0x00007ffba4ae3000 	C:\WINDOWS\system32\rsaenh.dll
0x00007ffba51b0000 - 0x00007ffba51d5000 	C:\WINDOWS\SYSTEM32\bcrypt.dll
0x00007ffba5580000 - 0x00007ffba55a8000 	C:\WINDOWS\SYSTEM32\USERENV.dll
0x00007ffba50a0000 - 0x00007ffba50ab000 	C:\WINDOWS\SYSTEM32\CRYPTBASE.dll
0x00007ffba1180000 - 0x00007ffba119a000 	C:\Program Files\Android\Android Studio\jre\jre\bin\net.dll
0x00007ffba4ed0000 - 0x00007ffba4f36000 	C:\WINDOWS\system32\mswsock.dll
0x00007ffba4c50000 - 0x00007ffba4c88000 	C:\WINDOWS\SYSTEM32\IPHLPAPI.DLL
0x00007ffba7430000 - 0x00007ffba7438000 	C:\WINDOWS\System32\NSI.dll
0x00007ffb9a1f0000 - 0x00007ffb9a206000 	C:\WINDOWS\SYSTEM32\dhcpcsvc6.DLL
0x00007ffb9a120000 - 0x00007ffb9a13a000 	C:\WINDOWS\SYSTEM32\dhcpcsvc.DLL
0x00007ffb9f410000 - 0x00007ffb9f421000 	C:\Program Files\Android\Android Studio\jre\jre\bin\nio.dll

VM Arguments:
jvm_args: -Djava.awt.headless=true -Xmx64M -Dfile.encoding=x-windows-949 -Duser.country=KR -Duser.language=ko -Duser.variant 
java_command: com.google.devtools.build.android.desugar.Desugar @D:\test\app\build\intermediates\tmp\desugar_args296678019858614182
java_class_path (initial): C:\Users\Goo\AppData\Local\Temp\desugar_deploy.jar817229055182116543
Launcher Type: SUN_STANDARD

Environment Variables:
PATH=C:\ProgramData\Oracle\Java\javapath;C:\WINDOWS\system32;C:\WINDOWS;C:\WINDOWS\System32\Wbem;C:\WINDOWS\System32\WindowsPowerShell\v1.0\;C:\OpenSSL;;C:\WINDOWS\System32\OpenSSH\;C:\Users\Goo\AppData\Local\Microsoft\WindowsApps;
USERNAME=Goo
OS=Windows_NT
PROCESSOR_IDENTIFIER=Intel64 Family 6 Model 158 Stepping 9, GenuineIntel



---------------  S Y S T E M  ---------------

OS: Windows 10.0 , 64 bit Build 17134 (10.0.17134.1)

CPU:total 8 (initial active 8) (4 cores per cpu, 2 threads per core) family 6 model 158 stepping 9, cmov, cx8, fxsr, mmx, sse, sse2, sse3, ssse3, sse4.1, sse4.2, popcnt, avx, avx2, aes, clmul, erms, 3dnowpref, lzcnt, ht, tsc, tscinvbit, bmi1, bmi2, adx

Memory: 4k page, physical 16692940k(4135440k free), swap 16692940k(4588k free)

vm_info: OpenJDK 64-Bit Server VM (25.152-b01) for windows-amd64 JRE (1.8.0_152-release-915-b01), built by "builder" with MS VC++ 10.0 (VS2010)

time: Mon May 28 02:34:25 2018
elapsed time: 2 seconds (0d 0h 0m 2s)

