#
# There is insufficient memory for the Java Runtime Environment to continue.
# Native memory allocation (malloc) failed to allocate 269456 bytes for Chunk::new
# Possible reasons:
#   The system is out of physical RAM or swap space
#   In 32 bit mode, the process size limit was hit
# Possible solutions:
#   Reduce memory load on the system
#   Increase physical memory or swap space
#   Check if swap backing store is full
#   Use 64 bit Java on a 64 bit OS
#   Decrease Java heap size (-Xmx/-Xms)
#   Decrease number of Java threads
#   Decrease Java thread stack sizes (-Xss)
#   Set larger code cache with -XX:ReservedCodeCacheSize=
# This output file may be truncated or incomplete.
#
#  Out of Memory Error (allocation.cpp:390), pid=1040, tid=0x0000000000000bb0
#
# JRE version: OpenJDK Runtime Environment (8.0_152-b01) (build 1.8.0_152-release-915-b01)
# Java VM: OpenJDK 64-Bit Server VM (25.152-b01 mixed mode windows-amd64 compressed oops)
# Failed to write core dump. Minidumps are not enabled by default on client versions of Windows
#

---------------  T H R E A D  ---------------

Current thread (0x0000000015373800):  JavaThread "C2 CompilerThread1" daemon [_thread_in_native, id=2992, stack(0x0000000015b20000,0x0000000015c20000)]

Stack: [0x0000000015b20000,0x0000000015c20000]
[error occurred during error reporting (printing stack bounds), id 0xc0000005]

Native frames: (J=compiled Java code, j=interpreted, Vv=VM code, C=native code)


Current CompileTask:
C2:   3902 1192       4       org.objectweb.asm.ClassReader::a (500 bytes)


---------------  P R O C E S S  ---------------

Java Threads: ( => current thread )
  0x000000001537f800 JavaThread "Service Thread" daemon [_thread_blocked, id=7816, stack(0x0000000015e20000,0x0000000015f20000)]
  0x000000001537a000 JavaThread "C1 CompilerThread3" daemon [_thread_in_native, id=11044, stack(0x0000000015d20000,0x0000000015e20000)]
  0x0000000015377800 JavaThread "C2 CompilerThread2" daemon [_thread_blocked, id=9820, stack(0x0000000015c20000,0x0000000015d20000)]
=>0x0000000015373800 JavaThread "C2 CompilerThread1" daemon [_thread_in_native, id=2992, stack(0x0000000015b20000,0x0000000015c20000)]
  0x000000001531f000 JavaThread "C2 CompilerThread0" daemon [_thread_blocked, id=8096, stack(0x0000000015a20000,0x0000000015b20000)]
  0x000000001531e000 JavaThread "Attach Listener" daemon [_thread_blocked, id=9624, stack(0x0000000015920000,0x0000000015a20000)]
  0x000000001531d800 JavaThread "Signal Dispatcher" daemon [_thread_blocked, id=6596, stack(0x0000000015820000,0x0000000015920000)]
  0x0000000002bde800 JavaThread "Finalizer" daemon [_thread_blocked, id=2756, stack(0x0000000015690000,0x0000000015790000)]
  0x000000001338b800 JavaThread "Reference Handler" daemon [_thread_blocked, id=9344, stack(0x0000000015190000,0x0000000015290000)]
  0x000000000260d800 JavaThread "main" [_thread_in_vm, id=12592, stack(0x00000000029e0000,0x0000000002ae0000)]

Other Threads:
  0x0000000013385000 VMThread [stack: 0x0000000015090000,0x0000000015190000] [id=5040]
  0x0000000015380000 WatcherThread [stack: 0x0000000015f20000,0x0000000016020000] [id=7724]

VM state:not at safepoint (normal execution)

VM Mutex/Monitor currently owned by a thread: None

Heap:
 PSYoungGen      total 18944K, used 16988K [0x00000000feb00000, 0x0000000100000000, 0x0000000100000000)
  eden space 16384K, 88% used [0x00000000feb00000,0x00000000ff91ca80,0x00000000ffb00000)
  from space 2560K, 99% used [0x00000000ffb00000,0x00000000ffd7a610,0x00000000ffd80000)
  to   space 2560K, 0% used [0x00000000ffd80000,0x00000000ffd80000,0x0000000100000000)
 ParOldGen       total 44032K, used 7133K [0x00000000fc000000, 0x00000000feb00000, 0x00000000feb00000)
  object space 44032K, 16% used [0x00000000fc000000,0x00000000fc6f7460,0x00000000feb00000)
 Metaspace       used 7780K, capacity 7970K, committed 8192K, reserved 1056768K
  class space    used 875K, capacity 957K, committed 1024K, reserved 1048576K

Card table byte_map: [0x0000000002540000,0x0000000002570000] byte_map_base: 0x0000000001d60000

Marking Bits: (ParMarkBitMap*) 0x000000005d303950
 Begin Bits: [0x00000000127a0000, 0x00000000128a0000)
 End Bits:   [0x00000000128a0000, 0x00000000129a0000)

Polling page: 0x0000000002510000

CodeCache: size=245760Kb used=4655Kb max_used=4655Kb free=241104Kb
 bounds [0x0000000002be0000, 0x0000000003080000, 0x0000000011be0000]
 total_blobs=1557 nmethods=1222 adapters=248
 compilation: enabled

Compilation events (10 events):
Event: 3.899 Thread 0x000000001537a000 nmethod 1214 0x0000000003069310 code [0x0000000003069480, 0x0000000003069608]
Event: 3.899 Thread 0x000000001537a000 1215       3       sun.util.calendar.ZoneInfo::getOffsets (276 bytes)
Event: 3.900 Thread 0x000000001537a000 nmethod 1215 0x00000000030696d0 code [0x0000000003069900, 0x000000000306a688]
Event: 3.900 Thread 0x000000001537a000 1216       3       sun.util.calendar.ZoneInfo::getTransitionIndex (156 bytes)
Event: 3.900 Thread 0x000000001537a000 nmethod 1216 0x000000000306aed0 code [0x000000000306b060, 0x000000000306b530]
Event: 3.900 Thread 0x000000001537a000 1217       3       sun.util.calendar.CalendarDate::setZoneOffset (6 bytes)
Event: 3.900 Thread 0x000000001537a000 nmethod 1217 0x000000000306b8d0 code [0x000000000306ba20, 0x000000000306bb70]
Event: 3.900 Thread 0x000000001537a000 1218       3       sun.util.calendar.CalendarDate::setDaylightSaving (6 bytes)
Event: 3.900 Thread 0x000000001537a000 nmethod 1218 0x000000000306bbd0 code [0x000000000306bd20, 0x000000000306be70]
Event: 3.900 Thread 0x000000001537a000 1219       3       sun.util.calendar.BaseCalendar::getCalendarDateFromFixedDate (305 bytes)

GC Heap History (6 events):
Event: 1.105 GC heap before
{Heap before GC invocations=1 (full 0):
 PSYoungGen      total 18944K, used 16384K [0x00000000feb00000, 0x0000000100000000, 0x0000000100000000)
  eden space 16384K, 100% used [0x00000000feb00000,0x00000000ffb00000,0x00000000ffb00000)
  from space 2560K, 0% used [0x00000000ffd80000,0x00000000ffd80000,0x0000000100000000)
  to   space 2560K, 0% used [0x00000000ffb00000,0x00000000ffb00000,0x00000000ffd80000)
 ParOldGen       total 44032K, used 0K [0x00000000fc000000, 0x00000000feb00000, 0x00000000feb00000)
  object space 44032K, 0% used [0x00000000fc000000,0x00000000fc000000,0x00000000feb00000)
 Metaspace       used 6623K, capacity 6736K, committed 7040K, reserved 1056768K
  class space    used 773K, capacity 824K, committed 896K, reserved 1048576K
Event: 1.175 GC heap after
Heap after GC invocations=1 (full 0):
 PSYoungGen      total 18944K, used 2553K [0x00000000feb00000, 0x0000000100000000, 0x0000000100000000)
  eden space 16384K, 0% used [0x00000000feb00000,0x00000000feb00000,0x00000000ffb00000)
  from space 2560K, 99% used [0x00000000ffb00000,0x00000000ffd7e630,0x00000000ffd80000)
  to   space 2560K, 0% used [0x00000000ffd80000,0x00000000ffd80000,0x0000000100000000)
 ParOldGen       total 44032K, used 1522K [0x00000000fc000000, 0x00000000feb00000, 0x00000000feb00000)
  object space 44032K, 3% used [0x00000000fc000000,0x00000000fc17c908,0x00000000feb00000)
 Metaspace       used 6623K, capacity 6736K, committed 7040K, reserved 1056768K
  class space    used 773K, capacity 824K, committed 896K, reserved 1048576K
}
Event: 1.932 GC heap before
{Heap before GC invocations=2 (full 0):
 PSYoungGen      total 18944K, used 18937K [0x00000000feb00000, 0x0000000100000000, 0x0000000100000000)
  eden space 16384K, 100% used [0x00000000feb00000,0x00000000ffb00000,0x00000000ffb00000)
  from space 2560K, 99% used [0x00000000ffb00000,0x00000000ffd7e630,0x00000000ffd80000)
  to   space 2560K, 0% used [0x00000000ffd80000,0x00000000ffd80000,0x0000000100000000)
 ParOldGen       total 44032K, used 1522K [0x00000000fc000000, 0x00000000feb00000, 0x00000000feb00000)
  object space 44032K, 3% used [0x00000000fc000000,0x00000000fc17c908,0x00000000feb00000)
 Metaspace       used 6968K, capacity 7106K, committed 7296K, reserved 1056768K
  class space    used 816K, capacity 861K, committed 896K, reserved 1048576K
Event: 2.039 GC heap after
Heap after GC invocations=2 (full 0):
 PSYoungGen      total 18944K, used 2531K [0x00000000feb00000, 0x0000000100000000, 0x0000000100000000)
  eden space 16384K, 0% used [0x00000000feb00000,0x00000000feb00000,0x00000000ffb00000)
  from space 2560K, 98% used [0x00000000ffd80000,0x00000000ffff8df0,0x0000000100000000)
  to   space 2560K, 0% used [0x00000000ffb00000,0x00000000ffb00000,0x00000000ffd80000)
 ParOldGen       total 44032K, used 5851K [0x00000000fc000000, 0x00000000feb00000, 0x00000000feb00000)
  object space 44032K, 13% used [0x00000000fc000000,0x00000000fc5b6e50,0x00000000feb00000)
 Metaspace       used 6968K, capacity 7106K, committed 7296K, reserved 1056768K
  class space    used 816K, capacity 861K, committed 896K, reserved 1048576K
}
Event: 2.660 GC heap before
{Heap before GC invocations=3 (full 0):
 PSYoungGen      total 18944K, used 18915K [0x00000000feb00000, 0x0000000100000000, 0x0000000100000000)
  eden space 16384K, 100% used [0x00000000feb00000,0x00000000ffb00000,0x00000000ffb00000)
  from space 2560K, 98% used [0x00000000ffd80000,0x00000000ffff8df0,0x0000000100000000)
  to   space 2560K, 0% used [0x00000000ffb00000,0x00000000ffb00000,0x00000000ffd80000)
 ParOldGen       total 44032K, used 5851K [0x00000000fc000000, 0x00000000feb00000, 0x00000000feb00000)
  object space 44032K, 13% used [0x00000000fc000000,0x00000000fc5b6e50,0x00000000feb00000)
 Metaspace       used 7690K, capacity 7842K, committed 7936K, reserved 1056768K
  class space    used 875K, capacity 957K, committed 1024K, reserved 1048576K
Event: 3.196 GC heap after
Heap after GC invocations=3 (full 0):
 PSYoungGen      total 18944K, used 2537K [0x00000000feb00000, 0x0000000100000000, 0x0000000100000000)
  eden space 16384K, 0% used [0x00000000feb00000,0x00000000feb00000,0x00000000ffb00000)
  from space 2560K, 99% used [0x00000000ffb00000,0x00000000ffd7a610,0x00000000ffd80000)
  to   space 2560K, 0% used [0x00000000ffd80000,0x00000000ffd80000,0x0000000100000000)
 ParOldGen       total 44032K, used 7133K [0x00000000fc000000, 0x00000000feb00000, 0x00000000feb00000)
  object space 44032K, 16% used [0x00000000fc000000,0x00000000fc6f7460,0x00000000feb00000)
 Metaspace       used 7690K, capacity 7842K, committed 7936K, reserved 1056768K
  class space    used 875K, capacity 957K, committed 1024K, reserved 1048576K
}

Deoptimization events (10 events):
Event: 2.136 Thread 0x000000000260d800 Uncommon trap: reason=unstable_if action=reinterpret pc=0x0000000002d7b9b8 method=java.lang.String.<init>([CII)V @ 18
Event: 2.278 Thread 0x000000000260d800 Uncommon trap: reason=unstable_if action=reinterpret pc=0x0000000002eccabc method=org.objectweb.asm.ClassReader.a(II[C)Ljava/lang/String; @ 77
Event: 2.278 Thread 0x000000000260d800 Uncommon trap: reason=unstable_if action=reinterpret pc=0x0000000002eca5b8 method=org.objectweb.asm.ByteVector.putUTF8(Ljava/lang/String;)Lorg/objectweb/asm/ByteVector; @ 98
Event: 2.284 Thread 0x000000000260d800 Uncommon trap: reason=unstable_if action=reinterpret pc=0x0000000002f1a398 method=org.objectweb.asm.Item.a(Lorg/objectweb/asm/Item;)Z @ 345
Event: 2.509 Thread 0x000000000260d800 Uncommon trap: reason=unstable_if action=reinterpret pc=0x0000000002f356b8 method=org.objectweb.asm.Type.getArgumentsAndReturnSizes(Ljava/lang/String;)I @ 118
Event: 2.656 Thread 0x000000000260d800 Uncommon trap: reason=unstable_if action=reinterpret pc=0x0000000002fb13f0 method=org.objectweb.asm.MethodWriter.visitVarInsn(II)V @ 142
Event: 2.656 Thread 0x000000000260d800 Uncommon trap: reason=unstable_if action=reinterpret pc=0x0000000002f5b3f8 method=org.objectweb.asm.MethodWriter.visitVarInsn(II)V @ 142
Event: 3.425 Thread 0x000000000260d800 Uncommon trap: reason=unstable_if action=reinterpret pc=0x0000000002f3d388 method=org.objectweb.asm.ByteVector.putUTF8(Ljava/lang/String;)Lorg/objectweb/asm/ByteVector; @ 98
Event: 3.460 Thread 0x000000000260d800 Uncommon trap: reason=null_check action=make_not_entrant pc=0x0000000003023680 method=com.google.devtools.build.android.desugar.InterfaceDesugaring$InterfaceInvocationRewriter.visitMethodInsn(ILjava/lang/String;Ljava/lang/String;Ljava/lang/String;Z)V @ 10
Event: 3.460 Thread 0x000000000260d800 Uncommon trap: reason=null_check action=make_not_entrant pc=0x000000000301ef9c method=com.google.devtools.build.android.desugar.InterfaceDesugaring$InterfaceInvocationRewriter.visitMethodInsn(ILjava/lang/String;Ljava/lang/String;Ljava/lang/String;Z)V @ 10

Classes redefined (0 events):
No events

Internal exceptions (10 events):
Event: 1.291 Thread 0x000000000260d800 Exception <a 'sun/nio/fs/WindowsException'> (0x00000000ff232488) thrown at [D:\src\AOSP-openjdk-cygwin\jdk8u\hotspot\src\share\vm\prims\jni.cpp, line 709]
Event: 1.410 Thread 0x000000000260d800 Exception <a 'sun/nio/fs/WindowsException'> (0x00000000ff2377c8) thrown at [D:\src\AOSP-openjdk-cygwin\jdk8u\hotspot\src\share\vm\prims\jni.cpp, line 709]
Event: 2.050 Thread 0x000000000260d800 Exception <a 'sun/nio/fs/WindowsException'> (0x00000000febe8970) thrown at [D:\src\AOSP-openjdk-cygwin\jdk8u\hotspot\src\share\vm\prims\jni.cpp, line 709]
Event: 2.050 Thread 0x000000000260d800 Exception <a 'sun/nio/fs/WindowsException'> (0x00000000febe8ec8) thrown at [D:\src\AOSP-openjdk-cygwin\jdk8u\hotspot\src\share\vm\prims\jni.cpp, line 709]
Event: 2.104 Thread 0x000000000260d800 Exception <a 'sun/nio/fs/WindowsException'> (0x00000000febf46c8) thrown at [D:\src\AOSP-openjdk-cygwin\jdk8u\hotspot\src\share\vm\prims\jni.cpp, line 709]
Event: 2.104 Thread 0x000000000260d800 Exception <a 'sun/nio/fs/WindowsException'> (0x00000000febf4ba0) thrown at [D:\src\AOSP-openjdk-cygwin\jdk8u\hotspot\src\share\vm\prims\jni.cpp, line 709]
Event: 3.460 Thread 0x000000000260d800 Implicit null exception at 0x0000000003020c5a to 0x000000000302365d
Event: 3.460 Thread 0x000000000260d800 Implicit null exception at 0x000000000301ecaa to 0x000000000301ef79
Event: 3.518 Thread 0x000000000260d800 Exception <a 'sun/nio/fs/WindowsException'> (0x00000000ff88aa70) thrown at [D:\src\AOSP-openjdk-cygwin\jdk8u\hotspot\src\share\vm\prims\jni.cpp, line 709]
Event: 3.744 Thread 0x000000000260d800 Exception <a 'sun/nio/fs/WindowsException'> (0x00000000ff88af48) thrown at [D:\src\AOSP-openjdk-cygwin\jdk8u\hotspot\src\share\vm\prims\jni.cpp, line 709]

Events (10 events):
Event: 3.421 Thread 0x000000000260d800 DEOPT UNPACKING pc=0x0000000002c275bf sp=0x0000000002ade738 mode 0
Event: 3.425 Thread 0x000000000260d800 Uncommon trap: trap_request=0xffffff65 fr.pc=0x0000000002f3d388
Event: 3.425 Thread 0x000000000260d800 DEOPT PACKING pc=0x0000000002f3d388 sp=0x0000000002ade930
Event: 3.425 Thread 0x000000000260d800 DEOPT UNPACKING pc=0x0000000002c2556a sp=0x0000000002ade870 mode 2
Event: 3.460 Thread 0x000000000260d800 Uncommon trap: trap_request=0xfffffff4 fr.pc=0x0000000003023680
Event: 3.460 Thread 0x000000000260d800 DEOPT PACKING pc=0x0000000003023680 sp=0x0000000002ade960
Event: 3.460 Thread 0x000000000260d800 DEOPT UNPACKING pc=0x0000000002c2556a sp=0x0000000002ade8e0 mode 2
Event: 3.460 Thread 0x000000000260d800 Uncommon trap: trap_request=0xfffffff4 fr.pc=0x000000000301ef9c
Event: 3.460 Thread 0x000000000260d800 DEOPT PACKING pc=0x000000000301ef9c sp=0x0000000002adead0
Event: 3.460 Thread 0x000000000260d800 DEOPT UNPACKING pc=0x0000000002c2556a sp=0x0000000002adea80 mode 2


Dynamic libraries:
0x00007ff6199f0000 - 0x00007ff619a21000 	C:\Program Files\Android\Android Studio\jre\bin\java.exe
0x00007ff98de30000 - 0x00007ff98e011000 	C:\WINDOWS\SYSTEM32\ntdll.dll
0x00007ff98c160000 - 0x00007ff98c212000 	C:\WINDOWS\System32\KERNEL32.DLL
0x00007ff98a400000 - 0x00007ff98a673000 	C:\WINDOWS\System32\KERNELBASE.dll
0x00007ff98b860000 - 0x00007ff98b901000 	C:\WINDOWS\System32\ADVAPI32.dll
0x00007ff98bd20000 - 0x00007ff98bdbe000 	C:\WINDOWS\System32\msvcrt.dll
0x00007ff98b910000 - 0x00007ff98b96b000 	C:\WINDOWS\System32\sechost.dll
0x00007ff98b3b0000 - 0x00007ff98b4d4000 	C:\WINDOWS\System32\RPCRT4.dll
0x00007ff98b9f0000 - 0x00007ff98bb80000 	C:\WINDOWS\System32\USER32.dll
0x00007ff98b2a0000 - 0x00007ff98b2c0000 	C:\WINDOWS\System32\win32u.dll
0x00007ff98b380000 - 0x00007ff98b3a8000 	C:\WINDOWS\System32\GDI32.dll
0x00007ff98b060000 - 0x00007ff98b1f2000 	C:\WINDOWS\System32\gdi32full.dll
0x00007ff98b200000 - 0x00007ff98b29f000 	C:\WINDOWS\System32\msvcp_win.dll
0x00007ff98a300000 - 0x00007ff98a3fa000 	C:\WINDOWS\System32\ucrtbase.dll
0x00007ff97d610000 - 0x00007ff97d879000 	C:\WINDOWS\WinSxS\amd64_microsoft.windows.common-controls_6595b64144ccf1df_6.0.17134.48_none_b4b2216a3cb4dd3e\COMCTL32.dll
0x00007ff98bdd0000 - 0x00007ff98c0f3000 	C:\WINDOWS\System32\combase.dll
0x00007ff98adf0000 - 0x00007ff98ae6a000 	C:\WINDOWS\System32\bcryptPrimitives.dll
0x00007ff98b5c0000 - 0x00007ff98b5ed000 	C:\WINDOWS\System32\IMM32.DLL
0x000000005ca60000 - 0x000000005cb32000 	C:\Program Files\Android\Android Studio\jre\jre\bin\msvcr100.dll
0x000000005cb40000 - 0x000000005d37e000 	C:\Program Files\Android\Android Studio\jre\jre\bin\server\jvm.dll
0x00007ff98b5b0000 - 0x00007ff98b5b8000 	C:\WINDOWS\System32\PSAPI.DLL
0x00007ff987c20000 - 0x00007ff987c43000 	C:\WINDOWS\SYSTEM32\WINMM.dll
0x00007ff982480000 - 0x00007ff98248a000 	C:\WINDOWS\SYSTEM32\VERSION.dll
0x00007ff987620000 - 0x00007ff98764a000 	C:\WINDOWS\SYSTEM32\winmmbase.dll
0x00007ff98a2b0000 - 0x00007ff98a2f9000 	C:\WINDOWS\System32\cfgmgr32.dll
0x00007ff985c60000 - 0x00007ff985c69000 	C:\WINDOWS\SYSTEM32\WSOCK32.dll
0x00007ff98b970000 - 0x00007ff98b9dc000 	C:\WINDOWS\System32\WS2_32.dll
0x00007ff96ba40000 - 0x00007ff96ba4f000 	C:\Program Files\Android\Android Studio\jre\jre\bin\verify.dll
0x00007ff96ba10000 - 0x00007ff96ba39000 	C:\Program Files\Android\Android Studio\jre\jre\bin\java.dll
0x00007ff96b9f0000 - 0x00007ff96ba06000 	C:\Program Files\Android\Android Studio\jre\jre\bin\zip.dll
0x00007ff98c2a0000 - 0x00007ff98d6e0000 	C:\WINDOWS\System32\SHELL32.dll
0x00007ff98b4e0000 - 0x00007ff98b589000 	C:\WINDOWS\System32\shcore.dll
0x00007ff98a680000 - 0x00007ff98ad8d000 	C:\WINDOWS\System32\windows.storage.dll
0x00007ff98b320000 - 0x00007ff98b371000 	C:\WINDOWS\System32\shlwapi.dll
0x00007ff98a170000 - 0x00007ff98a181000 	C:\WINDOWS\System32\kernel.appcore.dll
0x00007ff98a190000 - 0x00007ff98a1af000 	C:\WINDOWS\System32\profapi.dll
0x00007ff98a1b0000 - 0x00007ff98a1fc000 	C:\WINDOWS\System32\powrprof.dll
0x00007ff98a160000 - 0x00007ff98a16a000 	C:\WINDOWS\System32\FLTLIB.DLL
0x00007ff989b70000 - 0x00007ff989b87000 	C:\WINDOWS\SYSTEM32\CRYPTSP.dll
0x00007ff9895a0000 - 0x00007ff9895d3000 	C:\WINDOWS\system32\rsaenh.dll
0x00007ff989ca0000 - 0x00007ff989cc5000 	C:\WINDOWS\SYSTEM32\bcrypt.dll
0x00007ff98a040000 - 0x00007ff98a068000 	C:\WINDOWS\SYSTEM32\USERENV.dll
0x00007ff989b90000 - 0x00007ff989b9b000 	C:\WINDOWS\SYSTEM32\CRYPTBASE.dll
0x00007ff96b9d0000 - 0x00007ff96b9ea000 	C:\Program Files\Android\Android Studio\jre\jre\bin\net.dll
0x00007ff9899c0000 - 0x00007ff989a26000 	C:\WINDOWS\system32\mswsock.dll
0x00007ff989740000 - 0x00007ff989778000 	C:\WINDOWS\SYSTEM32\IPHLPAPI.DLL
0x00007ff98bdc0000 - 0x00007ff98bdc8000 	C:\WINDOWS\System32\NSI.dll
0x00007ff982c80000 - 0x00007ff982c96000 	C:\WINDOWS\SYSTEM32\dhcpcsvc6.DLL
0x00007ff982c60000 - 0x00007ff982c7a000 	C:\WINDOWS\SYSTEM32\dhcpcsvc.DLL
0x00007ff967fc0000 - 0x00007ff967fd1000 	C:\Program Files\Android\Android Studio\jre\jre\bin\nio.dll

VM Arguments:
jvm_args: -Djava.awt.headless=true -Xmx64M -Dfile.encoding=x-windows-949 -Duser.country=KR -Duser.language=ko -Duser.variant 
java_command: com.google.devtools.build.android.desugar.Desugar @D:\test\app\build\intermediates\tmp\desugar_args5650828713942686233
java_class_path (initial): C:\Users\Goo\AppData\Local\Temp\desugar_deploy.jar3189730495422438638
Launcher Type: SUN_STANDARD

Environment Variables:
PATH=C:\ProgramData\Oracle\Java\javapath;C:\WINDOWS\system32;C:\WINDOWS;C:\WINDOWS\System32\Wbem;C:\WINDOWS\System32\WindowsPowerShell\v1.0\;C:\OpenSSL;;C:\WINDOWS\System32\OpenSSH\;C:\Users\Goo\AppData\Local\Microsoft\WindowsApps;
USERNAME=Goo
OS=Windows_NT
PROCESSOR_IDENTIFIER=Intel64 Family 6 Model 158 Stepping 9, GenuineIntel



---------------  S Y S T E M  ---------------

OS: Windows 10.0 , 64 bit Build 17134 (10.0.17134.1)

CPU:total 8 (initial active 8) (4 cores per cpu, 2 threads per core) family 6 model 158 stepping 9, cmov, cx8, fxsr, mmx, sse, sse2, sse3, ssse3, sse4.1, sse4.2, popcnt, avx, avx2, aes, clmul, erms, 3dnowpref, lzcnt, ht, tsc, tscinvbit, bmi1, bmi2, adx

Memory: 4k page, physical 16692940k(4752628k free), swap 16692940k(4884k free)

vm_info: OpenJDK 64-Bit Server VM (25.152-b01) for windows-amd64 JRE (1.8.0_152-release-915-b01), built by "builder" with MS VC++ 10.0 (VS2010)

time: Mon Jun 11 03:50:41 2018
elapsed time: 3 seconds (0d 0h 0m 3s)

