#
# There is insufficient memory for the Java Runtime Environment to continue.
# Native memory allocation (malloc) failed to allocate 2477904 bytes for Chunk::new
# Possible reasons:
#   The system is out of physical RAM or swap space
#   In 32 bit mode, the process size limit was hit
# Possible solutions:
#   Reduce memory load on the system
#   Increase physical memory or swap space
#   Check if swap backing store is full
#   Use 64 bit Java on a 64 bit OS
#   Decrease Java heap size (-Xmx/-Xms)
#   Decrease number of Java threads
#   Decrease Java thread stack sizes (-Xss)
#   Set larger code cache with -XX:ReservedCodeCacheSize=
# This output file may be truncated or incomplete.
#
#  Out of Memory Error (allocation.cpp:390), pid=2816, tid=0x00000000000013fc
#
# JRE version: OpenJDK Runtime Environment (8.0_152-b01) (build 1.8.0_152-release-915-b01)
# Java VM: OpenJDK 64-Bit Server VM (25.152-b01 mixed mode windows-amd64 compressed oops)
# Failed to write core dump. Minidumps are not enabled by default on client versions of Windows
#

---------------  T H R E A D  ---------------

Current thread (0x000000001502b800):  JavaThread "C2 CompilerThread0" daemon [_thread_in_native, id=5116, stack(0x0000000015780000,0x0000000015880000)]

Stack: [0x0000000015780000,0x0000000015880000]
[error occurred during error reporting (printing stack bounds), id 0xc0000005]

Native frames: (J=compiled Java code, j=interpreted, Vv=VM code, C=native code)


Current CompileTask:
C2:   2547  933 %     4       org.objectweb.asm.ClassReader::a @ 1480 (3587 bytes)


---------------  P R O C E S S  ---------------

Java Threads: ( => current thread )
  0x0000000015105000 JavaThread "Service Thread" daemon [_thread_blocked, id=8168, stack(0x0000000015b80000,0x0000000015c80000)]
  0x00000000150ca800 JavaThread "C1 CompilerThread3" daemon [_thread_blocked, id=7004, stack(0x0000000015a80000,0x0000000015b80000)]
  0x0000000015085800 JavaThread "C2 CompilerThread2" daemon [_thread_blocked, id=1116, stack(0x0000000015980000,0x0000000015a80000)]
  0x000000001312a800 JavaThread "C2 CompilerThread1" daemon [_thread_blocked, id=12628, stack(0x0000000015880000,0x0000000015980000)]
=>0x000000001502b800 JavaThread "C2 CompilerThread0" daemon [_thread_in_native, id=5116, stack(0x0000000015780000,0x0000000015880000)]
  0x000000001502a000 JavaThread "Attach Listener" daemon [_thread_blocked, id=9728, stack(0x0000000015680000,0x0000000015780000)]
  0x0000000015080000 JavaThread "Signal Dispatcher" daemon [_thread_blocked, id=8956, stack(0x0000000015580000,0x0000000015680000)]
  0x000000000296e000 JavaThread "Finalizer" daemon [_thread_blocked, id=13332, stack(0x00000000153f0000,0x00000000154f0000)]
  0x0000000002967000 JavaThread "Reference Handler" daemon [_thread_blocked, id=380, stack(0x0000000014ef0000,0x0000000014ff0000)]
  0x00000000024bd800 JavaThread "main" [_thread_in_Java, id=10760, stack(0x00000000023b0000,0x00000000024b0000)]

Other Threads:
  0x0000000013115800 VMThread [stack: 0x0000000014df0000,0x0000000014ef0000] [id=7740]
  0x0000000015105800 WatcherThread [stack: 0x0000000015c80000,0x0000000015d80000] [id=10816]

VM state:not at safepoint (normal execution)

VM Mutex/Monitor currently owned by a thread: None

Heap:
 PSYoungGen      total 18944K, used 10347K [0x00000000feb00000, 0x0000000100000000, 0x0000000100000000)
  eden space 16384K, 47% used [0x00000000feb00000,0x00000000ff2a2178,0x00000000ffb00000)
  from space 2560K, 98% used [0x00000000ffd80000,0x00000000ffff8e10,0x0000000100000000)
  to   space 2560K, 0% used [0x00000000ffb00000,0x00000000ffb00000,0x00000000ffd80000)
 ParOldGen       total 44032K, used 7493K [0x00000000fc000000, 0x00000000feb00000, 0x00000000feb00000)
  object space 44032K, 17% used [0x00000000fc000000,0x00000000fc7516b0,0x00000000feb00000)
 Metaspace       used 7767K, capacity 7974K, committed 8192K, reserved 1056768K
  class space    used 875K, capacity 957K, committed 1024K, reserved 1048576K

Card table byte_map: [0x0000000000a80000,0x0000000000ab0000] byte_map_base: 0x00000000002a0000

Marking Bits: (ParMarkBitMap*) 0x00000000692d3950
 Begin Bits: [0x0000000012530000, 0x0000000012630000)
 End Bits:   [0x0000000012630000, 0x0000000012730000)

Polling page: 0x0000000000a50000

CodeCache: size=245760Kb used=4376Kb max_used=4398Kb free=241383Kb
 bounds [0x0000000002970000, 0x0000000002dd0000, 0x0000000011970000]
 total_blobs=1488 nmethods=1152 adapters=248
 compilation: disabled (not enough contiguous free space left)

Compilation events (10 events):
Event: 2.393 Thread 0x0000000015085800 nmethod 1152 0x0000000002db0910 code [0x0000000002db0a60, 0x0000000002db0b28]
Event: 2.397 Thread 0x0000000015085800 1153       4       org.objectweb.asm.tree.MethodNode::visitJumpInsn (21 bytes)
Event: 2.401 Thread 0x0000000015085800 nmethod 1153 0x0000000002db02d0 code [0x0000000002db0440, 0x0000000002db0718]
Event: 2.403 Thread 0x0000000015085800 1154       4       org.objectweb.asm.MethodWriter::visitJumpInsn (486 bytes)
Event: 2.410 Thread 0x00000000150ca800 1158       3       org.objectweb.asm.tree.MethodNode::visitAnnotation (78 bytes)
Event: 2.411 Thread 0x00000000150ca800 nmethod 1158 0x0000000002dade50 code [0x0000000002dae040, 0x0000000002dae938]
Event: 2.411 Thread 0x00000000150ca800 1160       3       com.google.common.collect.ImmutableSet::construct (245 bytes)
Event: 2.505 Thread 0x0000000015085800 

Event: 2.506 Thread 0x00000000150ca800 

Event: 2.506 Thread 0x000000001312a800 


GC Heap History (8 events):
Event: 0.906 GC heap before
{Heap before GC invocations=1 (full 0):
 PSYoungGen      total 18944K, used 16384K [0x00000000feb00000, 0x0000000100000000, 0x0000000100000000)
  eden space 16384K, 100% used [0x00000000feb00000,0x00000000ffb00000,0x00000000ffb00000)
  from space 2560K, 0% used [0x00000000ffd80000,0x00000000ffd80000,0x0000000100000000)
  to   space 2560K, 0% used [0x00000000ffb00000,0x00000000ffb00000,0x00000000ffd80000)
 ParOldGen       total 44032K, used 0K [0x00000000fc000000, 0x00000000feb00000, 0x00000000feb00000)
  object space 44032K, 0% used [0x00000000fc000000,0x00000000fc000000,0x00000000feb00000)
 Metaspace       used 6630K, capacity 6804K, committed 7040K, reserved 1056768K
  class space    used 774K, capacity 824K, committed 896K, reserved 1048576K
Event: 0.920 GC heap after
Heap after GC invocations=1 (full 0):
 PSYoungGen      total 18944K, used 2553K [0x00000000feb00000, 0x0000000100000000, 0x0000000100000000)
  eden space 16384K, 0% used [0x00000000feb00000,0x00000000feb00000,0x00000000ffb00000)
  from space 2560K, 99% used [0x00000000ffb00000,0x00000000ffd7e630,0x00000000ffd80000)
  to   space 2560K, 0% used [0x00000000ffd80000,0x00000000ffd80000,0x0000000100000000)
 ParOldGen       total 44032K, used 1540K [0x00000000fc000000, 0x00000000feb00000, 0x00000000feb00000)
  object space 44032K, 3% used [0x00000000fc000000,0x00000000fc1811f0,0x00000000feb00000)
 Metaspace       used 6630K, capacity 6804K, committed 7040K, reserved 1056768K
  class space    used 774K, capacity 824K, committed 896K, reserved 1048576K
}
Event: 1.283 GC heap before
{Heap before GC invocations=2 (full 0):
 PSYoungGen      total 18944K, used 18937K [0x00000000feb00000, 0x0000000100000000, 0x0000000100000000)
  eden space 16384K, 100% used [0x00000000feb00000,0x00000000ffb00000,0x00000000ffb00000)
  from space 2560K, 99% used [0x00000000ffb00000,0x00000000ffd7e630,0x00000000ffd80000)
  to   space 2560K, 0% used [0x00000000ffd80000,0x00000000ffd80000,0x0000000100000000)
 ParOldGen       total 44032K, used 1540K [0x00000000fc000000, 0x00000000feb00000, 0x00000000feb00000)
  object space 44032K, 3% used [0x00000000fc000000,0x00000000fc1811f0,0x00000000feb00000)
 Metaspace       used 6952K, capacity 7110K, committed 7296K, reserved 1056768K
  class space    used 814K, capacity 861K, committed 896K, reserved 1048576K
Event: 1.295 GC heap after
Heap after GC invocations=2 (full 0):
 PSYoungGen      total 18944K, used 2531K [0x00000000feb00000, 0x0000000100000000, 0x0000000100000000)
  eden space 16384K, 0% used [0x00000000feb00000,0x00000000feb00000,0x00000000ffb00000)
  from space 2560K, 98% used [0x00000000ffd80000,0x00000000ffff8e30,0x0000000100000000)
  to   space 2560K, 0% used [0x00000000ffb00000,0x00000000ffb00000,0x00000000ffd80000)
 ParOldGen       total 44032K, used 5825K [0x00000000fc000000, 0x00000000feb00000, 0x00000000feb00000)
  object space 44032K, 13% used [0x00000000fc000000,0x00000000fc5b06d8,0x00000000feb00000)
 Metaspace       used 6952K, capacity 7110K, committed 7296K, reserved 1056768K
  class space    used 814K, capacity 861K, committed 896K, reserved 1048576K
}
Event: 1.647 GC heap before
{Heap before GC invocations=3 (full 0):
 PSYoungGen      total 18944K, used 18915K [0x00000000feb00000, 0x0000000100000000, 0x0000000100000000)
  eden space 16384K, 100% used [0x00000000feb00000,0x00000000ffb00000,0x00000000ffb00000)
  from space 2560K, 98% used [0x00000000ffd80000,0x00000000ffff8e30,0x0000000100000000)
  to   space 2560K, 0% used [0x00000000ffb00000,0x00000000ffb00000,0x00000000ffd80000)
 ParOldGen       total 44032K, used 5825K [0x00000000fc000000, 0x00000000feb00000, 0x00000000feb00000)
  object space 44032K, 13% used [0x00000000fc000000,0x00000000fc5b06d8,0x00000000feb00000)
 Metaspace       used 7674K, capacity 7846K, committed 7936K, reserved 1056768K
  class space    used 875K, capacity 957K, committed 1024K, reserved 1048576K
Event: 1.669 GC heap after
Heap after GC invocations=3 (full 0):
 PSYoungGen      total 18944K, used 2552K [0x00000000feb00000, 0x0000000100000000, 0x0000000100000000)
  eden space 16384K, 0% used [0x00000000feb00000,0x00000000feb00000,0x00000000ffb00000)
  from space 2560K, 99% used [0x00000000ffb00000,0x00000000ffd7e0d8,0x00000000ffd80000)
  to   space 2560K, 0% used [0x00000000ffd80000,0x00000000ffd80000,0x0000000100000000)
 ParOldGen       total 44032K, used 6993K [0x00000000fc000000, 0x00000000feb00000, 0x00000000feb00000)
  object space 44032K, 15% used [0x00000000fc000000,0x00000000fc6d4670,0x00000000feb00000)
 Metaspace       used 7674K, capacity 7846K, committed 7936K, reserved 1056768K
  class space    used 875K, capacity 957K, committed 1024K, reserved 1048576K
}
Event: 2.412 GC heap before
{Heap before GC invocations=4 (full 0):
 PSYoungGen      total 18944K, used 18936K [0x00000000feb00000, 0x0000000100000000, 0x0000000100000000)
  eden space 16384K, 100% used [0x00000000feb00000,0x00000000ffb00000,0x00000000ffb00000)
  from space 2560K, 99% used [0x00000000ffb00000,0x00000000ffd7e0d8,0x00000000ffd80000)
  to   space 2560K, 0% used [0x00000000ffd80000,0x00000000ffd80000,0x0000000100000000)
 ParOldGen       total 44032K, used 6993K [0x00000000fc000000, 0x00000000feb00000, 0x00000000feb00000)
  object space 44032K, 15% used [0x00000000fc000000,0x00000000fc6d4670,0x00000000feb00000)
 Metaspace       used 7727K, capacity 7910K, committed 8192K, reserved 1056768K
  class space    used 875K, capacity 957K, committed 1024K, reserved 1048576K
Event: 2.505 GC heap after
Heap after GC invocations=4 (full 0):
 PSYoungGen      total 18944K, used 2531K [0x00000000feb00000, 0x0000000100000000, 0x0000000100000000)
  eden space 16384K, 0% used [0x00000000feb00000,0x00000000feb00000,0x00000000ffb00000)
  from space 2560K, 98% used [0x00000000ffd80000,0x00000000ffff8e10,0x0000000100000000)
  to   space 2560K, 0% used [0x00000000ffb00000,0x00000000ffb00000,0x00000000ffd80000)
 ParOldGen       total 44032K, used 7493K [0x00000000fc000000, 0x00000000feb00000, 0x00000000feb00000)
  object space 44032K, 17% used [0x00000000fc000000,0x00000000fc7516b0,0x00000000feb00000)
 Metaspace       used 7727K, capacity 7910K, committed 8192K, reserved 1056768K
  class space    used 875K, capacity 957K, committed 1024K, reserved 1048576K
}

Deoptimization events (10 events):
Event: 1.804 Thread 0x00000000024bd800 Uncommon trap: reason=class_check action=maybe_recompile pc=0x0000000002d01170 method=org.objectweb.asm.MethodVisitor.visitVarInsn(II)V @ 13
Event: 1.804 Thread 0x00000000024bd800 Uncommon trap: reason=class_check action=maybe_recompile pc=0x0000000002d01170 method=org.objectweb.asm.MethodVisitor.visitVarInsn(II)V @ 13
Event: 1.804 Thread 0x00000000024bd800 Uncommon trap: reason=class_check action=maybe_recompile pc=0x0000000002d01170 method=org.objectweb.asm.MethodVisitor.visitVarInsn(II)V @ 13
Event: 1.804 Thread 0x00000000024bd800 Uncommon trap: reason=class_check action=maybe_recompile pc=0x0000000002ce2b2c method=org.objectweb.asm.MethodVisitor.visitVarInsn(II)V @ 13
Event: 2.012 Thread 0x00000000024bd800 Uncommon trap: reason=null_check action=make_not_entrant pc=0x0000000002d5ef08 method=com.google.devtools.build.android.desugar.InterfaceDesugaring$InterfaceInvocationRewriter.visitMethodInsn(ILjava/lang/String;Ljava/lang/String;Ljava/lang/String;Z)V @ 10
Event: 2.188 Thread 0x00000000024bd800 Uncommon trap: reason=unstable_if action=reinterpret pc=0x0000000002d430d8 method=org.objectweb.asm.Type.getArgumentsAndReturnSizes(Ljava/lang/String;)I @ 130
Event: 2.188 Thread 0x00000000024bd800 Uncommon trap: reason=unstable_if action=reinterpret pc=0x0000000002d6b8f8 method=org.objectweb.asm.MethodWriter.visitVarInsn(II)V @ 148
Event: 2.188 Thread 0x00000000024bd800 Uncommon trap: reason=unstable_if action=reinterpret pc=0x0000000002d4fddc method=org.objectweb.asm.MethodWriter.visitVarInsn(II)V @ 136
Event: 2.193 Thread 0x00000000024bd800 Uncommon trap: reason=unstable_if action=reinterpret pc=0x0000000002c5d63c method=org.objectweb.asm.ClassReader.a(II[C)Ljava/lang/String; @ 77
Event: 2.194 Thread 0x00000000024bd800 Uncommon trap: reason=unstable_if action=reinterpret pc=0x0000000002cce5e0 method=org.objectweb.asm.ByteVector.putUTF8(Ljava/lang/String;)Lorg/objectweb/asm/ByteVector; @ 98

Classes redefined (0 events):
No events

Internal exceptions (10 events):
Event: 1.045 Thread 0x00000000024bd800 Exception <a 'sun/nio/fs/WindowsException'> (0x00000000ff236178) thrown at [D:\src\AOSP-openjdk-cygwin\jdk8u\hotspot\src\share\vm\prims\jni.cpp, line 709]
Event: 1.045 Thread 0x00000000024bd800 Exception <a 'sun/nio/fs/WindowsException'> (0x00000000ff236938) thrown at [D:\src\AOSP-openjdk-cygwin\jdk8u\hotspot\src\share\vm\prims\jni.cpp, line 709]
Event: 1.046 Thread 0x00000000024bd800 Exception <a 'sun/nio/fs/WindowsException'> (0x00000000ff236ed8) thrown at [D:\src\AOSP-openjdk-cygwin\jdk8u\hotspot\src\share\vm\prims\jni.cpp, line 709]
Event: 1.046 Thread 0x00000000024bd800 Exception <a 'sun/nio/fs/WindowsException'> (0x00000000ff237688) thrown at [D:\src\AOSP-openjdk-cygwin\jdk8u\hotspot\src\share\vm\prims\jni.cpp, line 709]
Event: 1.067 Thread 0x00000000024bd800 Exception <a 'sun/nio/fs/WindowsException'> (0x00000000ff23c9c8) thrown at [D:\src\AOSP-openjdk-cygwin\jdk8u\hotspot\src\share\vm\prims\jni.cpp, line 709]
Event: 1.306 Thread 0x00000000024bd800 Exception <a 'sun/nio/fs/WindowsException'> (0x00000000fec00508) thrown at [D:\src\AOSP-openjdk-cygwin\jdk8u\hotspot\src\share\vm\prims\jni.cpp, line 709]
Event: 1.306 Thread 0x00000000024bd800 Exception <a 'sun/nio/fs/WindowsException'> (0x00000000fec00a60) thrown at [D:\src\AOSP-openjdk-cygwin\jdk8u\hotspot\src\share\vm\prims\jni.cpp, line 709]
Event: 1.796 Thread 0x00000000024bd800 Exception <a 'sun/nio/fs/WindowsException'> (0x00000000fee522c8) thrown at [D:\src\AOSP-openjdk-cygwin\jdk8u\hotspot\src\share\vm\prims\jni.cpp, line 709]
Event: 1.796 Thread 0x00000000024bd800 Exception <a 'sun/nio/fs/WindowsException'> (0x00000000fee527a0) thrown at [D:\src\AOSP-openjdk-cygwin\jdk8u\hotspot\src\share\vm\prims\jni.cpp, line 709]
Event: 2.012 Thread 0x00000000024bd800 Implicit null exception at 0x0000000002d5c536 to 0x0000000002d5eee5

Events (10 events):
Event: 2.193 Thread 0x00000000024bd800 Uncommon trap: trap_request=0xffffff65 fr.pc=0x0000000002c5d63c
Event: 2.193 Thread 0x00000000024bd800 DEOPT PACKING pc=0x0000000002c5d63c sp=0x00000000024ae940
Event: 2.193 Thread 0x00000000024bd800 DEOPT UNPACKING pc=0x00000000029b556a sp=0x00000000024ae858 mode 2
Event: 2.194 Thread 0x00000000024bd800 Uncommon trap: trap_request=0xffffff65 fr.pc=0x0000000002cce5e0
Event: 2.194 Thread 0x00000000024bd800 DEOPT PACKING pc=0x0000000002cce5e0 sp=0x00000000024ae7b0
Event: 2.194 Thread 0x00000000024bd800 DEOPT UNPACKING pc=0x00000000029b556a sp=0x00000000024ae6f0 mode 2
Event: 2.203 Thread 0x00000000024bd800 DEOPT PACKING pc=0x0000000002c976f0 sp=0x00000000024ae860
Event: 2.203 Thread 0x00000000024bd800 DEOPT UNPACKING pc=0x00000000029b75bf sp=0x00000000024ae588 mode 0
Event: 2.412 Executing VM operation: ParallelGCFailedAllocation
Event: 2.505 Executing VM operation: ParallelGCFailedAllocation done


Dynamic libraries:
0x00007ff63d890000 - 0x00007ff63d8c1000 	C:\Program Files\Android\Android Studio\jre\bin\java.exe
0x00007ffcdd5d0000 - 0x00007ffcdd7b1000 	C:\WINDOWS\SYSTEM32\ntdll.dll
0x00007ffcdb0a0000 - 0x00007ffcdb152000 	C:\WINDOWS\System32\KERNEL32.DLL
0x00007ffcda640000 - 0x00007ffcda8b3000 	C:\WINDOWS\System32\KERNELBASE.dll
0x00007ffcdd4e0000 - 0x00007ffcdd581000 	C:\WINDOWS\System32\ADVAPI32.dll
0x00007ffcdd270000 - 0x00007ffcdd30e000 	C:\WINDOWS\System32\msvcrt.dll
0x00007ffcdab50000 - 0x00007ffcdabab000 	C:\WINDOWS\System32\sechost.dll
0x00007ffcdd140000 - 0x00007ffcdd264000 	C:\WINDOWS\System32\RPCRT4.dll
0x00007ffcdcfb0000 - 0x00007ffcdd140000 	C:\WINDOWS\System32\USER32.dll
0x00007ffcdaa40000 - 0x00007ffcdaa60000 	C:\WINDOWS\System32\win32u.dll
0x00007ffcdcce0000 - 0x00007ffcdcd08000 	C:\WINDOWS\System32\GDI32.dll
0x00007ffcda4a0000 - 0x00007ffcda632000 	C:\WINDOWS\System32\gdi32full.dll
0x00007ffcd9c40000 - 0x00007ffcd9cdf000 	C:\WINDOWS\System32\msvcp_win.dll
0x00007ffcda940000 - 0x00007ffcdaa3a000 	C:\WINDOWS\System32\ucrtbase.dll
0x00007ffccc940000 - 0x00007ffcccba9000 	C:\WINDOWS\WinSxS\amd64_microsoft.windows.common-controls_6595b64144ccf1df_6.0.17134.48_none_b4b2216a3cb4dd3e\COMCTL32.dll
0x00007ffcdabb0000 - 0x00007ffcdaed3000 	C:\WINDOWS\System32\combase.dll
0x00007ffcda8c0000 - 0x00007ffcda93a000 	C:\WINDOWS\System32\bcryptPrimitives.dll
0x00007ffcdaa60000 - 0x00007ffcdaa8d000 	C:\WINDOWS\System32\IMM32.DLL
0x0000000068a30000 - 0x0000000068b02000 	C:\Program Files\Android\Android Studio\jre\jre\bin\msvcr100.dll
0x0000000068b10000 - 0x000000006934e000 	C:\Program Files\Android\Android Studio\jre\jre\bin\server\jvm.dll
0x00007ffcdab40000 - 0x00007ffcdab48000 	C:\WINDOWS\System32\PSAPI.DLL
0x00007ffcd7b10000 - 0x00007ffcd7b19000 	C:\WINDOWS\SYSTEM32\WSOCK32.dll
0x00007ffcd02d0000 - 0x00007ffcd02da000 	C:\WINDOWS\SYSTEM32\VERSION.dll
0x00007ffcdc7a0000 - 0x00007ffcdc80c000 	C:\WINDOWS\System32\WS2_32.dll
0x00007ffcd7a90000 - 0x00007ffcd7ab3000 	C:\WINDOWS\SYSTEM32\WINMM.dll
0x00007ffcd7970000 - 0x00007ffcd799a000 	C:\WINDOWS\SYSTEM32\winmmbase.dll
0x00007ffcd9bf0000 - 0x00007ffcd9c39000 	C:\WINDOWS\System32\cfgmgr32.dll
0x00007ffcd6260000 - 0x00007ffcd626f000 	C:\Program Files\Android\Android Studio\jre\jre\bin\verify.dll
0x00007ffcd56c0000 - 0x00007ffcd56e9000 	C:\Program Files\Android\Android Studio\jre\jre\bin\java.dll
0x00007ffcd56a0000 - 0x00007ffcd56b6000 	C:\Program Files\Android\Android Studio\jre\jre\bin\zip.dll
0x00007ffcdb160000 - 0x00007ffcdc5a0000 	C:\WINDOWS\System32\SHELL32.dll
0x00007ffcdaa90000 - 0x00007ffcdab39000 	C:\WINDOWS\System32\shcore.dll
0x00007ffcd9d90000 - 0x00007ffcda49d000 	C:\WINDOWS\System32\windows.storage.dll
0x00007ffcdd310000 - 0x00007ffcdd361000 	C:\WINDOWS\System32\shlwapi.dll
0x00007ffcd9980000 - 0x00007ffcd9991000 	C:\WINDOWS\System32\kernel.appcore.dll
0x00007ffcd9900000 - 0x00007ffcd991f000 	C:\WINDOWS\System32\profapi.dll
0x00007ffcd9920000 - 0x00007ffcd996c000 	C:\WINDOWS\System32\powrprof.dll
0x00007ffcd9970000 - 0x00007ffcd997a000 	C:\WINDOWS\System32\FLTLIB.DLL
0x00007ffcd9310000 - 0x00007ffcd9327000 	C:\WINDOWS\SYSTEM32\CRYPTSP.dll
0x00007ffcd8d40000 - 0x00007ffcd8d73000 	C:\WINDOWS\system32\rsaenh.dll
0x00007ffcd9440000 - 0x00007ffcd9465000 	C:\WINDOWS\SYSTEM32\bcrypt.dll
0x00007ffcd97e0000 - 0x00007ffcd9808000 	C:\WINDOWS\SYSTEM32\USERENV.dll
0x00007ffcd9330000 - 0x00007ffcd933b000 	C:\WINDOWS\SYSTEM32\CRYPTBASE.dll
0x00007ffcd1220000 - 0x00007ffcd123a000 	C:\Program Files\Android\Android Studio\jre\jre\bin\net.dll
0x00007ffcd9160000 - 0x00007ffcd91c6000 	C:\WINDOWS\system32\mswsock.dll
0x00007ffcd8ee0000 - 0x00007ffcd8f18000 	C:\WINDOWS\SYSTEM32\IPHLPAPI.DLL
0x00007ffcdd590000 - 0x00007ffcdd598000 	C:\WINDOWS\System32\NSI.dll
0x00007ffcd1420000 - 0x00007ffcd1436000 	C:\WINDOWS\SYSTEM32\dhcpcsvc6.DLL
0x00007ffcd1400000 - 0x00007ffcd141a000 	C:\WINDOWS\SYSTEM32\dhcpcsvc.DLL
0x00007ffccb640000 - 0x00007ffccb651000 	C:\Program Files\Android\Android Studio\jre\jre\bin\nio.dll

VM Arguments:
jvm_args: -Djava.awt.headless=true -Xmx64M -Dfile.encoding=x-windows-949 -Duser.country=KR -Duser.language=ko -Duser.variant 
java_command: com.google.devtools.build.android.desugar.Desugar @D:\test\app\build\intermediates\tmp\desugar_args3952722530595484901
java_class_path (initial): C:\Users\Goo\AppData\Local\Temp\desugar_deploy.jar5864179919422000311
Launcher Type: SUN_STANDARD

Environment Variables:
PATH=C:\ProgramData\Oracle\Java\javapath;C:\WINDOWS\system32;C:\WINDOWS;C:\WINDOWS\System32\Wbem;C:\WINDOWS\System32\WindowsPowerShell\v1.0\;C:\OpenSSL;;C:\WINDOWS\System32\OpenSSH\;C:\Users\Goo\AppData\Local\Microsoft\WindowsApps;
USERNAME=Goo
OS=Windows_NT
PROCESSOR_IDENTIFIER=Intel64 Family 6 Model 158 Stepping 9, GenuineIntel



---------------  S Y S T E M  ---------------

OS: Windows 10.0 , 64 bit Build 17134 (10.0.17134.1)

CPU:total 8 (initial active 8) (4 cores per cpu, 2 threads per core) family 6 model 158 stepping 9, cmov, cx8, fxsr, mmx, sse, sse2, sse3, ssse3, sse4.1, sse4.2, popcnt, avx, avx2, aes, clmul, erms, 3dnowpref, lzcnt, ht, tsc, tscinvbit, bmi1, bmi2, adx

Memory: 4k page, physical 16692940k(2013592k free), swap 16692940k(3140k free)

vm_info: OpenJDK 64-Bit Server VM (25.152-b01) for windows-amd64 JRE (1.8.0_152-release-915-b01), built by "builder" with MS VC++ 10.0 (VS2010)

time: Tue Jun 12 21:58:54 2018
elapsed time: 2 seconds (0d 0h 0m 2s)

