#
# There is insufficient memory for the Java Runtime Environment to continue.
# Native memory allocation (malloc) failed to allocate 32744 bytes for ChunkPool::allocate
# Possible reasons:
#   The system is out of physical RAM or swap space
#   In 32 bit mode, the process size limit was hit
# Possible solutions:
#   Reduce memory load on the system
#   Increase physical memory or swap space
#   Check if swap backing store is full
#   Use 64 bit Java on a 64 bit OS
#   Decrease Java heap size (-Xmx/-Xms)
#   Decrease number of Java threads
#   Decrease Java thread stack sizes (-Xss)
#   Set larger code cache with -XX:ReservedCodeCacheSize=
# This output file may be truncated or incomplete.
#
#  Out of Memory Error (allocation.cpp:273), pid=11444, tid=0x0000000000001234
#
# JRE version: OpenJDK Runtime Environment (8.0_152-b01) (build 1.8.0_152-release-915-b01)
# Java VM: OpenJDK 64-Bit Server VM (25.152-b01 mixed mode windows-amd64 compressed oops)
# Failed to write core dump. Minidumps are not enabled by default on client versions of Windows
#

---------------  T H R E A D  ---------------

Current thread (0x0000000015f17000):  JavaThread "C1 CompilerThread3" daemon [_thread_in_vm, id=4660, stack(0x0000000016900000,0x0000000016a00000)]

Stack: [0x0000000016900000,0x0000000016a00000]
[error occurred during error reporting (printing stack bounds), id 0xc0000005]

Native frames: (J=compiled Java code, j=interpreted, Vv=VM code, C=native code)


Current CompileTask:
C1:   3094 1107       3       org.objectweb.asm.MethodVisitor::visitFieldInsn (20 bytes)


---------------  P R O C E S S  ---------------

Java Threads: ( => current thread )
  0x0000000015f63000 JavaThread "Service Thread" daemon [_thread_blocked, id=8860, stack(0x0000000016a00000,0x0000000016b00000)]
=>0x0000000015f17000 JavaThread "C1 CompilerThread3" daemon [_thread_in_vm, id=4660, stack(0x0000000016900000,0x0000000016a00000)]
  0x0000000015ef1000 JavaThread "C2 CompilerThread2" daemon [_thread_in_native, id=9872, stack(0x0000000016800000,0x0000000016900000)]
  0x0000000013faa000 JavaThread "C2 CompilerThread1" daemon [_thread_in_native, id=13212, stack(0x0000000016700000,0x0000000016800000)]
  0x0000000015e9a000 JavaThread "C2 CompilerThread0" daemon [_thread_in_native, id=8948, stack(0x0000000016600000,0x0000000016700000)]
  0x0000000015e99000 JavaThread "Attach Listener" daemon [_thread_blocked, id=8488, stack(0x0000000016500000,0x0000000016600000)]
  0x0000000015ef0000 JavaThread "Signal Dispatcher" daemon [_thread_blocked, id=9284, stack(0x0000000016400000,0x0000000016500000)]
  0x0000000015e80800 JavaThread "Finalizer" daemon [_thread_blocked, id=2984, stack(0x0000000016260000,0x0000000016360000)]
  0x00000000037c7000 JavaThread "Reference Handler" daemon [_thread_blocked, id=8248, stack(0x0000000015d60000,0x0000000015e60000)]
  0x000000000321d800 JavaThread "main" [_thread_in_Java, id=6456, stack(0x0000000003220000,0x0000000003320000)]

Other Threads:
  0x0000000013f95800 VMThread [stack: 0x0000000015c60000,0x0000000015d60000] [id=11868]
  0x0000000015f66000 WatcherThread [stack: 0x0000000016b00000,0x0000000016c00000] [id=11772]

VM state:not at safepoint (normal execution)

VM Mutex/Monitor currently owned by a thread: None

Heap:
 PSYoungGen      total 18944K, used 18636K [0x00000000feb00000, 0x0000000100000000, 0x0000000100000000)
  eden space 16384K, 98% used [0x00000000feb00000,0x00000000ffaba8f8,0x00000000ffb00000)
  from space 2560K, 98% used [0x00000000ffd80000,0x00000000ffff8ac0,0x0000000100000000)
  to   space 2560K, 0% used [0x00000000ffb00000,0x00000000ffb00000,0x00000000ffd80000)
 ParOldGen       total 44032K, used 6295K [0x00000000fc000000, 0x00000000feb00000, 0x00000000feb00000)
  object space 44032K, 14% used [0x00000000fc000000,0x00000000fc625c10,0x00000000feb00000)
 Metaspace       used 7757K, capacity 7986K, committed 8192K, reserved 1056768K
  class space    used 875K, capacity 957K, committed 1024K, reserved 1048576K

Card table byte_map: [0x0000000003320000,0x0000000003350000] byte_map_base: 0x0000000002b40000

Marking Bits: (ParMarkBitMap*) 0x00000000677e3950
 Begin Bits: [0x0000000013390000, 0x0000000013490000)
 End Bits:   [0x0000000013490000, 0x0000000013590000)

Polling page: 0x0000000001360000

CodeCache: size=245760Kb used=4034Kb max_used=4042Kb free=241725Kb
 bounds [0x00000000037d0000, 0x0000000003bd0000, 0x00000000127d0000]
 total_blobs=1436 nmethods=1101 adapters=248
 compilation: enabled

Compilation events (10 events):
Event: 3.088 Thread 0x0000000015f17000 nmethod 1101 0x0000000003bc1a90 code [0x0000000003bc1c60, 0x0000000003bc2428]
Event: 3.088 Thread 0x0000000015f17000 1102       1       org.objectweb.asm.MethodWriter::visitEnd (1 bytes)
Event: 3.088 Thread 0x0000000015f17000 nmethod 1102 0x0000000003bc2750 code [0x0000000003bc28a0, 0x0000000003bc29b0]
Event: 3.089 Thread 0x0000000015f17000 1103       3       com.google.common.collect.RegularImmutableMap::get (13 bytes)
Event: 3.089 Thread 0x0000000015ef1000 nmethod 1098 0x0000000003bc57d0 code [0x0000000003bc5920, 0x0000000003bc5ad8]
Event: 3.089 Thread 0x0000000015ef1000 1100       4       com.google.devtools.build.android.desugar.InterfaceDesugaring$InterfaceInvocationRewriter::visitMethodInsn (279 bytes)
Event: 3.089 Thread 0x0000000015f17000 nmethod 1103 0x0000000003bc5410 code [0x0000000003bc5580, 0x0000000003bc5728]
Event: 3.089 Thread 0x0000000015f17000 1104       3       com.google.common.collect.RegularImmutableMap::get (60 bytes)
Event: 3.090 Thread 0x0000000015f17000 nmethod 1104 0x0000000003bc4890 code [0x0000000003bc4a40, 0x0000000003bc5168]
Event: 3.091 Thread 0x0000000015f17000 1107       3       org.objectweb.asm.MethodVisitor::visitFieldInsn (20 bytes)

GC Heap History (4 events):
Event: 0.983 GC heap before
{Heap before GC invocations=1 (full 0):
 PSYoungGen      total 18944K, used 16384K [0x00000000feb00000, 0x0000000100000000, 0x0000000100000000)
  eden space 16384K, 100% used [0x00000000feb00000,0x00000000ffb00000,0x00000000ffb00000)
  from space 2560K, 0% used [0x00000000ffd80000,0x00000000ffd80000,0x0000000100000000)
  to   space 2560K, 0% used [0x00000000ffb00000,0x00000000ffb00000,0x00000000ffd80000)
 ParOldGen       total 44032K, used 0K [0x00000000fc000000, 0x00000000feb00000, 0x00000000feb00000)
  object space 44032K, 0% used [0x00000000fc000000,0x00000000fc000000,0x00000000feb00000)
 Metaspace       used 6622K, capacity 6816K, committed 7040K, reserved 1056768K
  class space    used 774K, capacity 824K, committed 896K, reserved 1048576K
Event: 0.986 GC heap after
Heap after GC invocations=1 (full 0):
 PSYoungGen      total 18944K, used 2553K [0x00000000feb00000, 0x0000000100000000, 0x0000000100000000)
  eden space 16384K, 0% used [0x00000000feb00000,0x00000000feb00000,0x00000000ffb00000)
  from space 2560K, 99% used [0x00000000ffb00000,0x00000000ffd7e630,0x00000000ffd80000)
  to   space 2560K, 0% used [0x00000000ffd80000,0x00000000ffd80000,0x0000000100000000)
 ParOldGen       total 44032K, used 1601K [0x00000000fc000000, 0x00000000feb00000, 0x00000000feb00000)
  object space 44032K, 3% used [0x00000000fc000000,0x00000000fc1906d8,0x00000000feb00000)
 Metaspace       used 6622K, capacity 6816K, committed 7040K, reserved 1056768K
  class space    used 774K, capacity 824K, committed 896K, reserved 1048576K
}
Event: 1.328 GC heap before
{Heap before GC invocations=2 (full 0):
 PSYoungGen      total 18944K, used 18937K [0x00000000feb00000, 0x0000000100000000, 0x0000000100000000)
  eden space 16384K, 100% used [0x00000000feb00000,0x00000000ffb00000,0x00000000ffb00000)
  from space 2560K, 99% used [0x00000000ffb00000,0x00000000ffd7e630,0x00000000ffd80000)
  to   space 2560K, 0% used [0x00000000ffd80000,0x00000000ffd80000,0x0000000100000000)
 ParOldGen       total 44032K, used 1601K [0x00000000fc000000, 0x00000000feb00000, 0x00000000feb00000)
  object space 44032K, 3% used [0x00000000fc000000,0x00000000fc1906d8,0x00000000feb00000)
 Metaspace       used 6978K, capacity 7122K, committed 7296K, reserved 1056768K
  class space    used 816K, capacity 861K, committed 896K, reserved 1048576K
Event: 1.349 GC heap after
Heap after GC invocations=2 (full 0):
 PSYoungGen      total 18944K, used 2530K [0x00000000feb00000, 0x0000000100000000, 0x0000000100000000)
  eden space 16384K, 0% used [0x00000000feb00000,0x00000000feb00000,0x00000000ffb00000)
  from space 2560K, 98% used [0x00000000ffd80000,0x00000000ffff8ac0,0x0000000100000000)
  to   space 2560K, 0% used [0x00000000ffb00000,0x00000000ffb00000,0x00000000ffd80000)
 ParOldGen       total 44032K, used 6295K [0x00000000fc000000, 0x00000000feb00000, 0x00000000feb00000)
  object space 44032K, 14% used [0x00000000fc000000,0x00000000fc625c10,0x00000000feb00000)
 Metaspace       used 6978K, capacity 7122K, committed 7296K, reserved 1056768K
  class space    used 816K, capacity 861K, committed 896K, reserved 1048576K
}

Deoptimization events (10 events):
Event: 1.324 Thread 0x000000000321d800 Uncommon trap: reason=unstable_if action=reinterpret pc=0x0000000003a12f08 method=java.util.HashMap$HashIterator.nextNode()Ljava/util/HashMap$Node; @ 74
Event: 1.464 Thread 0x000000000321d800 Uncommon trap: reason=unstable_if action=reinterpret pc=0x00000000039860b8 method=java.lang.String.<init>([CII)V @ 18
Event: 1.576 Thread 0x000000000321d800 Uncommon trap: reason=unstable_if action=reinterpret pc=0x0000000003aa729c method=org.objectweb.asm.ClassReader.readUTF8(I[C)Ljava/lang/String; @ 11
Event: 1.589 Thread 0x000000000321d800 Uncommon trap: reason=class_check action=maybe_recompile pc=0x0000000003afb55c method=org.objectweb.asm.MethodVisitor.visitVarInsn(II)V @ 13
Event: 1.589 Thread 0x000000000321d800 Uncommon trap: reason=class_check action=maybe_recompile pc=0x0000000003afb55c method=org.objectweb.asm.MethodVisitor.visitVarInsn(II)V @ 13
Event: 1.589 Thread 0x000000000321d800 Uncommon trap: reason=class_check action=maybe_recompile pc=0x0000000003afb55c method=org.objectweb.asm.MethodVisitor.visitVarInsn(II)V @ 13
Event: 1.589 Thread 0x000000000321d800 Uncommon trap: reason=class_check action=maybe_recompile pc=0x0000000003afb55c method=org.objectweb.asm.MethodVisitor.visitVarInsn(II)V @ 13
Event: 3.054 Thread 0x000000000321d800 Uncommon trap: reason=unstable_if action=reinterpret pc=0x0000000003b87abc method=org.objectweb.asm.Type.getArgumentsAndReturnSizes(Ljava/lang/String;)I @ 130
Event: 3.055 Thread 0x000000000321d800 Uncommon trap: reason=unstable_if action=reinterpret pc=0x0000000003b0c284 method=org.objectweb.asm.Type.getArgumentsAndReturnSizes(Ljava/lang/String;)I @ 118
Event: 3.086 Thread 0x000000000321d800 Uncommon trap: reason=unstable_if action=reinterpret pc=0x0000000003b95b04 method=org.objectweb.asm.MethodWriter.visitFieldInsn(ILjava/lang/String;Ljava/lang/String;Ljava/lang/String;)V @ 119

Classes redefined (0 events):
No events

Internal exceptions (10 events):
Event: 1.143 Thread 0x000000000321d800 Exception <a 'sun/nio/fs/WindowsException'> (0x00000000ff201fc8) thrown at [D:\src\AOSP-openjdk-cygwin\jdk8u\hotspot\src\share\vm\prims\jni.cpp, line 709]
Event: 1.164 Thread 0x000000000321d800 Exception <a 'sun/nio/fs/WindowsException'> (0x00000000ff207308) thrown at [D:\src\AOSP-openjdk-cygwin\jdk8u\hotspot\src\share\vm\prims\jni.cpp, line 709]
Event: 1.354 Thread 0x000000000321d800 Exception <a 'sun/nio/fs/WindowsException'> (0x00000000feb38750) thrown at [D:\src\AOSP-openjdk-cygwin\jdk8u\hotspot\src\share\vm\prims\jni.cpp, line 709]
Event: 1.354 Thread 0x000000000321d800 Exception <a 'sun/nio/fs/WindowsException'> (0x00000000feb38ca8) thrown at [D:\src\AOSP-openjdk-cygwin\jdk8u\hotspot\src\share\vm\prims\jni.cpp, line 709]
Event: 1.392 Thread 0x000000000321d800 Exception <a 'sun/nio/fs/WindowsException'> (0x00000000feb44498) thrown at [D:\src\AOSP-openjdk-cygwin\jdk8u\hotspot\src\share\vm\prims\jni.cpp, line 709]
Event: 1.392 Thread 0x000000000321d800 Exception <a 'sun/nio/fs/WindowsException'> (0x00000000feb44970) thrown at [D:\src\AOSP-openjdk-cygwin\jdk8u\hotspot\src\share\vm\prims\jni.cpp, line 709]
Event: 1.568 Thread 0x000000000321d800 Exception <a 'sun/nio/fs/WindowsException'> (0x00000000feedcc78) thrown at [D:\src\AOSP-openjdk-cygwin\jdk8u\hotspot\src\share\vm\prims\jni.cpp, line 709]
Event: 1.568 Thread 0x000000000321d800 Exception <a 'sun/nio/fs/WindowsException'> (0x00000000feedd150) thrown at [D:\src\AOSP-openjdk-cygwin\jdk8u\hotspot\src\share\vm\prims\jni.cpp, line 709]
Event: 2.499 Thread 0x000000000321d800 Exception <a 'sun/nio/fs/WindowsException'> (0x00000000ff844768) thrown at [D:\src\AOSP-openjdk-cygwin\jdk8u\hotspot\src\share\vm\prims\jni.cpp, line 709]
Event: 2.543 Thread 0x000000000321d800 Exception <a 'sun/nio/fs/WindowsException'> (0x00000000ff844c40) thrown at [D:\src\AOSP-openjdk-cygwin\jdk8u\hotspot\src\share\vm\prims\jni.cpp, line 709]

Events (10 events):
Event: 1.720 Executing VM operation: ForceSafepoint done
Event: 3.054 Thread 0x000000000321d800 Uncommon trap: trap_request=0xffffff65 fr.pc=0x0000000003b87abc
Event: 3.054 Thread 0x000000000321d800 DEOPT PACKING pc=0x0000000003b87abc sp=0x000000000331e680
Event: 3.054 Thread 0x000000000321d800 DEOPT UNPACKING pc=0x000000000381556a sp=0x000000000331e588 mode 2
Event: 3.055 Thread 0x000000000321d800 Uncommon trap: trap_request=0xffffff65 fr.pc=0x0000000003b0c284
Event: 3.055 Thread 0x000000000321d800 DEOPT PACKING pc=0x0000000003b0c284 sp=0x000000000331e5e0
Event: 3.055 Thread 0x000000000321d800 DEOPT UNPACKING pc=0x000000000381556a sp=0x000000000331e570 mode 2
Event: 3.086 Thread 0x000000000321d800 Uncommon trap: trap_request=0xffffff65 fr.pc=0x0000000003b95b04
Event: 3.086 Thread 0x000000000321d800 DEOPT PACKING pc=0x0000000003b95b04 sp=0x000000000331e7d0
Event: 3.086 Thread 0x000000000321d800 DEOPT UNPACKING pc=0x000000000381556a sp=0x000000000331e740 mode 2


Dynamic libraries:
0x00007ff63c5e0000 - 0x00007ff63c611000 	C:\Program Files\Android\Android Studio\jre\bin\java.exe
0x00007ffba9340000 - 0x00007ffba9521000 	C:\WINDOWS\SYSTEM32\ntdll.dll
0x00007ffba6ca0000 - 0x00007ffba6d52000 	C:\WINDOWS\System32\KERNEL32.DLL
0x00007ffba6070000 - 0x00007ffba62e3000 	C:\WINDOWS\System32\KERNELBASE.dll
0x00007ffba9260000 - 0x00007ffba9301000 	C:\WINDOWS\System32\ADVAPI32.dll
0x00007ffba77b0000 - 0x00007ffba784e000 	C:\WINDOWS\System32\msvcrt.dll
0x00007ffba71b0000 - 0x00007ffba720b000 	C:\WINDOWS\System32\sechost.dll
0x00007ffba7580000 - 0x00007ffba76a4000 	C:\WINDOWS\System32\RPCRT4.dll
0x00007ffba7ac0000 - 0x00007ffba7c50000 	C:\WINDOWS\System32\USER32.dll
0x00007ffba5790000 - 0x00007ffba57b0000 	C:\WINDOWS\System32\win32u.dll
0x00007ffba67e0000 - 0x00007ffba6808000 	C:\WINDOWS\System32\GDI32.dll
0x00007ffba6530000 - 0x00007ffba66c2000 	C:\WINDOWS\System32\gdi32full.dll
0x00007ffba5fd0000 - 0x00007ffba606f000 	C:\WINDOWS\System32\msvcp_win.dll
0x00007ffba66d0000 - 0x00007ffba67ca000 	C:\WINDOWS\System32\ucrtbase.dll
0x00007ffb93ad0000 - 0x00007ffb93d39000 	C:\WINDOWS\WinSxS\amd64_microsoft.windows.common-controls_6595b64144ccf1df_6.0.17134.48_none_b4b2216a3cb4dd3e\COMCTL32.dll
0x00007ffba6810000 - 0x00007ffba6b33000 	C:\WINDOWS\System32\combase.dll
0x00007ffba5710000 - 0x00007ffba578a000 	C:\WINDOWS\System32\bcryptPrimitives.dll
0x00007ffba9090000 - 0x00007ffba90bd000 	C:\WINDOWS\System32\IMM32.DLL
0x0000000067b90000 - 0x0000000067c62000 	C:\Program Files\Android\Android Studio\jre\jre\bin\msvcr100.dll
0x0000000067020000 - 0x000000006785e000 	C:\Program Files\Android\Android Studio\jre\jre\bin\server\jvm.dll
0x00007ffba91d0000 - 0x00007ffba91d8000 	C:\WINDOWS\System32\PSAPI.DLL
0x00007ffba3f50000 - 0x00007ffba3f59000 	C:\WINDOWS\SYSTEM32\WSOCK32.dll
0x00007ffba7510000 - 0x00007ffba757c000 	C:\WINDOWS\System32\WS2_32.dll
0x00007ffb9d7c0000 - 0x00007ffb9d7ca000 	C:\WINDOWS\SYSTEM32\VERSION.dll
0x00007ffb95780000 - 0x00007ffb957a3000 	C:\WINDOWS\SYSTEM32\WINMM.dll
0x00007ffb95570000 - 0x00007ffb9559a000 	C:\WINDOWS\SYSTEM32\WINMMBASE.dll
0x00007ffba64e0000 - 0x00007ffba6529000 	C:\WINDOWS\System32\cfgmgr32.dll
0x00007ffba3a30000 - 0x00007ffba3a3f000 	C:\Program Files\Android\Android Studio\jre\jre\bin\verify.dll
0x00007ffba3a00000 - 0x00007ffba3a29000 	C:\Program Files\Android\Android Studio\jre\jre\bin\java.dll
0x00007ffba39e0000 - 0x00007ffba39f6000 	C:\Program Files\Android\Android Studio\jre\jre\bin\zip.dll
0x00007ffba7c50000 - 0x00007ffba9090000 	C:\WINDOWS\System32\SHELL32.dll
0x00007ffba9120000 - 0x00007ffba91c9000 	C:\WINDOWS\System32\shcore.dll
0x00007ffba58c0000 - 0x00007ffba5fcd000 	C:\WINDOWS\System32\windows.storage.dll
0x00007ffba90c0000 - 0x00007ffba9111000 	C:\WINDOWS\System32\shlwapi.dll
0x00007ffba5680000 - 0x00007ffba5691000 	C:\WINDOWS\System32\kernel.appcore.dll
0x00007ffba56f0000 - 0x00007ffba570f000 	C:\WINDOWS\System32\profapi.dll
0x00007ffba56a0000 - 0x00007ffba56ec000 	C:\WINDOWS\System32\powrprof.dll
0x00007ffba5650000 - 0x00007ffba565a000 	C:\WINDOWS\System32\FLTLIB.DLL
0x00007ffba5080000 - 0x00007ffba5097000 	C:\WINDOWS\SYSTEM32\CRYPTSP.dll
0x00007ffba4ab0000 - 0x00007ffba4ae3000 	C:\WINDOWS\system32\rsaenh.dll
0x00007ffba51b0000 - 0x00007ffba51d5000 	C:\WINDOWS\SYSTEM32\bcrypt.dll
0x00007ffba5580000 - 0x00007ffba55a8000 	C:\WINDOWS\SYSTEM32\USERENV.dll
0x00007ffba50a0000 - 0x00007ffba50ab000 	C:\WINDOWS\SYSTEM32\CRYPTBASE.dll
0x00007ffb9e480000 - 0x00007ffb9e49a000 	C:\Program Files\Android\Android Studio\jre\jre\bin\net.dll
0x00007ffba4ed0000 - 0x00007ffba4f36000 	C:\WINDOWS\system32\mswsock.dll
0x00007ffba4c50000 - 0x00007ffba4c88000 	C:\WINDOWS\SYSTEM32\IPHLPAPI.DLL
0x00007ffba7430000 - 0x00007ffba7438000 	C:\WINDOWS\System32\NSI.dll
0x00007ffb9a1f0000 - 0x00007ffb9a206000 	C:\WINDOWS\SYSTEM32\dhcpcsvc6.DLL
0x00007ffb9a120000 - 0x00007ffb9a13a000 	C:\WINDOWS\SYSTEM32\dhcpcsvc.DLL
0x00007ffb9d7f0000 - 0x00007ffb9d801000 	C:\Program Files\Android\Android Studio\jre\jre\bin\nio.dll

VM Arguments:
jvm_args: -Djava.awt.headless=true -Xmx64M -Dfile.encoding=x-windows-949 -Duser.country=KR -Duser.language=ko -Duser.variant 
java_command: com.google.devtools.build.android.desugar.Desugar @D:\test\app\build\intermediates\tmp\desugar_args5661816582492127062
java_class_path (initial): C:\Users\Goo\AppData\Local\Temp\desugar_deploy.jar2362919477290886928
Launcher Type: SUN_STANDARD

Environment Variables:
PATH=C:\ProgramData\Oracle\Java\javapath;C:\WINDOWS\system32;C:\WINDOWS;C:\WINDOWS\System32\Wbem;C:\WINDOWS\System32\WindowsPowerShell\v1.0\;C:\OpenSSL;;C:\WINDOWS\System32\OpenSSH\;C:\Users\Goo\AppData\Local\Microsoft\WindowsApps;
USERNAME=Goo
OS=Windows_NT
PROCESSOR_IDENTIFIER=Intel64 Family 6 Model 158 Stepping 9, GenuineIntel



---------------  S Y S T E M  ---------------

OS: Windows 10.0 , 64 bit Build 17134 (10.0.17134.1)

CPU:total 8 (initial active 8) (4 cores per cpu, 2 threads per core) family 6 model 158 stepping 9, cmov, cx8, fxsr, mmx, sse, sse2, sse3, ssse3, sse4.1, sse4.2, popcnt, avx, avx2, aes, clmul, erms, 3dnowpref, lzcnt, ht, tsc, tscinvbit, bmi1, bmi2, adx

Memory: 4k page, physical 16692940k(4069956k free), swap 16692940k(268k free)

vm_info: OpenJDK 64-Bit Server VM (25.152-b01) for windows-amd64 JRE (1.8.0_152-release-915-b01), built by "builder" with MS VC++ 10.0 (VS2010)

time: Wed May 23 02:04:39 2018
elapsed time: 3 seconds (0d 0h 0m 3s)

