#
# There is insufficient memory for the Java Runtime Environment to continue.
# Native memory allocation (malloc) failed to allocate 989456 bytes for Chunk::new
# Possible reasons:
#   The system is out of physical RAM or swap space
#   In 32 bit mode, the process size limit was hit
# Possible solutions:
#   Reduce memory load on the system
#   Increase physical memory or swap space
#   Check if swap backing store is full
#   Use 64 bit Java on a 64 bit OS
#   Decrease Java heap size (-Xmx/-Xms)
#   Decrease number of Java threads
#   Decrease Java thread stack sizes (-Xss)
#   Set larger code cache with -XX:ReservedCodeCacheSize=
# This output file may be truncated or incomplete.
#
#  Out of Memory Error (allocation.cpp:390), pid=13860, tid=0x00000000000017e8
#
# JRE version: OpenJDK Runtime Environment (8.0_152-b01) (build 1.8.0_152-release-915-b01)
# Java VM: OpenJDK 64-Bit Server VM (25.152-b01 mixed mode windows-amd64 compressed oops)
# Failed to write core dump. Minidumps are not enabled by default on client versions of Windows
#

---------------  T H R E A D  ---------------

Current thread (0x000000001586b000):  JavaThread "C2 CompilerThread0" daemon [_thread_in_native, id=6120, stack(0x0000000015fd0000,0x00000000160d0000)]

Stack: [0x0000000015fd0000,0x00000000160d0000]
[error occurred during error reporting (printing stack bounds), id 0xc0000005]

Native frames: (J=compiled Java code, j=interpreted, Vv=VM code, C=native code)


Current CompileTask:
C2:   1816  977       4       org.objectweb.asm.ClassReader::a (3587 bytes)


---------------  P R O C E S S  ---------------

Java Threads: ( => current thread )
  0x000000001590f000 JavaThread "Service Thread" daemon [_thread_blocked, id=12556, stack(0x00000000163d0000,0x00000000164d0000)]
  0x00000000158d4800 JavaThread "C1 CompilerThread3" daemon [_thread_blocked, id=13108, stack(0x00000000162d0000,0x00000000163d0000)]
  0x00000000158d2000 JavaThread "C2 CompilerThread2" daemon [_thread_in_native, id=11136, stack(0x00000000161d0000,0x00000000162d0000)]
  0x00000000158cc000 JavaThread "C2 CompilerThread1" daemon [_thread_blocked, id=8260, stack(0x00000000160d0000,0x00000000161d0000)]
=>0x000000001586b000 JavaThread "C2 CompilerThread0" daemon [_thread_in_native, id=6120, stack(0x0000000015fd0000,0x00000000160d0000)]
  0x000000001586a000 JavaThread "Attach Listener" daemon [_thread_blocked, id=8320, stack(0x0000000015ed0000,0x0000000015fd0000)]
  0x00000000158c0000 JavaThread "Signal Dispatcher" daemon [_thread_blocked, id=2176, stack(0x0000000015dd0000,0x0000000015ed0000)]
  0x0000000015850800 JavaThread "Finalizer" daemon [_thread_blocked, id=10332, stack(0x0000000015c30000,0x0000000015d30000)]
  0x0000000003197000 JavaThread "Reference Handler" daemon [_thread_blocked, id=3960, stack(0x0000000015730000,0x0000000015830000)]
  0x0000000002bad800 JavaThread "main" [_thread_in_Java, id=3044, stack(0x0000000002fa0000,0x00000000030a0000)]

Other Threads:
  0x0000000013945800 VMThread [stack: 0x0000000015630000,0x0000000015730000] [id=12564]
  0x000000001590f800 WatcherThread [stack: 0x00000000164d0000,0x00000000165d0000] [id=11308]

VM state:not at safepoint (normal execution)

VM Mutex/Monitor currently owned by a thread: None

Heap:
 PSYoungGen      total 18944K, used 13768K [0x00000000feb00000, 0x0000000100000000, 0x0000000100000000)
  eden space 16384K, 68% used [0x00000000feb00000,0x00000000ff5f2d10,0x00000000ffb00000)
  from space 2560K, 99% used [0x00000000ffd80000,0x00000000fffff430,0x0000000100000000)
  to   space 2560K, 0% used [0x00000000ffb00000,0x00000000ffb00000,0x00000000ffd80000)
 ParOldGen       total 44032K, used 6074K [0x00000000fc000000, 0x00000000feb00000, 0x00000000feb00000)
  object space 44032K, 13% used [0x00000000fc000000,0x00000000fc5ee8d8,0x00000000feb00000)
 Metaspace       used 7739K, capacity 7918K, committed 8192K, reserved 1056768K
  class space    used 875K, capacity 957K, committed 1024K, reserved 1048576K

Card table byte_map: [0x0000000002bd0000,0x0000000002c00000] byte_map_base: 0x00000000023f0000

Marking Bits: (ParMarkBitMap*) 0x000000005a983950
 Begin Bits: [0x0000000012d60000, 0x0000000012e60000)
 End Bits:   [0x0000000012e60000, 0x0000000012f60000)

Polling page: 0x0000000000e70000

CodeCache: size=245760Kb used=3942Kb max_used=3954Kb free=241817Kb
 bounds [0x00000000031a0000, 0x0000000003590000, 0x00000000121a0000]
 total_blobs=1401 nmethods=1066 adapters=248
 compilation: enabled

Compilation events (10 events):
Event: 1.799 Thread 0x00000000158d4800 nmethod 1063 0x0000000003579d50 code [0x000000000357a1c0, 0x000000000357ce88]
Event: 1.801 Thread 0x00000000158d4800 1064       3       com.google.common.base.Preconditions::checkPositionIndex (8 bytes)
Event: 1.801 Thread 0x00000000158d4800 nmethod 1064 0x0000000003574310 code [0x00000000035744a0, 0x0000000003574798]
Event: 1.801 Thread 0x00000000158d4800 1065       3       com.google.common.base.Preconditions::checkPositionIndex (25 bytes)
Event: 1.802 Thread 0x00000000158d4800 nmethod 1065 0x0000000003573e10 code [0x0000000003573f80, 0x0000000003574218]
Event: 1.803 Thread 0x00000000158d2000 1066       4       org.objectweb.asm.tree.MethodNode::visitVarInsn (17 bytes)
Event: 1.805 Thread 0x00000000158d2000 nmethod 1066 0x0000000003573a90 code [0x0000000003573be0, 0x0000000003573d38]
Event: 1.805 Thread 0x00000000158cc000 1067       4       org.objectweb.asm.tree.VarInsnNode::accept (18 bytes)
Event: 1.807 Thread 0x00000000158d2000 1068       4       org.objectweb.asm.ClassWriter::a (70 bytes)
Event: 1.811 Thread 0x00000000158cc000 nmethod 1067 0x000000000357f390 code [0x000000000357f520, 0x000000000357fc18]

GC Heap History (4 events):
Event: 0.819 GC heap before
{Heap before GC invocations=1 (full 0):
 PSYoungGen      total 18944K, used 16384K [0x00000000feb00000, 0x0000000100000000, 0x0000000100000000)
  eden space 16384K, 100% used [0x00000000feb00000,0x00000000ffb00000,0x00000000ffb00000)
  from space 2560K, 0% used [0x00000000ffd80000,0x00000000ffd80000,0x0000000100000000)
  to   space 2560K, 0% used [0x00000000ffb00000,0x00000000ffb00000,0x00000000ffd80000)
 ParOldGen       total 44032K, used 0K [0x00000000fc000000, 0x00000000feb00000, 0x00000000feb00000)
  object space 44032K, 0% used [0x00000000fc000000,0x00000000fc000000,0x00000000feb00000)
 Metaspace       used 6622K, capacity 6748K, committed 7040K, reserved 1056768K
  class space    used 774K, capacity 824K, committed 896K, reserved 1048576K
Event: 0.824 GC heap after
Heap after GC invocations=1 (full 0):
 PSYoungGen      total 18944K, used 2537K [0x00000000feb00000, 0x0000000100000000, 0x0000000100000000)
  eden space 16384K, 0% used [0x00000000feb00000,0x00000000feb00000,0x00000000ffb00000)
  from space 2560K, 99% used [0x00000000ffb00000,0x00000000ffd7a640,0x00000000ffd80000)
  to   space 2560K, 0% used [0x00000000ffd80000,0x00000000ffd80000,0x0000000100000000)
 ParOldGen       total 44032K, used 1740K [0x00000000fc000000, 0x00000000feb00000, 0x00000000feb00000)
  object space 44032K, 3% used [0x00000000fc000000,0x00000000fc1b33f0,0x00000000feb00000)
 Metaspace       used 6622K, capacity 6748K, committed 7040K, reserved 1056768K
  class space    used 774K, capacity 824K, committed 896K, reserved 1048576K
}
Event: 1.132 GC heap before
{Heap before GC invocations=2 (full 0):
 PSYoungGen      total 18944K, used 18921K [0x00000000feb00000, 0x0000000100000000, 0x0000000100000000)
  eden space 16384K, 100% used [0x00000000feb00000,0x00000000ffb00000,0x00000000ffb00000)
  from space 2560K, 99% used [0x00000000ffb00000,0x00000000ffd7a640,0x00000000ffd80000)
  to   space 2560K, 0% used [0x00000000ffd80000,0x00000000ffd80000,0x0000000100000000)
 ParOldGen       total 44032K, used 1740K [0x00000000fc000000, 0x00000000feb00000, 0x00000000feb00000)
  object space 44032K, 3% used [0x00000000fc000000,0x00000000fc1b33f0,0x00000000feb00000)
 Metaspace       used 6978K, capacity 7118K, committed 7296K, reserved 1056768K
  class space    used 816K, capacity 861K, committed 896K, reserved 1048576K
Event: 1.138 GC heap after
Heap after GC invocations=2 (full 0):
 PSYoungGen      total 18944K, used 2557K [0x00000000feb00000, 0x0000000100000000, 0x0000000100000000)
  eden space 16384K, 0% used [0x00000000feb00000,0x00000000feb00000,0x00000000ffb00000)
  from space 2560K, 99% used [0x00000000ffd80000,0x00000000fffff430,0x0000000100000000)
  to   space 2560K, 0% used [0x00000000ffb00000,0x00000000ffb00000,0x00000000ffd80000)
 ParOldGen       total 44032K, used 6074K [0x00000000fc000000, 0x00000000feb00000, 0x00000000feb00000)
  object space 44032K, 13% used [0x00000000fc000000,0x00000000fc5ee8d8,0x00000000feb00000)
 Metaspace       used 6978K, capacity 7118K, committed 7296K, reserved 1056768K
  class space    used 816K, capacity 861K, committed 896K, reserved 1048576K
}

Deoptimization events (10 events):
Event: 0.852 Thread 0x0000000002bad800 Uncommon trap: reason=unstable_if action=reinterpret pc=0x00000000033e01c0 method=java.util.zip.ZipCoder.decoder()Ljava/nio/charset/CharsetDecoder; @ 4
Event: 0.852 Thread 0x0000000002bad800 Uncommon trap: reason=unstable_if action=reinterpret pc=0x00000000033e8a38 method=java.util.zip.ZipCoder.decoder()Ljava/nio/charset/CharsetDecoder; @ 4
Event: 0.853 Thread 0x0000000002bad800 Uncommon trap: reason=unstable_if action=reinterpret pc=0x00000000033e662c method=java.util.zip.ZipCoder.decoder()Ljava/nio/charset/CharsetDecoder; @ 4
Event: 0.859 Thread 0x0000000002bad800 Uncommon trap: reason=unstable_if action=reinterpret pc=0x00000000033f73c8 method=java.util.HashMap$HashIterator.nextNode()Ljava/util/HashMap$Node; @ 74
Event: 0.952 Thread 0x0000000002bad800 Uncommon trap: reason=unstable_if action=reinterpret pc=0x00000000033fa648 method=java.util.HashMap$HashIterator.nextNode()Ljava/util/HashMap$Node; @ 74
Event: 1.103 Thread 0x0000000002bad800 Uncommon trap: reason=unloaded action=reinterpret pc=0x00000000033ea4fc method=java.util.zip.ZipEntry.setExtra0([BZ)V @ 37
Event: 1.454 Thread 0x0000000002bad800 Uncommon trap: reason=unstable_if action=reinterpret pc=0x00000000034ccce4 method=org.objectweb.asm.ClassReader.readUTF8(I[C)Ljava/lang/String; @ 7
Event: 1.463 Thread 0x0000000002bad800 Uncommon trap: reason=unstable_if action=reinterpret pc=0x0000000003490618 method=java.lang.String.<init>([CII)V @ 18
Event: 1.700 Thread 0x0000000002bad800 Uncommon trap: reason=unstable_if action=reinterpret pc=0x000000000352eb2c method=org.objectweb.asm.MethodWriter.visitVarInsn(II)V @ 142
Event: 1.700 Thread 0x0000000002bad800 Uncommon trap: reason=unstable_if action=reinterpret pc=0x0000000003502598 method=org.objectweb.asm.Type.getArgumentsAndReturnSizes(Ljava/lang/String;)I @ 47

Classes redefined (0 events):
No events

Internal exceptions (10 events):
Event: 0.947 Thread 0x0000000002bad800 Exception <a 'sun/nio/fs/WindowsException'> (0x00000000ff1c5320) thrown at [D:\src\AOSP-openjdk-cygwin\jdk8u\hotspot\src\share\vm\prims\jni.cpp, line 709]
Event: 0.947 Thread 0x0000000002bad800 Exception <a 'sun/nio/fs/WindowsException'> (0x00000000ff1c58e8) thrown at [D:\src\AOSP-openjdk-cygwin\jdk8u\hotspot\src\share\vm\prims\jni.cpp, line 709]
Event: 0.947 Thread 0x0000000002bad800 Exception <a 'sun/nio/fs/WindowsException'> (0x00000000ff1c60a8) thrown at [D:\src\AOSP-openjdk-cygwin\jdk8u\hotspot\src\share\vm\prims\jni.cpp, line 709]
Event: 0.947 Thread 0x0000000002bad800 Exception <a 'sun/nio/fs/WindowsException'> (0x00000000ff1c6648) thrown at [D:\src\AOSP-openjdk-cygwin\jdk8u\hotspot\src\share\vm\prims\jni.cpp, line 709]
Event: 0.947 Thread 0x0000000002bad800 Exception <a 'sun/nio/fs/WindowsException'> (0x00000000ff1c6df8) thrown at [D:\src\AOSP-openjdk-cygwin\jdk8u\hotspot\src\share\vm\prims\jni.cpp, line 709]
Event: 0.959 Thread 0x0000000002bad800 Exception <a 'sun/nio/fs/WindowsException'> (0x00000000ff1cc138) thrown at [D:\src\AOSP-openjdk-cygwin\jdk8u\hotspot\src\share\vm\prims\jni.cpp, line 709]
Event: 1.147 Thread 0x0000000002bad800 Exception <a 'sun/nio/fs/WindowsException'> (0x00000000febcb490) thrown at [D:\src\AOSP-openjdk-cygwin\jdk8u\hotspot\src\share\vm\prims\jni.cpp, line 709]
Event: 1.148 Thread 0x0000000002bad800 Exception <a 'sun/nio/fs/WindowsException'> (0x00000000febcb9e8) thrown at [D:\src\AOSP-openjdk-cygwin\jdk8u\hotspot\src\share\vm\prims\jni.cpp, line 709]
Event: 1.157 Thread 0x0000000002bad800 Exception <a 'sun/nio/fs/WindowsException'> (0x00000000febd71e8) thrown at [D:\src\AOSP-openjdk-cygwin\jdk8u\hotspot\src\share\vm\prims\jni.cpp, line 709]
Event: 1.157 Thread 0x0000000002bad800 Exception <a 'sun/nio/fs/WindowsException'> (0x00000000febd76c0) thrown at [D:\src\AOSP-openjdk-cygwin\jdk8u\hotspot\src\share\vm\prims\jni.cpp, line 709]

Events (10 events):
Event: 1.454 Thread 0x0000000002bad800 DEOPT UNPACKING pc=0x00000000031e556a sp=0x000000000309ebe0 mode 2
Event: 1.463 Thread 0x0000000002bad800 Uncommon trap: trap_request=0xffffff65 fr.pc=0x0000000003490618
Event: 1.463 Thread 0x0000000002bad800 DEOPT PACKING pc=0x0000000003490618 sp=0x000000000309eac0
Event: 1.463 Thread 0x0000000002bad800 DEOPT UNPACKING pc=0x00000000031e556a sp=0x000000000309e9e0 mode 2
Event: 1.700 Thread 0x0000000002bad800 Uncommon trap: trap_request=0xffffff65 fr.pc=0x000000000352eb2c
Event: 1.700 Thread 0x0000000002bad800 DEOPT PACKING pc=0x000000000352eb2c sp=0x000000000309ed70
Event: 1.700 Thread 0x0000000002bad800 DEOPT UNPACKING pc=0x00000000031e556a sp=0x000000000309ecb8 mode 2
Event: 1.700 Thread 0x0000000002bad800 Uncommon trap: trap_request=0xffffff65 fr.pc=0x0000000003502598
Event: 1.700 Thread 0x0000000002bad800 DEOPT PACKING pc=0x0000000003502598 sp=0x000000000309eb70
Event: 1.700 Thread 0x0000000002bad800 DEOPT UNPACKING pc=0x00000000031e556a sp=0x000000000309eaf8 mode 2


Dynamic libraries:
0x00007ff620a70000 - 0x00007ff620aa1000 	C:\Program Files\Android\Android Studio\jre\bin\java.exe
0x00007fff1d320000 - 0x00007fff1d501000 	C:\WINDOWS\SYSTEM32\ntdll.dll
0x00007fff1b1d0000 - 0x00007fff1b282000 	C:\WINDOWS\System32\KERNEL32.DLL
0x00007fff19cf0000 - 0x00007fff19f63000 	C:\WINDOWS\System32\KERNELBASE.dll
0x00007fff1a9e0000 - 0x00007fff1aa81000 	C:\WINDOWS\System32\ADVAPI32.dll
0x00007fff1aa90000 - 0x00007fff1ab2e000 	C:\WINDOWS\System32\msvcrt.dll
0x00007fff1c910000 - 0x00007fff1c96b000 	C:\WINDOWS\System32\sechost.dll
0x00007fff1d110000 - 0x00007fff1d234000 	C:\WINDOWS\System32\RPCRT4.dll
0x00007fff1b040000 - 0x00007fff1b1d0000 	C:\WINDOWS\System32\USER32.dll
0x00007fff1a080000 - 0x00007fff1a0a0000 	C:\WINDOWS\System32\win32u.dll
0x00007fff1c970000 - 0x00007fff1c998000 	C:\WINDOWS\System32\GDI32.dll
0x00007fff19960000 - 0x00007fff19af2000 	C:\WINDOWS\System32\gdi32full.dll
0x00007fff198c0000 - 0x00007fff1995f000 	C:\WINDOWS\System32\msvcp_win.dll
0x00007fff197c0000 - 0x00007fff198ba000 	C:\WINDOWS\System32\ucrtbase.dll
0x00007fff0c6f0000 - 0x00007fff0c959000 	C:\WINDOWS\WinSxS\amd64_microsoft.windows.common-controls_6595b64144ccf1df_6.0.17134.112_none_fb3f961b30681c12\COMCTL32.dll
0x00007fff1acb0000 - 0x00007fff1afd3000 	C:\WINDOWS\System32\combase.dll
0x00007fff19740000 - 0x00007fff197ba000 	C:\WINDOWS\System32\bcryptPrimitives.dll
0x00007fff1b310000 - 0x00007fff1b33d000 	C:\WINDOWS\System32\IMM32.DLL
0x000000005a0e0000 - 0x000000005a1b2000 	C:\Program Files\Android\Android Studio\jre\jre\bin\msvcr100.dll
0x000000005a1c0000 - 0x000000005a9fe000 	C:\Program Files\Android\Android Studio\jre\jre\bin\server\jvm.dll
0x00007fff1a7b0000 - 0x00007fff1a7b8000 	C:\WINDOWS\System32\PSAPI.DLL
0x00007fff15fe0000 - 0x00007fff15fe9000 	C:\WINDOWS\SYSTEM32\WSOCK32.dll
0x00007fff1b460000 - 0x00007fff1b4cc000 	C:\WINDOWS\System32\WS2_32.dll
0x00007fff0e820000 - 0x00007fff0e82a000 	C:\WINDOWS\SYSTEM32\VERSION.dll
0x00007fff172d0000 - 0x00007fff172f3000 	C:\WINDOWS\SYSTEM32\WINMM.dll
0x00007fff172a0000 - 0x00007fff172ca000 	C:\WINDOWS\SYSTEM32\WINMMBASE.dll
0x00007fff196f0000 - 0x00007fff19739000 	C:\WINDOWS\System32\cfgmgr32.dll
0x00007fff15fd0000 - 0x00007fff15fdf000 	C:\Program Files\Android\Android Studio\jre\jre\bin\verify.dll
0x00007fff0d6d0000 - 0x00007fff0d6f9000 	C:\Program Files\Android\Android Studio\jre\jre\bin\java.dll
0x00007fff14860000 - 0x00007fff14876000 	C:\Program Files\Android\Android Studio\jre\jre\bin\zip.dll
0x00007fff1b4d0000 - 0x00007fff1c910000 	C:\WINDOWS\System32\SHELL32.dll
0x00007fff1d240000 - 0x00007fff1d2e9000 	C:\WINDOWS\System32\shcore.dll
0x00007fff1a0a0000 - 0x00007fff1a7ad000 	C:\WINDOWS\System32\windows.storage.dll
0x00007fff1b2a0000 - 0x00007fff1b2f1000 	C:\WINDOWS\System32\shlwapi.dll
0x00007fff196b0000 - 0x00007fff196c1000 	C:\WINDOWS\System32\kernel.appcore.dll
0x00007fff19690000 - 0x00007fff196af000 	C:\WINDOWS\System32\profapi.dll
0x00007fff19630000 - 0x00007fff1967c000 	C:\WINDOWS\System32\powrprof.dll
0x00007fff19680000 - 0x00007fff1968a000 	C:\WINDOWS\System32\FLTLIB.DLL
0x00007fff19060000 - 0x00007fff19077000 	C:\WINDOWS\SYSTEM32\CRYPTSP.dll
0x00007fff18a90000 - 0x00007fff18ac3000 	C:\WINDOWS\system32\rsaenh.dll
0x00007fff19190000 - 0x00007fff191b5000 	C:\WINDOWS\SYSTEM32\bcrypt.dll
0x00007fff19530000 - 0x00007fff19558000 	C:\WINDOWS\SYSTEM32\USERENV.dll
0x00007fff19080000 - 0x00007fff1908b000 	C:\WINDOWS\SYSTEM32\CRYPTBASE.dll
0x00007fff0bd50000 - 0x00007fff0bd6a000 	C:\Program Files\Android\Android Studio\jre\jre\bin\net.dll
0x00007fff18eb0000 - 0x00007fff18f16000 	C:\WINDOWS\system32\mswsock.dll
0x00007fff18c30000 - 0x00007fff18c68000 	C:\WINDOWS\SYSTEM32\IPHLPAPI.DLL
0x00007fff1b290000 - 0x00007fff1b298000 	C:\WINDOWS\System32\NSI.dll
0x00007fff12040000 - 0x00007fff12056000 	C:\WINDOWS\SYSTEM32\dhcpcsvc6.DLL
0x00007fff11150000 - 0x00007fff1116a000 	C:\WINDOWS\SYSTEM32\dhcpcsvc.DLL
0x00007fff09b90000 - 0x00007fff09ba1000 	C:\Program Files\Android\Android Studio\jre\jre\bin\nio.dll

VM Arguments:
jvm_args: -Djava.awt.headless=true -Xmx64M -Dfile.encoding=x-windows-949 -Duser.country=KR -Duser.language=ko -Duser.variant 
java_command: com.google.devtools.build.android.desugar.Desugar @D:\test\app\build\intermediates\tmp\desugar_args7456167955807561481
java_class_path (initial): C:\Users\Goo\AppData\Local\Temp\desugar_deploy.jar3556076801355637708
Launcher Type: SUN_STANDARD

Environment Variables:
PATH=C:\ProgramData\Oracle\Java\javapath;C:\WINDOWS\system32;C:\WINDOWS;C:\WINDOWS\System32\Wbem;C:\WINDOWS\System32\WindowsPowerShell\v1.0\;C:\OpenSSL;;C:\WINDOWS\System32\OpenSSH\;C:\Users\Goo\AppData\Local\Microsoft\WindowsApps;
USERNAME=Goo
OS=Windows_NT
PROCESSOR_IDENTIFIER=Intel64 Family 6 Model 158 Stepping 9, GenuineIntel



---------------  S Y S T E M  ---------------

OS: Windows 10.0 , 64 bit Build 17134 (10.0.17134.1)

CPU:total 8 (initial active 8) (4 cores per cpu, 2 threads per core) family 6 model 158 stepping 9, cmov, cx8, fxsr, mmx, sse, sse2, sse3, ssse3, sse4.1, sse4.2, popcnt, avx, avx2, aes, clmul, erms, 3dnowpref, lzcnt, ht, tsc, tscinvbit, bmi1, bmi2, adx

Memory: 4k page, physical 16692940k(2525492k free), swap 16692940k(2544k free)

vm_info: OpenJDK 64-Bit Server VM (25.152-b01) for windows-amd64 JRE (1.8.0_152-release-915-b01), built by "builder" with MS VC++ 10.0 (VS2010)

time: Tue Jun 19 23:05:46 2018
elapsed time: 1 seconds (0d 0h 0m 1s)

