#
# There is insufficient memory for the Java Runtime Environment to continue.
# Native memory allocation (malloc) failed to allocate 1048576 bytes for AllocateHeap
# Possible reasons:
#   The system is out of physical RAM or swap space
#   In 32 bit mode, the process size limit was hit
# Possible solutions:
#   Reduce memory load on the system
#   Increase physical memory or swap space
#   Check if swap backing store is full
#   Use 64 bit Java on a 64 bit OS
#   Decrease Java heap size (-Xmx/-Xms)
#   Decrease number of Java threads
#   Decrease Java thread stack sizes (-Xss)
#   Set larger code cache with -XX:ReservedCodeCacheSize=
# This output file may be truncated or incomplete.
#
#  Out of Memory Error (memory/allocation.inline.hpp:61), pid=4060, tid=0x0000000000002840
#
# JRE version:  (8.0_152-b01) (build )
# Java VM: OpenJDK 64-Bit Server VM (25.152-b01 mixed mode windows-amd64 compressed oops)
# Failed to write core dump. Minidumps are not enabled by default on client versions of Windows
#

---------------  T H R E A D  ---------------

Current thread (0x000000000316d800):  JavaThread "Unknown thread" [_thread_in_vm, id=10304, stack(0x00000000034e0000,0x00000000035e0000)]

Stack: [0x00000000034e0000,0x00000000035e0000]
[error occurred during error reporting (printing stack bounds), id 0xc0000005]

Native frames: (J=compiled Java code, j=interpreted, Vv=VM code, C=native code)


---------------  P R O C E S S  ---------------

Java Threads: ( => current thread )

Other Threads:

=>0x000000000316d800 (exited) JavaThread "Unknown thread" [_thread_in_vm, id=10304, stack(0x00000000034e0000,0x00000000035e0000)]

VM state:not at safepoint (normal execution)

VM Mutex/Monitor currently owned by a thread: None

Heap:
 PSYoungGen      total 18944K, used 327K [0x00000000feb00000, 0x0000000100000000, 0x0000000100000000)
  eden space 16384K, 2% used [0x00000000feb00000,0x00000000feb51ec8,0x00000000ffb00000)
  from space 2560K, 0% used [0x00000000ffd80000,0x00000000ffd80000,0x0000000100000000)
  to   space 2560K, 0% used [0x00000000ffb00000,0x00000000ffb00000,0x00000000ffd80000)
 ParOldGen       total 44032K, used 0K [0x00000000fc000000, 0x00000000feb00000, 0x00000000feb00000)
  object space 44032K, 0% used [0x00000000fc000000,0x00000000fc000000,0x00000000feb00000)
 Metaspace       used 772K, capacity 4480K, committed 4480K, reserved 1056768K
  class space    used 73K, capacity 384K, committed 384K, reserved 1048576K

Card table byte_map: [0x0000000003080000,0x00000000030b0000] byte_map_base: 0x00000000028a0000

Marking Bits: (ParMarkBitMap*) 0x0000000066023950
 Begin Bits: [0x00000000132a0000, 0x00000000133a0000)
 End Bits:   [0x00000000133a0000, 0x00000000134a0000)

Polling page: 0x0000000000ff0000

CodeCache: size=245760Kb used=328Kb max_used=328Kb free=245431Kb
 bounds [0x00000000036e0000, 0x0000000003950000, 0x00000000126e0000]
 total_blobs=57 nmethods=0 adapters=38
 compilation: enabled

Compilation events (0 events):
No events

GC Heap History (0 events):
No events

Deoptimization events (0 events):
No events

Classes redefined (0 events):
No events

Internal exceptions (0 events):
No events

Events (10 events):
Event: 0.028 loading class java/lang/Short
Event: 0.028 loading class java/lang/Short done
Event: 0.028 loading class java/lang/Integer
Event: 0.028 loading class java/lang/Integer done
Event: 0.028 loading class java/lang/Long
Event: 0.028 loading class java/lang/Long done
Event: 0.029 loading class java/lang/NullPointerException
Event: 0.029 loading class java/lang/NullPointerException done
Event: 0.029 loading class java/lang/ArithmeticException
Event: 0.029 loading class java/lang/ArithmeticException done


Dynamic libraries:
0x00007ff73b6c0000 - 0x00007ff73b6f1000 	C:\Program Files\Android\Android Studio\jre\bin\java.exe
0x00007ffb91da0000 - 0x00007ffb91f81000 	C:\WINDOWS\SYSTEM32\ntdll.dll
0x00007ffb8f2e0000 - 0x00007ffb8f392000 	C:\WINDOWS\System32\KERNEL32.DLL
0x00007ffb8e250000 - 0x00007ffb8e4c3000 	C:\WINDOWS\System32\KERNELBASE.dll
0x00007ffb91a20000 - 0x00007ffb91ac1000 	C:\WINDOWS\System32\ADVAPI32.dll
0x00007ffb91200000 - 0x00007ffb9129e000 	C:\WINDOWS\System32\msvcrt.dll
0x00007ffb91b40000 - 0x00007ffb91b9b000 	C:\WINDOWS\System32\sechost.dll
0x00007ffb914a0000 - 0x00007ffb915c4000 	C:\WINDOWS\System32\RPCRT4.dll
0x00007ffb90b50000 - 0x00007ffb90ce0000 	C:\WINDOWS\System32\USER32.dll
0x00007ffb8eab0000 - 0x00007ffb8ead0000 	C:\WINDOWS\System32\win32u.dll
0x00007ffb91ba0000 - 0x00007ffb91bc8000 	C:\WINDOWS\System32\GDI32.dll
0x00007ffb8e910000 - 0x00007ffb8eaa2000 	C:\WINDOWS\System32\gdi32full.dll
0x00007ffb8e4d0000 - 0x00007ffb8e56f000 	C:\WINDOWS\System32\msvcp_win.dll
0x00007ffb8e810000 - 0x00007ffb8e90a000 	C:\WINDOWS\System32\ucrtbase.dll
0x00007ffb80fa0000 - 0x00007ffb81209000 	C:\WINDOWS\WinSxS\amd64_microsoft.windows.common-controls_6595b64144ccf1df_6.0.17134.48_none_b4b2216a3cb4dd3e\COMCTL32.dll
0x00007ffb91670000 - 0x00007ffb91993000 	C:\WINDOWS\System32\combase.dll
0x00007ffb8e1d0000 - 0x00007ffb8e24a000 	C:\WINDOWS\System32\bcryptPrimitives.dll
0x00007ffb91470000 - 0x00007ffb9149d000 	C:\WINDOWS\System32\IMM32.DLL
0x0000000065780000 - 0x0000000065852000 	C:\Program Files\Android\Android Studio\jre\jre\bin\msvcr100.dll
0x0000000065860000 - 0x000000006609e000 	C:\Program Files\Android\Android Studio\jre\jre\bin\server\jvm.dll
0x00007ffb90840000 - 0x00007ffb90848000 	C:\WINDOWS\System32\PSAPI.DLL
0x00007ffb8a9c0000 - 0x00007ffb8a9c9000 	C:\WINDOWS\SYSTEM32\WSOCK32.dll
0x00007ffb91400000 - 0x00007ffb9146c000 	C:\WINDOWS\System32\WS2_32.dll
0x00007ffb8c240000 - 0x00007ffb8c263000 	C:\WINDOWS\SYSTEM32\WINMM.dll
0x00007ffb88260000 - 0x00007ffb8826a000 	C:\WINDOWS\SYSTEM32\VERSION.dll
0x00007ffb8c120000 - 0x00007ffb8c14a000 	C:\WINDOWS\SYSTEM32\winmmbase.dll
0x00007ffb8f1e0000 - 0x00007ffb8f229000 	C:\WINDOWS\System32\cfgmgr32.dll
0x00007ffb8a9b0000 - 0x00007ffb8a9bf000 	C:\Program Files\Android\Android Studio\jre\jre\bin\verify.dll
0x00007ffb87b60000 - 0x00007ffb87b89000 	C:\Program Files\Android\Android Studio\jre\jre\bin\java.dll
0x00007ffb80110000 - 0x00007ffb80126000 	C:\Program Files\Android\Android Studio\jre\jre\bin\zip.dll

VM Arguments:
jvm_args: -Djava.awt.headless=true -Xmx64M -Dfile.encoding=x-windows-949 -Duser.country=KR -Duser.language=ko -Duser.variant 
java_command: com.google.devtools.build.android.desugar.Desugar @D:\test\app\build\intermediates\tmp\desugar_args2343991413998810884
java_class_path (initial): C:\Users\Goo\AppData\Local\Temp\desugar_deploy.jar288113835076558494
Launcher Type: SUN_STANDARD

Environment Variables:
PATH=C:\ProgramData\Oracle\Java\javapath;C:\WINDOWS\system32;C:\WINDOWS;C:\WINDOWS\System32\Wbem;C:\WINDOWS\System32\WindowsPowerShell\v1.0\;C:\OpenSSL;;C:\WINDOWS\System32\OpenSSH\;C:\Users\Goo\AppData\Local\Microsoft\WindowsApps;
USERNAME=Goo
OS=Windows_NT
PROCESSOR_IDENTIFIER=Intel64 Family 6 Model 158 Stepping 9, GenuineIntel



---------------  S Y S T E M  ---------------

OS: Windows 10.0 , 64 bit Build 17134 (10.0.17134.1)

CPU:total 8 (initial active 8) (4 cores per cpu, 2 threads per core) family 6 model 158 stepping 9, cmov, cx8, fxsr, mmx, sse, sse2, sse3, ssse3, sse4.1, sse4.2, popcnt, avx, avx2, aes, clmul, erms, 3dnowpref, lzcnt, ht, tsc, tscinvbit, bmi1, bmi2, adx

Memory: 4k page, physical 16692940k(4815064k free), swap 16692940k(39380k free)

vm_info: OpenJDK 64-Bit Server VM (25.152-b01) for windows-amd64 JRE (1.8.0_152-release-915-b01), built by "builder" with MS VC++ 10.0 (VS2010)

time: Wed Jun 06 03:01:58 2018
elapsed time: 0 seconds (0d 0h 0m 0s)

