#
# There is insufficient memory for the Java Runtime Environment to continue.
# Native memory allocation (malloc) failed to allocate 262656 bytes for Chunk::new
# Possible reasons:
#   The system is out of physical RAM or swap space
#   In 32 bit mode, the process size limit was hit
# Possible solutions:
#   Reduce memory load on the system
#   Increase physical memory or swap space
#   Check if swap backing store is full
#   Use 64 bit Java on a 64 bit OS
#   Decrease Java heap size (-Xmx/-Xms)
#   Decrease number of Java threads
#   Decrease Java thread stack sizes (-Xss)
#   Set larger code cache with -XX:ReservedCodeCacheSize=
# This output file may be truncated or incomplete.
#
#  Out of Memory Error (allocation.cpp:390), pid=9224, tid=0x0000000000000ddc
#
# JRE version: OpenJDK Runtime Environment (8.0_152-b01) (build 1.8.0_152-release-915-b01)
# Java VM: OpenJDK 64-Bit Server VM (25.152-b01 mixed mode windows-amd64 compressed oops)
# Failed to write core dump. Minidumps are not enabled by default on client versions of Windows
#

---------------  T H R E A D  ---------------

Current thread (0x0000000015253000):  JavaThread "C2 CompilerThread2" daemon [_thread_in_native, id=3548, stack(0x0000000015b50000,0x0000000015c50000)]

Stack: [0x0000000015b50000,0x0000000015c50000]
[error occurred during error reporting (printing stack bounds), id 0xc0000005]

Native frames: (J=compiled Java code, j=interpreted, Vv=VM code, C=native code)


Current CompileTask:
C2:   2793 1034       4       org.objectweb.asm.MethodVisitor::visitMethodInsn (68 bytes)


---------------  P R O C E S S  ---------------

Java Threads: ( => current thread )
  0x00000000152bf000 JavaThread "Service Thread" daemon [_thread_blocked, id=13980, stack(0x0000000015d50000,0x0000000015e50000)]
  0x0000000015256000 JavaThread "C1 CompilerThread3" daemon [_thread_blocked, id=9148, stack(0x0000000015c50000,0x0000000015d50000)]
=>0x0000000015253000 JavaThread "C2 CompilerThread2" daemon [_thread_in_native, id=3548, stack(0x0000000015b50000,0x0000000015c50000)]
  0x000000001330a800 JavaThread "C2 CompilerThread1" daemon [_thread_blocked, id=15352, stack(0x0000000015a50000,0x0000000015b50000)]
  0x00000000151fb800 JavaThread "C2 CompilerThread0" daemon [_thread_in_native, id=8700, stack(0x0000000015950000,0x0000000015a50000)]
  0x00000000151fa000 JavaThread "Attach Listener" daemon [_thread_blocked, id=9492, stack(0x0000000015850000,0x0000000015950000)]
  0x0000000015250000 JavaThread "Signal Dispatcher" daemon [_thread_blocked, id=8840, stack(0x0000000015750000,0x0000000015850000)]
  0x0000000002a8e000 JavaThread "Finalizer" daemon [_thread_blocked, id=7528, stack(0x00000000155c0000,0x00000000156c0000)]
  0x0000000002a87000 JavaThread "Reference Handler" daemon [_thread_blocked, id=14376, stack(0x00000000150c0000,0x00000000151c0000)]
  0x0000000002b4d800 JavaThread "main" [_thread_blocked, id=2448, stack(0x0000000002540000,0x0000000002640000)]

Other Threads:
  0x00000000132f5800 VMThread [stack: 0x0000000014fc0000,0x00000000150c0000] [id=12928]
  0x00000000152c3800 WatcherThread [stack: 0x0000000015e50000,0x0000000015f50000] [id=8060]

VM state:at safepoint (normal execution)

VM Mutex/Monitor currently owned by a thread:  ([mutex/lock_event])
[0x0000000002b4c920] Threads_lock - owner thread: 0x00000000132f5800
[0x0000000002b4c3a0] Heap_lock - owner thread: 0x0000000002b4d800

Heap:
 PSYoungGen      total 18944K, used 18915K [0x00000000feb00000, 0x0000000100000000, 0x0000000100000000)
  eden space 16384K, 100% used [0x00000000feb00000,0x00000000ffb00000,0x00000000ffb00000)
  from space 2560K, 98% used [0x00000000ffd80000,0x00000000ffff8df0,0x0000000100000000)
  to   space 2560K, 99% used [0x00000000ffb00000,0x00000000ffd7ce00,0x00000000ffd80000)
 ParOldGen       total 44032K, used 6867K [0x00000000fc000000, 0x00000000feb00000, 0x00000000feb00000)
  object space 44032K, 15% used [0x00000000fc000000,0x00000000fc6b4fa0,0x00000000feb00000)
 Metaspace       used 7684K, capacity 7842K, committed 7936K, reserved 1056768K
  class space    used 875K, capacity 957K, committed 1024K, reserved 1048576K

Card table byte_map: [0x0000000002a90000,0x0000000002ac0000] byte_map_base: 0x00000000022b0000

Marking Bits: (ParMarkBitMap*) 0x000000005ca73950
 Begin Bits: [0x0000000012710000, 0x0000000012810000)
 End Bits:   [0x0000000012810000, 0x0000000012910000)

Polling page: 0x0000000000710000

CodeCache: size=245760Kb used=3850Kb max_used=3850Kb free=241909Kb
 bounds [0x0000000002b50000, 0x0000000002f20000, 0x0000000011b50000]
 total_blobs=1375 nmethods=1040 adapters=248
 compilation: enabled

Compilation events (10 events):
Event: 2.778 Thread 0x0000000015256000 1041       3       java.util.zip.ZipFile$ZipFileInputStream::read (25 bytes)
Event: 2.779 Thread 0x0000000015256000 nmethod 1041 0x0000000002f15f10 code [0x0000000002f16080, 0x0000000002f16308]
Event: 2.779 Thread 0x0000000015256000 1042       3       org.objectweb.asm.MethodWriter::visitIntInsn (112 bytes)
Event: 2.779 Thread 0x0000000015256000 nmethod 1042 0x0000000002f156d0 code [0x0000000002f15880, 0x0000000002f15d48]
Event: 2.781 Thread 0x0000000015256000 1043       3       java.util.HashMap::entrySet (27 bytes)
Event: 2.782 Thread 0x0000000015256000 nmethod 1043 0x0000000002f14fd0 code [0x0000000002f15160, 0x0000000002f15510]
Event: 2.782 Thread 0x0000000015256000 1044       3       java.util.HashMap$EntrySet::iterator (12 bytes)
Event: 2.782 Thread 0x0000000015256000 nmethod 1044 0x0000000002f109d0 code [0x0000000002f10b40, 0x0000000002f10da8]
Event: 2.782 Thread 0x0000000015256000 1045       3       java.util.HashMap$EntryIterator::<init> (11 bytes)
Event: 2.782 Thread 0x0000000015256000 nmethod 1045 0x0000000002f10610 code [0x0000000002f10780, 0x0000000002f10928]

GC Heap History (5 events):
Event: 1.080 GC heap before
{Heap before GC invocations=1 (full 0):
 PSYoungGen      total 18944K, used 16384K [0x00000000feb00000, 0x0000000100000000, 0x0000000100000000)
  eden space 16384K, 100% used [0x00000000feb00000,0x00000000ffb00000,0x00000000ffb00000)
  from space 2560K, 0% used [0x00000000ffd80000,0x00000000ffd80000,0x0000000100000000)
  to   space 2560K, 0% used [0x00000000ffb00000,0x00000000ffb00000,0x00000000ffd80000)
 ParOldGen       total 44032K, used 0K [0x00000000fc000000, 0x00000000feb00000, 0x00000000feb00000)
  object space 44032K, 0% used [0x00000000fc000000,0x00000000fc000000,0x00000000feb00000)
 Metaspace       used 6621K, capacity 6800K, committed 7040K, reserved 1056768K
  class space    used 774K, capacity 824K, committed 896K, reserved 1048576K
Event: 1.086 GC heap after
Heap after GC invocations=1 (full 0):
 PSYoungGen      total 18944K, used 2537K [0x00000000feb00000, 0x0000000100000000, 0x0000000100000000)
  eden space 16384K, 0% used [0x00000000feb00000,0x00000000feb00000,0x00000000ffb00000)
  from space 2560K, 99% used [0x00000000ffb00000,0x00000000ffd7a620,0x00000000ffd80000)
  to   space 2560K, 0% used [0x00000000ffd80000,0x00000000ffd80000,0x0000000100000000)
 ParOldGen       total 44032K, used 1616K [0x00000000fc000000, 0x00000000feb00000, 0x00000000feb00000)
  object space 44032K, 3% used [0x00000000fc000000,0x00000000fc1942c8,0x00000000feb00000)
 Metaspace       used 6621K, capacity 6800K, committed 7040K, reserved 1056768K
  class space    used 774K, capacity 824K, committed 896K, reserved 1048576K
}
Event: 1.530 GC heap before
{Heap before GC invocations=2 (full 0):
 PSYoungGen      total 18944K, used 18921K [0x00000000feb00000, 0x0000000100000000, 0x0000000100000000)
  eden space 16384K, 100% used [0x00000000feb00000,0x00000000ffb00000,0x00000000ffb00000)
  from space 2560K, 99% used [0x00000000ffb00000,0x00000000ffd7a620,0x00000000ffd80000)
  to   space 2560K, 0% used [0x00000000ffd80000,0x00000000ffd80000,0x0000000100000000)
 ParOldGen       total 44032K, used 1616K [0x00000000fc000000, 0x00000000feb00000, 0x00000000feb00000)
  object space 44032K, 3% used [0x00000000fc000000,0x00000000fc1942c8,0x00000000feb00000)
 Metaspace       used 6964K, capacity 7106K, committed 7296K, reserved 1056768K
  class space    used 816K, capacity 861K, committed 896K, reserved 1048576K
Event: 1.585 GC heap after
Heap after GC invocations=2 (full 0):
 PSYoungGen      total 18944K, used 2531K [0x00000000feb00000, 0x0000000100000000, 0x0000000100000000)
  eden space 16384K, 0% used [0x00000000feb00000,0x00000000feb00000,0x00000000ffb00000)
  from space 2560K, 98% used [0x00000000ffd80000,0x00000000ffff8df0,0x0000000100000000)
  to   space 2560K, 0% used [0x00000000ffb00000,0x00000000ffb00000,0x00000000ffd80000)
 ParOldGen       total 44032K, used 5934K [0x00000000fc000000, 0x00000000feb00000, 0x00000000feb00000)
  object space 44032K, 13% used [0x00000000fc000000,0x00000000fc5cb800,0x00000000feb00000)
 Metaspace       used 6964K, capacity 7106K, committed 7296K, reserved 1056768K
  class space    used 816K, capacity 861K, committed 896K, reserved 1048576K
}
Event: 2.783 GC heap before
{Heap before GC invocations=3 (full 0):
 PSYoungGen      total 18944K, used 18915K [0x00000000feb00000, 0x0000000100000000, 0x0000000100000000)
  eden space 16384K, 100% used [0x00000000feb00000,0x00000000ffb00000,0x00000000ffb00000)
  from space 2560K, 98% used [0x00000000ffd80000,0x00000000ffff8df0,0x0000000100000000)
  to   space 2560K, 0% used [0x00000000ffb00000,0x00000000ffb00000,0x00000000ffd80000)
 ParOldGen       total 44032K, used 5934K [0x00000000fc000000, 0x00000000feb00000, 0x00000000feb00000)
  object space 44032K, 13% used [0x00000000fc000000,0x00000000fc5cb800,0x00000000feb00000)
 Metaspace       used 7684K, capacity 7842K, committed 7936K, reserved 1056768K
  class space    used 875K, capacity 957K, committed 1024K, reserved 1048576K

Deoptimization events (10 events):
Event: 1.027 Thread 0x0000000002b4d800 Uncommon trap: reason=unstable_if action=reinterpret pc=0x0000000002d76c6c method=java.util.zip.ZipFile$ZipEntryIterator.hasNext()Z @ 25
Event: 1.027 Thread 0x0000000002b4d800 Uncommon trap: reason=unstable_if action=reinterpret pc=0x0000000002d7e4ac method=java.util.zip.ZipCoder.decoder()Ljava/nio/charset/CharsetDecoder; @ 4
Event: 1.028 Thread 0x0000000002b4d800 Uncommon trap: reason=unstable_if action=reinterpret pc=0x0000000002d79718 method=java.util.zip.ZipEntry.setExtra0([BZ)V @ 1
Event: 1.169 Thread 0x0000000002b4d800 Uncommon trap: reason=unstable_if action=reinterpret pc=0x0000000002d87518 method=java.util.zip.ZipFile.getZipEntry(Ljava/lang/String;J)Ljava/util/zip/ZipEntry; @ 19
Event: 1.499 Thread 0x0000000002b4d800 Uncommon trap: reason=unloaded action=reinterpret pc=0x0000000002d7997c method=java.util.zip.ZipEntry.setExtra0([BZ)V @ 37
Event: 1.663 Thread 0x0000000002b4d800 Uncommon trap: reason=unstable_if action=reinterpret pc=0x0000000002cfe3f8 method=java.lang.String.<init>([CII)V @ 18
Event: 2.044 Thread 0x0000000002b4d800 Uncommon trap: reason=unstable_if action=reinterpret pc=0x0000000002e1cd7c method=org.objectweb.asm.ClassReader.a(II[C)Ljava/lang/String; @ 77
Event: 2.045 Thread 0x0000000002b4d800 Uncommon trap: reason=unstable_if action=reinterpret pc=0x0000000002e64408 method=org.objectweb.asm.ByteVector.putUTF8(Ljava/lang/String;)Lorg/objectweb/asm/ByteVector; @ 98
Event: 2.051 Thread 0x0000000002b4d800 Uncommon trap: reason=unstable_if action=reinterpret pc=0x0000000002e62d18 method=org.objectweb.asm.Item.a(Lorg/objectweb/asm/Item;)Z @ 345
Event: 2.755 Thread 0x0000000002b4d800 Uncommon trap: reason=unstable_if action=reinterpret pc=0x0000000002e776b8 method=org.objectweb.asm.Type.getArgumentsAndReturnSizes(Ljava/lang/String;)I @ 118

Classes redefined (0 events):
No events

Internal exceptions (10 events):
Event: 1.027 Thread 0x0000000002b4d800 Implicit null exception at 0x0000000002d7dad3 to 0x0000000002d7e471
Event: 1.276 Thread 0x0000000002b4d800 Exception <a 'sun/nio/fs/WindowsException'> (0x00000000ff215860) thrown at [D:\src\AOSP-openjdk-cygwin\jdk8u\hotspot\src\share\vm\prims\jni.cpp, line 709]
Event: 1.276 Thread 0x0000000002b4d800 Exception <a 'sun/nio/fs/WindowsException'> (0x00000000ff215e20) thrown at [D:\src\AOSP-openjdk-cygwin\jdk8u\hotspot\src\share\vm\prims\jni.cpp, line 709]
Event: 1.276 Thread 0x0000000002b4d800 Exception <a 'sun/nio/fs/WindowsException'> (0x00000000ff2163e8) thrown at [D:\src\AOSP-openjdk-cygwin\jdk8u\hotspot\src\share\vm\prims\jni.cpp, line 709]
Event: 1.276 Thread 0x0000000002b4d800 Exception <a 'sun/nio/fs/WindowsException'> (0x00000000ff216ba8) thrown at [D:\src\AOSP-openjdk-cygwin\jdk8u\hotspot\src\share\vm\prims\jni.cpp, line 709]
Event: 1.276 Thread 0x0000000002b4d800 Exception <a 'sun/nio/fs/WindowsException'> (0x00000000ff217148) thrown at [D:\src\AOSP-openjdk-cygwin\jdk8u\hotspot\src\share\vm\prims\jni.cpp, line 709]
Event: 1.277 Thread 0x0000000002b4d800 Exception <a 'sun/nio/fs/WindowsException'> (0x00000000ff2178f8) thrown at [D:\src\AOSP-openjdk-cygwin\jdk8u\hotspot\src\share\vm\prims\jni.cpp, line 709]
Event: 1.326 Thread 0x0000000002b4d800 Exception <a 'sun/nio/fs/WindowsException'> (0x00000000ff21cc38) thrown at [D:\src\AOSP-openjdk-cygwin\jdk8u\hotspot\src\share\vm\prims\jni.cpp, line 709]
Event: 1.594 Thread 0x0000000002b4d800 Exception <a 'sun/nio/fs/WindowsException'> (0x00000000febbf330) thrown at [D:\src\AOSP-openjdk-cygwin\jdk8u\hotspot\src\share\vm\prims\jni.cpp, line 709]
Event: 1.595 Thread 0x0000000002b4d800 Exception <a 'sun/nio/fs/WindowsException'> (0x00000000febbf888) thrown at [D:\src\AOSP-openjdk-cygwin\jdk8u\hotspot\src\share\vm\prims\jni.cpp, line 709]

Events (10 events):
Event: 2.045 Thread 0x0000000002b4d800 DEOPT UNPACKING pc=0x0000000002b9556a sp=0x000000000263ed00 mode 2
Event: 2.051 Thread 0x0000000002b4d800 Uncommon trap: trap_request=0xffffff65 fr.pc=0x0000000002e62d18
Event: 2.051 Thread 0x0000000002b4d800 DEOPT PACKING pc=0x0000000002e62d18 sp=0x000000000263ed10
Event: 2.051 Thread 0x0000000002b4d800 DEOPT UNPACKING pc=0x0000000002b9556a sp=0x000000000263eca8 mode 2
Event: 2.710 Thread 0x0000000002b4d800 DEOPT PACKING pc=0x0000000002cb9907 sp=0x000000000263f190
Event: 2.710 Thread 0x0000000002b4d800 DEOPT UNPACKING pc=0x0000000002b975bf sp=0x000000000263eec0 mode 0
Event: 2.755 Thread 0x0000000002b4d800 Uncommon trap: trap_request=0xffffff65 fr.pc=0x0000000002e776b8
Event: 2.755 Thread 0x0000000002b4d800 DEOPT PACKING pc=0x0000000002e776b8 sp=0x000000000263ec10
Event: 2.755 Thread 0x0000000002b4d800 DEOPT UNPACKING pc=0x0000000002b9556a sp=0x000000000263eba0 mode 2
Event: 2.783 Executing VM operation: ParallelGCFailedAllocation


Dynamic libraries:
0x00007ff6a0ea0000 - 0x00007ff6a0ed1000 	C:\Program Files\Android\Android Studio\jre\bin\java.exe
0x00007fffff1d0000 - 0x00007fffff3b1000 	C:\WINDOWS\SYSTEM32\ntdll.dll
0x00007ffffe800000 - 0x00007ffffe8b2000 	C:\WINDOWS\System32\KERNEL32.DLL
0x00007ffffb5f0000 - 0x00007ffffb863000 	C:\WINDOWS\System32\KERNELBASE.dll
0x00007ffffea60000 - 0x00007ffffeb01000 	C:\WINDOWS\System32\ADVAPI32.dll
0x00007ffffcb10000 - 0x00007ffffcbae000 	C:\WINDOWS\System32\msvcrt.dll
0x00007ffffec10000 - 0x00007ffffec6b000 	C:\WINDOWS\System32\sechost.dll
0x00007ffffe340000 - 0x00007ffffe464000 	C:\WINDOWS\System32\RPCRT4.dll
0x00007ffffc660000 - 0x00007ffffc7f0000 	C:\WINDOWS\System32\USER32.dll
0x00007ffffbbe0000 - 0x00007ffffbc00000 	C:\WINDOWS\System32\win32u.dll
0x00007ffffcad0000 - 0x00007ffffcaf8000 	C:\WINDOWS\System32\GDI32.dll
0x00007ffffc460000 - 0x00007ffffc5f2000 	C:\WINDOWS\System32\gdi32full.dll
0x00007ffffbc00000 - 0x00007ffffbc9f000 	C:\WINDOWS\System32\msvcp_win.dll
0x00007ffffbae0000 - 0x00007ffffbbda000 	C:\WINDOWS\System32\ucrtbase.dll
0x00007fffee3c0000 - 0x00007fffee629000 	C:\WINDOWS\WinSxS\amd64_microsoft.windows.common-controls_6595b64144ccf1df_6.0.17134.48_none_b4b2216a3cb4dd3e\COMCTL32.dll
0x00007ffffe470000 - 0x00007ffffe793000 	C:\WINDOWS\System32\combase.dll
0x00007ffffba60000 - 0x00007ffffbada000 	C:\WINDOWS\System32\bcryptPrimitives.dll
0x00007ffffe1b0000 - 0x00007ffffe1dd000 	C:\WINDOWS\System32\IMM32.DLL
0x000000005dbc0000 - 0x000000005dc92000 	C:\Program Files\Android\Android Studio\jre\jre\bin\msvcr100.dll
0x000000005c2b0000 - 0x000000005caee000 	C:\Program Files\Android\Android Studio\jre\jre\bin\server\jvm.dll
0x00007ffffc7f0000 - 0x00007ffffc7f8000 	C:\WINDOWS\System32\PSAPI.DLL
0x00007fffead30000 - 0x00007fffead39000 	C:\WINDOWS\SYSTEM32\WSOCK32.dll
0x00007ffffcc30000 - 0x00007ffffcc9c000 	C:\WINDOWS\System32\WS2_32.dll
0x00007ffff3a50000 - 0x00007ffff3a5a000 	C:\WINDOWS\SYSTEM32\VERSION.dll
0x00007ffff9180000 - 0x00007ffff91a3000 	C:\WINDOWS\SYSTEM32\WINMM.dll
0x00007ffff9150000 - 0x00007ffff917a000 	C:\WINDOWS\SYSTEM32\WINMMBASE.dll
0x00007ffffb5a0000 - 0x00007ffffb5e9000 	C:\WINDOWS\System32\cfgmgr32.dll
0x00007fffea1e0000 - 0x00007fffea1ef000 	C:\Program Files\Android\Android Studio\jre\jre\bin\verify.dll
0x00007fffe5510000 - 0x00007fffe5539000 	C:\Program Files\Android\Android Studio\jre\jre\bin\java.dll
0x00007fffe8e00000 - 0x00007fffe8e16000 	C:\Program Files\Android\Android Studio\jre\jre\bin\zip.dll
0x00007ffffcd70000 - 0x00007ffffe1b0000 	C:\WINDOWS\System32\SHELL32.dll
0x00007ffffca20000 - 0x00007ffffcac9000 	C:\WINDOWS\System32\shcore.dll
0x00007ffffbca0000 - 0x00007ffffc3ad000 	C:\WINDOWS\System32\windows.storage.dll
0x00007fffff120000 - 0x00007fffff171000 	C:\WINDOWS\System32\shlwapi.dll
0x00007ffffb560000 - 0x00007ffffb571000 	C:\WINDOWS\System32\kernel.appcore.dll
0x00007ffffb530000 - 0x00007ffffb54f000 	C:\WINDOWS\System32\profapi.dll
0x00007ffffb4e0000 - 0x00007ffffb52c000 	C:\WINDOWS\System32\powrprof.dll
0x00007ffffb550000 - 0x00007ffffb55a000 	C:\WINDOWS\System32\FLTLIB.DLL
0x00007ffffaf10000 - 0x00007ffffaf27000 	C:\WINDOWS\SYSTEM32\CRYPTSP.dll
0x00007ffffa940000 - 0x00007ffffa973000 	C:\WINDOWS\system32\rsaenh.dll
0x00007ffffb040000 - 0x00007ffffb065000 	C:\WINDOWS\SYSTEM32\bcrypt.dll
0x00007ffffb3e0000 - 0x00007ffffb408000 	C:\WINDOWS\SYSTEM32\USERENV.dll
0x00007ffffaf30000 - 0x00007ffffaf3b000 	C:\WINDOWS\SYSTEM32\CRYPTBASE.dll
0x00007fffe70d0000 - 0x00007fffe70ea000 	C:\Program Files\Android\Android Studio\jre\jre\bin\net.dll
0x00007ffffad60000 - 0x00007ffffadc6000 	C:\WINDOWS\system32\mswsock.dll
0x00007ffffaae0000 - 0x00007ffffab18000 	C:\WINDOWS\SYSTEM32\IPHLPAPI.DLL
0x00007ffffcb00000 - 0x00007ffffcb08000 	C:\WINDOWS\System32\NSI.dll
0x00007ffff3f90000 - 0x00007ffff3fa6000 	C:\WINDOWS\SYSTEM32\dhcpcsvc6.DLL
0x00007ffff3f70000 - 0x00007ffff3f8a000 	C:\WINDOWS\SYSTEM32\dhcpcsvc.DLL
0x00007fffe52f0000 - 0x00007fffe5301000 	C:\Program Files\Android\Android Studio\jre\jre\bin\nio.dll

VM Arguments:
jvm_args: -Djava.awt.headless=true -Xmx64M -Dfile.encoding=x-windows-949 -Duser.country=KR -Duser.language=ko -Duser.variant 
java_command: com.google.devtools.build.android.desugar.Desugar @D:\test\app\build\intermediates\tmp\desugar_args3669814300204257694
java_class_path (initial): C:\Users\Goo\AppData\Local\Temp\desugar_deploy.jar7104283562246870098
Launcher Type: SUN_STANDARD

Environment Variables:
PATH=C:\ProgramData\Oracle\Java\javapath;C:\WINDOWS\system32;C:\WINDOWS;C:\WINDOWS\System32\Wbem;C:\WINDOWS\System32\WindowsPowerShell\v1.0\;C:\OpenSSL;;C:\WINDOWS\System32\OpenSSH\;C:\Users\Goo\AppData\Local\Microsoft\WindowsApps;
USERNAME=Goo
OS=Windows_NT
PROCESSOR_IDENTIFIER=Intel64 Family 6 Model 158 Stepping 9, GenuineIntel



---------------  S Y S T E M  ---------------

OS: Windows 10.0 , 64 bit Build 17134 (10.0.17134.1)

CPU:total 8 (initial active 8) (4 cores per cpu, 2 threads per core) family 6 model 158 stepping 9, cmov, cx8, fxsr, mmx, sse, sse2, sse3, ssse3, sse4.1, sse4.2, popcnt, avx, avx2, aes, clmul, erms, 3dnowpref, lzcnt, ht, tsc, tscinvbit, bmi1, bmi2, adx

Memory: 4k page, physical 16692940k(2430372k free), swap 16692940k(420k free)

vm_info: OpenJDK 64-Bit Server VM (25.152-b01) for windows-amd64 JRE (1.8.0_152-release-915-b01), built by "builder" with MS VC++ 10.0 (VS2010)

time: Fri Jun 08 03:20:19 2018
elapsed time: 2 seconds (0d 0h 0m 2s)

