#
# There is insufficient memory for the Java Runtime Environment to continue.
# Native memory allocation (malloc) failed to allocate 1503392 bytes for Chunk::new
# Possible reasons:
#   The system is out of physical RAM or swap space
#   In 32 bit mode, the process size limit was hit
# Possible solutions:
#   Reduce memory load on the system
#   Increase physical memory or swap space
#   Check if swap backing store is full
#   Use 64 bit Java on a 64 bit OS
#   Decrease Java heap size (-Xmx/-Xms)
#   Decrease number of Java threads
#   Decrease Java thread stack sizes (-Xss)
#   Set larger code cache with -XX:ReservedCodeCacheSize=
# This output file may be truncated or incomplete.
#
#  Out of Memory Error (allocation.cpp:390), pid=3680, tid=0x0000000000001ec4
#
# JRE version: OpenJDK Runtime Environment (8.0_152-b01) (build 1.8.0_152-release-915-b01)
# Java VM: OpenJDK 64-Bit Server VM (25.152-b01 mixed mode windows-amd64 compressed oops)
# Failed to write core dump. Minidumps are not enabled by default on client versions of Windows
#

---------------  T H R E A D  ---------------

Current thread (0x000000001329e000):  JavaThread "C2 CompilerThread1" daemon [_thread_in_native, id=7876, stack(0x00000000159f0000,0x0000000015af0000)]

Stack: [0x00000000159f0000,0x0000000015af0000]
[error occurred during error reporting (printing stack bounds), id 0xc0000005]

Native frames: (J=compiled Java code, j=interpreted, Vv=VM code, C=native code)


Current CompileTask:
C2:   3895 1123       4       org.objectweb.asm.ClassReader::a (3587 bytes)


---------------  P R O C E S S  ---------------

Java Threads: ( => current thread )
  0x00000000151fd000 JavaThread "Service Thread" daemon [_thread_blocked, id=12396, stack(0x0000000015cf0000,0x0000000015df0000)]
  0x00000000151f7000 JavaThread "C1 CompilerThread3" daemon [_thread_blocked, id=3504, stack(0x0000000015bf0000,0x0000000015cf0000)]
  0x00000000151f3000 JavaThread "C2 CompilerThread2" daemon [_thread_in_native, id=13064, stack(0x0000000015af0000,0x0000000015bf0000)]
=>0x000000001329e000 JavaThread "C2 CompilerThread1" daemon [_thread_in_native, id=7876, stack(0x00000000159f0000,0x0000000015af0000)]
  0x000000001329a000 JavaThread "C2 CompilerThread0" daemon [_thread_in_native, id=7900, stack(0x00000000158f0000,0x00000000159f0000)]
  0x00000000151f0000 JavaThread "Attach Listener" daemon [_thread_blocked, id=3212, stack(0x00000000157f0000,0x00000000158f0000)]
  0x000000001519d800 JavaThread "Signal Dispatcher" daemon [_thread_blocked, id=7264, stack(0x00000000156f0000,0x00000000157f0000)]
  0x0000000015180800 JavaThread "Finalizer" daemon [_thread_blocked, id=8044, stack(0x0000000015560000,0x0000000015660000)]
  0x000000001328b000 JavaThread "Reference Handler" daemon [_thread_blocked, id=5112, stack(0x0000000015060000,0x0000000015160000)]
  0x0000000002add800 JavaThread "main" [_thread_in_native, id=10040, stack(0x00000000024b0000,0x00000000025b0000)]

Other Threads:
  0x0000000013285000 VMThread [stack: 0x0000000014f60000,0x0000000015060000] [id=7156]
  0x00000000151fe000 WatcherThread [stack: 0x0000000015df0000,0x0000000015ef0000] [id=11396]

VM state:not at safepoint (normal execution)

VM Mutex/Monitor currently owned by a thread: None

Heap:
 PSYoungGen      total 18944K, used 7426K [0x00000000feb00000, 0x0000000100000000, 0x0000000100000000)
  eden space 16384K, 29% used [0x00000000feb00000,0x00000000fefc42a8,0x00000000ffb00000)
  from space 2560K, 99% used [0x00000000ffd80000,0x00000000ffffc5d8,0x0000000100000000)
  to   space 2560K, 0% used [0x00000000ffb00000,0x00000000ffb00000,0x00000000ffd80000)
 ParOldGen       total 44032K, used 7486K [0x00000000fc000000, 0x00000000feb00000, 0x00000000feb00000)
  object space 44032K, 17% used [0x00000000fc000000,0x00000000fc74fb48,0x00000000feb00000)
 Metaspace       used 7784K, capacity 7970K, committed 8192K, reserved 1056768K
  class space    used 875K, capacity 957K, committed 1024K, reserved 1048576K

Card table byte_map: [0x0000000002a00000,0x0000000002a30000] byte_map_base: 0x0000000002220000

Marking Bits: (ParMarkBitMap*) 0x000000005d303950
 Begin Bits: [0x00000000126a0000, 0x00000000127a0000)
 End Bits:   [0x00000000127a0000, 0x00000000128a0000)

Polling page: 0x0000000000710000

CodeCache: size=245760Kb used=4654Kb max_used=4665Kb free=241106Kb
 bounds [0x0000000002ae0000, 0x0000000002f80000, 0x0000000011ae0000]
 total_blobs=1561 nmethods=1226 adapters=248
 compilation: enabled

Compilation events (10 events):
Event: 3.795 Thread 0x00000000151f7000 1229       3       java.util.zip.ZipOutputStream::writeCEN (514 bytes)
Event: 3.796 Thread 0x00000000151f7000 nmethod 1229 0x0000000002f66290 code [0x0000000002f66680, 0x0000000002f67e98]
Event: 3.806 Thread 0x00000000151f3000 nmethod 1207 0x0000000002f6cd10 code [0x0000000002f6cf20, 0x0000000002f6e0d8]
Event: 3.806 Thread 0x00000000151f3000 1223       4       org.objectweb.asm.MethodVisitor::visitFieldInsn (20 bytes)
Event: 3.813 Thread 0x00000000151f3000 nmethod 1223 0x0000000002f6f490 code [0x0000000002f6f620, 0x0000000002f6fbb8]
Event: 3.813 Thread 0x00000000151f3000 1219       4       org.objectweb.asm.MethodWriter::a (80 bytes)
Event: 3.831 Thread 0x00000000151f3000 nmethod 1219 0x0000000002f698d0 code [0x0000000002f69b00, 0x0000000002f6a680]
Event: 3.831 Thread 0x00000000151f3000 1218       4       org.objectweb.asm.MethodVisitor::visitMaxs (17 bytes)
Event: 3.833 Thread 0x00000000151f3000 nmethod 1218 0x0000000002f6b510 code [0x0000000002f6b660, 0x0000000002f6b728]
Event: 3.833 Thread 0x00000000151f3000 1208       4       org.objectweb.asm.tree.FrameNode::accept (173 bytes)

GC Heap History (8 events):
Event: 1.068 GC heap before
{Heap before GC invocations=1 (full 0):
 PSYoungGen      total 18944K, used 16384K [0x00000000feb00000, 0x0000000100000000, 0x0000000100000000)
  eden space 16384K, 100% used [0x00000000feb00000,0x00000000ffb00000,0x00000000ffb00000)
  from space 2560K, 0% used [0x00000000ffd80000,0x00000000ffd80000,0x0000000100000000)
  to   space 2560K, 0% used [0x00000000ffb00000,0x00000000ffb00000,0x00000000ffd80000)
 ParOldGen       total 44032K, used 0K [0x00000000fc000000, 0x00000000feb00000, 0x00000000feb00000)
  object space 44032K, 0% used [0x00000000fc000000,0x00000000fc000000,0x00000000feb00000)
 Metaspace       used 6621K, capacity 6800K, committed 7040K, reserved 1056768K
  class space    used 773K, capacity 824K, committed 896K, reserved 1048576K
Event: 1.134 GC heap after
Heap after GC invocations=1 (full 0):
 PSYoungGen      total 18944K, used 2553K [0x00000000feb00000, 0x0000000100000000, 0x0000000100000000)
  eden space 16384K, 0% used [0x00000000feb00000,0x00000000feb00000,0x00000000ffb00000)
  from space 2560K, 99% used [0x00000000ffb00000,0x00000000ffd7e630,0x00000000ffd80000)
  to   space 2560K, 0% used [0x00000000ffd80000,0x00000000ffd80000,0x0000000100000000)
 ParOldGen       total 44032K, used 1544K [0x00000000fc000000, 0x00000000feb00000, 0x00000000feb00000)
  object space 44032K, 3% used [0x00000000fc000000,0x00000000fc1822c8,0x00000000feb00000)
 Metaspace       used 6621K, capacity 6800K, committed 7040K, reserved 1056768K
  class space    used 773K, capacity 824K, committed 896K, reserved 1048576K
}
Event: 1.568 GC heap before
{Heap before GC invocations=2 (full 0):
 PSYoungGen      total 18944K, used 18937K [0x00000000feb00000, 0x0000000100000000, 0x0000000100000000)
  eden space 16384K, 100% used [0x00000000feb00000,0x00000000ffb00000,0x00000000ffb00000)
  from space 2560K, 99% used [0x00000000ffb00000,0x00000000ffd7e630,0x00000000ffd80000)
  to   space 2560K, 0% used [0x00000000ffd80000,0x00000000ffd80000,0x0000000100000000)
 ParOldGen       total 44032K, used 1544K [0x00000000fc000000, 0x00000000feb00000, 0x00000000feb00000)
  object space 44032K, 3% used [0x00000000fc000000,0x00000000fc1822c8,0x00000000feb00000)
 Metaspace       used 6964K, capacity 7106K, committed 7296K, reserved 1056768K
  class space    used 816K, capacity 861K, committed 896K, reserved 1048576K
Event: 1.638 GC heap after
Heap after GC invocations=2 (full 0):
 PSYoungGen      total 18944K, used 2531K [0x00000000feb00000, 0x0000000100000000, 0x0000000100000000)
  eden space 16384K, 0% used [0x00000000feb00000,0x00000000feb00000,0x00000000ffb00000)
  from space 2560K, 98% used [0x00000000ffd80000,0x00000000ffff8e20,0x0000000100000000)
  to   space 2560K, 0% used [0x00000000ffb00000,0x00000000ffb00000,0x00000000ffd80000)
 ParOldGen       total 44032K, used 5869K [0x00000000fc000000, 0x00000000feb00000, 0x00000000feb00000)
  object space 44032K, 13% used [0x00000000fc000000,0x00000000fc5bb7c0,0x00000000feb00000)
 Metaspace       used 6964K, capacity 7106K, committed 7296K, reserved 1056768K
  class space    used 816K, capacity 861K, committed 896K, reserved 1048576K
}
Event: 2.013 GC heap before
{Heap before GC invocations=3 (full 0):
 PSYoungGen      total 18944K, used 18915K [0x00000000feb00000, 0x0000000100000000, 0x0000000100000000)
  eden space 16384K, 100% used [0x00000000feb00000,0x00000000ffb00000,0x00000000ffb00000)
  from space 2560K, 98% used [0x00000000ffd80000,0x00000000ffff8e20,0x0000000100000000)
  to   space 2560K, 0% used [0x00000000ffb00000,0x00000000ffb00000,0x00000000ffd80000)
 ParOldGen       total 44032K, used 5869K [0x00000000fc000000, 0x00000000feb00000, 0x00000000feb00000)
  object space 44032K, 13% used [0x00000000fc000000,0x00000000fc5bb7c0,0x00000000feb00000)
 Metaspace       used 7666K, capacity 7842K, committed 7936K, reserved 1056768K
  class space    used 875K, capacity 957K, committed 1024K, reserved 1048576K
Event: 2.072 GC heap after
Heap after GC invocations=3 (full 0):
 PSYoungGen      total 18944K, used 2550K [0x00000000feb00000, 0x0000000100000000, 0x0000000100000000)
  eden space 16384K, 0% used [0x00000000feb00000,0x00000000feb00000,0x00000000ffb00000)
  from space 2560K, 99% used [0x00000000ffb00000,0x00000000ffd7d890,0x00000000ffd80000)
  to   space 2560K, 0% used [0x00000000ffd80000,0x00000000ffd80000,0x0000000100000000)
 ParOldGen       total 44032K, used 7015K [0x00000000fc000000, 0x00000000feb00000, 0x00000000feb00000)
  object space 44032K, 15% used [0x00000000fc000000,0x00000000fc6d9f78,0x00000000feb00000)
 Metaspace       used 7666K, capacity 7842K, committed 7936K, reserved 1056768K
  class space    used 875K, capacity 957K, committed 1024K, reserved 1048576K
}
Event: 3.742 GC heap before
{Heap before GC invocations=4 (full 0):
 PSYoungGen      total 18944K, used 18934K [0x00000000feb00000, 0x0000000100000000, 0x0000000100000000)
  eden space 16384K, 100% used [0x00000000feb00000,0x00000000ffb00000,0x00000000ffb00000)
  from space 2560K, 99% used [0x00000000ffb00000,0x00000000ffd7d890,0x00000000ffd80000)
  to   space 2560K, 0% used [0x00000000ffd80000,0x00000000ffd80000,0x0000000100000000)
 ParOldGen       total 44032K, used 7015K [0x00000000fc000000, 0x00000000feb00000, 0x00000000feb00000)
  object space 44032K, 15% used [0x00000000fc000000,0x00000000fc6d9f78,0x00000000feb00000)
 Metaspace       used 7775K, capacity 7970K, committed 8192K, reserved 1056768K
  class space    used 875K, capacity 957K, committed 1024K, reserved 1048576K
Event: 3.772 GC heap after
Heap after GC invocations=4 (full 0):
 PSYoungGen      total 18944K, used 2545K [0x00000000feb00000, 0x0000000100000000, 0x0000000100000000)
  eden space 16384K, 0% used [0x00000000feb00000,0x00000000feb00000,0x00000000ffb00000)
  from space 2560K, 99% used [0x00000000ffd80000,0x00000000ffffc5d8,0x0000000100000000)
  to   space 2560K, 0% used [0x00000000ffb00000,0x00000000ffb00000,0x00000000ffd80000)
 ParOldGen       total 44032K, used 7486K [0x00000000fc000000, 0x00000000feb00000, 0x00000000feb00000)
  object space 44032K, 17% used [0x00000000fc000000,0x00000000fc74fb48,0x00000000feb00000)
 Metaspace       used 7775K, capacity 7970K, committed 8192K, reserved 1056768K
  class space    used 875K, capacity 957K, committed 1024K, reserved 1048576K
}

Deoptimization events (10 events):
Event: 1.690 Thread 0x0000000002add800 Uncommon trap: reason=unstable_if action=reinterpret pc=0x0000000002c813b8 method=java.lang.String.<init>([CII)V @ 18
Event: 1.964 Thread 0x0000000002add800 Uncommon trap: reason=unstable_if action=reinterpret pc=0x0000000002e4999c method=org.objectweb.asm.Type.getArgumentsAndReturnSizes(Ljava/lang/String;)I @ 130
Event: 2.077 Thread 0x0000000002add800 Uncommon trap: reason=unstable_if action=reinterpret pc=0x0000000002e9a3f4 method=org.objectweb.asm.tree.MethodNode.getLabelNodes([Ljava/lang/Object;)[Ljava/lang/Object; @ 24
Event: 2.731 Thread 0x0000000002add800 Uncommon trap: reason=class_check action=maybe_recompile pc=0x0000000002e54b98 method=org.objectweb.asm.MethodVisitor.visitVarInsn(II)V @ 13
Event: 2.731 Thread 0x0000000002add800 Uncommon trap: reason=class_check action=maybe_recompile pc=0x0000000002e54b24 method=org.objectweb.asm.tree.VarInsnNode.accept(Lorg/objectweb/asm/MethodVisitor;)V @ 9
Event: 3.053 Thread 0x0000000002add800 Uncommon trap: reason=null_check action=make_not_entrant pc=0x0000000002ecfef8 method=com.google.devtools.build.android.desugar.InterfaceDesugaring$InterfaceInvocationRewriter.visitMethodInsn(ILjava/lang/String;Ljava/lang/String;Ljava/lang/String;Z)V @ 10
Event: 3.053 Thread 0x0000000002add800 Uncommon trap: reason=null_check action=make_not_entrant pc=0x0000000002ec7c9c method=com.google.devtools.build.android.desugar.InterfaceDesugaring$InterfaceInvocationRewriter.visitMethodInsn(ILjava/lang/String;Ljava/lang/String;Ljava/lang/String;Z)V @ 10
Event: 3.054 Thread 0x0000000002add800 Uncommon trap: reason=unstable_if action=reinterpret pc=0x0000000002e54d28 method=org.objectweb.asm.MethodWriter.visitVarInsn(II)V @ 148
Event: 3.055 Thread 0x0000000002add800 Uncommon trap: reason=unstable_if action=reinterpret pc=0x0000000002e2cb78 method=org.objectweb.asm.MethodWriter.visitVarInsn(II)V @ 136
Event: 3.518 Thread 0x0000000002add800 Uncommon trap: reason=unstable_if action=reinterpret pc=0x0000000002ea05a4 method=org.objectweb.asm.MethodWriter.visitFieldInsn(ILjava/lang/String;Ljava/lang/String;Ljava/lang/String;)V @ 200

Classes redefined (0 events):
No events

Internal exceptions (10 events):
Event: 2.537 Thread 0x0000000002add800 Exception <a 'sun/nio/fs/WindowsException'> (0x00000000fee423e8) thrown at [D:\src\AOSP-openjdk-cygwin\jdk8u\hotspot\src\share\vm\prims\jni.cpp, line 709]
Event: 2.537 Thread 0x0000000002add800 Exception <a 'sun/nio/fs/WindowsException'> (0x00000000fee428c0) thrown at [D:\src\AOSP-openjdk-cygwin\jdk8u\hotspot\src\share\vm\prims\jni.cpp, line 709]
Event: 2.727 Thread 0x0000000002add800 Exception <a 'sun/nio/fs/WindowsException'> (0x00000000fee45d68) thrown at [D:\src\AOSP-openjdk-cygwin\jdk8u\hotspot\src\share\vm\prims\jni.cpp, line 709]
Event: 2.727 Thread 0x0000000002add800 Exception <a 'sun/nio/fs/WindowsException'> (0x00000000fee46240) thrown at [D:\src\AOSP-openjdk-cygwin\jdk8u\hotspot\src\share\vm\prims\jni.cpp, line 709]
Event: 3.052 Thread 0x0000000002add800 Exception <a 'sun/nio/fs/WindowsException'> (0x00000000feeb7ad0) thrown at [D:\src\AOSP-openjdk-cygwin\jdk8u\hotspot\src\share\vm\prims\jni.cpp, line 709]
Event: 3.052 Thread 0x0000000002add800 Exception <a 'sun/nio/fs/WindowsException'> (0x00000000feeb7fa8) thrown at [D:\src\AOSP-openjdk-cygwin\jdk8u\hotspot\src\share\vm\prims\jni.cpp, line 709]
Event: 3.053 Thread 0x0000000002add800 Implicit null exception at 0x0000000002ecd4f6 to 0x0000000002ecfed5
Event: 3.053 Thread 0x0000000002add800 Implicit null exception at 0x0000000002ec79aa to 0x0000000002ec7c79
Event: 3.397 Thread 0x0000000002add800 Exception <a 'sun/nio/fs/WindowsException'> (0x00000000ff138e20) thrown at [D:\src\AOSP-openjdk-cygwin\jdk8u\hotspot\src\share\vm\prims\jni.cpp, line 709]
Event: 3.402 Thread 0x0000000002add800 Exception <a 'sun/nio/fs/WindowsException'> (0x00000000ff1392f8) thrown at [D:\src\AOSP-openjdk-cygwin\jdk8u\hotspot\src\share\vm\prims\jni.cpp, line 709]

Events (10 events):
Event: 3.732 Thread 0x0000000002add800 DEOPT PACKING pc=0x0000000002dd63dd sp=0x00000000025aeb60
Event: 3.732 Thread 0x0000000002add800 DEOPT UNPACKING pc=0x0000000002b275bf sp=0x00000000025aeb10 mode 0
Event: 3.735 Thread 0x0000000002add800 DEOPT PACKING pc=0x0000000002dd63dd sp=0x00000000025aeb60
Event: 3.735 Thread 0x0000000002add800 DEOPT UNPACKING pc=0x0000000002b275bf sp=0x00000000025aeb10 mode 0
Event: 3.742 Executing VM operation: ParallelGCFailedAllocation
Event: 3.772 Executing VM operation: ParallelGCFailedAllocation done
Event: 3.778 Thread 0x0000000002add800 DEOPT PACKING pc=0x0000000002dd63dd sp=0x00000000025aeb60
Event: 3.778 Thread 0x0000000002add800 DEOPT UNPACKING pc=0x0000000002b275bf sp=0x00000000025aeb10 mode 0
Event: 3.781 Thread 0x0000000002add800 DEOPT PACKING pc=0x0000000002dd63dd sp=0x00000000025aeb60
Event: 3.781 Thread 0x0000000002add800 DEOPT UNPACKING pc=0x0000000002b275bf sp=0x00000000025aeb10 mode 0


Dynamic libraries:
0x00007ff6199f0000 - 0x00007ff619a21000 	C:\Program Files\Android\Android Studio\jre\bin\java.exe
0x00007ff98de30000 - 0x00007ff98e011000 	C:\WINDOWS\SYSTEM32\ntdll.dll
0x00007ff98c160000 - 0x00007ff98c212000 	C:\WINDOWS\System32\KERNEL32.DLL
0x00007ff98a400000 - 0x00007ff98a673000 	C:\WINDOWS\System32\KERNELBASE.dll
0x00007ff98b860000 - 0x00007ff98b901000 	C:\WINDOWS\System32\ADVAPI32.dll
0x00007ff98bd20000 - 0x00007ff98bdbe000 	C:\WINDOWS\System32\msvcrt.dll
0x00007ff98b910000 - 0x00007ff98b96b000 	C:\WINDOWS\System32\sechost.dll
0x00007ff98b3b0000 - 0x00007ff98b4d4000 	C:\WINDOWS\System32\RPCRT4.dll
0x00007ff98b9f0000 - 0x00007ff98bb80000 	C:\WINDOWS\System32\USER32.dll
0x00007ff98b2a0000 - 0x00007ff98b2c0000 	C:\WINDOWS\System32\win32u.dll
0x00007ff98b380000 - 0x00007ff98b3a8000 	C:\WINDOWS\System32\GDI32.dll
0x00007ff98b060000 - 0x00007ff98b1f2000 	C:\WINDOWS\System32\gdi32full.dll
0x00007ff98b200000 - 0x00007ff98b29f000 	C:\WINDOWS\System32\msvcp_win.dll
0x00007ff98a300000 - 0x00007ff98a3fa000 	C:\WINDOWS\System32\ucrtbase.dll
0x00007ff97d610000 - 0x00007ff97d879000 	C:\WINDOWS\WinSxS\amd64_microsoft.windows.common-controls_6595b64144ccf1df_6.0.17134.48_none_b4b2216a3cb4dd3e\COMCTL32.dll
0x00007ff98bdd0000 - 0x00007ff98c0f3000 	C:\WINDOWS\System32\combase.dll
0x00007ff98adf0000 - 0x00007ff98ae6a000 	C:\WINDOWS\System32\bcryptPrimitives.dll
0x00007ff98b5c0000 - 0x00007ff98b5ed000 	C:\WINDOWS\System32\IMM32.DLL
0x000000005ca60000 - 0x000000005cb32000 	C:\Program Files\Android\Android Studio\jre\jre\bin\msvcr100.dll
0x000000005cb40000 - 0x000000005d37e000 	C:\Program Files\Android\Android Studio\jre\jre\bin\server\jvm.dll
0x00007ff98b5b0000 - 0x00007ff98b5b8000 	C:\WINDOWS\System32\PSAPI.DLL
0x00007ff985c60000 - 0x00007ff985c69000 	C:\WINDOWS\SYSTEM32\WSOCK32.dll
0x00007ff98b970000 - 0x00007ff98b9dc000 	C:\WINDOWS\System32\WS2_32.dll
0x00007ff987c20000 - 0x00007ff987c43000 	C:\WINDOWS\SYSTEM32\WINMM.dll
0x00007ff982480000 - 0x00007ff98248a000 	C:\WINDOWS\SYSTEM32\VERSION.dll
0x00007ff987620000 - 0x00007ff98764a000 	C:\WINDOWS\SYSTEM32\winmmbase.dll
0x00007ff98a2b0000 - 0x00007ff98a2f9000 	C:\WINDOWS\System32\cfgmgr32.dll
0x00007ff96ba40000 - 0x00007ff96ba4f000 	C:\Program Files\Android\Android Studio\jre\jre\bin\verify.dll
0x00007ff96ba10000 - 0x00007ff96ba39000 	C:\Program Files\Android\Android Studio\jre\jre\bin\java.dll
0x00007ff96b9f0000 - 0x00007ff96ba06000 	C:\Program Files\Android\Android Studio\jre\jre\bin\zip.dll
0x00007ff98c2a0000 - 0x00007ff98d6e0000 	C:\WINDOWS\System32\SHELL32.dll
0x00007ff98b4e0000 - 0x00007ff98b589000 	C:\WINDOWS\System32\shcore.dll
0x00007ff98a680000 - 0x00007ff98ad8d000 	C:\WINDOWS\System32\windows.storage.dll
0x00007ff98b320000 - 0x00007ff98b371000 	C:\WINDOWS\System32\shlwapi.dll
0x00007ff98a170000 - 0x00007ff98a181000 	C:\WINDOWS\System32\kernel.appcore.dll
0x00007ff98a190000 - 0x00007ff98a1af000 	C:\WINDOWS\System32\profapi.dll
0x00007ff98a1b0000 - 0x00007ff98a1fc000 	C:\WINDOWS\System32\powrprof.dll
0x00007ff98a160000 - 0x00007ff98a16a000 	C:\WINDOWS\System32\FLTLIB.DLL
0x00007ff989b70000 - 0x00007ff989b87000 	C:\WINDOWS\SYSTEM32\CRYPTSP.dll
0x00007ff9895a0000 - 0x00007ff9895d3000 	C:\WINDOWS\system32\rsaenh.dll
0x00007ff989ca0000 - 0x00007ff989cc5000 	C:\WINDOWS\SYSTEM32\bcrypt.dll
0x00007ff98a040000 - 0x00007ff98a068000 	C:\WINDOWS\SYSTEM32\USERENV.dll
0x00007ff989b90000 - 0x00007ff989b9b000 	C:\WINDOWS\SYSTEM32\CRYPTBASE.dll
0x00007ff96b9d0000 - 0x00007ff96b9ea000 	C:\Program Files\Android\Android Studio\jre\jre\bin\net.dll
0x00007ff9899c0000 - 0x00007ff989a26000 	C:\WINDOWS\system32\mswsock.dll
0x00007ff989740000 - 0x00007ff989778000 	C:\WINDOWS\SYSTEM32\IPHLPAPI.DLL
0x00007ff98bdc0000 - 0x00007ff98bdc8000 	C:\WINDOWS\System32\NSI.dll
0x00007ff982c80000 - 0x00007ff982c96000 	C:\WINDOWS\SYSTEM32\dhcpcsvc6.DLL
0x00007ff982c60000 - 0x00007ff982c7a000 	C:\WINDOWS\SYSTEM32\dhcpcsvc.DLL
0x00007ff967fc0000 - 0x00007ff967fd1000 	C:\Program Files\Android\Android Studio\jre\jre\bin\nio.dll

VM Arguments:
jvm_args: -Djava.awt.headless=true -Xmx64M -Dfile.encoding=x-windows-949 -Duser.country=KR -Duser.language=ko -Duser.variant 
java_command: com.google.devtools.build.android.desugar.Desugar @D:\test\app\build\intermediates\tmp\desugar_args1411533321540692349
java_class_path (initial): C:\Users\Goo\AppData\Local\Temp\desugar_deploy.jar3189730495422438638
Launcher Type: SUN_STANDARD

Environment Variables:
PATH=C:\ProgramData\Oracle\Java\javapath;C:\WINDOWS\system32;C:\WINDOWS;C:\WINDOWS\System32\Wbem;C:\WINDOWS\System32\WindowsPowerShell\v1.0\;C:\OpenSSL;;C:\WINDOWS\System32\OpenSSH\;C:\Users\Goo\AppData\Local\Microsoft\WindowsApps;
USERNAME=Goo
OS=Windows_NT
PROCESSOR_IDENTIFIER=Intel64 Family 6 Model 158 Stepping 9, GenuineIntel



---------------  S Y S T E M  ---------------

OS: Windows 10.0 , 64 bit Build 17134 (10.0.17134.1)

CPU:total 8 (initial active 8) (4 cores per cpu, 2 threads per core) family 6 model 158 stepping 9, cmov, cx8, fxsr, mmx, sse, sse2, sse3, ssse3, sse4.1, sse4.2, popcnt, avx, avx2, aes, clmul, erms, 3dnowpref, lzcnt, ht, tsc, tscinvbit, bmi1, bmi2, adx

Memory: 4k page, physical 16692940k(4760548k free), swap 16692940k(3452k free)

vm_info: OpenJDK 64-Bit Server VM (25.152-b01) for windows-amd64 JRE (1.8.0_152-release-915-b01), built by "builder" with MS VC++ 10.0 (VS2010)

time: Mon Jun 11 03:50:41 2018
elapsed time: 3 seconds (0d 0h 0m 3s)

