#
# There is insufficient memory for the Java Runtime Environment to continue.
# Native memory allocation (malloc) failed to allocate 1683824 bytes for Chunk::new
# Possible reasons:
#   The system is out of physical RAM or swap space
#   In 32 bit mode, the process size limit was hit
# Possible solutions:
#   Reduce memory load on the system
#   Increase physical memory or swap space
#   Check if swap backing store is full
#   Use 64 bit Java on a 64 bit OS
#   Decrease Java heap size (-Xmx/-Xms)
#   Decrease number of Java threads
#   Decrease Java thread stack sizes (-Xss)
#   Set larger code cache with -XX:ReservedCodeCacheSize=
# This output file may be truncated or incomplete.
#
#  Out of Memory Error (allocation.cpp:390), pid=1308, tid=0x0000000000002ed4
#
# JRE version: OpenJDK Runtime Environment (8.0_152-b01) (build 1.8.0_152-release-915-b01)
# Java VM: OpenJDK 64-Bit Server VM (25.152-b01 mixed mode windows-amd64 compressed oops)
# Failed to write core dump. Minidumps are not enabled by default on client versions of Windows
#

---------------  T H R E A D  ---------------

Current thread (0x000000001360a800):  JavaThread "C2 CompilerThread1" daemon [_thread_in_native, id=11988, stack(0x0000000015d90000,0x0000000015e90000)]

Stack: [0x0000000015d90000,0x0000000015e90000]
[error occurred during error reporting (printing stack bounds), id 0xc0000005]

Native frames: (J=compiled Java code, j=interpreted, Vv=VM code, C=native code)


Current CompileTask:
C2:   2562  948       4       org.objectweb.asm.ClassReader::a (3587 bytes)


---------------  P R O C E S S  ---------------

Java Threads: ( => current thread )
  0x0000000015603800 JavaThread "Service Thread" daemon [_thread_blocked, id=9704, stack(0x0000000016090000,0x0000000016190000)]
  0x000000001360e800 JavaThread "C1 CompilerThread3" daemon [_thread_blocked, id=5844, stack(0x0000000015f90000,0x0000000016090000)]
  0x0000000015583000 JavaThread "C2 CompilerThread2" daemon [_thread_in_native, id=1576, stack(0x0000000015e90000,0x0000000015f90000)]
=>0x000000001360a800 JavaThread "C2 CompilerThread1" daemon [_thread_in_native, id=11988, stack(0x0000000015d90000,0x0000000015e90000)]
  0x000000001557f000 JavaThread "C2 CompilerThread0" daemon [_thread_in_native, id=14156, stack(0x0000000015c90000,0x0000000015d90000)]
  0x000000001557d800 JavaThread "Attach Listener" daemon [_thread_blocked, id=1272, stack(0x0000000015b90000,0x0000000015c90000)]
  0x000000001552a000 JavaThread "Signal Dispatcher" daemon [_thread_blocked, id=1356, stack(0x0000000015a90000,0x0000000015b90000)]
  0x0000000002dbe000 JavaThread "Finalizer" daemon [_thread_blocked, id=5232, stack(0x00000000158f0000,0x00000000159f0000)]
  0x0000000002db7000 JavaThread "Reference Handler" daemon [_thread_blocked, id=7040, stack(0x00000000153f0000,0x00000000154f0000)]
  0x0000000002cad800 JavaThread "main" [_thread_in_native, id=10928, stack(0x0000000002ba0000,0x0000000002ca0000)]

Other Threads:
  0x00000000135f5800 VMThread [stack: 0x00000000152f0000,0x00000000153f0000] [id=1204]
  0x0000000015604800 WatcherThread [stack: 0x0000000016190000,0x0000000016290000] [id=6064]

VM state:not at safepoint (normal execution)

VM Mutex/Monitor currently owned by a thread: None

Heap:
 PSYoungGen      total 18944K, used 4538K [0x00000000feb00000, 0x0000000100000000, 0x0000000100000000)
  eden space 16384K, 12% used [0x00000000feb00000,0x00000000fecf6848,0x00000000ffb00000)
  from space 2560K, 98% used [0x00000000ffb00000,0x00000000ffd78380,0x00000000ffd80000)
  to   space 2560K, 0% used [0x00000000ffd80000,0x00000000ffd80000,0x0000000100000000)
 ParOldGen       total 44032K, used 6880K [0x00000000fc000000, 0x00000000feb00000, 0x00000000feb00000)
  object space 44032K, 15% used [0x00000000fc000000,0x00000000fc6b8268,0x00000000feb00000)
 Metaspace       used 7716K, capacity 7906K, committed 8192K, reserved 1056768K
  class space    used 876K, capacity 957K, committed 1024K, reserved 1048576K

Card table byte_map: [0x0000000012190000,0x00000000121c0000] byte_map_base: 0x00000000119b0000

Marking Bits: (ParMarkBitMap*) 0x00000000673d3950
 Begin Bits: [0x00000000129e0000, 0x0000000012ae0000)
 End Bits:   [0x0000000012ae0000, 0x0000000012be0000)

Polling page: 0x0000000000b10000

CodeCache: size=245760Kb used=3951Kb max_used=3962Kb free=241808Kb
 bounds [0x0000000002dd0000, 0x00000000031c0000, 0x0000000011dd0000]
 total_blobs=1400 nmethods=1066 adapters=248
 compilation: enabled

Compilation events (10 events):
Event: 2.520 Thread 0x000000001360e800 nmethod 1063 0x00000000031a23d0 code [0x00000000031a2580, 0x00000000031a2df8]
Event: 2.520 Thread 0x0000000015583000 1066       4       sun.nio.fs.NativeBuffers::releaseNativeBuffer (103 bytes)
Event: 2.520 Thread 0x000000001360e800 1058       3       java.util.zip.ZipFile$ZipFileInputStream::finalize (5 bytes)
Event: 2.520 Thread 0x000000001360e800 nmethod 1058 0x00000000031a2050 code [0x00000000031a21c0, 0x00000000031a2348]
Event: 2.524 Thread 0x000000001557f000 nmethod 1065 0x00000000031af7d0 code [0x00000000031af940, 0x00000000031afb98]
Event: 2.525 Thread 0x0000000015583000 nmethod 1066 0x00000000031ad9d0 code [0x00000000031adb60, 0x00000000031ade68]
Event: 2.525 Thread 0x000000001557f000 1067       4       sun.nio.fs.WindowsPath::relativize (223 bytes)
Event: 2.533 Thread 0x0000000015583000 1068       4       sun.nio.fs.WindowsFileAttributes::<init> (57 bytes)
Event: 2.533 Thread 0x0000000015583000 nmethod 1068 0x00000000031aff50 code [0x00000000031b0080, 0x00000000031b0118]
Event: 2.540 Thread 0x0000000015583000 1069       4       sun.nio.fs.WindowsPathParser::parse (384 bytes)

GC Heap History (6 events):
Event: 1.025 GC heap before
{Heap before GC invocations=1 (full 0):
 PSYoungGen      total 18944K, used 16384K [0x00000000feb00000, 0x0000000100000000, 0x0000000100000000)
  eden space 16384K, 100% used [0x00000000feb00000,0x00000000ffb00000,0x00000000ffb00000)
  from space 2560K, 0% used [0x00000000ffd80000,0x00000000ffd80000,0x0000000100000000)
  to   space 2560K, 0% used [0x00000000ffb00000,0x00000000ffb00000,0x00000000ffd80000)
 ParOldGen       total 44032K, used 0K [0x00000000fc000000, 0x00000000feb00000, 0x00000000feb00000)
  object space 44032K, 0% used [0x00000000fc000000,0x00000000fc000000,0x00000000feb00000)
 Metaspace       used 6623K, capacity 6736K, committed 7040K, reserved 1056768K
  class space    used 773K, capacity 824K, committed 896K, reserved 1048576K
Event: 1.042 GC heap after
Heap after GC invocations=1 (full 0):
 PSYoungGen      total 18944K, used 2537K [0x00000000feb00000, 0x0000000100000000, 0x0000000100000000)
  eden space 16384K, 0% used [0x00000000feb00000,0x00000000feb00000,0x00000000ffb00000)
  from space 2560K, 99% used [0x00000000ffb00000,0x00000000ffd7a620,0x00000000ffd80000)
  to   space 2560K, 0% used [0x00000000ffd80000,0x00000000ffd80000,0x0000000100000000)
 ParOldGen       total 44032K, used 1457K [0x00000000fc000000, 0x00000000feb00000, 0x00000000feb00000)
  object space 44032K, 3% used [0x00000000fc000000,0x00000000fc16c530,0x00000000feb00000)
 Metaspace       used 6623K, capacity 6736K, committed 7040K, reserved 1056768K
  class space    used 773K, capacity 824K, committed 896K, reserved 1048576K
}
Event: 1.438 GC heap before
{Heap before GC invocations=2 (full 0):
 PSYoungGen      total 18944K, used 18921K [0x00000000feb00000, 0x0000000100000000, 0x0000000100000000)
  eden space 16384K, 100% used [0x00000000feb00000,0x00000000ffb00000,0x00000000ffb00000)
  from space 2560K, 99% used [0x00000000ffb00000,0x00000000ffd7a620,0x00000000ffd80000)
  to   space 2560K, 0% used [0x00000000ffd80000,0x00000000ffd80000,0x0000000100000000)
 ParOldGen       total 44032K, used 1457K [0x00000000fc000000, 0x00000000feb00000, 0x00000000feb00000)
  object space 44032K, 3% used [0x00000000fc000000,0x00000000fc16c530,0x00000000feb00000)
 Metaspace       used 6968K, capacity 7106K, committed 7296K, reserved 1056768K
  class space    used 816K, capacity 861K, committed 896K, reserved 1048576K
Event: 1.444 GC heap after
Heap after GC invocations=2 (full 0):
 PSYoungGen      total 18944K, used 2547K [0x00000000feb00000, 0x0000000100000000, 0x0000000100000000)
  eden space 16384K, 0% used [0x00000000feb00000,0x00000000feb00000,0x00000000ffb00000)
  from space 2560K, 99% used [0x00000000ffd80000,0x00000000ffffce20,0x0000000100000000)
  to   space 2560K, 0% used [0x00000000ffb00000,0x00000000ffb00000,0x00000000ffd80000)
 ParOldGen       total 44032K, used 5918K [0x00000000fc000000, 0x00000000feb00000, 0x00000000feb00000)
  object space 44032K, 13% used [0x00000000fc000000,0x00000000fc5c7a18,0x00000000feb00000)
 Metaspace       used 6968K, capacity 7106K, committed 7296K, reserved 1056768K
  class space    used 816K, capacity 861K, committed 896K, reserved 1048576K
}
Event: 2.236 GC heap before
{Heap before GC invocations=3 (full 0):
 PSYoungGen      total 18944K, used 18931K [0x00000000feb00000, 0x0000000100000000, 0x0000000100000000)
  eden space 16384K, 100% used [0x00000000feb00000,0x00000000ffb00000,0x00000000ffb00000)
  from space 2560K, 99% used [0x00000000ffd80000,0x00000000ffffce20,0x0000000100000000)
  to   space 2560K, 0% used [0x00000000ffb00000,0x00000000ffb00000,0x00000000ffd80000)
 ParOldGen       total 44032K, used 5918K [0x00000000fc000000, 0x00000000feb00000, 0x00000000feb00000)
  object space 44032K, 13% used [0x00000000fc000000,0x00000000fc5c7a18,0x00000000feb00000)
 Metaspace       used 7714K, capacity 7906K, committed 8192K, reserved 1056768K
  class space    used 876K, capacity 957K, committed 1024K, reserved 1048576K
Event: 2.518 GC heap after
Heap after GC invocations=3 (full 0):
 PSYoungGen      total 18944K, used 2528K [0x00000000feb00000, 0x0000000100000000, 0x0000000100000000)
  eden space 16384K, 0% used [0x00000000feb00000,0x00000000feb00000,0x00000000ffb00000)
  from space 2560K, 98% used [0x00000000ffb00000,0x00000000ffd78380,0x00000000ffd80000)
  to   space 2560K, 0% used [0x00000000ffd80000,0x00000000ffd80000,0x0000000100000000)
 ParOldGen       total 44032K, used 6880K [0x00000000fc000000, 0x00000000feb00000, 0x00000000feb00000)
  object space 44032K, 15% used [0x00000000fc000000,0x00000000fc6b8268,0x00000000feb00000)
 Metaspace       used 7714K, capacity 7906K, committed 8192K, reserved 1056768K
  class space    used 876K, capacity 957K, committed 1024K, reserved 1048576K
}

Deoptimization events (10 events):
Event: 1.685 Thread 0x0000000002cad800 Uncommon trap: reason=unstable_if action=reinterpret pc=0x0000000002f60eb8 method=java.lang.String.<init>([CII)V @ 18
Event: 1.759 Thread 0x0000000002cad800 Uncommon trap: reason=unstable_if action=reinterpret pc=0x00000000030fb23c method=org.objectweb.asm.ClassReader.readUTF8(I[C)Ljava/lang/String; @ 7
Event: 2.112 Thread 0x0000000002cad800 Uncommon trap: reason=unstable_if action=reinterpret pc=0x00000000031627e8 method=java.io.BufferedOutputStream.write(I)V @ 9
Event: 2.113 Thread 0x0000000002cad800 Uncommon trap: reason=class_check action=maybe_recompile pc=0x0000000003177eec method=org.objectweb.asm.MethodVisitor.visitVarInsn(II)V @ 13
Event: 2.113 Thread 0x0000000002cad800 Uncommon trap: reason=class_check action=maybe_recompile pc=0x0000000003177eec method=org.objectweb.asm.MethodVisitor.visitVarInsn(II)V @ 13
Event: 2.113 Thread 0x0000000002cad800 Uncommon trap: reason=class_check action=maybe_recompile pc=0x0000000003177eec method=org.objectweb.asm.MethodVisitor.visitVarInsn(II)V @ 13
Event: 2.114 Thread 0x0000000002cad800 Uncommon trap: reason=class_check action=maybe_recompile pc=0x0000000003177e78 method=org.objectweb.asm.tree.VarInsnNode.accept(Lorg/objectweb/asm/MethodVisitor;)V @ 9
Event: 2.114 Thread 0x0000000002cad800 Uncommon trap: reason=class_check action=maybe_recompile pc=0x0000000003177e78 method=org.objectweb.asm.tree.VarInsnNode.accept(Lorg/objectweb/asm/MethodVisitor;)V @ 9
Event: 2.114 Thread 0x0000000002cad800 Uncommon trap: reason=class_check action=maybe_recompile pc=0x0000000003177e78 method=org.objectweb.asm.tree.VarInsnNode.accept(Lorg/objectweb/asm/MethodVisitor;)V @ 9
Event: 2.131 Thread 0x0000000002cad800 Uncommon trap: reason=unstable_if action=reinterpret pc=0x00000000031410c0 method=org.objectweb.asm.ClassReader.readUTF8(I[C)Ljava/lang/String; @ 11

Classes redefined (0 events):
No events

Internal exceptions (10 events):
Event: 1.517 Thread 0x0000000002cad800 Exception <a 'sun/nio/fs/WindowsException'> (0x00000000feb9cde8) thrown at [D:\src\AOSP-openjdk-cygwin\jdk8u\hotspot\src\share\vm\prims\jni.cpp, line 709]
Event: 1.517 Thread 0x0000000002cad800 Exception <a 'sun/nio/fs/WindowsException'> (0x00000000feb9d2c0) thrown at [D:\src\AOSP-openjdk-cygwin\jdk8u\hotspot\src\share\vm\prims\jni.cpp, line 709]
Event: 1.521 Thread 0x0000000002cad800 Exception <a 'sun/nio/fs/WindowsException'> (0x00000000feba0768) thrown at [D:\src\AOSP-openjdk-cygwin\jdk8u\hotspot\src\share\vm\prims\jni.cpp, line 709]
Event: 1.535 Thread 0x0000000002cad800 Exception <a 'sun/nio/fs/WindowsException'> (0x00000000feba0c40) thrown at [D:\src\AOSP-openjdk-cygwin\jdk8u\hotspot\src\share\vm\prims\jni.cpp, line 709]
Event: 1.694 Thread 0x0000000002cad800 Exception <a 'sun/nio/fs/WindowsException'> (0x00000000fed2bb80) thrown at [D:\src\AOSP-openjdk-cygwin\jdk8u\hotspot\src\share\vm\prims\jni.cpp, line 709]
Event: 1.694 Thread 0x0000000002cad800 Exception <a 'sun/nio/fs/WindowsException'> (0x00000000fed2c058) thrown at [D:\src\AOSP-openjdk-cygwin\jdk8u\hotspot\src\share\vm\prims\jni.cpp, line 709]
Event: 2.129 Thread 0x0000000002cad800 Exception <a 'sun/nio/fs/WindowsException'> (0x00000000ff6914d0) thrown at [D:\src\AOSP-openjdk-cygwin\jdk8u\hotspot\src\share\vm\prims\jni.cpp, line 709]
Event: 2.129 Thread 0x0000000002cad800 Exception <a 'sun/nio/fs/WindowsException'> (0x00000000ff6919a8) thrown at [D:\src\AOSP-openjdk-cygwin\jdk8u\hotspot\src\share\vm\prims\jni.cpp, line 709]
Event: 2.146 Thread 0x0000000002cad800 Exception <a 'sun/nio/fs/WindowsException'> (0x00000000ff6ceb40) thrown at [D:\src\AOSP-openjdk-cygwin\jdk8u\hotspot\src\share\vm\prims\jni.cpp, line 709]
Event: 2.147 Thread 0x0000000002cad800 Exception <a 'sun/nio/fs/WindowsException'> (0x00000000ff6cf018) thrown at [D:\src\AOSP-openjdk-cygwin\jdk8u\hotspot\src\share\vm\prims\jni.cpp, line 709]

Events (10 events):
Event: 2.114 Thread 0x0000000002cad800 DEOPT UNPACKING pc=0x0000000002e1556a sp=0x0000000002c9ec58 mode 2
Event: 2.115 Executing VM operation: ForceSafepoint
Event: 2.115 Executing VM operation: ForceSafepoint done
Event: 2.131 Thread 0x0000000002cad800 Uncommon trap: trap_request=0xffffff65 fr.pc=0x00000000031410c0
Event: 2.131 Thread 0x0000000002cad800 DEOPT PACKING pc=0x00000000031410c0 sp=0x0000000002c9f0c0
Event: 2.131 Thread 0x0000000002cad800 DEOPT UNPACKING pc=0x0000000002e1556a sp=0x0000000002c9f090 mode 2
Event: 2.161 loading class com/google/devtools/build/android/desugar/DirectoryOutputFileProvider
Event: 2.161 loading class com/google/devtools/build/android/desugar/DirectoryOutputFileProvider done
Event: 2.236 Executing VM operation: ParallelGCFailedAllocation
Event: 2.518 Executing VM operation: ParallelGCFailedAllocation done


Dynamic libraries:
0x00007ff6c8c60000 - 0x00007ff6c8c91000 	C:\Program Files\Android\Android Studio\jre\bin\java.exe
0x00007ffba9340000 - 0x00007ffba9521000 	C:\WINDOWS\SYSTEM32\ntdll.dll
0x00007ffba6ca0000 - 0x00007ffba6d52000 	C:\WINDOWS\System32\KERNEL32.DLL
0x00007ffba6070000 - 0x00007ffba62e3000 	C:\WINDOWS\System32\KERNELBASE.dll
0x00007ffba9260000 - 0x00007ffba9301000 	C:\WINDOWS\System32\ADVAPI32.dll
0x00007ffba77b0000 - 0x00007ffba784e000 	C:\WINDOWS\System32\msvcrt.dll
0x00007ffba71b0000 - 0x00007ffba720b000 	C:\WINDOWS\System32\sechost.dll
0x00007ffba7580000 - 0x00007ffba76a4000 	C:\WINDOWS\System32\RPCRT4.dll
0x00007ffba7ac0000 - 0x00007ffba7c50000 	C:\WINDOWS\System32\USER32.dll
0x00007ffba5790000 - 0x00007ffba57b0000 	C:\WINDOWS\System32\win32u.dll
0x00007ffba67e0000 - 0x00007ffba6808000 	C:\WINDOWS\System32\GDI32.dll
0x00007ffba6530000 - 0x00007ffba66c2000 	C:\WINDOWS\System32\gdi32full.dll
0x00007ffba5fd0000 - 0x00007ffba606f000 	C:\WINDOWS\System32\msvcp_win.dll
0x00007ffba66d0000 - 0x00007ffba67ca000 	C:\WINDOWS\System32\ucrtbase.dll
0x00007ffb93ad0000 - 0x00007ffb93d39000 	C:\WINDOWS\WinSxS\amd64_microsoft.windows.common-controls_6595b64144ccf1df_6.0.17134.48_none_b4b2216a3cb4dd3e\COMCTL32.dll
0x00007ffba6810000 - 0x00007ffba6b33000 	C:\WINDOWS\System32\combase.dll
0x00007ffba5710000 - 0x00007ffba578a000 	C:\WINDOWS\System32\bcryptPrimitives.dll
0x00007ffba9090000 - 0x00007ffba90bd000 	C:\WINDOWS\System32\IMM32.DLL
0x0000000069530000 - 0x0000000069602000 	C:\Program Files\Android\Android Studio\jre\jre\bin\msvcr100.dll
0x0000000066c10000 - 0x000000006744e000 	C:\Program Files\Android\Android Studio\jre\jre\bin\server\jvm.dll
0x00007ffba91d0000 - 0x00007ffba91d8000 	C:\WINDOWS\System32\PSAPI.DLL
0x00007ffba1d20000 - 0x00007ffba1d29000 	C:\WINDOWS\SYSTEM32\WSOCK32.dll
0x00007ffba7510000 - 0x00007ffba757c000 	C:\WINDOWS\System32\WS2_32.dll
0x00007ffb95780000 - 0x00007ffb957a3000 	C:\WINDOWS\SYSTEM32\WINMM.dll
0x00007ffb9d7c0000 - 0x00007ffb9d7ca000 	C:\WINDOWS\SYSTEM32\VERSION.dll
0x00007ffb95570000 - 0x00007ffb9559a000 	C:\WINDOWS\SYSTEM32\WINMMBASE.dll
0x00007ffba64e0000 - 0x00007ffba6529000 	C:\WINDOWS\System32\cfgmgr32.dll
0x00007ffba3a40000 - 0x00007ffba3a4f000 	C:\Program Files\Android\Android Studio\jre\jre\bin\verify.dll
0x00007ffba1b00000 - 0x00007ffba1b29000 	C:\Program Files\Android\Android Studio\jre\jre\bin\java.dll
0x00007ffba1280000 - 0x00007ffba1296000 	C:\Program Files\Android\Android Studio\jre\jre\bin\zip.dll
0x00007ffba7c50000 - 0x00007ffba9090000 	C:\WINDOWS\System32\SHELL32.dll
0x00007ffba9120000 - 0x00007ffba91c9000 	C:\WINDOWS\System32\shcore.dll
0x00007ffba58c0000 - 0x00007ffba5fcd000 	C:\WINDOWS\System32\windows.storage.dll
0x00007ffba90c0000 - 0x00007ffba9111000 	C:\WINDOWS\System32\shlwapi.dll
0x00007ffba5680000 - 0x00007ffba5691000 	C:\WINDOWS\System32\kernel.appcore.dll
0x00007ffba56f0000 - 0x00007ffba570f000 	C:\WINDOWS\System32\profapi.dll
0x00007ffba56a0000 - 0x00007ffba56ec000 	C:\WINDOWS\System32\powrprof.dll
0x00007ffba5650000 - 0x00007ffba565a000 	C:\WINDOWS\System32\FLTLIB.DLL
0x00007ffba5080000 - 0x00007ffba5097000 	C:\WINDOWS\SYSTEM32\CRYPTSP.dll
0x00007ffba4ab0000 - 0x00007ffba4ae3000 	C:\WINDOWS\system32\rsaenh.dll
0x00007ffba51b0000 - 0x00007ffba51d5000 	C:\WINDOWS\SYSTEM32\bcrypt.dll
0x00007ffba5580000 - 0x00007ffba55a8000 	C:\WINDOWS\SYSTEM32\USERENV.dll
0x00007ffba50a0000 - 0x00007ffba50ab000 	C:\WINDOWS\SYSTEM32\CRYPTBASE.dll
0x00007ffba1180000 - 0x00007ffba119a000 	C:\Program Files\Android\Android Studio\jre\jre\bin\net.dll
0x00007ffba4ed0000 - 0x00007ffba4f36000 	C:\WINDOWS\system32\mswsock.dll
0x00007ffba4c50000 - 0x00007ffba4c88000 	C:\WINDOWS\SYSTEM32\IPHLPAPI.DLL
0x00007ffba7430000 - 0x00007ffba7438000 	C:\WINDOWS\System32\NSI.dll
0x00007ffb9a1f0000 - 0x00007ffb9a206000 	C:\WINDOWS\SYSTEM32\dhcpcsvc6.DLL
0x00007ffb9a120000 - 0x00007ffb9a13a000 	C:\WINDOWS\SYSTEM32\dhcpcsvc.DLL
0x00007ffb9f410000 - 0x00007ffb9f421000 	C:\Program Files\Android\Android Studio\jre\jre\bin\nio.dll

VM Arguments:
jvm_args: -Djava.awt.headless=true -Xmx64M -Dfile.encoding=x-windows-949 -Duser.country=KR -Duser.language=ko -Duser.variant 
java_command: com.google.devtools.build.android.desugar.Desugar @D:\test\app\build\intermediates\tmp\desugar_args3636344096228196334
java_class_path (initial): C:\Users\Goo\AppData\Local\Temp\desugar_deploy.jar817229055182116543
Launcher Type: SUN_STANDARD

Environment Variables:
PATH=C:\ProgramData\Oracle\Java\javapath;C:\WINDOWS\system32;C:\WINDOWS;C:\WINDOWS\System32\Wbem;C:\WINDOWS\System32\WindowsPowerShell\v1.0\;C:\OpenSSL;;C:\WINDOWS\System32\OpenSSH\;C:\Users\Goo\AppData\Local\Microsoft\WindowsApps;
USERNAME=Goo
OS=Windows_NT
PROCESSOR_IDENTIFIER=Intel64 Family 6 Model 158 Stepping 9, GenuineIntel



---------------  S Y S T E M  ---------------

OS: Windows 10.0 , 64 bit Build 17134 (10.0.17134.1)

CPU:total 8 (initial active 8) (4 cores per cpu, 2 threads per core) family 6 model 158 stepping 9, cmov, cx8, fxsr, mmx, sse, sse2, sse3, ssse3, sse4.1, sse4.2, popcnt, avx, avx2, aes, clmul, erms, 3dnowpref, lzcnt, ht, tsc, tscinvbit, bmi1, bmi2, adx

Memory: 4k page, physical 16692940k(4139380k free), swap 16692940k(4588k free)

vm_info: OpenJDK 64-Bit Server VM (25.152-b01) for windows-amd64 JRE (1.8.0_152-release-915-b01), built by "builder" with MS VC++ 10.0 (VS2010)

time: Mon May 28 02:34:25 2018
elapsed time: 2 seconds (0d 0h 0m 2s)

