#
# There is insufficient memory for the Java Runtime Environment to continue.
# Native memory allocation (malloc) failed to allocate 32744 bytes for ChunkPool::allocate
# Possible reasons:
#   The system is out of physical RAM or swap space
#   In 32 bit mode, the process size limit was hit
# Possible solutions:
#   Reduce memory load on the system
#   Increase physical memory or swap space
#   Check if swap backing store is full
#   Use 64 bit Java on a 64 bit OS
#   Decrease Java heap size (-Xmx/-Xms)
#   Decrease number of Java threads
#   Decrease Java thread stack sizes (-Xss)
#   Set larger code cache with -XX:ReservedCodeCacheSize=
# This output file may be truncated or incomplete.
#
#  Out of Memory Error (allocation.cpp:273), pid=11600, tid=0x000000000000133c
#
# JRE version: OpenJDK Runtime Environment (8.0_152-b01) (build 1.8.0_152-release-915-b01)
# Java VM: OpenJDK 64-Bit Server VM (25.152-b01 mixed mode windows-amd64 compressed oops)
# Failed to write core dump. Minidumps are not enabled by default on client versions of Windows
#

---------------  T H R E A D  ---------------

Current thread (0x0000000015dab800):  JavaThread "C2 CompilerThread0" daemon [_thread_in_native, id=4924, stack(0x0000000016500000,0x0000000016600000)]

Stack: [0x0000000016500000,0x0000000016600000]
[error occurred during error reporting (printing stack bounds), id 0xc0000005]

Native frames: (J=compiled Java code, j=interpreted, Vv=VM code, C=native code)


Current CompileTask:
C2:   4279 1088       4       org.objectweb.asm.Item::a (354 bytes)


---------------  P R O C E S S  ---------------

Java Threads: ( => current thread )
  0x0000000015e6f800 JavaThread "Service Thread" daemon [_thread_blocked, id=10944, stack(0x0000000016900000,0x0000000016a00000)]
  0x0000000015e2d000 JavaThread "C1 CompilerThread3" daemon [_thread_in_vm, id=676, stack(0x0000000016800000,0x0000000016900000)]
  0x0000000015e06000 JavaThread "C2 CompilerThread2" daemon [_thread_in_native, id=4652, stack(0x0000000016700000,0x0000000016800000)]
  0x0000000013ebb800 JavaThread "C2 CompilerThread1" daemon [_thread_in_native, id=5948, stack(0x0000000016600000,0x0000000016700000)]
=>0x0000000015dab800 JavaThread "C2 CompilerThread0" daemon [_thread_in_native, id=4924, stack(0x0000000016500000,0x0000000016600000)]
  0x0000000015daa000 JavaThread "Attach Listener" daemon [_thread_blocked, id=884, stack(0x0000000016400000,0x0000000016500000)]
  0x0000000015e00000 JavaThread "Signal Dispatcher" daemon [_thread_blocked, id=12004, stack(0x0000000016300000,0x0000000016400000)]
  0x0000000015d90800 JavaThread "Finalizer" daemon [_thread_blocked, id=796, stack(0x0000000016170000,0x0000000016270000)]
  0x0000000003658000 JavaThread "Reference Handler" daemon [_thread_blocked, id=14088, stack(0x0000000015c70000,0x0000000015d70000)]
  0x00000000036fd800 JavaThread "main" [_thread_in_Java, id=10040, stack(0x00000000030c0000,0x00000000031c0000)]

Other Threads:
  0x0000000013ea5800 VMThread [stack: 0x0000000015b70000,0x0000000015c70000] [id=12340]
  0x0000000015e70800 WatcherThread [stack: 0x0000000016a00000,0x0000000016b00000] [id=5344]

VM state:not at safepoint (normal execution)

VM Mutex/Monitor currently owned by a thread: None

Heap:
 PSYoungGen      total 18944K, used 11715K [0x00000000feb00000, 0x0000000100000000, 0x0000000100000000)
  eden space 16384K, 56% used [0x00000000feb00000,0x00000000ff3f8b58,0x00000000ffb00000)
  from space 2560K, 98% used [0x00000000ffb00000,0x00000000ffd78468,0x00000000ffd80000)
  to   space 2560K, 0% used [0x00000000ffd80000,0x00000000ffd80000,0x0000000100000000)
 ParOldGen       total 44032K, used 6909K [0x00000000fc000000, 0x00000000feb00000, 0x00000000feb00000)
  object space 44032K, 15% used [0x00000000fc000000,0x00000000fc6bf4b0,0x00000000feb00000)
 Metaspace       used 7711K, capacity 7906K, committed 8192K, reserved 1056768K
  class space    used 875K, capacity 957K, committed 1024K, reserved 1048576K

Card table byte_map: [0x0000000003660000,0x0000000003690000] byte_map_base: 0x0000000002e80000

Marking Bits: (ParMarkBitMap*) 0x00000000673d3950
 Begin Bits: [0x00000000132c0000, 0x00000000133c0000)
 End Bits:   [0x00000000133c0000, 0x00000000134c0000)

Polling page: 0x00000000031c0000

CodeCache: size=245760Kb used=4010Kb max_used=4021Kb free=241749Kb
 bounds [0x0000000003700000, 0x0000000003b00000, 0x0000000012700000]
 total_blobs=1423 nmethods=1088 adapters=248
 compilation: enabled

Compilation events (10 events):
Event: 4.155 Thread 0x0000000015e2d000 1082       3       java.lang.ref.Reference::clear (6 bytes)
Event: 4.155 Thread 0x0000000015e2d000 nmethod 1082 0x0000000003aea190 code [0x0000000003aea2e0, 0x0000000003aea450]
Event: 4.155 Thread 0x0000000015e2d000 1083   !   3       java.lang.ref.ReferenceQueue::remove (125 bytes)
Event: 4.156 Thread 0x0000000015e2d000 nmethod 1083 0x0000000003aea4d0 code [0x0000000003aea6a0, 0x0000000003aeaf58]
Event: 4.156 Thread 0x0000000015e2d000 1076       3       java.util.zip.ZipFile$ZipFileInputStream::finalize (5 bytes)
Event: 4.156 Thread 0x0000000015e2d000 nmethod 1076 0x0000000003aeb350 code [0x0000000003aeb4c0, 0x0000000003aeb648]
Event: 4.156 Thread 0x0000000015dab800 1084 %     4       org.objectweb.asm.tree.InsnList::accept @ 5 (23 bytes)
Event: 4.157 Thread 0x0000000015dab800 nmethod 1084% 0x0000000003aee3d0 code [0x0000000003aee520, 0x0000000003aee638]
Event: 4.157 Thread 0x0000000015dab800 1088       4       org.objectweb.asm.Item::a (354 bytes)
Event: 4.161 Thread 0x0000000015e2d000 1087       3       com.google.devtools.build.android.desugar.InterfaceDesugaring::normalizeInterfaceMethodName (41 bytes)

GC Heap History (6 events):
Event: 1.389 GC heap before
{Heap before GC invocations=1 (full 0):
 PSYoungGen      total 18944K, used 16384K [0x00000000feb00000, 0x0000000100000000, 0x0000000100000000)
  eden space 16384K, 100% used [0x00000000feb00000,0x00000000ffb00000,0x00000000ffb00000)
  from space 2560K, 0% used [0x00000000ffd80000,0x00000000ffd80000,0x0000000100000000)
  to   space 2560K, 0% used [0x00000000ffb00000,0x00000000ffb00000,0x00000000ffd80000)
 ParOldGen       total 44032K, used 0K [0x00000000fc000000, 0x00000000feb00000, 0x00000000feb00000)
  object space 44032K, 0% used [0x00000000fc000000,0x00000000fc000000,0x00000000feb00000)
 Metaspace       used 6625K, capacity 6800K, committed 7040K, reserved 1056768K
  class space    used 773K, capacity 824K, committed 896K, reserved 1048576K
Event: 1.392 GC heap after
Heap after GC invocations=1 (full 0):
 PSYoungGen      total 18944K, used 2537K [0x00000000feb00000, 0x0000000100000000, 0x0000000100000000)
  eden space 16384K, 0% used [0x00000000feb00000,0x00000000feb00000,0x00000000ffb00000)
  from space 2560K, 99% used [0x00000000ffb00000,0x00000000ffd7a620,0x00000000ffd80000)
  to   space 2560K, 0% used [0x00000000ffd80000,0x00000000ffd80000,0x0000000100000000)
 ParOldGen       total 44032K, used 1442K [0x00000000fc000000, 0x00000000feb00000, 0x00000000feb00000)
  object space 44032K, 3% used [0x00000000fc000000,0x00000000fc168820,0x00000000feb00000)
 Metaspace       used 6625K, capacity 6800K, committed 7040K, reserved 1056768K
  class space    used 773K, capacity 824K, committed 896K, reserved 1048576K
}
Event: 1.890 GC heap before
{Heap before GC invocations=2 (full 0):
 PSYoungGen      total 18944K, used 18921K [0x00000000feb00000, 0x0000000100000000, 0x0000000100000000)
  eden space 16384K, 100% used [0x00000000feb00000,0x00000000ffb00000,0x00000000ffb00000)
  from space 2560K, 99% used [0x00000000ffb00000,0x00000000ffd7a620,0x00000000ffd80000)
  to   space 2560K, 0% used [0x00000000ffd80000,0x00000000ffd80000,0x0000000100000000)
 ParOldGen       total 44032K, used 1442K [0x00000000fc000000, 0x00000000feb00000, 0x00000000feb00000)
  object space 44032K, 3% used [0x00000000fc000000,0x00000000fc168820,0x00000000feb00000)
 Metaspace       used 6969K, capacity 7106K, committed 7296K, reserved 1056768K
  class space    used 816K, capacity 861K, committed 896K, reserved 1048576K
Event: 1.949 GC heap after
Heap after GC invocations=2 (full 0):
 PSYoungGen      total 18944K, used 2547K [0x00000000feb00000, 0x0000000100000000, 0x0000000100000000)
  eden space 16384K, 0% used [0x00000000feb00000,0x00000000feb00000,0x00000000ffb00000)
  from space 2560K, 99% used [0x00000000ffd80000,0x00000000ffffce10,0x0000000100000000)
  to   space 2560K, 0% used [0x00000000ffb00000,0x00000000ffb00000,0x00000000ffd80000)
 ParOldGen       total 44032K, used 5855K [0x00000000fc000000, 0x00000000feb00000, 0x00000000feb00000)
  object space 44032K, 13% used [0x00000000fc000000,0x00000000fc5b7d18,0x00000000feb00000)
 Metaspace       used 6969K, capacity 7106K, committed 7296K, reserved 1056768K
  class space    used 816K, capacity 861K, committed 896K, reserved 1048576K
}
Event: 3.858 GC heap before
{Heap before GC invocations=3 (full 0):
 PSYoungGen      total 18944K, used 18931K [0x00000000feb00000, 0x0000000100000000, 0x0000000100000000)
  eden space 16384K, 100% used [0x00000000feb00000,0x00000000ffb00000,0x00000000ffb00000)
  from space 2560K, 99% used [0x00000000ffd80000,0x00000000ffffce10,0x0000000100000000)
  to   space 2560K, 0% used [0x00000000ffb00000,0x00000000ffb00000,0x00000000ffd80000)
 ParOldGen       total 44032K, used 5855K [0x00000000fc000000, 0x00000000feb00000, 0x00000000feb00000)
  object space 44032K, 13% used [0x00000000fc000000,0x00000000fc5b7d18,0x00000000feb00000)
 Metaspace       used 7704K, capacity 7906K, committed 8192K, reserved 1056768K
  class space    used 875K, capacity 957K, committed 1024K, reserved 1048576K
Event: 4.073 GC heap after
Heap after GC invocations=3 (full 0):
 PSYoungGen      total 18944K, used 2529K [0x00000000feb00000, 0x0000000100000000, 0x0000000100000000)
  eden space 16384K, 0% used [0x00000000feb00000,0x00000000feb00000,0x00000000ffb00000)
  from space 2560K, 98% used [0x00000000ffb00000,0x00000000ffd78468,0x00000000ffd80000)
  to   space 2560K, 0% used [0x00000000ffd80000,0x00000000ffd80000,0x0000000100000000)
 ParOldGen       total 44032K, used 6909K [0x00000000fc000000, 0x00000000feb00000, 0x00000000feb00000)
  object space 44032K, 15% used [0x00000000fc000000,0x00000000fc6bf4b0,0x00000000feb00000)
 Metaspace       used 7704K, capacity 7906K, committed 8192K, reserved 1056768K
  class space    used 875K, capacity 957K, committed 1024K, reserved 1048576K
}

Deoptimization events (10 events):
Event: 1.344 Thread 0x00000000036fd800 Uncommon trap: reason=unstable_if action=reinterpret pc=0x0000000003931dd8 method=java.util.zip.ZipEntry.setExtra0([BZ)V @ 1
Event: 1.362 Thread 0x00000000036fd800 Uncommon trap: reason=unstable_if action=reinterpret pc=0x00000000039431f8 method=java.util.zip.ZipCoder.decoder()Ljava/nio/charset/CharsetDecoder; @ 4
Event: 1.365 Thread 0x00000000036fd800 Uncommon trap: reason=unstable_if action=reinterpret pc=0x000000000394a86c method=java.util.zip.ZipCoder.decoder()Ljava/nio/charset/CharsetDecoder; @ 4
Event: 1.453 Thread 0x00000000036fd800 Uncommon trap: reason=unstable_if action=reinterpret pc=0x000000000394116c method=java.util.zip.ZipCoder.decoder()Ljava/nio/charset/CharsetDecoder; @ 4
Event: 1.453 Thread 0x00000000036fd800 Uncommon trap: reason=unstable_if action=reinterpret pc=0x000000000393d798 method=java.util.zip.ZipCoder.decoder()Ljava/nio/charset/CharsetDecoder; @ 4
Event: 1.454 Thread 0x00000000036fd800 Uncommon trap: reason=unstable_if action=reinterpret pc=0x000000000393c180 method=java.util.zip.ZipCoder.decoder()Ljava/nio/charset/CharsetDecoder; @ 4
Event: 1.865 Thread 0x00000000036fd800 Uncommon trap: reason=unloaded action=reinterpret pc=0x000000000393c7bc method=java.util.zip.ZipEntry.setExtra0([BZ)V @ 37
Event: 2.382 Thread 0x00000000036fd800 Uncommon trap: reason=unstable_if action=reinterpret pc=0x000000000388f238 method=java.lang.String.<init>([CII)V @ 18
Event: 3.043 Thread 0x00000000036fd800 Uncommon trap: reason=unstable_if action=reinterpret pc=0x0000000003a26f7c method=org.objectweb.asm.MethodWriter.visitVarInsn(II)V @ 142
Event: 3.634 Thread 0x00000000036fd800 Uncommon trap: reason=unstable_if action=reinterpret pc=0x00000000039eeb58 method=org.objectweb.asm.Item.a(Lorg/objectweb/asm/Item;)Z @ 345

Classes redefined (0 events):
No events

Internal exceptions (10 events):
Event: 2.357 Thread 0x00000000036fd800 Exception <a 'sun/nio/fs/WindowsException'> (0x00000000febd5930) thrown at [D:\src\AOSP-openjdk-cygwin\jdk8u\hotspot\src\share\vm\prims\jni.cpp, line 709]
Event: 2.357 Thread 0x00000000036fd800 Exception <a 'sun/nio/fs/WindowsException'> (0x00000000febd5e08) thrown at [D:\src\AOSP-openjdk-cygwin\jdk8u\hotspot\src\share\vm\prims\jni.cpp, line 709]
Event: 3.591 Thread 0x00000000036fd800 Exception <a 'sun/nio/fs/WindowsException'> (0x00000000ff7f5bc0) thrown at [D:\src\AOSP-openjdk-cygwin\jdk8u\hotspot\src\share\vm\prims\jni.cpp, line 709]
Event: 3.591 Thread 0x00000000036fd800 Exception <a 'sun/nio/fs/WindowsException'> (0x00000000ff7f6098) thrown at [D:\src\AOSP-openjdk-cygwin\jdk8u\hotspot\src\share\vm\prims\jni.cpp, line 709]
Event: 3.837 Thread 0x00000000036fd800 Exception <a 'sun/nio/fs/WindowsException'> (0x00000000ff987978) thrown at [D:\src\AOSP-openjdk-cygwin\jdk8u\hotspot\src\share\vm\prims\jni.cpp, line 709]
Event: 3.837 Thread 0x00000000036fd800 Exception <a 'sun/nio/fs/WindowsException'> (0x00000000ff987e50) thrown at [D:\src\AOSP-openjdk-cygwin\jdk8u\hotspot\src\share\vm\prims\jni.cpp, line 709]
Event: 3.843 Thread 0x00000000036fd800 Exception <a 'sun/nio/fs/WindowsException'> (0x00000000ff98b2f0) thrown at [D:\src\AOSP-openjdk-cygwin\jdk8u\hotspot\src\share\vm\prims\jni.cpp, line 709]
Event: 3.843 Thread 0x00000000036fd800 Exception <a 'sun/nio/fs/WindowsException'> (0x00000000ff98b7c8) thrown at [D:\src\AOSP-openjdk-cygwin\jdk8u\hotspot\src\share\vm\prims\jni.cpp, line 709]
Event: 3.847 Thread 0x00000000036fd800 Exception <a 'sun/nio/fs/WindowsException'> (0x00000000ff98ec68) thrown at [D:\src\AOSP-openjdk-cygwin\jdk8u\hotspot\src\share\vm\prims\jni.cpp, line 709]
Event: 3.847 Thread 0x00000000036fd800 Exception <a 'sun/nio/fs/WindowsException'> (0x00000000ff98f140) thrown at [D:\src\AOSP-openjdk-cygwin\jdk8u\hotspot\src\share\vm\prims\jni.cpp, line 709]

Events (10 events):
Event: 3.043 Thread 0x00000000036fd800 Uncommon trap: trap_request=0xffffff65 fr.pc=0x0000000003a26f7c
Event: 3.043 Thread 0x00000000036fd800 DEOPT PACKING pc=0x0000000003a26f7c sp=0x00000000031bf000
Event: 3.043 Thread 0x00000000036fd800 DEOPT UNPACKING pc=0x000000000374556a sp=0x00000000031bef48 mode 2
Event: 3.632 Executing VM operation: ForceSafepoint
Event: 3.632 Executing VM operation: ForceSafepoint done
Event: 3.634 Thread 0x00000000036fd800 Uncommon trap: trap_request=0xffffff65 fr.pc=0x00000000039eeb58
Event: 3.634 Thread 0x00000000036fd800 DEOPT PACKING pc=0x00000000039eeb58 sp=0x00000000031beba0
Event: 3.634 Thread 0x00000000036fd800 DEOPT UNPACKING pc=0x000000000374556a sp=0x00000000031beb38 mode 2
Event: 3.858 Executing VM operation: ParallelGCFailedAllocation
Event: 4.073 Executing VM operation: ParallelGCFailedAllocation done


Dynamic libraries:
0x00007ff6d3260000 - 0x00007ff6d3291000 	C:\Program Files\Android\Android Studio\jre\bin\java.exe
0x00007ffba9340000 - 0x00007ffba9521000 	C:\WINDOWS\SYSTEM32\ntdll.dll
0x00007ffba6ca0000 - 0x00007ffba6d52000 	C:\WINDOWS\System32\KERNEL32.DLL
0x00007ffba6070000 - 0x00007ffba62e3000 	C:\WINDOWS\System32\KERNELBASE.dll
0x00007ffba9260000 - 0x00007ffba9301000 	C:\WINDOWS\System32\ADVAPI32.dll
0x00007ffba77b0000 - 0x00007ffba784e000 	C:\WINDOWS\System32\msvcrt.dll
0x00007ffba71b0000 - 0x00007ffba720b000 	C:\WINDOWS\System32\sechost.dll
0x00007ffba7580000 - 0x00007ffba76a4000 	C:\WINDOWS\System32\RPCRT4.dll
0x00007ffba7ac0000 - 0x00007ffba7c50000 	C:\WINDOWS\System32\USER32.dll
0x00007ffba5790000 - 0x00007ffba57b0000 	C:\WINDOWS\System32\win32u.dll
0x00007ffba67e0000 - 0x00007ffba6808000 	C:\WINDOWS\System32\GDI32.dll
0x00007ffba6530000 - 0x00007ffba66c2000 	C:\WINDOWS\System32\gdi32full.dll
0x00007ffba5fd0000 - 0x00007ffba606f000 	C:\WINDOWS\System32\msvcp_win.dll
0x00007ffba66d0000 - 0x00007ffba67ca000 	C:\WINDOWS\System32\ucrtbase.dll
0x00007ffb93ad0000 - 0x00007ffb93d39000 	C:\WINDOWS\WinSxS\amd64_microsoft.windows.common-controls_6595b64144ccf1df_6.0.17134.48_none_b4b2216a3cb4dd3e\COMCTL32.dll
0x00007ffba6810000 - 0x00007ffba6b33000 	C:\WINDOWS\System32\combase.dll
0x00007ffba5710000 - 0x00007ffba578a000 	C:\WINDOWS\System32\bcryptPrimitives.dll
0x00007ffba9090000 - 0x00007ffba90bd000 	C:\WINDOWS\System32\IMM32.DLL
0x0000000069530000 - 0x0000000069602000 	C:\Program Files\Android\Android Studio\jre\jre\bin\msvcr100.dll
0x0000000066c10000 - 0x000000006744e000 	C:\Program Files\Android\Android Studio\jre\jre\bin\server\jvm.dll
0x00007ffba91d0000 - 0x00007ffba91d8000 	C:\WINDOWS\System32\PSAPI.DLL
0x00007ffba1ea0000 - 0x00007ffba1ea9000 	C:\WINDOWS\SYSTEM32\WSOCK32.dll
0x00007ffba7510000 - 0x00007ffba757c000 	C:\WINDOWS\System32\WS2_32.dll
0x00007ffb95780000 - 0x00007ffb957a3000 	C:\WINDOWS\SYSTEM32\WINMM.dll
0x00007ffb9d7c0000 - 0x00007ffb9d7ca000 	C:\WINDOWS\SYSTEM32\VERSION.dll
0x00007ffb95570000 - 0x00007ffb9559a000 	C:\WINDOWS\SYSTEM32\WINMMBASE.dll
0x00007ffba64e0000 - 0x00007ffba6529000 	C:\WINDOWS\System32\cfgmgr32.dll
0x00007ffba1e90000 - 0x00007ffba1e9f000 	C:\Program Files\Android\Android Studio\jre\jre\bin\verify.dll
0x00007ffb9fc20000 - 0x00007ffb9fc49000 	C:\Program Files\Android\Android Studio\jre\jre\bin\java.dll
0x00007ffb9fc00000 - 0x00007ffb9fc16000 	C:\Program Files\Android\Android Studio\jre\jre\bin\zip.dll
0x00007ffba7c50000 - 0x00007ffba9090000 	C:\WINDOWS\System32\SHELL32.dll
0x00007ffba9120000 - 0x00007ffba91c9000 	C:\WINDOWS\System32\shcore.dll
0x00007ffba58c0000 - 0x00007ffba5fcd000 	C:\WINDOWS\System32\windows.storage.dll
0x00007ffba90c0000 - 0x00007ffba9111000 	C:\WINDOWS\System32\shlwapi.dll
0x00007ffba5680000 - 0x00007ffba5691000 	C:\WINDOWS\System32\kernel.appcore.dll
0x00007ffba56f0000 - 0x00007ffba570f000 	C:\WINDOWS\System32\profapi.dll
0x00007ffba56a0000 - 0x00007ffba56ec000 	C:\WINDOWS\System32\powrprof.dll
0x00007ffba5650000 - 0x00007ffba565a000 	C:\WINDOWS\System32\FLTLIB.DLL
0x00007ffba5080000 - 0x00007ffba5097000 	C:\WINDOWS\SYSTEM32\CRYPTSP.dll
0x00007ffba4ab0000 - 0x00007ffba4ae3000 	C:\WINDOWS\system32\rsaenh.dll
0x00007ffba51b0000 - 0x00007ffba51d5000 	C:\WINDOWS\SYSTEM32\bcrypt.dll
0x00007ffba5580000 - 0x00007ffba55a8000 	C:\WINDOWS\SYSTEM32\USERENV.dll
0x00007ffba50a0000 - 0x00007ffba50ab000 	C:\WINDOWS\SYSTEM32\CRYPTBASE.dll
0x00007ffb9fbe0000 - 0x00007ffb9fbfa000 	C:\Program Files\Android\Android Studio\jre\jre\bin\net.dll
0x00007ffba4ed0000 - 0x00007ffba4f36000 	C:\WINDOWS\system32\mswsock.dll
0x00007ffba4c50000 - 0x00007ffba4c88000 	C:\WINDOWS\SYSTEM32\IPHLPAPI.DLL
0x00007ffba7430000 - 0x00007ffba7438000 	C:\WINDOWS\System32\NSI.dll
0x00007ffb9a1f0000 - 0x00007ffb9a206000 	C:\WINDOWS\SYSTEM32\dhcpcsvc6.DLL
0x00007ffb9a120000 - 0x00007ffb9a13a000 	C:\WINDOWS\SYSTEM32\dhcpcsvc.DLL
0x00007ffb9fbc0000 - 0x00007ffb9fbd1000 	C:\Program Files\Android\Android Studio\jre\jre\bin\nio.dll

VM Arguments:
jvm_args: -Djava.awt.headless=true -Xmx64M -Dfile.encoding=x-windows-949 -Duser.country=KR -Duser.language=ko -Duser.variant 
java_command: com.google.devtools.build.android.desugar.Desugar @D:\test\app\build\intermediates\tmp\desugar_args6082338701819604564
java_class_path (initial): C:\Users\Goo\AppData\Local\Temp\desugar_deploy.jar7969236958099071626
Launcher Type: SUN_STANDARD

Environment Variables:
PATH=C:\ProgramData\Oracle\Java\javapath;C:\WINDOWS\system32;C:\WINDOWS;C:\WINDOWS\System32\Wbem;C:\WINDOWS\System32\WindowsPowerShell\v1.0\;C:\OpenSSL;;C:\WINDOWS\System32\OpenSSH\;C:\Users\Goo\AppData\Local\Microsoft\WindowsApps;
USERNAME=Goo
OS=Windows_NT
PROCESSOR_IDENTIFIER=Intel64 Family 6 Model 158 Stepping 9, GenuineIntel



---------------  S Y S T E M  ---------------

OS: Windows 10.0 , 64 bit Build 17134 (10.0.17134.1)

CPU:total 8 (initial active 8) (4 cores per cpu, 2 threads per core) family 6 model 158 stepping 9, cmov, cx8, fxsr, mmx, sse, sse2, sse3, ssse3, sse4.1, sse4.2, popcnt, avx, avx2, aes, clmul, erms, 3dnowpref, lzcnt, ht, tsc, tscinvbit, bmi1, bmi2, adx

Memory: 4k page, physical 16692940k(3775736k free), swap 16692940k(9240k free)

vm_info: OpenJDK 64-Bit Server VM (25.152-b01) for windows-amd64 JRE (1.8.0_152-release-915-b01), built by "builder" with MS VC++ 10.0 (VS2010)

time: Tue May 29 04:28:38 2018
elapsed time: 4 seconds (0d 0h 0m 4s)

