#
# There is insufficient memory for the Java Runtime Environment to continue.
# Native memory allocation (malloc) failed to allocate 1049376 bytes for Chunk::new
# Possible reasons:
#   The system is out of physical RAM or swap space
#   In 32 bit mode, the process size limit was hit
# Possible solutions:
#   Reduce memory load on the system
#   Increase physical memory or swap space
#   Check if swap backing store is full
#   Use 64 bit Java on a 64 bit OS
#   Decrease Java heap size (-Xmx/-Xms)
#   Decrease number of Java threads
#   Decrease Java thread stack sizes (-Xss)
#   Set larger code cache with -XX:ReservedCodeCacheSize=
# This output file may be truncated or incomplete.
#
#  Out of Memory Error (allocation.cpp:390), pid=7980, tid=0x00000000000009ac
#
# JRE version: OpenJDK Runtime Environment (8.0_152-b01) (build 1.8.0_152-release-915-b01)
# Java VM: OpenJDK 64-Bit Server VM (25.152-b01 mixed mode windows-amd64 compressed oops)
# Failed to write core dump. Minidumps are not enabled by default on client versions of Windows
#

---------------  T H R E A D  ---------------

Current thread (0x000000001361e800):  JavaThread "C2 CompilerThread2" daemon [_thread_in_native, id=2476, stack(0x0000000015e90000,0x0000000015f90000)]

Stack: [0x0000000015e90000,0x0000000015f90000]
[error occurred during error reporting (printing stack bounds), id 0xc0000005]

Native frames: (J=compiled Java code, j=interpreted, Vv=VM code, C=native code)


Current CompileTask:
C2:   2546  962       4       org.objectweb.asm.ClassReader::a (3587 bytes)


---------------  P R O C E S S  ---------------

Java Threads: ( => current thread )
  0x00000000155f4000 JavaThread "Service Thread" daemon [_thread_blocked, id=3036, stack(0x0000000016090000,0x0000000016190000)]
  0x00000000155bf800 JavaThread "C1 CompilerThread3" daemon [_thread_blocked, id=6220, stack(0x0000000015f90000,0x0000000016090000)]
=>0x000000001361e800 JavaThread "C2 CompilerThread2" daemon [_thread_in_native, id=2476, stack(0x0000000015e90000,0x0000000015f90000)]
  0x000000001361a800 JavaThread "C2 CompilerThread1" daemon [_thread_blocked, id=9980, stack(0x0000000015d90000,0x0000000015e90000)]
  0x000000001558f000 JavaThread "C2 CompilerThread0" daemon [_thread_blocked, id=1732, stack(0x0000000015c90000,0x0000000015d90000)]
  0x000000001558d800 JavaThread "Attach Listener" daemon [_thread_blocked, id=8000, stack(0x0000000015b90000,0x0000000015c90000)]
  0x000000001553a000 JavaThread "Signal Dispatcher" daemon [_thread_blocked, id=2500, stack(0x0000000015a90000,0x0000000015b90000)]
  0x0000000002e5e000 JavaThread "Finalizer" daemon [_thread_blocked, id=1180, stack(0x0000000015900000,0x0000000015a00000)]
  0x0000000002e57000 JavaThread "Reference Handler" daemon [_thread_blocked, id=8732, stack(0x0000000015400000,0x0000000015500000)]
  0x0000000002c5d800 JavaThread "main" [_thread_blocked, id=13112, stack(0x0000000002c60000,0x0000000002d60000)]

Other Threads:
  0x0000000013605800 VMThread [stack: 0x0000000015300000,0x0000000015400000] [id=13016]
  0x00000000155e6000 WatcherThread [stack: 0x0000000016190000,0x0000000016290000] [id=9656]

VM state:at safepoint (normal execution)

VM Mutex/Monitor currently owned by a thread:  ([mutex/lock_event])
[0x0000000002c5c3f0] Threads_lock - owner thread: 0x0000000013605800
[0x0000000002c5ccf0] Heap_lock - owner thread: 0x00000000155bf800
[0x0000000002d60850] MethodData_lock - owner thread: 0x00000000155bf800

Heap:
 PSYoungGen      total 18944K, used 2545K [0x00000000feb00000, 0x0000000100000000, 0x0000000100000000)
  eden space 16384K, 0% used [0x00000000feb00000,0x00000000feb00000,0x00000000ffb00000)
  from space 2560K, 99% used [0x00000000ffd80000,0x00000000ffffc600,0x0000000100000000)
  to   space 2560K, 0% used [0x00000000ffb00000,0x00000000ffb00000,0x00000000ffd80000)
 ParOldGen       total 44032K, used 6892K [0x00000000fc000000, 0x00000000feb00000, 0x00000000feb00000)
  object space 44032K, 15% used [0x00000000fc000000,0x00000000fc6bb390,0x00000000feb00000)
 Metaspace       used 7716K, capacity 7854K, committed 7936K, reserved 1060864K
  class space    used 875K, capacity 957K, committed 1024K, reserved 1048576K

Card table byte_map: [0x0000000002b90000,0x0000000002bc0000] byte_map_base: 0x00000000023b0000

Marking Bits: (ParMarkBitMap*) 0x00000000692d3950
 Begin Bits: [0x0000000012a20000, 0x0000000012b20000)
 End Bits:   [0x0000000012b20000, 0x0000000012c20000)

Polling page: 0x0000000000fe0000

CodeCache: size=245760Kb used=3975Kb max_used=3975Kb free=241784Kb
 bounds [0x0000000002e60000, 0x0000000003250000, 0x0000000011e60000]
 total_blobs=1426 nmethods=1088 adapters=248
 compilation: enabled

Compilation events (10 events):
Event: 2.458 Thread 0x000000001558f000 nmethod 1058 0x0000000003232310 code [0x0000000003232460, 0x00000000032325b8]
Event: 2.458 Thread 0x000000001558f000 1059       4       org.objectweb.asm.tree.LabelNode::getLabel (23 bytes)
Event: 2.459 Thread 0x000000001558f000 nmethod 1059 0x00000000032386d0 code [0x0000000003238820, 0x0000000003238918]
Event: 2.459 Thread 0x000000001558f000 1034       4       org.objectweb.asm.ClassVisitor::visitMethod (24 bytes)
Event: 2.459 Thread 0x000000001361a800 nmethod 1026 0x00000000032389d0 code [0x0000000003238d40, 0x000000000323b6b8]
Event: 2.460 Thread 0x000000001558f000 nmethod 1034 0x0000000003232090 code [0x00000000032321c0, 0x0000000003232258]
Event: 2.460 Thread 0x000000001558f000 1045       4       org.objectweb.asm.ByteVector::putInt (74 bytes)
Event: 2.460 Thread 0x000000001361a800 1054       4       org.objectweb.asm.ClassWriter::a (70 bytes)
Event: 2.461 Thread 0x000000001558f000 nmethod 1045 0x0000000003231c50 code [0x0000000003231da0, 0x0000000003231f48]
Event: 2.471 Thread 0x000000001361a800 nmethod 1054 0x0000000003232ed0 code [0x00000000032330a0, 0x0000000003233850]

GC Heap History (6 events):
Event: 1.102 GC heap before
{Heap before GC invocations=1 (full 0):
 PSYoungGen      total 18944K, used 16384K [0x00000000feb00000, 0x0000000100000000, 0x0000000100000000)
  eden space 16384K, 100% used [0x00000000feb00000,0x00000000ffb00000,0x00000000ffb00000)
  from space 2560K, 0% used [0x00000000ffd80000,0x00000000ffd80000,0x0000000100000000)
  to   space 2560K, 0% used [0x00000000ffb00000,0x00000000ffb00000,0x00000000ffd80000)
 ParOldGen       total 44032K, used 0K [0x00000000fc000000, 0x00000000feb00000, 0x00000000feb00000)
  object space 44032K, 0% used [0x00000000fc000000,0x00000000fc000000,0x00000000feb00000)
 Metaspace       used 6633K, capacity 6812K, committed 7040K, reserved 1056768K
  class space    used 774K, capacity 824K, committed 896K, reserved 1048576K
Event: 1.106 GC heap after
Heap after GC invocations=1 (full 0):
 PSYoungGen      total 18944K, used 2553K [0x00000000feb00000, 0x0000000100000000, 0x0000000100000000)
  eden space 16384K, 0% used [0x00000000feb00000,0x00000000feb00000,0x00000000ffb00000)
  from space 2560K, 99% used [0x00000000ffb00000,0x00000000ffd7e630,0x00000000ffd80000)
  to   space 2560K, 0% used [0x00000000ffd80000,0x00000000ffd80000,0x0000000100000000)
 ParOldGen       total 44032K, used 1505K [0x00000000fc000000, 0x00000000feb00000, 0x00000000feb00000)
  object space 44032K, 3% used [0x00000000fc000000,0x00000000fc178648,0x00000000feb00000)
 Metaspace       used 6633K, capacity 6812K, committed 7040K, reserved 1056768K
  class space    used 774K, capacity 824K, committed 896K, reserved 1048576K
}
Event: 1.458 GC heap before
{Heap before GC invocations=2 (full 0):
 PSYoungGen      total 18944K, used 18937K [0x00000000feb00000, 0x0000000100000000, 0x0000000100000000)
  eden space 16384K, 100% used [0x00000000feb00000,0x00000000ffb00000,0x00000000ffb00000)
  from space 2560K, 99% used [0x00000000ffb00000,0x00000000ffd7e630,0x00000000ffd80000)
  to   space 2560K, 0% used [0x00000000ffd80000,0x00000000ffd80000,0x0000000100000000)
 ParOldGen       total 44032K, used 1505K [0x00000000fc000000, 0x00000000feb00000, 0x00000000feb00000)
  object space 44032K, 3% used [0x00000000fc000000,0x00000000fc178648,0x00000000feb00000)
 Metaspace       used 6976K, capacity 7118K, committed 7296K, reserved 1056768K
  class space    used 816K, capacity 861K, committed 896K, reserved 1048576K
Event: 1.467 GC heap after
Heap after GC invocations=2 (full 0):
 PSYoungGen      total 18944K, used 2531K [0x00000000feb00000, 0x0000000100000000, 0x0000000100000000)
  eden space 16384K, 0% used [0x00000000feb00000,0x00000000feb00000,0x00000000ffb00000)
  from space 2560K, 98% used [0x00000000ffd80000,0x00000000ffff8e10,0x0000000100000000)
  to   space 2560K, 0% used [0x00000000ffb00000,0x00000000ffb00000,0x00000000ffd80000)
 ParOldGen       total 44032K, used 5830K [0x00000000fc000000, 0x00000000feb00000, 0x00000000feb00000)
  object space 44032K, 13% used [0x00000000fc000000,0x00000000fc5b1b30,0x00000000feb00000)
 Metaspace       used 6976K, capacity 7118K, committed 7296K, reserved 1056768K
  class space    used 816K, capacity 861K, committed 896K, reserved 1048576K
}
Event: 2.121 GC heap before
{Heap before GC invocations=3 (full 0):
 PSYoungGen      total 18944K, used 18915K [0x00000000feb00000, 0x0000000100000000, 0x0000000100000000)
  eden space 16384K, 100% used [0x00000000feb00000,0x00000000ffb00000,0x00000000ffb00000)
  from space 2560K, 98% used [0x00000000ffd80000,0x00000000ffff8e10,0x0000000100000000)
  to   space 2560K, 0% used [0x00000000ffb00000,0x00000000ffb00000,0x00000000ffd80000)
 ParOldGen       total 44032K, used 5830K [0x00000000fc000000, 0x00000000feb00000, 0x00000000feb00000)
  object space 44032K, 13% used [0x00000000fc000000,0x00000000fc5b1b30,0x00000000feb00000)
 Metaspace       used 7706K, capacity 7854K, committed 7936K, reserved 1056768K
  class space    used 875K, capacity 957K, committed 1024K, reserved 1048576K
Event: 2.456 GC heap after
Heap after GC invocations=3 (full 0):
 PSYoungGen      total 18944K, used 2529K [0x00000000feb00000, 0x0000000100000000, 0x0000000100000000)
  eden space 16384K, 0% used [0x00000000feb00000,0x00000000feb00000,0x00000000ffb00000)
  from space 2560K, 98% used [0x00000000ffb00000,0x00000000ffd78610,0x00000000ffd80000)
  to   space 2560K, 0% used [0x00000000ffd80000,0x00000000ffd80000,0x0000000100000000)
 ParOldGen       total 44032K, used 6876K [0x00000000fc000000, 0x00000000feb00000, 0x00000000feb00000)
  object space 44032K, 15% used [0x00000000fc000000,0x00000000fc6b7390,0x00000000feb00000)
 Metaspace       used 7706K, capacity 7854K, committed 7936K, reserved 1056768K
  class space    used 875K, capacity 957K, committed 1024K, reserved 1048576K
}

Deoptimization events (10 events):
Event: 1.134 Thread 0x0000000002c5d800 Uncommon trap: reason=unstable_if action=reinterpret pc=0x00000000030ac12c method=java.util.zip.ZipCoder.decoder()Ljava/nio/charset/CharsetDecoder; @ 4
Event: 1.168 Thread 0x0000000002c5d800 Uncommon trap: reason=unstable_if action=reinterpret pc=0x00000000030b4688 method=java.util.HashMap$HashIterator.nextNode()Ljava/util/HashMap$Node; @ 74
Event: 1.246 Thread 0x0000000002c5d800 Uncommon trap: reason=unstable_if action=reinterpret pc=0x00000000030b4b88 method=java.util.HashMap$HashIterator.nextNode()Ljava/util/HashMap$Node; @ 74
Event: 1.433 Thread 0x0000000002c5d800 Uncommon trap: reason=unloaded action=reinterpret pc=0x00000000030a943c method=java.util.zip.ZipEntry.setExtra0([BZ)V @ 37
Event: 1.902 Thread 0x0000000002c5d800 Uncommon trap: reason=unstable_if action=reinterpret pc=0x000000000317fdd4 method=org.objectweb.asm.ClassReader.readUTF8(I[C)Ljava/lang/String; @ 11
Event: 2.018 Thread 0x0000000002c5d800 Uncommon trap: reason=class_check action=maybe_recompile pc=0x00000000031effb0 method=org.objectweb.asm.MethodVisitor.visitVarInsn(II)V @ 13
Event: 2.018 Thread 0x0000000002c5d800 Uncommon trap: reason=class_check action=maybe_recompile pc=0x00000000031effb0 method=org.objectweb.asm.MethodVisitor.visitVarInsn(II)V @ 13
Event: 2.018 Thread 0x0000000002c5d800 Uncommon trap: reason=class_check action=maybe_recompile pc=0x00000000031effb0 method=org.objectweb.asm.MethodVisitor.visitVarInsn(II)V @ 13
Event: 2.018 Thread 0x0000000002c5d800 Uncommon trap: reason=class_check action=maybe_recompile pc=0x00000000031effb0 method=org.objectweb.asm.MethodVisitor.visitVarInsn(II)V @ 13
Event: 2.019 Thread 0x0000000002c5d800 Uncommon trap: reason=unstable_if action=reinterpret pc=0x00000000031e6728 method=java.io.BufferedOutputStream.write(I)V @ 9

Classes redefined (0 events):
No events

Internal exceptions (10 events):
Event: 1.244 Thread 0x0000000002c5d800 Exception <a 'sun/nio/fs/WindowsException'> (0x00000000ff236830) thrown at [D:\src\AOSP-openjdk-cygwin\jdk8u\hotspot\src\share\vm\prims\jni.cpp, line 709]
Event: 1.244 Thread 0x0000000002c5d800 Exception <a 'sun/nio/fs/WindowsException'> (0x00000000ff236df8) thrown at [D:\src\AOSP-openjdk-cygwin\jdk8u\hotspot\src\share\vm\prims\jni.cpp, line 709]
Event: 1.244 Thread 0x0000000002c5d800 Exception <a 'sun/nio/fs/WindowsException'> (0x00000000ff2375b8) thrown at [D:\src\AOSP-openjdk-cygwin\jdk8u\hotspot\src\share\vm\prims\jni.cpp, line 709]
Event: 1.244 Thread 0x0000000002c5d800 Exception <a 'sun/nio/fs/WindowsException'> (0x00000000ff237b58) thrown at [D:\src\AOSP-openjdk-cygwin\jdk8u\hotspot\src\share\vm\prims\jni.cpp, line 709]
Event: 1.244 Thread 0x0000000002c5d800 Exception <a 'sun/nio/fs/WindowsException'> (0x00000000ff238308) thrown at [D:\src\AOSP-openjdk-cygwin\jdk8u\hotspot\src\share\vm\prims\jni.cpp, line 709]
Event: 1.285 Thread 0x0000000002c5d800 Exception <a 'sun/nio/fs/WindowsException'> (0x00000000ff23d648) thrown at [D:\src\AOSP-openjdk-cygwin\jdk8u\hotspot\src\share\vm\prims\jni.cpp, line 709]
Event: 1.500 Thread 0x0000000002c5d800 Exception <a 'sun/nio/fs/WindowsException'> (0x00000000fec03b08) thrown at [D:\src\AOSP-openjdk-cygwin\jdk8u\hotspot\src\share\vm\prims\jni.cpp, line 709]
Event: 1.500 Thread 0x0000000002c5d800 Exception <a 'sun/nio/fs/WindowsException'> (0x00000000fec04060) thrown at [D:\src\AOSP-openjdk-cygwin\jdk8u\hotspot\src\share\vm\prims\jni.cpp, line 709]
Event: 1.901 Thread 0x0000000002c5d800 Exception <a 'sun/nio/fs/WindowsException'> (0x00000000fee3b9f8) thrown at [D:\src\AOSP-openjdk-cygwin\jdk8u\hotspot\src\share\vm\prims\jni.cpp, line 709]
Event: 1.901 Thread 0x0000000002c5d800 Exception <a 'sun/nio/fs/WindowsException'> (0x00000000fee3bed0) thrown at [D:\src\AOSP-openjdk-cygwin\jdk8u\hotspot\src\share\vm\prims\jni.cpp, line 709]

Events (10 events):
Event: 2.018 Thread 0x0000000002c5d800 Uncommon trap: trap_request=0xffffffde fr.pc=0x00000000031effb0
Event: 2.018 Thread 0x0000000002c5d800 DEOPT PACKING pc=0x00000000031effb0 sp=0x0000000002d5e720
Event: 2.018 Thread 0x0000000002c5d800 DEOPT UNPACKING pc=0x0000000002ea556a sp=0x0000000002d5e6d0 mode 2
Event: 2.018 Executing VM operation: ForceSafepoint
Event: 2.019 Executing VM operation: ForceSafepoint done
Event: 2.019 Thread 0x0000000002c5d800 Uncommon trap: trap_request=0xffffff65 fr.pc=0x00000000031e6728
Event: 2.019 Thread 0x0000000002c5d800 DEOPT PACKING pc=0x00000000031e6728 sp=0x0000000002d5ebd0
Event: 2.019 Thread 0x0000000002c5d800 DEOPT UNPACKING pc=0x0000000002ea556a sp=0x0000000002d5eb80 mode 2
Event: 2.121 Executing VM operation: ParallelGCFailedAllocation
Event: 2.456 Executing VM operation: ParallelGCFailedAllocation done


Dynamic libraries:
0x00007ff63d890000 - 0x00007ff63d8c1000 	C:\Program Files\Android\Android Studio\jre\bin\java.exe
0x00007ffcdd5d0000 - 0x00007ffcdd7b1000 	C:\WINDOWS\SYSTEM32\ntdll.dll
0x00007ffcdb0a0000 - 0x00007ffcdb152000 	C:\WINDOWS\System32\KERNEL32.DLL
0x00007ffcda640000 - 0x00007ffcda8b3000 	C:\WINDOWS\System32\KERNELBASE.dll
0x00007ffcdd4e0000 - 0x00007ffcdd581000 	C:\WINDOWS\System32\ADVAPI32.dll
0x00007ffcdd270000 - 0x00007ffcdd30e000 	C:\WINDOWS\System32\msvcrt.dll
0x00007ffcdab50000 - 0x00007ffcdabab000 	C:\WINDOWS\System32\sechost.dll
0x00007ffcdd140000 - 0x00007ffcdd264000 	C:\WINDOWS\System32\RPCRT4.dll
0x00007ffcdcfb0000 - 0x00007ffcdd140000 	C:\WINDOWS\System32\USER32.dll
0x00007ffcdaa40000 - 0x00007ffcdaa60000 	C:\WINDOWS\System32\win32u.dll
0x00007ffcdcce0000 - 0x00007ffcdcd08000 	C:\WINDOWS\System32\GDI32.dll
0x00007ffcda4a0000 - 0x00007ffcda632000 	C:\WINDOWS\System32\gdi32full.dll
0x00007ffcd9c40000 - 0x00007ffcd9cdf000 	C:\WINDOWS\System32\msvcp_win.dll
0x00007ffcda940000 - 0x00007ffcdaa3a000 	C:\WINDOWS\System32\ucrtbase.dll
0x00007ffccc940000 - 0x00007ffcccba9000 	C:\WINDOWS\WinSxS\amd64_microsoft.windows.common-controls_6595b64144ccf1df_6.0.17134.48_none_b4b2216a3cb4dd3e\COMCTL32.dll
0x00007ffcdabb0000 - 0x00007ffcdaed3000 	C:\WINDOWS\System32\combase.dll
0x00007ffcda8c0000 - 0x00007ffcda93a000 	C:\WINDOWS\System32\bcryptPrimitives.dll
0x00007ffcdaa60000 - 0x00007ffcdaa8d000 	C:\WINDOWS\System32\IMM32.DLL
0x0000000068a30000 - 0x0000000068b02000 	C:\Program Files\Android\Android Studio\jre\jre\bin\msvcr100.dll
0x0000000068b10000 - 0x000000006934e000 	C:\Program Files\Android\Android Studio\jre\jre\bin\server\jvm.dll
0x00007ffcdab40000 - 0x00007ffcdab48000 	C:\WINDOWS\System32\PSAPI.DLL
0x00007ffcd7a90000 - 0x00007ffcd7ab3000 	C:\WINDOWS\SYSTEM32\WINMM.dll
0x00007ffcd02d0000 - 0x00007ffcd02da000 	C:\WINDOWS\SYSTEM32\VERSION.dll
0x00007ffcd7b10000 - 0x00007ffcd7b19000 	C:\WINDOWS\SYSTEM32\WSOCK32.dll
0x00007ffcdc7a0000 - 0x00007ffcdc80c000 	C:\WINDOWS\System32\WS2_32.dll
0x00007ffcd7970000 - 0x00007ffcd799a000 	C:\WINDOWS\SYSTEM32\WINMMBASE.dll
0x00007ffcd9bf0000 - 0x00007ffcd9c39000 	C:\WINDOWS\System32\cfgmgr32.dll
0x00007ffcd6260000 - 0x00007ffcd626f000 	C:\Program Files\Android\Android Studio\jre\jre\bin\verify.dll
0x00007ffcd56c0000 - 0x00007ffcd56e9000 	C:\Program Files\Android\Android Studio\jre\jre\bin\java.dll
0x00007ffcd56a0000 - 0x00007ffcd56b6000 	C:\Program Files\Android\Android Studio\jre\jre\bin\zip.dll
0x00007ffcdb160000 - 0x00007ffcdc5a0000 	C:\WINDOWS\System32\SHELL32.dll
0x00007ffcdaa90000 - 0x00007ffcdab39000 	C:\WINDOWS\System32\shcore.dll
0x00007ffcd9d90000 - 0x00007ffcda49d000 	C:\WINDOWS\System32\windows.storage.dll
0x00007ffcdd310000 - 0x00007ffcdd361000 	C:\WINDOWS\System32\shlwapi.dll
0x00007ffcd9980000 - 0x00007ffcd9991000 	C:\WINDOWS\System32\kernel.appcore.dll
0x00007ffcd9900000 - 0x00007ffcd991f000 	C:\WINDOWS\System32\profapi.dll
0x00007ffcd9920000 - 0x00007ffcd996c000 	C:\WINDOWS\System32\powrprof.dll
0x00007ffcd9970000 - 0x00007ffcd997a000 	C:\WINDOWS\System32\FLTLIB.DLL
0x00007ffcd9310000 - 0x00007ffcd9327000 	C:\WINDOWS\SYSTEM32\CRYPTSP.dll
0x00007ffcd8d40000 - 0x00007ffcd8d73000 	C:\WINDOWS\system32\rsaenh.dll
0x00007ffcd9440000 - 0x00007ffcd9465000 	C:\WINDOWS\SYSTEM32\bcrypt.dll
0x00007ffcd97e0000 - 0x00007ffcd9808000 	C:\WINDOWS\SYSTEM32\USERENV.dll
0x00007ffcd9330000 - 0x00007ffcd933b000 	C:\WINDOWS\SYSTEM32\CRYPTBASE.dll
0x00007ffcd1220000 - 0x00007ffcd123a000 	C:\Program Files\Android\Android Studio\jre\jre\bin\net.dll
0x00007ffcd9160000 - 0x00007ffcd91c6000 	C:\WINDOWS\system32\mswsock.dll
0x00007ffcd8ee0000 - 0x00007ffcd8f18000 	C:\WINDOWS\SYSTEM32\IPHLPAPI.DLL
0x00007ffcdd590000 - 0x00007ffcdd598000 	C:\WINDOWS\System32\NSI.dll
0x00007ffcd1420000 - 0x00007ffcd1436000 	C:\WINDOWS\SYSTEM32\dhcpcsvc6.DLL
0x00007ffcd1400000 - 0x00007ffcd141a000 	C:\WINDOWS\SYSTEM32\dhcpcsvc.DLL
0x00007ffccb640000 - 0x00007ffccb651000 	C:\Program Files\Android\Android Studio\jre\jre\bin\nio.dll

VM Arguments:
jvm_args: -Djava.awt.headless=true -Xmx64M -Dfile.encoding=x-windows-949 -Duser.country=KR -Duser.language=ko -Duser.variant 
java_command: com.google.devtools.build.android.desugar.Desugar @D:\test\app\build\intermediates\tmp\desugar_args4173776608697612852
java_class_path (initial): C:\Users\Goo\AppData\Local\Temp\desugar_deploy.jar5864179919422000311
Launcher Type: SUN_STANDARD

Environment Variables:
PATH=C:\ProgramData\Oracle\Java\javapath;C:\WINDOWS\system32;C:\WINDOWS;C:\WINDOWS\System32\Wbem;C:\WINDOWS\System32\WindowsPowerShell\v1.0\;C:\OpenSSL;;C:\WINDOWS\System32\OpenSSH\;C:\Users\Goo\AppData\Local\Microsoft\WindowsApps;
USERNAME=Goo
OS=Windows_NT
PROCESSOR_IDENTIFIER=Intel64 Family 6 Model 158 Stepping 9, GenuineIntel



---------------  S Y S T E M  ---------------

OS: Windows 10.0 , 64 bit Build 17134 (10.0.17134.1)

CPU:total 8 (initial active 8) (4 cores per cpu, 2 threads per core) family 6 model 158 stepping 9, cmov, cx8, fxsr, mmx, sse, sse2, sse3, ssse3, sse4.1, sse4.2, popcnt, avx, avx2, aes, clmul, erms, 3dnowpref, lzcnt, ht, tsc, tscinvbit, bmi1, bmi2, adx

Memory: 4k page, physical 16692940k(2013604k free), swap 16692940k(3140k free)

vm_info: OpenJDK 64-Bit Server VM (25.152-b01) for windows-amd64 JRE (1.8.0_152-release-915-b01), built by "builder" with MS VC++ 10.0 (VS2010)

time: Tue Jun 12 21:58:54 2018
elapsed time: 2 seconds (0d 0h 0m 2s)

