#
# There is insufficient memory for the Java Runtime Environment to continue.
# Native memory allocation (malloc) failed to allocate 37424 bytes for Chunk::new
# Possible reasons:
#   The system is out of physical RAM or swap space
#   In 32 bit mode, the process size limit was hit
# Possible solutions:
#   Reduce memory load on the system
#   Increase physical memory or swap space
#   Check if swap backing store is full
#   Use 64 bit Java on a 64 bit OS
#   Decrease Java heap size (-Xmx/-Xms)
#   Decrease number of Java threads
#   Decrease Java thread stack sizes (-Xss)
#   Set larger code cache with -XX:ReservedCodeCacheSize=
# This output file may be truncated or incomplete.
#
#  Out of Memory Error (allocation.cpp:390), pid=12156, tid=0x00000000000033d8
#
# JRE version: OpenJDK Runtime Environment (8.0_152-b01) (build 1.8.0_152-release-915-b01)
# Java VM: OpenJDK 64-Bit Server VM (25.152-b01 mixed mode windows-amd64 compressed oops)
# Failed to write core dump. Minidumps are not enabled by default on client versions of Windows
#

---------------  T H R E A D  ---------------

Current thread (0x0000000015930800):  JavaThread "C2 CompilerThread1" daemon [_thread_in_native, id=13272, stack(0x0000000016140000,0x0000000016240000)]

Stack: [0x0000000016140000,0x0000000016240000]
[error occurred during error reporting (printing stack bounds), id 0xc0000005]

Native frames: (J=compiled Java code, j=interpreted, Vv=VM code, C=native code)


Current CompileTask:
C2:   2898 1045       4       org.objectweb.asm.MethodVisitor::visitLabel (16 bytes)


---------------  P R O C E S S  ---------------

Java Threads: ( => current thread )
  0x00000000159aa000 JavaThread "Service Thread" daemon [_thread_blocked, id=8560, stack(0x0000000016440000,0x0000000016540000)]
  0x0000000015942800 JavaThread "C1 CompilerThread3" daemon [_thread_blocked, id=4744, stack(0x0000000016340000,0x0000000016440000)]
  0x0000000015931000 JavaThread "C2 CompilerThread2" daemon [_thread_in_native, id=1768, stack(0x0000000016240000,0x0000000016340000)]
=>0x0000000015930800 JavaThread "C2 CompilerThread1" daemon [_thread_in_native, id=13272, stack(0x0000000016140000,0x0000000016240000)]
  0x000000001592e000 JavaThread "C2 CompilerThread0" daemon [_thread_in_native, id=10916, stack(0x0000000016040000,0x0000000016140000)]
  0x000000001592c800 JavaThread "Attach Listener" daemon [_thread_blocked, id=348, stack(0x0000000015f40000,0x0000000016040000)]
  0x00000000158da800 JavaThread "Signal Dispatcher" daemon [_thread_blocked, id=6880, stack(0x0000000015e40000,0x0000000015f40000)]
  0x00000000158c0800 JavaThread "Finalizer" daemon [_thread_blocked, id=11324, stack(0x0000000015ca0000,0x0000000015da0000)]
  0x0000000003197000 JavaThread "Reference Handler" daemon [_thread_blocked, id=10172, stack(0x00000000157a0000,0x00000000158a0000)]
  0x0000000002f9d800 JavaThread "main" [_thread_blocked, id=8832, stack(0x0000000002fa0000,0x00000000030a0000)]

Other Threads:
  0x00000000139b5000 VMThread [stack: 0x00000000156a0000,0x00000000157a0000] [id=5740]
  0x00000000159ab000 WatcherThread [stack: 0x0000000016540000,0x0000000016640000] [id=11168]

VM state:not at safepoint (normal execution)

VM Mutex/Monitor currently owned by a thread:  ([mutex/lock_event])
[0x0000000002f9c9f0] Heap_lock - owner thread: 0x0000000002f9d800

Heap:
 PSYoungGen      total 18944K, used 2555K [0x00000000feb00000, 0x0000000100000000, 0x0000000100000000)
  eden space 16384K, 0% used [0x00000000feb00000,0x00000000feb00028,0x00000000ffb00000)
  from space 2560K, 99% used [0x00000000ffb00000,0x00000000ffd7ecb8,0x00000000ffd80000)
  to   space 2560K, 0% used [0x00000000ffd80000,0x00000000ffd80000,0x0000000100000000)
 ParOldGen       total 44032K, used 7028K [0x00000000fc000000, 0x00000000feb00000, 0x00000000feb00000)
  object space 44032K, 15% used [0x00000000fc000000,0x00000000fc6dd3e0,0x00000000feb00000)
 Metaspace       used 7727K, capacity 7918K, committed 8192K, reserved 1056768K
  class space    used 877K, capacity 957K, committed 1024K, reserved 1048576K

Card table byte_map: [0x0000000012560000,0x0000000012590000] byte_map_base: 0x0000000011d80000

Marking Bits: (ParMarkBitMap*) 0x00000000673d3950
 Begin Bits: [0x0000000012db0000, 0x0000000012eb0000)
 End Bits:   [0x0000000012eb0000, 0x0000000012fb0000)

Polling page: 0x0000000001020000

CodeCache: size=245760Kb used=4058Kb max_used=4085Kb free=241701Kb
 bounds [0x00000000031a0000, 0x00000000035b0000, 0x00000000121a0000]
 total_blobs=1420 nmethods=1085 adapters=248
 compilation: enabled

Compilation events (10 events):
Event: 2.049 Thread 0x0000000015942800 nmethod 1088 0x0000000003584310 code [0x0000000003584460, 0x0000000003584570]
Event: 2.051 Thread 0x0000000015942800 1089       3       org.objectweb.asm.ClassReader::accept (11 bytes)
Event: 2.884 Thread 0x0000000015930800 nmethod 1043 0x00000000035875d0 code [0x0000000003587880, 0x00000000035896c0]
Event: 2.884 Thread 0x0000000015930800 1068       4       org.objectweb.asm.Label::a (214 bytes)
Event: 2.888 Thread 0x0000000015930800 nmethod 1068 0x00000000035859d0 code [0x0000000003585b20, 0x0000000003585e38]
Event: 2.888 Thread 0x0000000015930800 1045       4       org.objectweb.asm.MethodVisitor::visitLabel (16 bytes)
Event: 2.892 Thread 0x0000000015931000 nmethod 973 0x0000000003594310 code [0x00000000035947c0, 0x000000000359a748]
Event: 2.892 Thread 0x0000000015931000 1052       4       java.util.AbstractCollection::<init> (5 bytes)
Event: 2.893 Thread 0x0000000015931000 nmethod 1052 0x00000000034ea050 code [0x00000000034ea180, 0x00000000034ea1d8]
Event: 2.893 Thread 0x0000000015931000 1061       4       org.objectweb.asm.MethodWriter::visitLabel (321 bytes)

GC Heap History (6 events):
Event: 0.970 GC heap before
{Heap before GC invocations=1 (full 0):
 PSYoungGen      total 18944K, used 16384K [0x00000000feb00000, 0x0000000100000000, 0x0000000100000000)
  eden space 16384K, 100% used [0x00000000feb00000,0x00000000ffb00000,0x00000000ffb00000)
  from space 2560K, 0% used [0x00000000ffd80000,0x00000000ffd80000,0x0000000100000000)
  to   space 2560K, 0% used [0x00000000ffb00000,0x00000000ffb00000,0x00000000ffd80000)
 ParOldGen       total 44032K, used 0K [0x00000000fc000000, 0x00000000feb00000, 0x00000000feb00000)
  object space 44032K, 0% used [0x00000000fc000000,0x00000000fc000000,0x00000000feb00000)
 Metaspace       used 6631K, capacity 6812K, committed 7040K, reserved 1056768K
  class space    used 773K, capacity 824K, committed 896K, reserved 1048576K
Event: 1.024 GC heap after
Heap after GC invocations=1 (full 0):
 PSYoungGen      total 18944K, used 2537K [0x00000000feb00000, 0x0000000100000000, 0x0000000100000000)
  eden space 16384K, 0% used [0x00000000feb00000,0x00000000feb00000,0x00000000ffb00000)
  from space 2560K, 99% used [0x00000000ffb00000,0x00000000ffd7a620,0x00000000ffd80000)
  to   space 2560K, 0% used [0x00000000ffd80000,0x00000000ffd80000,0x0000000100000000)
 ParOldGen       total 44032K, used 1529K [0x00000000fc000000, 0x00000000feb00000, 0x00000000feb00000)
  object space 44032K, 3% used [0x00000000fc000000,0x00000000fc17e6d8,0x00000000feb00000)
 Metaspace       used 6631K, capacity 6812K, committed 7040K, reserved 1056768K
  class space    used 773K, capacity 824K, committed 896K, reserved 1048576K
}
Event: 1.354 GC heap before
{Heap before GC invocations=2 (full 0):
 PSYoungGen      total 18944K, used 18921K [0x00000000feb00000, 0x0000000100000000, 0x0000000100000000)
  eden space 16384K, 100% used [0x00000000feb00000,0x00000000ffb00000,0x00000000ffb00000)
  from space 2560K, 99% used [0x00000000ffb00000,0x00000000ffd7a620,0x00000000ffd80000)
  to   space 2560K, 0% used [0x00000000ffd80000,0x00000000ffd80000,0x0000000100000000)
 ParOldGen       total 44032K, used 1529K [0x00000000fc000000, 0x00000000feb00000, 0x00000000feb00000)
  object space 44032K, 3% used [0x00000000fc000000,0x00000000fc17e6d8,0x00000000feb00000)
 Metaspace       used 6976K, capacity 7118K, committed 7296K, reserved 1056768K
  class space    used 816K, capacity 861K, committed 896K, reserved 1048576K
Event: 1.387 GC heap after
Heap after GC invocations=2 (full 0):
 PSYoungGen      total 18944K, used 2547K [0x00000000feb00000, 0x0000000100000000, 0x0000000100000000)
  eden space 16384K, 0% used [0x00000000feb00000,0x00000000feb00000,0x00000000ffb00000)
  from space 2560K, 99% used [0x00000000ffd80000,0x00000000ffffce10,0x0000000100000000)
  to   space 2560K, 0% used [0x00000000ffb00000,0x00000000ffb00000,0x00000000ffd80000)
 ParOldGen       total 44032K, used 6046K [0x00000000fc000000, 0x00000000feb00000, 0x00000000feb00000)
  object space 44032K, 13% used [0x00000000fc000000,0x00000000fc5e7bd0,0x00000000feb00000)
 Metaspace       used 6976K, capacity 7118K, committed 7296K, reserved 1056768K
  class space    used 816K, capacity 861K, committed 896K, reserved 1048576K
}
Event: 2.051 GC heap before
{Heap before GC invocations=3 (full 0):
 PSYoungGen      total 18944K, used 18931K [0x00000000feb00000, 0x0000000100000000, 0x0000000100000000)
  eden space 16384K, 100% used [0x00000000feb00000,0x00000000ffb00000,0x00000000ffb00000)
  from space 2560K, 99% used [0x00000000ffd80000,0x00000000ffffce10,0x0000000100000000)
  to   space 2560K, 0% used [0x00000000ffb00000,0x00000000ffb00000,0x00000000ffd80000)
 ParOldGen       total 44032K, used 6046K [0x00000000fc000000, 0x00000000feb00000, 0x00000000feb00000)
  object space 44032K, 13% used [0x00000000fc000000,0x00000000fc5e7bd0,0x00000000feb00000)
 Metaspace       used 7727K, capacity 7918K, committed 8192K, reserved 1056768K
  class space    used 877K, capacity 957K, committed 1024K, reserved 1048576K
Event: 2.881 GC heap after
Heap after GC invocations=3 (full 0):
 PSYoungGen      total 18944K, used 2555K [0x00000000feb00000, 0x0000000100000000, 0x0000000100000000)
  eden space 16384K, 0% used [0x00000000feb00000,0x00000000feb00000,0x00000000ffb00000)
  from space 2560K, 99% used [0x00000000ffb00000,0x00000000ffd7ecb8,0x00000000ffd80000)
  to   space 2560K, 0% used [0x00000000ffd80000,0x00000000ffd80000,0x0000000100000000)
 ParOldGen       total 44032K, used 7028K [0x00000000fc000000, 0x00000000feb00000, 0x00000000feb00000)
  object space 44032K, 15% used [0x00000000fc000000,0x00000000fc6dd3e0,0x00000000feb00000)
 Metaspace       used 7727K, capacity 7918K, committed 8192K, reserved 1056768K
  class space    used 877K, capacity 957K, committed 1024K, reserved 1048576K
}

Deoptimization events (10 events):
Event: 1.300 Thread 0x0000000002f9d800 Uncommon trap: reason=unloaded action=reinterpret pc=0x00000000033d343c method=java.util.zip.ZipEntry.setExtra0([BZ)V @ 37
Event: 1.505 Thread 0x0000000002f9d800 Uncommon trap: reason=unstable_if action=reinterpret pc=0x0000000003347df8 method=java.lang.String.<init>([CII)V @ 18
Event: 1.857 Thread 0x0000000002f9d800 Uncommon trap: reason=unstable_if action=reinterpret pc=0x00000000034fbb34 method=org.objectweb.asm.Type.getArgumentsAndReturnSizes(Ljava/lang/String;)I @ 130
Event: 1.921 Thread 0x0000000002f9d800 Uncommon trap: reason=unstable_if action=reinterpret pc=0x000000000348f09c method=org.objectweb.asm.ClassReader.readUTF8(I[C)Ljava/lang/String; @ 11
Event: 2.018 Thread 0x0000000002f9d800 Uncommon trap: reason=class_check action=maybe_recompile pc=0x000000000353da84 method=org.objectweb.asm.MethodVisitor.visitVarInsn(II)V @ 13
Event: 2.018 Thread 0x0000000002f9d800 Uncommon trap: reason=class_check action=maybe_recompile pc=0x000000000353da84 method=org.objectweb.asm.MethodVisitor.visitVarInsn(II)V @ 13
Event: 2.018 Thread 0x0000000002f9d800 Uncommon trap: reason=class_check action=maybe_recompile pc=0x000000000353da84 method=org.objectweb.asm.MethodVisitor.visitVarInsn(II)V @ 13
Event: 2.019 Thread 0x0000000002f9d800 Uncommon trap: reason=class_check action=maybe_recompile pc=0x000000000353da38 method=org.objectweb.asm.tree.VarInsnNode.accept(Lorg/objectweb/asm/MethodVisitor;)V @ 9
Event: 2.019 Thread 0x0000000002f9d800 Uncommon trap: reason=class_check action=maybe_recompile pc=0x000000000353da38 method=org.objectweb.asm.tree.VarInsnNode.accept(Lorg/objectweb/asm/MethodVisitor;)V @ 9
Event: 2.019 Thread 0x0000000002f9d800 Uncommon trap: reason=class_check action=maybe_recompile pc=0x000000000353da38 method=org.objectweb.asm.tree.VarInsnNode.accept(Lorg/objectweb/asm/MethodVisitor;)V @ 9

Classes redefined (0 events):
No events

Internal exceptions (10 events):
Event: 1.637 Thread 0x0000000002f9d800 Exception <a 'sun/nio/fs/WindowsException'> (0x00000000fef320e8) thrown at [D:\src\AOSP-openjdk-cygwin\jdk8u\hotspot\src\share\vm\prims\jni.cpp, line 709]
Event: 1.637 Thread 0x0000000002f9d800 Exception <a 'sun/nio/fs/WindowsException'> (0x00000000fef325c0) thrown at [D:\src\AOSP-openjdk-cygwin\jdk8u\hotspot\src\share\vm\prims\jni.cpp, line 709]
Event: 1.817 Thread 0x0000000002f9d800 Exception <a 'sun/nio/fs/WindowsException'> (0x00000000fef35a78) thrown at [D:\src\AOSP-openjdk-cygwin\jdk8u\hotspot\src\share\vm\prims\jni.cpp, line 709]
Event: 1.818 Thread 0x0000000002f9d800 Exception <a 'sun/nio/fs/WindowsException'> (0x00000000fef35f50) thrown at [D:\src\AOSP-openjdk-cygwin\jdk8u\hotspot\src\share\vm\prims\jni.cpp, line 709]
Event: 1.829 Thread 0x0000000002f9d800 Exception <a 'sun/nio/fs/WindowsException'> (0x00000000fef4d3d0) thrown at [D:\src\AOSP-openjdk-cygwin\jdk8u\hotspot\src\share\vm\prims\jni.cpp, line 709]
Event: 1.829 Thread 0x0000000002f9d800 Exception <a 'sun/nio/fs/WindowsException'> (0x00000000fef4d8a8) thrown at [D:\src\AOSP-openjdk-cygwin\jdk8u\hotspot\src\share\vm\prims\jni.cpp, line 709]
Event: 1.879 Thread 0x0000000002f9d800 Exception <a 'sun/nio/fs/WindowsException'> (0x00000000ff377590) thrown at [D:\src\AOSP-openjdk-cygwin\jdk8u\hotspot\src\share\vm\prims\jni.cpp, line 709]
Event: 1.879 Thread 0x0000000002f9d800 Exception <a 'sun/nio/fs/WindowsException'> (0x00000000ff377a68) thrown at [D:\src\AOSP-openjdk-cygwin\jdk8u\hotspot\src\share\vm\prims\jni.cpp, line 709]
Event: 1.917 Thread 0x0000000002f9d800 Exception <a 'sun/nio/fs/WindowsException'> (0x00000000ff37af20) thrown at [D:\src\AOSP-openjdk-cygwin\jdk8u\hotspot\src\share\vm\prims\jni.cpp, line 709]
Event: 1.917 Thread 0x0000000002f9d800 Exception <a 'sun/nio/fs/WindowsException'> (0x00000000ff37b3f8) thrown at [D:\src\AOSP-openjdk-cygwin\jdk8u\hotspot\src\share\vm\prims\jni.cpp, line 709]

Events (10 events):
Event: 2.019 Thread 0x0000000002f9d800 DEOPT PACKING pc=0x000000000353da38 sp=0x000000000309ec10
Event: 2.019 Thread 0x0000000002f9d800 DEOPT UNPACKING pc=0x00000000031e556a sp=0x000000000309ebc8 mode 2
Event: 2.019 Thread 0x0000000002f9d800 Uncommon trap: trap_request=0xffffffde fr.pc=0x000000000353da38
Event: 2.019 Thread 0x0000000002f9d800 DEOPT PACKING pc=0x000000000353da38 sp=0x000000000309ec10
Event: 2.019 Thread 0x0000000002f9d800 DEOPT UNPACKING pc=0x00000000031e556a sp=0x000000000309ebc8 mode 2
Event: 2.019 Thread 0x0000000002f9d800 Uncommon trap: trap_request=0xffffffde fr.pc=0x000000000353da38
Event: 2.019 Thread 0x0000000002f9d800 DEOPT PACKING pc=0x000000000353da38 sp=0x000000000309ec10
Event: 2.019 Thread 0x0000000002f9d800 DEOPT UNPACKING pc=0x00000000031e556a sp=0x000000000309ebc8 mode 2
Event: 2.051 Executing VM operation: ParallelGCFailedAllocation
Event: 2.881 Executing VM operation: ParallelGCFailedAllocation done


Dynamic libraries:
0x00007ff7bef40000 - 0x00007ff7bef71000 	C:\Program Files\Android\Android Studio\jre\bin\java.exe
0x00007ffba9340000 - 0x00007ffba9521000 	C:\WINDOWS\SYSTEM32\ntdll.dll
0x00007ffba6ca0000 - 0x00007ffba6d52000 	C:\WINDOWS\System32\KERNEL32.DLL
0x00007ffba6070000 - 0x00007ffba62e3000 	C:\WINDOWS\System32\KERNELBASE.dll
0x00007ffba9260000 - 0x00007ffba9301000 	C:\WINDOWS\System32\ADVAPI32.dll
0x00007ffba77b0000 - 0x00007ffba784e000 	C:\WINDOWS\System32\msvcrt.dll
0x00007ffba71b0000 - 0x00007ffba720b000 	C:\WINDOWS\System32\sechost.dll
0x00007ffba7580000 - 0x00007ffba76a4000 	C:\WINDOWS\System32\RPCRT4.dll
0x00007ffba7ac0000 - 0x00007ffba7c50000 	C:\WINDOWS\System32\USER32.dll
0x00007ffba5790000 - 0x00007ffba57b0000 	C:\WINDOWS\System32\win32u.dll
0x00007ffba67e0000 - 0x00007ffba6808000 	C:\WINDOWS\System32\GDI32.dll
0x00007ffba6530000 - 0x00007ffba66c2000 	C:\WINDOWS\System32\gdi32full.dll
0x00007ffba5fd0000 - 0x00007ffba606f000 	C:\WINDOWS\System32\msvcp_win.dll
0x00007ffba66d0000 - 0x00007ffba67ca000 	C:\WINDOWS\System32\ucrtbase.dll
0x00007ffb93ad0000 - 0x00007ffb93d39000 	C:\WINDOWS\WinSxS\amd64_microsoft.windows.common-controls_6595b64144ccf1df_6.0.17134.48_none_b4b2216a3cb4dd3e\COMCTL32.dll
0x00007ffba6810000 - 0x00007ffba6b33000 	C:\WINDOWS\System32\combase.dll
0x00007ffba5710000 - 0x00007ffba578a000 	C:\WINDOWS\System32\bcryptPrimitives.dll
0x00007ffba9090000 - 0x00007ffba90bd000 	C:\WINDOWS\System32\IMM32.DLL
0x0000000069530000 - 0x0000000069602000 	C:\Program Files\Android\Android Studio\jre\jre\bin\msvcr100.dll
0x0000000066c10000 - 0x000000006744e000 	C:\Program Files\Android\Android Studio\jre\jre\bin\server\jvm.dll
0x00007ffba91d0000 - 0x00007ffba91d8000 	C:\WINDOWS\System32\PSAPI.DLL
0x00007ffba1d20000 - 0x00007ffba1d29000 	C:\WINDOWS\SYSTEM32\WSOCK32.dll
0x00007ffba7510000 - 0x00007ffba757c000 	C:\WINDOWS\System32\WS2_32.dll
0x00007ffb95780000 - 0x00007ffb957a3000 	C:\WINDOWS\SYSTEM32\WINMM.dll
0x00007ffb9d7c0000 - 0x00007ffb9d7ca000 	C:\WINDOWS\SYSTEM32\VERSION.dll
0x00007ffb95570000 - 0x00007ffb9559a000 	C:\WINDOWS\SYSTEM32\WINMMBASE.dll
0x00007ffba64e0000 - 0x00007ffba6529000 	C:\WINDOWS\System32\cfgmgr32.dll
0x00007ffba1b20000 - 0x00007ffba1b2f000 	C:\Program Files\Android\Android Studio\jre\jre\bin\verify.dll
0x00007ffb9e9c0000 - 0x00007ffb9e9e9000 	C:\Program Files\Android\Android Studio\jre\jre\bin\java.dll
0x00007ffba1b00000 - 0x00007ffba1b16000 	C:\Program Files\Android\Android Studio\jre\jre\bin\zip.dll
0x00007ffba7c50000 - 0x00007ffba9090000 	C:\WINDOWS\System32\SHELL32.dll
0x00007ffba9120000 - 0x00007ffba91c9000 	C:\WINDOWS\System32\shcore.dll
0x00007ffba58c0000 - 0x00007ffba5fcd000 	C:\WINDOWS\System32\windows.storage.dll
0x00007ffba90c0000 - 0x00007ffba9111000 	C:\WINDOWS\System32\shlwapi.dll
0x00007ffba5680000 - 0x00007ffba5691000 	C:\WINDOWS\System32\kernel.appcore.dll
0x00007ffba56f0000 - 0x00007ffba570f000 	C:\WINDOWS\System32\profapi.dll
0x00007ffba56a0000 - 0x00007ffba56ec000 	C:\WINDOWS\System32\powrprof.dll
0x00007ffba5650000 - 0x00007ffba565a000 	C:\WINDOWS\System32\FLTLIB.DLL
0x00007ffba5080000 - 0x00007ffba5097000 	C:\WINDOWS\SYSTEM32\CRYPTSP.dll
0x00007ffba4ab0000 - 0x00007ffba4ae3000 	C:\WINDOWS\system32\rsaenh.dll
0x00007ffba51b0000 - 0x00007ffba51d5000 	C:\WINDOWS\SYSTEM32\bcrypt.dll
0x00007ffba5580000 - 0x00007ffba55a8000 	C:\WINDOWS\SYSTEM32\USERENV.dll
0x00007ffba50a0000 - 0x00007ffba50ab000 	C:\WINDOWS\SYSTEM32\CRYPTBASE.dll
0x00007ffb9e9a0000 - 0x00007ffb9e9ba000 	C:\Program Files\Android\Android Studio\jre\jre\bin\net.dll
0x00007ffba4ed0000 - 0x00007ffba4f36000 	C:\WINDOWS\system32\mswsock.dll
0x00007ffba4c50000 - 0x00007ffba4c88000 	C:\WINDOWS\SYSTEM32\IPHLPAPI.DLL
0x00007ffba7430000 - 0x00007ffba7438000 	C:\WINDOWS\System32\NSI.dll
0x00007ffb9a1f0000 - 0x00007ffb9a206000 	C:\WINDOWS\SYSTEM32\dhcpcsvc6.DLL
0x00007ffb9a120000 - 0x00007ffb9a13a000 	C:\WINDOWS\SYSTEM32\dhcpcsvc.DLL
0x00007ffb9e900000 - 0x00007ffb9e911000 	C:\Program Files\Android\Android Studio\jre\jre\bin\nio.dll

VM Arguments:
jvm_args: -Djava.awt.headless=true -Xmx64M -Dfile.encoding=x-windows-949 -Duser.country=KR -Duser.language=ko -Duser.variant 
java_command: com.google.devtools.build.android.desugar.Desugar @D:\test\app\build\intermediates\tmp\desugar_args2219557119983862069
java_class_path (initial): C:\Users\Goo\AppData\Local\Temp\desugar_deploy.jar914161806448729915
Launcher Type: SUN_STANDARD

Environment Variables:
PATH=C:\ProgramData\Oracle\Java\javapath;C:\WINDOWS\system32;C:\WINDOWS;C:\WINDOWS\System32\Wbem;C:\WINDOWS\System32\WindowsPowerShell\v1.0\;C:\OpenSSL;;C:\WINDOWS\System32\OpenSSH\;C:\Users\Goo\AppData\Local\Microsoft\WindowsApps;
USERNAME=Goo
OS=Windows_NT
PROCESSOR_IDENTIFIER=Intel64 Family 6 Model 158 Stepping 9, GenuineIntel



---------------  S Y S T E M  ---------------

OS: Windows 10.0 , 64 bit Build 17134 (10.0.17134.1)

CPU:total 8 (initial active 8) (4 cores per cpu, 2 threads per core) family 6 model 158 stepping 9, cmov, cx8, fxsr, mmx, sse, sse2, sse3, ssse3, sse4.1, sse4.2, popcnt, avx, avx2, aes, clmul, erms, 3dnowpref, lzcnt, ht, tsc, tscinvbit, bmi1, bmi2, adx

Memory: 4k page, physical 16692940k(4876904k free), swap 16692940k(836k free)

vm_info: OpenJDK 64-Bit Server VM (25.152-b01) for windows-amd64 JRE (1.8.0_152-release-915-b01), built by "builder" with MS VC++ 10.0 (VS2010)

time: Sat May 26 17:47:29 2018
elapsed time: 2 seconds (0d 0h 0m 2s)

