#
# There is insufficient memory for the Java Runtime Environment to continue.
# Native memory allocation (malloc) failed to allocate 77456 bytes for Chunk::new
# Possible reasons:
#   The system is out of physical RAM or swap space
#   In 32 bit mode, the process size limit was hit
# Possible solutions:
#   Reduce memory load on the system
#   Increase physical memory or swap space
#   Check if swap backing store is full
#   Use 64 bit Java on a 64 bit OS
#   Decrease Java heap size (-Xmx/-Xms)
#   Decrease number of Java threads
#   Decrease Java thread stack sizes (-Xss)
#   Set larger code cache with -XX:ReservedCodeCacheSize=
# This output file may be truncated or incomplete.
#
#  Out of Memory Error (allocation.cpp:390), pid=6680, tid=0x00000000000006a4
#
# JRE version: OpenJDK Runtime Environment (8.0_152-b01) (build 1.8.0_152-release-915-b01)
# Java VM: OpenJDK 64-Bit Server VM (25.152-b01 mixed mode windows-amd64 compressed oops)
# Failed to write core dump. Minidumps are not enabled by default on client versions of Windows
#

---------------  T H R E A D  ---------------

Current thread (0x0000000015222800):  JavaThread "C2 CompilerThread1" daemon [_thread_in_native, id=1700, stack(0x00000000159e0000,0x0000000015ae0000)]

Stack: [0x00000000159e0000,0x0000000015ae0000]
[error occurred during error reporting (printing stack bounds), id 0xc0000005]

Native frames: (J=compiled Java code, j=interpreted, Vv=VM code, C=native code)


Current CompileTask:
C2:   1844  834       4       org.objectweb.asm.ClassReader::readUTF8 (60 bytes)


---------------  P R O C E S S  ---------------

Java Threads: ( => current thread )
  0x0000000015246000 JavaThread "Service Thread" daemon [_thread_blocked, id=10276, stack(0x0000000015ce0000,0x0000000015de0000)]
  0x000000001523b000 JavaThread "C1 CompilerThread3" daemon [_thread_in_native, id=4020, stack(0x0000000015be0000,0x0000000015ce0000)]
  0x0000000015238000 JavaThread "C2 CompilerThread2" daemon [_thread_in_native, id=10464, stack(0x0000000015ae0000,0x0000000015be0000)]
=>0x0000000015222800 JavaThread "C2 CompilerThread1" daemon [_thread_in_native, id=1700, stack(0x00000000159e0000,0x0000000015ae0000)]
  0x000000001518b800 JavaThread "C2 CompilerThread0" daemon [_thread_in_native, id=896, stack(0x00000000158e0000,0x00000000159e0000)]
  0x000000001518a000 JavaThread "Attach Listener" daemon [_thread_blocked, id=5904, stack(0x00000000157e0000,0x00000000158e0000)]
  0x00000000151e0000 JavaThread "Signal Dispatcher" daemon [_thread_blocked, id=1664, stack(0x00000000156e0000,0x00000000157e0000)]
  0x0000000002a6e000 JavaThread "Finalizer" daemon [_thread_blocked, id=13292, stack(0x0000000015550000,0x0000000015650000)]
  0x0000000002a67000 JavaThread "Reference Handler" daemon [_thread_blocked, id=9620, stack(0x0000000015050000,0x0000000015150000)]
  0x00000000024fd800 JavaThread "main" [_thread_in_vm, id=9832, stack(0x0000000002870000,0x0000000002970000)]

Other Threads:
  0x0000000013265800 VMThread [stack: 0x0000000014f50000,0x0000000015050000] [id=5476]
  0x000000001524b000 WatcherThread [stack: 0x0000000015de0000,0x0000000015ee0000] [id=3592]

VM state:not at safepoint (normal execution)

VM Mutex/Monitor currently owned by a thread:  ([mutex/lock_event])
[0x00000000029701d0] MethodData_lock - owner thread: 0x00000000024fd800

Heap:
 PSYoungGen      total 18944K, used 5593K [0x00000000feb00000, 0x0000000100000000, 0x0000000100000000)
  eden space 16384K, 18% used [0x00000000feb00000,0x00000000fedf9610,0x00000000ffb00000)
  from space 2560K, 99% used [0x00000000ffd80000,0x00000000ffffce20,0x0000000100000000)
  to   space 2560K, 0% used [0x00000000ffb00000,0x00000000ffb00000,0x00000000ffd80000)
 ParOldGen       total 44032K, used 5986K [0x00000000fc000000, 0x00000000feb00000, 0x00000000feb00000)
  object space 44032K, 13% used [0x00000000fc000000,0x00000000fc5d88c8,0x00000000feb00000)
 Metaspace       used 7484K, capacity 7714K, committed 7936K, reserved 1056768K
  class space    used 869K, capacity 957K, committed 1024K, reserved 1048576K

Card table byte_map: [0x0000000011e30000,0x0000000011e60000] byte_map_base: 0x0000000011650000

Marking Bits: (ParMarkBitMap*) 0x00000000673d3950
 Begin Bits: [0x0000000012660000, 0x0000000012760000)
 End Bits:   [0x0000000012760000, 0x0000000012860000)

Polling page: 0x0000000000cb0000

CodeCache: size=245760Kb used=2966Kb max_used=2977Kb free=242793Kb
 bounds [0x0000000002a70000, 0x0000000002d60000, 0x0000000011a70000]
 total_blobs=1155 nmethods=821 adapters=248
 compilation: enabled

Compilation events (10 events):
Event: 1.830 Thread 0x000000001523b000  818       3       com.google.common.collect.RegularImmutableMap::get (13 bytes)
Event: 1.830 Thread 0x000000001523b000 nmethod 818 0x0000000002d56350 code [0x0000000002d564c0, 0x0000000002d56668]
Event: 1.830 Thread 0x000000001523b000  820       3       com.google.devtools.build.android.desugar.BitFlags::isSet (13 bytes)
Event: 1.830 Thread 0x000000001523b000 nmethod 820 0x0000000002d56710 code [0x0000000002d56860, 0x0000000002d569f0]
Event: 1.830 Thread 0x000000001523b000  821       3       org.objectweb.asm.ClassReader::a (3587 bytes)
Event: 1.838 Thread 0x000000001518b800  832       4       org.objectweb.asm.ByteVector::putUTF8 (142 bytes)
Event: 1.838 Thread 0x0000000015222800  828       4       org.objectweb.asm.ClassReader::readInt (52 bytes)
Event: 1.838 Thread 0x0000000015238000  833       4       org.objectweb.asm.ClassReader::a (194 bytes)
Event: 1.839 Thread 0x0000000015222800 nmethod 828 0x0000000002d59790 code [0x0000000002d598c0, 0x0000000002d599b8]
Event: 1.839 Thread 0x0000000015222800  834       4       org.objectweb.asm.ClassReader::readUTF8 (60 bytes)

GC Heap History (4 events):
Event: 1.162 GC heap before
{Heap before GC invocations=1 (full 0):
 PSYoungGen      total 18944K, used 16384K [0x00000000feb00000, 0x0000000100000000, 0x0000000100000000)
  eden space 16384K, 100% used [0x00000000feb00000,0x00000000ffb00000,0x00000000ffb00000)
  from space 2560K, 0% used [0x00000000ffd80000,0x00000000ffd80000,0x0000000100000000)
  to   space 2560K, 0% used [0x00000000ffb00000,0x00000000ffb00000,0x00000000ffd80000)
 ParOldGen       total 44032K, used 0K [0x00000000fc000000, 0x00000000feb00000, 0x00000000feb00000)
  object space 44032K, 0% used [0x00000000fc000000,0x00000000fc000000,0x00000000feb00000)
 Metaspace       used 6625K, capacity 6800K, committed 7040K, reserved 1056768K
  class space    used 773K, capacity 824K, committed 896K, reserved 1048576K
Event: 1.166 GC heap after
Heap after GC invocations=1 (full 0):
 PSYoungGen      total 18944K, used 2537K [0x00000000feb00000, 0x0000000100000000, 0x0000000100000000)
  eden space 16384K, 0% used [0x00000000feb00000,0x00000000feb00000,0x00000000ffb00000)
  from space 2560K, 99% used [0x00000000ffb00000,0x00000000ffd7a620,0x00000000ffd80000)
  to   space 2560K, 0% used [0x00000000ffd80000,0x00000000ffd80000,0x0000000100000000)
 ParOldGen       total 44032K, used 1540K [0x00000000fc000000, 0x00000000feb00000, 0x00000000feb00000)
  object space 44032K, 3% used [0x00000000fc000000,0x00000000fc1813e0,0x00000000feb00000)
 Metaspace       used 6625K, capacity 6800K, committed 7040K, reserved 1056768K
  class space    used 773K, capacity 824K, committed 896K, reserved 1048576K
}
Event: 1.574 GC heap before
{Heap before GC invocations=2 (full 0):
 PSYoungGen      total 18944K, used 18921K [0x00000000feb00000, 0x0000000100000000, 0x0000000100000000)
  eden space 16384K, 100% used [0x00000000feb00000,0x00000000ffb00000,0x00000000ffb00000)
  from space 2560K, 99% used [0x00000000ffb00000,0x00000000ffd7a620,0x00000000ffd80000)
  to   space 2560K, 0% used [0x00000000ffd80000,0x00000000ffd80000,0x0000000100000000)
 ParOldGen       total 44032K, used 1540K [0x00000000fc000000, 0x00000000feb00000, 0x00000000feb00000)
  object space 44032K, 3% used [0x00000000fc000000,0x00000000fc1813e0,0x00000000feb00000)
 Metaspace       used 6946K, capacity 7106K, committed 7296K, reserved 1056768K
  class space    used 814K, capacity 861K, committed 896K, reserved 1048576K
Event: 1.581 GC heap after
Heap after GC invocations=2 (full 0):
 PSYoungGen      total 18944K, used 2547K [0x00000000feb00000, 0x0000000100000000, 0x0000000100000000)
  eden space 16384K, 0% used [0x00000000feb00000,0x00000000feb00000,0x00000000ffb00000)
  from space 2560K, 99% used [0x00000000ffd80000,0x00000000ffffce20,0x0000000100000000)
  to   space 2560K, 0% used [0x00000000ffb00000,0x00000000ffb00000,0x00000000ffd80000)
 ParOldGen       total 44032K, used 5986K [0x00000000fc000000, 0x00000000feb00000, 0x00000000feb00000)
  object space 44032K, 13% used [0x00000000fc000000,0x00000000fc5d88c8,0x00000000feb00000)
 Metaspace       used 6946K, capacity 7106K, committed 7296K, reserved 1056768K
  class space    used 814K, capacity 861K, committed 896K, reserved 1048576K
}

Deoptimization events (10 events):
Event: 1.113 Thread 0x00000000024fd800 Uncommon trap: reason=unstable_if action=reinterpret pc=0x0000000002cacb58 method=java.util.zip.ZipEntry.setExtra0([BZ)V @ 1
Event: 1.114 Thread 0x00000000024fd800 Uncommon trap: reason=unstable_if action=reinterpret pc=0x0000000002cb02dc method=java.util.zip.ZipFile$ZipEntryIterator.hasNext()Z @ 25
Event: 1.114 Thread 0x00000000024fd800 Uncommon trap: reason=unstable_if action=reinterpret pc=0x0000000002cb6c78 method=java.util.zip.ZipCoder.decoder()Ljava/nio/charset/CharsetDecoder; @ 4
Event: 1.116 Thread 0x00000000024fd800 Uncommon trap: reason=unstable_if action=reinterpret pc=0x0000000002cb936c method=java.util.zip.ZipCoder.decoder()Ljava/nio/charset/CharsetDecoder; @ 4
Event: 1.194 Thread 0x00000000024fd800 Uncommon trap: reason=unstable_if action=reinterpret pc=0x0000000002cc37ec method=java.util.zip.ZipCoder.decoder()Ljava/nio/charset/CharsetDecoder; @ 4
Event: 1.194 Thread 0x00000000024fd800 Uncommon trap: reason=unstable_if action=reinterpret pc=0x0000000002cb1218 method=java.util.zip.ZipCoder.decoder()Ljava/nio/charset/CharsetDecoder; @ 4
Event: 1.194 Thread 0x00000000024fd800 Uncommon trap: reason=unstable_if action=reinterpret pc=0x0000000002cafa40 method=java.util.zip.ZipCoder.decoder()Ljava/nio/charset/CharsetDecoder; @ 4
Event: 1.201 Thread 0x00000000024fd800 Uncommon trap: reason=unstable_if action=reinterpret pc=0x0000000002cce988 method=java.util.HashMap$HashIterator.nextNode()Ljava/util/HashMap$Node; @ 74
Event: 1.364 Thread 0x00000000024fd800 Uncommon trap: reason=unstable_if action=reinterpret pc=0x0000000002ccee88 method=java.util.HashMap$HashIterator.nextNode()Ljava/util/HashMap$Node; @ 74
Event: 1.552 Thread 0x00000000024fd800 Uncommon trap: reason=unloaded action=reinterpret pc=0x0000000002cbfbfc method=java.util.zip.ZipEntry.setExtra0([BZ)V @ 37

Classes redefined (0 events):
No events

Internal exceptions (10 events):
Event: 1.331 Thread 0x00000000024fd800 Exception <a 'sun/nio/fs/WindowsException'> (0x00000000ff245ee0) thrown at [D:\src\AOSP-openjdk-cygwin\jdk8u\hotspot\src\share\vm\prims\jni.cpp, line 709]
Event: 1.331 Thread 0x00000000024fd800 Exception <a 'sun/nio/fs/WindowsException'> (0x00000000ff2464a8) thrown at [D:\src\AOSP-openjdk-cygwin\jdk8u\hotspot\src\share\vm\prims\jni.cpp, line 709]
Event: 1.332 Thread 0x00000000024fd800 Exception <a 'sun/nio/fs/WindowsException'> (0x00000000ff246c68) thrown at [D:\src\AOSP-openjdk-cygwin\jdk8u\hotspot\src\share\vm\prims\jni.cpp, line 709]
Event: 1.332 Thread 0x00000000024fd800 Exception <a 'sun/nio/fs/WindowsException'> (0x00000000ff247208) thrown at [D:\src\AOSP-openjdk-cygwin\jdk8u\hotspot\src\share\vm\prims\jni.cpp, line 709]
Event: 1.332 Thread 0x00000000024fd800 Exception <a 'sun/nio/fs/WindowsException'> (0x00000000ff2479b8) thrown at [D:\src\AOSP-openjdk-cygwin\jdk8u\hotspot\src\share\vm\prims\jni.cpp, line 709]
Event: 1.433 Thread 0x00000000024fd800 Exception <a 'sun/nio/fs/WindowsException'> (0x00000000ff24ccf8) thrown at [D:\src\AOSP-openjdk-cygwin\jdk8u\hotspot\src\share\vm\prims\jni.cpp, line 709]
Event: 1.595 Thread 0x00000000024fd800 Exception <a 'sun/nio/fs/WindowsException'> (0x00000000feba90b8) thrown at [D:\src\AOSP-openjdk-cygwin\jdk8u\hotspot\src\share\vm\prims\jni.cpp, line 709]
Event: 1.596 Thread 0x00000000024fd800 Exception <a 'sun/nio/fs/WindowsException'> (0x00000000feba9610) thrown at [D:\src\AOSP-openjdk-cygwin\jdk8u\hotspot\src\share\vm\prims\jni.cpp, line 709]
Event: 1.628 Thread 0x00000000024fd800 Exception <a 'sun/nio/fs/WindowsException'> (0x00000000febb4e10) thrown at [D:\src\AOSP-openjdk-cygwin\jdk8u\hotspot\src\share\vm\prims\jni.cpp, line 709]
Event: 1.630 Thread 0x00000000024fd800 Exception <a 'sun/nio/fs/WindowsException'> (0x00000000febb52e8) thrown at [D:\src\AOSP-openjdk-cygwin\jdk8u\hotspot\src\share\vm\prims\jni.cpp, line 709]

Events (10 events):
Event: 1.791 loading class sun/util/calendar/BaseCalendar$Date done
Event: 1.791 loading class sun/util/calendar/Gregorian$Date done
Event: 1.791 loading class sun/util/calendar/CalendarUtils
Event: 1.792 loading class sun/util/calendar/CalendarUtils done
Event: 1.792 loading class java/util/zip/ZipOutputStream$XEntry
Event: 1.792 loading class java/util/zip/ZipOutputStream$XEntry done
Event: 1.795 loading class org/objectweb/asm/Edge
Event: 1.795 loading class org/objectweb/asm/Edge done
Event: 1.811 loading class org/objectweb/asm/Opcodes
Event: 1.811 loading class org/objectweb/asm/Opcodes done


Dynamic libraries:
0x00007ff7bef40000 - 0x00007ff7bef71000 	C:\Program Files\Android\Android Studio\jre\bin\java.exe
0x00007ffba9340000 - 0x00007ffba9521000 	C:\WINDOWS\SYSTEM32\ntdll.dll
0x00007ffba6ca0000 - 0x00007ffba6d52000 	C:\WINDOWS\System32\KERNEL32.DLL
0x00007ffba6070000 - 0x00007ffba62e3000 	C:\WINDOWS\System32\KERNELBASE.dll
0x00007ffba9260000 - 0x00007ffba9301000 	C:\WINDOWS\System32\ADVAPI32.dll
0x00007ffba77b0000 - 0x00007ffba784e000 	C:\WINDOWS\System32\msvcrt.dll
0x00007ffba71b0000 - 0x00007ffba720b000 	C:\WINDOWS\System32\sechost.dll
0x00007ffba7580000 - 0x00007ffba76a4000 	C:\WINDOWS\System32\RPCRT4.dll
0x00007ffba7ac0000 - 0x00007ffba7c50000 	C:\WINDOWS\System32\USER32.dll
0x00007ffba5790000 - 0x00007ffba57b0000 	C:\WINDOWS\System32\win32u.dll
0x00007ffba67e0000 - 0x00007ffba6808000 	C:\WINDOWS\System32\GDI32.dll
0x00007ffba6530000 - 0x00007ffba66c2000 	C:\WINDOWS\System32\gdi32full.dll
0x00007ffba5fd0000 - 0x00007ffba606f000 	C:\WINDOWS\System32\msvcp_win.dll
0x00007ffba66d0000 - 0x00007ffba67ca000 	C:\WINDOWS\System32\ucrtbase.dll
0x00007ffb93ad0000 - 0x00007ffb93d39000 	C:\WINDOWS\WinSxS\amd64_microsoft.windows.common-controls_6595b64144ccf1df_6.0.17134.48_none_b4b2216a3cb4dd3e\COMCTL32.dll
0x00007ffba6810000 - 0x00007ffba6b33000 	C:\WINDOWS\System32\combase.dll
0x00007ffba5710000 - 0x00007ffba578a000 	C:\WINDOWS\System32\bcryptPrimitives.dll
0x00007ffba9090000 - 0x00007ffba90bd000 	C:\WINDOWS\System32\IMM32.DLL
0x0000000069530000 - 0x0000000069602000 	C:\Program Files\Android\Android Studio\jre\jre\bin\msvcr100.dll
0x0000000066c10000 - 0x000000006744e000 	C:\Program Files\Android\Android Studio\jre\jre\bin\server\jvm.dll
0x00007ffba91d0000 - 0x00007ffba91d8000 	C:\WINDOWS\System32\PSAPI.DLL
0x00007ffba1d20000 - 0x00007ffba1d29000 	C:\WINDOWS\SYSTEM32\WSOCK32.dll
0x00007ffba7510000 - 0x00007ffba757c000 	C:\WINDOWS\System32\WS2_32.dll
0x00007ffb95780000 - 0x00007ffb957a3000 	C:\WINDOWS\SYSTEM32\WINMM.dll
0x00007ffb9d7c0000 - 0x00007ffb9d7ca000 	C:\WINDOWS\SYSTEM32\VERSION.dll
0x00007ffb95570000 - 0x00007ffb9559a000 	C:\WINDOWS\SYSTEM32\WINMMBASE.dll
0x00007ffba64e0000 - 0x00007ffba6529000 	C:\WINDOWS\System32\cfgmgr32.dll
0x00007ffba1d30000 - 0x00007ffba1d3f000 	C:\Program Files\Android\Android Studio\jre\jre\bin\verify.dll
0x00007ffba1b00000 - 0x00007ffba1b29000 	C:\Program Files\Android\Android Studio\jre\jre\bin\java.dll
0x00007ffb9f450000 - 0x00007ffb9f466000 	C:\Program Files\Android\Android Studio\jre\jre\bin\zip.dll
0x00007ffba7c50000 - 0x00007ffba9090000 	C:\WINDOWS\System32\SHELL32.dll
0x00007ffba9120000 - 0x00007ffba91c9000 	C:\WINDOWS\System32\shcore.dll
0x00007ffba58c0000 - 0x00007ffba5fcd000 	C:\WINDOWS\System32\windows.storage.dll
0x00007ffba90c0000 - 0x00007ffba9111000 	C:\WINDOWS\System32\shlwapi.dll
0x00007ffba5680000 - 0x00007ffba5691000 	C:\WINDOWS\System32\kernel.appcore.dll
0x00007ffba56f0000 - 0x00007ffba570f000 	C:\WINDOWS\System32\profapi.dll
0x00007ffba56a0000 - 0x00007ffba56ec000 	C:\WINDOWS\System32\powrprof.dll
0x00007ffba5650000 - 0x00007ffba565a000 	C:\WINDOWS\System32\FLTLIB.DLL
0x00007ffba5080000 - 0x00007ffba5097000 	C:\WINDOWS\SYSTEM32\CRYPTSP.dll
0x00007ffba4ab0000 - 0x00007ffba4ae3000 	C:\WINDOWS\system32\rsaenh.dll
0x00007ffba51b0000 - 0x00007ffba51d5000 	C:\WINDOWS\SYSTEM32\bcrypt.dll
0x00007ffba5580000 - 0x00007ffba55a8000 	C:\WINDOWS\SYSTEM32\USERENV.dll
0x00007ffba50a0000 - 0x00007ffba50ab000 	C:\WINDOWS\SYSTEM32\CRYPTBASE.dll
0x00007ffb9f430000 - 0x00007ffb9f44a000 	C:\Program Files\Android\Android Studio\jre\jre\bin\net.dll
0x00007ffba4ed0000 - 0x00007ffba4f36000 	C:\WINDOWS\system32\mswsock.dll
0x00007ffba4c50000 - 0x00007ffba4c88000 	C:\WINDOWS\SYSTEM32\IPHLPAPI.DLL
0x00007ffba7430000 - 0x00007ffba7438000 	C:\WINDOWS\System32\NSI.dll
0x00007ffb9a1f0000 - 0x00007ffb9a206000 	C:\WINDOWS\SYSTEM32\dhcpcsvc6.DLL
0x00007ffb9a120000 - 0x00007ffb9a13a000 	C:\WINDOWS\SYSTEM32\dhcpcsvc.DLL
0x00007ffb9f410000 - 0x00007ffb9f421000 	C:\Program Files\Android\Android Studio\jre\jre\bin\nio.dll

VM Arguments:
jvm_args: -Djava.awt.headless=true -Xmx64M -Dfile.encoding=x-windows-949 -Duser.country=KR -Duser.language=ko -Duser.variant 
java_command: com.google.devtools.build.android.desugar.Desugar @D:\test\app\build\intermediates\tmp\desugar_args4837359394234481904
java_class_path (initial): C:\Users\Goo\AppData\Local\Temp\desugar_deploy.jar4283967336768827273
Launcher Type: SUN_STANDARD

Environment Variables:
PATH=C:\ProgramData\Oracle\Java\javapath;C:\WINDOWS\system32;C:\WINDOWS;C:\WINDOWS\System32\Wbem;C:\WINDOWS\System32\WindowsPowerShell\v1.0\;C:\OpenSSL;;C:\WINDOWS\System32\OpenSSH\;C:\Users\Goo\AppData\Local\Microsoft\WindowsApps;
USERNAME=Goo
OS=Windows_NT
PROCESSOR_IDENTIFIER=Intel64 Family 6 Model 158 Stepping 9, GenuineIntel



---------------  S Y S T E M  ---------------

OS: Windows 10.0 , 64 bit Build 17134 (10.0.17134.1)

CPU:total 8 (initial active 8) (4 cores per cpu, 2 threads per core) family 6 model 158 stepping 9, cmov, cx8, fxsr, mmx, sse, sse2, sse3, ssse3, sse4.1, sse4.2, popcnt, avx, avx2, aes, clmul, erms, 3dnowpref, lzcnt, ht, tsc, tscinvbit, bmi1, bmi2, adx

Memory: 4k page, physical 16692940k(4494548k free), swap 16692940k(1988k free)

vm_info: OpenJDK 64-Bit Server VM (25.152-b01) for windows-amd64 JRE (1.8.0_152-release-915-b01), built by "builder" with MS VC++ 10.0 (VS2010)

time: Sat May 26 23:57:27 2018
elapsed time: 1 seconds (0d 0h 0m 1s)

