#
# There is insufficient memory for the Java Runtime Environment to continue.
# Native memory allocation (malloc) failed to allocate 2616816 bytes for Chunk::new
# Possible reasons:
#   The system is out of physical RAM or swap space
#   In 32 bit mode, the process size limit was hit
# Possible solutions:
#   Reduce memory load on the system
#   Increase physical memory or swap space
#   Check if swap backing store is full
#   Use 64 bit Java on a 64 bit OS
#   Decrease Java heap size (-Xmx/-Xms)
#   Decrease number of Java threads
#   Decrease Java thread stack sizes (-Xss)
#   Set larger code cache with -XX:ReservedCodeCacheSize=
# This output file may be truncated or incomplete.
#
#  Out of Memory Error (allocation.cpp:390), pid=8448, tid=0x00000000000030b0
#
# JRE version: OpenJDK Runtime Environment (8.0_152-b01) (build 1.8.0_152-release-915-b01)
# Java VM: OpenJDK 64-Bit Server VM (25.152-b01 mixed mode windows-amd64 compressed oops)
# Failed to write core dump. Minidumps are not enabled by default on client versions of Windows
#

---------------  T H R E A D  ---------------

Current thread (0x0000000015e90800):  JavaThread "C2 CompilerThread2" daemon [_thread_in_native, id=12464, stack(0x0000000016750000,0x0000000016850000)]

Stack: [0x0000000016750000,0x0000000016850000]
[error occurred during error reporting (printing stack bounds), id 0xc0000005]

Native frames: (J=compiled Java code, j=interpreted, Vv=VM code, C=native code)


Current CompileTask:
C2:   4641  951       4       org.objectweb.asm.ClassReader::a (3587 bytes)


---------------  P R O C E S S  ---------------

Java Threads: ( => current thread )
  0x0000000015e9a800 JavaThread "Service Thread" daemon [_thread_blocked, id=7868, stack(0x0000000016950000,0x0000000016a50000)]
  0x0000000015e93000 JavaThread "C1 CompilerThread3" daemon [_thread_blocked, id=4860, stack(0x0000000016850000,0x0000000016950000)]
=>0x0000000015e90800 JavaThread "C2 CompilerThread2" daemon [_thread_in_native, id=12464, stack(0x0000000016750000,0x0000000016850000)]
  0x0000000015e4f000 JavaThread "C2 CompilerThread1" daemon [_thread_in_native, id=4800, stack(0x0000000016650000,0x0000000016750000)]
  0x0000000015e3a000 JavaThread "C2 CompilerThread0" daemon [_thread_in_native, id=9288, stack(0x0000000016550000,0x0000000016650000)]
  0x0000000015e38800 JavaThread "Attach Listener" daemon [_thread_blocked, id=11068, stack(0x0000000016450000,0x0000000016550000)]
  0x0000000015de6000 JavaThread "Signal Dispatcher" daemon [_thread_blocked, id=9548, stack(0x0000000016350000,0x0000000016450000)]
  0x000000000370e000 JavaThread "Finalizer" daemon [_thread_blocked, id=1200, stack(0x00000000161b0000,0x00000000162b0000)]
  0x0000000003707000 JavaThread "Reference Handler" daemon [_thread_blocked, id=12344, stack(0x0000000015cb0000,0x0000000015db0000)]
  0x00000000014ad800 JavaThread "main" [_thread_in_native, id=12220, stack(0x0000000003510000,0x0000000003610000)]

Other Threads:
  0x0000000013ee5000 VMThread [stack: 0x0000000015bb0000,0x0000000015cb0000] [id=2720]
  0x0000000015e9b800 WatcherThread [stack: 0x0000000016a50000,0x0000000016b50000] [id=2056]

VM state:not at safepoint (normal execution)

VM Mutex/Monitor currently owned by a thread: None

Heap:
 PSYoungGen      total 18944K, used 5469K [0x00000000feb00000, 0x0000000100000000, 0x0000000100000000)
  eden space 16384K, 17% used [0x00000000feb00000,0x00000000feddcf38,0x00000000ffb00000)
  from space 2560K, 99% used [0x00000000ffd80000,0x00000000ffffa610,0x0000000100000000)
  to   space 2560K, 0% used [0x00000000ffb00000,0x00000000ffb00000,0x00000000ffd80000)
 ParOldGen       total 44032K, used 7101K [0x00000000fc000000, 0x00000000feb00000, 0x00000000feb00000)
  object space 44032K, 16% used [0x00000000fc000000,0x00000000fc6ef770,0x00000000feb00000)
 Metaspace       used 7821K, capacity 7978K, committed 8192K, reserved 1056768K
  class space    used 877K, capacity 957K, committed 1024K, reserved 1048576K

Card table byte_map: [0x00000000019d0000,0x0000000001a00000] byte_map_base: 0x00000000011f0000

Marking Bits: (ParMarkBitMap*) 0x000000005d303950
 Begin Bits: [0x00000000132d0000, 0x00000000133d0000)
 End Bits:   [0x00000000133d0000, 0x00000000134d0000)

Polling page: 0x0000000000ff0000

CodeCache: size=245760Kb used=4515Kb max_used=4520Kb free=241244Kb
 bounds [0x0000000003710000, 0x0000000003b90000, 0x0000000012710000]
 total_blobs=1552 nmethods=1217 adapters=248
 compilation: enabled

Compilation events (10 events):
Event: 4.602 Thread 0x0000000015e3a000 1220       4       org.objectweb.asm.MethodVisitor::visitFieldInsn (20 bytes)
Event: 4.602 Thread 0x0000000015e93000 nmethod 1219 0x0000000003b64610 code [0x0000000003b647c0, 0x0000000003b64c08]
Event: 4.606 Thread 0x0000000015e93000 1223       3       org.objectweb.asm.ClassReader::a (1227 bytes)
Event: 4.609 Thread 0x0000000015e93000 nmethod 1223 0x0000000003b78f50 code [0x0000000003b79620, 0x0000000003b7e618]
Event: 4.609 Thread 0x0000000015e93000 1224       1       java.util.concurrent.TimeUnit$3::toSeconds (6 bytes)
Event: 4.609 Thread 0x0000000015e93000 nmethod 1224 0x0000000003b63c90 code [0x0000000003b63de0, 0x0000000003b63f10]
Event: 4.610 Thread 0x0000000015e4f000 nmethod 1209 0x0000000003b60e10 code [0x0000000003b610e0, 0x0000000003b61a88]
Event: 4.610 Thread 0x0000000015e4f000 1222       4       org.objectweb.asm.MethodVisitor::visitMethodInsn (68 bytes)
Event: 4.615 Thread 0x0000000015e93000 1226       1       java.lang.ref.Finalizer::access$000 (4 bytes)
Event: 4.615 Thread 0x0000000015e93000 nmethod 1226 0x0000000003b64390 code [0x0000000003b644e0, 0x0000000003b645d0]

GC Heap History (8 events):
Event: 1.221 GC heap before
{Heap before GC invocations=1 (full 0):
 PSYoungGen      total 18944K, used 16384K [0x00000000feb00000, 0x0000000100000000, 0x0000000100000000)
  eden space 16384K, 100% used [0x00000000feb00000,0x00000000ffb00000,0x00000000ffb00000)
  from space 2560K, 0% used [0x00000000ffd80000,0x00000000ffd80000,0x0000000100000000)
  to   space 2560K, 0% used [0x00000000ffb00000,0x00000000ffb00000,0x00000000ffd80000)
 ParOldGen       total 44032K, used 0K [0x00000000fc000000, 0x00000000feb00000, 0x00000000feb00000)
  object space 44032K, 0% used [0x00000000fc000000,0x00000000fc000000,0x00000000feb00000)
 Metaspace       used 6625K, capacity 6808K, committed 7040K, reserved 1056768K
  class space    used 774K, capacity 824K, committed 896K, reserved 1048576K
Event: 1.255 GC heap after
Heap after GC invocations=1 (full 0):
 PSYoungGen      total 18944K, used 2553K [0x00000000feb00000, 0x0000000100000000, 0x0000000100000000)
  eden space 16384K, 0% used [0x00000000feb00000,0x00000000feb00000,0x00000000ffb00000)
  from space 2560K, 99% used [0x00000000ffb00000,0x00000000ffd7e630,0x00000000ffd80000)
  to   space 2560K, 0% used [0x00000000ffd80000,0x00000000ffd80000,0x0000000100000000)
 ParOldGen       total 44032K, used 1533K [0x00000000fc000000, 0x00000000feb00000, 0x00000000feb00000)
  object space 44032K, 3% used [0x00000000fc000000,0x00000000fc17f5c8,0x00000000feb00000)
 Metaspace       used 6625K, capacity 6808K, committed 7040K, reserved 1056768K
  class space    used 774K, capacity 824K, committed 896K, reserved 1048576K
}
Event: 1.625 GC heap before
{Heap before GC invocations=2 (full 0):
 PSYoungGen      total 18944K, used 18937K [0x00000000feb00000, 0x0000000100000000, 0x0000000100000000)
  eden space 16384K, 100% used [0x00000000feb00000,0x00000000ffb00000,0x00000000ffb00000)
  from space 2560K, 99% used [0x00000000ffb00000,0x00000000ffd7e630,0x00000000ffd80000)
  to   space 2560K, 0% used [0x00000000ffd80000,0x00000000ffd80000,0x0000000100000000)
 ParOldGen       total 44032K, used 1533K [0x00000000fc000000, 0x00000000feb00000, 0x00000000feb00000)
  object space 44032K, 3% used [0x00000000fc000000,0x00000000fc17f5c8,0x00000000feb00000)
 Metaspace       used 6970K, capacity 7114K, committed 7296K, reserved 1056768K
  class space    used 816K, capacity 861K, committed 896K, reserved 1048576K
Event: 1.737 GC heap after
Heap after GC invocations=2 (full 0):
 PSYoungGen      total 18944K, used 2547K [0x00000000feb00000, 0x0000000100000000, 0x0000000100000000)
  eden space 16384K, 0% used [0x00000000feb00000,0x00000000feb00000,0x00000000ffb00000)
  from space 2560K, 99% used [0x00000000ffd80000,0x00000000ffffce10,0x0000000100000000)
  to   space 2560K, 0% used [0x00000000ffb00000,0x00000000ffb00000,0x00000000ffd80000)
 ParOldGen       total 44032K, used 5842K [0x00000000fc000000, 0x00000000feb00000, 0x00000000feb00000)
  object space 44032K, 13% used [0x00000000fc000000,0x00000000fc5b4ac0,0x00000000feb00000)
 Metaspace       used 6970K, capacity 7114K, committed 7296K, reserved 1056768K
  class space    used 816K, capacity 861K, committed 896K, reserved 1048576K
}
Event: 3.149 GC heap before
{Heap before GC invocations=3 (full 0):
 PSYoungGen      total 18944K, used 18931K [0x00000000feb00000, 0x0000000100000000, 0x0000000100000000)
  eden space 16384K, 100% used [0x00000000feb00000,0x00000000ffb00000,0x00000000ffb00000)
  from space 2560K, 99% used [0x00000000ffd80000,0x00000000ffffce10,0x0000000100000000)
  to   space 2560K, 0% used [0x00000000ffb00000,0x00000000ffb00000,0x00000000ffd80000)
 ParOldGen       total 44032K, used 5842K [0x00000000fc000000, 0x00000000feb00000, 0x00000000feb00000)
  object space 44032K, 13% used [0x00000000fc000000,0x00000000fc5b4ac0,0x00000000feb00000)
 Metaspace       used 7725K, capacity 7914K, committed 8192K, reserved 1056768K
  class space    used 875K, capacity 957K, committed 1024K, reserved 1048576K
Event: 3.923 GC heap after
Heap after GC invocations=3 (full 0):
 PSYoungGen      total 18944K, used 2545K [0x00000000feb00000, 0x0000000100000000, 0x0000000100000000)
  eden space 16384K, 0% used [0x00000000feb00000,0x00000000feb00000,0x00000000ffb00000)
  from space 2560K, 99% used [0x00000000ffb00000,0x00000000ffd7c5b8,0x00000000ffd80000)
  to   space 2560K, 0% used [0x00000000ffd80000,0x00000000ffd80000,0x0000000100000000)
 ParOldGen       total 44032K, used 6824K [0x00000000fc000000, 0x00000000feb00000, 0x00000000feb00000)
  object space 44032K, 15% used [0x00000000fc000000,0x00000000fc6aa378,0x00000000feb00000)
 Metaspace       used 7725K, capacity 7914K, committed 8192K, reserved 1056768K
  class space    used 875K, capacity 957K, committed 1024K, reserved 1048576K
}
Event: 4.157 GC heap before
{Heap before GC invocations=4 (full 0):
 PSYoungGen      total 18944K, used 18929K [0x00000000feb00000, 0x0000000100000000, 0x0000000100000000)
  eden space 16384K, 100% used [0x00000000feb00000,0x00000000ffb00000,0x00000000ffb00000)
  from space 2560K, 99% used [0x00000000ffb00000,0x00000000ffd7c5b8,0x00000000ffd80000)
  to   space 2560K, 0% used [0x00000000ffd80000,0x00000000ffd80000,0x0000000100000000)
 ParOldGen       total 44032K, used 6824K [0x00000000fc000000, 0x00000000feb00000, 0x00000000feb00000)
  object space 44032K, 15% used [0x00000000fc000000,0x00000000fc6aa378,0x00000000feb00000)
 Metaspace       used 7820K, capacity 7978K, committed 8192K, reserved 1056768K
  class space    used 877K, capacity 957K, committed 1024K, reserved 1048576K
Event: 4.593 GC heap after
Heap after GC invocations=4 (full 0):
 PSYoungGen      total 18944K, used 2537K [0x00000000feb00000, 0x0000000100000000, 0x0000000100000000)
  eden space 16384K, 0% used [0x00000000feb00000,0x00000000feb00000,0x00000000ffb00000)
  from space 2560K, 99% used [0x00000000ffd80000,0x00000000ffffa610,0x0000000100000000)
  to   space 2560K, 0% used [0x00000000ffb00000,0x00000000ffb00000,0x00000000ffd80000)
 ParOldGen       total 44032K, used 7101K [0x00000000fc000000, 0x00000000feb00000, 0x00000000feb00000)
  object space 44032K, 16% used [0x00000000fc000000,0x00000000fc6ef770,0x00000000feb00000)
 Metaspace       used 7820K, capacity 7978K, committed 8192K, reserved 1056768K
  class space    used 877K, capacity 957K, committed 1024K, reserved 1048576K
}

Deoptimization events (10 events):
Event: 4.145 Thread 0x00000000014ad800 Uncommon trap: reason=bimorphic action=maybe_recompile pc=0x0000000003af68ec method=org.objectweb.asm.MethodVisitor.visitFieldInsn(ILjava/lang/String;Ljava/lang/String;Ljava/lang/String;)V @ 16
Event: 4.596 Thread 0x00000000014ad800 Uncommon trap: reason=bimorphic action=maybe_recompile pc=0x0000000003af68ec method=org.objectweb.asm.MethodVisitor.visitFieldInsn(ILjava/lang/String;Ljava/lang/String;Ljava/lang/String;)V @ 16
Event: 4.596 Thread 0x00000000014ad800 Uncommon trap: reason=bimorphic action=maybe_recompile pc=0x0000000003aeebc4 method=org.objectweb.asm.MethodVisitor.visitMethodInsn(ILjava/lang/String;Ljava/lang/String;Ljava/lang/String;Z)V @ 64
Event: 4.596 Thread 0x00000000014ad800 Uncommon trap: reason=bimorphic action=maybe_recompile pc=0x0000000003aeebc4 method=org.objectweb.asm.MethodVisitor.visitMethodInsn(ILjava/lang/String;Ljava/lang/String;Ljava/lang/String;Z)V @ 64
Event: 4.596 Thread 0x00000000014ad800 Uncommon trap: reason=bimorphic action=maybe_recompile pc=0x0000000003aeebc4 method=org.objectweb.asm.MethodVisitor.visitMethodInsn(ILjava/lang/String;Ljava/lang/String;Ljava/lang/String;Z)V @ 64
Event: 4.596 Thread 0x00000000014ad800 Uncommon trap: reason=bimorphic action=maybe_recompile pc=0x0000000003af68ec method=org.objectweb.asm.MethodVisitor.visitFieldInsn(ILjava/lang/String;Ljava/lang/String;Ljava/lang/String;)V @ 16
Event: 4.596 Thread 0x00000000014ad800 Uncommon trap: reason=unstable_if action=reinterpret pc=0x0000000003b66bbc method=org.objectweb.asm.ClassReader.b(Lorg/objectweb/asm/ClassVisitor;Lorg/objectweb/asm/Context;I)I @ 126
Event: 4.599 Thread 0x00000000014ad800 Uncommon trap: reason=bimorphic action=maybe_recompile pc=0x0000000003af68ec method=org.objectweb.asm.MethodVisitor.visitFieldInsn(ILjava/lang/String;Ljava/lang/String;Ljava/lang/String;)V @ 16
Event: 4.603 Thread 0x00000000014ad800 Uncommon trap: reason=bimorphic action=maybe_recompile pc=0x0000000003aeebc4 method=org.objectweb.asm.MethodVisitor.visitMethodInsn(ILjava/lang/String;Ljava/lang/String;Ljava/lang/String;Z)V @ 64
Event: 4.603 Thread 0x00000000014ad800 Uncommon trap: reason=bimorphic action=maybe_recompile pc=0x0000000003b6b8c4 method=org.objectweb.asm.tree.MethodInsnNode.accept(Lorg/objectweb/asm/MethodVisitor;)V @ 21

Classes redefined (0 events):
No events

Internal exceptions (10 events):
Event: 2.991 Thread 0x00000000014ad800 Exception <a 'sun/nio/fs/WindowsException'> (0x00000000fef9e638) thrown at [D:\src\AOSP-openjdk-cygwin\jdk8u\hotspot\src\share\vm\prims\jni.cpp, line 709]
Event: 2.999 Thread 0x00000000014ad800 Exception <a 'sun/nio/fs/WindowsException'> (0x00000000fefcccf0) thrown at [D:\src\AOSP-openjdk-cygwin\jdk8u\hotspot\src\share\vm\prims\jni.cpp, line 709]
Event: 2.999 Thread 0x00000000014ad800 Exception <a 'sun/nio/fs/WindowsException'> (0x00000000fefcd1c8) thrown at [D:\src\AOSP-openjdk-cygwin\jdk8u\hotspot\src\share\vm\prims\jni.cpp, line 709]
Event: 3.007 Thread 0x00000000014ad800 Exception <a 'sun/nio/fs/WindowsException'> (0x00000000fefd0668) thrown at [D:\src\AOSP-openjdk-cygwin\jdk8u\hotspot\src\share\vm\prims\jni.cpp, line 709]
Event: 3.007 Thread 0x00000000014ad800 Exception <a 'sun/nio/fs/WindowsException'> (0x00000000fefd0b40) thrown at [D:\src\AOSP-openjdk-cygwin\jdk8u\hotspot\src\share\vm\prims\jni.cpp, line 709]
Event: 3.105 Thread 0x00000000014ad800 Exception <a 'sun/nio/fs/WindowsException'> (0x00000000ff878b50) thrown at [D:\src\AOSP-openjdk-cygwin\jdk8u\hotspot\src\share\vm\prims\jni.cpp, line 709]
Event: 3.105 Thread 0x00000000014ad800 Exception <a 'sun/nio/fs/WindowsException'> (0x00000000ff879028) thrown at [D:\src\AOSP-openjdk-cygwin\jdk8u\hotspot\src\share\vm\prims\jni.cpp, line 709]
Event: 4.019 Thread 0x00000000014ad800 Implicit null exception at 0x0000000003ae872a to 0x0000000003ae8a0d
Event: 4.628 Thread 0x00000000014ad800 Exception <a 'sun/nio/fs/WindowsException'> (0x00000000fedd4b40) thrown at [D:\src\AOSP-openjdk-cygwin\jdk8u\hotspot\src\share\vm\prims\jni.cpp, line 709]
Event: 4.629 Thread 0x00000000014ad800 Exception <a 'sun/nio/fs/WindowsException'> (0x00000000fedd5018) thrown at [D:\src\AOSP-openjdk-cygwin\jdk8u\hotspot\src\share\vm\prims\jni.cpp, line 709]

Events (10 events):
Event: 4.596 Thread 0x00000000014ad800 DEOPT UNPACKING pc=0x000000000375556a sp=0x000000000360e730 mode 2
Event: 4.599 Thread 0x00000000014ad800 Uncommon trap: trap_request=0xffffffc6 fr.pc=0x0000000003af68ec
Event: 4.599 Thread 0x00000000014ad800 DEOPT PACKING pc=0x0000000003af68ec sp=0x000000000360e9a0
Event: 4.599 Thread 0x00000000014ad800 DEOPT UNPACKING pc=0x000000000375556a sp=0x000000000360e990 mode 2
Event: 4.603 Thread 0x00000000014ad800 Uncommon trap: trap_request=0xffffffc6 fr.pc=0x0000000003aeebc4
Event: 4.603 Thread 0x00000000014ad800 DEOPT PACKING pc=0x0000000003aeebc4 sp=0x000000000360e840
Event: 4.603 Thread 0x00000000014ad800 DEOPT UNPACKING pc=0x000000000375556a sp=0x000000000360e830 mode 2
Event: 4.603 Thread 0x00000000014ad800 Uncommon trap: trap_request=0xffffffc6 fr.pc=0x0000000003b6b8c4
Event: 4.603 Thread 0x00000000014ad800 DEOPT PACKING pc=0x0000000003b6b8c4 sp=0x000000000360e830
Event: 4.603 Thread 0x00000000014ad800 DEOPT UNPACKING pc=0x000000000375556a sp=0x000000000360e840 mode 2


Dynamic libraries:
0x00007ff6199f0000 - 0x00007ff619a21000 	C:\Program Files\Android\Android Studio\jre\bin\java.exe
0x00007ff98de30000 - 0x00007ff98e011000 	C:\WINDOWS\SYSTEM32\ntdll.dll
0x00007ff98c160000 - 0x00007ff98c212000 	C:\WINDOWS\System32\KERNEL32.DLL
0x00007ff98a400000 - 0x00007ff98a673000 	C:\WINDOWS\System32\KERNELBASE.dll
0x00007ff98b860000 - 0x00007ff98b901000 	C:\WINDOWS\System32\ADVAPI32.dll
0x00007ff98bd20000 - 0x00007ff98bdbe000 	C:\WINDOWS\System32\msvcrt.dll
0x00007ff98b910000 - 0x00007ff98b96b000 	C:\WINDOWS\System32\sechost.dll
0x00007ff98b3b0000 - 0x00007ff98b4d4000 	C:\WINDOWS\System32\RPCRT4.dll
0x00007ff98b9f0000 - 0x00007ff98bb80000 	C:\WINDOWS\System32\USER32.dll
0x00007ff98b2a0000 - 0x00007ff98b2c0000 	C:\WINDOWS\System32\win32u.dll
0x00007ff98b380000 - 0x00007ff98b3a8000 	C:\WINDOWS\System32\GDI32.dll
0x00007ff98b060000 - 0x00007ff98b1f2000 	C:\WINDOWS\System32\gdi32full.dll
0x00007ff98b200000 - 0x00007ff98b29f000 	C:\WINDOWS\System32\msvcp_win.dll
0x00007ff98a300000 - 0x00007ff98a3fa000 	C:\WINDOWS\System32\ucrtbase.dll
0x00007ff97d610000 - 0x00007ff97d879000 	C:\WINDOWS\WinSxS\amd64_microsoft.windows.common-controls_6595b64144ccf1df_6.0.17134.48_none_b4b2216a3cb4dd3e\COMCTL32.dll
0x00007ff98bdd0000 - 0x00007ff98c0f3000 	C:\WINDOWS\System32\combase.dll
0x00007ff98adf0000 - 0x00007ff98ae6a000 	C:\WINDOWS\System32\bcryptPrimitives.dll
0x00007ff98b5c0000 - 0x00007ff98b5ed000 	C:\WINDOWS\System32\IMM32.DLL
0x000000005ca60000 - 0x000000005cb32000 	C:\Program Files\Android\Android Studio\jre\jre\bin\msvcr100.dll
0x000000005cb40000 - 0x000000005d37e000 	C:\Program Files\Android\Android Studio\jre\jre\bin\server\jvm.dll
0x00007ff98b5b0000 - 0x00007ff98b5b8000 	C:\WINDOWS\System32\PSAPI.DLL
0x00007ff985c60000 - 0x00007ff985c69000 	C:\WINDOWS\SYSTEM32\WSOCK32.dll
0x00007ff98b970000 - 0x00007ff98b9dc000 	C:\WINDOWS\System32\WS2_32.dll
0x00007ff987c20000 - 0x00007ff987c43000 	C:\WINDOWS\SYSTEM32\WINMM.dll
0x00007ff982480000 - 0x00007ff98248a000 	C:\WINDOWS\SYSTEM32\VERSION.dll
0x00007ff987620000 - 0x00007ff98764a000 	C:\WINDOWS\SYSTEM32\WINMMBASE.dll
0x00007ff98a2b0000 - 0x00007ff98a2f9000 	C:\WINDOWS\System32\cfgmgr32.dll
0x00007ff96ba40000 - 0x00007ff96ba4f000 	C:\Program Files\Android\Android Studio\jre\jre\bin\verify.dll
0x00007ff96ba10000 - 0x00007ff96ba39000 	C:\Program Files\Android\Android Studio\jre\jre\bin\java.dll
0x00007ff96b9f0000 - 0x00007ff96ba06000 	C:\Program Files\Android\Android Studio\jre\jre\bin\zip.dll
0x00007ff98c2a0000 - 0x00007ff98d6e0000 	C:\WINDOWS\System32\SHELL32.dll
0x00007ff98b4e0000 - 0x00007ff98b589000 	C:\WINDOWS\System32\shcore.dll
0x00007ff98a680000 - 0x00007ff98ad8d000 	C:\WINDOWS\System32\windows.storage.dll
0x00007ff98b320000 - 0x00007ff98b371000 	C:\WINDOWS\System32\shlwapi.dll
0x00007ff98a170000 - 0x00007ff98a181000 	C:\WINDOWS\System32\kernel.appcore.dll
0x00007ff98a190000 - 0x00007ff98a1af000 	C:\WINDOWS\System32\profapi.dll
0x00007ff98a1b0000 - 0x00007ff98a1fc000 	C:\WINDOWS\System32\powrprof.dll
0x00007ff98a160000 - 0x00007ff98a16a000 	C:\WINDOWS\System32\FLTLIB.DLL
0x00007ff989b70000 - 0x00007ff989b87000 	C:\WINDOWS\SYSTEM32\CRYPTSP.dll
0x00007ff9895a0000 - 0x00007ff9895d3000 	C:\WINDOWS\system32\rsaenh.dll
0x00007ff989ca0000 - 0x00007ff989cc5000 	C:\WINDOWS\SYSTEM32\bcrypt.dll
0x00007ff98a040000 - 0x00007ff98a068000 	C:\WINDOWS\SYSTEM32\USERENV.dll
0x00007ff989b90000 - 0x00007ff989b9b000 	C:\WINDOWS\SYSTEM32\CRYPTBASE.dll
0x00007ff96b9d0000 - 0x00007ff96b9ea000 	C:\Program Files\Android\Android Studio\jre\jre\bin\net.dll
0x00007ff9899c0000 - 0x00007ff989a26000 	C:\WINDOWS\system32\mswsock.dll
0x00007ff989740000 - 0x00007ff989778000 	C:\WINDOWS\SYSTEM32\IPHLPAPI.DLL
0x00007ff98bdc0000 - 0x00007ff98bdc8000 	C:\WINDOWS\System32\NSI.dll
0x00007ff982c80000 - 0x00007ff982c96000 	C:\WINDOWS\SYSTEM32\dhcpcsvc6.DLL
0x00007ff982c60000 - 0x00007ff982c7a000 	C:\WINDOWS\SYSTEM32\dhcpcsvc.DLL
0x00007ff967fc0000 - 0x00007ff967fd1000 	C:\Program Files\Android\Android Studio\jre\jre\bin\nio.dll

VM Arguments:
jvm_args: -Djava.awt.headless=true -Xmx64M -Dfile.encoding=x-windows-949 -Duser.country=KR -Duser.language=ko -Duser.variant 
java_command: com.google.devtools.build.android.desugar.Desugar @D:\test\app\build\intermediates\tmp\desugar_args637520057647348998
java_class_path (initial): C:\Users\Goo\AppData\Local\Temp\desugar_deploy.jar3189730495422438638
Launcher Type: SUN_STANDARD

Environment Variables:
PATH=C:\ProgramData\Oracle\Java\javapath;C:\WINDOWS\system32;C:\WINDOWS;C:\WINDOWS\System32\Wbem;C:\WINDOWS\System32\WindowsPowerShell\v1.0\;C:\OpenSSL;;C:\WINDOWS\System32\OpenSSH\;C:\Users\Goo\AppData\Local\Microsoft\WindowsApps;
USERNAME=Goo
OS=Windows_NT
PROCESSOR_IDENTIFIER=Intel64 Family 6 Model 158 Stepping 9, GenuineIntel



---------------  S Y S T E M  ---------------

OS: Windows 10.0 , 64 bit Build 17134 (10.0.17134.1)

CPU:total 8 (initial active 8) (4 cores per cpu, 2 threads per core) family 6 model 158 stepping 9, cmov, cx8, fxsr, mmx, sse, sse2, sse3, ssse3, sse4.1, sse4.2, popcnt, avx, avx2, aes, clmul, erms, 3dnowpref, lzcnt, ht, tsc, tscinvbit, bmi1, bmi2, adx

Memory: 4k page, physical 16692940k(4232256k free), swap 16692940k(5348k free)

vm_info: OpenJDK 64-Bit Server VM (25.152-b01) for windows-amd64 JRE (1.8.0_152-release-915-b01), built by "builder" with MS VC++ 10.0 (VS2010)

time: Mon Jun 11 02:11:35 2018
elapsed time: 4 seconds (0d 0h 0m 4s)

