#
# There is insufficient memory for the Java Runtime Environment to continue.
# Native memory allocation (malloc) failed to allocate 32744 bytes for ChunkPool::allocate
# Possible reasons:
#   The system is out of physical RAM or swap space
#   In 32 bit mode, the process size limit was hit
# Possible solutions:
#   Reduce memory load on the system
#   Increase physical memory or swap space
#   Check if swap backing store is full
#   Use 64 bit Java on a 64 bit OS
#   Decrease Java heap size (-Xmx/-Xms)
#   Decrease number of Java threads
#   Decrease Java thread stack sizes (-Xss)
#   Set larger code cache with -XX:ReservedCodeCacheSize=
# This output file may be truncated or incomplete.
#
#  Out of Memory Error (allocation.cpp:273), pid=13028, tid=0x0000000000002610
#
# JRE version: OpenJDK Runtime Environment (8.0_152-b01) (build 1.8.0_152-release-915-b01)
# Java VM: OpenJDK 64-Bit Server VM (25.152-b01 mixed mode windows-amd64 compressed oops)
# Failed to write core dump. Minidumps are not enabled by default on client versions of Windows
#

---------------  T H R E A D  ---------------

Current thread (0x0000000015030800):  JavaThread "C2 CompilerThread0" daemon [_thread_in_native, id=9744, stack(0x0000000015730000,0x0000000015830000)]

Stack: [0x0000000015730000,0x0000000015830000]
[error occurred during error reporting (printing stack bounds), id 0xc0000005]

Native frames: (J=compiled Java code, j=interpreted, Vv=VM code, C=native code)


Current CompileTask:
C2:   2518  960       4       org.objectweb.asm.ClassReader::a (3587 bytes)


---------------  P R O C E S S  ---------------

Java Threads: ( => current thread )
  0x000000001508d800 JavaThread "Service Thread" daemon [_thread_blocked, id=10692, stack(0x0000000015b30000,0x0000000015c30000)]
  0x0000000015086000 JavaThread "C1 CompilerThread3" daemon [_thread_blocked, id=10792, stack(0x0000000015a30000,0x0000000015b30000)]
  0x0000000015083800 JavaThread "C2 CompilerThread2" daemon [_thread_blocked, id=7640, stack(0x0000000015930000,0x0000000015a30000)]
  0x0000000015073000 JavaThread "C2 CompilerThread1" daemon [_thread_blocked, id=12016, stack(0x0000000015830000,0x0000000015930000)]
=>0x0000000015030800 JavaThread "C2 CompilerThread0" daemon [_thread_in_native, id=9744, stack(0x0000000015730000,0x0000000015830000)]
  0x000000001502f000 JavaThread "Attach Listener" daemon [_thread_blocked, id=12536, stack(0x0000000015630000,0x0000000015730000)]
  0x0000000014fdb800 JavaThread "Signal Dispatcher" daemon [_thread_blocked, id=11624, stack(0x0000000015530000,0x0000000015630000)]
  0x000000000291e000 JavaThread "Finalizer" daemon [_thread_blocked, id=9076, stack(0x00000000153a0000,0x00000000154a0000)]
  0x0000000002917000 JavaThread "Reference Handler" daemon [_thread_blocked, id=1352, stack(0x0000000014ea0000,0x0000000014fa0000)]
  0x000000000233d800 JavaThread "main" [_thread_blocked, id=1052, stack(0x0000000002720000,0x0000000002820000)]

Other Threads:
  0x00000000130c5000 VMThread [stack: 0x0000000014da0000,0x0000000014ea0000] [id=1776]
  0x000000001508e000 WatcherThread [stack: 0x0000000015c30000,0x0000000015d30000] [id=2988]

VM state:at safepoint (normal execution)

VM Mutex/Monitor currently owned by a thread:  ([mutex/lock_event])
[0x000000000233c5f0] Threads_lock - owner thread: 0x00000000130c5000
[0x000000000233cff0] Heap_lock - owner thread: 0x000000000233d800

Heap:
 PSYoungGen      total 18944K, used 18931K [0x00000000feb00000, 0x0000000100000000, 0x0000000100000000)
  eden space 16384K, 100% used [0x00000000feb00000,0x00000000ffb00000,0x00000000ffb00000)
  from space 2560K, 99% used [0x00000000ffd80000,0x00000000ffffce10,0x0000000100000000)
  to   space 2560K, 98% used [0x00000000ffb00000,0x00000000ffd78638,0x00000000ffd80000)
 ParOldGen       total 44032K, used 6713K [0x00000000fc000000, 0x00000000feb00000, 0x00000000feb00000)
  object space 44032K, 15% used [0x00000000fc000000,0x00000000fc68e7f8,0x00000000feb00000)
 Metaspace       used 7693K, capacity 7842K, committed 7936K, reserved 1056768K
  class space    used 875K, capacity 957K, committed 1024K, reserved 1048576K

Card table byte_map: [0x00000000022c0000,0x00000000022f0000] byte_map_base: 0x0000000001ae0000

Marking Bits: (ParMarkBitMap*) 0x000000005cab3950
 Begin Bits: [0x00000000124e0000, 0x00000000125e0000)
 End Bits:   [0x00000000125e0000, 0x00000000126e0000)

Polling page: 0x0000000000a60000

CodeCache: size=245760Kb used=3902Kb max_used=3913Kb free=241857Kb
 bounds [0x0000000002920000, 0x0000000002d00000, 0x0000000011920000]
 total_blobs=1394 nmethods=1060 adapters=248
 compilation: enabled

Compilation events (10 events):
Event: 2.355 Thread 0x0000000015086000 nmethod 1056 0x0000000002ceb2d0 code [0x0000000002ceb440, 0x0000000002ceb7d0]
Event: 2.357 Thread 0x0000000015086000 1058       3       com.google.common.collect.Iterators::forArray (51 bytes)
Event: 2.357 Thread 0x0000000015086000 nmethod 1058 0x0000000002ced690 code [0x0000000002ced8c0, 0x0000000002cee3d8]
Event: 2.357 Thread 0x0000000015086000 1059       3       com.google.common.base.Preconditions::checkPositionIndexes (29 bytes)
Event: 2.357 Thread 0x0000000015086000 nmethod 1059 0x0000000002cead90 code [0x0000000002ceaf00, 0x0000000002ceb1b8]
Event: 2.357 Thread 0x0000000015086000 1060       3       com.google.common.collect.ImmutableList::iterator (5 bytes)
Event: 2.358 Thread 0x0000000015086000 nmethod 1060 0x0000000002cea850 code [0x0000000002cea9c0, 0x0000000002ceaca8]
Event: 2.359 Thread 0x0000000015086000 1061       3       java.nio.Buffer::remaining (10 bytes)
Event: 2.359 Thread 0x0000000015083800 nmethod 1057 0x0000000002cf4fd0 code [0x0000000002cf5120, 0x0000000002cf5398]
Event: 2.359 Thread 0x0000000015086000 nmethod 1061 0x0000000002cea550 code [0x0000000002cea6a0, 0x0000000002cea7f0]

GC Heap History (5 events):
Event: 0.977 GC heap before
{Heap before GC invocations=1 (full 0):
 PSYoungGen      total 18944K, used 16384K [0x00000000feb00000, 0x0000000100000000, 0x0000000100000000)
  eden space 16384K, 100% used [0x00000000feb00000,0x00000000ffb00000,0x00000000ffb00000)
  from space 2560K, 0% used [0x00000000ffd80000,0x00000000ffd80000,0x0000000100000000)
  to   space 2560K, 0% used [0x00000000ffb00000,0x00000000ffb00000,0x00000000ffd80000)
 ParOldGen       total 44032K, used 0K [0x00000000fc000000, 0x00000000feb00000, 0x00000000feb00000)
  object space 44032K, 0% used [0x00000000fc000000,0x00000000fc000000,0x00000000feb00000)
 Metaspace       used 6620K, capacity 6800K, committed 7040K, reserved 1056768K
  class space    used 773K, capacity 824K, committed 896K, reserved 1048576K
Event: 1.002 GC heap after
Heap after GC invocations=1 (full 0):
 PSYoungGen      total 18944K, used 2537K [0x00000000feb00000, 0x0000000100000000, 0x0000000100000000)
  eden space 16384K, 0% used [0x00000000feb00000,0x00000000feb00000,0x00000000ffb00000)
  from space 2560K, 99% used [0x00000000ffb00000,0x00000000ffd7a620,0x00000000ffd80000)
  to   space 2560K, 0% used [0x00000000ffd80000,0x00000000ffd80000,0x0000000100000000)
 ParOldGen       total 44032K, used 1580K [0x00000000fc000000, 0x00000000feb00000, 0x00000000feb00000)
  object space 44032K, 3% used [0x00000000fc000000,0x00000000fc18b2d0,0x00000000feb00000)
 Metaspace       used 6620K, capacity 6800K, committed 7040K, reserved 1056768K
  class space    used 773K, capacity 824K, committed 896K, reserved 1048576K
}
Event: 1.386 GC heap before
{Heap before GC invocations=2 (full 0):
 PSYoungGen      total 18944K, used 18921K [0x00000000feb00000, 0x0000000100000000, 0x0000000100000000)
  eden space 16384K, 100% used [0x00000000feb00000,0x00000000ffb00000,0x00000000ffb00000)
  from space 2560K, 99% used [0x00000000ffb00000,0x00000000ffd7a620,0x00000000ffd80000)
  to   space 2560K, 0% used [0x00000000ffd80000,0x00000000ffd80000,0x0000000100000000)
 ParOldGen       total 44032K, used 1580K [0x00000000fc000000, 0x00000000feb00000, 0x00000000feb00000)
  object space 44032K, 3% used [0x00000000fc000000,0x00000000fc18b2d0,0x00000000feb00000)
 Metaspace       used 6965K, capacity 7106K, committed 7296K, reserved 1056768K
  class space    used 816K, capacity 861K, committed 896K, reserved 1048576K
Event: 1.395 GC heap after
Heap after GC invocations=2 (full 0):
 PSYoungGen      total 18944K, used 2547K [0x00000000feb00000, 0x0000000100000000, 0x0000000100000000)
  eden space 16384K, 0% used [0x00000000feb00000,0x00000000feb00000,0x00000000ffb00000)
  from space 2560K, 99% used [0x00000000ffd80000,0x00000000ffffce10,0x0000000100000000)
  to   space 2560K, 0% used [0x00000000ffb00000,0x00000000ffb00000,0x00000000ffd80000)
 ParOldGen       total 44032K, used 5857K [0x00000000fc000000, 0x00000000feb00000, 0x00000000feb00000)
  object space 44032K, 13% used [0x00000000fc000000,0x00000000fc5b87c8,0x00000000feb00000)
 Metaspace       used 6965K, capacity 7106K, committed 7296K, reserved 1056768K
  class space    used 816K, capacity 861K, committed 896K, reserved 1048576K
}
Event: 2.359 GC heap before
{Heap before GC invocations=3 (full 0):
 PSYoungGen      total 18944K, used 18931K [0x00000000feb00000, 0x0000000100000000, 0x0000000100000000)
  eden space 16384K, 100% used [0x00000000feb00000,0x00000000ffb00000,0x00000000ffb00000)
  from space 2560K, 99% used [0x00000000ffd80000,0x00000000ffffce10,0x0000000100000000)
  to   space 2560K, 0% used [0x00000000ffb00000,0x00000000ffb00000,0x00000000ffd80000)
 ParOldGen       total 44032K, used 5857K [0x00000000fc000000, 0x00000000feb00000, 0x00000000feb00000)
  object space 44032K, 13% used [0x00000000fc000000,0x00000000fc5b87c8,0x00000000feb00000)
 Metaspace       used 7693K, capacity 7842K, committed 7936K, reserved 1056768K
  class space    used 875K, capacity 957K, committed 1024K, reserved 1048576K

Deoptimization events (10 events):
Event: 0.958 Thread 0x000000000233d800 Uncommon trap: reason=unstable_if action=reinterpret pc=0x0000000002b57500 method=java.util.zip.ZipCoder.decoder()Ljava/nio/charset/CharsetDecoder; @ 4
Event: 0.958 Thread 0x000000000233d800 Uncommon trap: reason=unstable_if action=reinterpret pc=0x0000000002b474d8 method=java.util.zip.ZipEntry.setExtra0([BZ)V @ 1
Event: 0.959 Thread 0x000000000233d800 Uncommon trap: reason=unstable_if action=reinterpret pc=0x0000000002b528f8 method=java.util.zip.ZipCoder.decoder()Ljava/nio/charset/CharsetDecoder; @ 4
Event: 0.963 Thread 0x000000000233d800 Uncommon trap: reason=unstable_if action=reinterpret pc=0x0000000002b54fec method=java.util.zip.ZipCoder.decoder()Ljava/nio/charset/CharsetDecoder; @ 4
Event: 1.058 Thread 0x000000000233d800 Uncommon trap: reason=unstable_if action=reinterpret pc=0x0000000002b5bb88 method=java.util.HashMap$HashIterator.nextNode()Ljava/util/HashMap$Node; @ 74
Event: 1.083 Thread 0x000000000233d800 Uncommon trap: reason=unstable_if action=reinterpret pc=0x0000000002b48958 method=java.util.zip.ZipFile.getZipEntry(Ljava/lang/String;J)Ljava/util/zip/ZipEntry; @ 19
Event: 1.194 Thread 0x000000000233d800 Uncommon trap: reason=unstable_if action=reinterpret pc=0x0000000002b5b748 method=java.util.HashMap$HashIterator.nextNode()Ljava/util/HashMap$Node; @ 74
Event: 1.359 Thread 0x000000000233d800 Uncommon trap: reason=unloaded action=reinterpret pc=0x0000000002b4ecbc method=java.util.zip.ZipEntry.setExtra0([BZ)V @ 37
Event: 1.579 Thread 0x000000000233d800 Uncommon trap: reason=unstable_if action=reinterpret pc=0x0000000002c00d60 method=java.lang.String.<init>([CII)V @ 18
Event: 1.684 Thread 0x000000000233d800 Uncommon trap: reason=unstable_if action=reinterpret pc=0x0000000002c56a28 method=java.io.BufferedOutputStream.write(I)V @ 9

Classes redefined (0 events):
No events

Internal exceptions (10 events):
Event: 1.419 Thread 0x000000000233d800 Exception <a 'sun/nio/fs/WindowsException'> (0x00000000febf6c80) thrown at [D:\src\AOSP-openjdk-cygwin\jdk8u\hotspot\src\share\vm\prims\jni.cpp, line 709]
Event: 1.419 Thread 0x000000000233d800 Exception <a 'sun/nio/fs/WindowsException'> (0x00000000febf7158) thrown at [D:\src\AOSP-openjdk-cygwin\jdk8u\hotspot\src\share\vm\prims\jni.cpp, line 709]
Event: 1.438 Thread 0x000000000233d800 Exception <a 'sun/nio/fs/WindowsException'> (0x00000000febfa610) thrown at [D:\src\AOSP-openjdk-cygwin\jdk8u\hotspot\src\share\vm\prims\jni.cpp, line 709]
Event: 1.438 Thread 0x000000000233d800 Exception <a 'sun/nio/fs/WindowsException'> (0x00000000febfaae8) thrown at [D:\src\AOSP-openjdk-cygwin\jdk8u\hotspot\src\share\vm\prims\jni.cpp, line 709]
Event: 1.552 Thread 0x000000000233d800 Exception <a 'sun/nio/fs/WindowsException'> (0x00000000fee2a7d8) thrown at [D:\src\AOSP-openjdk-cygwin\jdk8u\hotspot\src\share\vm\prims\jni.cpp, line 709]
Event: 1.552 Thread 0x000000000233d800 Exception <a 'sun/nio/fs/WindowsException'> (0x00000000fee2acb0) thrown at [D:\src\AOSP-openjdk-cygwin\jdk8u\hotspot\src\share\vm\prims\jni.cpp, line 709]
Event: 1.584 Thread 0x000000000233d800 Exception <a 'sun/nio/fs/WindowsException'> (0x00000000fee9ea48) thrown at [D:\src\AOSP-openjdk-cygwin\jdk8u\hotspot\src\share\vm\prims\jni.cpp, line 709]
Event: 1.584 Thread 0x000000000233d800 Exception <a 'sun/nio/fs/WindowsException'> (0x00000000fee9ef20) thrown at [D:\src\AOSP-openjdk-cygwin\jdk8u\hotspot\src\share\vm\prims\jni.cpp, line 709]
Event: 1.611 Thread 0x000000000233d800 Exception <a 'sun/nio/fs/WindowsException'> (0x00000000feecd5b8) thrown at [D:\src\AOSP-openjdk-cygwin\jdk8u\hotspot\src\share\vm\prims\jni.cpp, line 709]
Event: 1.611 Thread 0x000000000233d800 Exception <a 'sun/nio/fs/WindowsException'> (0x00000000feecda90) thrown at [D:\src\AOSP-openjdk-cygwin\jdk8u\hotspot\src\share\vm\prims\jni.cpp, line 709]

Events (10 events):
Event: 1.557 loading class org/objectweb/asm/tree/LocalVariableNode done
Event: 1.579 Thread 0x000000000233d800 Uncommon trap: trap_request=0xffffff65 fr.pc=0x0000000002c00d60
Event: 1.579 Thread 0x000000000233d800 DEOPT PACKING pc=0x0000000002c00d60 sp=0x000000000281ebf0
Event: 1.580 Thread 0x000000000233d800 DEOPT UNPACKING pc=0x000000000296556a sp=0x000000000281eab0 mode 2
Event: 1.684 Thread 0x000000000233d800 Uncommon trap: trap_request=0xffffff65 fr.pc=0x0000000002c56a28
Event: 1.684 Thread 0x000000000233d800 DEOPT PACKING pc=0x0000000002c56a28 sp=0x000000000281f150
Event: 1.684 Thread 0x000000000233d800 DEOPT UNPACKING pc=0x000000000296556a sp=0x000000000281f100 mode 2
Event: 1.712 Executing VM operation: ForceSafepoint
Event: 1.712 Executing VM operation: ForceSafepoint done
Event: 2.359 Executing VM operation: ParallelGCFailedAllocation


Dynamic libraries:
0x00007ff75c570000 - 0x00007ff75c5a1000 	C:\Program Files\Android\Android Studio\jre\bin\java.exe
0x00007ffa30930000 - 0x00007ffa30b11000 	C:\WINDOWS\SYSTEM32\ntdll.dll
0x00007ffa306b0000 - 0x00007ffa30762000 	C:\WINDOWS\System32\KERNEL32.DLL
0x00007ffa2d110000 - 0x00007ffa2d383000 	C:\WINDOWS\System32\KERNELBASE.dll
0x00007ffa2ef50000 - 0x00007ffa2eff1000 	C:\WINDOWS\System32\ADVAPI32.dll
0x00007ffa2e860000 - 0x00007ffa2e8fe000 	C:\WINDOWS\System32\msvcrt.dll
0x00007ffa2dfb0000 - 0x00007ffa2e00b000 	C:\WINDOWS\System32\sechost.dll
0x00007ffa307d0000 - 0x00007ffa308f4000 	C:\WINDOWS\System32\RPCRT4.dll
0x00007ffa30440000 - 0x00007ffa305d0000 	C:\WINDOWS\System32\USER32.dll
0x00007ffa2d390000 - 0x00007ffa2d3b0000 	C:\WINDOWS\System32\win32u.dll
0x00007ffa2df80000 - 0x00007ffa2dfa8000 	C:\WINDOWS\System32\GDI32.dll
0x00007ffa2d510000 - 0x00007ffa2d6a2000 	C:\WINDOWS\System32\gdi32full.dll
0x00007ffa2cff0000 - 0x00007ffa2d08f000 	C:\WINDOWS\System32\msvcp_win.dll
0x00007ffa2d410000 - 0x00007ffa2d50a000 	C:\WINDOWS\System32\ucrtbase.dll
0x00007ffa202d0000 - 0x00007ffa20539000 	C:\WINDOWS\WinSxS\amd64_microsoft.windows.common-controls_6595b64144ccf1df_6.0.17134.112_none_fb3f961b30681c12\COMCTL32.dll
0x00007ffa2e2e0000 - 0x00007ffa2e603000 	C:\WINDOWS\System32\combase.dll
0x00007ffa2d090000 - 0x00007ffa2d10a000 	C:\WINDOWS\System32\bcryptPrimitives.dll
0x00007ffa2e700000 - 0x00007ffa2e72d000 	C:\WINDOWS\System32\IMM32.DLL
0x000000005c210000 - 0x000000005c2e2000 	C:\Program Files\Android\Android Studio\jre\jre\bin\msvcr100.dll
0x000000005c2f0000 - 0x000000005cb2e000 	C:\Program Files\Android\Android Studio\jre\jre\bin\server\jvm.dll
0x00007ffa2eed0000 - 0x00007ffa2eed8000 	C:\WINDOWS\System32\PSAPI.DLL
0x00007ffa29360000 - 0x00007ffa29369000 	C:\WINDOWS\SYSTEM32\WSOCK32.dll
0x00007ffa2eee0000 - 0x00007ffa2ef4c000 	C:\WINDOWS\System32\WS2_32.dll
0x00007ffa29a00000 - 0x00007ffa29a23000 	C:\WINDOWS\SYSTEM32\WINMM.dll
0x00007ffa299d0000 - 0x00007ffa299fa000 	C:\WINDOWS\SYSTEM32\WINMMBASE.dll
0x00007ffa2cfa0000 - 0x00007ffa2cfe9000 	C:\WINDOWS\System32\cfgmgr32.dll
0x00007ffa222f0000 - 0x00007ffa222fa000 	C:\WINDOWS\SYSTEM32\VERSION.dll
0x00007ffa25450000 - 0x00007ffa2545f000 	C:\Program Files\Android\Android Studio\jre\jre\bin\verify.dll
0x00007ffa21870000 - 0x00007ffa21899000 	C:\Program Files\Android\Android Studio\jre\jre\bin\java.dll
0x00007ffa25430000 - 0x00007ffa25446000 	C:\Program Files\Android\Android Studio\jre\jre\bin\zip.dll
0x00007ffa2f000000 - 0x00007ffa30440000 	C:\WINDOWS\System32\SHELL32.dll
0x00007ffa2e230000 - 0x00007ffa2e2d9000 	C:\WINDOWS\System32\shcore.dll
0x00007ffa2d6b0000 - 0x00007ffa2ddbd000 	C:\WINDOWS\System32\windows.storage.dll
0x00007ffa305d0000 - 0x00007ffa30621000 	C:\WINDOWS\System32\shlwapi.dll
0x00007ffa2cc70000 - 0x00007ffa2cc81000 	C:\WINDOWS\System32\kernel.appcore.dll
0x00007ffa2cc90000 - 0x00007ffa2ccaf000 	C:\WINDOWS\System32\profapi.dll
0x00007ffa2ccb0000 - 0x00007ffa2ccfc000 	C:\WINDOWS\System32\powrprof.dll
0x00007ffa2cc60000 - 0x00007ffa2cc6a000 	C:\WINDOWS\System32\FLTLIB.DLL
0x00007ffa2c670000 - 0x00007ffa2c687000 	C:\WINDOWS\SYSTEM32\CRYPTSP.dll
0x00007ffa2c0a0000 - 0x00007ffa2c0d3000 	C:\WINDOWS\system32\rsaenh.dll
0x00007ffa2c7a0000 - 0x00007ffa2c7c5000 	C:\WINDOWS\SYSTEM32\bcrypt.dll
0x00007ffa2cb40000 - 0x00007ffa2cb68000 	C:\WINDOWS\SYSTEM32\USERENV.dll
0x00007ffa2c690000 - 0x00007ffa2c69b000 	C:\WINDOWS\SYSTEM32\CRYPTBASE.dll
0x00007ffa1e870000 - 0x00007ffa1e88a000 	C:\Program Files\Android\Android Studio\jre\jre\bin\net.dll
0x00007ffa2c4c0000 - 0x00007ffa2c526000 	C:\WINDOWS\system32\mswsock.dll
0x00007ffa2c240000 - 0x00007ffa2c278000 	C:\WINDOWS\SYSTEM32\IPHLPAPI.DLL
0x00007ffa2ddc0000 - 0x00007ffa2ddc8000 	C:\WINDOWS\System32\NSI.dll
0x00007ffa27700000 - 0x00007ffa27716000 	C:\WINDOWS\SYSTEM32\dhcpcsvc6.DLL
0x00007ffa27630000 - 0x00007ffa2764a000 	C:\WINDOWS\SYSTEM32\dhcpcsvc.DLL
0x00007ffa154b0000 - 0x00007ffa154c1000 	C:\Program Files\Android\Android Studio\jre\jre\bin\nio.dll

VM Arguments:
jvm_args: -Djava.awt.headless=true -Xmx64M -Dfile.encoding=x-windows-949 -Duser.country=KR -Duser.language=ko -Duser.variant 
java_command: com.google.devtools.build.android.desugar.Desugar @D:\test\app\build\intermediates\tmp\desugar_args9049102656820181690
java_class_path (initial): C:\Users\Goo\AppData\Local\Temp\desugar_deploy.jar1207099034111372273
Launcher Type: SUN_STANDARD

Environment Variables:
PATH=C:\ProgramData\Oracle\Java\javapath;C:\WINDOWS\system32;C:\WINDOWS;C:\WINDOWS\System32\Wbem;C:\WINDOWS\System32\WindowsPowerShell\v1.0\;C:\OpenSSL;;C:\WINDOWS\System32\OpenSSH\;C:\Users\Goo\AppData\Local\Microsoft\WindowsApps;
USERNAME=Goo
OS=Windows_NT
PROCESSOR_IDENTIFIER=Intel64 Family 6 Model 158 Stepping 9, GenuineIntel



---------------  S Y S T E M  ---------------

OS: Windows 10.0 , 64 bit Build 17134 (10.0.17134.1)

CPU:total 8 (initial active 8) (4 cores per cpu, 2 threads per core) family 6 model 158 stepping 9, cmov, cx8, fxsr, mmx, sse, sse2, sse3, ssse3, sse4.1, sse4.2, popcnt, avx, avx2, aes, clmul, erms, 3dnowpref, lzcnt, ht, tsc, tscinvbit, bmi1, bmi2, adx

Memory: 4k page, physical 16692940k(4704376k free), swap 16692940k(5128k free)

vm_info: OpenJDK 64-Bit Server VM (25.152-b01) for windows-amd64 JRE (1.8.0_152-release-915-b01), built by "builder" with MS VC++ 10.0 (VS2010)

time: Fri Jun 15 06:06:33 2018
elapsed time: 2 seconds (0d 0h 0m 2s)

