#
# There is insufficient memory for the Java Runtime Environment to continue.
# Native memory allocation (malloc) failed to allocate 32744 bytes for ChunkPool::allocate
# Possible reasons:
#   The system is out of physical RAM or swap space
#   In 32 bit mode, the process size limit was hit
# Possible solutions:
#   Reduce memory load on the system
#   Increase physical memory or swap space
#   Check if swap backing store is full
#   Use 64 bit Java on a 64 bit OS
#   Decrease Java heap size (-Xmx/-Xms)
#   Decrease number of Java threads
#   Decrease Java thread stack sizes (-Xss)
#   Set larger code cache with -XX:ReservedCodeCacheSize=
# This output file may be truncated or incomplete.
#
#  Out of Memory Error (allocation.cpp:273), pid=5032, tid=0x000000000000263c
#
# JRE version: OpenJDK Runtime Environment (8.0_152-b01) (build 1.8.0_152-release-915-b01)
# Java VM: OpenJDK 64-Bit Server VM (25.152-b01 mixed mode windows-amd64 compressed oops)
# Failed to write core dump. Minidumps are not enabled by default on client versions of Windows
#

---------------  T H R E A D  ---------------

Current thread (0x0000000015c9a800):  JavaThread "C2 CompilerThread0" daemon [_thread_in_native, id=9788, stack(0x0000000016400000,0x0000000016500000)]

Stack: [0x0000000016400000,0x0000000016500000]
[error occurred during error reporting (printing stack bounds), id 0xc0000005]

Native frames: (J=compiled Java code, j=interpreted, Vv=VM code, C=native code)


Current CompileTask:
C2:   2582  987 %     4       org.objectweb.asm.ClassReader::a @ 74 (3587 bytes)


---------------  P R O C E S S  ---------------

Java Threads: ( => current thread )
  0x0000000015cfd800 JavaThread "Service Thread" daemon [_thread_blocked, id=10356, stack(0x0000000016800000,0x0000000016900000)]
  0x0000000013d8e000 JavaThread "C1 CompilerThread3" daemon [_thread_blocked, id=10260, stack(0x0000000016700000,0x0000000016800000)]
  0x0000000015cf5000 JavaThread "C2 CompilerThread2" daemon [_thread_blocked, id=5332, stack(0x0000000016600000,0x0000000016700000)]
  0x0000000013d8a000 JavaThread "C2 CompilerThread1" daemon [_thread_blocked, id=8012, stack(0x0000000016500000,0x0000000016600000)]
=>0x0000000015c9a800 JavaThread "C2 CompilerThread0" daemon [_thread_in_native, id=9788, stack(0x0000000016400000,0x0000000016500000)]
  0x0000000015c99000 JavaThread "Attach Listener" daemon [_thread_blocked, id=11672, stack(0x0000000016300000,0x0000000016400000)]
  0x0000000015cf0000 JavaThread "Signal Dispatcher" daemon [_thread_blocked, id=14300, stack(0x0000000016200000,0x0000000016300000)]
  0x0000000003539800 JavaThread "Finalizer" daemon [_thread_blocked, id=4240, stack(0x0000000016060000,0x0000000016160000)]
  0x0000000003538000 JavaThread "Reference Handler" daemon [_thread_blocked, id=12100, stack(0x0000000015b60000,0x0000000015c60000)]
  0x000000000112d800 JavaThread "main" [_thread_blocked, id=996, stack(0x0000000003330000,0x0000000003430000)]

Other Threads:
  0x0000000013d75800 VMThread [stack: 0x0000000015a60000,0x0000000015b60000] [id=11716]
  0x0000000015cfe800 WatcherThread [stack: 0x0000000016900000,0x0000000016a00000] [id=8888]

VM state:at safepoint (normal execution)

VM Mutex/Monitor currently owned by a thread:  ([mutex/lock_event])
[0x000000000112c370] Threads_lock - owner thread: 0x0000000013d75800
[0x000000000112cbf0] Heap_lock - owner thread: 0x000000000112d800

Heap:
 PSYoungGen      total 18944K, used 18915K [0x00000000feb00000, 0x0000000100000000, 0x0000000100000000)
  eden space 16384K, 100% used [0x00000000feb00000,0x00000000ffb00000,0x00000000ffb00000)
  from space 2560K, 98% used [0x00000000ffd80000,0x00000000ffff8e20,0x0000000100000000)
  to   space 2560K, 98% used [0x00000000ffb00000,0x00000000ffd78370,0x00000000ffd80000)
 ParOldGen       total 44032K, used 6561K [0x00000000fc000000, 0x00000000feb00000, 0x00000000feb00000)
  object space 44032K, 14% used [0x00000000fc000000,0x00000000fc6686c0,0x00000000feb00000)
 Metaspace       used 7753K, capacity 7906K, committed 8192K, reserved 1056768K
  class space    used 876K, capacity 957K, committed 1024K, reserved 1048576K

Card table byte_map: [0x0000000012910000,0x0000000012940000] byte_map_base: 0x0000000012130000

Marking Bits: (ParMarkBitMap*) 0x00000000673d3950
 Begin Bits: [0x0000000013160000, 0x0000000013260000)
 End Bits:   [0x0000000013260000, 0x0000000013360000)

Polling page: 0x0000000001730000

CodeCache: size=245760Kb used=4104Kb max_used=4115Kb free=241655Kb
 bounds [0x0000000003550000, 0x0000000003960000, 0x0000000012550000]
 total_blobs=1436 nmethods=1102 adapters=248
 compilation: enabled

Compilation events (10 events):
Event: 2.083 Thread 0x0000000015cf5000 nmethod 1074 0x000000000394c990 code [0x000000000394cc20, 0x000000000394e900]
Event: 2.083 Thread 0x0000000015cf5000 1096       4       org.objectweb.asm.MethodVisitor::<init> (35 bytes)
Event: 2.083 Thread 0x0000000015cf5000 nmethod 1096 0x000000000392d790 code [0x000000000392d8c0, 0x000000000392d978]
Event: 2.098 Thread 0x0000000013d8a000 nmethod 1056 0x00000000039549d0 code [0x0000000003954ce0, 0x0000000003957bc0]
Event: 2.282 Thread 0x0000000013d8e000 1101       3       java.util.LinkedHashMap$LinkedHashIterator::hasNext (13 bytes)
Event: 2.282 Thread 0x0000000013d8e000 nmethod 1101 0x000000000392ced0 code [0x000000000392d020, 0x000000000392d1d0]
Event: 2.466 Thread 0x0000000013d8e000 1102       3       com.google.common.base.Preconditions::checkPositionIndex (8 bytes)
Event: 2.466 Thread 0x0000000013d8e000 nmethod 1102 0x000000000392e950 code [0x000000000392eae0, 0x000000000392edd8]
Event: 2.466 Thread 0x0000000013d8e000 1103       3       com.google.common.base.Preconditions::checkPositionIndex (25 bytes)
Event: 2.466 Thread 0x0000000013d8e000 nmethod 1103 0x000000000392e450 code [0x000000000392e5c0, 0x000000000392e858]

GC Heap History (5 events):
Event: 0.990 GC heap before
{Heap before GC invocations=1 (full 0):
 PSYoungGen      total 18944K, used 16384K [0x00000000feb00000, 0x0000000100000000, 0x0000000100000000)
  eden space 16384K, 100% used [0x00000000feb00000,0x00000000ffb00000,0x00000000ffb00000)
  from space 2560K, 0% used [0x00000000ffd80000,0x00000000ffd80000,0x0000000100000000)
  to   space 2560K, 0% used [0x00000000ffb00000,0x00000000ffb00000,0x00000000ffd80000)
 ParOldGen       total 44032K, used 0K [0x00000000fc000000, 0x00000000feb00000, 0x00000000feb00000)
  object space 44032K, 0% used [0x00000000fc000000,0x00000000fc000000,0x00000000feb00000)
 Metaspace       used 6633K, capacity 6800K, committed 7040K, reserved 1056768K
  class space    used 773K, capacity 824K, committed 896K, reserved 1048576K
Event: 1.027 GC heap after
Heap after GC invocations=1 (full 0):
 PSYoungGen      total 18944K, used 2553K [0x00000000feb00000, 0x0000000100000000, 0x0000000100000000)
  eden space 16384K, 0% used [0x00000000feb00000,0x00000000feb00000,0x00000000ffb00000)
  from space 2560K, 99% used [0x00000000ffb00000,0x00000000ffd7e630,0x00000000ffd80000)
  to   space 2560K, 0% used [0x00000000ffd80000,0x00000000ffd80000,0x0000000100000000)
 ParOldGen       total 44032K, used 1460K [0x00000000fc000000, 0x00000000feb00000, 0x00000000feb00000)
  object space 44032K, 3% used [0x00000000fc000000,0x00000000fc16d198,0x00000000feb00000)
 Metaspace       used 6633K, capacity 6800K, committed 7040K, reserved 1056768K
  class space    used 773K, capacity 824K, committed 896K, reserved 1048576K
}
Event: 1.386 GC heap before
{Heap before GC invocations=2 (full 0):
 PSYoungGen      total 18944K, used 18937K [0x00000000feb00000, 0x0000000100000000, 0x0000000100000000)
  eden space 16384K, 100% used [0x00000000feb00000,0x00000000ffb00000,0x00000000ffb00000)
  from space 2560K, 99% used [0x00000000ffb00000,0x00000000ffd7e630,0x00000000ffd80000)
  to   space 2560K, 0% used [0x00000000ffd80000,0x00000000ffd80000,0x0000000100000000)
 ParOldGen       total 44032K, used 1460K [0x00000000fc000000, 0x00000000feb00000, 0x00000000feb00000)
  object space 44032K, 3% used [0x00000000fc000000,0x00000000fc16d198,0x00000000feb00000)
 Metaspace       used 6980K, capacity 7106K, committed 7296K, reserved 1056768K
  class space    used 816K, capacity 861K, committed 896K, reserved 1048576K
Event: 1.395 GC heap after
Heap after GC invocations=2 (full 0):
 PSYoungGen      total 18944K, used 2531K [0x00000000feb00000, 0x0000000100000000, 0x0000000100000000)
  eden space 16384K, 0% used [0x00000000feb00000,0x00000000feb00000,0x00000000ffb00000)
  from space 2560K, 98% used [0x00000000ffd80000,0x00000000ffff8e20,0x0000000100000000)
  to   space 2560K, 0% used [0x00000000ffb00000,0x00000000ffb00000,0x00000000ffd80000)
 ParOldGen       total 44032K, used 5945K [0x00000000fc000000, 0x00000000feb00000, 0x00000000feb00000)
  object space 44032K, 13% used [0x00000000fc000000,0x00000000fc5ce690,0x00000000feb00000)
 Metaspace       used 6980K, capacity 7106K, committed 7296K, reserved 1056768K
  class space    used 816K, capacity 861K, committed 896K, reserved 1048576K
}
Event: 2.467 GC heap before
{Heap before GC invocations=3 (full 0):
 PSYoungGen      total 18944K, used 18915K [0x00000000feb00000, 0x0000000100000000, 0x0000000100000000)
  eden space 16384K, 100% used [0x00000000feb00000,0x00000000ffb00000,0x00000000ffb00000)
  from space 2560K, 98% used [0x00000000ffd80000,0x00000000ffff8e20,0x0000000100000000)
  to   space 2560K, 0% used [0x00000000ffb00000,0x00000000ffb00000,0x00000000ffd80000)
 ParOldGen       total 44032K, used 5945K [0x00000000fc000000, 0x00000000feb00000, 0x00000000feb00000)
  object space 44032K, 13% used [0x00000000fc000000,0x00000000fc5ce690,0x00000000feb00000)
 Metaspace       used 7753K, capacity 7906K, committed 8192K, reserved 1056768K
  class space    used 876K, capacity 957K, committed 1024K, reserved 1048576K

Deoptimization events (10 events):
Event: 1.708 Thread 0x000000000112d800 Uncommon trap: reason=class_check action=maybe_recompile pc=0x00000000038c7124 method=org.objectweb.asm.MethodVisitor.visitVarInsn(II)V @ 13
Event: 1.708 Thread 0x000000000112d800 Uncommon trap: reason=class_check action=maybe_recompile pc=0x00000000038c7124 method=org.objectweb.asm.MethodVisitor.visitVarInsn(II)V @ 13
Event: 1.708 Thread 0x000000000112d800 Uncommon trap: reason=class_check action=maybe_recompile pc=0x00000000038c7124 method=org.objectweb.asm.MethodVisitor.visitVarInsn(II)V @ 13
Event: 1.708 Thread 0x000000000112d800 Uncommon trap: reason=class_check action=maybe_recompile pc=0x00000000038c7124 method=org.objectweb.asm.MethodVisitor.visitVarInsn(II)V @ 13
Event: 1.806 Thread 0x000000000112d800 Uncommon trap: reason=bimorphic action=maybe_recompile pc=0x000000000390f3fc method=org.objectweb.asm.MethodVisitor.visitInsn(I)V @ 12
Event: 1.807 Thread 0x000000000112d800 Uncommon trap: reason=bimorphic action=maybe_recompile pc=0x000000000390f3fc method=org.objectweb.asm.MethodVisitor.visitInsn(I)V @ 12
Event: 1.812 Thread 0x000000000112d800 Uncommon trap: reason=bimorphic action=maybe_recompile pc=0x000000000390f3fc method=org.objectweb.asm.MethodVisitor.visitInsn(I)V @ 12
Event: 1.812 Thread 0x000000000112d800 Uncommon trap: reason=bimorphic action=maybe_recompile pc=0x000000000390f3fc method=org.objectweb.asm.MethodVisitor.visitInsn(I)V @ 12
Event: 2.466 Thread 0x000000000112d800 Uncommon trap: reason=null_check action=make_not_entrant pc=0x0000000003957984 method=com.google.devtools.build.android.desugar.InterfaceDesugaring$InterfaceInvocationRewriter.visitMethodInsn(ILjava/lang/String;Ljava/lang/String;Ljava/lang/String;Z)V @ 10
Event: 2.466 Thread 0x000000000112d800 Uncommon trap: reason=null_check action=make_not_entrant pc=0x000000000394a188 method=com.google.devtools.build.android.desugar.InterfaceDesugaring$InterfaceInvocationRewriter.visitMethodInsn(ILjava/lang/String;Ljava/lang/String;Ljava/lang/String;Z)V @ 10

Classes redefined (0 events):
No events

Internal exceptions (10 events):
Event: 1.403 Thread 0x000000000112d800 Exception <a 'sun/nio/fs/WindowsException'> (0x00000000feb89598) thrown at [D:\src\AOSP-openjdk-cygwin\jdk8u\hotspot\src\share\vm\prims\jni.cpp, line 709]
Event: 1.403 Thread 0x000000000112d800 Exception <a 'sun/nio/fs/WindowsException'> (0x00000000feb89af0) thrown at [D:\src\AOSP-openjdk-cygwin\jdk8u\hotspot\src\share\vm\prims\jni.cpp, line 709]
Event: 1.429 Thread 0x000000000112d800 Exception <a 'sun/nio/fs/WindowsException'> (0x00000000feb952d0) thrown at [D:\src\AOSP-openjdk-cygwin\jdk8u\hotspot\src\share\vm\prims\jni.cpp, line 709]
Event: 1.429 Thread 0x000000000112d800 Exception <a 'sun/nio/fs/WindowsException'> (0x00000000feb957a8) thrown at [D:\src\AOSP-openjdk-cygwin\jdk8u\hotspot\src\share\vm\prims\jni.cpp, line 709]
Event: 1.690 Thread 0x000000000112d800 Exception <a 'sun/nio/fs/WindowsException'> (0x00000000fef2d6c8) thrown at [D:\src\AOSP-openjdk-cygwin\jdk8u\hotspot\src\share\vm\prims\jni.cpp, line 709]
Event: 1.690 Thread 0x000000000112d800 Exception <a 'sun/nio/fs/WindowsException'> (0x00000000fef2dba0) thrown at [D:\src\AOSP-openjdk-cygwin\jdk8u\hotspot\src\share\vm\prims\jni.cpp, line 709]
Event: 2.301 Thread 0x000000000112d800 Exception <a 'sun/nio/fs/WindowsException'> (0x00000000ffadd570) thrown at [D:\src\AOSP-openjdk-cygwin\jdk8u\hotspot\src\share\vm\prims\jni.cpp, line 709]
Event: 2.464 Thread 0x000000000112d800 Exception <a 'sun/nio/fs/WindowsException'> (0x00000000ffadda48) thrown at [D:\src\AOSP-openjdk-cygwin\jdk8u\hotspot\src\share\vm\prims\jni.cpp, line 709]
Event: 2.466 Thread 0x000000000112d800 Implicit null exception at 0x0000000003954d73 to 0x0000000003957961
Event: 2.466 Thread 0x000000000112d800 Implicit null exception at 0x0000000003949ebe to 0x000000000394a165

Events (10 events):
Event: 1.812 Thread 0x000000000112d800 DEOPT UNPACKING pc=0x000000000359556a sp=0x000000000342ea80 mode 2
Event: 1.992 Executing VM operation: ForceSafepoint
Event: 1.992 Executing VM operation: ForceSafepoint done
Event: 2.466 Thread 0x000000000112d800 Uncommon trap: trap_request=0xfffffff4 fr.pc=0x0000000003957984
Event: 2.466 Thread 0x000000000112d800 DEOPT PACKING pc=0x0000000003957984 sp=0x000000000342eaa0
Event: 2.466 Thread 0x000000000112d800 DEOPT UNPACKING pc=0x000000000359556a sp=0x000000000342ea40 mode 2
Event: 2.466 Thread 0x000000000112d800 Uncommon trap: trap_request=0xfffffff4 fr.pc=0x000000000394a188
Event: 2.466 Thread 0x000000000112d800 DEOPT PACKING pc=0x000000000394a188 sp=0x000000000342ea80
Event: 2.466 Thread 0x000000000112d800 DEOPT UNPACKING pc=0x000000000359556a sp=0x000000000342ea30 mode 2
Event: 2.467 Executing VM operation: ParallelGCFailedAllocation


Dynamic libraries:
0x00007ff6c8c60000 - 0x00007ff6c8c91000 	C:\Program Files\Android\Android Studio\jre\bin\java.exe
0x00007ffba9340000 - 0x00007ffba9521000 	C:\WINDOWS\SYSTEM32\ntdll.dll
0x00007ffba6ca0000 - 0x00007ffba6d52000 	C:\WINDOWS\System32\KERNEL32.DLL
0x00007ffba6070000 - 0x00007ffba62e3000 	C:\WINDOWS\System32\KERNELBASE.dll
0x00007ffba9260000 - 0x00007ffba9301000 	C:\WINDOWS\System32\ADVAPI32.dll
0x00007ffba77b0000 - 0x00007ffba784e000 	C:\WINDOWS\System32\msvcrt.dll
0x00007ffba71b0000 - 0x00007ffba720b000 	C:\WINDOWS\System32\sechost.dll
0x00007ffba7580000 - 0x00007ffba76a4000 	C:\WINDOWS\System32\RPCRT4.dll
0x00007ffba7ac0000 - 0x00007ffba7c50000 	C:\WINDOWS\System32\USER32.dll
0x00007ffba5790000 - 0x00007ffba57b0000 	C:\WINDOWS\System32\win32u.dll
0x00007ffba67e0000 - 0x00007ffba6808000 	C:\WINDOWS\System32\GDI32.dll
0x00007ffba6530000 - 0x00007ffba66c2000 	C:\WINDOWS\System32\gdi32full.dll
0x00007ffba5fd0000 - 0x00007ffba606f000 	C:\WINDOWS\System32\msvcp_win.dll
0x00007ffba66d0000 - 0x00007ffba67ca000 	C:\WINDOWS\System32\ucrtbase.dll
0x00007ffb93ad0000 - 0x00007ffb93d39000 	C:\WINDOWS\WinSxS\amd64_microsoft.windows.common-controls_6595b64144ccf1df_6.0.17134.48_none_b4b2216a3cb4dd3e\COMCTL32.dll
0x00007ffba6810000 - 0x00007ffba6b33000 	C:\WINDOWS\System32\combase.dll
0x00007ffba5710000 - 0x00007ffba578a000 	C:\WINDOWS\System32\bcryptPrimitives.dll
0x00007ffba9090000 - 0x00007ffba90bd000 	C:\WINDOWS\System32\IMM32.DLL
0x0000000069530000 - 0x0000000069602000 	C:\Program Files\Android\Android Studio\jre\jre\bin\msvcr100.dll
0x0000000066c10000 - 0x000000006744e000 	C:\Program Files\Android\Android Studio\jre\jre\bin\server\jvm.dll
0x00007ffba91d0000 - 0x00007ffba91d8000 	C:\WINDOWS\System32\PSAPI.DLL
0x00007ffba1d20000 - 0x00007ffba1d29000 	C:\WINDOWS\SYSTEM32\WSOCK32.dll
0x00007ffba7510000 - 0x00007ffba757c000 	C:\WINDOWS\System32\WS2_32.dll
0x00007ffb95780000 - 0x00007ffb957a3000 	C:\WINDOWS\SYSTEM32\WINMM.dll
0x00007ffb9d7c0000 - 0x00007ffb9d7ca000 	C:\WINDOWS\SYSTEM32\VERSION.dll
0x00007ffb95570000 - 0x00007ffb9559a000 	C:\WINDOWS\SYSTEM32\winmmbase.dll
0x00007ffba64e0000 - 0x00007ffba6529000 	C:\WINDOWS\System32\cfgmgr32.dll
0x00007ffba3a40000 - 0x00007ffba3a4f000 	C:\Program Files\Android\Android Studio\jre\jre\bin\verify.dll
0x00007ffba1b00000 - 0x00007ffba1b29000 	C:\Program Files\Android\Android Studio\jre\jre\bin\java.dll
0x00007ffba1280000 - 0x00007ffba1296000 	C:\Program Files\Android\Android Studio\jre\jre\bin\zip.dll
0x00007ffba7c50000 - 0x00007ffba9090000 	C:\WINDOWS\System32\SHELL32.dll
0x00007ffba9120000 - 0x00007ffba91c9000 	C:\WINDOWS\System32\shcore.dll
0x00007ffba58c0000 - 0x00007ffba5fcd000 	C:\WINDOWS\System32\windows.storage.dll
0x00007ffba90c0000 - 0x00007ffba9111000 	C:\WINDOWS\System32\shlwapi.dll
0x00007ffba5680000 - 0x00007ffba5691000 	C:\WINDOWS\System32\kernel.appcore.dll
0x00007ffba56f0000 - 0x00007ffba570f000 	C:\WINDOWS\System32\profapi.dll
0x00007ffba56a0000 - 0x00007ffba56ec000 	C:\WINDOWS\System32\powrprof.dll
0x00007ffba5650000 - 0x00007ffba565a000 	C:\WINDOWS\System32\FLTLIB.DLL
0x00007ffba5080000 - 0x00007ffba5097000 	C:\WINDOWS\SYSTEM32\CRYPTSP.dll
0x00007ffba4ab0000 - 0x00007ffba4ae3000 	C:\WINDOWS\system32\rsaenh.dll
0x00007ffba51b0000 - 0x00007ffba51d5000 	C:\WINDOWS\SYSTEM32\bcrypt.dll
0x00007ffba5580000 - 0x00007ffba55a8000 	C:\WINDOWS\SYSTEM32\USERENV.dll
0x00007ffba50a0000 - 0x00007ffba50ab000 	C:\WINDOWS\SYSTEM32\CRYPTBASE.dll
0x00007ffba1180000 - 0x00007ffba119a000 	C:\Program Files\Android\Android Studio\jre\jre\bin\net.dll
0x00007ffba4ed0000 - 0x00007ffba4f36000 	C:\WINDOWS\system32\mswsock.dll
0x00007ffba4c50000 - 0x00007ffba4c88000 	C:\WINDOWS\SYSTEM32\IPHLPAPI.DLL
0x00007ffba7430000 - 0x00007ffba7438000 	C:\WINDOWS\System32\NSI.dll
0x00007ffb9a1f0000 - 0x00007ffb9a206000 	C:\WINDOWS\SYSTEM32\dhcpcsvc6.DLL
0x00007ffb9a120000 - 0x00007ffb9a13a000 	C:\WINDOWS\SYSTEM32\dhcpcsvc.DLL
0x00007ffb9f410000 - 0x00007ffb9f421000 	C:\Program Files\Android\Android Studio\jre\jre\bin\nio.dll

VM Arguments:
jvm_args: -Djava.awt.headless=true -Xmx64M -Dfile.encoding=x-windows-949 -Duser.country=KR -Duser.language=ko -Duser.variant 
java_command: com.google.devtools.build.android.desugar.Desugar @D:\test\app\build\intermediates\tmp\desugar_args5840487996856312670
java_class_path (initial): C:\Users\Goo\AppData\Local\Temp\desugar_deploy.jar817229055182116543
Launcher Type: SUN_STANDARD

Environment Variables:
PATH=C:\ProgramData\Oracle\Java\javapath;C:\WINDOWS\system32;C:\WINDOWS;C:\WINDOWS\System32\Wbem;C:\WINDOWS\System32\WindowsPowerShell\v1.0\;C:\OpenSSL;;C:\WINDOWS\System32\OpenSSH\;C:\Users\Goo\AppData\Local\Microsoft\WindowsApps;
USERNAME=Goo
OS=Windows_NT
PROCESSOR_IDENTIFIER=Intel64 Family 6 Model 158 Stepping 9, GenuineIntel



---------------  S Y S T E M  ---------------

OS: Windows 10.0 , 64 bit Build 17134 (10.0.17134.1)

CPU:total 8 (initial active 8) (4 cores per cpu, 2 threads per core) family 6 model 158 stepping 9, cmov, cx8, fxsr, mmx, sse, sse2, sse3, ssse3, sse4.1, sse4.2, popcnt, avx, avx2, aes, clmul, erms, 3dnowpref, lzcnt, ht, tsc, tscinvbit, bmi1, bmi2, adx

Memory: 4k page, physical 16692940k(4134868k free), swap 16692940k(3668k free)

vm_info: OpenJDK 64-Bit Server VM (25.152-b01) for windows-amd64 JRE (1.8.0_152-release-915-b01), built by "builder" with MS VC++ 10.0 (VS2010)

time: Mon May 28 02:34:25 2018
elapsed time: 2 seconds (0d 0h 0m 2s)

