#
# There is insufficient memory for the Java Runtime Environment to continue.
# Native memory allocation (malloc) failed to allocate 984336 bytes for Chunk::new
# Possible reasons:
#   The system is out of physical RAM or swap space
#   In 32 bit mode, the process size limit was hit
# Possible solutions:
#   Reduce memory load on the system
#   Increase physical memory or swap space
#   Check if swap backing store is full
#   Use 64 bit Java on a 64 bit OS
#   Decrease Java heap size (-Xmx/-Xms)
#   Decrease number of Java threads
#   Decrease Java thread stack sizes (-Xss)
#   Set larger code cache with -XX:ReservedCodeCacheSize=
# This output file may be truncated or incomplete.
#
#  Out of Memory Error (allocation.cpp:390), pid=5820, tid=0x00000000000026f0
#
# JRE version: OpenJDK Runtime Environment (8.0_152-b01) (build 1.8.0_152-release-915-b01)
# Java VM: OpenJDK 64-Bit Server VM (25.152-b01 mixed mode windows-amd64 compressed oops)
# Failed to write core dump. Minidumps are not enabled by default on client versions of Windows
#

---------------  T H R E A D  ---------------

Current thread (0x0000000015d55000):  JavaThread "C2 CompilerThread2" daemon [_thread_in_native, id=9968, stack(0x00000000165c0000,0x00000000166c0000)]

Stack: [0x00000000165c0000,0x00000000166c0000]
[error occurred during error reporting (printing stack bounds), id 0xc0000005]

Native frames: (J=compiled Java code, j=interpreted, Vv=VM code, C=native code)


Current CompileTask:
C2:   2506  862       4       org.objectweb.asm.ClassReader::a (3587 bytes)


---------------  P R O C E S S  ---------------

Java Threads: ( => current thread )
  0x0000000015d5f000 JavaThread "Service Thread" daemon [_thread_blocked, id=6040, stack(0x00000000167c0000,0x00000000168c0000)]
  0x0000000015d59000 JavaThread "C1 CompilerThread3" daemon [_thread_blocked, id=6944, stack(0x00000000166c0000,0x00000000167c0000)]
=>0x0000000015d55000 JavaThread "C2 CompilerThread2" daemon [_thread_in_native, id=9968, stack(0x00000000165c0000,0x00000000166c0000)]
  0x0000000015cfb800 JavaThread "C2 CompilerThread1" daemon [_thread_blocked, id=12636, stack(0x00000000164c0000,0x00000000165c0000)]
  0x0000000015cf9000 JavaThread "C2 CompilerThread0" daemon [_thread_blocked, id=12916, stack(0x00000000163c0000,0x00000000164c0000)]
  0x0000000015cf8000 JavaThread "Attach Listener" daemon [_thread_blocked, id=5884, stack(0x00000000162c0000,0x00000000163c0000)]
  0x0000000013dee800 JavaThread "Signal Dispatcher" daemon [_thread_blocked, id=12400, stack(0x00000000161c0000,0x00000000162c0000)]
  0x0000000015ce0800 JavaThread "Finalizer" daemon [_thread_blocked, id=11988, stack(0x00000000160c0000,0x00000000161c0000)]
  0x0000000003628000 JavaThread "Reference Handler" daemon [_thread_blocked, id=10728, stack(0x0000000015bc0000,0x0000000015cc0000)]
  0x0000000003534000 JavaThread "main" [_thread_in_native, id=9012, stack(0x0000000003430000,0x0000000003530000)]

Other Threads:
  0x0000000013dd5800 VMThread [stack: 0x0000000015ac0000,0x0000000015bc0000] [id=1240]
  0x0000000015d60000 WatcherThread [stack: 0x00000000168c0000,0x00000000169c0000] [id=7412]

VM state:not at safepoint (normal execution)

VM Mutex/Monitor currently owned by a thread: None

Heap:
 PSYoungGen      total 18944K, used 4266K [0x00000000feb00000, 0x0000000100000000, 0x0000000100000000)
  eden space 16384K, 10% used [0x00000000feb00000,0x00000000fecadcf0,0x00000000ffb00000)
  from space 2560K, 99% used [0x00000000ffd80000,0x00000000ffffce00,0x0000000100000000)
  to   space 2560K, 0% used [0x00000000ffb00000,0x00000000ffb00000,0x00000000ffd80000)
 ParOldGen       total 44032K, used 5251K [0x00000000fc000000, 0x00000000feb00000, 0x00000000feb00000)
  object space 44032K, 11% used [0x00000000fc000000,0x00000000fc520e78,0x00000000feb00000)
 Metaspace       used 7603K, capacity 7788K, committed 7936K, reserved 1056768K
  class space    used 871K, capacity 956K, committed 1024K, reserved 1048576K

Card table byte_map: [0x0000000002fb0000,0x0000000002fe0000] byte_map_base: 0x00000000027d0000

Marking Bits: (ParMarkBitMap*) 0x00000000677e3950
 Begin Bits: [0x00000000131f0000, 0x00000000132f0000)
 End Bits:   [0x00000000132f0000, 0x00000000133f0000)

Polling page: 0x00000000015d0000

CodeCache: size=245760Kb used=3492Kb max_used=3504Kb free=242267Kb
 bounds [0x0000000003630000, 0x00000000039a0000, 0x0000000012630000]
 total_blobs=1248 nmethods=914 adapters=248
 compilation: enabled

Compilation events (10 events):
Event: 2.482 Thread 0x0000000015d59000  911       3       org.objectweb.asm.MethodWriter::visitCode (1 bytes)
Event: 2.482 Thread 0x0000000015d59000 nmethod 911 0x0000000003999110 code [0x0000000003999260, 0x00000000039993b0]
Event: 2.482 Thread 0x0000000015d59000  912       3       com.google.devtools.build.android.desugar.BitFlags::noneSet (12 bytes)
Event: 2.482 Thread 0x0000000015d59000 nmethod 912 0x0000000003999450 code [0x00000000039995a0, 0x0000000003999730]
Event: 2.483 Thread 0x0000000015d59000  913       3       java.nio.Buffer::position (43 bytes)
Event: 2.483 Thread 0x0000000015d59000 nmethod 913 0x00000000039997d0 code [0x0000000003999940, 0x0000000003999c08]
Event: 2.483 Thread 0x0000000015cf9000  914  s    4       java.io.BufferedOutputStream::write (35 bytes)
Event: 2.483 Thread 0x0000000015d59000  915  s    3       java.io.BufferedOutputStream::write (67 bytes)
Event: 2.484 Thread 0x0000000015d59000 nmethod 915 0x0000000003999cd0 code [0x0000000003999ea0, 0x000000000399a6f8]
Event: 2.485 Thread 0x0000000015cf9000 nmethod 914 0x000000000399d850 code [0x000000000399d9a0, 0x000000000399dc18]

GC Heap History (4 events):
Event: 1.111 GC heap before
{Heap before GC invocations=1 (full 0):
 PSYoungGen      total 18944K, used 16384K [0x00000000feb00000, 0x0000000100000000, 0x0000000100000000)
  eden space 16384K, 100% used [0x00000000feb00000,0x00000000ffb00000,0x00000000ffb00000)
  from space 2560K, 0% used [0x00000000ffd80000,0x00000000ffd80000,0x0000000100000000)
  to   space 2560K, 0% used [0x00000000ffb00000,0x00000000ffb00000,0x00000000ffd80000)
 ParOldGen       total 44032K, used 0K [0x00000000fc000000, 0x00000000feb00000, 0x00000000feb00000)
  object space 44032K, 0% used [0x00000000fc000000,0x00000000fc000000,0x00000000feb00000)
 Metaspace       used 6600K, capacity 6746K, committed 7040K, reserved 1056768K
  class space    used 772K, capacity 823K, committed 896K, reserved 1048576K
Event: 1.139 GC heap after
Heap after GC invocations=1 (full 0):
 PSYoungGen      total 18944K, used 2553K [0x00000000feb00000, 0x0000000100000000, 0x0000000100000000)
  eden space 16384K, 0% used [0x00000000feb00000,0x00000000feb00000,0x00000000ffb00000)
  from space 2560K, 99% used [0x00000000ffb00000,0x00000000ffd7e630,0x00000000ffd80000)
  to   space 2560K, 0% used [0x00000000ffd80000,0x00000000ffd80000,0x0000000100000000)
 ParOldGen       total 44032K, used 1701K [0x00000000fc000000, 0x00000000feb00000, 0x00000000feb00000)
  object space 44032K, 3% used [0x00000000fc000000,0x00000000fc1a95c8,0x00000000feb00000)
 Metaspace       used 6600K, capacity 6746K, committed 7040K, reserved 1056768K
  class space    used 772K, capacity 823K, committed 896K, reserved 1048576K
}
Event: 1.992 GC heap before
{Heap before GC invocations=2 (full 0):
 PSYoungGen      total 18944K, used 18937K [0x00000000feb00000, 0x0000000100000000, 0x0000000100000000)
  eden space 16384K, 100% used [0x00000000feb00000,0x00000000ffb00000,0x00000000ffb00000)
  from space 2560K, 99% used [0x00000000ffb00000,0x00000000ffd7e630,0x00000000ffd80000)
  to   space 2560K, 0% used [0x00000000ffd80000,0x00000000ffd80000,0x0000000100000000)
 ParOldGen       total 44032K, used 1701K [0x00000000fc000000, 0x00000000feb00000, 0x00000000feb00000)
  object space 44032K, 3% used [0x00000000fc000000,0x00000000fc1a95c8,0x00000000feb00000)
 Metaspace       used 7535K, capacity 7724K, committed 7936K, reserved 1056768K
  class space    used 871K, capacity 956K, committed 1024K, reserved 1048576K
Event: 2.328 GC heap after
Heap after GC invocations=2 (full 0):
 PSYoungGen      total 18944K, used 2547K [0x00000000feb00000, 0x0000000100000000, 0x0000000100000000)
  eden space 16384K, 0% used [0x00000000feb00000,0x00000000feb00000,0x00000000ffb00000)
  from space 2560K, 99% used [0x00000000ffd80000,0x00000000ffffce00,0x0000000100000000)
  to   space 2560K, 0% used [0x00000000ffb00000,0x00000000ffb00000,0x00000000ffd80000)
 ParOldGen       total 44032K, used 5251K [0x00000000fc000000, 0x00000000feb00000, 0x00000000feb00000)
  object space 44032K, 11% used [0x00000000fc000000,0x00000000fc520e78,0x00000000feb00000)
 Metaspace       used 7535K, capacity 7724K, committed 7936K, reserved 1056768K
  class space    used 871K, capacity 956K, committed 1024K, reserved 1048576K
}

Deoptimization events (10 events):
Event: 1.029 Thread 0x0000000003534000 Uncommon trap: reason=unstable_if action=reinterpret pc=0x0000000003857b18 method=java.util.zip.ZipCoder.decoder()Ljava/nio/charset/CharsetDecoder; @ 4
Event: 1.095 Thread 0x0000000003534000 Uncommon trap: reason=unstable_if action=reinterpret pc=0x0000000003853b18 method=java.util.zip.ZipEntry.setExtra0([BZ)V @ 1
Event: 1.097 Thread 0x0000000003534000 Uncommon trap: reason=unstable_if action=reinterpret pc=0x00000000038506c8 method=java.util.zip.ZipFile$ZipEntryIterator.hasNext()Z @ 25
Event: 1.097 Thread 0x0000000003534000 Uncommon trap: reason=unstable_if action=reinterpret pc=0x000000000385d780 method=java.util.zip.ZipCoder.decoder()Ljava/nio/charset/CharsetDecoder; @ 4
Event: 1.099 Thread 0x0000000003534000 Uncommon trap: reason=unstable_if action=reinterpret pc=0x000000000385001c method=java.util.zip.ZipFile$ZipEntryIterator.hasNext()Z @ 25
Event: 1.099 Thread 0x0000000003534000 Uncommon trap: reason=unstable_if action=reinterpret pc=0x00000000038622b8 method=java.util.zip.ZipCoder.decoder()Ljava/nio/charset/CharsetDecoder; @ 4
Event: 1.383 Thread 0x0000000003534000 Uncommon trap: reason=unloaded action=reinterpret pc=0x00000000038676bc method=java.util.zip.ZipEntry.setExtra0([BZ)V @ 37
Event: 1.450 Thread 0x0000000003534000 Uncommon trap: reason=unstable_if action=reinterpret pc=0x0000000003807978 method=java.lang.String.<init>([CII)V @ 18
Event: 1.990 Thread 0x0000000003534000 Uncommon trap: reason=unstable_if action=reinterpret pc=0x000000000393c70c method=org.objectweb.asm.Item.a(Lorg/objectweb/asm/Item;)Z @ 251
Event: 2.331 Thread 0x0000000003534000 Uncommon trap: reason=unstable_if action=reinterpret pc=0x000000000394f3dc method=org.objectweb.asm.Type.getArgumentsAndReturnSizes(Ljava/lang/String;)I @ 130

Classes redefined (0 events):
No events

Internal exceptions (10 events):
Event: 1.242 Thread 0x0000000003534000 Exception <a 'sun/nio/fs/WindowsException'> (0x00000000ff1ae5a8) thrown at [D:\src\AOSP-openjdk-cygwin\jdk8u\hotspot\src\share\vm\prims\jni.cpp, line 709]
Event: 1.242 Thread 0x0000000003534000 Exception <a 'sun/nio/fs/WindowsException'> (0x00000000ff1aeb48) thrown at [D:\src\AOSP-openjdk-cygwin\jdk8u\hotspot\src\share\vm\prims\jni.cpp, line 709]
Event: 1.242 Thread 0x0000000003534000 Exception <a 'sun/nio/fs/WindowsException'> (0x00000000ff1af2f8) thrown at [D:\src\AOSP-openjdk-cygwin\jdk8u\hotspot\src\share\vm\prims\jni.cpp, line 709]
Event: 1.293 Thread 0x0000000003534000 Exception <a 'sun/nio/fs/WindowsException'> (0x00000000ff1b4638) thrown at [D:\src\AOSP-openjdk-cygwin\jdk8u\hotspot\src\share\vm\prims\jni.cpp, line 709]
Event: 1.399 Thread 0x0000000003534000 Exception <a 'sun/nio/fs/WindowsException'> (0x00000000ff665820) thrown at [D:\src\AOSP-openjdk-cygwin\jdk8u\hotspot\src\share\vm\prims\jni.cpp, line 709]
Event: 1.399 Thread 0x0000000003534000 Exception <a 'sun/nio/fs/WindowsException'> (0x00000000ff665d78) thrown at [D:\src\AOSP-openjdk-cygwin\jdk8u\hotspot\src\share\vm\prims\jni.cpp, line 709]
Event: 1.672 Thread 0x0000000003534000 Exception <a 'sun/nio/fs/WindowsException'> (0x00000000ff8bd458) thrown at [D:\src\AOSP-openjdk-cygwin\jdk8u\hotspot\src\share\vm\prims\jni.cpp, line 709]
Event: 1.673 Thread 0x0000000003534000 Exception <a 'sun/nio/fs/WindowsException'> (0x00000000ff8bd930) thrown at [D:\src\AOSP-openjdk-cygwin\jdk8u\hotspot\src\share\vm\prims\jni.cpp, line 709]
Event: 1.949 Thread 0x0000000003534000 Exception <a 'sun/nio/fs/WindowsException'> (0x00000000ff8c0dd0) thrown at [D:\src\AOSP-openjdk-cygwin\jdk8u\hotspot\src\share\vm\prims\jni.cpp, line 709]
Event: 1.950 Thread 0x0000000003534000 Exception <a 'sun/nio/fs/WindowsException'> (0x00000000ff8c12a8) thrown at [D:\src\AOSP-openjdk-cygwin\jdk8u\hotspot\src\share\vm\prims\jni.cpp, line 709]

Events (10 events):
Event: 1.969 loading class org/objectweb/asm/Handler
Event: 1.969 loading class org/objectweb/asm/Handler done
Event: 1.990 Thread 0x0000000003534000 Uncommon trap: trap_request=0xffffff65 fr.pc=0x000000000393c70c
Event: 1.990 Thread 0x0000000003534000 DEOPT PACKING pc=0x000000000393c70c sp=0x000000000352ea00
Event: 1.990 Thread 0x0000000003534000 DEOPT UNPACKING pc=0x000000000367556a sp=0x000000000352e998 mode 2
Event: 1.992 Executing VM operation: ParallelGCFailedAllocation
Event: 2.328 Executing VM operation: ParallelGCFailedAllocation done
Event: 2.331 Thread 0x0000000003534000 Uncommon trap: trap_request=0xffffff65 fr.pc=0x000000000394f3dc
Event: 2.331 Thread 0x0000000003534000 DEOPT PACKING pc=0x000000000394f3dc sp=0x000000000352eb70
Event: 2.331 Thread 0x0000000003534000 DEOPT UNPACKING pc=0x000000000367556a sp=0x000000000352eb00 mode 2


Dynamic libraries:
0x00007ff63c5e0000 - 0x00007ff63c611000 	C:\Program Files\Android\Android Studio\jre\bin\java.exe
0x00007ffba9340000 - 0x00007ffba9521000 	C:\WINDOWS\SYSTEM32\ntdll.dll
0x00007ffba6ca0000 - 0x00007ffba6d52000 	C:\WINDOWS\System32\KERNEL32.DLL
0x00007ffba6070000 - 0x00007ffba62e3000 	C:\WINDOWS\System32\KERNELBASE.dll
0x00007ffba9260000 - 0x00007ffba9301000 	C:\WINDOWS\System32\ADVAPI32.dll
0x00007ffba77b0000 - 0x00007ffba784e000 	C:\WINDOWS\System32\msvcrt.dll
0x00007ffba71b0000 - 0x00007ffba720b000 	C:\WINDOWS\System32\sechost.dll
0x00007ffba7580000 - 0x00007ffba76a4000 	C:\WINDOWS\System32\RPCRT4.dll
0x00007ffba7ac0000 - 0x00007ffba7c50000 	C:\WINDOWS\System32\USER32.dll
0x00007ffba5790000 - 0x00007ffba57b0000 	C:\WINDOWS\System32\win32u.dll
0x00007ffba67e0000 - 0x00007ffba6808000 	C:\WINDOWS\System32\GDI32.dll
0x00007ffba6530000 - 0x00007ffba66c2000 	C:\WINDOWS\System32\gdi32full.dll
0x00007ffba5fd0000 - 0x00007ffba606f000 	C:\WINDOWS\System32\msvcp_win.dll
0x00007ffba66d0000 - 0x00007ffba67ca000 	C:\WINDOWS\System32\ucrtbase.dll
0x00007ffb93ad0000 - 0x00007ffb93d39000 	C:\WINDOWS\WinSxS\amd64_microsoft.windows.common-controls_6595b64144ccf1df_6.0.17134.48_none_b4b2216a3cb4dd3e\COMCTL32.dll
0x00007ffba6810000 - 0x00007ffba6b33000 	C:\WINDOWS\System32\combase.dll
0x00007ffba5710000 - 0x00007ffba578a000 	C:\WINDOWS\System32\bcryptPrimitives.dll
0x00007ffba9090000 - 0x00007ffba90bd000 	C:\WINDOWS\System32\IMM32.DLL
0x0000000067b90000 - 0x0000000067c62000 	C:\Program Files\Android\Android Studio\jre\jre\bin\msvcr100.dll
0x0000000067020000 - 0x000000006785e000 	C:\Program Files\Android\Android Studio\jre\jre\bin\server\jvm.dll
0x00007ffba91d0000 - 0x00007ffba91d8000 	C:\WINDOWS\System32\PSAPI.DLL
0x00007ffba3f50000 - 0x00007ffba3f59000 	C:\WINDOWS\SYSTEM32\WSOCK32.dll
0x00007ffba7510000 - 0x00007ffba757c000 	C:\WINDOWS\System32\WS2_32.dll
0x00007ffb95780000 - 0x00007ffb957a3000 	C:\WINDOWS\SYSTEM32\WINMM.dll
0x00007ffb9d7c0000 - 0x00007ffb9d7ca000 	C:\WINDOWS\SYSTEM32\VERSION.dll
0x00007ffb95570000 - 0x00007ffb9559a000 	C:\WINDOWS\SYSTEM32\WINMMBASE.dll
0x00007ffba64e0000 - 0x00007ffba6529000 	C:\WINDOWS\System32\cfgmgr32.dll
0x00007ffba3a30000 - 0x00007ffba3a3f000 	C:\Program Files\Android\Android Studio\jre\jre\bin\verify.dll
0x00007ffba3a00000 - 0x00007ffba3a29000 	C:\Program Files\Android\Android Studio\jre\jre\bin\java.dll
0x00007ffba39e0000 - 0x00007ffba39f6000 	C:\Program Files\Android\Android Studio\jre\jre\bin\zip.dll
0x00007ffba7c50000 - 0x00007ffba9090000 	C:\WINDOWS\System32\SHELL32.dll
0x00007ffba9120000 - 0x00007ffba91c9000 	C:\WINDOWS\System32\shcore.dll
0x00007ffba58c0000 - 0x00007ffba5fcd000 	C:\WINDOWS\System32\windows.storage.dll
0x00007ffba90c0000 - 0x00007ffba9111000 	C:\WINDOWS\System32\shlwapi.dll
0x00007ffba5680000 - 0x00007ffba5691000 	C:\WINDOWS\System32\kernel.appcore.dll
0x00007ffba56f0000 - 0x00007ffba570f000 	C:\WINDOWS\System32\profapi.dll
0x00007ffba56a0000 - 0x00007ffba56ec000 	C:\WINDOWS\System32\powrprof.dll
0x00007ffba5650000 - 0x00007ffba565a000 	C:\WINDOWS\System32\FLTLIB.DLL
0x00007ffba5080000 - 0x00007ffba5097000 	C:\WINDOWS\SYSTEM32\CRYPTSP.dll
0x00007ffba4ab0000 - 0x00007ffba4ae3000 	C:\WINDOWS\system32\rsaenh.dll
0x00007ffba51b0000 - 0x00007ffba51d5000 	C:\WINDOWS\SYSTEM32\bcrypt.dll
0x00007ffba5580000 - 0x00007ffba55a8000 	C:\WINDOWS\SYSTEM32\USERENV.dll
0x00007ffba50a0000 - 0x00007ffba50ab000 	C:\WINDOWS\SYSTEM32\CRYPTBASE.dll
0x00007ffb9e480000 - 0x00007ffb9e49a000 	C:\Program Files\Android\Android Studio\jre\jre\bin\net.dll
0x00007ffba4ed0000 - 0x00007ffba4f36000 	C:\WINDOWS\system32\mswsock.dll
0x00007ffba4c50000 - 0x00007ffba4c88000 	C:\WINDOWS\SYSTEM32\IPHLPAPI.DLL
0x00007ffba7430000 - 0x00007ffba7438000 	C:\WINDOWS\System32\NSI.dll
0x00007ffb9a1f0000 - 0x00007ffb9a206000 	C:\WINDOWS\SYSTEM32\dhcpcsvc6.DLL
0x00007ffb9a120000 - 0x00007ffb9a13a000 	C:\WINDOWS\SYSTEM32\dhcpcsvc.DLL
0x00007ffb9d7f0000 - 0x00007ffb9d801000 	C:\Program Files\Android\Android Studio\jre\jre\bin\nio.dll

VM Arguments:
jvm_args: -Djava.awt.headless=true -Xmx64M -Dfile.encoding=x-windows-949 -Duser.country=KR -Duser.language=ko -Duser.variant 
java_command: com.google.devtools.build.android.desugar.Desugar --input D:\test\app\build\intermediates\transforms\stackFramesFixer\debug\7.jar --output D:\test\app\build\intermediates\transforms\desugar\debug\8.jar --input D:\test\app\build\intermediates\transforms\stackFramesFixer\debug\45.jar --output D:\test\app\build\intermediates\transforms\desugar\debug\46.jar --input D:\test\app\build\intermediates\transforms\stackFramesFixer\debug\0.jar --output D:\test\app\build\intermediates\transforms\desugar\debug\1.jar --input D:\test\app\build\intermediates\transforms\stackFramesFixer\debug\1.jar --output D:\test\app\build\intermediates\transforms\desugar\debug\2.jar --input D:\test\app\build\intermediates\transforms\stackFramesFixer\debug\14.jar --output D:\test\app\build\intermediates\transforms\desugar\debug\15.jar --input D:\test\app\build\intermediates\transforms\stackFramesFixer\debug\51.jar --output D:\test\app\build\intermediates\transforms\desugar\debug\52.jar --input D:\test\app\build\intermediates\transforms\stackFramesFixer\debug\10.jar --output D:\test\app\build\intermediates\transforms\desugar\debug\11.jar --classpath_entry D:\test\app\build\intermediates\classes\debug --classpath_entry D:\test\app\build\intermediates\transforms\stackFramesFixer\debug\0.jar --classpath_entry D:\test\app\build\intermediates\transforms\stackFramesFixer\debug\1.jar --classpath_entry D:\test\app\build\intermediates\transforms\stackFramesFixer\debug\2.jar --classpath_entry D:\test\app\build\intermediates\transforms\stackFramesFixer\debug\3.jar --classpath_entry D:\test\app\build\intermediates\transforms\stackFramesFixer\debug\4.jar --classpath_entry D:\test\app\build\intermediates\transforms\stackFramesFixer\debug\5.jar --classpath_entry D:\test\app\build\intermediates\transforms\stackFramesFixer\debug\6.jar --classpath_entry D:\test\app\build\intermediates\transforms\stackFramesFixer\debug\7.jar --classpath_entry D:\test\app\build\intermediates\transforms\stackFramesFixer\
java_class_path (initial): C:\Users\Goo\AppData\Local\Temp\desugar_deploy.jar2362919477290886928
Launcher Type: SUN_STANDARD

Environment Variables:
PATH=C:\ProgramData\Oracle\Java\javapath;C:\WINDOWS\system32;C:\WINDOWS;C:\WINDOWS\System32\Wbem;C:\WINDOWS\System32\WindowsPowerShell\v1.0\;C:\OpenSSL;;C:\WINDOWS\System32\OpenSSH\;C:\Users\Goo\AppData\Local\Microsoft\WindowsApps;
USERNAME=Goo
OS=Windows_NT
PROCESSOR_IDENTIFIER=Intel64 Family 6 Model 158 Stepping 9, GenuineIntel



---------------  S Y S T E M  ---------------

OS: Windows 10.0 , 64 bit Build 17134 (10.0.17134.1)

CPU:total 8 (initial active 8) (4 cores per cpu, 2 threads per core) family 6 model 158 stepping 9, cmov, cx8, fxsr, mmx, sse, sse2, sse3, ssse3, sse4.1, sse4.2, popcnt, avx, avx2, aes, clmul, erms, 3dnowpref, lzcnt, ht, tsc, tscinvbit, bmi1, bmi2, adx

Memory: 4k page, physical 16692940k(4579212k free), swap 16692940k(1852k free)

vm_info: OpenJDK 64-Bit Server VM (25.152-b01) for windows-amd64 JRE (1.8.0_152-release-915-b01), built by "builder" with MS VC++ 10.0 (VS2010)

time: Wed May 23 00:35:32 2018
elapsed time: 2 seconds (0d 0h 0m 2s)

