#
# There is insufficient memory for the Java Runtime Environment to continue.
# Native memory allocation (malloc) failed to allocate 955056 bytes for Chunk::new
# Possible reasons:
#   The system is out of physical RAM or swap space
#   In 32 bit mode, the process size limit was hit
# Possible solutions:
#   Reduce memory load on the system
#   Increase physical memory or swap space
#   Check if swap backing store is full
#   Use 64 bit Java on a 64 bit OS
#   Decrease Java heap size (-Xmx/-Xms)
#   Decrease number of Java threads
#   Decrease Java thread stack sizes (-Xss)
#   Set larger code cache with -XX:ReservedCodeCacheSize=
# This output file may be truncated or incomplete.
#
#  Out of Memory Error (allocation.cpp:390), pid=9924, tid=0x000000000000338c
#
# JRE version: OpenJDK Runtime Environment (8.0_152-b01) (build 1.8.0_152-release-915-b01)
# Java VM: OpenJDK 64-Bit Server VM (25.152-b01 mixed mode windows-amd64 compressed oops)
# Failed to write core dump. Minidumps are not enabled by default on client versions of Windows
#

---------------  T H R E A D  ---------------

Current thread (0x0000000015933800):  JavaThread "C2 CompilerThread2" daemon [_thread_in_native, id=13196, stack(0x00000000161e0000,0x00000000162e0000)]

Stack: [0x00000000161e0000,0x00000000162e0000]
[error occurred during error reporting (printing stack bounds), id 0xc0000005]

Native frames: (J=compiled Java code, j=interpreted, Vv=VM code, C=native code)


Current CompileTask:
C2:   4040 1178       4       org.objectweb.asm.MethodWriter::visitLocalVariable (223 bytes)


---------------  P R O C E S S  ---------------

Java Threads: ( => current thread )
  0x0000000015947800 JavaThread "Service Thread" daemon [_thread_blocked, id=2156, stack(0x00000000163e0000,0x00000000164e0000)]
  0x0000000015936800 JavaThread "C1 CompilerThread3" daemon [_thread_blocked, id=1952, stack(0x00000000162e0000,0x00000000163e0000)]
=>0x0000000015933800 JavaThread "C2 CompilerThread2" daemon [_thread_in_native, id=13196, stack(0x00000000161e0000,0x00000000162e0000)]
  0x000000001592e000 JavaThread "C2 CompilerThread1" daemon [_thread_blocked, id=3224, stack(0x00000000160e0000,0x00000000161e0000)]
  0x00000000158da000 JavaThread "C2 CompilerThread0" daemon [_thread_blocked, id=9332, stack(0x0000000015fe0000,0x00000000160e0000)]
  0x00000000158d8800 JavaThread "Attach Listener" daemon [_thread_blocked, id=12460, stack(0x0000000015ee0000,0x0000000015fe0000)]
  0x0000000015886000 JavaThread "Signal Dispatcher" daemon [_thread_blocked, id=7488, stack(0x0000000015de0000,0x0000000015ee0000)]
  0x00000000031ce000 JavaThread "Finalizer" daemon [_thread_blocked, id=5236, stack(0x0000000015c50000,0x0000000015d50000)]
  0x00000000031c7000 JavaThread "Reference Handler" daemon [_thread_blocked, id=2852, stack(0x0000000015750000,0x0000000015850000)]
  0x0000000002c0d800 JavaThread "main" [_thread_in_native, id=3128, stack(0x0000000002c10000,0x0000000002d10000)]

Other Threads:
  0x0000000013975000 VMThread [stack: 0x0000000015650000,0x0000000015750000] [id=11408]
  0x0000000015948000 WatcherThread [stack: 0x00000000164e0000,0x00000000165e0000] [id=3036]

VM state:not at safepoint (normal execution)

VM Mutex/Monitor currently owned by a thread: None

Heap:
 PSYoungGen      total 18944K, used 16571K [0x00000000feb00000, 0x0000000100000000, 0x0000000100000000)
  eden space 16384K, 85% used [0x00000000feb00000,0x00000000ff8b6948,0x00000000ffb00000)
  from space 2560K, 98% used [0x00000000ffb00000,0x00000000ffd785d8,0x00000000ffd80000)
  to   space 2560K, 0% used [0x00000000ffd80000,0x00000000ffd80000,0x0000000100000000)
 ParOldGen       total 44032K, used 7136K [0x00000000fc000000, 0x00000000feb00000, 0x00000000feb00000)
  object space 44032K, 16% used [0x00000000fc000000,0x00000000fc6f8310,0x00000000feb00000)
 Metaspace       used 7801K, capacity 7974K, committed 8192K, reserved 1056768K
  class space    used 875K, capacity 957K, committed 1024K, reserved 1048576K

Card table byte_map: [0x0000000002ba0000,0x0000000002bd0000] byte_map_base: 0x00000000023c0000

Marking Bits: (ParMarkBitMap*) 0x000000005d303950
 Begin Bits: [0x0000000012d90000, 0x0000000012e90000)
 End Bits:   [0x0000000012e90000, 0x0000000012f90000)

Polling page: 0x0000000000ea0000

CodeCache: size=245760Kb used=4613Kb max_used=4628Kb free=241146Kb
 bounds [0x00000000031d0000, 0x0000000003660000, 0x00000000121d0000]
 total_blobs=1577 nmethods=1242 adapters=248
 compilation: enabled

Compilation events (10 events):
Event: 3.940 Thread 0x0000000015936800 1240       3       java.util.Vector$Itr::hasNext (20 bytes)
Event: 3.940 Thread 0x0000000015936800 nmethod 1240 0x0000000003641010 code [0x0000000003641160, 0x0000000003641310]
Event: 3.940 Thread 0x0000000015936800 1241   !   3       java.util.Vector$Itr::next (63 bytes)
Event: 3.940 Thread 0x0000000015936800 nmethod 1241 0x0000000003640210 code [0x00000000036403c0, 0x0000000003640ab8]
Event: 3.940 Thread 0x0000000015936800 1242       3       java.util.zip.ZipOutputStream::writeCEN (514 bytes)
Event: 3.942 Thread 0x0000000015936800 nmethod 1242 0x000000000364b590 code [0x000000000364b980, 0x000000000364d198]
Event: 3.944 Thread 0x000000001592e000 nmethod 1239 0x000000000364fed0 code [0x0000000003650040, 0x00000000036505b8]
Event: 3.944 Thread 0x000000001592e000 1243       4       java.util.zip.ZipOutputStream::writeInt (69 bytes)
Event: 3.949 Thread 0x000000001592e000 nmethod 1243 0x000000000363f290 code [0x000000000363f420, 0x000000000363fcd0]
Event: 3.951 Thread 0x00000000158da000 nmethod 1168 0x0000000003655e90 code [0x0000000003656200, 0x0000000003658fd8]

GC Heap History (6 events):
Event: 1.477 GC heap before
{Heap before GC invocations=1 (full 0):
 PSYoungGen      total 18944K, used 16384K [0x00000000feb00000, 0x0000000100000000, 0x0000000100000000)
  eden space 16384K, 100% used [0x00000000feb00000,0x00000000ffb00000,0x00000000ffb00000)
  from space 2560K, 0% used [0x00000000ffd80000,0x00000000ffd80000,0x0000000100000000)
  to   space 2560K, 0% used [0x00000000ffb00000,0x00000000ffb00000,0x00000000ffd80000)
 ParOldGen       total 44032K, used 0K [0x00000000fc000000, 0x00000000feb00000, 0x00000000feb00000)
  object space 44032K, 0% used [0x00000000fc000000,0x00000000fc000000,0x00000000feb00000)
 Metaspace       used 6633K, capacity 6804K, committed 7040K, reserved 1056768K
  class space    used 774K, capacity 824K, committed 896K, reserved 1048576K
Event: 1.509 GC heap after
Heap after GC invocations=1 (full 0):
 PSYoungGen      total 18944K, used 2537K [0x00000000feb00000, 0x0000000100000000, 0x0000000100000000)
  eden space 16384K, 0% used [0x00000000feb00000,0x00000000feb00000,0x00000000ffb00000)
  from space 2560K, 99% used [0x00000000ffb00000,0x00000000ffd7a620,0x00000000ffd80000)
  to   space 2560K, 0% used [0x00000000ffd80000,0x00000000ffd80000,0x0000000100000000)
 ParOldGen       total 44032K, used 1533K [0x00000000fc000000, 0x00000000feb00000, 0x00000000feb00000)
  object space 44032K, 3% used [0x00000000fc000000,0x00000000fc17f5c8,0x00000000feb00000)
 Metaspace       used 6633K, capacity 6804K, committed 7040K, reserved 1056768K
  class space    used 774K, capacity 824K, committed 896K, reserved 1048576K
}
Event: 2.012 GC heap before
{Heap before GC invocations=2 (full 0):
 PSYoungGen      total 18944K, used 18921K [0x00000000feb00000, 0x0000000100000000, 0x0000000100000000)
  eden space 16384K, 100% used [0x00000000feb00000,0x00000000ffb00000,0x00000000ffb00000)
  from space 2560K, 99% used [0x00000000ffb00000,0x00000000ffd7a620,0x00000000ffd80000)
  to   space 2560K, 0% used [0x00000000ffd80000,0x00000000ffd80000,0x0000000100000000)
 ParOldGen       total 44032K, used 1533K [0x00000000fc000000, 0x00000000feb00000, 0x00000000feb00000)
  object space 44032K, 3% used [0x00000000fc000000,0x00000000fc17f5c8,0x00000000feb00000)
 Metaspace       used 6955K, capacity 7110K, committed 7296K, reserved 1056768K
  class space    used 814K, capacity 861K, committed 896K, reserved 1048576K
Event: 2.073 GC heap after
Heap after GC invocations=2 (full 0):
 PSYoungGen      total 18944K, used 2531K [0x00000000feb00000, 0x0000000100000000, 0x0000000100000000)
  eden space 16384K, 0% used [0x00000000feb00000,0x00000000feb00000,0x00000000ffb00000)
  from space 2560K, 98% used [0x00000000ffd80000,0x00000000ffff8df0,0x0000000100000000)
  to   space 2560K, 0% used [0x00000000ffb00000,0x00000000ffb00000,0x00000000ffd80000)
 ParOldGen       total 44032K, used 5834K [0x00000000fc000000, 0x00000000feb00000, 0x00000000feb00000)
  object space 44032K, 13% used [0x00000000fc000000,0x00000000fc5b2b00,0x00000000feb00000)
 Metaspace       used 6955K, capacity 7110K, committed 7296K, reserved 1056768K
  class space    used 814K, capacity 861K, committed 896K, reserved 1048576K
}
Event: 2.941 GC heap before
{Heap before GC invocations=3 (full 0):
 PSYoungGen      total 18944K, used 18915K [0x00000000feb00000, 0x0000000100000000, 0x0000000100000000)
  eden space 16384K, 100% used [0x00000000feb00000,0x00000000ffb00000,0x00000000ffb00000)
  from space 2560K, 98% used [0x00000000ffd80000,0x00000000ffff8df0,0x0000000100000000)
  to   space 2560K, 0% used [0x00000000ffb00000,0x00000000ffb00000,0x00000000ffd80000)
 ParOldGen       total 44032K, used 5834K [0x00000000fc000000, 0x00000000feb00000, 0x00000000feb00000)
  object space 44032K, 13% used [0x00000000fc000000,0x00000000fc5b2b00,0x00000000feb00000)
 Metaspace       used 7706K, capacity 7910K, committed 8192K, reserved 1056768K
  class space    used 875K, capacity 957K, committed 1024K, reserved 1048576K
Event: 3.642 GC heap after
Heap after GC invocations=3 (full 0):
 PSYoungGen      total 18944K, used 2529K [0x00000000feb00000, 0x0000000100000000, 0x0000000100000000)
  eden space 16384K, 0% used [0x00000000feb00000,0x00000000feb00000,0x00000000ffb00000)
  from space 2560K, 98% used [0x00000000ffb00000,0x00000000ffd785d8,0x00000000ffd80000)
  to   space 2560K, 0% used [0x00000000ffd80000,0x00000000ffd80000,0x0000000100000000)
 ParOldGen       total 44032K, used 7136K [0x00000000fc000000, 0x00000000feb00000, 0x00000000feb00000)
  object space 44032K, 16% used [0x00000000fc000000,0x00000000fc6f8310,0x00000000feb00000)
 Metaspace       used 7706K, capacity 7910K, committed 8192K, reserved 1056768K
  class space    used 875K, capacity 957K, committed 1024K, reserved 1048576K
}

Deoptimization events (10 events):
Event: 1.546 Thread 0x0000000002c0d800 Uncommon trap: reason=unstable_if action=reinterpret pc=0x0000000003429548 method=java.util.HashMap$HashIterator.nextNode()Ljava/util/HashMap$Node; @ 74
Event: 1.827 Thread 0x0000000002c0d800 Uncommon trap: reason=unstable_if action=reinterpret pc=0x0000000003423bc8 method=java.util.HashMap$HashIterator.nextNode()Ljava/util/HashMap$Node; @ 74
Event: 1.944 Thread 0x0000000002c0d800 Uncommon trap: reason=unloaded action=reinterpret pc=0x000000000340c43c method=java.util.zip.ZipEntry.setExtra0([BZ)V @ 37
Event: 2.235 Thread 0x0000000002c0d800 Uncommon trap: reason=unstable_if action=reinterpret pc=0x000000000336c638 method=java.lang.String.<init>([CII)V @ 18
Event: 2.439 Thread 0x0000000002c0d800 Uncommon trap: reason=unstable_if action=reinterpret pc=0x00000000034c333c method=org.objectweb.asm.ClassReader.a(II[C)Ljava/lang/String; @ 77
Event: 2.439 Thread 0x0000000002c0d800 Uncommon trap: reason=unstable_if action=reinterpret pc=0x00000000034bdfb8 method=org.objectweb.asm.ByteVector.putUTF8(Ljava/lang/String;)Lorg/objectweb/asm/ByteVector; @ 98
Event: 2.472 Thread 0x0000000002c0d800 Uncommon trap: reason=unstable_if action=reinterpret pc=0x0000000003503418 method=org.objectweb.asm.Item.a(Lorg/objectweb/asm/Item;)Z @ 345
Event: 2.865 Thread 0x0000000002c0d800 Uncommon trap: reason=unstable_if action=reinterpret pc=0x00000000035179f8 method=org.objectweb.asm.Type.getArgumentsAndReturnSizes(Ljava/lang/String;)I @ 118
Event: 3.863 Thread 0x0000000002c0d800 Uncommon trap: reason=null_check action=make_not_entrant pc=0x00000000036346dc method=com.google.devtools.build.android.desugar.InterfaceDesugaring$InterfaceInvocationRewriter.visitMethodInsn(ILjava/lang/String;Ljava/lang/String;Ljava/lang/String;Z)V @ 10
Event: 3.882 Thread 0x0000000002c0d800 Uncommon trap: reason=unstable_if action=reinterpret pc=0x0000000003527f48 method=org.objectweb.asm.ByteVector.putUTF8(Ljava/lang/String;)Lorg/objectweb/asm/ByteVector; @ 98

Classes redefined (0 events):
No events

Internal exceptions (10 events):
Event: 1.823 Thread 0x0000000002c0d800 Exception <a 'sun/nio/fs/WindowsException'> (0x00000000ff23f958) thrown at [D:\src\AOSP-openjdk-cygwin\jdk8u\hotspot\src\share\vm\prims\jni.cpp, line 709]
Event: 1.823 Thread 0x0000000002c0d800 Exception <a 'sun/nio/fs/WindowsException'> (0x00000000ff23fef8) thrown at [D:\src\AOSP-openjdk-cygwin\jdk8u\hotspot\src\share\vm\prims\jni.cpp, line 709]
Event: 1.823 Thread 0x0000000002c0d800 Exception <a 'sun/nio/fs/WindowsException'> (0x00000000ff2406a8) thrown at [D:\src\AOSP-openjdk-cygwin\jdk8u\hotspot\src\share\vm\prims\jni.cpp, line 709]
Event: 1.830 Thread 0x0000000002c0d800 Exception <a 'sun/nio/fs/WindowsException'> (0x00000000ff2459e8) thrown at [D:\src\AOSP-openjdk-cygwin\jdk8u\hotspot\src\share\vm\prims\jni.cpp, line 709]
Event: 2.190 Thread 0x0000000002c0d800 Exception <a 'sun/nio/fs/WindowsException'> (0x00000000febf6cb0) thrown at [D:\src\AOSP-openjdk-cygwin\jdk8u\hotspot\src\share\vm\prims\jni.cpp, line 709]
Event: 2.192 Thread 0x0000000002c0d800 Exception <a 'sun/nio/fs/WindowsException'> (0x00000000febf7208) thrown at [D:\src\AOSP-openjdk-cygwin\jdk8u\hotspot\src\share\vm\prims\jni.cpp, line 709]
Event: 2.224 Thread 0x0000000002c0d800 Exception <a 'sun/nio/fs/WindowsException'> (0x00000000fec02a08) thrown at [D:\src\AOSP-openjdk-cygwin\jdk8u\hotspot\src\share\vm\prims\jni.cpp, line 709]
Event: 2.224 Thread 0x0000000002c0d800 Exception <a 'sun/nio/fs/WindowsException'> (0x00000000fec02ee0) thrown at [D:\src\AOSP-openjdk-cygwin\jdk8u\hotspot\src\share\vm\prims\jni.cpp, line 709]
Event: 3.863 Thread 0x0000000002c0d800 Implicit null exception at 0x00000000036343ea to 0x00000000036346b9
Event: 4.037 Thread 0x0000000002c0d800 Exception <a 'sun/nio/fs/WindowsException'> (0x00000000ff897310) thrown at [D:\src\AOSP-openjdk-cygwin\jdk8u\hotspot\src\share\vm\prims\jni.cpp, line 709]

Events (10 events):
Event: 3.863 Thread 0x0000000002c0d800 Uncommon trap: trap_request=0xfffffff4 fr.pc=0x00000000036346dc
Event: 3.863 Thread 0x0000000002c0d800 DEOPT PACKING pc=0x00000000036346dc sp=0x0000000002d0ebf0
Event: 3.863 Thread 0x0000000002c0d800 DEOPT UNPACKING pc=0x000000000321556a sp=0x0000000002d0eb70 mode 2
Event: 3.869 Thread 0x0000000002c0d800 DEOPT PACKING pc=0x0000000003510330 sp=0x0000000002d0eca0
Event: 3.869 Thread 0x0000000002c0d800 DEOPT UNPACKING pc=0x00000000032175bf sp=0x0000000002d0e9c8 mode 0
Event: 3.879 Thread 0x0000000002c0d800 DEOPT PACKING pc=0x0000000003510330 sp=0x0000000002d0eca0
Event: 3.879 Thread 0x0000000002c0d800 DEOPT UNPACKING pc=0x00000000032175bf sp=0x0000000002d0e9c8 mode 0
Event: 3.882 Thread 0x0000000002c0d800 Uncommon trap: trap_request=0xffffff65 fr.pc=0x0000000003527f48
Event: 3.882 Thread 0x0000000002c0d800 DEOPT PACKING pc=0x0000000003527f48 sp=0x0000000002d0ebc0
Event: 3.882 Thread 0x0000000002c0d800 DEOPT UNPACKING pc=0x000000000321556a sp=0x0000000002d0eb00 mode 2


Dynamic libraries:
0x00007ff6199f0000 - 0x00007ff619a21000 	C:\Program Files\Android\Android Studio\jre\bin\java.exe
0x00007ff98de30000 - 0x00007ff98e011000 	C:\WINDOWS\SYSTEM32\ntdll.dll
0x00007ff98c160000 - 0x00007ff98c212000 	C:\WINDOWS\System32\KERNEL32.DLL
0x00007ff98a400000 - 0x00007ff98a673000 	C:\WINDOWS\System32\KERNELBASE.dll
0x00007ff98b860000 - 0x00007ff98b901000 	C:\WINDOWS\System32\ADVAPI32.dll
0x00007ff98bd20000 - 0x00007ff98bdbe000 	C:\WINDOWS\System32\msvcrt.dll
0x00007ff98b910000 - 0x00007ff98b96b000 	C:\WINDOWS\System32\sechost.dll
0x00007ff98b3b0000 - 0x00007ff98b4d4000 	C:\WINDOWS\System32\RPCRT4.dll
0x00007ff98b9f0000 - 0x00007ff98bb80000 	C:\WINDOWS\System32\USER32.dll
0x00007ff98b2a0000 - 0x00007ff98b2c0000 	C:\WINDOWS\System32\win32u.dll
0x00007ff98b380000 - 0x00007ff98b3a8000 	C:\WINDOWS\System32\GDI32.dll
0x00007ff98b060000 - 0x00007ff98b1f2000 	C:\WINDOWS\System32\gdi32full.dll
0x00007ff98b200000 - 0x00007ff98b29f000 	C:\WINDOWS\System32\msvcp_win.dll
0x00007ff98a300000 - 0x00007ff98a3fa000 	C:\WINDOWS\System32\ucrtbase.dll
0x00007ff97d610000 - 0x00007ff97d879000 	C:\WINDOWS\WinSxS\amd64_microsoft.windows.common-controls_6595b64144ccf1df_6.0.17134.48_none_b4b2216a3cb4dd3e\COMCTL32.dll
0x00007ff98bdd0000 - 0x00007ff98c0f3000 	C:\WINDOWS\System32\combase.dll
0x00007ff98adf0000 - 0x00007ff98ae6a000 	C:\WINDOWS\System32\bcryptPrimitives.dll
0x00007ff98b5c0000 - 0x00007ff98b5ed000 	C:\WINDOWS\System32\IMM32.DLL
0x000000005ca60000 - 0x000000005cb32000 	C:\Program Files\Android\Android Studio\jre\jre\bin\msvcr100.dll
0x000000005cb40000 - 0x000000005d37e000 	C:\Program Files\Android\Android Studio\jre\jre\bin\server\jvm.dll
0x00007ff98b5b0000 - 0x00007ff98b5b8000 	C:\WINDOWS\System32\PSAPI.DLL
0x00007ff985c60000 - 0x00007ff985c69000 	C:\WINDOWS\SYSTEM32\WSOCK32.dll
0x00007ff987c20000 - 0x00007ff987c43000 	C:\WINDOWS\SYSTEM32\WINMM.dll
0x00007ff98b970000 - 0x00007ff98b9dc000 	C:\WINDOWS\System32\WS2_32.dll
0x00007ff982480000 - 0x00007ff98248a000 	C:\WINDOWS\SYSTEM32\VERSION.dll
0x00007ff987620000 - 0x00007ff98764a000 	C:\WINDOWS\SYSTEM32\WINMMBASE.dll
0x00007ff98a2b0000 - 0x00007ff98a2f9000 	C:\WINDOWS\System32\cfgmgr32.dll
0x00007ff96ba40000 - 0x00007ff96ba4f000 	C:\Program Files\Android\Android Studio\jre\jre\bin\verify.dll
0x00007ff96ba10000 - 0x00007ff96ba39000 	C:\Program Files\Android\Android Studio\jre\jre\bin\java.dll
0x00007ff96b9f0000 - 0x00007ff96ba06000 	C:\Program Files\Android\Android Studio\jre\jre\bin\zip.dll
0x00007ff98c2a0000 - 0x00007ff98d6e0000 	C:\WINDOWS\System32\SHELL32.dll
0x00007ff98b4e0000 - 0x00007ff98b589000 	C:\WINDOWS\System32\shcore.dll
0x00007ff98a680000 - 0x00007ff98ad8d000 	C:\WINDOWS\System32\windows.storage.dll
0x00007ff98b320000 - 0x00007ff98b371000 	C:\WINDOWS\System32\shlwapi.dll
0x00007ff98a170000 - 0x00007ff98a181000 	C:\WINDOWS\System32\kernel.appcore.dll
0x00007ff98a190000 - 0x00007ff98a1af000 	C:\WINDOWS\System32\profapi.dll
0x00007ff98a1b0000 - 0x00007ff98a1fc000 	C:\WINDOWS\System32\powrprof.dll
0x00007ff98a160000 - 0x00007ff98a16a000 	C:\WINDOWS\System32\FLTLIB.DLL
0x00007ff989b70000 - 0x00007ff989b87000 	C:\WINDOWS\SYSTEM32\CRYPTSP.dll
0x00007ff9895a0000 - 0x00007ff9895d3000 	C:\WINDOWS\system32\rsaenh.dll
0x00007ff989ca0000 - 0x00007ff989cc5000 	C:\WINDOWS\SYSTEM32\bcrypt.dll
0x00007ff98a040000 - 0x00007ff98a068000 	C:\WINDOWS\SYSTEM32\USERENV.dll
0x00007ff989b90000 - 0x00007ff989b9b000 	C:\WINDOWS\SYSTEM32\CRYPTBASE.dll
0x00007ff96b9d0000 - 0x00007ff96b9ea000 	C:\Program Files\Android\Android Studio\jre\jre\bin\net.dll
0x00007ff9899c0000 - 0x00007ff989a26000 	C:\WINDOWS\system32\mswsock.dll
0x00007ff989740000 - 0x00007ff989778000 	C:\WINDOWS\SYSTEM32\IPHLPAPI.DLL
0x00007ff98bdc0000 - 0x00007ff98bdc8000 	C:\WINDOWS\System32\NSI.dll
0x00007ff982c80000 - 0x00007ff982c96000 	C:\WINDOWS\SYSTEM32\dhcpcsvc6.DLL
0x00007ff982c60000 - 0x00007ff982c7a000 	C:\WINDOWS\SYSTEM32\dhcpcsvc.DLL
0x00007ff967fc0000 - 0x00007ff967fd1000 	C:\Program Files\Android\Android Studio\jre\jre\bin\nio.dll

VM Arguments:
jvm_args: -Djava.awt.headless=true -Xmx64M -Dfile.encoding=x-windows-949 -Duser.country=KR -Duser.language=ko -Duser.variant 
java_command: com.google.devtools.build.android.desugar.Desugar @D:\test\app\build\intermediates\tmp\desugar_args5169048417587926380
java_class_path (initial): C:\Users\Goo\AppData\Local\Temp\desugar_deploy.jar3189730495422438638
Launcher Type: SUN_STANDARD

Environment Variables:
PATH=C:\ProgramData\Oracle\Java\javapath;C:\WINDOWS\system32;C:\WINDOWS;C:\WINDOWS\System32\Wbem;C:\WINDOWS\System32\WindowsPowerShell\v1.0\;C:\OpenSSL;;C:\WINDOWS\System32\OpenSSH\;C:\Users\Goo\AppData\Local\Microsoft\WindowsApps;
USERNAME=Goo
OS=Windows_NT
PROCESSOR_IDENTIFIER=Intel64 Family 6 Model 158 Stepping 9, GenuineIntel



---------------  S Y S T E M  ---------------

OS: Windows 10.0 , 64 bit Build 17134 (10.0.17134.1)

CPU:total 8 (initial active 8) (4 cores per cpu, 2 threads per core) family 6 model 158 stepping 9, cmov, cx8, fxsr, mmx, sse, sse2, sse3, ssse3, sse4.1, sse4.2, popcnt, avx, avx2, aes, clmul, erms, 3dnowpref, lzcnt, ht, tsc, tscinvbit, bmi1, bmi2, adx

Memory: 4k page, physical 16692940k(4369392k free), swap 16692940k(3936k free)

vm_info: OpenJDK 64-Bit Server VM (25.152-b01) for windows-amd64 JRE (1.8.0_152-release-915-b01), built by "builder" with MS VC++ 10.0 (VS2010)

time: Mon Jun 11 04:11:36 2018
elapsed time: 4 seconds (0d 0h 0m 4s)

