#
# There is insufficient memory for the Java Runtime Environment to continue.
# Native memory allocation (malloc) failed to allocate 958176 bytes for Chunk::new
# Possible reasons:
#   The system is out of physical RAM or swap space
#   In 32 bit mode, the process size limit was hit
# Possible solutions:
#   Reduce memory load on the system
#   Increase physical memory or swap space
#   Check if swap backing store is full
#   Use 64 bit Java on a 64 bit OS
#   Decrease Java heap size (-Xmx/-Xms)
#   Decrease number of Java threads
#   Decrease Java thread stack sizes (-Xss)
#   Set larger code cache with -XX:ReservedCodeCacheSize=
# This output file may be truncated or incomplete.
#
#  Out of Memory Error (allocation.cpp:390), pid=7128, tid=0x0000000000003104
#
# JRE version: OpenJDK Runtime Environment (8.0_152-b01) (build 1.8.0_152-release-915-b01)
# Java VM: OpenJDK 64-Bit Server VM (25.152-b01 mixed mode windows-amd64 compressed oops)
# Failed to write core dump. Minidumps are not enabled by default on client versions of Windows
#

---------------  T H R E A D  ---------------

Current thread (0x0000000015763000):  JavaThread "C2 CompilerThread1" daemon [_thread_in_native, id=12548, stack(0x0000000015e90000,0x0000000015f90000)]

Stack: [0x0000000015e90000,0x0000000015f90000]
[error occurred during error reporting (printing stack bounds), id 0xc0000005]

Native frames: (J=compiled Java code, j=interpreted, Vv=VM code, C=native code)


Current CompileTask:
C2:   2368  983       4       org.objectweb.asm.ClassReader::a (3587 bytes)


---------------  P R O C E S S  ---------------

Java Threads: ( => current thread )
  0x0000000015796800 JavaThread "Service Thread" daemon [_thread_blocked, id=4684, stack(0x0000000016190000,0x0000000016290000)]
  0x000000001576a800 JavaThread "C1 CompilerThread3" daemon [_thread_blocked, id=244, stack(0x0000000016090000,0x0000000016190000)]
  0x0000000015768000 JavaThread "C2 CompilerThread2" daemon [_thread_in_vm, id=9416, stack(0x0000000015f90000,0x0000000016090000)]
=>0x0000000015763000 JavaThread "C2 CompilerThread1" daemon [_thread_in_native, id=12548, stack(0x0000000015e90000,0x0000000015f90000)]
  0x0000000015720800 JavaThread "C2 CompilerThread0" daemon [_thread_in_native, id=5616, stack(0x0000000015d90000,0x0000000015e90000)]
  0x000000001571f000 JavaThread "Attach Listener" daemon [_thread_blocked, id=5244, stack(0x0000000015c90000,0x0000000015d90000)]
  0x00000000156cb800 JavaThread "Signal Dispatcher" daemon [_thread_blocked, id=11604, stack(0x0000000015b90000,0x0000000015c90000)]
  0x00000000156b1000 JavaThread "Finalizer" daemon [_thread_blocked, id=6220, stack(0x0000000015a90000,0x0000000015b90000)]
  0x0000000002ff7000 JavaThread "Reference Handler" daemon [_thread_blocked, id=10620, stack(0x0000000015590000,0x0000000015690000)]
  0x0000000002efd800 JavaThread "main" [_thread_blocked, id=4804, stack(0x0000000002d00000,0x0000000002e00000)]

Other Threads:
  0x00000000137a5000 VMThread [stack: 0x0000000015490000,0x0000000015590000] [id=7960]
  0x0000000015797000 WatcherThread [stack: 0x0000000016290000,0x0000000016390000] [id=10980]

VM state:not at safepoint (normal execution)

VM Mutex/Monitor currently owned by a thread:  ([mutex/lock_event])
[0x0000000002efc2f0] Heap_lock - owner thread: 0x0000000002efd800

Heap:
 PSYoungGen      total 18944K, used 2529K [0x00000000feb00000, 0x0000000100000000, 0x0000000100000000)
  eden space 16384K, 0% used [0x00000000feb00000,0x00000000feb00038,0x00000000ffb00000)
  from space 2560K, 98% used [0x00000000ffb00000,0x00000000ffd78638,0x00000000ffd80000)
  to   space 2560K, 0% used [0x00000000ffd80000,0x00000000ffd80000,0x0000000100000000)
 ParOldGen       total 44032K, used 6851K [0x00000000fc000000, 0x00000000feb00000, 0x00000000feb00000)
  object space 44032K, 15% used [0x00000000fc000000,0x00000000fc6b0cb0,0x00000000feb00000)
 Metaspace       used 7733K, capacity 7970K, committed 8192K, reserved 1056768K
  class space    used 877K, capacity 957K, committed 1024K, reserved 1048576K

Card table byte_map: [0x0000000002e00000,0x0000000002e30000] byte_map_base: 0x0000000002620000

Marking Bits: (ParMarkBitMap*) 0x000000005cab3950
 Begin Bits: [0x0000000012bc0000, 0x0000000012cc0000)
 End Bits:   [0x0000000012cc0000, 0x0000000012dc0000)

Polling page: 0x0000000000c50000

CodeCache: size=245760Kb used=4133Kb max_used=4145Kb free=241626Kb
 bounds [0x0000000003000000, 0x0000000003420000, 0x0000000012000000]
 total_blobs=1452 nmethods=1117 adapters=248
 compilation: enabled

Compilation events (10 events):
Event: 2.188 Thread 0x000000001576a800 1114       3       org.objectweb.asm.ClassWriter::visitEnd (1 bytes)
Event: 2.188 Thread 0x000000001576a800 nmethod 1114 0x00000000033fc290 code [0x00000000033fc3e0, 0x00000000033fc530]
Event: 2.188 Thread 0x000000001576a800 1115       3       com.google.devtools.build.android.desugar.CoreLibraryRewriter$UnprefixingClassWriter::toByteArray (8 bytes)
Event: 2.188 Thread 0x000000001576a800 nmethod 1115 0x00000000033fbed0 code [0x00000000033fc040, 0x00000000033fc1c8]
Event: 2.188 Thread 0x000000001576a800 1116       3       com.google.devtools.build.android.desugar.ZipOutputFileProvider::write (19 bytes)
Event: 2.188 Thread 0x0000000015720800 nmethod 1096 0x00000000033fba90 code [0x00000000033fbbe0, 0x00000000033fbd88]
Event: 2.188 Thread 0x0000000015720800 1117       4       org.objectweb.asm.MethodVisitor::visitFieldInsn (20 bytes)
Event: 2.189 Thread 0x000000001576a800 nmethod 1116 0x0000000003407650 code [0x0000000003407800, 0x0000000003407ca8]
Event: 2.355 Thread 0x0000000015768000 nmethod 1094 0x000000000340b710 code [0x000000000340b8a0, 0x000000000340be98]
Event: 2.355 Thread 0x0000000015768000 1118       4       org.objectweb.asm.MethodVisitor::visitLabel (16 bytes)

GC Heap History (6 events):
Event: 0.988 GC heap before
{Heap before GC invocations=1 (full 0):
 PSYoungGen      total 18944K, used 16384K [0x00000000feb00000, 0x0000000100000000, 0x0000000100000000)
  eden space 16384K, 100% used [0x00000000feb00000,0x00000000ffb00000,0x00000000ffb00000)
  from space 2560K, 0% used [0x00000000ffd80000,0x00000000ffd80000,0x0000000100000000)
  to   space 2560K, 0% used [0x00000000ffb00000,0x00000000ffb00000,0x00000000ffd80000)
 ParOldGen       total 44032K, used 0K [0x00000000fc000000, 0x00000000feb00000, 0x00000000feb00000)
  object space 44032K, 0% used [0x00000000fc000000,0x00000000fc000000,0x00000000feb00000)
 Metaspace       used 6623K, capacity 6800K, committed 7040K, reserved 1056768K
  class space    used 773K, capacity 824K, committed 896K, reserved 1048576K
Event: 1.023 GC heap after
Heap after GC invocations=1 (full 0):
 PSYoungGen      total 18944K, used 2537K [0x00000000feb00000, 0x0000000100000000, 0x0000000100000000)
  eden space 16384K, 0% used [0x00000000feb00000,0x00000000feb00000,0x00000000ffb00000)
  from space 2560K, 99% used [0x00000000ffb00000,0x00000000ffd7a620,0x00000000ffd80000)
  to   space 2560K, 0% used [0x00000000ffd80000,0x00000000ffd80000,0x0000000100000000)
 ParOldGen       total 44032K, used 1575K [0x00000000fc000000, 0x00000000feb00000, 0x00000000feb00000)
  object space 44032K, 3% used [0x00000000fc000000,0x00000000fc189f68,0x00000000feb00000)
 Metaspace       used 6623K, capacity 6800K, committed 7040K, reserved 1056768K
  class space    used 773K, capacity 824K, committed 896K, reserved 1048576K
}
Event: 1.369 GC heap before
{Heap before GC invocations=2 (full 0):
 PSYoungGen      total 18944K, used 18921K [0x00000000feb00000, 0x0000000100000000, 0x0000000100000000)
  eden space 16384K, 100% used [0x00000000feb00000,0x00000000ffb00000,0x00000000ffb00000)
  from space 2560K, 99% used [0x00000000ffb00000,0x00000000ffd7a620,0x00000000ffd80000)
  to   space 2560K, 0% used [0x00000000ffd80000,0x00000000ffd80000,0x0000000100000000)
 ParOldGen       total 44032K, used 1575K [0x00000000fc000000, 0x00000000feb00000, 0x00000000feb00000)
  object space 44032K, 3% used [0x00000000fc000000,0x00000000fc189f68,0x00000000feb00000)
 Metaspace       used 6945K, capacity 7106K, committed 7296K, reserved 1056768K
  class space    used 814K, capacity 861K, committed 896K, reserved 1048576K
Event: 1.427 GC heap after
Heap after GC invocations=2 (full 0):
 PSYoungGen      total 18944K, used 2531K [0x00000000feb00000, 0x0000000100000000, 0x0000000100000000)
  eden space 16384K, 0% used [0x00000000feb00000,0x00000000feb00000,0x00000000ffb00000)
  from space 2560K, 98% used [0x00000000ffd80000,0x00000000ffff8e30,0x0000000100000000)
  to   space 2560K, 0% used [0x00000000ffb00000,0x00000000ffb00000,0x00000000ffd80000)
 ParOldGen       total 44032K, used 5789K [0x00000000fc000000, 0x00000000feb00000, 0x00000000feb00000)
  object space 44032K, 13% used [0x00000000fc000000,0x00000000fc5a7450,0x00000000feb00000)
 Metaspace       used 6945K, capacity 7106K, committed 7296K, reserved 1056768K
  class space    used 814K, capacity 861K, committed 896K, reserved 1048576K
}
Event: 2.189 GC heap before
{Heap before GC invocations=3 (full 0):
 PSYoungGen      total 18944K, used 18915K [0x00000000feb00000, 0x0000000100000000, 0x0000000100000000)
  eden space 16384K, 100% used [0x00000000feb00000,0x00000000ffb00000,0x00000000ffb00000)
  from space 2560K, 98% used [0x00000000ffd80000,0x00000000ffff8e30,0x0000000100000000)
  to   space 2560K, 0% used [0x00000000ffb00000,0x00000000ffb00000,0x00000000ffd80000)
 ParOldGen       total 44032K, used 5789K [0x00000000fc000000, 0x00000000feb00000, 0x00000000feb00000)
  object space 44032K, 13% used [0x00000000fc000000,0x00000000fc5a7450,0x00000000feb00000)
 Metaspace       used 7733K, capacity 7970K, committed 8192K, reserved 1056768K
  class space    used 877K, capacity 957K, committed 1024K, reserved 1048576K
Event: 2.352 GC heap after
Heap after GC invocations=3 (full 0):
 PSYoungGen      total 18944K, used 2529K [0x00000000feb00000, 0x0000000100000000, 0x0000000100000000)
  eden space 16384K, 0% used [0x00000000feb00000,0x00000000feb00000,0x00000000ffb00000)
  from space 2560K, 98% used [0x00000000ffb00000,0x00000000ffd78638,0x00000000ffd80000)
  to   space 2560K, 0% used [0x00000000ffd80000,0x00000000ffd80000,0x0000000100000000)
 ParOldGen       total 44032K, used 6851K [0x00000000fc000000, 0x00000000feb00000, 0x00000000feb00000)
  object space 44032K, 15% used [0x00000000fc000000,0x00000000fc6b0cb0,0x00000000feb00000)
 Metaspace       used 7733K, capacity 7970K, committed 8192K, reserved 1056768K
  class space    used 877K, capacity 957K, committed 1024K, reserved 1048576K
}

Deoptimization events (10 events):
Event: 1.964 Thread 0x0000000002efd800 Uncommon trap: reason=unstable_if action=reinterpret pc=0x00000000032f2dcc method=org.objectweb.asm.ByteVector.putUTF8(Ljava/lang/String;)Lorg/objectweb/asm/ByteVector; @ 98
Event: 2.071 Thread 0x0000000002efd800 Uncommon trap: reason=unstable_if action=reinterpret pc=0x0000000003391ddc method=org.objectweb.asm.Type.getArgumentsAndReturnSizes(Ljava/lang/String;)I @ 130
Event: 2.115 Thread 0x0000000002efd800 Uncommon trap: reason=unstable_if action=reinterpret pc=0x00000000033b0cb8 method=org.objectweb.asm.MethodWriter.visitVarInsn(II)V @ 136
Event: 2.159 Thread 0x0000000002efd800 Uncommon trap: reason=unstable_if action=reinterpret pc=0x00000000033e4394 method=org.objectweb.asm.Type.getArgumentsAndReturnSizes(Ljava/lang/String;)I @ 112
Event: 2.165 Thread 0x0000000002efd800 Uncommon trap: reason=class_check action=maybe_recompile pc=0x00000000033e6bc4 method=org.objectweb.asm.MethodVisitor.visitVarInsn(II)V @ 13
Event: 2.165 Thread 0x0000000002efd800 Uncommon trap: reason=class_check action=maybe_recompile pc=0x00000000033e6bc4 method=org.objectweb.asm.MethodVisitor.visitVarInsn(II)V @ 13
Event: 2.165 Thread 0x0000000002efd800 Uncommon trap: reason=class_check action=maybe_recompile pc=0x00000000033e6bc4 method=org.objectweb.asm.MethodVisitor.visitVarInsn(II)V @ 13
Event: 2.165 Thread 0x0000000002efd800 Uncommon trap: reason=class_check action=maybe_recompile pc=0x00000000033e6b78 method=org.objectweb.asm.tree.VarInsnNode.accept(Lorg/objectweb/asm/MethodVisitor;)V @ 9
Event: 2.165 Thread 0x0000000002efd800 Uncommon trap: reason=class_check action=maybe_recompile pc=0x00000000033e6b78 method=org.objectweb.asm.tree.VarInsnNode.accept(Lorg/objectweb/asm/MethodVisitor;)V @ 9
Event: 2.165 Thread 0x0000000002efd800 Uncommon trap: reason=class_check action=maybe_recompile pc=0x00000000033e6b78 method=org.objectweb.asm.tree.VarInsnNode.accept(Lorg/objectweb/asm/MethodVisitor;)V @ 9

Classes redefined (0 events):
No events

Internal exceptions (10 events):
Event: 1.167 Thread 0x0000000002efd800 Exception <a 'sun/nio/fs/WindowsException'> (0x00000000ff21dc78) thrown at [D:\src\AOSP-openjdk-cygwin\jdk8u\hotspot\src\share\vm\prims\jni.cpp, line 709]
Event: 1.198 Thread 0x0000000002efd800 Exception <a 'sun/nio/fs/WindowsException'> (0x00000000ff222fb8) thrown at [D:\src\AOSP-openjdk-cygwin\jdk8u\hotspot\src\share\vm\prims\jni.cpp, line 709]
Event: 1.439 Thread 0x0000000002efd800 Exception <a 'sun/nio/fs/WindowsException'> (0x00000000febf0fe8) thrown at [D:\src\AOSP-openjdk-cygwin\jdk8u\hotspot\src\share\vm\prims\jni.cpp, line 709]
Event: 1.439 Thread 0x0000000002efd800 Exception <a 'sun/nio/fs/WindowsException'> (0x00000000febf1540) thrown at [D:\src\AOSP-openjdk-cygwin\jdk8u\hotspot\src\share\vm\prims\jni.cpp, line 709]
Event: 1.474 Thread 0x0000000002efd800 Exception <a 'sun/nio/fs/WindowsException'> (0x00000000febfcd28) thrown at [D:\src\AOSP-openjdk-cygwin\jdk8u\hotspot\src\share\vm\prims\jni.cpp, line 709]
Event: 1.474 Thread 0x0000000002efd800 Exception <a 'sun/nio/fs/WindowsException'> (0x00000000febfd200) thrown at [D:\src\AOSP-openjdk-cygwin\jdk8u\hotspot\src\share\vm\prims\jni.cpp, line 709]
Event: 1.555 Thread 0x0000000002efd800 Exception <a 'sun/nio/fs/WindowsException'> (0x00000000fec006a0) thrown at [D:\src\AOSP-openjdk-cygwin\jdk8u\hotspot\src\share\vm\prims\jni.cpp, line 709]
Event: 1.555 Thread 0x0000000002efd800 Exception <a 'sun/nio/fs/WindowsException'> (0x00000000fec00b78) thrown at [D:\src\AOSP-openjdk-cygwin\jdk8u\hotspot\src\share\vm\prims\jni.cpp, line 709]
Event: 1.934 Thread 0x0000000002efd800 Exception <a 'sun/nio/fs/WindowsException'> (0x00000000feda87e8) thrown at [D:\src\AOSP-openjdk-cygwin\jdk8u\hotspot\src\share\vm\prims\jni.cpp, line 709]
Event: 1.934 Thread 0x0000000002efd800 Exception <a 'sun/nio/fs/WindowsException'> (0x00000000feda8cc0) thrown at [D:\src\AOSP-openjdk-cygwin\jdk8u\hotspot\src\share\vm\prims\jni.cpp, line 709]

Events (10 events):
Event: 2.165 Thread 0x0000000002efd800 DEOPT PACKING pc=0x00000000033e6b78 sp=0x0000000002dfe6f0
Event: 2.165 Thread 0x0000000002efd800 DEOPT UNPACKING pc=0x000000000304556a sp=0x0000000002dfe6a8 mode 2
Event: 2.165 Thread 0x0000000002efd800 Uncommon trap: trap_request=0xffffffde fr.pc=0x00000000033e6b78
Event: 2.165 Thread 0x0000000002efd800 DEOPT PACKING pc=0x00000000033e6b78 sp=0x0000000002dfe6f0
Event: 2.165 Thread 0x0000000002efd800 DEOPT UNPACKING pc=0x000000000304556a sp=0x0000000002dfe6a8 mode 2
Event: 2.165 Thread 0x0000000002efd800 Uncommon trap: trap_request=0xffffffde fr.pc=0x00000000033e6b78
Event: 2.165 Thread 0x0000000002efd800 DEOPT PACKING pc=0x00000000033e6b78 sp=0x0000000002dfe6f0
Event: 2.165 Thread 0x0000000002efd800 DEOPT UNPACKING pc=0x000000000304556a sp=0x0000000002dfe6a8 mode 2
Event: 2.189 Executing VM operation: ParallelGCFailedAllocation
Event: 2.352 Executing VM operation: ParallelGCFailedAllocation done


Dynamic libraries:
0x00007ff75c570000 - 0x00007ff75c5a1000 	C:\Program Files\Android\Android Studio\jre\bin\java.exe
0x00007ffa30930000 - 0x00007ffa30b11000 	C:\WINDOWS\SYSTEM32\ntdll.dll
0x00007ffa306b0000 - 0x00007ffa30762000 	C:\WINDOWS\System32\KERNEL32.DLL
0x00007ffa2d110000 - 0x00007ffa2d383000 	C:\WINDOWS\System32\KERNELBASE.dll
0x00007ffa2ef50000 - 0x00007ffa2eff1000 	C:\WINDOWS\System32\ADVAPI32.dll
0x00007ffa2e860000 - 0x00007ffa2e8fe000 	C:\WINDOWS\System32\msvcrt.dll
0x00007ffa2dfb0000 - 0x00007ffa2e00b000 	C:\WINDOWS\System32\sechost.dll
0x00007ffa307d0000 - 0x00007ffa308f4000 	C:\WINDOWS\System32\RPCRT4.dll
0x00007ffa30440000 - 0x00007ffa305d0000 	C:\WINDOWS\System32\USER32.dll
0x00007ffa2d390000 - 0x00007ffa2d3b0000 	C:\WINDOWS\System32\win32u.dll
0x00007ffa2df80000 - 0x00007ffa2dfa8000 	C:\WINDOWS\System32\GDI32.dll
0x00007ffa2d510000 - 0x00007ffa2d6a2000 	C:\WINDOWS\System32\gdi32full.dll
0x00007ffa2cff0000 - 0x00007ffa2d08f000 	C:\WINDOWS\System32\msvcp_win.dll
0x00007ffa2d410000 - 0x00007ffa2d50a000 	C:\WINDOWS\System32\ucrtbase.dll
0x00007ffa202d0000 - 0x00007ffa20539000 	C:\WINDOWS\WinSxS\amd64_microsoft.windows.common-controls_6595b64144ccf1df_6.0.17134.112_none_fb3f961b30681c12\COMCTL32.dll
0x00007ffa2e2e0000 - 0x00007ffa2e603000 	C:\WINDOWS\System32\combase.dll
0x00007ffa2d090000 - 0x00007ffa2d10a000 	C:\WINDOWS\System32\bcryptPrimitives.dll
0x00007ffa2e700000 - 0x00007ffa2e72d000 	C:\WINDOWS\System32\IMM32.DLL
0x000000005c210000 - 0x000000005c2e2000 	C:\Program Files\Android\Android Studio\jre\jre\bin\msvcr100.dll
0x000000005c2f0000 - 0x000000005cb2e000 	C:\Program Files\Android\Android Studio\jre\jre\bin\server\jvm.dll
0x00007ffa2eed0000 - 0x00007ffa2eed8000 	C:\WINDOWS\System32\PSAPI.DLL
0x00007ffa29360000 - 0x00007ffa29369000 	C:\WINDOWS\SYSTEM32\WSOCK32.dll
0x00007ffa2eee0000 - 0x00007ffa2ef4c000 	C:\WINDOWS\System32\WS2_32.dll
0x00007ffa29a00000 - 0x00007ffa29a23000 	C:\WINDOWS\SYSTEM32\WINMM.dll
0x00007ffa222f0000 - 0x00007ffa222fa000 	C:\WINDOWS\SYSTEM32\VERSION.dll
0x00007ffa299d0000 - 0x00007ffa299fa000 	C:\WINDOWS\SYSTEM32\WINMMBASE.dll
0x00007ffa2cfa0000 - 0x00007ffa2cfe9000 	C:\WINDOWS\System32\cfgmgr32.dll
0x00007ffa25450000 - 0x00007ffa2545f000 	C:\Program Files\Android\Android Studio\jre\jre\bin\verify.dll
0x00007ffa21870000 - 0x00007ffa21899000 	C:\Program Files\Android\Android Studio\jre\jre\bin\java.dll
0x00007ffa25430000 - 0x00007ffa25446000 	C:\Program Files\Android\Android Studio\jre\jre\bin\zip.dll
0x00007ffa2f000000 - 0x00007ffa30440000 	C:\WINDOWS\System32\SHELL32.dll
0x00007ffa2e230000 - 0x00007ffa2e2d9000 	C:\WINDOWS\System32\shcore.dll
0x00007ffa2d6b0000 - 0x00007ffa2ddbd000 	C:\WINDOWS\System32\windows.storage.dll
0x00007ffa305d0000 - 0x00007ffa30621000 	C:\WINDOWS\System32\shlwapi.dll
0x00007ffa2cc70000 - 0x00007ffa2cc81000 	C:\WINDOWS\System32\kernel.appcore.dll
0x00007ffa2cc90000 - 0x00007ffa2ccaf000 	C:\WINDOWS\System32\profapi.dll
0x00007ffa2ccb0000 - 0x00007ffa2ccfc000 	C:\WINDOWS\System32\powrprof.dll
0x00007ffa2cc60000 - 0x00007ffa2cc6a000 	C:\WINDOWS\System32\FLTLIB.DLL
0x00007ffa2c670000 - 0x00007ffa2c687000 	C:\WINDOWS\SYSTEM32\CRYPTSP.dll
0x00007ffa2c0a0000 - 0x00007ffa2c0d3000 	C:\WINDOWS\system32\rsaenh.dll
0x00007ffa2c7a0000 - 0x00007ffa2c7c5000 	C:\WINDOWS\SYSTEM32\bcrypt.dll
0x00007ffa2cb40000 - 0x00007ffa2cb68000 	C:\WINDOWS\SYSTEM32\USERENV.dll
0x00007ffa2c690000 - 0x00007ffa2c69b000 	C:\WINDOWS\SYSTEM32\CRYPTBASE.dll
0x00007ffa1e870000 - 0x00007ffa1e88a000 	C:\Program Files\Android\Android Studio\jre\jre\bin\net.dll
0x00007ffa2c4c0000 - 0x00007ffa2c526000 	C:\WINDOWS\system32\mswsock.dll
0x00007ffa2c240000 - 0x00007ffa2c278000 	C:\WINDOWS\SYSTEM32\IPHLPAPI.DLL
0x00007ffa2ddc0000 - 0x00007ffa2ddc8000 	C:\WINDOWS\System32\NSI.dll
0x00007ffa27700000 - 0x00007ffa27716000 	C:\WINDOWS\SYSTEM32\dhcpcsvc6.DLL
0x00007ffa27630000 - 0x00007ffa2764a000 	C:\WINDOWS\SYSTEM32\dhcpcsvc.DLL
0x00007ffa154b0000 - 0x00007ffa154c1000 	C:\Program Files\Android\Android Studio\jre\jre\bin\nio.dll

VM Arguments:
jvm_args: -Djava.awt.headless=true -Xmx64M -Dfile.encoding=x-windows-949 -Duser.country=KR -Duser.language=ko -Duser.variant 
java_command: com.google.devtools.build.android.desugar.Desugar @D:\test\app\build\intermediates\tmp\desugar_args1668652385416869688
java_class_path (initial): C:\Users\Goo\AppData\Local\Temp\desugar_deploy.jar1207099034111372273
Launcher Type: SUN_STANDARD

Environment Variables:
PATH=C:\ProgramData\Oracle\Java\javapath;C:\WINDOWS\system32;C:\WINDOWS;C:\WINDOWS\System32\Wbem;C:\WINDOWS\System32\WindowsPowerShell\v1.0\;C:\OpenSSL;;C:\WINDOWS\System32\OpenSSH\;C:\Users\Goo\AppData\Local\Microsoft\WindowsApps;
USERNAME=Goo
OS=Windows_NT
PROCESSOR_IDENTIFIER=Intel64 Family 6 Model 158 Stepping 9, GenuineIntel



---------------  S Y S T E M  ---------------

OS: Windows 10.0 , 64 bit Build 17134 (10.0.17134.1)

CPU:total 8 (initial active 8) (4 cores per cpu, 2 threads per core) family 6 model 158 stepping 9, cmov, cx8, fxsr, mmx, sse, sse2, sse3, ssse3, sse4.1, sse4.2, popcnt, avx, avx2, aes, clmul, erms, 3dnowpref, lzcnt, ht, tsc, tscinvbit, bmi1, bmi2, adx

Memory: 4k page, physical 16692940k(5021336k free), swap 16692940k(4124k free)

vm_info: OpenJDK 64-Bit Server VM (25.152-b01) for windows-amd64 JRE (1.8.0_152-release-915-b01), built by "builder" with MS VC++ 10.0 (VS2010)

time: Fri Jun 15 06:51:03 2018
elapsed time: 2 seconds (0d 0h 0m 2s)

