#
# There is insufficient memory for the Java Runtime Environment to continue.
# Native memory allocation (malloc) failed to allocate 356496 bytes for Chunk::new
# Possible reasons:
#   The system is out of physical RAM or swap space
#   In 32 bit mode, the process size limit was hit
# Possible solutions:
#   Reduce memory load on the system
#   Increase physical memory or swap space
#   Check if swap backing store is full
#   Use 64 bit Java on a 64 bit OS
#   Decrease Java heap size (-Xmx/-Xms)
#   Decrease number of Java threads
#   Decrease Java thread stack sizes (-Xss)
#   Set larger code cache with -XX:ReservedCodeCacheSize=
# This output file may be truncated or incomplete.
#
#  Out of Memory Error (allocation.cpp:390), pid=11276, tid=0x00000000000025d8
#
# JRE version: OpenJDK Runtime Environment (8.0_152-b01) (build 1.8.0_152-release-915-b01)
# Java VM: OpenJDK 64-Bit Server VM (25.152-b01 mixed mode windows-amd64 compressed oops)
# Failed to write core dump. Minidumps are not enabled by default on client versions of Windows
#

---------------  T H R E A D  ---------------

Current thread (0x0000000013f4b800):  JavaThread "C2 CompilerThread1" daemon [_thread_in_native, id=9688, stack(0x00000000166d0000,0x00000000167d0000)]

Stack: [0x00000000166d0000,0x00000000167d0000]
[error occurred during error reporting (printing stack bounds), id 0xc0000005]

Native frames: (J=compiled Java code, j=interpreted, Vv=VM code, C=native code)


Current CompileTask:
C2:   1599 1094       4       org.objectweb.asm.MethodVisitor::visitFieldInsn (20 bytes)


---------------  P R O C E S S  ---------------

Java Threads: ( => current thread )
  0x0000000015f5b000 JavaThread "Service Thread" daemon [_thread_blocked, id=6132, stack(0x00000000169d0000,0x0000000016ad0000)]
  0x0000000015ed0800 JavaThread "C1 CompilerThread3" daemon [_thread_blocked, id=11684, stack(0x00000000168d0000,0x00000000169d0000)]
  0x0000000013f4e800 JavaThread "C2 CompilerThread2" daemon [_thread_in_native, id=11636, stack(0x00000000167d0000,0x00000000168d0000)]
=>0x0000000013f4b800 JavaThread "C2 CompilerThread1" daemon [_thread_in_native, id=9688, stack(0x00000000166d0000,0x00000000167d0000)]
  0x0000000015e6b800 JavaThread "C2 CompilerThread0" daemon [_thread_in_native, id=11784, stack(0x00000000165d0000,0x00000000166d0000)]
  0x0000000015e6a000 JavaThread "Attach Listener" daemon [_thread_blocked, id=12956, stack(0x00000000164d0000,0x00000000165d0000)]
  0x0000000015ec0000 JavaThread "Signal Dispatcher" daemon [_thread_blocked, id=1236, stack(0x00000000163d0000,0x00000000164d0000)]
  0x000000000375e000 JavaThread "Finalizer" daemon [_thread_blocked, id=4168, stack(0x0000000016230000,0x0000000016330000)]
  0x0000000003757000 JavaThread "Reference Handler" daemon [_thread_blocked, id=9340, stack(0x0000000015d30000,0x0000000015e30000)]
  0x000000000355d800 JavaThread "main" [_thread_in_Java, id=9816, stack(0x0000000003560000,0x0000000003660000)]

Other Threads:
  0x0000000013f35800 VMThread [stack: 0x0000000015c30000,0x0000000015d30000] [id=2632]
  0x0000000015f5b800 WatcherThread [stack: 0x0000000016ad0000,0x0000000016bd0000] [id=12232]

VM state:not at safepoint (normal execution)

VM Mutex/Monitor currently owned by a thread: None

Heap:
 PSYoungGen      total 18944K, used 12663K [0x00000000feb00000, 0x0000000100000000, 0x0000000100000000)
  eden space 16384K, 61% used [0x00000000feb00000,0x00000000ff4e13d0,0x00000000ffb00000)
  from space 2560K, 99% used [0x00000000ffb00000,0x00000000ffd7ca60,0x00000000ffd80000)
  to   space 2560K, 0% used [0x00000000ffd80000,0x00000000ffd80000,0x0000000100000000)
 ParOldGen       total 44032K, used 7052K [0x00000000fc000000, 0x00000000feb00000, 0x00000000feb00000)
  object space 44032K, 16% used [0x00000000fc000000,0x00000000fc6e30b0,0x00000000feb00000)
 Metaspace       used 7705K, capacity 7846K, committed 7936K, reserved 1056768K
  class space    used 875K, capacity 957K, committed 1024K, reserved 1048576K

Card table byte_map: [0x0000000012b20000,0x0000000012b50000] byte_map_base: 0x0000000012340000

Marking Bits: (ParMarkBitMap*) 0x0000000055473950
 Begin Bits: [0x0000000013350000, 0x0000000013450000)
 End Bits:   [0x0000000013450000, 0x0000000013550000)

Polling page: 0x0000000001380000

CodeCache: size=245760Kb used=4147Kb max_used=4147Kb free=241612Kb
 bounds [0x0000000003760000, 0x0000000003b80000, 0x0000000012760000]
 total_blobs=1457 nmethods=1122 adapters=248
 compilation: enabled

Compilation events (10 events):
Event: 1.592 Thread 0x0000000015ed0800 nmethod 1123 0x0000000003b66090 code [0x0000000003b66240, 0x0000000003b66850]
Event: 1.592 Thread 0x0000000015ed0800 1124       3       com.google.devtools.build.android.desugar.InterfaceDesugaring::<init> (18 bytes)
Event: 1.592 Thread 0x0000000015ed0800 nmethod 1124 0x0000000003b66c10 code [0x0000000003b66d80, 0x0000000003b66ff0]
Event: 1.592 Thread 0x0000000015ed0800 1126       3       org.objectweb.asm.ClassWriter::<init> (117 bytes)
Event: 1.593 Thread 0x0000000015ed0800 nmethod 1126 0x0000000003b67110 code [0x0000000003b67320, 0x0000000003b67d48]
Event: 1.593 Thread 0x0000000015ed0800 1125       3       java.util.concurrent.TimeUnit$3::toSeconds (6 bytes)
Event: 1.593 Thread 0x0000000015ed0800 nmethod 1125 0x0000000003b56250 code [0x0000000003b563a0, 0x0000000003b56510]
Event: 1.594 Thread 0x0000000015e6b800 nmethod 1114 0x0000000003b6b4d0 code [0x0000000003b6b660, 0x0000000003b6bde8]
Event: 1.594 Thread 0x0000000015e6b800 1116       4       org.objectweb.asm.MethodVisitor::visitLocalVariable (24 bytes)
Event: 1.594 Thread 0x0000000015ed0800 1127       3       org.objectweb.asm.tree.MethodNode::accept (916 bytes)

GC Heap History (6 events):
Event: 0.956 GC heap before
{Heap before GC invocations=1 (full 0):
 PSYoungGen      total 18944K, used 16384K [0x00000000feb00000, 0x0000000100000000, 0x0000000100000000)
  eden space 16384K, 100% used [0x00000000feb00000,0x00000000ffb00000,0x00000000ffb00000)
  from space 2560K, 0% used [0x00000000ffd80000,0x00000000ffd80000,0x0000000100000000)
  to   space 2560K, 0% used [0x00000000ffb00000,0x00000000ffb00000,0x00000000ffd80000)
 ParOldGen       total 44032K, used 0K [0x00000000fc000000, 0x00000000feb00000, 0x00000000feb00000)
  object space 44032K, 0% used [0x00000000fc000000,0x00000000fc000000,0x00000000feb00000)
 Metaspace       used 6607K, capacity 6804K, committed 7040K, reserved 1056768K
  class space    used 773K, capacity 824K, committed 896K, reserved 1048576K
Event: 0.960 GC heap after
Heap after GC invocations=1 (full 0):
 PSYoungGen      total 18944K, used 2537K [0x00000000feb00000, 0x0000000100000000, 0x0000000100000000)
  eden space 16384K, 0% used [0x00000000feb00000,0x00000000feb00000,0x00000000ffb00000)
  from space 2560K, 99% used [0x00000000ffb00000,0x00000000ffd7a620,0x00000000ffd80000)
  to   space 2560K, 0% used [0x00000000ffd80000,0x00000000ffd80000,0x0000000100000000)
 ParOldGen       total 44032K, used 1672K [0x00000000fc000000, 0x00000000feb00000, 0x00000000feb00000)
  object space 44032K, 3% used [0x00000000fc000000,0x00000000fc1a23a8,0x00000000feb00000)
 Metaspace       used 6607K, capacity 6804K, committed 7040K, reserved 1056768K
  class space    used 773K, capacity 824K, committed 896K, reserved 1048576K
}
Event: 1.211 GC heap before
{Heap before GC invocations=2 (full 0):
 PSYoungGen      total 18944K, used 18921K [0x00000000feb00000, 0x0000000100000000, 0x0000000100000000)
  eden space 16384K, 100% used [0x00000000feb00000,0x00000000ffb00000,0x00000000ffb00000)
  from space 2560K, 99% used [0x00000000ffb00000,0x00000000ffd7a620,0x00000000ffd80000)
  to   space 2560K, 0% used [0x00000000ffd80000,0x00000000ffd80000,0x0000000100000000)
 ParOldGen       total 44032K, used 1672K [0x00000000fc000000, 0x00000000feb00000, 0x00000000feb00000)
  object space 44032K, 3% used [0x00000000fc000000,0x00000000fc1a23a8,0x00000000feb00000)
 Metaspace       used 6960K, capacity 7110K, committed 7296K, reserved 1056768K
  class space    used 816K, capacity 861K, committed 896K, reserved 1048576K
Event: 1.216 GC heap after
Heap after GC invocations=2 (full 0):
 PSYoungGen      total 18944K, used 2547K [0x00000000feb00000, 0x0000000100000000, 0x0000000100000000)
  eden space 16384K, 0% used [0x00000000feb00000,0x00000000feb00000,0x00000000ffb00000)
  from space 2560K, 99% used [0x00000000ffd80000,0x00000000ffffce20,0x0000000100000000)
  to   space 2560K, 0% used [0x00000000ffb00000,0x00000000ffb00000,0x00000000ffd80000)
 ParOldGen       total 44032K, used 5902K [0x00000000fc000000, 0x00000000feb00000, 0x00000000feb00000)
  object space 44032K, 13% used [0x00000000fc000000,0x00000000fc5c3890,0x00000000feb00000)
 Metaspace       used 6960K, capacity 7110K, committed 7296K, reserved 1056768K
  class space    used 816K, capacity 861K, committed 896K, reserved 1048576K
}
Event: 1.464 GC heap before
{Heap before GC invocations=3 (full 0):
 PSYoungGen      total 18944K, used 18931K [0x00000000feb00000, 0x0000000100000000, 0x0000000100000000)
  eden space 16384K, 100% used [0x00000000feb00000,0x00000000ffb00000,0x00000000ffb00000)
  from space 2560K, 99% used [0x00000000ffd80000,0x00000000ffffce20,0x0000000100000000)
  to   space 2560K, 0% used [0x00000000ffb00000,0x00000000ffb00000,0x00000000ffd80000)
 ParOldGen       total 44032K, used 5902K [0x00000000fc000000, 0x00000000feb00000, 0x00000000feb00000)
  object space 44032K, 13% used [0x00000000fc000000,0x00000000fc5c3890,0x00000000feb00000)
 Metaspace       used 7671K, capacity 7846K, committed 7936K, reserved 1056768K
  class space    used 875K, capacity 957K, committed 1024K, reserved 1048576K
Event: 1.473 GC heap after
Heap after GC invocations=3 (full 0):
 PSYoungGen      total 18944K, used 2546K [0x00000000feb00000, 0x0000000100000000, 0x0000000100000000)
  eden space 16384K, 0% used [0x00000000feb00000,0x00000000feb00000,0x00000000ffb00000)
  from space 2560K, 99% used [0x00000000ffb00000,0x00000000ffd7ca60,0x00000000ffd80000)
  to   space 2560K, 0% used [0x00000000ffd80000,0x00000000ffd80000,0x0000000100000000)
 ParOldGen       total 44032K, used 7052K [0x00000000fc000000, 0x00000000feb00000, 0x00000000feb00000)
  object space 44032K, 16% used [0x00000000fc000000,0x00000000fc6e30b0,0x00000000feb00000)
 Metaspace       used 7671K, capacity 7846K, committed 7936K, reserved 1056768K
  class space    used 875K, capacity 957K, committed 1024K, reserved 1048576K
}

Deoptimization events (10 events):
Event: 0.982 Thread 0x000000000355d800 Uncommon trap: reason=unstable_if action=reinterpret pc=0x000000000397f1d4 method=java.util.HashMap$HashIterator.hasNext()Z @ 4
Event: 1.030 Thread 0x000000000355d800 Uncommon trap: reason=unstable_if action=reinterpret pc=0x000000000399d188 method=java.util.HashMap$HashIterator.nextNode()Ljava/util/HashMap$Node; @ 74
Event: 1.182 Thread 0x000000000355d800 Uncommon trap: reason=unloaded action=reinterpret pc=0x00000000039989fc method=java.util.zip.ZipEntry.setExtra0([BZ)V @ 37
Event: 1.239 Thread 0x000000000355d800 Uncommon trap: reason=unstable_if action=reinterpret pc=0x0000000003917d38 method=java.lang.String.<init>([CII)V @ 18
Event: 1.331 Thread 0x000000000355d800 Uncommon trap: reason=unstable_if action=reinterpret pc=0x0000000003a642bc method=org.objectweb.asm.ClassReader.a(II[C)Ljava/lang/String; @ 77
Event: 1.331 Thread 0x000000000355d800 Uncommon trap: reason=unstable_if action=reinterpret pc=0x0000000003a36eb8 method=org.objectweb.asm.ByteVector.putUTF8(Ljava/lang/String;)Lorg/objectweb/asm/ByteVector; @ 98
Event: 1.339 Thread 0x000000000355d800 Uncommon trap: reason=unstable_if action=reinterpret pc=0x0000000003a83bd8 method=org.objectweb.asm.Item.a(Lorg/objectweb/asm/Item;)Z @ 345
Event: 1.432 Thread 0x000000000355d800 Uncommon trap: reason=unstable_if action=reinterpret pc=0x0000000003a874f8 method=org.objectweb.asm.Type.getArgumentsAndReturnSizes(Ljava/lang/String;)I @ 118
Event: 1.460 Thread 0x000000000355d800 Uncommon trap: reason=unstable_if action=reinterpret pc=0x0000000003b17938 method=org.objectweb.asm.MethodWriter.visitVarInsn(II)V @ 142
Event: 1.460 Thread 0x000000000355d800 Uncommon trap: reason=unstable_if action=reinterpret pc=0x0000000003adf2a4 method=org.objectweb.asm.MethodWriter.visitVarInsn(II)V @ 142

Classes redefined (0 events):
No events

Internal exceptions (10 events):
Event: 0.978 Thread 0x000000000355d800 Implicit null exception at 0x000000000398cbd1 to 0x000000000398d499
Event: 1.027 Thread 0x000000000355d800 Exception <a 'sun/nio/fs/WindowsException'> (0x00000000ff1e3d30) thrown at [D:\src\AOSP-openjdk-cygwin\jdk8u\hotspot\src\share\vm\prims\jni.cpp, line 709]
Event: 1.027 Thread 0x000000000355d800 Exception <a 'sun/nio/fs/WindowsException'> (0x00000000ff1e42f0) thrown at [D:\src\AOSP-openjdk-cygwin\jdk8u\hotspot\src\share\vm\prims\jni.cpp, line 709]
Event: 1.027 Thread 0x000000000355d800 Exception <a 'sun/nio/fs/WindowsException'> (0x00000000ff1e48b8) thrown at [D:\src\AOSP-openjdk-cygwin\jdk8u\hotspot\src\share\vm\prims\jni.cpp, line 709]
Event: 1.027 Thread 0x000000000355d800 Exception <a 'sun/nio/fs/WindowsException'> (0x00000000ff1e5078) thrown at [D:\src\AOSP-openjdk-cygwin\jdk8u\hotspot\src\share\vm\prims\jni.cpp, line 709]
Event: 1.027 Thread 0x000000000355d800 Exception <a 'sun/nio/fs/WindowsException'> (0x00000000ff1e5618) thrown at [D:\src\AOSP-openjdk-cygwin\jdk8u\hotspot\src\share\vm\prims\jni.cpp, line 709]
Event: 1.027 Thread 0x000000000355d800 Exception <a 'sun/nio/fs/WindowsException'> (0x00000000ff1e5dc8) thrown at [D:\src\AOSP-openjdk-cygwin\jdk8u\hotspot\src\share\vm\prims\jni.cpp, line 709]
Event: 1.095 Thread 0x000000000355d800 Exception <a 'sun/nio/fs/WindowsException'> (0x00000000ff1eb108) thrown at [D:\src\AOSP-openjdk-cygwin\jdk8u\hotspot\src\share\vm\prims\jni.cpp, line 709]
Event: 1.225 Thread 0x000000000355d800 Exception <a 'sun/nio/fs/WindowsException'> (0x00000000febf0b38) thrown at [D:\src\AOSP-openjdk-cygwin\jdk8u\hotspot\src\share\vm\prims\jni.cpp, line 709]
Event: 1.225 Thread 0x000000000355d800 Exception <a 'sun/nio/fs/WindowsException'> (0x00000000febf1090) thrown at [D:\src\AOSP-openjdk-cygwin\jdk8u\hotspot\src\share\vm\prims\jni.cpp, line 709]

Events (10 events):
Event: 1.460 Thread 0x000000000355d800 Uncommon trap: trap_request=0xffffff65 fr.pc=0x0000000003b17938
Event: 1.460 Thread 0x000000000355d800 DEOPT PACKING pc=0x0000000003b17938 sp=0x000000000365ef30
Event: 1.460 Thread 0x000000000355d800 DEOPT UNPACKING pc=0x00000000037a556a sp=0x000000000365ee28 mode 2
Event: 1.460 Thread 0x000000000355d800 Uncommon trap: trap_request=0xffffff65 fr.pc=0x0000000003adf2a4
Event: 1.460 Thread 0x000000000355d800 DEOPT PACKING pc=0x0000000003adf2a4 sp=0x000000000365eeb0
Event: 1.460 Thread 0x000000000355d800 DEOPT UNPACKING pc=0x00000000037a556a sp=0x000000000365ee10 mode 2
Event: 1.464 Executing VM operation: ParallelGCFailedAllocation
Event: 1.473 Executing VM operation: ParallelGCFailedAllocation done
Event: 1.594 Thread 0x000000000355d800 DEOPT PACKING pc=0x0000000003a91f06 sp=0x000000000365efa0
Event: 1.594 Thread 0x000000000355d800 DEOPT UNPACKING pc=0x00000000037a75bf sp=0x000000000365ed80 mode 0


Dynamic libraries:
0x00007ff743630000 - 0x00007ff743661000 	C:\Program Files\Android\Android Studio\jre\bin\java.exe
0x00007ffde28f0000 - 0x00007ffde2ad1000 	C:\WINDOWS\SYSTEM32\ntdll.dll
0x00007ffde1a20000 - 0x00007ffde1ad2000 	C:\WINDOWS\System32\KERNEL32.DLL
0x00007ffddf250000 - 0x00007ffddf4c3000 	C:\WINDOWS\System32\KERNELBASE.dll
0x00007ffde1ae0000 - 0x00007ffde1b81000 	C:\WINDOWS\System32\ADVAPI32.dll
0x00007ffde27f0000 - 0x00007ffde288e000 	C:\WINDOWS\System32\msvcrt.dll
0x00007ffddfda0000 - 0x00007ffddfdfb000 	C:\WINDOWS\System32\sechost.dll
0x00007ffde2010000 - 0x00007ffde2134000 	C:\WINDOWS\System32\RPCRT4.dll
0x00007ffde1e80000 - 0x00007ffde2010000 	C:\WINDOWS\System32\USER32.dll
0x00007ffddf230000 - 0x00007ffddf250000 	C:\WINDOWS\System32\win32u.dll
0x00007ffde1e50000 - 0x00007ffde1e78000 	C:\WINDOWS\System32\GDI32.dll
0x00007ffddfbe0000 - 0x00007ffddfd72000 	C:\WINDOWS\System32\gdi32full.dll
0x00007ffddf030000 - 0x00007ffddf0cf000 	C:\WINDOWS\System32\msvcp_win.dll
0x00007ffddf0d0000 - 0x00007ffddf1ca000 	C:\WINDOWS\System32\ucrtbase.dll
0x00007ffdd1c40000 - 0x00007ffdd1ea9000 	C:\WINDOWS\WinSxS\amd64_microsoft.windows.common-controls_6595b64144ccf1df_6.0.17134.112_none_fb3f961b30681c12\COMCTL32.dll
0x00007ffde16f0000 - 0x00007ffde1a13000 	C:\WINDOWS\System32\combase.dll
0x00007ffddecc0000 - 0x00007ffdded3a000 	C:\WINDOWS\System32\bcryptPrimitives.dll
0x00007ffde2890000 - 0x00007ffde28bd000 	C:\WINDOWS\System32\IMM32.DLL
0x0000000054bd0000 - 0x0000000054ca2000 	C:\Program Files\Android\Android Studio\jre\jre\bin\msvcr100.dll
0x0000000054cb0000 - 0x00000000554ee000 	C:\Program Files\Android\Android Studio\jre\jre\bin\server\jvm.dll
0x00007ffde16e0000 - 0x00007ffde16e8000 	C:\WINDOWS\System32\PSAPI.DLL
0x00007ffdc87f0000 - 0x00007ffdc87f9000 	C:\WINDOWS\SYSTEM32\WSOCK32.dll
0x00007ffde1c80000 - 0x00007ffde1cec000 	C:\WINDOWS\System32\WS2_32.dll
0x00007ffdd57a0000 - 0x00007ffdd57aa000 	C:\WINDOWS\SYSTEM32\VERSION.dll
0x00007ffddcde0000 - 0x00007ffddce03000 	C:\WINDOWS\SYSTEM32\WINMM.dll
0x00007ffddcc90000 - 0x00007ffddccba000 	C:\WINDOWS\SYSTEM32\winmmbase.dll
0x00007ffddedf0000 - 0x00007ffddee39000 	C:\WINDOWS\System32\cfgmgr32.dll
0x00007ffdc87e0000 - 0x00007ffdc87ef000 	C:\Program Files\Android\Android Studio\jre\jre\bin\verify.dll
0x00007ffdc87b0000 - 0x00007ffdc87d9000 	C:\Program Files\Android\Android Studio\jre\jre\bin\java.dll
0x00007ffdc8790000 - 0x00007ffdc87a6000 	C:\Program Files\Android\Android Studio\jre\jre\bin\zip.dll
0x00007ffde00f0000 - 0x00007ffde1530000 	C:\WINDOWS\System32\SHELL32.dll
0x00007ffde2740000 - 0x00007ffde27e9000 	C:\WINDOWS\System32\shcore.dll
0x00007ffddf4d0000 - 0x00007ffddfbdd000 	C:\WINDOWS\System32\windows.storage.dll
0x00007ffde2290000 - 0x00007ffde22e1000 	C:\WINDOWS\System32\shlwapi.dll
0x00007ffddec20000 - 0x00007ffddec31000 	C:\WINDOWS\System32\kernel.appcore.dll
0x00007ffddec50000 - 0x00007ffddec6f000 	C:\WINDOWS\System32\profapi.dll
0x00007ffddec70000 - 0x00007ffddecbc000 	C:\WINDOWS\System32\powrprof.dll
0x00007ffddec40000 - 0x00007ffddec4a000 	C:\WINDOWS\System32\FLTLIB.DLL
0x00007ffdde630000 - 0x00007ffdde647000 	C:\WINDOWS\SYSTEM32\CRYPTSP.dll
0x00007ffdde060000 - 0x00007ffdde093000 	C:\WINDOWS\system32\rsaenh.dll
0x00007ffdde760000 - 0x00007ffdde785000 	C:\WINDOWS\SYSTEM32\bcrypt.dll
0x00007ffddeb00000 - 0x00007ffddeb28000 	C:\WINDOWS\SYSTEM32\USERENV.dll
0x00007ffdde650000 - 0x00007ffdde65b000 	C:\WINDOWS\SYSTEM32\CRYPTBASE.dll
0x00007ffdc8670000 - 0x00007ffdc868a000 	C:\Program Files\Android\Android Studio\jre\jre\bin\net.dll
0x00007ffdde480000 - 0x00007ffdde4e6000 	C:\WINDOWS\system32\mswsock.dll
0x00007ffdde200000 - 0x00007ffdde238000 	C:\WINDOWS\SYSTEM32\IPHLPAPI.DLL
0x00007ffde1bf0000 - 0x00007ffde1bf8000 	C:\WINDOWS\System32\NSI.dll
0x00007ffdd7790000 - 0x00007ffdd77a6000 	C:\WINDOWS\SYSTEM32\dhcpcsvc6.DLL
0x00007ffdd6720000 - 0x00007ffdd673a000 	C:\WINDOWS\SYSTEM32\dhcpcsvc.DLL
0x00007ffdc8630000 - 0x00007ffdc8641000 	C:\Program Files\Android\Android Studio\jre\jre\bin\nio.dll

VM Arguments:
jvm_args: -Djava.awt.headless=true -Xmx64M -Dfile.encoding=x-windows-949 -Duser.country=KR -Duser.language=ko -Duser.variant 
java_command: com.google.devtools.build.android.desugar.Desugar @D:\test\app\build\intermediates\tmp\desugar_args5614784730451595351
java_class_path (initial): C:\Users\Goo\AppData\Local\Temp\desugar_deploy.jar6387874304095112173
Launcher Type: SUN_STANDARD

Environment Variables:
PATH=C:\ProgramData\Oracle\Java\javapath;C:\WINDOWS\system32;C:\WINDOWS;C:\WINDOWS\System32\Wbem;C:\WINDOWS\System32\WindowsPowerShell\v1.0\;C:\OpenSSL;;C:\WINDOWS\System32\OpenSSH\;C:\Users\Goo\AppData\Local\Microsoft\WindowsApps;
USERNAME=Goo
OS=Windows_NT
PROCESSOR_IDENTIFIER=Intel64 Family 6 Model 158 Stepping 9, GenuineIntel



---------------  S Y S T E M  ---------------

OS: Windows 10.0 , 64 bit Build 17134 (10.0.17134.1)

CPU:total 8 (initial active 8) (4 cores per cpu, 2 threads per core) family 6 model 158 stepping 9, cmov, cx8, fxsr, mmx, sse, sse2, sse3, ssse3, sse4.1, sse4.2, popcnt, avx, avx2, aes, clmul, erms, 3dnowpref, lzcnt, ht, tsc, tscinvbit, bmi1, bmi2, adx

Memory: 4k page, physical 16692940k(2389984k free), swap 16692940k(4436k free)

vm_info: OpenJDK 64-Bit Server VM (25.152-b01) for windows-amd64 JRE (1.8.0_152-release-915-b01), built by "builder" with MS VC++ 10.0 (VS2010)

time: Fri Jun 22 03:40:05 2018
elapsed time: 1 seconds (0d 0h 0m 1s)

