#
# There is insufficient memory for the Java Runtime Environment to continue.
# Native memory allocation (malloc) failed to allocate 32744 bytes for ChunkPool::allocate
# Possible reasons:
#   The system is out of physical RAM or swap space
#   In 32 bit mode, the process size limit was hit
# Possible solutions:
#   Reduce memory load on the system
#   Increase physical memory or swap space
#   Check if swap backing store is full
#   Use 64 bit Java on a 64 bit OS
#   Decrease Java heap size (-Xmx/-Xms)
#   Decrease number of Java threads
#   Decrease Java thread stack sizes (-Xss)
#   Set larger code cache with -XX:ReservedCodeCacheSize=
# This output file may be truncated or incomplete.
#
#  Out of Memory Error (allocation.cpp:273), pid=9676, tid=0x00000000000034e0
#
# JRE version: OpenJDK Runtime Environment (8.0_152-b01) (build 1.8.0_152-release-915-b01)
# Java VM: OpenJDK 64-Bit Server VM (25.152-b01 mixed mode windows-amd64 compressed oops)
# Failed to write core dump. Minidumps are not enabled by default on client versions of Windows
#

---------------  T H R E A D  ---------------

Current thread (0x0000000014fb3000):  JavaThread "C2 CompilerThread2" daemon [_thread_in_native, id=13536, stack(0x00000000158b0000,0x00000000159b0000)]

Stack: [0x00000000158b0000,0x00000000159b0000]
[error occurred during error reporting (printing stack bounds), id 0xc0000005]

Native frames: (J=compiled Java code, j=interpreted, Vv=VM code, C=native code)


Current CompileTask:
C2:   2674  944       4       org.objectweb.asm.ClassReader::a (3587 bytes)


---------------  P R O C E S S  ---------------

Java Threads: ( => current thread )
  0x0000000015017800 JavaThread "Service Thread" daemon [_thread_blocked, id=13956, stack(0x0000000015ab0000,0x0000000015bb0000)]
  0x0000000014fb6000 JavaThread "C1 CompilerThread3" daemon [_thread_blocked, id=10296, stack(0x00000000159b0000,0x0000000015ab0000)]
=>0x0000000014fb3000 JavaThread "C2 CompilerThread2" daemon [_thread_in_native, id=13536, stack(0x00000000158b0000,0x00000000159b0000)]
  0x000000001305b000 JavaThread "C2 CompilerThread1" daemon [_thread_in_native, id=14224, stack(0x00000000157b0000,0x00000000158b0000)]
  0x0000000014fb0000 JavaThread "C2 CompilerThread0" daemon [_thread_in_native, id=10224, stack(0x00000000156b0000,0x00000000157b0000)]
  0x0000000014fae800 JavaThread "Attach Listener" daemon [_thread_blocked, id=880, stack(0x00000000155b0000,0x00000000156b0000)]
  0x0000000014f5b000 JavaThread "Signal Dispatcher" daemon [_thread_blocked, id=14060, stack(0x00000000154b0000,0x00000000155b0000)]
  0x0000000014f41000 JavaThread "Finalizer" daemon [_thread_blocked, id=11296, stack(0x0000000015320000,0x0000000015420000)]
  0x0000000002897000 JavaThread "Reference Handler" daemon [_thread_blocked, id=808, stack(0x0000000014e20000,0x0000000014f20000)]
  0x000000000228d800 JavaThread "main" [_thread_in_native, id=8704, stack(0x00000000026a0000,0x00000000027a0000)]

Other Threads:
  0x0000000013045800 VMThread [stack: 0x0000000014d20000,0x0000000014e20000] [id=7032]
  0x000000001501c000 WatcherThread [stack: 0x0000000015bb0000,0x0000000015cb0000] [id=11840]

VM state:not at safepoint (normal execution)

VM Mutex/Monitor currently owned by a thread: None

Heap:
 PSYoungGen      total 18944K, used 7478K [0x00000000feb00000, 0x0000000100000000, 0x0000000100000000)
  eden space 16384K, 30% used [0x00000000feb00000,0x00000000fefd1238,0x00000000ffb00000)
  from space 2560K, 99% used [0x00000000ffb00000,0x00000000ffd7c5e8,0x00000000ffd80000)
  to   space 2560K, 0% used [0x00000000ffd80000,0x00000000ffd80000,0x0000000100000000)
 ParOldGen       total 44032K, used 6827K [0x00000000fc000000, 0x00000000feb00000, 0x00000000feb00000)
  object space 44032K, 15% used [0x00000000fc000000,0x00000000fc6aafb0,0x00000000feb00000)
 Metaspace       used 7792K, capacity 7970K, committed 8192K, reserved 1056768K
  class space    used 877K, capacity 957K, committed 1024K, reserved 1048576K

Card table byte_map: [0x0000000002290000,0x00000000022c0000] byte_map_base: 0x0000000001ab0000

Marking Bits: (ParMarkBitMap*) 0x000000005dda3950
 Begin Bits: [0x0000000012460000, 0x0000000012560000)
 End Bits:   [0x0000000012560000, 0x0000000012660000)

Polling page: 0x00000000006d0000

CodeCache: size=245760Kb used=4305Kb max_used=4316Kb free=241454Kb
 bounds [0x00000000028a0000, 0x0000000002ce0000, 0x00000000118a0000]
 total_blobs=1503 nmethods=1168 adapters=248
 compilation: enabled

Compilation events (10 events):
Event: 2.641 Thread 0x0000000014fb6000 1168       3       java.util.zip.ZipOutputStream::closeEntry (507 bytes)
Event: 2.645 Thread 0x0000000014fb6000 nmethod 1168 0x0000000002cce8d0 code [0x0000000002ccf020, 0x0000000002cd4458]
Event: 2.645 Thread 0x0000000014fb0000 nmethod 1158 0x0000000002cd8610 code [0x0000000002cd8780, 0x0000000002cd8d58]
Event: 2.645 Thread 0x0000000014fb0000 1159       4       org.objectweb.asm.MethodVisitor::visitLabel (16 bytes)
Event: 2.656 Thread 0x0000000014fb6000 1172       3       org.objectweb.asm.MethodVisitor::visitIincInsn (17 bytes)
Event: 2.657 Thread 0x0000000014fb6000 nmethod 1172 0x0000000002cce410 code [0x0000000002cce580, 0x0000000002cce7e8]
Event: 2.658 Thread 0x0000000014fb0000 nmethod 1159 0x0000000002cdb0d0 code [0x0000000002cdb260, 0x0000000002cdb9d8]
Event: 2.658 Thread 0x0000000014fb0000 1170       4       org.objectweb.asm.MethodVisitor::visitFieldInsn (20 bytes)
Event: 2.662 Thread 0x0000000014fb6000 1175       3       org.objectweb.asm.MethodVisitor::visitTryCatchBlock (20 bytes)
Event: 2.663 Thread 0x0000000014fb6000 nmethod 1175 0x0000000002ccdf50 code [0x0000000002cce0c0, 0x0000000002cce328]

GC Heap History (6 events):
Event: 1.087 GC heap before
{Heap before GC invocations=1 (full 0):
 PSYoungGen      total 18944K, used 16384K [0x00000000feb00000, 0x0000000100000000, 0x0000000100000000)
  eden space 16384K, 100% used [0x00000000feb00000,0x00000000ffb00000,0x00000000ffb00000)
  from space 2560K, 0% used [0x00000000ffd80000,0x00000000ffd80000,0x0000000100000000)
  to   space 2560K, 0% used [0x00000000ffb00000,0x00000000ffb00000,0x00000000ffd80000)
 ParOldGen       total 44032K, used 0K [0x00000000fc000000, 0x00000000feb00000, 0x00000000feb00000)
  object space 44032K, 0% used [0x00000000fc000000,0x00000000fc000000,0x00000000feb00000)
 Metaspace       used 6620K, capacity 6736K, committed 7040K, reserved 1056768K
  class space    used 773K, capacity 824K, committed 896K, reserved 1048576K
Event: 1.118 GC heap after
Heap after GC invocations=1 (full 0):
 PSYoungGen      total 18944K, used 2553K [0x00000000feb00000, 0x0000000100000000, 0x0000000100000000)
  eden space 16384K, 0% used [0x00000000feb00000,0x00000000feb00000,0x00000000ffb00000)
  from space 2560K, 99% used [0x00000000ffb00000,0x00000000ffd7e630,0x00000000ffd80000)
  to   space 2560K, 0% used [0x00000000ffd80000,0x00000000ffd80000,0x0000000100000000)
 ParOldGen       total 44032K, used 1536K [0x00000000fc000000, 0x00000000feb00000, 0x00000000feb00000)
  object space 44032K, 3% used [0x00000000fc000000,0x00000000fc1802a8,0x00000000feb00000)
 Metaspace       used 6620K, capacity 6736K, committed 7040K, reserved 1056768K
  class space    used 773K, capacity 824K, committed 896K, reserved 1048576K
}
Event: 1.516 GC heap before
{Heap before GC invocations=2 (full 0):
 PSYoungGen      total 18944K, used 18937K [0x00000000feb00000, 0x0000000100000000, 0x0000000100000000)
  eden space 16384K, 100% used [0x00000000feb00000,0x00000000ffb00000,0x00000000ffb00000)
  from space 2560K, 99% used [0x00000000ffb00000,0x00000000ffd7e630,0x00000000ffd80000)
  to   space 2560K, 0% used [0x00000000ffd80000,0x00000000ffd80000,0x0000000100000000)
 ParOldGen       total 44032K, used 1536K [0x00000000fc000000, 0x00000000feb00000, 0x00000000feb00000)
  object space 44032K, 3% used [0x00000000fc000000,0x00000000fc1802a8,0x00000000feb00000)
 Metaspace       used 6967K, capacity 7106K, committed 7296K, reserved 1056768K
  class space    used 816K, capacity 861K, committed 896K, reserved 1048576K
Event: 1.535 GC heap after
Heap after GC invocations=2 (full 0):
 PSYoungGen      total 18944K, used 2531K [0x00000000feb00000, 0x0000000100000000, 0x0000000100000000)
  eden space 16384K, 0% used [0x00000000feb00000,0x00000000feb00000,0x00000000ffb00000)
  from space 2560K, 98% used [0x00000000ffd80000,0x00000000ffff8e30,0x0000000100000000)
  to   space 2560K, 0% used [0x00000000ffb00000,0x00000000ffb00000,0x00000000ffd80000)
 ParOldGen       total 44032K, used 5869K [0x00000000fc000000, 0x00000000feb00000, 0x00000000feb00000)
  object space 44032K, 13% used [0x00000000fc000000,0x00000000fc5bb790,0x00000000feb00000)
 Metaspace       used 6967K, capacity 7106K, committed 7296K, reserved 1056768K
  class space    used 816K, capacity 861K, committed 896K, reserved 1048576K
}
Event: 2.464 GC heap before
{Heap before GC invocations=3 (full 0):
 PSYoungGen      total 18944K, used 18915K [0x00000000feb00000, 0x0000000100000000, 0x0000000100000000)
  eden space 16384K, 100% used [0x00000000feb00000,0x00000000ffb00000,0x00000000ffb00000)
  from space 2560K, 98% used [0x00000000ffd80000,0x00000000ffff8e30,0x0000000100000000)
  to   space 2560K, 0% used [0x00000000ffb00000,0x00000000ffb00000,0x00000000ffd80000)
 ParOldGen       total 44032K, used 5869K [0x00000000fc000000, 0x00000000feb00000, 0x00000000feb00000)
  object space 44032K, 13% used [0x00000000fc000000,0x00000000fc5bb790,0x00000000feb00000)
 Metaspace       used 7776K, capacity 7970K, committed 8192K, reserved 1056768K
  class space    used 877K, capacity 957K, committed 1024K, reserved 1048576K
Event: 2.623 GC heap after
Heap after GC invocations=3 (full 0):
 PSYoungGen      total 18944K, used 2545K [0x00000000feb00000, 0x0000000100000000, 0x0000000100000000)
  eden space 16384K, 0% used [0x00000000feb00000,0x00000000feb00000,0x00000000ffb00000)
  from space 2560K, 99% used [0x00000000ffb00000,0x00000000ffd7c5e8,0x00000000ffd80000)
  to   space 2560K, 0% used [0x00000000ffd80000,0x00000000ffd80000,0x0000000100000000)
 ParOldGen       total 44032K, used 6827K [0x00000000fc000000, 0x00000000feb00000, 0x00000000feb00000)
  object space 44032K, 15% used [0x00000000fc000000,0x00000000fc6aafb0,0x00000000feb00000)
 Metaspace       used 7776K, capacity 7970K, committed 8192K, reserved 1056768K
  class space    used 877K, capacity 957K, committed 1024K, reserved 1048576K
}

Deoptimization events (10 events):
Event: 1.438 Thread 0x000000000228d800 Uncommon trap: reason=unloaded action=reinterpret pc=0x0000000002aeed7c method=java.util.zip.ZipEntry.setExtra0([BZ)V @ 37
Event: 1.789 Thread 0x000000000228d800 Uncommon trap: reason=unstable_if action=reinterpret pc=0x0000000002a4a5b8 method=java.lang.String.<init>([CII)V @ 18
Event: 2.253 Thread 0x000000000228d800 Uncommon trap: reason=unstable_if action=reinterpret pc=0x0000000002be4b4c method=org.objectweb.asm.Type.getArgumentsAndReturnSizes(Ljava/lang/String;)I @ 136
Event: 2.256 Thread 0x000000000228d800 Uncommon trap: reason=unstable_if action=reinterpret pc=0x0000000002c16448 method=org.objectweb.asm.MethodWriter.visitVarInsn(II)V @ 130
Event: 2.270 Thread 0x000000000228d800 Uncommon trap: reason=unstable_if action=reinterpret pc=0x0000000002bc339c method=org.objectweb.asm.ClassReader.readUTF8(I[C)Ljava/lang/String; @ 7
Event: 2.350 Thread 0x000000000228d800 Uncommon trap: reason=unstable_if action=reinterpret pc=0x0000000002c61ddc method=org.objectweb.asm.Type.getArgumentsAndReturnSizes(Ljava/lang/String;)I @ 112
Event: 2.353 Thread 0x000000000228d800 Uncommon trap: reason=unstable_if action=reinterpret pc=0x0000000002c2fbe8 method=java.io.BufferedOutputStream.write(I)V @ 9
Event: 2.436 Thread 0x000000000228d800 Uncommon trap: reason=unstable_if action=reinterpret pc=0x0000000002c69b0c method=org.objectweb.asm.ClassReader.readUTF8(I[C)Ljava/lang/String; @ 11
Event: 2.438 Thread 0x000000000228d800 Uncommon trap: reason=unstable_if action=reinterpret pc=0x0000000002c66bdc method=org.objectweb.asm.MethodWriter.visitVarInsn(II)V @ 148
Event: 2.438 Thread 0x000000000228d800 Uncommon trap: reason=unstable_if action=reinterpret pc=0x0000000002c75e78 method=org.objectweb.asm.MethodWriter.visitVarInsn(II)V @ 136

Classes redefined (0 events):
No events

Internal exceptions (10 events):
Event: 2.420 Thread 0x000000000228d800 Exception <a 'sun/nio/fs/WindowsException'> (0x00000000ff619898) thrown at [D:\src\AOSP-openjdk-cygwin\jdk8u\hotspot\src\share\vm\prims\jni.cpp, line 709]
Event: 2.420 Thread 0x000000000228d800 Exception <a 'sun/nio/fs/WindowsException'> (0x00000000ff619d70) thrown at [D:\src\AOSP-openjdk-cygwin\jdk8u\hotspot\src\share\vm\prims\jni.cpp, line 709]
Event: 2.424 Thread 0x000000000228d800 Exception <a 'sun/nio/fs/WindowsException'> (0x00000000ff61d210) thrown at [D:\src\AOSP-openjdk-cygwin\jdk8u\hotspot\src\share\vm\prims\jni.cpp, line 709]
Event: 2.424 Thread 0x000000000228d800 Exception <a 'sun/nio/fs/WindowsException'> (0x00000000ff61d6e8) thrown at [D:\src\AOSP-openjdk-cygwin\jdk8u\hotspot\src\share\vm\prims\jni.cpp, line 709]
Event: 2.426 Thread 0x000000000228d800 Exception <a 'sun/nio/fs/WindowsException'> (0x00000000ff620b90) thrown at [D:\src\AOSP-openjdk-cygwin\jdk8u\hotspot\src\share\vm\prims\jni.cpp, line 709]
Event: 2.426 Thread 0x000000000228d800 Exception <a 'sun/nio/fs/WindowsException'> (0x00000000ff621068) thrown at [D:\src\AOSP-openjdk-cygwin\jdk8u\hotspot\src\share\vm\prims\jni.cpp, line 709]
Event: 2.429 Thread 0x000000000228d800 Exception <a 'sun/nio/fs/WindowsException'> (0x00000000ff624528) thrown at [D:\src\AOSP-openjdk-cygwin\jdk8u\hotspot\src\share\vm\prims\jni.cpp, line 709]
Event: 2.429 Thread 0x000000000228d800 Exception <a 'sun/nio/fs/WindowsException'> (0x00000000ff624a00) thrown at [D:\src\AOSP-openjdk-cygwin\jdk8u\hotspot\src\share\vm\prims\jni.cpp, line 709]
Event: 2.430 Thread 0x000000000228d800 Exception <a 'sun/nio/fs/WindowsException'> (0x00000000ff627eb8) thrown at [D:\src\AOSP-openjdk-cygwin\jdk8u\hotspot\src\share\vm\prims\jni.cpp, line 709]
Event: 2.431 Thread 0x000000000228d800 Exception <a 'sun/nio/fs/WindowsException'> (0x00000000ff628390) thrown at [D:\src\AOSP-openjdk-cygwin\jdk8u\hotspot\src\share\vm\prims\jni.cpp, line 709]

Events (10 events):
Event: 2.436 Thread 0x000000000228d800 DEOPT PACKING pc=0x0000000002c69b0c sp=0x000000000279eff0
Event: 2.436 Thread 0x000000000228d800 DEOPT UNPACKING pc=0x00000000028e556a sp=0x000000000279efc0 mode 2
Event: 2.438 Thread 0x000000000228d800 Uncommon trap: trap_request=0xffffff65 fr.pc=0x0000000002c66bdc
Event: 2.438 Thread 0x000000000228d800 DEOPT PACKING pc=0x0000000002c66bdc sp=0x000000000279ec80
Event: 2.438 Thread 0x000000000228d800 DEOPT UNPACKING pc=0x00000000028e556a sp=0x000000000279eb78 mode 2
Event: 2.438 Thread 0x000000000228d800 Uncommon trap: trap_request=0xffffff65 fr.pc=0x0000000002c75e78
Event: 2.438 Thread 0x000000000228d800 DEOPT PACKING pc=0x0000000002c75e78 sp=0x000000000279ec00
Event: 2.438 Thread 0x000000000228d800 DEOPT UNPACKING pc=0x00000000028e556a sp=0x000000000279eb60 mode 2
Event: 2.464 Executing VM operation: ParallelGCFailedAllocation
Event: 2.623 Executing VM operation: ParallelGCFailedAllocation done


Dynamic libraries:
0x00007ff719ba0000 - 0x00007ff719bd1000 	C:\Program Files\Android\Android Studio\jre\bin\java.exe
0x00007ff98de30000 - 0x00007ff98e011000 	C:\WINDOWS\SYSTEM32\ntdll.dll
0x00007ff98c160000 - 0x00007ff98c212000 	C:\WINDOWS\System32\KERNEL32.DLL
0x00007ff98a400000 - 0x00007ff98a673000 	C:\WINDOWS\System32\KERNELBASE.dll
0x00007ff98b860000 - 0x00007ff98b901000 	C:\WINDOWS\System32\ADVAPI32.dll
0x00007ff98bd20000 - 0x00007ff98bdbe000 	C:\WINDOWS\System32\msvcrt.dll
0x00007ff98b910000 - 0x00007ff98b96b000 	C:\WINDOWS\System32\sechost.dll
0x00007ff98b3b0000 - 0x00007ff98b4d4000 	C:\WINDOWS\System32\RPCRT4.dll
0x00007ff98b9f0000 - 0x00007ff98bb80000 	C:\WINDOWS\System32\USER32.dll
0x00007ff98b2a0000 - 0x00007ff98b2c0000 	C:\WINDOWS\System32\win32u.dll
0x00007ff98b380000 - 0x00007ff98b3a8000 	C:\WINDOWS\System32\GDI32.dll
0x00007ff98b060000 - 0x00007ff98b1f2000 	C:\WINDOWS\System32\gdi32full.dll
0x00007ff98b200000 - 0x00007ff98b29f000 	C:\WINDOWS\System32\msvcp_win.dll
0x00007ff98a300000 - 0x00007ff98a3fa000 	C:\WINDOWS\System32\ucrtbase.dll
0x00007ff97d610000 - 0x00007ff97d879000 	C:\WINDOWS\WinSxS\amd64_microsoft.windows.common-controls_6595b64144ccf1df_6.0.17134.48_none_b4b2216a3cb4dd3e\COMCTL32.dll
0x00007ff98bdd0000 - 0x00007ff98c0f3000 	C:\WINDOWS\System32\combase.dll
0x00007ff98adf0000 - 0x00007ff98ae6a000 	C:\WINDOWS\System32\bcryptPrimitives.dll
0x00007ff98b5c0000 - 0x00007ff98b5ed000 	C:\WINDOWS\System32\IMM32.DLL
0x000000005d500000 - 0x000000005d5d2000 	C:\Program Files\Android\Android Studio\jre\jre\bin\msvcr100.dll
0x000000005d5e0000 - 0x000000005de1e000 	C:\Program Files\Android\Android Studio\jre\jre\bin\server\jvm.dll
0x00007ff98b5b0000 - 0x00007ff98b5b8000 	C:\WINDOWS\System32\PSAPI.DLL
0x00007ff987c20000 - 0x00007ff987c43000 	C:\WINDOWS\SYSTEM32\WINMM.dll
0x00007ff9786d0000 - 0x00007ff9786d9000 	C:\WINDOWS\SYSTEM32\WSOCK32.dll
0x00007ff98b970000 - 0x00007ff98b9dc000 	C:\WINDOWS\System32\WS2_32.dll
0x00007ff982480000 - 0x00007ff98248a000 	C:\WINDOWS\SYSTEM32\VERSION.dll
0x00007ff987620000 - 0x00007ff98764a000 	C:\WINDOWS\SYSTEM32\winmmbase.dll
0x00007ff98a2b0000 - 0x00007ff98a2f9000 	C:\WINDOWS\System32\cfgmgr32.dll
0x00007ff977560000 - 0x00007ff97756f000 	C:\Program Files\Android\Android Studio\jre\jre\bin\verify.dll
0x00007ff974570000 - 0x00007ff974599000 	C:\Program Files\Android\Android Studio\jre\jre\bin\java.dll
0x00007ff973f80000 - 0x00007ff973f96000 	C:\Program Files\Android\Android Studio\jre\jre\bin\zip.dll
0x00007ff98c2a0000 - 0x00007ff98d6e0000 	C:\WINDOWS\System32\SHELL32.dll
0x00007ff98b4e0000 - 0x00007ff98b589000 	C:\WINDOWS\System32\shcore.dll
0x00007ff98a680000 - 0x00007ff98ad8d000 	C:\WINDOWS\System32\windows.storage.dll
0x00007ff98b320000 - 0x00007ff98b371000 	C:\WINDOWS\System32\shlwapi.dll
0x00007ff98a170000 - 0x00007ff98a181000 	C:\WINDOWS\System32\kernel.appcore.dll
0x00007ff98a190000 - 0x00007ff98a1af000 	C:\WINDOWS\System32\profapi.dll
0x00007ff98a1b0000 - 0x00007ff98a1fc000 	C:\WINDOWS\System32\powrprof.dll
0x00007ff98a160000 - 0x00007ff98a16a000 	C:\WINDOWS\System32\FLTLIB.DLL
0x00007ff989b70000 - 0x00007ff989b87000 	C:\WINDOWS\SYSTEM32\CRYPTSP.dll
0x00007ff9895a0000 - 0x00007ff9895d3000 	C:\WINDOWS\system32\rsaenh.dll
0x00007ff989ca0000 - 0x00007ff989cc5000 	C:\WINDOWS\SYSTEM32\bcrypt.dll
0x00007ff98a040000 - 0x00007ff98a068000 	C:\WINDOWS\SYSTEM32\USERENV.dll
0x00007ff989b90000 - 0x00007ff989b9b000 	C:\WINDOWS\SYSTEM32\CRYPTBASE.dll
0x00007ff9706a0000 - 0x00007ff9706ba000 	C:\Program Files\Android\Android Studio\jre\jre\bin\net.dll
0x00007ff9899c0000 - 0x00007ff989a26000 	C:\WINDOWS\system32\mswsock.dll
0x00007ff989740000 - 0x00007ff989778000 	C:\WINDOWS\SYSTEM32\IPHLPAPI.DLL
0x00007ff98bdc0000 - 0x00007ff98bdc8000 	C:\WINDOWS\System32\NSI.dll
0x00007ff982c80000 - 0x00007ff982c96000 	C:\WINDOWS\SYSTEM32\dhcpcsvc6.DLL
0x00007ff982c60000 - 0x00007ff982c7a000 	C:\WINDOWS\SYSTEM32\dhcpcsvc.DLL
0x00007ff970680000 - 0x00007ff970691000 	C:\Program Files\Android\Android Studio\jre\jre\bin\nio.dll

VM Arguments:
jvm_args: -Djava.awt.headless=true -Xmx64M -Dfile.encoding=x-windows-949 -Duser.country=KR -Duser.language=ko -Duser.variant 
java_command: com.google.devtools.build.android.desugar.Desugar @D:\test\app\build\intermediates\tmp\desugar_args6556942112575814688
java_class_path (initial): C:\Users\Goo\AppData\Local\Temp\desugar_deploy.jar8800467425082905888
Launcher Type: SUN_STANDARD

Environment Variables:
PATH=C:\ProgramData\Oracle\Java\javapath;C:\WINDOWS\system32;C:\WINDOWS;C:\WINDOWS\System32\Wbem;C:\WINDOWS\System32\WindowsPowerShell\v1.0\;C:\OpenSSL;;C:\WINDOWS\System32\OpenSSH\;C:\Users\Goo\AppData\Local\Microsoft\WindowsApps;
USERNAME=Goo
OS=Windows_NT
PROCESSOR_IDENTIFIER=Intel64 Family 6 Model 158 Stepping 9, GenuineIntel



---------------  S Y S T E M  ---------------

OS: Windows 10.0 , 64 bit Build 17134 (10.0.17134.1)

CPU:total 8 (initial active 8) (4 cores per cpu, 2 threads per core) family 6 model 158 stepping 9, cmov, cx8, fxsr, mmx, sse, sse2, sse3, ssse3, sse4.1, sse4.2, popcnt, avx, avx2, aes, clmul, erms, 3dnowpref, lzcnt, ht, tsc, tscinvbit, bmi1, bmi2, adx

Memory: 4k page, physical 16692940k(2978664k free), swap 16692940k(4324k free)

vm_info: OpenJDK 64-Bit Server VM (25.152-b01) for windows-amd64 JRE (1.8.0_152-release-915-b01), built by "builder" with MS VC++ 10.0 (VS2010)

time: Mon Jun 11 14:37:56 2018
elapsed time: 2 seconds (0d 0h 0m 2s)

