#
# There is insufficient memory for the Java Runtime Environment to continue.
# Native memory allocation (malloc) failed to allocate 1358128 bytes for Chunk::new
# Possible reasons:
#   The system is out of physical RAM or swap space
#   In 32 bit mode, the process size limit was hit
# Possible solutions:
#   Reduce memory load on the system
#   Increase physical memory or swap space
#   Check if swap backing store is full
#   Use 64 bit Java on a 64 bit OS
#   Decrease Java heap size (-Xmx/-Xms)
#   Decrease number of Java threads
#   Decrease Java thread stack sizes (-Xss)
#   Set larger code cache with -XX:ReservedCodeCacheSize=
# This output file may be truncated or incomplete.
#
#  Out of Memory Error (allocation.cpp:390), pid=14164, tid=0x00000000000006dc
#
# JRE version: OpenJDK Runtime Environment (8.0_152-b01) (build 1.8.0_152-release-915-b01)
# Java VM: OpenJDK 64-Bit Server VM (25.152-b01 mixed mode windows-amd64 compressed oops)
# Failed to write core dump. Minidumps are not enabled by default on client versions of Windows
#

---------------  T H R E A D  ---------------

Current thread (0x0000000015095800):  JavaThread "C2 CompilerThread2" daemon [_thread_in_native, id=1756, stack(0x0000000015960000,0x0000000015a60000)]

Stack: [0x0000000015960000,0x0000000015a60000]
[error occurred during error reporting (printing stack bounds), id 0xc0000005]

Native frames: (J=compiled Java code, j=interpreted, Vv=VM code, C=native code)


Current CompileTask:
C2:   2808  886       4       org.objectweb.asm.ClassReader::a (3587 bytes)


---------------  P R O C E S S  ---------------

Java Threads: ( => current thread )
  0x00000000150cd800 JavaThread "Service Thread" daemon [_thread_blocked, id=13852, stack(0x0000000015b60000,0x0000000015c60000)]
  0x00000000150bf800 JavaThread "C1 CompilerThread3" daemon [_thread_blocked, id=13404, stack(0x0000000015a60000,0x0000000015b60000)]
=>0x0000000015095800 JavaThread "C2 CompilerThread2" daemon [_thread_in_native, id=1756, stack(0x0000000015960000,0x0000000015a60000)]
  0x00000000130fb000 JavaThread "C2 CompilerThread1" daemon [_thread_blocked, id=4200, stack(0x0000000015860000,0x0000000015960000)]
  0x0000000015060000 JavaThread "C2 CompilerThread0" daemon [_thread_blocked, id=9924, stack(0x0000000015760000,0x0000000015860000)]
  0x000000001505f000 JavaThread "Attach Listener" daemon [_thread_blocked, id=11892, stack(0x0000000015660000,0x0000000015760000)]
  0x0000000014ff5000 JavaThread "Signal Dispatcher" daemon [_thread_blocked, id=13792, stack(0x0000000015560000,0x0000000015660000)]
  0x00000000028fe000 JavaThread "Finalizer" daemon [_thread_blocked, id=9908, stack(0x00000000153d0000,0x00000000154d0000)]
  0x00000000028f7000 JavaThread "Reference Handler" daemon [_thread_blocked, id=12184, stack(0x0000000014ed0000,0x0000000014fd0000)]
  0x00000000027fd800 JavaThread "main" [_thread_in_native, id=5768, stack(0x00000000026e0000,0x00000000027e0000)]

Other Threads:
  0x00000000130e5800 VMThread [stack: 0x0000000014dd0000,0x0000000014ed0000] [id=4056]
  0x00000000150ce000 WatcherThread [stack: 0x0000000015c60000,0x0000000015d60000] [id=11992]

VM state:not at safepoint (normal execution)

VM Mutex/Monitor currently owned by a thread: None

Heap:
 PSYoungGen      total 18944K, used 4652K [0x00000000feb00000, 0x0000000100000000, 0x0000000100000000)
  eden space 16384K, 12% used [0x00000000feb00000,0x00000000fed10af0,0x00000000ffb00000)
  from space 2560K, 99% used [0x00000000ffb00000,0x00000000ffd7a610,0x00000000ffd80000)
  to   space 2560K, 0% used [0x00000000ffd80000,0x00000000ffd80000,0x0000000100000000)
 ParOldGen       total 44032K, used 7110K [0x00000000fc000000, 0x00000000feb00000, 0x00000000feb00000)
  object space 44032K, 16% used [0x00000000fc000000,0x00000000fc6f1a28,0x00000000feb00000)
 Metaspace       used 7705K, capacity 7846K, committed 7936K, reserved 1056768K
  class space    used 877K, capacity 957K, committed 1024K, reserved 1048576K

Card table byte_map: [0x0000000000bb0000,0x0000000000be0000] byte_map_base: 0x00000000003d0000

Marking Bits: (ParMarkBitMap*) 0x00000000673d3950
 Begin Bits: [0x00000000124e0000, 0x00000000125e0000)
 End Bits:   [0x00000000125e0000, 0x00000000126e0000)

Polling page: 0x0000000000680000

CodeCache: size=245760Kb used=3987Kb max_used=3998Kb free=241772Kb
 bounds [0x0000000002900000, 0x0000000002cf0000, 0x0000000011900000]
 total_blobs=1411 nmethods=1076 adapters=248
 compilation: enabled

Compilation events (10 events):
Event: 2.792 Thread 0x00000000150bf800 1079       3       java.util.zip.ZipFile$ZipFileInputStream::available (22 bytes)
Event: 2.792 Thread 0x00000000150bf800 nmethod 1079 0x0000000002ce5f50 code [0x0000000002ce60a0, 0x0000000002ce6250]
Event: 2.792 Thread 0x00000000150bf800 1080       3       java.util.zip.ZipFile$ZipFileInputStream::read (25 bytes)
Event: 2.792 Thread 0x00000000150bf800 nmethod 1080 0x0000000002ce62d0 code [0x0000000002ce6440, 0x0000000002ce66c8]
Event: 2.794 Thread 0x0000000015060000 nmethod 1066 0x0000000002ce9990 code [0x0000000002ce9b00, 0x0000000002cea0d8]
Event: 2.794 Thread 0x0000000015060000 1081       4       org.objectweb.asm.Label::a (214 bytes)
Event: 2.796 Thread 0x00000000130fb000 nmethod 1065 0x0000000002ce7410 code [0x0000000002ce7580, 0x0000000002ce7dd8]
Event: 2.796 Thread 0x00000000130fb000 1071       4       org.objectweb.asm.ClassVisitor::visitField (24 bytes)
Event: 2.796 Thread 0x00000000130fb000 nmethod 1071 0x0000000002c61050 code [0x0000000002c61180, 0x0000000002c61218]
Event: 2.797 Thread 0x0000000015060000 nmethod 1081 0x0000000002ce6d10 code [0x0000000002ce6e60, 0x0000000002ce7178]

GC Heap History (6 events):
Event: 1.096 GC heap before
{Heap before GC invocations=1 (full 0):
 PSYoungGen      total 18944K, used 16384K [0x00000000feb00000, 0x0000000100000000, 0x0000000100000000)
  eden space 16384K, 100% used [0x00000000feb00000,0x00000000ffb00000,0x00000000ffb00000)
  from space 2560K, 0% used [0x00000000ffd80000,0x00000000ffd80000,0x0000000100000000)
  to   space 2560K, 0% used [0x00000000ffb00000,0x00000000ffb00000,0x00000000ffd80000)
 ParOldGen       total 44032K, used 0K [0x00000000fc000000, 0x00000000feb00000, 0x00000000feb00000)
  object space 44032K, 0% used [0x00000000fc000000,0x00000000fc000000,0x00000000feb00000)
 Metaspace       used 6625K, capacity 6804K, committed 7040K, reserved 1056768K
  class space    used 774K, capacity 824K, committed 896K, reserved 1048576K
Event: 1.148 GC heap after
Heap after GC invocations=1 (full 0):
 PSYoungGen      total 18944K, used 2553K [0x00000000feb00000, 0x0000000100000000, 0x0000000100000000)
  eden space 16384K, 0% used [0x00000000feb00000,0x00000000feb00000,0x00000000ffb00000)
  from space 2560K, 99% used [0x00000000ffb00000,0x00000000ffd7e630,0x00000000ffd80000)
  to   space 2560K, 0% used [0x00000000ffd80000,0x00000000ffd80000,0x0000000100000000)
 ParOldGen       total 44032K, used 1433K [0x00000000fc000000, 0x00000000feb00000, 0x00000000feb00000)
  object space 44032K, 3% used [0x00000000fc000000,0x00000000fc1666c8,0x00000000feb00000)
 Metaspace       used 6625K, capacity 6804K, committed 7040K, reserved 1056768K
  class space    used 774K, capacity 824K, committed 896K, reserved 1048576K
}
Event: 1.768 GC heap before
{Heap before GC invocations=2 (full 0):
 PSYoungGen      total 18944K, used 18937K [0x00000000feb00000, 0x0000000100000000, 0x0000000100000000)
  eden space 16384K, 100% used [0x00000000feb00000,0x00000000ffb00000,0x00000000ffb00000)
  from space 2560K, 99% used [0x00000000ffb00000,0x00000000ffd7e630,0x00000000ffd80000)
  to   space 2560K, 0% used [0x00000000ffd80000,0x00000000ffd80000,0x0000000100000000)
 ParOldGen       total 44032K, used 1433K [0x00000000fc000000, 0x00000000feb00000, 0x00000000feb00000)
  object space 44032K, 3% used [0x00000000fc000000,0x00000000fc1666c8,0x00000000feb00000)
 Metaspace       used 6969K, capacity 7110K, committed 7296K, reserved 1056768K
  class space    used 816K, capacity 861K, committed 896K, reserved 1048576K
Event: 1.857 GC heap after
Heap after GC invocations=2 (full 0):
 PSYoungGen      total 18944K, used 2547K [0x00000000feb00000, 0x0000000100000000, 0x0000000100000000)
  eden space 16384K, 0% used [0x00000000feb00000,0x00000000feb00000,0x00000000ffb00000)
  from space 2560K, 99% used [0x00000000ffd80000,0x00000000ffffce00,0x0000000100000000)
  to   space 2560K, 0% used [0x00000000ffb00000,0x00000000ffb00000,0x00000000ffd80000)
 ParOldGen       total 44032K, used 5863K [0x00000000fc000000, 0x00000000feb00000, 0x00000000feb00000)
  object space 44032K, 13% used [0x00000000fc000000,0x00000000fc5b9c00,0x00000000feb00000)
 Metaspace       used 6969K, capacity 7110K, committed 7296K, reserved 1056768K
  class space    used 816K, capacity 861K, committed 896K, reserved 1048576K
}
Event: 2.387 GC heap before
{Heap before GC invocations=3 (full 0):
 PSYoungGen      total 18944K, used 18931K [0x00000000feb00000, 0x0000000100000000, 0x0000000100000000)
  eden space 16384K, 100% used [0x00000000feb00000,0x00000000ffb00000,0x00000000ffb00000)
  from space 2560K, 99% used [0x00000000ffd80000,0x00000000ffffce00,0x0000000100000000)
  to   space 2560K, 0% used [0x00000000ffb00000,0x00000000ffb00000,0x00000000ffd80000)
 ParOldGen       total 44032K, used 5863K [0x00000000fc000000, 0x00000000feb00000, 0x00000000feb00000)
  object space 44032K, 13% used [0x00000000fc000000,0x00000000fc5b9c00,0x00000000feb00000)
 Metaspace       used 7693K, capacity 7846K, committed 7936K, reserved 1056768K
  class space    used 877K, capacity 957K, committed 1024K, reserved 1048576K
Event: 2.581 GC heap after
Heap after GC invocations=3 (full 0):
 PSYoungGen      total 18944K, used 2537K [0x00000000feb00000, 0x0000000100000000, 0x0000000100000000)
  eden space 16384K, 0% used [0x00000000feb00000,0x00000000feb00000,0x00000000ffb00000)
  from space 2560K, 99% used [0x00000000ffb00000,0x00000000ffd7a610,0x00000000ffd80000)
  to   space 2560K, 0% used [0x00000000ffd80000,0x00000000ffd80000,0x0000000100000000)
 ParOldGen       total 44032K, used 7110K [0x00000000fc000000, 0x00000000feb00000, 0x00000000feb00000)
  object space 44032K, 16% used [0x00000000fc000000,0x00000000fc6f1a28,0x00000000feb00000)
 Metaspace       used 7693K, capacity 7846K, committed 7936K, reserved 1056768K
  class space    used 877K, capacity 957K, committed 1024K, reserved 1048576K
}

Deoptimization events (10 events):
Event: 1.181 Thread 0x00000000027fd800 Uncommon trap: reason=unstable_if action=reinterpret pc=0x0000000002b51d08 method=java.util.HashMap$HashIterator.nextNode()Ljava/util/HashMap$Node; @ 74
Event: 1.422 Thread 0x00000000027fd800 Uncommon trap: reason=unstable_if action=reinterpret pc=0x0000000002b52208 method=java.util.HashMap$HashIterator.nextNode()Ljava/util/HashMap$Node; @ 74
Event: 1.611 Thread 0x00000000027fd800 Uncommon trap: reason=unloaded action=reinterpret pc=0x0000000002b472fc method=java.util.zip.ZipEntry.setExtra0([BZ)V @ 37
Event: 2.280 Thread 0x00000000027fd800 Uncommon trap: reason=unstable_if action=reinterpret pc=0x0000000002c2b340 method=org.objectweb.asm.ClassReader.readUTF8(I[C)Ljava/lang/String; @ 7
Event: 2.294 Thread 0x00000000027fd800 Uncommon trap: reason=unstable_if action=reinterpret pc=0x0000000002c14998 method=java.lang.String.<init>([CII)V @ 18
Event: 2.295 Thread 0x00000000027fd800 Uncommon trap: reason=unstable_if action=reinterpret pc=0x0000000002a933b8 method=java.lang.String.<init>([CII)V @ 18
Event: 2.306 Thread 0x00000000027fd800 Uncommon trap: reason=unstable_if action=reinterpret pc=0x0000000002c32db0 method=org.objectweb.asm.Type.getArgumentsAndReturnSizes(Ljava/lang/String;)I @ 41
Event: 2.326 Thread 0x00000000027fd800 Uncommon trap: reason=unstable_if action=reinterpret pc=0x0000000002c57db8 method=org.objectweb.asm.MethodWriter.visitVarInsn(II)V @ 136
Event: 2.366 Thread 0x00000000027fd800 Uncommon trap: reason=unstable_if action=reinterpret pc=0x0000000002c7d89c method=java.lang.String.<init>([CII)V @ 18
Event: 2.685 Thread 0x00000000027fd800 Uncommon trap: reason=unstable_if action=reinterpret pc=0x0000000002cc53a8 method=org.objectweb.asm.ClassReader.readUTF8(I[C)Ljava/lang/String; @ 11

Classes redefined (0 events):
No events

Internal exceptions (10 events):
Event: 2.013 Thread 0x00000000027fd800 Exception <a 'sun/nio/fs/WindowsException'> (0x00000000feb84778) thrown at [D:\src\AOSP-openjdk-cygwin\jdk8u\hotspot\src\share\vm\prims\jni.cpp, line 709]
Event: 2.013 Thread 0x00000000027fd800 Exception <a 'sun/nio/fs/WindowsException'> (0x00000000feb84c50) thrown at [D:\src\AOSP-openjdk-cygwin\jdk8u\hotspot\src\share\vm\prims\jni.cpp, line 709]
Event: 2.353 Thread 0x00000000027fd800 Exception <a 'sun/nio/fs/WindowsException'> (0x00000000ff6f0f98) thrown at [D:\src\AOSP-openjdk-cygwin\jdk8u\hotspot\src\share\vm\prims\jni.cpp, line 709]
Event: 2.353 Thread 0x00000000027fd800 Exception <a 'sun/nio/fs/WindowsException'> (0x00000000ff6f1470) thrown at [D:\src\AOSP-openjdk-cygwin\jdk8u\hotspot\src\share\vm\prims\jni.cpp, line 709]
Event: 2.355 Thread 0x00000000027fd800 Exception <a 'sun/nio/fs/WindowsException'> (0x00000000ff6f4910) thrown at [D:\src\AOSP-openjdk-cygwin\jdk8u\hotspot\src\share\vm\prims\jni.cpp, line 709]
Event: 2.355 Thread 0x00000000027fd800 Exception <a 'sun/nio/fs/WindowsException'> (0x00000000ff6f4de8) thrown at [D:\src\AOSP-openjdk-cygwin\jdk8u\hotspot\src\share\vm\prims\jni.cpp, line 709]
Event: 2.375 Thread 0x00000000027fd800 Exception <a 'sun/nio/fs/WindowsException'> (0x00000000ff973cc8) thrown at [D:\src\AOSP-openjdk-cygwin\jdk8u\hotspot\src\share\vm\prims\jni.cpp, line 709]
Event: 2.375 Thread 0x00000000027fd800 Exception <a 'sun/nio/fs/WindowsException'> (0x00000000ff9741a0) thrown at [D:\src\AOSP-openjdk-cygwin\jdk8u\hotspot\src\share\vm\prims\jni.cpp, line 709]
Event: 2.377 Thread 0x00000000027fd800 Exception <a 'sun/nio/fs/WindowsException'> (0x00000000ff977640) thrown at [D:\src\AOSP-openjdk-cygwin\jdk8u\hotspot\src\share\vm\prims\jni.cpp, line 709]
Event: 2.377 Thread 0x00000000027fd800 Exception <a 'sun/nio/fs/WindowsException'> (0x00000000ff977b18) thrown at [D:\src\AOSP-openjdk-cygwin\jdk8u\hotspot\src\share\vm\prims\jni.cpp, line 709]

Events (10 events):
Event: 2.366 Thread 0x00000000027fd800 Uncommon trap: trap_request=0xffffff65 fr.pc=0x0000000002c7d89c
Event: 2.366 Thread 0x00000000027fd800 DEOPT PACKING pc=0x0000000002c7d89c sp=0x00000000027de4f0
Event: 2.366 Thread 0x00000000027fd800 DEOPT UNPACKING pc=0x000000000294556a sp=0x00000000027de398 mode 2
Event: 2.379 loading class org/objectweb/asm/tree/LocalVariableNode
Event: 2.379 loading class org/objectweb/asm/tree/LocalVariableNode done
Event: 2.387 Executing VM operation: ParallelGCFailedAllocation
Event: 2.581 Executing VM operation: ParallelGCFailedAllocation done
Event: 2.685 Thread 0x00000000027fd800 Uncommon trap: trap_request=0xffffff65 fr.pc=0x0000000002cc53a8
Event: 2.685 Thread 0x00000000027fd800 DEOPT PACKING pc=0x0000000002cc53a8 sp=0x00000000027dec10
Event: 2.685 Thread 0x00000000027fd800 DEOPT UNPACKING pc=0x000000000294556a sp=0x00000000027debe0 mode 2


Dynamic libraries:
0x00007ff6c8c60000 - 0x00007ff6c8c91000 	C:\Program Files\Android\Android Studio\jre\bin\java.exe
0x00007ffba9340000 - 0x00007ffba9521000 	C:\WINDOWS\SYSTEM32\ntdll.dll
0x00007ffba6ca0000 - 0x00007ffba6d52000 	C:\WINDOWS\System32\KERNEL32.DLL
0x00007ffba6070000 - 0x00007ffba62e3000 	C:\WINDOWS\System32\KERNELBASE.dll
0x00007ffba9260000 - 0x00007ffba9301000 	C:\WINDOWS\System32\ADVAPI32.dll
0x00007ffba77b0000 - 0x00007ffba784e000 	C:\WINDOWS\System32\msvcrt.dll
0x00007ffba71b0000 - 0x00007ffba720b000 	C:\WINDOWS\System32\sechost.dll
0x00007ffba7580000 - 0x00007ffba76a4000 	C:\WINDOWS\System32\RPCRT4.dll
0x00007ffba7ac0000 - 0x00007ffba7c50000 	C:\WINDOWS\System32\USER32.dll
0x00007ffba5790000 - 0x00007ffba57b0000 	C:\WINDOWS\System32\win32u.dll
0x00007ffba67e0000 - 0x00007ffba6808000 	C:\WINDOWS\System32\GDI32.dll
0x00007ffba6530000 - 0x00007ffba66c2000 	C:\WINDOWS\System32\gdi32full.dll
0x00007ffba5fd0000 - 0x00007ffba606f000 	C:\WINDOWS\System32\msvcp_win.dll
0x00007ffba66d0000 - 0x00007ffba67ca000 	C:\WINDOWS\System32\ucrtbase.dll
0x00007ffb93ad0000 - 0x00007ffb93d39000 	C:\WINDOWS\WinSxS\amd64_microsoft.windows.common-controls_6595b64144ccf1df_6.0.17134.48_none_b4b2216a3cb4dd3e\COMCTL32.dll
0x00007ffba6810000 - 0x00007ffba6b33000 	C:\WINDOWS\System32\combase.dll
0x00007ffba5710000 - 0x00007ffba578a000 	C:\WINDOWS\System32\bcryptPrimitives.dll
0x00007ffba9090000 - 0x00007ffba90bd000 	C:\WINDOWS\System32\IMM32.DLL
0x0000000069530000 - 0x0000000069602000 	C:\Program Files\Android\Android Studio\jre\jre\bin\msvcr100.dll
0x0000000066c10000 - 0x000000006744e000 	C:\Program Files\Android\Android Studio\jre\jre\bin\server\jvm.dll
0x00007ffba91d0000 - 0x00007ffba91d8000 	C:\WINDOWS\System32\PSAPI.DLL
0x00007ffba1d20000 - 0x00007ffba1d29000 	C:\WINDOWS\SYSTEM32\WSOCK32.dll
0x00007ffba7510000 - 0x00007ffba757c000 	C:\WINDOWS\System32\WS2_32.dll
0x00007ffb95780000 - 0x00007ffb957a3000 	C:\WINDOWS\SYSTEM32\WINMM.dll
0x00007ffb9d7c0000 - 0x00007ffb9d7ca000 	C:\WINDOWS\SYSTEM32\VERSION.dll
0x00007ffb95570000 - 0x00007ffb9559a000 	C:\WINDOWS\SYSTEM32\WINMMBASE.dll
0x00007ffba64e0000 - 0x00007ffba6529000 	C:\WINDOWS\System32\cfgmgr32.dll
0x00007ffba3a40000 - 0x00007ffba3a4f000 	C:\Program Files\Android\Android Studio\jre\jre\bin\verify.dll
0x00007ffba1b00000 - 0x00007ffba1b29000 	C:\Program Files\Android\Android Studio\jre\jre\bin\java.dll
0x00007ffba1280000 - 0x00007ffba1296000 	C:\Program Files\Android\Android Studio\jre\jre\bin\zip.dll
0x00007ffba7c50000 - 0x00007ffba9090000 	C:\WINDOWS\System32\SHELL32.dll
0x00007ffba9120000 - 0x00007ffba91c9000 	C:\WINDOWS\System32\shcore.dll
0x00007ffba58c0000 - 0x00007ffba5fcd000 	C:\WINDOWS\System32\windows.storage.dll
0x00007ffba90c0000 - 0x00007ffba9111000 	C:\WINDOWS\System32\shlwapi.dll
0x00007ffba5680000 - 0x00007ffba5691000 	C:\WINDOWS\System32\kernel.appcore.dll
0x00007ffba56f0000 - 0x00007ffba570f000 	C:\WINDOWS\System32\profapi.dll
0x00007ffba56a0000 - 0x00007ffba56ec000 	C:\WINDOWS\System32\powrprof.dll
0x00007ffba5650000 - 0x00007ffba565a000 	C:\WINDOWS\System32\FLTLIB.DLL
0x00007ffba5080000 - 0x00007ffba5097000 	C:\WINDOWS\SYSTEM32\CRYPTSP.dll
0x00007ffba4ab0000 - 0x00007ffba4ae3000 	C:\WINDOWS\system32\rsaenh.dll
0x00007ffba51b0000 - 0x00007ffba51d5000 	C:\WINDOWS\SYSTEM32\bcrypt.dll
0x00007ffba5580000 - 0x00007ffba55a8000 	C:\WINDOWS\SYSTEM32\USERENV.dll
0x00007ffba50a0000 - 0x00007ffba50ab000 	C:\WINDOWS\SYSTEM32\CRYPTBASE.dll
0x00007ffba1180000 - 0x00007ffba119a000 	C:\Program Files\Android\Android Studio\jre\jre\bin\net.dll
0x00007ffba4ed0000 - 0x00007ffba4f36000 	C:\WINDOWS\system32\mswsock.dll
0x00007ffba4c50000 - 0x00007ffba4c88000 	C:\WINDOWS\SYSTEM32\IPHLPAPI.DLL
0x00007ffba7430000 - 0x00007ffba7438000 	C:\WINDOWS\System32\NSI.dll
0x00007ffb9a1f0000 - 0x00007ffb9a206000 	C:\WINDOWS\SYSTEM32\dhcpcsvc6.DLL
0x00007ffb9a120000 - 0x00007ffb9a13a000 	C:\WINDOWS\SYSTEM32\dhcpcsvc.DLL
0x00007ffb9f410000 - 0x00007ffb9f421000 	C:\Program Files\Android\Android Studio\jre\jre\bin\nio.dll

VM Arguments:
jvm_args: -Djava.awt.headless=true -Xmx64M -Dfile.encoding=x-windows-949 -Duser.country=KR -Duser.language=ko -Duser.variant 
java_command: com.google.devtools.build.android.desugar.Desugar @D:\test\app\build\intermediates\tmp\desugar_args927696572923007099
java_class_path (initial): C:\Users\Goo\AppData\Local\Temp\desugar_deploy.jar817229055182116543
Launcher Type: SUN_STANDARD

Environment Variables:
PATH=C:\ProgramData\Oracle\Java\javapath;C:\WINDOWS\system32;C:\WINDOWS;C:\WINDOWS\System32\Wbem;C:\WINDOWS\System32\WindowsPowerShell\v1.0\;C:\OpenSSL;;C:\WINDOWS\System32\OpenSSH\;C:\Users\Goo\AppData\Local\Microsoft\WindowsApps;
USERNAME=Goo
OS=Windows_NT
PROCESSOR_IDENTIFIER=Intel64 Family 6 Model 158 Stepping 9, GenuineIntel



---------------  S Y S T E M  ---------------

OS: Windows 10.0 , 64 bit Build 17134 (10.0.17134.1)

CPU:total 8 (initial active 8) (4 cores per cpu, 2 threads per core) family 6 model 158 stepping 9, cmov, cx8, fxsr, mmx, sse, sse2, sse3, ssse3, sse4.1, sse4.2, popcnt, avx, avx2, aes, clmul, erms, 3dnowpref, lzcnt, ht, tsc, tscinvbit, bmi1, bmi2, adx

Memory: 4k page, physical 16692940k(3712596k free), swap 16692940k(5120k free)

vm_info: OpenJDK 64-Bit Server VM (25.152-b01) for windows-amd64 JRE (1.8.0_152-release-915-b01), built by "builder" with MS VC++ 10.0 (VS2010)

time: Mon May 28 00:54:47 2018
elapsed time: 2 seconds (0d 0h 0m 2s)

