#
# There is insufficient memory for the Java Runtime Environment to continue.
# Native memory allocation (malloc) failed to allocate 286096 bytes for Chunk::new
# Possible reasons:
#   The system is out of physical RAM or swap space
#   In 32 bit mode, the process size limit was hit
# Possible solutions:
#   Reduce memory load on the system
#   Increase physical memory or swap space
#   Check if swap backing store is full
#   Use 64 bit Java on a 64 bit OS
#   Decrease Java heap size (-Xmx/-Xms)
#   Decrease number of Java threads
#   Decrease Java thread stack sizes (-Xss)
#   Set larger code cache with -XX:ReservedCodeCacheSize=
# This output file may be truncated or incomplete.
#
#  Out of Memory Error (allocation.cpp:390), pid=7172, tid=0x0000000000002b48
#
# JRE version: OpenJDK Runtime Environment (8.0_152-b01) (build 1.8.0_152-release-915-b01)
# Java VM: OpenJDK 64-Bit Server VM (25.152-b01 mixed mode windows-amd64 compressed oops)
# Failed to write core dump. Minidumps are not enabled by default on client versions of Windows
#

---------------  T H R E A D  ---------------

Current thread (0x00000000130fe800):  JavaThread "C2 CompilerThread2" daemon [_thread_in_native, id=11080, stack(0x0000000015990000,0x0000000015a90000)]

Stack: [0x0000000015990000,0x0000000015a90000]
[error occurred during error reporting (printing stack bounds), id 0xc0000005]

Native frames: (J=compiled Java code, j=interpreted, Vv=VM code, C=native code)


Current CompileTask:
C2:   1817  873       4       org.objectweb.asm.ClassReader::a (3587 bytes)


---------------  P R O C E S S  ---------------

Java Threads: ( => current thread )
  0x0000000015115800 JavaThread "Service Thread" daemon [_thread_blocked, id=8556, stack(0x0000000015b90000,0x0000000015c90000)]
  0x00000000150de800 JavaThread "C1 CompilerThread3" daemon [_thread_in_native, id=10224, stack(0x0000000015a90000,0x0000000015b90000)]
=>0x00000000130fe800 JavaThread "C2 CompilerThread2" daemon [_thread_in_native, id=11080, stack(0x0000000015990000,0x0000000015a90000)]
  0x00000000130fb800 JavaThread "C2 CompilerThread1" daemon [_thread_in_native, id=5184, stack(0x0000000015890000,0x0000000015990000)]
  0x000000001502b800 JavaThread "C2 CompilerThread0" daemon [_thread_in_vm, id=9624, stack(0x0000000015790000,0x0000000015890000)]
  0x000000001502a000 JavaThread "Attach Listener" daemon [_thread_blocked, id=8908, stack(0x0000000015690000,0x0000000015790000)]
  0x0000000015080000 JavaThread "Signal Dispatcher" daemon [_thread_blocked, id=2640, stack(0x0000000015590000,0x0000000015690000)]
  0x0000000015010800 JavaThread "Finalizer" daemon [_thread_blocked, id=5748, stack(0x00000000153f0000,0x00000000154f0000)]
  0x0000000002907000 JavaThread "Reference Handler" daemon [_thread_blocked, id=6416, stack(0x0000000014ef0000,0x0000000014ff0000)]
  0x000000000062d800 JavaThread "main" [_thread_in_Java, id=3856, stack(0x00000000023a0000,0x00000000024a0000)]

Other Threads:
  0x00000000130e5000 VMThread [stack: 0x0000000014df0000,0x0000000014ef0000] [id=1336]
  0x0000000015116000 WatcherThread [stack: 0x0000000015c90000,0x0000000015d90000] [id=2664]

VM state:not at safepoint (normal execution)

VM Mutex/Monitor currently owned by a thread: None

Heap:
 PSYoungGen      total 18944K, used 9175K [0x00000000feb00000, 0x0000000100000000, 0x0000000100000000)
  eden space 16384K, 40% used [0x00000000feb00000,0x00000000ff179158,0x00000000ffb00000)
  from space 2560K, 99% used [0x00000000ffd80000,0x00000000ffffce00,0x0000000100000000)
  to   space 2560K, 0% used [0x00000000ffb00000,0x00000000ffb00000,0x00000000ffd80000)
 ParOldGen       total 44032K, used 6002K [0x00000000fc000000, 0x00000000feb00000, 0x00000000feb00000)
  object space 44032K, 13% used [0x00000000fc000000,0x00000000fc5dc868,0x00000000feb00000)
 Metaspace       used 7624K, capacity 7778K, committed 7936K, reserved 1056768K
  class space    used 876K, capacity 957K, committed 1024K, reserved 1048576K

Card table byte_map: [0x0000000000640000,0x0000000000670000] byte_map_base: 0xffffffffffe60000

Marking Bits: (ParMarkBitMap*) 0x00000000673d3950
 Begin Bits: [0x00000000124d0000, 0x00000000125d0000)
 End Bits:   [0x00000000125d0000, 0x00000000126d0000)

Polling page: 0x00000000003f0000

CodeCache: size=245760Kb used=3512Kb max_used=3523Kb free=242247Kb
 bounds [0x0000000002910000, 0x0000000002c90000, 0x0000000011910000]
 total_blobs=1271 nmethods=937 adapters=248
 compilation: enabled

Compilation events (10 events):
Event: 1.706 Thread 0x00000000150de800  925       3       java.util.AbstractSet::<init> (5 bytes)
Event: 1.706 Thread 0x00000000150de800 nmethod 925 0x0000000002c74a10 code [0x0000000002c74b80, 0x0000000002c74d90]
Event: 1.811 Thread 0x00000000150de800  926       3       java.lang.String::<init> (82 bytes)
Event: 1.812 Thread 0x00000000150de800 nmethod 926 0x0000000002c7a750 code [0x0000000002c7a920, 0x0000000002c7ae18]
Event: 1.812 Thread 0x00000000150de800  927       3       java.util.ArrayList::rangeCheck (22 bytes)
Event: 1.812 Thread 0x00000000150de800 nmethod 927 0x0000000002c794d0 code [0x0000000002c796e0, 0x0000000002c7a1b8]
Event: 1.812 Thread 0x00000000150de800  930       3       org.objectweb.asm.MethodWriter::visitFrame (823 bytes)
Event: 1.815 Thread 0x00000000150de800 nmethod 930 0x0000000002c7b090 code [0x0000000002c7b560, 0x0000000002c7dc98]
Event: 1.815 Thread 0x00000000150de800  937       3       org.objectweb.asm.Type::getArgumentsAndReturnSizes (151 bytes)
Event: 1.815 Thread 0x00000000130fb800  939       4       org.objectweb.asm.ClassReader::readUTF8 (60 bytes)

GC Heap History (4 events):
Event: 1.005 GC heap before
{Heap before GC invocations=1 (full 0):
 PSYoungGen      total 18944K, used 16384K [0x00000000feb00000, 0x0000000100000000, 0x0000000100000000)
  eden space 16384K, 100% used [0x00000000feb00000,0x00000000ffb00000,0x00000000ffb00000)
  from space 2560K, 0% used [0x00000000ffd80000,0x00000000ffd80000,0x0000000100000000)
  to   space 2560K, 0% used [0x00000000ffb00000,0x00000000ffb00000,0x00000000ffd80000)
 ParOldGen       total 44032K, used 0K [0x00000000fc000000, 0x00000000feb00000, 0x00000000feb00000)
  object space 44032K, 0% used [0x00000000fc000000,0x00000000fc000000,0x00000000feb00000)
 Metaspace       used 6616K, capacity 6800K, committed 7040K, reserved 1056768K
  class space    used 773K, capacity 824K, committed 896K, reserved 1048576K
Event: 1.034 GC heap after
Heap after GC invocations=1 (full 0):
 PSYoungGen      total 18944K, used 2537K [0x00000000feb00000, 0x0000000100000000, 0x0000000100000000)
  eden space 16384K, 0% used [0x00000000feb00000,0x00000000feb00000,0x00000000ffb00000)
  from space 2560K, 99% used [0x00000000ffb00000,0x00000000ffd7a640,0x00000000ffd80000)
  to   space 2560K, 0% used [0x00000000ffd80000,0x00000000ffd80000,0x0000000100000000)
 ParOldGen       total 44032K, used 1532K [0x00000000fc000000, 0x00000000feb00000, 0x00000000feb00000)
  object space 44032K, 3% used [0x00000000fc000000,0x00000000fc17f360,0x00000000feb00000)
 Metaspace       used 6616K, capacity 6800K, committed 7040K, reserved 1056768K
  class space    used 773K, capacity 824K, committed 896K, reserved 1048576K
}
Event: 1.289 GC heap before
{Heap before GC invocations=2 (full 0):
 PSYoungGen      total 18944K, used 18921K [0x00000000feb00000, 0x0000000100000000, 0x0000000100000000)
  eden space 16384K, 100% used [0x00000000feb00000,0x00000000ffb00000,0x00000000ffb00000)
  from space 2560K, 99% used [0x00000000ffb00000,0x00000000ffd7a640,0x00000000ffd80000)
  to   space 2560K, 0% used [0x00000000ffd80000,0x00000000ffd80000,0x0000000100000000)
 ParOldGen       total 44032K, used 1532K [0x00000000fc000000, 0x00000000feb00000, 0x00000000feb00000)
  object space 44032K, 3% used [0x00000000fc000000,0x00000000fc17f360,0x00000000feb00000)
 Metaspace       used 6962K, capacity 7106K, committed 7296K, reserved 1056768K
  class space    used 816K, capacity 861K, committed 896K, reserved 1048576K
Event: 1.306 GC heap after
Heap after GC invocations=2 (full 0):
 PSYoungGen      total 18944K, used 2547K [0x00000000feb00000, 0x0000000100000000, 0x0000000100000000)
  eden space 16384K, 0% used [0x00000000feb00000,0x00000000feb00000,0x00000000ffb00000)
  from space 2560K, 99% used [0x00000000ffd80000,0x00000000ffffce00,0x0000000100000000)
  to   space 2560K, 0% used [0x00000000ffb00000,0x00000000ffb00000,0x00000000ffd80000)
 ParOldGen       total 44032K, used 6002K [0x00000000fc000000, 0x00000000feb00000, 0x00000000feb00000)
  object space 44032K, 13% used [0x00000000fc000000,0x00000000fc5dc868,0x00000000feb00000)
 Metaspace       used 6962K, capacity 7106K, committed 7296K, reserved 1056768K
  class space    used 816K, capacity 861K, committed 896K, reserved 1048576K
}

Deoptimization events (10 events):
Event: 0.957 Thread 0x000000000062d800 Uncommon trap: reason=unstable_if action=reinterpret pc=0x0000000002b443d8 method=java.util.zip.ZipEntry.setExtra0([BZ)V @ 1
Event: 0.958 Thread 0x000000000062d800 Uncommon trap: reason=unstable_if action=reinterpret pc=0x0000000002b410bc method=java.util.zip.ZipCoder.decoder()Ljava/nio/charset/CharsetDecoder; @ 4
Event: 1.055 Thread 0x000000000062d800 Uncommon trap: reason=unstable_if action=reinterpret pc=0x0000000002b53610 method=java.util.zip.ZipCoder.decoder()Ljava/nio/charset/CharsetDecoder; @ 4
Event: 1.055 Thread 0x000000000062d800 Uncommon trap: reason=unstable_if action=reinterpret pc=0x0000000002b4d640 method=java.util.zip.ZipCoder.decoder()Ljava/nio/charset/CharsetDecoder; @ 4
Event: 1.055 Thread 0x000000000062d800 Uncommon trap: reason=unstable_if action=reinterpret pc=0x0000000002b58570 method=java.util.zip.ZipCoder.decoder()Ljava/nio/charset/CharsetDecoder; @ 4
Event: 1.238 Thread 0x000000000062d800 Uncommon trap: reason=unloaded action=reinterpret pc=0x0000000002b56444 method=java.util.zip.ZipEntry.setExtra0([BZ)V @ 37
Event: 1.525 Thread 0x000000000062d800 Uncommon trap: reason=unstable_if action=reinterpret pc=0x0000000002c168b8 method=java.lang.String.<init>([CII)V @ 18
Event: 1.549 Thread 0x000000000062d800 Uncommon trap: reason=unstable_if action=reinterpret pc=0x0000000002c0f358 method=java.lang.String.<init>([CII)V @ 18
Event: 1.701 Thread 0x000000000062d800 Uncommon trap: reason=unstable_if action=reinterpret pc=0x0000000002aae978 method=java.lang.String.<init>([CII)V @ 18
Event: 1.813 Thread 0x000000000062d800 Uncommon trap: reason=unstable_if action=reinterpret pc=0x0000000002c5b394 method=org.objectweb.asm.Type.getArgumentsAndReturnSizes(Ljava/lang/String;)I @ 47

Classes redefined (0 events):
No events

Internal exceptions (10 events):
Event: 1.547 Thread 0x000000000062d800 Exception <a 'sun/nio/fs/WindowsException'> (0x00000000ff076e10) thrown at [D:\src\AOSP-openjdk-cygwin\jdk8u\hotspot\src\share\vm\prims\jni.cpp, line 709]
Event: 1.547 Thread 0x000000000062d800 Exception <a 'sun/nio/fs/WindowsException'> (0x00000000ff0772e8) thrown at [D:\src\AOSP-openjdk-cygwin\jdk8u\hotspot\src\share\vm\prims\jni.cpp, line 709]
Event: 1.682 Thread 0x000000000062d800 Exception <a 'sun/nio/fs/WindowsException'> (0x00000000ff07ff80) thrown at [D:\src\AOSP-openjdk-cygwin\jdk8u\hotspot\src\share\vm\prims\jni.cpp, line 709]
Event: 1.682 Thread 0x000000000062d800 Exception <a 'sun/nio/fs/WindowsException'> (0x00000000ff080458) thrown at [D:\src\AOSP-openjdk-cygwin\jdk8u\hotspot\src\share\vm\prims\jni.cpp, line 709]
Event: 1.698 Thread 0x000000000062d800 Exception <a 'sun/nio/fs/WindowsException'> (0x00000000ff083910) thrown at [D:\src\AOSP-openjdk-cygwin\jdk8u\hotspot\src\share\vm\prims\jni.cpp, line 709]
Event: 1.698 Thread 0x000000000062d800 Exception <a 'sun/nio/fs/WindowsException'> (0x00000000ff083de8) thrown at [D:\src\AOSP-openjdk-cygwin\jdk8u\hotspot\src\share\vm\prims\jni.cpp, line 709]
Event: 1.705 Thread 0x000000000062d800 Exception <a 'sun/nio/fs/WindowsException'> (0x00000000ff09c148) thrown at [D:\src\AOSP-openjdk-cygwin\jdk8u\hotspot\src\share\vm\prims\jni.cpp, line 709]
Event: 1.705 Thread 0x000000000062d800 Exception <a 'sun/nio/fs/WindowsException'> (0x00000000ff09c620) thrown at [D:\src\AOSP-openjdk-cygwin\jdk8u\hotspot\src\share\vm\prims\jni.cpp, line 709]
Event: 1.708 Thread 0x000000000062d800 Exception <a 'sun/nio/fs/WindowsException'> (0x00000000ff09fad8) thrown at [D:\src\AOSP-openjdk-cygwin\jdk8u\hotspot\src\share\vm\prims\jni.cpp, line 709]
Event: 1.708 Thread 0x000000000062d800 Exception <a 'sun/nio/fs/WindowsException'> (0x00000000ff09ffb0) thrown at [D:\src\AOSP-openjdk-cygwin\jdk8u\hotspot\src\share\vm\prims\jni.cpp, line 709]

Events (10 events):
Event: 1.699 loading class org/objectweb/asm/tree/MethodNode$1
Event: 1.699 loading class org/objectweb/asm/tree/MethodNode$1 done
Event: 1.699 Executing VM operation: Deoptimize
Event: 1.699 Executing VM operation: Deoptimize done
Event: 1.701 Thread 0x000000000062d800 Uncommon trap: trap_request=0xffffff65 fr.pc=0x0000000002aae978
Event: 1.701 Thread 0x000000000062d800 DEOPT PACKING pc=0x0000000002aae978 sp=0x000000000249e8d0
Event: 1.701 Thread 0x000000000062d800 DEOPT UNPACKING pc=0x000000000295556a sp=0x000000000249e898 mode 2
Event: 1.813 Thread 0x000000000062d800 Uncommon trap: trap_request=0xffffff65 fr.pc=0x0000000002c5b394
Event: 1.813 Thread 0x000000000062d800 DEOPT PACKING pc=0x0000000002c5b394 sp=0x000000000249e6f0
Event: 1.813 Thread 0x000000000062d800 DEOPT UNPACKING pc=0x000000000295556a sp=0x000000000249e678 mode 2


Dynamic libraries:
0x00007ff7bef40000 - 0x00007ff7bef71000 	C:\Program Files\Android\Android Studio\jre\bin\java.exe
0x00007ffba9340000 - 0x00007ffba9521000 	C:\WINDOWS\SYSTEM32\ntdll.dll
0x00007ffba6ca0000 - 0x00007ffba6d52000 	C:\WINDOWS\System32\KERNEL32.DLL
0x00007ffba6070000 - 0x00007ffba62e3000 	C:\WINDOWS\System32\KERNELBASE.dll
0x00007ffba9260000 - 0x00007ffba9301000 	C:\WINDOWS\System32\ADVAPI32.dll
0x00007ffba77b0000 - 0x00007ffba784e000 	C:\WINDOWS\System32\msvcrt.dll
0x00007ffba71b0000 - 0x00007ffba720b000 	C:\WINDOWS\System32\sechost.dll
0x00007ffba7580000 - 0x00007ffba76a4000 	C:\WINDOWS\System32\RPCRT4.dll
0x00007ffba7ac0000 - 0x00007ffba7c50000 	C:\WINDOWS\System32\USER32.dll
0x00007ffba5790000 - 0x00007ffba57b0000 	C:\WINDOWS\System32\win32u.dll
0x00007ffba67e0000 - 0x00007ffba6808000 	C:\WINDOWS\System32\GDI32.dll
0x00007ffba6530000 - 0x00007ffba66c2000 	C:\WINDOWS\System32\gdi32full.dll
0x00007ffba5fd0000 - 0x00007ffba606f000 	C:\WINDOWS\System32\msvcp_win.dll
0x00007ffba66d0000 - 0x00007ffba67ca000 	C:\WINDOWS\System32\ucrtbase.dll
0x00007ffb93ad0000 - 0x00007ffb93d39000 	C:\WINDOWS\WinSxS\amd64_microsoft.windows.common-controls_6595b64144ccf1df_6.0.17134.48_none_b4b2216a3cb4dd3e\COMCTL32.dll
0x00007ffba6810000 - 0x00007ffba6b33000 	C:\WINDOWS\System32\combase.dll
0x00007ffba5710000 - 0x00007ffba578a000 	C:\WINDOWS\System32\bcryptPrimitives.dll
0x00007ffba9090000 - 0x00007ffba90bd000 	C:\WINDOWS\System32\IMM32.DLL
0x0000000069530000 - 0x0000000069602000 	C:\Program Files\Android\Android Studio\jre\jre\bin\msvcr100.dll
0x0000000066c10000 - 0x000000006744e000 	C:\Program Files\Android\Android Studio\jre\jre\bin\server\jvm.dll
0x00007ffba91d0000 - 0x00007ffba91d8000 	C:\WINDOWS\System32\PSAPI.DLL
0x00007ffba1d20000 - 0x00007ffba1d29000 	C:\WINDOWS\SYSTEM32\WSOCK32.dll
0x00007ffba7510000 - 0x00007ffba757c000 	C:\WINDOWS\System32\WS2_32.dll
0x00007ffb95780000 - 0x00007ffb957a3000 	C:\WINDOWS\SYSTEM32\WINMM.dll
0x00007ffb9d7c0000 - 0x00007ffb9d7ca000 	C:\WINDOWS\SYSTEM32\VERSION.dll
0x00007ffb95570000 - 0x00007ffb9559a000 	C:\WINDOWS\SYSTEM32\WINMMBASE.dll
0x00007ffba64e0000 - 0x00007ffba6529000 	C:\WINDOWS\System32\cfgmgr32.dll
0x00007ffba1d30000 - 0x00007ffba1d3f000 	C:\Program Files\Android\Android Studio\jre\jre\bin\verify.dll
0x00007ffba1b00000 - 0x00007ffba1b29000 	C:\Program Files\Android\Android Studio\jre\jre\bin\java.dll
0x00007ffb9f450000 - 0x00007ffb9f466000 	C:\Program Files\Android\Android Studio\jre\jre\bin\zip.dll
0x00007ffba7c50000 - 0x00007ffba9090000 	C:\WINDOWS\System32\SHELL32.dll
0x00007ffba9120000 - 0x00007ffba91c9000 	C:\WINDOWS\System32\shcore.dll
0x00007ffba58c0000 - 0x00007ffba5fcd000 	C:\WINDOWS\System32\windows.storage.dll
0x00007ffba90c0000 - 0x00007ffba9111000 	C:\WINDOWS\System32\shlwapi.dll
0x00007ffba5680000 - 0x00007ffba5691000 	C:\WINDOWS\System32\kernel.appcore.dll
0x00007ffba56f0000 - 0x00007ffba570f000 	C:\WINDOWS\System32\profapi.dll
0x00007ffba56a0000 - 0x00007ffba56ec000 	C:\WINDOWS\System32\powrprof.dll
0x00007ffba5650000 - 0x00007ffba565a000 	C:\WINDOWS\System32\FLTLIB.DLL
0x00007ffba5080000 - 0x00007ffba5097000 	C:\WINDOWS\SYSTEM32\CRYPTSP.dll
0x00007ffba4ab0000 - 0x00007ffba4ae3000 	C:\WINDOWS\system32\rsaenh.dll
0x00007ffba51b0000 - 0x00007ffba51d5000 	C:\WINDOWS\SYSTEM32\bcrypt.dll
0x00007ffba5580000 - 0x00007ffba55a8000 	C:\WINDOWS\SYSTEM32\USERENV.dll
0x00007ffba50a0000 - 0x00007ffba50ab000 	C:\WINDOWS\SYSTEM32\CRYPTBASE.dll
0x00007ffb9f430000 - 0x00007ffb9f44a000 	C:\Program Files\Android\Android Studio\jre\jre\bin\net.dll
0x00007ffba4ed0000 - 0x00007ffba4f36000 	C:\WINDOWS\system32\mswsock.dll
0x00007ffba4c50000 - 0x00007ffba4c88000 	C:\WINDOWS\SYSTEM32\IPHLPAPI.DLL
0x00007ffba7430000 - 0x00007ffba7438000 	C:\WINDOWS\System32\NSI.dll
0x00007ffb9a1f0000 - 0x00007ffb9a206000 	C:\WINDOWS\SYSTEM32\dhcpcsvc6.DLL
0x00007ffb9a120000 - 0x00007ffb9a13a000 	C:\WINDOWS\SYSTEM32\dhcpcsvc.DLL
0x00007ffb9f410000 - 0x00007ffb9f421000 	C:\Program Files\Android\Android Studio\jre\jre\bin\nio.dll

VM Arguments:
jvm_args: -Djava.awt.headless=true -Xmx64M -Dfile.encoding=x-windows-949 -Duser.country=KR -Duser.language=ko -Duser.variant 
java_command: com.google.devtools.build.android.desugar.Desugar @D:\test\app\build\intermediates\tmp\desugar_args5974791747062132067
java_class_path (initial): C:\Users\Goo\AppData\Local\Temp\desugar_deploy.jar4283967336768827273
Launcher Type: SUN_STANDARD

Environment Variables:
PATH=C:\ProgramData\Oracle\Java\javapath;C:\WINDOWS\system32;C:\WINDOWS;C:\WINDOWS\System32\Wbem;C:\WINDOWS\System32\WindowsPowerShell\v1.0\;C:\OpenSSL;;C:\WINDOWS\System32\OpenSSH\;C:\Users\Goo\AppData\Local\Microsoft\WindowsApps;
USERNAME=Goo
OS=Windows_NT
PROCESSOR_IDENTIFIER=Intel64 Family 6 Model 158 Stepping 9, GenuineIntel



---------------  S Y S T E M  ---------------

OS: Windows 10.0 , 64 bit Build 17134 (10.0.17134.1)

CPU:total 8 (initial active 8) (4 cores per cpu, 2 threads per core) family 6 model 158 stepping 9, cmov, cx8, fxsr, mmx, sse, sse2, sse3, ssse3, sse4.1, sse4.2, popcnt, avx, avx2, aes, clmul, erms, 3dnowpref, lzcnt, ht, tsc, tscinvbit, bmi1, bmi2, adx

Memory: 4k page, physical 16692940k(5119624k free), swap 16692940k(512k free)

vm_info: OpenJDK 64-Bit Server VM (25.152-b01) for windows-amd64 JRE (1.8.0_152-release-915-b01), built by "builder" with MS VC++ 10.0 (VS2010)

time: Sun May 27 00:46:04 2018
elapsed time: 1 seconds (0d 0h 0m 1s)

