#
# There is insufficient memory for the Java Runtime Environment to continue.
# Native memory allocation (malloc) failed to allocate 1061456 bytes for Chunk::new
# Possible reasons:
#   The system is out of physical RAM or swap space
#   In 32 bit mode, the process size limit was hit
# Possible solutions:
#   Reduce memory load on the system
#   Increase physical memory or swap space
#   Check if swap backing store is full
#   Use 64 bit Java on a 64 bit OS
#   Decrease Java heap size (-Xmx/-Xms)
#   Decrease number of Java threads
#   Decrease Java thread stack sizes (-Xss)
#   Set larger code cache with -XX:ReservedCodeCacheSize=
# This output file may be truncated or incomplete.
#
#  Out of Memory Error (allocation.cpp:390), pid=7320, tid=0x0000000000001ac4
#
# JRE version: OpenJDK Runtime Environment (8.0_152-b01) (build 1.8.0_152-release-915-b01)
# Java VM: OpenJDK 64-Bit Server VM (25.152-b01 mixed mode windows-amd64 compressed oops)
# Failed to write core dump. Minidumps are not enabled by default on client versions of Windows
#

---------------  T H R E A D  ---------------

Current thread (0x00000000153e2000):  JavaThread "C2 CompilerThread2" daemon [_thread_in_native, id=6852, stack(0x0000000015c50000,0x0000000015d50000)]

Stack: [0x0000000015c50000,0x0000000015d50000]
[error occurred during error reporting (printing stack bounds), id 0xc0000005]

Native frames: (J=compiled Java code, j=interpreted, Vv=VM code, C=native code)


Current CompileTask:
C2:   1255  933       4       org.objectweb.asm.ClassReader::a (3587 bytes)


---------------  P R O C E S S  ---------------

Java Threads: ( => current thread )
  0x0000000015400000 JavaThread "Service Thread" daemon [_thread_blocked, id=5168, stack(0x0000000015e50000,0x0000000015f50000)]
  0x00000000153f1000 JavaThread "C1 CompilerThread3" daemon [_thread_in_vm, id=5356, stack(0x0000000015d50000,0x0000000015e50000)]
=>0x00000000153e2000 JavaThread "C2 CompilerThread2" daemon [_thread_in_native, id=6852, stack(0x0000000015c50000,0x0000000015d50000)]
  0x000000001347d800 JavaThread "C2 CompilerThread1" daemon [_thread_in_native, id=10896, stack(0x0000000015b50000,0x0000000015c50000)]
  0x00000000153df000 JavaThread "C2 CompilerThread0" daemon [_thread_in_native, id=7300, stack(0x0000000015a50000,0x0000000015b50000)]
  0x00000000153dd800 JavaThread "Attach Listener" daemon [_thread_blocked, id=3136, stack(0x0000000015950000,0x0000000015a50000)]
  0x0000000015389800 JavaThread "Signal Dispatcher" daemon [_thread_blocked, id=7536, stack(0x0000000015850000,0x0000000015950000)]
  0x0000000015370800 JavaThread "Finalizer" daemon [_thread_blocked, id=10496, stack(0x0000000015750000,0x0000000015850000)]
  0x0000000002cb7000 JavaThread "Reference Handler" daemon [_thread_blocked, id=1292, stack(0x0000000015250000,0x0000000015350000)]
  0x00000000026bd800 JavaThread "main" [_thread_in_Java, id=7928, stack(0x0000000002ac0000,0x0000000002bc0000)]

Other Threads:
  0x0000000013465000 VMThread [stack: 0x0000000015150000,0x0000000015250000] [id=12416]
  0x0000000015401000 WatcherThread [stack: 0x0000000015f50000,0x0000000016050000] [id=8456]

VM state:not at safepoint (normal execution)

VM Mutex/Monitor currently owned by a thread:  ([mutex/lock_event])
[0x0000000002bc19d0] Compile_lock - owner thread: 0x00000000153f1000

Heap:
 PSYoungGen      total 18944K, used 2924K [0x00000000feb00000, 0x0000000100000000, 0x0000000100000000)
  eden space 16384K, 2% used [0x00000000feb00000,0x00000000feb62b80,0x00000000ffb00000)
  from space 2560K, 98% used [0x00000000ffb00000,0x00000000ffd785a8,0x00000000ffd80000)
  to   space 2560K, 0% used [0x00000000ffd80000,0x00000000ffd80000,0x0000000100000000)
 ParOldGen       total 44032K, used 7000K [0x00000000fc000000, 0x00000000feb00000, 0x00000000feb00000)
  object space 44032K, 15% used [0x00000000fc000000,0x00000000fc6d6258,0x00000000feb00000)
 Metaspace       used 7708K, capacity 7842K, committed 7936K, reserved 1056768K
  class space    used 875K, capacity 957K, committed 1024K, reserved 1048576K

Card table byte_map: [0x00000000025e0000,0x0000000002610000] byte_map_base: 0x0000000001e00000

Marking Bits: (ParMarkBitMap*) 0x000000005d303950
 Begin Bits: [0x0000000012880000, 0x0000000012980000)
 End Bits:   [0x0000000012980000, 0x0000000012a80000)

Polling page: 0x00000000007b0000

CodeCache: size=245760Kb used=3943Kb max_used=3943Kb free=241816Kb
 bounds [0x0000000002cc0000, 0x00000000030a0000, 0x0000000011cc0000]
 total_blobs=1417 nmethods=1082 adapters=248
 compilation: enabled

Compilation events (10 events):
Event: 1.192 Thread 0x00000000153f1000 nmethod 1072 0x00000000030960d0 code [0x0000000003096260, 0x0000000003096678]
Event: 1.193 Thread 0x00000000153f1000 1073       3       org.objectweb.asm.MethodVisitor::visitParameterAnnotation (20 bytes)
Event: 1.193 Thread 0x00000000153f1000 nmethod 1073 0x0000000003095c10 code [0x0000000003095d80, 0x0000000003095fe8]
Event: 1.193 Thread 0x00000000153f1000 1074       3       org.objectweb.asm.AnnotationVisitor::<init> (7 bytes)
Event: 1.193 Thread 0x00000000153f1000 nmethod 1074 0x0000000003095590 code [0x0000000003095720, 0x0000000003095a88]
Event: 1.193 Thread 0x00000000153f1000 1075       3       org.objectweb.asm.AnnotationVisitor::<init> (35 bytes)
Event: 1.194 Thread 0x00000000153f1000 nmethod 1075 0x0000000003095010 code [0x0000000003095180, 0x0000000003095488]
Event: 1.197 Thread 0x00000000153f1000 1076       1       org.objectweb.asm.MethodWriter::visitCode (1 bytes)
Event: 1.197 Thread 0x00000000153f1000 nmethod 1076 0x0000000003094d50 code [0x0000000003094ea0, 0x0000000003094fb0]
Event: 1.197 Thread 0x000000001347d800 1077       4       org.objectweb.asm.MethodVisitor::visitFieldInsn (20 bytes)

GC Heap History (6 events):
Event: 0.650 GC heap before
{Heap before GC invocations=1 (full 0):
 PSYoungGen      total 18944K, used 16384K [0x00000000feb00000, 0x0000000100000000, 0x0000000100000000)
  eden space 16384K, 100% used [0x00000000feb00000,0x00000000ffb00000,0x00000000ffb00000)
  from space 2560K, 0% used [0x00000000ffd80000,0x00000000ffd80000,0x0000000100000000)
  to   space 2560K, 0% used [0x00000000ffb00000,0x00000000ffb00000,0x00000000ffd80000)
 ParOldGen       total 44032K, used 0K [0x00000000fc000000, 0x00000000feb00000, 0x00000000feb00000)
  object space 44032K, 0% used [0x00000000fc000000,0x00000000fc000000,0x00000000feb00000)
 Metaspace       used 6623K, capacity 6800K, committed 7040K, reserved 1056768K
  class space    used 773K, capacity 824K, committed 896K, reserved 1048576K
Event: 0.654 GC heap after
Heap after GC invocations=1 (full 0):
 PSYoungGen      total 18944K, used 2553K [0x00000000feb00000, 0x0000000100000000, 0x0000000100000000)
  eden space 16384K, 0% used [0x00000000feb00000,0x00000000feb00000,0x00000000ffb00000)
  from space 2560K, 99% used [0x00000000ffb00000,0x00000000ffd7e630,0x00000000ffd80000)
  to   space 2560K, 0% used [0x00000000ffd80000,0x00000000ffd80000,0x0000000100000000)
 ParOldGen       total 44032K, used 1609K [0x00000000fc000000, 0x00000000feb00000, 0x00000000feb00000)
  object space 44032K, 3% used [0x00000000fc000000,0x00000000fc1924f0,0x00000000feb00000)
 Metaspace       used 6623K, capacity 6800K, committed 7040K, reserved 1056768K
  class space    used 773K, capacity 824K, committed 896K, reserved 1048576K
}
Event: 0.862 GC heap before
{Heap before GC invocations=2 (full 0):
 PSYoungGen      total 18944K, used 18937K [0x00000000feb00000, 0x0000000100000000, 0x0000000100000000)
  eden space 16384K, 100% used [0x00000000feb00000,0x00000000ffb00000,0x00000000ffb00000)
  from space 2560K, 99% used [0x00000000ffb00000,0x00000000ffd7e630,0x00000000ffd80000)
  to   space 2560K, 0% used [0x00000000ffd80000,0x00000000ffd80000,0x0000000100000000)
 ParOldGen       total 44032K, used 1609K [0x00000000fc000000, 0x00000000feb00000, 0x00000000feb00000)
  object space 44032K, 3% used [0x00000000fc000000,0x00000000fc1924f0,0x00000000feb00000)
 Metaspace       used 6945K, capacity 7106K, committed 7296K, reserved 1056768K
  class space    used 814K, capacity 861K, committed 896K, reserved 1048576K
Event: 0.886 GC heap after
Heap after GC invocations=2 (full 0):
 PSYoungGen      total 18944K, used 2531K [0x00000000feb00000, 0x0000000100000000, 0x0000000100000000)
  eden space 16384K, 0% used [0x00000000feb00000,0x00000000feb00000,0x00000000ffb00000)
  from space 2560K, 98% used [0x00000000ffd80000,0x00000000ffff8e20,0x0000000100000000)
  to   space 2560K, 0% used [0x00000000ffb00000,0x00000000ffb00000,0x00000000ffd80000)
 ParOldGen       total 44032K, used 5934K [0x00000000fc000000, 0x00000000feb00000, 0x00000000feb00000)
  object space 44032K, 13% used [0x00000000fc000000,0x00000000fc5cb9e8,0x00000000feb00000)
 Metaspace       used 6945K, capacity 7106K, committed 7296K, reserved 1056768K
  class space    used 814K, capacity 861K, committed 896K, reserved 1048576K
}
Event: 1.201 GC heap before
{Heap before GC invocations=3 (full 0):
 PSYoungGen      total 18944K, used 18915K [0x00000000feb00000, 0x0000000100000000, 0x0000000100000000)
  eden space 16384K, 100% used [0x00000000feb00000,0x00000000ffb00000,0x00000000ffb00000)
  from space 2560K, 98% used [0x00000000ffd80000,0x00000000ffff8e20,0x0000000100000000)
  to   space 2560K, 0% used [0x00000000ffb00000,0x00000000ffb00000,0x00000000ffd80000)
 ParOldGen       total 44032K, used 5934K [0x00000000fc000000, 0x00000000feb00000, 0x00000000feb00000)
  object space 44032K, 13% used [0x00000000fc000000,0x00000000fc5cb9e8,0x00000000feb00000)
 Metaspace       used 7705K, capacity 7842K, committed 7936K, reserved 1056768K
  class space    used 875K, capacity 957K, committed 1024K, reserved 1048576K
Event: 1.251 GC heap after
Heap after GC invocations=3 (full 0):
 PSYoungGen      total 18944K, used 2529K [0x00000000feb00000, 0x0000000100000000, 0x0000000100000000)
  eden space 16384K, 0% used [0x00000000feb00000,0x00000000feb00000,0x00000000ffb00000)
  from space 2560K, 98% used [0x00000000ffb00000,0x00000000ffd785a8,0x00000000ffd80000)
  to   space 2560K, 0% used [0x00000000ffd80000,0x00000000ffd80000,0x0000000100000000)
 ParOldGen       total 44032K, used 7000K [0x00000000fc000000, 0x00000000feb00000, 0x00000000feb00000)
  object space 44032K, 15% used [0x00000000fc000000,0x00000000fc6d6258,0x00000000feb00000)
 Metaspace       used 7705K, capacity 7842K, committed 7936K, reserved 1056768K
  class space    used 875K, capacity 957K, committed 1024K, reserved 1048576K
}

Deoptimization events (10 events):
Event: 0.638 Thread 0x00000000026bd800 Uncommon trap: reason=unstable_if action=reinterpret pc=0x0000000002ef519c method=java.util.zip.ZipFile$ZipEntryIterator.hasNext()Z @ 25
Event: 0.638 Thread 0x00000000026bd800 Uncommon trap: reason=unstable_if action=reinterpret pc=0x0000000002ef622c method=java.util.zip.ZipCoder.decoder()Ljava/nio/charset/CharsetDecoder; @ 4
Event: 0.681 Thread 0x00000000026bd800 Uncommon trap: reason=unstable_if action=reinterpret pc=0x0000000002ef872c method=java.util.zip.ZipCoder.decoder()Ljava/nio/charset/CharsetDecoder; @ 4
Event: 0.681 Thread 0x00000000026bd800 Uncommon trap: reason=unstable_if action=reinterpret pc=0x0000000002eeb0d8 method=java.util.zip.ZipCoder.decoder()Ljava/nio/charset/CharsetDecoder; @ 4
Event: 0.682 Thread 0x00000000026bd800 Uncommon trap: reason=unstable_if action=reinterpret pc=0x0000000002ee9980 method=java.util.zip.ZipCoder.decoder()Ljava/nio/charset/CharsetDecoder; @ 4
Event: 0.688 Thread 0x00000000026bd800 Uncommon trap: reason=unstable_if action=reinterpret pc=0x0000000002f0a608 method=java.util.HashMap$HashIterator.nextNode()Ljava/util/HashMap$Node; @ 74
Event: 0.747 Thread 0x00000000026bd800 Uncommon trap: reason=unstable_if action=reinterpret pc=0x0000000002f0a1c8 method=java.util.HashMap$HashIterator.nextNode()Ljava/util/HashMap$Node; @ 74
Event: 0.833 Thread 0x00000000026bd800 Uncommon trap: reason=unloaded action=reinterpret pc=0x0000000002efbabc method=java.util.zip.ZipEntry.setExtra0([BZ)V @ 37
Event: 0.941 Thread 0x00000000026bd800 Uncommon trap: reason=unstable_if action=reinterpret pc=0x0000000002e685b8 method=java.lang.String.<init>([CII)V @ 18
Event: 1.060 Thread 0x00000000026bd800 Uncommon trap: reason=unstable_if action=reinterpret pc=0x0000000002fa73b4 method=org.objectweb.asm.ClassReader.readUTF8(I[C)Ljava/lang/String; @ 7

Classes redefined (0 events):
No events

Internal exceptions (10 events):
Event: 0.742 Thread 0x00000000026bd800 Exception <a 'sun/nio/fs/WindowsException'> (0x00000000ff209f40) thrown at [D:\src\AOSP-openjdk-cygwin\jdk8u\hotspot\src\share\vm\prims\jni.cpp, line 709]
Event: 0.742 Thread 0x00000000026bd800 Exception <a 'sun/nio/fs/WindowsException'> (0x00000000ff20a4e0) thrown at [D:\src\AOSP-openjdk-cygwin\jdk8u\hotspot\src\share\vm\prims\jni.cpp, line 709]
Event: 0.742 Thread 0x00000000026bd800 Exception <a 'sun/nio/fs/WindowsException'> (0x00000000ff20ac90) thrown at [D:\src\AOSP-openjdk-cygwin\jdk8u\hotspot\src\share\vm\prims\jni.cpp, line 709]
Event: 0.752 Thread 0x00000000026bd800 Exception <a 'sun/nio/fs/WindowsException'> (0x00000000ff20ffd0) thrown at [D:\src\AOSP-openjdk-cygwin\jdk8u\hotspot\src\share\vm\prims\jni.cpp, line 709]
Event: 0.900 Thread 0x00000000026bd800 Exception <a 'sun/nio/fs/WindowsException'> (0x00000000febbac00) thrown at [D:\src\AOSP-openjdk-cygwin\jdk8u\hotspot\src\share\vm\prims\jni.cpp, line 709]
Event: 0.900 Thread 0x00000000026bd800 Exception <a 'sun/nio/fs/WindowsException'> (0x00000000febbb158) thrown at [D:\src\AOSP-openjdk-cygwin\jdk8u\hotspot\src\share\vm\prims\jni.cpp, line 709]
Event: 0.972 Thread 0x00000000026bd800 Exception <a 'sun/nio/fs/WindowsException'> (0x00000000fee51708) thrown at [D:\src\AOSP-openjdk-cygwin\jdk8u\hotspot\src\share\vm\prims\jni.cpp, line 709]
Event: 0.972 Thread 0x00000000026bd800 Exception <a 'sun/nio/fs/WindowsException'> (0x00000000fee51be0) thrown at [D:\src\AOSP-openjdk-cygwin\jdk8u\hotspot\src\share\vm\prims\jni.cpp, line 709]
Event: 0.993 Thread 0x00000000026bd800 Exception <a 'sun/nio/fs/WindowsException'> (0x00000000fee55098) thrown at [D:\src\AOSP-openjdk-cygwin\jdk8u\hotspot\src\share\vm\prims\jni.cpp, line 709]
Event: 0.994 Thread 0x00000000026bd800 Exception <a 'sun/nio/fs/WindowsException'> (0x00000000fee55570) thrown at [D:\src\AOSP-openjdk-cygwin\jdk8u\hotspot\src\share\vm\prims\jni.cpp, line 709]

Events (10 events):
Event: 0.945 loading class org/objectweb/asm/Handler done
Event: 0.967 loading class java/util/Vector$Itr
Event: 0.967 loading class java/util/Vector$Itr done
Event: 1.060 Thread 0x00000000026bd800 Uncommon trap: trap_request=0xffffff65 fr.pc=0x0000000002fa73b4
Event: 1.060 Thread 0x00000000026bd800 DEOPT PACKING pc=0x0000000002fa73b4 sp=0x0000000002bbea20
Event: 1.060 Thread 0x00000000026bd800 DEOPT UNPACKING pc=0x0000000002d0556a sp=0x0000000002bbe9f0 mode 2
Event: 1.188 Executing VM operation: ForceSafepoint
Event: 1.188 Executing VM operation: ForceSafepoint done
Event: 1.201 Executing VM operation: ParallelGCFailedAllocation
Event: 1.251 Executing VM operation: ParallelGCFailedAllocation done


Dynamic libraries:
0x00007ff6199f0000 - 0x00007ff619a21000 	C:\Program Files\Android\Android Studio\jre\bin\java.exe
0x00007ff98de30000 - 0x00007ff98e011000 	C:\WINDOWS\SYSTEM32\ntdll.dll
0x00007ff98c160000 - 0x00007ff98c212000 	C:\WINDOWS\System32\KERNEL32.DLL
0x00007ff98a400000 - 0x00007ff98a673000 	C:\WINDOWS\System32\KERNELBASE.dll
0x00007ff98b860000 - 0x00007ff98b901000 	C:\WINDOWS\System32\ADVAPI32.dll
0x00007ff98bd20000 - 0x00007ff98bdbe000 	C:\WINDOWS\System32\msvcrt.dll
0x00007ff98b910000 - 0x00007ff98b96b000 	C:\WINDOWS\System32\sechost.dll
0x00007ff98b3b0000 - 0x00007ff98b4d4000 	C:\WINDOWS\System32\RPCRT4.dll
0x00007ff98b9f0000 - 0x00007ff98bb80000 	C:\WINDOWS\System32\USER32.dll
0x00007ff98b2a0000 - 0x00007ff98b2c0000 	C:\WINDOWS\System32\win32u.dll
0x00007ff98b380000 - 0x00007ff98b3a8000 	C:\WINDOWS\System32\GDI32.dll
0x00007ff98b060000 - 0x00007ff98b1f2000 	C:\WINDOWS\System32\gdi32full.dll
0x00007ff98b200000 - 0x00007ff98b29f000 	C:\WINDOWS\System32\msvcp_win.dll
0x00007ff98a300000 - 0x00007ff98a3fa000 	C:\WINDOWS\System32\ucrtbase.dll
0x00007ff97d610000 - 0x00007ff97d879000 	C:\WINDOWS\WinSxS\amd64_microsoft.windows.common-controls_6595b64144ccf1df_6.0.17134.48_none_b4b2216a3cb4dd3e\COMCTL32.dll
0x00007ff98bdd0000 - 0x00007ff98c0f3000 	C:\WINDOWS\System32\combase.dll
0x00007ff98adf0000 - 0x00007ff98ae6a000 	C:\WINDOWS\System32\bcryptPrimitives.dll
0x00007ff98b5c0000 - 0x00007ff98b5ed000 	C:\WINDOWS\System32\IMM32.DLL
0x000000005ca60000 - 0x000000005cb32000 	C:\Program Files\Android\Android Studio\jre\jre\bin\msvcr100.dll
0x000000005cb40000 - 0x000000005d37e000 	C:\Program Files\Android\Android Studio\jre\jre\bin\server\jvm.dll
0x00007ff98b5b0000 - 0x00007ff98b5b8000 	C:\WINDOWS\System32\PSAPI.DLL
0x00007ff987c20000 - 0x00007ff987c43000 	C:\WINDOWS\SYSTEM32\WINMM.dll
0x00007ff982480000 - 0x00007ff98248a000 	C:\WINDOWS\SYSTEM32\VERSION.dll
0x00007ff987620000 - 0x00007ff98764a000 	C:\WINDOWS\SYSTEM32\WINMMBASE.dll
0x00007ff98a2b0000 - 0x00007ff98a2f9000 	C:\WINDOWS\System32\cfgmgr32.dll
0x00007ff985c60000 - 0x00007ff985c69000 	C:\WINDOWS\SYSTEM32\WSOCK32.dll
0x00007ff98b970000 - 0x00007ff98b9dc000 	C:\WINDOWS\System32\WS2_32.dll
0x00007ff96ba40000 - 0x00007ff96ba4f000 	C:\Program Files\Android\Android Studio\jre\jre\bin\verify.dll
0x00007ff96ba10000 - 0x00007ff96ba39000 	C:\Program Files\Android\Android Studio\jre\jre\bin\java.dll
0x00007ff96b9f0000 - 0x00007ff96ba06000 	C:\Program Files\Android\Android Studio\jre\jre\bin\zip.dll
0x00007ff98c2a0000 - 0x00007ff98d6e0000 	C:\WINDOWS\System32\SHELL32.dll
0x00007ff98b4e0000 - 0x00007ff98b589000 	C:\WINDOWS\System32\shcore.dll
0x00007ff98a680000 - 0x00007ff98ad8d000 	C:\WINDOWS\System32\windows.storage.dll
0x00007ff98b320000 - 0x00007ff98b371000 	C:\WINDOWS\System32\shlwapi.dll
0x00007ff98a170000 - 0x00007ff98a181000 	C:\WINDOWS\System32\kernel.appcore.dll
0x00007ff98a190000 - 0x00007ff98a1af000 	C:\WINDOWS\System32\profapi.dll
0x00007ff98a1b0000 - 0x00007ff98a1fc000 	C:\WINDOWS\System32\powrprof.dll
0x00007ff98a160000 - 0x00007ff98a16a000 	C:\WINDOWS\System32\FLTLIB.DLL
0x00007ff989b70000 - 0x00007ff989b87000 	C:\WINDOWS\SYSTEM32\CRYPTSP.dll
0x00007ff9895a0000 - 0x00007ff9895d3000 	C:\WINDOWS\system32\rsaenh.dll
0x00007ff989ca0000 - 0x00007ff989cc5000 	C:\WINDOWS\SYSTEM32\bcrypt.dll
0x00007ff98a040000 - 0x00007ff98a068000 	C:\WINDOWS\SYSTEM32\USERENV.dll
0x00007ff989b90000 - 0x00007ff989b9b000 	C:\WINDOWS\SYSTEM32\CRYPTBASE.dll
0x00007ff96b9d0000 - 0x00007ff96b9ea000 	C:\Program Files\Android\Android Studio\jre\jre\bin\net.dll
0x00007ff9899c0000 - 0x00007ff989a26000 	C:\WINDOWS\system32\mswsock.dll
0x00007ff989740000 - 0x00007ff989778000 	C:\WINDOWS\SYSTEM32\IPHLPAPI.DLL
0x00007ff98bdc0000 - 0x00007ff98bdc8000 	C:\WINDOWS\System32\NSI.dll
0x00007ff982c80000 - 0x00007ff982c96000 	C:\WINDOWS\SYSTEM32\dhcpcsvc6.DLL
0x00007ff982c60000 - 0x00007ff982c7a000 	C:\WINDOWS\SYSTEM32\dhcpcsvc.DLL
0x00007ff967fc0000 - 0x00007ff967fd1000 	C:\Program Files\Android\Android Studio\jre\jre\bin\nio.dll

VM Arguments:
jvm_args: -Djava.awt.headless=true -Xmx64M -Dfile.encoding=x-windows-949 -Duser.country=KR -Duser.language=ko -Duser.variant 
java_command: com.google.devtools.build.android.desugar.Desugar @D:\test\app\build\intermediates\tmp\desugar_args1098318105132001501
java_class_path (initial): C:\Users\Goo\AppData\Local\Temp\desugar_deploy.jar3189730495422438638
Launcher Type: SUN_STANDARD

Environment Variables:
PATH=C:\ProgramData\Oracle\Java\javapath;C:\WINDOWS\system32;C:\WINDOWS;C:\WINDOWS\System32\Wbem;C:\WINDOWS\System32\WindowsPowerShell\v1.0\;C:\OpenSSL;;C:\WINDOWS\System32\OpenSSH\;C:\Users\Goo\AppData\Local\Microsoft\WindowsApps;
USERNAME=Goo
OS=Windows_NT
PROCESSOR_IDENTIFIER=Intel64 Family 6 Model 158 Stepping 9, GenuineIntel



---------------  S Y S T E M  ---------------

OS: Windows 10.0 , 64 bit Build 17134 (10.0.17134.1)

CPU:total 8 (initial active 8) (4 cores per cpu, 2 threads per core) family 6 model 158 stepping 9, cmov, cx8, fxsr, mmx, sse, sse2, sse3, ssse3, sse4.1, sse4.2, popcnt, avx, avx2, aes, clmul, erms, 3dnowpref, lzcnt, ht, tsc, tscinvbit, bmi1, bmi2, adx

Memory: 4k page, physical 16692940k(2465616k free), swap 16692940k(1368k free)

vm_info: OpenJDK 64-Bit Server VM (25.152-b01) for windows-amd64 JRE (1.8.0_152-release-915-b01), built by "builder" with MS VC++ 10.0 (VS2010)

time: Sun Jun 10 23:51:22 2018
elapsed time: 1 seconds (0d 0h 0m 1s)

