#
# There is insufficient memory for the Java Runtime Environment to continue.
# Native memory allocation (malloc) failed to allocate 2526096 bytes for Chunk::new
# Possible reasons:
#   The system is out of physical RAM or swap space
#   In 32 bit mode, the process size limit was hit
# Possible solutions:
#   Reduce memory load on the system
#   Increase physical memory or swap space
#   Check if swap backing store is full
#   Use 64 bit Java on a 64 bit OS
#   Decrease Java heap size (-Xmx/-Xms)
#   Decrease number of Java threads
#   Decrease Java thread stack sizes (-Xss)
#   Set larger code cache with -XX:ReservedCodeCacheSize=
# This output file may be truncated or incomplete.
#
#  Out of Memory Error (allocation.cpp:390), pid=12212, tid=0x0000000000003908
#
# JRE version: OpenJDK Runtime Environment (8.0_152-b01) (build 1.8.0_152-release-915-b01)
# Java VM: OpenJDK 64-Bit Server VM (25.152-b01 mixed mode windows-amd64 compressed oops)
# Failed to write core dump. Minidumps are not enabled by default on client versions of Windows
#

---------------  T H R E A D  ---------------

Current thread (0x00000000138aa800):  JavaThread "C2 CompilerThread1" daemon [_thread_in_native, id=14600, stack(0x0000000016000000,0x0000000016100000)]

Stack: [0x0000000016000000,0x0000000016100000]
[error occurred during error reporting (printing stack bounds), id 0xc0000005]

Native frames: (J=compiled Java code, j=interpreted, Vv=VM code, C=native code)


Current CompileTask:
C2:   3205  908 %     4       org.objectweb.asm.ClassReader::a @ 74 (3587 bytes)


---------------  P R O C E S S  ---------------

Java Threads: ( => current thread )
  0x000000001580c000 JavaThread "Service Thread" daemon [_thread_blocked, id=15268, stack(0x0000000016300000,0x0000000016400000)]
  0x0000000015806000 JavaThread "C1 CompilerThread3" daemon [_thread_blocked, id=12088, stack(0x0000000016200000,0x0000000016300000)]
  0x0000000015801000 JavaThread "C2 CompilerThread2" daemon [_thread_blocked, id=8440, stack(0x0000000016100000,0x0000000016200000)]
=>0x00000000138aa800 JavaThread "C2 CompilerThread1" daemon [_thread_in_native, id=14600, stack(0x0000000016000000,0x0000000016100000)]
  0x00000000157ab800 JavaThread "C2 CompilerThread0" daemon [_thread_blocked, id=5852, stack(0x0000000015f00000,0x0000000016000000)]
  0x00000000157aa000 JavaThread "Attach Listener" daemon [_thread_blocked, id=6132, stack(0x0000000015e00000,0x0000000015f00000)]
  0x0000000015800000 JavaThread "Signal Dispatcher" daemon [_thread_blocked, id=12432, stack(0x0000000015d00000,0x0000000015e00000)]
  0x00000000030ee000 JavaThread "Finalizer" daemon [_thread_blocked, id=13072, stack(0x0000000015b70000,0x0000000015c70000)]
  0x00000000030e7000 JavaThread "Reference Handler" daemon [_thread_blocked, id=10260, stack(0x0000000015670000,0x0000000015770000)]
  0x0000000002fed800 JavaThread "main" [_thread_in_native, id=11612, stack(0x0000000002ed0000,0x0000000002fd0000)]

Other Threads:
  0x0000000013895800 VMThread [stack: 0x0000000015570000,0x0000000015670000] [id=10972]
  0x000000001580d000 WatcherThread [stack: 0x0000000016400000,0x0000000016500000] [id=7896]

VM state:not at safepoint (normal execution)

VM Mutex/Monitor currently owned by a thread: None

Heap:
 PSYoungGen      total 18944K, used 4885K [0x00000000feb00000, 0x0000000100000000, 0x0000000100000000)
  eden space 16384K, 14% used [0x00000000feb00000,0x00000000fed48788,0x00000000ffb00000)
  from space 2560K, 99% used [0x00000000ffb00000,0x00000000ffd7cd98,0x00000000ffd80000)
  to   space 2560K, 0% used [0x00000000ffd80000,0x00000000ffd80000,0x0000000100000000)
 ParOldGen       total 44032K, used 6943K [0x00000000fc000000, 0x00000000feb00000, 0x00000000feb00000)
  object space 44032K, 15% used [0x00000000fc000000,0x00000000fc6c7ca8,0x00000000feb00000)
 Metaspace       used 7669K, capacity 7846K, committed 7936K, reserved 1056768K
  class space    used 875K, capacity 957K, committed 1024K, reserved 1048576K

Card table byte_map: [0x0000000002ad0000,0x0000000002b00000] byte_map_base: 0x00000000022f0000

Marking Bits: (ParMarkBitMap*) 0x0000000064643950
 Begin Bits: [0x0000000012cb0000, 0x0000000012db0000)
 End Bits:   [0x0000000012db0000, 0x0000000012eb0000)

Polling page: 0x0000000000c20000

CodeCache: size=245760Kb used=3859Kb max_used=3870Kb free=241900Kb
 bounds [0x00000000030f0000, 0x00000000034c0000, 0x00000000120f0000]
 total_blobs=1380 nmethods=1046 adapters=248
 compilation: enabled

Compilation events (10 events):
Event: 3.012 Thread 0x00000000157ab800 nmethod 1009 0x00000000034b8c90 code [0x00000000034b8de0, 0x00000000034b8fb8]
Event: 3.012 Thread 0x00000000157ab800  990       4       org.objectweb.asm.ClassVisitor::visitMethod (24 bytes)
Event: 3.012 Thread 0x00000000157ab800 nmethod 990 0x0000000003432f10 code [0x0000000003433040, 0x00000000034330d8]
Event: 3.012 Thread 0x00000000157ab800 1024       4       org.objectweb.asm.tree.MethodNode::visitInsn (16 bytes)
Event: 3.013 Thread 0x0000000015801000 nmethod 1032 0x00000000034b7290 code [0x00000000034b73e0, 0x00000000034b7658]
Event: 3.013 Thread 0x0000000015801000 1023       4       org.objectweb.asm.MethodVisitor::visitLineNumber (17 bytes)
Event: 3.014 Thread 0x00000000157ab800 nmethod 1024 0x00000000034af610 code [0x00000000034af760, 0x00000000034af8b8]
Event: 3.021 Thread 0x0000000015801000 nmethod 1023 0x00000000034b6290 code [0x00000000034b6440, 0x00000000034b6b78]
Event: 3.148 Thread 0x0000000015806000 1047       3       com.google.common.base.Preconditions::checkState (25 bytes)
Event: 3.148 Thread 0x0000000015806000 nmethod 1047 0x00000000034b8550 code [0x00000000034b86e0, 0x00000000034b8af8]

GC Heap History (6 events):
Event: 1.528 GC heap before
{Heap before GC invocations=1 (full 0):
 PSYoungGen      total 18944K, used 16384K [0x00000000feb00000, 0x0000000100000000, 0x0000000100000000)
  eden space 16384K, 100% used [0x00000000feb00000,0x00000000ffb00000,0x00000000ffb00000)
  from space 2560K, 0% used [0x00000000ffd80000,0x00000000ffd80000,0x0000000100000000)
  to   space 2560K, 0% used [0x00000000ffb00000,0x00000000ffb00000,0x00000000ffd80000)
 ParOldGen       total 44032K, used 0K [0x00000000fc000000, 0x00000000feb00000, 0x00000000feb00000)
  object space 44032K, 0% used [0x00000000fc000000,0x00000000fc000000,0x00000000feb00000)
 Metaspace       used 6580K, capacity 6676K, committed 6784K, reserved 1056768K
  class space    used 773K, capacity 824K, committed 896K, reserved 1048576K
Event: 1.543 GC heap after
Heap after GC invocations=1 (full 0):
 PSYoungGen      total 18944K, used 2537K [0x00000000feb00000, 0x0000000100000000, 0x0000000100000000)
  eden space 16384K, 0% used [0x00000000feb00000,0x00000000feb00000,0x00000000ffb00000)
  from space 2560K, 99% used [0x00000000ffb00000,0x00000000ffd7a620,0x00000000ffd80000)
  to   space 2560K, 0% used [0x00000000ffd80000,0x00000000ffd80000,0x0000000100000000)
 ParOldGen       total 44032K, used 1730K [0x00000000fc000000, 0x00000000feb00000, 0x00000000feb00000)
  object space 44032K, 3% used [0x00000000fc000000,0x00000000fc1b0a58,0x00000000feb00000)
 Metaspace       used 6580K, capacity 6676K, committed 6784K, reserved 1056768K
  class space    used 773K, capacity 824K, committed 896K, reserved 1048576K
}
Event: 2.107 GC heap before
{Heap before GC invocations=2 (full 0):
 PSYoungGen      total 18944K, used 18921K [0x00000000feb00000, 0x0000000100000000, 0x0000000100000000)
  eden space 16384K, 100% used [0x00000000feb00000,0x00000000ffb00000,0x00000000ffb00000)
  from space 2560K, 99% used [0x00000000ffb00000,0x00000000ffd7a620,0x00000000ffd80000)
  to   space 2560K, 0% used [0x00000000ffd80000,0x00000000ffd80000,0x0000000100000000)
 ParOldGen       total 44032K, used 1730K [0x00000000fc000000, 0x00000000feb00000, 0x00000000feb00000)
  object space 44032K, 3% used [0x00000000fc000000,0x00000000fc1b0a58,0x00000000feb00000)
 Metaspace       used 6946K, capacity 7110K, committed 7296K, reserved 1056768K
  class space    used 816K, capacity 861K, committed 896K, reserved 1048576K
Event: 2.210 GC heap after
Heap after GC invocations=2 (full 0):
 PSYoungGen      total 18944K, used 2531K [0x00000000feb00000, 0x0000000100000000, 0x0000000100000000)
  eden space 16384K, 0% used [0x00000000feb00000,0x00000000feb00000,0x00000000ffb00000)
  from space 2560K, 98% used [0x00000000ffd80000,0x00000000ffff8e20,0x0000000100000000)
  to   space 2560K, 0% used [0x00000000ffb00000,0x00000000ffb00000,0x00000000ffd80000)
 ParOldGen       total 44032K, used 5711K [0x00000000fc000000, 0x00000000feb00000, 0x00000000feb00000)
  object space 44032K, 12% used [0x00000000fc000000,0x00000000fc593f50,0x00000000feb00000)
 Metaspace       used 6946K, capacity 7110K, committed 7296K, reserved 1056768K
  class space    used 816K, capacity 861K, committed 896K, reserved 1048576K
}
Event: 2.904 GC heap before
{Heap before GC invocations=3 (full 0):
 PSYoungGen      total 18944K, used 18915K [0x00000000feb00000, 0x0000000100000000, 0x0000000100000000)
  eden space 16384K, 100% used [0x00000000feb00000,0x00000000ffb00000,0x00000000ffb00000)
  from space 2560K, 98% used [0x00000000ffd80000,0x00000000ffff8e20,0x0000000100000000)
  to   space 2560K, 0% used [0x00000000ffb00000,0x00000000ffb00000,0x00000000ffd80000)
 ParOldGen       total 44032K, used 5711K [0x00000000fc000000, 0x00000000feb00000, 0x00000000feb00000)
  object space 44032K, 12% used [0x00000000fc000000,0x00000000fc593f50,0x00000000feb00000)
 Metaspace       used 7648K, capacity 7846K, committed 7936K, reserved 1056768K
  class space    used 875K, capacity 957K, committed 1024K, reserved 1048576K
Event: 2.996 GC heap after
Heap after GC invocations=3 (full 0):
 PSYoungGen      total 18944K, used 2547K [0x00000000feb00000, 0x0000000100000000, 0x0000000100000000)
  eden space 16384K, 0% used [0x00000000feb00000,0x00000000feb00000,0x00000000ffb00000)
  from space 2560K, 99% used [0x00000000ffb00000,0x00000000ffd7cd98,0x00000000ffd80000)
  to   space 2560K, 0% used [0x00000000ffd80000,0x00000000ffd80000,0x0000000100000000)
 ParOldGen       total 44032K, used 6943K [0x00000000fc000000, 0x00000000feb00000, 0x00000000feb00000)
  object space 44032K, 15% used [0x00000000fc000000,0x00000000fc6c7ca8,0x00000000feb00000)
 Metaspace       used 7648K, capacity 7846K, committed 7936K, reserved 1056768K
  class space    used 875K, capacity 957K, committed 1024K, reserved 1048576K
}

Deoptimization events (10 events):
Event: 1.509 Thread 0x0000000002fed800 Uncommon trap: reason=unstable_if action=reinterpret pc=0x0000000003318e78 method=java.util.zip.ZipCoder.decoder()Ljava/nio/charset/CharsetDecoder; @ 4
Event: 1.510 Thread 0x0000000002fed800 Uncommon trap: reason=unstable_if action=reinterpret pc=0x0000000003316a6c method=java.util.zip.ZipCoder.decoder()Ljava/nio/charset/CharsetDecoder; @ 4
Event: 1.652 Thread 0x0000000002fed800 Uncommon trap: reason=unstable_if action=reinterpret pc=0x000000000330d458 method=java.util.zip.ZipFile.getZipEntry(Ljava/lang/String;J)Ljava/util/zip/ZipEntry; @ 19
Event: 2.034 Thread 0x0000000002fed800 Uncommon trap: reason=unloaded action=reinterpret pc=0x000000000331013c method=java.util.zip.ZipEntry.setExtra0([BZ)V @ 37
Event: 2.343 Thread 0x0000000002fed800 Uncommon trap: reason=unstable_if action=reinterpret pc=0x00000000032b5038 method=java.lang.String.<init>([CII)V @ 18
Event: 2.858 Thread 0x0000000002fed800 Uncommon trap: reason=unstable_if action=reinterpret pc=0x000000000340d54c method=org.objectweb.asm.Item.a(Lorg/objectweb/asm/Item;)Z @ 251
Event: 2.883 Thread 0x0000000002fed800 Uncommon trap: reason=unstable_if action=reinterpret pc=0x0000000003412cd4 method=org.objectweb.asm.Type.getArgumentsAndReturnSizes(Ljava/lang/String;)I @ 47
Event: 2.883 Thread 0x0000000002fed800 Uncommon trap: reason=unstable_if action=reinterpret pc=0x0000000003442b30 method=org.objectweb.asm.MethodWriter.visitVarInsn(II)V @ 142
Event: 2.898 Thread 0x0000000002fed800 Uncommon trap: reason=unstable_if action=reinterpret pc=0x000000000349c490 method=org.objectweb.asm.MethodWriter.visitVarInsn(II)V @ 130
Event: 3.008 Thread 0x0000000002fed800 Uncommon trap: reason=unstable_if action=reinterpret pc=0x00000000034a30e8 method=org.objectweb.asm.Type.getArgumentsAndReturnSizes(Ljava/lang/String;)I @ 136

Classes redefined (0 events):
No events

Internal exceptions (10 events):
Event: 1.833 Thread 0x0000000002fed800 Exception <a 'sun/nio/fs/WindowsException'> (0x00000000ff1baaa8) thrown at [D:\src\AOSP-openjdk-cygwin\jdk8u\hotspot\src\share\vm\prims\jni.cpp, line 709]
Event: 1.833 Thread 0x0000000002fed800 Exception <a 'sun/nio/fs/WindowsException'> (0x00000000ff1bb048) thrown at [D:\src\AOSP-openjdk-cygwin\jdk8u\hotspot\src\share\vm\prims\jni.cpp, line 709]
Event: 1.833 Thread 0x0000000002fed800 Exception <a 'sun/nio/fs/WindowsException'> (0x00000000ff1bb7f8) thrown at [D:\src\AOSP-openjdk-cygwin\jdk8u\hotspot\src\share\vm\prims\jni.cpp, line 709]
Event: 1.891 Thread 0x0000000002fed800 Exception <a 'sun/nio/fs/WindowsException'> (0x00000000ff1c0b38) thrown at [D:\src\AOSP-openjdk-cygwin\jdk8u\hotspot\src\share\vm\prims\jni.cpp, line 709]
Event: 2.223 Thread 0x0000000002fed800 Exception <a 'sun/nio/fs/WindowsException'> (0x00000000fecba418) thrown at [D:\src\AOSP-openjdk-cygwin\jdk8u\hotspot\src\share\vm\prims\jni.cpp, line 709]
Event: 2.223 Thread 0x0000000002fed800 Exception <a 'sun/nio/fs/WindowsException'> (0x00000000fecba970) thrown at [D:\src\AOSP-openjdk-cygwin\jdk8u\hotspot\src\share\vm\prims\jni.cpp, line 709]
Event: 3.052 Thread 0x0000000002fed800 Exception <a 'sun/nio/fs/WindowsException'> (0x00000000fed16d00) thrown at [D:\src\AOSP-openjdk-cygwin\jdk8u\hotspot\src\share\vm\prims\jni.cpp, line 709]
Event: 3.053 Thread 0x0000000002fed800 Exception <a 'sun/nio/fs/WindowsException'> (0x00000000fed171d8) thrown at [D:\src\AOSP-openjdk-cygwin\jdk8u\hotspot\src\share\vm\prims\jni.cpp, line 709]
Event: 3.148 Thread 0x0000000002fed800 Exception <a 'sun/nio/fs/WindowsException'> (0x00000000fed1a690) thrown at [D:\src\AOSP-openjdk-cygwin\jdk8u\hotspot\src\share\vm\prims\jni.cpp, line 709]
Event: 3.150 Thread 0x0000000002fed800 Exception <a 'sun/nio/fs/WindowsException'> (0x00000000fed1ab68) thrown at [D:\src\AOSP-openjdk-cygwin\jdk8u\hotspot\src\share\vm\prims\jni.cpp, line 709]

Events (10 events):
Event: 2.898 Thread 0x0000000002fed800 Uncommon trap: trap_request=0xffffff65 fr.pc=0x000000000349c490
Event: 2.898 Thread 0x0000000002fed800 DEOPT PACKING pc=0x000000000349c490 sp=0x0000000002fce8c0
Event: 2.898 Thread 0x0000000002fed800 DEOPT UNPACKING pc=0x000000000313556a sp=0x0000000002fce7b8 mode 2
Event: 2.904 Executing VM operation: ParallelGCFailedAllocation
Event: 2.996 Executing VM operation: ParallelGCFailedAllocation done
Event: 3.008 Thread 0x0000000002fed800 Uncommon trap: trap_request=0xffffff65 fr.pc=0x00000000034a30e8
Event: 3.008 Thread 0x0000000002fed800 DEOPT PACKING pc=0x00000000034a30e8 sp=0x0000000002fce6f0
Event: 3.008 Thread 0x0000000002fed800 DEOPT UNPACKING pc=0x000000000313556a sp=0x0000000002fce5c8 mode 2
Event: 3.009 loading class java/util/Vector$Itr
Event: 3.010 loading class java/util/Vector$Itr done


Dynamic libraries:
0x00007ff66e6a0000 - 0x00007ff66e6d1000 	C:\Program Files\Android\Android Studio\jre\bin\java.exe
0x00007ff8140a0000 - 0x00007ff814281000 	C:\WINDOWS\SYSTEM32\ntdll.dll
0x00007ff8116c0000 - 0x00007ff811772000 	C:\WINDOWS\System32\KERNEL32.DLL
0x00007ff810e20000 - 0x00007ff811093000 	C:\WINDOWS\System32\KERNELBASE.dll
0x00007ff8120a0000 - 0x00007ff812141000 	C:\WINDOWS\System32\ADVAPI32.dll
0x00007ff813fd0000 - 0x00007ff81406e000 	C:\WINDOWS\System32\msvcrt.dll
0x00007ff811fd0000 - 0x00007ff81202b000 	C:\WINDOWS\System32\sechost.dll
0x00007ff812a60000 - 0x00007ff812b84000 	C:\WINDOWS\System32\RPCRT4.dll
0x00007ff812400000 - 0x00007ff812590000 	C:\WINDOWS\System32\USER32.dll
0x00007ff8114c0000 - 0x00007ff8114e0000 	C:\WINDOWS\System32\win32u.dll
0x00007ff811ab0000 - 0x00007ff811ad8000 	C:\WINDOWS\System32\GDI32.dll
0x00007ff811120000 - 0x00007ff8112b2000 	C:\WINDOWS\System32\gdi32full.dll
0x00007ff811420000 - 0x00007ff8114bf000 	C:\WINDOWS\System32\msvcp_win.dll
0x00007ff811320000 - 0x00007ff81141a000 	C:\WINDOWS\System32\ucrtbase.dll
0x00007ff803a20000 - 0x00007ff803c89000 	C:\WINDOWS\WinSxS\amd64_microsoft.windows.common-controls_6595b64144ccf1df_6.0.17134.112_none_fb3f961b30681c12\COMCTL32.dll
0x00007ff811ae0000 - 0x00007ff811e03000 	C:\WINDOWS\System32\combase.dll
0x00007ff8110a0000 - 0x00007ff81111a000 	C:\WINDOWS\System32\bcryptPrimitives.dll
0x00007ff811900000 - 0x00007ff81192d000 	C:\WINDOWS\System32\IMM32.DLL
0x0000000063da0000 - 0x0000000063e72000 	C:\Program Files\Android\Android Studio\jre\jre\bin\msvcr100.dll
0x0000000063e80000 - 0x00000000646be000 	C:\Program Files\Android\Android Studio\jre\jre\bin\server\jvm.dll
0x00007ff811530000 - 0x00007ff811538000 	C:\WINDOWS\System32\PSAPI.DLL
0x00007ff80cfb0000 - 0x00007ff80cfb9000 	C:\WINDOWS\SYSTEM32\WSOCK32.dll
0x00007ff812030000 - 0x00007ff81209c000 	C:\WINDOWS\System32\WS2_32.dll
0x00007ff80d170000 - 0x00007ff80d193000 	C:\WINDOWS\SYSTEM32\WINMM.dll
0x00007ff807b10000 - 0x00007ff807b1a000 	C:\WINDOWS\SYSTEM32\VERSION.dll
0x00007ff80d140000 - 0x00007ff80d16a000 	C:\WINDOWS\SYSTEM32\winmmbase.dll
0x00007ff8114e0000 - 0x00007ff811529000 	C:\WINDOWS\System32\cfgmgr32.dll
0x00007ff80b600000 - 0x00007ff80b60f000 	C:\Program Files\Android\Android Studio\jre\jre\bin\verify.dll
0x00007ffff5de0000 - 0x00007ffff5e09000 	C:\Program Files\Android\Android Studio\jre\jre\bin\java.dll
0x00007ffffa490000 - 0x00007ffffa4a6000 	C:\Program Files\Android\Android Studio\jre\jre\bin\zip.dll
0x00007ff812b90000 - 0x00007ff813fd0000 	C:\WINDOWS\System32\SHELL32.dll
0x00007ff811610000 - 0x00007ff8116b9000 	C:\WINDOWS\System32\shcore.dll
0x00007ff810470000 - 0x00007ff810b7d000 	C:\WINDOWS\System32\windows.storage.dll
0x00007ff811780000 - 0x00007ff8117d1000 	C:\WINDOWS\System32\shlwapi.dll
0x00007ff8103e0000 - 0x00007ff8103f1000 	C:\WINDOWS\System32\kernel.appcore.dll
0x00007ff8103b0000 - 0x00007ff8103cf000 	C:\WINDOWS\System32\profapi.dll
0x00007ff810400000 - 0x00007ff81044c000 	C:\WINDOWS\System32\powrprof.dll
0x00007ff8103d0000 - 0x00007ff8103da000 	C:\WINDOWS\System32\FLTLIB.DLL
0x00007ff80fde0000 - 0x00007ff80fdf7000 	C:\WINDOWS\SYSTEM32\CRYPTSP.dll
0x00007ff80f810000 - 0x00007ff80f843000 	C:\WINDOWS\system32\rsaenh.dll
0x00007ff80ff10000 - 0x00007ff80ff35000 	C:\WINDOWS\SYSTEM32\bcrypt.dll
0x00007ff8102b0000 - 0x00007ff8102d8000 	C:\WINDOWS\SYSTEM32\USERENV.dll
0x00007ff80fe00000 - 0x00007ff80fe0b000 	C:\WINDOWS\SYSTEM32\CRYPTBASE.dll
0x00007ffff66b0000 - 0x00007ffff66ca000 	C:\Program Files\Android\Android Studio\jre\jre\bin\net.dll
0x00007ff80fc30000 - 0x00007ff80fc96000 	C:\WINDOWS\system32\mswsock.dll
0x00007ff80f9b0000 - 0x00007ff80f9e8000 	C:\WINDOWS\SYSTEM32\IPHLPAPI.DLL
0x00007ff8125f0000 - 0x00007ff8125f8000 	C:\WINDOWS\System32\NSI.dll
0x00007ff808dc0000 - 0x00007ff808dd6000 	C:\WINDOWS\SYSTEM32\dhcpcsvc6.DLL
0x00007ff807ed0000 - 0x00007ff807eea000 	C:\WINDOWS\SYSTEM32\dhcpcsvc.DLL
0x00007ffff54d0000 - 0x00007ffff54e1000 	C:\Program Files\Android\Android Studio\jre\jre\bin\nio.dll

VM Arguments:
jvm_args: -Djava.awt.headless=true -Xmx64M -Dfile.encoding=x-windows-949 -Duser.country=KR -Duser.language=ko -Duser.variant 
java_command: com.google.devtools.build.android.desugar.Desugar @D:\test\app\build\intermediates\tmp\desugar_args3605501208159723241
java_class_path (initial): C:\Users\Goo\AppData\Local\Temp\desugar_deploy.jar3091555717624552904
Launcher Type: SUN_STANDARD

Environment Variables:
PATH=C:\ProgramData\Oracle\Java\javapath;C:\WINDOWS\system32;C:\WINDOWS;C:\WINDOWS\System32\Wbem;C:\WINDOWS\System32\WindowsPowerShell\v1.0\;C:\OpenSSL;C:\WINDOWS\System32\OpenSSH\;C:\Program Files\nodejs\;C:\Program Files\Git\cmd;C:\Program Files\Git\bin\git.exe;C:\Users\Goo\AppData\Local\Microsoft\WindowsApps;C:\Users\Goo\AppData\Roaming\npm;C:\Program Files\Microsoft VS Code\bin
USERNAME=Goo
OS=Windows_NT
PROCESSOR_IDENTIFIER=Intel64 Family 6 Model 158 Stepping 9, GenuineIntel



---------------  S Y S T E M  ---------------

OS: Windows 10.0 , 64 bit Build 17134 (10.0.17134.1)

CPU:total 8 (initial active 8) (4 cores per cpu, 2 threads per core) family 6 model 158 stepping 9, cmov, cx8, fxsr, mmx, sse, sse2, sse3, ssse3, sse4.1, sse4.2, popcnt, avx, avx2, aes, clmul, erms, 3dnowpref, lzcnt, ht, tsc, tscinvbit, bmi1, bmi2, adx

Memory: 4k page, physical 16692940k(1080496k free), swap 16692940k(4448k free)

vm_info: OpenJDK 64-Bit Server VM (25.152-b01) for windows-amd64 JRE (1.8.0_152-release-915-b01), built by "builder" with MS VC++ 10.0 (VS2010)

time: Sat Jul 07 00:23:04 2018
elapsed time: 3 seconds (0d 0h 0m 3s)

