#
# There is insufficient memory for the Java Runtime Environment to continue.
# Native memory allocation (malloc) failed to allocate 32744 bytes for ChunkPool::allocate
# Possible reasons:
#   The system is out of physical RAM or swap space
#   In 32 bit mode, the process size limit was hit
# Possible solutions:
#   Reduce memory load on the system
#   Increase physical memory or swap space
#   Check if swap backing store is full
#   Use 64 bit Java on a 64 bit OS
#   Decrease Java heap size (-Xmx/-Xms)
#   Decrease number of Java threads
#   Decrease Java thread stack sizes (-Xss)
#   Set larger code cache with -XX:ReservedCodeCacheSize=
# This output file may be truncated or incomplete.
#
#  Out of Memory Error (allocation.cpp:273), pid=8140, tid=0x0000000000002d50
#
# JRE version: OpenJDK Runtime Environment (8.0_152-b01) (build 1.8.0_152-release-915-b01)
# Java VM: OpenJDK 64-Bit Server VM (25.152-b01 mixed mode windows-amd64 compressed oops)
# Failed to write core dump. Minidumps are not enabled by default on client versions of Windows
#

---------------  T H R E A D  ---------------

Current thread (0x00000000153cb000):  JavaThread "C2 CompilerThread0" daemon [_thread_in_native, id=11600, stack(0x0000000015b20000,0x0000000015c20000)]

Stack: [0x0000000015b20000,0x0000000015c20000]
[error occurred during error reporting (printing stack bounds), id 0xc0000005]

Native frames: (J=compiled Java code, j=interpreted, Vv=VM code, C=native code)


Current CompileTask:
C2:   2267 1006       4       org.objectweb.asm.Type::getArgumentsAndReturnSizes (151 bytes)


---------------  P R O C E S S  ---------------

Java Threads: ( => current thread )
  0x00000000154a1800 JavaThread "Service Thread" daemon [_thread_blocked, id=2756, stack(0x0000000015f20000,0x0000000016020000)]
  0x000000001546f000 JavaThread "C1 CompilerThread3" daemon [_thread_blocked, id=3508, stack(0x0000000015e20000,0x0000000015f20000)]
  0x0000000015434000 JavaThread "C2 CompilerThread2" daemon [_thread_blocked, id=10344, stack(0x0000000015d20000,0x0000000015e20000)]
  0x00000000134ce000 JavaThread "C2 CompilerThread1" daemon [_thread_in_native, id=8960, stack(0x0000000015c20000,0x0000000015d20000)]
=>0x00000000153cb000 JavaThread "C2 CompilerThread0" daemon [_thread_in_native, id=11600, stack(0x0000000015b20000,0x0000000015c20000)]
  0x00000000153c9800 JavaThread "Attach Listener" daemon [_thread_blocked, id=11852, stack(0x0000000015a20000,0x0000000015b20000)]
  0x0000000015420000 JavaThread "Signal Dispatcher" daemon [_thread_blocked, id=4620, stack(0x0000000015920000,0x0000000015a20000)]
  0x00000000153b0800 JavaThread "Finalizer" daemon [_thread_blocked, id=2620, stack(0x0000000015790000,0x0000000015890000)]
  0x0000000002d07000 JavaThread "Reference Handler" daemon [_thread_blocked, id=1164, stack(0x0000000015290000,0x0000000015390000)]
  0x000000000263d800 JavaThread "main" [_thread_in_Java, id=1404, stack(0x0000000002b10000,0x0000000002c10000)]

Other Threads:
  0x00000000134b5800 VMThread [stack: 0x0000000015190000,0x0000000015290000] [id=2124]
  0x0000000015481000 WatcherThread [stack: 0x0000000016020000,0x0000000016120000] [id=7728]

VM state:not at safepoint (normal execution)

VM Mutex/Monitor currently owned by a thread: None

Heap:
 PSYoungGen      total 18944K, used 11569K [0x00000000feb00000, 0x0000000100000000, 0x0000000100000000)
  eden space 16384K, 55% used [0x00000000feb00000,0x00000000ff3d3af0,0x00000000ffb00000)
  from space 2560K, 98% used [0x00000000ffd80000,0x00000000ffff8ae0,0x0000000100000000)
  to   space 2560K, 0% used [0x00000000ffb00000,0x00000000ffb00000,0x00000000ffd80000)
 ParOldGen       total 44032K, used 6197K [0x00000000fc000000, 0x00000000feb00000, 0x00000000feb00000)
  object space 44032K, 14% used [0x00000000fc000000,0x00000000fc60d668,0x00000000feb00000)
 Metaspace       used 7679K, capacity 7842K, committed 7936K, reserved 1056768K
  class space    used 875K, capacity 957K, committed 1024K, reserved 1048576K

Card table byte_map: [0x0000000002580000,0x00000000025b0000] byte_map_base: 0x0000000001da0000

Marking Bits: (ParMarkBitMap*) 0x00000000677e3950
 Begin Bits: [0x00000000128d0000, 0x00000000129d0000)
 End Bits:   [0x00000000129d0000, 0x0000000012ad0000)

Polling page: 0x0000000000b20000

CodeCache: size=245760Kb used=3740Kb max_used=3742Kb free=242019Kb
 bounds [0x0000000002d10000, 0x00000000030c0000, 0x0000000011d10000]
 total_blobs=1341 nmethods=1007 adapters=248
 compilation: enabled

Compilation events (10 events):
Event: 2.258 Thread 0x000000001546f000 1004       3       java.util.zip.CRC32::getValue (10 bytes)
Event: 2.258 Thread 0x000000001546f000 nmethod 1004 0x00000000030b63d0 code [0x00000000030b6520, 0x00000000030b6690]
Event: 2.261 Thread 0x0000000015434000 nmethod 999 0x00000000030b9690 code [0x00000000030b9800, 0x00000000030b9b88]
Event: 2.262 Thread 0x000000001546f000 1005  s    3       java.io.BufferedOutputStream::write (67 bytes)
Event: 2.262 Thread 0x000000001546f000 nmethod 1005 0x00000000030b8990 code [0x00000000030b8b60, 0x00000000030b93b8]
Event: 2.264 Thread 0x00000000153cb000 1006       4       org.objectweb.asm.Type::getArgumentsAndReturnSizes (151 bytes)
Event: 2.264 Thread 0x000000001546f000 1007       3       org.objectweb.asm.ClassWriter::b (70 bytes)
Event: 2.265 Thread 0x000000001546f000 nmethod 1007 0x00000000030b81d0 code [0x00000000030b8380, 0x00000000030b87b8]
Event: 2.265 Thread 0x000000001546f000 1008       3       com.google.devtools.build.android.desugar.InterfaceDesugaring::normalizeInterfaceMethodName (41 bytes)
Event: 2.265 Thread 0x000000001546f000 nmethod 1008 0x00000000030b7510 code [0x00000000030b76e0, 0x00000000030b7ea8]

GC Heap History (4 events):
Event: 1.051 GC heap before
{Heap before GC invocations=1 (full 0):
 PSYoungGen      total 18944K, used 16384K [0x00000000feb00000, 0x0000000100000000, 0x0000000100000000)
  eden space 16384K, 100% used [0x00000000feb00000,0x00000000ffb00000,0x00000000ffb00000)
  from space 2560K, 0% used [0x00000000ffd80000,0x00000000ffd80000,0x0000000100000000)
  to   space 2560K, 0% used [0x00000000ffb00000,0x00000000ffb00000,0x00000000ffd80000)
 ParOldGen       total 44032K, used 0K [0x00000000fc000000, 0x00000000feb00000, 0x00000000feb00000)
  object space 44032K, 0% used [0x00000000fc000000,0x00000000fc000000,0x00000000feb00000)
 Metaspace       used 6622K, capacity 6800K, committed 7040K, reserved 1056768K
  class space    used 774K, capacity 824K, committed 896K, reserved 1048576K
Event: 1.146 GC heap after
Heap after GC invocations=1 (full 0):
 PSYoungGen      total 18944K, used 2553K [0x00000000feb00000, 0x0000000100000000, 0x0000000100000000)
  eden space 16384K, 0% used [0x00000000feb00000,0x00000000feb00000,0x00000000ffb00000)
  from space 2560K, 99% used [0x00000000ffb00000,0x00000000ffd7e630,0x00000000ffd80000)
  to   space 2560K, 0% used [0x00000000ffd80000,0x00000000ffd80000,0x0000000100000000)
 ParOldGen       total 44032K, used 1592K [0x00000000fc000000, 0x00000000feb00000, 0x00000000feb00000)
  object space 44032K, 3% used [0x00000000fc000000,0x00000000fc18e180,0x00000000feb00000)
 Metaspace       used 6622K, capacity 6800K, committed 7040K, reserved 1056768K
  class space    used 774K, capacity 824K, committed 896K, reserved 1048576K
}
Event: 1.589 GC heap before
{Heap before GC invocations=2 (full 0):
 PSYoungGen      total 18944K, used 18937K [0x00000000feb00000, 0x0000000100000000, 0x0000000100000000)
  eden space 16384K, 99% used [0x00000000feb00000,0x00000000ffaffff8,0x00000000ffb00000)
  from space 2560K, 99% used [0x00000000ffb00000,0x00000000ffd7e630,0x00000000ffd80000)
  to   space 2560K, 0% used [0x00000000ffd80000,0x00000000ffd80000,0x0000000100000000)
 ParOldGen       total 44032K, used 1592K [0x00000000fc000000, 0x00000000feb00000, 0x00000000feb00000)
  object space 44032K, 3% used [0x00000000fc000000,0x00000000fc18e180,0x00000000feb00000)
 Metaspace       used 6975K, capacity 7106K, committed 7296K, reserved 1056768K
  class space    used 816K, capacity 861K, committed 896K, reserved 1048576K
Event: 1.622 GC heap after
Heap after GC invocations=2 (full 0):
 PSYoungGen      total 18944K, used 2530K [0x00000000feb00000, 0x0000000100000000, 0x0000000100000000)
  eden space 16384K, 0% used [0x00000000feb00000,0x00000000feb00000,0x00000000ffb00000)
  from space 2560K, 98% used [0x00000000ffd80000,0x00000000ffff8ae0,0x0000000100000000)
  to   space 2560K, 0% used [0x00000000ffb00000,0x00000000ffb00000,0x00000000ffd80000)
 ParOldGen       total 44032K, used 6197K [0x00000000fc000000, 0x00000000feb00000, 0x00000000feb00000)
  object space 44032K, 14% used [0x00000000fc000000,0x00000000fc60d668,0x00000000feb00000)
 Metaspace       used 6975K, capacity 7106K, committed 7296K, reserved 1056768K
  class space    used 816K, capacity 861K, committed 896K, reserved 1048576K
}

Deoptimization events (10 events):
Event: 1.183 Thread 0x000000000263d800 Uncommon trap: reason=unstable_if action=reinterpret pc=0x0000000002f4cfec method=java.util.zip.ZipCoder.decoder()Ljava/nio/charset/CharsetDecoder; @ 4
Event: 1.183 Thread 0x000000000263d800 Uncommon trap: reason=unstable_if action=reinterpret pc=0x0000000002f3f698 method=java.util.zip.ZipCoder.decoder()Ljava/nio/charset/CharsetDecoder; @ 4
Event: 1.184 Thread 0x000000000263d800 Uncommon trap: reason=unstable_if action=reinterpret pc=0x0000000002f3e080 method=java.util.zip.ZipCoder.decoder()Ljava/nio/charset/CharsetDecoder; @ 4
Event: 1.192 Thread 0x000000000263d800 Uncommon trap: reason=unstable_if action=reinterpret pc=0x0000000002f60b88 method=java.util.HashMap$HashIterator.nextNode()Ljava/util/HashMap$Node; @ 74
Event: 1.329 Thread 0x000000000263d800 Uncommon trap: reason=unstable_if action=reinterpret pc=0x0000000002f61088 method=java.util.HashMap$HashIterator.nextNode()Ljava/util/HashMap$Node; @ 74
Event: 1.530 Thread 0x000000000263d800 Uncommon trap: reason=unloaded action=reinterpret pc=0x0000000002f5413c method=java.util.zip.ZipEntry.setExtra0([BZ)V @ 37
Event: 1.806 Thread 0x000000000263d800 Uncommon trap: reason=unstable_if action=reinterpret pc=0x0000000002ed2f38 method=java.lang.String.<init>([CII)V @ 18
Event: 1.884 Thread 0x000000000263d800 Uncommon trap: reason=unstable_if action=reinterpret pc=0x0000000003035420 method=org.objectweb.asm.ClassReader.readUTF8(I[C)Ljava/lang/String; @ 7
Event: 1.890 Thread 0x000000000263d800 Uncommon trap: reason=unstable_if action=reinterpret pc=0x00000000030446ec method=org.objectweb.asm.Type.getArgumentsAndReturnSizes(Ljava/lang/String;)I @ 41
Event: 2.245 Thread 0x000000000263d800 Uncommon trap: reason=unstable_if action=reinterpret pc=0x0000000003078628 method=org.objectweb.asm.MethodWriter.visitVarInsn(II)V @ 148

Classes redefined (0 events):
No events

Internal exceptions (10 events):
Event: 1.327 Thread 0x000000000263d800 Exception <a 'sun/nio/fs/WindowsException'> (0x00000000ff2046b0) thrown at [D:\src\AOSP-openjdk-cygwin\jdk8u\hotspot\src\share\vm\prims\jni.cpp, line 709]
Event: 1.327 Thread 0x000000000263d800 Exception <a 'sun/nio/fs/WindowsException'> (0x00000000ff204c50) thrown at [D:\src\AOSP-openjdk-cygwin\jdk8u\hotspot\src\share\vm\prims\jni.cpp, line 709]
Event: 1.327 Thread 0x000000000263d800 Exception <a 'sun/nio/fs/WindowsException'> (0x00000000ff205400) thrown at [D:\src\AOSP-openjdk-cygwin\jdk8u\hotspot\src\share\vm\prims\jni.cpp, line 709]
Event: 1.348 Thread 0x000000000263d800 Exception <a 'sun/nio/fs/WindowsException'> (0x00000000ff20a740) thrown at [D:\src\AOSP-openjdk-cygwin\jdk8u\hotspot\src\share\vm\prims\jni.cpp, line 709]
Event: 1.627 Thread 0x000000000263d800 Exception <a 'sun/nio/fs/WindowsException'> (0x00000000feb3e750) thrown at [D:\src\AOSP-openjdk-cygwin\jdk8u\hotspot\src\share\vm\prims\jni.cpp, line 709]
Event: 1.627 Thread 0x000000000263d800 Exception <a 'sun/nio/fs/WindowsException'> (0x00000000feb3eca8) thrown at [D:\src\AOSP-openjdk-cygwin\jdk8u\hotspot\src\share\vm\prims\jni.cpp, line 709]
Event: 1.925 Thread 0x000000000263d800 Exception <a 'sun/nio/fs/WindowsException'> (0x00000000ff0780b8) thrown at [D:\src\AOSP-openjdk-cygwin\jdk8u\hotspot\src\share\vm\prims\jni.cpp, line 709]
Event: 1.925 Thread 0x000000000263d800 Exception <a 'sun/nio/fs/WindowsException'> (0x00000000ff078590) thrown at [D:\src\AOSP-openjdk-cygwin\jdk8u\hotspot\src\share\vm\prims\jni.cpp, line 709]
Event: 1.931 Thread 0x000000000263d800 Exception <a 'sun/nio/fs/WindowsException'> (0x00000000ff07ba30) thrown at [D:\src\AOSP-openjdk-cygwin\jdk8u\hotspot\src\share\vm\prims\jni.cpp, line 709]
Event: 1.932 Thread 0x000000000263d800 Exception <a 'sun/nio/fs/WindowsException'> (0x00000000ff07bf08) thrown at [D:\src\AOSP-openjdk-cygwin\jdk8u\hotspot\src\share\vm\prims\jni.cpp, line 709]

Events (10 events):
Event: 1.890 Thread 0x000000000263d800 Uncommon trap: trap_request=0xffffff65 fr.pc=0x00000000030446ec
Event: 1.890 Thread 0x000000000263d800 DEOPT PACKING pc=0x00000000030446ec sp=0x0000000002c0e820
Event: 1.890 Thread 0x000000000263d800 DEOPT UNPACKING pc=0x0000000002d5556a sp=0x0000000002c0e7a8 mode 2
Event: 1.893 loading class java/util/Vector$Itr
Event: 1.893 loading class java/util/Vector$Itr done
Event: 2.015 loading class org/objectweb/asm/tree/LocalVariableNode
Event: 2.015 loading class org/objectweb/asm/tree/LocalVariableNode done
Event: 2.245 Thread 0x000000000263d800 Uncommon trap: trap_request=0xffffff65 fr.pc=0x0000000003078628
Event: 2.245 Thread 0x000000000263d800 DEOPT PACKING pc=0x0000000003078628 sp=0x0000000002c0ea50
Event: 2.245 Thread 0x000000000263d800 DEOPT UNPACKING pc=0x0000000002d5556a sp=0x0000000002c0e998 mode 2


Dynamic libraries:
0x00007ff63c5e0000 - 0x00007ff63c611000 	C:\Program Files\Android\Android Studio\jre\bin\java.exe
0x00007ffba9340000 - 0x00007ffba9521000 	C:\WINDOWS\SYSTEM32\ntdll.dll
0x00007ffba6ca0000 - 0x00007ffba6d52000 	C:\WINDOWS\System32\KERNEL32.DLL
0x00007ffba6070000 - 0x00007ffba62e3000 	C:\WINDOWS\System32\KERNELBASE.dll
0x00007ffba9260000 - 0x00007ffba9301000 	C:\WINDOWS\System32\ADVAPI32.dll
0x00007ffba77b0000 - 0x00007ffba784e000 	C:\WINDOWS\System32\msvcrt.dll
0x00007ffba71b0000 - 0x00007ffba720b000 	C:\WINDOWS\System32\sechost.dll
0x00007ffba7580000 - 0x00007ffba76a4000 	C:\WINDOWS\System32\RPCRT4.dll
0x00007ffba7ac0000 - 0x00007ffba7c50000 	C:\WINDOWS\System32\USER32.dll
0x00007ffba5790000 - 0x00007ffba57b0000 	C:\WINDOWS\System32\win32u.dll
0x00007ffba67e0000 - 0x00007ffba6808000 	C:\WINDOWS\System32\GDI32.dll
0x00007ffba6530000 - 0x00007ffba66c2000 	C:\WINDOWS\System32\gdi32full.dll
0x00007ffba5fd0000 - 0x00007ffba606f000 	C:\WINDOWS\System32\msvcp_win.dll
0x00007ffba66d0000 - 0x00007ffba67ca000 	C:\WINDOWS\System32\ucrtbase.dll
0x00007ffb93ad0000 - 0x00007ffb93d39000 	C:\WINDOWS\WinSxS\amd64_microsoft.windows.common-controls_6595b64144ccf1df_6.0.17134.48_none_b4b2216a3cb4dd3e\COMCTL32.dll
0x00007ffba6810000 - 0x00007ffba6b33000 	C:\WINDOWS\System32\combase.dll
0x00007ffba5710000 - 0x00007ffba578a000 	C:\WINDOWS\System32\bcryptPrimitives.dll
0x00007ffba9090000 - 0x00007ffba90bd000 	C:\WINDOWS\System32\IMM32.DLL
0x0000000067b90000 - 0x0000000067c62000 	C:\Program Files\Android\Android Studio\jre\jre\bin\msvcr100.dll
0x0000000067020000 - 0x000000006785e000 	C:\Program Files\Android\Android Studio\jre\jre\bin\server\jvm.dll
0x00007ffba91d0000 - 0x00007ffba91d8000 	C:\WINDOWS\System32\PSAPI.DLL
0x00007ffba3f50000 - 0x00007ffba3f59000 	C:\WINDOWS\SYSTEM32\WSOCK32.dll
0x00007ffba7510000 - 0x00007ffba757c000 	C:\WINDOWS\System32\WS2_32.dll
0x00007ffb95780000 - 0x00007ffb957a3000 	C:\WINDOWS\SYSTEM32\WINMM.dll
0x00007ffb9d7c0000 - 0x00007ffb9d7ca000 	C:\WINDOWS\SYSTEM32\VERSION.dll
0x00007ffb95570000 - 0x00007ffb9559a000 	C:\WINDOWS\SYSTEM32\winmmbase.dll
0x00007ffba64e0000 - 0x00007ffba6529000 	C:\WINDOWS\System32\cfgmgr32.dll
0x00007ffba3a30000 - 0x00007ffba3a3f000 	C:\Program Files\Android\Android Studio\jre\jre\bin\verify.dll
0x00007ffba3a00000 - 0x00007ffba3a29000 	C:\Program Files\Android\Android Studio\jre\jre\bin\java.dll
0x00007ffba39e0000 - 0x00007ffba39f6000 	C:\Program Files\Android\Android Studio\jre\jre\bin\zip.dll
0x00007ffba7c50000 - 0x00007ffba9090000 	C:\WINDOWS\System32\SHELL32.dll
0x00007ffba9120000 - 0x00007ffba91c9000 	C:\WINDOWS\System32\shcore.dll
0x00007ffba58c0000 - 0x00007ffba5fcd000 	C:\WINDOWS\System32\windows.storage.dll
0x00007ffba90c0000 - 0x00007ffba9111000 	C:\WINDOWS\System32\shlwapi.dll
0x00007ffba5680000 - 0x00007ffba5691000 	C:\WINDOWS\System32\kernel.appcore.dll
0x00007ffba56f0000 - 0x00007ffba570f000 	C:\WINDOWS\System32\profapi.dll
0x00007ffba56a0000 - 0x00007ffba56ec000 	C:\WINDOWS\System32\powrprof.dll
0x00007ffba5650000 - 0x00007ffba565a000 	C:\WINDOWS\System32\FLTLIB.DLL
0x00007ffba5080000 - 0x00007ffba5097000 	C:\WINDOWS\SYSTEM32\CRYPTSP.dll
0x00007ffba4ab0000 - 0x00007ffba4ae3000 	C:\WINDOWS\system32\rsaenh.dll
0x00007ffba51b0000 - 0x00007ffba51d5000 	C:\WINDOWS\SYSTEM32\bcrypt.dll
0x00007ffba5580000 - 0x00007ffba55a8000 	C:\WINDOWS\SYSTEM32\USERENV.dll
0x00007ffba50a0000 - 0x00007ffba50ab000 	C:\WINDOWS\SYSTEM32\CRYPTBASE.dll
0x00007ffb9e480000 - 0x00007ffb9e49a000 	C:\Program Files\Android\Android Studio\jre\jre\bin\net.dll
0x00007ffba4ed0000 - 0x00007ffba4f36000 	C:\WINDOWS\system32\mswsock.dll
0x00007ffba4c50000 - 0x00007ffba4c88000 	C:\WINDOWS\SYSTEM32\IPHLPAPI.DLL
0x00007ffba7430000 - 0x00007ffba7438000 	C:\WINDOWS\System32\NSI.dll
0x00007ffb9a1f0000 - 0x00007ffb9a206000 	C:\WINDOWS\SYSTEM32\dhcpcsvc6.DLL
0x00007ffb9a120000 - 0x00007ffb9a13a000 	C:\WINDOWS\SYSTEM32\dhcpcsvc.DLL
0x00007ffb9d7f0000 - 0x00007ffb9d801000 	C:\Program Files\Android\Android Studio\jre\jre\bin\nio.dll

VM Arguments:
jvm_args: -Djava.awt.headless=true -Xmx64M -Dfile.encoding=x-windows-949 -Duser.country=KR -Duser.language=ko -Duser.variant 
java_command: com.google.devtools.build.android.desugar.Desugar @D:\test\app\build\intermediates\tmp\desugar_args8423888063470893260
java_class_path (initial): C:\Users\Goo\AppData\Local\Temp\desugar_deploy.jar2362919477290886928
Launcher Type: SUN_STANDARD

Environment Variables:
PATH=C:\ProgramData\Oracle\Java\javapath;C:\WINDOWS\system32;C:\WINDOWS;C:\WINDOWS\System32\Wbem;C:\WINDOWS\System32\WindowsPowerShell\v1.0\;C:\OpenSSL;;C:\WINDOWS\System32\OpenSSH\;C:\Users\Goo\AppData\Local\Microsoft\WindowsApps;
USERNAME=Goo
OS=Windows_NT
PROCESSOR_IDENTIFIER=Intel64 Family 6 Model 158 Stepping 9, GenuineIntel



---------------  S Y S T E M  ---------------

OS: Windows 10.0 , 64 bit Build 17134 (10.0.17134.1)

CPU:total 8 (initial active 8) (4 cores per cpu, 2 threads per core) family 6 model 158 stepping 9, cmov, cx8, fxsr, mmx, sse, sse2, sse3, ssse3, sse4.1, sse4.2, popcnt, avx, avx2, aes, clmul, erms, 3dnowpref, lzcnt, ht, tsc, tscinvbit, bmi1, bmi2, adx

Memory: 4k page, physical 16692940k(3916800k free), swap 16692940k(552k free)

vm_info: OpenJDK 64-Bit Server VM (25.152-b01) for windows-amd64 JRE (1.8.0_152-release-915-b01), built by "builder" with MS VC++ 10.0 (VS2010)

time: Wed May 23 02:07:17 2018
elapsed time: 2 seconds (0d 0h 0m 2s)

