#
# There is insufficient memory for the Java Runtime Environment to continue.
# Native memory allocation (malloc) failed to allocate 2206576 bytes for Chunk::new
# Possible reasons:
#   The system is out of physical RAM or swap space
#   In 32 bit mode, the process size limit was hit
# Possible solutions:
#   Reduce memory load on the system
#   Increase physical memory or swap space
#   Check if swap backing store is full
#   Use 64 bit Java on a 64 bit OS
#   Decrease Java heap size (-Xmx/-Xms)
#   Decrease number of Java threads
#   Decrease Java thread stack sizes (-Xss)
#   Set larger code cache with -XX:ReservedCodeCacheSize=
# This output file may be truncated or incomplete.
#
#  Out of Memory Error (allocation.cpp:390), pid=11416, tid=0x0000000000000f70
#
# JRE version: OpenJDK Runtime Environment (8.0_152-b01) (build 1.8.0_152-release-915-b01)
# Java VM: OpenJDK 64-Bit Server VM (25.152-b01 mixed mode windows-amd64 compressed oops)
# Failed to write core dump. Minidumps are not enabled by default on client versions of Windows
#

---------------  T H R E A D  ---------------

Current thread (0x0000000015956000):  JavaThread "C2 CompilerThread2" daemon [_thread_in_native, id=3952, stack(0x0000000016260000,0x0000000016360000)]

Stack: [0x0000000016260000,0x0000000016360000]
[error occurred during error reporting (printing stack bounds), id 0xc0000005]

Native frames: (J=compiled Java code, j=interpreted, Vv=VM code, C=native code)


Current CompileTask:
C2:   3351  918       4       org.objectweb.asm.ClassReader::a (3587 bytes)


---------------  P R O C E S S  ---------------

Java Threads: ( => current thread )
  0x00000000159cc800 JavaThread "Service Thread" daemon [_thread_blocked, id=12508, stack(0x0000000016460000,0x0000000016560000)]
  0x0000000015972000 JavaThread "C1 CompilerThread3" daemon [_thread_blocked, id=9732, stack(0x0000000016360000,0x0000000016460000)]
=>0x0000000015956000 JavaThread "C2 CompilerThread2" daemon [_thread_in_native, id=3952, stack(0x0000000016260000,0x0000000016360000)]
  0x0000000015951000 JavaThread "C2 CompilerThread1" daemon [_thread_blocked, id=6468, stack(0x0000000016160000,0x0000000016260000)]
  0x000000001594e800 JavaThread "C2 CompilerThread0" daemon [_thread_in_native, id=10224, stack(0x0000000016060000,0x0000000016160000)]
  0x000000001594d000 JavaThread "Attach Listener" daemon [_thread_blocked, id=12548, stack(0x0000000015f60000,0x0000000016060000)]
  0x00000000158fa000 JavaThread "Signal Dispatcher" daemon [_thread_blocked, id=10296, stack(0x0000000015e60000,0x0000000015f60000)]
  0x00000000158e0800 JavaThread "Finalizer" daemon [_thread_blocked, id=14872, stack(0x0000000015cc0000,0x0000000015dc0000)]
  0x0000000003208000 JavaThread "Reference Handler" daemon [_thread_blocked, id=8468, stack(0x00000000157c0000,0x00000000158c0000)]
  0x0000000002c3d800 JavaThread "main" [_thread_in_native, id=9828, stack(0x0000000003010000,0x0000000003110000)]

Other Threads:
  0x00000000139f5000 VMThread [stack: 0x00000000156c0000,0x00000000157c0000] [id=8988]
  0x00000000159cd800 WatcherThread [stack: 0x0000000016560000,0x0000000016660000] [id=9264]

VM state:not at safepoint (normal execution)

VM Mutex/Monitor currently owned by a thread: None

Heap:
 PSYoungGen      total 18944K, used 2940K [0x00000000feb00000, 0x0000000100000000, 0x0000000100000000)
  eden space 16384K, 2% used [0x00000000feb00000,0x00000000feb62580,0x00000000ffb00000)
  from space 2560K, 99% used [0x00000000ffb00000,0x00000000ffd7cc20,0x00000000ffd80000)
  to   space 2560K, 0% used [0x00000000ffd80000,0x00000000ffd80000,0x0000000100000000)
 ParOldGen       total 44032K, used 7067K [0x00000000fc000000, 0x00000000feb00000, 0x00000000feb00000)
  object space 44032K, 16% used [0x00000000fc000000,0x00000000fc6e6c90,0x00000000feb00000)
 Metaspace       used 7709K, capacity 7854K, committed 7936K, reserved 1056768K
  class space    used 875K, capacity 957K, committed 1024K, reserved 1048576K

Card table byte_map: [0x0000000002c80000,0x0000000002cb0000] byte_map_base: 0x00000000024a0000

Marking Bits: (ParMarkBitMap*) 0x000000005ca73950
 Begin Bits: [0x0000000012df0000, 0x0000000012ef0000)
 End Bits:   [0x0000000012ef0000, 0x0000000012ff0000)

Polling page: 0x0000000002c00000

CodeCache: size=245760Kb used=4020Kb max_used=4020Kb free=241739Kb
 bounds [0x0000000003210000, 0x0000000003600000, 0x0000000012210000]
 total_blobs=1426 nmethods=1089 adapters=248
 compilation: enabled

Compilation events (10 events):
Event: 3.292 Thread 0x000000001594e800 1081       4       org.objectweb.asm.tree.InsnNode::accept (14 bytes)
Event: 3.292 Thread 0x0000000015972000 nmethod 1077 0x00000000035f62d0 code [0x00000000035f6440, 0x00000000035f6738]
Event: 3.292 Thread 0x0000000015972000 1073       3       org.objectweb.asm.MethodWriter::visitLineNumber (50 bytes)
Event: 3.292 Thread 0x0000000015972000 nmethod 1073 0x00000000035f6810 code [0x00000000035f69a0, 0x00000000035f6db8]
Event: 3.292 Thread 0x0000000015972000 1078       3       org.objectweb.asm.AnnotationWriter::visitEnd (43 bytes)
Event: 3.292 Thread 0x0000000015972000 nmethod 1078 0x00000000035f6fd0 code [0x00000000035f7140, 0x00000000035f7330]
Event: 3.292 Thread 0x0000000015972000 1079       3       org.objectweb.asm.AnnotationVisitor::<init> (7 bytes)
Event: 3.292 Thread 0x0000000015972000 nmethod 1079 0x00000000035f7450 code [0x00000000035f75e0, 0x00000000035f7948]
Event: 3.292 Thread 0x0000000015972000 1080       3       org.objectweb.asm.AnnotationVisitor::<init> (35 bytes)
Event: 3.293 Thread 0x0000000015972000 nmethod 1080 0x00000000035f7ad0 code [0x00000000035f7c40, 0x00000000035f7f48]

GC Heap History (5 events):
Event: 1.235 GC heap before
{Heap before GC invocations=1 (full 0):
 PSYoungGen      total 18944K, used 16384K [0x00000000feb00000, 0x0000000100000000, 0x0000000100000000)
  eden space 16384K, 100% used [0x00000000feb00000,0x00000000ffb00000,0x00000000ffb00000)
  from space 2560K, 0% used [0x00000000ffd80000,0x00000000ffd80000,0x0000000100000000)
  to   space 2560K, 0% used [0x00000000ffb00000,0x00000000ffb00000,0x00000000ffd80000)
 ParOldGen       total 44032K, used 0K [0x00000000fc000000, 0x00000000feb00000, 0x00000000feb00000)
  object space 44032K, 0% used [0x00000000fc000000,0x00000000fc000000,0x00000000feb00000)
 Metaspace       used 6621K, capacity 6812K, committed 7040K, reserved 1056768K
  class space    used 774K, capacity 824K, committed 896K, reserved 1048576K
Event: 1.274 GC heap after
Heap after GC invocations=1 (full 0):
 PSYoungGen      total 18944K, used 2537K [0x00000000feb00000, 0x0000000100000000, 0x0000000100000000)
  eden space 16384K, 0% used [0x00000000feb00000,0x00000000feb00000,0x00000000ffb00000)
  from space 2560K, 99% used [0x00000000ffb00000,0x00000000ffd7a620,0x00000000ffd80000)
  to   space 2560K, 0% used [0x00000000ffd80000,0x00000000ffd80000,0x0000000100000000)
 ParOldGen       total 44032K, used 1604K [0x00000000fc000000, 0x00000000feb00000, 0x00000000feb00000)
  object space 44032K, 3% used [0x00000000fc000000,0x00000000fc191310,0x00000000feb00000)
 Metaspace       used 6621K, capacity 6812K, committed 7040K, reserved 1056768K
  class space    used 774K, capacity 824K, committed 896K, reserved 1048576K
}
Event: 1.718 GC heap before
{Heap before GC invocations=2 (full 0):
 PSYoungGen      total 18944K, used 18921K [0x00000000feb00000, 0x0000000100000000, 0x0000000100000000)
  eden space 16384K, 100% used [0x00000000feb00000,0x00000000ffb00000,0x00000000ffb00000)
  from space 2560K, 99% used [0x00000000ffb00000,0x00000000ffd7a620,0x00000000ffd80000)
  to   space 2560K, 0% used [0x00000000ffd80000,0x00000000ffd80000,0x0000000100000000)
 ParOldGen       total 44032K, used 1604K [0x00000000fc000000, 0x00000000feb00000, 0x00000000feb00000)
  object space 44032K, 3% used [0x00000000fc000000,0x00000000fc191310,0x00000000feb00000)
 Metaspace       used 6966K, capacity 7118K, committed 7296K, reserved 1056768K
  class space    used 816K, capacity 861K, committed 896K, reserved 1048576K
Event: 1.892 GC heap after
Heap after GC invocations=2 (full 0):
 PSYoungGen      total 18944K, used 2547K [0x00000000feb00000, 0x0000000100000000, 0x0000000100000000)
  eden space 16384K, 0% used [0x00000000feb00000,0x00000000feb00000,0x00000000ffb00000)
  from space 2560K, 99% used [0x00000000ffd80000,0x00000000ffffce00,0x0000000100000000)
  to   space 2560K, 0% used [0x00000000ffb00000,0x00000000ffb00000,0x00000000ffd80000)
 ParOldGen       total 44032K, used 5906K [0x00000000fc000000, 0x00000000feb00000, 0x00000000feb00000)
  object space 44032K, 13% used [0x00000000fc000000,0x00000000fc5c4848,0x00000000feb00000)
 Metaspace       used 6966K, capacity 7118K, committed 7296K, reserved 1056768K
  class space    used 816K, capacity 861K, committed 896K, reserved 1048576K
}
Event: 3.293 GC heap before
{Heap before GC invocations=3 (full 0):
 PSYoungGen      total 18944K, used 18931K [0x00000000feb00000, 0x0000000100000000, 0x0000000100000000)
  eden space 16384K, 100% used [0x00000000feb00000,0x00000000ffb00000,0x00000000ffb00000)
  from space 2560K, 99% used [0x00000000ffd80000,0x00000000ffffce00,0x0000000100000000)
  to   space 2560K, 0% used [0x00000000ffb00000,0x00000000ffb00000,0x00000000ffd80000)
 ParOldGen       total 44032K, used 5906K [0x00000000fc000000, 0x00000000feb00000, 0x00000000feb00000)
  object space 44032K, 13% used [0x00000000fc000000,0x00000000fc5c4848,0x00000000feb00000)
 Metaspace       used 7706K, capacity 7854K, committed 7936K, reserved 1056768K
  class space    used 875K, capacity 957K, committed 1024K, reserved 1048576K

Deoptimization events (10 events):
Event: 1.611 Thread 0x0000000002c3d800 Uncommon trap: reason=unloaded action=reinterpret pc=0x00000000034414fc method=java.util.zip.ZipEntry.setExtra0([BZ)V @ 37
Event: 2.634 Thread 0x0000000002c3d800 Uncommon trap: reason=unstable_if action=reinterpret pc=0x0000000003517b54 method=org.objectweb.asm.ClassReader.readUTF8(I[C)Ljava/lang/String; @ 7
Event: 2.641 Thread 0x0000000002c3d800 Uncommon trap: reason=unstable_if action=reinterpret pc=0x00000000034ebed8 method=java.lang.String.<init>([CII)V @ 18
Event: 2.696 Thread 0x0000000002c3d800 Uncommon trap: reason=unstable_if action=reinterpret pc=0x00000000035747ac method=org.objectweb.asm.MethodWriter.visitVarInsn(II)V @ 142
Event: 2.696 Thread 0x0000000002c3d800 Uncommon trap: reason=unstable_if action=reinterpret pc=0x0000000003541c18 method=org.objectweb.asm.Type.getArgumentsAndReturnSizes(Ljava/lang/String;)I @ 47
Event: 3.286 Thread 0x0000000002c3d800 Uncommon trap: reason=unstable_if action=reinterpret pc=0x000000000355a18c method=org.objectweb.asm.ClassReader.readUTF8(I[C)Ljava/lang/String; @ 11
Event: 3.290 Thread 0x0000000002c3d800 Uncommon trap: reason=unstable_if action=reinterpret pc=0x00000000035c7768 method=org.objectweb.asm.MethodWriter.visitVarInsn(II)V @ 148
Event: 3.290 Thread 0x0000000002c3d800 Uncommon trap: reason=unstable_if action=reinterpret pc=0x00000000035d4db8 method=org.objectweb.asm.MethodWriter.visitVarInsn(II)V @ 136
Event: 3.290 Thread 0x0000000002c3d800 Uncommon trap: reason=unstable_if action=reinterpret pc=0x00000000035e6ba0 method=org.objectweb.asm.Type.getArgumentsAndReturnSizes(Ljava/lang/String;)I @ 130
Event: 3.290 Thread 0x0000000002c3d800 Uncommon trap: reason=unstable_if action=reinterpret pc=0x00000000035b0a48 method=org.objectweb.asm.Type.getArgumentsAndReturnSizes(Ljava/lang/String;)I @ 130

Classes redefined (0 events):
No events

Internal exceptions (10 events):
Event: 1.409 Thread 0x0000000002c3d800 Exception <a 'sun/nio/fs/WindowsException'> (0x00000000ff2180e0) thrown at [D:\src\AOSP-openjdk-cygwin\jdk8u\hotspot\src\share\vm\prims\jni.cpp, line 709]
Event: 1.409 Thread 0x0000000002c3d800 Exception <a 'sun/nio/fs/WindowsException'> (0x00000000ff218680) thrown at [D:\src\AOSP-openjdk-cygwin\jdk8u\hotspot\src\share\vm\prims\jni.cpp, line 709]
Event: 1.409 Thread 0x0000000002c3d800 Exception <a 'sun/nio/fs/WindowsException'> (0x00000000ff218e30) thrown at [D:\src\AOSP-openjdk-cygwin\jdk8u\hotspot\src\share\vm\prims\jni.cpp, line 709]
Event: 1.440 Thread 0x0000000002c3d800 Exception <a 'sun/nio/fs/WindowsException'> (0x00000000ff21e170) thrown at [D:\src\AOSP-openjdk-cygwin\jdk8u\hotspot\src\share\vm\prims\jni.cpp, line 709]
Event: 1.996 Thread 0x0000000002c3d800 Exception <a 'sun/nio/fs/WindowsException'> (0x00000000febc12a8) thrown at [D:\src\AOSP-openjdk-cygwin\jdk8u\hotspot\src\share\vm\prims\jni.cpp, line 709]
Event: 1.997 Thread 0x0000000002c3d800 Exception <a 'sun/nio/fs/WindowsException'> (0x00000000febc1800) thrown at [D:\src\AOSP-openjdk-cygwin\jdk8u\hotspot\src\share\vm\prims\jni.cpp, line 709]
Event: 3.209 Thread 0x0000000002c3d800 Exception <a 'sun/nio/fs/WindowsException'> (0x00000000ff9fc970) thrown at [D:\src\AOSP-openjdk-cygwin\jdk8u\hotspot\src\share\vm\prims\jni.cpp, line 709]
Event: 3.212 Thread 0x0000000002c3d800 Exception <a 'sun/nio/fs/WindowsException'> (0x00000000ff9fce48) thrown at [D:\src\AOSP-openjdk-cygwin\jdk8u\hotspot\src\share\vm\prims\jni.cpp, line 709]
Event: 3.270 Thread 0x0000000002c3d800 Exception <a 'sun/nio/fs/WindowsException'> (0x00000000ffa00300) thrown at [D:\src\AOSP-openjdk-cygwin\jdk8u\hotspot\src\share\vm\prims\jni.cpp, line 709]
Event: 3.270 Thread 0x0000000002c3d800 Exception <a 'sun/nio/fs/WindowsException'> (0x00000000ffa007d8) thrown at [D:\src\AOSP-openjdk-cygwin\jdk8u\hotspot\src\share\vm\prims\jni.cpp, line 709]

Events (10 events):
Event: 3.290 Thread 0x0000000002c3d800 Uncommon trap: trap_request=0xffffff65 fr.pc=0x00000000035d4db8
Event: 3.290 Thread 0x0000000002c3d800 DEOPT PACKING pc=0x00000000035d4db8 sp=0x000000000310e970
Event: 3.290 Thread 0x0000000002c3d800 DEOPT UNPACKING pc=0x000000000325556a sp=0x000000000310e8d0 mode 2
Event: 3.290 Thread 0x0000000002c3d800 Uncommon trap: trap_request=0xffffff65 fr.pc=0x00000000035e6ba0
Event: 3.290 Thread 0x0000000002c3d800 DEOPT PACKING pc=0x00000000035e6ba0 sp=0x000000000310e820
Event: 3.290 Thread 0x0000000002c3d800 DEOPT UNPACKING pc=0x000000000325556a sp=0x000000000310e6f8 mode 2
Event: 3.290 Thread 0x0000000002c3d800 Uncommon trap: trap_request=0xffffff65 fr.pc=0x00000000035b0a48
Event: 3.290 Thread 0x0000000002c3d800 DEOPT PACKING pc=0x00000000035b0a48 sp=0x000000000310e750
Event: 3.290 Thread 0x0000000002c3d800 DEOPT UNPACKING pc=0x000000000325556a sp=0x000000000310e6e0 mode 2
Event: 3.293 Executing VM operation: ParallelGCFailedAllocation


Dynamic libraries:
0x00007ff6a0ea0000 - 0x00007ff6a0ed1000 	C:\Program Files\Android\Android Studio\jre\bin\java.exe
0x00007fffff1d0000 - 0x00007fffff3b1000 	C:\WINDOWS\SYSTEM32\ntdll.dll
0x00007ffffe800000 - 0x00007ffffe8b2000 	C:\WINDOWS\System32\KERNEL32.DLL
0x00007ffffb5f0000 - 0x00007ffffb863000 	C:\WINDOWS\System32\KERNELBASE.dll
0x00007ffffea60000 - 0x00007ffffeb01000 	C:\WINDOWS\System32\ADVAPI32.dll
0x00007ffffcb10000 - 0x00007ffffcbae000 	C:\WINDOWS\System32\msvcrt.dll
0x00007ffffec10000 - 0x00007ffffec6b000 	C:\WINDOWS\System32\sechost.dll
0x00007ffffe340000 - 0x00007ffffe464000 	C:\WINDOWS\System32\RPCRT4.dll
0x00007ffffc660000 - 0x00007ffffc7f0000 	C:\WINDOWS\System32\USER32.dll
0x00007ffffbbe0000 - 0x00007ffffbc00000 	C:\WINDOWS\System32\win32u.dll
0x00007ffffcad0000 - 0x00007ffffcaf8000 	C:\WINDOWS\System32\GDI32.dll
0x00007ffffc460000 - 0x00007ffffc5f2000 	C:\WINDOWS\System32\gdi32full.dll
0x00007ffffbc00000 - 0x00007ffffbc9f000 	C:\WINDOWS\System32\msvcp_win.dll
0x00007ffffbae0000 - 0x00007ffffbbda000 	C:\WINDOWS\System32\ucrtbase.dll
0x00007fffee3c0000 - 0x00007fffee629000 	C:\WINDOWS\WinSxS\amd64_microsoft.windows.common-controls_6595b64144ccf1df_6.0.17134.48_none_b4b2216a3cb4dd3e\COMCTL32.dll
0x00007ffffe470000 - 0x00007ffffe793000 	C:\WINDOWS\System32\combase.dll
0x00007ffffba60000 - 0x00007ffffbada000 	C:\WINDOWS\System32\bcryptPrimitives.dll
0x00007ffffe1b0000 - 0x00007ffffe1dd000 	C:\WINDOWS\System32\IMM32.DLL
0x000000005dbc0000 - 0x000000005dc92000 	C:\Program Files\Android\Android Studio\jre\jre\bin\msvcr100.dll
0x000000005c2b0000 - 0x000000005caee000 	C:\Program Files\Android\Android Studio\jre\jre\bin\server\jvm.dll
0x00007ffffc7f0000 - 0x00007ffffc7f8000 	C:\WINDOWS\System32\PSAPI.DLL
0x00007fffead30000 - 0x00007fffead39000 	C:\WINDOWS\SYSTEM32\WSOCK32.dll
0x00007ffffcc30000 - 0x00007ffffcc9c000 	C:\WINDOWS\System32\WS2_32.dll
0x00007ffff9180000 - 0x00007ffff91a3000 	C:\WINDOWS\SYSTEM32\WINMM.dll
0x00007ffff3a50000 - 0x00007ffff3a5a000 	C:\WINDOWS\SYSTEM32\VERSION.dll
0x00007ffff9150000 - 0x00007ffff917a000 	C:\WINDOWS\SYSTEM32\WINMMBASE.dll
0x00007ffffb5a0000 - 0x00007ffffb5e9000 	C:\WINDOWS\System32\cfgmgr32.dll
0x00007fffea1e0000 - 0x00007fffea1ef000 	C:\Program Files\Android\Android Studio\jre\jre\bin\verify.dll
0x00007fffe5510000 - 0x00007fffe5539000 	C:\Program Files\Android\Android Studio\jre\jre\bin\java.dll
0x00007fffe8e00000 - 0x00007fffe8e16000 	C:\Program Files\Android\Android Studio\jre\jre\bin\zip.dll
0x00007ffffcd70000 - 0x00007ffffe1b0000 	C:\WINDOWS\System32\SHELL32.dll
0x00007ffffca20000 - 0x00007ffffcac9000 	C:\WINDOWS\System32\shcore.dll
0x00007ffffbca0000 - 0x00007ffffc3ad000 	C:\WINDOWS\System32\windows.storage.dll
0x00007fffff120000 - 0x00007fffff171000 	C:\WINDOWS\System32\shlwapi.dll
0x00007ffffb560000 - 0x00007ffffb571000 	C:\WINDOWS\System32\kernel.appcore.dll
0x00007ffffb530000 - 0x00007ffffb54f000 	C:\WINDOWS\System32\profapi.dll
0x00007ffffb4e0000 - 0x00007ffffb52c000 	C:\WINDOWS\System32\powrprof.dll
0x00007ffffb550000 - 0x00007ffffb55a000 	C:\WINDOWS\System32\FLTLIB.DLL
0x00007ffffaf10000 - 0x00007ffffaf27000 	C:\WINDOWS\SYSTEM32\CRYPTSP.dll
0x00007ffffa940000 - 0x00007ffffa973000 	C:\WINDOWS\system32\rsaenh.dll
0x00007ffffb040000 - 0x00007ffffb065000 	C:\WINDOWS\SYSTEM32\bcrypt.dll
0x00007ffffb3e0000 - 0x00007ffffb408000 	C:\WINDOWS\SYSTEM32\USERENV.dll
0x00007ffffaf30000 - 0x00007ffffaf3b000 	C:\WINDOWS\SYSTEM32\CRYPTBASE.dll
0x00007fffe70d0000 - 0x00007fffe70ea000 	C:\Program Files\Android\Android Studio\jre\jre\bin\net.dll
0x00007ffffad60000 - 0x00007ffffadc6000 	C:\WINDOWS\system32\mswsock.dll
0x00007ffffaae0000 - 0x00007ffffab18000 	C:\WINDOWS\SYSTEM32\IPHLPAPI.DLL
0x00007ffffcb00000 - 0x00007ffffcb08000 	C:\WINDOWS\System32\NSI.dll
0x00007ffff3f90000 - 0x00007ffff3fa6000 	C:\WINDOWS\SYSTEM32\dhcpcsvc6.DLL
0x00007ffff3f70000 - 0x00007ffff3f8a000 	C:\WINDOWS\SYSTEM32\dhcpcsvc.DLL
0x00007fffe52f0000 - 0x00007fffe5301000 	C:\Program Files\Android\Android Studio\jre\jre\bin\nio.dll

VM Arguments:
jvm_args: -Djava.awt.headless=true -Xmx64M -Dfile.encoding=x-windows-949 -Duser.country=KR -Duser.language=ko -Duser.variant 
java_command: com.google.devtools.build.android.desugar.Desugar @D:\test\app\build\intermediates\tmp\desugar_args5388940683057589125
java_class_path (initial): C:\Users\Goo\AppData\Local\Temp\desugar_deploy.jar7104283562246870098
Launcher Type: SUN_STANDARD

Environment Variables:
PATH=C:\ProgramData\Oracle\Java\javapath;C:\WINDOWS\system32;C:\WINDOWS;C:\WINDOWS\System32\Wbem;C:\WINDOWS\System32\WindowsPowerShell\v1.0\;C:\OpenSSL;;C:\WINDOWS\System32\OpenSSH\;C:\Users\Goo\AppData\Local\Microsoft\WindowsApps;
USERNAME=Goo
OS=Windows_NT
PROCESSOR_IDENTIFIER=Intel64 Family 6 Model 158 Stepping 9, GenuineIntel



---------------  S Y S T E M  ---------------

OS: Windows 10.0 , 64 bit Build 17134 (10.0.17134.1)

CPU:total 8 (initial active 8) (4 cores per cpu, 2 threads per core) family 6 model 158 stepping 9, cmov, cx8, fxsr, mmx, sse, sse2, sse3, ssse3, sse4.1, sse4.2, popcnt, avx, avx2, aes, clmul, erms, 3dnowpref, lzcnt, ht, tsc, tscinvbit, bmi1, bmi2, adx

Memory: 4k page, physical 16692940k(2455656k free), swap 16692940k(74488k free)

vm_info: OpenJDK 64-Bit Server VM (25.152-b01) for windows-amd64 JRE (1.8.0_152-release-915-b01), built by "builder" with MS VC++ 10.0 (VS2010)

time: Fri Jun 08 03:19:53 2018
elapsed time: 3 seconds (0d 0h 0m 3s)

