#
# There is insufficient memory for the Java Runtime Environment to continue.
# Native memory allocation (malloc) failed to allocate 623216 bytes for Chunk::new
# Possible reasons:
#   The system is out of physical RAM or swap space
#   In 32 bit mode, the process size limit was hit
# Possible solutions:
#   Reduce memory load on the system
#   Increase physical memory or swap space
#   Check if swap backing store is full
#   Use 64 bit Java on a 64 bit OS
#   Decrease Java heap size (-Xmx/-Xms)
#   Decrease number of Java threads
#   Decrease Java thread stack sizes (-Xss)
#   Set larger code cache with -XX:ReservedCodeCacheSize=
# This output file may be truncated or incomplete.
#
#  Out of Memory Error (allocation.cpp:390), pid=9468, tid=0x0000000000001340
#
# JRE version: OpenJDK Runtime Environment (8.0_152-b01) (build 1.8.0_152-release-915-b01)
# Java VM: OpenJDK 64-Bit Server VM (25.152-b01 mixed mode windows-amd64 compressed oops)
# Failed to write core dump. Minidumps are not enabled by default on client versions of Windows
#

---------------  T H R E A D  ---------------

Current thread (0x00000000136fa800):  JavaThread "C2 CompilerThread1" daemon [_thread_in_native, id=4928, stack(0x0000000015e70000,0x0000000015f70000)]

Stack: [0x0000000015e70000,0x0000000015f70000]
[error occurred during error reporting (printing stack bounds), id 0xc0000005]

Native frames: (J=compiled Java code, j=interpreted, Vv=VM code, C=native code)


Current CompileTask:
C2:   3843  934       4       org.objectweb.asm.ClassReader::a (3587 bytes)


---------------  P R O C E S S  ---------------

Java Threads: ( => current thread )
  0x000000001567c800 JavaThread "Service Thread" daemon [_thread_blocked, id=1372, stack(0x0000000016170000,0x0000000016270000)]
  0x0000000015675800 JavaThread "C1 CompilerThread3" daemon [_thread_blocked, id=6336, stack(0x0000000016070000,0x0000000016170000)]
  0x00000000136fd800 JavaThread "C2 CompilerThread2" daemon [_thread_in_native, id=7268, stack(0x0000000015f70000,0x0000000016070000)]
=>0x00000000136fa800 JavaThread "C2 CompilerThread1" daemon [_thread_in_native, id=4928, stack(0x0000000015e70000,0x0000000015f70000)]
  0x000000001566f800 JavaThread "C2 CompilerThread0" daemon [_thread_blocked, id=1764, stack(0x0000000015d70000,0x0000000015e70000)]
  0x000000001566e000 JavaThread "Attach Listener" daemon [_thread_blocked, id=10136, stack(0x0000000015c70000,0x0000000015d70000)]
  0x000000001561b800 JavaThread "Signal Dispatcher" daemon [_thread_blocked, id=1676, stack(0x0000000015b70000,0x0000000015c70000)]
  0x0000000002f1e000 JavaThread "Finalizer" daemon [_thread_blocked, id=10260, stack(0x00000000159e0000,0x0000000015ae0000)]
  0x0000000002f17000 JavaThread "Reference Handler" daemon [_thread_blocked, id=9084, stack(0x00000000154e0000,0x00000000155e0000)]
  0x0000000000b7d800 JavaThread "main" [_thread_in_Java, id=10772, stack(0x0000000002d20000,0x0000000002e20000)]

Other Threads:
  0x00000000136e5000 VMThread [stack: 0x00000000153e0000,0x00000000154e0000] [id=9672]
  0x000000001567d800 WatcherThread [stack: 0x0000000016270000,0x0000000016370000] [id=13196]

VM state:not at safepoint (normal execution)

VM Mutex/Monitor currently owned by a thread: None

Heap:
 PSYoungGen      total 18944K, used 2870K [0x00000000feb00000, 0x0000000100000000, 0x0000000100000000)
  eden space 16384K, 1% used [0x00000000feb00000,0x00000000feb51058,0x00000000ffb00000)
  from space 2560K, 99% used [0x00000000ffb00000,0x00000000ffd7cb50,0x00000000ffd80000)
  to   space 2560K, 0% used [0x00000000ffd80000,0x00000000ffd80000,0x0000000100000000)
 ParOldGen       total 44032K, used 7112K [0x00000000fc000000, 0x00000000feb00000, 0x00000000feb00000)
  object space 44032K, 16% used [0x00000000fc000000,0x00000000fc6f2368,0x00000000feb00000)
 Metaspace       used 7702K, capacity 7842K, committed 7936K, reserved 1056768K
  class space    used 875K, capacity 957K, committed 1024K, reserved 1048576K

Card table byte_map: [0x0000000002970000,0x00000000029a0000] byte_map_base: 0x0000000002190000

Marking Bits: (ParMarkBitMap*) 0x00000000673d3950
 Begin Bits: [0x0000000012ae0000, 0x0000000012be0000)
 End Bits:   [0x0000000012be0000, 0x0000000012ce0000)

Polling page: 0x0000000000b50000

CodeCache: size=245760Kb used=3934Kb max_used=3945Kb free=241825Kb
 bounds [0x0000000002f20000, 0x0000000003310000, 0x0000000011f20000]
 total_blobs=1411 nmethods=1076 adapters=248
 compilation: enabled

Compilation events (10 events):
Event: 3.666 Thread 0x0000000015675800 nmethod 1076 0x00000000032f3190 code [0x00000000032f3300, 0x00000000032f35b8]
Event: 3.666 Thread 0x00000000136fd800 nmethod 1060 0x00000000032f36d0 code [0x00000000032f38a0, 0x00000000032f4050]
Event: 3.666 Thread 0x00000000136fd800 1063  s    4       java.io.BufferedOutputStream::write (35 bytes)
Event: 3.668 Thread 0x00000000136fd800 nmethod 1063 0x00000000032f2b90 code [0x00000000032f2ce0, 0x00000000032f3048]
Event: 3.668 Thread 0x00000000136fd800 1061       4       org.objectweb.asm.tree.MethodNode::getLabelNode (29 bytes)
Event: 3.669 Thread 0x000000001566f800 nmethod 981 0x00000000032fa990 code [0x00000000032face0, 0x00000000032fd698]
Event: 3.669 Thread 0x000000001566f800 1073       4       org.objectweb.asm.MethodVisitor::<init> (35 bytes)
Event: 3.670 Thread 0x00000000136fd800 nmethod 1061 0x00000000032ead10 code [0x00000000032eae60, 0x00000000032eafb8]
Event: 3.670 Thread 0x000000001566f800 nmethod 1073 0x00000000032f28d0 code [0x00000000032f2a00, 0x00000000032f2ab8]
Event: 3.748 Thread 0x00000000136fd800 1078       4       org.objectweb.asm.tree.MethodInsnNode::accept (30 bytes)

GC Heap History (6 events):
Event: 1.151 GC heap before
{Heap before GC invocations=1 (full 0):
 PSYoungGen      total 18944K, used 16384K [0x00000000feb00000, 0x0000000100000000, 0x0000000100000000)
  eden space 16384K, 100% used [0x00000000feb00000,0x00000000ffb00000,0x00000000ffb00000)
  from space 2560K, 0% used [0x00000000ffd80000,0x00000000ffd80000,0x0000000100000000)
  to   space 2560K, 0% used [0x00000000ffb00000,0x00000000ffb00000,0x00000000ffd80000)
 ParOldGen       total 44032K, used 0K [0x00000000fc000000, 0x00000000feb00000, 0x00000000feb00000)
  object space 44032K, 0% used [0x00000000fc000000,0x00000000fc000000,0x00000000feb00000)
 Metaspace       used 6622K, capacity 6800K, committed 7040K, reserved 1056768K
  class space    used 774K, capacity 824K, committed 896K, reserved 1048576K
Event: 1.174 GC heap after
Heap after GC invocations=1 (full 0):
 PSYoungGen      total 18944K, used 2537K [0x00000000feb00000, 0x0000000100000000, 0x0000000100000000)
  eden space 16384K, 0% used [0x00000000feb00000,0x00000000feb00000,0x00000000ffb00000)
  from space 2560K, 99% used [0x00000000ffb00000,0x00000000ffd7a620,0x00000000ffd80000)
  to   space 2560K, 0% used [0x00000000ffd80000,0x00000000ffd80000,0x0000000100000000)
 ParOldGen       total 44032K, used 1525K [0x00000000fc000000, 0x00000000feb00000, 0x00000000feb00000)
  object space 44032K, 3% used [0x00000000fc000000,0x00000000fc17d5c8,0x00000000feb00000)
 Metaspace       used 6622K, capacity 6800K, committed 7040K, reserved 1056768K
  class space    used 774K, capacity 824K, committed 896K, reserved 1048576K
}
Event: 1.608 GC heap before
{Heap before GC invocations=2 (full 0):
 PSYoungGen      total 18944K, used 18921K [0x00000000feb00000, 0x0000000100000000, 0x0000000100000000)
  eden space 16384K, 100% used [0x00000000feb00000,0x00000000ffb00000,0x00000000ffb00000)
  from space 2560K, 99% used [0x00000000ffb00000,0x00000000ffd7a620,0x00000000ffd80000)
  to   space 2560K, 0% used [0x00000000ffd80000,0x00000000ffd80000,0x0000000100000000)
 ParOldGen       total 44032K, used 1525K [0x00000000fc000000, 0x00000000feb00000, 0x00000000feb00000)
  object space 44032K, 3% used [0x00000000fc000000,0x00000000fc17d5c8,0x00000000feb00000)
 Metaspace       used 6968K, capacity 7106K, committed 7296K, reserved 1056768K
  class space    used 816K, capacity 861K, committed 896K, reserved 1048576K
Event: 1.693 GC heap after
Heap after GC invocations=2 (full 0):
 PSYoungGen      total 18944K, used 2531K [0x00000000feb00000, 0x0000000100000000, 0x0000000100000000)
  eden space 16384K, 0% used [0x00000000feb00000,0x00000000feb00000,0x00000000ffb00000)
  from space 2560K, 98% used [0x00000000ffd80000,0x00000000ffff8df0,0x0000000100000000)
  to   space 2560K, 0% used [0x00000000ffb00000,0x00000000ffb00000,0x00000000ffd80000)
 ParOldGen       total 44032K, used 6034K [0x00000000fc000000, 0x00000000feb00000, 0x00000000feb00000)
  object space 44032K, 13% used [0x00000000fc000000,0x00000000fc5e4af0,0x00000000feb00000)
 Metaspace       used 6968K, capacity 7106K, committed 7296K, reserved 1056768K
  class space    used 816K, capacity 861K, committed 896K, reserved 1048576K
}
Event: 3.612 GC heap before
{Heap before GC invocations=3 (full 0):
 PSYoungGen      total 18944K, used 18915K [0x00000000feb00000, 0x0000000100000000, 0x0000000100000000)
  eden space 16384K, 100% used [0x00000000feb00000,0x00000000ffb00000,0x00000000ffb00000)
  from space 2560K, 98% used [0x00000000ffd80000,0x00000000ffff8df0,0x0000000100000000)
  to   space 2560K, 0% used [0x00000000ffb00000,0x00000000ffb00000,0x00000000ffd80000)
 ParOldGen       total 44032K, used 6034K [0x00000000fc000000, 0x00000000feb00000, 0x00000000feb00000)
  object space 44032K, 13% used [0x00000000fc000000,0x00000000fc5e4af0,0x00000000feb00000)
 Metaspace       used 7702K, capacity 7842K, committed 7936K, reserved 1056768K
  class space    used 875K, capacity 957K, committed 1024K, reserved 1048576K
Event: 3.666 GC heap after
Heap after GC invocations=3 (full 0):
 PSYoungGen      total 18944K, used 2546K [0x00000000feb00000, 0x0000000100000000, 0x0000000100000000)
  eden space 16384K, 0% used [0x00000000feb00000,0x00000000feb00000,0x00000000ffb00000)
  from space 2560K, 99% used [0x00000000ffb00000,0x00000000ffd7cb50,0x00000000ffd80000)
  to   space 2560K, 0% used [0x00000000ffd80000,0x00000000ffd80000,0x0000000100000000)
 ParOldGen       total 44032K, used 7112K [0x00000000fc000000, 0x00000000feb00000, 0x00000000feb00000)
  object space 44032K, 16% used [0x00000000fc000000,0x00000000fc6f2368,0x00000000feb00000)
 Metaspace       used 7702K, capacity 7842K, committed 7936K, reserved 1056768K
  class space    used 875K, capacity 957K, committed 1024K, reserved 1048576K
}

Deoptimization events (10 events):
Event: 1.229 Thread 0x0000000000b7d800 Uncommon trap: reason=unstable_if action=reinterpret pc=0x000000000314d158 method=java.util.zip.ZipFile.getZipEntry(Ljava/lang/String;J)Ljava/util/zip/ZipEntry; @ 19
Event: 1.388 Thread 0x0000000000b7d800 Uncommon trap: reason=unstable_if action=reinterpret pc=0x0000000003161408 method=java.util.HashMap$HashIterator.nextNode()Ljava/util/HashMap$Node; @ 74
Event: 1.571 Thread 0x0000000000b7d800 Uncommon trap: reason=unloaded action=reinterpret pc=0x00000000031558fc method=java.util.zip.ZipEntry.setExtra0([BZ)V @ 37
Event: 3.005 Thread 0x0000000000b7d800 Uncommon trap: reason=unstable_if action=reinterpret pc=0x00000000030b4c78 method=java.lang.String.<init>([CII)V @ 18
Event: 3.473 Thread 0x0000000000b7d800 Uncommon trap: reason=unstable_if action=reinterpret pc=0x0000000003257a0c method=org.objectweb.asm.Item.a(Lorg/objectweb/asm/Item;)Z @ 251
Event: 3.476 Thread 0x0000000000b7d800 Uncommon trap: reason=unstable_if action=reinterpret pc=0x000000000326da90 method=org.objectweb.asm.MethodWriter.visitVarInsn(II)V @ 148
Event: 3.476 Thread 0x0000000000b7d800 Uncommon trap: reason=unstable_if action=reinterpret pc=0x000000000326e6e8 method=org.objectweb.asm.Type.getArgumentsAndReturnSizes(Ljava/lang/String;)I @ 130
Event: 3.538 Thread 0x0000000000b7d800 Uncommon trap: reason=unstable_if action=reinterpret pc=0x0000000003299fd8 method=org.objectweb.asm.Item.a(Lorg/objectweb/asm/Item;)Z @ 345
Event: 3.546 Thread 0x0000000000b7d800 Uncommon trap: reason=unstable_if action=reinterpret pc=0x00000000032b3578 method=org.objectweb.asm.Type.getArgumentsAndReturnSizes(Ljava/lang/String;)I @ 118
Event: 3.559 Thread 0x0000000000b7d800 Uncommon trap: reason=unstable_if action=reinterpret pc=0x0000000003281de8 method=java.io.BufferedOutputStream.write(I)V @ 9

Classes redefined (0 events):
No events

Internal exceptions (10 events):
Event: 2.605 Thread 0x0000000000b7d800 Exception <a 'sun/nio/fs/WindowsException'> (0x00000000febac9f8) thrown at [D:\src\AOSP-openjdk-cygwin\jdk8u\hotspot\src\share\vm\prims\jni.cpp, line 709]
Event: 2.609 Thread 0x0000000000b7d800 Exception <a 'sun/nio/fs/WindowsException'> (0x00000000febaced0) thrown at [D:\src\AOSP-openjdk-cygwin\jdk8u\hotspot\src\share\vm\prims\jni.cpp, line 709]
Event: 3.390 Thread 0x0000000000b7d800 Exception <a 'sun/nio/fs/WindowsException'> (0x00000000fee47010) thrown at [D:\src\AOSP-openjdk-cygwin\jdk8u\hotspot\src\share\vm\prims\jni.cpp, line 709]
Event: 3.392 Thread 0x0000000000b7d800 Exception <a 'sun/nio/fs/WindowsException'> (0x00000000fee474e8) thrown at [D:\src\AOSP-openjdk-cygwin\jdk8u\hotspot\src\share\vm\prims\jni.cpp, line 709]
Event: 3.433 Thread 0x0000000000b7d800 Exception <a 'sun/nio/fs/WindowsException'> (0x00000000fee4df48) thrown at [D:\src\AOSP-openjdk-cygwin\jdk8u\hotspot\src\share\vm\prims\jni.cpp, line 709]
Event: 3.433 Thread 0x0000000000b7d800 Exception <a 'sun/nio/fs/WindowsException'> (0x00000000fee4e420) thrown at [D:\src\AOSP-openjdk-cygwin\jdk8u\hotspot\src\share\vm\prims\jni.cpp, line 709]
Event: 3.495 Thread 0x0000000000b7d800 Exception <a 'sun/nio/fs/WindowsException'> (0x00000000ff1d6610) thrown at [D:\src\AOSP-openjdk-cygwin\jdk8u\hotspot\src\share\vm\prims\jni.cpp, line 709]
Event: 3.496 Thread 0x0000000000b7d800 Exception <a 'sun/nio/fs/WindowsException'> (0x00000000ff1d6ae8) thrown at [D:\src\AOSP-openjdk-cygwin\jdk8u\hotspot\src\share\vm\prims\jni.cpp, line 709]
Event: 3.523 Thread 0x0000000000b7d800 Exception <a 'sun/nio/fs/WindowsException'> (0x00000000ff2f2448) thrown at [D:\src\AOSP-openjdk-cygwin\jdk8u\hotspot\src\share\vm\prims\jni.cpp, line 709]
Event: 3.523 Thread 0x0000000000b7d800 Exception <a 'sun/nio/fs/WindowsException'> (0x00000000ff2f2920) thrown at [D:\src\AOSP-openjdk-cygwin\jdk8u\hotspot\src\share\vm\prims\jni.cpp, line 709]

Events (10 events):
Event: 3.546 Thread 0x0000000000b7d800 Uncommon trap: trap_request=0xffffff65 fr.pc=0x00000000032b3578
Event: 3.546 Thread 0x0000000000b7d800 DEOPT PACKING pc=0x00000000032b3578 sp=0x0000000002e1eb30
Event: 3.546 Thread 0x0000000000b7d800 DEOPT UNPACKING pc=0x0000000002f6556a sp=0x0000000002e1eac0 mode 2
Event: 3.559 Thread 0x0000000000b7d800 Uncommon trap: trap_request=0xffffff65 fr.pc=0x0000000003281de8
Event: 3.559 Thread 0x0000000000b7d800 DEOPT PACKING pc=0x0000000003281de8 sp=0x0000000002e1f1a0
Event: 3.559 Thread 0x0000000000b7d800 DEOPT UNPACKING pc=0x0000000002f6556a sp=0x0000000002e1f150 mode 2
Event: 3.559 Executing VM operation: ForceSafepoint
Event: 3.560 Executing VM operation: ForceSafepoint done
Event: 3.612 Executing VM operation: ParallelGCFailedAllocation
Event: 3.666 Executing VM operation: ParallelGCFailedAllocation done


Dynamic libraries:
0x00007ff7bef40000 - 0x00007ff7bef71000 	C:\Program Files\Android\Android Studio\jre\bin\java.exe
0x00007ffba9340000 - 0x00007ffba9521000 	C:\WINDOWS\SYSTEM32\ntdll.dll
0x00007ffba6ca0000 - 0x00007ffba6d52000 	C:\WINDOWS\System32\KERNEL32.DLL
0x00007ffba6070000 - 0x00007ffba62e3000 	C:\WINDOWS\System32\KERNELBASE.dll
0x00007ffba9260000 - 0x00007ffba9301000 	C:\WINDOWS\System32\ADVAPI32.dll
0x00007ffba77b0000 - 0x00007ffba784e000 	C:\WINDOWS\System32\msvcrt.dll
0x00007ffba71b0000 - 0x00007ffba720b000 	C:\WINDOWS\System32\sechost.dll
0x00007ffba7580000 - 0x00007ffba76a4000 	C:\WINDOWS\System32\RPCRT4.dll
0x00007ffba7ac0000 - 0x00007ffba7c50000 	C:\WINDOWS\System32\USER32.dll
0x00007ffba5790000 - 0x00007ffba57b0000 	C:\WINDOWS\System32\win32u.dll
0x00007ffba67e0000 - 0x00007ffba6808000 	C:\WINDOWS\System32\GDI32.dll
0x00007ffba6530000 - 0x00007ffba66c2000 	C:\WINDOWS\System32\gdi32full.dll
0x00007ffba5fd0000 - 0x00007ffba606f000 	C:\WINDOWS\System32\msvcp_win.dll
0x00007ffba66d0000 - 0x00007ffba67ca000 	C:\WINDOWS\System32\ucrtbase.dll
0x00007ffb93ad0000 - 0x00007ffb93d39000 	C:\WINDOWS\WinSxS\amd64_microsoft.windows.common-controls_6595b64144ccf1df_6.0.17134.48_none_b4b2216a3cb4dd3e\COMCTL32.dll
0x00007ffba6810000 - 0x00007ffba6b33000 	C:\WINDOWS\System32\combase.dll
0x00007ffba5710000 - 0x00007ffba578a000 	C:\WINDOWS\System32\bcryptPrimitives.dll
0x00007ffba9090000 - 0x00007ffba90bd000 	C:\WINDOWS\System32\IMM32.DLL
0x0000000069530000 - 0x0000000069602000 	C:\Program Files\Android\Android Studio\jre\jre\bin\msvcr100.dll
0x0000000066c10000 - 0x000000006744e000 	C:\Program Files\Android\Android Studio\jre\jre\bin\server\jvm.dll
0x00007ffba91d0000 - 0x00007ffba91d8000 	C:\WINDOWS\System32\PSAPI.DLL
0x00007ffba1d20000 - 0x00007ffba1d29000 	C:\WINDOWS\SYSTEM32\WSOCK32.dll
0x00007ffba7510000 - 0x00007ffba757c000 	C:\WINDOWS\System32\WS2_32.dll
0x00007ffb95780000 - 0x00007ffb957a3000 	C:\WINDOWS\SYSTEM32\WINMM.dll
0x00007ffb9d7c0000 - 0x00007ffb9d7ca000 	C:\WINDOWS\SYSTEM32\VERSION.dll
0x00007ffb95570000 - 0x00007ffb9559a000 	C:\WINDOWS\SYSTEM32\WINMMBASE.dll
0x00007ffba64e0000 - 0x00007ffba6529000 	C:\WINDOWS\System32\cfgmgr32.dll
0x00007ffba1b20000 - 0x00007ffba1b2f000 	C:\Program Files\Android\Android Studio\jre\jre\bin\verify.dll
0x00007ffb9e9c0000 - 0x00007ffb9e9e9000 	C:\Program Files\Android\Android Studio\jre\jre\bin\java.dll
0x00007ffba1b00000 - 0x00007ffba1b16000 	C:\Program Files\Android\Android Studio\jre\jre\bin\zip.dll
0x00007ffba7c50000 - 0x00007ffba9090000 	C:\WINDOWS\System32\SHELL32.dll
0x00007ffba9120000 - 0x00007ffba91c9000 	C:\WINDOWS\System32\shcore.dll
0x00007ffba58c0000 - 0x00007ffba5fcd000 	C:\WINDOWS\System32\windows.storage.dll
0x00007ffba90c0000 - 0x00007ffba9111000 	C:\WINDOWS\System32\shlwapi.dll
0x00007ffba5680000 - 0x00007ffba5691000 	C:\WINDOWS\System32\kernel.appcore.dll
0x00007ffba56f0000 - 0x00007ffba570f000 	C:\WINDOWS\System32\profapi.dll
0x00007ffba56a0000 - 0x00007ffba56ec000 	C:\WINDOWS\System32\powrprof.dll
0x00007ffba5650000 - 0x00007ffba565a000 	C:\WINDOWS\System32\FLTLIB.DLL
0x00007ffba5080000 - 0x00007ffba5097000 	C:\WINDOWS\SYSTEM32\CRYPTSP.dll
0x00007ffba4ab0000 - 0x00007ffba4ae3000 	C:\WINDOWS\system32\rsaenh.dll
0x00007ffba51b0000 - 0x00007ffba51d5000 	C:\WINDOWS\SYSTEM32\bcrypt.dll
0x00007ffba5580000 - 0x00007ffba55a8000 	C:\WINDOWS\SYSTEM32\USERENV.dll
0x00007ffba50a0000 - 0x00007ffba50ab000 	C:\WINDOWS\SYSTEM32\CRYPTBASE.dll
0x00007ffb9e9a0000 - 0x00007ffb9e9ba000 	C:\Program Files\Android\Android Studio\jre\jre\bin\net.dll
0x00007ffba4ed0000 - 0x00007ffba4f36000 	C:\WINDOWS\system32\mswsock.dll
0x00007ffba4c50000 - 0x00007ffba4c88000 	C:\WINDOWS\SYSTEM32\IPHLPAPI.DLL
0x00007ffba7430000 - 0x00007ffba7438000 	C:\WINDOWS\System32\NSI.dll
0x00007ffb9a1f0000 - 0x00007ffb9a206000 	C:\WINDOWS\SYSTEM32\dhcpcsvc6.DLL
0x00007ffb9a120000 - 0x00007ffb9a13a000 	C:\WINDOWS\SYSTEM32\dhcpcsvc.DLL
0x00007ffb9e900000 - 0x00007ffb9e911000 	C:\Program Files\Android\Android Studio\jre\jre\bin\nio.dll

VM Arguments:
jvm_args: -Djava.awt.headless=true -Xmx64M -Dfile.encoding=x-windows-949 -Duser.country=KR -Duser.language=ko -Duser.variant 
java_command: com.google.devtools.build.android.desugar.Desugar @D:\test\app\build\intermediates\tmp\desugar_args6101484619358052228
java_class_path (initial): C:\Users\Goo\AppData\Local\Temp\desugar_deploy.jar914161806448729915
Launcher Type: SUN_STANDARD

Environment Variables:
PATH=C:\ProgramData\Oracle\Java\javapath;C:\WINDOWS\system32;C:\WINDOWS;C:\WINDOWS\System32\Wbem;C:\WINDOWS\System32\WindowsPowerShell\v1.0\;C:\OpenSSL;;C:\WINDOWS\System32\OpenSSH\;C:\Users\Goo\AppData\Local\Microsoft\WindowsApps;
USERNAME=Goo
OS=Windows_NT
PROCESSOR_IDENTIFIER=Intel64 Family 6 Model 158 Stepping 9, GenuineIntel



---------------  S Y S T E M  ---------------

OS: Windows 10.0 , 64 bit Build 17134 (10.0.17134.1)

CPU:total 8 (initial active 8) (4 cores per cpu, 2 threads per core) family 6 model 158 stepping 9, cmov, cx8, fxsr, mmx, sse, sse2, sse3, ssse3, sse4.1, sse4.2, popcnt, avx, avx2, aes, clmul, erms, 3dnowpref, lzcnt, ht, tsc, tscinvbit, bmi1, bmi2, adx

Memory: 4k page, physical 16692940k(4889060k free), swap 16692940k(4140k free)

vm_info: OpenJDK 64-Bit Server VM (25.152-b01) for windows-amd64 JRE (1.8.0_152-release-915-b01), built by "builder" with MS VC++ 10.0 (VS2010)

time: Sat May 26 18:43:57 2018
elapsed time: 3 seconds (0d 0h 0m 3s)

