#
# There is insufficient memory for the Java Runtime Environment to continue.
# Native memory allocation (malloc) failed to allocate 32744 bytes for ChunkPool::allocate
# Possible reasons:
#   The system is out of physical RAM or swap space
#   In 32 bit mode, the process size limit was hit
# Possible solutions:
#   Reduce memory load on the system
#   Increase physical memory or swap space
#   Check if swap backing store is full
#   Use 64 bit Java on a 64 bit OS
#   Decrease Java heap size (-Xmx/-Xms)
#   Decrease number of Java threads
#   Decrease Java thread stack sizes (-Xss)
#   Set larger code cache with -XX:ReservedCodeCacheSize=
# This output file may be truncated or incomplete.
#
#  Out of Memory Error (allocation.cpp:273), pid=13672, tid=0x0000000000002144
#
# JRE version: OpenJDK Runtime Environment (8.0_152-b01) (build 1.8.0_152-release-915-b01)
# Java VM: OpenJDK 64-Bit Server VM (25.152-b01 mixed mode windows-amd64 compressed oops)
# Failed to write core dump. Minidumps are not enabled by default on client versions of Windows
#

---------------  T H R E A D  ---------------

Current thread (0x0000000015b10800):  JavaThread "C2 CompilerThread0" daemon [_thread_in_native, id=8516, stack(0x0000000016210000,0x0000000016310000)]

Stack: [0x0000000016210000,0x0000000016310000]
[error occurred during error reporting (printing stack bounds), id 0xc0000005]

Native frames: (J=compiled Java code, j=interpreted, Vv=VM code, C=native code)


Current CompileTask:
C2:   2547 1099       4       org.objectweb.asm.MethodVisitor::visitFieldInsn (20 bytes)


---------------  P R O C E S S  ---------------

Java Threads: ( => current thread )
  0x0000000015b1c800 JavaThread "Service Thread" daemon [_thread_blocked, id=2796, stack(0x0000000016610000,0x0000000016710000)]
  0x0000000015b16000 JavaThread "C1 CompilerThread3" daemon [_thread_in_vm, id=5336, stack(0x0000000016510000,0x0000000016610000)]
  0x0000000015b13000 JavaThread "C2 CompilerThread2" daemon [_thread_in_native, id=2788, stack(0x0000000016410000,0x0000000016510000)]
  0x0000000013b9b000 JavaThread "C2 CompilerThread1" daemon [_thread_in_native, id=860, stack(0x0000000016310000,0x0000000016410000)]
=>0x0000000015b10800 JavaThread "C2 CompilerThread0" daemon [_thread_in_native, id=8516, stack(0x0000000016210000,0x0000000016310000)]
  0x0000000015b0f000 JavaThread "Attach Listener" daemon [_thread_blocked, id=1188, stack(0x0000000016110000,0x0000000016210000)]
  0x0000000015abb800 JavaThread "Signal Dispatcher" daemon [_thread_blocked, id=2580, stack(0x0000000016010000,0x0000000016110000)]
  0x00000000033de000 JavaThread "Finalizer" daemon [_thread_blocked, id=5752, stack(0x0000000015e80000,0x0000000015f80000)]
  0x00000000033d7000 JavaThread "Reference Handler" daemon [_thread_blocked, id=4876, stack(0x0000000015980000,0x0000000015a80000)]
  0x0000000002d1d800 JavaThread "main" [_thread_in_Java, id=7544, stack(0x00000000031e0000,0x00000000032e0000)]

Other Threads:
  0x0000000013b85800 VMThread [stack: 0x0000000015880000,0x0000000015980000] [id=4420]
  0x0000000015b1d800 WatcherThread [stack: 0x0000000016710000,0x0000000016810000] [id=500]

VM state:not at safepoint (normal execution)

VM Mutex/Monitor currently owned by a thread: None

Heap:
 PSYoungGen      total 18944K, used 11353K [0x00000000feb00000, 0x0000000100000000, 0x0000000100000000)
  eden space 16384K, 53% used [0x00000000feb00000,0x00000000ff39e1b0,0x00000000ffb00000)
  from space 2560K, 98% used [0x00000000ffb00000,0x00000000ffd78610,0x00000000ffd80000)
  to   space 2560K, 0% used [0x00000000ffd80000,0x00000000ffd80000,0x0000000100000000)
 ParOldGen       total 44032K, used 6926K [0x00000000fc000000, 0x00000000feb00000, 0x00000000feb00000)
  object space 44032K, 15% used [0x00000000fc000000,0x00000000fc6c3ac0,0x00000000feb00000)
 Metaspace       used 7751K, capacity 7910K, committed 8192K, reserved 1056768K
  class space    used 875K, capacity 957K, committed 1024K, reserved 1048576K

Card table byte_map: [0x0000000001400000,0x0000000001430000] byte_map_base: 0x0000000000c20000

Marking Bits: (ParMarkBitMap*) 0x00000000692d3950
 Begin Bits: [0x0000000012fa0000, 0x00000000130a0000)
 End Bits:   [0x00000000130a0000, 0x00000000131a0000)

Polling page: 0x0000000000bf0000

CodeCache: size=245760Kb used=4019Kb max_used=4031Kb free=241740Kb
 bounds [0x00000000033e0000, 0x00000000037e0000, 0x00000000123e0000]
 total_blobs=1440 nmethods=1105 adapters=248
 compilation: enabled

Compilation events (10 events):
Event: 2.159 Thread 0x0000000015b16000 nmethod 1103 0x00000000037cc750 code [0x00000000037cc8c0, 0x00000000037ccb78]
Event: 2.159 Thread 0x0000000015b16000 1104       3       com.google.common.collect.ImmutableList::iterator (5 bytes)
Event: 2.159 Thread 0x0000000015b16000 nmethod 1104 0x00000000037cc210 code [0x00000000037cc380, 0x00000000037cc668]
Event: 2.160 Thread 0x0000000015b13000 1105       4       org.objectweb.asm.MethodVisitor::<init> (35 bytes)
Event: 2.161 Thread 0x0000000015b13000 nmethod 1105 0x00000000037cbf50 code [0x00000000037cc080, 0x00000000037cc138]
Event: 2.161 Thread 0x0000000015b13000 1106       4       org.objectweb.asm.tree.MethodNode::getLabelNodes (51 bytes)
Event: 2.162 Thread 0x0000000015b16000 1107       1       org.objectweb.asm.MethodWriter::visitCode (1 bytes)
Event: 2.162 Thread 0x0000000015b16000 nmethod 1107 0x00000000037cbc90 code [0x00000000037cbde0, 0x00000000037cbef0]
Event: 2.479 Thread 0x0000000015b13000 nmethod 1106 0x00000000037cfcd0 code [0x00000000037cfe40, 0x00000000037d0118]
Event: 2.479 Thread 0x0000000015b13000 1108       4       org.objectweb.asm.tree.MethodInsnNode::accept (30 bytes)

GC Heap History (6 events):
Event: 0.946 GC heap before
{Heap before GC invocations=1 (full 0):
 PSYoungGen      total 18944K, used 16384K [0x00000000feb00000, 0x0000000100000000, 0x0000000100000000)
  eden space 16384K, 100% used [0x00000000feb00000,0x00000000ffb00000,0x00000000ffb00000)
  from space 2560K, 0% used [0x00000000ffd80000,0x00000000ffd80000,0x0000000100000000)
  to   space 2560K, 0% used [0x00000000ffb00000,0x00000000ffb00000,0x00000000ffd80000)
 ParOldGen       total 44032K, used 0K [0x00000000fc000000, 0x00000000feb00000, 0x00000000feb00000)
  object space 44032K, 0% used [0x00000000fc000000,0x00000000fc000000,0x00000000feb00000)
 Metaspace       used 6630K, capacity 6804K, committed 7040K, reserved 1056768K
  class space    used 773K, capacity 824K, committed 896K, reserved 1048576K
Event: 0.978 GC heap after
Heap after GC invocations=1 (full 0):
 PSYoungGen      total 18944K, used 2537K [0x00000000feb00000, 0x0000000100000000, 0x0000000100000000)
  eden space 16384K, 0% used [0x00000000feb00000,0x00000000feb00000,0x00000000ffb00000)
  from space 2560K, 99% used [0x00000000ffb00000,0x00000000ffd7a640,0x00000000ffd80000)
  to   space 2560K, 0% used [0x00000000ffd80000,0x00000000ffd80000,0x0000000100000000)
 ParOldGen       total 44032K, used 1607K [0x00000000fc000000, 0x00000000feb00000, 0x00000000feb00000)
  object space 44032K, 3% used [0x00000000fc000000,0x00000000fc191de8,0x00000000feb00000)
 Metaspace       used 6630K, capacity 6804K, committed 7040K, reserved 1056768K
  class space    used 773K, capacity 824K, committed 896K, reserved 1048576K
}
Event: 1.344 GC heap before
{Heap before GC invocations=2 (full 0):
 PSYoungGen      total 18944K, used 18921K [0x00000000feb00000, 0x0000000100000000, 0x0000000100000000)
  eden space 16384K, 100% used [0x00000000feb00000,0x00000000ffb00000,0x00000000ffb00000)
  from space 2560K, 99% used [0x00000000ffb00000,0x00000000ffd7a640,0x00000000ffd80000)
  to   space 2560K, 0% used [0x00000000ffd80000,0x00000000ffd80000,0x0000000100000000)
 ParOldGen       total 44032K, used 1607K [0x00000000fc000000, 0x00000000feb00000, 0x00000000feb00000)
  object space 44032K, 3% used [0x00000000fc000000,0x00000000fc191de8,0x00000000feb00000)
 Metaspace       used 6952K, capacity 7110K, committed 7296K, reserved 1056768K
  class space    used 814K, capacity 861K, committed 896K, reserved 1048576K
Event: 1.362 GC heap after
Heap after GC invocations=2 (full 0):
 PSYoungGen      total 18944K, used 2531K [0x00000000feb00000, 0x0000000100000000, 0x0000000100000000)
  eden space 16384K, 0% used [0x00000000feb00000,0x00000000feb00000,0x00000000ffb00000)
  from space 2560K, 98% used [0x00000000ffd80000,0x00000000ffff8e10,0x0000000100000000)
  to   space 2560K, 0% used [0x00000000ffb00000,0x00000000ffb00000,0x00000000ffd80000)
 ParOldGen       total 44032K, used 5868K [0x00000000fc000000, 0x00000000feb00000, 0x00000000feb00000)
  object space 44032K, 13% used [0x00000000fc000000,0x00000000fc5bb2d0,0x00000000feb00000)
 Metaspace       used 6952K, capacity 7110K, committed 7296K, reserved 1056768K
  class space    used 814K, capacity 861K, committed 896K, reserved 1048576K
}
Event: 2.164 GC heap before
{Heap before GC invocations=3 (full 0):
 PSYoungGen      total 18944K, used 18915K [0x00000000feb00000, 0x0000000100000000, 0x0000000100000000)
  eden space 16384K, 100% used [0x00000000feb00000,0x00000000ffb00000,0x00000000ffb00000)
  from space 2560K, 98% used [0x00000000ffd80000,0x00000000ffff8e10,0x0000000100000000)
  to   space 2560K, 0% used [0x00000000ffb00000,0x00000000ffb00000,0x00000000ffd80000)
 ParOldGen       total 44032K, used 5868K [0x00000000fc000000, 0x00000000feb00000, 0x00000000feb00000)
  object space 44032K, 13% used [0x00000000fc000000,0x00000000fc5bb2d0,0x00000000feb00000)
 Metaspace       used 7705K, capacity 7910K, committed 8192K, reserved 1056768K
  class space    used 875K, capacity 957K, committed 1024K, reserved 1048576K
Event: 2.479 GC heap after
Heap after GC invocations=3 (full 0):
 PSYoungGen      total 18944K, used 2529K [0x00000000feb00000, 0x0000000100000000, 0x0000000100000000)
  eden space 16384K, 0% used [0x00000000feb00000,0x00000000feb00000,0x00000000ffb00000)
  from space 2560K, 98% used [0x00000000ffb00000,0x00000000ffd78610,0x00000000ffd80000)
  to   space 2560K, 0% used [0x00000000ffd80000,0x00000000ffd80000,0x0000000100000000)
 ParOldGen       total 44032K, used 6926K [0x00000000fc000000, 0x00000000feb00000, 0x00000000feb00000)
  object space 44032K, 15% used [0x00000000fc000000,0x00000000fc6c3ac0,0x00000000feb00000)
 Metaspace       used 7705K, capacity 7910K, committed 8192K, reserved 1056768K
  class space    used 875K, capacity 957K, committed 1024K, reserved 1048576K
}

Deoptimization events (10 events):
Event: 1.004 Thread 0x0000000002d1d800 Uncommon trap: reason=unstable_if action=reinterpret pc=0x00000000036182d8 method=java.util.zip.ZipCoder.decoder()Ljava/nio/charset/CharsetDecoder; @ 4
Event: 1.004 Thread 0x0000000002d1d800 Uncommon trap: reason=unstable_if action=reinterpret pc=0x0000000003613e80 method=java.util.zip.ZipCoder.decoder()Ljava/nio/charset/CharsetDecoder; @ 4
Event: 1.011 Thread 0x0000000002d1d800 Uncommon trap: reason=unstable_if action=reinterpret pc=0x000000000363cf54 method=java.util.HashMap$HashIterator.hasNext()Z @ 4
Event: 1.315 Thread 0x0000000002d1d800 Uncommon trap: reason=unloaded action=reinterpret pc=0x00000000036151fc method=java.util.zip.ZipEntry.setExtra0([BZ)V @ 37
Event: 1.499 Thread 0x0000000002d1d800 Uncommon trap: reason=unstable_if action=reinterpret pc=0x0000000003583ef8 method=java.lang.String.<init>([CII)V @ 18
Event: 1.858 Thread 0x0000000002d1d800 Uncommon trap: reason=unstable_if action=reinterpret pc=0x000000000371374c method=org.objectweb.asm.Type.getArgumentsAndReturnSizes(Ljava/lang/String;)I @ 136
Event: 1.860 Thread 0x0000000002d1d800 Uncommon trap: reason=unstable_if action=reinterpret pc=0x0000000003734dc8 method=org.objectweb.asm.MethodWriter.visitVarInsn(II)V @ 130
Event: 1.872 Thread 0x0000000002d1d800 Uncommon trap: reason=unstable_if action=reinterpret pc=0x00000000036c8fa0 method=org.objectweb.asm.ClassReader.readUTF8(I[C)Ljava/lang/String; @ 7
Event: 1.961 Thread 0x0000000002d1d800 Uncommon trap: reason=unstable_if action=reinterpret pc=0x000000000378fedc method=org.objectweb.asm.Type.getArgumentsAndReturnSizes(Ljava/lang/String;)I @ 112
Event: 1.962 Thread 0x0000000002d1d800 Uncommon trap: reason=unstable_if action=reinterpret pc=0x00000000037346a8 method=java.io.BufferedOutputStream.write(I)V @ 9

Classes redefined (0 events):
No events

Internal exceptions (10 events):
Event: 1.827 Thread 0x0000000002d1d800 Exception <a 'sun/nio/fs/WindowsException'> (0x00000000ff17d200) thrown at [D:\src\AOSP-openjdk-cygwin\jdk8u\hotspot\src\share\vm\prims\jni.cpp, line 709]
Event: 1.827 Thread 0x0000000002d1d800 Exception <a 'sun/nio/fs/WindowsException'> (0x00000000ff17d6d8) thrown at [D:\src\AOSP-openjdk-cygwin\jdk8u\hotspot\src\share\vm\prims\jni.cpp, line 709]
Event: 2.020 Thread 0x0000000002d1d800 Exception <a 'sun/nio/fs/WindowsException'> (0x00000000ff63b288) thrown at [D:\src\AOSP-openjdk-cygwin\jdk8u\hotspot\src\share\vm\prims\jni.cpp, line 709]
Event: 2.020 Thread 0x0000000002d1d800 Exception <a 'sun/nio/fs/WindowsException'> (0x00000000ff63b760) thrown at [D:\src\AOSP-openjdk-cygwin\jdk8u\hotspot\src\share\vm\prims\jni.cpp, line 709]
Event: 2.123 Thread 0x0000000002d1d800 Exception <a 'sun/nio/fs/WindowsException'> (0x00000000ff63ec08) thrown at [D:\src\AOSP-openjdk-cygwin\jdk8u\hotspot\src\share\vm\prims\jni.cpp, line 709]
Event: 2.124 Thread 0x0000000002d1d800 Exception <a 'sun/nio/fs/WindowsException'> (0x00000000ff63f0e0) thrown at [D:\src\AOSP-openjdk-cygwin\jdk8u\hotspot\src\share\vm\prims\jni.cpp, line 709]
Event: 2.126 Thread 0x0000000002d1d800 Exception <a 'sun/nio/fs/WindowsException'> (0x00000000ff642598) thrown at [D:\src\AOSP-openjdk-cygwin\jdk8u\hotspot\src\share\vm\prims\jni.cpp, line 709]
Event: 2.126 Thread 0x0000000002d1d800 Exception <a 'sun/nio/fs/WindowsException'> (0x00000000ff642a70) thrown at [D:\src\AOSP-openjdk-cygwin\jdk8u\hotspot\src\share\vm\prims\jni.cpp, line 709]
Event: 2.156 Thread 0x0000000002d1d800 Exception <a 'sun/nio/fs/WindowsException'> (0x00000000ff99d138) thrown at [D:\src\AOSP-openjdk-cygwin\jdk8u\hotspot\src\share\vm\prims\jni.cpp, line 709]
Event: 2.156 Thread 0x0000000002d1d800 Exception <a 'sun/nio/fs/WindowsException'> (0x00000000ff99d610) thrown at [D:\src\AOSP-openjdk-cygwin\jdk8u\hotspot\src\share\vm\prims\jni.cpp, line 709]

Events (10 events):
Event: 1.957 Executing VM operation: ForceSafepoint
Event: 1.957 Executing VM operation: ForceSafepoint done
Event: 1.961 Thread 0x0000000002d1d800 Uncommon trap: trap_request=0xffffff65 fr.pc=0x000000000378fedc
Event: 1.961 Thread 0x0000000002d1d800 DEOPT PACKING pc=0x000000000378fedc sp=0x00000000032de6a0
Event: 1.961 Thread 0x0000000002d1d800 DEOPT UNPACKING pc=0x000000000342556a sp=0x00000000032de630 mode 2
Event: 1.962 Thread 0x0000000002d1d800 Uncommon trap: trap_request=0xffffff65 fr.pc=0x00000000037346a8
Event: 1.962 Thread 0x0000000002d1d800 DEOPT PACKING pc=0x00000000037346a8 sp=0x00000000032ded40
Event: 1.962 Thread 0x0000000002d1d800 DEOPT UNPACKING pc=0x000000000342556a sp=0x00000000032decf0 mode 2
Event: 2.164 Executing VM operation: ParallelGCFailedAllocation
Event: 2.479 Executing VM operation: ParallelGCFailedAllocation done


Dynamic libraries:
0x00007ff63d890000 - 0x00007ff63d8c1000 	C:\Program Files\Android\Android Studio\jre\bin\java.exe
0x00007ffcdd5d0000 - 0x00007ffcdd7b1000 	C:\WINDOWS\SYSTEM32\ntdll.dll
0x00007ffcdb0a0000 - 0x00007ffcdb152000 	C:\WINDOWS\System32\KERNEL32.DLL
0x00007ffcda640000 - 0x00007ffcda8b3000 	C:\WINDOWS\System32\KERNELBASE.dll
0x00007ffcdd4e0000 - 0x00007ffcdd581000 	C:\WINDOWS\System32\ADVAPI32.dll
0x00007ffcdd270000 - 0x00007ffcdd30e000 	C:\WINDOWS\System32\msvcrt.dll
0x00007ffcdab50000 - 0x00007ffcdabab000 	C:\WINDOWS\System32\sechost.dll
0x00007ffcdd140000 - 0x00007ffcdd264000 	C:\WINDOWS\System32\RPCRT4.dll
0x00007ffcdcfb0000 - 0x00007ffcdd140000 	C:\WINDOWS\System32\USER32.dll
0x00007ffcdaa40000 - 0x00007ffcdaa60000 	C:\WINDOWS\System32\win32u.dll
0x00007ffcdcce0000 - 0x00007ffcdcd08000 	C:\WINDOWS\System32\GDI32.dll
0x00007ffcda4a0000 - 0x00007ffcda632000 	C:\WINDOWS\System32\gdi32full.dll
0x00007ffcd9c40000 - 0x00007ffcd9cdf000 	C:\WINDOWS\System32\msvcp_win.dll
0x00007ffcda940000 - 0x00007ffcdaa3a000 	C:\WINDOWS\System32\ucrtbase.dll
0x00007ffccc940000 - 0x00007ffcccba9000 	C:\WINDOWS\WinSxS\amd64_microsoft.windows.common-controls_6595b64144ccf1df_6.0.17134.48_none_b4b2216a3cb4dd3e\COMCTL32.dll
0x00007ffcdabb0000 - 0x00007ffcdaed3000 	C:\WINDOWS\System32\combase.dll
0x00007ffcda8c0000 - 0x00007ffcda93a000 	C:\WINDOWS\System32\bcryptPrimitives.dll
0x00007ffcdaa60000 - 0x00007ffcdaa8d000 	C:\WINDOWS\System32\IMM32.DLL
0x0000000068a30000 - 0x0000000068b02000 	C:\Program Files\Android\Android Studio\jre\jre\bin\msvcr100.dll
0x0000000068b10000 - 0x000000006934e000 	C:\Program Files\Android\Android Studio\jre\jre\bin\server\jvm.dll
0x00007ffcdab40000 - 0x00007ffcdab48000 	C:\WINDOWS\System32\PSAPI.DLL
0x00007ffcd7b10000 - 0x00007ffcd7b19000 	C:\WINDOWS\SYSTEM32\WSOCK32.dll
0x00007ffcdc7a0000 - 0x00007ffcdc80c000 	C:\WINDOWS\System32\WS2_32.dll
0x00007ffcd02d0000 - 0x00007ffcd02da000 	C:\WINDOWS\SYSTEM32\VERSION.dll
0x00007ffcd7a90000 - 0x00007ffcd7ab3000 	C:\WINDOWS\SYSTEM32\WINMM.dll
0x00007ffcd7970000 - 0x00007ffcd799a000 	C:\WINDOWS\SYSTEM32\WINMMBASE.dll
0x00007ffcd9bf0000 - 0x00007ffcd9c39000 	C:\WINDOWS\System32\cfgmgr32.dll
0x00007ffcd6260000 - 0x00007ffcd626f000 	C:\Program Files\Android\Android Studio\jre\jre\bin\verify.dll
0x00007ffcd56c0000 - 0x00007ffcd56e9000 	C:\Program Files\Android\Android Studio\jre\jre\bin\java.dll
0x00007ffcd56a0000 - 0x00007ffcd56b6000 	C:\Program Files\Android\Android Studio\jre\jre\bin\zip.dll
0x00007ffcdb160000 - 0x00007ffcdc5a0000 	C:\WINDOWS\System32\SHELL32.dll
0x00007ffcdaa90000 - 0x00007ffcdab39000 	C:\WINDOWS\System32\shcore.dll
0x00007ffcd9d90000 - 0x00007ffcda49d000 	C:\WINDOWS\System32\windows.storage.dll
0x00007ffcdd310000 - 0x00007ffcdd361000 	C:\WINDOWS\System32\shlwapi.dll
0x00007ffcd9980000 - 0x00007ffcd9991000 	C:\WINDOWS\System32\kernel.appcore.dll
0x00007ffcd9900000 - 0x00007ffcd991f000 	C:\WINDOWS\System32\profapi.dll
0x00007ffcd9920000 - 0x00007ffcd996c000 	C:\WINDOWS\System32\powrprof.dll
0x00007ffcd9970000 - 0x00007ffcd997a000 	C:\WINDOWS\System32\FLTLIB.DLL
0x00007ffcd9310000 - 0x00007ffcd9327000 	C:\WINDOWS\SYSTEM32\CRYPTSP.dll
0x00007ffcd8d40000 - 0x00007ffcd8d73000 	C:\WINDOWS\system32\rsaenh.dll
0x00007ffcd9440000 - 0x00007ffcd9465000 	C:\WINDOWS\SYSTEM32\bcrypt.dll
0x00007ffcd97e0000 - 0x00007ffcd9808000 	C:\WINDOWS\SYSTEM32\USERENV.dll
0x00007ffcd9330000 - 0x00007ffcd933b000 	C:\WINDOWS\SYSTEM32\CRYPTBASE.dll
0x00007ffcd1220000 - 0x00007ffcd123a000 	C:\Program Files\Android\Android Studio\jre\jre\bin\net.dll
0x00007ffcd9160000 - 0x00007ffcd91c6000 	C:\WINDOWS\system32\mswsock.dll
0x00007ffcd8ee0000 - 0x00007ffcd8f18000 	C:\WINDOWS\SYSTEM32\IPHLPAPI.DLL
0x00007ffcdd590000 - 0x00007ffcdd598000 	C:\WINDOWS\System32\NSI.dll
0x00007ffcd1420000 - 0x00007ffcd1436000 	C:\WINDOWS\SYSTEM32\dhcpcsvc6.DLL
0x00007ffcd1400000 - 0x00007ffcd141a000 	C:\WINDOWS\SYSTEM32\dhcpcsvc.DLL
0x00007ffccb640000 - 0x00007ffccb651000 	C:\Program Files\Android\Android Studio\jre\jre\bin\nio.dll

VM Arguments:
jvm_args: -Djava.awt.headless=true -Xmx64M -Dfile.encoding=x-windows-949 -Duser.country=KR -Duser.language=ko -Duser.variant 
java_command: com.google.devtools.build.android.desugar.Desugar @D:\test\app\build\intermediates\tmp\desugar_args8390893775145871315
java_class_path (initial): C:\Users\Goo\AppData\Local\Temp\desugar_deploy.jar5864179919422000311
Launcher Type: SUN_STANDARD

Environment Variables:
PATH=C:\ProgramData\Oracle\Java\javapath;C:\WINDOWS\system32;C:\WINDOWS;C:\WINDOWS\System32\Wbem;C:\WINDOWS\System32\WindowsPowerShell\v1.0\;C:\OpenSSL;;C:\WINDOWS\System32\OpenSSH\;C:\Users\Goo\AppData\Local\Microsoft\WindowsApps;
USERNAME=Goo
OS=Windows_NT
PROCESSOR_IDENTIFIER=Intel64 Family 6 Model 158 Stepping 9, GenuineIntel



---------------  S Y S T E M  ---------------

OS: Windows 10.0 , 64 bit Build 17134 (10.0.17134.1)

CPU:total 8 (initial active 8) (4 cores per cpu, 2 threads per core) family 6 model 158 stepping 9, cmov, cx8, fxsr, mmx, sse, sse2, sse3, ssse3, sse4.1, sse4.2, popcnt, avx, avx2, aes, clmul, erms, 3dnowpref, lzcnt, ht, tsc, tscinvbit, bmi1, bmi2, adx

Memory: 4k page, physical 16692940k(2013608k free), swap 16692940k(3140k free)

vm_info: OpenJDK 64-Bit Server VM (25.152-b01) for windows-amd64 JRE (1.8.0_152-release-915-b01), built by "builder" with MS VC++ 10.0 (VS2010)

time: Tue Jun 12 21:58:54 2018
elapsed time: 2 seconds (0d 0h 0m 2s)

