#
# There is insufficient memory for the Java Runtime Environment to continue.
# Native memory allocation (malloc) failed to allocate 612416 bytes for Chunk::new
# Possible reasons:
#   The system is out of physical RAM or swap space
#   In 32 bit mode, the process size limit was hit
# Possible solutions:
#   Reduce memory load on the system
#   Increase physical memory or swap space
#   Check if swap backing store is full
#   Use 64 bit Java on a 64 bit OS
#   Decrease Java heap size (-Xmx/-Xms)
#   Decrease number of Java threads
#   Decrease Java thread stack sizes (-Xss)
#   Set larger code cache with -XX:ReservedCodeCacheSize=
# This output file may be truncated or incomplete.
#
#  Out of Memory Error (allocation.cpp:390), pid=14108, tid=0x0000000000003214
#
# JRE version: OpenJDK Runtime Environment (8.0_152-b01) (build 1.8.0_152-release-915-b01)
# Java VM: OpenJDK 64-Bit Server VM (25.152-b01 mixed mode windows-amd64 compressed oops)
# Failed to write core dump. Minidumps are not enabled by default on client versions of Windows
#

---------------  T H R E A D  ---------------

Current thread (0x00000000157ab800):  JavaThread "C2 CompilerThread1" daemon [_thread_in_native, id=12820, stack(0x0000000015f70000,0x0000000016070000)]

Stack: [0x0000000015f70000,0x0000000016070000]
[error occurred during error reporting (printing stack bounds), id 0xc0000005]

Native frames: (J=compiled Java code, j=interpreted, Vv=VM code, C=native code)


Current CompileTask:
C2:   4537 1321       4       org.objectweb.asm.ClassWriter::a (77 bytes)


---------------  P R O C E S S  ---------------

Java Threads: ( => current thread )
  0x00000000157b6800 JavaThread "Service Thread" daemon [_thread_blocked, id=2156, stack(0x0000000016270000,0x0000000016370000)]
  0x00000000157b2000 JavaThread "C1 CompilerThread3" daemon [_thread_blocked, id=4920, stack(0x0000000016170000,0x0000000016270000)]
  0x00000000157ae800 JavaThread "C2 CompilerThread2" daemon [_thread_blocked, id=11424, stack(0x0000000016070000,0x0000000016170000)]
=>0x00000000157ab800 JavaThread "C2 CompilerThread1" daemon [_thread_in_native, id=12820, stack(0x0000000015f70000,0x0000000016070000)]
  0x000000001570b800 JavaThread "C2 CompilerThread0" daemon [_thread_in_native, id=8592, stack(0x0000000015e70000,0x0000000015f70000)]
  0x000000001570a800 JavaThread "Attach Listener" daemon [_thread_blocked, id=11172, stack(0x0000000015d70000,0x0000000015e70000)]
  0x0000000015760000 JavaThread "Signal Dispatcher" daemon [_thread_blocked, id=1732, stack(0x0000000015c70000,0x0000000015d70000)]
  0x00000000156f1000 JavaThread "Finalizer" daemon [_thread_blocked, id=2944, stack(0x0000000015ad0000,0x0000000015bd0000)]
  0x0000000003017000 JavaThread "Reference Handler" daemon [_thread_blocked, id=8252, stack(0x00000000155d0000,0x00000000156d0000)]
  0x0000000000ccd800 JavaThread "main" [_thread_blocked, id=9152, stack(0x0000000002e20000,0x0000000002f20000)]

Other Threads:
  0x00000000137c5800 VMThread [stack: 0x00000000154d0000,0x00000000155d0000] [id=13296]
  0x00000000157b7000 WatcherThread [stack: 0x0000000016370000,0x0000000016470000] [id=8104]

VM state:not at safepoint (normal execution)

VM Mutex/Monitor currently owned by a thread:  ([mutex/lock_event])
[0x0000000000ccc620] Heap_lock - owner thread: 0x0000000000ccd800

Heap:
 PSYoungGen      total 9728K, used 2549K [0x00000000feb00000, 0x0000000100000000, 0x0000000100000000)
  eden space 7168K, 0% used [0x00000000feb00000,0x00000000feb00698,0x00000000ff200000)
  from space 2560K, 99% used [0x00000000ffd80000,0x00000000ffffce00,0x0000000100000000)
  to   space 7168K, 0% used [0x00000000ff200000,0x00000000ff200000,0x00000000ff900000)
 ParOldGen       total 44032K, used 8067K [0x00000000fc000000, 0x00000000feb00000, 0x00000000feb00000)
  object space 44032K, 18% used [0x00000000fc000000,0x00000000fc7e0dd8,0x00000000feb00000)
 Metaspace       used 7820K, capacity 8038K, committed 8192K, reserved 1056768K
  class space    used 875K, capacity 957K, committed 1024K, reserved 1048576K

Card table byte_map: [0x0000000002950000,0x0000000002980000] byte_map_base: 0x0000000002170000

Marking Bits: (ParMarkBitMap*) 0x0000000064643950
 Begin Bits: [0x0000000012be0000, 0x0000000012ce0000)
 End Bits:   [0x0000000012ce0000, 0x0000000012de0000)

Polling page: 0x0000000001170000

CodeCache: size=245760Kb used=5243Kb max_used=5256Kb free=240516Kb
 bounds [0x0000000003020000, 0x0000000003550000, 0x0000000012020000]
 total_blobs=1664 nmethods=1329 adapters=248
 compilation: enabled

Compilation events (10 events):
Event: 4.355 Thread 0x00000000157b2000 1332   !   3       sun.nio.ch.IOUtil::write (142 bytes)
Event: 4.356 Thread 0x00000000157b2000 nmethod 1332 0x00000000035409d0 code [0x0000000003540bc0, 0x0000000003541498]
Event: 4.359 Thread 0x00000000157b2000 1333       3       java.nio.DirectByteBuffer::put (126 bytes)
Event: 4.360 Thread 0x00000000157b2000 nmethod 1333 0x0000000003541810 code [0x00000000035419e0, 0x0000000003542128]
Event: 4.362 Thread 0x000000001570b800 nmethod 1327 0x0000000003534390 code [0x0000000003534500, 0x0000000003534a38]
Event: 4.362 Thread 0x000000001570b800 1328       4       org.objectweb.asm.ByteVector::putUTF8 (142 bytes)
Event: 4.518 Thread 0x000000001570b800 nmethod 1328 0x0000000003543450 code [0x00000000035435c0, 0x0000000003543c88]
Event: 4.518 Thread 0x000000001570b800 1326       4       org.objectweb.asm.ClassReader::readUTF8 (60 bytes)
Event: 4.529 Thread 0x000000001570b800 nmethod 1326 0x0000000003544c90 code [0x0000000003544e00, 0x0000000003545638]
Event: 4.529 Thread 0x000000001570b800 1334       4       org.objectweb.asm.ClassWriter::newUTF8 (70 bytes)

GC Heap History (10 events):
Event: 1.568 GC heap before
{Heap before GC invocations=2 (full 0):
 PSYoungGen      total 18944K, used 18915K [0x00000000feb00000, 0x0000000100000000, 0x0000000100000000)
  eden space 16384K, 100% used [0x00000000feb00000,0x00000000ffb00000,0x00000000ffb00000)
  from space 2560K, 98% used [0x00000000ffb00000,0x00000000ffd78c40,0x00000000ffd80000)
  to   space 2560K, 0% used [0x00000000ffd80000,0x00000000ffd80000,0x0000000100000000)
 ParOldGen       total 44032K, used 1829K [0x00000000fc000000, 0x00000000feb00000, 0x00000000feb00000)
  object space 44032K, 4% used [0x00000000fc000000,0x00000000fc1c9640,0x00000000feb00000)
 Metaspace       used 6944K, capacity 7110K, committed 7296K, reserved 1056768K
  class space    used 814K, capacity 861K, committed 896K, reserved 1048576K
Event: 1.578 GC heap after
Heap after GC invocations=2 (full 0):
 PSYoungGen      total 18944K, used 2547K [0x00000000feb00000, 0x0000000100000000, 0x0000000100000000)
  eden space 16384K, 0% used [0x00000000feb00000,0x00000000feb00000,0x00000000ffb00000)
  from space 2560K, 99% used [0x00000000ffd80000,0x00000000ffffce10,0x0000000100000000)
  to   space 2560K, 0% used [0x00000000ffb00000,0x00000000ffb00000,0x00000000ffd80000)
 ParOldGen       total 44032K, used 5706K [0x00000000fc000000, 0x00000000feb00000, 0x00000000feb00000)
  object space 44032K, 12% used [0x00000000fc000000,0x00000000fc592b38,0x00000000feb00000)
 Metaspace       used 6944K, capacity 7110K, committed 7296K, reserved 1056768K
  class space    used 814K, capacity 861K, committed 896K, reserved 1048576K
}
Event: 2.015 GC heap before
{Heap before GC invocations=3 (full 0):
 PSYoungGen      total 18944K, used 18931K [0x00000000feb00000, 0x0000000100000000, 0x0000000100000000)
  eden space 16384K, 100% used [0x00000000feb00000,0x00000000ffb00000,0x00000000ffb00000)
  from space 2560K, 99% used [0x00000000ffd80000,0x00000000ffffce10,0x0000000100000000)
  to   space 2560K, 0% used [0x00000000ffb00000,0x00000000ffb00000,0x00000000ffd80000)
 ParOldGen       total 44032K, used 5706K [0x00000000fc000000, 0x00000000feb00000, 0x00000000feb00000)
  object space 44032K, 12% used [0x00000000fc000000,0x00000000fc592b38,0x00000000feb00000)
 Metaspace       used 7668K, capacity 7846K, committed 7936K, reserved 1056768K
  class space    used 875K, capacity 957K, committed 1024K, reserved 1048576K
Event: 2.198 GC heap after
Heap after GC invocations=3 (full 0):
 PSYoungGen      total 18944K, used 2547K [0x00000000feb00000, 0x0000000100000000, 0x0000000100000000)
  eden space 16384K, 0% used [0x00000000feb00000,0x00000000feb00000,0x00000000ffb00000)
  from space 2560K, 99% used [0x00000000ffb00000,0x00000000ffd7cd98,0x00000000ffd80000)
  to   space 2560K, 0% used [0x00000000ffd80000,0x00000000ffd80000,0x0000000100000000)
 ParOldGen       total 44032K, used 7002K [0x00000000fc000000, 0x00000000feb00000, 0x00000000feb00000)
  object space 44032K, 15% used [0x00000000fc000000,0x00000000fc6d69f8,0x00000000feb00000)
 Metaspace       used 7668K, capacity 7846K, committed 7936K, reserved 1056768K
  class space    used 875K, capacity 957K, committed 1024K, reserved 1048576K
}
Event: 2.603 GC heap before
{Heap before GC invocations=4 (full 0):
 PSYoungGen      total 18944K, used 18931K [0x00000000feb00000, 0x0000000100000000, 0x0000000100000000)
  eden space 16384K, 100% used [0x00000000feb00000,0x00000000ffb00000,0x00000000ffb00000)
  from space 2560K, 99% used [0x00000000ffb00000,0x00000000ffd7cd98,0x00000000ffd80000)
  to   space 2560K, 0% used [0x00000000ffd80000,0x00000000ffd80000,0x0000000100000000)
 ParOldGen       total 44032K, used 7002K [0x00000000fc000000, 0x00000000feb00000, 0x00000000feb00000)
  object space 44032K, 15% used [0x00000000fc000000,0x00000000fc6d69f8,0x00000000feb00000)
 Metaspace       used 7788K, capacity 7974K, committed 8192K, reserved 1056768K
  class space    used 875K, capacity 957K, committed 1024K, reserved 1048576K
Event: 2.864 GC heap after
Heap after GC invocations=4 (full 0):
 PSYoungGen      total 18944K, used 2534K [0x00000000feb00000, 0x0000000100000000, 0x0000000100000000)
  eden space 16384K, 0% used [0x00000000feb00000,0x00000000feb00000,0x00000000ffb00000)
  from space 2560K, 99% used [0x00000000ffd80000,0x00000000ffff9ba0,0x0000000100000000)
  to   space 2560K, 0% used [0x00000000ffb00000,0x00000000ffb00000,0x00000000ffd80000)
 ParOldGen       total 44032K, used 7531K [0x00000000fc000000, 0x00000000feb00000, 0x00000000feb00000)
  object space 44032K, 17% used [0x00000000fc000000,0x00000000fc75acd0,0x00000000feb00000)
 Metaspace       used 7788K, capacity 7974K, committed 8192K, reserved 1056768K
  class space    used 875K, capacity 957K, committed 1024K, reserved 1048576K
}
Event: 4.006 GC heap before
{Heap before GC invocations=5 (full 0):
 PSYoungGen      total 18944K, used 18918K [0x00000000feb00000, 0x0000000100000000, 0x0000000100000000)
  eden space 16384K, 100% used [0x00000000feb00000,0x00000000ffb00000,0x00000000ffb00000)
  from space 2560K, 99% used [0x00000000ffd80000,0x00000000ffff9ba0,0x0000000100000000)
  to   space 2560K, 0% used [0x00000000ffb00000,0x00000000ffb00000,0x00000000ffd80000)
 ParOldGen       total 44032K, used 7531K [0x00000000fc000000, 0x00000000feb00000, 0x00000000feb00000)
  object space 44032K, 17% used [0x00000000fc000000,0x00000000fc75acd0,0x00000000feb00000)
 Metaspace       used 7817K, capacity 8038K, committed 8192K, reserved 1056768K
  class space    used 875K, capacity 957K, committed 1024K, reserved 1048576K
Event: 4.177 GC heap after
Heap after GC invocations=5 (full 0):
 PSYoungGen      total 18944K, used 2547K [0x00000000feb00000, 0x0000000100000000, 0x0000000100000000)
  eden space 16384K, 0% used [0x00000000feb00000,0x00000000feb00000,0x00000000ffb00000)
  from space 2560K, 99% used [0x00000000ffb00000,0x00000000ffd7ce00,0x00000000ffd80000)
  to   space 2560K, 0% used [0x00000000ffd80000,0x00000000ffd80000,0x0000000100000000)
 ParOldGen       total 44032K, used 7859K [0x00000000fc000000, 0x00000000feb00000, 0x00000000feb00000)
  object space 44032K, 17% used [0x00000000fc000000,0x00000000fc7acdd8,0x00000000feb00000)
 Metaspace       used 7817K, capacity 8038K, committed 8192K, reserved 1056768K
  class space    used 875K, capacity 957K, committed 1024K, reserved 1048576K
}
Event: 4.369 GC heap before
{Heap before GC invocations=6 (full 0):
 PSYoungGen      total 18944K, used 18931K [0x00000000feb00000, 0x0000000100000000, 0x0000000100000000)
  eden space 16384K, 100% used [0x00000000feb00000,0x00000000ffb00000,0x00000000ffb00000)
  from space 2560K, 99% used [0x00000000ffb00000,0x00000000ffd7ce00,0x00000000ffd80000)
  to   space 2560K, 0% used [0x00000000ffd80000,0x00000000ffd80000,0x0000000100000000)
 ParOldGen       total 44032K, used 7859K [0x00000000fc000000, 0x00000000feb00000, 0x00000000feb00000)
  object space 44032K, 17% used [0x00000000fc000000,0x00000000fc7acdd8,0x00000000feb00000)
 Metaspace       used 7820K, capacity 8038K, committed 8192K, reserved 1056768K
  class space    used 875K, capacity 957K, committed 1024K, reserved 1048576K
Event: 4.513 GC heap after
Heap after GC invocations=6 (full 0):
 PSYoungGen      total 9728K, used 2547K [0x00000000feb00000, 0x0000000100000000, 0x0000000100000000)
  eden space 7168K, 0% used [0x00000000feb00000,0x00000000feb00000,0x00000000ff200000)
  from space 2560K, 99% used [0x00000000ffd80000,0x00000000ffffce00,0x0000000100000000)
  to   space 7168K, 0% used [0x00000000ff200000,0x00000000ff200000,0x00000000ff900000)
 ParOldGen       total 44032K, used 8067K [0x00000000fc000000, 0x00000000feb00000, 0x00000000feb00000)
  object space 44032K, 18% used [0x00000000fc000000,0x00000000fc7e0dd8,0x00000000feb00000)
 Metaspace       used 7820K, capacity 8038K, committed 8192K, reserved 1056768K
  class space    used 875K, capacity 957K, committed 1024K, reserved 1048576K
}

Deoptimization events (10 events):
Event: 3.902 Thread 0x0000000000ccd800 Uncommon trap: reason=predicate action=maybe_recompile pc=0x00000000034d857c method=org.objectweb.asm.ClassReader.accept(Lorg/objectweb/asm/ClassVisitor;[Lorg/objectweb/asm/Attribute;I)V @ 744
Event: 3.907 Thread 0x0000000000ccd800 Uncommon trap: reason=unstable_if action=reinterpret pc=0x00000000033f6938 method=org.objectweb.asm.Type.getArgumentsAndReturnSizes(Ljava/lang/String;)I @ 41
Event: 4.004 Thread 0x0000000000ccd800 Uncommon trap: reason=unstable_if action=reinterpret pc=0x00000000034981c8 method=org.objectweb.asm.MethodWriter.visitVarInsn(II)V @ 136
Event: 4.004 Thread 0x0000000000ccd800 Uncommon trap: reason=unstable_if action=reinterpret pc=0x00000000033d5c24 method=org.objectweb.asm.MethodWriter.visitFieldInsn(ILjava/lang/String;Ljava/lang/String;Ljava/lang/String;)V @ 200
Event: 4.212 Thread 0x0000000000ccd800 Uncommon trap: reason=unstable_if action=reinterpret pc=0x0000000003479afc method=org.objectweb.asm.MethodWriter.visitVarInsn(II)V @ 136
Event: 4.213 Thread 0x0000000000ccd800 Uncommon trap: reason=unstable_if action=reinterpret pc=0x00000000034f813c method=org.objectweb.asm.Type.getArgumentTypes(Ljava/lang/String;)[Lorg/objectweb/asm/Type; @ 58
Event: 4.330 Thread 0x0000000000ccd800 Uncommon trap: reason=unstable_if action=reinterpret pc=0x000000000330dc7c method=org.objectweb.asm.ClassReader.a(II[C)Ljava/lang/String; @ 77
Event: 4.331 Thread 0x0000000000ccd800 Uncommon trap: reason=unstable_if action=reinterpret pc=0x000000000337a658 method=org.objectweb.asm.ByteVector.putUTF8(Ljava/lang/String;)Lorg/objectweb/asm/ByteVector; @ 91
Event: 4.333 Thread 0x0000000000ccd800 Uncommon trap: reason=unstable_if action=reinterpret pc=0x000000000330827c method=org.objectweb.asm.ClassReader.a(II[C)Ljava/lang/String; @ 77
Event: 4.333 Thread 0x0000000000ccd800 Uncommon trap: reason=unstable_if action=reinterpret pc=0x0000000003308bb0 method=org.objectweb.asm.ByteVector.putUTF8(Ljava/lang/String;)Lorg/objectweb/asm/ByteVector; @ 91

Classes redefined (0 events):
No events

Internal exceptions (10 events):
Event: 1.590 Thread 0x0000000000ccd800 Exception <a 'sun/nio/fs/WindowsException'> (0x00000000fecb7098) thrown at [D:\src\AOSP-openjdk-cygwin\jdk8u\hotspot\src\share\vm\prims\jni.cpp, line 709]
Event: 2.463 Thread 0x0000000000ccd800 Exception <a 'sun/nio/fs/WindowsException'> (0x00000000feef8498) thrown at [D:\src\AOSP-openjdk-cygwin\jdk8u\hotspot\src\share\vm\prims\jni.cpp, line 709]
Event: 2.463 Thread 0x0000000000ccd800 Exception <a 'sun/nio/fs/WindowsException'> (0x00000000feef8970) thrown at [D:\src\AOSP-openjdk-cygwin\jdk8u\hotspot\src\share\vm\prims\jni.cpp, line 709]
Event: 2.469 Thread 0x0000000000ccd800 Implicit null exception at 0x0000000003418476 to 0x000000000341ae49
Event: 2.543 Thread 0x0000000000ccd800 Exception <a 'sun/nio/fs/WindowsException'> (0x00000000ff365760) thrown at [D:\src\AOSP-openjdk-cygwin\jdk8u\hotspot\src\share\vm\prims\jni.cpp, line 709]
Event: 2.543 Thread 0x0000000000ccd800 Exception <a 'sun/nio/fs/WindowsException'> (0x00000000ff365c38) thrown at [D:\src\AOSP-openjdk-cygwin\jdk8u\hotspot\src\share\vm\prims\jni.cpp, line 709]
Event: 3.346 Thread 0x0000000000ccd800 Exception <a 'sun/nio/fs/WindowsException'> (0x00000000ff16e048) thrown at [D:\src\AOSP-openjdk-cygwin\jdk8u\hotspot\src\share\vm\prims\jni.cpp, line 709]
Event: 3.347 Thread 0x0000000000ccd800 Exception <a 'sun/nio/fs/WindowsException'> (0x00000000ff16e520) thrown at [D:\src\AOSP-openjdk-cygwin\jdk8u\hotspot\src\share\vm\prims\jni.cpp, line 709]
Event: 3.537 Thread 0x0000000000ccd800 Exception <a 'sun/nio/fs/WindowsException'> (0x00000000ff1719d8) thrown at [D:\src\AOSP-openjdk-cygwin\jdk8u\hotspot\src\share\vm\prims\jni.cpp, line 709]
Event: 3.538 Thread 0x0000000000ccd800 Exception <a 'sun/nio/fs/WindowsException'> (0x00000000ff171eb0) thrown at [D:\src\AOSP-openjdk-cygwin\jdk8u\hotspot\src\share\vm\prims\jni.cpp, line 709]

Events (10 events):
Event: 4.333 Thread 0x0000000000ccd800 Uncommon trap: trap_request=0xffffff65 fr.pc=0x000000000330827c
Event: 4.333 Thread 0x0000000000ccd800 DEOPT PACKING pc=0x000000000330827c sp=0x0000000002f1ef60
Event: 4.333 Thread 0x0000000000ccd800 DEOPT UNPACKING pc=0x000000000306556a sp=0x0000000002f1eef0 mode 2
Event: 4.333 Thread 0x0000000000ccd800 Uncommon trap: trap_request=0xffffff65 fr.pc=0x0000000003308bb0
Event: 4.333 Thread 0x0000000000ccd800 DEOPT PACKING pc=0x0000000003308bb0 sp=0x0000000002f1eeb0
Event: 4.333 Thread 0x0000000000ccd800 DEOPT UNPACKING pc=0x000000000306556a sp=0x0000000002f1ee38 mode 2
Event: 4.368 Thread 0x0000000000ccd800 DEOPT PACKING pc=0x00000000034f449c sp=0x0000000002f1f160
Event: 4.368 Thread 0x0000000000ccd800 DEOPT UNPACKING pc=0x00000000030675bf sp=0x0000000002f1eeb8 mode 0
Event: 4.368 Executing VM operation: ParallelGCFailedAllocation
Event: 4.513 Executing VM operation: ParallelGCFailedAllocation done


Dynamic libraries:
0x00007ff66e6a0000 - 0x00007ff66e6d1000 	C:\Program Files\Android\Android Studio\jre\bin\java.exe
0x00007ff8140a0000 - 0x00007ff814281000 	C:\WINDOWS\SYSTEM32\ntdll.dll
0x00007ff8116c0000 - 0x00007ff811772000 	C:\WINDOWS\System32\KERNEL32.DLL
0x00007ff810e20000 - 0x00007ff811093000 	C:\WINDOWS\System32\KERNELBASE.dll
0x00007ff8120a0000 - 0x00007ff812141000 	C:\WINDOWS\System32\ADVAPI32.dll
0x00007ff813fd0000 - 0x00007ff81406e000 	C:\WINDOWS\System32\msvcrt.dll
0x00007ff811fd0000 - 0x00007ff81202b000 	C:\WINDOWS\System32\sechost.dll
0x00007ff812a60000 - 0x00007ff812b84000 	C:\WINDOWS\System32\RPCRT4.dll
0x00007ff812400000 - 0x00007ff812590000 	C:\WINDOWS\System32\USER32.dll
0x00007ff8114c0000 - 0x00007ff8114e0000 	C:\WINDOWS\System32\win32u.dll
0x00007ff811ab0000 - 0x00007ff811ad8000 	C:\WINDOWS\System32\GDI32.dll
0x00007ff811120000 - 0x00007ff8112b2000 	C:\WINDOWS\System32\gdi32full.dll
0x00007ff811420000 - 0x00007ff8114bf000 	C:\WINDOWS\System32\msvcp_win.dll
0x00007ff811320000 - 0x00007ff81141a000 	C:\WINDOWS\System32\ucrtbase.dll
0x00007ff803a20000 - 0x00007ff803c89000 	C:\WINDOWS\WinSxS\amd64_microsoft.windows.common-controls_6595b64144ccf1df_6.0.17134.112_none_fb3f961b30681c12\COMCTL32.dll
0x00007ff811ae0000 - 0x00007ff811e03000 	C:\WINDOWS\System32\combase.dll
0x00007ff8110a0000 - 0x00007ff81111a000 	C:\WINDOWS\System32\bcryptPrimitives.dll
0x00007ff811900000 - 0x00007ff81192d000 	C:\WINDOWS\System32\IMM32.DLL
0x0000000063da0000 - 0x0000000063e72000 	C:\Program Files\Android\Android Studio\jre\jre\bin\msvcr100.dll
0x0000000063e80000 - 0x00000000646be000 	C:\Program Files\Android\Android Studio\jre\jre\bin\server\jvm.dll
0x00007ff811530000 - 0x00007ff811538000 	C:\WINDOWS\System32\PSAPI.DLL
0x00007ff80cfb0000 - 0x00007ff80cfb9000 	C:\WINDOWS\SYSTEM32\WSOCK32.dll
0x00007ff812030000 - 0x00007ff81209c000 	C:\WINDOWS\System32\WS2_32.dll
0x00007ff807b10000 - 0x00007ff807b1a000 	C:\WINDOWS\SYSTEM32\VERSION.dll
0x00007ff80d170000 - 0x00007ff80d193000 	C:\WINDOWS\SYSTEM32\WINMM.dll
0x00007ff80d140000 - 0x00007ff80d16a000 	C:\WINDOWS\SYSTEM32\winmmbase.dll
0x00007ff8114e0000 - 0x00007ff811529000 	C:\WINDOWS\System32\cfgmgr32.dll
0x00007ff80b600000 - 0x00007ff80b60f000 	C:\Program Files\Android\Android Studio\jre\jre\bin\verify.dll
0x00007ffff5de0000 - 0x00007ffff5e09000 	C:\Program Files\Android\Android Studio\jre\jre\bin\java.dll
0x00007ffffa490000 - 0x00007ffffa4a6000 	C:\Program Files\Android\Android Studio\jre\jre\bin\zip.dll
0x00007ff812b90000 - 0x00007ff813fd0000 	C:\WINDOWS\System32\SHELL32.dll
0x00007ff811610000 - 0x00007ff8116b9000 	C:\WINDOWS\System32\shcore.dll
0x00007ff810470000 - 0x00007ff810b7d000 	C:\WINDOWS\System32\windows.storage.dll
0x00007ff811780000 - 0x00007ff8117d1000 	C:\WINDOWS\System32\shlwapi.dll
0x00007ff8103e0000 - 0x00007ff8103f1000 	C:\WINDOWS\System32\kernel.appcore.dll
0x00007ff8103b0000 - 0x00007ff8103cf000 	C:\WINDOWS\System32\profapi.dll
0x00007ff810400000 - 0x00007ff81044c000 	C:\WINDOWS\System32\powrprof.dll
0x00007ff8103d0000 - 0x00007ff8103da000 	C:\WINDOWS\System32\FLTLIB.DLL
0x00007ff80fde0000 - 0x00007ff80fdf7000 	C:\WINDOWS\SYSTEM32\CRYPTSP.dll
0x00007ff80f810000 - 0x00007ff80f843000 	C:\WINDOWS\system32\rsaenh.dll
0x00007ff80ff10000 - 0x00007ff80ff35000 	C:\WINDOWS\SYSTEM32\bcrypt.dll
0x00007ff8102b0000 - 0x00007ff8102d8000 	C:\WINDOWS\SYSTEM32\USERENV.dll
0x00007ff80fe00000 - 0x00007ff80fe0b000 	C:\WINDOWS\SYSTEM32\CRYPTBASE.dll
0x00007ffff66b0000 - 0x00007ffff66ca000 	C:\Program Files\Android\Android Studio\jre\jre\bin\net.dll
0x00007ff80fc30000 - 0x00007ff80fc96000 	C:\WINDOWS\system32\mswsock.dll
0x00007ff80f9b0000 - 0x00007ff80f9e8000 	C:\WINDOWS\SYSTEM32\IPHLPAPI.DLL
0x00007ff8125f0000 - 0x00007ff8125f8000 	C:\WINDOWS\System32\NSI.dll
0x00007ff808dc0000 - 0x00007ff808dd6000 	C:\WINDOWS\SYSTEM32\dhcpcsvc6.DLL
0x00007ff807ed0000 - 0x00007ff807eea000 	C:\WINDOWS\SYSTEM32\dhcpcsvc.DLL
0x00007ffff54d0000 - 0x00007ffff54e1000 	C:\Program Files\Android\Android Studio\jre\jre\bin\nio.dll

VM Arguments:
jvm_args: -Djava.awt.headless=true -Xmx64M -Dfile.encoding=x-windows-949 -Duser.country=KR -Duser.language=ko -Duser.variant 
java_command: com.google.devtools.build.android.desugar.Desugar @D:\test\app\build\intermediates\tmp\desugar_args319455900984707485
java_class_path (initial): C:\Users\Goo\AppData\Local\Temp\desugar_deploy.jar3091555717624552904
Launcher Type: SUN_STANDARD

Environment Variables:
PATH=C:\ProgramData\Oracle\Java\javapath;C:\WINDOWS\system32;C:\WINDOWS;C:\WINDOWS\System32\Wbem;C:\WINDOWS\System32\WindowsPowerShell\v1.0\;C:\OpenSSL;C:\WINDOWS\System32\OpenSSH\;C:\Program Files\nodejs\;C:\Program Files\Git\cmd;C:\Program Files\Git\bin\git.exe;C:\Users\Goo\AppData\Local\Microsoft\WindowsApps;C:\Users\Goo\AppData\Roaming\npm;C:\Program Files\Microsoft VS Code\bin
USERNAME=Goo
OS=Windows_NT
PROCESSOR_IDENTIFIER=Intel64 Family 6 Model 158 Stepping 9, GenuineIntel



---------------  S Y S T E M  ---------------

OS: Windows 10.0 , 64 bit Build 17134 (10.0.17134.1)

CPU:total 8 (initial active 8) (4 cores per cpu, 2 threads per core) family 6 model 158 stepping 9, cmov, cx8, fxsr, mmx, sse, sse2, sse3, ssse3, sse4.1, sse4.2, popcnt, avx, avx2, aes, clmul, erms, 3dnowpref, lzcnt, ht, tsc, tscinvbit, bmi1, bmi2, adx

Memory: 4k page, physical 16692940k(968712k free), swap 16692940k(3080k free)

vm_info: OpenJDK 64-Bit Server VM (25.152-b01) for windows-amd64 JRE (1.8.0_152-release-915-b01), built by "builder" with MS VC++ 10.0 (VS2010)

time: Sat Jul 07 00:23:22 2018
elapsed time: 4 seconds (0d 0h 0m 4s)

