#
# There is insufficient memory for the Java Runtime Environment to continue.
# Native memory allocation (malloc) failed to allocate 32784 bytes for Chunk::new
# Possible reasons:
#   The system is out of physical RAM or swap space
#   In 32 bit mode, the process size limit was hit
# Possible solutions:
#   Reduce memory load on the system
#   Increase physical memory or swap space
#   Check if swap backing store is full
#   Use 64 bit Java on a 64 bit OS
#   Decrease Java heap size (-Xmx/-Xms)
#   Decrease number of Java threads
#   Decrease Java thread stack sizes (-Xss)
#   Set larger code cache with -XX:ReservedCodeCacheSize=
# This output file may be truncated or incomplete.
#
#  Out of Memory Error (allocation.cpp:390), pid=10520, tid=0x00000000000034b4
#
# JRE version: OpenJDK Runtime Environment (8.0_152-b01) (build 1.8.0_152-release-915-b01)
# Java VM: OpenJDK 64-Bit Server VM (25.152-b01 mixed mode windows-amd64 compressed oops)
# Failed to write core dump. Minidumps are not enabled by default on client versions of Windows
#

---------------  T H R E A D  ---------------

Current thread (0x0000000013b2b000):  JavaThread "C2 CompilerThread1" daemon [_thread_in_native, id=13492, stack(0x0000000016200000,0x0000000016300000)]

Stack: [0x0000000016200000,0x0000000016300000]
[error occurred during error reporting (printing stack bounds), id 0xc0000005]

Native frames: (J=compiled Java code, j=interpreted, Vv=VM code, C=native code)


Current CompileTask:
C2:   4390 1137       4       org.objectweb.asm.ClassReader::a (500 bytes)


---------------  P R O C E S S  ---------------

Java Threads: ( => current thread )
  0x0000000015a9c800 JavaThread "Service Thread" daemon [_thread_blocked, id=10948, stack(0x0000000016500000,0x0000000016600000)]
  0x0000000015a96000 JavaThread "C1 CompilerThread3" daemon [_thread_blocked, id=8608, stack(0x0000000016400000,0x0000000016500000)]
  0x0000000015a93000 JavaThread "C2 CompilerThread2" daemon [_thread_in_native, id=3296, stack(0x0000000016300000,0x0000000016400000)]
=>0x0000000013b2b000 JavaThread "C2 CompilerThread1" daemon [_thread_in_native, id=13492, stack(0x0000000016200000,0x0000000016300000)]
  0x0000000015a90000 JavaThread "C2 CompilerThread0" daemon [_thread_in_native, id=2008, stack(0x0000000016100000,0x0000000016200000)]
  0x0000000015a8f000 JavaThread "Attach Listener" daemon [_thread_blocked, id=2320, stack(0x0000000016000000,0x0000000016100000)]
  0x0000000015a25000 JavaThread "Signal Dispatcher" daemon [_thread_blocked, id=6576, stack(0x0000000015f00000,0x0000000016000000)]
  0x000000000336e000 JavaThread "Finalizer" daemon [_thread_blocked, id=13548, stack(0x0000000015e00000,0x0000000015f00000)]
  0x0000000003367000 JavaThread "Reference Handler" daemon [_thread_blocked, id=5940, stack(0x0000000015900000,0x0000000015a00000)]
  0x000000000326d800 JavaThread "main" [_thread_in_native, id=9788, stack(0x0000000003070000,0x0000000003170000)]

Other Threads:
  0x0000000013b15800 VMThread [stack: 0x0000000015800000,0x0000000015900000] [id=13352]
  0x0000000015a9d000 WatcherThread [stack: 0x0000000016600000,0x0000000016700000] [id=7048]

VM state:not at safepoint (normal execution)

VM Mutex/Monitor currently owned by a thread: None

Heap:
 PSYoungGen      total 18944K, used 4875K [0x00000000feb00000, 0x0000000100000000, 0x0000000100000000)
  eden space 16384K, 14% used [0x00000000feb00000,0x00000000fed48788,0x00000000ffb00000)
  from space 2560K, 99% used [0x00000000ffb00000,0x00000000ffd7a610,0x00000000ffd80000)
  to   space 2560K, 0% used [0x00000000ffd80000,0x00000000ffd80000,0x0000000100000000)
 ParOldGen       total 44032K, used 6890K [0x00000000fc000000, 0x00000000feb00000, 0x00000000feb00000)
  object space 44032K, 15% used [0x00000000fc000000,0x00000000fc6ba958,0x00000000feb00000)
 Metaspace       used 7756K, capacity 7910K, committed 8192K, reserved 1056768K
  class space    used 875K, capacity 957K, committed 1024K, reserved 1048576K

Card table byte_map: [0x0000000002c90000,0x0000000002cc0000] byte_map_base: 0x00000000024b0000

Marking Bits: (ParMarkBitMap*) 0x0000000066b93950
 Begin Bits: [0x0000000012f30000, 0x0000000013030000)
 End Bits:   [0x0000000013030000, 0x0000000013130000)

Polling page: 0x0000000000bf0000

CodeCache: size=245760Kb used=4259Kb max_used=4259Kb free=241500Kb
 bounds [0x0000000003370000, 0x00000000037a0000, 0x0000000012370000]
 total_blobs=1479 nmethods=1144 adapters=248
 compilation: enabled

Compilation events (10 events):
Event: 4.355 Thread 0x0000000015a96000 1135       3       java.util.AbstractList::subList (31 bytes)
Event: 4.356 Thread 0x0000000015a96000 nmethod 1135 0x0000000003795110 code [0x00000000037952a0, 0x0000000003795718]
Event: 4.356 Thread 0x0000000015a96000 1136       3       java.util.RandomAccessSubList::<init> (8 bytes)
Event: 4.356 Thread 0x0000000015a96000 nmethod 1136 0x000000000376b850 code [0x000000000376b9c0, 0x000000000376bb48]
Event: 4.357 Thread 0x0000000015a93000 nmethod 1138 0x00000000037985d0 code [0x0000000003798720, 0x0000000003798878]
Event: 4.357 Thread 0x0000000015a90000 1139       4       org.objectweb.asm.ClassVisitor::visitField (24 bytes)
Event: 4.358 Thread 0x0000000015a90000 nmethod 1139 0x0000000003732c90 code [0x0000000003732dc0, 0x0000000003732e58]
Event: 4.358 Thread 0x0000000015a93000 1140       4       org.objectweb.asm.tree.MethodInsnNode::accept (30 bytes)
Event: 4.358 Thread 0x0000000015a90000 1141       4       org.objectweb.asm.tree.MethodNode::visitMethodInsn (43 bytes)
Event: 4.360 Thread 0x0000000015a90000 nmethod 1141 0x0000000003796c90 code [0x0000000003796de0, 0x0000000003796f98]

GC Heap History (6 events):
Event: 1.095 GC heap before
{Heap before GC invocations=1 (full 0):
 PSYoungGen      total 18944K, used 16384K [0x00000000feb00000, 0x0000000100000000, 0x0000000100000000)
  eden space 16384K, 100% used [0x00000000feb00000,0x00000000ffb00000,0x00000000ffb00000)
  from space 2560K, 0% used [0x00000000ffd80000,0x00000000ffd80000,0x0000000100000000)
  to   space 2560K, 0% used [0x00000000ffb00000,0x00000000ffb00000,0x00000000ffd80000)
 ParOldGen       total 44032K, used 0K [0x00000000fc000000, 0x00000000feb00000, 0x00000000feb00000)
  object space 44032K, 0% used [0x00000000fc000000,0x00000000fc000000,0x00000000feb00000)
 Metaspace       used 6635K, capacity 6804K, committed 7040K, reserved 1056768K
  class space    used 773K, capacity 824K, committed 896K, reserved 1048576K
Event: 1.128 GC heap after
Heap after GC invocations=1 (full 0):
 PSYoungGen      total 18944K, used 2537K [0x00000000feb00000, 0x0000000100000000, 0x0000000100000000)
  eden space 16384K, 0% used [0x00000000feb00000,0x00000000feb00000,0x00000000ffb00000)
  from space 2560K, 99% used [0x00000000ffb00000,0x00000000ffd7a620,0x00000000ffd80000)
  to   space 2560K, 0% used [0x00000000ffd80000,0x00000000ffd80000,0x0000000100000000)
 ParOldGen       total 44032K, used 1409K [0x00000000fc000000, 0x00000000feb00000, 0x00000000feb00000)
  object space 44032K, 3% used [0x00000000fc000000,0x00000000fc1606c8,0x00000000feb00000)
 Metaspace       used 6635K, capacity 6804K, committed 7040K, reserved 1056768K
  class space    used 773K, capacity 824K, committed 896K, reserved 1048576K
}
Event: 1.679 GC heap before
{Heap before GC invocations=2 (full 0):
 PSYoungGen      total 18944K, used 18921K [0x00000000feb00000, 0x0000000100000000, 0x0000000100000000)
  eden space 16384K, 100% used [0x00000000feb00000,0x00000000ffb00000,0x00000000ffb00000)
  from space 2560K, 99% used [0x00000000ffb00000,0x00000000ffd7a620,0x00000000ffd80000)
  to   space 2560K, 0% used [0x00000000ffd80000,0x00000000ffd80000,0x0000000100000000)
 ParOldGen       total 44032K, used 1409K [0x00000000fc000000, 0x00000000feb00000, 0x00000000feb00000)
  object space 44032K, 3% used [0x00000000fc000000,0x00000000fc1606c8,0x00000000feb00000)
 Metaspace       used 6980K, capacity 7110K, committed 7296K, reserved 1056768K
  class space    used 816K, capacity 861K, committed 896K, reserved 1048576K
Event: 1.711 GC heap after
Heap after GC invocations=2 (full 0):
 PSYoungGen      total 18944K, used 2531K [0x00000000feb00000, 0x0000000100000000, 0x0000000100000000)
  eden space 16384K, 0% used [0x00000000feb00000,0x00000000feb00000,0x00000000ffb00000)
  from space 2560K, 98% used [0x00000000ffd80000,0x00000000ffff8df0,0x0000000100000000)
  to   space 2560K, 0% used [0x00000000ffb00000,0x00000000ffb00000,0x00000000ffd80000)
 ParOldGen       total 44032K, used 5831K [0x00000000fc000000, 0x00000000feb00000, 0x00000000feb00000)
  object space 44032K, 13% used [0x00000000fc000000,0x00000000fc5b1c00,0x00000000feb00000)
 Metaspace       used 6980K, capacity 7110K, committed 7296K, reserved 1056768K
  class space    used 816K, capacity 861K, committed 896K, reserved 1048576K
}
Event: 3.339 GC heap before
{Heap before GC invocations=3 (full 0):
 PSYoungGen      total 18944K, used 18915K [0x00000000feb00000, 0x0000000100000000, 0x0000000100000000)
  eden space 16384K, 100% used [0x00000000feb00000,0x00000000ffb00000,0x00000000ffb00000)
  from space 2560K, 98% used [0x00000000ffd80000,0x00000000ffff8df0,0x0000000100000000)
  to   space 2560K, 0% used [0x00000000ffb00000,0x00000000ffb00000,0x00000000ffd80000)
 ParOldGen       total 44032K, used 5831K [0x00000000fc000000, 0x00000000feb00000, 0x00000000feb00000)
  object space 44032K, 13% used [0x00000000fc000000,0x00000000fc5b1c00,0x00000000feb00000)
 Metaspace       used 7704K, capacity 7910K, committed 8192K, reserved 1056768K
  class space    used 875K, capacity 957K, committed 1024K, reserved 1048576K
Event: 3.387 GC heap after
Heap after GC invocations=3 (full 0):
 PSYoungGen      total 18944K, used 2537K [0x00000000feb00000, 0x0000000100000000, 0x0000000100000000)
  eden space 16384K, 0% used [0x00000000feb00000,0x00000000feb00000,0x00000000ffb00000)
  from space 2560K, 99% used [0x00000000ffb00000,0x00000000ffd7a610,0x00000000ffd80000)
  to   space 2560K, 0% used [0x00000000ffd80000,0x00000000ffd80000,0x0000000100000000)
 ParOldGen       total 44032K, used 6890K [0x00000000fc000000, 0x00000000feb00000, 0x00000000feb00000)
  object space 44032K, 15% used [0x00000000fc000000,0x00000000fc6ba958,0x00000000feb00000)
 Metaspace       used 7704K, capacity 7910K, committed 8192K, reserved 1056768K
  class space    used 875K, capacity 957K, committed 1024K, reserved 1048576K
}

Deoptimization events (10 events):
Event: 1.847 Thread 0x000000000326d800 Uncommon trap: reason=unstable_if action=reinterpret pc=0x0000000003502838 method=java.lang.String.<init>([CII)V @ 18
Event: 2.256 Thread 0x000000000326d800 Uncommon trap: reason=unstable_if action=reinterpret pc=0x00000000036b57e4 method=org.objectweb.asm.Item.a(Lorg/objectweb/asm/Item;)Z @ 345
Event: 2.260 Thread 0x000000000326d800 Uncommon trap: reason=unstable_if action=reinterpret pc=0x00000000036573f4 method=org.objectweb.asm.ClassReader.readUTF8(I[C)Ljava/lang/String; @ 7
Event: 2.711 Thread 0x000000000326d800 Uncommon trap: reason=class_check action=maybe_recompile pc=0x000000000371302c method=org.objectweb.asm.MethodVisitor.visitVarInsn(II)V @ 13
Event: 2.711 Thread 0x000000000326d800 Uncommon trap: reason=class_check action=maybe_recompile pc=0x000000000371302c method=org.objectweb.asm.MethodVisitor.visitVarInsn(II)V @ 13
Event: 2.711 Thread 0x000000000326d800 Uncommon trap: reason=class_check action=maybe_recompile pc=0x000000000371302c method=org.objectweb.asm.MethodVisitor.visitVarInsn(II)V @ 13
Event: 2.711 Thread 0x000000000326d800 Uncommon trap: reason=class_check action=maybe_recompile pc=0x000000000371302c method=org.objectweb.asm.MethodVisitor.visitVarInsn(II)V @ 13
Event: 2.721 Thread 0x000000000326d800 Uncommon trap: reason=unstable_if action=reinterpret pc=0x00000000036f789c method=org.objectweb.asm.Type.getArgumentsAndReturnSizes(Ljava/lang/String;)I @ 112
Event: 2.723 Thread 0x000000000326d800 Uncommon trap: reason=unstable_if action=reinterpret pc=0x0000000003719ea8 method=java.io.BufferedOutputStream.write(I)V @ 9
Event: 3.289 Thread 0x000000000326d800 Uncommon trap: reason=unstable_if action=reinterpret pc=0x000000000371c240 method=org.objectweb.asm.ClassReader.readUTF8(I[C)Ljava/lang/String; @ 11

Classes redefined (0 events):
No events

Internal exceptions (10 events):
Event: 2.977 Thread 0x000000000326d800 Exception <a 'sun/nio/fs/WindowsException'> (0x00000000ff32c600) thrown at [D:\src\AOSP-openjdk-cygwin\jdk8u\hotspot\src\share\vm\prims\jni.cpp, line 709]
Event: 2.978 Thread 0x000000000326d800 Exception <a 'sun/nio/fs/WindowsException'> (0x00000000ff32cad8) thrown at [D:\src\AOSP-openjdk-cygwin\jdk8u\hotspot\src\share\vm\prims\jni.cpp, line 709]
Event: 3.279 Thread 0x000000000326d800 Exception <a 'sun/nio/fs/WindowsException'> (0x00000000ff32ff78) thrown at [D:\src\AOSP-openjdk-cygwin\jdk8u\hotspot\src\share\vm\prims\jni.cpp, line 709]
Event: 3.279 Thread 0x000000000326d800 Exception <a 'sun/nio/fs/WindowsException'> (0x00000000ff330450) thrown at [D:\src\AOSP-openjdk-cygwin\jdk8u\hotspot\src\share\vm\prims\jni.cpp, line 709]
Event: 3.287 Thread 0x000000000326d800 Exception <a 'sun/nio/fs/WindowsException'> (0x00000000ff3338f0) thrown at [D:\src\AOSP-openjdk-cygwin\jdk8u\hotspot\src\share\vm\prims\jni.cpp, line 709]
Event: 3.287 Thread 0x000000000326d800 Exception <a 'sun/nio/fs/WindowsException'> (0x00000000ff333dc8) thrown at [D:\src\AOSP-openjdk-cygwin\jdk8u\hotspot\src\share\vm\prims\jni.cpp, line 709]
Event: 3.473 Thread 0x000000000326d800 Exception <a 'sun/nio/fs/WindowsException'> (0x00000000feb7a2a8) thrown at [D:\src\AOSP-openjdk-cygwin\jdk8u\hotspot\src\share\vm\prims\jni.cpp, line 709]
Event: 3.474 Thread 0x000000000326d800 Exception <a 'sun/nio/fs/WindowsException'> (0x00000000feb7a780) thrown at [D:\src\AOSP-openjdk-cygwin\jdk8u\hotspot\src\share\vm\prims\jni.cpp, line 709]
Event: 3.728 Thread 0x000000000326d800 Exception <a 'sun/nio/fs/WindowsException'> (0x00000000febd3960) thrown at [D:\src\AOSP-openjdk-cygwin\jdk8u\hotspot\src\share\vm\prims\jni.cpp, line 709]
Event: 4.051 Thread 0x000000000326d800 Exception <a 'sun/nio/fs/WindowsException'> (0x00000000febd3e38) thrown at [D:\src\AOSP-openjdk-cygwin\jdk8u\hotspot\src\share\vm\prims\jni.cpp, line 709]

Events (10 events):
Event: 2.723 Thread 0x000000000326d800 Uncommon trap: trap_request=0xffffff65 fr.pc=0x0000000003719ea8
Event: 2.723 Thread 0x000000000326d800 DEOPT PACKING pc=0x0000000003719ea8 sp=0x000000000316f000
Event: 2.723 Thread 0x000000000326d800 DEOPT UNPACKING pc=0x00000000033b556a sp=0x000000000316efb0 mode 2
Event: 3.289 Thread 0x000000000326d800 Uncommon trap: trap_request=0xffffff65 fr.pc=0x000000000371c240
Event: 3.289 Thread 0x000000000326d800 DEOPT PACKING pc=0x000000000371c240 sp=0x000000000316ef10
Event: 3.289 Thread 0x000000000326d800 DEOPT UNPACKING pc=0x00000000033b556a sp=0x000000000316eee0 mode 2
Event: 3.339 Executing VM operation: ParallelGCFailedAllocation
Event: 3.387 Executing VM operation: ParallelGCFailedAllocation done
Event: 4.175 Executing VM operation: EnableBiasedLocking
Event: 4.346 Executing VM operation: EnableBiasedLocking done


Dynamic libraries:
0x00007ff6355d0000 - 0x00007ff635601000 	C:\Program Files\Android\Android Studio\jre\bin\java.exe
0x00007ffba9340000 - 0x00007ffba9521000 	C:\WINDOWS\SYSTEM32\ntdll.dll
0x00007ffba6ca0000 - 0x00007ffba6d52000 	C:\WINDOWS\System32\KERNEL32.DLL
0x00007ffba6070000 - 0x00007ffba62e3000 	C:\WINDOWS\System32\KERNELBASE.dll
0x00007ffba9260000 - 0x00007ffba9301000 	C:\WINDOWS\System32\ADVAPI32.dll
0x00007ffba77b0000 - 0x00007ffba784e000 	C:\WINDOWS\System32\msvcrt.dll
0x00007ffba71b0000 - 0x00007ffba720b000 	C:\WINDOWS\System32\sechost.dll
0x00007ffba7580000 - 0x00007ffba76a4000 	C:\WINDOWS\System32\RPCRT4.dll
0x00007ffba7ac0000 - 0x00007ffba7c50000 	C:\WINDOWS\System32\USER32.dll
0x00007ffba5790000 - 0x00007ffba57b0000 	C:\WINDOWS\System32\win32u.dll
0x00007ffba67e0000 - 0x00007ffba6808000 	C:\WINDOWS\System32\GDI32.dll
0x00007ffba6530000 - 0x00007ffba66c2000 	C:\WINDOWS\System32\gdi32full.dll
0x00007ffba5fd0000 - 0x00007ffba606f000 	C:\WINDOWS\System32\msvcp_win.dll
0x00007ffba66d0000 - 0x00007ffba67ca000 	C:\WINDOWS\System32\ucrtbase.dll
0x00007ffb93ad0000 - 0x00007ffb93d39000 	C:\WINDOWS\WinSxS\amd64_microsoft.windows.common-controls_6595b64144ccf1df_6.0.17134.48_none_b4b2216a3cb4dd3e\COMCTL32.dll
0x00007ffba6810000 - 0x00007ffba6b33000 	C:\WINDOWS\System32\combase.dll
0x00007ffba5710000 - 0x00007ffba578a000 	C:\WINDOWS\System32\bcryptPrimitives.dll
0x00007ffba9090000 - 0x00007ffba90bd000 	C:\WINDOWS\System32\IMM32.DLL
0x0000000069430000 - 0x0000000069502000 	C:\Program Files\Android\Android Studio\jre\jre\bin\msvcr100.dll
0x00000000663d0000 - 0x0000000066c0e000 	C:\Program Files\Android\Android Studio\jre\jre\bin\server\jvm.dll
0x00007ffba91d0000 - 0x00007ffba91d8000 	C:\WINDOWS\System32\PSAPI.DLL
0x00007ffb95780000 - 0x00007ffb957a3000 	C:\WINDOWS\SYSTEM32\WINMM.dll
0x00007ffb9d7c0000 - 0x00007ffb9d7ca000 	C:\WINDOWS\SYSTEM32\VERSION.dll
0x00007ffba3a00000 - 0x00007ffba3a09000 	C:\WINDOWS\SYSTEM32\WSOCK32.dll
0x00007ffba7510000 - 0x00007ffba757c000 	C:\WINDOWS\System32\WS2_32.dll
0x00007ffb95570000 - 0x00007ffb9559a000 	C:\WINDOWS\SYSTEM32\WINMMBASE.dll
0x00007ffba64e0000 - 0x00007ffba6529000 	C:\WINDOWS\System32\cfgmgr32.dll
0x00007ffba1ea0000 - 0x00007ffba1eaf000 	C:\Program Files\Android\Android Studio\jre\jre\bin\verify.dll
0x00007ffba19b0000 - 0x00007ffba19d9000 	C:\Program Files\Android\Android Studio\jre\jre\bin\java.dll
0x00007ffba1990000 - 0x00007ffba19a6000 	C:\Program Files\Android\Android Studio\jre\jre\bin\zip.dll
0x00007ffba7c50000 - 0x00007ffba9090000 	C:\WINDOWS\System32\SHELL32.dll
0x00007ffba9120000 - 0x00007ffba91c9000 	C:\WINDOWS\System32\shcore.dll
0x00007ffba58c0000 - 0x00007ffba5fcd000 	C:\WINDOWS\System32\windows.storage.dll
0x00007ffba90c0000 - 0x00007ffba9111000 	C:\WINDOWS\System32\shlwapi.dll
0x00007ffba5680000 - 0x00007ffba5691000 	C:\WINDOWS\System32\kernel.appcore.dll
0x00007ffba56f0000 - 0x00007ffba570f000 	C:\WINDOWS\System32\profapi.dll
0x00007ffba56a0000 - 0x00007ffba56ec000 	C:\WINDOWS\System32\powrprof.dll
0x00007ffba5650000 - 0x00007ffba565a000 	C:\WINDOWS\System32\FLTLIB.DLL
0x00007ffba5080000 - 0x00007ffba5097000 	C:\WINDOWS\SYSTEM32\CRYPTSP.dll
0x00007ffba4ab0000 - 0x00007ffba4ae3000 	C:\WINDOWS\system32\rsaenh.dll
0x00007ffba51b0000 - 0x00007ffba51d5000 	C:\WINDOWS\SYSTEM32\bcrypt.dll
0x00007ffba5580000 - 0x00007ffba55a8000 	C:\WINDOWS\SYSTEM32\USERENV.dll
0x00007ffba50a0000 - 0x00007ffba50ab000 	C:\WINDOWS\SYSTEM32\CRYPTBASE.dll
0x00007ffba18c0000 - 0x00007ffba18da000 	C:\Program Files\Android\Android Studio\jre\jre\bin\net.dll
0x00007ffba4ed0000 - 0x00007ffba4f36000 	C:\WINDOWS\system32\mswsock.dll
0x00007ffba4c50000 - 0x00007ffba4c88000 	C:\WINDOWS\SYSTEM32\IPHLPAPI.DLL
0x00007ffba7430000 - 0x00007ffba7438000 	C:\WINDOWS\System32\NSI.dll
0x00007ffb9a1f0000 - 0x00007ffb9a206000 	C:\WINDOWS\SYSTEM32\dhcpcsvc6.DLL
0x00007ffb9a120000 - 0x00007ffb9a13a000 	C:\WINDOWS\SYSTEM32\dhcpcsvc.DLL
0x00007ffba18a0000 - 0x00007ffba18b1000 	C:\Program Files\Android\Android Studio\jre\jre\bin\nio.dll

VM Arguments:
jvm_args: -Djava.awt.headless=true -Xmx64M -Dfile.encoding=x-windows-949 -Duser.country=KR -Duser.language=ko -Duser.variant 
java_command: com.google.devtools.build.android.desugar.Desugar @D:\test\app\build\intermediates\tmp\desugar_args3740758362695641549
java_class_path (initial): C:\Users\Goo\AppData\Local\Temp\desugar_deploy.jar5417279862617654825
Launcher Type: SUN_STANDARD

Environment Variables:
PATH=C:\ProgramData\Oracle\Java\javapath;C:\WINDOWS\system32;C:\WINDOWS;C:\WINDOWS\System32\Wbem;C:\WINDOWS\System32\WindowsPowerShell\v1.0\;C:\OpenSSL;;C:\WINDOWS\System32\OpenSSH\;C:\Users\Goo\AppData\Local\Microsoft\WindowsApps;
USERNAME=Goo
OS=Windows_NT
PROCESSOR_IDENTIFIER=Intel64 Family 6 Model 158 Stepping 9, GenuineIntel



---------------  S Y S T E M  ---------------

OS: Windows 10.0 , 64 bit Build 17134 (10.0.17134.1)

CPU:total 8 (initial active 8) (4 cores per cpu, 2 threads per core) family 6 model 158 stepping 9, cmov, cx8, fxsr, mmx, sse, sse2, sse3, ssse3, sse4.1, sse4.2, popcnt, avx, avx2, aes, clmul, erms, 3dnowpref, lzcnt, ht, tsc, tscinvbit, bmi1, bmi2, adx

Memory: 4k page, physical 16692940k(5153172k free), swap 16692940k(4908k free)

vm_info: OpenJDK 64-Bit Server VM (25.152-b01) for windows-amd64 JRE (1.8.0_152-release-915-b01), built by "builder" with MS VC++ 10.0 (VS2010)

time: Wed May 30 03:14:30 2018
elapsed time: 4 seconds (0d 0h 0m 4s)

