#
# There is insufficient memory for the Java Runtime Environment to continue.
# Native memory allocation (malloc) failed to allocate 156816 bytes for Chunk::new
# Possible reasons:
#   The system is out of physical RAM or swap space
#   In 32 bit mode, the process size limit was hit
# Possible solutions:
#   Reduce memory load on the system
#   Increase physical memory or swap space
#   Check if swap backing store is full
#   Use 64 bit Java on a 64 bit OS
#   Decrease Java heap size (-Xmx/-Xms)
#   Decrease number of Java threads
#   Decrease Java thread stack sizes (-Xss)
#   Set larger code cache with -XX:ReservedCodeCacheSize=
# This output file may be truncated or incomplete.
#
#  Out of Memory Error (allocation.cpp:390), pid=5220, tid=0x00000000000018e8
#
# JRE version: OpenJDK Runtime Environment (8.0_152-b01) (build 1.8.0_152-release-915-b01)
# Java VM: OpenJDK 64-Bit Server VM (25.152-b01 mixed mode windows-amd64 compressed oops)
# Failed to write core dump. Minidumps are not enabled by default on client versions of Windows
#

---------------  T H R E A D  ---------------

Current thread (0x000000001364a000):  JavaThread "C2 CompilerThread1" daemon [_thread_in_native, id=6376, stack(0x0000000015da0000,0x0000000015ea0000)]

Stack: [0x0000000015da0000,0x0000000015ea0000]
[error occurred during error reporting (printing stack bounds), id 0xc0000005]

Native frames: (J=compiled Java code, j=interpreted, Vv=VM code, C=native code)


Current CompileTask:
C2:   1828 1080       4       org.objectweb.asm.MethodVisitor::visitFieldInsn (20 bytes)


---------------  P R O C E S S  ---------------

Java Threads: ( => current thread )
  0x00000000155fa000 JavaThread "Service Thread" daemon [_thread_blocked, id=6208, stack(0x00000000160a0000,0x00000000161a0000)]
  0x000000001364e000 JavaThread "C1 CompilerThread3" daemon [_thread_blocked, id=8888, stack(0x0000000015fa0000,0x00000000160a0000)]
  0x0000000015593000 JavaThread "C2 CompilerThread2" daemon [_thread_blocked, id=2392, stack(0x0000000015ea0000,0x0000000015fa0000)]
=>0x000000001364a000 JavaThread "C2 CompilerThread1" daemon [_thread_in_native, id=6376, stack(0x0000000015da0000,0x0000000015ea0000)]
  0x000000001553b000 JavaThread "C2 CompilerThread0" daemon [_thread_in_native, id=9820, stack(0x0000000015ca0000,0x0000000015da0000)]
  0x0000000015539800 JavaThread "Attach Listener" daemon [_thread_blocked, id=3652, stack(0x0000000015ba0000,0x0000000015ca0000)]
  0x0000000015590000 JavaThread "Signal Dispatcher" daemon [_thread_blocked, id=1772, stack(0x0000000015aa0000,0x0000000015ba0000)]
  0x0000000015520800 JavaThread "Finalizer" daemon [_thread_blocked, id=1400, stack(0x0000000015900000,0x0000000015a00000)]
  0x0000000002e57000 JavaThread "Reference Handler" daemon [_thread_blocked, id=12600, stack(0x0000000015400000,0x0000000015500000)]
  0x0000000002b1d800 JavaThread "main" [_thread_in_Java, id=12376, stack(0x0000000002c60000,0x0000000002d60000)]

Other Threads:
  0x0000000013635800 VMThread [stack: 0x0000000015300000,0x0000000015400000] [id=724]
  0x00000000155fb000 WatcherThread [stack: 0x00000000161a0000,0x00000000162a0000] [id=5100]

VM state:not at safepoint (normal execution)

VM Mutex/Monitor currently owned by a thread: None

Heap:
 PSYoungGen      total 18944K, used 6431K [0x00000000feb00000, 0x0000000100000000, 0x0000000100000000)
  eden space 16384K, 23% used [0x00000000feb00000,0x00000000feecf288,0x00000000ffb00000)
  from space 2560K, 98% used [0x00000000ffb00000,0x00000000ffd78a68,0x00000000ffd80000)
  to   space 2560K, 0% used [0x00000000ffd80000,0x00000000ffd80000,0x0000000100000000)
 ParOldGen       total 44032K, used 7076K [0x00000000fc000000, 0x00000000feb00000, 0x00000000feb00000)
  object space 44032K, 16% used [0x00000000fc000000,0x00000000fc6e9048,0x00000000feb00000)
 Metaspace       used 7704K, capacity 7910K, committed 8192K, reserved 1056768K
  class space    used 875K, capacity 957K, committed 1024K, reserved 1048576K

Card table byte_map: [0x0000000002ae0000,0x0000000002b10000] byte_map_base: 0x0000000002300000

Marking Bits: (ParMarkBitMap*) 0x000000005a983950
 Begin Bits: [0x0000000012a20000, 0x0000000012b20000)
 End Bits:   [0x0000000012b20000, 0x0000000012c20000)

Polling page: 0x0000000000e50000

CodeCache: size=245760Kb used=4019Kb max_used=4031Kb free=241740Kb
 bounds [0x0000000002e60000, 0x0000000003260000, 0x0000000011e60000]
 total_blobs=1428 nmethods=1094 adapters=248
 compilation: enabled

Compilation events (10 events):
Event: 1.799 Thread 0x000000001364e000 nmethod 1094 0x000000000324d310 code [0x000000000324d480, 0x000000000324d718]
Event: 1.800 Thread 0x000000001364e000 1095       3       com.google.common.base.Preconditions::checkArgument (25 bytes)
Event: 1.800 Thread 0x000000001364e000 nmethod 1095 0x000000000324cbd0 code [0x000000000324cd60, 0x000000000324d178]
Event: 1.802 Thread 0x0000000015593000 nmethod 1090 0x000000000324c5d0 code [0x000000000324c740, 0x000000000324ca18]
Event: 1.802 Thread 0x0000000015593000 1091       4       org.objectweb.asm.MethodVisitor::visitVarInsn (17 bytes)
Event: 1.808 Thread 0x0000000015593000 nmethod 1091 0x0000000003251610 code [0x00000000032517a0, 0x0000000003251db8]
Event: 1.808 Thread 0x0000000015593000 1092       4       org.objectweb.asm.MethodWriter::visitMaxs (1146 bytes)
Event: 1.813 Thread 0x0000000015593000 nmethod 1092 0x0000000003252410 code [0x0000000003252560, 0x00000000032528d8]
Event: 1.823 Thread 0x0000000015593000 1096       4       org.objectweb.asm.ClassVisitor::visitField (24 bytes)
Event: 1.824 Thread 0x0000000015593000 nmethod 1096 0x000000000324c310 code [0x000000000324c440, 0x000000000324c4d8]

GC Heap History (6 events):
Event: 0.745 GC heap before
{Heap before GC invocations=1 (full 0):
 PSYoungGen      total 18944K, used 16384K [0x00000000feb00000, 0x0000000100000000, 0x0000000100000000)
  eden space 16384K, 100% used [0x00000000feb00000,0x00000000ffb00000,0x00000000ffb00000)
  from space 2560K, 0% used [0x00000000ffd80000,0x00000000ffd80000,0x0000000100000000)
  to   space 2560K, 0% used [0x00000000ffb00000,0x00000000ffb00000,0x00000000ffd80000)
 ParOldGen       total 44032K, used 0K [0x00000000fc000000, 0x00000000feb00000, 0x00000000feb00000)
  object space 44032K, 0% used [0x00000000fc000000,0x00000000fc000000,0x00000000feb00000)
 Metaspace       used 6613K, capacity 6740K, committed 7040K, reserved 1056768K
  class space    used 774K, capacity 824K, committed 896K, reserved 1048576K
Event: 0.768 GC heap after
Heap after GC invocations=1 (full 0):
 PSYoungGen      total 18944K, used 2553K [0x00000000feb00000, 0x0000000100000000, 0x0000000100000000)
  eden space 16384K, 0% used [0x00000000feb00000,0x00000000feb00000,0x00000000ffb00000)
  from space 2560K, 99% used [0x00000000ffb00000,0x00000000ffd7e630,0x00000000ffd80000)
  to   space 2560K, 0% used [0x00000000ffd80000,0x00000000ffd80000,0x0000000100000000)
 ParOldGen       total 44032K, used 1696K [0x00000000fc000000, 0x00000000feb00000, 0x00000000feb00000)
  object space 44032K, 3% used [0x00000000fc000000,0x00000000fc1a82c8,0x00000000feb00000)
 Metaspace       used 6613K, capacity 6740K, committed 7040K, reserved 1056768K
  class space    used 774K, capacity 824K, committed 896K, reserved 1048576K
}
Event: 1.107 GC heap before
{Heap before GC invocations=2 (full 0):
 PSYoungGen      total 18944K, used 18937K [0x00000000feb00000, 0x0000000100000000, 0x0000000100000000)
  eden space 16384K, 100% used [0x00000000feb00000,0x00000000ffb00000,0x00000000ffb00000)
  from space 2560K, 99% used [0x00000000ffb00000,0x00000000ffd7e630,0x00000000ffd80000)
  to   space 2560K, 0% used [0x00000000ffd80000,0x00000000ffd80000,0x0000000100000000)
 ParOldGen       total 44032K, used 1696K [0x00000000fc000000, 0x00000000feb00000, 0x00000000feb00000)
  object space 44032K, 3% used [0x00000000fc000000,0x00000000fc1a82c8,0x00000000feb00000)
 Metaspace       used 6968K, capacity 7110K, committed 7296K, reserved 1056768K
  class space    used 816K, capacity 861K, committed 896K, reserved 1048576K
Event: 1.115 GC heap after
Heap after GC invocations=2 (full 0):
 PSYoungGen      total 18944K, used 2547K [0x00000000feb00000, 0x0000000100000000, 0x0000000100000000)
  eden space 16384K, 0% used [0x00000000feb00000,0x00000000feb00000,0x00000000ffb00000)
  from space 2560K, 99% used [0x00000000ffd80000,0x00000000ffffce20,0x0000000100000000)
  to   space 2560K, 0% used [0x00000000ffb00000,0x00000000ffb00000,0x00000000ffd80000)
 ParOldGen       total 44032K, used 5989K [0x00000000fc000000, 0x00000000feb00000, 0x00000000feb00000)
  object space 44032K, 13% used [0x00000000fc000000,0x00000000fc5d97b0,0x00000000feb00000)
 Metaspace       used 6968K, capacity 7110K, committed 7296K, reserved 1056768K
  class space    used 816K, capacity 861K, committed 896K, reserved 1048576K
}
Event: 1.634 GC heap before
{Heap before GC invocations=3 (full 0):
 PSYoungGen      total 18944K, used 18931K [0x00000000feb00000, 0x0000000100000000, 0x0000000100000000)
  eden space 16384K, 100% used [0x00000000feb00000,0x00000000ffb00000,0x00000000ffb00000)
  from space 2560K, 99% used [0x00000000ffd80000,0x00000000ffffce20,0x0000000100000000)
  to   space 2560K, 0% used [0x00000000ffb00000,0x00000000ffb00000,0x00000000ffd80000)
 ParOldGen       total 44032K, used 5989K [0x00000000fc000000, 0x00000000feb00000, 0x00000000feb00000)
  object space 44032K, 13% used [0x00000000fc000000,0x00000000fc5d97b0,0x00000000feb00000)
 Metaspace       used 7692K, capacity 7846K, committed 7936K, reserved 1056768K
  class space    used 875K, capacity 957K, committed 1024K, reserved 1048576K
Event: 1.735 GC heap after
Heap after GC invocations=3 (full 0):
 PSYoungGen      total 18944K, used 2530K [0x00000000feb00000, 0x0000000100000000, 0x0000000100000000)
  eden space 16384K, 0% used [0x00000000feb00000,0x00000000feb00000,0x00000000ffb00000)
  from space 2560K, 98% used [0x00000000ffb00000,0x00000000ffd78a68,0x00000000ffd80000)
  to   space 2560K, 0% used [0x00000000ffd80000,0x00000000ffd80000,0x0000000100000000)
 ParOldGen       total 44032K, used 7076K [0x00000000fc000000, 0x00000000feb00000, 0x00000000feb00000)
  object space 44032K, 16% used [0x00000000fc000000,0x00000000fc6e9048,0x00000000feb00000)
 Metaspace       used 7692K, capacity 7846K, committed 7936K, reserved 1056768K
  class space    used 875K, capacity 957K, committed 1024K, reserved 1048576K
}

Deoptimization events (10 events):
Event: 0.788 Thread 0x0000000002b1d800 Uncommon trap: reason=unstable_if action=reinterpret pc=0x000000000309c038 method=java.util.zip.ZipCoder.decoder()Ljava/nio/charset/CharsetDecoder; @ 4
Event: 0.788 Thread 0x0000000002b1d800 Uncommon trap: reason=unstable_if action=reinterpret pc=0x0000000003095c6c method=java.util.zip.ZipCoder.decoder()Ljava/nio/charset/CharsetDecoder; @ 4
Event: 1.050 Thread 0x0000000002b1d800 Uncommon trap: reason=unloaded action=reinterpret pc=0x000000000309753c method=java.util.zip.ZipEntry.setExtra0([BZ)V @ 37
Event: 1.150 Thread 0x0000000002b1d800 Uncommon trap: reason=unstable_if action=reinterpret pc=0x0000000003033cf8 method=java.lang.String.<init>([CII)V @ 18
Event: 1.298 Thread 0x0000000002b1d800 Uncommon trap: reason=unstable_if action=reinterpret pc=0x000000000314033c method=org.objectweb.asm.ClassReader.a(II[C)Ljava/lang/String; @ 77
Event: 1.299 Thread 0x0000000002b1d800 Uncommon trap: reason=unstable_if action=reinterpret pc=0x000000000313cc38 method=org.objectweb.asm.ByteVector.putUTF8(Ljava/lang/String;)Lorg/objectweb/asm/ByteVector; @ 98
Event: 1.341 Thread 0x0000000002b1d800 Uncommon trap: reason=unstable_if action=reinterpret pc=0x0000000003194b98 method=org.objectweb.asm.Item.a(Lorg/objectweb/asm/Item;)Z @ 345
Event: 1.466 Thread 0x0000000002b1d800 Uncommon trap: reason=unstable_if action=reinterpret pc=0x00000000031c3ff8 method=org.objectweb.asm.Type.getArgumentsAndReturnSizes(Ljava/lang/String;)I @ 118
Event: 1.602 Thread 0x0000000002b1d800 Uncommon trap: reason=unstable_if action=reinterpret pc=0x00000000032291b8 method=org.objectweb.asm.MethodWriter.visitVarInsn(II)V @ 142
Event: 1.602 Thread 0x0000000002b1d800 Uncommon trap: reason=unstable_if action=reinterpret pc=0x00000000031d7360 method=org.objectweb.asm.MethodWriter.visitVarInsn(II)V @ 142

Classes redefined (0 events):
No events

Internal exceptions (10 events):
Event: 0.922 Thread 0x0000000002b1d800 Exception <a 'sun/nio/fs/WindowsException'> (0x00000000ff1c4858) thrown at [D:\src\AOSP-openjdk-cygwin\jdk8u\hotspot\src\share\vm\prims\jni.cpp, line 709]
Event: 0.922 Thread 0x0000000002b1d800 Exception <a 'sun/nio/fs/WindowsException'> (0x00000000ff1c4e20) thrown at [D:\src\AOSP-openjdk-cygwin\jdk8u\hotspot\src\share\vm\prims\jni.cpp, line 709]
Event: 0.922 Thread 0x0000000002b1d800 Exception <a 'sun/nio/fs/WindowsException'> (0x00000000ff1c55e0) thrown at [D:\src\AOSP-openjdk-cygwin\jdk8u\hotspot\src\share\vm\prims\jni.cpp, line 709]
Event: 0.922 Thread 0x0000000002b1d800 Exception <a 'sun/nio/fs/WindowsException'> (0x00000000ff1c5b80) thrown at [D:\src\AOSP-openjdk-cygwin\jdk8u\hotspot\src\share\vm\prims\jni.cpp, line 709]
Event: 0.922 Thread 0x0000000002b1d800 Exception <a 'sun/nio/fs/WindowsException'> (0x00000000ff1c6330) thrown at [D:\src\AOSP-openjdk-cygwin\jdk8u\hotspot\src\share\vm\prims\jni.cpp, line 709]
Event: 0.934 Thread 0x0000000002b1d800 Exception <a 'sun/nio/fs/WindowsException'> (0x00000000ff1cb670) thrown at [D:\src\AOSP-openjdk-cygwin\jdk8u\hotspot\src\share\vm\prims\jni.cpp, line 709]
Event: 1.123 Thread 0x0000000002b1d800 Exception <a 'sun/nio/fs/WindowsException'> (0x00000000febcb588) thrown at [D:\src\AOSP-openjdk-cygwin\jdk8u\hotspot\src\share\vm\prims\jni.cpp, line 709]
Event: 1.123 Thread 0x0000000002b1d800 Exception <a 'sun/nio/fs/WindowsException'> (0x00000000febcbae0) thrown at [D:\src\AOSP-openjdk-cygwin\jdk8u\hotspot\src\share\vm\prims\jni.cpp, line 709]
Event: 1.137 Thread 0x0000000002b1d800 Exception <a 'sun/nio/fs/WindowsException'> (0x00000000febd72e0) thrown at [D:\src\AOSP-openjdk-cygwin\jdk8u\hotspot\src\share\vm\prims\jni.cpp, line 709]
Event: 1.137 Thread 0x0000000002b1d800 Exception <a 'sun/nio/fs/WindowsException'> (0x00000000febd77b8) thrown at [D:\src\AOSP-openjdk-cygwin\jdk8u\hotspot\src\share\vm\prims\jni.cpp, line 709]

Events (10 events):
Event: 1.466 Thread 0x0000000002b1d800 DEOPT PACKING pc=0x00000000031c3ff8 sp=0x0000000002d5ebf0
Event: 1.466 Thread 0x0000000002b1d800 DEOPT UNPACKING pc=0x0000000002ea556a sp=0x0000000002d5eb80 mode 2
Event: 1.602 Thread 0x0000000002b1d800 Uncommon trap: trap_request=0xffffff65 fr.pc=0x00000000032291b8
Event: 1.602 Thread 0x0000000002b1d800 DEOPT PACKING pc=0x00000000032291b8 sp=0x0000000002d5ee30
Event: 1.602 Thread 0x0000000002b1d800 DEOPT UNPACKING pc=0x0000000002ea556a sp=0x0000000002d5ed28 mode 2
Event: 1.602 Thread 0x0000000002b1d800 Uncommon trap: trap_request=0xffffff65 fr.pc=0x00000000031d7360
Event: 1.602 Thread 0x0000000002b1d800 DEOPT PACKING pc=0x00000000031d7360 sp=0x0000000002d5edb0
Event: 1.602 Thread 0x0000000002b1d800 DEOPT UNPACKING pc=0x0000000002ea556a sp=0x0000000002d5ed10 mode 2
Event: 1.634 Executing VM operation: ParallelGCFailedAllocation
Event: 1.735 Executing VM operation: ParallelGCFailedAllocation done


Dynamic libraries:
0x00007ff620a70000 - 0x00007ff620aa1000 	C:\Program Files\Android\Android Studio\jre\bin\java.exe
0x00007fff1d320000 - 0x00007fff1d501000 	C:\WINDOWS\SYSTEM32\ntdll.dll
0x00007fff1b1d0000 - 0x00007fff1b282000 	C:\WINDOWS\System32\KERNEL32.DLL
0x00007fff19cf0000 - 0x00007fff19f63000 	C:\WINDOWS\System32\KERNELBASE.dll
0x00007fff1a9e0000 - 0x00007fff1aa81000 	C:\WINDOWS\System32\ADVAPI32.dll
0x00007fff1aa90000 - 0x00007fff1ab2e000 	C:\WINDOWS\System32\msvcrt.dll
0x00007fff1c910000 - 0x00007fff1c96b000 	C:\WINDOWS\System32\sechost.dll
0x00007fff1d110000 - 0x00007fff1d234000 	C:\WINDOWS\System32\RPCRT4.dll
0x00007fff1b040000 - 0x00007fff1b1d0000 	C:\WINDOWS\System32\USER32.dll
0x00007fff1a080000 - 0x00007fff1a0a0000 	C:\WINDOWS\System32\win32u.dll
0x00007fff1c970000 - 0x00007fff1c998000 	C:\WINDOWS\System32\GDI32.dll
0x00007fff19960000 - 0x00007fff19af2000 	C:\WINDOWS\System32\gdi32full.dll
0x00007fff198c0000 - 0x00007fff1995f000 	C:\WINDOWS\System32\msvcp_win.dll
0x00007fff197c0000 - 0x00007fff198ba000 	C:\WINDOWS\System32\ucrtbase.dll
0x00007fff0c6f0000 - 0x00007fff0c959000 	C:\WINDOWS\WinSxS\amd64_microsoft.windows.common-controls_6595b64144ccf1df_6.0.17134.112_none_fb3f961b30681c12\COMCTL32.dll
0x00007fff1acb0000 - 0x00007fff1afd3000 	C:\WINDOWS\System32\combase.dll
0x00007fff19740000 - 0x00007fff197ba000 	C:\WINDOWS\System32\bcryptPrimitives.dll
0x00007fff1b310000 - 0x00007fff1b33d000 	C:\WINDOWS\System32\IMM32.DLL
0x000000005a0e0000 - 0x000000005a1b2000 	C:\Program Files\Android\Android Studio\jre\jre\bin\msvcr100.dll
0x000000005a1c0000 - 0x000000005a9fe000 	C:\Program Files\Android\Android Studio\jre\jre\bin\server\jvm.dll
0x00007fff1a7b0000 - 0x00007fff1a7b8000 	C:\WINDOWS\System32\PSAPI.DLL
0x00007fff15fe0000 - 0x00007fff15fe9000 	C:\WINDOWS\SYSTEM32\WSOCK32.dll
0x00007fff1b460000 - 0x00007fff1b4cc000 	C:\WINDOWS\System32\WS2_32.dll
0x00007fff0e820000 - 0x00007fff0e82a000 	C:\WINDOWS\SYSTEM32\VERSION.dll
0x00007fff172d0000 - 0x00007fff172f3000 	C:\WINDOWS\SYSTEM32\WINMM.dll
0x00007fff172a0000 - 0x00007fff172ca000 	C:\WINDOWS\SYSTEM32\WINMMBASE.dll
0x00007fff196f0000 - 0x00007fff19739000 	C:\WINDOWS\System32\cfgmgr32.dll
0x00007fff15fd0000 - 0x00007fff15fdf000 	C:\Program Files\Android\Android Studio\jre\jre\bin\verify.dll
0x00007fff0d6d0000 - 0x00007fff0d6f9000 	C:\Program Files\Android\Android Studio\jre\jre\bin\java.dll
0x00007fff14860000 - 0x00007fff14876000 	C:\Program Files\Android\Android Studio\jre\jre\bin\zip.dll
0x00007fff1b4d0000 - 0x00007fff1c910000 	C:\WINDOWS\System32\SHELL32.dll
0x00007fff1d240000 - 0x00007fff1d2e9000 	C:\WINDOWS\System32\shcore.dll
0x00007fff1a0a0000 - 0x00007fff1a7ad000 	C:\WINDOWS\System32\windows.storage.dll
0x00007fff1b2a0000 - 0x00007fff1b2f1000 	C:\WINDOWS\System32\shlwapi.dll
0x00007fff196b0000 - 0x00007fff196c1000 	C:\WINDOWS\System32\kernel.appcore.dll
0x00007fff19690000 - 0x00007fff196af000 	C:\WINDOWS\System32\profapi.dll
0x00007fff19630000 - 0x00007fff1967c000 	C:\WINDOWS\System32\powrprof.dll
0x00007fff19680000 - 0x00007fff1968a000 	C:\WINDOWS\System32\FLTLIB.DLL
0x00007fff19060000 - 0x00007fff19077000 	C:\WINDOWS\SYSTEM32\CRYPTSP.dll
0x00007fff18a90000 - 0x00007fff18ac3000 	C:\WINDOWS\system32\rsaenh.dll
0x00007fff19190000 - 0x00007fff191b5000 	C:\WINDOWS\SYSTEM32\bcrypt.dll
0x00007fff19530000 - 0x00007fff19558000 	C:\WINDOWS\SYSTEM32\USERENV.dll
0x00007fff19080000 - 0x00007fff1908b000 	C:\WINDOWS\SYSTEM32\CRYPTBASE.dll
0x00007fff0bd50000 - 0x00007fff0bd6a000 	C:\Program Files\Android\Android Studio\jre\jre\bin\net.dll
0x00007fff18eb0000 - 0x00007fff18f16000 	C:\WINDOWS\system32\mswsock.dll
0x00007fff18c30000 - 0x00007fff18c68000 	C:\WINDOWS\SYSTEM32\IPHLPAPI.DLL
0x00007fff1b290000 - 0x00007fff1b298000 	C:\WINDOWS\System32\NSI.dll
0x00007fff12040000 - 0x00007fff12056000 	C:\WINDOWS\SYSTEM32\dhcpcsvc6.DLL
0x00007fff11150000 - 0x00007fff1116a000 	C:\WINDOWS\SYSTEM32\dhcpcsvc.DLL
0x00007fff09b90000 - 0x00007fff09ba1000 	C:\Program Files\Android\Android Studio\jre\jre\bin\nio.dll

VM Arguments:
jvm_args: -Djava.awt.headless=true -Xmx64M -Dfile.encoding=x-windows-949 -Duser.country=KR -Duser.language=ko -Duser.variant 
java_command: com.google.devtools.build.android.desugar.Desugar @D:\test\app\build\intermediates\tmp\desugar_args3083634042709664453
java_class_path (initial): C:\Users\Goo\AppData\Local\Temp\desugar_deploy.jar3556076801355637708
Launcher Type: SUN_STANDARD

Environment Variables:
PATH=C:\ProgramData\Oracle\Java\javapath;C:\WINDOWS\system32;C:\WINDOWS;C:\WINDOWS\System32\Wbem;C:\WINDOWS\System32\WindowsPowerShell\v1.0\;C:\OpenSSL;;C:\WINDOWS\System32\OpenSSH\;C:\Users\Goo\AppData\Local\Microsoft\WindowsApps;
USERNAME=Goo
OS=Windows_NT
PROCESSOR_IDENTIFIER=Intel64 Family 6 Model 158 Stepping 9, GenuineIntel



---------------  S Y S T E M  ---------------

OS: Windows 10.0 , 64 bit Build 17134 (10.0.17134.1)

CPU:total 8 (initial active 8) (4 cores per cpu, 2 threads per core) family 6 model 158 stepping 9, cmov, cx8, fxsr, mmx, sse, sse2, sse3, ssse3, sse4.1, sse4.2, popcnt, avx, avx2, aes, clmul, erms, 3dnowpref, lzcnt, ht, tsc, tscinvbit, bmi1, bmi2, adx

Memory: 4k page, physical 16692940k(2517728k free), swap 16692940k(456k free)

vm_info: OpenJDK 64-Bit Server VM (25.152-b01) for windows-amd64 JRE (1.8.0_152-release-915-b01), built by "builder" with MS VC++ 10.0 (VS2010)

time: Tue Jun 19 23:05:46 2018
elapsed time: 1 seconds (0d 0h 0m 1s)

