#
# There is insufficient memory for the Java Runtime Environment to continue.
# Native memory allocation (malloc) failed to allocate 32744 bytes for ChunkPool::allocate
# Possible reasons:
#   The system is out of physical RAM or swap space
#   In 32 bit mode, the process size limit was hit
# Possible solutions:
#   Reduce memory load on the system
#   Increase physical memory or swap space
#   Check if swap backing store is full
#   Use 64 bit Java on a 64 bit OS
#   Decrease Java heap size (-Xmx/-Xms)
#   Decrease number of Java threads
#   Decrease Java thread stack sizes (-Xss)
#   Set larger code cache with -XX:ReservedCodeCacheSize=
# This output file may be truncated or incomplete.
#
#  Out of Memory Error (allocation.cpp:273), pid=11568, tid=0x0000000000001c20
#
# JRE version: OpenJDK Runtime Environment (8.0_152-b01) (build 1.8.0_152-release-915-b01)
# Java VM: OpenJDK 64-Bit Server VM (25.152-b01 mixed mode windows-amd64 compressed oops)
# Failed to write core dump. Minidumps are not enabled by default on client versions of Windows
#

---------------  T H R E A D  ---------------

Current thread (0x00000000150eb000):  JavaThread "C2 CompilerThread0" daemon [_thread_in_native, id=7200, stack(0x0000000015840000,0x0000000015940000)]

Stack: [0x0000000015840000,0x0000000015940000]
[error occurred during error reporting (printing stack bounds), id 0xc0000005]

Native frames: (J=compiled Java code, j=interpreted, Vv=VM code, C=native code)


Current CompileTask:
C2:   1892  842       4       org.objectweb.asm.ClassWriter::a (49 bytes)


---------------  P R O C E S S  ---------------

Java Threads: ( => current thread )
  0x000000001519b800 JavaThread "Service Thread" daemon [_thread_blocked, id=14076, stack(0x0000000015c40000,0x0000000015d40000)]
  0x0000000015198800 JavaThread "C1 CompilerThread3" daemon [_thread_in_native, id=12772, stack(0x0000000015b40000,0x0000000015c40000)]
  0x0000000015195800 JavaThread "C2 CompilerThread2" daemon [_thread_in_native, id=13516, stack(0x0000000015a40000,0x0000000015b40000)]
  0x0000000015192000 JavaThread "C2 CompilerThread1" daemon [_thread_in_native, id=1860, stack(0x0000000015940000,0x0000000015a40000)]
=>0x00000000150eb000 JavaThread "C2 CompilerThread0" daemon [_thread_in_native, id=7200, stack(0x0000000015840000,0x0000000015940000)]
  0x00000000150e9800 JavaThread "Attach Listener" daemon [_thread_blocked, id=13292, stack(0x0000000015740000,0x0000000015840000)]
  0x0000000015140000 JavaThread "Signal Dispatcher" daemon [_thread_blocked, id=12052, stack(0x0000000015640000,0x0000000015740000)]
  0x00000000150d0800 JavaThread "Finalizer" daemon [_thread_blocked, id=4312, stack(0x00000000154b0000,0x00000000155b0000)]
  0x0000000002a08000 JavaThread "Reference Handler" daemon [_thread_blocked, id=7864, stack(0x0000000014fb0000,0x00000000150b0000)]
  0x000000000290d800 JavaThread "main" [_thread_in_vm, id=9720, stack(0x00000000027a0000,0x00000000028a0000)]

Other Threads:
  0x00000000131b5800 VMThread [stack: 0x0000000014eb0000,0x0000000014fb0000] [id=11696]
  0x000000001519c800 WatcherThread [stack: 0x0000000015d40000,0x0000000015e40000] [id=9960]

VM state:not at safepoint (normal execution)

VM Mutex/Monitor currently owned by a thread:  ([mutex/lock_event])
[0x000000000290d170] AdapterHandlerLibrary_lock - owner thread: 0x000000000290d800

Heap:
 PSYoungGen      total 18944K, used 5823K [0x00000000feb00000, 0x0000000100000000, 0x0000000100000000)
  eden space 16384K, 19% used [0x00000000feb00000,0x00000000fee33198,0x00000000ffb00000)
  from space 2560K, 99% used [0x00000000ffd80000,0x00000000ffffce20,0x0000000100000000)
  to   space 2560K, 0% used [0x00000000ffb00000,0x00000000ffb00000,0x00000000ffd80000)
 ParOldGen       total 44032K, used 5838K [0x00000000fc000000, 0x00000000feb00000, 0x00000000feb00000)
  object space 44032K, 13% used [0x00000000fc000000,0x00000000fc5b3880,0x00000000feb00000)
 Metaspace       used 7528K, capacity 7718K, committed 7936K, reserved 1056768K
  class space    used 875K, capacity 957K, committed 1024K, reserved 1048576K

Card table byte_map: [0x00000000023f0000,0x0000000002420000] byte_map_base: 0x0000000001c10000

Marking Bits: (ParMarkBitMap*) 0x00000000673d3950
 Begin Bits: [0x00000000125d0000, 0x00000000126d0000)
 End Bits:   [0x00000000126d0000, 0x00000000127d0000)

Polling page: 0x0000000000a00000

CodeCache: size=245760Kb used=2924Kb max_used=2936Kb free=242835Kb
 bounds [0x0000000002a10000, 0x0000000002cf0000, 0x0000000011a10000]
 total_blobs=1161 nmethods=827 adapters=248
 compilation: enabled

Compilation events (10 events):
Event: 1.880 Thread 0x0000000015198800  824       3       org.objectweb.asm.MethodVisitor::visitLabel (16 bytes)
Event: 1.880 Thread 0x0000000015198800 nmethod 824 0x0000000002ceb910 code [0x0000000002ceba80, 0x0000000002cebce8]
Event: 1.880 Thread 0x0000000015198800  826       3       org.objectweb.asm.MethodVisitor::visitMethodInsn (68 bytes)
Event: 1.881 Thread 0x0000000015198800 nmethod 826 0x0000000002cebdd0 code [0x0000000002cebf60, 0x0000000002cec408]
Event: 1.881 Thread 0x0000000015198800  827       3       org.objectweb.asm.ClassReader::a (3587 bytes)
Event: 1.888 Thread 0x00000000150eb000  836       4       org.objectweb.asm.ClassReader::readInt (52 bytes)
Event: 1.888 Thread 0x0000000015195800  837       4       org.objectweb.asm.ClassReader::readUTF8 (60 bytes)
Event: 1.889 Thread 0x00000000150eb000 nmethod 836 0x0000000002cef290 code [0x0000000002cef3c0, 0x0000000002cef4b8]
Event: 1.890 Thread 0x0000000015192000  841       4       org.objectweb.asm.Item::a (354 bytes)
Event: 1.890 Thread 0x00000000150eb000  842       4       org.objectweb.asm.ClassWriter::a (49 bytes)

GC Heap History (4 events):
Event: 1.327 GC heap before
{Heap before GC invocations=1 (full 0):
 PSYoungGen      total 18944K, used 16384K [0x00000000feb00000, 0x0000000100000000, 0x0000000100000000)
  eden space 16384K, 100% used [0x00000000feb00000,0x00000000ffb00000,0x00000000ffb00000)
  from space 2560K, 0% used [0x00000000ffd80000,0x00000000ffd80000,0x0000000100000000)
  to   space 2560K, 0% used [0x00000000ffb00000,0x00000000ffb00000,0x00000000ffd80000)
 ParOldGen       total 44032K, used 0K [0x00000000fc000000, 0x00000000feb00000, 0x00000000feb00000)
  object space 44032K, 0% used [0x00000000fc000000,0x00000000fc000000,0x00000000feb00000)
 Metaspace       used 6632K, capacity 6804K, committed 7040K, reserved 1056768K
  class space    used 774K, capacity 824K, committed 896K, reserved 1048576K
Event: 1.350 GC heap after
Heap after GC invocations=1 (full 0):
 PSYoungGen      total 18944K, used 2537K [0x00000000feb00000, 0x0000000100000000, 0x0000000100000000)
  eden space 16384K, 0% used [0x00000000feb00000,0x00000000feb00000,0x00000000ffb00000)
  from space 2560K, 99% used [0x00000000ffb00000,0x00000000ffd7a620,0x00000000ffd80000)
  to   space 2560K, 0% used [0x00000000ffd80000,0x00000000ffd80000,0x0000000100000000)
 ParOldGen       total 44032K, used 1424K [0x00000000fc000000, 0x00000000feb00000, 0x00000000feb00000)
  object space 44032K, 3% used [0x00000000fc000000,0x00000000fc164398,0x00000000feb00000)
 Metaspace       used 6632K, capacity 6804K, committed 7040K, reserved 1056768K
  class space    used 774K, capacity 824K, committed 896K, reserved 1048576K
}
Event: 1.665 GC heap before
{Heap before GC invocations=2 (full 0):
 PSYoungGen      total 18944K, used 18921K [0x00000000feb00000, 0x0000000100000000, 0x0000000100000000)
  eden space 16384K, 100% used [0x00000000feb00000,0x00000000ffb00000,0x00000000ffb00000)
  from space 2560K, 99% used [0x00000000ffb00000,0x00000000ffd7a620,0x00000000ffd80000)
  to   space 2560K, 0% used [0x00000000ffd80000,0x00000000ffd80000,0x0000000100000000)
 ParOldGen       total 44032K, used 1424K [0x00000000fc000000, 0x00000000feb00000, 0x00000000feb00000)
  object space 44032K, 3% used [0x00000000fc000000,0x00000000fc164398,0x00000000feb00000)
 Metaspace       used 6978K, capacity 7110K, committed 7296K, reserved 1056768K
  class space    used 816K, capacity 861K, committed 896K, reserved 1048576K
Event: 1.695 GC heap after
Heap after GC invocations=2 (full 0):
 PSYoungGen      total 18944K, used 2547K [0x00000000feb00000, 0x0000000100000000, 0x0000000100000000)
  eden space 16384K, 0% used [0x00000000feb00000,0x00000000feb00000,0x00000000ffb00000)
  from space 2560K, 99% used [0x00000000ffd80000,0x00000000ffffce20,0x0000000100000000)
  to   space 2560K, 0% used [0x00000000ffb00000,0x00000000ffb00000,0x00000000ffd80000)
 ParOldGen       total 44032K, used 5838K [0x00000000fc000000, 0x00000000feb00000, 0x00000000feb00000)
  object space 44032K, 13% used [0x00000000fc000000,0x00000000fc5b3880,0x00000000feb00000)
 Metaspace       used 6978K, capacity 7110K, committed 7296K, reserved 1056768K
  class space    used 816K, capacity 861K, committed 896K, reserved 1048576K
}

Deoptimization events (10 events):
Event: 1.268 Thread 0x000000000290d800 Uncommon trap: reason=unstable_if action=reinterpret pc=0x0000000002c4cc98 method=java.util.zip.ZipEntry.setExtra0([BZ)V @ 1
Event: 1.271 Thread 0x000000000290d800 Uncommon trap: reason=unstable_if action=reinterpret pc=0x0000000002c50248 method=java.util.zip.ZipFile$ZipEntryIterator.hasNext()Z @ 25
Event: 1.271 Thread 0x000000000290d800 Uncommon trap: reason=unstable_if action=reinterpret pc=0x0000000002c5d400 method=java.util.zip.ZipCoder.decoder()Ljava/nio/charset/CharsetDecoder; @ 4
Event: 1.289 Thread 0x000000000290d800 Uncommon trap: reason=unstable_if action=reinterpret pc=0x0000000002c52ddc method=java.util.zip.ZipFile$ZipEntryIterator.hasNext()Z @ 25
Event: 1.289 Thread 0x000000000290d800 Uncommon trap: reason=unstable_if action=reinterpret pc=0x0000000002c5fdb8 method=java.util.zip.ZipCoder.decoder()Ljava/nio/charset/CharsetDecoder; @ 4
Event: 1.406 Thread 0x000000000290d800 Uncommon trap: reason=unstable_if action=reinterpret pc=0x0000000002c5746c method=java.util.zip.ZipCoder.decoder()Ljava/nio/charset/CharsetDecoder; @ 4
Event: 1.412 Thread 0x000000000290d800 Uncommon trap: reason=unstable_if action=reinterpret pc=0x0000000002c69b48 method=java.util.HashMap$HashIterator.nextNode()Ljava/util/HashMap$Node; @ 74
Event: 1.547 Thread 0x000000000290d800 Uncommon trap: reason=unstable_if action=reinterpret pc=0x0000000002c6a048 method=java.util.HashMap$HashIterator.nextNode()Ljava/util/HashMap$Node; @ 74
Event: 1.639 Thread 0x000000000290d800 Uncommon trap: reason=unloaded action=reinterpret pc=0x0000000002c4f6bc method=java.util.zip.ZipEntry.setExtra0([BZ)V @ 37
Event: 1.752 Thread 0x000000000290d800 Uncommon trap: reason=unstable_if action=reinterpret pc=0x0000000002ba6178 method=java.lang.String.<init>([CII)V @ 18

Classes redefined (0 events):
No events

Internal exceptions (10 events):
Event: 1.406 Thread 0x000000000290d800 Implicit null exception at 0x0000000002c56a93 to 0x0000000002c57431
Event: 1.499 Thread 0x000000000290d800 Exception <a 'sun/nio/fs/WindowsException'> (0x00000000ff27cdf0) thrown at [D:\src\AOSP-openjdk-cygwin\jdk8u\hotspot\src\share\vm\prims\jni.cpp, line 709]
Event: 1.503 Thread 0x000000000290d800 Exception <a 'sun/nio/fs/WindowsException'> (0x00000000ff27d3b0) thrown at [D:\src\AOSP-openjdk-cygwin\jdk8u\hotspot\src\share\vm\prims\jni.cpp, line 709]
Event: 1.504 Thread 0x000000000290d800 Exception <a 'sun/nio/fs/WindowsException'> (0x00000000ff27d978) thrown at [D:\src\AOSP-openjdk-cygwin\jdk8u\hotspot\src\share\vm\prims\jni.cpp, line 709]
Event: 1.504 Thread 0x000000000290d800 Exception <a 'sun/nio/fs/WindowsException'> (0x00000000ff27e138) thrown at [D:\src\AOSP-openjdk-cygwin\jdk8u\hotspot\src\share\vm\prims\jni.cpp, line 709]
Event: 1.504 Thread 0x000000000290d800 Exception <a 'sun/nio/fs/WindowsException'> (0x00000000ff27e6d8) thrown at [D:\src\AOSP-openjdk-cygwin\jdk8u\hotspot\src\share\vm\prims\jni.cpp, line 709]
Event: 1.504 Thread 0x000000000290d800 Exception <a 'sun/nio/fs/WindowsException'> (0x00000000ff27ee88) thrown at [D:\src\AOSP-openjdk-cygwin\jdk8u\hotspot\src\share\vm\prims\jni.cpp, line 709]
Event: 1.554 Thread 0x000000000290d800 Exception <a 'sun/nio/fs/WindowsException'> (0x00000000ff2841c8) thrown at [D:\src\AOSP-openjdk-cygwin\jdk8u\hotspot\src\share\vm\prims\jni.cpp, line 709]
Event: 1.705 Thread 0x000000000290d800 Exception <a 'sun/nio/fs/WindowsException'> (0x00000000febed560) thrown at [D:\src\AOSP-openjdk-cygwin\jdk8u\hotspot\src\share\vm\prims\jni.cpp, line 709]
Event: 1.705 Thread 0x000000000290d800 Exception <a 'sun/nio/fs/WindowsException'> (0x00000000febedab8) thrown at [D:\src\AOSP-openjdk-cygwin\jdk8u\hotspot\src\share\vm\prims\jni.cpp, line 709]

Events (10 events):
Event: 1.847 loading class sun/util/calendar/CalendarUtils
Event: 1.847 loading class sun/util/calendar/CalendarUtils done
Event: 1.847 loading class java/util/zip/ZipOutputStream$XEntry
Event: 1.847 loading class java/util/zip/ZipOutputStream$XEntry done
Event: 1.856 loading class org/objectweb/asm/Opcodes
Event: 1.856 loading class org/objectweb/asm/Opcodes done
Event: 1.858 loading class org/objectweb/asm/tree/TryCatchBlockNode
Event: 1.858 loading class org/objectweb/asm/tree/TryCatchBlockNode done
Event: 1.859 loading class org/objectweb/asm/Handler
Event: 1.859 loading class org/objectweb/asm/Handler done


Dynamic libraries:
0x00007ff6c8c60000 - 0x00007ff6c8c91000 	C:\Program Files\Android\Android Studio\jre\bin\java.exe
0x00007ffba9340000 - 0x00007ffba9521000 	C:\WINDOWS\SYSTEM32\ntdll.dll
0x00007ffba6ca0000 - 0x00007ffba6d52000 	C:\WINDOWS\System32\KERNEL32.DLL
0x00007ffba6070000 - 0x00007ffba62e3000 	C:\WINDOWS\System32\KERNELBASE.dll
0x00007ffba9260000 - 0x00007ffba9301000 	C:\WINDOWS\System32\ADVAPI32.dll
0x00007ffba77b0000 - 0x00007ffba784e000 	C:\WINDOWS\System32\msvcrt.dll
0x00007ffba71b0000 - 0x00007ffba720b000 	C:\WINDOWS\System32\sechost.dll
0x00007ffba7580000 - 0x00007ffba76a4000 	C:\WINDOWS\System32\RPCRT4.dll
0x00007ffba7ac0000 - 0x00007ffba7c50000 	C:\WINDOWS\System32\USER32.dll
0x00007ffba5790000 - 0x00007ffba57b0000 	C:\WINDOWS\System32\win32u.dll
0x00007ffba67e0000 - 0x00007ffba6808000 	C:\WINDOWS\System32\GDI32.dll
0x00007ffba6530000 - 0x00007ffba66c2000 	C:\WINDOWS\System32\gdi32full.dll
0x00007ffba5fd0000 - 0x00007ffba606f000 	C:\WINDOWS\System32\msvcp_win.dll
0x00007ffba66d0000 - 0x00007ffba67ca000 	C:\WINDOWS\System32\ucrtbase.dll
0x00007ffb93ad0000 - 0x00007ffb93d39000 	C:\WINDOWS\WinSxS\amd64_microsoft.windows.common-controls_6595b64144ccf1df_6.0.17134.48_none_b4b2216a3cb4dd3e\COMCTL32.dll
0x00007ffba6810000 - 0x00007ffba6b33000 	C:\WINDOWS\System32\combase.dll
0x00007ffba5710000 - 0x00007ffba578a000 	C:\WINDOWS\System32\bcryptPrimitives.dll
0x00007ffba9090000 - 0x00007ffba90bd000 	C:\WINDOWS\System32\IMM32.DLL
0x0000000069530000 - 0x0000000069602000 	C:\Program Files\Android\Android Studio\jre\jre\bin\msvcr100.dll
0x0000000066c10000 - 0x000000006744e000 	C:\Program Files\Android\Android Studio\jre\jre\bin\server\jvm.dll
0x00007ffba91d0000 - 0x00007ffba91d8000 	C:\WINDOWS\System32\PSAPI.DLL
0x00007ffb95780000 - 0x00007ffb957a3000 	C:\WINDOWS\SYSTEM32\WINMM.dll
0x00007ffb95570000 - 0x00007ffb9559a000 	C:\WINDOWS\SYSTEM32\WINMMBASE.dll
0x00007ffba64e0000 - 0x00007ffba6529000 	C:\WINDOWS\System32\cfgmgr32.dll
0x00007ffba1d20000 - 0x00007ffba1d29000 	C:\WINDOWS\SYSTEM32\WSOCK32.dll
0x00007ffba7510000 - 0x00007ffba757c000 	C:\WINDOWS\System32\WS2_32.dll
0x00007ffb9d7c0000 - 0x00007ffb9d7ca000 	C:\WINDOWS\SYSTEM32\VERSION.dll
0x00007ffba1d30000 - 0x00007ffba1d3f000 	C:\Program Files\Android\Android Studio\jre\jre\bin\verify.dll
0x00007ffba1b00000 - 0x00007ffba1b29000 	C:\Program Files\Android\Android Studio\jre\jre\bin\java.dll
0x00007ffb9f450000 - 0x00007ffb9f466000 	C:\Program Files\Android\Android Studio\jre\jre\bin\zip.dll
0x00007ffba7c50000 - 0x00007ffba9090000 	C:\WINDOWS\System32\SHELL32.dll
0x00007ffba9120000 - 0x00007ffba91c9000 	C:\WINDOWS\System32\shcore.dll
0x00007ffba58c0000 - 0x00007ffba5fcd000 	C:\WINDOWS\System32\windows.storage.dll
0x00007ffba90c0000 - 0x00007ffba9111000 	C:\WINDOWS\System32\shlwapi.dll
0x00007ffba5680000 - 0x00007ffba5691000 	C:\WINDOWS\System32\kernel.appcore.dll
0x00007ffba56f0000 - 0x00007ffba570f000 	C:\WINDOWS\System32\profapi.dll
0x00007ffba56a0000 - 0x00007ffba56ec000 	C:\WINDOWS\System32\powrprof.dll
0x00007ffba5650000 - 0x00007ffba565a000 	C:\WINDOWS\System32\FLTLIB.DLL
0x00007ffba5080000 - 0x00007ffba5097000 	C:\WINDOWS\SYSTEM32\CRYPTSP.dll
0x00007ffba4ab0000 - 0x00007ffba4ae3000 	C:\WINDOWS\system32\rsaenh.dll
0x00007ffba51b0000 - 0x00007ffba51d5000 	C:\WINDOWS\SYSTEM32\bcrypt.dll
0x00007ffba5580000 - 0x00007ffba55a8000 	C:\WINDOWS\SYSTEM32\USERENV.dll
0x00007ffba50a0000 - 0x00007ffba50ab000 	C:\WINDOWS\SYSTEM32\CRYPTBASE.dll
0x00007ffb9f430000 - 0x00007ffb9f44a000 	C:\Program Files\Android\Android Studio\jre\jre\bin\net.dll
0x00007ffba4ed0000 - 0x00007ffba4f36000 	C:\WINDOWS\system32\mswsock.dll
0x00007ffba4c50000 - 0x00007ffba4c88000 	C:\WINDOWS\SYSTEM32\IPHLPAPI.DLL
0x00007ffba7430000 - 0x00007ffba7438000 	C:\WINDOWS\System32\NSI.dll
0x00007ffb9a1f0000 - 0x00007ffb9a206000 	C:\WINDOWS\SYSTEM32\dhcpcsvc6.DLL
0x00007ffb9a120000 - 0x00007ffb9a13a000 	C:\WINDOWS\SYSTEM32\dhcpcsvc.DLL
0x00007ffb9f410000 - 0x00007ffb9f421000 	C:\Program Files\Android\Android Studio\jre\jre\bin\nio.dll

VM Arguments:
jvm_args: -Djava.awt.headless=true -Xmx64M -Dfile.encoding=x-windows-949 -Duser.country=KR -Duser.language=ko -Duser.variant 
java_command: com.google.devtools.build.android.desugar.Desugar @D:\test\app\build\intermediates\tmp\desugar_args5563122464698520852
java_class_path (initial): C:\Users\Goo\AppData\Local\Temp\desugar_deploy.jar6166084629044052758
Launcher Type: SUN_STANDARD

Environment Variables:
PATH=C:\ProgramData\Oracle\Java\javapath;C:\WINDOWS\system32;C:\WINDOWS;C:\WINDOWS\System32\Wbem;C:\WINDOWS\System32\WindowsPowerShell\v1.0\;C:\OpenSSL;;C:\WINDOWS\System32\OpenSSH\;C:\Users\Goo\AppData\Local\Microsoft\WindowsApps;
USERNAME=Goo
OS=Windows_NT
PROCESSOR_IDENTIFIER=Intel64 Family 6 Model 158 Stepping 9, GenuineIntel



---------------  S Y S T E M  ---------------

OS: Windows 10.0 , 64 bit Build 17134 (10.0.17134.1)

CPU:total 8 (initial active 8) (4 cores per cpu, 2 threads per core) family 6 model 158 stepping 9, cmov, cx8, fxsr, mmx, sse, sse2, sse3, ssse3, sse4.1, sse4.2, popcnt, avx, avx2, aes, clmul, erms, 3dnowpref, lzcnt, ht, tsc, tscinvbit, bmi1, bmi2, adx

Memory: 4k page, physical 16692940k(4098744k free), swap 16692940k(260k free)

vm_info: OpenJDK 64-Bit Server VM (25.152-b01) for windows-amd64 JRE (1.8.0_152-release-915-b01), built by "builder" with MS VC++ 10.0 (VS2010)

time: Sun May 27 19:03:55 2018
elapsed time: 1 seconds (0d 0h 0m 1s)

