#
# There is insufficient memory for the Java Runtime Environment to continue.
# Native memory allocation (malloc) failed to allocate 905136 bytes for Chunk::new
# Possible reasons:
#   The system is out of physical RAM or swap space
#   In 32 bit mode, the process size limit was hit
# Possible solutions:
#   Reduce memory load on the system
#   Increase physical memory or swap space
#   Check if swap backing store is full
#   Use 64 bit Java on a 64 bit OS
#   Decrease Java heap size (-Xmx/-Xms)
#   Decrease number of Java threads
#   Decrease Java thread stack sizes (-Xss)
#   Set larger code cache with -XX:ReservedCodeCacheSize=
# This output file may be truncated or incomplete.
#
#  Out of Memory Error (allocation.cpp:390), pid=5660, tid=0x0000000000001d3c
#
# JRE version: OpenJDK Runtime Environment (8.0_152-b01) (build 1.8.0_152-release-915-b01)
# Java VM: OpenJDK 64-Bit Server VM (25.152-b01 mixed mode windows-amd64 compressed oops)
# Failed to write core dump. Minidumps are not enabled by default on client versions of Windows
#

---------------  T H R E A D  ---------------

Current thread (0x0000000015943000):  JavaThread "C2 CompilerThread1" daemon [_thread_in_native, id=7484, stack(0x0000000016100000,0x0000000016200000)]

Stack: [0x0000000016100000,0x0000000016200000]
[error occurred during error reporting (printing stack bounds), id 0xc0000005]

Native frames: (J=compiled Java code, j=interpreted, Vv=VM code, C=native code)


Current CompileTask:
C2:   3829 1130       4       org.objectweb.asm.tree.FieldInsnNode::accept (26 bytes)


---------------  P R O C E S S  ---------------

Java Threads: ( => current thread )
  0x0000000015957000 JavaThread "Service Thread" daemon [_thread_blocked, id=1844, stack(0x0000000016400000,0x0000000016500000)]
  0x0000000015949800 JavaThread "C1 CompilerThread3" daemon [_thread_blocked, id=7616, stack(0x0000000016300000,0x0000000016400000)]
  0x0000000015947000 JavaThread "C2 CompilerThread2" daemon [_thread_in_native, id=8072, stack(0x0000000016200000,0x0000000016300000)]
=>0x0000000015943000 JavaThread "C2 CompilerThread1" daemon [_thread_in_native, id=7484, stack(0x0000000016100000,0x0000000016200000)]
  0x0000000015900800 JavaThread "C2 CompilerThread0" daemon [_thread_blocked, id=8284, stack(0x0000000016000000,0x0000000016100000)]
  0x00000000158ff000 JavaThread "Attach Listener" daemon [_thread_blocked, id=5360, stack(0x0000000015f00000,0x0000000016000000)]
  0x00000000158ab800 JavaThread "Signal Dispatcher" daemon [_thread_blocked, id=4872, stack(0x0000000015e00000,0x0000000015f00000)]
  0x0000000015891000 JavaThread "Finalizer" daemon [_thread_blocked, id=12668, stack(0x0000000015c70000,0x0000000015d70000)]
  0x00000000031d7000 JavaThread "Reference Handler" daemon [_thread_blocked, id=7468, stack(0x0000000015770000,0x0000000015870000)]
  0x0000000002fdd800 JavaThread "main" [_thread_in_vm, id=3544, stack(0x0000000002fe0000,0x00000000030e0000)]

Other Threads:
  0x0000000013985800 VMThread [stack: 0x0000000015670000,0x0000000015770000] [id=11104]
  0x0000000015957800 WatcherThread [stack: 0x0000000016500000,0x0000000016600000] [id=5136]

VM state:not at safepoint (normal execution)

VM Mutex/Monitor currently owned by a thread: None

Heap:
 PSYoungGen      total 18944K, used 12006K [0x00000000feb00000, 0x0000000100000000, 0x0000000100000000)
  eden space 16384K, 57% used [0x00000000feb00000,0x00000000ff441400,0x00000000ffb00000)
  from space 2560K, 98% used [0x00000000ffb00000,0x00000000ffd785c8,0x00000000ffd80000)
  to   space 2560K, 0% used [0x00000000ffd80000,0x00000000ffd80000,0x0000000100000000)
 ParOldGen       total 44032K, used 6989K [0x00000000fc000000, 0x00000000feb00000, 0x00000000feb00000)
  object space 44032K, 15% used [0x00000000fc000000,0x00000000fc6d3558,0x00000000feb00000)
 Metaspace       used 7716K, capacity 7850K, committed 7936K, reserved 1056768K
  class space    used 875K, capacity 957K, committed 1024K, reserved 1048576K

Card table byte_map: [0x0000000002bb0000,0x0000000002be0000] byte_map_base: 0x00000000023d0000

Marking Bits: (ParMarkBitMap*) 0x000000005d303950
 Begin Bits: [0x0000000012da0000, 0x0000000012ea0000)
 End Bits:   [0x0000000012ea0000, 0x0000000012fa0000)

Polling page: 0x0000000000e30000

CodeCache: size=245760Kb used=4839Kb max_used=4851Kb free=240920Kb
 bounds [0x00000000031e0000, 0x00000000036b0000, 0x00000000121e0000]
 total_blobs=1482 nmethods=1147 adapters=248
 compilation: enabled

Compilation events (10 events):
Event: 3.708 Thread 0x0000000015949800 nmethod 1148 0x0000000003694fd0 code [0x0000000003695140, 0x0000000003695448]
Event: 3.709 Thread 0x0000000015949800 1149       3       com.google.devtools.build.android.desugar.LambdaDesugaring::visit (48 bytes)
Event: 3.710 Thread 0x0000000015949800 nmethod 1149 0x0000000003695590 code [0x0000000003695760, 0x0000000003695f08]
Event: 3.754 Thread 0x0000000015900800 nmethod 1135 0x000000000369b310 code [0x000000000369b620, 0x000000000369d938]
Event: 3.754 Thread 0x0000000015900800 1139       4       org.objectweb.asm.tree.VarInsnNode::accept (18 bytes)
Event: 3.768 Thread 0x0000000015900800 nmethod 1139 0x000000000369f810 code [0x000000000369f9e0, 0x00000000036a05f0]
Event: 3.768 Thread 0x0000000015900800 1137       4       java.util.SubList::get (23 bytes)
Event: 3.769 Thread 0x0000000015900800 nmethod 1137 0x0000000003698190 code [0x00000000036982e0, 0x0000000003698418]
Event: 3.769 Thread 0x0000000015900800 1147       4       java.util.Objects::requireNonNull (15 bytes)
Event: 3.769 Thread 0x0000000015900800 nmethod 1147 0x00000000034fb050 code [0x00000000034fb180, 0x00000000034fb1d8]

GC Heap History (6 events):
Event: 1.190 GC heap before
{Heap before GC invocations=1 (full 0):
 PSYoungGen      total 18944K, used 16384K [0x00000000feb00000, 0x0000000100000000, 0x0000000100000000)
  eden space 16384K, 100% used [0x00000000feb00000,0x00000000ffb00000,0x00000000ffb00000)
  from space 2560K, 0% used [0x00000000ffd80000,0x00000000ffd80000,0x0000000100000000)
  to   space 2560K, 0% used [0x00000000ffb00000,0x00000000ffb00000,0x00000000ffd80000)
 ParOldGen       total 44032K, used 0K [0x00000000fc000000, 0x00000000feb00000, 0x00000000feb00000)
  object space 44032K, 0% used [0x00000000fc000000,0x00000000fc000000,0x00000000feb00000)
 Metaspace       used 6609K, capacity 6744K, committed 7040K, reserved 1056768K
  class space    used 774K, capacity 824K, committed 896K, reserved 1048576K
Event: 1.198 GC heap after
Heap after GC invocations=1 (full 0):
 PSYoungGen      total 18944K, used 2537K [0x00000000feb00000, 0x0000000100000000, 0x0000000100000000)
  eden space 16384K, 0% used [0x00000000feb00000,0x00000000feb00000,0x00000000ffb00000)
  from space 2560K, 99% used [0x00000000ffb00000,0x00000000ffd7a620,0x00000000ffd80000)
  to   space 2560K, 0% used [0x00000000ffd80000,0x00000000ffd80000,0x0000000100000000)
 ParOldGen       total 44032K, used 1610K [0x00000000fc000000, 0x00000000feb00000, 0x00000000feb00000)
  object space 44032K, 3% used [0x00000000fc000000,0x00000000fc192820,0x00000000feb00000)
 Metaspace       used 6609K, capacity 6744K, committed 7040K, reserved 1056768K
  class space    used 774K, capacity 824K, committed 896K, reserved 1048576K
}
Event: 1.572 GC heap before
{Heap before GC invocations=2 (full 0):
 PSYoungGen      total 18944K, used 18921K [0x00000000feb00000, 0x0000000100000000, 0x0000000100000000)
  eden space 16384K, 100% used [0x00000000feb00000,0x00000000ffb00000,0x00000000ffb00000)
  from space 2560K, 99% used [0x00000000ffb00000,0x00000000ffd7a620,0x00000000ffd80000)
  to   space 2560K, 0% used [0x00000000ffd80000,0x00000000ffd80000,0x0000000100000000)
 ParOldGen       total 44032K, used 1610K [0x00000000fc000000, 0x00000000feb00000, 0x00000000feb00000)
  object space 44032K, 3% used [0x00000000fc000000,0x00000000fc192820,0x00000000feb00000)
 Metaspace       used 6934K, capacity 7114K, committed 7296K, reserved 1056768K
  class space    used 814K, capacity 861K, committed 896K, reserved 1048576K
Event: 1.591 GC heap after
Heap after GC invocations=2 (full 0):
 PSYoungGen      total 18944K, used 2547K [0x00000000feb00000, 0x0000000100000000, 0x0000000100000000)
  eden space 16384K, 0% used [0x00000000feb00000,0x00000000feb00000,0x00000000ffb00000)
  from space 2560K, 99% used [0x00000000ffd80000,0x00000000ffffce20,0x0000000100000000)
  to   space 2560K, 0% used [0x00000000ffb00000,0x00000000ffb00000,0x00000000ffd80000)
 ParOldGen       total 44032K, used 5927K [0x00000000fc000000, 0x00000000feb00000, 0x00000000feb00000)
  object space 44032K, 13% used [0x00000000fc000000,0x00000000fc5c9d08,0x00000000feb00000)
 Metaspace       used 6934K, capacity 7114K, committed 7296K, reserved 1056768K
  class space    used 814K, capacity 861K, committed 896K, reserved 1048576K
}
Event: 2.330 GC heap before
{Heap before GC invocations=3 (full 0):
 PSYoungGen      total 18944K, used 18931K [0x00000000feb00000, 0x0000000100000000, 0x0000000100000000)
  eden space 16384K, 100% used [0x00000000feb00000,0x00000000ffb00000,0x00000000ffb00000)
  from space 2560K, 99% used [0x00000000ffd80000,0x00000000ffffce20,0x0000000100000000)
  to   space 2560K, 0% used [0x00000000ffb00000,0x00000000ffb00000,0x00000000ffd80000)
 ParOldGen       total 44032K, used 5927K [0x00000000fc000000, 0x00000000feb00000, 0x00000000feb00000)
  object space 44032K, 13% used [0x00000000fc000000,0x00000000fc5c9d08,0x00000000feb00000)
 Metaspace       used 7687K, capacity 7850K, committed 7936K, reserved 1056768K
  class space    used 875K, capacity 957K, committed 1024K, reserved 1048576K
Event: 2.835 GC heap after
Heap after GC invocations=3 (full 0):
 PSYoungGen      total 18944K, used 2529K [0x00000000feb00000, 0x0000000100000000, 0x0000000100000000)
  eden space 16384K, 0% used [0x00000000feb00000,0x00000000feb00000,0x00000000ffb00000)
  from space 2560K, 98% used [0x00000000ffb00000,0x00000000ffd785c8,0x00000000ffd80000)
  to   space 2560K, 0% used [0x00000000ffd80000,0x00000000ffd80000,0x0000000100000000)
 ParOldGen       total 44032K, used 6989K [0x00000000fc000000, 0x00000000feb00000, 0x00000000feb00000)
  object space 44032K, 15% used [0x00000000fc000000,0x00000000fc6d3558,0x00000000feb00000)
 Metaspace       used 7687K, capacity 7850K, committed 7936K, reserved 1056768K
  class space    used 875K, capacity 957K, committed 1024K, reserved 1048576K
}

Deoptimization events (10 events):
Event: 3.657 Thread 0x0000000002fdd800 Uncommon trap: reason=class_check action=maybe_recompile pc=0x00000000035dd6bc method=org.objectweb.asm.tree.VarInsnNode.accept(Lorg/objectweb/asm/MethodVisitor;)V @ 9
Event: 3.657 Thread 0x0000000002fdd800 Uncommon trap: reason=class_check action=maybe_recompile pc=0x00000000035dd6bc method=org.objectweb.asm.tree.VarInsnNode.accept(Lorg/objectweb/asm/MethodVisitor;)V @ 9
Event: 3.657 Thread 0x0000000002fdd800 Uncommon trap: reason=class_check action=maybe_recompile pc=0x00000000035dd6bc method=org.objectweb.asm.tree.VarInsnNode.accept(Lorg/objectweb/asm/MethodVisitor;)V @ 9
Event: 3.664 Thread 0x0000000002fdd800 Uncommon trap: reason=unstable_if action=reinterpret pc=0x00000000035b4970 method=org.objectweb.asm.MethodWriter.visitFieldInsn(ILjava/lang/String;Ljava/lang/String;Ljava/lang/String;)V @ 171
Event: 3.685 Thread 0x0000000002fdd800 Uncommon trap: reason=class_check action=maybe_recompile pc=0x00000000035d0dd0 method=org.objectweb.asm.MethodVisitor.visitJumpInsn(ILorg/objectweb/asm/Label;)V @ 13
Event: 3.685 Thread 0x0000000002fdd800 Uncommon trap: reason=class_check action=maybe_recompile pc=0x00000000035d0dd0 method=org.objectweb.asm.MethodVisitor.visitJumpInsn(ILorg/objectweb/asm/Label;)V @ 13
Event: 3.685 Thread 0x0000000002fdd800 Uncommon trap: reason=class_check action=maybe_recompile pc=0x0000000003658f9c method=org.objectweb.asm.MethodVisitor.visitFrame(II[Ljava/lang/Object;I[Ljava/lang/Object;)V @ 18
Event: 3.685 Thread 0x0000000002fdd800 Uncommon trap: reason=class_check action=maybe_recompile pc=0x0000000003658f9c method=org.objectweb.asm.MethodVisitor.visitFrame(II[Ljava/lang/Object;I[Ljava/lang/Object;)V @ 18
Event: 3.699 Thread 0x0000000002fdd800 Uncommon trap: reason=class_check action=maybe_recompile pc=0x00000000035dd730 method=org.objectweb.asm.MethodVisitor.visitVarInsn(II)V @ 13
Event: 3.699 Thread 0x0000000002fdd800 Uncommon trap: reason=class_check action=maybe_recompile pc=0x00000000035c7160 method=org.objectweb.asm.MethodVisitor.visitVarInsn(II)V @ 13

Classes redefined (0 events):
No events

Internal exceptions (10 events):
Event: 1.835 Thread 0x0000000002fdd800 Exception <a 'sun/nio/fs/WindowsException'> (0x00000000febdac18) thrown at [D:\src\AOSP-openjdk-cygwin\jdk8u\hotspot\src\share\vm\prims\jni.cpp, line 709]
Event: 3.175 Thread 0x0000000002fdd800 Exception <a 'sun/nio/fs/WindowsException'> (0x00000000fec3f708) thrown at [D:\src\AOSP-openjdk-cygwin\jdk8u\hotspot\src\share\vm\prims\jni.cpp, line 709]
Event: 3.239 Thread 0x0000000002fdd800 Exception <a 'sun/nio/fs/WindowsException'> (0x00000000fec3fbe0) thrown at [D:\src\AOSP-openjdk-cygwin\jdk8u\hotspot\src\share\vm\prims\jni.cpp, line 709]
Event: 3.430 Thread 0x0000000002fdd800 Exception <a 'sun/nio/fs/WindowsException'> (0x00000000fec43098) thrown at [D:\src\AOSP-openjdk-cygwin\jdk8u\hotspot\src\share\vm\prims\jni.cpp, line 709]
Event: 3.441 Thread 0x0000000002fdd800 Exception <a 'sun/nio/fs/WindowsException'> (0x00000000fec43570) thrown at [D:\src\AOSP-openjdk-cygwin\jdk8u\hotspot\src\share\vm\prims\jni.cpp, line 709]
Event: 3.557 Thread 0x0000000002fdd800 Implicit null exception at 0x00000000035d34fa to 0x00000000035d6091
Event: 3.635 Thread 0x0000000002fdd800 Exception <a 'sun/nio/fs/WindowsException'> (0x00000000fedd8b18) thrown at [D:\src\AOSP-openjdk-cygwin\jdk8u\hotspot\src\share\vm\prims\jni.cpp, line 709]
Event: 3.635 Thread 0x0000000002fdd800 Exception <a 'sun/nio/fs/WindowsException'> (0x00000000fedd8ff0) thrown at [D:\src\AOSP-openjdk-cygwin\jdk8u\hotspot\src\share\vm\prims\jni.cpp, line 709]
Event: 3.640 Thread 0x0000000002fdd800 Exception <a 'sun/nio/fs/WindowsException'> (0x00000000feddc4a8) thrown at [D:\src\AOSP-openjdk-cygwin\jdk8u\hotspot\src\share\vm\prims\jni.cpp, line 709]
Event: 3.640 Thread 0x0000000002fdd800 Exception <a 'sun/nio/fs/WindowsException'> (0x00000000feddc980) thrown at [D:\src\AOSP-openjdk-cygwin\jdk8u\hotspot\src\share\vm\prims\jni.cpp, line 709]

Events (10 events):
Event: 3.685 Thread 0x0000000002fdd800 DEOPT UNPACKING pc=0x000000000322556a sp=0x00000000030dec10 mode 2
Event: 3.685 Thread 0x0000000002fdd800 Uncommon trap: trap_request=0xffffffde fr.pc=0x0000000003658f9c
Event: 3.685 Thread 0x0000000002fdd800 DEOPT PACKING pc=0x0000000003658f9c sp=0x00000000030decb0
Event: 3.685 Thread 0x0000000002fdd800 DEOPT UNPACKING pc=0x000000000322556a sp=0x00000000030dec10 mode 2
Event: 3.699 Thread 0x0000000002fdd800 Uncommon trap: trap_request=0xffffffde fr.pc=0x00000000035dd730
Event: 3.699 Thread 0x0000000002fdd800 DEOPT PACKING pc=0x00000000035dd730 sp=0x00000000030ded10
Event: 3.699 Thread 0x0000000002fdd800 DEOPT UNPACKING pc=0x000000000322556a sp=0x00000000030dec60 mode 2
Event: 3.699 Thread 0x0000000002fdd800 Uncommon trap: trap_request=0xffffffde fr.pc=0x00000000035c7160
Event: 3.699 Thread 0x0000000002fdd800 DEOPT PACKING pc=0x00000000035c7160 sp=0x00000000030dec80
Event: 3.699 Thread 0x0000000002fdd800 DEOPT UNPACKING pc=0x000000000322556a sp=0x00000000030dec48 mode 2


Dynamic libraries:
0x00007ff6199f0000 - 0x00007ff619a21000 	C:\Program Files\Android\Android Studio\jre\bin\java.exe
0x00007ff98de30000 - 0x00007ff98e011000 	C:\WINDOWS\SYSTEM32\ntdll.dll
0x00007ff98c160000 - 0x00007ff98c212000 	C:\WINDOWS\System32\KERNEL32.DLL
0x00007ff98a400000 - 0x00007ff98a673000 	C:\WINDOWS\System32\KERNELBASE.dll
0x00007ff98b860000 - 0x00007ff98b901000 	C:\WINDOWS\System32\ADVAPI32.dll
0x00007ff98bd20000 - 0x00007ff98bdbe000 	C:\WINDOWS\System32\msvcrt.dll
0x00007ff98b910000 - 0x00007ff98b96b000 	C:\WINDOWS\System32\sechost.dll
0x00007ff98b3b0000 - 0x00007ff98b4d4000 	C:\WINDOWS\System32\RPCRT4.dll
0x00007ff98b9f0000 - 0x00007ff98bb80000 	C:\WINDOWS\System32\USER32.dll
0x00007ff98b2a0000 - 0x00007ff98b2c0000 	C:\WINDOWS\System32\win32u.dll
0x00007ff98b380000 - 0x00007ff98b3a8000 	C:\WINDOWS\System32\GDI32.dll
0x00007ff98b060000 - 0x00007ff98b1f2000 	C:\WINDOWS\System32\gdi32full.dll
0x00007ff98b200000 - 0x00007ff98b29f000 	C:\WINDOWS\System32\msvcp_win.dll
0x00007ff98a300000 - 0x00007ff98a3fa000 	C:\WINDOWS\System32\ucrtbase.dll
0x00007ff97d610000 - 0x00007ff97d879000 	C:\WINDOWS\WinSxS\amd64_microsoft.windows.common-controls_6595b64144ccf1df_6.0.17134.48_none_b4b2216a3cb4dd3e\COMCTL32.dll
0x00007ff98bdd0000 - 0x00007ff98c0f3000 	C:\WINDOWS\System32\combase.dll
0x00007ff98adf0000 - 0x00007ff98ae6a000 	C:\WINDOWS\System32\bcryptPrimitives.dll
0x00007ff98b5c0000 - 0x00007ff98b5ed000 	C:\WINDOWS\System32\IMM32.DLL
0x000000005ca60000 - 0x000000005cb32000 	C:\Program Files\Android\Android Studio\jre\jre\bin\msvcr100.dll
0x000000005cb40000 - 0x000000005d37e000 	C:\Program Files\Android\Android Studio\jre\jre\bin\server\jvm.dll
0x00007ff98b5b0000 - 0x00007ff98b5b8000 	C:\WINDOWS\System32\PSAPI.DLL
0x00007ff985c60000 - 0x00007ff985c69000 	C:\WINDOWS\SYSTEM32\WSOCK32.dll
0x00007ff98b970000 - 0x00007ff98b9dc000 	C:\WINDOWS\System32\WS2_32.dll
0x00007ff987c20000 - 0x00007ff987c43000 	C:\WINDOWS\SYSTEM32\WINMM.dll
0x00007ff982480000 - 0x00007ff98248a000 	C:\WINDOWS\SYSTEM32\VERSION.dll
0x00007ff987620000 - 0x00007ff98764a000 	C:\WINDOWS\SYSTEM32\winmmbase.dll
0x00007ff98a2b0000 - 0x00007ff98a2f9000 	C:\WINDOWS\System32\cfgmgr32.dll
0x00007ff96ba40000 - 0x00007ff96ba4f000 	C:\Program Files\Android\Android Studio\jre\jre\bin\verify.dll
0x00007ff96ba10000 - 0x00007ff96ba39000 	C:\Program Files\Android\Android Studio\jre\jre\bin\java.dll
0x00007ff96b9f0000 - 0x00007ff96ba06000 	C:\Program Files\Android\Android Studio\jre\jre\bin\zip.dll
0x00007ff98c2a0000 - 0x00007ff98d6e0000 	C:\WINDOWS\System32\SHELL32.dll
0x00007ff98b4e0000 - 0x00007ff98b589000 	C:\WINDOWS\System32\shcore.dll
0x00007ff98a680000 - 0x00007ff98ad8d000 	C:\WINDOWS\System32\windows.storage.dll
0x00007ff98b320000 - 0x00007ff98b371000 	C:\WINDOWS\System32\shlwapi.dll
0x00007ff98a170000 - 0x00007ff98a181000 	C:\WINDOWS\System32\kernel.appcore.dll
0x00007ff98a190000 - 0x00007ff98a1af000 	C:\WINDOWS\System32\profapi.dll
0x00007ff98a1b0000 - 0x00007ff98a1fc000 	C:\WINDOWS\System32\powrprof.dll
0x00007ff98a160000 - 0x00007ff98a16a000 	C:\WINDOWS\System32\FLTLIB.DLL
0x00007ff989b70000 - 0x00007ff989b87000 	C:\WINDOWS\SYSTEM32\CRYPTSP.dll
0x00007ff9895a0000 - 0x00007ff9895d3000 	C:\WINDOWS\system32\rsaenh.dll
0x00007ff989ca0000 - 0x00007ff989cc5000 	C:\WINDOWS\SYSTEM32\bcrypt.dll
0x00007ff98a040000 - 0x00007ff98a068000 	C:\WINDOWS\SYSTEM32\USERENV.dll
0x00007ff989b90000 - 0x00007ff989b9b000 	C:\WINDOWS\SYSTEM32\CRYPTBASE.dll
0x00007ff96b9d0000 - 0x00007ff96b9ea000 	C:\Program Files\Android\Android Studio\jre\jre\bin\net.dll
0x00007ff9899c0000 - 0x00007ff989a26000 	C:\WINDOWS\system32\mswsock.dll
0x00007ff989740000 - 0x00007ff989778000 	C:\WINDOWS\SYSTEM32\IPHLPAPI.DLL
0x00007ff98bdc0000 - 0x00007ff98bdc8000 	C:\WINDOWS\System32\NSI.dll
0x00007ff982c80000 - 0x00007ff982c96000 	C:\WINDOWS\SYSTEM32\dhcpcsvc6.DLL
0x00007ff982c60000 - 0x00007ff982c7a000 	C:\WINDOWS\SYSTEM32\dhcpcsvc.DLL
0x00007ff967fc0000 - 0x00007ff967fd1000 	C:\Program Files\Android\Android Studio\jre\jre\bin\nio.dll

VM Arguments:
jvm_args: -Djava.awt.headless=true -Xmx64M -Dfile.encoding=x-windows-949 -Duser.country=KR -Duser.language=ko -Duser.variant 
java_command: com.google.devtools.build.android.desugar.Desugar @D:\test\app\build\intermediates\tmp\desugar_args6292432804632237662
java_class_path (initial): C:\Users\Goo\AppData\Local\Temp\desugar_deploy.jar3189730495422438638
Launcher Type: SUN_STANDARD

Environment Variables:
PATH=C:\ProgramData\Oracle\Java\javapath;C:\WINDOWS\system32;C:\WINDOWS;C:\WINDOWS\System32\Wbem;C:\WINDOWS\System32\WindowsPowerShell\v1.0\;C:\OpenSSL;;C:\WINDOWS\System32\OpenSSH\;C:\Users\Goo\AppData\Local\Microsoft\WindowsApps;
USERNAME=Goo
OS=Windows_NT
PROCESSOR_IDENTIFIER=Intel64 Family 6 Model 158 Stepping 9, GenuineIntel



---------------  S Y S T E M  ---------------

OS: Windows 10.0 , 64 bit Build 17134 (10.0.17134.1)

CPU:total 8 (initial active 8) (4 cores per cpu, 2 threads per core) family 6 model 158 stepping 9, cmov, cx8, fxsr, mmx, sse, sse2, sse3, ssse3, sse4.1, sse4.2, popcnt, avx, avx2, aes, clmul, erms, 3dnowpref, lzcnt, ht, tsc, tscinvbit, bmi1, bmi2, adx

Memory: 4k page, physical 16692940k(4659804k free), swap 16692940k(6164k free)

vm_info: OpenJDK 64-Bit Server VM (25.152-b01) for windows-amd64 JRE (1.8.0_152-release-915-b01), built by "builder" with MS VC++ 10.0 (VS2010)

time: Mon Jun 11 00:55:38 2018
elapsed time: 3 seconds (0d 0h 0m 3s)

