#
# There is insufficient memory for the Java Runtime Environment to continue.
# Native memory allocation (malloc) failed to allocate 32744 bytes for ChunkPool::allocate
# Possible reasons:
#   The system is out of physical RAM or swap space
#   In 32 bit mode, the process size limit was hit
# Possible solutions:
#   Reduce memory load on the system
#   Increase physical memory or swap space
#   Check if swap backing store is full
#   Use 64 bit Java on a 64 bit OS
#   Decrease Java heap size (-Xmx/-Xms)
#   Decrease number of Java threads
#   Decrease Java thread stack sizes (-Xss)
#   Set larger code cache with -XX:ReservedCodeCacheSize=
# This output file may be truncated or incomplete.
#
#  Out of Memory Error (allocation.cpp:273), pid=4408, tid=0x000000000000205c
#
# JRE version: OpenJDK Runtime Environment (8.0_152-b01) (build 1.8.0_152-release-915-b01)
# Java VM: OpenJDK 64-Bit Server VM (25.152-b01 mixed mode windows-amd64 compressed oops)
# Failed to write core dump. Minidumps are not enabled by default on client versions of Windows
#

---------------  T H R E A D  ---------------

Current thread (0x00000000153b6800):  JavaThread "C2 CompilerThread2" daemon [_thread_in_native, id=8284, stack(0x0000000015cb0000,0x0000000015db0000)]

Stack: [0x0000000015cb0000,0x0000000015db0000]
[error occurred during error reporting (printing stack bounds), id 0xc0000005]

Native frames: (J=compiled Java code, j=interpreted, Vv=VM code, C=native code)


Current CompileTask:
C2:   3174 1036       4       org.objectweb.asm.ByteVector::putInt (74 bytes)


---------------  P R O C E S S  ---------------

Java Threads: ( => current thread )
  0x0000000015406800 JavaThread "Service Thread" daemon [_thread_blocked, id=9544, stack(0x0000000015eb0000,0x0000000015fb0000)]
  0x000000001345d800 JavaThread "C1 CompilerThread3" daemon [_thread_in_vm, id=1668, stack(0x0000000015db0000,0x0000000015eb0000)]
=>0x00000000153b6800 JavaThread "C2 CompilerThread2" daemon [_thread_in_native, id=8284, stack(0x0000000015cb0000,0x0000000015db0000)]
  0x000000001345a800 JavaThread "C2 CompilerThread1" daemon [_thread_in_native, id=10112, stack(0x0000000015bb0000,0x0000000015cb0000)]
  0x000000001535b800 JavaThread "C2 CompilerThread0" daemon [_thread_in_native, id=1772, stack(0x0000000015ab0000,0x0000000015bb0000)]
  0x000000001535a000 JavaThread "Attach Listener" daemon [_thread_blocked, id=9572, stack(0x00000000159b0000,0x0000000015ab0000)]
  0x00000000153b0000 JavaThread "Signal Dispatcher" daemon [_thread_blocked, id=6644, stack(0x00000000158b0000,0x00000000159b0000)]
  0x0000000015340800 JavaThread "Finalizer" daemon [_thread_blocked, id=9604, stack(0x0000000015720000,0x0000000015820000)]
  0x0000000002c97000 JavaThread "Reference Handler" daemon [_thread_blocked, id=11608, stack(0x0000000015220000,0x0000000015320000)]
  0x0000000002a9d800 JavaThread "main" [_thread_in_native, id=12992, stack(0x0000000002aa0000,0x0000000002ba0000)]

Other Threads:
  0x0000000013445000 VMThread [stack: 0x0000000015120000,0x0000000015220000] [id=9888]
  0x0000000015407800 WatcherThread [stack: 0x0000000015fb0000,0x00000000160b0000] [id=13240]

VM state:not at safepoint (normal execution)

VM Mutex/Monitor currently owned by a thread: None

Heap:
 PSYoungGen      total 18944K, used 14463K [0x00000000feb00000, 0x0000000100000000, 0x0000000100000000)
  eden space 16384K, 72% used [0x00000000feb00000,0x00000000ff6a7478,0x00000000ffb00000)
  from space 2560K, 98% used [0x00000000ffd80000,0x00000000ffff8ac0,0x0000000100000000)
  to   space 2560K, 0% used [0x00000000ffb00000,0x00000000ffb00000,0x00000000ffd80000)
 ParOldGen       total 44032K, used 6316K [0x00000000fc000000, 0x00000000feb00000, 0x00000000feb00000)
  object space 44032K, 14% used [0x00000000fc000000,0x00000000fc62b170,0x00000000feb00000)
 Metaspace       used 7691K, capacity 7854K, committed 7936K, reserved 1056768K
  class space    used 877K, capacity 957K, committed 1024K, reserved 1048576K

Card table byte_map: [0x0000000002590000,0x00000000025c0000] byte_map_base: 0x0000000001db0000

Marking Bits: (ParMarkBitMap*) 0x00000000677e3950
 Begin Bits: [0x0000000012860000, 0x0000000012960000)
 End Bits:   [0x0000000012960000, 0x0000000012a60000)

Polling page: 0x0000000002560000

CodeCache: size=245760Kb used=3873Kb max_used=3874Kb free=241886Kb
 bounds [0x0000000002ca0000, 0x0000000003070000, 0x0000000011ca0000]
 total_blobs=1368 nmethods=1033 adapters=248
 compilation: enabled

Compilation events (10 events):
Event: 3.167 Thread 0x000000001345d800 1031       3       java.util.ArrayList::addAll (54 bytes)
Event: 3.167 Thread 0x000000001345d800 nmethod 1031 0x0000000003060bd0 code [0x0000000003060d80, 0x00000000030613e8]
Event: 3.168 Thread 0x000000001345d800 1032       3       java.util.Arrays$ArrayList::toArray (11 bytes)
Event: 3.168 Thread 0x000000001345d800 nmethod 1032 0x0000000003058f10 code [0x0000000003059080, 0x0000000003059388]
Event: 3.169 Thread 0x000000001345d800 1033       3       java.util.HashMap::entrySet (27 bytes)
Event: 3.170 Thread 0x000000001345d800 nmethod 1033 0x0000000003058810 code [0x00000000030589a0, 0x0000000003058d50]
Event: 3.170 Thread 0x000000001345d800 1034       3       java.util.HashMap$EntrySet::iterator (12 bytes)
Event: 3.170 Thread 0x000000001535b800 1035       4       org.objectweb.asm.MethodVisitor::visitLabel (16 bytes)
Event: 3.170 Thread 0x000000001345d800 nmethod 1034 0x0000000003066950 code [0x0000000003066ac0, 0x0000000003066d28]
Event: 3.171 Thread 0x00000000153b6800 1036       4       org.objectweb.asm.ByteVector::putInt (74 bytes)

GC Heap History (4 events):
Event: 0.961 GC heap before
{Heap before GC invocations=1 (full 0):
 PSYoungGen      total 18944K, used 16384K [0x00000000feb00000, 0x0000000100000000, 0x0000000100000000)
  eden space 16384K, 100% used [0x00000000feb00000,0x00000000ffb00000,0x00000000ffb00000)
  from space 2560K, 0% used [0x00000000ffd80000,0x00000000ffd80000,0x0000000100000000)
  to   space 2560K, 0% used [0x00000000ffb00000,0x00000000ffb00000,0x00000000ffd80000)
 ParOldGen       total 44032K, used 0K [0x00000000fc000000, 0x00000000feb00000, 0x00000000feb00000)
  object space 44032K, 0% used [0x00000000fc000000,0x00000000fc000000,0x00000000feb00000)
 Metaspace       used 6609K, capacity 6748K, committed 7040K, reserved 1056768K
  class space    used 773K, capacity 824K, committed 896K, reserved 1048576K
Event: 0.975 GC heap after
Heap after GC invocations=1 (full 0):
 PSYoungGen      total 18944K, used 2553K [0x00000000feb00000, 0x0000000100000000, 0x0000000100000000)
  eden space 16384K, 0% used [0x00000000feb00000,0x00000000feb00000,0x00000000ffb00000)
  from space 2560K, 99% used [0x00000000ffb00000,0x00000000ffd7e630,0x00000000ffd80000)
  to   space 2560K, 0% used [0x00000000ffd80000,0x00000000ffd80000,0x0000000100000000)
 ParOldGen       total 44032K, used 1599K [0x00000000fc000000, 0x00000000feb00000, 0x00000000feb00000)
  object space 44032K, 3% used [0x00000000fc000000,0x00000000fc18fc68,0x00000000feb00000)
 Metaspace       used 6609K, capacity 6748K, committed 7040K, reserved 1056768K
  class space    used 773K, capacity 824K, committed 896K, reserved 1048576K
}
Event: 1.353 GC heap before
{Heap before GC invocations=2 (full 0):
 PSYoungGen      total 18944K, used 18937K [0x00000000feb00000, 0x0000000100000000, 0x0000000100000000)
  eden space 16384K, 99% used [0x00000000feb00000,0x00000000ffaffff0,0x00000000ffb00000)
  from space 2560K, 99% used [0x00000000ffb00000,0x00000000ffd7e630,0x00000000ffd80000)
  to   space 2560K, 0% used [0x00000000ffd80000,0x00000000ffd80000,0x0000000100000000)
 ParOldGen       total 44032K, used 1599K [0x00000000fc000000, 0x00000000feb00000, 0x00000000feb00000)
  object space 44032K, 3% used [0x00000000fc000000,0x00000000fc18fc68,0x00000000feb00000)
 Metaspace       used 6966K, capacity 7118K, committed 7296K, reserved 1056768K
  class space    used 816K, capacity 861K, committed 896K, reserved 1048576K
Event: 1.378 GC heap after
Heap after GC invocations=2 (full 0):
 PSYoungGen      total 18944K, used 2530K [0x00000000feb00000, 0x0000000100000000, 0x0000000100000000)
  eden space 16384K, 0% used [0x00000000feb00000,0x00000000feb00000,0x00000000ffb00000)
  from space 2560K, 98% used [0x00000000ffd80000,0x00000000ffff8ac0,0x0000000100000000)
  to   space 2560K, 0% used [0x00000000ffb00000,0x00000000ffb00000,0x00000000ffd80000)
 ParOldGen       total 44032K, used 6316K [0x00000000fc000000, 0x00000000feb00000, 0x00000000feb00000)
  object space 44032K, 14% used [0x00000000fc000000,0x00000000fc62b170,0x00000000feb00000)
 Metaspace       used 6966K, capacity 7118K, committed 7296K, reserved 1056768K
  class space    used 816K, capacity 861K, committed 896K, reserved 1048576K
}

Deoptimization events (10 events):
Event: 0.926 Thread 0x0000000002a9d800 Uncommon trap: reason=unstable_if action=reinterpret pc=0x0000000002ed6c38 method=java.util.zip.ZipCoder.decoder()Ljava/nio/charset/CharsetDecoder; @ 4
Event: 0.927 Thread 0x0000000002a9d800 Uncommon trap: reason=unstable_if action=reinterpret pc=0x0000000002ecf8ac method=java.util.zip.ZipCoder.decoder()Ljava/nio/charset/CharsetDecoder; @ 4
Event: 1.011 Thread 0x0000000002a9d800 Uncommon trap: reason=unstable_if action=reinterpret pc=0x0000000002ed932c method=java.util.zip.ZipCoder.decoder()Ljava/nio/charset/CharsetDecoder; @ 4
Event: 1.012 Thread 0x0000000002a9d800 Uncommon trap: reason=unstable_if action=reinterpret pc=0x0000000002ecc258 method=java.util.zip.ZipCoder.decoder()Ljava/nio/charset/CharsetDecoder; @ 4
Event: 1.012 Thread 0x0000000002a9d800 Uncommon trap: reason=unstable_if action=reinterpret pc=0x0000000002ecac40 method=java.util.zip.ZipCoder.decoder()Ljava/nio/charset/CharsetDecoder; @ 4
Event: 1.020 Thread 0x0000000002a9d800 Uncommon trap: reason=unstable_if action=reinterpret pc=0x0000000002ee5b88 method=java.util.HashMap$HashIterator.nextNode()Ljava/util/HashMap$Node; @ 74
Event: 1.178 Thread 0x0000000002a9d800 Uncommon trap: reason=unstable_if action=reinterpret pc=0x0000000002ee6088 method=java.util.HashMap$HashIterator.nextNode()Ljava/util/HashMap$Node; @ 74
Event: 1.291 Thread 0x0000000002a9d800 Uncommon trap: reason=unloaded action=reinterpret pc=0x0000000002ec5e7c method=java.util.zip.ZipEntry.setExtra0([BZ)V @ 37
Event: 1.656 Thread 0x0000000002a9d800 Uncommon trap: reason=unstable_if action=reinterpret pc=0x0000000002fc13b4 method=java.lang.String.<init>([CII)V @ 18
Event: 1.839 Thread 0x0000000002a9d800 Uncommon trap: reason=unstable_if action=reinterpret pc=0x000000000300e5a8 method=java.io.BufferedOutputStream.write(I)V @ 9

Classes redefined (0 events):
No events

Internal exceptions (10 events):
Event: 1.858 Thread 0x0000000002a9d800 Exception <a 'sun/nio/fs/WindowsException'> (0x00000000ff383ba0) thrown at [D:\src\AOSP-openjdk-cygwin\jdk8u\hotspot\src\share\vm\prims\jni.cpp, line 709]
Event: 1.858 Thread 0x0000000002a9d800 Exception <a 'sun/nio/fs/WindowsException'> (0x00000000ff384078) thrown at [D:\src\AOSP-openjdk-cygwin\jdk8u\hotspot\src\share\vm\prims\jni.cpp, line 709]
Event: 1.944 Thread 0x0000000002a9d800 Exception <a 'sun/nio/fs/WindowsException'> (0x00000000ff3e2140) thrown at [D:\src\AOSP-openjdk-cygwin\jdk8u\hotspot\src\share\vm\prims\jni.cpp, line 709]
Event: 1.944 Thread 0x0000000002a9d800 Exception <a 'sun/nio/fs/WindowsException'> (0x00000000ff3e2618) thrown at [D:\src\AOSP-openjdk-cygwin\jdk8u\hotspot\src\share\vm\prims\jni.cpp, line 709]
Event: 1.979 Thread 0x0000000002a9d800 Exception <a 'sun/nio/fs/WindowsException'> (0x00000000ff3e5ad0) thrown at [D:\src\AOSP-openjdk-cygwin\jdk8u\hotspot\src\share\vm\prims\jni.cpp, line 709]
Event: 2.041 Thread 0x0000000002a9d800 Exception <a 'sun/nio/fs/WindowsException'> (0x00000000ff3e5fa8) thrown at [D:\src\AOSP-openjdk-cygwin\jdk8u\hotspot\src\share\vm\prims\jni.cpp, line 709]
Event: 3.021 Thread 0x0000000002a9d800 Exception <a 'sun/nio/fs/WindowsException'> (0x00000000ff55cd88) thrown at [D:\src\AOSP-openjdk-cygwin\jdk8u\hotspot\src\share\vm\prims\jni.cpp, line 709]
Event: 3.095 Thread 0x0000000002a9d800 Exception <a 'sun/nio/fs/WindowsException'> (0x00000000ff55d260) thrown at [D:\src\AOSP-openjdk-cygwin\jdk8u\hotspot\src\share\vm\prims\jni.cpp, line 709]
Event: 3.164 Thread 0x0000000002a9d800 Exception <a 'sun/nio/fs/WindowsException'> (0x00000000ff560718) thrown at [D:\src\AOSP-openjdk-cygwin\jdk8u\hotspot\src\share\vm\prims\jni.cpp, line 709]
Event: 3.164 Thread 0x0000000002a9d800 Exception <a 'sun/nio/fs/WindowsException'> (0x00000000ff560bf0) thrown at [D:\src\AOSP-openjdk-cygwin\jdk8u\hotspot\src\share\vm\prims\jni.cpp, line 709]

Events (10 events):
Event: 1.770 loading class com/google/devtools/build/android/desugar/AutoValue_FieldInfo done
Event: 1.772 loading class com/google/devtools/build/android/desugar/Java7Compatibility$InlineOneMethod
Event: 1.772 loading class com/google/devtools/build/android/desugar/Java7Compatibility$InlineOneMethod done
Event: 1.839 Thread 0x0000000002a9d800 Uncommon trap: trap_request=0xffffff65 fr.pc=0x000000000300e5a8
Event: 1.839 Thread 0x0000000002a9d800 DEOPT PACKING pc=0x000000000300e5a8 sp=0x0000000002b9eec0
Event: 1.839 Thread 0x0000000002a9d800 DEOPT UNPACKING pc=0x0000000002ce556a sp=0x0000000002b9ee70 mode 2
Event: 1.932 Executing VM operation: ForceSafepoint
Event: 1.932 Executing VM operation: ForceSafepoint done
Event: 2.492 loading class org/objectweb/asm/tree/LocalVariableNode
Event: 2.492 loading class org/objectweb/asm/tree/LocalVariableNode done


Dynamic libraries:
0x00007ff63c5e0000 - 0x00007ff63c611000 	C:\Program Files\Android\Android Studio\jre\bin\java.exe
0x00007ffba9340000 - 0x00007ffba9521000 	C:\WINDOWS\SYSTEM32\ntdll.dll
0x00007ffba6ca0000 - 0x00007ffba6d52000 	C:\WINDOWS\System32\KERNEL32.DLL
0x00007ffba6070000 - 0x00007ffba62e3000 	C:\WINDOWS\System32\KERNELBASE.dll
0x00007ffba9260000 - 0x00007ffba9301000 	C:\WINDOWS\System32\ADVAPI32.dll
0x00007ffba77b0000 - 0x00007ffba784e000 	C:\WINDOWS\System32\msvcrt.dll
0x00007ffba71b0000 - 0x00007ffba720b000 	C:\WINDOWS\System32\sechost.dll
0x00007ffba7580000 - 0x00007ffba76a4000 	C:\WINDOWS\System32\RPCRT4.dll
0x00007ffba7ac0000 - 0x00007ffba7c50000 	C:\WINDOWS\System32\USER32.dll
0x00007ffba5790000 - 0x00007ffba57b0000 	C:\WINDOWS\System32\win32u.dll
0x00007ffba67e0000 - 0x00007ffba6808000 	C:\WINDOWS\System32\GDI32.dll
0x00007ffba6530000 - 0x00007ffba66c2000 	C:\WINDOWS\System32\gdi32full.dll
0x00007ffba5fd0000 - 0x00007ffba606f000 	C:\WINDOWS\System32\msvcp_win.dll
0x00007ffba66d0000 - 0x00007ffba67ca000 	C:\WINDOWS\System32\ucrtbase.dll
0x00007ffb93ad0000 - 0x00007ffb93d39000 	C:\WINDOWS\WinSxS\amd64_microsoft.windows.common-controls_6595b64144ccf1df_6.0.17134.48_none_b4b2216a3cb4dd3e\COMCTL32.dll
0x00007ffba6810000 - 0x00007ffba6b33000 	C:\WINDOWS\System32\combase.dll
0x00007ffba5710000 - 0x00007ffba578a000 	C:\WINDOWS\System32\bcryptPrimitives.dll
0x00007ffba9090000 - 0x00007ffba90bd000 	C:\WINDOWS\System32\IMM32.DLL
0x0000000067b90000 - 0x0000000067c62000 	C:\Program Files\Android\Android Studio\jre\jre\bin\msvcr100.dll
0x0000000067020000 - 0x000000006785e000 	C:\Program Files\Android\Android Studio\jre\jre\bin\server\jvm.dll
0x00007ffba91d0000 - 0x00007ffba91d8000 	C:\WINDOWS\System32\PSAPI.DLL
0x00007ffba3f50000 - 0x00007ffba3f59000 	C:\WINDOWS\SYSTEM32\WSOCK32.dll
0x00007ffba7510000 - 0x00007ffba757c000 	C:\WINDOWS\System32\WS2_32.dll
0x00007ffb95780000 - 0x00007ffb957a3000 	C:\WINDOWS\SYSTEM32\WINMM.dll
0x00007ffb95570000 - 0x00007ffb9559a000 	C:\WINDOWS\SYSTEM32\winmmbase.dll
0x00007ffba64e0000 - 0x00007ffba6529000 	C:\WINDOWS\System32\cfgmgr32.dll
0x00007ffb9d7c0000 - 0x00007ffb9d7ca000 	C:\WINDOWS\SYSTEM32\VERSION.dll
0x00007ffba3a30000 - 0x00007ffba3a3f000 	C:\Program Files\Android\Android Studio\jre\jre\bin\verify.dll
0x00007ffba3a00000 - 0x00007ffba3a29000 	C:\Program Files\Android\Android Studio\jre\jre\bin\java.dll
0x00007ffba39e0000 - 0x00007ffba39f6000 	C:\Program Files\Android\Android Studio\jre\jre\bin\zip.dll
0x00007ffba7c50000 - 0x00007ffba9090000 	C:\WINDOWS\System32\SHELL32.dll
0x00007ffba9120000 - 0x00007ffba91c9000 	C:\WINDOWS\System32\shcore.dll
0x00007ffba58c0000 - 0x00007ffba5fcd000 	C:\WINDOWS\System32\windows.storage.dll
0x00007ffba90c0000 - 0x00007ffba9111000 	C:\WINDOWS\System32\shlwapi.dll
0x00007ffba5680000 - 0x00007ffba5691000 	C:\WINDOWS\System32\kernel.appcore.dll
0x00007ffba56f0000 - 0x00007ffba570f000 	C:\WINDOWS\System32\profapi.dll
0x00007ffba56a0000 - 0x00007ffba56ec000 	C:\WINDOWS\System32\powrprof.dll
0x00007ffba5650000 - 0x00007ffba565a000 	C:\WINDOWS\System32\FLTLIB.DLL
0x00007ffba5080000 - 0x00007ffba5097000 	C:\WINDOWS\SYSTEM32\CRYPTSP.dll
0x00007ffba4ab0000 - 0x00007ffba4ae3000 	C:\WINDOWS\system32\rsaenh.dll
0x00007ffba51b0000 - 0x00007ffba51d5000 	C:\WINDOWS\SYSTEM32\bcrypt.dll
0x00007ffba5580000 - 0x00007ffba55a8000 	C:\WINDOWS\SYSTEM32\USERENV.dll
0x00007ffba50a0000 - 0x00007ffba50ab000 	C:\WINDOWS\SYSTEM32\CRYPTBASE.dll
0x00007ffb9e480000 - 0x00007ffb9e49a000 	C:\Program Files\Android\Android Studio\jre\jre\bin\net.dll
0x00007ffba4ed0000 - 0x00007ffba4f36000 	C:\WINDOWS\system32\mswsock.dll
0x00007ffba4c50000 - 0x00007ffba4c88000 	C:\WINDOWS\SYSTEM32\IPHLPAPI.DLL
0x00007ffba7430000 - 0x00007ffba7438000 	C:\WINDOWS\System32\NSI.dll
0x00007ffb9a1f0000 - 0x00007ffb9a206000 	C:\WINDOWS\SYSTEM32\dhcpcsvc6.DLL
0x00007ffb9a120000 - 0x00007ffb9a13a000 	C:\WINDOWS\SYSTEM32\dhcpcsvc.DLL
0x00007ffb9d7f0000 - 0x00007ffb9d801000 	C:\Program Files\Android\Android Studio\jre\jre\bin\nio.dll

VM Arguments:
jvm_args: -Djava.awt.headless=true -Xmx64M -Dfile.encoding=x-windows-949 -Duser.country=KR -Duser.language=ko -Duser.variant 
java_command: com.google.devtools.build.android.desugar.Desugar @D:\test\app\build\intermediates\tmp\desugar_args5495510561394791992
java_class_path (initial): C:\Users\Goo\AppData\Local\Temp\desugar_deploy.jar2362919477290886928
Launcher Type: SUN_STANDARD

Environment Variables:
PATH=C:\ProgramData\Oracle\Java\javapath;C:\WINDOWS\system32;C:\WINDOWS;C:\WINDOWS\System32\Wbem;C:\WINDOWS\System32\WindowsPowerShell\v1.0\;C:\OpenSSL;;C:\WINDOWS\System32\OpenSSH\;C:\Users\Goo\AppData\Local\Microsoft\WindowsApps;
USERNAME=Goo
OS=Windows_NT
PROCESSOR_IDENTIFIER=Intel64 Family 6 Model 158 Stepping 9, GenuineIntel



---------------  S Y S T E M  ---------------

OS: Windows 10.0 , 64 bit Build 17134 (10.0.17134.1)

CPU:total 8 (initial active 8) (4 cores per cpu, 2 threads per core) family 6 model 158 stepping 9, cmov, cx8, fxsr, mmx, sse, sse2, sse3, ssse3, sse4.1, sse4.2, popcnt, avx, avx2, aes, clmul, erms, 3dnowpref, lzcnt, ht, tsc, tscinvbit, bmi1, bmi2, adx

Memory: 4k page, physical 16692940k(4064908k free), swap 16692940k(424k free)

vm_info: OpenJDK 64-Bit Server VM (25.152-b01) for windows-amd64 JRE (1.8.0_152-release-915-b01), built by "builder" with MS VC++ 10.0 (VS2010)

time: Wed May 23 02:04:39 2018
elapsed time: 3 seconds (0d 0h 0m 3s)

