#
# There is insufficient memory for the Java Runtime Environment to continue.
# Native memory allocation (malloc) failed to allocate 761744 bytes for Chunk::new
# Possible reasons:
#   The system is out of physical RAM or swap space
#   In 32 bit mode, the process size limit was hit
# Possible solutions:
#   Reduce memory load on the system
#   Increase physical memory or swap space
#   Check if swap backing store is full
#   Use 64 bit Java on a 64 bit OS
#   Decrease Java heap size (-Xmx/-Xms)
#   Decrease number of Java threads
#   Decrease Java thread stack sizes (-Xss)
#   Set larger code cache with -XX:ReservedCodeCacheSize=
# This output file may be truncated or incomplete.
#
#  Out of Memory Error (allocation.cpp:390), pid=10232, tid=0x0000000000002368
#
# JRE version: OpenJDK Runtime Environment (8.0_152-b01) (build 1.8.0_152-release-915-b01)
# Java VM: OpenJDK 64-Bit Server VM (25.152-b01 mixed mode windows-amd64 compressed oops)
# Failed to write core dump. Minidumps are not enabled by default on client versions of Windows
#

---------------  T H R E A D  ---------------

Current thread (0x00000000136ec000):  JavaThread "C2 CompilerThread1" daemon [_thread_in_native, id=9064, stack(0x0000000015e40000,0x0000000015f40000)]

Stack: [0x0000000015e40000,0x0000000015f40000]
[error occurred during error reporting (printing stack bounds), id 0xc0000005]

Native frames: (J=compiled Java code, j=interpreted, Vv=VM code, C=native code)


Current CompileTask:
C2:   2209  929       4       org.objectweb.asm.ClassReader::a (3587 bytes)


---------------  P R O C E S S  ---------------

Java Threads: ( => current thread )
  0x000000001564d800 JavaThread "Service Thread" daemon [_thread_blocked, id=6908, stack(0x0000000016140000,0x0000000016240000)]
  0x0000000015647000 JavaThread "C1 CompilerThread3" daemon [_thread_blocked, id=1980, stack(0x0000000016040000,0x0000000016140000)]
  0x0000000015643000 JavaThread "C2 CompilerThread2" daemon [_thread_blocked, id=12816, stack(0x0000000015f40000,0x0000000016040000)]
=>0x00000000136ec000 JavaThread "C2 CompilerThread1" daemon [_thread_in_native, id=9064, stack(0x0000000015e40000,0x0000000015f40000)]
  0x0000000015640800 JavaThread "C2 CompilerThread0" daemon [_thread_blocked, id=4588, stack(0x0000000015d40000,0x0000000015e40000)]
  0x000000001563f000 JavaThread "Attach Listener" daemon [_thread_blocked, id=6476, stack(0x0000000015c40000,0x0000000015d40000)]
  0x00000000155eb800 JavaThread "Signal Dispatcher" daemon [_thread_blocked, id=10020, stack(0x0000000015b40000,0x0000000015c40000)]
  0x0000000002f2e000 JavaThread "Finalizer" daemon [_thread_blocked, id=10584, stack(0x00000000159b0000,0x0000000015ab0000)]
  0x0000000002f27000 JavaThread "Reference Handler" daemon [_thread_blocked, id=3120, stack(0x00000000154b0000,0x00000000155b0000)]
  0x0000000002d2d800 JavaThread "main" [_thread_in_native, id=7076, stack(0x0000000002d30000,0x0000000002e30000)]

Other Threads:
  0x00000000136d5800 VMThread [stack: 0x00000000153b0000,0x00000000154b0000] [id=1840]
  0x000000001566e800 WatcherThread [stack: 0x0000000016240000,0x0000000016340000] [id=5548]

VM state:not at safepoint (normal execution)

VM Mutex/Monitor currently owned by a thread: None

Heap:
 PSYoungGen      total 18944K, used 7696K [0x00000000feb00000, 0x0000000100000000, 0x0000000100000000)
  eden space 16384K, 31% used [0x00000000feb00000,0x00000000ff0078b0,0x00000000ffb00000)
  from space 2560K, 99% used [0x00000000ffd80000,0x00000000ffffcae0,0x0000000100000000)
  to   space 2560K, 0% used [0x00000000ffb00000,0x00000000ffb00000,0x00000000ffd80000)
 ParOldGen       total 44032K, used 6256K [0x00000000fc000000, 0x00000000feb00000, 0x00000000feb00000)
  object space 44032K, 14% used [0x00000000fc000000,0x00000000fc61c048,0x00000000feb00000)
 Metaspace       used 7584K, capacity 7714K, committed 7936K, reserved 1056768K
  class space    used 875K, capacity 957K, committed 1024K, reserved 1048576K

Card table byte_map: [0x0000000002c50000,0x0000000002c80000] byte_map_base: 0x0000000002470000

Marking Bits: (ParMarkBitMap*) 0x00000000677e3950
 Begin Bits: [0x0000000012af0000, 0x0000000012bf0000)
 End Bits:   [0x0000000012bf0000, 0x0000000012cf0000)

Polling page: 0x0000000000bc0000

CodeCache: size=245760Kb used=3434Kb max_used=3445Kb free=242325Kb
 bounds [0x0000000002f30000, 0x00000000032a0000, 0x0000000011f30000]
 total_blobs=1274 nmethods=940 adapters=248
 compilation: enabled

Compilation events (10 events):
Event: 2.091 Thread 0x0000000015643000  937  s    4       java.io.BufferedOutputStream::write (35 bytes)
Event: 2.092 Thread 0x0000000015643000 nmethod 937 0x0000000003289c10 code [0x0000000003289d60, 0x0000000003289fd8]
Event: 2.093 Thread 0x0000000015647000  938  s    3       java.io.BufferedOutputStream::write (67 bytes)
Event: 2.093 Thread 0x0000000015647000 nmethod 938 0x000000000328de50 code [0x000000000328e020, 0x000000000328e878]
Event: 2.093 Thread 0x0000000015647000  939  s    3       java.io.BufferedOutputStream::write (35 bytes)
Event: 2.093 Thread 0x0000000015640800  940       4       sun.nio.cs.UTF_8$Encoder::encode (359 bytes)
Event: 2.093 Thread 0x0000000015647000 nmethod 939 0x00000000032893d0 code [0x0000000003289560, 0x0000000003289a28]
Event: 2.096 Thread 0x0000000015640800 nmethod 940 0x000000000328c450 code [0x000000000328c5a0, 0x000000000328c7f8]
Event: 2.097 Thread 0x0000000015647000  941       3       java.util.Vector::elementData (7 bytes)
Event: 2.097 Thread 0x0000000015647000 nmethod 941 0x000000000328c090 code [0x000000000328c1e0, 0x000000000328c350]

GC Heap History (4 events):
Event: 1.007 GC heap before
{Heap before GC invocations=1 (full 0):
 PSYoungGen      total 18944K, used 16384K [0x00000000feb00000, 0x0000000100000000, 0x0000000100000000)
  eden space 16384K, 100% used [0x00000000feb00000,0x00000000ffb00000,0x00000000ffb00000)
  from space 2560K, 0% used [0x00000000ffd80000,0x00000000ffd80000,0x0000000100000000)
  to   space 2560K, 0% used [0x00000000ffb00000,0x00000000ffb00000,0x00000000ffd80000)
 ParOldGen       total 44032K, used 0K [0x00000000fc000000, 0x00000000feb00000, 0x00000000feb00000)
  object space 44032K, 0% used [0x00000000fc000000,0x00000000fc000000,0x00000000feb00000)
 Metaspace       used 6616K, capacity 6736K, committed 7040K, reserved 1056768K
  class space    used 773K, capacity 824K, committed 896K, reserved 1048576K
Event: 1.086 GC heap after
Heap after GC invocations=1 (full 0):
 PSYoungGen      total 18944K, used 2537K [0x00000000feb00000, 0x0000000100000000, 0x0000000100000000)
  eden space 16384K, 0% used [0x00000000feb00000,0x00000000feb00000,0x00000000ffb00000)
  from space 2560K, 99% used [0x00000000ffb00000,0x00000000ffd7a620,0x00000000ffd80000)
  to   space 2560K, 0% used [0x00000000ffd80000,0x00000000ffd80000,0x0000000100000000)
 ParOldGen       total 44032K, used 1634K [0x00000000fc000000, 0x00000000feb00000, 0x00000000feb00000)
  object space 44032K, 3% used [0x00000000fc000000,0x00000000fc198b50,0x00000000feb00000)
 Metaspace       used 6616K, capacity 6736K, committed 7040K, reserved 1056768K
  class space    used 773K, capacity 824K, committed 896K, reserved 1048576K
}
Event: 1.538 GC heap before
{Heap before GC invocations=2 (full 0):
 PSYoungGen      total 18944K, used 18921K [0x00000000feb00000, 0x0000000100000000, 0x0000000100000000)
  eden space 16384K, 99% used [0x00000000feb00000,0x00000000ffaffff0,0x00000000ffb00000)
  from space 2560K, 99% used [0x00000000ffb00000,0x00000000ffd7a620,0x00000000ffd80000)
  to   space 2560K, 0% used [0x00000000ffd80000,0x00000000ffd80000,0x0000000100000000)
 ParOldGen       total 44032K, used 1634K [0x00000000fc000000, 0x00000000feb00000, 0x00000000feb00000)
  object space 44032K, 3% used [0x00000000fc000000,0x00000000fc198b50,0x00000000feb00000)
 Metaspace       used 6970K, capacity 7106K, committed 7296K, reserved 1056768K
  class space    used 816K, capacity 861K, committed 896K, reserved 1048576K
Event: 1.551 GC heap after
Heap after GC invocations=2 (full 0):
 PSYoungGen      total 18944K, used 2546K [0x00000000feb00000, 0x0000000100000000, 0x0000000100000000)
  eden space 16384K, 0% used [0x00000000feb00000,0x00000000feb00000,0x00000000ffb00000)
  from space 2560K, 99% used [0x00000000ffd80000,0x00000000ffffcae0,0x0000000100000000)
  to   space 2560K, 0% used [0x00000000ffb00000,0x00000000ffb00000,0x00000000ffd80000)
 ParOldGen       total 44032K, used 6256K [0x00000000fc000000, 0x00000000feb00000, 0x00000000feb00000)
  object space 44032K, 14% used [0x00000000fc000000,0x00000000fc61c048,0x00000000feb00000)
 Metaspace       used 6970K, capacity 7106K, committed 7296K, reserved 1056768K
  class space    used 816K, capacity 861K, committed 896K, reserved 1048576K
}

Deoptimization events (10 events):
Event: 0.982 Thread 0x0000000002d2d800 Uncommon trap: reason=unstable_if action=reinterpret pc=0x0000000003163740 method=java.util.zip.ZipCoder.decoder()Ljava/nio/charset/CharsetDecoder; @ 4
Event: 1.109 Thread 0x0000000002d2d800 Uncommon trap: reason=unstable_if action=reinterpret pc=0x0000000003175a40 method=java.util.zip.ZipCoder.decoder()Ljava/nio/charset/CharsetDecoder; @ 4
Event: 1.109 Thread 0x0000000002d2d800 Uncommon trap: reason=unstable_if action=reinterpret pc=0x0000000003170e38 method=java.util.zip.ZipCoder.decoder()Ljava/nio/charset/CharsetDecoder; @ 4
Event: 1.110 Thread 0x0000000002d2d800 Uncommon trap: reason=unstable_if action=reinterpret pc=0x000000000317352c method=java.util.zip.ZipCoder.decoder()Ljava/nio/charset/CharsetDecoder; @ 4
Event: 1.120 Thread 0x0000000002d2d800 Uncommon trap: reason=unstable_if action=reinterpret pc=0x0000000003183e08 method=java.util.HashMap$HashIterator.nextNode()Ljava/util/HashMap$Node; @ 74
Event: 1.294 Thread 0x0000000002d2d800 Uncommon trap: reason=unstable_if action=reinterpret pc=0x0000000003184308 method=java.util.HashMap$HashIterator.nextNode()Ljava/util/HashMap$Node; @ 74
Event: 1.474 Thread 0x0000000002d2d800 Uncommon trap: reason=unloaded action=reinterpret pc=0x000000000316277c method=java.util.zip.ZipEntry.setExtra0([BZ)V @ 37
Event: 1.886 Thread 0x0000000002d2d800 Uncommon trap: reason=unstable_if action=reinterpret pc=0x00000000032115d8 method=java.lang.String.<init>([CII)V @ 18
Event: 1.956 Thread 0x0000000002d2d800 Uncommon trap: reason=unstable_if action=reinterpret pc=0x0000000003241d14 method=org.objectweb.asm.ClassReader.readUTF8(I[C)Ljava/lang/String; @ 7
Event: 2.093 Thread 0x0000000002d2d800 Uncommon trap: reason=unstable_if action=reinterpret pc=0x0000000003289fa8 method=java.io.BufferedOutputStream.write(I)V @ 9

Classes redefined (0 events):
No events

Internal exceptions (10 events):
Event: 1.278 Thread 0x0000000002d2d800 Exception <a 'sun/nio/fs/WindowsException'> (0x00000000ff205788) thrown at [D:\src\AOSP-openjdk-cygwin\jdk8u\hotspot\src\share\vm\prims\jni.cpp, line 709]
Event: 1.310 Thread 0x0000000002d2d800 Exception <a 'sun/nio/fs/WindowsException'> (0x00000000ff20aac8) thrown at [D:\src\AOSP-openjdk-cygwin\jdk8u\hotspot\src\share\vm\prims\jni.cpp, line 709]
Event: 1.555 Thread 0x0000000002d2d800 Exception <a 'sun/nio/fs/WindowsException'> (0x00000000feb3d610) thrown at [D:\src\AOSP-openjdk-cygwin\jdk8u\hotspot\src\share\vm\prims\jni.cpp, line 709]
Event: 1.556 Thread 0x0000000002d2d800 Exception <a 'sun/nio/fs/WindowsException'> (0x00000000feb3db68) thrown at [D:\src\AOSP-openjdk-cygwin\jdk8u\hotspot\src\share\vm\prims\jni.cpp, line 709]
Event: 1.619 Thread 0x0000000002d2d800 Exception <a 'sun/nio/fs/WindowsException'> (0x00000000feb49358) thrown at [D:\src\AOSP-openjdk-cygwin\jdk8u\hotspot\src\share\vm\prims\jni.cpp, line 709]
Event: 1.619 Thread 0x0000000002d2d800 Exception <a 'sun/nio/fs/WindowsException'> (0x00000000feb49830) thrown at [D:\src\AOSP-openjdk-cygwin\jdk8u\hotspot\src\share\vm\prims\jni.cpp, line 709]
Event: 1.658 Thread 0x0000000002d2d800 Exception <a 'sun/nio/fs/WindowsException'> (0x00000000feb4cce8) thrown at [D:\src\AOSP-openjdk-cygwin\jdk8u\hotspot\src\share\vm\prims\jni.cpp, line 709]
Event: 1.658 Thread 0x0000000002d2d800 Exception <a 'sun/nio/fs/WindowsException'> (0x00000000feb4d1c0) thrown at [D:\src\AOSP-openjdk-cygwin\jdk8u\hotspot\src\share\vm\prims\jni.cpp, line 709]
Event: 1.683 Thread 0x0000000002d2d800 Exception <a 'sun/nio/fs/WindowsException'> (0x00000000feb50660) thrown at [D:\src\AOSP-openjdk-cygwin\jdk8u\hotspot\src\share\vm\prims\jni.cpp, line 709]
Event: 1.683 Thread 0x0000000002d2d800 Exception <a 'sun/nio/fs/WindowsException'> (0x00000000feb50b38) thrown at [D:\src\AOSP-openjdk-cygwin\jdk8u\hotspot\src\share\vm\prims\jni.cpp, line 709]

Events (10 events):
Event: 1.952 loading class org/objectweb/asm/Handler
Event: 1.952 loading class org/objectweb/asm/Handler done
Event: 1.956 Thread 0x0000000002d2d800 Uncommon trap: trap_request=0xffffff65 fr.pc=0x0000000003241d14
Event: 1.956 Thread 0x0000000002d2d800 DEOPT PACKING pc=0x0000000003241d14 sp=0x0000000002e2eba0
Event: 1.956 Thread 0x0000000002d2d800 DEOPT UNPACKING pc=0x0000000002f7556a sp=0x0000000002e2eb70 mode 2
Event: 2.093 Thread 0x0000000002d2d800 Uncommon trap: trap_request=0xffffff65 fr.pc=0x0000000003289fa8
Event: 2.093 Thread 0x0000000002d2d800 DEOPT PACKING pc=0x0000000003289fa8 sp=0x0000000002e2f070
Event: 2.093 Thread 0x0000000002d2d800 DEOPT UNPACKING pc=0x0000000002f7556a sp=0x0000000002e2f020 mode 2
Event: 2.093 Thread 0x0000000002d2d800 DEOPT PACKING pc=0x0000000003098e87 sp=0x0000000002e2ef30
Event: 2.093 Thread 0x0000000002d2d800 DEOPT UNPACKING pc=0x0000000002f775bf sp=0x0000000002e2ec60 mode 0


Dynamic libraries:
0x00007ff63c5e0000 - 0x00007ff63c611000 	C:\Program Files\Android\Android Studio\jre\bin\java.exe
0x00007ffba9340000 - 0x00007ffba9521000 	C:\WINDOWS\SYSTEM32\ntdll.dll
0x00007ffba6ca0000 - 0x00007ffba6d52000 	C:\WINDOWS\System32\KERNEL32.DLL
0x00007ffba6070000 - 0x00007ffba62e3000 	C:\WINDOWS\System32\KERNELBASE.dll
0x00007ffba9260000 - 0x00007ffba9301000 	C:\WINDOWS\System32\ADVAPI32.dll
0x00007ffba77b0000 - 0x00007ffba784e000 	C:\WINDOWS\System32\msvcrt.dll
0x00007ffba71b0000 - 0x00007ffba720b000 	C:\WINDOWS\System32\sechost.dll
0x00007ffba7580000 - 0x00007ffba76a4000 	C:\WINDOWS\System32\RPCRT4.dll
0x00007ffba7ac0000 - 0x00007ffba7c50000 	C:\WINDOWS\System32\USER32.dll
0x00007ffba5790000 - 0x00007ffba57b0000 	C:\WINDOWS\System32\win32u.dll
0x00007ffba67e0000 - 0x00007ffba6808000 	C:\WINDOWS\System32\GDI32.dll
0x00007ffba6530000 - 0x00007ffba66c2000 	C:\WINDOWS\System32\gdi32full.dll
0x00007ffba5fd0000 - 0x00007ffba606f000 	C:\WINDOWS\System32\msvcp_win.dll
0x00007ffba66d0000 - 0x00007ffba67ca000 	C:\WINDOWS\System32\ucrtbase.dll
0x00007ffb93ad0000 - 0x00007ffb93d39000 	C:\WINDOWS\WinSxS\amd64_microsoft.windows.common-controls_6595b64144ccf1df_6.0.17134.48_none_b4b2216a3cb4dd3e\COMCTL32.dll
0x00007ffba6810000 - 0x00007ffba6b33000 	C:\WINDOWS\System32\combase.dll
0x00007ffba5710000 - 0x00007ffba578a000 	C:\WINDOWS\System32\bcryptPrimitives.dll
0x00007ffba9090000 - 0x00007ffba90bd000 	C:\WINDOWS\System32\IMM32.DLL
0x0000000067b90000 - 0x0000000067c62000 	C:\Program Files\Android\Android Studio\jre\jre\bin\msvcr100.dll
0x0000000067020000 - 0x000000006785e000 	C:\Program Files\Android\Android Studio\jre\jre\bin\server\jvm.dll
0x00007ffba91d0000 - 0x00007ffba91d8000 	C:\WINDOWS\System32\PSAPI.DLL
0x00007ffb9d7c0000 - 0x00007ffb9d7ca000 	C:\WINDOWS\SYSTEM32\VERSION.dll
0x00007ffba3f50000 - 0x00007ffba3f59000 	C:\WINDOWS\SYSTEM32\WSOCK32.dll
0x00007ffb95780000 - 0x00007ffb957a3000 	C:\WINDOWS\SYSTEM32\WINMM.dll
0x00007ffba7510000 - 0x00007ffba757c000 	C:\WINDOWS\System32\WS2_32.dll
0x00007ffb95570000 - 0x00007ffb9559a000 	C:\WINDOWS\SYSTEM32\WINMMBASE.dll
0x00007ffba64e0000 - 0x00007ffba6529000 	C:\WINDOWS\System32\cfgmgr32.dll
0x00007ffba3a30000 - 0x00007ffba3a3f000 	C:\Program Files\Android\Android Studio\jre\jre\bin\verify.dll
0x00007ffba3a00000 - 0x00007ffba3a29000 	C:\Program Files\Android\Android Studio\jre\jre\bin\java.dll
0x00007ffba39e0000 - 0x00007ffba39f6000 	C:\Program Files\Android\Android Studio\jre\jre\bin\zip.dll
0x00007ffba7c50000 - 0x00007ffba9090000 	C:\WINDOWS\System32\SHELL32.dll
0x00007ffba9120000 - 0x00007ffba91c9000 	C:\WINDOWS\System32\shcore.dll
0x00007ffba58c0000 - 0x00007ffba5fcd000 	C:\WINDOWS\System32\windows.storage.dll
0x00007ffba90c0000 - 0x00007ffba9111000 	C:\WINDOWS\System32\shlwapi.dll
0x00007ffba5680000 - 0x00007ffba5691000 	C:\WINDOWS\System32\kernel.appcore.dll
0x00007ffba56f0000 - 0x00007ffba570f000 	C:\WINDOWS\System32\profapi.dll
0x00007ffba56a0000 - 0x00007ffba56ec000 	C:\WINDOWS\System32\powrprof.dll
0x00007ffba5650000 - 0x00007ffba565a000 	C:\WINDOWS\System32\FLTLIB.DLL
0x00007ffba5080000 - 0x00007ffba5097000 	C:\WINDOWS\SYSTEM32\CRYPTSP.dll
0x00007ffba4ab0000 - 0x00007ffba4ae3000 	C:\WINDOWS\system32\rsaenh.dll
0x00007ffba51b0000 - 0x00007ffba51d5000 	C:\WINDOWS\SYSTEM32\bcrypt.dll
0x00007ffba5580000 - 0x00007ffba55a8000 	C:\WINDOWS\SYSTEM32\USERENV.dll
0x00007ffba50a0000 - 0x00007ffba50ab000 	C:\WINDOWS\SYSTEM32\CRYPTBASE.dll
0x00007ffb9e480000 - 0x00007ffb9e49a000 	C:\Program Files\Android\Android Studio\jre\jre\bin\net.dll
0x00007ffba4ed0000 - 0x00007ffba4f36000 	C:\WINDOWS\system32\mswsock.dll
0x00007ffba4c50000 - 0x00007ffba4c88000 	C:\WINDOWS\SYSTEM32\IPHLPAPI.DLL
0x00007ffba7430000 - 0x00007ffba7438000 	C:\WINDOWS\System32\NSI.dll
0x00007ffb9a1f0000 - 0x00007ffb9a206000 	C:\WINDOWS\SYSTEM32\dhcpcsvc6.DLL
0x00007ffb9a120000 - 0x00007ffb9a13a000 	C:\WINDOWS\SYSTEM32\dhcpcsvc.DLL
0x00007ffb9d7f0000 - 0x00007ffb9d801000 	C:\Program Files\Android\Android Studio\jre\jre\bin\nio.dll

VM Arguments:
jvm_args: -Djava.awt.headless=true -Xmx64M -Dfile.encoding=x-windows-949 -Duser.country=KR -Duser.language=ko -Duser.variant 
java_command: com.google.devtools.build.android.desugar.Desugar @D:\test\app\build\intermediates\tmp\desugar_args6469318710917448601
java_class_path (initial): C:\Users\Goo\AppData\Local\Temp\desugar_deploy.jar2362919477290886928
Launcher Type: SUN_STANDARD

Environment Variables:
PATH=C:\ProgramData\Oracle\Java\javapath;C:\WINDOWS\system32;C:\WINDOWS;C:\WINDOWS\System32\Wbem;C:\WINDOWS\System32\WindowsPowerShell\v1.0\;C:\OpenSSL;;C:\WINDOWS\System32\OpenSSH\;C:\Users\Goo\AppData\Local\Microsoft\WindowsApps;
USERNAME=Goo
OS=Windows_NT
PROCESSOR_IDENTIFIER=Intel64 Family 6 Model 158 Stepping 9, GenuineIntel



---------------  S Y S T E M  ---------------

OS: Windows 10.0 , 64 bit Build 17134 (10.0.17134.1)

CPU:total 8 (initial active 8) (4 cores per cpu, 2 threads per core) family 6 model 158 stepping 9, cmov, cx8, fxsr, mmx, sse, sse2, sse3, ssse3, sse4.1, sse4.2, popcnt, avx, avx2, aes, clmul, erms, 3dnowpref, lzcnt, ht, tsc, tscinvbit, bmi1, bmi2, adx

Memory: 4k page, physical 16692940k(3929688k free), swap 16692940k(3388k free)

vm_info: OpenJDK 64-Bit Server VM (25.152-b01) for windows-amd64 JRE (1.8.0_152-release-915-b01), built by "builder" with MS VC++ 10.0 (VS2010)

time: Wed May 23 02:07:17 2018
elapsed time: 2 seconds (0d 0h 0m 2s)

