#
# There is insufficient memory for the Java Runtime Environment to continue.
# Native memory allocation (malloc) failed to allocate 32744 bytes for ChunkPool::allocate
# Possible reasons:
#   The system is out of physical RAM or swap space
#   In 32 bit mode, the process size limit was hit
# Possible solutions:
#   Reduce memory load on the system
#   Increase physical memory or swap space
#   Check if swap backing store is full
#   Use 64 bit Java on a 64 bit OS
#   Decrease Java heap size (-Xmx/-Xms)
#   Decrease number of Java threads
#   Decrease Java thread stack sizes (-Xss)
#   Set larger code cache with -XX:ReservedCodeCacheSize=
# This output file may be truncated or incomplete.
#
#  Out of Memory Error (allocation.cpp:273), pid=10848, tid=0x00000000000004d4
#
# JRE version: OpenJDK Runtime Environment (8.0_152-b01) (build 1.8.0_152-release-915-b01)
# Java VM: OpenJDK 64-Bit Server VM (25.152-b01 mixed mode windows-amd64 compressed oops)
# Failed to write core dump. Minidumps are not enabled by default on client versions of Windows
#

---------------  T H R E A D  ---------------

Current thread (0x0000000015b9c000):  JavaThread "C2 CompilerThread0" daemon [_thread_in_native, id=1236, stack(0x00000000162f0000,0x00000000163f0000)]

Stack: [0x00000000162f0000,0x00000000163f0000]
[error occurred during error reporting (printing stack bounds), id 0xc0000005]

Native frames: (J=compiled Java code, j=interpreted, Vv=VM code, C=native code)


Current CompileTask:
C2:   2623  853       4       org.objectweb.asm.Item::a (354 bytes)


---------------  P R O C E S S  ---------------

Java Threads: ( => current thread )
  0x0000000015c4f800 JavaThread "Service Thread" daemon [_thread_blocked, id=11356, stack(0x00000000166f0000,0x00000000167f0000)]
  0x0000000015bf7000 JavaThread "C1 CompilerThread3" daemon [_thread_in_native, id=10356, stack(0x00000000165f0000,0x00000000166f0000)]
  0x0000000015bf3000 JavaThread "C2 CompilerThread2" daemon [_thread_blocked, id=8124, stack(0x00000000164f0000,0x00000000165f0000)]
  0x0000000013c9c000 JavaThread "C2 CompilerThread1" daemon [_thread_in_native, id=11240, stack(0x00000000163f0000,0x00000000164f0000)]
=>0x0000000015b9c000 JavaThread "C2 CompilerThread0" daemon [_thread_in_native, id=1236, stack(0x00000000162f0000,0x00000000163f0000)]
  0x0000000015b9b000 JavaThread "Attach Listener" daemon [_thread_blocked, id=12400, stack(0x00000000161f0000,0x00000000162f0000)]
  0x0000000015bf0000 JavaThread "Signal Dispatcher" daemon [_thread_blocked, id=10064, stack(0x00000000160f0000,0x00000000161f0000)]
  0x0000000015b80800 JavaThread "Finalizer" daemon [_thread_blocked, id=8448, stack(0x0000000015f60000,0x0000000016060000)]
  0x00000000034d7000 JavaThread "Reference Handler" daemon [_thread_blocked, id=6500, stack(0x0000000015a60000,0x0000000015b60000)]
  0x00000000033dd800 JavaThread "main" [_thread_in_vm, id=4820, stack(0x0000000003270000,0x0000000003370000)]

Other Threads:
  0x0000000013c85800 VMThread [stack: 0x0000000015960000,0x0000000015a60000] [id=9432]
  0x0000000015c50000 WatcherThread [stack: 0x00000000167f0000,0x00000000168f0000] [id=6528]

VM state:not at safepoint (normal execution)

VM Mutex/Monitor currently owned by a thread:  ([mutex/lock_event])
[0x00000000033e13d0] MethodData_lock - owner thread: 0x00000000033dd800

Heap:
 PSYoungGen      total 18944K, used 6327K [0x00000000feb00000, 0x0000000100000000, 0x0000000100000000)
  eden space 16384K, 23% used [0x00000000feb00000,0x00000000feeb5178,0x00000000ffb00000)
  from space 2560K, 98% used [0x00000000ffd80000,0x00000000ffff8e30,0x0000000100000000)
  to   space 2560K, 0% used [0x00000000ffb00000,0x00000000ffb00000,0x00000000ffd80000)
 ParOldGen       total 44032K, used 5803K [0x00000000fc000000, 0x00000000feb00000, 0x00000000feb00000)
  object space 44032K, 13% used [0x00000000fc000000,0x00000000fc5aad18,0x00000000feb00000)
 Metaspace       used 7519K, capacity 7718K, committed 7936K, reserved 1056768K
  class space    used 873K, capacity 957K, committed 1024K, reserved 1048576K

Card table byte_map: [0x0000000002dc0000,0x0000000002df0000] byte_map_base: 0x00000000025e0000

Marking Bits: (ParMarkBitMap*) 0x000000005dda3950
 Begin Bits: [0x00000000130a0000, 0x00000000131a0000)
 End Bits:   [0x00000000131a0000, 0x00000000132a0000)

Polling page: 0x0000000002d90000

CodeCache: size=245760Kb used=3042Kb max_used=3042Kb free=242717Kb
 bounds [0x00000000034e0000, 0x00000000037e0000, 0x00000000124e0000]
 total_blobs=1179 nmethods=843 adapters=248
 compilation: enabled

Compilation events (10 events):
Event: 2.617 Thread 0x0000000015b9c000  843       4       org.objectweb.asm.ClassReader::readInt (52 bytes)
Event: 2.617 Thread 0x0000000015bf3000 nmethod 848 0x00000000037d7c10 code [0x00000000037d7d60, 0x00000000037d7ec8]
Event: 2.617 Thread 0x0000000015bf3000  850       4       org.objectweb.asm.tree.AbstractInsnNode::<init> (15 bytes)
Event: 2.618 Thread 0x0000000015bf3000 nmethod 850 0x00000000037c0210 code [0x00000000037c0340, 0x00000000037c03b8]
Event: 2.618 Thread 0x0000000015bf3000  851       4       org.objectweb.asm.tree.InsnList::add (62 bytes)
Event: 2.618 Thread 0x0000000015b9c000 nmethod 843 0x00000000037d8010 code [0x00000000037d8140, 0x00000000037d8238]
Event: 2.618 Thread 0x0000000015b9c000  853       4       org.objectweb.asm.Item::a (354 bytes)
Event: 2.619 Thread 0x0000000015bf3000 nmethod 851 0x00000000037d5050 code [0x00000000037d5180, 0x00000000037d5258]
Event: 2.619 Thread 0x0000000015bf3000  854       4       org.objectweb.asm.ClassWriter::a (49 bytes)
Event: 2.620 Thread 0x0000000015bf3000 nmethod 854 0x00000000037d4c90 code [0x00000000037d4de0, 0x00000000037d4f08]

GC Heap History (4 events):
Event: 1.895 GC heap before
{Heap before GC invocations=1 (full 0):
 PSYoungGen      total 18944K, used 16384K [0x00000000feb00000, 0x0000000100000000, 0x0000000100000000)
  eden space 16384K, 100% used [0x00000000feb00000,0x00000000ffb00000,0x00000000ffb00000)
  from space 2560K, 0% used [0x00000000ffd80000,0x00000000ffd80000,0x0000000100000000)
  to   space 2560K, 0% used [0x00000000ffb00000,0x00000000ffb00000,0x00000000ffd80000)
 ParOldGen       total 44032K, used 0K [0x00000000fc000000, 0x00000000feb00000, 0x00000000feb00000)
  object space 44032K, 0% used [0x00000000fc000000,0x00000000fc000000,0x00000000feb00000)
 Metaspace       used 6637K, capacity 6804K, committed 7040K, reserved 1056768K
  class space    used 773K, capacity 824K, committed 896K, reserved 1048576K
Event: 1.964 GC heap after
Heap after GC invocations=1 (full 0):
 PSYoungGen      total 18944K, used 2553K [0x00000000feb00000, 0x0000000100000000, 0x0000000100000000)
  eden space 16384K, 0% used [0x00000000feb00000,0x00000000feb00000,0x00000000ffb00000)
  from space 2560K, 99% used [0x00000000ffb00000,0x00000000ffd7e630,0x00000000ffd80000)
  to   space 2560K, 0% used [0x00000000ffd80000,0x00000000ffd80000,0x0000000100000000)
 ParOldGen       total 44032K, used 1558K [0x00000000fc000000, 0x00000000feb00000, 0x00000000feb00000)
  object space 44032K, 3% used [0x00000000fc000000,0x00000000fc185830,0x00000000feb00000)
 Metaspace       used 6637K, capacity 6804K, committed 7040K, reserved 1056768K
  class space    used 773K, capacity 824K, committed 896K, reserved 1048576K
}
Event: 2.330 GC heap before
{Heap before GC invocations=2 (full 0):
 PSYoungGen      total 18944K, used 18937K [0x00000000feb00000, 0x0000000100000000, 0x0000000100000000)
  eden space 16384K, 100% used [0x00000000feb00000,0x00000000ffb00000,0x00000000ffb00000)
  from space 2560K, 99% used [0x00000000ffb00000,0x00000000ffd7e630,0x00000000ffd80000)
  to   space 2560K, 0% used [0x00000000ffd80000,0x00000000ffd80000,0x0000000100000000)
 ParOldGen       total 44032K, used 1558K [0x00000000fc000000, 0x00000000feb00000, 0x00000000feb00000)
  object space 44032K, 3% used [0x00000000fc000000,0x00000000fc185830,0x00000000feb00000)
 Metaspace       used 6962K, capacity 7110K, committed 7296K, reserved 1056768K
  class space    used 814K, capacity 861K, committed 896K, reserved 1048576K
Event: 2.349 GC heap after
Heap after GC invocations=2 (full 0):
 PSYoungGen      total 18944K, used 2531K [0x00000000feb00000, 0x0000000100000000, 0x0000000100000000)
  eden space 16384K, 0% used [0x00000000feb00000,0x00000000feb00000,0x00000000ffb00000)
  from space 2560K, 98% used [0x00000000ffd80000,0x00000000ffff8e30,0x0000000100000000)
  to   space 2560K, 0% used [0x00000000ffb00000,0x00000000ffb00000,0x00000000ffd80000)
 ParOldGen       total 44032K, used 5803K [0x00000000fc000000, 0x00000000feb00000, 0x00000000feb00000)
  object space 44032K, 13% used [0x00000000fc000000,0x00000000fc5aad18,0x00000000feb00000)
 Metaspace       used 6962K, capacity 7110K, committed 7296K, reserved 1056768K
  class space    used 814K, capacity 861K, committed 896K, reserved 1048576K
}

Deoptimization events (10 events):
Event: 1.873 Thread 0x00000000033dd800 Uncommon trap: reason=unstable_if action=reinterpret pc=0x000000000371aeac method=java.util.zip.ZipFile$ZipEntryIterator.hasNext()Z @ 25
Event: 1.873 Thread 0x00000000033dd800 Uncommon trap: reason=unstable_if action=reinterpret pc=0x000000000372562c method=java.util.zip.ZipCoder.decoder()Ljava/nio/charset/CharsetDecoder; @ 4
Event: 1.873 Thread 0x00000000033dd800 Uncommon trap: reason=unstable_if action=reinterpret pc=0x000000000371b898 method=java.util.zip.ZipEntry.setExtra0([BZ)V @ 1
Event: 1.877 Thread 0x00000000033dd800 Uncommon trap: reason=unstable_if action=reinterpret pc=0x000000000371ff48 method=java.util.zip.ZipFile$ZipEntryIterator.hasNext()Z @ 25
Event: 1.877 Thread 0x00000000033dd800 Uncommon trap: reason=unstable_if action=reinterpret pc=0x000000000371ca98 method=java.util.zip.ZipCoder.decoder()Ljava/nio/charset/CharsetDecoder; @ 4
Event: 1.879 Thread 0x00000000033dd800 Uncommon trap: reason=unstable_if action=reinterpret pc=0x0000000003720880 method=java.util.zip.ZipCoder.decoder()Ljava/nio/charset/CharsetDecoder; @ 4
Event: 1.992 Thread 0x00000000033dd800 Uncommon trap: reason=unstable_if action=reinterpret pc=0x00000000037339c0 method=java.util.zip.ZipCoder.decoder()Ljava/nio/charset/CharsetDecoder; @ 4
Event: 1.993 Thread 0x00000000033dd800 Uncommon trap: reason=unstable_if action=reinterpret pc=0x0000000003736378 method=java.util.zip.ZipCoder.decoder()Ljava/nio/charset/CharsetDecoder; @ 4
Event: 2.281 Thread 0x00000000033dd800 Uncommon trap: reason=unloaded action=reinterpret pc=0x0000000003720ebc method=java.util.zip.ZipEntry.setExtra0([BZ)V @ 37
Event: 2.382 Thread 0x00000000033dd800 Uncommon trap: reason=unstable_if action=reinterpret pc=0x000000000368b978 method=java.lang.String.<init>([CII)V @ 18

Classes redefined (0 events):
No events

Internal exceptions (10 events):
Event: 2.358 Thread 0x00000000033dd800 Exception <a 'sun/nio/fs/WindowsException'> (0x00000000febccfa0) thrown at [D:\src\AOSP-openjdk-cygwin\jdk8u\hotspot\src\share\vm\prims\jni.cpp, line 709]
Event: 2.358 Thread 0x00000000033dd800 Exception <a 'sun/nio/fs/WindowsException'> (0x00000000febcd4f8) thrown at [D:\src\AOSP-openjdk-cygwin\jdk8u\hotspot\src\share\vm\prims\jni.cpp, line 709]
Event: 2.371 Thread 0x00000000033dd800 Exception <a 'sun/nio/fs/WindowsException'> (0x00000000febd8cf8) thrown at [D:\src\AOSP-openjdk-cygwin\jdk8u\hotspot\src\share\vm\prims\jni.cpp, line 709]
Event: 2.371 Thread 0x00000000033dd800 Exception <a 'sun/nio/fs/WindowsException'> (0x00000000febd91d0) thrown at [D:\src\AOSP-openjdk-cygwin\jdk8u\hotspot\src\share\vm\prims\jni.cpp, line 709]
Event: 2.589 Thread 0x00000000033dd800 Exception <a 'sun/nio/fs/WindowsException'> (0x00000000fed66780) thrown at [D:\src\AOSP-openjdk-cygwin\jdk8u\hotspot\src\share\vm\prims\jni.cpp, line 709]
Event: 2.589 Thread 0x00000000033dd800 Exception <a 'sun/nio/fs/WindowsException'> (0x00000000fed66c58) thrown at [D:\src\AOSP-openjdk-cygwin\jdk8u\hotspot\src\share\vm\prims\jni.cpp, line 709]
Event: 2.595 Thread 0x00000000033dd800 Exception <a 'sun/nio/fs/WindowsException'> (0x00000000fed6a110) thrown at [D:\src\AOSP-openjdk-cygwin\jdk8u\hotspot\src\share\vm\prims\jni.cpp, line 709]
Event: 2.595 Thread 0x00000000033dd800 Exception <a 'sun/nio/fs/WindowsException'> (0x00000000fed6a5e8) thrown at [D:\src\AOSP-openjdk-cygwin\jdk8u\hotspot\src\share\vm\prims\jni.cpp, line 709]
Event: 2.602 Thread 0x00000000033dd800 Exception <a 'sun/nio/fs/WindowsException'> (0x00000000fed6da88) thrown at [D:\src\AOSP-openjdk-cygwin\jdk8u\hotspot\src\share\vm\prims\jni.cpp, line 709]
Event: 2.602 Thread 0x00000000033dd800 Exception <a 'sun/nio/fs/WindowsException'> (0x00000000fed6df60) thrown at [D:\src\AOSP-openjdk-cygwin\jdk8u\hotspot\src\share\vm\prims\jni.cpp, line 709]

Events (10 events):
Event: 2.442 loading class sun/util/calendar/CalendarUtils
Event: 2.442 loading class sun/util/calendar/CalendarUtils done
Event: 2.443 loading class java/util/zip/ZipOutputStream$XEntry
Event: 2.443 loading class java/util/zip/ZipOutputStream$XEntry done
Event: 2.445 loading class org/objectweb/asm/Opcodes
Event: 2.445 loading class org/objectweb/asm/Opcodes done
Event: 2.449 loading class org/objectweb/asm/tree/TryCatchBlockNode
Event: 2.449 loading class org/objectweb/asm/tree/TryCatchBlockNode done
Event: 2.450 loading class org/objectweb/asm/Handler
Event: 2.450 loading class org/objectweb/asm/Handler done


Dynamic libraries:
0x00007ff719ba0000 - 0x00007ff719bd1000 	C:\Program Files\Android\Android Studio\jre\bin\java.exe
0x00007ff98de30000 - 0x00007ff98e011000 	C:\WINDOWS\SYSTEM32\ntdll.dll
0x00007ff98c160000 - 0x00007ff98c212000 	C:\WINDOWS\System32\KERNEL32.DLL
0x00007ff98a400000 - 0x00007ff98a673000 	C:\WINDOWS\System32\KERNELBASE.dll
0x00007ff98b860000 - 0x00007ff98b901000 	C:\WINDOWS\System32\ADVAPI32.dll
0x00007ff98bd20000 - 0x00007ff98bdbe000 	C:\WINDOWS\System32\msvcrt.dll
0x00007ff98b910000 - 0x00007ff98b96b000 	C:\WINDOWS\System32\sechost.dll
0x00007ff98b3b0000 - 0x00007ff98b4d4000 	C:\WINDOWS\System32\RPCRT4.dll
0x00007ff98b9f0000 - 0x00007ff98bb80000 	C:\WINDOWS\System32\USER32.dll
0x00007ff98b2a0000 - 0x00007ff98b2c0000 	C:\WINDOWS\System32\win32u.dll
0x00007ff98b380000 - 0x00007ff98b3a8000 	C:\WINDOWS\System32\GDI32.dll
0x00007ff98b060000 - 0x00007ff98b1f2000 	C:\WINDOWS\System32\gdi32full.dll
0x00007ff98b200000 - 0x00007ff98b29f000 	C:\WINDOWS\System32\msvcp_win.dll
0x00007ff98a300000 - 0x00007ff98a3fa000 	C:\WINDOWS\System32\ucrtbase.dll
0x00007ff97d610000 - 0x00007ff97d879000 	C:\WINDOWS\WinSxS\amd64_microsoft.windows.common-controls_6595b64144ccf1df_6.0.17134.48_none_b4b2216a3cb4dd3e\COMCTL32.dll
0x00007ff98bdd0000 - 0x00007ff98c0f3000 	C:\WINDOWS\System32\combase.dll
0x00007ff98adf0000 - 0x00007ff98ae6a000 	C:\WINDOWS\System32\bcryptPrimitives.dll
0x00007ff98b5c0000 - 0x00007ff98b5ed000 	C:\WINDOWS\System32\IMM32.DLL
0x000000005d500000 - 0x000000005d5d2000 	C:\Program Files\Android\Android Studio\jre\jre\bin\msvcr100.dll
0x000000005d5e0000 - 0x000000005de1e000 	C:\Program Files\Android\Android Studio\jre\jre\bin\server\jvm.dll
0x00007ff98b5b0000 - 0x00007ff98b5b8000 	C:\WINDOWS\System32\PSAPI.DLL
0x00007ff9786d0000 - 0x00007ff9786d9000 	C:\WINDOWS\SYSTEM32\WSOCK32.dll
0x00007ff98b970000 - 0x00007ff98b9dc000 	C:\WINDOWS\System32\WS2_32.dll
0x00007ff987c20000 - 0x00007ff987c43000 	C:\WINDOWS\SYSTEM32\WINMM.dll
0x00007ff982480000 - 0x00007ff98248a000 	C:\WINDOWS\SYSTEM32\VERSION.dll
0x00007ff987620000 - 0x00007ff98764a000 	C:\WINDOWS\SYSTEM32\WINMMBASE.dll
0x00007ff98a2b0000 - 0x00007ff98a2f9000 	C:\WINDOWS\System32\cfgmgr32.dll
0x00007ff977560000 - 0x00007ff97756f000 	C:\Program Files\Android\Android Studio\jre\jre\bin\verify.dll
0x00007ff974570000 - 0x00007ff974599000 	C:\Program Files\Android\Android Studio\jre\jre\bin\java.dll
0x00007ff973f80000 - 0x00007ff973f96000 	C:\Program Files\Android\Android Studio\jre\jre\bin\zip.dll
0x00007ff98c2a0000 - 0x00007ff98d6e0000 	C:\WINDOWS\System32\SHELL32.dll
0x00007ff98b4e0000 - 0x00007ff98b589000 	C:\WINDOWS\System32\shcore.dll
0x00007ff98a680000 - 0x00007ff98ad8d000 	C:\WINDOWS\System32\windows.storage.dll
0x00007ff98b320000 - 0x00007ff98b371000 	C:\WINDOWS\System32\shlwapi.dll
0x00007ff98a170000 - 0x00007ff98a181000 	C:\WINDOWS\System32\kernel.appcore.dll
0x00007ff98a190000 - 0x00007ff98a1af000 	C:\WINDOWS\System32\profapi.dll
0x00007ff98a1b0000 - 0x00007ff98a1fc000 	C:\WINDOWS\System32\powrprof.dll
0x00007ff98a160000 - 0x00007ff98a16a000 	C:\WINDOWS\System32\FLTLIB.DLL
0x00007ff989b70000 - 0x00007ff989b87000 	C:\WINDOWS\SYSTEM32\CRYPTSP.dll
0x00007ff9895a0000 - 0x00007ff9895d3000 	C:\WINDOWS\system32\rsaenh.dll
0x00007ff989ca0000 - 0x00007ff989cc5000 	C:\WINDOWS\SYSTEM32\bcrypt.dll
0x00007ff98a040000 - 0x00007ff98a068000 	C:\WINDOWS\SYSTEM32\USERENV.dll
0x00007ff989b90000 - 0x00007ff989b9b000 	C:\WINDOWS\SYSTEM32\CRYPTBASE.dll
0x00007ff9706a0000 - 0x00007ff9706ba000 	C:\Program Files\Android\Android Studio\jre\jre\bin\net.dll
0x00007ff9899c0000 - 0x00007ff989a26000 	C:\WINDOWS\system32\mswsock.dll
0x00007ff989740000 - 0x00007ff989778000 	C:\WINDOWS\SYSTEM32\IPHLPAPI.DLL
0x00007ff98bdc0000 - 0x00007ff98bdc8000 	C:\WINDOWS\System32\NSI.dll
0x00007ff982c80000 - 0x00007ff982c96000 	C:\WINDOWS\SYSTEM32\dhcpcsvc6.DLL
0x00007ff982c60000 - 0x00007ff982c7a000 	C:\WINDOWS\SYSTEM32\dhcpcsvc.DLL
0x00007ff970680000 - 0x00007ff970691000 	C:\Program Files\Android\Android Studio\jre\jre\bin\nio.dll

VM Arguments:
jvm_args: -Djava.awt.headless=true -Xmx64M -Dfile.encoding=x-windows-949 -Duser.country=KR -Duser.language=ko -Duser.variant 
java_command: com.google.devtools.build.android.desugar.Desugar @D:\test\app\build\intermediates\tmp\desugar_args3812913122449995122
java_class_path (initial): C:\Users\Goo\AppData\Local\Temp\desugar_deploy.jar8800467425082905888
Launcher Type: SUN_STANDARD

Environment Variables:
PATH=C:\ProgramData\Oracle\Java\javapath;C:\WINDOWS\system32;C:\WINDOWS;C:\WINDOWS\System32\Wbem;C:\WINDOWS\System32\WindowsPowerShell\v1.0\;C:\OpenSSL;;C:\WINDOWS\System32\OpenSSH\;C:\Users\Goo\AppData\Local\Microsoft\WindowsApps;
USERNAME=Goo
OS=Windows_NT
PROCESSOR_IDENTIFIER=Intel64 Family 6 Model 158 Stepping 9, GenuineIntel



---------------  S Y S T E M  ---------------

OS: Windows 10.0 , 64 bit Build 17134 (10.0.17134.1)

CPU:total 8 (initial active 8) (4 cores per cpu, 2 threads per core) family 6 model 158 stepping 9, cmov, cx8, fxsr, mmx, sse, sse2, sse3, ssse3, sse4.1, sse4.2, popcnt, avx, avx2, aes, clmul, erms, 3dnowpref, lzcnt, ht, tsc, tscinvbit, bmi1, bmi2, adx

Memory: 4k page, physical 16692940k(2774184k free), swap 16692940k(132k free)

vm_info: OpenJDK 64-Bit Server VM (25.152-b01) for windows-amd64 JRE (1.8.0_152-release-915-b01), built by "builder" with MS VC++ 10.0 (VS2010)

time: Mon Jun 11 12:56:52 2018
elapsed time: 2 seconds (0d 0h 0m 2s)

