#
# There is insufficient memory for the Java Runtime Environment to continue.
# Native memory allocation (malloc) failed to allocate 2483856 bytes for Chunk::new
# Possible reasons:
#   The system is out of physical RAM or swap space
#   In 32 bit mode, the process size limit was hit
# Possible solutions:
#   Reduce memory load on the system
#   Increase physical memory or swap space
#   Check if swap backing store is full
#   Use 64 bit Java on a 64 bit OS
#   Decrease Java heap size (-Xmx/-Xms)
#   Decrease number of Java threads
#   Decrease Java thread stack sizes (-Xss)
#   Set larger code cache with -XX:ReservedCodeCacheSize=
# This output file may be truncated or incomplete.
#
#  Out of Memory Error (allocation.cpp:390), pid=10388, tid=0x000000000000263c
#
# JRE version: OpenJDK Runtime Environment (8.0_152-b01) (build 1.8.0_152-release-915-b01)
# Java VM: OpenJDK 64-Bit Server VM (25.152-b01 mixed mode windows-amd64 compressed oops)
# Failed to write core dump. Minidumps are not enabled by default on client versions of Windows
#

---------------  T H R E A D  ---------------

Current thread (0x0000000015d41000):  JavaThread "C2 CompilerThread2" daemon [_thread_in_native, id=9788, stack(0x0000000016640000,0x0000000016740000)]

Stack: [0x0000000016640000,0x0000000016740000]
[error occurred during error reporting (printing stack bounds), id 0xc0000005]

Native frames: (J=compiled Java code, j=interpreted, Vv=VM code, C=native code)


Current CompileTask:
C2:   2571  910       4       org.objectweb.asm.ClassReader::a (3587 bytes)


---------------  P R O C E S S  ---------------

Java Threads: ( => current thread )
  0x0000000015d95800 JavaThread "Service Thread" daemon [_thread_blocked, id=6740, stack(0x0000000016840000,0x0000000016940000)]
  0x0000000015d45000 JavaThread "C1 CompilerThread3" daemon [_thread_blocked, id=5048, stack(0x0000000016740000,0x0000000016840000)]
=>0x0000000015d41000 JavaThread "C2 CompilerThread2" daemon [_thread_in_native, id=9788, stack(0x0000000016640000,0x0000000016740000)]
  0x0000000013dea000 JavaThread "C2 CompilerThread1" daemon [_thread_blocked, id=3496, stack(0x0000000016540000,0x0000000016640000)]
  0x0000000015d3f000 JavaThread "C2 CompilerThread0" daemon [_thread_blocked, id=4584, stack(0x0000000016440000,0x0000000016540000)]
  0x0000000015d3d800 JavaThread "Attach Listener" daemon [_thread_blocked, id=5748, stack(0x0000000016340000,0x0000000016440000)]
  0x0000000015ced800 JavaThread "Signal Dispatcher" daemon [_thread_blocked, id=6104, stack(0x0000000016240000,0x0000000016340000)]
  0x0000000015cd0800 JavaThread "Finalizer" daemon [_thread_blocked, id=11516, stack(0x00000000160b0000,0x00000000161b0000)]
  0x0000000003627000 JavaThread "Reference Handler" daemon [_thread_blocked, id=1184, stack(0x0000000015bb0000,0x0000000015cb0000)]
  0x000000000342d800 JavaThread "main" [_thread_in_Java, id=6448, stack(0x0000000003430000,0x0000000003530000)]

Other Threads:
  0x0000000013dd5800 VMThread [stack: 0x0000000015ab0000,0x0000000015bb0000] [id=412]
  0x0000000015da2800 WatcherThread [stack: 0x0000000016940000,0x0000000016a40000] [id=13160]

VM state:not at safepoint (normal execution)

VM Mutex/Monitor currently owned by a thread: None

Heap:
 PSYoungGen      total 18944K, used 15385K [0x00000000feb00000, 0x0000000100000000, 0x0000000100000000)
  eden space 16384K, 78% used [0x00000000feb00000,0x00000000ff78d930,0x00000000ffb00000)
  from space 2560K, 98% used [0x00000000ffd80000,0x00000000ffff8e30,0x0000000100000000)
  to   space 2560K, 0% used [0x00000000ffb00000,0x00000000ffb00000,0x00000000ffd80000)
 ParOldGen       total 44032K, used 6080K [0x00000000fc000000, 0x00000000feb00000, 0x00000000feb00000)
  object space 44032K, 13% used [0x00000000fc000000,0x00000000fc5f03c8,0x00000000feb00000)
 Metaspace       used 7695K, capacity 7842K, committed 7936K, reserved 1056768K
  class space    used 877K, capacity 957K, committed 1024K, reserved 1048576K

Card table byte_map: [0x0000000002e60000,0x0000000002e90000] byte_map_base: 0x0000000002680000

Marking Bits: (ParMarkBitMap*) 0x00000000677e3950
 Begin Bits: [0x00000000131f0000, 0x00000000132f0000)
 End Bits:   [0x00000000132f0000, 0x00000000133f0000)

Polling page: 0x0000000000df0000

CodeCache: size=245760Kb used=3913Kb max_used=3917Kb free=241846Kb
 bounds [0x0000000003630000, 0x0000000003a10000, 0x0000000012630000]
 total_blobs=1377 nmethods=1043 adapters=248
 compilation: enabled

Compilation events (10 events):
Event: 2.260 Thread 0x0000000015d45000 1040       3       java.util.zip.ZipOutputStream::writeExtra (106 bytes)
Event: 2.260 Thread 0x0000000015d45000 nmethod 1040 0x00000000039f8190 code [0x00000000039f8380, 0x00000000039f8e48]
Event: 2.260 Thread 0x0000000015d45000 1030       3       org.objectweb.asm.FieldWriter::a (475 bytes)
Event: 2.262 Thread 0x0000000013dea000 nmethod 1038 0x00000000039fc550 code [0x00000000039fc6c0, 0x00000000039fcc38]
Event: 2.262 Thread 0x0000000015d45000 nmethod 1030 0x00000000039fa550 code [0x00000000039fa8e0, 0x00000000039fbc18]
Event: 2.327 Thread 0x0000000015d3f000 nmethod 1014 0x00000000039ffdd0 code [0x0000000003a00120, 0x0000000003a02798]
Event: 2.566 Thread 0x0000000013dea000 1041       4       org.objectweb.asm.MethodVisitor::<init> (35 bytes)
Event: 2.567 Thread 0x0000000013dea000 nmethod 1041 0x00000000039e6490 code [0x00000000039e65c0, 0x00000000039e6678]
Event: 2.570 Thread 0x0000000015d45000 1042       3       org.objectweb.asm.ClassReader::readUTF8 (60 bytes)
Event: 2.570 Thread 0x0000000015d45000 nmethod 1042 0x00000000039f9950 code [0x00000000039f9b00, 0x00000000039fa188]

GC Heap History (4 events):
Event: 1.122 GC heap before
{Heap before GC invocations=1 (full 0):
 PSYoungGen      total 18944K, used 16384K [0x00000000feb00000, 0x0000000100000000, 0x0000000100000000)
  eden space 16384K, 100% used [0x00000000feb00000,0x00000000ffb00000,0x00000000ffb00000)
  from space 2560K, 0% used [0x00000000ffd80000,0x00000000ffd80000,0x0000000100000000)
  to   space 2560K, 0% used [0x00000000ffb00000,0x00000000ffb00000,0x00000000ffd80000)
 ParOldGen       total 44032K, used 0K [0x00000000fc000000, 0x00000000feb00000, 0x00000000feb00000)
  object space 44032K, 0% used [0x00000000fc000000,0x00000000fc000000,0x00000000feb00000)
 Metaspace       used 6616K, capacity 6800K, committed 7040K, reserved 1056768K
  class space    used 773K, capacity 824K, committed 896K, reserved 1048576K
Event: 1.130 GC heap after
Heap after GC invocations=1 (full 0):
 PSYoungGen      total 18944K, used 2537K [0x00000000feb00000, 0x0000000100000000, 0x0000000100000000)
  eden space 16384K, 0% used [0x00000000feb00000,0x00000000feb00000,0x00000000ffb00000)
  from space 2560K, 99% used [0x00000000ffb00000,0x00000000ffd7a620,0x00000000ffd80000)
  to   space 2560K, 0% used [0x00000000ffd80000,0x00000000ffd80000,0x0000000100000000)
 ParOldGen       total 44032K, used 1515K [0x00000000fc000000, 0x00000000feb00000, 0x00000000feb00000)
  object space 44032K, 3% used [0x00000000fc000000,0x00000000fc17aee0,0x00000000feb00000)
 Metaspace       used 6616K, capacity 6800K, committed 7040K, reserved 1056768K
  class space    used 773K, capacity 824K, committed 896K, reserved 1048576K
}
Event: 1.513 GC heap before
{Heap before GC invocations=2 (full 0):
 PSYoungGen      total 18944K, used 18921K [0x00000000feb00000, 0x0000000100000000, 0x0000000100000000)
  eden space 16384K, 100% used [0x00000000feb00000,0x00000000ffb00000,0x00000000ffb00000)
  from space 2560K, 99% used [0x00000000ffb00000,0x00000000ffd7a620,0x00000000ffd80000)
  to   space 2560K, 0% used [0x00000000ffd80000,0x00000000ffd80000,0x0000000100000000)
 ParOldGen       total 44032K, used 1515K [0x00000000fc000000, 0x00000000feb00000, 0x00000000feb00000)
  object space 44032K, 3% used [0x00000000fc000000,0x00000000fc17aee0,0x00000000feb00000)
 Metaspace       used 6962K, capacity 7106K, committed 7296K, reserved 1056768K
  class space    used 816K, capacity 861K, committed 896K, reserved 1048576K
Event: 1.595 GC heap after
Heap after GC invocations=2 (full 0):
 PSYoungGen      total 18944K, used 2531K [0x00000000feb00000, 0x0000000100000000, 0x0000000100000000)
  eden space 16384K, 0% used [0x00000000feb00000,0x00000000feb00000,0x00000000ffb00000)
  from space 2560K, 98% used [0x00000000ffd80000,0x00000000ffff8e30,0x0000000100000000)
  to   space 2560K, 0% used [0x00000000ffb00000,0x00000000ffb00000,0x00000000ffd80000)
 ParOldGen       total 44032K, used 6080K [0x00000000fc000000, 0x00000000feb00000, 0x00000000feb00000)
  object space 44032K, 13% used [0x00000000fc000000,0x00000000fc5f03c8,0x00000000feb00000)
 Metaspace       used 6962K, capacity 7106K, committed 7296K, reserved 1056768K
  class space    used 816K, capacity 861K, committed 896K, reserved 1048576K
}

Deoptimization events (10 events):
Event: 1.168 Thread 0x000000000342d800 Uncommon trap: reason=unstable_if action=reinterpret pc=0x00000000038625d8 method=java.util.zip.ZipCoder.decoder()Ljava/nio/charset/CharsetDecoder; @ 4
Event: 1.169 Thread 0x000000000342d800 Uncommon trap: reason=unstable_if action=reinterpret pc=0x000000000385de40 method=java.util.zip.ZipCoder.decoder()Ljava/nio/charset/CharsetDecoder; @ 4
Event: 1.183 Thread 0x000000000342d800 Uncommon trap: reason=unstable_if action=reinterpret pc=0x0000000003877114 method=java.util.HashMap$HashIterator.hasNext()Z @ 4
Event: 1.452 Thread 0x000000000342d800 Uncommon trap: reason=unloaded action=reinterpret pc=0x00000000038631fc method=java.util.zip.ZipEntry.setExtra0([BZ)V @ 37
Event: 1.845 Thread 0x000000000342d800 Uncommon trap: reason=unstable_if action=reinterpret pc=0x0000000003913340 method=org.objectweb.asm.ClassReader.readUTF8(I[C)Ljava/lang/String; @ 7
Event: 1.958 Thread 0x000000000342d800 Uncommon trap: reason=unstable_if action=reinterpret pc=0x00000000039ae668 method=java.lang.String.<init>([CII)V @ 18
Event: 1.959 Thread 0x000000000342d800 Uncommon trap: reason=unstable_if action=reinterpret pc=0x0000000003910398 method=java.lang.String.<init>([CII)V @ 18
Event: 1.984 Thread 0x000000000342d800 Uncommon trap: reason=unstable_if action=reinterpret pc=0x0000000003969570 method=org.objectweb.asm.Type.getArgumentsAndReturnSizes(Ljava/lang/String;)I @ 41
Event: 2.150 Thread 0x000000000342d800 Uncommon trap: reason=unstable_if action=reinterpret pc=0x000000000398b038 method=org.objectweb.asm.MethodWriter.visitVarInsn(II)V @ 136
Event: 2.567 Thread 0x000000000342d800 Uncommon trap: reason=unstable_if action=reinterpret pc=0x00000000039bb764 method=org.objectweb.asm.ClassReader.readUTF8(I[C)Ljava/lang/String; @ 11

Classes redefined (0 events):
No events

Internal exceptions (10 events):
Event: 1.290 Thread 0x000000000342d800 Exception <a 'sun/nio/fs/WindowsException'> (0x00000000ff243e10) thrown at [D:\src\AOSP-openjdk-cygwin\jdk8u\hotspot\src\share\vm\prims\jni.cpp, line 709]
Event: 1.290 Thread 0x000000000342d800 Exception <a 'sun/nio/fs/WindowsException'> (0x00000000ff2443b0) thrown at [D:\src\AOSP-openjdk-cygwin\jdk8u\hotspot\src\share\vm\prims\jni.cpp, line 709]
Event: 1.290 Thread 0x000000000342d800 Exception <a 'sun/nio/fs/WindowsException'> (0x00000000ff244b60) thrown at [D:\src\AOSP-openjdk-cygwin\jdk8u\hotspot\src\share\vm\prims\jni.cpp, line 709]
Event: 1.307 Thread 0x000000000342d800 Exception <a 'sun/nio/fs/WindowsException'> (0x00000000ff249ea0) thrown at [D:\src\AOSP-openjdk-cygwin\jdk8u\hotspot\src\share\vm\prims\jni.cpp, line 709]
Event: 1.603 Thread 0x000000000342d800 Exception <a 'sun/nio/fs/WindowsException'> (0x00000000feb82288) thrown at [D:\src\AOSP-openjdk-cygwin\jdk8u\hotspot\src\share\vm\prims\jni.cpp, line 709]
Event: 1.603 Thread 0x000000000342d800 Exception <a 'sun/nio/fs/WindowsException'> (0x00000000feb827e0) thrown at [D:\src\AOSP-openjdk-cygwin\jdk8u\hotspot\src\share\vm\prims\jni.cpp, line 709]
Event: 1.615 Thread 0x000000000342d800 Exception <a 'sun/nio/fs/WindowsException'> (0x00000000feb8dfe0) thrown at [D:\src\AOSP-openjdk-cygwin\jdk8u\hotspot\src\share\vm\prims\jni.cpp, line 709]
Event: 1.615 Thread 0x000000000342d800 Exception <a 'sun/nio/fs/WindowsException'> (0x00000000feb8e4b8) thrown at [D:\src\AOSP-openjdk-cygwin\jdk8u\hotspot\src\share\vm\prims\jni.cpp, line 709]
Event: 2.564 Thread 0x000000000342d800 Exception <a 'sun/nio/fs/WindowsException'> (0x00000000ff6fbad0) thrown at [D:\src\AOSP-openjdk-cygwin\jdk8u\hotspot\src\share\vm\prims\jni.cpp, line 709]
Event: 2.564 Thread 0x000000000342d800 Exception <a 'sun/nio/fs/WindowsException'> (0x00000000ff6fbfa8) thrown at [D:\src\AOSP-openjdk-cygwin\jdk8u\hotspot\src\share\vm\prims\jni.cpp, line 709]

Events (10 events):
Event: 2.150 Thread 0x000000000342d800 Uncommon trap: trap_request=0xffffff65 fr.pc=0x000000000398b038
Event: 2.150 Thread 0x000000000342d800 DEOPT PACKING pc=0x000000000398b038 sp=0x000000000352e960
Event: 2.150 Thread 0x000000000342d800 DEOPT UNPACKING pc=0x000000000367556a sp=0x000000000352e8a8 mode 2
Event: 2.566 loading class org/objectweb/asm/tree/LocalVariableNode
Event: 2.566 loading class org/objectweb/asm/tree/LocalVariableNode done
Event: 2.567 Executing VM operation: ForceSafepoint
Event: 2.567 Executing VM operation: ForceSafepoint done
Event: 2.567 Thread 0x000000000342d800 Uncommon trap: trap_request=0xffffff65 fr.pc=0x00000000039bb764
Event: 2.567 Thread 0x000000000342d800 DEOPT PACKING pc=0x00000000039bb764 sp=0x000000000352ed10
Event: 2.567 Thread 0x000000000342d800 DEOPT UNPACKING pc=0x000000000367556a sp=0x000000000352ece0 mode 2


Dynamic libraries:
0x00007ff708150000 - 0x00007ff708181000 	C:\Program Files\Android\Android Studio\jre\bin\java.exe
0x00007ffba9340000 - 0x00007ffba9521000 	C:\WINDOWS\SYSTEM32\ntdll.dll
0x00007ffba6ca0000 - 0x00007ffba6d52000 	C:\WINDOWS\System32\KERNEL32.DLL
0x00007ffba6070000 - 0x00007ffba62e3000 	C:\WINDOWS\System32\KERNELBASE.dll
0x00007ffba9260000 - 0x00007ffba9301000 	C:\WINDOWS\System32\ADVAPI32.dll
0x00007ffba77b0000 - 0x00007ffba784e000 	C:\WINDOWS\System32\msvcrt.dll
0x00007ffba71b0000 - 0x00007ffba720b000 	C:\WINDOWS\System32\sechost.dll
0x00007ffba7580000 - 0x00007ffba76a4000 	C:\WINDOWS\System32\RPCRT4.dll
0x00007ffba7ac0000 - 0x00007ffba7c50000 	C:\WINDOWS\System32\USER32.dll
0x00007ffba5790000 - 0x00007ffba57b0000 	C:\WINDOWS\System32\win32u.dll
0x00007ffba67e0000 - 0x00007ffba6808000 	C:\WINDOWS\System32\GDI32.dll
0x00007ffba6530000 - 0x00007ffba66c2000 	C:\WINDOWS\System32\gdi32full.dll
0x00007ffba5fd0000 - 0x00007ffba606f000 	C:\WINDOWS\System32\msvcp_win.dll
0x00007ffba66d0000 - 0x00007ffba67ca000 	C:\WINDOWS\System32\ucrtbase.dll
0x00007ffb93ad0000 - 0x00007ffb93d39000 	C:\WINDOWS\WinSxS\amd64_microsoft.windows.common-controls_6595b64144ccf1df_6.0.17134.48_none_b4b2216a3cb4dd3e\COMCTL32.dll
0x00007ffba6810000 - 0x00007ffba6b33000 	C:\WINDOWS\System32\combase.dll
0x00007ffba5710000 - 0x00007ffba578a000 	C:\WINDOWS\System32\bcryptPrimitives.dll
0x00007ffba9090000 - 0x00007ffba90bd000 	C:\WINDOWS\System32\IMM32.DLL
0x0000000067b70000 - 0x0000000067c42000 	C:\Program Files\Android\Android Studio\jre\jre\bin\msvcr100.dll
0x0000000067020000 - 0x000000006785e000 	C:\Program Files\Android\Android Studio\jre\jre\bin\server\jvm.dll
0x00007ffba91d0000 - 0x00007ffba91d8000 	C:\WINDOWS\System32\PSAPI.DLL
0x00007ffba39e0000 - 0x00007ffba39e9000 	C:\WINDOWS\SYSTEM32\WSOCK32.dll
0x00007ffba7510000 - 0x00007ffba757c000 	C:\WINDOWS\System32\WS2_32.dll
0x00007ffb9d7c0000 - 0x00007ffb9d7ca000 	C:\WINDOWS\SYSTEM32\VERSION.dll
0x00007ffb95780000 - 0x00007ffb957a3000 	C:\WINDOWS\SYSTEM32\WINMM.dll
0x00007ffb95570000 - 0x00007ffb9559a000 	C:\WINDOWS\SYSTEM32\winmmbase.dll
0x00007ffba64e0000 - 0x00007ffba6529000 	C:\WINDOWS\System32\cfgmgr32.dll
0x00007ffba0860000 - 0x00007ffba086f000 	C:\Program Files\Android\Android Studio\jre\jre\bin\verify.dll
0x00007ffb9d7f0000 - 0x00007ffb9d819000 	C:\Program Files\Android\Android Studio\jre\jre\bin\java.dll
0x00007ffba0840000 - 0x00007ffba0856000 	C:\Program Files\Android\Android Studio\jre\jre\bin\zip.dll
0x00007ffba7c50000 - 0x00007ffba9090000 	C:\WINDOWS\System32\SHELL32.dll
0x00007ffba9120000 - 0x00007ffba91c9000 	C:\WINDOWS\System32\shcore.dll
0x00007ffba58c0000 - 0x00007ffba5fcd000 	C:\WINDOWS\System32\windows.storage.dll
0x00007ffba90c0000 - 0x00007ffba9111000 	C:\WINDOWS\System32\shlwapi.dll
0x00007ffba5680000 - 0x00007ffba5691000 	C:\WINDOWS\System32\kernel.appcore.dll
0x00007ffba56f0000 - 0x00007ffba570f000 	C:\WINDOWS\System32\profapi.dll
0x00007ffba56a0000 - 0x00007ffba56ec000 	C:\WINDOWS\System32\powrprof.dll
0x00007ffba5650000 - 0x00007ffba565a000 	C:\WINDOWS\System32\FLTLIB.DLL
0x00007ffba5080000 - 0x00007ffba5097000 	C:\WINDOWS\SYSTEM32\CRYPTSP.dll
0x00007ffba4ab0000 - 0x00007ffba4ae3000 	C:\WINDOWS\system32\rsaenh.dll
0x00007ffba51b0000 - 0x00007ffba51d5000 	C:\WINDOWS\SYSTEM32\bcrypt.dll
0x00007ffba5580000 - 0x00007ffba55a8000 	C:\WINDOWS\SYSTEM32\USERENV.dll
0x00007ffba50a0000 - 0x00007ffba50ab000 	C:\WINDOWS\SYSTEM32\CRYPTBASE.dll
0x00007ffb9e480000 - 0x00007ffb9e49a000 	C:\Program Files\Android\Android Studio\jre\jre\bin\net.dll
0x00007ffba4ed0000 - 0x00007ffba4f36000 	C:\WINDOWS\system32\mswsock.dll
0x00007ffba4c50000 - 0x00007ffba4c88000 	C:\WINDOWS\SYSTEM32\IPHLPAPI.DLL
0x00007ffba7430000 - 0x00007ffba7438000 	C:\WINDOWS\System32\NSI.dll
0x00007ffb9a1f0000 - 0x00007ffb9a206000 	C:\WINDOWS\SYSTEM32\dhcpcsvc6.DLL
0x00007ffb9a120000 - 0x00007ffb9a13a000 	C:\WINDOWS\SYSTEM32\dhcpcsvc.DLL
0x00007ffb9d970000 - 0x00007ffb9d981000 	C:\Program Files\Android\Android Studio\jre\jre\bin\nio.dll

VM Arguments:
jvm_args: -Djava.awt.headless=true -Xmx64M -Dfile.encoding=x-windows-949 -Duser.country=KR -Duser.language=ko -Duser.variant 
java_command: com.google.devtools.build.android.desugar.Desugar @D:\test\app\build\intermediates\tmp\desugar_args3641757825256471276
java_class_path (initial): C:\Users\Goo\AppData\Local\Temp\desugar_deploy.jar7068671870238761673
Launcher Type: SUN_STANDARD

Environment Variables:
PATH=C:\ProgramData\Oracle\Java\javapath;C:\WINDOWS\system32;C:\WINDOWS;C:\WINDOWS\System32\Wbem;C:\WINDOWS\System32\WindowsPowerShell\v1.0\;C:\OpenSSL;;C:\WINDOWS\System32\OpenSSH\;C:\Users\Goo\AppData\Local\Microsoft\WindowsApps;
USERNAME=Goo
OS=Windows_NT
PROCESSOR_IDENTIFIER=Intel64 Family 6 Model 158 Stepping 9, GenuineIntel



---------------  S Y S T E M  ---------------

OS: Windows 10.0 , 64 bit Build 17134 (10.0.17134.1)

CPU:total 8 (initial active 8) (4 cores per cpu, 2 threads per core) family 6 model 158 stepping 9, cmov, cx8, fxsr, mmx, sse, sse2, sse3, ssse3, sse4.1, sse4.2, popcnt, avx, avx2, aes, clmul, erms, 3dnowpref, lzcnt, ht, tsc, tscinvbit, bmi1, bmi2, adx

Memory: 4k page, physical 16692940k(4064152k free), swap 16692940k(53452k free)

vm_info: OpenJDK 64-Bit Server VM (25.152-b01) for windows-amd64 JRE (1.8.0_152-release-915-b01), built by "builder" with MS VC++ 10.0 (VS2010)

time: Wed May 23 23:46:54 2018
elapsed time: 2 seconds (0d 0h 0m 2s)

