#
# There is insufficient memory for the Java Runtime Environment to continue.
# Native memory allocation (malloc) failed to allocate 32744 bytes for ChunkPool::allocate
# Possible reasons:
#   The system is out of physical RAM or swap space
#   In 32 bit mode, the process size limit was hit
# Possible solutions:
#   Reduce memory load on the system
#   Increase physical memory or swap space
#   Check if swap backing store is full
#   Use 64 bit Java on a 64 bit OS
#   Decrease Java heap size (-Xmx/-Xms)
#   Decrease number of Java threads
#   Decrease Java thread stack sizes (-Xss)
#   Set larger code cache with -XX:ReservedCodeCacheSize=
# This output file may be truncated or incomplete.
#
#  Out of Memory Error (allocation.cpp:273), pid=8764, tid=0x00000000000031c0
#
# JRE version: OpenJDK Runtime Environment (8.0_152-b01) (build 1.8.0_152-release-915-b01)
# Java VM: OpenJDK 64-Bit Server VM (25.152-b01 mixed mode windows-amd64 compressed oops)
# Failed to write core dump. Minidumps are not enabled by default on client versions of Windows
#

---------------  T H R E A D  ---------------

Current thread (0x0000000015b61800):  JavaThread "C2 CompilerThread1" daemon [_thread_in_native, id=12736, stack(0x0000000016360000,0x0000000016460000)]

Stack: [0x0000000016360000,0x0000000016460000]
[error occurred during error reporting (printing stack bounds), id 0xc0000005]

Native frames: (J=compiled Java code, j=interpreted, Vv=VM code, C=native code)


Current CompileTask:
C2:   3049  961       4       org.objectweb.asm.ClassReader::a (3587 bytes)


---------------  P R O C E S S  ---------------

Java Threads: ( => current thread )
  0x0000000015bf7800 JavaThread "Service Thread" daemon [_thread_blocked, id=5260, stack(0x0000000016660000,0x0000000016760000)]
  0x0000000015ba6000 JavaThread "C1 CompilerThread3" daemon [_thread_blocked, id=11516, stack(0x0000000016560000,0x0000000016660000)]
  0x0000000015b67800 JavaThread "C2 CompilerThread2" daemon [_thread_blocked, id=12924, stack(0x0000000016460000,0x0000000016560000)]
=>0x0000000015b61800 JavaThread "C2 CompilerThread1" daemon [_thread_in_native, id=12736, stack(0x0000000016360000,0x0000000016460000)]
  0x0000000013bfe800 JavaThread "C2 CompilerThread0" daemon [_thread_blocked, id=10812, stack(0x0000000016260000,0x0000000016360000)]
  0x0000000015b0a000 JavaThread "Attach Listener" daemon [_thread_blocked, id=9548, stack(0x0000000016160000,0x0000000016260000)]
  0x0000000015b60000 JavaThread "Signal Dispatcher" daemon [_thread_blocked, id=6724, stack(0x0000000016060000,0x0000000016160000)]
  0x0000000015af1800 JavaThread "Finalizer" daemon [_thread_blocked, id=1664, stack(0x0000000015ed0000,0x0000000015fd0000)]
  0x0000000003438000 JavaThread "Reference Handler" daemon [_thread_blocked, id=10468, stack(0x00000000159d0000,0x0000000015ad0000)]
  0x0000000002d4d800 JavaThread "main" [_thread_in_native, id=1532, stack(0x0000000003240000,0x0000000003340000)]

Other Threads:
  0x0000000013be5000 VMThread [stack: 0x00000000158d0000,0x00000000159d0000] [id=11780]
  0x0000000015bf8000 WatcherThread [stack: 0x0000000016760000,0x0000000016860000] [id=6380]

VM state:not at safepoint (normal execution)

VM Mutex/Monitor currently owned by a thread: None

Heap:
 PSYoungGen      total 18944K, used 9288K [0x00000000feb00000, 0x0000000100000000, 0x0000000100000000)
  eden space 16384K, 41% used [0x00000000feb00000,0x00000000ff1998a8,0x00000000ffb00000)
  from space 2560K, 98% used [0x00000000ffd80000,0x00000000ffff8ad0,0x0000000100000000)
  to   space 2560K, 0% used [0x00000000ffb00000,0x00000000ffb00000,0x00000000ffd80000)
 ParOldGen       total 44032K, used 6338K [0x00000000fc000000, 0x00000000feb00000, 0x00000000feb00000)
  object space 44032K, 14% used [0x00000000fc000000,0x00000000fc630808,0x00000000feb00000)
 Metaspace       used 7646K, capacity 7794K, committed 7936K, reserved 1056768K
  class space    used 875K, capacity 957K, committed 1024K, reserved 1048576K

Card table byte_map: [0x0000000002d50000,0x0000000002d80000] byte_map_base: 0x0000000002570000

Marking Bits: (ParMarkBitMap*) 0x00000000677e3950
 Begin Bits: [0x0000000013000000, 0x0000000013100000)
 End Bits:   [0x0000000013100000, 0x0000000013200000)

Polling page: 0x00000000010a0000

CodeCache: size=245760Kb used=3665Kb max_used=3665Kb free=242094Kb
 bounds [0x0000000003440000, 0x00000000037e0000, 0x0000000012440000]
 total_blobs=1307 nmethods=973 adapters=248
 compilation: enabled

Compilation events (10 events):
Event: 2.150 Thread 0x0000000015ba6000  970       3       org.objectweb.asm.Context::<init> (5 bytes)
Event: 2.150 Thread 0x0000000015ba6000 nmethod 970 0x00000000037d4f50 code [0x00000000037d50a0, 0x00000000037d5250]
Event: 2.150 Thread 0x0000000015ba6000  971       3       org.objectweb.asm.tree.MethodNode::visitLdcInsn (16 bytes)
Event: 2.150 Thread 0x0000000015ba6000 nmethod 971 0x00000000037d5310 code [0x00000000037d54a0, 0x00000000037d57e8]
Event: 2.151 Thread 0x0000000015ba6000  972       3       org.objectweb.asm.tree.LdcInsnNode::<init> (12 bytes)
Event: 2.151 Thread 0x0000000015ba6000 nmethod 972 0x00000000037d5990 code [0x00000000037d5b00, 0x00000000037d5d30]
Event: 2.151 Thread 0x0000000015ba6000  973       3       org.objectweb.asm.tree.LdcInsnNode::accept (14 bytes)
Event: 2.151 Thread 0x0000000015ba6000 nmethod 973 0x00000000037d5e10 code [0x00000000037d5f80, 0x00000000037d6278]
Event: 2.627 Thread 0x0000000015ba6000  974       3       java.nio.file.Files::provider (10 bytes)
Event: 2.627 Thread 0x0000000015ba6000 nmethod 974 0x00000000037d6350 code [0x00000000037d64c0, 0x00000000037d6778]

GC Heap History (4 events):
Event: 1.114 GC heap before
{Heap before GC invocations=1 (full 0):
 PSYoungGen      total 18944K, used 16384K [0x00000000feb00000, 0x0000000100000000, 0x0000000100000000)
  eden space 16384K, 100% used [0x00000000feb00000,0x00000000ffb00000,0x00000000ffb00000)
  from space 2560K, 0% used [0x00000000ffd80000,0x00000000ffd80000,0x0000000100000000)
  to   space 2560K, 0% used [0x00000000ffb00000,0x00000000ffb00000,0x00000000ffd80000)
 ParOldGen       total 44032K, used 0K [0x00000000fc000000, 0x00000000feb00000, 0x00000000feb00000)
  object space 44032K, 0% used [0x00000000fc000000,0x00000000fc000000,0x00000000feb00000)
 Metaspace       used 6619K, capacity 6816K, committed 7040K, reserved 1056768K
  class space    used 774K, capacity 824K, committed 896K, reserved 1048576K
Event: 1.123 GC heap after
Heap after GC invocations=1 (full 0):
 PSYoungGen      total 18944K, used 2537K [0x00000000feb00000, 0x0000000100000000, 0x0000000100000000)
  eden space 16384K, 0% used [0x00000000feb00000,0x00000000feb00000,0x00000000ffb00000)
  from space 2560K, 99% used [0x00000000ffb00000,0x00000000ffd7a620,0x00000000ffd80000)
  to   space 2560K, 0% used [0x00000000ffd80000,0x00000000ffd80000,0x0000000100000000)
 ParOldGen       total 44032K, used 1684K [0x00000000fc000000, 0x00000000feb00000, 0x00000000feb00000)
  object space 44032K, 3% used [0x00000000fc000000,0x00000000fc1a5310,0x00000000feb00000)
 Metaspace       used 6619K, capacity 6816K, committed 7040K, reserved 1056768K
  class space    used 774K, capacity 824K, committed 896K, reserved 1048576K
}
Event: 1.419 GC heap before
{Heap before GC invocations=2 (full 0):
 PSYoungGen      total 18944K, used 18921K [0x00000000feb00000, 0x0000000100000000, 0x0000000100000000)
  eden space 16384K, 100% used [0x00000000feb00000,0x00000000ffb00000,0x00000000ffb00000)
  from space 2560K, 99% used [0x00000000ffb00000,0x00000000ffd7a620,0x00000000ffd80000)
  to   space 2560K, 0% used [0x00000000ffd80000,0x00000000ffd80000,0x0000000100000000)
 ParOldGen       total 44032K, used 1684K [0x00000000fc000000, 0x00000000feb00000, 0x00000000feb00000)
  object space 44032K, 3% used [0x00000000fc000000,0x00000000fc1a5310,0x00000000feb00000)
 Metaspace       used 6948K, capacity 7122K, committed 7296K, reserved 1056768K
  class space    used 814K, capacity 861K, committed 896K, reserved 1048576K
Event: 1.433 GC heap after
Heap after GC invocations=2 (full 0):
 PSYoungGen      total 18944K, used 2530K [0x00000000feb00000, 0x0000000100000000, 0x0000000100000000)
  eden space 16384K, 0% used [0x00000000feb00000,0x00000000feb00000,0x00000000ffb00000)
  from space 2560K, 98% used [0x00000000ffd80000,0x00000000ffff8ad0,0x0000000100000000)
  to   space 2560K, 0% used [0x00000000ffb00000,0x00000000ffb00000,0x00000000ffd80000)
 ParOldGen       total 44032K, used 6338K [0x00000000fc000000, 0x00000000feb00000, 0x00000000feb00000)
  object space 44032K, 14% used [0x00000000fc000000,0x00000000fc630808,0x00000000feb00000)
 Metaspace       used 6948K, capacity 7122K, committed 7296K, reserved 1056768K
  class space    used 814K, capacity 861K, committed 896K, reserved 1048576K
}

Deoptimization events (10 events):
Event: 1.084 Thread 0x0000000002d4d800 Uncommon trap: reason=unstable_if action=reinterpret pc=0x00000000036741b8 method=java.util.zip.ZipCoder.decoder()Ljava/nio/charset/CharsetDecoder; @ 4
Event: 1.085 Thread 0x0000000002d4d800 Uncommon trap: reason=unstable_if action=reinterpret pc=0x00000000036768ac method=java.util.zip.ZipCoder.decoder()Ljava/nio/charset/CharsetDecoder; @ 4
Event: 1.156 Thread 0x0000000002d4d800 Uncommon trap: reason=unstable_if action=reinterpret pc=0x0000000003678dac method=java.util.zip.ZipCoder.decoder()Ljava/nio/charset/CharsetDecoder; @ 4
Event: 1.158 Thread 0x0000000002d4d800 Uncommon trap: reason=unstable_if action=reinterpret pc=0x000000000366b458 method=java.util.zip.ZipCoder.decoder()Ljava/nio/charset/CharsetDecoder; @ 4
Event: 1.158 Thread 0x0000000002d4d800 Uncommon trap: reason=unstable_if action=reinterpret pc=0x00000000036677c0 method=java.util.zip.ZipCoder.decoder()Ljava/nio/charset/CharsetDecoder; @ 4
Event: 1.165 Thread 0x0000000002d4d800 Uncommon trap: reason=unstable_if action=reinterpret pc=0x0000000003680ec8 method=java.util.HashMap$HashIterator.nextNode()Ljava/util/HashMap$Node; @ 74
Event: 1.289 Thread 0x0000000002d4d800 Uncommon trap: reason=unstable_if action=reinterpret pc=0x00000000036813c8 method=java.util.HashMap$HashIterator.nextNode()Ljava/util/HashMap$Node; @ 74
Event: 1.386 Thread 0x0000000002d4d800 Uncommon trap: reason=unloaded action=reinterpret pc=0x000000000367a47c method=java.util.zip.ZipEntry.setExtra0([BZ)V @ 37
Event: 1.723 Thread 0x0000000002d4d800 Uncommon trap: reason=unstable_if action=reinterpret pc=0x000000000371e018 method=java.lang.String.<init>([CII)V @ 18
Event: 1.738 Thread 0x0000000002d4d800 Uncommon trap: reason=unstable_if action=reinterpret pc=0x00000000037689a0 method=org.objectweb.asm.ClassReader.readUTF8(I[C)Ljava/lang/String; @ 7

Classes redefined (0 events):
No events

Internal exceptions (10 events):
Event: 1.514 Thread 0x0000000002d4d800 Exception <a 'sun/nio/fs/WindowsException'> (0x00000000feb45fd8) thrown at [D:\src\AOSP-openjdk-cygwin\jdk8u\hotspot\src\share\vm\prims\jni.cpp, line 709]
Event: 1.514 Thread 0x0000000002d4d800 Exception <a 'sun/nio/fs/WindowsException'> (0x00000000feb464b0) thrown at [D:\src\AOSP-openjdk-cygwin\jdk8u\hotspot\src\share\vm\prims\jni.cpp, line 709]
Event: 1.828 Thread 0x0000000002d4d800 Exception <a 'sun/nio/fs/WindowsException'> (0x00000000fefdd7c8) thrown at [D:\src\AOSP-openjdk-cygwin\jdk8u\hotspot\src\share\vm\prims\jni.cpp, line 709]
Event: 1.829 Thread 0x0000000002d4d800 Exception <a 'sun/nio/fs/WindowsException'> (0x00000000fefddca0) thrown at [D:\src\AOSP-openjdk-cygwin\jdk8u\hotspot\src\share\vm\prims\jni.cpp, line 709]
Event: 1.862 Thread 0x0000000002d4d800 Exception <a 'sun/nio/fs/WindowsException'> (0x00000000ff07ba50) thrown at [D:\src\AOSP-openjdk-cygwin\jdk8u\hotspot\src\share\vm\prims\jni.cpp, line 709]
Event: 1.862 Thread 0x0000000002d4d800 Exception <a 'sun/nio/fs/WindowsException'> (0x00000000ff07bf28) thrown at [D:\src\AOSP-openjdk-cygwin\jdk8u\hotspot\src\share\vm\prims\jni.cpp, line 709]
Event: 1.966 Thread 0x0000000002d4d800 Exception <a 'sun/nio/fs/WindowsException'> (0x00000000ff07f3c8) thrown at [D:\src\AOSP-openjdk-cygwin\jdk8u\hotspot\src\share\vm\prims\jni.cpp, line 709]
Event: 1.968 Thread 0x0000000002d4d800 Exception <a 'sun/nio/fs/WindowsException'> (0x00000000ff07f8a0) thrown at [D:\src\AOSP-openjdk-cygwin\jdk8u\hotspot\src\share\vm\prims\jni.cpp, line 709]
Event: 2.545 Thread 0x0000000002d4d800 Exception <a 'sun/nio/fs/WindowsException'> (0x00000000ff1852b0) thrown at [D:\src\AOSP-openjdk-cygwin\jdk8u\hotspot\src\share\vm\prims\jni.cpp, line 709]
Event: 2.627 Thread 0x0000000002d4d800 Exception <a 'sun/nio/fs/WindowsException'> (0x00000000ff185788) thrown at [D:\src\AOSP-openjdk-cygwin\jdk8u\hotspot\src\share\vm\prims\jni.cpp, line 709]

Events (10 events):
Event: 1.723 Thread 0x0000000002d4d800 DEOPT UNPACKING pc=0x000000000348556a sp=0x000000000333e7a0 mode 2
Event: 1.732 loading class org/objectweb/asm/tree/TryCatchBlockNode
Event: 1.732 loading class org/objectweb/asm/tree/TryCatchBlockNode done
Event: 1.732 loading class org/objectweb/asm/Handler
Event: 1.732 loading class org/objectweb/asm/Handler done
Event: 1.738 Thread 0x0000000002d4d800 Uncommon trap: trap_request=0xffffff65 fr.pc=0x00000000037689a0
Event: 1.738 Thread 0x0000000002d4d800 DEOPT PACKING pc=0x00000000037689a0 sp=0x000000000333e9d0
Event: 1.738 Thread 0x0000000002d4d800 DEOPT UNPACKING pc=0x000000000348556a sp=0x000000000333e9a0 mode 2
Event: 1.808 Thread 0x0000000002d4d800 DEOPT PACKING pc=0x00000000035a85c7 sp=0x000000000333ed60
Event: 1.808 Thread 0x0000000002d4d800 DEOPT UNPACKING pc=0x00000000034875bf sp=0x000000000333ea90 mode 0


Dynamic libraries:
0x00007ff63c5e0000 - 0x00007ff63c611000 	C:\Program Files\Android\Android Studio\jre\bin\java.exe
0x00007ffba9340000 - 0x00007ffba9521000 	C:\WINDOWS\SYSTEM32\ntdll.dll
0x00007ffba6ca0000 - 0x00007ffba6d52000 	C:\WINDOWS\System32\KERNEL32.DLL
0x00007ffba6070000 - 0x00007ffba62e3000 	C:\WINDOWS\System32\KERNELBASE.dll
0x00007ffba9260000 - 0x00007ffba9301000 	C:\WINDOWS\System32\ADVAPI32.dll
0x00007ffba77b0000 - 0x00007ffba784e000 	C:\WINDOWS\System32\msvcrt.dll
0x00007ffba71b0000 - 0x00007ffba720b000 	C:\WINDOWS\System32\sechost.dll
0x00007ffba7580000 - 0x00007ffba76a4000 	C:\WINDOWS\System32\RPCRT4.dll
0x00007ffba7ac0000 - 0x00007ffba7c50000 	C:\WINDOWS\System32\USER32.dll
0x00007ffba5790000 - 0x00007ffba57b0000 	C:\WINDOWS\System32\win32u.dll
0x00007ffba67e0000 - 0x00007ffba6808000 	C:\WINDOWS\System32\GDI32.dll
0x00007ffba6530000 - 0x00007ffba66c2000 	C:\WINDOWS\System32\gdi32full.dll
0x00007ffba5fd0000 - 0x00007ffba606f000 	C:\WINDOWS\System32\msvcp_win.dll
0x00007ffba66d0000 - 0x00007ffba67ca000 	C:\WINDOWS\System32\ucrtbase.dll
0x00007ffb93ad0000 - 0x00007ffb93d39000 	C:\WINDOWS\WinSxS\amd64_microsoft.windows.common-controls_6595b64144ccf1df_6.0.17134.48_none_b4b2216a3cb4dd3e\COMCTL32.dll
0x00007ffba6810000 - 0x00007ffba6b33000 	C:\WINDOWS\System32\combase.dll
0x00007ffba5710000 - 0x00007ffba578a000 	C:\WINDOWS\System32\bcryptPrimitives.dll
0x00007ffba9090000 - 0x00007ffba90bd000 	C:\WINDOWS\System32\IMM32.DLL
0x0000000067b90000 - 0x0000000067c62000 	C:\Program Files\Android\Android Studio\jre\jre\bin\msvcr100.dll
0x0000000067020000 - 0x000000006785e000 	C:\Program Files\Android\Android Studio\jre\jre\bin\server\jvm.dll
0x00007ffba91d0000 - 0x00007ffba91d8000 	C:\WINDOWS\System32\PSAPI.DLL
0x00007ffba3f50000 - 0x00007ffba3f59000 	C:\WINDOWS\SYSTEM32\WSOCK32.dll
0x00007ffb95780000 - 0x00007ffb957a3000 	C:\WINDOWS\SYSTEM32\WINMM.dll
0x00007ffba7510000 - 0x00007ffba757c000 	C:\WINDOWS\System32\WS2_32.dll
0x00007ffb95570000 - 0x00007ffb9559a000 	C:\WINDOWS\SYSTEM32\winmmbase.dll
0x00007ffba64e0000 - 0x00007ffba6529000 	C:\WINDOWS\System32\cfgmgr32.dll
0x00007ffb9d7c0000 - 0x00007ffb9d7ca000 	C:\WINDOWS\SYSTEM32\VERSION.dll
0x00007ffba3a30000 - 0x00007ffba3a3f000 	C:\Program Files\Android\Android Studio\jre\jre\bin\verify.dll
0x00007ffba3a00000 - 0x00007ffba3a29000 	C:\Program Files\Android\Android Studio\jre\jre\bin\java.dll
0x00007ffba39e0000 - 0x00007ffba39f6000 	C:\Program Files\Android\Android Studio\jre\jre\bin\zip.dll
0x00007ffba7c50000 - 0x00007ffba9090000 	C:\WINDOWS\System32\SHELL32.dll
0x00007ffba9120000 - 0x00007ffba91c9000 	C:\WINDOWS\System32\shcore.dll
0x00007ffba58c0000 - 0x00007ffba5fcd000 	C:\WINDOWS\System32\windows.storage.dll
0x00007ffba90c0000 - 0x00007ffba9111000 	C:\WINDOWS\System32\shlwapi.dll
0x00007ffba5680000 - 0x00007ffba5691000 	C:\WINDOWS\System32\kernel.appcore.dll
0x00007ffba56f0000 - 0x00007ffba570f000 	C:\WINDOWS\System32\profapi.dll
0x00007ffba56a0000 - 0x00007ffba56ec000 	C:\WINDOWS\System32\powrprof.dll
0x00007ffba5650000 - 0x00007ffba565a000 	C:\WINDOWS\System32\FLTLIB.DLL
0x00007ffba5080000 - 0x00007ffba5097000 	C:\WINDOWS\SYSTEM32\CRYPTSP.dll
0x00007ffba4ab0000 - 0x00007ffba4ae3000 	C:\WINDOWS\system32\rsaenh.dll
0x00007ffba51b0000 - 0x00007ffba51d5000 	C:\WINDOWS\SYSTEM32\bcrypt.dll
0x00007ffba5580000 - 0x00007ffba55a8000 	C:\WINDOWS\SYSTEM32\USERENV.dll
0x00007ffba50a0000 - 0x00007ffba50ab000 	C:\WINDOWS\SYSTEM32\CRYPTBASE.dll
0x00007ffb9e480000 - 0x00007ffb9e49a000 	C:\Program Files\Android\Android Studio\jre\jre\bin\net.dll
0x00007ffba4ed0000 - 0x00007ffba4f36000 	C:\WINDOWS\system32\mswsock.dll
0x00007ffba4c50000 - 0x00007ffba4c88000 	C:\WINDOWS\SYSTEM32\IPHLPAPI.DLL
0x00007ffba7430000 - 0x00007ffba7438000 	C:\WINDOWS\System32\NSI.dll
0x00007ffb9a1f0000 - 0x00007ffb9a206000 	C:\WINDOWS\SYSTEM32\dhcpcsvc6.DLL
0x00007ffb9a120000 - 0x00007ffb9a13a000 	C:\WINDOWS\SYSTEM32\dhcpcsvc.DLL
0x00007ffb9d7f0000 - 0x00007ffb9d801000 	C:\Program Files\Android\Android Studio\jre\jre\bin\nio.dll

VM Arguments:
jvm_args: -Djava.awt.headless=true -Xmx64M -Dfile.encoding=x-windows-949 -Duser.country=KR -Duser.language=ko -Duser.variant 
java_command: com.google.devtools.build.android.desugar.Desugar @D:\test\app\build\intermediates\tmp\desugar_args4124322420036963158
java_class_path (initial): C:\Users\Goo\AppData\Local\Temp\desugar_deploy.jar2362919477290886928
Launcher Type: SUN_STANDARD

Environment Variables:
PATH=C:\ProgramData\Oracle\Java\javapath;C:\WINDOWS\system32;C:\WINDOWS;C:\WINDOWS\System32\Wbem;C:\WINDOWS\System32\WindowsPowerShell\v1.0\;C:\OpenSSL;;C:\WINDOWS\System32\OpenSSH\;C:\Users\Goo\AppData\Local\Microsoft\WindowsApps;
USERNAME=Goo
OS=Windows_NT
PROCESSOR_IDENTIFIER=Intel64 Family 6 Model 158 Stepping 9, GenuineIntel



---------------  S Y S T E M  ---------------

OS: Windows 10.0 , 64 bit Build 17134 (10.0.17134.1)

CPU:total 8 (initial active 8) (4 cores per cpu, 2 threads per core) family 6 model 158 stepping 9, cmov, cx8, fxsr, mmx, sse, sse2, sse3, ssse3, sse4.1, sse4.2, popcnt, avx, avx2, aes, clmul, erms, 3dnowpref, lzcnt, ht, tsc, tscinvbit, bmi1, bmi2, adx

Memory: 4k page, physical 16692940k(4072080k free), swap 16692940k(2232k free)

vm_info: OpenJDK 64-Bit Server VM (25.152-b01) for windows-amd64 JRE (1.8.0_152-release-915-b01), built by "builder" with MS VC++ 10.0 (VS2010)

time: Wed May 23 02:04:39 2018
elapsed time: 3 seconds (0d 0h 0m 3s)

