#
# There is insufficient memory for the Java Runtime Environment to continue.
# Native memory allocation (malloc) failed to allocate 77968 bytes for Chunk::new
# Possible reasons:
#   The system is out of physical RAM or swap space
#   In 32 bit mode, the process size limit was hit
# Possible solutions:
#   Reduce memory load on the system
#   Increase physical memory or swap space
#   Check if swap backing store is full
#   Use 64 bit Java on a 64 bit OS
#   Decrease Java heap size (-Xmx/-Xms)
#   Decrease number of Java threads
#   Decrease Java thread stack sizes (-Xss)
#   Set larger code cache with -XX:ReservedCodeCacheSize=
# This output file may be truncated or incomplete.
#
#  Out of Memory Error (allocation.cpp:390), pid=4492, tid=0x0000000000000374
#
# JRE version: OpenJDK Runtime Environment (8.0_152-b01) (build 1.8.0_152-release-915-b01)
# Java VM: OpenJDK 64-Bit Server VM (25.152-b01 mixed mode windows-amd64 compressed oops)
# Failed to write core dump. Minidumps are not enabled by default on client versions of Windows
#

---------------  T H R E A D  ---------------

Current thread (0x000000001366d800):  JavaThread "C2 CompilerThread2" daemon [_thread_in_native, id=884, stack(0x0000000015ee0000,0x0000000015fe0000)]

Stack: [0x0000000015ee0000,0x0000000015fe0000]
[error occurred during error reporting (printing stack bounds), id 0xc0000005]

Native frames: (J=compiled Java code, j=interpreted, Vv=VM code, C=native code)


Current CompileTask:
C2:   2492 1144       4       org.objectweb.asm.MethodVisitor::visitMethodInsn (68 bytes)


---------------  P R O C E S S  ---------------

Java Threads: ( => current thread )
  0x00000000155db800 JavaThread "Service Thread" daemon [_thread_blocked, id=4548, stack(0x00000000160e0000,0x00000000161e0000)]
  0x00000000155d5800 JavaThread "C1 CompilerThread3" daemon [_thread_blocked, id=2480, stack(0x0000000015fe0000,0x00000000160e0000)]
=>0x000000001366d800 JavaThread "C2 CompilerThread2" daemon [_thread_in_native, id=884, stack(0x0000000015ee0000,0x0000000015fe0000)]
  0x000000001366a800 JavaThread "C2 CompilerThread1" daemon [_thread_in_native, id=7020, stack(0x0000000015de0000,0x0000000015ee0000)]
  0x000000001557c000 JavaThread "C2 CompilerThread0" daemon [_thread_in_native, id=6764, stack(0x0000000015ce0000,0x0000000015de0000)]
  0x000000001557a800 JavaThread "Attach Listener" daemon [_thread_blocked, id=8536, stack(0x0000000015be0000,0x0000000015ce0000)]
  0x00000000155d0000 JavaThread "Signal Dispatcher" daemon [_thread_blocked, id=13176, stack(0x0000000015ae0000,0x0000000015be0000)]
  0x0000000002e3e000 JavaThread "Finalizer" daemon [_thread_blocked, id=8472, stack(0x0000000015940000,0x0000000015a40000)]
  0x0000000002e37000 JavaThread "Reference Handler" daemon [_thread_blocked, id=2260, stack(0x0000000015440000,0x0000000015540000)]
  0x00000000028dd800 JavaThread "main" [_thread_in_Java, id=12416, stack(0x00000000028e0000,0x00000000029e0000)]

Other Threads:
  0x0000000013655000 VMThread [stack: 0x0000000015340000,0x0000000015440000] [id=6544]
  0x00000000155dc800 WatcherThread [stack: 0x00000000161e0000,0x00000000162e0000] [id=11496]

VM state:not at safepoint (normal execution)

VM Mutex/Monitor currently owned by a thread: None

Heap:
 PSYoungGen      total 18944K, used 7802K [0x00000000feb00000, 0x0000000100000000, 0x0000000100000000)
  eden space 16384K, 32% used [0x00000000feb00000,0x00000000ff021d98,0x00000000ffb00000)
  from space 2560K, 99% used [0x00000000ffb00000,0x00000000ffd7cae0,0x00000000ffd80000)
  to   space 2560K, 0% used [0x00000000ffd80000,0x00000000ffd80000,0x0000000100000000)
 ParOldGen       total 44032K, used 6948K [0x00000000fc000000, 0x00000000feb00000, 0x00000000feb00000)
  object space 44032K, 15% used [0x00000000fc000000,0x00000000fc6c93d0,0x00000000feb00000)
 Metaspace       used 7743K, capacity 7906K, committed 8192K, reserved 1056768K
  class space    used 876K, capacity 957K, committed 1024K, reserved 1048576K

Card table byte_map: [0x0000000012200000,0x0000000012230000] byte_map_base: 0x0000000011a20000

Marking Bits: (ParMarkBitMap*) 0x00000000677e3950
 Begin Bits: [0x0000000012a50000, 0x0000000012b50000)
 End Bits:   [0x0000000012b50000, 0x0000000012c50000)

Polling page: 0x0000000000b20000

CodeCache: size=245760Kb used=4144Kb max_used=4156Kb free=241615Kb
 bounds [0x0000000002e40000, 0x0000000003260000, 0x0000000011e40000]
 total_blobs=1476 nmethods=1141 adapters=248
 compilation: enabled

Compilation events (10 events):
Event: 2.474 Thread 0x00000000155d5800 1137       3       org.objectweb.asm.tree.TryCatchBlockNode::accept (189 bytes)
Event: 2.474 Thread 0x000000001366d800 nmethod 1140 0x000000000323ca90 code [0x000000000323cbc0, 0x000000000323cc58]
Event: 2.474 Thread 0x000000001366d800 1141       4       org.objectweb.asm.MethodWriter::visitLabel (321 bytes)
Event: 2.474 Thread 0x00000000155d5800 nmethod 1137 0x0000000003246950 code [0x0000000003246be0, 0x0000000003247e88]
Event: 2.478 Thread 0x00000000155d5800 1145       3       org.objectweb.asm.MethodVisitor::visitIincInsn (17 bytes)
Event: 2.478 Thread 0x00000000155d5800 nmethod 1145 0x000000000323fe90 code [0x0000000003240000, 0x0000000003240268]
Event: 2.479 Thread 0x00000000155d5800 1146       3       org.objectweb.asm.tree.IntInsnNode::accept (18 bytes)
Event: 2.479 Thread 0x00000000155d5800 nmethod 1146 0x0000000003246410 code [0x0000000003246580, 0x0000000003246878]
Event: 2.481 Thread 0x000000001366d800 nmethod 1141 0x00000000032457d0 code [0x0000000003245940, 0x0000000003245f18]
Event: 2.481 Thread 0x000000001366d800 1144       4       org.objectweb.asm.MethodVisitor::visitMethodInsn (68 bytes)

GC Heap History (6 events):
Event: 1.208 GC heap before
{Heap before GC invocations=1 (full 0):
 PSYoungGen      total 18944K, used 16384K [0x00000000feb00000, 0x0000000100000000, 0x0000000100000000)
  eden space 16384K, 100% used [0x00000000feb00000,0x00000000ffb00000,0x00000000ffb00000)
  from space 2560K, 0% used [0x00000000ffd80000,0x00000000ffd80000,0x0000000100000000)
  to   space 2560K, 0% used [0x00000000ffb00000,0x00000000ffb00000,0x00000000ffd80000)
 ParOldGen       total 44032K, used 0K [0x00000000fc000000, 0x00000000feb00000, 0x00000000feb00000)
  object space 44032K, 0% used [0x00000000fc000000,0x00000000fc000000,0x00000000feb00000)
 Metaspace       used 6622K, capacity 6736K, committed 7040K, reserved 1056768K
  class space    used 773K, capacity 824K, committed 896K, reserved 1048576K
Event: 1.218 GC heap after
Heap after GC invocations=1 (full 0):
 PSYoungGen      total 18944K, used 2537K [0x00000000feb00000, 0x0000000100000000, 0x0000000100000000)
  eden space 16384K, 0% used [0x00000000feb00000,0x00000000feb00000,0x00000000ffb00000)
  from space 2560K, 99% used [0x00000000ffb00000,0x00000000ffd7a640,0x00000000ffd80000)
  to   space 2560K, 0% used [0x00000000ffd80000,0x00000000ffd80000,0x0000000100000000)
 ParOldGen       total 44032K, used 1565K [0x00000000fc000000, 0x00000000feb00000, 0x00000000feb00000)
  object space 44032K, 3% used [0x00000000fc000000,0x00000000fc187690,0x00000000feb00000)
 Metaspace       used 6622K, capacity 6736K, committed 7040K, reserved 1056768K
  class space    used 773K, capacity 824K, committed 896K, reserved 1048576K
}
Event: 1.601 GC heap before
{Heap before GC invocations=2 (full 0):
 PSYoungGen      total 18944K, used 18921K [0x00000000feb00000, 0x0000000100000000, 0x0000000100000000)
  eden space 16384K, 100% used [0x00000000feb00000,0x00000000ffb00000,0x00000000ffb00000)
  from space 2560K, 99% used [0x00000000ffb00000,0x00000000ffd7a640,0x00000000ffd80000)
  to   space 2560K, 0% used [0x00000000ffd80000,0x00000000ffd80000,0x0000000100000000)
 ParOldGen       total 44032K, used 1565K [0x00000000fc000000, 0x00000000feb00000, 0x00000000feb00000)
  object space 44032K, 3% used [0x00000000fc000000,0x00000000fc187690,0x00000000feb00000)
 Metaspace       used 6945K, capacity 7106K, committed 7296K, reserved 1056768K
  class space    used 814K, capacity 861K, committed 896K, reserved 1048576K
Event: 1.616 GC heap after
Heap after GC invocations=2 (full 0):
 PSYoungGen      total 18944K, used 2547K [0x00000000feb00000, 0x0000000100000000, 0x0000000100000000)
  eden space 16384K, 0% used [0x00000000feb00000,0x00000000feb00000,0x00000000ffb00000)
  from space 2560K, 99% used [0x00000000ffd80000,0x00000000ffffce20,0x0000000100000000)
  to   space 2560K, 0% used [0x00000000ffb00000,0x00000000ffb00000,0x00000000ffd80000)
 ParOldGen       total 44032K, used 6074K [0x00000000fc000000, 0x00000000feb00000, 0x00000000feb00000)
  object space 44032K, 13% used [0x00000000fc000000,0x00000000fc5eeb78,0x00000000feb00000)
 Metaspace       used 6945K, capacity 7106K, committed 7296K, reserved 1056768K
  class space    used 814K, capacity 861K, committed 896K, reserved 1048576K
}
Event: 2.215 GC heap before
{Heap before GC invocations=3 (full 0):
 PSYoungGen      total 18944K, used 18931K [0x00000000feb00000, 0x0000000100000000, 0x0000000100000000)
  eden space 16384K, 100% used [0x00000000feb00000,0x00000000ffb00000,0x00000000ffb00000)
  from space 2560K, 99% used [0x00000000ffd80000,0x00000000ffffce20,0x0000000100000000)
  to   space 2560K, 0% used [0x00000000ffb00000,0x00000000ffb00000,0x00000000ffd80000)
 ParOldGen       total 44032K, used 6074K [0x00000000fc000000, 0x00000000feb00000, 0x00000000feb00000)
  object space 44032K, 13% used [0x00000000fc000000,0x00000000fc5eeb78,0x00000000feb00000)
 Metaspace       used 7729K, capacity 7906K, committed 8192K, reserved 1056768K
  class space    used 876K, capacity 957K, committed 1024K, reserved 1048576K
Event: 2.434 GC heap after
Heap after GC invocations=3 (full 0):
 PSYoungGen      total 18944K, used 2546K [0x00000000feb00000, 0x0000000100000000, 0x0000000100000000)
  eden space 16384K, 0% used [0x00000000feb00000,0x00000000feb00000,0x00000000ffb00000)
  from space 2560K, 99% used [0x00000000ffb00000,0x00000000ffd7cae0,0x00000000ffd80000)
  to   space 2560K, 0% used [0x00000000ffd80000,0x00000000ffd80000,0x0000000100000000)
 ParOldGen       total 44032K, used 6948K [0x00000000fc000000, 0x00000000feb00000, 0x00000000feb00000)
  object space 44032K, 15% used [0x00000000fc000000,0x00000000fc6c93d0,0x00000000feb00000)
 Metaspace       used 7729K, capacity 7906K, committed 8192K, reserved 1056768K
  class space    used 876K, capacity 957K, committed 1024K, reserved 1048576K
}

Deoptimization events (10 events):
Event: 2.048 Thread 0x00000000028dd800 Uncommon trap: reason=bimorphic action=maybe_recompile pc=0x00000000031eb040 method=org.objectweb.asm.MethodVisitor.visitInsn(I)V @ 12
Event: 2.052 Thread 0x00000000028dd800 Uncommon trap: reason=unstable_if action=reinterpret pc=0x0000000003195a2c method=org.objectweb.asm.Type.getArgumentsAndReturnSizes(Ljava/lang/String;)I @ 41
Event: 2.054 Thread 0x00000000028dd800 Uncommon trap: reason=bimorphic action=maybe_recompile pc=0x00000000031eb040 method=org.objectweb.asm.MethodVisitor.visitInsn(I)V @ 12
Event: 2.054 Thread 0x00000000028dd800 Uncommon trap: reason=bimorphic action=maybe_recompile pc=0x00000000031eb040 method=org.objectweb.asm.MethodVisitor.visitInsn(I)V @ 12
Event: 2.065 Thread 0x00000000028dd800 Uncommon trap: reason=unstable_if action=reinterpret pc=0x00000000031f0a68 method=java.io.BufferedOutputStream.write(I)V @ 9
Event: 2.114 Thread 0x00000000028dd800 Uncommon trap: reason=unstable_if action=reinterpret pc=0x0000000003205b28 method=org.objectweb.asm.MethodWriter.visitVarInsn(II)V @ 148
Event: 2.115 Thread 0x00000000028dd800 Uncommon trap: reason=unstable_if action=reinterpret pc=0x00000000031b1a84 method=org.objectweb.asm.MethodWriter.visitVarInsn(II)V @ 148
Event: 2.173 Thread 0x00000000028dd800 Uncommon trap: reason=null_check action=make_not_entrant pc=0x00000000032165a4 method=com.google.devtools.build.android.desugar.InterfaceDesugaring$InterfaceInvocationRewriter.visitMethodInsn(ILjava/lang/String;Ljava/lang/String;Ljava/lang/String;Z)V @ 10
Event: 2.179 Thread 0x00000000028dd800 Uncommon trap: reason=unstable_if action=reinterpret pc=0x000000000321a6cc method=org.objectweb.asm.Type.getArgumentsAndReturnSizes(Ljava/lang/String;)I @ 41
Event: 2.446 Thread 0x00000000028dd800 Uncommon trap: reason=unstable_if action=reinterpret pc=0x0000000003226180 method=org.objectweb.asm.MethodWriter.visitFieldInsn(ILjava/lang/String;Ljava/lang/String;Ljava/lang/String;)V @ 200

Classes redefined (0 events):
No events

Internal exceptions (10 events):
Event: 1.648 Thread 0x00000000028dd800 Exception <a 'sun/nio/fs/WindowsException'> (0x00000000feb8f140) thrown at [D:\src\AOSP-openjdk-cygwin\jdk8u\hotspot\src\share\vm\prims\jni.cpp, line 709]
Event: 1.692 Thread 0x00000000028dd800 Exception <a 'sun/nio/fs/WindowsException'> (0x00000000feb925e0) thrown at [D:\src\AOSP-openjdk-cygwin\jdk8u\hotspot\src\share\vm\prims\jni.cpp, line 709]
Event: 1.692 Thread 0x00000000028dd800 Exception <a 'sun/nio/fs/WindowsException'> (0x00000000feb92ab8) thrown at [D:\src\AOSP-openjdk-cygwin\jdk8u\hotspot\src\share\vm\prims\jni.cpp, line 709]
Event: 2.160 Thread 0x00000000028dd800 Exception <a 'sun/nio/fs/WindowsException'> (0x00000000ff858db8) thrown at [D:\src\AOSP-openjdk-cygwin\jdk8u\hotspot\src\share\vm\prims\jni.cpp, line 709]
Event: 2.160 Thread 0x00000000028dd800 Exception <a 'sun/nio/fs/WindowsException'> (0x00000000ff859290) thrown at [D:\src\AOSP-openjdk-cygwin\jdk8u\hotspot\src\share\vm\prims\jni.cpp, line 709]
Event: 2.164 Thread 0x00000000028dd800 Exception <a 'sun/nio/fs/WindowsException'> (0x00000000ff85c748) thrown at [D:\src\AOSP-openjdk-cygwin\jdk8u\hotspot\src\share\vm\prims\jni.cpp, line 709]
Event: 2.164 Thread 0x00000000028dd800 Exception <a 'sun/nio/fs/WindowsException'> (0x00000000ff85cc20) thrown at [D:\src\AOSP-openjdk-cygwin\jdk8u\hotspot\src\share\vm\prims\jni.cpp, line 709]
Event: 2.172 Thread 0x00000000028dd800 Exception <a 'sun/nio/fs/WindowsException'> (0x00000000ff8600c0) thrown at [D:\src\AOSP-openjdk-cygwin\jdk8u\hotspot\src\share\vm\prims\jni.cpp, line 709]
Event: 2.172 Thread 0x00000000028dd800 Exception <a 'sun/nio/fs/WindowsException'> (0x00000000ff860598) thrown at [D:\src\AOSP-openjdk-cygwin\jdk8u\hotspot\src\share\vm\prims\jni.cpp, line 709]
Event: 2.173 Thread 0x00000000028dd800 Implicit null exception at 0x000000000321624b to 0x000000000321657d

Events (10 events):
Event: 2.179 Thread 0x00000000028dd800 DEOPT UNPACKING pc=0x0000000002e8556a sp=0x00000000029de670 mode 2
Event: 2.215 Executing VM operation: ParallelGCFailedAllocation
Event: 2.435 Executing VM operation: ParallelGCFailedAllocation done
Event: 2.446 Thread 0x00000000028dd800 Uncommon trap: trap_request=0xffffff65 fr.pc=0x0000000003226180
Event: 2.446 Thread 0x00000000028dd800 DEOPT PACKING pc=0x0000000003226180 sp=0x00000000029de920
Event: 2.446 Thread 0x00000000028dd800 DEOPT UNPACKING pc=0x0000000002e8556a sp=0x00000000029de870 mode 2
Event: 2.471 Thread 0x00000000028dd800 DEOPT PACKING pc=0x000000000319fd26 sp=0x00000000029dea20
Event: 2.471 Thread 0x00000000028dd800 DEOPT UNPACKING pc=0x0000000002e875bf sp=0x00000000029de7b0 mode 0
Event: 2.485 Thread 0x00000000028dd800 DEOPT PACKING pc=0x0000000003168330 sp=0x00000000029de9d0
Event: 2.485 Thread 0x00000000028dd800 DEOPT UNPACKING pc=0x0000000002e875bf sp=0x00000000029de6f8 mode 0


Dynamic libraries:
0x00007ff708150000 - 0x00007ff708181000 	C:\Program Files\Android\Android Studio\jre\bin\java.exe
0x00007ffba9340000 - 0x00007ffba9521000 	C:\WINDOWS\SYSTEM32\ntdll.dll
0x00007ffba6ca0000 - 0x00007ffba6d52000 	C:\WINDOWS\System32\KERNEL32.DLL
0x00007ffba6070000 - 0x00007ffba62e3000 	C:\WINDOWS\System32\KERNELBASE.dll
0x00007ffba9260000 - 0x00007ffba9301000 	C:\WINDOWS\System32\ADVAPI32.dll
0x00007ffba77b0000 - 0x00007ffba784e000 	C:\WINDOWS\System32\msvcrt.dll
0x00007ffba71b0000 - 0x00007ffba720b000 	C:\WINDOWS\System32\sechost.dll
0x00007ffba7580000 - 0x00007ffba76a4000 	C:\WINDOWS\System32\RPCRT4.dll
0x00007ffba7ac0000 - 0x00007ffba7c50000 	C:\WINDOWS\System32\USER32.dll
0x00007ffba5790000 - 0x00007ffba57b0000 	C:\WINDOWS\System32\win32u.dll
0x00007ffba67e0000 - 0x00007ffba6808000 	C:\WINDOWS\System32\GDI32.dll
0x00007ffba6530000 - 0x00007ffba66c2000 	C:\WINDOWS\System32\gdi32full.dll
0x00007ffba5fd0000 - 0x00007ffba606f000 	C:\WINDOWS\System32\msvcp_win.dll
0x00007ffba66d0000 - 0x00007ffba67ca000 	C:\WINDOWS\System32\ucrtbase.dll
0x00007ffb93ad0000 - 0x00007ffb93d39000 	C:\WINDOWS\WinSxS\amd64_microsoft.windows.common-controls_6595b64144ccf1df_6.0.17134.48_none_b4b2216a3cb4dd3e\COMCTL32.dll
0x00007ffba6810000 - 0x00007ffba6b33000 	C:\WINDOWS\System32\combase.dll
0x00007ffba5710000 - 0x00007ffba578a000 	C:\WINDOWS\System32\bcryptPrimitives.dll
0x00007ffba9090000 - 0x00007ffba90bd000 	C:\WINDOWS\System32\IMM32.DLL
0x0000000067b70000 - 0x0000000067c42000 	C:\Program Files\Android\Android Studio\jre\jre\bin\msvcr100.dll
0x0000000067020000 - 0x000000006785e000 	C:\Program Files\Android\Android Studio\jre\jre\bin\server\jvm.dll
0x00007ffba91d0000 - 0x00007ffba91d8000 	C:\WINDOWS\System32\PSAPI.DLL
0x00007ffba39e0000 - 0x00007ffba39e9000 	C:\WINDOWS\SYSTEM32\WSOCK32.dll
0x00007ffba7510000 - 0x00007ffba757c000 	C:\WINDOWS\System32\WS2_32.dll
0x00007ffb95780000 - 0x00007ffb957a3000 	C:\WINDOWS\SYSTEM32\WINMM.dll
0x00007ffb9d7c0000 - 0x00007ffb9d7ca000 	C:\WINDOWS\SYSTEM32\VERSION.dll
0x00007ffb95570000 - 0x00007ffb9559a000 	C:\WINDOWS\SYSTEM32\WINMMBASE.dll
0x00007ffba64e0000 - 0x00007ffba6529000 	C:\WINDOWS\System32\cfgmgr32.dll
0x00007ffba0860000 - 0x00007ffba086f000 	C:\Program Files\Android\Android Studio\jre\jre\bin\verify.dll
0x00007ffb9d7f0000 - 0x00007ffb9d819000 	C:\Program Files\Android\Android Studio\jre\jre\bin\java.dll
0x00007ffba0840000 - 0x00007ffba0856000 	C:\Program Files\Android\Android Studio\jre\jre\bin\zip.dll
0x00007ffba7c50000 - 0x00007ffba9090000 	C:\WINDOWS\System32\SHELL32.dll
0x00007ffba9120000 - 0x00007ffba91c9000 	C:\WINDOWS\System32\shcore.dll
0x00007ffba58c0000 - 0x00007ffba5fcd000 	C:\WINDOWS\System32\windows.storage.dll
0x00007ffba90c0000 - 0x00007ffba9111000 	C:\WINDOWS\System32\shlwapi.dll
0x00007ffba5680000 - 0x00007ffba5691000 	C:\WINDOWS\System32\kernel.appcore.dll
0x00007ffba56f0000 - 0x00007ffba570f000 	C:\WINDOWS\System32\profapi.dll
0x00007ffba56a0000 - 0x00007ffba56ec000 	C:\WINDOWS\System32\powrprof.dll
0x00007ffba5650000 - 0x00007ffba565a000 	C:\WINDOWS\System32\FLTLIB.DLL
0x00007ffba5080000 - 0x00007ffba5097000 	C:\WINDOWS\SYSTEM32\CRYPTSP.dll
0x00007ffba4ab0000 - 0x00007ffba4ae3000 	C:\WINDOWS\system32\rsaenh.dll
0x00007ffba51b0000 - 0x00007ffba51d5000 	C:\WINDOWS\SYSTEM32\bcrypt.dll
0x00007ffba5580000 - 0x00007ffba55a8000 	C:\WINDOWS\SYSTEM32\USERENV.dll
0x00007ffba50a0000 - 0x00007ffba50ab000 	C:\WINDOWS\SYSTEM32\CRYPTBASE.dll
0x00007ffb9e480000 - 0x00007ffb9e49a000 	C:\Program Files\Android\Android Studio\jre\jre\bin\net.dll
0x00007ffba4ed0000 - 0x00007ffba4f36000 	C:\WINDOWS\system32\mswsock.dll
0x00007ffba4c50000 - 0x00007ffba4c88000 	C:\WINDOWS\SYSTEM32\IPHLPAPI.DLL
0x00007ffba7430000 - 0x00007ffba7438000 	C:\WINDOWS\System32\NSI.dll
0x00007ffb9a1f0000 - 0x00007ffb9a206000 	C:\WINDOWS\SYSTEM32\dhcpcsvc6.DLL
0x00007ffb9a120000 - 0x00007ffb9a13a000 	C:\WINDOWS\SYSTEM32\dhcpcsvc.DLL
0x00007ffb9d970000 - 0x00007ffb9d981000 	C:\Program Files\Android\Android Studio\jre\jre\bin\nio.dll

VM Arguments:
jvm_args: -Djava.awt.headless=true -Xmx64M -Dfile.encoding=x-windows-949 -Duser.country=KR -Duser.language=ko -Duser.variant 
java_command: com.google.devtools.build.android.desugar.Desugar @D:\test\app\build\intermediates\tmp\desugar_args5615014167729315272
java_class_path (initial): C:\Users\Goo\AppData\Local\Temp\desugar_deploy.jar7068671870238761673
Launcher Type: SUN_STANDARD

Environment Variables:
PATH=C:\ProgramData\Oracle\Java\javapath;C:\WINDOWS\system32;C:\WINDOWS;C:\WINDOWS\System32\Wbem;C:\WINDOWS\System32\WindowsPowerShell\v1.0\;C:\OpenSSL;;C:\WINDOWS\System32\OpenSSH\;C:\Users\Goo\AppData\Local\Microsoft\WindowsApps;
USERNAME=Goo
OS=Windows_NT
PROCESSOR_IDENTIFIER=Intel64 Family 6 Model 158 Stepping 9, GenuineIntel



---------------  S Y S T E M  ---------------

OS: Windows 10.0 , 64 bit Build 17134 (10.0.17134.1)

CPU:total 8 (initial active 8) (4 cores per cpu, 2 threads per core) family 6 model 158 stepping 9, cmov, cx8, fxsr, mmx, sse, sse2, sse3, ssse3, sse4.1, sse4.2, popcnt, avx, avx2, aes, clmul, erms, 3dnowpref, lzcnt, ht, tsc, tscinvbit, bmi1, bmi2, adx

Memory: 4k page, physical 16692940k(4053172k free), swap 16692940k(2256k free)

vm_info: OpenJDK 64-Bit Server VM (25.152-b01) for windows-amd64 JRE (1.8.0_152-release-915-b01), built by "builder" with MS VC++ 10.0 (VS2010)

time: Wed May 23 23:46:54 2018
elapsed time: 2 seconds (0d 0h 0m 2s)

