#
# There is insufficient memory for the Java Runtime Environment to continue.
# Native memory allocation (malloc) failed to allocate 133632 bytes for Chunk::new
# Possible reasons:
#   The system is out of physical RAM or swap space
#   In 32 bit mode, the process size limit was hit
# Possible solutions:
#   Reduce memory load on the system
#   Increase physical memory or swap space
#   Check if swap backing store is full
#   Use 64 bit Java on a 64 bit OS
#   Decrease Java heap size (-Xmx/-Xms)
#   Decrease number of Java threads
#   Decrease Java thread stack sizes (-Xss)
#   Set larger code cache with -XX:ReservedCodeCacheSize=
# This output file may be truncated or incomplete.
#
#  Out of Memory Error (allocation.cpp:390), pid=868, tid=0x0000000000000518
#
# JRE version: OpenJDK Runtime Environment (8.0_152-b01) (build 1.8.0_152-release-915-b01)
# Java VM: OpenJDK 64-Bit Server VM (25.152-b01 mixed mode windows-amd64 compressed oops)
# Failed to write core dump. Minidumps are not enabled by default on client versions of Windows
#

---------------  T H R E A D  ---------------

Current thread (0x0000000015bb3000):  JavaThread "C2 CompilerThread2" daemon [_thread_in_native, id=1304, stack(0x00000000164c0000,0x00000000165c0000)]

Stack: [0x00000000164c0000,0x00000000165c0000]
[error occurred during error reporting (printing stack bounds), id 0xc0000005]

Native frames: (J=compiled Java code, j=interpreted, Vv=VM code, C=native code)


Current CompileTask:
C2:   4075 1131       4       org.objectweb.asm.tree.MethodInsnNode::accept (30 bytes)


---------------  P R O C E S S  ---------------

Java Threads: ( => current thread )
  0x0000000015bbd800 JavaThread "Service Thread" daemon [_thread_blocked, id=8128, stack(0x00000000166c0000,0x00000000167c0000)]
  0x0000000015bb6000 JavaThread "C1 CompilerThread3" daemon [_thread_blocked, id=1368, stack(0x00000000165c0000,0x00000000166c0000)]
=>0x0000000015bb3000 JavaThread "C2 CompilerThread2" daemon [_thread_in_native, id=1304, stack(0x00000000164c0000,0x00000000165c0000)]
  0x0000000013c4b000 JavaThread "C2 CompilerThread1" daemon [_thread_in_native, id=10572, stack(0x00000000163c0000,0x00000000164c0000)]
  0x0000000015bb0800 JavaThread "C2 CompilerThread0" daemon [_thread_in_native, id=13220, stack(0x00000000162c0000,0x00000000163c0000)]
  0x0000000015baf000 JavaThread "Attach Listener" daemon [_thread_blocked, id=12720, stack(0x00000000161c0000,0x00000000162c0000)]
  0x0000000015b5b800 JavaThread "Signal Dispatcher" daemon [_thread_blocked, id=12448, stack(0x00000000160c0000,0x00000000161c0000)]
  0x000000000346e000 JavaThread "Finalizer" daemon [_thread_blocked, id=10756, stack(0x0000000015f20000,0x0000000016020000)]
  0x0000000003467000 JavaThread "Reference Handler" daemon [_thread_blocked, id=12076, stack(0x0000000015a20000,0x0000000015b20000)]
  0x0000000002ebd800 JavaThread "main" [_thread_in_Java, id=9812, stack(0x0000000003270000,0x0000000003370000)]

Other Threads:
  0x0000000013c35800 VMThread [stack: 0x0000000015920000,0x0000000015a20000] [id=12236]
  0x0000000015bbe800 WatcherThread [stack: 0x00000000167c0000,0x00000000168c0000] [id=12096]

VM state:not at safepoint (normal execution)

VM Mutex/Monitor currently owned by a thread: None

Heap:
 PSYoungGen      total 18944K, used 3910K [0x00000000feb00000, 0x0000000100000000, 0x0000000100000000)
  eden space 16384K, 8% used [0x00000000feb00000,0x00000000fec556f0,0x00000000ffb00000)
  from space 2560K, 99% used [0x00000000ffb00000,0x00000000ffd7c4f0,0x00000000ffd80000)
  to   space 2560K, 0% used [0x00000000ffd80000,0x00000000ffd80000,0x0000000100000000)
 ParOldGen       total 44032K, used 6854K [0x00000000fc000000, 0x00000000feb00000, 0x00000000feb00000)
  object space 44032K, 15% used [0x00000000fc000000,0x00000000fc6b1960,0x00000000feb00000)
 Metaspace       used 7775K, capacity 7970K, committed 8192K, reserved 1056768K
  class space    used 875K, capacity 957K, committed 1024K, reserved 1048576K

Card table byte_map: [0x00000000014c0000,0x00000000014f0000] byte_map_base: 0x0000000000ce0000

Marking Bits: (ParMarkBitMap*) 0x00000000673d3950
 Begin Bits: [0x0000000013030000, 0x0000000013130000)
 End Bits:   [0x0000000013130000, 0x0000000013230000)

Polling page: 0x0000000001040000

CodeCache: size=245760Kb used=4175Kb max_used=4182Kb free=241584Kb
 bounds [0x0000000003470000, 0x0000000003890000, 0x0000000012470000]
 total_blobs=1468 nmethods=1133 adapters=248
 compilation: enabled

Compilation events (10 events):
Event: 4.016 Thread 0x0000000015bb3000 1131       4       org.objectweb.asm.tree.MethodInsnNode::accept (30 bytes)
Event: 4.020 Thread 0x0000000013c4b000 nmethod 1129 0x0000000003884510 code [0x00000000038846a0, 0x0000000003884dd8]
Event: 4.020 Thread 0x0000000013c4b000 1132       4       com.google.devtools.build.android.desugar.InterfaceDesugaring$InterfaceInvocationRewriter::visitMethodInsn (279 bytes)
Event: 4.025 Thread 0x0000000013c4b000 nmethod 1132 0x0000000003883c10 code [0x0000000003883d80, 0x0000000003884158]
Event: 4.057 Thread 0x0000000015bb6000 1133       3       org.objectweb.asm.tree.MethodNode::visitIntInsn (17 bytes)
Event: 4.058 Thread 0x0000000015bb6000 nmethod 1133 0x00000000038881d0 code [0x0000000003888360, 0x0000000003888688]
Event: 4.062 Thread 0x0000000015bb6000 1134       3       org.objectweb.asm.tree.IntInsnNode::accept (18 bytes)
Event: 4.062 Thread 0x0000000015bb6000 nmethod 1134 0x0000000003887c90 code [0x0000000003887e00, 0x00000000038880f8]
Event: 4.062 Thread 0x0000000015bb6000 1135       3       org.objectweb.asm.MethodWriter::visitIntInsn (112 bytes)
Event: 4.063 Thread 0x0000000015bb6000 nmethod 1135 0x0000000003887450 code [0x0000000003887600, 0x0000000003887ac8]

GC Heap History (6 events):
Event: 0.890 GC heap before
{Heap before GC invocations=1 (full 0):
 PSYoungGen      total 18944K, used 16384K [0x00000000feb00000, 0x0000000100000000, 0x0000000100000000)
  eden space 16384K, 100% used [0x00000000feb00000,0x00000000ffb00000,0x00000000ffb00000)
  from space 2560K, 0% used [0x00000000ffd80000,0x00000000ffd80000,0x0000000100000000)
  to   space 2560K, 0% used [0x00000000ffb00000,0x00000000ffb00000,0x00000000ffd80000)
 ParOldGen       total 44032K, used 0K [0x00000000fc000000, 0x00000000feb00000, 0x00000000feb00000)
  object space 44032K, 0% used [0x00000000fc000000,0x00000000fc000000,0x00000000feb00000)
 Metaspace       used 6612K, capacity 6800K, committed 7040K, reserved 1056768K
  class space    used 773K, capacity 824K, committed 896K, reserved 1048576K
Event: 0.924 GC heap after
Heap after GC invocations=1 (full 0):
 PSYoungGen      total 18944K, used 2537K [0x00000000feb00000, 0x0000000100000000, 0x0000000100000000)
  eden space 16384K, 0% used [0x00000000feb00000,0x00000000feb00000,0x00000000ffb00000)
  from space 2560K, 99% used [0x00000000ffb00000,0x00000000ffd7a620,0x00000000ffd80000)
  to   space 2560K, 0% used [0x00000000ffd80000,0x00000000ffd80000,0x0000000100000000)
 ParOldGen       total 44032K, used 1585K [0x00000000fc000000, 0x00000000feb00000, 0x00000000feb00000)
  object space 44032K, 3% used [0x00000000fc000000,0x00000000fc18c6d8,0x00000000feb00000)
 Metaspace       used 6612K, capacity 6800K, committed 7040K, reserved 1056768K
  class space    used 773K, capacity 824K, committed 896K, reserved 1048576K
}
Event: 1.333 GC heap before
{Heap before GC invocations=2 (full 0):
 PSYoungGen      total 18944K, used 18921K [0x00000000feb00000, 0x0000000100000000, 0x0000000100000000)
  eden space 16384K, 100% used [0x00000000feb00000,0x00000000ffb00000,0x00000000ffb00000)
  from space 2560K, 99% used [0x00000000ffb00000,0x00000000ffd7a620,0x00000000ffd80000)
  to   space 2560K, 0% used [0x00000000ffd80000,0x00000000ffd80000,0x0000000100000000)
 ParOldGen       total 44032K, used 1585K [0x00000000fc000000, 0x00000000feb00000, 0x00000000feb00000)
  object space 44032K, 3% used [0x00000000fc000000,0x00000000fc18c6d8,0x00000000feb00000)
 Metaspace       used 6961K, capacity 7106K, committed 7296K, reserved 1056768K
  class space    used 816K, capacity 861K, committed 896K, reserved 1048576K
Event: 1.347 GC heap after
Heap after GC invocations=2 (full 0):
 PSYoungGen      total 18944K, used 2531K [0x00000000feb00000, 0x0000000100000000, 0x0000000100000000)
  eden space 16384K, 0% used [0x00000000feb00000,0x00000000feb00000,0x00000000ffb00000)
  from space 2560K, 98% used [0x00000000ffd80000,0x00000000ffff8e10,0x0000000100000000)
  to   space 2560K, 0% used [0x00000000ffb00000,0x00000000ffb00000,0x00000000ffd80000)
 ParOldGen       total 44032K, used 5966K [0x00000000fc000000, 0x00000000feb00000, 0x00000000feb00000)
  object space 44032K, 13% used [0x00000000fc000000,0x00000000fc5d3bc0,0x00000000feb00000)
 Metaspace       used 6961K, capacity 7106K, committed 7296K, reserved 1056768K
  class space    used 816K, capacity 861K, committed 896K, reserved 1048576K
}
Event: 3.510 GC heap before
{Heap before GC invocations=3 (full 0):
 PSYoungGen      total 18944K, used 18915K [0x00000000feb00000, 0x0000000100000000, 0x0000000100000000)
  eden space 16384K, 100% used [0x00000000feb00000,0x00000000ffb00000,0x00000000ffb00000)
  from space 2560K, 98% used [0x00000000ffd80000,0x00000000ffff8e10,0x0000000100000000)
  to   space 2560K, 0% used [0x00000000ffb00000,0x00000000ffb00000,0x00000000ffd80000)
 ParOldGen       total 44032K, used 5966K [0x00000000fc000000, 0x00000000feb00000, 0x00000000feb00000)
  object space 44032K, 13% used [0x00000000fc000000,0x00000000fc5d3bc0,0x00000000feb00000)
 Metaspace       used 7767K, capacity 7970K, committed 8192K, reserved 1056768K
  class space    used 875K, capacity 957K, committed 1024K, reserved 1048576K
Event: 3.815 GC heap after
Heap after GC invocations=3 (full 0):
 PSYoungGen      total 18944K, used 2545K [0x00000000feb00000, 0x0000000100000000, 0x0000000100000000)
  eden space 16384K, 0% used [0x00000000feb00000,0x00000000feb00000,0x00000000ffb00000)
  from space 2560K, 99% used [0x00000000ffb00000,0x00000000ffd7c4f0,0x00000000ffd80000)
  to   space 2560K, 0% used [0x00000000ffd80000,0x00000000ffd80000,0x0000000100000000)
 ParOldGen       total 44032K, used 6854K [0x00000000fc000000, 0x00000000feb00000, 0x00000000feb00000)
  object space 44032K, 15% used [0x00000000fc000000,0x00000000fc6b1960,0x00000000feb00000)
 Metaspace       used 7767K, capacity 7970K, committed 8192K, reserved 1056768K
  class space    used 875K, capacity 957K, committed 1024K, reserved 1048576K
}

Deoptimization events (10 events):
Event: 0.950 Thread 0x0000000002ebd800 Uncommon trap: reason=unstable_if action=reinterpret pc=0x00000000036abdb8 method=java.util.zip.ZipCoder.decoder()Ljava/nio/charset/CharsetDecoder; @ 4
Event: 0.950 Thread 0x0000000002ebd800 Uncommon trap: reason=unstable_if action=reinterpret pc=0x00000000036b342c method=java.util.zip.ZipCoder.decoder()Ljava/nio/charset/CharsetDecoder; @ 4
Event: 0.956 Thread 0x0000000002ebd800 Uncommon trap: reason=unstable_if action=reinterpret pc=0x00000000036bcd08 method=java.util.HashMap$HashIterator.nextNode()Ljava/util/HashMap$Node; @ 74
Event: 1.185 Thread 0x0000000002ebd800 Uncommon trap: reason=unstable_if action=reinterpret pc=0x00000000036ae2c8 method=java.util.HashMap$HashIterator.nextNode()Ljava/util/HashMap$Node; @ 74
Event: 1.296 Thread 0x0000000002ebd800 Uncommon trap: reason=unloaded action=reinterpret pc=0x00000000036a0e3c method=java.util.zip.ZipEntry.setExtra0([BZ)V @ 37
Event: 3.165 Thread 0x0000000002ebd800 Uncommon trap: reason=unstable_if action=reinterpret pc=0x000000000378e99c method=java.lang.String.<init>([CII)V @ 18
Event: 3.253 Thread 0x0000000002ebd800 Uncommon trap: reason=unstable_if action=reinterpret pc=0x0000000003780d18 method=java.lang.String.<init>([CII)V @ 18
Event: 3.355 Thread 0x0000000002ebd800 Uncommon trap: reason=unstable_if action=reinterpret pc=0x000000000380042c method=org.objectweb.asm.Type.getArgumentsAndReturnSizes(Ljava/lang/String;)I @ 118
Event: 3.402 Thread 0x0000000002ebd800 Uncommon trap: reason=unstable_if action=reinterpret pc=0x00000000038268fc method=org.objectweb.asm.Type.getArgumentsAndReturnSizes(Ljava/lang/String;)I @ 100
Event: 4.057 Thread 0x0000000002ebd800 Uncommon trap: reason=null_check action=make_not_entrant pc=0x00000000038840f0 method=com.google.devtools.build.android.desugar.InterfaceDesugaring$InterfaceInvocationRewriter.visitMethodInsn(ILjava/lang/String;Ljava/lang/String;Ljava/lang/String;Z)V @ 10

Classes redefined (0 events):
No events

Internal exceptions (10 events):
Event: 2.939 Thread 0x0000000002ebd800 Exception <a 'sun/nio/fs/WindowsException'> (0x00000000fee57420) thrown at [D:\src\AOSP-openjdk-cygwin\jdk8u\hotspot\src\share\vm\prims\jni.cpp, line 709]
Event: 2.949 Thread 0x0000000002ebd800 Exception <a 'sun/nio/fs/WindowsException'> (0x00000000fee5a8d8) thrown at [D:\src\AOSP-openjdk-cygwin\jdk8u\hotspot\src\share\vm\prims\jni.cpp, line 709]
Event: 2.949 Thread 0x0000000002ebd800 Exception <a 'sun/nio/fs/WindowsException'> (0x00000000fee5adb0) thrown at [D:\src\AOSP-openjdk-cygwin\jdk8u\hotspot\src\share\vm\prims\jni.cpp, line 709]
Event: 3.163 Thread 0x0000000002ebd800 Exception <a 'sun/nio/fs/WindowsException'> (0x00000000fee5e250) thrown at [D:\src\AOSP-openjdk-cygwin\jdk8u\hotspot\src\share\vm\prims\jni.cpp, line 709]
Event: 3.164 Thread 0x0000000002ebd800 Exception <a 'sun/nio/fs/WindowsException'> (0x00000000fee5e728) thrown at [D:\src\AOSP-openjdk-cygwin\jdk8u\hotspot\src\share\vm\prims\jni.cpp, line 709]
Event: 3.215 Thread 0x0000000002ebd800 Exception <a 'sun/nio/fs/WindowsException'> (0x00000000feeb9c80) thrown at [D:\src\AOSP-openjdk-cygwin\jdk8u\hotspot\src\share\vm\prims\jni.cpp, line 709]
Event: 3.215 Thread 0x0000000002ebd800 Exception <a 'sun/nio/fs/WindowsException'> (0x00000000feeba158) thrown at [D:\src\AOSP-openjdk-cygwin\jdk8u\hotspot\src\share\vm\prims\jni.cpp, line 709]
Event: 3.497 Thread 0x0000000002ebd800 Exception <a 'sun/nio/fs/WindowsException'> (0x00000000ff8624c0) thrown at [D:\src\AOSP-openjdk-cygwin\jdk8u\hotspot\src\share\vm\prims\jni.cpp, line 709]
Event: 3.497 Thread 0x0000000002ebd800 Exception <a 'sun/nio/fs/WindowsException'> (0x00000000ff862998) thrown at [D:\src\AOSP-openjdk-cygwin\jdk8u\hotspot\src\share\vm\prims\jni.cpp, line 709]
Event: 4.057 Thread 0x0000000002ebd800 Implicit null exception at 0x0000000003883dea to 0x00000000038840cd

Events (10 events):
Event: 3.355 Thread 0x0000000002ebd800 DEOPT PACKING pc=0x000000000380042c sp=0x000000000336ea50
Event: 3.355 Thread 0x0000000002ebd800 DEOPT UNPACKING pc=0x00000000034b556a sp=0x000000000336e9e0 mode 2
Event: 3.402 Thread 0x0000000002ebd800 Uncommon trap: trap_request=0xffffff65 fr.pc=0x00000000038268fc
Event: 3.402 Thread 0x0000000002ebd800 DEOPT PACKING pc=0x00000000038268fc sp=0x000000000336ec20
Event: 3.402 Thread 0x0000000002ebd800 DEOPT UNPACKING pc=0x00000000034b556a sp=0x000000000336ebb0 mode 2
Event: 3.510 Executing VM operation: ParallelGCFailedAllocation
Event: 3.815 Executing VM operation: ParallelGCFailedAllocation done
Event: 4.057 Thread 0x0000000002ebd800 Uncommon trap: trap_request=0xfffffff4 fr.pc=0x00000000038840f0
Event: 4.057 Thread 0x0000000002ebd800 DEOPT PACKING pc=0x00000000038840f0 sp=0x000000000336ee20
Event: 4.057 Thread 0x0000000002ebd800 DEOPT UNPACKING pc=0x00000000034b556a sp=0x000000000336eda0 mode 2


Dynamic libraries:
0x00007ff647a40000 - 0x00007ff647a71000 	C:\Program Files\Android\Android Studio\jre\bin\java.exe
0x00007ffba9340000 - 0x00007ffba9521000 	C:\WINDOWS\SYSTEM32\ntdll.dll
0x00007ffba6ca0000 - 0x00007ffba6d52000 	C:\WINDOWS\System32\KERNEL32.DLL
0x00007ffba6070000 - 0x00007ffba62e3000 	C:\WINDOWS\System32\KERNELBASE.dll
0x00007ffba9260000 - 0x00007ffba9301000 	C:\WINDOWS\System32\ADVAPI32.dll
0x00007ffba77b0000 - 0x00007ffba784e000 	C:\WINDOWS\System32\msvcrt.dll
0x00007ffba71b0000 - 0x00007ffba720b000 	C:\WINDOWS\System32\sechost.dll
0x00007ffba7580000 - 0x00007ffba76a4000 	C:\WINDOWS\System32\RPCRT4.dll
0x00007ffba7ac0000 - 0x00007ffba7c50000 	C:\WINDOWS\System32\USER32.dll
0x00007ffba5790000 - 0x00007ffba57b0000 	C:\WINDOWS\System32\win32u.dll
0x00007ffba67e0000 - 0x00007ffba6808000 	C:\WINDOWS\System32\GDI32.dll
0x00007ffba6530000 - 0x00007ffba66c2000 	C:\WINDOWS\System32\gdi32full.dll
0x00007ffba5fd0000 - 0x00007ffba606f000 	C:\WINDOWS\System32\msvcp_win.dll
0x00007ffba66d0000 - 0x00007ffba67ca000 	C:\WINDOWS\System32\ucrtbase.dll
0x00007ffb93ad0000 - 0x00007ffb93d39000 	C:\WINDOWS\WinSxS\amd64_microsoft.windows.common-controls_6595b64144ccf1df_6.0.17134.48_none_b4b2216a3cb4dd3e\COMCTL32.dll
0x00007ffba6810000 - 0x00007ffba6b33000 	C:\WINDOWS\System32\combase.dll
0x00007ffba5710000 - 0x00007ffba578a000 	C:\WINDOWS\System32\bcryptPrimitives.dll
0x00007ffba9090000 - 0x00007ffba90bd000 	C:\WINDOWS\System32\IMM32.DLL
0x00000000681c0000 - 0x0000000068292000 	C:\Program Files\Android\Android Studio\jre\jre\bin\msvcr100.dll
0x0000000066c10000 - 0x000000006744e000 	C:\Program Files\Android\Android Studio\jre\jre\bin\server\jvm.dll
0x00007ffba91d0000 - 0x00007ffba91d8000 	C:\WINDOWS\System32\PSAPI.DLL
0x00007ffba1580000 - 0x00007ffba1589000 	C:\WINDOWS\SYSTEM32\WSOCK32.dll
0x00007ffba7510000 - 0x00007ffba757c000 	C:\WINDOWS\System32\WS2_32.dll
0x00007ffb9d7c0000 - 0x00007ffb9d7ca000 	C:\WINDOWS\SYSTEM32\VERSION.dll
0x00007ffb95780000 - 0x00007ffb957a3000 	C:\WINDOWS\SYSTEM32\WINMM.dll
0x00007ffb95570000 - 0x00007ffb9559a000 	C:\WINDOWS\SYSTEM32\winmmbase.dll
0x00007ffba64e0000 - 0x00007ffba6529000 	C:\WINDOWS\System32\cfgmgr32.dll
0x00007ffba1570000 - 0x00007ffba157f000 	C:\Program Files\Android\Android Studio\jre\jre\bin\verify.dll
0x00007ffb9d960000 - 0x00007ffb9d989000 	C:\Program Files\Android\Android Studio\jre\jre\bin\java.dll
0x00007ffba1550000 - 0x00007ffba1566000 	C:\Program Files\Android\Android Studio\jre\jre\bin\zip.dll
0x00007ffba7c50000 - 0x00007ffba9090000 	C:\WINDOWS\System32\SHELL32.dll
0x00007ffba9120000 - 0x00007ffba91c9000 	C:\WINDOWS\System32\shcore.dll
0x00007ffba58c0000 - 0x00007ffba5fcd000 	C:\WINDOWS\System32\windows.storage.dll
0x00007ffba90c0000 - 0x00007ffba9111000 	C:\WINDOWS\System32\shlwapi.dll
0x00007ffba5680000 - 0x00007ffba5691000 	C:\WINDOWS\System32\kernel.appcore.dll
0x00007ffba56f0000 - 0x00007ffba570f000 	C:\WINDOWS\System32\profapi.dll
0x00007ffba56a0000 - 0x00007ffba56ec000 	C:\WINDOWS\System32\powrprof.dll
0x00007ffba5650000 - 0x00007ffba565a000 	C:\WINDOWS\System32\FLTLIB.DLL
0x00007ffba5080000 - 0x00007ffba5097000 	C:\WINDOWS\SYSTEM32\CRYPTSP.dll
0x00007ffba4ab0000 - 0x00007ffba4ae3000 	C:\WINDOWS\system32\rsaenh.dll
0x00007ffba51b0000 - 0x00007ffba51d5000 	C:\WINDOWS\SYSTEM32\bcrypt.dll
0x00007ffba5580000 - 0x00007ffba55a8000 	C:\WINDOWS\SYSTEM32\USERENV.dll
0x00007ffba50a0000 - 0x00007ffba50ab000 	C:\WINDOWS\SYSTEM32\CRYPTBASE.dll
0x00007ffb9deb0000 - 0x00007ffb9deca000 	C:\Program Files\Android\Android Studio\jre\jre\bin\net.dll
0x00007ffba4ed0000 - 0x00007ffba4f36000 	C:\WINDOWS\system32\mswsock.dll
0x00007ffba4c50000 - 0x00007ffba4c88000 	C:\WINDOWS\SYSTEM32\IPHLPAPI.DLL
0x00007ffba7430000 - 0x00007ffba7438000 	C:\WINDOWS\System32\NSI.dll
0x00007ffb9a1f0000 - 0x00007ffb9a206000 	C:\WINDOWS\SYSTEM32\dhcpcsvc6.DLL
0x00007ffb9a120000 - 0x00007ffb9a13a000 	C:\WINDOWS\SYSTEM32\dhcpcsvc.DLL
0x00007ffb9d220000 - 0x00007ffb9d231000 	C:\Program Files\Android\Android Studio\jre\jre\bin\nio.dll

VM Arguments:
jvm_args: -Djava.awt.headless=true -Xmx64M -Dfile.encoding=x-windows-949 -Duser.country=KR -Duser.language=ko -Duser.variant 
java_command: com.google.devtools.build.android.desugar.Desugar @D:\test\app\build\intermediates\tmp\desugar_args4548332043595727219
java_class_path (initial): C:\Users\Goo\AppData\Local\Temp\desugar_deploy.jar5019570292443513416
Launcher Type: SUN_STANDARD

Environment Variables:
PATH=C:\ProgramData\Oracle\Java\javapath;C:\WINDOWS\system32;C:\WINDOWS;C:\WINDOWS\System32\Wbem;C:\WINDOWS\System32\WindowsPowerShell\v1.0\;C:\OpenSSL;;C:\WINDOWS\System32\OpenSSH\;C:\Users\Goo\AppData\Local\Microsoft\WindowsApps;
USERNAME=Goo
OS=Windows_NT
PROCESSOR_IDENTIFIER=Intel64 Family 6 Model 158 Stepping 9, GenuineIntel



---------------  S Y S T E M  ---------------

OS: Windows 10.0 , 64 bit Build 17134 (10.0.17134.1)

CPU:total 8 (initial active 8) (4 cores per cpu, 2 threads per core) family 6 model 158 stepping 9, cmov, cx8, fxsr, mmx, sse, sse2, sse3, ssse3, sse4.1, sse4.2, popcnt, avx, avx2, aes, clmul, erms, 3dnowpref, lzcnt, ht, tsc, tscinvbit, bmi1, bmi2, adx

Memory: 4k page, physical 16692940k(4375104k free), swap 16692940k(960k free)

vm_info: OpenJDK 64-Bit Server VM (25.152-b01) for windows-amd64 JRE (1.8.0_152-release-915-b01), built by "builder" with MS VC++ 10.0 (VS2010)

time: Fri Jun 01 06:17:37 2018
elapsed time: 4 seconds (0d 0h 0m 4s)

