#
# There is insufficient memory for the Java Runtime Environment to continue.
# Native memory allocation (malloc) failed to allocate 65552 bytes for Chunk::new
# Possible reasons:
#   The system is out of physical RAM or swap space
#   In 32 bit mode, the process size limit was hit
# Possible solutions:
#   Reduce memory load on the system
#   Increase physical memory or swap space
#   Check if swap backing store is full
#   Use 64 bit Java on a 64 bit OS
#   Decrease Java heap size (-Xmx/-Xms)
#   Decrease number of Java threads
#   Decrease Java thread stack sizes (-Xss)
#   Set larger code cache with -XX:ReservedCodeCacheSize=
# This output file may be truncated or incomplete.
#
#  Out of Memory Error (allocation.cpp:390), pid=9720, tid=0x00000000000011d4
#
# JRE version: OpenJDK Runtime Environment (8.0_152-b01) (build 1.8.0_152-release-915-b01)
# Java VM: OpenJDK 64-Bit Server VM (25.152-b01 mixed mode windows-amd64 compressed oops)
# Failed to write core dump. Minidumps are not enabled by default on client versions of Windows
#

---------------  T H R E A D  ---------------

Current thread (0x0000000013dc8000):  JavaThread "C2 CompilerThread0" daemon [_thread_in_native, id=4564, stack(0x0000000016430000,0x0000000016530000)]

Stack: [0x0000000016430000,0x0000000016530000]
[error occurred during error reporting (printing stack bounds), id 0xc0000005]

Native frames: (J=compiled Java code, j=interpreted, Vv=VM code, C=native code)


Current CompileTask:
C2:   3242  929       4       org.objectweb.asm.ClassReader::a (3587 bytes)


---------------  P R O C E S S  ---------------

Java Threads: ( => current thread )
  0x0000000015d6c000 JavaThread "Service Thread" daemon [_thread_blocked, id=3884, stack(0x0000000016830000,0x0000000016930000)]
  0x0000000015d26000 JavaThread "C1 CompilerThread3" daemon [_thread_in_native, id=1704, stack(0x0000000016730000,0x0000000016830000)]
  0x0000000013dcd800 JavaThread "C2 CompilerThread2" daemon [_thread_in_native, id=10732, stack(0x0000000016630000,0x0000000016730000)]
  0x0000000013dca800 JavaThread "C2 CompilerThread1" daemon [_thread_blocked, id=3372, stack(0x0000000016530000,0x0000000016630000)]
=>0x0000000013dc8000 JavaThread "C2 CompilerThread0" daemon [_thread_in_native, id=4564, stack(0x0000000016430000,0x0000000016530000)]
  0x0000000015d1f800 JavaThread "Attach Listener" daemon [_thread_blocked, id=11396, stack(0x0000000016330000,0x0000000016430000)]
  0x0000000015ccd000 JavaThread "Signal Dispatcher" daemon [_thread_blocked, id=11664, stack(0x0000000016230000,0x0000000016330000)]
  0x00000000035be000 JavaThread "Finalizer" daemon [_thread_blocked, id=2708, stack(0x0000000016090000,0x0000000016190000)]
  0x00000000035b7000 JavaThread "Reference Handler" daemon [_thread_blocked, id=5472, stack(0x0000000015b90000,0x0000000015c90000)]
  0x00000000032bd800 JavaThread "main" [_thread_in_Java, id=7292, stack(0x00000000033c0000,0x00000000034c0000)]

Other Threads:
  0x0000000013db5000 VMThread [stack: 0x0000000015a90000,0x0000000015b90000] [id=10348]
  0x0000000015d83000 WatcherThread [stack: 0x0000000016930000,0x0000000016a30000] [id=8788]

VM state:not at safepoint (normal execution)

VM Mutex/Monitor currently owned by a thread: None

Heap:
 PSYoungGen      total 18944K, used 12019K [0x00000000feb00000, 0x0000000100000000, 0x0000000100000000)
  eden space 16384K, 57% used [0x00000000feb00000,0x00000000ff4441c8,0x00000000ffb00000)
  from space 2560K, 98% used [0x00000000ffd80000,0x00000000ffff8e30,0x0000000100000000)
  to   space 2560K, 0% used [0x00000000ffb00000,0x00000000ffb00000,0x00000000ffd80000)
 ParOldGen       total 44032K, used 5913K [0x00000000fc000000, 0x00000000feb00000, 0x00000000feb00000)
  object space 44032K, 13% used [0x00000000fc000000,0x00000000fc5c6770,0x00000000feb00000)
 Metaspace       used 7632K, capacity 7854K, committed 7936K, reserved 1056768K
  class space    used 873K, capacity 957K, committed 1024K, reserved 1048576K

Card table byte_map: [0x0000000012980000,0x00000000129b0000] byte_map_base: 0x00000000121a0000

Marking Bits: (ParMarkBitMap*) 0x0000000055473950
 Begin Bits: [0x00000000131b0000, 0x00000000132b0000)
 End Bits:   [0x00000000132b0000, 0x00000000133b0000)

Polling page: 0x00000000015d0000

CodeCache: size=245760Kb used=3632Kb max_used=3644Kb free=242127Kb
 bounds [0x00000000035c0000, 0x0000000003960000, 0x00000000125c0000]
 total_blobs=1313 nmethods=979 adapters=248
 compilation: enabled

Compilation events (10 events):
Event: 3.228 Thread 0x0000000015d26000 nmethod 977 0x000000000394c850 code [0x000000000394c9e0, 0x000000000394cd48]
Event: 3.228 Thread 0x0000000015d26000  975       3       com.google.common.collect.RegularImmutableMap::get (13 bytes)
Event: 3.228 Thread 0x0000000015d26000 nmethod 975 0x000000000394ced0 code [0x000000000394d040, 0x000000000394d1e8]
Event: 3.228 Thread 0x0000000015d26000  972       3       org.objectweb.asm.MethodWriter::visitEnd (1 bytes)
Event: 3.228 Thread 0x0000000015d26000 nmethod 972 0x000000000394d290 code [0x000000000394d3e0, 0x000000000394d530]
Event: 3.231 Thread 0x0000000015d26000  980       3       org.objectweb.asm.ClassReader::accept (11 bytes)
Event: 3.231 Thread 0x0000000015d26000 nmethod 980 0x00000000039506d0 code [0x0000000003950840, 0x0000000003950ae8]
Event: 3.231 Thread 0x0000000015d26000  981       3       org.objectweb.asm.ClassReader::accept (1176 bytes)
Event: 3.231 Thread 0x0000000013dca800 nmethod 979 0x0000000003950bd0 code [0x0000000003950d40, 0x00000000039511f8]
Event: 3.234 Thread 0x0000000013dcd800  986       4       org.objectweb.asm.MethodVisitor::visitInsn (16 bytes)

GC Heap History (4 events):
Event: 1.097 GC heap before
{Heap before GC invocations=1 (full 0):
 PSYoungGen      total 18944K, used 16384K [0x00000000feb00000, 0x0000000100000000, 0x0000000100000000)
  eden space 16384K, 100% used [0x00000000feb00000,0x00000000ffb00000,0x00000000ffb00000)
  from space 2560K, 0% used [0x00000000ffd80000,0x00000000ffd80000,0x0000000100000000)
  to   space 2560K, 0% used [0x00000000ffb00000,0x00000000ffb00000,0x00000000ffd80000)
 ParOldGen       total 44032K, used 0K [0x00000000fc000000, 0x00000000feb00000, 0x00000000feb00000)
  object space 44032K, 0% used [0x00000000fc000000,0x00000000fc000000,0x00000000feb00000)
 Metaspace       used 6615K, capacity 6812K, committed 7040K, reserved 1056768K
  class space    used 773K, capacity 824K, committed 896K, reserved 1048576K
Event: 1.120 GC heap after
Heap after GC invocations=1 (full 0):
 PSYoungGen      total 18944K, used 2537K [0x00000000feb00000, 0x0000000100000000, 0x0000000100000000)
  eden space 16384K, 0% used [0x00000000feb00000,0x00000000feb00000,0x00000000ffb00000)
  from space 2560K, 99% used [0x00000000ffb00000,0x00000000ffd7a620,0x00000000ffd80000)
  to   space 2560K, 0% used [0x00000000ffd80000,0x00000000ffd80000,0x0000000100000000)
 ParOldGen       total 44032K, used 1700K [0x00000000fc000000, 0x00000000feb00000, 0x00000000feb00000)
  object space 44032K, 3% used [0x00000000fc000000,0x00000000fc1a9288,0x00000000feb00000)
 Metaspace       used 6615K, capacity 6812K, committed 7040K, reserved 1056768K
  class space    used 773K, capacity 824K, committed 896K, reserved 1048576K
}
Event: 1.655 GC heap before
{Heap before GC invocations=2 (full 0):
 PSYoungGen      total 18944K, used 18921K [0x00000000feb00000, 0x0000000100000000, 0x0000000100000000)
  eden space 16384K, 100% used [0x00000000feb00000,0x00000000ffb00000,0x00000000ffb00000)
  from space 2560K, 99% used [0x00000000ffb00000,0x00000000ffd7a620,0x00000000ffd80000)
  to   space 2560K, 0% used [0x00000000ffd80000,0x00000000ffd80000,0x0000000100000000)
 ParOldGen       total 44032K, used 1700K [0x00000000fc000000, 0x00000000feb00000, 0x00000000feb00000)
  object space 44032K, 3% used [0x00000000fc000000,0x00000000fc1a9288,0x00000000feb00000)
 Metaspace       used 6944K, capacity 7118K, committed 7296K, reserved 1056768K
  class space    used 814K, capacity 861K, committed 896K, reserved 1048576K
Event: 1.732 GC heap after
Heap after GC invocations=2 (full 0):
 PSYoungGen      total 18944K, used 2531K [0x00000000feb00000, 0x0000000100000000, 0x0000000100000000)
  eden space 16384K, 0% used [0x00000000feb00000,0x00000000feb00000,0x00000000ffb00000)
  from space 2560K, 98% used [0x00000000ffd80000,0x00000000ffff8e30,0x0000000100000000)
  to   space 2560K, 0% used [0x00000000ffb00000,0x00000000ffb00000,0x00000000ffd80000)
 ParOldGen       total 44032K, used 5913K [0x00000000fc000000, 0x00000000feb00000, 0x00000000feb00000)
  object space 44032K, 13% used [0x00000000fc000000,0x00000000fc5c6770,0x00000000feb00000)
 Metaspace       used 6944K, capacity 7118K, committed 7296K, reserved 1056768K
  class space    used 814K, capacity 861K, committed 896K, reserved 1048576K
}

Deoptimization events (10 events):
Event: 1.057 Thread 0x00000000032bd800 Uncommon trap: reason=unstable_if action=reinterpret pc=0x00000000037e081c method=java.util.zip.ZipFile$ZipEntryIterator.hasNext()Z @ 25
Event: 1.058 Thread 0x00000000032bd800 Uncommon trap: reason=unstable_if action=reinterpret pc=0x00000000037f6738 method=java.util.zip.ZipCoder.decoder()Ljava/nio/charset/CharsetDecoder; @ 4
Event: 1.145 Thread 0x00000000032bd800 Uncommon trap: reason=unstable_if action=reinterpret pc=0x00000000037ede2c method=java.util.zip.ZipCoder.decoder()Ljava/nio/charset/CharsetDecoder; @ 4
Event: 1.146 Thread 0x00000000032bd800 Uncommon trap: reason=unstable_if action=reinterpret pc=0x00000000037e3f00 method=java.util.zip.ZipCoder.decoder()Ljava/nio/charset/CharsetDecoder; @ 4
Event: 1.152 Thread 0x00000000032bd800 Uncommon trap: reason=unstable_if action=reinterpret pc=0x00000000038080c8 method=java.util.HashMap$HashIterator.nextNode()Ljava/util/HashMap$Node; @ 74
Event: 1.311 Thread 0x00000000032bd800 Uncommon trap: reason=unstable_if action=reinterpret pc=0x00000000037fcc88 method=java.util.HashMap$HashIterator.nextNode()Ljava/util/HashMap$Node; @ 74
Event: 1.606 Thread 0x00000000032bd800 Uncommon trap: reason=unloaded action=reinterpret pc=0x00000000037eb13c method=java.util.zip.ZipEntry.setExtra0([BZ)V @ 37
Event: 3.046 Thread 0x00000000032bd800 Uncommon trap: reason=unstable_if action=reinterpret pc=0x0000000003787bf8 method=java.lang.String.<init>([CII)V @ 18
Event: 3.194 Thread 0x00000000032bd800 Uncommon trap: reason=unstable_if action=reinterpret pc=0x00000000038f37b8 method=org.objectweb.asm.Type.getArgumentsAndReturnSizes(Ljava/lang/String;)I @ 41
Event: 3.224 Thread 0x00000000032bd800 Uncommon trap: reason=unstable_if action=reinterpret pc=0x0000000003916f28 method=java.io.BufferedOutputStream.write(I)V @ 9

Classes redefined (0 events):
No events

Internal exceptions (10 events):
Event: 1.923 Thread 0x00000000032bd800 Exception <a 'sun/nio/fs/WindowsException'> (0x00000000fec0e780) thrown at [D:\src\AOSP-openjdk-cygwin\jdk8u\hotspot\src\share\vm\prims\jni.cpp, line 709]
Event: 1.923 Thread 0x00000000032bd800 Exception <a 'sun/nio/fs/WindowsException'> (0x00000000fec0ec58) thrown at [D:\src\AOSP-openjdk-cygwin\jdk8u\hotspot\src\share\vm\prims\jni.cpp, line 709]
Event: 2.269 Thread 0x00000000032bd800 Exception <a 'sun/nio/fs/WindowsException'> (0x00000000fec12100) thrown at [D:\src\AOSP-openjdk-cygwin\jdk8u\hotspot\src\share\vm\prims\jni.cpp, line 709]
Event: 2.269 Thread 0x00000000032bd800 Exception <a 'sun/nio/fs/WindowsException'> (0x00000000fec125d8) thrown at [D:\src\AOSP-openjdk-cygwin\jdk8u\hotspot\src\share\vm\prims\jni.cpp, line 709]
Event: 2.516 Thread 0x00000000032bd800 Exception <a 'sun/nio/fs/WindowsException'> (0x00000000fec15a90) thrown at [D:\src\AOSP-openjdk-cygwin\jdk8u\hotspot\src\share\vm\prims\jni.cpp, line 709]
Event: 2.562 Thread 0x00000000032bd800 Exception <a 'sun/nio/fs/WindowsException'> (0x00000000fec15f68) thrown at [D:\src\AOSP-openjdk-cygwin\jdk8u\hotspot\src\share\vm\prims\jni.cpp, line 709]
Event: 3.138 Thread 0x00000000032bd800 Exception <a 'sun/nio/fs/WindowsException'> (0x00000000ff086b08) thrown at [D:\src\AOSP-openjdk-cygwin\jdk8u\hotspot\src\share\vm\prims\jni.cpp, line 709]
Event: 3.138 Thread 0x00000000032bd800 Exception <a 'sun/nio/fs/WindowsException'> (0x00000000ff086fe0) thrown at [D:\src\AOSP-openjdk-cygwin\jdk8u\hotspot\src\share\vm\prims\jni.cpp, line 709]
Event: 3.190 Thread 0x00000000032bd800 Exception <a 'sun/nio/fs/WindowsException'> (0x00000000ff08a498) thrown at [D:\src\AOSP-openjdk-cygwin\jdk8u\hotspot\src\share\vm\prims\jni.cpp, line 709]
Event: 3.190 Thread 0x00000000032bd800 Exception <a 'sun/nio/fs/WindowsException'> (0x00000000ff08a970) thrown at [D:\src\AOSP-openjdk-cygwin\jdk8u\hotspot\src\share\vm\prims\jni.cpp, line 709]

Events (10 events):
Event: 3.034 loading class org/objectweb/asm/Opcodes done
Event: 3.046 Thread 0x00000000032bd800 Uncommon trap: trap_request=0xffffff65 fr.pc=0x0000000003787bf8
Event: 3.046 Thread 0x00000000032bd800 DEOPT PACKING pc=0x0000000003787bf8 sp=0x00000000034bec50
Event: 3.046 Thread 0x00000000032bd800 DEOPT UNPACKING pc=0x000000000360556a sp=0x00000000034bec18 mode 2
Event: 3.194 Thread 0x00000000032bd800 Uncommon trap: trap_request=0xffffff65 fr.pc=0x00000000038f37b8
Event: 3.194 Thread 0x00000000032bd800 DEOPT PACKING pc=0x00000000038f37b8 sp=0x00000000034be880
Event: 3.194 Thread 0x00000000032bd800 DEOPT UNPACKING pc=0x000000000360556a sp=0x00000000034be810 mode 2
Event: 3.224 Thread 0x00000000032bd800 Uncommon trap: trap_request=0xffffff65 fr.pc=0x0000000003916f28
Event: 3.225 Thread 0x00000000032bd800 DEOPT PACKING pc=0x0000000003916f28 sp=0x00000000034befe0
Event: 3.225 Thread 0x00000000032bd800 DEOPT UNPACKING pc=0x000000000360556a sp=0x00000000034bef90 mode 2


Dynamic libraries:
0x00007ff743630000 - 0x00007ff743661000 	C:\Program Files\Android\Android Studio\jre\bin\java.exe
0x00007ffde28f0000 - 0x00007ffde2ad1000 	C:\WINDOWS\SYSTEM32\ntdll.dll
0x00007ffde1a20000 - 0x00007ffde1ad2000 	C:\WINDOWS\System32\KERNEL32.DLL
0x00007ffddf250000 - 0x00007ffddf4c3000 	C:\WINDOWS\System32\KERNELBASE.dll
0x00007ffde1ae0000 - 0x00007ffde1b81000 	C:\WINDOWS\System32\ADVAPI32.dll
0x00007ffde27f0000 - 0x00007ffde288e000 	C:\WINDOWS\System32\msvcrt.dll
0x00007ffddfda0000 - 0x00007ffddfdfb000 	C:\WINDOWS\System32\sechost.dll
0x00007ffde2010000 - 0x00007ffde2134000 	C:\WINDOWS\System32\RPCRT4.dll
0x00007ffde1e80000 - 0x00007ffde2010000 	C:\WINDOWS\System32\USER32.dll
0x00007ffddf230000 - 0x00007ffddf250000 	C:\WINDOWS\System32\win32u.dll
0x00007ffde1e50000 - 0x00007ffde1e78000 	C:\WINDOWS\System32\GDI32.dll
0x00007ffddfbe0000 - 0x00007ffddfd72000 	C:\WINDOWS\System32\gdi32full.dll
0x00007ffddf030000 - 0x00007ffddf0cf000 	C:\WINDOWS\System32\msvcp_win.dll
0x00007ffddf0d0000 - 0x00007ffddf1ca000 	C:\WINDOWS\System32\ucrtbase.dll
0x00007ffdd1c40000 - 0x00007ffdd1ea9000 	C:\WINDOWS\WinSxS\amd64_microsoft.windows.common-controls_6595b64144ccf1df_6.0.17134.112_none_fb3f961b30681c12\COMCTL32.dll
0x00007ffde16f0000 - 0x00007ffde1a13000 	C:\WINDOWS\System32\combase.dll
0x00007ffddecc0000 - 0x00007ffdded3a000 	C:\WINDOWS\System32\bcryptPrimitives.dll
0x00007ffde2890000 - 0x00007ffde28bd000 	C:\WINDOWS\System32\IMM32.DLL
0x0000000054bd0000 - 0x0000000054ca2000 	C:\Program Files\Android\Android Studio\jre\jre\bin\msvcr100.dll
0x0000000054cb0000 - 0x00000000554ee000 	C:\Program Files\Android\Android Studio\jre\jre\bin\server\jvm.dll
0x00007ffde16e0000 - 0x00007ffde16e8000 	C:\WINDOWS\System32\PSAPI.DLL
0x00007ffdc87f0000 - 0x00007ffdc87f9000 	C:\WINDOWS\SYSTEM32\WSOCK32.dll
0x00007ffde1c80000 - 0x00007ffde1cec000 	C:\WINDOWS\System32\WS2_32.dll
0x00007ffdd57a0000 - 0x00007ffdd57aa000 	C:\WINDOWS\SYSTEM32\VERSION.dll
0x00007ffddcde0000 - 0x00007ffddce03000 	C:\WINDOWS\SYSTEM32\WINMM.dll
0x00007ffddcc90000 - 0x00007ffddccba000 	C:\WINDOWS\SYSTEM32\winmmbase.dll
0x00007ffddedf0000 - 0x00007ffddee39000 	C:\WINDOWS\System32\cfgmgr32.dll
0x00007ffdc87e0000 - 0x00007ffdc87ef000 	C:\Program Files\Android\Android Studio\jre\jre\bin\verify.dll
0x00007ffdc87b0000 - 0x00007ffdc87d9000 	C:\Program Files\Android\Android Studio\jre\jre\bin\java.dll
0x00007ffdc8790000 - 0x00007ffdc87a6000 	C:\Program Files\Android\Android Studio\jre\jre\bin\zip.dll
0x00007ffde00f0000 - 0x00007ffde1530000 	C:\WINDOWS\System32\SHELL32.dll
0x00007ffde2740000 - 0x00007ffde27e9000 	C:\WINDOWS\System32\shcore.dll
0x00007ffddf4d0000 - 0x00007ffddfbdd000 	C:\WINDOWS\System32\windows.storage.dll
0x00007ffde2290000 - 0x00007ffde22e1000 	C:\WINDOWS\System32\shlwapi.dll
0x00007ffddec20000 - 0x00007ffddec31000 	C:\WINDOWS\System32\kernel.appcore.dll
0x00007ffddec50000 - 0x00007ffddec6f000 	C:\WINDOWS\System32\profapi.dll
0x00007ffddec70000 - 0x00007ffddecbc000 	C:\WINDOWS\System32\powrprof.dll
0x00007ffddec40000 - 0x00007ffddec4a000 	C:\WINDOWS\System32\FLTLIB.DLL
0x00007ffdde630000 - 0x00007ffdde647000 	C:\WINDOWS\SYSTEM32\CRYPTSP.dll
0x00007ffdde060000 - 0x00007ffdde093000 	C:\WINDOWS\system32\rsaenh.dll
0x00007ffdde760000 - 0x00007ffdde785000 	C:\WINDOWS\SYSTEM32\bcrypt.dll
0x00007ffddeb00000 - 0x00007ffddeb28000 	C:\WINDOWS\SYSTEM32\USERENV.dll
0x00007ffdde650000 - 0x00007ffdde65b000 	C:\WINDOWS\SYSTEM32\CRYPTBASE.dll
0x00007ffdc8670000 - 0x00007ffdc868a000 	C:\Program Files\Android\Android Studio\jre\jre\bin\net.dll
0x00007ffdde480000 - 0x00007ffdde4e6000 	C:\WINDOWS\system32\mswsock.dll
0x00007ffdde200000 - 0x00007ffdde238000 	C:\WINDOWS\SYSTEM32\IPHLPAPI.DLL
0x00007ffde1bf0000 - 0x00007ffde1bf8000 	C:\WINDOWS\System32\NSI.dll
0x00007ffdd7790000 - 0x00007ffdd77a6000 	C:\WINDOWS\SYSTEM32\dhcpcsvc6.DLL
0x00007ffdd6720000 - 0x00007ffdd673a000 	C:\WINDOWS\SYSTEM32\dhcpcsvc.DLL
0x00007ffdc8630000 - 0x00007ffdc8641000 	C:\Program Files\Android\Android Studio\jre\jre\bin\nio.dll

VM Arguments:
jvm_args: -Djava.awt.headless=true -Xmx64M -Dfile.encoding=x-windows-949 -Duser.country=KR -Duser.language=ko -Duser.variant 
java_command: com.google.devtools.build.android.desugar.Desugar @D:\test\app\build\intermediates\tmp\desugar_args4772830495500572646
java_class_path (initial): C:\Users\Goo\AppData\Local\Temp\desugar_deploy.jar6387874304095112173
Launcher Type: SUN_STANDARD

Environment Variables:
PATH=C:\ProgramData\Oracle\Java\javapath;C:\WINDOWS\system32;C:\WINDOWS;C:\WINDOWS\System32\Wbem;C:\WINDOWS\System32\WindowsPowerShell\v1.0\;C:\OpenSSL;;C:\WINDOWS\System32\OpenSSH\;C:\Users\Goo\AppData\Local\Microsoft\WindowsApps;
USERNAME=Goo
OS=Windows_NT
PROCESSOR_IDENTIFIER=Intel64 Family 6 Model 158 Stepping 9, GenuineIntel



---------------  S Y S T E M  ---------------

OS: Windows 10.0 , 64 bit Build 17134 (10.0.17134.1)

CPU:total 8 (initial active 8) (4 cores per cpu, 2 threads per core) family 6 model 158 stepping 9, cmov, cx8, fxsr, mmx, sse, sse2, sse3, ssse3, sse4.1, sse4.2, popcnt, avx, avx2, aes, clmul, erms, 3dnowpref, lzcnt, ht, tsc, tscinvbit, bmi1, bmi2, adx

Memory: 4k page, physical 16692940k(3264076k free), swap 16692940k(236k free)

vm_info: OpenJDK 64-Bit Server VM (25.152-b01) for windows-amd64 JRE (1.8.0_152-release-915-b01), built by "builder" with MS VC++ 10.0 (VS2010)

time: Fri Jun 22 04:30:36 2018
elapsed time: 3 seconds (0d 0h 0m 3s)

