#
# There is insufficient memory for the Java Runtime Environment to continue.
# Native memory allocation (malloc) failed to allocate 3509136 bytes for Chunk::new
# Possible reasons:
#   The system is out of physical RAM or swap space
#   In 32 bit mode, the process size limit was hit
# Possible solutions:
#   Reduce memory load on the system
#   Increase physical memory or swap space
#   Check if swap backing store is full
#   Use 64 bit Java on a 64 bit OS
#   Decrease Java heap size (-Xmx/-Xms)
#   Decrease number of Java threads
#   Decrease Java thread stack sizes (-Xss)
#   Set larger code cache with -XX:ReservedCodeCacheSize=
# This output file may be truncated or incomplete.
#
#  Out of Memory Error (allocation.cpp:390), pid=4620, tid=0x0000000000002460
#
# JRE version: OpenJDK Runtime Environment (8.0_152-b01) (build 1.8.0_152-release-915-b01)
# Java VM: OpenJDK 64-Bit Server VM (25.152-b01 mixed mode windows-amd64 compressed oops)
# Failed to write core dump. Minidumps are not enabled by default on client versions of Windows
#

---------------  T H R E A D  ---------------

Current thread (0x0000000015c33800):  JavaThread "C2 CompilerThread2" daemon [_thread_in_native, id=9312, stack(0x0000000016540000,0x0000000016640000)]

Stack: [0x0000000016540000,0x0000000016640000]
[error occurred during error reporting (printing stack bounds), id 0xc0000005]

Native frames: (J=compiled Java code, j=interpreted, Vv=VM code, C=native code)


Current CompileTask:
C2:   2269  946 %     4       org.objectweb.asm.ClassReader::a @ 1480 (3587 bytes)


---------------  P R O C E S S  ---------------

Java Threads: ( => current thread )
  0x0000000015c3d800 JavaThread "Service Thread" daemon [_thread_blocked, id=9528, stack(0x0000000016740000,0x0000000016840000)]
  0x0000000015c37800 JavaThread "C1 CompilerThread3" daemon [_thread_blocked, id=3196, stack(0x0000000016640000,0x0000000016740000)]
=>0x0000000015c33800 JavaThread "C2 CompilerThread2" daemon [_thread_in_native, id=9312, stack(0x0000000016540000,0x0000000016640000)]
  0x0000000015bdc800 JavaThread "C2 CompilerThread1" daemon [_thread_in_native, id=8668, stack(0x0000000016440000,0x0000000016540000)]
  0x0000000015bdb000 JavaThread "C2 CompilerThread0" daemon [_thread_in_native, id=6872, stack(0x0000000016340000,0x0000000016440000)]
  0x0000000015bd9800 JavaThread "Attach Listener" daemon [_thread_blocked, id=4312, stack(0x0000000016240000,0x0000000016340000)]
  0x0000000015c30000 JavaThread "Signal Dispatcher" daemon [_thread_blocked, id=4848, stack(0x0000000016140000,0x0000000016240000)]
  0x0000000015bc0800 JavaThread "Finalizer" daemon [_thread_blocked, id=12260, stack(0x0000000015fa0000,0x00000000160a0000)]
  0x0000000003488000 JavaThread "Reference Handler" daemon [_thread_blocked, id=10000, stack(0x0000000015aa0000,0x0000000015ba0000)]
  0x000000000115d800 JavaThread "main" [_thread_in_vm, id=7080, stack(0x0000000003270000,0x0000000003370000)]

Other Threads:
  0x0000000013cc5800 VMThread [stack: 0x00000000159a0000,0x0000000015aa0000] [id=9764]
  0x0000000015c3e800 WatcherThread [stack: 0x0000000016840000,0x0000000016940000] [id=7696]

VM state:not at safepoint (normal execution)

VM Mutex/Monitor currently owned by a thread: None

Heap:
 PSYoungGen      total 18944K, used 13240K [0x00000000feb00000, 0x0000000100000000, 0x0000000100000000)
  eden space 16384K, 65% used [0x00000000feb00000,0x00000000ff575488,0x00000000ffb00000)
  from space 2560K, 98% used [0x00000000ffd80000,0x00000000ffff8e10,0x0000000100000000)
  to   space 2560K, 0% used [0x00000000ffb00000,0x00000000ffb00000,0x00000000ffd80000)
 ParOldGen       total 44032K, used 5793K [0x00000000fc000000, 0x00000000feb00000, 0x00000000feb00000)
  object space 44032K, 13% used [0x00000000fc000000,0x00000000fc5a8490,0x00000000feb00000)
 Metaspace       used 7658K, capacity 7846K, committed 7936K, reserved 1056768K
  class space    used 875K, capacity 957K, committed 1024K, reserved 1048576K

Card table byte_map: [0x0000000012860000,0x0000000012890000] byte_map_base: 0x0000000012080000

Marking Bits: (ParMarkBitMap*) 0x000000005cab3950
 Begin Bits: [0x00000000130b0000, 0x00000000131b0000)
 End Bits:   [0x00000000131b0000, 0x00000000132b0000)

Polling page: 0x0000000003370000

CodeCache: size=245760Kb used=3848Kb max_used=3863Kb free=241911Kb
 bounds [0x00000000034a0000, 0x0000000003870000, 0x00000000124a0000]
 total_blobs=1349 nmethods=1015 adapters=248
 compilation: enabled

Compilation events (10 events):
Event: 2.104 Thread 0x0000000015c37800 1012       3       org.objectweb.asm.tree.MethodNode::visitTryCatchBlock (35 bytes)
Event: 2.105 Thread 0x0000000015bdb000 1015       4       org.objectweb.asm.tree.MethodNode::visitMethodInsn (43 bytes)
Event: 2.105 Thread 0x0000000015bdc800 1016       4       org.objectweb.asm.tree.MethodInsnNode::accept (30 bytes)
Event: 2.105 Thread 0x0000000015c37800 nmethod 1012 0x000000000385e890 code [0x000000000385eac0, 0x000000000385fc28]
Event: 2.105 Thread 0x0000000015c37800 1013       3       org.objectweb.asm.tree.TryCatchBlockNode::<init> (26 bytes)
Event: 2.105 Thread 0x0000000015c37800 nmethod 1013 0x0000000003852a10 code [0x0000000003852b60, 0x0000000003852d70]
Event: 2.105 Thread 0x0000000015c37800 1014       3       org.objectweb.asm.MethodWriter::visitTryCatchBlock (99 bytes)
Event: 2.105 Thread 0x0000000015c37800 nmethod 1014 0x0000000003852190 code [0x0000000003852320, 0x00000000038527c8]
Event: 2.107 Thread 0x0000000015bdb000 nmethod 1015 0x0000000003851d50 code [0x0000000003851ea0, 0x0000000003852058]
Event: 2.215 Thread 0x0000000015bdc800 nmethod 1016 0x0000000003863b10 code [0x0000000003863e80, 0x0000000003866d38]

GC Heap History (4 events):
Event: 0.981 GC heap before
{Heap before GC invocations=1 (full 0):
 PSYoungGen      total 18944K, used 16384K [0x00000000feb00000, 0x0000000100000000, 0x0000000100000000)
  eden space 16384K, 100% used [0x00000000feb00000,0x00000000ffb00000,0x00000000ffb00000)
  from space 2560K, 0% used [0x00000000ffd80000,0x00000000ffd80000,0x0000000100000000)
  to   space 2560K, 0% used [0x00000000ffb00000,0x00000000ffb00000,0x00000000ffd80000)
 ParOldGen       total 44032K, used 0K [0x00000000fc000000, 0x00000000feb00000, 0x00000000feb00000)
  object space 44032K, 0% used [0x00000000fc000000,0x00000000fc000000,0x00000000feb00000)
 Metaspace       used 6617K, capacity 6804K, committed 7040K, reserved 1056768K
  class space    used 774K, capacity 824K, committed 896K, reserved 1048576K
Event: 1.011 GC heap after
Heap after GC invocations=1 (full 0):
 PSYoungGen      total 18944K, used 2553K [0x00000000feb00000, 0x0000000100000000, 0x0000000100000000)
  eden space 16384K, 0% used [0x00000000feb00000,0x00000000feb00000,0x00000000ffb00000)
  from space 2560K, 99% used [0x00000000ffb00000,0x00000000ffd7e630,0x00000000ffd80000)
  to   space 2560K, 0% used [0x00000000ffd80000,0x00000000ffd80000,0x0000000100000000)
 ParOldGen       total 44032K, used 1555K [0x00000000fc000000, 0x00000000feb00000, 0x00000000feb00000)
  object space 44032K, 3% used [0x00000000fc000000,0x00000000fc184fa8,0x00000000feb00000)
 Metaspace       used 6617K, capacity 6804K, committed 7040K, reserved 1056768K
  class space    used 774K, capacity 824K, committed 896K, reserved 1048576K
}
Event: 1.387 GC heap before
{Heap before GC invocations=2 (full 0):
 PSYoungGen      total 18944K, used 18937K [0x00000000feb00000, 0x0000000100000000, 0x0000000100000000)
  eden space 16384K, 100% used [0x00000000feb00000,0x00000000ffb00000,0x00000000ffb00000)
  from space 2560K, 99% used [0x00000000ffb00000,0x00000000ffd7e630,0x00000000ffd80000)
  to   space 2560K, 0% used [0x00000000ffd80000,0x00000000ffd80000,0x0000000100000000)
 ParOldGen       total 44032K, used 1555K [0x00000000fc000000, 0x00000000feb00000, 0x00000000feb00000)
  object space 44032K, 3% used [0x00000000fc000000,0x00000000fc184fa8,0x00000000feb00000)
 Metaspace       used 6966K, capacity 7110K, committed 7296K, reserved 1056768K
  class space    used 816K, capacity 861K, committed 896K, reserved 1048576K
Event: 1.393 GC heap after
Heap after GC invocations=2 (full 0):
 PSYoungGen      total 18944K, used 2531K [0x00000000feb00000, 0x0000000100000000, 0x0000000100000000)
  eden space 16384K, 0% used [0x00000000feb00000,0x00000000feb00000,0x00000000ffb00000)
  from space 2560K, 98% used [0x00000000ffd80000,0x00000000ffff8e10,0x0000000100000000)
  to   space 2560K, 0% used [0x00000000ffb00000,0x00000000ffb00000,0x00000000ffd80000)
 ParOldGen       total 44032K, used 5793K [0x00000000fc000000, 0x00000000feb00000, 0x00000000feb00000)
  object space 44032K, 13% used [0x00000000fc000000,0x00000000fc5a8490,0x00000000feb00000)
 Metaspace       used 6966K, capacity 7110K, committed 7296K, reserved 1056768K
  class space    used 816K, capacity 861K, committed 896K, reserved 1048576K
}

Deoptimization events (10 events):
Event: 1.040 Thread 0x000000000115d800 Uncommon trap: reason=unstable_if action=reinterpret pc=0x00000000036d7e08 method=java.util.HashMap$HashIterator.nextNode()Ljava/util/HashMap$Node; @ 74
Event: 1.163 Thread 0x000000000115d800 Uncommon trap: reason=unstable_if action=reinterpret pc=0x00000000036d8308 method=java.util.HashMap$HashIterator.nextNode()Ljava/util/HashMap$Node; @ 74
Event: 1.351 Thread 0x000000000115d800 Uncommon trap: reason=unloaded action=reinterpret pc=0x00000000036c643c method=java.util.zip.ZipEntry.setExtra0([BZ)V @ 37
Event: 1.766 Thread 0x000000000115d800 Uncommon trap: reason=unstable_if action=reinterpret pc=0x00000000037e9270 method=org.objectweb.asm.Type.getArgumentsAndReturnSizes(Ljava/lang/String;)I @ 41
Event: 1.781 Thread 0x000000000115d800 Uncommon trap: reason=unstable_if action=reinterpret pc=0x00000000037a921c method=java.lang.String.<init>([CII)V @ 18
Event: 1.806 Thread 0x000000000115d800 Uncommon trap: reason=unstable_if action=reinterpret pc=0x000000000377a298 method=java.lang.String.<init>([CII)V @ 18
Event: 1.895 Thread 0x000000000115d800 Uncommon trap: reason=class_check action=maybe_recompile pc=0x000000000380e224 method=org.objectweb.asm.MethodVisitor.visitVarInsn(II)V @ 13
Event: 1.895 Thread 0x000000000115d800 Uncommon trap: reason=class_check action=maybe_recompile pc=0x000000000380e224 method=org.objectweb.asm.MethodVisitor.visitVarInsn(II)V @ 13
Event: 1.896 Thread 0x000000000115d800 Uncommon trap: reason=class_check action=maybe_recompile pc=0x000000000380e224 method=org.objectweb.asm.MethodVisitor.visitVarInsn(II)V @ 13
Event: 1.896 Thread 0x000000000115d800 Uncommon trap: reason=class_check action=maybe_recompile pc=0x000000000380e224 method=org.objectweb.asm.MethodVisitor.visitVarInsn(II)V @ 13

Classes redefined (0 events):
No events

Internal exceptions (10 events):
Event: 1.404 Thread 0x000000000115d800 Exception <a 'sun/nio/fs/WindowsException'> (0x00000000febe8bf8) thrown at [D:\src\AOSP-openjdk-cygwin\jdk8u\hotspot\src\share\vm\prims\jni.cpp, line 709]
Event: 1.404 Thread 0x000000000115d800 Exception <a 'sun/nio/fs/WindowsException'> (0x00000000febe9150) thrown at [D:\src\AOSP-openjdk-cygwin\jdk8u\hotspot\src\share\vm\prims\jni.cpp, line 709]
Event: 1.414 Thread 0x000000000115d800 Exception <a 'sun/nio/fs/WindowsException'> (0x00000000febf4938) thrown at [D:\src\AOSP-openjdk-cygwin\jdk8u\hotspot\src\share\vm\prims\jni.cpp, line 709]
Event: 1.414 Thread 0x000000000115d800 Exception <a 'sun/nio/fs/WindowsException'> (0x00000000febf4e10) thrown at [D:\src\AOSP-openjdk-cygwin\jdk8u\hotspot\src\share\vm\prims\jni.cpp, line 709]
Event: 1.461 Thread 0x000000000115d800 Exception <a 'sun/nio/fs/WindowsException'> (0x00000000febf82b0) thrown at [D:\src\AOSP-openjdk-cygwin\jdk8u\hotspot\src\share\vm\prims\jni.cpp, line 709]
Event: 1.461 Thread 0x000000000115d800 Exception <a 'sun/nio/fs/WindowsException'> (0x00000000febf8788) thrown at [D:\src\AOSP-openjdk-cygwin\jdk8u\hotspot\src\share\vm\prims\jni.cpp, line 709]
Event: 1.648 Thread 0x000000000115d800 Exception <a 'sun/nio/fs/WindowsException'> (0x00000000feea1f18) thrown at [D:\src\AOSP-openjdk-cygwin\jdk8u\hotspot\src\share\vm\prims\jni.cpp, line 709]
Event: 1.648 Thread 0x000000000115d800 Exception <a 'sun/nio/fs/WindowsException'> (0x00000000feea23f0) thrown at [D:\src\AOSP-openjdk-cygwin\jdk8u\hotspot\src\share\vm\prims\jni.cpp, line 709]
Event: 1.740 Thread 0x000000000115d800 Exception <a 'sun/nio/fs/WindowsException'> (0x00000000feea5890) thrown at [D:\src\AOSP-openjdk-cygwin\jdk8u\hotspot\src\share\vm\prims\jni.cpp, line 709]
Event: 1.740 Thread 0x000000000115d800 Exception <a 'sun/nio/fs/WindowsException'> (0x00000000feea5d68) thrown at [D:\src\AOSP-openjdk-cygwin\jdk8u\hotspot\src\share\vm\prims\jni.cpp, line 709]

Events (10 events):
Event: 1.895 Thread 0x000000000115d800 DEOPT UNPACKING pc=0x00000000034e556a sp=0x000000000336ed40 mode 2
Event: 1.895 Thread 0x000000000115d800 Uncommon trap: trap_request=0xffffffde fr.pc=0x000000000380e224
Event: 1.895 Thread 0x000000000115d800 DEOPT PACKING pc=0x000000000380e224 sp=0x000000000336ed90
Event: 1.895 Thread 0x000000000115d800 DEOPT UNPACKING pc=0x00000000034e556a sp=0x000000000336ed40 mode 2
Event: 1.896 Thread 0x000000000115d800 Uncommon trap: trap_request=0xffffffde fr.pc=0x000000000380e224
Event: 1.896 Thread 0x000000000115d800 DEOPT PACKING pc=0x000000000380e224 sp=0x000000000336ed90
Event: 1.896 Thread 0x000000000115d800 DEOPT UNPACKING pc=0x00000000034e556a sp=0x000000000336ed40 mode 2
Event: 1.896 Thread 0x000000000115d800 Uncommon trap: trap_request=0xffffffde fr.pc=0x000000000380e224
Event: 1.896 Thread 0x000000000115d800 DEOPT PACKING pc=0x000000000380e224 sp=0x000000000336ed90
Event: 1.896 Thread 0x000000000115d800 DEOPT UNPACKING pc=0x00000000034e556a sp=0x000000000336ed40 mode 2


Dynamic libraries:
0x00007ff75c570000 - 0x00007ff75c5a1000 	C:\Program Files\Android\Android Studio\jre\bin\java.exe
0x00007ffa30930000 - 0x00007ffa30b11000 	C:\WINDOWS\SYSTEM32\ntdll.dll
0x00007ffa306b0000 - 0x00007ffa30762000 	C:\WINDOWS\System32\KERNEL32.DLL
0x00007ffa2d110000 - 0x00007ffa2d383000 	C:\WINDOWS\System32\KERNELBASE.dll
0x00007ffa2ef50000 - 0x00007ffa2eff1000 	C:\WINDOWS\System32\ADVAPI32.dll
0x00007ffa2e860000 - 0x00007ffa2e8fe000 	C:\WINDOWS\System32\msvcrt.dll
0x00007ffa2dfb0000 - 0x00007ffa2e00b000 	C:\WINDOWS\System32\sechost.dll
0x00007ffa307d0000 - 0x00007ffa308f4000 	C:\WINDOWS\System32\RPCRT4.dll
0x00007ffa30440000 - 0x00007ffa305d0000 	C:\WINDOWS\System32\USER32.dll
0x00007ffa2d390000 - 0x00007ffa2d3b0000 	C:\WINDOWS\System32\win32u.dll
0x00007ffa2df80000 - 0x00007ffa2dfa8000 	C:\WINDOWS\System32\GDI32.dll
0x00007ffa2d510000 - 0x00007ffa2d6a2000 	C:\WINDOWS\System32\gdi32full.dll
0x00007ffa2cff0000 - 0x00007ffa2d08f000 	C:\WINDOWS\System32\msvcp_win.dll
0x00007ffa2d410000 - 0x00007ffa2d50a000 	C:\WINDOWS\System32\ucrtbase.dll
0x00007ffa202d0000 - 0x00007ffa20539000 	C:\WINDOWS\WinSxS\amd64_microsoft.windows.common-controls_6595b64144ccf1df_6.0.17134.112_none_fb3f961b30681c12\COMCTL32.dll
0x00007ffa2e2e0000 - 0x00007ffa2e603000 	C:\WINDOWS\System32\combase.dll
0x00007ffa2d090000 - 0x00007ffa2d10a000 	C:\WINDOWS\System32\bcryptPrimitives.dll
0x00007ffa2e700000 - 0x00007ffa2e72d000 	C:\WINDOWS\System32\IMM32.DLL
0x000000005c210000 - 0x000000005c2e2000 	C:\Program Files\Android\Android Studio\jre\jre\bin\msvcr100.dll
0x000000005c2f0000 - 0x000000005cb2e000 	C:\Program Files\Android\Android Studio\jre\jre\bin\server\jvm.dll
0x00007ffa2eed0000 - 0x00007ffa2eed8000 	C:\WINDOWS\System32\PSAPI.DLL
0x00007ffa222f0000 - 0x00007ffa222fa000 	C:\WINDOWS\SYSTEM32\VERSION.dll
0x00007ffa29a00000 - 0x00007ffa29a23000 	C:\WINDOWS\SYSTEM32\WINMM.dll
0x00007ffa29360000 - 0x00007ffa29369000 	C:\WINDOWS\SYSTEM32\WSOCK32.dll
0x00007ffa2eee0000 - 0x00007ffa2ef4c000 	C:\WINDOWS\System32\WS2_32.dll
0x00007ffa299d0000 - 0x00007ffa299fa000 	C:\WINDOWS\SYSTEM32\WINMMBASE.dll
0x00007ffa2cfa0000 - 0x00007ffa2cfe9000 	C:\WINDOWS\System32\cfgmgr32.dll
0x00007ffa25450000 - 0x00007ffa2545f000 	C:\Program Files\Android\Android Studio\jre\jre\bin\verify.dll
0x00007ffa21870000 - 0x00007ffa21899000 	C:\Program Files\Android\Android Studio\jre\jre\bin\java.dll
0x00007ffa25430000 - 0x00007ffa25446000 	C:\Program Files\Android\Android Studio\jre\jre\bin\zip.dll
0x00007ffa2f000000 - 0x00007ffa30440000 	C:\WINDOWS\System32\SHELL32.dll
0x00007ffa2e230000 - 0x00007ffa2e2d9000 	C:\WINDOWS\System32\shcore.dll
0x00007ffa2d6b0000 - 0x00007ffa2ddbd000 	C:\WINDOWS\System32\windows.storage.dll
0x00007ffa305d0000 - 0x00007ffa30621000 	C:\WINDOWS\System32\shlwapi.dll
0x00007ffa2cc70000 - 0x00007ffa2cc81000 	C:\WINDOWS\System32\kernel.appcore.dll
0x00007ffa2cc90000 - 0x00007ffa2ccaf000 	C:\WINDOWS\System32\profapi.dll
0x00007ffa2ccb0000 - 0x00007ffa2ccfc000 	C:\WINDOWS\System32\powrprof.dll
0x00007ffa2cc60000 - 0x00007ffa2cc6a000 	C:\WINDOWS\System32\FLTLIB.DLL
0x00007ffa2c670000 - 0x00007ffa2c687000 	C:\WINDOWS\SYSTEM32\CRYPTSP.dll
0x00007ffa2c0a0000 - 0x00007ffa2c0d3000 	C:\WINDOWS\system32\rsaenh.dll
0x00007ffa2c7a0000 - 0x00007ffa2c7c5000 	C:\WINDOWS\SYSTEM32\bcrypt.dll
0x00007ffa2cb40000 - 0x00007ffa2cb68000 	C:\WINDOWS\SYSTEM32\USERENV.dll
0x00007ffa2c690000 - 0x00007ffa2c69b000 	C:\WINDOWS\SYSTEM32\CRYPTBASE.dll
0x00007ffa1e870000 - 0x00007ffa1e88a000 	C:\Program Files\Android\Android Studio\jre\jre\bin\net.dll
0x00007ffa2c4c0000 - 0x00007ffa2c526000 	C:\WINDOWS\system32\mswsock.dll
0x00007ffa2c240000 - 0x00007ffa2c278000 	C:\WINDOWS\SYSTEM32\IPHLPAPI.DLL
0x00007ffa2ddc0000 - 0x00007ffa2ddc8000 	C:\WINDOWS\System32\NSI.dll
0x00007ffa27700000 - 0x00007ffa27716000 	C:\WINDOWS\SYSTEM32\dhcpcsvc6.DLL
0x00007ffa27630000 - 0x00007ffa2764a000 	C:\WINDOWS\SYSTEM32\dhcpcsvc.DLL
0x00007ffa154b0000 - 0x00007ffa154c1000 	C:\Program Files\Android\Android Studio\jre\jre\bin\nio.dll

VM Arguments:
jvm_args: -Djava.awt.headless=true -Xmx64M -Dfile.encoding=x-windows-949 -Duser.country=KR -Duser.language=ko -Duser.variant 
java_command: com.google.devtools.build.android.desugar.Desugar @D:\test\app\build\intermediates\tmp\desugar_args4254842586641374068
java_class_path (initial): C:\Users\Goo\AppData\Local\Temp\desugar_deploy.jar1207099034111372273
Launcher Type: SUN_STANDARD

Environment Variables:
PATH=C:\ProgramData\Oracle\Java\javapath;C:\WINDOWS\system32;C:\WINDOWS;C:\WINDOWS\System32\Wbem;C:\WINDOWS\System32\WindowsPowerShell\v1.0\;C:\OpenSSL;;C:\WINDOWS\System32\OpenSSH\;C:\Users\Goo\AppData\Local\Microsoft\WindowsApps;
USERNAME=Goo
OS=Windows_NT
PROCESSOR_IDENTIFIER=Intel64 Family 6 Model 158 Stepping 9, GenuineIntel



---------------  S Y S T E M  ---------------

OS: Windows 10.0 , 64 bit Build 17134 (10.0.17134.1)

CPU:total 8 (initial active 8) (4 cores per cpu, 2 threads per core) family 6 model 158 stepping 9, cmov, cx8, fxsr, mmx, sse, sse2, sse3, ssse3, sse4.1, sse4.2, popcnt, avx, avx2, aes, clmul, erms, 3dnowpref, lzcnt, ht, tsc, tscinvbit, bmi1, bmi2, adx

Memory: 4k page, physical 16692940k(5281892k free), swap 16692940k(3708k free)

vm_info: OpenJDK 64-Bit Server VM (25.152-b01) for windows-amd64 JRE (1.8.0_152-release-915-b01), built by "builder" with MS VC++ 10.0 (VS2010)

time: Fri Jun 15 06:24:52 2018
elapsed time: 2 seconds (0d 0h 0m 2s)

