#
# There is insufficient memory for the Java Runtime Environment to continue.
# Native memory allocation (malloc) failed to allocate 98496 bytes for Chunk::new
# Possible reasons:
#   The system is out of physical RAM or swap space
#   In 32 bit mode, the process size limit was hit
# Possible solutions:
#   Reduce memory load on the system
#   Increase physical memory or swap space
#   Check if swap backing store is full
#   Use 64 bit Java on a 64 bit OS
#   Decrease Java heap size (-Xmx/-Xms)
#   Decrease number of Java threads
#   Decrease Java thread stack sizes (-Xss)
#   Set larger code cache with -XX:ReservedCodeCacheSize=
# This output file may be truncated or incomplete.
#
#  Out of Memory Error (allocation.cpp:390), pid=3836, tid=0x0000000000001768
#
# JRE version: OpenJDK Runtime Environment (8.0_152-b01) (build 1.8.0_152-release-915-b01)
# Java VM: OpenJDK 64-Bit Server VM (25.152-b01 mixed mode windows-amd64 compressed oops)
# Failed to write core dump. Minidumps are not enabled by default on client versions of Windows
#

---------------  T H R E A D  ---------------

Current thread (0x0000000015081000):  JavaThread "C2 CompilerThread1" daemon [_thread_in_native, id=5992, stack(0x0000000015890000,0x0000000015990000)]

Stack: [0x0000000015890000,0x0000000015990000]
[error occurred during error reporting (printing stack bounds), id 0xc0000005]

Native frames: (J=compiled Java code, j=interpreted, Vv=VM code, C=native code)


Current CompileTask:
C2:   3926  832       4       org.objectweb.asm.ClassReader::readUTF8 (60 bytes)


---------------  P R O C E S S  ---------------

Java Threads: ( => current thread )
  0x00000000150fa800 JavaThread "Service Thread" daemon [_thread_blocked, id=10108, stack(0x0000000015b90000,0x0000000015c90000)]
  0x0000000015088000 JavaThread "C1 CompilerThread3" daemon [_thread_in_native, id=11692, stack(0x0000000015a90000,0x0000000015b90000)]
  0x0000000015083000 JavaThread "C2 CompilerThread2" daemon [_thread_blocked, id=12992, stack(0x0000000015990000,0x0000000015a90000)]
=>0x0000000015081000 JavaThread "C2 CompilerThread1" daemon [_thread_in_native, id=5992, stack(0x0000000015890000,0x0000000015990000)]
  0x000000001311e800 JavaThread "C2 CompilerThread0" daemon [_thread_blocked, id=92, stack(0x0000000015790000,0x0000000015890000)]
  0x000000001502a000 JavaThread "Attach Listener" daemon [_thread_blocked, id=9232, stack(0x0000000015690000,0x0000000015790000)]
  0x0000000015080000 JavaThread "Signal Dispatcher" daemon [_thread_blocked, id=2372, stack(0x0000000015590000,0x0000000015690000)]
  0x0000000013111800 JavaThread "Finalizer" daemon [_thread_blocked, id=8592, stack(0x00000000153f0000,0x00000000154f0000)]
  0x0000000002919000 JavaThread "Reference Handler" daemon [_thread_blocked, id=9156, stack(0x0000000014ef0000,0x0000000014ff0000)]
  0x000000000238d800 JavaThread "main" [_thread_in_Java, id=13176, stack(0x0000000002390000,0x0000000002490000)]

Other Threads:
  0x0000000013105800 VMThread [stack: 0x0000000014df0000,0x0000000014ef0000] [id=8264]
  0x00000000150fb000 WatcherThread [stack: 0x0000000015c90000,0x0000000015d90000] [id=5036]

VM state:not at safepoint (normal execution)

VM Mutex/Monitor currently owned by a thread: None

Heap:
 PSYoungGen      total 18944K, used 5818K [0x00000000feb00000, 0x0000000100000000, 0x0000000100000000)
  eden space 16384K, 20% used [0x00000000feb00000,0x00000000fee35e00,0x00000000ffb00000)
  from space 2560K, 98% used [0x00000000ffd80000,0x00000000ffff8df0,0x0000000100000000)
  to   space 2560K, 0% used [0x00000000ffb00000,0x00000000ffb00000,0x00000000ffd80000)
 ParOldGen       total 44032K, used 5739K [0x00000000fc000000, 0x00000000feb00000, 0x00000000feb00000)
  object space 44032K, 13% used [0x00000000fc000000,0x00000000fc59ae50,0x00000000feb00000)
 Metaspace       used 7499K, capacity 7722K, committed 7936K, reserved 1056768K
  class space    used 872K, capacity 957K, committed 1024K, reserved 1048576K

Card table byte_map: [0x0000000002490000,0x00000000024c0000] byte_map_base: 0x0000000001cb0000

Marking Bits: (ParMarkBitMap*) 0x000000005d303950
 Begin Bits: [0x0000000012500000, 0x0000000012600000)
 End Bits:   [0x0000000012600000, 0x0000000012700000)

Polling page: 0x0000000000bb0000

CodeCache: size=245760Kb used=2918Kb max_used=2930Kb free=242841Kb
 bounds [0x0000000002920000, 0x0000000002c10000, 0x0000000011920000]
 total_blobs=1161 nmethods=827 adapters=248
 compilation: enabled

Compilation events (10 events):
Event: 3.915 Thread 0x0000000015088000  823       3       org.objectweb.asm.ByteVector::putInt (74 bytes)
Event: 3.915 Thread 0x0000000015088000 nmethod 823 0x0000000002bf9b50 code [0x0000000002bf9cc0, 0x0000000002bf9f48]
Event: 3.916 Thread 0x0000000015088000  824       3       org.objectweb.asm.ClassReader::readShort (27 bytes)
Event: 3.916 Thread 0x0000000015088000 nmethod 824 0x0000000002bfa110 code [0x0000000002bfa260, 0x0000000002bfa410]
Event: 3.916 Thread 0x0000000015088000  825       3       org.objectweb.asm.ClassVisitor::visitField (24 bytes)
Event: 3.916 Thread 0x0000000015088000 nmethod 825 0x0000000002bfa510 code [0x0000000002bfa680, 0x0000000002bfa8e8]
Event: 3.916 Thread 0x0000000015088000  826       3       org.objectweb.asm.ClassReader::a (3587 bytes)
Event: 3.918 Thread 0x000000001311e800  830       4       org.objectweb.asm.ClassReader::a (194 bytes)
Event: 3.918 Thread 0x0000000015083000  831       4       org.objectweb.asm.ByteVector::putUTF8 (142 bytes)
Event: 3.920 Thread 0x0000000015081000  832       4       org.objectweb.asm.ClassReader::readUTF8 (60 bytes)

GC Heap History (4 events):
Event: 1.155 GC heap before
{Heap before GC invocations=1 (full 0):
 PSYoungGen      total 18944K, used 16384K [0x00000000feb00000, 0x0000000100000000, 0x0000000100000000)
  eden space 16384K, 100% used [0x00000000feb00000,0x00000000ffb00000,0x00000000ffb00000)
  from space 2560K, 0% used [0x00000000ffd80000,0x00000000ffd80000,0x0000000100000000)
  to   space 2560K, 0% used [0x00000000ffb00000,0x00000000ffb00000,0x00000000ffd80000)
 ParOldGen       total 44032K, used 0K [0x00000000fc000000, 0x00000000feb00000, 0x00000000feb00000)
  object space 44032K, 0% used [0x00000000fc000000,0x00000000fc000000,0x00000000feb00000)
 Metaspace       used 6615K, capacity 6808K, committed 7040K, reserved 1056768K
  class space    used 773K, capacity 824K, committed 896K, reserved 1048576K
Event: 1.185 GC heap after
Heap after GC invocations=1 (full 0):
 PSYoungGen      total 18944K, used 2537K [0x00000000feb00000, 0x0000000100000000, 0x0000000100000000)
  eden space 16384K, 0% used [0x00000000feb00000,0x00000000feb00000,0x00000000ffb00000)
  from space 2560K, 99% used [0x00000000ffb00000,0x00000000ffd7a620,0x00000000ffd80000)
  to   space 2560K, 0% used [0x00000000ffd80000,0x00000000ffd80000,0x0000000100000000)
 ParOldGen       total 44032K, used 1518K [0x00000000fc000000, 0x00000000feb00000, 0x00000000feb00000)
  object space 44032K, 3% used [0x00000000fc000000,0x00000000fc17b948,0x00000000feb00000)
 Metaspace       used 6615K, capacity 6808K, committed 7040K, reserved 1056768K
  class space    used 773K, capacity 824K, committed 896K, reserved 1048576K
}
Event: 2.010 GC heap before
{Heap before GC invocations=2 (full 0):
 PSYoungGen      total 18944K, used 18921K [0x00000000feb00000, 0x0000000100000000, 0x0000000100000000)
  eden space 16384K, 100% used [0x00000000feb00000,0x00000000ffb00000,0x00000000ffb00000)
  from space 2560K, 99% used [0x00000000ffb00000,0x00000000ffd7a620,0x00000000ffd80000)
  to   space 2560K, 0% used [0x00000000ffd80000,0x00000000ffd80000,0x0000000100000000)
 ParOldGen       total 44032K, used 1518K [0x00000000fc000000, 0x00000000feb00000, 0x00000000feb00000)
  object space 44032K, 3% used [0x00000000fc000000,0x00000000fc17b948,0x00000000feb00000)
 Metaspace       used 6961K, capacity 7114K, committed 7296K, reserved 1056768K
  class space    used 816K, capacity 861K, committed 896K, reserved 1048576K
Event: 2.032 GC heap after
Heap after GC invocations=2 (full 0):
 PSYoungGen      total 18944K, used 2531K [0x00000000feb00000, 0x0000000100000000, 0x0000000100000000)
  eden space 16384K, 0% used [0x00000000feb00000,0x00000000feb00000,0x00000000ffb00000)
  from space 2560K, 98% used [0x00000000ffd80000,0x00000000ffff8df0,0x0000000100000000)
  to   space 2560K, 0% used [0x00000000ffb00000,0x00000000ffb00000,0x00000000ffd80000)
 ParOldGen       total 44032K, used 5739K [0x00000000fc000000, 0x00000000feb00000, 0x00000000feb00000)
  object space 44032K, 13% used [0x00000000fc000000,0x00000000fc59ae50,0x00000000feb00000)
 Metaspace       used 6961K, capacity 7114K, committed 7296K, reserved 1056768K
  class space    used 816K, capacity 861K, committed 896K, reserved 1048576K
}

Deoptimization events (10 events):
Event: 1.079 Thread 0x000000000238d800 Uncommon trap: reason=unstable_if action=reinterpret pc=0x0000000002b538b8 method=java.util.zip.ZipCoder.decoder()Ljava/nio/charset/CharsetDecoder; @ 4
Event: 1.080 Thread 0x000000000238d800 Uncommon trap: reason=unstable_if action=reinterpret pc=0x0000000002b498dc method=java.util.zip.ZipFile$ZipEntryIterator.hasNext()Z @ 25
Event: 1.080 Thread 0x000000000238d800 Uncommon trap: reason=unstable_if action=reinterpret pc=0x0000000002b4a498 method=java.util.zip.ZipCoder.decoder()Ljava/nio/charset/CharsetDecoder; @ 4
Event: 1.205 Thread 0x000000000238d800 Uncommon trap: reason=unstable_if action=reinterpret pc=0x0000000002b58a6c method=java.util.zip.ZipCoder.decoder()Ljava/nio/charset/CharsetDecoder; @ 4
Event: 1.206 Thread 0x000000000238d800 Uncommon trap: reason=unstable_if action=reinterpret pc=0x0000000002b5af6c method=java.util.zip.ZipCoder.decoder()Ljava/nio/charset/CharsetDecoder; @ 4
Event: 1.206 Thread 0x000000000238d800 Uncommon trap: reason=unstable_if action=reinterpret pc=0x0000000002b48e80 method=java.util.zip.ZipCoder.decoder()Ljava/nio/charset/CharsetDecoder; @ 4
Event: 1.224 Thread 0x000000000238d800 Uncommon trap: reason=unstable_if action=reinterpret pc=0x0000000002b6ac08 method=java.util.HashMap$HashIterator.nextNode()Ljava/util/HashMap$Node; @ 74
Event: 1.323 Thread 0x000000000238d800 Uncommon trap: reason=unstable_if action=reinterpret pc=0x0000000002b697c8 method=java.util.HashMap$HashIterator.nextNode()Ljava/util/HashMap$Node; @ 74
Event: 1.986 Thread 0x000000000238d800 Uncommon trap: reason=unloaded action=reinterpret pc=0x0000000002b5d8bc method=java.util.zip.ZipEntry.setExtra0([BZ)V @ 37
Event: 2.098 Thread 0x000000000238d800 Uncommon trap: reason=unstable_if action=reinterpret pc=0x0000000002aba878 method=java.lang.String.<init>([CII)V @ 18

Classes redefined (0 events):
No events

Internal exceptions (10 events):
Event: 2.702 Thread 0x000000000238d800 Exception <a 'sun/nio/fs/WindowsException'> (0x00000000fed89c18) thrown at [D:\src\AOSP-openjdk-cygwin\jdk8u\hotspot\src\share\vm\prims\jni.cpp, line 709]
Event: 2.702 Thread 0x000000000238d800 Exception <a 'sun/nio/fs/WindowsException'> (0x00000000fed8a0f0) thrown at [D:\src\AOSP-openjdk-cygwin\jdk8u\hotspot\src\share\vm\prims\jni.cpp, line 709]
Event: 3.024 Thread 0x000000000238d800 Exception <a 'sun/nio/fs/WindowsException'> (0x00000000fed8d598) thrown at [D:\src\AOSP-openjdk-cygwin\jdk8u\hotspot\src\share\vm\prims\jni.cpp, line 709]
Event: 3.024 Thread 0x000000000238d800 Exception <a 'sun/nio/fs/WindowsException'> (0x00000000fed8da70) thrown at [D:\src\AOSP-openjdk-cygwin\jdk8u\hotspot\src\share\vm\prims\jni.cpp, line 709]
Event: 3.377 Thread 0x000000000238d800 Exception <a 'sun/nio/fs/WindowsException'> (0x00000000fed90f30) thrown at [D:\src\AOSP-openjdk-cygwin\jdk8u\hotspot\src\share\vm\prims\jni.cpp, line 709]
Event: 3.377 Thread 0x000000000238d800 Exception <a 'sun/nio/fs/WindowsException'> (0x00000000fed91408) thrown at [D:\src\AOSP-openjdk-cygwin\jdk8u\hotspot\src\share\vm\prims\jni.cpp, line 709]
Event: 3.510 Thread 0x000000000238d800 Exception <a 'sun/nio/fs/WindowsException'> (0x00000000fed948d8) thrown at [D:\src\AOSP-openjdk-cygwin\jdk8u\hotspot\src\share\vm\prims\jni.cpp, line 709]
Event: 3.628 Thread 0x000000000238d800 Exception <a 'sun/nio/fs/WindowsException'> (0x00000000fed94db0) thrown at [D:\src\AOSP-openjdk-cygwin\jdk8u\hotspot\src\share\vm\prims\jni.cpp, line 709]
Event: 3.858 Thread 0x000000000238d800 Exception <a 'sun/nio/fs/WindowsException'> (0x00000000fed98268) thrown at [D:\src\AOSP-openjdk-cygwin\jdk8u\hotspot\src\share\vm\prims\jni.cpp, line 709]
Event: 3.906 Thread 0x000000000238d800 Exception <a 'sun/nio/fs/WindowsException'> (0x00000000fed98740) thrown at [D:\src\AOSP-openjdk-cygwin\jdk8u\hotspot\src\share\vm\prims\jni.cpp, line 709]

Events (10 events):
Event: 2.160 loading class java/util/zip/ZipOutputStream$XEntry
Event: 2.160 loading class java/util/zip/ZipOutputStream$XEntry done
Event: 2.163 loading class org/objectweb/asm/Opcodes
Event: 2.163 loading class org/objectweb/asm/Opcodes done
Event: 2.172 loading class org/objectweb/asm/tree/TryCatchBlockNode
Event: 2.172 loading class org/objectweb/asm/tree/TryCatchBlockNode done
Event: 2.172 loading class org/objectweb/asm/Handler
Event: 2.172 loading class org/objectweb/asm/Handler done
Event: 2.255 loading class java/util/Vector$Itr
Event: 2.255 loading class java/util/Vector$Itr done


Dynamic libraries:
0x00007ff6199f0000 - 0x00007ff619a21000 	C:\Program Files\Android\Android Studio\jre\bin\java.exe
0x00007ff98de30000 - 0x00007ff98e011000 	C:\WINDOWS\SYSTEM32\ntdll.dll
0x00007ff98c160000 - 0x00007ff98c212000 	C:\WINDOWS\System32\KERNEL32.DLL
0x00007ff98a400000 - 0x00007ff98a673000 	C:\WINDOWS\System32\KERNELBASE.dll
0x00007ff98b860000 - 0x00007ff98b901000 	C:\WINDOWS\System32\ADVAPI32.dll
0x00007ff98bd20000 - 0x00007ff98bdbe000 	C:\WINDOWS\System32\msvcrt.dll
0x00007ff98b910000 - 0x00007ff98b96b000 	C:\WINDOWS\System32\sechost.dll
0x00007ff98b3b0000 - 0x00007ff98b4d4000 	C:\WINDOWS\System32\RPCRT4.dll
0x00007ff98b9f0000 - 0x00007ff98bb80000 	C:\WINDOWS\System32\USER32.dll
0x00007ff98b2a0000 - 0x00007ff98b2c0000 	C:\WINDOWS\System32\win32u.dll
0x00007ff98b380000 - 0x00007ff98b3a8000 	C:\WINDOWS\System32\GDI32.dll
0x00007ff98b060000 - 0x00007ff98b1f2000 	C:\WINDOWS\System32\gdi32full.dll
0x00007ff98b200000 - 0x00007ff98b29f000 	C:\WINDOWS\System32\msvcp_win.dll
0x00007ff98a300000 - 0x00007ff98a3fa000 	C:\WINDOWS\System32\ucrtbase.dll
0x00007ff97d610000 - 0x00007ff97d879000 	C:\WINDOWS\WinSxS\amd64_microsoft.windows.common-controls_6595b64144ccf1df_6.0.17134.48_none_b4b2216a3cb4dd3e\COMCTL32.dll
0x00007ff98bdd0000 - 0x00007ff98c0f3000 	C:\WINDOWS\System32\combase.dll
0x00007ff98adf0000 - 0x00007ff98ae6a000 	C:\WINDOWS\System32\bcryptPrimitives.dll
0x00007ff98b5c0000 - 0x00007ff98b5ed000 	C:\WINDOWS\System32\IMM32.DLL
0x000000005ca60000 - 0x000000005cb32000 	C:\Program Files\Android\Android Studio\jre\jre\bin\msvcr100.dll
0x000000005cb40000 - 0x000000005d37e000 	C:\Program Files\Android\Android Studio\jre\jre\bin\server\jvm.dll
0x00007ff98b5b0000 - 0x00007ff98b5b8000 	C:\WINDOWS\System32\PSAPI.DLL
0x00007ff987c20000 - 0x00007ff987c43000 	C:\WINDOWS\SYSTEM32\WINMM.dll
0x00007ff982480000 - 0x00007ff98248a000 	C:\WINDOWS\SYSTEM32\VERSION.dll
0x00007ff985c60000 - 0x00007ff985c69000 	C:\WINDOWS\SYSTEM32\WSOCK32.dll
0x00007ff987620000 - 0x00007ff98764a000 	C:\WINDOWS\SYSTEM32\winmmbase.dll
0x00007ff98a2b0000 - 0x00007ff98a2f9000 	C:\WINDOWS\System32\cfgmgr32.dll
0x00007ff98b970000 - 0x00007ff98b9dc000 	C:\WINDOWS\System32\WS2_32.dll
0x00007ff96ba40000 - 0x00007ff96ba4f000 	C:\Program Files\Android\Android Studio\jre\jre\bin\verify.dll
0x00007ff96ba10000 - 0x00007ff96ba39000 	C:\Program Files\Android\Android Studio\jre\jre\bin\java.dll
0x00007ff96b9f0000 - 0x00007ff96ba06000 	C:\Program Files\Android\Android Studio\jre\jre\bin\zip.dll
0x00007ff98c2a0000 - 0x00007ff98d6e0000 	C:\WINDOWS\System32\SHELL32.dll
0x00007ff98b4e0000 - 0x00007ff98b589000 	C:\WINDOWS\System32\shcore.dll
0x00007ff98a680000 - 0x00007ff98ad8d000 	C:\WINDOWS\System32\windows.storage.dll
0x00007ff98b320000 - 0x00007ff98b371000 	C:\WINDOWS\System32\shlwapi.dll
0x00007ff98a170000 - 0x00007ff98a181000 	C:\WINDOWS\System32\kernel.appcore.dll
0x00007ff98a190000 - 0x00007ff98a1af000 	C:\WINDOWS\System32\profapi.dll
0x00007ff98a1b0000 - 0x00007ff98a1fc000 	C:\WINDOWS\System32\powrprof.dll
0x00007ff98a160000 - 0x00007ff98a16a000 	C:\WINDOWS\System32\FLTLIB.DLL
0x00007ff989b70000 - 0x00007ff989b87000 	C:\WINDOWS\SYSTEM32\CRYPTSP.dll
0x00007ff9895a0000 - 0x00007ff9895d3000 	C:\WINDOWS\system32\rsaenh.dll
0x00007ff989ca0000 - 0x00007ff989cc5000 	C:\WINDOWS\SYSTEM32\bcrypt.dll
0x00007ff98a040000 - 0x00007ff98a068000 	C:\WINDOWS\SYSTEM32\USERENV.dll
0x00007ff989b90000 - 0x00007ff989b9b000 	C:\WINDOWS\SYSTEM32\CRYPTBASE.dll
0x00007ff96b9d0000 - 0x00007ff96b9ea000 	C:\Program Files\Android\Android Studio\jre\jre\bin\net.dll
0x00007ff9899c0000 - 0x00007ff989a26000 	C:\WINDOWS\system32\mswsock.dll
0x00007ff989740000 - 0x00007ff989778000 	C:\WINDOWS\SYSTEM32\IPHLPAPI.DLL
0x00007ff98bdc0000 - 0x00007ff98bdc8000 	C:\WINDOWS\System32\NSI.dll
0x00007ff982c80000 - 0x00007ff982c96000 	C:\WINDOWS\SYSTEM32\dhcpcsvc6.DLL
0x00007ff982c60000 - 0x00007ff982c7a000 	C:\WINDOWS\SYSTEM32\dhcpcsvc.DLL
0x00007ff967fc0000 - 0x00007ff967fd1000 	C:\Program Files\Android\Android Studio\jre\jre\bin\nio.dll

VM Arguments:
jvm_args: -Djava.awt.headless=true -Xmx64M -Dfile.encoding=x-windows-949 -Duser.country=KR -Duser.language=ko -Duser.variant 
java_command: com.google.devtools.build.android.desugar.Desugar @D:\test\app\build\intermediates\tmp\desugar_args249522686650201972
java_class_path (initial): C:\Users\Goo\AppData\Local\Temp\desugar_deploy.jar3189730495422438638
Launcher Type: SUN_STANDARD

Environment Variables:
PATH=C:\ProgramData\Oracle\Java\javapath;C:\WINDOWS\system32;C:\WINDOWS;C:\WINDOWS\System32\Wbem;C:\WINDOWS\System32\WindowsPowerShell\v1.0\;C:\OpenSSL;;C:\WINDOWS\System32\OpenSSH\;C:\Users\Goo\AppData\Local\Microsoft\WindowsApps;
USERNAME=Goo
OS=Windows_NT
PROCESSOR_IDENTIFIER=Intel64 Family 6 Model 158 Stepping 9, GenuineIntel



---------------  S Y S T E M  ---------------

OS: Windows 10.0 , 64 bit Build 17134 (10.0.17134.1)

CPU:total 8 (initial active 8) (4 cores per cpu, 2 threads per core) family 6 model 158 stepping 9, cmov, cx8, fxsr, mmx, sse, sse2, sse3, ssse3, sse4.1, sse4.2, popcnt, avx, avx2, aes, clmul, erms, 3dnowpref, lzcnt, ht, tsc, tscinvbit, bmi1, bmi2, adx

Memory: 4k page, physical 16692940k(4755784k free), swap 16692940k(5160k free)

vm_info: OpenJDK 64-Bit Server VM (25.152-b01) for windows-amd64 JRE (1.8.0_152-release-915-b01), built by "builder" with MS VC++ 10.0 (VS2010)

time: Mon Jun 11 03:50:41 2018
elapsed time: 3 seconds (0d 0h 0m 3s)

