#
# There is insufficient memory for the Java Runtime Environment to continue.
# Native memory allocation (malloc) failed to allocate 81936 bytes for Chunk::new
# Possible reasons:
#   The system is out of physical RAM or swap space
#   In 32 bit mode, the process size limit was hit
# Possible solutions:
#   Reduce memory load on the system
#   Increase physical memory or swap space
#   Check if swap backing store is full
#   Use 64 bit Java on a 64 bit OS
#   Decrease Java heap size (-Xmx/-Xms)
#   Decrease number of Java threads
#   Decrease Java thread stack sizes (-Xss)
#   Set larger code cache with -XX:ReservedCodeCacheSize=
# This output file may be truncated or incomplete.
#
#  Out of Memory Error (allocation.cpp:390), pid=4324, tid=0x0000000000002200
#
# JRE version: OpenJDK Runtime Environment (8.0_152-b01) (build 1.8.0_152-release-915-b01)
# Java VM: OpenJDK 64-Bit Server VM (25.152-b01 mixed mode windows-amd64 compressed oops)
# Failed to write core dump. Minidumps are not enabled by default on client versions of Windows
#

---------------  T H R E A D  ---------------

Current thread (0x0000000015ea1800):  JavaThread "C1 CompilerThread3" daemon [_thread_in_native, id=8704, stack(0x0000000016940000,0x0000000016a40000)]

Stack: [0x0000000016940000,0x0000000016a40000]
[error occurred during error reporting (printing stack bounds), id 0xc0000005]

Native frames: (J=compiled Java code, j=interpreted, Vv=VM code, C=native code)


Current CompileTask:
C1:   2806  861       3       org.objectweb.asm.ClassReader::a (3587 bytes)


---------------  P R O C E S S  ---------------

Java Threads: ( => current thread )
  0x0000000015ea4800 JavaThread "Service Thread" daemon [_thread_blocked, id=6124, stack(0x0000000016a40000,0x0000000016b40000)]
=>0x0000000015ea1800 JavaThread "C1 CompilerThread3" daemon [_thread_in_native, id=8704, stack(0x0000000016940000,0x0000000016a40000)]
  0x0000000015e9e800 JavaThread "C2 CompilerThread2" daemon [_thread_blocked, id=13324, stack(0x0000000016840000,0x0000000016940000)]
  0x0000000015e92000 JavaThread "C2 CompilerThread1" daemon [_thread_blocked, id=9720, stack(0x0000000016740000,0x0000000016840000)]
  0x0000000015e3d800 JavaThread "C2 CompilerThread0" daemon [_thread_blocked, id=13592, stack(0x0000000016640000,0x0000000016740000)]
  0x0000000015e3c000 JavaThread "Attach Listener" daemon [_thread_blocked, id=12408, stack(0x0000000016540000,0x0000000016640000)]
  0x0000000015de9000 JavaThread "Signal Dispatcher" daemon [_thread_blocked, id=11884, stack(0x0000000016440000,0x0000000016540000)]
  0x0000000015dd0800 JavaThread "Finalizer" daemon [_thread_blocked, id=6468, stack(0x00000000161b0000,0x00000000162b0000)]
  0x0000000003708000 JavaThread "Reference Handler" daemon [_thread_blocked, id=8924, stack(0x0000000015cb0000,0x0000000015db0000)]
  0x000000000350d800 JavaThread "main" [_thread_in_native, id=1328, stack(0x0000000003510000,0x0000000003610000)]

Other Threads:
  0x0000000013eb5000 VMThread [stack: 0x0000000015bb0000,0x0000000015cb0000] [id=3332]
  0x0000000015ea5000 WatcherThread [stack: 0x0000000016b40000,0x0000000016c40000] [id=14100]

VM state:not at safepoint (normal execution)

VM Mutex/Monitor currently owned by a thread: None

Heap:
 PSYoungGen      total 18944K, used 5975K [0x00000000feb00000, 0x0000000100000000, 0x0000000100000000)
  eden space 16384K, 21% used [0x00000000feb00000,0x00000000fee5cf70,0x00000000ffb00000)
  from space 2560K, 98% used [0x00000000ffd80000,0x00000000ffff8df0,0x0000000100000000)
  to   space 2560K, 0% used [0x00000000ffb00000,0x00000000ffb00000,0x00000000ffd80000)
 ParOldGen       total 44032K, used 5966K [0x00000000fc000000, 0x00000000feb00000, 0x00000000feb00000)
  object space 44032K, 13% used [0x00000000fc000000,0x00000000fc5d3ab8,0x00000000feb00000)
 Metaspace       used 7549K, capacity 7726K, committed 7936K, reserved 1056768K
  class space    used 875K, capacity 957K, committed 1024K, reserved 1048576K

Card table byte_map: [0x0000000003470000,0x00000000034a0000] byte_map_base: 0x0000000002c90000

Marking Bits: (ParMarkBitMap*) 0x00000000673d3950
 Begin Bits: [0x00000000132d0000, 0x00000000133d0000)
 End Bits:   [0x00000000133d0000, 0x00000000134d0000)

Polling page: 0x00000000018c0000

CodeCache: size=245760Kb used=3096Kb max_used=3103Kb free=242663Kb
 bounds [0x0000000003710000, 0x0000000003a20000, 0x0000000012710000]
 total_blobs=1200 nmethods=866 adapters=248
 compilation: enabled

Compilation events (10 events):
Event: 2.787 Thread 0x0000000015e3d800 nmethod 867 0x0000000003a0b8d0 code [0x0000000003a0ba00, 0x0000000003a0baf8]
Event: 2.788 Thread 0x0000000015e92000  868       4       org.objectweb.asm.tree.AbstractInsnNode::<init> (15 bytes)
Event: 2.788 Thread 0x0000000015e92000 nmethod 868 0x0000000003a0b6d0 code [0x0000000003a0b800, 0x0000000003a0b878]
Event: 2.788 Thread 0x0000000015e9e800  869       4       org.objectweb.asm.tree.InsnList::add (62 bytes)
Event: 2.789 Thread 0x0000000015e9e800 nmethod 869 0x0000000003a0b390 code [0x0000000003a0b4c0, 0x0000000003a0b598]
Event: 2.790 Thread 0x0000000015e3d800  871       4       org.objectweb.asm.ClassReader::readShort (27 bytes)
Event: 2.790 Thread 0x0000000015e92000  872       4       org.objectweb.asm.ClassWriter::a (49 bytes)
Event: 2.790 Thread 0x0000000015e3d800 nmethod 871 0x0000000003a18d50 code [0x0000000003a18e80, 0x0000000003a18f58]
Event: 2.791 Thread 0x0000000015e9e800  877       4       org.objectweb.asm.Item::a (143 bytes)
Event: 2.791 Thread 0x0000000015e92000 nmethod 872 0x0000000003a18990 code [0x0000000003a18ae0, 0x0000000003a18c08]

GC Heap History (4 events):
Event: 1.228 GC heap before
{Heap before GC invocations=1 (full 0):
 PSYoungGen      total 18944K, used 16384K [0x00000000feb00000, 0x0000000100000000, 0x0000000100000000)
  eden space 16384K, 100% used [0x00000000feb00000,0x00000000ffb00000,0x00000000ffb00000)
  from space 2560K, 0% used [0x00000000ffd80000,0x00000000ffd80000,0x0000000100000000)
  to   space 2560K, 0% used [0x00000000ffb00000,0x00000000ffb00000,0x00000000ffd80000)
 ParOldGen       total 44032K, used 0K [0x00000000fc000000, 0x00000000feb00000, 0x00000000feb00000)
  object space 44032K, 0% used [0x00000000fc000000,0x00000000fc000000,0x00000000feb00000)
 Metaspace       used 6633K, capacity 6812K, committed 7040K, reserved 1056768K
  class space    used 774K, capacity 824K, committed 896K, reserved 1048576K
Event: 1.244 GC heap after
Heap after GC invocations=1 (full 0):
 PSYoungGen      total 18944K, used 2537K [0x00000000feb00000, 0x0000000100000000, 0x0000000100000000)
  eden space 16384K, 0% used [0x00000000feb00000,0x00000000feb00000,0x00000000ffb00000)
  from space 2560K, 99% used [0x00000000ffb00000,0x00000000ffd7a620,0x00000000ffd80000)
  to   space 2560K, 0% used [0x00000000ffd80000,0x00000000ffd80000,0x0000000100000000)
 ParOldGen       total 44032K, used 1497K [0x00000000fc000000, 0x00000000feb00000, 0x00000000feb00000)
  object space 44032K, 3% used [0x00000000fc000000,0x00000000fc176580,0x00000000feb00000)
 Metaspace       used 6633K, capacity 6812K, committed 7040K, reserved 1056768K
  class space    used 774K, capacity 824K, committed 896K, reserved 1048576K
}
Event: 1.886 GC heap before
{Heap before GC invocations=2 (full 0):
 PSYoungGen      total 18944K, used 18921K [0x00000000feb00000, 0x0000000100000000, 0x0000000100000000)
  eden space 16384K, 100% used [0x00000000feb00000,0x00000000ffb00000,0x00000000ffb00000)
  from space 2560K, 99% used [0x00000000ffb00000,0x00000000ffd7a620,0x00000000ffd80000)
  to   space 2560K, 0% used [0x00000000ffd80000,0x00000000ffd80000,0x0000000100000000)
 ParOldGen       total 44032K, used 1497K [0x00000000fc000000, 0x00000000feb00000, 0x00000000feb00000)
  object space 44032K, 3% used [0x00000000fc000000,0x00000000fc176580,0x00000000feb00000)
 Metaspace       used 6978K, capacity 7118K, committed 7296K, reserved 1056768K
  class space    used 816K, capacity 861K, committed 896K, reserved 1048576K
Event: 2.450 GC heap after
Heap after GC invocations=2 (full 0):
 PSYoungGen      total 18944K, used 2531K [0x00000000feb00000, 0x0000000100000000, 0x0000000100000000)
  eden space 16384K, 0% used [0x00000000feb00000,0x00000000feb00000,0x00000000ffb00000)
  from space 2560K, 98% used [0x00000000ffd80000,0x00000000ffff8df0,0x0000000100000000)
  to   space 2560K, 0% used [0x00000000ffb00000,0x00000000ffb00000,0x00000000ffd80000)
 ParOldGen       total 44032K, used 5966K [0x00000000fc000000, 0x00000000feb00000, 0x00000000feb00000)
  object space 44032K, 13% used [0x00000000fc000000,0x00000000fc5d3ab8,0x00000000feb00000)
 Metaspace       used 6978K, capacity 7118K, committed 7296K, reserved 1056768K
  class space    used 816K, capacity 861K, committed 896K, reserved 1048576K
}

Deoptimization events (10 events):
Event: 1.203 Thread 0x000000000350d800 Uncommon trap: reason=unstable_if action=reinterpret pc=0x000000000394eb98 method=java.util.zip.ZipEntry.setExtra0([BZ)V @ 1
Event: 1.207 Thread 0x000000000350d800 Uncommon trap: reason=unstable_if action=reinterpret pc=0x00000000039504f8 method=java.util.zip.ZipCoder.decoder()Ljava/nio/charset/CharsetDecoder; @ 4
Event: 1.209 Thread 0x000000000350d800 Uncommon trap: reason=unstable_if action=reinterpret pc=0x00000000039564ac method=java.util.zip.ZipCoder.decoder()Ljava/nio/charset/CharsetDecoder; @ 4
Event: 1.265 Thread 0x000000000350d800 Uncommon trap: reason=unstable_if action=reinterpret pc=0x000000000395b46c method=java.util.zip.ZipCoder.decoder()Ljava/nio/charset/CharsetDecoder; @ 4
Event: 1.265 Thread 0x000000000350d800 Uncommon trap: reason=unstable_if action=reinterpret pc=0x000000000394da18 method=java.util.zip.ZipCoder.decoder()Ljava/nio/charset/CharsetDecoder; @ 4
Event: 1.266 Thread 0x000000000350d800 Uncommon trap: reason=unstable_if action=reinterpret pc=0x0000000003949cc0 method=java.util.zip.ZipCoder.decoder()Ljava/nio/charset/CharsetDecoder; @ 4
Event: 1.297 Thread 0x000000000350d800 Uncommon trap: reason=unstable_if action=reinterpret pc=0x000000000396f7c8 method=java.util.HashMap$HashIterator.nextNode()Ljava/util/HashMap$Node; @ 74
Event: 1.519 Thread 0x000000000350d800 Uncommon trap: reason=unstable_if action=reinterpret pc=0x0000000003967688 method=java.util.HashMap$HashIterator.nextNode()Ljava/util/HashMap$Node; @ 74
Event: 1.787 Thread 0x000000000350d800 Uncommon trap: reason=unloaded action=reinterpret pc=0x00000000039489bc method=java.util.zip.ZipEntry.setExtra0([BZ)V @ 37
Event: 2.541 Thread 0x000000000350d800 Uncommon trap: reason=unstable_if action=reinterpret pc=0x00000000038ac1b8 method=java.lang.String.<init>([CII)V @ 18

Classes redefined (0 events):
No events

Internal exceptions (10 events):
Event: 1.266 Thread 0x000000000350d800 Implicit null exception at 0x000000000394987d to 0x0000000003949cb1
Event: 1.511 Thread 0x000000000350d800 Exception <a 'sun/nio/fs/WindowsException'> (0x00000000ff262438) thrown at [D:\src\AOSP-openjdk-cygwin\jdk8u\hotspot\src\share\vm\prims\jni.cpp, line 709]
Event: 1.511 Thread 0x000000000350d800 Exception <a 'sun/nio/fs/WindowsException'> (0x00000000ff2629f8) thrown at [D:\src\AOSP-openjdk-cygwin\jdk8u\hotspot\src\share\vm\prims\jni.cpp, line 709]
Event: 1.511 Thread 0x000000000350d800 Exception <a 'sun/nio/fs/WindowsException'> (0x00000000ff262fc0) thrown at [D:\src\AOSP-openjdk-cygwin\jdk8u\hotspot\src\share\vm\prims\jni.cpp, line 709]
Event: 1.511 Thread 0x000000000350d800 Exception <a 'sun/nio/fs/WindowsException'> (0x00000000ff263780) thrown at [D:\src\AOSP-openjdk-cygwin\jdk8u\hotspot\src\share\vm\prims\jni.cpp, line 709]
Event: 1.511 Thread 0x000000000350d800 Exception <a 'sun/nio/fs/WindowsException'> (0x00000000ff263d20) thrown at [D:\src\AOSP-openjdk-cygwin\jdk8u\hotspot\src\share\vm\prims\jni.cpp, line 709]
Event: 1.511 Thread 0x000000000350d800 Exception <a 'sun/nio/fs/WindowsException'> (0x00000000ff2644d0) thrown at [D:\src\AOSP-openjdk-cygwin\jdk8u\hotspot\src\share\vm\prims\jni.cpp, line 709]
Event: 1.537 Thread 0x000000000350d800 Exception <a 'sun/nio/fs/WindowsException'> (0x00000000ff269810) thrown at [D:\src\AOSP-openjdk-cygwin\jdk8u\hotspot\src\share\vm\prims\jni.cpp, line 709]
Event: 2.463 Thread 0x000000000350d800 Exception <a 'sun/nio/fs/WindowsException'> (0x00000000feb74688) thrown at [D:\src\AOSP-openjdk-cygwin\jdk8u\hotspot\src\share\vm\prims\jni.cpp, line 709]
Event: 2.463 Thread 0x000000000350d800 Exception <a 'sun/nio/fs/WindowsException'> (0x00000000feb74be0) thrown at [D:\src\AOSP-openjdk-cygwin\jdk8u\hotspot\src\share\vm\prims\jni.cpp, line 709]

Events (10 events):
Event: 2.540 loading class org/objectweb/asm/Opcodes done
Event: 2.541 Thread 0x000000000350d800 Uncommon trap: trap_request=0xffffff65 fr.pc=0x00000000038ac1b8
Event: 2.541 Thread 0x000000000350d800 DEOPT PACKING pc=0x00000000038ac1b8 sp=0x000000000360ee60
Event: 2.541 Thread 0x000000000350d800 DEOPT UNPACKING pc=0x000000000375556a sp=0x000000000360ee28 mode 2
Event: 2.543 loading class org/objectweb/asm/tree/TryCatchBlockNode
Event: 2.543 loading class org/objectweb/asm/tree/TryCatchBlockNode done
Event: 2.544 loading class org/objectweb/asm/Handler
Event: 2.544 loading class org/objectweb/asm/Handler done
Event: 2.792 loading class java/util/Vector$Itr
Event: 2.792 loading class java/util/Vector$Itr done


Dynamic libraries:
0x00007ff6c8c60000 - 0x00007ff6c8c91000 	C:\Program Files\Android\Android Studio\jre\bin\java.exe
0x00007ffba9340000 - 0x00007ffba9521000 	C:\WINDOWS\SYSTEM32\ntdll.dll
0x00007ffba6ca0000 - 0x00007ffba6d52000 	C:\WINDOWS\System32\KERNEL32.DLL
0x00007ffba6070000 - 0x00007ffba62e3000 	C:\WINDOWS\System32\KERNELBASE.dll
0x00007ffba9260000 - 0x00007ffba9301000 	C:\WINDOWS\System32\ADVAPI32.dll
0x00007ffba77b0000 - 0x00007ffba784e000 	C:\WINDOWS\System32\msvcrt.dll
0x00007ffba71b0000 - 0x00007ffba720b000 	C:\WINDOWS\System32\sechost.dll
0x00007ffba7580000 - 0x00007ffba76a4000 	C:\WINDOWS\System32\RPCRT4.dll
0x00007ffba7ac0000 - 0x00007ffba7c50000 	C:\WINDOWS\System32\USER32.dll
0x00007ffba5790000 - 0x00007ffba57b0000 	C:\WINDOWS\System32\win32u.dll
0x00007ffba67e0000 - 0x00007ffba6808000 	C:\WINDOWS\System32\GDI32.dll
0x00007ffba6530000 - 0x00007ffba66c2000 	C:\WINDOWS\System32\gdi32full.dll
0x00007ffba5fd0000 - 0x00007ffba606f000 	C:\WINDOWS\System32\msvcp_win.dll
0x00007ffba66d0000 - 0x00007ffba67ca000 	C:\WINDOWS\System32\ucrtbase.dll
0x00007ffb93ad0000 - 0x00007ffb93d39000 	C:\WINDOWS\WinSxS\amd64_microsoft.windows.common-controls_6595b64144ccf1df_6.0.17134.48_none_b4b2216a3cb4dd3e\COMCTL32.dll
0x00007ffba6810000 - 0x00007ffba6b33000 	C:\WINDOWS\System32\combase.dll
0x00007ffba5710000 - 0x00007ffba578a000 	C:\WINDOWS\System32\bcryptPrimitives.dll
0x00007ffba9090000 - 0x00007ffba90bd000 	C:\WINDOWS\System32\IMM32.DLL
0x0000000069530000 - 0x0000000069602000 	C:\Program Files\Android\Android Studio\jre\jre\bin\msvcr100.dll
0x0000000066c10000 - 0x000000006744e000 	C:\Program Files\Android\Android Studio\jre\jre\bin\server\jvm.dll
0x00007ffba91d0000 - 0x00007ffba91d8000 	C:\WINDOWS\System32\PSAPI.DLL
0x00007ffb95780000 - 0x00007ffb957a3000 	C:\WINDOWS\SYSTEM32\WINMM.dll
0x00007ffba1d20000 - 0x00007ffba1d29000 	C:\WINDOWS\SYSTEM32\WSOCK32.dll
0x00007ffba7510000 - 0x00007ffba757c000 	C:\WINDOWS\System32\WS2_32.dll
0x00007ffb9d7c0000 - 0x00007ffb9d7ca000 	C:\WINDOWS\SYSTEM32\VERSION.dll
0x00007ffb95570000 - 0x00007ffb9559a000 	C:\WINDOWS\SYSTEM32\WINMMBASE.dll
0x00007ffba64e0000 - 0x00007ffba6529000 	C:\WINDOWS\System32\cfgmgr32.dll
0x00007ffba3a40000 - 0x00007ffba3a4f000 	C:\Program Files\Android\Android Studio\jre\jre\bin\verify.dll
0x00007ffba1b00000 - 0x00007ffba1b29000 	C:\Program Files\Android\Android Studio\jre\jre\bin\java.dll
0x00007ffba1280000 - 0x00007ffba1296000 	C:\Program Files\Android\Android Studio\jre\jre\bin\zip.dll
0x00007ffba7c50000 - 0x00007ffba9090000 	C:\WINDOWS\System32\SHELL32.dll
0x00007ffba9120000 - 0x00007ffba91c9000 	C:\WINDOWS\System32\shcore.dll
0x00007ffba58c0000 - 0x00007ffba5fcd000 	C:\WINDOWS\System32\windows.storage.dll
0x00007ffba90c0000 - 0x00007ffba9111000 	C:\WINDOWS\System32\shlwapi.dll
0x00007ffba5680000 - 0x00007ffba5691000 	C:\WINDOWS\System32\kernel.appcore.dll
0x00007ffba56f0000 - 0x00007ffba570f000 	C:\WINDOWS\System32\profapi.dll
0x00007ffba56a0000 - 0x00007ffba56ec000 	C:\WINDOWS\System32\powrprof.dll
0x00007ffba5650000 - 0x00007ffba565a000 	C:\WINDOWS\System32\FLTLIB.DLL
0x00007ffba5080000 - 0x00007ffba5097000 	C:\WINDOWS\SYSTEM32\CRYPTSP.dll
0x00007ffba4ab0000 - 0x00007ffba4ae3000 	C:\WINDOWS\system32\rsaenh.dll
0x00007ffba51b0000 - 0x00007ffba51d5000 	C:\WINDOWS\SYSTEM32\bcrypt.dll
0x00007ffba5580000 - 0x00007ffba55a8000 	C:\WINDOWS\SYSTEM32\USERENV.dll
0x00007ffba50a0000 - 0x00007ffba50ab000 	C:\WINDOWS\SYSTEM32\CRYPTBASE.dll
0x00007ffba1180000 - 0x00007ffba119a000 	C:\Program Files\Android\Android Studio\jre\jre\bin\net.dll
0x00007ffba4ed0000 - 0x00007ffba4f36000 	C:\WINDOWS\system32\mswsock.dll
0x00007ffba4c50000 - 0x00007ffba4c88000 	C:\WINDOWS\SYSTEM32\IPHLPAPI.DLL
0x00007ffba7430000 - 0x00007ffba7438000 	C:\WINDOWS\System32\NSI.dll
0x00007ffb9a1f0000 - 0x00007ffb9a206000 	C:\WINDOWS\SYSTEM32\dhcpcsvc6.DLL
0x00007ffb9a120000 - 0x00007ffb9a13a000 	C:\WINDOWS\SYSTEM32\dhcpcsvc.DLL
0x00007ffb9f410000 - 0x00007ffb9f421000 	C:\Program Files\Android\Android Studio\jre\jre\bin\nio.dll

VM Arguments:
jvm_args: -Djava.awt.headless=true -Xmx64M -Dfile.encoding=x-windows-949 -Duser.country=KR -Duser.language=ko -Duser.variant 
java_command: com.google.devtools.build.android.desugar.Desugar @D:\test\app\build\intermediates\tmp\desugar_args4210818134305938938
java_class_path (initial): C:\Users\Goo\AppData\Local\Temp\desugar_deploy.jar817229055182116543
Launcher Type: SUN_STANDARD

Environment Variables:
PATH=C:\ProgramData\Oracle\Java\javapath;C:\WINDOWS\system32;C:\WINDOWS;C:\WINDOWS\System32\Wbem;C:\WINDOWS\System32\WindowsPowerShell\v1.0\;C:\OpenSSL;;C:\WINDOWS\System32\OpenSSH\;C:\Users\Goo\AppData\Local\Microsoft\WindowsApps;
USERNAME=Goo
OS=Windows_NT
PROCESSOR_IDENTIFIER=Intel64 Family 6 Model 158 Stepping 9, GenuineIntel



---------------  S Y S T E M  ---------------

OS: Windows 10.0 , 64 bit Build 17134 (10.0.17134.1)

CPU:total 8 (initial active 8) (4 cores per cpu, 2 threads per core) family 6 model 158 stepping 9, cmov, cx8, fxsr, mmx, sse, sse2, sse3, ssse3, sse4.1, sse4.2, popcnt, avx, avx2, aes, clmul, erms, 3dnowpref, lzcnt, ht, tsc, tscinvbit, bmi1, bmi2, adx

Memory: 4k page, physical 16692940k(3712568k free), swap 16692940k(5120k free)

vm_info: OpenJDK 64-Bit Server VM (25.152-b01) for windows-amd64 JRE (1.8.0_152-release-915-b01), built by "builder" with MS VC++ 10.0 (VS2010)

time: Mon May 28 00:54:47 2018
elapsed time: 2 seconds (0d 0h 0m 2s)

