#
# There is insufficient memory for the Java Runtime Environment to continue.
# Native memory allocation (malloc) failed to allocate 242896 bytes for Chunk::new
# Possible reasons:
#   The system is out of physical RAM or swap space
#   In 32 bit mode, the process size limit was hit
# Possible solutions:
#   Reduce memory load on the system
#   Increase physical memory or swap space
#   Check if swap backing store is full
#   Use 64 bit Java on a 64 bit OS
#   Decrease Java heap size (-Xmx/-Xms)
#   Decrease number of Java threads
#   Decrease Java thread stack sizes (-Xss)
#   Set larger code cache with -XX:ReservedCodeCacheSize=
# This output file may be truncated or incomplete.
#
#  Out of Memory Error (allocation.cpp:390), pid=2572, tid=0x00000000000019d4
#
# JRE version: OpenJDK Runtime Environment (8.0_152-b01) (build 1.8.0_152-release-915-b01)
# Java VM: OpenJDK 64-Bit Server VM (25.152-b01 mixed mode windows-amd64 compressed oops)
# Failed to write core dump. Minidumps are not enabled by default on client versions of Windows
#

---------------  T H R E A D  ---------------

Current thread (0x00000000151af000):  JavaThread "C2 CompilerThread1" daemon [_thread_in_native, id=6612, stack(0x0000000015970000,0x0000000015a70000)]

Stack: [0x0000000015970000,0x0000000015a70000]
[error occurred during error reporting (printing stack bounds), id 0xc0000005]

Native frames: (J=compiled Java code, j=interpreted, Vv=VM code, C=native code)


Current CompileTask:
C2:   4802 1041       4       org.objectweb.asm.tree.MethodInsnNode::accept (30 bytes)


---------------  P R O C E S S  ---------------

Java Threads: ( => current thread )
  0x00000000151b8800 JavaThread "Service Thread" daemon [_thread_blocked, id=9524, stack(0x0000000015c70000,0x0000000015d70000)]
  0x00000000151b5800 JavaThread "C1 CompilerThread3" daemon [_thread_blocked, id=3100, stack(0x0000000015b70000,0x0000000015c70000)]
  0x00000000151b2800 JavaThread "C2 CompilerThread2" daemon [_thread_in_native, id=6020, stack(0x0000000015a70000,0x0000000015b70000)]
=>0x00000000151af000 JavaThread "C2 CompilerThread1" daemon [_thread_in_native, id=6612, stack(0x0000000015970000,0x0000000015a70000)]
  0x000000001510b800 JavaThread "C2 CompilerThread0" daemon [_thread_in_native, id=12532, stack(0x0000000015870000,0x0000000015970000)]
  0x000000001510a000 JavaThread "Attach Listener" daemon [_thread_blocked, id=1304, stack(0x0000000015770000,0x0000000015870000)]
  0x0000000015160000 JavaThread "Signal Dispatcher" daemon [_thread_blocked, id=7704, stack(0x0000000015670000,0x0000000015770000)]
  0x0000000002a2e000 JavaThread "Finalizer" daemon [_thread_blocked, id=11020, stack(0x00000000154d0000,0x00000000155d0000)]
  0x0000000002a27000 JavaThread "Reference Handler" daemon [_thread_blocked, id=13164, stack(0x0000000014fd0000,0x00000000150d0000)]
  0x000000000282d800 JavaThread "main" [_thread_in_native, id=11456, stack(0x0000000002830000,0x0000000002930000)]

Other Threads:
  0x00000000131f5800 VMThread [stack: 0x0000000014ed0000,0x0000000014fd0000] [id=11976]
  0x00000000151bd800 WatcherThread [stack: 0x0000000015d70000,0x0000000015e70000] [id=12556]

VM state:not at safepoint (normal execution)

VM Mutex/Monitor currently owned by a thread: None

Heap:
 PSYoungGen      total 18944K, used 11380K [0x00000000feb00000, 0x0000000100000000, 0x0000000100000000)
  eden space 16384K, 53% used [0x00000000feb00000,0x00000000ff3a05b0,0x00000000ffb00000)
  from space 2560K, 99% used [0x00000000ffb00000,0x00000000ffd7cb60,0x00000000ffd80000)
  to   space 2560K, 0% used [0x00000000ffd80000,0x00000000ffd80000,0x0000000100000000)
 ParOldGen       total 44032K, used 6932K [0x00000000fc000000, 0x00000000feb00000, 0x00000000feb00000)
  object space 44032K, 15% used [0x00000000fc000000,0x00000000fc6c5250,0x00000000feb00000)
 Metaspace       used 7734K, capacity 7914K, committed 8192K, reserved 1056768K
  class space    used 877K, capacity 957K, committed 1024K, reserved 1048576K

Card table byte_map: [0x00000000027d0000,0x0000000002800000] byte_map_base: 0x0000000001ff0000

Marking Bits: (ParMarkBitMap*) 0x00000000673d3950
 Begin Bits: [0x00000000125f0000, 0x00000000126f0000)
 End Bits:   [0x00000000126f0000, 0x00000000127f0000)

Polling page: 0x0000000000640000

CodeCache: size=245760Kb used=4226Kb max_used=4237Kb free=241533Kb
 bounds [0x0000000002a30000, 0x0000000002e60000, 0x0000000011a30000]
 total_blobs=1474 nmethods=1139 adapters=248
 compilation: enabled

Compilation events (10 events):
Event: 4.660 Thread 0x00000000151b2800 1066       4       com.google.devtools.build.android.desugar.InterfaceDesugaring$InterfaceInvocationRewriter::visitMethodInsn (279 bytes)
Event: 4.663 Thread 0x00000000151b2800 nmethod 1066 0x0000000002e10290 code [0x0000000002e10400, 0x0000000002e107b8]
Event: 4.664 Thread 0x00000000151b5800 1067       3       com.google.devtools.build.android.desugar.IndexedInputs::getInputFileProvider (43 bytes)
Event: 4.664 Thread 0x00000000151b5800 nmethod 1067 0x0000000002e12e50 code [0x0000000002e13020, 0x0000000002e13738]
Event: 4.665 Thread 0x00000000151b5800 1068       3       java.util.HashMap::entrySet (27 bytes)
Event: 4.665 Thread 0x000000001510b800 1070       4       org.objectweb.asm.MethodVisitor::visitVarInsn (17 bytes)
Event: 4.665 Thread 0x00000000151b2800 1071       4       org.objectweb.asm.ClassReader::a (3587 bytes)
Event: 4.665 Thread 0x00000000151b5800 nmethod 1068 0x0000000002e12750 code [0x0000000002e128e0, 0x0000000002e12c90]
Event: 4.665 Thread 0x00000000151b5800 1069       3       java.util.HashMap$EntrySet::iterator (12 bytes)
Event: 4.665 Thread 0x00000000151b5800 nmethod 1069 0x0000000002e12290 code [0x0000000002e12400, 0x0000000002e12668]

GC Heap History (6 events):
Event: 1.156 GC heap before
{Heap before GC invocations=1 (full 0):
 PSYoungGen      total 18944K, used 16384K [0x00000000feb00000, 0x0000000100000000, 0x0000000100000000)
  eden space 16384K, 100% used [0x00000000feb00000,0x00000000ffb00000,0x00000000ffb00000)
  from space 2560K, 0% used [0x00000000ffd80000,0x00000000ffd80000,0x0000000100000000)
  to   space 2560K, 0% used [0x00000000ffb00000,0x00000000ffb00000,0x00000000ffd80000)
 ParOldGen       total 44032K, used 0K [0x00000000fc000000, 0x00000000feb00000, 0x00000000feb00000)
  object space 44032K, 0% used [0x00000000fc000000,0x00000000fc000000,0x00000000feb00000)
 Metaspace       used 6633K, capacity 6808K, committed 7040K, reserved 1056768K
  class space    used 773K, capacity 824K, committed 896K, reserved 1048576K
Event: 1.169 GC heap after
Heap after GC invocations=1 (full 0):
 PSYoungGen      total 18944K, used 2537K [0x00000000feb00000, 0x0000000100000000, 0x0000000100000000)
  eden space 16384K, 0% used [0x00000000feb00000,0x00000000feb00000,0x00000000ffb00000)
  from space 2560K, 99% used [0x00000000ffb00000,0x00000000ffd7a640,0x00000000ffd80000)
  to   space 2560K, 0% used [0x00000000ffd80000,0x00000000ffd80000,0x0000000100000000)
 ParOldGen       total 44032K, used 1543K [0x00000000fc000000, 0x00000000feb00000, 0x00000000feb00000)
  object space 44032K, 3% used [0x00000000fc000000,0x00000000fc181fa8,0x00000000feb00000)
 Metaspace       used 6633K, capacity 6808K, committed 7040K, reserved 1056768K
  class space    used 773K, capacity 824K, committed 896K, reserved 1048576K
}
Event: 1.709 GC heap before
{Heap before GC invocations=2 (full 0):
 PSYoungGen      total 18944K, used 18921K [0x00000000feb00000, 0x0000000100000000, 0x0000000100000000)
  eden space 16384K, 100% used [0x00000000feb00000,0x00000000ffb00000,0x00000000ffb00000)
  from space 2560K, 99% used [0x00000000ffb00000,0x00000000ffd7a640,0x00000000ffd80000)
  to   space 2560K, 0% used [0x00000000ffd80000,0x00000000ffd80000,0x0000000100000000)
 ParOldGen       total 44032K, used 1543K [0x00000000fc000000, 0x00000000feb00000, 0x00000000feb00000)
  object space 44032K, 3% used [0x00000000fc000000,0x00000000fc181fa8,0x00000000feb00000)
 Metaspace       used 6975K, capacity 7114K, committed 7296K, reserved 1056768K
  class space    used 816K, capacity 861K, committed 896K, reserved 1048576K
Event: 1.810 GC heap after
Heap after GC invocations=2 (full 0):
 PSYoungGen      total 18944K, used 2547K [0x00000000feb00000, 0x0000000100000000, 0x0000000100000000)
  eden space 16384K, 0% used [0x00000000feb00000,0x00000000feb00000,0x00000000ffb00000)
  from space 2560K, 99% used [0x00000000ffd80000,0x00000000ffffce20,0x0000000100000000)
  to   space 2560K, 0% used [0x00000000ffb00000,0x00000000ffb00000,0x00000000ffd80000)
 ParOldGen       total 44032K, used 6021K [0x00000000fc000000, 0x00000000feb00000, 0x00000000feb00000)
  object space 44032K, 13% used [0x00000000fc000000,0x00000000fc5e1490,0x00000000feb00000)
 Metaspace       used 6975K, capacity 7114K, committed 7296K, reserved 1056768K
  class space    used 816K, capacity 861K, committed 896K, reserved 1048576K
}
Event: 3.545 GC heap before
{Heap before GC invocations=3 (full 0):
 PSYoungGen      total 18944K, used 18931K [0x00000000feb00000, 0x0000000100000000, 0x0000000100000000)
  eden space 16384K, 100% used [0x00000000feb00000,0x00000000ffb00000,0x00000000ffb00000)
  from space 2560K, 99% used [0x00000000ffd80000,0x00000000ffffce20,0x0000000100000000)
  to   space 2560K, 0% used [0x00000000ffb00000,0x00000000ffb00000,0x00000000ffd80000)
 ParOldGen       total 44032K, used 6021K [0x00000000fc000000, 0x00000000feb00000, 0x00000000feb00000)
  object space 44032K, 13% used [0x00000000fc000000,0x00000000fc5e1490,0x00000000feb00000)
 Metaspace       used 7688K, capacity 7850K, committed 7936K, reserved 1056768K
  class space    used 875K, capacity 957K, committed 1024K, reserved 1048576K
Event: 4.618 GC heap after
Heap after GC invocations=3 (full 0):
 PSYoungGen      total 18944K, used 2546K [0x00000000feb00000, 0x0000000100000000, 0x0000000100000000)
  eden space 16384K, 0% used [0x00000000feb00000,0x00000000feb00000,0x00000000ffb00000)
  from space 2560K, 99% used [0x00000000ffb00000,0x00000000ffd7cb60,0x00000000ffd80000)
  to   space 2560K, 0% used [0x00000000ffd80000,0x00000000ffd80000,0x0000000100000000)
 ParOldGen       total 44032K, used 6932K [0x00000000fc000000, 0x00000000feb00000, 0x00000000feb00000)
  object space 44032K, 15% used [0x00000000fc000000,0x00000000fc6c5250,0x00000000feb00000)
 Metaspace       used 7688K, capacity 7850K, committed 7936K, reserved 1056768K
  class space    used 875K, capacity 957K, committed 1024K, reserved 1048576K
}

Deoptimization events (10 events):
Event: 1.245 Thread 0x000000000282d800 Uncommon trap: reason=unstable_if action=reinterpret pc=0x0000000002c89f98 method=java.util.zip.ZipFile.getZipEntry(Ljava/lang/String;J)Ljava/util/zip/ZipEntry; @ 19
Event: 1.355 Thread 0x000000000282d800 Uncommon trap: reason=unstable_if action=reinterpret pc=0x0000000002c80308 method=java.util.HashMap$HashIterator.nextNode()Ljava/util/HashMap$Node; @ 74
Event: 1.659 Thread 0x000000000282d800 Uncommon trap: reason=unloaded action=reinterpret pc=0x0000000002c7b83c method=java.util.zip.ZipEntry.setExtra0([BZ)V @ 37
Event: 2.708 Thread 0x000000000282d800 Uncommon trap: reason=unstable_if action=reinterpret pc=0x0000000002bd36b8 method=java.lang.String.<init>([CII)V @ 18
Event: 3.090 Thread 0x000000000282d800 Uncommon trap: reason=unstable_if action=reinterpret pc=0x0000000002d6867c method=org.objectweb.asm.MethodWriter.visitVarInsn(II)V @ 142
Event: 3.503 Thread 0x000000000282d800 Uncommon trap: reason=unstable_if action=reinterpret pc=0x0000000002de1d74 method=org.objectweb.asm.tree.MethodNode.getLabelNodes([Ljava/lang/Object;)[Ljava/lang/Object; @ 24
Event: 3.508 Thread 0x000000000282d800 Uncommon trap: reason=unstable_if action=reinterpret pc=0x0000000002da4f78 method=org.objectweb.asm.MethodWriter.visitVarInsn(II)V @ 136
Event: 3.508 Thread 0x000000000282d800 Uncommon trap: reason=unstable_if action=reinterpret pc=0x0000000002da917c method=org.objectweb.asm.MethodWriter.visitVarInsn(II)V @ 136
Event: 3.510 Thread 0x000000000282d800 Uncommon trap: reason=unstable_if action=reinterpret pc=0x0000000002d07618 method=org.objectweb.asm.Item.a(Lorg/objectweb/asm/Item;)Z @ 345
Event: 4.640 Thread 0x000000000282d800 Uncommon trap: reason=null_check action=make_not_entrant pc=0x0000000002e0329c method=com.google.devtools.build.android.desugar.InterfaceDesugaring$InterfaceInvocationRewriter.visitMethodInsn(ILjava/lang/String;Ljava/lang/String;Ljava/lang/String;Z)V @ 10

Classes redefined (0 events):
No events

Internal exceptions (10 events):
Event: 1.351 Thread 0x000000000282d800 Exception <a 'sun/nio/fs/WindowsException'> (0x00000000ff23ebc8) thrown at [D:\src\AOSP-openjdk-cygwin\jdk8u\hotspot\src\share\vm\prims\jni.cpp, line 709]
Event: 1.352 Thread 0x000000000282d800 Exception <a 'sun/nio/fs/WindowsException'> (0x00000000ff23f378) thrown at [D:\src\AOSP-openjdk-cygwin\jdk8u\hotspot\src\share\vm\prims\jni.cpp, line 709]
Event: 1.378 Thread 0x000000000282d800 Exception <a 'sun/nio/fs/WindowsException'> (0x00000000ff2446b8) thrown at [D:\src\AOSP-openjdk-cygwin\jdk8u\hotspot\src\share\vm\prims\jni.cpp, line 709]
Event: 1.888 Thread 0x000000000282d800 Exception <a 'sun/nio/fs/WindowsException'> (0x00000000feb9ee60) thrown at [D:\src\AOSP-openjdk-cygwin\jdk8u\hotspot\src\share\vm\prims\jni.cpp, line 709]
Event: 1.888 Thread 0x000000000282d800 Exception <a 'sun/nio/fs/WindowsException'> (0x00000000feb9f3b8) thrown at [D:\src\AOSP-openjdk-cygwin\jdk8u\hotspot\src\share\vm\prims\jni.cpp, line 709]
Event: 2.532 Thread 0x000000000282d800 Exception <a 'sun/nio/fs/WindowsException'> (0x00000000febaab98) thrown at [D:\src\AOSP-openjdk-cygwin\jdk8u\hotspot\src\share\vm\prims\jni.cpp, line 709]
Event: 2.590 Thread 0x000000000282d800 Exception <a 'sun/nio/fs/WindowsException'> (0x00000000febab070) thrown at [D:\src\AOSP-openjdk-cygwin\jdk8u\hotspot\src\share\vm\prims\jni.cpp, line 709]
Event: 3.498 Thread 0x000000000282d800 Exception <a 'sun/nio/fs/WindowsException'> (0x00000000ff7c9d60) thrown at [D:\src\AOSP-openjdk-cygwin\jdk8u\hotspot\src\share\vm\prims\jni.cpp, line 709]
Event: 3.498 Thread 0x000000000282d800 Exception <a 'sun/nio/fs/WindowsException'> (0x00000000ff7ca238) thrown at [D:\src\AOSP-openjdk-cygwin\jdk8u\hotspot\src\share\vm\prims\jni.cpp, line 709]
Event: 4.640 Thread 0x000000000282d800 Implicit null exception at 0x0000000002e02faa to 0x0000000002e03279

Events (10 events):
Event: 3.508 Thread 0x000000000282d800 DEOPT PACKING pc=0x0000000002da917c sp=0x000000000292ecd0
Event: 3.508 Thread 0x000000000282d800 DEOPT UNPACKING pc=0x0000000002a7556a sp=0x000000000292ec30 mode 2
Event: 3.510 Thread 0x000000000282d800 Uncommon trap: trap_request=0xffffff65 fr.pc=0x0000000002d07618
Event: 3.510 Thread 0x000000000282d800 DEOPT PACKING pc=0x0000000002d07618 sp=0x000000000292eb50
Event: 3.510 Thread 0x000000000282d800 DEOPT UNPACKING pc=0x0000000002a7556a sp=0x000000000292eae8 mode 2
Event: 3.545 Executing VM operation: ParallelGCFailedAllocation
Event: 4.618 Executing VM operation: ParallelGCFailedAllocation done
Event: 4.640 Thread 0x000000000282d800 Uncommon trap: trap_request=0xfffffff4 fr.pc=0x0000000002e0329c
Event: 4.640 Thread 0x000000000282d800 DEOPT PACKING pc=0x0000000002e0329c sp=0x000000000292ed40
Event: 4.640 Thread 0x000000000282d800 DEOPT UNPACKING pc=0x0000000002a7556a sp=0x000000000292ecc0 mode 2


Dynamic libraries:
0x00007ff7bef40000 - 0x00007ff7bef71000 	C:\Program Files\Android\Android Studio\jre\bin\java.exe
0x00007ffba9340000 - 0x00007ffba9521000 	C:\WINDOWS\SYSTEM32\ntdll.dll
0x00007ffba6ca0000 - 0x00007ffba6d52000 	C:\WINDOWS\System32\KERNEL32.DLL
0x00007ffba6070000 - 0x00007ffba62e3000 	C:\WINDOWS\System32\KERNELBASE.dll
0x00007ffba9260000 - 0x00007ffba9301000 	C:\WINDOWS\System32\ADVAPI32.dll
0x00007ffba77b0000 - 0x00007ffba784e000 	C:\WINDOWS\System32\msvcrt.dll
0x00007ffba71b0000 - 0x00007ffba720b000 	C:\WINDOWS\System32\sechost.dll
0x00007ffba7580000 - 0x00007ffba76a4000 	C:\WINDOWS\System32\RPCRT4.dll
0x00007ffba7ac0000 - 0x00007ffba7c50000 	C:\WINDOWS\System32\USER32.dll
0x00007ffba5790000 - 0x00007ffba57b0000 	C:\WINDOWS\System32\win32u.dll
0x00007ffba67e0000 - 0x00007ffba6808000 	C:\WINDOWS\System32\GDI32.dll
0x00007ffba6530000 - 0x00007ffba66c2000 	C:\WINDOWS\System32\gdi32full.dll
0x00007ffba5fd0000 - 0x00007ffba606f000 	C:\WINDOWS\System32\msvcp_win.dll
0x00007ffba66d0000 - 0x00007ffba67ca000 	C:\WINDOWS\System32\ucrtbase.dll
0x00007ffb93ad0000 - 0x00007ffb93d39000 	C:\WINDOWS\WinSxS\amd64_microsoft.windows.common-controls_6595b64144ccf1df_6.0.17134.48_none_b4b2216a3cb4dd3e\COMCTL32.dll
0x00007ffba6810000 - 0x00007ffba6b33000 	C:\WINDOWS\System32\combase.dll
0x00007ffba5710000 - 0x00007ffba578a000 	C:\WINDOWS\System32\bcryptPrimitives.dll
0x00007ffba9090000 - 0x00007ffba90bd000 	C:\WINDOWS\System32\IMM32.DLL
0x0000000069530000 - 0x0000000069602000 	C:\Program Files\Android\Android Studio\jre\jre\bin\msvcr100.dll
0x0000000066c10000 - 0x000000006744e000 	C:\Program Files\Android\Android Studio\jre\jre\bin\server\jvm.dll
0x00007ffba91d0000 - 0x00007ffba91d8000 	C:\WINDOWS\System32\PSAPI.DLL
0x00007ffba1d20000 - 0x00007ffba1d29000 	C:\WINDOWS\SYSTEM32\WSOCK32.dll
0x00007ffba7510000 - 0x00007ffba757c000 	C:\WINDOWS\System32\WS2_32.dll
0x00007ffb95780000 - 0x00007ffb957a3000 	C:\WINDOWS\SYSTEM32\WINMM.dll
0x00007ffb9d7c0000 - 0x00007ffb9d7ca000 	C:\WINDOWS\SYSTEM32\VERSION.dll
0x00007ffb95570000 - 0x00007ffb9559a000 	C:\WINDOWS\SYSTEM32\WINMMBASE.dll
0x00007ffba64e0000 - 0x00007ffba6529000 	C:\WINDOWS\System32\cfgmgr32.dll
0x00007ffba1b20000 - 0x00007ffba1b2f000 	C:\Program Files\Android\Android Studio\jre\jre\bin\verify.dll
0x00007ffb9e9c0000 - 0x00007ffb9e9e9000 	C:\Program Files\Android\Android Studio\jre\jre\bin\java.dll
0x00007ffba1b00000 - 0x00007ffba1b16000 	C:\Program Files\Android\Android Studio\jre\jre\bin\zip.dll
0x00007ffba7c50000 - 0x00007ffba9090000 	C:\WINDOWS\System32\SHELL32.dll
0x00007ffba9120000 - 0x00007ffba91c9000 	C:\WINDOWS\System32\shcore.dll
0x00007ffba58c0000 - 0x00007ffba5fcd000 	C:\WINDOWS\System32\windows.storage.dll
0x00007ffba90c0000 - 0x00007ffba9111000 	C:\WINDOWS\System32\shlwapi.dll
0x00007ffba5680000 - 0x00007ffba5691000 	C:\WINDOWS\System32\kernel.appcore.dll
0x00007ffba56f0000 - 0x00007ffba570f000 	C:\WINDOWS\System32\profapi.dll
0x00007ffba56a0000 - 0x00007ffba56ec000 	C:\WINDOWS\System32\powrprof.dll
0x00007ffba5650000 - 0x00007ffba565a000 	C:\WINDOWS\System32\FLTLIB.DLL
0x00007ffba5080000 - 0x00007ffba5097000 	C:\WINDOWS\SYSTEM32\CRYPTSP.dll
0x00007ffba4ab0000 - 0x00007ffba4ae3000 	C:\WINDOWS\system32\rsaenh.dll
0x00007ffba51b0000 - 0x00007ffba51d5000 	C:\WINDOWS\SYSTEM32\bcrypt.dll
0x00007ffba5580000 - 0x00007ffba55a8000 	C:\WINDOWS\SYSTEM32\USERENV.dll
0x00007ffba50a0000 - 0x00007ffba50ab000 	C:\WINDOWS\SYSTEM32\CRYPTBASE.dll
0x00007ffb9e9a0000 - 0x00007ffb9e9ba000 	C:\Program Files\Android\Android Studio\jre\jre\bin\net.dll
0x00007ffba4ed0000 - 0x00007ffba4f36000 	C:\WINDOWS\system32\mswsock.dll
0x00007ffba4c50000 - 0x00007ffba4c88000 	C:\WINDOWS\SYSTEM32\IPHLPAPI.DLL
0x00007ffba7430000 - 0x00007ffba7438000 	C:\WINDOWS\System32\NSI.dll
0x00007ffb9a1f0000 - 0x00007ffb9a206000 	C:\WINDOWS\SYSTEM32\dhcpcsvc6.DLL
0x00007ffb9a120000 - 0x00007ffb9a13a000 	C:\WINDOWS\SYSTEM32\dhcpcsvc.DLL
0x00007ffb9e900000 - 0x00007ffb9e911000 	C:\Program Files\Android\Android Studio\jre\jre\bin\nio.dll

VM Arguments:
jvm_args: -Djava.awt.headless=true -Xmx64M -Dfile.encoding=x-windows-949 -Duser.country=KR -Duser.language=ko -Duser.variant 
java_command: com.google.devtools.build.android.desugar.Desugar @D:\test\app\build\intermediates\tmp\desugar_args7713033862250602901
java_class_path (initial): C:\Users\Goo\AppData\Local\Temp\desugar_deploy.jar914161806448729915
Launcher Type: SUN_STANDARD

Environment Variables:
PATH=C:\ProgramData\Oracle\Java\javapath;C:\WINDOWS\system32;C:\WINDOWS;C:\WINDOWS\System32\Wbem;C:\WINDOWS\System32\WindowsPowerShell\v1.0\;C:\OpenSSL;;C:\WINDOWS\System32\OpenSSH\;C:\Users\Goo\AppData\Local\Microsoft\WindowsApps;
USERNAME=Goo
OS=Windows_NT
PROCESSOR_IDENTIFIER=Intel64 Family 6 Model 158 Stepping 9, GenuineIntel



---------------  S Y S T E M  ---------------

OS: Windows 10.0 , 64 bit Build 17134 (10.0.17134.1)

CPU:total 8 (initial active 8) (4 cores per cpu, 2 threads per core) family 6 model 158 stepping 9, cmov, cx8, fxsr, mmx, sse, sse2, sse3, ssse3, sse4.1, sse4.2, popcnt, avx, avx2, aes, clmul, erms, 3dnowpref, lzcnt, ht, tsc, tscinvbit, bmi1, bmi2, adx

Memory: 4k page, physical 16692940k(4699696k free), swap 16692940k(3632k free)

vm_info: OpenJDK 64-Bit Server VM (25.152-b01) for windows-amd64 JRE (1.8.0_152-release-915-b01), built by "builder" with MS VC++ 10.0 (VS2010)

time: Sat May 26 18:48:06 2018
elapsed time: 4 seconds (0d 0h 0m 4s)

