#
# There is insufficient memory for the Java Runtime Environment to continue.
# Native memory allocation (malloc) failed to allocate 192096 bytes for Chunk::new
# Possible reasons:
#   The system is out of physical RAM or swap space
#   In 32 bit mode, the process size limit was hit
# Possible solutions:
#   Reduce memory load on the system
#   Increase physical memory or swap space
#   Check if swap backing store is full
#   Use 64 bit Java on a 64 bit OS
#   Decrease Java heap size (-Xmx/-Xms)
#   Decrease number of Java threads
#   Decrease Java thread stack sizes (-Xss)
#   Set larger code cache with -XX:ReservedCodeCacheSize=
# This output file may be truncated or incomplete.
#
#  Out of Memory Error (allocation.cpp:390), pid=13508, tid=0x000000000000159c
#
# JRE version: OpenJDK Runtime Environment (8.0_152-b01) (build 1.8.0_152-release-915-b01)
# Java VM: OpenJDK 64-Bit Server VM (25.152-b01 mixed mode windows-amd64 compressed oops)
# Failed to write core dump. Minidumps are not enabled by default on client versions of Windows
#

---------------  T H R E A D  ---------------

Current thread (0x0000000015444000):  JavaThread "C2 CompilerThread2" daemon [_thread_in_native, id=5532, stack(0x0000000015d00000,0x0000000015e00000)]

Stack: [0x0000000015d00000,0x0000000015e00000]
[error occurred during error reporting (printing stack bounds), id 0xc0000005]

Native frames: (J=compiled Java code, j=interpreted, Vv=VM code, C=native code)


Current CompileTask:
C2:   4568 1058       4       org.objectweb.asm.tree.LineNumberNode::accept (16 bytes)


---------------  P R O C E S S  ---------------

Java Threads: ( => current thread )
  0x000000001544b000 JavaThread "Service Thread" daemon [_thread_blocked, id=2256, stack(0x0000000015f00000,0x0000000016000000)]
  0x0000000015448000 JavaThread "C1 CompilerThread3" daemon [_thread_in_native, id=4904, stack(0x0000000015e00000,0x0000000015f00000)]
=>0x0000000015444000 JavaThread "C2 CompilerThread2" daemon [_thread_in_native, id=5532, stack(0x0000000015d00000,0x0000000015e00000)]
  0x0000000015441000 JavaThread "C2 CompilerThread1" daemon [_thread_in_native, id=5472, stack(0x0000000015c00000,0x0000000015d00000)]
  0x00000000153ed800 JavaThread "C2 CompilerThread0" daemon [_thread_in_native, id=312, stack(0x0000000015b00000,0x0000000015c00000)]
  0x00000000153ec000 JavaThread "Attach Listener" daemon [_thread_blocked, id=7848, stack(0x0000000015a00000,0x0000000015b00000)]
  0x0000000015399000 JavaThread "Signal Dispatcher" daemon [_thread_blocked, id=5948, stack(0x0000000015900000,0x0000000015a00000)]
  0x0000000015380800 JavaThread "Finalizer" daemon [_thread_in_vm, id=1980, stack(0x0000000015760000,0x0000000015860000)]
  0x0000000002cc8000 JavaThread "Reference Handler" daemon [_thread_blocked, id=9100, stack(0x0000000015260000,0x0000000015360000)]
  0x0000000002acd800 JavaThread "main" [_thread_blocked, id=12320, stack(0x0000000002ad0000,0x0000000002bd0000)]

Other Threads:
  0x0000000013475000 VMThread [stack: 0x0000000015160000,0x0000000015260000] [id=1464]
  0x000000001544c000 WatcherThread [stack: 0x0000000016000000,0x0000000016100000] [id=7284]

VM state:not at safepoint (normal execution)

VM Mutex/Monitor currently owned by a thread:  ([mutex/lock_event])
[0x0000000002bd14d0] MethodData_lock - owner thread: 0x0000000015380800

Heap:
 PSYoungGen      total 18944K, used 3899K [0x00000000feb00000, 0x0000000100000000, 0x0000000100000000)
  eden space 16384K, 8% used [0x00000000feb00000,0x00000000fec56400,0x00000000ffb00000)
  from space 2560K, 98% used [0x00000000ffb00000,0x00000000ffd78888,0x00000000ffd80000)
  to   space 2560K, 0% used [0x00000000ffd80000,0x00000000ffd80000,0x0000000100000000)
 ParOldGen       total 44032K, used 6886K [0x00000000fc000000, 0x00000000feb00000, 0x00000000feb00000)
  object space 44032K, 15% used [0x00000000fc000000,0x00000000fc6b9820,0x00000000feb00000)
 Metaspace       used 7693K, capacity 7842K, committed 7936K, reserved 1056768K
  class space    used 875K, capacity 957K, committed 1024K, reserved 1048576K

Card table byte_map: [0x0000000002a60000,0x0000000002a90000] byte_map_base: 0x0000000002280000

Marking Bits: (ParMarkBitMap*) 0x0000000064643950
 Begin Bits: [0x0000000012890000, 0x0000000012990000)
 End Bits:   [0x0000000012990000, 0x0000000012a90000)

Polling page: 0x0000000000d10000

CodeCache: size=245760Kb used=3915Kb max_used=3915Kb free=241844Kb
 bounds [0x0000000002cd0000, 0x00000000030b0000, 0x0000000011cd0000]
 total_blobs=1410 nmethods=1075 adapters=248
 compilation: enabled

Compilation events (10 events):
Event: 4.563 Thread 0x0000000015448000 1065       3       com.google.common.base.Preconditions::checkState (25 bytes)
Event: 4.564 Thread 0x0000000015448000 nmethod 1065 0x0000000003099310 code [0x00000000030994a0, 0x00000000030998b8]
Event: 4.564 Thread 0x0000000015448000 1066       3       com.google.devtools.build.android.desugar.ZipInputFileProvider::getInputStream (16 bytes)
Event: 4.564 Thread 0x0000000015448000 nmethod 1066 0x0000000003098dd0 code [0x0000000003098f40, 0x0000000003099218]
Event: 4.564 Thread 0x0000000015448000 1067       3       com.google.devtools.build.android.desugar.CoreLibraryRewriter::reader (29 bytes)
Event: 4.564 Thread 0x0000000015448000 nmethod 1067 0x00000000030a1c90 code [0x00000000030a1e40, 0x00000000030a2348]
Event: 4.564 Thread 0x0000000015448000 1068       3       java.util.zip.ZipFile$ZipFileInputStream::available (22 bytes)
Event: 4.565 Thread 0x0000000015448000 nmethod 1068 0x0000000003098a50 code [0x0000000003098ba0, 0x0000000003098d50]
Event: 4.565 Thread 0x0000000015448000 1069       3       java.util.zip.ZipFile$ZipFileInputStream::read (25 bytes)
Event: 4.565 Thread 0x0000000015448000 nmethod 1069 0x0000000003098550 code [0x00000000030986c0, 0x0000000003098948]

GC Heap History (6 events):
Event: 1.142 GC heap before
{Heap before GC invocations=1 (full 0):
 PSYoungGen      total 18944K, used 16384K [0x00000000feb00000, 0x0000000100000000, 0x0000000100000000)
  eden space 16384K, 100% used [0x00000000feb00000,0x00000000ffb00000,0x00000000ffb00000)
  from space 2560K, 0% used [0x00000000ffd80000,0x00000000ffd80000,0x0000000100000000)
  to   space 2560K, 0% used [0x00000000ffb00000,0x00000000ffb00000,0x00000000ffd80000)
 ParOldGen       total 44032K, used 0K [0x00000000fc000000, 0x00000000feb00000, 0x00000000feb00000)
  object space 44032K, 0% used [0x00000000fc000000,0x00000000fc000000,0x00000000feb00000)
 Metaspace       used 6599K, capacity 6800K, committed 7040K, reserved 1056768K
  class space    used 773K, capacity 824K, committed 896K, reserved 1048576K
Event: 1.160 GC heap after
Heap after GC invocations=1 (full 0):
 PSYoungGen      total 18944K, used 2537K [0x00000000feb00000, 0x0000000100000000, 0x0000000100000000)
  eden space 16384K, 0% used [0x00000000feb00000,0x00000000feb00000,0x00000000ffb00000)
  from space 2560K, 99% used [0x00000000ffb00000,0x00000000ffd7a620,0x00000000ffd80000)
  to   space 2560K, 0% used [0x00000000ffd80000,0x00000000ffd80000,0x0000000100000000)
 ParOldGen       total 44032K, used 1714K [0x00000000fc000000, 0x00000000feb00000, 0x00000000feb00000)
  object space 44032K, 3% used [0x00000000fc000000,0x00000000fc1acb18,0x00000000feb00000)
 Metaspace       used 6599K, capacity 6800K, committed 7040K, reserved 1056768K
  class space    used 773K, capacity 824K, committed 896K, reserved 1048576K
}
Event: 1.617 GC heap before
{Heap before GC invocations=2 (full 0):
 PSYoungGen      total 18944K, used 18921K [0x00000000feb00000, 0x0000000100000000, 0x0000000100000000)
  eden space 16384K, 100% used [0x00000000feb00000,0x00000000ffb00000,0x00000000ffb00000)
  from space 2560K, 99% used [0x00000000ffb00000,0x00000000ffd7a620,0x00000000ffd80000)
  to   space 2560K, 0% used [0x00000000ffd80000,0x00000000ffd80000,0x0000000100000000)
 ParOldGen       total 44032K, used 1714K [0x00000000fc000000, 0x00000000feb00000, 0x00000000feb00000)
  object space 44032K, 3% used [0x00000000fc000000,0x00000000fc1acb18,0x00000000feb00000)
 Metaspace       used 6939K, capacity 7106K, committed 7296K, reserved 1056768K
  class space    used 814K, capacity 861K, committed 896K, reserved 1048576K
Event: 1.633 GC heap after
Heap after GC invocations=2 (full 0):
 PSYoungGen      total 18944K, used 2547K [0x00000000feb00000, 0x0000000100000000, 0x0000000100000000)
  eden space 16384K, 0% used [0x00000000feb00000,0x00000000feb00000,0x00000000ffb00000)
  from space 2560K, 99% used [0x00000000ffd80000,0x00000000ffffce20,0x0000000100000000)
  to   space 2560K, 0% used [0x00000000ffb00000,0x00000000ffb00000,0x00000000ffd80000)
 ParOldGen       total 44032K, used 5568K [0x00000000fc000000, 0x00000000feb00000, 0x00000000feb00000)
  object space 44032K, 12% used [0x00000000fc000000,0x00000000fc570000,0x00000000feb00000)
 Metaspace       used 6939K, capacity 7106K, committed 7296K, reserved 1056768K
  class space    used 814K, capacity 861K, committed 896K, reserved 1048576K
}
Event: 4.254 GC heap before
{Heap before GC invocations=3 (full 0):
 PSYoungGen      total 18944K, used 18931K [0x00000000feb00000, 0x0000000100000000, 0x0000000100000000)
  eden space 16384K, 100% used [0x00000000feb00000,0x00000000ffb00000,0x00000000ffb00000)
  from space 2560K, 99% used [0x00000000ffd80000,0x00000000ffffce20,0x0000000100000000)
  to   space 2560K, 0% used [0x00000000ffb00000,0x00000000ffb00000,0x00000000ffd80000)
 ParOldGen       total 44032K, used 5568K [0x00000000fc000000, 0x00000000feb00000, 0x00000000feb00000)
  object space 44032K, 12% used [0x00000000fc000000,0x00000000fc570000,0x00000000feb00000)
 Metaspace       used 7683K, capacity 7842K, committed 7936K, reserved 1056768K
  class space    used 875K, capacity 957K, committed 1024K, reserved 1048576K
Event: 4.517 GC heap after
Heap after GC invocations=3 (full 0):
 PSYoungGen      total 18944K, used 2530K [0x00000000feb00000, 0x0000000100000000, 0x0000000100000000)
  eden space 16384K, 0% used [0x00000000feb00000,0x00000000feb00000,0x00000000ffb00000)
  from space 2560K, 98% used [0x00000000ffb00000,0x00000000ffd78888,0x00000000ffd80000)
  to   space 2560K, 0% used [0x00000000ffd80000,0x00000000ffd80000,0x0000000100000000)
 ParOldGen       total 44032K, used 6886K [0x00000000fc000000, 0x00000000feb00000, 0x00000000feb00000)
  object space 44032K, 15% used [0x00000000fc000000,0x00000000fc6b9820,0x00000000feb00000)
 Metaspace       used 7683K, capacity 7842K, committed 7936K, reserved 1056768K
  class space    used 875K, capacity 957K, committed 1024K, reserved 1048576K
}

Deoptimization events (10 events):
Event: 1.217 Thread 0x0000000002acd800 Uncommon trap: reason=unstable_if action=reinterpret pc=0x0000000002f04c38 method=java.util.zip.ZipCoder.decoder()Ljava/nio/charset/CharsetDecoder; @ 4
Event: 1.217 Thread 0x0000000002acd800 Uncommon trap: reason=unstable_if action=reinterpret pc=0x0000000002f0732c method=java.util.zip.ZipCoder.decoder()Ljava/nio/charset/CharsetDecoder; @ 4
Event: 1.222 Thread 0x0000000002acd800 Uncommon trap: reason=unstable_if action=reinterpret pc=0x0000000002f12788 method=java.util.HashMap$HashIterator.nextNode()Ljava/util/HashMap$Node; @ 74
Event: 1.307 Thread 0x0000000002acd800 Uncommon trap: reason=unstable_if action=reinterpret pc=0x0000000002f12c88 method=java.util.HashMap$HashIterator.nextNode()Ljava/util/HashMap$Node; @ 74
Event: 1.598 Thread 0x0000000002acd800 Uncommon trap: reason=unloaded action=reinterpret pc=0x0000000002ef8d3c method=java.util.zip.ZipEntry.setExtra0([BZ)V @ 37
Event: 1.931 Thread 0x0000000002acd800 Uncommon trap: reason=unstable_if action=reinterpret pc=0x0000000002fa71c8 method=java.lang.String.<init>([CII)V @ 18
Event: 3.369 Thread 0x0000000002acd800 Uncommon trap: reason=unstable_if action=reinterpret pc=0x0000000002ea8a78 method=java.lang.String.<init>([CII)V @ 18
Event: 3.477 Thread 0x0000000002acd800 Uncommon trap: reason=unstable_if action=reinterpret pc=0x00000000030070d8 method=org.objectweb.asm.Item.a(Lorg/objectweb/asm/Item;)Z @ 345
Event: 4.076 Thread 0x0000000002acd800 Uncommon trap: reason=unstable_if action=reinterpret pc=0x000000000307cfa8 method=org.objectweb.asm.MethodWriter.visitVarInsn(II)V @ 142
Event: 4.076 Thread 0x0000000002acd800 Uncommon trap: reason=unstable_if action=reinterpret pc=0x000000000304a278 method=org.objectweb.asm.MethodWriter.visitVarInsn(II)V @ 130

Classes redefined (0 events):
No events

Internal exceptions (10 events):
Event: 3.346 Thread 0x0000000002acd800 Exception <a 'sun/nio/fs/WindowsException'> (0x00000000feee8ad8) thrown at [D:\src\AOSP-openjdk-cygwin\jdk8u\hotspot\src\share\vm\prims\jni.cpp, line 709]
Event: 3.356 Thread 0x0000000002acd800 Exception <a 'sun/nio/fs/WindowsException'> (0x00000000feee8fb0) thrown at [D:\src\AOSP-openjdk-cygwin\jdk8u\hotspot\src\share\vm\prims\jni.cpp, line 709]
Event: 3.367 Thread 0x0000000002acd800 Exception <a 'sun/nio/fs/WindowsException'> (0x00000000feeec450) thrown at [D:\src\AOSP-openjdk-cygwin\jdk8u\hotspot\src\share\vm\prims\jni.cpp, line 709]
Event: 3.367 Thread 0x0000000002acd800 Exception <a 'sun/nio/fs/WindowsException'> (0x00000000feeec928) thrown at [D:\src\AOSP-openjdk-cygwin\jdk8u\hotspot\src\share\vm\prims\jni.cpp, line 709]
Event: 3.451 Thread 0x0000000002acd800 Exception <a 'sun/nio/fs/WindowsException'> (0x00000000fefef6e0) thrown at [D:\src\AOSP-openjdk-cygwin\jdk8u\hotspot\src\share\vm\prims\jni.cpp, line 709]
Event: 3.451 Thread 0x0000000002acd800 Exception <a 'sun/nio/fs/WindowsException'> (0x00000000fefefbb8) thrown at [D:\src\AOSP-openjdk-cygwin\jdk8u\hotspot\src\share\vm\prims\jni.cpp, line 709]
Event: 3.526 Thread 0x0000000002acd800 Exception <a 'sun/nio/fs/WindowsException'> (0x00000000ff26d688) thrown at [D:\src\AOSP-openjdk-cygwin\jdk8u\hotspot\src\share\vm\prims\jni.cpp, line 709]
Event: 3.527 Thread 0x0000000002acd800 Exception <a 'sun/nio/fs/WindowsException'> (0x00000000ff26db60) thrown at [D:\src\AOSP-openjdk-cygwin\jdk8u\hotspot\src\share\vm\prims\jni.cpp, line 709]
Event: 4.017 Thread 0x0000000002acd800 Exception <a 'sun/nio/fs/WindowsException'> (0x00000000ff271000) thrown at [D:\src\AOSP-openjdk-cygwin\jdk8u\hotspot\src\share\vm\prims\jni.cpp, line 709]
Event: 4.017 Thread 0x0000000002acd800 Exception <a 'sun/nio/fs/WindowsException'> (0x00000000ff2714d8) thrown at [D:\src\AOSP-openjdk-cygwin\jdk8u\hotspot\src\share\vm\prims\jni.cpp, line 709]

Events (10 events):
Event: 3.477 Thread 0x0000000002acd800 DEOPT PACKING pc=0x00000000030070d8 sp=0x0000000002bce650
Event: 3.477 Thread 0x0000000002acd800 DEOPT UNPACKING pc=0x0000000002d1556a sp=0x0000000002bce5e8 mode 2
Event: 4.076 Thread 0x0000000002acd800 Uncommon trap: trap_request=0xffffff65 fr.pc=0x000000000307cfa8
Event: 4.076 Thread 0x0000000002acd800 DEOPT PACKING pc=0x000000000307cfa8 sp=0x0000000002bce890
Event: 4.076 Thread 0x0000000002acd800 DEOPT UNPACKING pc=0x0000000002d1556a sp=0x0000000002bce778 mode 2
Event: 4.076 Thread 0x0000000002acd800 Uncommon trap: trap_request=0xffffff65 fr.pc=0x000000000304a278
Event: 4.076 Thread 0x0000000002acd800 DEOPT PACKING pc=0x000000000304a278 sp=0x0000000002bce800
Event: 4.076 Thread 0x0000000002acd800 DEOPT UNPACKING pc=0x0000000002d1556a sp=0x0000000002bce760 mode 2
Event: 4.253 Executing VM operation: ParallelGCFailedAllocation
Event: 4.517 Executing VM operation: ParallelGCFailedAllocation done


Dynamic libraries:
0x00007ff66e6a0000 - 0x00007ff66e6d1000 	C:\Program Files\Android\Android Studio\jre\bin\java.exe
0x00007ff8140a0000 - 0x00007ff814281000 	C:\WINDOWS\SYSTEM32\ntdll.dll
0x00007ff8116c0000 - 0x00007ff811772000 	C:\WINDOWS\System32\KERNEL32.DLL
0x00007ff810e20000 - 0x00007ff811093000 	C:\WINDOWS\System32\KERNELBASE.dll
0x00007ff8120a0000 - 0x00007ff812141000 	C:\WINDOWS\System32\ADVAPI32.dll
0x00007ff813fd0000 - 0x00007ff81406e000 	C:\WINDOWS\System32\msvcrt.dll
0x00007ff811fd0000 - 0x00007ff81202b000 	C:\WINDOWS\System32\sechost.dll
0x00007ff812a60000 - 0x00007ff812b84000 	C:\WINDOWS\System32\RPCRT4.dll
0x00007ff812400000 - 0x00007ff812590000 	C:\WINDOWS\System32\USER32.dll
0x00007ff8114c0000 - 0x00007ff8114e0000 	C:\WINDOWS\System32\win32u.dll
0x00007ff811ab0000 - 0x00007ff811ad8000 	C:\WINDOWS\System32\GDI32.dll
0x00007ff811120000 - 0x00007ff8112b2000 	C:\WINDOWS\System32\gdi32full.dll
0x00007ff811420000 - 0x00007ff8114bf000 	C:\WINDOWS\System32\msvcp_win.dll
0x00007ff811320000 - 0x00007ff81141a000 	C:\WINDOWS\System32\ucrtbase.dll
0x00007ff803a20000 - 0x00007ff803c89000 	C:\WINDOWS\WinSxS\amd64_microsoft.windows.common-controls_6595b64144ccf1df_6.0.17134.112_none_fb3f961b30681c12\COMCTL32.dll
0x00007ff811ae0000 - 0x00007ff811e03000 	C:\WINDOWS\System32\combase.dll
0x00007ff8110a0000 - 0x00007ff81111a000 	C:\WINDOWS\System32\bcryptPrimitives.dll
0x00007ff811900000 - 0x00007ff81192d000 	C:\WINDOWS\System32\IMM32.DLL
0x0000000063da0000 - 0x0000000063e72000 	C:\Program Files\Android\Android Studio\jre\jre\bin\msvcr100.dll
0x0000000063e80000 - 0x00000000646be000 	C:\Program Files\Android\Android Studio\jre\jre\bin\server\jvm.dll
0x00007ff811530000 - 0x00007ff811538000 	C:\WINDOWS\System32\PSAPI.DLL
0x00007ff80cfb0000 - 0x00007ff80cfb9000 	C:\WINDOWS\SYSTEM32\WSOCK32.dll
0x00007ff812030000 - 0x00007ff81209c000 	C:\WINDOWS\System32\WS2_32.dll
0x00007ff80d170000 - 0x00007ff80d193000 	C:\WINDOWS\SYSTEM32\WINMM.dll
0x00007ff807b10000 - 0x00007ff807b1a000 	C:\WINDOWS\SYSTEM32\VERSION.dll
0x00007ff80d140000 - 0x00007ff80d16a000 	C:\WINDOWS\SYSTEM32\winmmbase.dll
0x00007ff8114e0000 - 0x00007ff811529000 	C:\WINDOWS\System32\cfgmgr32.dll
0x00007ff80b600000 - 0x00007ff80b60f000 	C:\Program Files\Android\Android Studio\jre\jre\bin\verify.dll
0x00007ffff5de0000 - 0x00007ffff5e09000 	C:\Program Files\Android\Android Studio\jre\jre\bin\java.dll
0x00007ffffa490000 - 0x00007ffffa4a6000 	C:\Program Files\Android\Android Studio\jre\jre\bin\zip.dll
0x00007ff812b90000 - 0x00007ff813fd0000 	C:\WINDOWS\System32\SHELL32.dll
0x00007ff811610000 - 0x00007ff8116b9000 	C:\WINDOWS\System32\shcore.dll
0x00007ff810470000 - 0x00007ff810b7d000 	C:\WINDOWS\System32\windows.storage.dll
0x00007ff811780000 - 0x00007ff8117d1000 	C:\WINDOWS\System32\shlwapi.dll
0x00007ff8103e0000 - 0x00007ff8103f1000 	C:\WINDOWS\System32\kernel.appcore.dll
0x00007ff8103b0000 - 0x00007ff8103cf000 	C:\WINDOWS\System32\profapi.dll
0x00007ff810400000 - 0x00007ff81044c000 	C:\WINDOWS\System32\powrprof.dll
0x00007ff8103d0000 - 0x00007ff8103da000 	C:\WINDOWS\System32\FLTLIB.DLL
0x00007ff80fde0000 - 0x00007ff80fdf7000 	C:\WINDOWS\SYSTEM32\CRYPTSP.dll
0x00007ff80f810000 - 0x00007ff80f843000 	C:\WINDOWS\system32\rsaenh.dll
0x00007ff80ff10000 - 0x00007ff80ff35000 	C:\WINDOWS\SYSTEM32\bcrypt.dll
0x00007ff8102b0000 - 0x00007ff8102d8000 	C:\WINDOWS\SYSTEM32\USERENV.dll
0x00007ff80fe00000 - 0x00007ff80fe0b000 	C:\WINDOWS\SYSTEM32\CRYPTBASE.dll
0x00007ffff66b0000 - 0x00007ffff66ca000 	C:\Program Files\Android\Android Studio\jre\jre\bin\net.dll
0x00007ff80fc30000 - 0x00007ff80fc96000 	C:\WINDOWS\system32\mswsock.dll
0x00007ff80f9b0000 - 0x00007ff80f9e8000 	C:\WINDOWS\SYSTEM32\IPHLPAPI.DLL
0x00007ff8125f0000 - 0x00007ff8125f8000 	C:\WINDOWS\System32\NSI.dll
0x00007ff808dc0000 - 0x00007ff808dd6000 	C:\WINDOWS\SYSTEM32\dhcpcsvc6.DLL
0x00007ff807ed0000 - 0x00007ff807eea000 	C:\WINDOWS\SYSTEM32\dhcpcsvc.DLL
0x00007ffff54d0000 - 0x00007ffff54e1000 	C:\Program Files\Android\Android Studio\jre\jre\bin\nio.dll

VM Arguments:
jvm_args: -Djava.awt.headless=true -Xmx64M -Dfile.encoding=x-windows-949 -Duser.country=KR -Duser.language=ko -Duser.variant 
java_command: com.google.devtools.build.android.desugar.Desugar @D:\test\app\build\intermediates\tmp\desugar_args4026758890954163981
java_class_path (initial): C:\Users\Goo\AppData\Local\Temp\desugar_deploy.jar3091555717624552904
Launcher Type: SUN_STANDARD

Environment Variables:
PATH=C:\ProgramData\Oracle\Java\javapath;C:\WINDOWS\system32;C:\WINDOWS;C:\WINDOWS\System32\Wbem;C:\WINDOWS\System32\WindowsPowerShell\v1.0\;C:\OpenSSL;C:\WINDOWS\System32\OpenSSH\;C:\Program Files\nodejs\;C:\Program Files\Git\cmd;C:\Program Files\Git\bin\git.exe;C:\Users\Goo\AppData\Local\Microsoft\WindowsApps;C:\Users\Goo\AppData\Roaming\npm;C:\Program Files\Microsoft VS Code\bin
USERNAME=Goo
OS=Windows_NT
PROCESSOR_IDENTIFIER=Intel64 Family 6 Model 158 Stepping 9, GenuineIntel



---------------  S Y S T E M  ---------------

OS: Windows 10.0 , 64 bit Build 17134 (10.0.17134.1)

CPU:total 8 (initial active 8) (4 cores per cpu, 2 threads per core) family 6 model 158 stepping 9, cmov, cx8, fxsr, mmx, sse, sse2, sse3, ssse3, sse4.1, sse4.2, popcnt, avx, avx2, aes, clmul, erms, 3dnowpref, lzcnt, ht, tsc, tscinvbit, bmi1, bmi2, adx

Memory: 4k page, physical 16692940k(964176k free), swap 16692940k(1536k free)

vm_info: OpenJDK 64-Bit Server VM (25.152-b01) for windows-amd64 JRE (1.8.0_152-release-915-b01), built by "builder" with MS VC++ 10.0 (VS2010)

time: Sat Jul 07 00:23:22 2018
elapsed time: 4 seconds (0d 0h 0m 4s)

