#
# There is insufficient memory for the Java Runtime Environment to continue.
# Native memory allocation (malloc) failed to allocate 32744 bytes for ChunkPool::allocate
# Possible reasons:
#   The system is out of physical RAM or swap space
#   In 32 bit mode, the process size limit was hit
# Possible solutions:
#   Reduce memory load on the system
#   Increase physical memory or swap space
#   Check if swap backing store is full
#   Use 64 bit Java on a 64 bit OS
#   Decrease Java heap size (-Xmx/-Xms)
#   Decrease number of Java threads
#   Decrease Java thread stack sizes (-Xss)
#   Set larger code cache with -XX:ReservedCodeCacheSize=
# This output file may be truncated or incomplete.
#
#  Out of Memory Error (allocation.cpp:273), pid=13060, tid=0x0000000000001968
#
# JRE version: OpenJDK Runtime Environment (8.0_152-b01) (build 1.8.0_152-release-915-b01)
# Java VM: OpenJDK 64-Bit Server VM (25.152-b01 mixed mode windows-amd64 compressed oops)
# Failed to write core dump. Minidumps are not enabled by default on client versions of Windows
#

---------------  T H R E A D  ---------------

Current thread (0x00000000138d9000):  JavaThread "C2 CompilerThread0" daemon [_thread_in_native, id=6504, stack(0x0000000015f60000,0x0000000016060000)]

Stack: [0x0000000015f60000,0x0000000016060000]
[error occurred during error reporting (printing stack bounds), id 0xc0000005]

Native frames: (J=compiled Java code, j=interpreted, Vv=VM code, C=native code)


Current CompileTask:
C2:   2045  913       4       org.objectweb.asm.ClassWriter::newUTF8 (70 bytes)


---------------  P R O C E S S  ---------------

Java Threads: ( => current thread )
  0x000000001585d000 JavaThread "Service Thread" daemon [_thread_blocked, id=2532, stack(0x0000000016360000,0x0000000016460000)]
  0x0000000015857000 JavaThread "C1 CompilerThread3" daemon [_thread_in_native, id=9352, stack(0x0000000016260000,0x0000000016360000)]
  0x0000000015853000 JavaThread "C2 CompilerThread2" daemon [_thread_in_native, id=6372, stack(0x0000000016160000,0x0000000016260000)]
  0x00000000138db800 JavaThread "C2 CompilerThread1" daemon [_thread_blocked, id=2476, stack(0x0000000016060000,0x0000000016160000)]
=>0x00000000138d9000 JavaThread "C2 CompilerThread0" daemon [_thread_in_native, id=6504, stack(0x0000000015f60000,0x0000000016060000)]
  0x000000001584f800 JavaThread "Attach Listener" daemon [_thread_blocked, id=10220, stack(0x0000000015e60000,0x0000000015f60000)]
  0x00000000157fc000 JavaThread "Signal Dispatcher" daemon [_thread_blocked, id=3276, stack(0x0000000015d60000,0x0000000015e60000)]
  0x000000000311e000 JavaThread "Finalizer" daemon [_thread_blocked, id=12916, stack(0x0000000015bc0000,0x0000000015cc0000)]
  0x0000000003117000 JavaThread "Reference Handler" daemon [_thread_blocked, id=9192, stack(0x00000000156c0000,0x00000000157c0000)]
  0x0000000002f1d800 JavaThread "main" [_thread_in_native, id=11832, stack(0x0000000002f20000,0x0000000003020000)]

Other Threads:
  0x00000000138c5800 VMThread [stack: 0x00000000155c0000,0x00000000156c0000] [id=10900]
  0x000000001585e000 WatcherThread [stack: 0x0000000016460000,0x0000000016560000] [id=4080]

VM state:not at safepoint (normal execution)

VM Mutex/Monitor currently owned by a thread: None

Heap:
 PSYoungGen      total 18944K, used 8955K [0x00000000feb00000, 0x0000000100000000, 0x0000000100000000)
  eden space 16384K, 39% used [0x00000000feb00000,0x00000000ff145f68,0x00000000ffb00000)
  from space 2560K, 98% used [0x00000000ffd80000,0x00000000ffff8e10,0x0000000100000000)
  to   space 2560K, 0% used [0x00000000ffb00000,0x00000000ffb00000,0x00000000ffd80000)
 ParOldGen       total 44032K, used 6046K [0x00000000fc000000, 0x00000000feb00000, 0x00000000feb00000)
  object space 44032K, 13% used [0x00000000fc000000,0x00000000fc5e7bb0,0x00000000feb00000)
 Metaspace       used 7645K, capacity 7778K, committed 7936K, reserved 1056768K
  class space    used 877K, capacity 957K, committed 1024K, reserved 1048576K

Card table byte_map: [0x0000000002e90000,0x0000000002ec0000] byte_map_base: 0x00000000026b0000

Marking Bits: (ParMarkBitMap*) 0x00000000677e3950
 Begin Bits: [0x0000000012ce0000, 0x0000000012de0000)
 End Bits:   [0x0000000012de0000, 0x0000000012ee0000)

Polling page: 0x00000000009d0000

CodeCache: size=245760Kb used=3522Kb max_used=3522Kb free=242237Kb
 bounds [0x0000000003120000, 0x00000000034a0000, 0x0000000012120000]
 total_blobs=1265 nmethods=931 adapters=248
 compilation: enabled

Compilation events (10 events):
Event: 2.025 Thread 0x0000000015857000  926       3       com.google.devtools.build.android.desugar.InterfaceDesugaring::normalizeInterfaceMethodName (41 bytes)
Event: 2.026 Thread 0x0000000015857000 nmethod 926 0x0000000003487450 code [0x0000000003487620, 0x0000000003487de8]
Event: 2.026 Thread 0x00000000138db800 nmethod 928 0x000000000348b090 code [0x000000000348b1e0, 0x000000000348b558]
Event: 2.027 Thread 0x0000000015857000  929       3       org.objectweb.asm.ByteVector::a (51 bytes)
Event: 2.027 Thread 0x0000000015857000 nmethod 929 0x000000000348ab10 code [0x000000000348ac80, 0x000000000348afa8]
Event: 2.027 Thread 0x0000000015857000  930       3       com.google.common.base.Preconditions::checkNotNull (35 bytes)
Event: 2.028 Thread 0x0000000015857000 nmethod 930 0x000000000348a0d0 code [0x000000000348a280, 0x000000000348a8d8]
Event: 2.028 Thread 0x0000000015857000  933       3       org.objectweb.asm.MethodWriter::a (845 bytes)
Event: 2.031 Thread 0x0000000015857000 nmethod 933 0x000000000348b810 code [0x000000000348bc80, 0x000000000348e048]
Event: 2.031 Thread 0x0000000015857000  936       3       org.objectweb.asm.MethodWriter::visitFrame (823 bytes)

GC Heap History (4 events):
Event: 0.955 GC heap before
{Heap before GC invocations=1 (full 0):
 PSYoungGen      total 18944K, used 16384K [0x00000000feb00000, 0x0000000100000000, 0x0000000100000000)
  eden space 16384K, 100% used [0x00000000feb00000,0x00000000ffb00000,0x00000000ffb00000)
  from space 2560K, 0% used [0x00000000ffd80000,0x00000000ffd80000,0x0000000100000000)
  to   space 2560K, 0% used [0x00000000ffb00000,0x00000000ffb00000,0x00000000ffd80000)
 ParOldGen       total 44032K, used 0K [0x00000000fc000000, 0x00000000feb00000, 0x00000000feb00000)
  object space 44032K, 0% used [0x00000000fc000000,0x00000000fc000000,0x00000000feb00000)
 Metaspace       used 6616K, capacity 6800K, committed 7040K, reserved 1056768K
  class space    used 773K, capacity 824K, committed 896K, reserved 1048576K
Event: 0.967 GC heap after
Heap after GC invocations=1 (full 0):
 PSYoungGen      total 18944K, used 2537K [0x00000000feb00000, 0x0000000100000000, 0x0000000100000000)
  eden space 16384K, 0% used [0x00000000feb00000,0x00000000feb00000,0x00000000ffb00000)
  from space 2560K, 99% used [0x00000000ffb00000,0x00000000ffd7a620,0x00000000ffd80000)
  to   space 2560K, 0% used [0x00000000ffd80000,0x00000000ffd80000,0x0000000100000000)
 ParOldGen       total 44032K, used 1529K [0x00000000fc000000, 0x00000000feb00000, 0x00000000feb00000)
  object space 44032K, 3% used [0x00000000fc000000,0x00000000fc17e6c8,0x00000000feb00000)
 Metaspace       used 6616K, capacity 6800K, committed 7040K, reserved 1056768K
  class space    used 773K, capacity 824K, committed 896K, reserved 1048576K
}
Event: 1.476 GC heap before
{Heap before GC invocations=2 (full 0):
 PSYoungGen      total 18944K, used 18921K [0x00000000feb00000, 0x0000000100000000, 0x0000000100000000)
  eden space 16384K, 100% used [0x00000000feb00000,0x00000000ffb00000,0x00000000ffb00000)
  from space 2560K, 99% used [0x00000000ffb00000,0x00000000ffd7a620,0x00000000ffd80000)
  to   space 2560K, 0% used [0x00000000ffd80000,0x00000000ffd80000,0x0000000100000000)
 ParOldGen       total 44032K, used 1529K [0x00000000fc000000, 0x00000000feb00000, 0x00000000feb00000)
  object space 44032K, 3% used [0x00000000fc000000,0x00000000fc17e6c8,0x00000000feb00000)
 Metaspace       used 6962K, capacity 7106K, committed 7296K, reserved 1056768K
  class space    used 816K, capacity 861K, committed 896K, reserved 1048576K
Event: 1.544 GC heap after
Heap after GC invocations=2 (full 0):
 PSYoungGen      total 18944K, used 2531K [0x00000000feb00000, 0x0000000100000000, 0x0000000100000000)
  eden space 16384K, 0% used [0x00000000feb00000,0x00000000feb00000,0x00000000ffb00000)
  from space 2560K, 98% used [0x00000000ffd80000,0x00000000ffff8e10,0x0000000100000000)
  to   space 2560K, 0% used [0x00000000ffb00000,0x00000000ffb00000,0x00000000ffd80000)
 ParOldGen       total 44032K, used 6046K [0x00000000fc000000, 0x00000000feb00000, 0x00000000feb00000)
  object space 44032K, 13% used [0x00000000fc000000,0x00000000fc5e7bb0,0x00000000feb00000)
 Metaspace       used 6962K, capacity 7106K, committed 7296K, reserved 1056768K
  class space    used 816K, capacity 861K, committed 896K, reserved 1048576K
}

Deoptimization events (10 events):
Event: 0.935 Thread 0x0000000002f1d800 Uncommon trap: reason=unstable_if action=reinterpret pc=0x00000000033580ec method=java.util.zip.ZipCoder.decoder()Ljava/nio/charset/CharsetDecoder; @ 4
Event: 0.936 Thread 0x0000000002f1d800 Uncommon trap: reason=unstable_if action=reinterpret pc=0x000000000334665c method=java.util.zip.ZipFile$ZipEntryIterator.hasNext()Z @ 25
Event: 0.936 Thread 0x0000000002f1d800 Uncommon trap: reason=unstable_if action=reinterpret pc=0x0000000003355f6c method=java.util.zip.ZipCoder.decoder()Ljava/nio/charset/CharsetDecoder; @ 4
Event: 1.046 Thread 0x0000000002f1d800 Uncommon trap: reason=unstable_if action=reinterpret pc=0x000000000336ab08 method=java.util.HashMap$HashIterator.nextNode()Ljava/util/HashMap$Node; @ 74
Event: 1.058 Thread 0x0000000002f1d800 Uncommon trap: reason=unstable_if action=reinterpret pc=0x000000000334bdd8 method=java.util.zip.ZipFile.getZipEntry(Ljava/lang/String;J)Ljava/util/zip/ZipEntry; @ 19
Event: 1.196 Thread 0x0000000002f1d800 Uncommon trap: reason=unstable_if action=reinterpret pc=0x000000000336b008 method=java.util.HashMap$HashIterator.nextNode()Ljava/util/HashMap$Node; @ 74
Event: 1.429 Thread 0x0000000002f1d800 Uncommon trap: reason=unloaded action=reinterpret pc=0x00000000033599bc method=java.util.zip.ZipEntry.setExtra0([BZ)V @ 37
Event: 1.909 Thread 0x0000000002f1d800 Uncommon trap: reason=unstable_if action=reinterpret pc=0x00000000032c39f8 method=java.lang.String.<init>([CII)V @ 18
Event: 1.955 Thread 0x0000000002f1d800 Uncommon trap: reason=unstable_if action=reinterpret pc=0x00000000033f9edc method=org.objectweb.asm.ClassReader.readUTF8(I[C)Ljava/lang/String; @ 7
Event: 2.031 Thread 0x0000000002f1d800 Uncommon trap: reason=unstable_if action=reinterpret pc=0x00000000034689f8 method=org.objectweb.asm.Item.a(Lorg/objectweb/asm/Item;)Z @ 251

Classes redefined (0 events):
No events

Internal exceptions (10 events):
Event: 1.554 Thread 0x0000000002f1d800 Exception <a 'sun/nio/fs/WindowsException'> (0x00000000feb7fb00) thrown at [D:\src\AOSP-openjdk-cygwin\jdk8u\hotspot\src\share\vm\prims\jni.cpp, line 709]
Event: 1.554 Thread 0x0000000002f1d800 Exception <a 'sun/nio/fs/WindowsException'> (0x00000000feb80058) thrown at [D:\src\AOSP-openjdk-cygwin\jdk8u\hotspot\src\share\vm\prims\jni.cpp, line 709]
Event: 1.605 Thread 0x0000000002f1d800 Exception <a 'sun/nio/fs/WindowsException'> (0x00000000feb8b8d8) thrown at [D:\src\AOSP-openjdk-cygwin\jdk8u\hotspot\src\share\vm\prims\jni.cpp, line 709]
Event: 1.605 Thread 0x0000000002f1d800 Exception <a 'sun/nio/fs/WindowsException'> (0x00000000feb8bdb0) thrown at [D:\src\AOSP-openjdk-cygwin\jdk8u\hotspot\src\share\vm\prims\jni.cpp, line 709]
Event: 1.633 Thread 0x0000000002f1d800 Exception <a 'sun/nio/fs/WindowsException'> (0x00000000feb8f270) thrown at [D:\src\AOSP-openjdk-cygwin\jdk8u\hotspot\src\share\vm\prims\jni.cpp, line 709]
Event: 1.633 Thread 0x0000000002f1d800 Exception <a 'sun/nio/fs/WindowsException'> (0x00000000feb8f748) thrown at [D:\src\AOSP-openjdk-cygwin\jdk8u\hotspot\src\share\vm\prims\jni.cpp, line 709]
Event: 1.665 Thread 0x0000000002f1d800 Exception <a 'sun/nio/fs/WindowsException'> (0x00000000feb92c08) thrown at [D:\src\AOSP-openjdk-cygwin\jdk8u\hotspot\src\share\vm\prims\jni.cpp, line 709]
Event: 1.666 Thread 0x0000000002f1d800 Exception <a 'sun/nio/fs/WindowsException'> (0x00000000feb930e0) thrown at [D:\src\AOSP-openjdk-cygwin\jdk8u\hotspot\src\share\vm\prims\jni.cpp, line 709]
Event: 1.693 Thread 0x0000000002f1d800 Exception <a 'sun/nio/fs/WindowsException'> (0x00000000feb96598) thrown at [D:\src\AOSP-openjdk-cygwin\jdk8u\hotspot\src\share\vm\prims\jni.cpp, line 709]
Event: 1.697 Thread 0x0000000002f1d800 Exception <a 'sun/nio/fs/WindowsException'> (0x00000000feb96a70) thrown at [D:\src\AOSP-openjdk-cygwin\jdk8u\hotspot\src\share\vm\prims\jni.cpp, line 709]

Events (10 events):
Event: 1.923 loading class org/objectweb/asm/Handler
Event: 1.923 loading class org/objectweb/asm/Handler done
Event: 1.944 loading class org/objectweb/asm/Opcodes
Event: 1.944 loading class org/objectweb/asm/Opcodes done
Event: 1.955 Thread 0x0000000002f1d800 Uncommon trap: trap_request=0xffffff65 fr.pc=0x00000000033f9edc
Event: 1.955 Thread 0x0000000002f1d800 DEOPT PACKING pc=0x00000000033f9edc sp=0x000000000301e7e0
Event: 1.955 Thread 0x0000000002f1d800 DEOPT UNPACKING pc=0x000000000316556a sp=0x000000000301e7b0 mode 2
Event: 2.031 Thread 0x0000000002f1d800 Uncommon trap: trap_request=0xffffff65 fr.pc=0x00000000034689f8
Event: 2.031 Thread 0x0000000002f1d800 DEOPT PACKING pc=0x00000000034689f8 sp=0x000000000301e590
Event: 2.031 Thread 0x0000000002f1d800 DEOPT UNPACKING pc=0x000000000316556a sp=0x000000000301e528 mode 2


Dynamic libraries:
0x00007ff708150000 - 0x00007ff708181000 	C:\Program Files\Android\Android Studio\jre\bin\java.exe
0x00007ffba9340000 - 0x00007ffba9521000 	C:\WINDOWS\SYSTEM32\ntdll.dll
0x00007ffba6ca0000 - 0x00007ffba6d52000 	C:\WINDOWS\System32\KERNEL32.DLL
0x00007ffba6070000 - 0x00007ffba62e3000 	C:\WINDOWS\System32\KERNELBASE.dll
0x00007ffba9260000 - 0x00007ffba9301000 	C:\WINDOWS\System32\ADVAPI32.dll
0x00007ffba77b0000 - 0x00007ffba784e000 	C:\WINDOWS\System32\msvcrt.dll
0x00007ffba71b0000 - 0x00007ffba720b000 	C:\WINDOWS\System32\sechost.dll
0x00007ffba7580000 - 0x00007ffba76a4000 	C:\WINDOWS\System32\RPCRT4.dll
0x00007ffba7ac0000 - 0x00007ffba7c50000 	C:\WINDOWS\System32\USER32.dll
0x00007ffba5790000 - 0x00007ffba57b0000 	C:\WINDOWS\System32\win32u.dll
0x00007ffba67e0000 - 0x00007ffba6808000 	C:\WINDOWS\System32\GDI32.dll
0x00007ffba6530000 - 0x00007ffba66c2000 	C:\WINDOWS\System32\gdi32full.dll
0x00007ffba5fd0000 - 0x00007ffba606f000 	C:\WINDOWS\System32\msvcp_win.dll
0x00007ffba66d0000 - 0x00007ffba67ca000 	C:\WINDOWS\System32\ucrtbase.dll
0x00007ffb93ad0000 - 0x00007ffb93d39000 	C:\WINDOWS\WinSxS\amd64_microsoft.windows.common-controls_6595b64144ccf1df_6.0.17134.48_none_b4b2216a3cb4dd3e\COMCTL32.dll
0x00007ffba6810000 - 0x00007ffba6b33000 	C:\WINDOWS\System32\combase.dll
0x00007ffba5710000 - 0x00007ffba578a000 	C:\WINDOWS\System32\bcryptPrimitives.dll
0x00007ffba9090000 - 0x00007ffba90bd000 	C:\WINDOWS\System32\IMM32.DLL
0x0000000067b70000 - 0x0000000067c42000 	C:\Program Files\Android\Android Studio\jre\jre\bin\msvcr100.dll
0x0000000067020000 - 0x000000006785e000 	C:\Program Files\Android\Android Studio\jre\jre\bin\server\jvm.dll
0x00007ffba91d0000 - 0x00007ffba91d8000 	C:\WINDOWS\System32\PSAPI.DLL
0x00007ffba39e0000 - 0x00007ffba39e9000 	C:\WINDOWS\SYSTEM32\WSOCK32.dll
0x00007ffba7510000 - 0x00007ffba757c000 	C:\WINDOWS\System32\WS2_32.dll
0x00007ffb95780000 - 0x00007ffb957a3000 	C:\WINDOWS\SYSTEM32\WINMM.dll
0x00007ffb9d7c0000 - 0x00007ffb9d7ca000 	C:\WINDOWS\SYSTEM32\VERSION.dll
0x00007ffb95570000 - 0x00007ffb9559a000 	C:\WINDOWS\SYSTEM32\winmmbase.dll
0x00007ffba64e0000 - 0x00007ffba6529000 	C:\WINDOWS\System32\cfgmgr32.dll
0x00007ffba0860000 - 0x00007ffba086f000 	C:\Program Files\Android\Android Studio\jre\jre\bin\verify.dll
0x00007ffb9d7f0000 - 0x00007ffb9d819000 	C:\Program Files\Android\Android Studio\jre\jre\bin\java.dll
0x00007ffba0840000 - 0x00007ffba0856000 	C:\Program Files\Android\Android Studio\jre\jre\bin\zip.dll
0x00007ffba7c50000 - 0x00007ffba9090000 	C:\WINDOWS\System32\SHELL32.dll
0x00007ffba9120000 - 0x00007ffba91c9000 	C:\WINDOWS\System32\shcore.dll
0x00007ffba58c0000 - 0x00007ffba5fcd000 	C:\WINDOWS\System32\windows.storage.dll
0x00007ffba90c0000 - 0x00007ffba9111000 	C:\WINDOWS\System32\shlwapi.dll
0x00007ffba5680000 - 0x00007ffba5691000 	C:\WINDOWS\System32\kernel.appcore.dll
0x00007ffba56f0000 - 0x00007ffba570f000 	C:\WINDOWS\System32\profapi.dll
0x00007ffba56a0000 - 0x00007ffba56ec000 	C:\WINDOWS\System32\powrprof.dll
0x00007ffba5650000 - 0x00007ffba565a000 	C:\WINDOWS\System32\FLTLIB.DLL
0x00007ffba5080000 - 0x00007ffba5097000 	C:\WINDOWS\SYSTEM32\CRYPTSP.dll
0x00007ffba4ab0000 - 0x00007ffba4ae3000 	C:\WINDOWS\system32\rsaenh.dll
0x00007ffba51b0000 - 0x00007ffba51d5000 	C:\WINDOWS\SYSTEM32\bcrypt.dll
0x00007ffba5580000 - 0x00007ffba55a8000 	C:\WINDOWS\SYSTEM32\USERENV.dll
0x00007ffba50a0000 - 0x00007ffba50ab000 	C:\WINDOWS\SYSTEM32\CRYPTBASE.dll
0x00007ffb9e480000 - 0x00007ffb9e49a000 	C:\Program Files\Android\Android Studio\jre\jre\bin\net.dll
0x00007ffba4ed0000 - 0x00007ffba4f36000 	C:\WINDOWS\system32\mswsock.dll
0x00007ffba4c50000 - 0x00007ffba4c88000 	C:\WINDOWS\SYSTEM32\IPHLPAPI.DLL
0x00007ffba7430000 - 0x00007ffba7438000 	C:\WINDOWS\System32\NSI.dll
0x00007ffb9a1f0000 - 0x00007ffb9a206000 	C:\WINDOWS\SYSTEM32\dhcpcsvc6.DLL
0x00007ffb9a120000 - 0x00007ffb9a13a000 	C:\WINDOWS\SYSTEM32\dhcpcsvc.DLL
0x00007ffb9d970000 - 0x00007ffb9d981000 	C:\Program Files\Android\Android Studio\jre\jre\bin\nio.dll

VM Arguments:
jvm_args: -Djava.awt.headless=true -Xmx64M -Dfile.encoding=x-windows-949 -Duser.country=KR -Duser.language=ko -Duser.variant 
java_command: com.google.devtools.build.android.desugar.Desugar @D:\test\app\build\intermediates\tmp\desugar_args2052968504262441611
java_class_path (initial): C:\Users\Goo\AppData\Local\Temp\desugar_deploy.jar7068671870238761673
Launcher Type: SUN_STANDARD

Environment Variables:
PATH=C:\ProgramData\Oracle\Java\javapath;C:\WINDOWS\system32;C:\WINDOWS;C:\WINDOWS\System32\Wbem;C:\WINDOWS\System32\WindowsPowerShell\v1.0\;C:\OpenSSL;;C:\WINDOWS\System32\OpenSSH\;C:\Users\Goo\AppData\Local\Microsoft\WindowsApps;
USERNAME=Goo
OS=Windows_NT
PROCESSOR_IDENTIFIER=Intel64 Family 6 Model 158 Stepping 9, GenuineIntel



---------------  S Y S T E M  ---------------

OS: Windows 10.0 , 64 bit Build 17134 (10.0.17134.1)

CPU:total 8 (initial active 8) (4 cores per cpu, 2 threads per core) family 6 model 158 stepping 9, cmov, cx8, fxsr, mmx, sse, sse2, sse3, ssse3, sse4.1, sse4.2, popcnt, avx, avx2, aes, clmul, erms, 3dnowpref, lzcnt, ht, tsc, tscinvbit, bmi1, bmi2, adx

Memory: 4k page, physical 16692940k(4083424k free), swap 16692940k(2268k free)

vm_info: OpenJDK 64-Bit Server VM (25.152-b01) for windows-amd64 JRE (1.8.0_152-release-915-b01), built by "builder" with MS VC++ 10.0 (VS2010)

time: Wed May 23 23:46:43 2018
elapsed time: 2 seconds (0d 0h 0m 2s)

