#
# There is insufficient memory for the Java Runtime Environment to continue.
# Native memory allocation (malloc) failed to allocate 1758416 bytes for Chunk::new
# Possible reasons:
#   The system is out of physical RAM or swap space
#   In 32 bit mode, the process size limit was hit
# Possible solutions:
#   Reduce memory load on the system
#   Increase physical memory or swap space
#   Check if swap backing store is full
#   Use 64 bit Java on a 64 bit OS
#   Decrease Java heap size (-Xmx/-Xms)
#   Decrease number of Java threads
#   Decrease Java thread stack sizes (-Xss)
#   Set larger code cache with -XX:ReservedCodeCacheSize=
# This output file may be truncated or incomplete.
#
#  Out of Memory Error (allocation.cpp:390), pid=3132, tid=0x0000000000001e04
#
# JRE version: OpenJDK Runtime Environment (8.0_152-b01) (build 1.8.0_152-release-915-b01)
# Java VM: OpenJDK 64-Bit Server VM (25.152-b01 mixed mode windows-amd64 compressed oops)
# Failed to write core dump. Minidumps are not enabled by default on client versions of Windows
#

---------------  T H R E A D  ---------------

Current thread (0x0000000015123000):  JavaThread "C2 CompilerThread2" daemon [_thread_in_native, id=7684, stack(0x0000000015a30000,0x0000000015b30000)]

Stack: [0x0000000015a30000,0x0000000015b30000]
[error occurred during error reporting (printing stack bounds), id 0xc0000005]

Native frames: (J=compiled Java code, j=interpreted, Vv=VM code, C=native code)


Current CompileTask:
C2:   2593  908       4       org.objectweb.asm.ClassReader::a (3587 bytes)


---------------  P R O C E S S  ---------------

Java Threads: ( => current thread )
  0x000000001512d000 JavaThread "Service Thread" daemon [_thread_blocked, id=9328, stack(0x0000000015c30000,0x0000000015d30000)]
  0x0000000015127000 JavaThread "C1 CompilerThread3" daemon [_thread_blocked, id=9748, stack(0x0000000015b30000,0x0000000015c30000)]
=>0x0000000015123000 JavaThread "C2 CompilerThread2" daemon [_thread_in_native, id=7684, stack(0x0000000015a30000,0x0000000015b30000)]
  0x0000000015120000 JavaThread "C2 CompilerThread1" daemon [_thread_blocked, id=12068, stack(0x0000000015930000,0x0000000015a30000)]
  0x000000001511d800 JavaThread "C2 CompilerThread0" daemon [_thread_blocked, id=4888, stack(0x0000000015830000,0x0000000015930000)]
  0x000000001511c000 JavaThread "Attach Listener" daemon [_thread_blocked, id=7584, stack(0x0000000015730000,0x0000000015830000)]
  0x00000000150c9000 JavaThread "Signal Dispatcher" daemon [_thread_blocked, id=4188, stack(0x0000000015630000,0x0000000015730000)]
  0x00000000150b0800 JavaThread "Finalizer" daemon [_thread_blocked, id=6280, stack(0x0000000015490000,0x0000000015590000)]
  0x00000000029c8000 JavaThread "Reference Handler" daemon [_thread_blocked, id=11504, stack(0x0000000014f90000,0x0000000015090000)]
  0x00000000027cd800 JavaThread "main" [_thread_in_native, id=10892, stack(0x00000000027d0000,0x00000000028d0000)]

Other Threads:
  0x0000000013175000 VMThread [stack: 0x0000000014e90000,0x0000000014f90000] [id=10808]
  0x000000001512e000 WatcherThread [stack: 0x0000000015d30000,0x0000000015e30000] [id=11436]

VM state:not at safepoint (normal execution)

VM Mutex/Monitor currently owned by a thread: None

Heap:
 PSYoungGen      total 18944K, used 15226K [0x00000000feb00000, 0x0000000100000000, 0x0000000100000000)
  eden space 16384K, 77% used [0x00000000feb00000,0x00000000ff765cb0,0x00000000ffb00000)
  from space 2560K, 98% used [0x00000000ffd80000,0x00000000ffff8e10,0x0000000100000000)
  to   space 2560K, 0% used [0x00000000ffb00000,0x00000000ffb00000,0x00000000ffd80000)
 ParOldGen       total 44032K, used 6034K [0x00000000fc000000, 0x00000000feb00000, 0x00000000feb00000)
  object space 44032K, 13% used [0x00000000fc000000,0x00000000fc5e4978,0x00000000feb00000)
 Metaspace       used 7701K, capacity 7842K, committed 7936K, reserved 1056768K
  class space    used 876K, capacity 957K, committed 1024K, reserved 1048576K

Card table byte_map: [0x0000000002750000,0x0000000002780000] byte_map_base: 0x0000000001f70000

Marking Bits: (ParMarkBitMap*) 0x00000000673d3950
 Begin Bits: [0x0000000012590000, 0x0000000012690000)
 End Bits:   [0x0000000012690000, 0x0000000012790000)

Polling page: 0x00000000009d0000

CodeCache: size=245760Kb used=3903Kb max_used=3916Kb free=241857Kb
 bounds [0x00000000029d0000, 0x0000000002db0000, 0x00000000119d0000]
 total_blobs=1381 nmethods=1047 adapters=248
 compilation: enabled

Compilation events (10 events):
Event: 2.307 Thread 0x0000000015127000 1045       3       java.nio.file.attribute.FileTime::to (117 bytes)
Event: 2.307 Thread 0x0000000015127000 nmethod 1045 0x0000000002d970d0 code [0x0000000002d972c0, 0x0000000002d97b38]
Event: 2.307 Thread 0x0000000015127000 1046       3       java.util.Vector$Itr::hasNext (20 bytes)
Event: 2.307 Thread 0x0000000015127000 nmethod 1046 0x0000000002d97e50 code [0x0000000002d97fa0, 0x0000000002d98150]
Event: 2.307 Thread 0x0000000015127000 1047   !   3       java.util.Vector$Itr::next (63 bytes)
Event: 2.308 Thread 0x0000000015127000 nmethod 1047 0x0000000002d98210 code [0x0000000002d983c0, 0x0000000002d98ab8]
Event: 2.311 Thread 0x0000000015120000 nmethod 1031 0x0000000002d9a410 code [0x0000000002d9a5e0, 0x0000000002d9ad90]
Event: 2.311 Thread 0x0000000015120000 1048       4       java.util.zip.ZipOutputStream::writeShort (41 bytes)
Event: 2.315 Thread 0x0000000015120000 nmethod 1048 0x0000000002d99a10 code [0x0000000002d99b80, 0x0000000002d9a0f8]
Event: 2.408 Thread 0x000000001511d800 nmethod 1035 0x0000000002d9e5d0 code [0x0000000002d9e920, 0x0000000002da11f8]

GC Heap History (4 events):
Event: 0.977 GC heap before
{Heap before GC invocations=1 (full 0):
 PSYoungGen      total 18944K, used 16384K [0x00000000feb00000, 0x0000000100000000, 0x0000000100000000)
  eden space 16384K, 100% used [0x00000000feb00000,0x00000000ffb00000,0x00000000ffb00000)
  from space 2560K, 0% used [0x00000000ffd80000,0x00000000ffd80000,0x0000000100000000)
  to   space 2560K, 0% used [0x00000000ffb00000,0x00000000ffb00000,0x00000000ffd80000)
 ParOldGen       total 44032K, used 0K [0x00000000fc000000, 0x00000000feb00000, 0x00000000feb00000)
  object space 44032K, 0% used [0x00000000fc000000,0x00000000fc000000,0x00000000feb00000)
 Metaspace       used 6617K, capacity 6800K, committed 7040K, reserved 1056768K
  class space    used 773K, capacity 824K, committed 896K, reserved 1048576K
Event: 1.000 GC heap after
Heap after GC invocations=1 (full 0):
 PSYoungGen      total 18944K, used 2537K [0x00000000feb00000, 0x0000000100000000, 0x0000000100000000)
  eden space 16384K, 0% used [0x00000000feb00000,0x00000000feb00000,0x00000000ffb00000)
  from space 2560K, 99% used [0x00000000ffb00000,0x00000000ffd7a620,0x00000000ffd80000)
  to   space 2560K, 0% used [0x00000000ffd80000,0x00000000ffd80000,0x0000000100000000)
 ParOldGen       total 44032K, used 1525K [0x00000000fc000000, 0x00000000feb00000, 0x00000000feb00000)
  object space 44032K, 3% used [0x00000000fc000000,0x00000000fc17d490,0x00000000feb00000)
 Metaspace       used 6617K, capacity 6800K, committed 7040K, reserved 1056768K
  class space    used 773K, capacity 824K, committed 896K, reserved 1048576K
}
Event: 1.320 GC heap before
{Heap before GC invocations=2 (full 0):
 PSYoungGen      total 18944K, used 18921K [0x00000000feb00000, 0x0000000100000000, 0x0000000100000000)
  eden space 16384K, 100% used [0x00000000feb00000,0x00000000ffb00000,0x00000000ffb00000)
  from space 2560K, 99% used [0x00000000ffb00000,0x00000000ffd7a620,0x00000000ffd80000)
  to   space 2560K, 0% used [0x00000000ffd80000,0x00000000ffd80000,0x0000000100000000)
 ParOldGen       total 44032K, used 1525K [0x00000000fc000000, 0x00000000feb00000, 0x00000000feb00000)
  object space 44032K, 3% used [0x00000000fc000000,0x00000000fc17d490,0x00000000feb00000)
 Metaspace       used 6961K, capacity 7106K, committed 7296K, reserved 1056768K
  class space    used 816K, capacity 861K, committed 896K, reserved 1048576K
Event: 1.367 GC heap after
Heap after GC invocations=2 (full 0):
 PSYoungGen      total 18944K, used 2531K [0x00000000feb00000, 0x0000000100000000, 0x0000000100000000)
  eden space 16384K, 0% used [0x00000000feb00000,0x00000000feb00000,0x00000000ffb00000)
  from space 2560K, 98% used [0x00000000ffd80000,0x00000000ffff8e10,0x0000000100000000)
  to   space 2560K, 0% used [0x00000000ffb00000,0x00000000ffb00000,0x00000000ffd80000)
 ParOldGen       total 44032K, used 6034K [0x00000000fc000000, 0x00000000feb00000, 0x00000000feb00000)
  object space 44032K, 13% used [0x00000000fc000000,0x00000000fc5e4978,0x00000000feb00000)
 Metaspace       used 6961K, capacity 7106K, committed 7296K, reserved 1056768K
  class space    used 816K, capacity 861K, committed 896K, reserved 1048576K
}

Deoptimization events (10 events):
Event: 1.028 Thread 0x00000000027cd800 Uncommon trap: reason=unstable_if action=reinterpret pc=0x0000000002c0d52c method=java.util.zip.ZipCoder.decoder()Ljava/nio/charset/CharsetDecoder; @ 4
Event: 1.032 Thread 0x00000000027cd800 Uncommon trap: reason=unstable_if action=reinterpret pc=0x0000000002c20288 method=java.util.HashMap$HashIterator.nextNode()Ljava/util/HashMap$Node; @ 74
Event: 1.139 Thread 0x00000000027cd800 Uncommon trap: reason=unstable_if action=reinterpret pc=0x0000000002c1ee48 method=java.util.HashMap$HashIterator.nextNode()Ljava/util/HashMap$Node; @ 74
Event: 1.270 Thread 0x00000000027cd800 Uncommon trap: reason=unloaded action=reinterpret pc=0x0000000002c018fc method=java.util.zip.ZipEntry.setExtra0([BZ)V @ 37
Event: 2.048 Thread 0x00000000027cd800 Uncommon trap: reason=unstable_if action=reinterpret pc=0x0000000002cd7194 method=org.objectweb.asm.ClassReader.readUTF8(I[C)Ljava/lang/String; @ 7
Event: 2.061 Thread 0x00000000027cd800 Uncommon trap: reason=unstable_if action=reinterpret pc=0x0000000002ca3898 method=java.lang.String.<init>([CII)V @ 18
Event: 2.063 Thread 0x00000000027cd800 Uncommon trap: reason=unstable_if action=reinterpret pc=0x0000000002b78eb8 method=java.lang.String.<init>([CII)V @ 18
Event: 2.269 Thread 0x00000000027cd800 Uncommon trap: reason=unstable_if action=reinterpret pc=0x0000000002cfe8b0 method=org.objectweb.asm.Type.getArgumentsAndReturnSizes(Ljava/lang/String;)I @ 41
Event: 2.271 Thread 0x00000000027cd800 Uncommon trap: reason=unstable_if action=reinterpret pc=0x0000000002d59a1c method=java.lang.String.<init>([CII)V @ 18
Event: 2.284 Thread 0x00000000027cd800 Uncommon trap: reason=unstable_if action=reinterpret pc=0x0000000002d43678 method=org.objectweb.asm.MethodWriter.visitVarInsn(II)V @ 136

Classes redefined (0 events):
No events

Internal exceptions (10 events):
Event: 1.028 Thread 0x00000000027cd800 Implicit null exception at 0x0000000002c0cb53 to 0x0000000002c0d4f1
Event: 1.134 Thread 0x00000000027cd800 Exception <a 'sun/nio/fs/WindowsException'> (0x00000000ff23fa30) thrown at [D:\src\AOSP-openjdk-cygwin\jdk8u\hotspot\src\share\vm\prims\jni.cpp, line 709]
Event: 1.134 Thread 0x00000000027cd800 Exception <a 'sun/nio/fs/WindowsException'> (0x00000000ff23fff0) thrown at [D:\src\AOSP-openjdk-cygwin\jdk8u\hotspot\src\share\vm\prims\jni.cpp, line 709]
Event: 1.134 Thread 0x00000000027cd800 Exception <a 'sun/nio/fs/WindowsException'> (0x00000000ff2405b8) thrown at [D:\src\AOSP-openjdk-cygwin\jdk8u\hotspot\src\share\vm\prims\jni.cpp, line 709]
Event: 1.134 Thread 0x00000000027cd800 Exception <a 'sun/nio/fs/WindowsException'> (0x00000000ff240d78) thrown at [D:\src\AOSP-openjdk-cygwin\jdk8u\hotspot\src\share\vm\prims\jni.cpp, line 709]
Event: 1.135 Thread 0x00000000027cd800 Exception <a 'sun/nio/fs/WindowsException'> (0x00000000ff241318) thrown at [D:\src\AOSP-openjdk-cygwin\jdk8u\hotspot\src\share\vm\prims\jni.cpp, line 709]
Event: 1.135 Thread 0x00000000027cd800 Exception <a 'sun/nio/fs/WindowsException'> (0x00000000ff241ac8) thrown at [D:\src\AOSP-openjdk-cygwin\jdk8u\hotspot\src\share\vm\prims\jni.cpp, line 709]
Event: 1.145 Thread 0x00000000027cd800 Exception <a 'sun/nio/fs/WindowsException'> (0x00000000ff246e08) thrown at [D:\src\AOSP-openjdk-cygwin\jdk8u\hotspot\src\share\vm\prims\jni.cpp, line 709]
Event: 1.376 Thread 0x00000000027cd800 Exception <a 'sun/nio/fs/WindowsException'> (0x00000000feba4dd8) thrown at [D:\src\AOSP-openjdk-cygwin\jdk8u\hotspot\src\share\vm\prims\jni.cpp, line 709]
Event: 1.376 Thread 0x00000000027cd800 Exception <a 'sun/nio/fs/WindowsException'> (0x00000000feba5330) thrown at [D:\src\AOSP-openjdk-cygwin\jdk8u\hotspot\src\share\vm\prims\jni.cpp, line 709]

Events (10 events):
Event: 2.270 loading class com/google/devtools/build/android/desugar/Java7Compatibility$InlineOneMethod
Event: 2.270 loading class com/google/devtools/build/android/desugar/Java7Compatibility$InlineOneMethod done
Event: 2.271 Thread 0x00000000027cd800 Uncommon trap: trap_request=0xffffff65 fr.pc=0x0000000002d59a1c
Event: 2.271 Thread 0x00000000027cd800 DEOPT PACKING pc=0x0000000002d59a1c sp=0x00000000028ce9f0
Event: 2.271 Thread 0x00000000027cd800 DEOPT UNPACKING pc=0x0000000002a1556a sp=0x00000000028ce898 mode 2
Event: 2.284 Thread 0x00000000027cd800 Uncommon trap: trap_request=0xffffff65 fr.pc=0x0000000002d43678
Event: 2.284 Thread 0x00000000027cd800 DEOPT PACKING pc=0x0000000002d43678 sp=0x00000000028ced60
Event: 2.284 Thread 0x00000000027cd800 DEOPT UNPACKING pc=0x0000000002a1556a sp=0x00000000028ceca8 mode 2
Event: 2.304 loading class java/util/Vector$Itr
Event: 2.304 loading class java/util/Vector$Itr done


Dynamic libraries:
0x00007ff7bef40000 - 0x00007ff7bef71000 	C:\Program Files\Android\Android Studio\jre\bin\java.exe
0x00007ffba9340000 - 0x00007ffba9521000 	C:\WINDOWS\SYSTEM32\ntdll.dll
0x00007ffba6ca0000 - 0x00007ffba6d52000 	C:\WINDOWS\System32\KERNEL32.DLL
0x00007ffba6070000 - 0x00007ffba62e3000 	C:\WINDOWS\System32\KERNELBASE.dll
0x00007ffba9260000 - 0x00007ffba9301000 	C:\WINDOWS\System32\ADVAPI32.dll
0x00007ffba77b0000 - 0x00007ffba784e000 	C:\WINDOWS\System32\msvcrt.dll
0x00007ffba71b0000 - 0x00007ffba720b000 	C:\WINDOWS\System32\sechost.dll
0x00007ffba7580000 - 0x00007ffba76a4000 	C:\WINDOWS\System32\RPCRT4.dll
0x00007ffba7ac0000 - 0x00007ffba7c50000 	C:\WINDOWS\System32\USER32.dll
0x00007ffba5790000 - 0x00007ffba57b0000 	C:\WINDOWS\System32\win32u.dll
0x00007ffba67e0000 - 0x00007ffba6808000 	C:\WINDOWS\System32\GDI32.dll
0x00007ffba6530000 - 0x00007ffba66c2000 	C:\WINDOWS\System32\gdi32full.dll
0x00007ffba5fd0000 - 0x00007ffba606f000 	C:\WINDOWS\System32\msvcp_win.dll
0x00007ffba66d0000 - 0x00007ffba67ca000 	C:\WINDOWS\System32\ucrtbase.dll
0x00007ffb93ad0000 - 0x00007ffb93d39000 	C:\WINDOWS\WinSxS\amd64_microsoft.windows.common-controls_6595b64144ccf1df_6.0.17134.48_none_b4b2216a3cb4dd3e\COMCTL32.dll
0x00007ffba6810000 - 0x00007ffba6b33000 	C:\WINDOWS\System32\combase.dll
0x00007ffba5710000 - 0x00007ffba578a000 	C:\WINDOWS\System32\bcryptPrimitives.dll
0x00007ffba9090000 - 0x00007ffba90bd000 	C:\WINDOWS\System32\IMM32.DLL
0x0000000069530000 - 0x0000000069602000 	C:\Program Files\Android\Android Studio\jre\jre\bin\msvcr100.dll
0x0000000066c10000 - 0x000000006744e000 	C:\Program Files\Android\Android Studio\jre\jre\bin\server\jvm.dll
0x00007ffba91d0000 - 0x00007ffba91d8000 	C:\WINDOWS\System32\PSAPI.DLL
0x00007ffba1d20000 - 0x00007ffba1d29000 	C:\WINDOWS\SYSTEM32\WSOCK32.dll
0x00007ffba7510000 - 0x00007ffba757c000 	C:\WINDOWS\System32\WS2_32.dll
0x00007ffb95780000 - 0x00007ffb957a3000 	C:\WINDOWS\SYSTEM32\WINMM.dll
0x00007ffb9d7c0000 - 0x00007ffb9d7ca000 	C:\WINDOWS\SYSTEM32\VERSION.dll
0x00007ffb95570000 - 0x00007ffb9559a000 	C:\WINDOWS\SYSTEM32\WINMMBASE.dll
0x00007ffba64e0000 - 0x00007ffba6529000 	C:\WINDOWS\System32\cfgmgr32.dll
0x00007ffba1d30000 - 0x00007ffba1d3f000 	C:\Program Files\Android\Android Studio\jre\jre\bin\verify.dll
0x00007ffba1b00000 - 0x00007ffba1b29000 	C:\Program Files\Android\Android Studio\jre\jre\bin\java.dll
0x00007ffb9f450000 - 0x00007ffb9f466000 	C:\Program Files\Android\Android Studio\jre\jre\bin\zip.dll
0x00007ffba7c50000 - 0x00007ffba9090000 	C:\WINDOWS\System32\SHELL32.dll
0x00007ffba9120000 - 0x00007ffba91c9000 	C:\WINDOWS\System32\shcore.dll
0x00007ffba58c0000 - 0x00007ffba5fcd000 	C:\WINDOWS\System32\windows.storage.dll
0x00007ffba90c0000 - 0x00007ffba9111000 	C:\WINDOWS\System32\shlwapi.dll
0x00007ffba5680000 - 0x00007ffba5691000 	C:\WINDOWS\System32\kernel.appcore.dll
0x00007ffba56f0000 - 0x00007ffba570f000 	C:\WINDOWS\System32\profapi.dll
0x00007ffba56a0000 - 0x00007ffba56ec000 	C:\WINDOWS\System32\powrprof.dll
0x00007ffba5650000 - 0x00007ffba565a000 	C:\WINDOWS\System32\FLTLIB.DLL
0x00007ffba5080000 - 0x00007ffba5097000 	C:\WINDOWS\SYSTEM32\CRYPTSP.dll
0x00007ffba4ab0000 - 0x00007ffba4ae3000 	C:\WINDOWS\system32\rsaenh.dll
0x00007ffba51b0000 - 0x00007ffba51d5000 	C:\WINDOWS\SYSTEM32\bcrypt.dll
0x00007ffba5580000 - 0x00007ffba55a8000 	C:\WINDOWS\SYSTEM32\USERENV.dll
0x00007ffba50a0000 - 0x00007ffba50ab000 	C:\WINDOWS\SYSTEM32\CRYPTBASE.dll
0x00007ffb9f430000 - 0x00007ffb9f44a000 	C:\Program Files\Android\Android Studio\jre\jre\bin\net.dll
0x00007ffba4ed0000 - 0x00007ffba4f36000 	C:\WINDOWS\system32\mswsock.dll
0x00007ffba4c50000 - 0x00007ffba4c88000 	C:\WINDOWS\SYSTEM32\IPHLPAPI.DLL
0x00007ffba7430000 - 0x00007ffba7438000 	C:\WINDOWS\System32\NSI.dll
0x00007ffb9a1f0000 - 0x00007ffb9a206000 	C:\WINDOWS\SYSTEM32\dhcpcsvc6.DLL
0x00007ffb9a120000 - 0x00007ffb9a13a000 	C:\WINDOWS\SYSTEM32\dhcpcsvc.DLL
0x00007ffb9f410000 - 0x00007ffb9f421000 	C:\Program Files\Android\Android Studio\jre\jre\bin\nio.dll

VM Arguments:
jvm_args: -Djava.awt.headless=true -Xmx64M -Dfile.encoding=x-windows-949 -Duser.country=KR -Duser.language=ko -Duser.variant 
java_command: com.google.devtools.build.android.desugar.Desugar @D:\test\app\build\intermediates\tmp\desugar_args4772135379708085616
java_class_path (initial): C:\Users\Goo\AppData\Local\Temp\desugar_deploy.jar4283967336768827273
Launcher Type: SUN_STANDARD

Environment Variables:
PATH=C:\ProgramData\Oracle\Java\javapath;C:\WINDOWS\system32;C:\WINDOWS;C:\WINDOWS\System32\Wbem;C:\WINDOWS\System32\WindowsPowerShell\v1.0\;C:\OpenSSL;;C:\WINDOWS\System32\OpenSSH\;C:\Users\Goo\AppData\Local\Microsoft\WindowsApps;
USERNAME=Goo
OS=Windows_NT
PROCESSOR_IDENTIFIER=Intel64 Family 6 Model 158 Stepping 9, GenuineIntel



---------------  S Y S T E M  ---------------

OS: Windows 10.0 , 64 bit Build 17134 (10.0.17134.1)

CPU:total 8 (initial active 8) (4 cores per cpu, 2 threads per core) family 6 model 158 stepping 9, cmov, cx8, fxsr, mmx, sse, sse2, sse3, ssse3, sse4.1, sse4.2, popcnt, avx, avx2, aes, clmul, erms, 3dnowpref, lzcnt, ht, tsc, tscinvbit, bmi1, bmi2, adx

Memory: 4k page, physical 16692940k(5097956k free), swap 16692940k(6508k free)

vm_info: OpenJDK 64-Bit Server VM (25.152-b01) for windows-amd64 JRE (1.8.0_152-release-915-b01), built by "builder" with MS VC++ 10.0 (VS2010)

time: Sat May 26 23:38:27 2018
elapsed time: 2 seconds (0d 0h 0m 2s)

