#
# There is insufficient memory for the Java Runtime Environment to continue.
# Native memory allocation (malloc) failed to allocate 32744 bytes for ChunkPool::allocate
# Possible reasons:
#   The system is out of physical RAM or swap space
#   In 32 bit mode, the process size limit was hit
# Possible solutions:
#   Reduce memory load on the system
#   Increase physical memory or swap space
#   Check if swap backing store is full
#   Use 64 bit Java on a 64 bit OS
#   Decrease Java heap size (-Xmx/-Xms)
#   Decrease number of Java threads
#   Decrease Java thread stack sizes (-Xss)
#   Set larger code cache with -XX:ReservedCodeCacheSize=
# This output file may be truncated or incomplete.
#
#  Out of Memory Error (allocation.cpp:273), pid=7308, tid=0x00000000000026c8
#
# JRE version: OpenJDK Runtime Environment (8.0_152-b01) (build 1.8.0_152-release-915-b01)
# Java VM: OpenJDK 64-Bit Server VM (25.152-b01 mixed mode windows-amd64 compressed oops)
# Failed to write core dump. Minidumps are not enabled by default on client versions of Windows
#

---------------  T H R E A D  ---------------

Current thread (0x00000000028ed800):  JavaThread "main" [_thread_in_native, id=9928, stack(0x00000000028f0000,0x00000000029f0000)]

Stack: [0x00000000028f0000,0x00000000029f0000]
[error occurred during error reporting (printing stack bounds), id 0xc0000005]

Native frames: (J=compiled Java code, j=interpreted, Vv=VM code, C=native code)

Java frames: (J=compiled Java code, j=interpreted, Vv=VM code)
j  java.security.Provider.getServices()Ljava/util/Set;+34
j  java.security.SecureRandom.getPrngAlgorithm()Ljava/lang/String;+32
j  java.security.SecureRandom.getDefaultPRNG(Z[B)V+0
j  java.security.SecureRandom.<init>()V+23
j  java.nio.file.TempFileHelper.<clinit>()V+45
v  ~StubRoutines::call_stub
j  java.nio.file.Files.createTempDirectory(Ljava/lang/String;[Ljava/nio/file/attribute/FileAttribute;)Ljava/nio/file/Path;+3
j  com.google.devtools.build.android.desugar.Desugar.createAndRegisterLambdaDumpDirectory()Ljava/nio/file/Path;+41
j  com.google.devtools.build.android.desugar.Desugar.main([Ljava/lang/String;)V+0
v  ~StubRoutines::call_stub

---------------  P R O C E S S  ---------------

Java Threads: ( => current thread )
  0x00000000155ac800 JavaThread "Service Thread" daemon [_thread_blocked, id=9040, stack(0x00000000160a0000,0x00000000161a0000)]
  0x00000000155a6000 JavaThread "C1 CompilerThread3" daemon [_thread_blocked, id=3572, stack(0x0000000015fa0000,0x00000000160a0000)]
  0x00000000155a3000 JavaThread "C2 CompilerThread2" daemon [_thread_blocked, id=8840, stack(0x0000000015ea0000,0x0000000015fa0000)]
  0x000000001362b000 JavaThread "C2 CompilerThread1" daemon [_thread_blocked, id=12492, stack(0x0000000015da0000,0x0000000015ea0000)]
  0x000000001554b000 JavaThread "C2 CompilerThread0" daemon [_thread_blocked, id=1240, stack(0x0000000015ca0000,0x0000000015da0000)]
  0x0000000015549800 JavaThread "Attach Listener" daemon [_thread_blocked, id=5424, stack(0x0000000015ba0000,0x0000000015ca0000)]
  0x00000000155a0000 JavaThread "Signal Dispatcher" daemon [_thread_blocked, id=3220, stack(0x0000000015aa0000,0x0000000015ba0000)]
  0x0000000015530800 JavaThread "Finalizer" daemon [_thread_blocked, id=1608, stack(0x0000000015910000,0x0000000015a10000)]
  0x0000000002e47000 JavaThread "Reference Handler" daemon [_thread_blocked, id=5296, stack(0x0000000015410000,0x0000000015510000)]
=>0x00000000028ed800 JavaThread "main" [_thread_in_native, id=9928, stack(0x00000000028f0000,0x00000000029f0000)]

Other Threads:
  0x0000000013615800 VMThread [stack: 0x0000000015310000,0x0000000015410000] [id=2328]
  0x00000000155ad000 WatcherThread [stack: 0x00000000161a0000,0x00000000162a0000] [id=12424]

VM state:not at safepoint (normal execution)

VM Mutex/Monitor currently owned by a thread: None

Heap:
 PSYoungGen      total 18944K, used 1988K [0x00000000feb00000, 0x0000000100000000, 0x0000000100000000)
  eden space 16384K, 12% used [0x00000000feb00000,0x00000000fecf12b8,0x00000000ffb00000)
  from space 2560K, 0% used [0x00000000ffd80000,0x00000000ffd80000,0x0000000100000000)
  to   space 2560K, 0% used [0x00000000ffb00000,0x00000000ffb00000,0x00000000ffd80000)
 ParOldGen       total 44032K, used 0K [0x00000000fc000000, 0x00000000feb00000, 0x00000000feb00000)
  object space 44032K, 0% used [0x00000000fc000000,0x00000000fc000000,0x00000000feb00000)
 Metaspace       used 3474K, capacity 4652K, committed 4864K, reserved 1056768K
  class space    used 363K, capacity 424K, committed 512K, reserved 1048576K

Card table byte_map: [0x0000000002870000,0x00000000028a0000] byte_map_base: 0x0000000002090000

Marking Bits: (ParMarkBitMap*) 0x00000000677e3950
 Begin Bits: [0x0000000012a10000, 0x0000000012b10000)
 End Bits:   [0x0000000012b10000, 0x0000000012c10000)

Polling page: 0x0000000000a00000

CodeCache: size=245760Kb used=1167Kb max_used=1179Kb free=244592Kb
 bounds [0x0000000002e50000, 0x00000000030c0000, 0x0000000011e50000]
 total_blobs=309 nmethods=54 adapters=169
 compilation: enabled

Compilation events (10 events):
Event: 0.193 Thread 0x00000000155a6000 nmethod 43 0x0000000002f6c4d0 code [0x0000000002f6c6a0, 0x0000000002f6ce38]
Event: 0.193 Thread 0x00000000155a6000   44       3       java.util.Hashtable::addEntry (87 bytes)
Event: 0.194 Thread 0x00000000155a6000 nmethod 44 0x0000000002f6d190 code [0x0000000002f6d340, 0x0000000002f6d998]
Event: 0.194 Thread 0x00000000155a6000   45       3       java.lang.Character::toLowerCase (6 bytes)
Event: 0.194 Thread 0x00000000155a6000 nmethod 45 0x0000000002f6dcd0 code [0x0000000002f6de40, 0x0000000002f6e0d8]
Event: 0.194 Thread 0x00000000155a6000   46       3       java.lang.String::toLowerCase (439 bytes)
Event: 0.195 Thread 0x000000001554b000   51       4       java.lang.CharacterData::of (120 bytes)
Event: 0.195 Thread 0x000000001554b000 nmethod 51 0x0000000002f70e90 code [0x0000000002f70fc0, 0x0000000002f71038]
Event: 0.195 Thread 0x000000001362b000   52       4       java.lang.String::hashCode (55 bytes)
Event: 0.195 Thread 0x00000000155a3000   53       4       java.lang.Character::toLowerCase (9 bytes)

GC Heap History (0 events):
No events

Deoptimization events (0 events):
No events

Classes redefined (0 events):
No events

Internal exceptions (2 events):
Event: 0.043 Thread 0x00000000028ed800 Exception <a 'java/lang/NoSuchMethodError': Method sun.misc.Unsafe.defineClass(Ljava/lang/String;[BII)Ljava/lang/Class; name or signature does not match> (0x00000000feb07ca8) thrown at [D:\src\AOSP-openjdk-cygwin\jdk8u\hotspot\src\share\vm\prims\jni.cpp, 
Event: 0.043 Thread 0x00000000028ed800 Exception <a 'java/lang/NoSuchMethodError': Method sun.misc.Unsafe.prefetchRead(Ljava/lang/Object;J)V name or signature does not match> (0x00000000feb07f90) thrown at [D:\src\AOSP-openjdk-cygwin\jdk8u\hotspot\src\share\vm\prims\jni.cpp, line 4011]

Events (10 events):
Event: 0.193 loading class java/util/LinkedHashMap$LinkedEntrySet done
Event: 0.193 loading class java/util/LinkedHashMap$LinkedEntryIterator
Event: 0.193 loading class java/util/LinkedHashMap$LinkedHashIterator
Event: 0.193 loading class java/util/LinkedHashMap$LinkedHashIterator done
Event: 0.193 loading class java/util/LinkedHashMap$LinkedEntryIterator done
Event: 0.193 loading class java/security/Provider$Service
Event: 0.193 loading class java/security/Provider$Service done
Event: 0.194 loading class java/security/Provider$UString
Event: 0.194 loading class java/security/Provider$UString done
Event: 0.195 loading class java/util/LinkedHashSet


Dynamic libraries:
0x00007ff708150000 - 0x00007ff708181000 	C:\Program Files\Android\Android Studio\jre\bin\java.exe
0x00007ffba9340000 - 0x00007ffba9521000 	C:\WINDOWS\SYSTEM32\ntdll.dll
0x00007ffba6ca0000 - 0x00007ffba6d52000 	C:\WINDOWS\System32\KERNEL32.DLL
0x00007ffba6070000 - 0x00007ffba62e3000 	C:\WINDOWS\System32\KERNELBASE.dll
0x00007ffba9260000 - 0x00007ffba9301000 	C:\WINDOWS\System32\ADVAPI32.dll
0x00007ffba77b0000 - 0x00007ffba784e000 	C:\WINDOWS\System32\msvcrt.dll
0x00007ffba71b0000 - 0x00007ffba720b000 	C:\WINDOWS\System32\sechost.dll
0x00007ffba7580000 - 0x00007ffba76a4000 	C:\WINDOWS\System32\RPCRT4.dll
0x00007ffba7ac0000 - 0x00007ffba7c50000 	C:\WINDOWS\System32\USER32.dll
0x00007ffba5790000 - 0x00007ffba57b0000 	C:\WINDOWS\System32\win32u.dll
0x00007ffba67e0000 - 0x00007ffba6808000 	C:\WINDOWS\System32\GDI32.dll
0x00007ffba6530000 - 0x00007ffba66c2000 	C:\WINDOWS\System32\gdi32full.dll
0x00007ffba5fd0000 - 0x00007ffba606f000 	C:\WINDOWS\System32\msvcp_win.dll
0x00007ffba66d0000 - 0x00007ffba67ca000 	C:\WINDOWS\System32\ucrtbase.dll
0x00007ffb93ad0000 - 0x00007ffb93d39000 	C:\WINDOWS\WinSxS\amd64_microsoft.windows.common-controls_6595b64144ccf1df_6.0.17134.48_none_b4b2216a3cb4dd3e\COMCTL32.dll
0x00007ffba6810000 - 0x00007ffba6b33000 	C:\WINDOWS\System32\combase.dll
0x00007ffba5710000 - 0x00007ffba578a000 	C:\WINDOWS\System32\bcryptPrimitives.dll
0x00007ffba9090000 - 0x00007ffba90bd000 	C:\WINDOWS\System32\IMM32.DLL
0x0000000067b70000 - 0x0000000067c42000 	C:\Program Files\Android\Android Studio\jre\jre\bin\msvcr100.dll
0x0000000067020000 - 0x000000006785e000 	C:\Program Files\Android\Android Studio\jre\jre\bin\server\jvm.dll
0x00007ffba91d0000 - 0x00007ffba91d8000 	C:\WINDOWS\System32\PSAPI.DLL
0x00007ffba39e0000 - 0x00007ffba39e9000 	C:\WINDOWS\SYSTEM32\WSOCK32.dll
0x00007ffba7510000 - 0x00007ffba757c000 	C:\WINDOWS\System32\WS2_32.dll
0x00007ffb95780000 - 0x00007ffb957a3000 	C:\WINDOWS\SYSTEM32\WINMM.dll
0x00007ffb9d7c0000 - 0x00007ffb9d7ca000 	C:\WINDOWS\SYSTEM32\VERSION.dll
0x00007ffb95570000 - 0x00007ffb9559a000 	C:\WINDOWS\SYSTEM32\WINMMBASE.dll
0x00007ffba64e0000 - 0x00007ffba6529000 	C:\WINDOWS\System32\cfgmgr32.dll
0x00007ffba0860000 - 0x00007ffba086f000 	C:\Program Files\Android\Android Studio\jre\jre\bin\verify.dll
0x00007ffb9d7f0000 - 0x00007ffb9d819000 	C:\Program Files\Android\Android Studio\jre\jre\bin\java.dll
0x00007ffba0840000 - 0x00007ffba0856000 	C:\Program Files\Android\Android Studio\jre\jre\bin\zip.dll
0x00007ffba7c50000 - 0x00007ffba9090000 	C:\WINDOWS\System32\SHELL32.dll
0x00007ffba9120000 - 0x00007ffba91c9000 	C:\WINDOWS\System32\shcore.dll
0x00007ffba58c0000 - 0x00007ffba5fcd000 	C:\WINDOWS\System32\windows.storage.dll
0x00007ffba90c0000 - 0x00007ffba9111000 	C:\WINDOWS\System32\shlwapi.dll
0x00007ffba5680000 - 0x00007ffba5691000 	C:\WINDOWS\System32\kernel.appcore.dll
0x00007ffba56f0000 - 0x00007ffba570f000 	C:\WINDOWS\System32\profapi.dll
0x00007ffba56a0000 - 0x00007ffba56ec000 	C:\WINDOWS\System32\powrprof.dll
0x00007ffba5650000 - 0x00007ffba565a000 	C:\WINDOWS\System32\FLTLIB.DLL

VM Arguments:
jvm_args: -Djava.awt.headless=true -Xmx64M -Dfile.encoding=x-windows-949 -Duser.country=KR -Duser.language=ko -Duser.variant 
java_command: com.google.devtools.build.android.desugar.Desugar @D:\test\app\build\intermediates\tmp\desugar_args46030076782955945
java_class_path (initial): C:\Users\Goo\AppData\Local\Temp\desugar_deploy.jar7068671870238761673
Launcher Type: SUN_STANDARD

Environment Variables:
PATH=C:\ProgramData\Oracle\Java\javapath;C:\WINDOWS\system32;C:\WINDOWS;C:\WINDOWS\System32\Wbem;C:\WINDOWS\System32\WindowsPowerShell\v1.0\;C:\OpenSSL;;C:\WINDOWS\System32\OpenSSH\;C:\Users\Goo\AppData\Local\Microsoft\WindowsApps;
USERNAME=Goo
OS=Windows_NT
PROCESSOR_IDENTIFIER=Intel64 Family 6 Model 158 Stepping 9, GenuineIntel



---------------  S Y S T E M  ---------------

OS: Windows 10.0 , 64 bit Build 17134 (10.0.17134.1)

CPU:total 8 (initial active 8) (4 cores per cpu, 2 threads per core) family 6 model 158 stepping 9, cmov, cx8, fxsr, mmx, sse, sse2, sse3, ssse3, sse4.1, sse4.2, popcnt, avx, avx2, aes, clmul, erms, 3dnowpref, lzcnt, ht, tsc, tscinvbit, bmi1, bmi2, adx

Memory: 4k page, physical 16692940k(4428532k free), swap 16692940k(2688k free)

vm_info: OpenJDK 64-Bit Server VM (25.152-b01) for windows-amd64 JRE (1.8.0_152-release-915-b01), built by "builder" with MS VC++ 10.0 (VS2010)

time: Wed May 23 23:46:52 2018
elapsed time: 0 seconds (0d 0h 0m 0s)

