#
# There is insufficient memory for the Java Runtime Environment to continue.
# Native memory allocation (malloc) failed to allocate 32744 bytes for ChunkPool::allocate
# Possible reasons:
#   The system is out of physical RAM or swap space
#   In 32 bit mode, the process size limit was hit
# Possible solutions:
#   Reduce memory load on the system
#   Increase physical memory or swap space
#   Check if swap backing store is full
#   Use 64 bit Java on a 64 bit OS
#   Decrease Java heap size (-Xmx/-Xms)
#   Decrease number of Java threads
#   Decrease Java thread stack sizes (-Xss)
#   Set larger code cache with -XX:ReservedCodeCacheSize=
# This output file may be truncated or incomplete.
#
#  Out of Memory Error (allocation.cpp:273), pid=4468, tid=0x00000000000029c8
#
# JRE version: OpenJDK Runtime Environment (8.0_152-b01) (build 1.8.0_152-release-915-b01)
# Java VM: OpenJDK 64-Bit Server VM (25.152-b01 mixed mode windows-amd64 compressed oops)
# Failed to write core dump. Minidumps are not enabled by default on client versions of Windows
#

---------------  T H R E A D  ---------------

Current thread (0x000000001379a800):  JavaThread "C2 CompilerThread1" daemon [_thread_in_native, id=10696, stack(0x0000000015ef0000,0x0000000015ff0000)]

Stack: [0x0000000015ef0000,0x0000000015ff0000]
[error occurred during error reporting (printing stack bounds), id 0xc0000005]

Native frames: (J=compiled Java code, j=interpreted, Vv=VM code, C=native code)


Current CompileTask:
C2:   4964 1023       4       org.objectweb.asm.tree.VarInsnNode::accept (18 bytes)


---------------  P R O C E S S  ---------------

Java Threads: ( => current thread )
  0x0000000015747000 JavaThread "Service Thread" daemon [_thread_blocked, id=12460, stack(0x00000000161f0000,0x00000000162f0000)]
  0x00000000156f5800 JavaThread "C1 CompilerThread3" daemon [_thread_blocked, id=200, stack(0x00000000160f0000,0x00000000161f0000)]
  0x000000001379d800 JavaThread "C2 CompilerThread2" daemon [_thread_in_native, id=8768, stack(0x0000000015ff0000,0x00000000160f0000)]
=>0x000000001379a800 JavaThread "C2 CompilerThread1" daemon [_thread_in_native, id=10696, stack(0x0000000015ef0000,0x0000000015ff0000)]
  0x00000000156ef800 JavaThread "C2 CompilerThread0" daemon [_thread_in_native, id=6972, stack(0x0000000015df0000,0x0000000015ef0000)]
  0x00000000156ee000 JavaThread "Attach Listener" daemon [_thread_blocked, id=7188, stack(0x0000000015cf0000,0x0000000015df0000)]
  0x000000001569b800 JavaThread "Signal Dispatcher" daemon [_thread_blocked, id=13300, stack(0x0000000015bf0000,0x0000000015cf0000)]
  0x0000000002fde000 JavaThread "Finalizer" daemon [_thread_blocked, id=11248, stack(0x0000000015a60000,0x0000000015b60000)]
  0x0000000002fd7000 JavaThread "Reference Handler" daemon [_thread_blocked, id=3540, stack(0x0000000015560000,0x0000000015660000)]
  0x0000000002ddd800 JavaThread "main" [_thread_in_Java, id=9884, stack(0x0000000002de0000,0x0000000002ee0000)]

Other Threads:
  0x0000000013785000 VMThread [stack: 0x0000000015460000,0x0000000015560000] [id=3720]
  0x0000000015748000 WatcherThread [stack: 0x00000000162f0000,0x00000000163f0000] [id=2464]

VM state:not at safepoint (normal execution)

VM Mutex/Monitor currently owned by a thread: None

Heap:
 PSYoungGen      total 18944K, used 11436K [0x00000000feb00000, 0x0000000100000000, 0x0000000100000000)
  eden space 16384K, 54% used [0x00000000feb00000,0x00000000ff3b2580,0x00000000ffb00000)
  from space 2560K, 98% used [0x00000000ffd80000,0x00000000ffff8e00,0x0000000100000000)
  to   space 2560K, 0% used [0x00000000ffb00000,0x00000000ffb00000,0x00000000ffd80000)
 ParOldGen       total 44032K, used 6082K [0x00000000fc000000, 0x00000000feb00000, 0x00000000feb00000)
  object space 44032K, 13% used [0x00000000fc000000,0x00000000fc5f0808,0x00000000feb00000)
 Metaspace       used 7679K, capacity 7906K, committed 8192K, reserved 1056768K
  class space    used 875K, capacity 957K, committed 1024K, reserved 1048576K

Card table byte_map: [0x0000000002880000,0x00000000028b0000] byte_map_base: 0x00000000020a0000

Marking Bits: (ParMarkBitMap*) 0x00000000677e3950
 Begin Bits: [0x0000000012ba0000, 0x0000000012ca0000)
 End Bits:   [0x0000000012ca0000, 0x0000000012da0000)

Polling page: 0x0000000001060000

CodeCache: size=245760Kb used=3833Kb max_used=3838Kb free=241926Kb
 bounds [0x0000000002fe0000, 0x00000000033b0000, 0x0000000011fe0000]
 total_blobs=1354 nmethods=1020 adapters=248
 compilation: enabled

Compilation events (10 events):
Event: 4.960 Thread 0x00000000156ef800 1018       4       org.objectweb.asm.Item::a (354 bytes)
Event: 4.960 Thread 0x00000000156f5800 1019       3       org.objectweb.asm.tree.MethodNode::visitIntInsn (17 bytes)
Event: 4.961 Thread 0x000000001379a800 1023       4       org.objectweb.asm.tree.VarInsnNode::accept (18 bytes)
Event: 4.961 Thread 0x00000000156f5800 nmethod 1019 0x0000000003397910 code [0x0000000003397aa0, 0x0000000003397dc8]
Event: 4.961 Thread 0x00000000156f5800 1020       3       org.objectweb.asm.tree.IntInsnNode::<init> (11 bytes)
Event: 4.961 Thread 0x00000000156f5800 nmethod 1020 0x0000000003397490 code [0x0000000003397600, 0x0000000003397810]
Event: 4.961 Thread 0x00000000156f5800 1021       3       org.objectweb.asm.tree.IntInsnNode::accept (18 bytes)
Event: 4.961 Thread 0x00000000156f5800 nmethod 1021 0x0000000003399550 code [0x00000000033996c0, 0x00000000033999b8]
Event: 4.961 Thread 0x00000000156f5800 1022       3       org.objectweb.asm.MethodWriter::visitIntInsn (112 bytes)
Event: 4.961 Thread 0x00000000156f5800 nmethod 1022 0x0000000003398d10 code [0x0000000003398ec0, 0x0000000003399388]

GC Heap History (4 events):
Event: 1.689 GC heap before
{Heap before GC invocations=1 (full 0):
 PSYoungGen      total 18944K, used 16384K [0x00000000feb00000, 0x0000000100000000, 0x0000000100000000)
  eden space 16384K, 100% used [0x00000000feb00000,0x00000000ffb00000,0x00000000ffb00000)
  from space 2560K, 0% used [0x00000000ffd80000,0x00000000ffd80000,0x0000000100000000)
  to   space 2560K, 0% used [0x00000000ffb00000,0x00000000ffb00000,0x00000000ffd80000)
 ParOldGen       total 44032K, used 0K [0x00000000fc000000, 0x00000000feb00000, 0x00000000feb00000)
  object space 44032K, 0% used [0x00000000fc000000,0x00000000fc000000,0x00000000feb00000)
 Metaspace       used 6625K, capacity 6736K, committed 7040K, reserved 1056768K
  class space    used 774K, capacity 824K, committed 896K, reserved 1048576K
Event: 1.808 GC heap after
Heap after GC invocations=1 (full 0):
 PSYoungGen      total 18944K, used 2537K [0x00000000feb00000, 0x0000000100000000, 0x0000000100000000)
  eden space 16384K, 0% used [0x00000000feb00000,0x00000000feb00000,0x00000000ffb00000)
  from space 2560K, 99% used [0x00000000ffb00000,0x00000000ffd7a620,0x00000000ffd80000)
  to   space 2560K, 0% used [0x00000000ffd80000,0x00000000ffd80000,0x0000000100000000)
 ParOldGen       total 44032K, used 1516K [0x00000000fc000000, 0x00000000feb00000, 0x00000000feb00000)
  object space 44032K, 3% used [0x00000000fc000000,0x00000000fc17b310,0x00000000feb00000)
 Metaspace       used 6625K, capacity 6736K, committed 7040K, reserved 1056768K
  class space    used 774K, capacity 824K, committed 896K, reserved 1048576K
}
Event: 2.933 GC heap before
{Heap before GC invocations=2 (full 0):
 PSYoungGen      total 18944K, used 18921K [0x00000000feb00000, 0x0000000100000000, 0x0000000100000000)
  eden space 16384K, 100% used [0x00000000feb00000,0x00000000ffb00000,0x00000000ffb00000)
  from space 2560K, 99% used [0x00000000ffb00000,0x00000000ffd7a620,0x00000000ffd80000)
  to   space 2560K, 0% used [0x00000000ffd80000,0x00000000ffd80000,0x0000000100000000)
 ParOldGen       total 44032K, used 1516K [0x00000000fc000000, 0x00000000feb00000, 0x00000000feb00000)
  object space 44032K, 3% used [0x00000000fc000000,0x00000000fc17b310,0x00000000feb00000)
 Metaspace       used 6973K, capacity 7106K, committed 7296K, reserved 1056768K
  class space    used 816K, capacity 861K, committed 896K, reserved 1048576K
Event: 3.063 GC heap after
Heap after GC invocations=2 (full 0):
 PSYoungGen      total 18944K, used 2531K [0x00000000feb00000, 0x0000000100000000, 0x0000000100000000)
  eden space 16384K, 0% used [0x00000000feb00000,0x00000000feb00000,0x00000000ffb00000)
  from space 2560K, 98% used [0x00000000ffd80000,0x00000000ffff8e00,0x0000000100000000)
  to   space 2560K, 0% used [0x00000000ffb00000,0x00000000ffb00000,0x00000000ffd80000)
 ParOldGen       total 44032K, used 6082K [0x00000000fc000000, 0x00000000feb00000, 0x00000000feb00000)
  object space 44032K, 13% used [0x00000000fc000000,0x00000000fc5f0808,0x00000000feb00000)
 Metaspace       used 6973K, capacity 7106K, committed 7296K, reserved 1056768K
  class space    used 816K, capacity 861K, committed 896K, reserved 1048576K
}

Deoptimization events (10 events):
Event: 1.606 Thread 0x0000000002ddd800 Uncommon trap: reason=unstable_if action=reinterpret pc=0x00000000032327c0 method=java.util.zip.ZipCoder.decoder()Ljava/nio/charset/CharsetDecoder; @ 4
Event: 1.835 Thread 0x0000000002ddd800 Uncommon trap: reason=unstable_if action=reinterpret pc=0x000000000322c6f8 method=java.util.zip.ZipCoder.decoder()Ljava/nio/charset/CharsetDecoder; @ 4
Event: 1.835 Thread 0x0000000002ddd800 Uncommon trap: reason=unstable_if action=reinterpret pc=0x0000000003237eac method=java.util.zip.ZipCoder.decoder()Ljava/nio/charset/CharsetDecoder; @ 4
Event: 2.795 Thread 0x0000000002ddd800 Uncommon trap: reason=unloaded action=reinterpret pc=0x00000000032349bc method=java.util.zip.ZipEntry.setExtra0([BZ)V @ 37
Event: 3.967 Thread 0x0000000002ddd800 Uncommon trap: reason=unstable_if action=reinterpret pc=0x00000000033140f4 method=java.lang.String.<init>([CII)V @ 18
Event: 4.532 Thread 0x0000000002ddd800 Uncommon trap: reason=unstable_if action=reinterpret pc=0x0000000003304b58 method=java.lang.String.<init>([CII)V @ 18
Event: 4.549 Thread 0x0000000002ddd800 Uncommon trap: reason=unstable_if action=reinterpret pc=0x000000000333b908 method=org.objectweb.asm.Type.getArgumentsAndReturnSizes(Ljava/lang/String;)I @ 47
Event: 4.549 Thread 0x0000000002ddd800 Uncommon trap: reason=unstable_if action=reinterpret pc=0x000000000335ca3c method=org.objectweb.asm.MethodWriter.visitVarInsn(II)V @ 142
Event: 4.557 Thread 0x0000000002ddd800 Uncommon trap: reason=unstable_if action=reinterpret pc=0x00000000033355d8 method=org.objectweb.asm.Item.a(Lorg/objectweb/asm/Item;)Z @ 345
Event: 4.577 Thread 0x0000000002ddd800 Uncommon trap: reason=unstable_if action=reinterpret pc=0x0000000003367128 method=java.io.BufferedOutputStream.write(I)V @ 9

Classes redefined (0 events):
No events

Internal exceptions (10 events):
Event: 3.096 Thread 0x0000000002ddd800 Exception <a 'sun/nio/fs/WindowsException'> (0x00000000feb71bb0) thrown at [D:\src\AOSP-openjdk-cygwin\jdk8u\hotspot\src\share\vm\prims\jni.cpp, line 709]
Event: 3.097 Thread 0x0000000002ddd800 Exception <a 'sun/nio/fs/WindowsException'> (0x00000000feb72108) thrown at [D:\src\AOSP-openjdk-cygwin\jdk8u\hotspot\src\share\vm\prims\jni.cpp, line 709]
Event: 4.501 Thread 0x0000000002ddd800 Exception <a 'sun/nio/fs/WindowsException'> (0x00000000ff037f10) thrown at [D:\src\AOSP-openjdk-cygwin\jdk8u\hotspot\src\share\vm\prims\jni.cpp, line 709]
Event: 4.519 Thread 0x0000000002ddd800 Exception <a 'sun/nio/fs/WindowsException'> (0x00000000ff0383e8) thrown at [D:\src\AOSP-openjdk-cygwin\jdk8u\hotspot\src\share\vm\prims\jni.cpp, line 709]
Event: 4.637 Thread 0x0000000002ddd800 Exception <a 'sun/nio/fs/WindowsException'> (0x00000000ff2b96c0) thrown at [D:\src\AOSP-openjdk-cygwin\jdk8u\hotspot\src\share\vm\prims\jni.cpp, line 709]
Event: 4.637 Thread 0x0000000002ddd800 Exception <a 'sun/nio/fs/WindowsException'> (0x00000000ff2b9b98) thrown at [D:\src\AOSP-openjdk-cygwin\jdk8u\hotspot\src\share\vm\prims\jni.cpp, line 709]
Event: 4.736 Thread 0x0000000002ddd800 Exception <a 'sun/nio/fs/WindowsException'> (0x00000000ff2bd040) thrown at [D:\src\AOSP-openjdk-cygwin\jdk8u\hotspot\src\share\vm\prims\jni.cpp, line 709]
Event: 4.738 Thread 0x0000000002ddd800 Exception <a 'sun/nio/fs/WindowsException'> (0x00000000ff2bd518) thrown at [D:\src\AOSP-openjdk-cygwin\jdk8u\hotspot\src\share\vm\prims\jni.cpp, line 709]
Event: 4.930 Thread 0x0000000002ddd800 Exception <a 'sun/nio/fs/WindowsException'> (0x00000000ff2c09d0) thrown at [D:\src\AOSP-openjdk-cygwin\jdk8u\hotspot\src\share\vm\prims\jni.cpp, line 709]
Event: 4.935 Thread 0x0000000002ddd800 Exception <a 'sun/nio/fs/WindowsException'> (0x00000000ff2c0ee8) thrown at [D:\src\AOSP-openjdk-cygwin\jdk8u\hotspot\src\share\vm\prims\jni.cpp, line 709]

Events (10 events):
Event: 4.553 Thread 0x0000000002ddd800 DEOPT PACKING pc=0x0000000003151507 sp=0x0000000002edf020
Event: 4.553 Thread 0x0000000002ddd800 DEOPT UNPACKING pc=0x00000000030275bf sp=0x0000000002eded50 mode 0
Event: 4.557 Thread 0x0000000002ddd800 Uncommon trap: trap_request=0xffffff65 fr.pc=0x00000000033355d8
Event: 4.557 Thread 0x0000000002ddd800 DEOPT PACKING pc=0x00000000033355d8 sp=0x0000000002edea80
Event: 4.557 Thread 0x0000000002ddd800 DEOPT UNPACKING pc=0x000000000302556a sp=0x0000000002edea18 mode 2
Event: 4.576 Thread 0x0000000002ddd800 Uncommon trap: trap_request=0xffffff65 fr.pc=0x0000000003367128
Event: 4.576 Executing VM operation: RevokeBias
Event: 4.576 Executing VM operation: RevokeBias done
Event: 4.577 Thread 0x0000000002ddd800 DEOPT PACKING pc=0x0000000003367128 sp=0x0000000002edf1b0
Event: 4.577 Thread 0x0000000002ddd800 DEOPT UNPACKING pc=0x000000000302556a sp=0x0000000002edf160 mode 2


Dynamic libraries:
0x00007ff708150000 - 0x00007ff708181000 	C:\Program Files\Android\Android Studio\jre\bin\java.exe
0x00007ffba9340000 - 0x00007ffba9521000 	C:\WINDOWS\SYSTEM32\ntdll.dll
0x00007ffba6ca0000 - 0x00007ffba6d52000 	C:\WINDOWS\System32\KERNEL32.DLL
0x00007ffba6070000 - 0x00007ffba62e3000 	C:\WINDOWS\System32\KERNELBASE.dll
0x00007ffba9260000 - 0x00007ffba9301000 	C:\WINDOWS\System32\ADVAPI32.dll
0x00007ffba77b0000 - 0x00007ffba784e000 	C:\WINDOWS\System32\msvcrt.dll
0x00007ffba71b0000 - 0x00007ffba720b000 	C:\WINDOWS\System32\sechost.dll
0x00007ffba7580000 - 0x00007ffba76a4000 	C:\WINDOWS\System32\RPCRT4.dll
0x00007ffba7ac0000 - 0x00007ffba7c50000 	C:\WINDOWS\System32\USER32.dll
0x00007ffba5790000 - 0x00007ffba57b0000 	C:\WINDOWS\System32\win32u.dll
0x00007ffba67e0000 - 0x00007ffba6808000 	C:\WINDOWS\System32\GDI32.dll
0x00007ffba6530000 - 0x00007ffba66c2000 	C:\WINDOWS\System32\gdi32full.dll
0x00007ffba5fd0000 - 0x00007ffba606f000 	C:\WINDOWS\System32\msvcp_win.dll
0x00007ffba66d0000 - 0x00007ffba67ca000 	C:\WINDOWS\System32\ucrtbase.dll
0x00007ffb93ad0000 - 0x00007ffb93d39000 	C:\WINDOWS\WinSxS\amd64_microsoft.windows.common-controls_6595b64144ccf1df_6.0.17134.48_none_b4b2216a3cb4dd3e\COMCTL32.dll
0x00007ffba6810000 - 0x00007ffba6b33000 	C:\WINDOWS\System32\combase.dll
0x00007ffba5710000 - 0x00007ffba578a000 	C:\WINDOWS\System32\bcryptPrimitives.dll
0x00007ffba9090000 - 0x00007ffba90bd000 	C:\WINDOWS\System32\IMM32.DLL
0x0000000067b70000 - 0x0000000067c42000 	C:\Program Files\Android\Android Studio\jre\jre\bin\msvcr100.dll
0x0000000067020000 - 0x000000006785e000 	C:\Program Files\Android\Android Studio\jre\jre\bin\server\jvm.dll
0x00007ffba91d0000 - 0x00007ffba91d8000 	C:\WINDOWS\System32\PSAPI.DLL
0x00007ffba39e0000 - 0x00007ffba39e9000 	C:\WINDOWS\SYSTEM32\WSOCK32.dll
0x00007ffba7510000 - 0x00007ffba757c000 	C:\WINDOWS\System32\WS2_32.dll
0x00007ffb95780000 - 0x00007ffb957a3000 	C:\WINDOWS\SYSTEM32\WINMM.dll
0x00007ffb9d7c0000 - 0x00007ffb9d7ca000 	C:\WINDOWS\SYSTEM32\VERSION.dll
0x00007ffb95570000 - 0x00007ffb9559a000 	C:\WINDOWS\SYSTEM32\WINMMBASE.dll
0x00007ffba64e0000 - 0x00007ffba6529000 	C:\WINDOWS\System32\cfgmgr32.dll
0x00007ffba0860000 - 0x00007ffba086f000 	C:\Program Files\Android\Android Studio\jre\jre\bin\verify.dll
0x00007ffb9d7f0000 - 0x00007ffb9d819000 	C:\Program Files\Android\Android Studio\jre\jre\bin\java.dll
0x00007ffba0840000 - 0x00007ffba0856000 	C:\Program Files\Android\Android Studio\jre\jre\bin\zip.dll
0x00007ffba7c50000 - 0x00007ffba9090000 	C:\WINDOWS\System32\SHELL32.dll
0x00007ffba9120000 - 0x00007ffba91c9000 	C:\WINDOWS\System32\shcore.dll
0x00007ffba58c0000 - 0x00007ffba5fcd000 	C:\WINDOWS\System32\windows.storage.dll
0x00007ffba90c0000 - 0x00007ffba9111000 	C:\WINDOWS\System32\shlwapi.dll
0x00007ffba5680000 - 0x00007ffba5691000 	C:\WINDOWS\System32\kernel.appcore.dll
0x00007ffba56f0000 - 0x00007ffba570f000 	C:\WINDOWS\System32\profapi.dll
0x00007ffba56a0000 - 0x00007ffba56ec000 	C:\WINDOWS\System32\powrprof.dll
0x00007ffba5650000 - 0x00007ffba565a000 	C:\WINDOWS\System32\FLTLIB.DLL
0x00007ffba5080000 - 0x00007ffba5097000 	C:\WINDOWS\SYSTEM32\CRYPTSP.dll
0x00007ffba4ab0000 - 0x00007ffba4ae3000 	C:\WINDOWS\system32\rsaenh.dll
0x00007ffba51b0000 - 0x00007ffba51d5000 	C:\WINDOWS\SYSTEM32\bcrypt.dll
0x00007ffba5580000 - 0x00007ffba55a8000 	C:\WINDOWS\SYSTEM32\USERENV.dll
0x00007ffba50a0000 - 0x00007ffba50ab000 	C:\WINDOWS\SYSTEM32\CRYPTBASE.dll
0x00007ffb9e480000 - 0x00007ffb9e49a000 	C:\Program Files\Android\Android Studio\jre\jre\bin\net.dll
0x00007ffba4ed0000 - 0x00007ffba4f36000 	C:\WINDOWS\system32\mswsock.dll
0x00007ffba4c50000 - 0x00007ffba4c88000 	C:\WINDOWS\SYSTEM32\IPHLPAPI.DLL
0x00007ffba7430000 - 0x00007ffba7438000 	C:\WINDOWS\System32\NSI.dll
0x00007ffb9a1f0000 - 0x00007ffb9a206000 	C:\WINDOWS\SYSTEM32\dhcpcsvc6.DLL
0x00007ffb9a120000 - 0x00007ffb9a13a000 	C:\WINDOWS\SYSTEM32\dhcpcsvc.DLL
0x00007ffb9d970000 - 0x00007ffb9d981000 	C:\Program Files\Android\Android Studio\jre\jre\bin\nio.dll

VM Arguments:
jvm_args: -Djava.awt.headless=true -Xmx64M -Dfile.encoding=x-windows-949 -Duser.country=KR -Duser.language=ko -Duser.variant 
java_command: com.google.devtools.build.android.desugar.Desugar @D:\test\app\build\intermediates\tmp\desugar_args1061971372060696278
java_class_path (initial): C:\Users\Goo\AppData\Local\Temp\desugar_deploy.jar7068671870238761673
Launcher Type: SUN_STANDARD

Environment Variables:
PATH=C:\ProgramData\Oracle\Java\javapath;C:\WINDOWS\system32;C:\WINDOWS;C:\WINDOWS\System32\Wbem;C:\WINDOWS\System32\WindowsPowerShell\v1.0\;C:\OpenSSL;;C:\WINDOWS\System32\OpenSSH\;C:\Users\Goo\AppData\Local\Microsoft\WindowsApps;
USERNAME=Goo
OS=Windows_NT
PROCESSOR_IDENTIFIER=Intel64 Family 6 Model 158 Stepping 9, GenuineIntel



---------------  S Y S T E M  ---------------

OS: Windows 10.0 , 64 bit Build 17134 (10.0.17134.1)

CPU:total 8 (initial active 8) (4 cores per cpu, 2 threads per core) family 6 model 158 stepping 9, cmov, cx8, fxsr, mmx, sse, sse2, sse3, ssse3, sse4.1, sse4.2, popcnt, avx, avx2, aes, clmul, erms, 3dnowpref, lzcnt, ht, tsc, tscinvbit, bmi1, bmi2, adx

Memory: 4k page, physical 16692940k(4104084k free), swap 16692940k(4416k free)

vm_info: OpenJDK 64-Bit Server VM (25.152-b01) for windows-amd64 JRE (1.8.0_152-release-915-b01), built by "builder" with MS VC++ 10.0 (VS2010)

time: Wed May 23 20:55:23 2018
elapsed time: 4 seconds (0d 0h 0m 4s)

