#
# There is insufficient memory for the Java Runtime Environment to continue.
# Native memory allocation (malloc) failed to allocate 52656 bytes for Chunk::new
# Possible reasons:
#   The system is out of physical RAM or swap space
#   In 32 bit mode, the process size limit was hit
# Possible solutions:
#   Reduce memory load on the system
#   Increase physical memory or swap space
#   Check if swap backing store is full
#   Use 64 bit Java on a 64 bit OS
#   Decrease Java heap size (-Xmx/-Xms)
#   Decrease number of Java threads
#   Decrease Java thread stack sizes (-Xss)
#   Set larger code cache with -XX:ReservedCodeCacheSize=
# This output file may be truncated or incomplete.
#
#  Out of Memory Error (allocation.cpp:390), pid=14064, tid=0x00000000000016e8
#
# JRE version: OpenJDK Runtime Environment (8.0_152-b01) (build 1.8.0_152-release-915-b01)
# Java VM: OpenJDK 64-Bit Server VM (25.152-b01 mixed mode windows-amd64 compressed oops)
# Failed to write core dump. Minidumps are not enabled by default on client versions of Windows
#

---------------  T H R E A D  ---------------

Current thread (0x00000000139eb000):  JavaThread "C2 CompilerThread1" daemon [_thread_in_native, id=5864, stack(0x0000000016160000,0x0000000016260000)]

Stack: [0x0000000016160000,0x0000000016260000]
[error occurred during error reporting (printing stack bounds), id 0xc0000005]

Native frames: (J=compiled Java code, j=interpreted, Vv=VM code, C=native code)


Current CompileTask:
C2:   1857  805       4       org.objectweb.asm.ClassReader::a (194 bytes)


---------------  P R O C E S S  ---------------

Java Threads: ( => current thread )
  0x00000000159c7800 JavaThread "Service Thread" daemon [_thread_blocked, id=2908, stack(0x0000000016460000,0x0000000016560000)]
  0x0000000015956000 JavaThread "C1 CompilerThread3" daemon [_thread_in_native, id=12736, stack(0x0000000016360000,0x0000000016460000)]
  0x0000000015953000 JavaThread "C2 CompilerThread2" daemon [_thread_in_native, id=3592, stack(0x0000000016260000,0x0000000016360000)]
=>0x00000000139eb000 JavaThread "C2 CompilerThread1" daemon [_thread_in_native, id=5864, stack(0x0000000016160000,0x0000000016260000)]
  0x00000000158fb000 JavaThread "C2 CompilerThread0" daemon [_thread_in_native, id=11752, stack(0x0000000016060000,0x0000000016160000)]
  0x00000000158f9800 JavaThread "Attach Listener" daemon [_thread_blocked, id=10308, stack(0x0000000015f60000,0x0000000016060000)]
  0x0000000015950000 JavaThread "Signal Dispatcher" daemon [_thread_blocked, id=472, stack(0x0000000015e60000,0x0000000015f60000)]
  0x00000000158e0800 JavaThread "Finalizer" daemon [_thread_blocked, id=5348, stack(0x0000000015cc0000,0x0000000015dc0000)]
  0x00000000031a7000 JavaThread "Reference Handler" daemon [_thread_blocked, id=5360, stack(0x00000000157c0000,0x00000000158c0000)]
  0x0000000000e9d800 JavaThread "main" [_thread_in_Java, id=10108, stack(0x0000000002fb0000,0x00000000030b0000)]

Other Threads:
  0x00000000139d5800 VMThread [stack: 0x00000000156c0000,0x00000000157c0000] [id=3148]
  0x00000000159c8000 WatcherThread [stack: 0x0000000016560000,0x0000000016660000] [id=11580]

VM state:not at safepoint (normal execution)

VM Mutex/Monitor currently owned by a thread: None

Heap:
 PSYoungGen      total 18944K, used 5833K [0x00000000feb00000, 0x0000000100000000, 0x0000000100000000)
  eden space 16384K, 20% used [0x00000000feb00000,0x00000000fee396b0,0x00000000ffb00000)
  from space 2560K, 98% used [0x00000000ffd80000,0x00000000ffff8e00,0x0000000100000000)
  to   space 2560K, 0% used [0x00000000ffb00000,0x00000000ffb00000,0x00000000ffd80000)
 ParOldGen       total 44032K, used 5883K [0x00000000fc000000, 0x00000000feb00000, 0x00000000feb00000)
  object space 44032K, 13% used [0x00000000fc000000,0x00000000fc5bef08,0x00000000feb00000)
 Metaspace       used 7493K, capacity 7654K, committed 7936K, reserved 1056768K
  class space    used 870K, capacity 957K, committed 1024K, reserved 1048576K

Card table byte_map: [0x0000000012570000,0x00000000125a0000] byte_map_base: 0x0000000011d90000

Marking Bits: (ParMarkBitMap*) 0x00000000673d3950
 Begin Bits: [0x0000000012dc0000, 0x0000000012ec0000)
 End Bits:   [0x0000000012ec0000, 0x0000000012fc0000)

Polling page: 0x0000000000e80000

CodeCache: size=245760Kb used=2891Kb max_used=2903Kb free=242868Kb
 bounds [0x00000000031b0000, 0x0000000003490000, 0x00000000121b0000]
 total_blobs=1133 nmethods=799 adapters=248
 compilation: enabled

Compilation events (10 events):
Event: 1.845 Thread 0x0000000015956000  798       3       org.objectweb.asm.MethodVisitor::visitMethodInsn (68 bytes)
Event: 1.846 Thread 0x0000000015956000 nmethod 798 0x0000000003484690 code [0x0000000003484820, 0x0000000003484cc8]
Event: 1.846 Thread 0x0000000015956000  797       3       org.objectweb.asm.Label::<init> (5 bytes)
Event: 1.846 Thread 0x0000000015956000 nmethod 797 0x0000000003484e50 code [0x0000000003484fa0, 0x0000000003485150]
Event: 1.846 Thread 0x0000000015956000  799       3       org.objectweb.asm.ClassReader::a (3587 bytes)
Event: 1.854 Thread 0x00000000139eb000  805       4       org.objectweb.asm.ClassReader::a (194 bytes)
Event: 1.854 Thread 0x0000000015953000  806       4       org.objectweb.asm.ByteVector::putUTF8 (142 bytes)
Event: 1.855 Thread 0x00000000158fb000  811       4       org.objectweb.asm.ClassReader::readInt (52 bytes)
Event: 1.855 Thread 0x00000000158fb000 nmethod 811 0x0000000003487f10 code [0x0000000003488040, 0x0000000003488138]
Event: 1.855 Thread 0x00000000158fb000  812       4       org.objectweb.asm.ClassReader::readUTF8 (60 bytes)

GC Heap History (4 events):
Event: 1.265 GC heap before
{Heap before GC invocations=1 (full 0):
 PSYoungGen      total 18944K, used 16384K [0x00000000feb00000, 0x0000000100000000, 0x0000000100000000)
  eden space 16384K, 100% used [0x00000000feb00000,0x00000000ffb00000,0x00000000ffb00000)
  from space 2560K, 0% used [0x00000000ffd80000,0x00000000ffd80000,0x0000000100000000)
  to   space 2560K, 0% used [0x00000000ffb00000,0x00000000ffb00000,0x00000000ffd80000)
 ParOldGen       total 44032K, used 0K [0x00000000fc000000, 0x00000000feb00000, 0x00000000feb00000)
  object space 44032K, 0% used [0x00000000fc000000,0x00000000fc000000,0x00000000feb00000)
 Metaspace       used 6617K, capacity 6740K, committed 7040K, reserved 1056768K
  class space    used 773K, capacity 824K, committed 896K, reserved 1048576K
Event: 1.303 GC heap after
Heap after GC invocations=1 (full 0):
 PSYoungGen      total 18944K, used 2537K [0x00000000feb00000, 0x0000000100000000, 0x0000000100000000)
  eden space 16384K, 0% used [0x00000000feb00000,0x00000000feb00000,0x00000000ffb00000)
  from space 2560K, 99% used [0x00000000ffb00000,0x00000000ffd7a620,0x00000000ffd80000)
  to   space 2560K, 0% used [0x00000000ffd80000,0x00000000ffd80000,0x0000000100000000)
 ParOldGen       total 44032K, used 1406K [0x00000000fc000000, 0x00000000feb00000, 0x00000000feb00000)
  object space 44032K, 3% used [0x00000000fc000000,0x00000000fc15fa10,0x00000000feb00000)
 Metaspace       used 6617K, capacity 6740K, committed 7040K, reserved 1056768K
  class space    used 773K, capacity 824K, committed 896K, reserved 1048576K
}
Event: 1.687 GC heap before
{Heap before GC invocations=2 (full 0):
 PSYoungGen      total 18944K, used 18921K [0x00000000feb00000, 0x0000000100000000, 0x0000000100000000)
  eden space 16384K, 100% used [0x00000000feb00000,0x00000000ffb00000,0x00000000ffb00000)
  from space 2560K, 99% used [0x00000000ffb00000,0x00000000ffd7a620,0x00000000ffd80000)
  to   space 2560K, 0% used [0x00000000ffd80000,0x00000000ffd80000,0x0000000100000000)
 ParOldGen       total 44032K, used 1406K [0x00000000fc000000, 0x00000000feb00000, 0x00000000feb00000)
  object space 44032K, 3% used [0x00000000fc000000,0x00000000fc15fa10,0x00000000feb00000)
 Metaspace       used 6960K, capacity 7110K, committed 7296K, reserved 1056768K
  class space    used 816K, capacity 861K, committed 896K, reserved 1048576K
Event: 1.697 GC heap after
Heap after GC invocations=2 (full 0):
 PSYoungGen      total 18944K, used 2531K [0x00000000feb00000, 0x0000000100000000, 0x0000000100000000)
  eden space 16384K, 0% used [0x00000000feb00000,0x00000000feb00000,0x00000000ffb00000)
  from space 2560K, 98% used [0x00000000ffd80000,0x00000000ffff8e00,0x0000000100000000)
  to   space 2560K, 0% used [0x00000000ffb00000,0x00000000ffb00000,0x00000000ffd80000)
 ParOldGen       total 44032K, used 5883K [0x00000000fc000000, 0x00000000feb00000, 0x00000000feb00000)
  object space 44032K, 13% used [0x00000000fc000000,0x00000000fc5bef08,0x00000000feb00000)
 Metaspace       used 6960K, capacity 7110K, committed 7296K, reserved 1056768K
  class space    used 816K, capacity 861K, committed 896K, reserved 1048576K
}

Deoptimization events (9 events):
Event: 0.798 Thread 0x0000000000e9d800 Uncommon trap: reason=range_check action=make_not_entrant pc=0x0000000003330aa0 method=sun.reflect.generics.parser.SignatureParser.current()C @ 34
Event: 1.159 Thread 0x0000000000e9d800 Uncommon trap: reason=unstable_if action=reinterpret pc=0x000000000335cfb8 method=java.lang.String.startsWith(Ljava/lang/String;I)Z @ 25
Event: 1.251 Thread 0x0000000000e9d800 Uncommon trap: reason=unstable_if action=reinterpret pc=0x00000000033e7c2c method=java.util.zip.ZipFile$ZipEntryIterator.hasNext()Z @ 25
Event: 1.251 Thread 0x0000000000e9d800 Uncommon trap: reason=unstable_if action=reinterpret pc=0x00000000033f08ac method=java.util.zip.ZipCoder.decoder()Ljava/nio/charset/CharsetDecoder; @ 4
Event: 1.251 Thread 0x0000000000e9d800 Uncommon trap: reason=unstable_if action=reinterpret pc=0x00000000033e7758 method=java.util.zip.ZipEntry.setExtra0([BZ)V @ 1
Event: 1.253 Thread 0x0000000000e9d800 Uncommon trap: reason=unstable_if action=reinterpret pc=0x00000000033f53ac method=java.util.zip.ZipCoder.decoder()Ljava/nio/charset/CharsetDecoder; @ 4
Event: 1.255 Thread 0x0000000000e9d800 Uncommon trap: reason=unstable_if action=reinterpret pc=0x00000000033e8ad8 method=java.util.zip.ZipCoder.decoder()Ljava/nio/charset/CharsetDecoder; @ 4
Event: 1.363 Thread 0x0000000000e9d800 Uncommon trap: reason=unstable_if action=reinterpret pc=0x0000000003402d18 method=java.util.zip.ZipFile.getZipEntry(Ljava/lang/String;J)Ljava/util/zip/ZipEntry; @ 19
Event: 1.621 Thread 0x0000000000e9d800 Uncommon trap: reason=unloaded action=reinterpret pc=0x00000000033eb73c method=java.util.zip.ZipEntry.setExtra0([BZ)V @ 37

Classes redefined (0 events):
No events

Internal exceptions (10 events):
Event: 1.255 Thread 0x0000000000e9d800 Implicit null exception at 0x00000000033e84f9 to 0x00000000033e8ab5
Event: 1.449 Thread 0x0000000000e9d800 Exception <a 'sun/nio/fs/WindowsException'> (0x00000000ff27cf40) thrown at [D:\src\AOSP-openjdk-cygwin\jdk8u\hotspot\src\share\vm\prims\jni.cpp, line 709]
Event: 1.450 Thread 0x0000000000e9d800 Exception <a 'sun/nio/fs/WindowsException'> (0x00000000ff27d500) thrown at [D:\src\AOSP-openjdk-cygwin\jdk8u\hotspot\src\share\vm\prims\jni.cpp, line 709]
Event: 1.450 Thread 0x0000000000e9d800 Exception <a 'sun/nio/fs/WindowsException'> (0x00000000ff27dac8) thrown at [D:\src\AOSP-openjdk-cygwin\jdk8u\hotspot\src\share\vm\prims\jni.cpp, line 709]
Event: 1.450 Thread 0x0000000000e9d800 Exception <a 'sun/nio/fs/WindowsException'> (0x00000000ff27e288) thrown at [D:\src\AOSP-openjdk-cygwin\jdk8u\hotspot\src\share\vm\prims\jni.cpp, line 709]
Event: 1.450 Thread 0x0000000000e9d800 Exception <a 'sun/nio/fs/WindowsException'> (0x00000000ff27e828) thrown at [D:\src\AOSP-openjdk-cygwin\jdk8u\hotspot\src\share\vm\prims\jni.cpp, line 709]
Event: 1.450 Thread 0x0000000000e9d800 Exception <a 'sun/nio/fs/WindowsException'> (0x00000000ff27efd8) thrown at [D:\src\AOSP-openjdk-cygwin\jdk8u\hotspot\src\share\vm\prims\jni.cpp, line 709]
Event: 1.465 Thread 0x0000000000e9d800 Exception <a 'sun/nio/fs/WindowsException'> (0x00000000ff284318) thrown at [D:\src\AOSP-openjdk-cygwin\jdk8u\hotspot\src\share\vm\prims\jni.cpp, line 709]
Event: 1.706 Thread 0x0000000000e9d800 Exception <a 'sun/nio/fs/WindowsException'> (0x00000000febefda0) thrown at [D:\src\AOSP-openjdk-cygwin\jdk8u\hotspot\src\share\vm\prims\jni.cpp, line 709]
Event: 1.706 Thread 0x0000000000e9d800 Exception <a 'sun/nio/fs/WindowsException'> (0x00000000febf02f8) thrown at [D:\src\AOSP-openjdk-cygwin\jdk8u\hotspot\src\share\vm\prims\jni.cpp, line 709]

Events (10 events):
Event: 1.830 loading class sun/util/calendar/BaseCalendar$Date done
Event: 1.830 loading class sun/util/calendar/Gregorian$Date done
Event: 1.830 loading class sun/util/calendar/CalendarUtils
Event: 1.830 loading class sun/util/calendar/CalendarUtils done
Event: 1.830 loading class java/util/zip/ZipOutputStream$XEntry
Event: 1.830 loading class java/util/zip/ZipOutputStream$XEntry done
Event: 1.834 loading class org/objectweb/asm/Edge
Event: 1.834 loading class org/objectweb/asm/Edge done
Event: 1.841 loading class org/objectweb/asm/Opcodes
Event: 1.841 loading class org/objectweb/asm/Opcodes done


Dynamic libraries:
0x00007ff6c8c60000 - 0x00007ff6c8c91000 	C:\Program Files\Android\Android Studio\jre\bin\java.exe
0x00007ffba9340000 - 0x00007ffba9521000 	C:\WINDOWS\SYSTEM32\ntdll.dll
0x00007ffba6ca0000 - 0x00007ffba6d52000 	C:\WINDOWS\System32\KERNEL32.DLL
0x00007ffba6070000 - 0x00007ffba62e3000 	C:\WINDOWS\System32\KERNELBASE.dll
0x00007ffba9260000 - 0x00007ffba9301000 	C:\WINDOWS\System32\ADVAPI32.dll
0x00007ffba77b0000 - 0x00007ffba784e000 	C:\WINDOWS\System32\msvcrt.dll
0x00007ffba71b0000 - 0x00007ffba720b000 	C:\WINDOWS\System32\sechost.dll
0x00007ffba7580000 - 0x00007ffba76a4000 	C:\WINDOWS\System32\RPCRT4.dll
0x00007ffba7ac0000 - 0x00007ffba7c50000 	C:\WINDOWS\System32\USER32.dll
0x00007ffba5790000 - 0x00007ffba57b0000 	C:\WINDOWS\System32\win32u.dll
0x00007ffba67e0000 - 0x00007ffba6808000 	C:\WINDOWS\System32\GDI32.dll
0x00007ffba6530000 - 0x00007ffba66c2000 	C:\WINDOWS\System32\gdi32full.dll
0x00007ffba5fd0000 - 0x00007ffba606f000 	C:\WINDOWS\System32\msvcp_win.dll
0x00007ffba66d0000 - 0x00007ffba67ca000 	C:\WINDOWS\System32\ucrtbase.dll
0x00007ffb93ad0000 - 0x00007ffb93d39000 	C:\WINDOWS\WinSxS\amd64_microsoft.windows.common-controls_6595b64144ccf1df_6.0.17134.48_none_b4b2216a3cb4dd3e\COMCTL32.dll
0x00007ffba6810000 - 0x00007ffba6b33000 	C:\WINDOWS\System32\combase.dll
0x00007ffba5710000 - 0x00007ffba578a000 	C:\WINDOWS\System32\bcryptPrimitives.dll
0x00007ffba9090000 - 0x00007ffba90bd000 	C:\WINDOWS\System32\IMM32.DLL
0x0000000069530000 - 0x0000000069602000 	C:\Program Files\Android\Android Studio\jre\jre\bin\msvcr100.dll
0x0000000066c10000 - 0x000000006744e000 	C:\Program Files\Android\Android Studio\jre\jre\bin\server\jvm.dll
0x00007ffba91d0000 - 0x00007ffba91d8000 	C:\WINDOWS\System32\PSAPI.DLL
0x00007ffba1d20000 - 0x00007ffba1d29000 	C:\WINDOWS\SYSTEM32\WSOCK32.dll
0x00007ffba7510000 - 0x00007ffba757c000 	C:\WINDOWS\System32\WS2_32.dll
0x00007ffb95780000 - 0x00007ffb957a3000 	C:\WINDOWS\SYSTEM32\WINMM.dll
0x00007ffb9d7c0000 - 0x00007ffb9d7ca000 	C:\WINDOWS\SYSTEM32\VERSION.dll
0x00007ffb95570000 - 0x00007ffb9559a000 	C:\WINDOWS\SYSTEM32\WINMMBASE.dll
0x00007ffba64e0000 - 0x00007ffba6529000 	C:\WINDOWS\System32\cfgmgr32.dll
0x00007ffba1d30000 - 0x00007ffba1d3f000 	C:\Program Files\Android\Android Studio\jre\jre\bin\verify.dll
0x00007ffba1b00000 - 0x00007ffba1b29000 	C:\Program Files\Android\Android Studio\jre\jre\bin\java.dll
0x00007ffb9f450000 - 0x00007ffb9f466000 	C:\Program Files\Android\Android Studio\jre\jre\bin\zip.dll
0x00007ffba7c50000 - 0x00007ffba9090000 	C:\WINDOWS\System32\SHELL32.dll
0x00007ffba9120000 - 0x00007ffba91c9000 	C:\WINDOWS\System32\shcore.dll
0x00007ffba58c0000 - 0x00007ffba5fcd000 	C:\WINDOWS\System32\windows.storage.dll
0x00007ffba90c0000 - 0x00007ffba9111000 	C:\WINDOWS\System32\shlwapi.dll
0x00007ffba5680000 - 0x00007ffba5691000 	C:\WINDOWS\System32\kernel.appcore.dll
0x00007ffba56f0000 - 0x00007ffba570f000 	C:\WINDOWS\System32\profapi.dll
0x00007ffba56a0000 - 0x00007ffba56ec000 	C:\WINDOWS\System32\powrprof.dll
0x00007ffba5650000 - 0x00007ffba565a000 	C:\WINDOWS\System32\FLTLIB.DLL
0x00007ffba5080000 - 0x00007ffba5097000 	C:\WINDOWS\SYSTEM32\CRYPTSP.dll
0x00007ffba4ab0000 - 0x00007ffba4ae3000 	C:\WINDOWS\system32\rsaenh.dll
0x00007ffba51b0000 - 0x00007ffba51d5000 	C:\WINDOWS\SYSTEM32\bcrypt.dll
0x00007ffba5580000 - 0x00007ffba55a8000 	C:\WINDOWS\SYSTEM32\USERENV.dll
0x00007ffba50a0000 - 0x00007ffba50ab000 	C:\WINDOWS\SYSTEM32\CRYPTBASE.dll
0x00007ffb9f430000 - 0x00007ffb9f44a000 	C:\Program Files\Android\Android Studio\jre\jre\bin\net.dll
0x00007ffba4ed0000 - 0x00007ffba4f36000 	C:\WINDOWS\system32\mswsock.dll
0x00007ffba4c50000 - 0x00007ffba4c88000 	C:\WINDOWS\SYSTEM32\IPHLPAPI.DLL
0x00007ffba7430000 - 0x00007ffba7438000 	C:\WINDOWS\System32\NSI.dll
0x00007ffb9a1f0000 - 0x00007ffb9a206000 	C:\WINDOWS\SYSTEM32\dhcpcsvc6.DLL
0x00007ffb9a120000 - 0x00007ffb9a13a000 	C:\WINDOWS\SYSTEM32\dhcpcsvc.DLL
0x00007ffb9f410000 - 0x00007ffb9f421000 	C:\Program Files\Android\Android Studio\jre\jre\bin\nio.dll

VM Arguments:
jvm_args: -Djava.awt.headless=true -Xmx64M -Dfile.encoding=x-windows-949 -Duser.country=KR -Duser.language=ko -Duser.variant 
java_command: com.google.devtools.build.android.desugar.Desugar @D:\test\app\build\intermediates\tmp\desugar_args6022725732143156034
java_class_path (initial): C:\Users\Goo\AppData\Local\Temp\desugar_deploy.jar6166084629044052758
Launcher Type: SUN_STANDARD

Environment Variables:
PATH=C:\ProgramData\Oracle\Java\javapath;C:\WINDOWS\system32;C:\WINDOWS;C:\WINDOWS\System32\Wbem;C:\WINDOWS\System32\WindowsPowerShell\v1.0\;C:\OpenSSL;;C:\WINDOWS\System32\OpenSSH\;C:\Users\Goo\AppData\Local\Microsoft\WindowsApps;
USERNAME=Goo
OS=Windows_NT
PROCESSOR_IDENTIFIER=Intel64 Family 6 Model 158 Stepping 9, GenuineIntel



---------------  S Y S T E M  ---------------

OS: Windows 10.0 , 64 bit Build 17134 (10.0.17134.1)

CPU:total 8 (initial active 8) (4 cores per cpu, 2 threads per core) family 6 model 158 stepping 9, cmov, cx8, fxsr, mmx, sse, sse2, sse3, ssse3, sse4.1, sse4.2, popcnt, avx, avx2, aes, clmul, erms, 3dnowpref, lzcnt, ht, tsc, tscinvbit, bmi1, bmi2, adx

Memory: 4k page, physical 16692940k(4105552k free), swap 16692940k(2740k free)

vm_info: OpenJDK 64-Bit Server VM (25.152-b01) for windows-amd64 JRE (1.8.0_152-release-915-b01), built by "builder" with MS VC++ 10.0 (VS2010)

time: Sun May 27 19:03:54 2018
elapsed time: 1 seconds (0d 0h 0m 1s)

