#
# There is insufficient memory for the Java Runtime Environment to continue.
# Native memory allocation (malloc) failed to allocate 32744 bytes for ChunkPool::allocate
# Possible reasons:
#   The system is out of physical RAM or swap space
#   In 32 bit mode, the process size limit was hit
# Possible solutions:
#   Reduce memory load on the system
#   Increase physical memory or swap space
#   Check if swap backing store is full
#   Use 64 bit Java on a 64 bit OS
#   Decrease Java heap size (-Xmx/-Xms)
#   Decrease number of Java threads
#   Decrease Java thread stack sizes (-Xss)
#   Set larger code cache with -XX:ReservedCodeCacheSize=
# This output file may be truncated or incomplete.
#
#  Out of Memory Error (allocation.cpp:273), pid=8492, tid=0x00000000000033b0
#
# JRE version: OpenJDK Runtime Environment (8.0_152-b01) (build 1.8.0_152-release-915-b01)
# Java VM: OpenJDK 64-Bit Server VM (25.152-b01 mixed mode windows-amd64 compressed oops)
# Failed to write core dump. Minidumps are not enabled by default on client versions of Windows
#

---------------  T H R E A D  ---------------

Current thread (0x00000000154e3000):  JavaThread "C2 CompilerThread2" daemon [_thread_in_native, id=13232, stack(0x0000000015df0000,0x0000000015ef0000)]

Stack: [0x0000000015df0000,0x0000000015ef0000]
[error occurred during error reporting (printing stack bounds), id 0xc0000005]

Native frames: (J=compiled Java code, j=interpreted, Vv=VM code, C=native code)


Current CompileTask:
C2:   2050  891       4       org.objectweb.asm.ClassReader::a (3587 bytes)


---------------  P R O C E S S  ---------------

Java Threads: ( => current thread )
  0x0000000015548000 JavaThread "Service Thread" daemon [_thread_blocked, id=5940, stack(0x0000000015ff0000,0x00000000160f0000)]
  0x00000000154e7000 JavaThread "C1 CompilerThread3" daemon [_thread_blocked, id=4020, stack(0x0000000015ef0000,0x0000000015ff0000)]
=>0x00000000154e3000 JavaThread "C2 CompilerThread2" daemon [_thread_in_native, id=13232, stack(0x0000000015df0000,0x0000000015ef0000)]
  0x000000001358b800 JavaThread "C2 CompilerThread1" daemon [_thread_blocked, id=13044, stack(0x0000000015cf0000,0x0000000015df0000)]
  0x000000001548b800 JavaThread "C2 CompilerThread0" daemon [_thread_blocked, id=5880, stack(0x0000000015bf0000,0x0000000015cf0000)]
  0x000000001548a000 JavaThread "Attach Listener" daemon [_thread_blocked, id=5640, stack(0x0000000015af0000,0x0000000015bf0000)]
  0x00000000154e0000 JavaThread "Signal Dispatcher" daemon [_thread_blocked, id=11384, stack(0x00000000159f0000,0x0000000015af0000)]
  0x0000000002d9e000 JavaThread "Finalizer" daemon [_thread_blocked, id=2880, stack(0x0000000015850000,0x0000000015950000)]
  0x0000000002d97000 JavaThread "Reference Handler" daemon [_thread_blocked, id=9512, stack(0x0000000015350000,0x0000000015450000)]
  0x00000000027fd800 JavaThread "main" [_thread_in_native, id=12668, stack(0x0000000002ba0000,0x0000000002ca0000)]

Other Threads:
  0x0000000013575800 VMThread [stack: 0x0000000015250000,0x0000000015350000] [id=4084]
  0x000000001554d000 WatcherThread [stack: 0x00000000160f0000,0x00000000161f0000] [id=11692]

VM state:not at safepoint (normal execution)

VM Mutex/Monitor currently owned by a thread: None

Heap:
 PSYoungGen      total 18944K, used 8711K [0x00000000feb00000, 0x0000000100000000, 0x0000000100000000)
  eden space 16384K, 37% used [0x00000000feb00000,0x00000000ff1091a0,0x00000000ffb00000)
  from space 2560K, 98% used [0x00000000ffd80000,0x00000000ffff8e10,0x0000000100000000)
  to   space 2560K, 0% used [0x00000000ffb00000,0x00000000ffb00000,0x00000000ffd80000)
 ParOldGen       total 44032K, used 5949K [0x00000000fc000000, 0x00000000feb00000, 0x00000000feb00000)
  object space 44032K, 13% used [0x00000000fc000000,0x00000000fc5cf450,0x00000000feb00000)
 Metaspace       used 7601K, capacity 7786K, committed 7936K, reserved 1056768K
  class space    used 876K, capacity 957K, committed 1024K, reserved 1048576K

Card table byte_map: [0x0000000002800000,0x0000000002830000] byte_map_base: 0x0000000002020000

Marking Bits: (ParMarkBitMap*) 0x00000000673d3950
 Begin Bits: [0x0000000012960000, 0x0000000012a60000)
 End Bits:   [0x0000000012a60000, 0x0000000012b60000)

Polling page: 0x00000000027c0000

CodeCache: size=245760Kb used=3368Kb max_used=3368Kb free=242391Kb
 bounds [0x0000000002da0000, 0x00000000030f0000, 0x0000000011da0000]
 total_blobs=1261 nmethods=927 adapters=248
 compilation: enabled

Compilation events (10 events):
Event: 1.598 Thread 0x000000001548b800 nmethod 917 0x00000000030e68d0 code [0x00000000030e6a40, 0x00000000030e6fb8]
Event: 1.606 Thread 0x000000001358b800 nmethod 896 0x00000000030e8450 code [0x00000000030e8700, 0x00000000030e9138]
Event: 1.776 Thread 0x00000000154e7000  925       3       java.util.LinkedHashMap$LinkedHashIterator::hasNext (13 bytes)
Event: 1.776 Thread 0x00000000154e7000 nmethod 925 0x00000000030e80d0 code [0x00000000030e8220, 0x00000000030e83d0]
Event: 1.838 Thread 0x00000000154e7000  926       3       org.objectweb.asm.ClassWriter::a (313 bytes)
Event: 1.840 Thread 0x00000000154e7000 nmethod 926 0x00000000030e95d0 code [0x00000000030e9a40, 0x00000000030ec768]
Event: 1.840 Thread 0x00000000154e7000  927       3       java.util.ArrayList::<init> (61 bytes)
Event: 1.840 Thread 0x00000000154e7000 nmethod 927 0x00000000030e3450 code [0x00000000030e3660, 0x00000000030e40d8]
Event: 1.840 Thread 0x00000000154e7000  928       3       java.nio.Buffer::position (43 bytes)
Event: 1.840 Thread 0x00000000154e7000 nmethod 928 0x00000000030e7bd0 code [0x00000000030e7d40, 0x00000000030e8008]

GC Heap History (4 events):
Event: 0.897 GC heap before
{Heap before GC invocations=1 (full 0):
 PSYoungGen      total 18944K, used 16384K [0x00000000feb00000, 0x0000000100000000, 0x0000000100000000)
  eden space 16384K, 100% used [0x00000000feb00000,0x00000000ffb00000,0x00000000ffb00000)
  from space 2560K, 0% used [0x00000000ffd80000,0x00000000ffd80000,0x0000000100000000)
  to   space 2560K, 0% used [0x00000000ffb00000,0x00000000ffb00000,0x00000000ffd80000)
 ParOldGen       total 44032K, used 0K [0x00000000fc000000, 0x00000000feb00000, 0x00000000feb00000)
  object space 44032K, 0% used [0x00000000fc000000,0x00000000fc000000,0x00000000feb00000)
 Metaspace       used 6624K, capacity 6808K, committed 7040K, reserved 1056768K
  class space    used 774K, capacity 824K, committed 896K, reserved 1048576K
Event: 0.990 GC heap after
Heap after GC invocations=1 (full 0):
 PSYoungGen      total 18944K, used 2537K [0x00000000feb00000, 0x0000000100000000, 0x0000000100000000)
  eden space 16384K, 0% used [0x00000000feb00000,0x00000000feb00000,0x00000000ffb00000)
  from space 2560K, 99% used [0x00000000ffb00000,0x00000000ffd7a620,0x00000000ffd80000)
  to   space 2560K, 0% used [0x00000000ffd80000,0x00000000ffd80000,0x0000000100000000)
 ParOldGen       total 44032K, used 1519K [0x00000000fc000000, 0x00000000feb00000, 0x00000000feb00000)
  object space 44032K, 3% used [0x00000000fc000000,0x00000000fc17bf68,0x00000000feb00000)
 Metaspace       used 6624K, capacity 6808K, committed 7040K, reserved 1056768K
  class space    used 774K, capacity 824K, committed 896K, reserved 1048576K
}
Event: 1.349 GC heap before
{Heap before GC invocations=2 (full 0):
 PSYoungGen      total 18944K, used 18921K [0x00000000feb00000, 0x0000000100000000, 0x0000000100000000)
  eden space 16384K, 100% used [0x00000000feb00000,0x00000000ffb00000,0x00000000ffb00000)
  from space 2560K, 99% used [0x00000000ffb00000,0x00000000ffd7a620,0x00000000ffd80000)
  to   space 2560K, 0% used [0x00000000ffd80000,0x00000000ffd80000,0x0000000100000000)
 ParOldGen       total 44032K, used 1519K [0x00000000fc000000, 0x00000000feb00000, 0x00000000feb00000)
  object space 44032K, 3% used [0x00000000fc000000,0x00000000fc17bf68,0x00000000feb00000)
 Metaspace       used 6970K, capacity 7114K, committed 7296K, reserved 1056768K
  class space    used 816K, capacity 861K, committed 896K, reserved 1048576K
Event: 1.376 GC heap after
Heap after GC invocations=2 (full 0):
 PSYoungGen      total 18944K, used 2531K [0x00000000feb00000, 0x0000000100000000, 0x0000000100000000)
  eden space 16384K, 0% used [0x00000000feb00000,0x00000000feb00000,0x00000000ffb00000)
  from space 2560K, 98% used [0x00000000ffd80000,0x00000000ffff8e10,0x0000000100000000)
  to   space 2560K, 0% used [0x00000000ffb00000,0x00000000ffb00000,0x00000000ffd80000)
 ParOldGen       total 44032K, used 5949K [0x00000000fc000000, 0x00000000feb00000, 0x00000000feb00000)
  object space 44032K, 13% used [0x00000000fc000000,0x00000000fc5cf450,0x00000000feb00000)
 Metaspace       used 6970K, capacity 7114K, committed 7296K, reserved 1056768K
  class space    used 816K, capacity 861K, committed 896K, reserved 1048576K
}

Deoptimization events (10 events):
Event: 0.875 Thread 0x00000000027fd800 Uncommon trap: reason=unstable_if action=reinterpret pc=0x0000000002fcc380 method=java.util.zip.ZipCoder.decoder()Ljava/nio/charset/CharsetDecoder; @ 4
Event: 1.012 Thread 0x00000000027fd800 Uncommon trap: reason=unstable_if action=reinterpret pc=0x0000000002fdb300 method=java.util.zip.ZipCoder.decoder()Ljava/nio/charset/CharsetDecoder; @ 4
Event: 1.013 Thread 0x00000000027fd800 Uncommon trap: reason=unstable_if action=reinterpret pc=0x0000000002fe4a38 method=java.util.zip.ZipCoder.decoder()Ljava/nio/charset/CharsetDecoder; @ 4
Event: 1.013 Thread 0x00000000027fd800 Uncommon trap: reason=unstable_if action=reinterpret pc=0x0000000002fe262c method=java.util.zip.ZipCoder.decoder()Ljava/nio/charset/CharsetDecoder; @ 4
Event: 1.020 Thread 0x00000000027fd800 Uncommon trap: reason=unstable_if action=reinterpret pc=0x0000000002fed848 method=java.util.HashMap$HashIterator.nextNode()Ljava/util/HashMap$Node; @ 74
Event: 1.289 Thread 0x00000000027fd800 Uncommon trap: reason=unloaded action=reinterpret pc=0x0000000002fd0e7c method=java.util.zip.ZipEntry.setExtra0([BZ)V @ 37
Event: 1.537 Thread 0x00000000027fd800 Uncommon trap: reason=unstable_if action=reinterpret pc=0x0000000002f43578 method=java.lang.String.<init>([CII)V @ 18
Event: 1.549 Thread 0x00000000027fd800 Uncommon trap: reason=unstable_if action=reinterpret pc=0x0000000003073218 method=java.lang.String.<init>([CII)V @ 18
Event: 1.575 Thread 0x00000000027fd800 Uncommon trap: reason=unstable_if action=reinterpret pc=0x0000000003077e60 method=org.objectweb.asm.ClassReader.readUTF8(I[C)Ljava/lang/String; @ 7
Event: 1.584 Thread 0x00000000027fd800 Uncommon trap: reason=unstable_if action=reinterpret pc=0x00000000030b1d6c method=org.objectweb.asm.Type.getArgumentsAndReturnSizes(Ljava/lang/String;)I @ 41

Classes redefined (0 events):
No events

Internal exceptions (10 events):
Event: 1.468 Thread 0x00000000027fd800 Exception <a 'sun/nio/fs/WindowsException'> (0x00000000feba4700) thrown at [D:\src\AOSP-openjdk-cygwin\jdk8u\hotspot\src\share\vm\prims\jni.cpp, line 709]
Event: 1.469 Thread 0x00000000027fd800 Exception <a 'sun/nio/fs/WindowsException'> (0x00000000feba4bd8) thrown at [D:\src\AOSP-openjdk-cygwin\jdk8u\hotspot\src\share\vm\prims\jni.cpp, line 709]
Event: 1.648 Thread 0x00000000027fd800 Exception <a 'sun/nio/fs/WindowsException'> (0x00000000ff0d77e0) thrown at [D:\src\AOSP-openjdk-cygwin\jdk8u\hotspot\src\share\vm\prims\jni.cpp, line 709]
Event: 1.648 Thread 0x00000000027fd800 Exception <a 'sun/nio/fs/WindowsException'> (0x00000000ff0d7cb8) thrown at [D:\src\AOSP-openjdk-cygwin\jdk8u\hotspot\src\share\vm\prims\jni.cpp, line 709]
Event: 1.813 Thread 0x00000000027fd800 Exception <a 'sun/nio/fs/WindowsException'> (0x00000000ff0db160) thrown at [D:\src\AOSP-openjdk-cygwin\jdk8u\hotspot\src\share\vm\prims\jni.cpp, line 709]
Event: 1.824 Thread 0x00000000027fd800 Exception <a 'sun/nio/fs/WindowsException'> (0x00000000ff0db638) thrown at [D:\src\AOSP-openjdk-cygwin\jdk8u\hotspot\src\share\vm\prims\jni.cpp, line 709]
Event: 1.832 Thread 0x00000000027fd800 Exception <a 'sun/nio/fs/WindowsException'> (0x00000000ff0deaf0) thrown at [D:\src\AOSP-openjdk-cygwin\jdk8u\hotspot\src\share\vm\prims\jni.cpp, line 709]
Event: 1.833 Thread 0x00000000027fd800 Exception <a 'sun/nio/fs/WindowsException'> (0x00000000ff0defc8) thrown at [D:\src\AOSP-openjdk-cygwin\jdk8u\hotspot\src\share\vm\prims\jni.cpp, line 709]
Event: 2.020 Thread 0x00000000027fd800 Exception <a 'sun/nio/fs/WindowsException'> (0x00000000ff0f6410) thrown at [D:\src\AOSP-openjdk-cygwin\jdk8u\hotspot\src\share\vm\prims\jni.cpp, line 709]
Event: 2.020 Thread 0x00000000027fd800 Exception <a 'sun/nio/fs/WindowsException'> (0x00000000ff0f68e8) thrown at [D:\src\AOSP-openjdk-cygwin\jdk8u\hotspot\src\share\vm\prims\jni.cpp, line 709]

Events (10 events):
Event: 1.575 Thread 0x00000000027fd800 Uncommon trap: trap_request=0xffffff65 fr.pc=0x0000000003077e60
Event: 1.575 Thread 0x00000000027fd800 DEOPT PACKING pc=0x0000000003077e60 sp=0x0000000002c9e680
Event: 1.575 Thread 0x00000000027fd800 DEOPT UNPACKING pc=0x0000000002de556a sp=0x0000000002c9e650 mode 2
Event: 1.584 Thread 0x00000000027fd800 Uncommon trap: trap_request=0xffffff65 fr.pc=0x00000000030b1d6c
Event: 1.584 Thread 0x00000000027fd800 DEOPT PACKING pc=0x00000000030b1d6c sp=0x0000000002c9e690
Event: 1.584 Thread 0x00000000027fd800 DEOPT UNPACKING pc=0x0000000002de556a sp=0x0000000002c9e618 mode 2
Event: 1.837 loading class org/objectweb/asm/tree/MethodNode$1
Event: 1.837 loading class org/objectweb/asm/tree/MethodNode$1 done
Event: 1.837 Executing VM operation: Deoptimize
Event: 1.837 Executing VM operation: Deoptimize done


Dynamic libraries:
0x00007ff7bef40000 - 0x00007ff7bef71000 	C:\Program Files\Android\Android Studio\jre\bin\java.exe
0x00007ffba9340000 - 0x00007ffba9521000 	C:\WINDOWS\SYSTEM32\ntdll.dll
0x00007ffba6ca0000 - 0x00007ffba6d52000 	C:\WINDOWS\System32\KERNEL32.DLL
0x00007ffba6070000 - 0x00007ffba62e3000 	C:\WINDOWS\System32\KERNELBASE.dll
0x00007ffba9260000 - 0x00007ffba9301000 	C:\WINDOWS\System32\ADVAPI32.dll
0x00007ffba77b0000 - 0x00007ffba784e000 	C:\WINDOWS\System32\msvcrt.dll
0x00007ffba71b0000 - 0x00007ffba720b000 	C:\WINDOWS\System32\sechost.dll
0x00007ffba7580000 - 0x00007ffba76a4000 	C:\WINDOWS\System32\RPCRT4.dll
0x00007ffba7ac0000 - 0x00007ffba7c50000 	C:\WINDOWS\System32\USER32.dll
0x00007ffba5790000 - 0x00007ffba57b0000 	C:\WINDOWS\System32\win32u.dll
0x00007ffba67e0000 - 0x00007ffba6808000 	C:\WINDOWS\System32\GDI32.dll
0x00007ffba6530000 - 0x00007ffba66c2000 	C:\WINDOWS\System32\gdi32full.dll
0x00007ffba5fd0000 - 0x00007ffba606f000 	C:\WINDOWS\System32\msvcp_win.dll
0x00007ffba66d0000 - 0x00007ffba67ca000 	C:\WINDOWS\System32\ucrtbase.dll
0x00007ffb93ad0000 - 0x00007ffb93d39000 	C:\WINDOWS\WinSxS\amd64_microsoft.windows.common-controls_6595b64144ccf1df_6.0.17134.48_none_b4b2216a3cb4dd3e\COMCTL32.dll
0x00007ffba6810000 - 0x00007ffba6b33000 	C:\WINDOWS\System32\combase.dll
0x00007ffba5710000 - 0x00007ffba578a000 	C:\WINDOWS\System32\bcryptPrimitives.dll
0x00007ffba9090000 - 0x00007ffba90bd000 	C:\WINDOWS\System32\IMM32.DLL
0x0000000069530000 - 0x0000000069602000 	C:\Program Files\Android\Android Studio\jre\jre\bin\msvcr100.dll
0x0000000066c10000 - 0x000000006744e000 	C:\Program Files\Android\Android Studio\jre\jre\bin\server\jvm.dll
0x00007ffba91d0000 - 0x00007ffba91d8000 	C:\WINDOWS\System32\PSAPI.DLL
0x00007ffba1d20000 - 0x00007ffba1d29000 	C:\WINDOWS\SYSTEM32\WSOCK32.dll
0x00007ffba7510000 - 0x00007ffba757c000 	C:\WINDOWS\System32\WS2_32.dll
0x00007ffb9d7c0000 - 0x00007ffb9d7ca000 	C:\WINDOWS\SYSTEM32\VERSION.dll
0x00007ffb95780000 - 0x00007ffb957a3000 	C:\WINDOWS\SYSTEM32\WINMM.dll
0x00007ffb95570000 - 0x00007ffb9559a000 	C:\WINDOWS\SYSTEM32\WINMMBASE.dll
0x00007ffba64e0000 - 0x00007ffba6529000 	C:\WINDOWS\System32\cfgmgr32.dll
0x00007ffba1d30000 - 0x00007ffba1d3f000 	C:\Program Files\Android\Android Studio\jre\jre\bin\verify.dll
0x00007ffba1b00000 - 0x00007ffba1b29000 	C:\Program Files\Android\Android Studio\jre\jre\bin\java.dll
0x00007ffb9f450000 - 0x00007ffb9f466000 	C:\Program Files\Android\Android Studio\jre\jre\bin\zip.dll
0x00007ffba7c50000 - 0x00007ffba9090000 	C:\WINDOWS\System32\SHELL32.dll
0x00007ffba9120000 - 0x00007ffba91c9000 	C:\WINDOWS\System32\shcore.dll
0x00007ffba58c0000 - 0x00007ffba5fcd000 	C:\WINDOWS\System32\windows.storage.dll
0x00007ffba90c0000 - 0x00007ffba9111000 	C:\WINDOWS\System32\shlwapi.dll
0x00007ffba5680000 - 0x00007ffba5691000 	C:\WINDOWS\System32\kernel.appcore.dll
0x00007ffba56f0000 - 0x00007ffba570f000 	C:\WINDOWS\System32\profapi.dll
0x00007ffba56a0000 - 0x00007ffba56ec000 	C:\WINDOWS\System32\powrprof.dll
0x00007ffba5650000 - 0x00007ffba565a000 	C:\WINDOWS\System32\FLTLIB.DLL
0x00007ffba5080000 - 0x00007ffba5097000 	C:\WINDOWS\SYSTEM32\CRYPTSP.dll
0x00007ffba4ab0000 - 0x00007ffba4ae3000 	C:\WINDOWS\system32\rsaenh.dll
0x00007ffba51b0000 - 0x00007ffba51d5000 	C:\WINDOWS\SYSTEM32\bcrypt.dll
0x00007ffba5580000 - 0x00007ffba55a8000 	C:\WINDOWS\SYSTEM32\USERENV.dll
0x00007ffba50a0000 - 0x00007ffba50ab000 	C:\WINDOWS\SYSTEM32\CRYPTBASE.dll
0x00007ffb9f430000 - 0x00007ffb9f44a000 	C:\Program Files\Android\Android Studio\jre\jre\bin\net.dll
0x00007ffba4ed0000 - 0x00007ffba4f36000 	C:\WINDOWS\system32\mswsock.dll
0x00007ffba4c50000 - 0x00007ffba4c88000 	C:\WINDOWS\SYSTEM32\IPHLPAPI.DLL
0x00007ffba7430000 - 0x00007ffba7438000 	C:\WINDOWS\System32\NSI.dll
0x00007ffb9a1f0000 - 0x00007ffb9a206000 	C:\WINDOWS\SYSTEM32\dhcpcsvc6.DLL
0x00007ffb9a120000 - 0x00007ffb9a13a000 	C:\WINDOWS\SYSTEM32\dhcpcsvc.DLL
0x00007ffb9f410000 - 0x00007ffb9f421000 	C:\Program Files\Android\Android Studio\jre\jre\bin\nio.dll

VM Arguments:
jvm_args: -Djava.awt.headless=true -Xmx64M -Dfile.encoding=x-windows-949 -Duser.country=KR -Duser.language=ko -Duser.variant 
java_command: com.google.devtools.build.android.desugar.Desugar @D:\test\app\build\intermediates\tmp\desugar_args5400810325595397546
java_class_path (initial): C:\Users\Goo\AppData\Local\Temp\desugar_deploy.jar4283967336768827273
Launcher Type: SUN_STANDARD

Environment Variables:
PATH=C:\ProgramData\Oracle\Java\javapath;C:\WINDOWS\system32;C:\WINDOWS;C:\WINDOWS\System32\Wbem;C:\WINDOWS\System32\WindowsPowerShell\v1.0\;C:\OpenSSL;;C:\WINDOWS\System32\OpenSSH\;C:\Users\Goo\AppData\Local\Microsoft\WindowsApps;
USERNAME=Goo
OS=Windows_NT
PROCESSOR_IDENTIFIER=Intel64 Family 6 Model 158 Stepping 9, GenuineIntel



---------------  S Y S T E M  ---------------

OS: Windows 10.0 , 64 bit Build 17134 (10.0.17134.1)

CPU:total 8 (initial active 8) (4 cores per cpu, 2 threads per core) family 6 model 158 stepping 9, cmov, cx8, fxsr, mmx, sse, sse2, sse3, ssse3, sse4.1, sse4.2, popcnt, avx, avx2, aes, clmul, erms, 3dnowpref, lzcnt, ht, tsc, tscinvbit, bmi1, bmi2, adx

Memory: 4k page, physical 16692940k(5049448k free), swap 16692940k(4148k free)

vm_info: OpenJDK 64-Bit Server VM (25.152-b01) for windows-amd64 JRE (1.8.0_152-release-915-b01), built by "builder" with MS VC++ 10.0 (VS2010)

time: Sat May 26 21:51:05 2018
elapsed time: 2 seconds (0d 0h 0m 2s)

