#
# There is insufficient memory for the Java Runtime Environment to continue.
# Native memory allocation (malloc) failed to allocate 32744 bytes for ChunkPool::allocate
# Possible reasons:
#   The system is out of physical RAM or swap space
#   In 32 bit mode, the process size limit was hit
# Possible solutions:
#   Reduce memory load on the system
#   Increase physical memory or swap space
#   Check if swap backing store is full
#   Use 64 bit Java on a 64 bit OS
#   Decrease Java heap size (-Xmx/-Xms)
#   Decrease number of Java threads
#   Decrease Java thread stack sizes (-Xss)
#   Set larger code cache with -XX:ReservedCodeCacheSize=
# This output file may be truncated or incomplete.
#
#  Out of Memory Error (allocation.cpp:273), pid=10008, tid=0x0000000000001aa0
#
# JRE version: OpenJDK Runtime Environment (8.0_152-b01) (build 1.8.0_152-release-915-b01)
# Java VM: OpenJDK 64-Bit Server VM (25.152-b01 mixed mode windows-amd64 compressed oops)
# Failed to write core dump. Minidumps are not enabled by default on client versions of Windows
#

---------------  T H R E A D  ---------------

Current thread (0x0000000015ccf800):  JavaThread "C2 CompilerThread0" daemon [_thread_in_native, id=6816, stack(0x00000000163e0000,0x00000000164e0000)]

Stack: [0x00000000163e0000,0x00000000164e0000]
[error occurred during error reporting (printing stack bounds), id 0xc0000005]

Native frames: (J=compiled Java code, j=interpreted, Vv=VM code, C=native code)


Current CompileTask:
C2:   2838  928       4       org.objectweb.asm.ClassReader::a (3587 bytes)


---------------  P R O C E S S  ---------------

Java Threads: ( => current thread )
  0x0000000015cdb800 JavaThread "Service Thread" daemon [_thread_blocked, id=9112, stack(0x00000000167e0000,0x00000000168e0000)]
  0x0000000015cd5800 JavaThread "C1 CompilerThread3" daemon [_thread_blocked, id=5084, stack(0x00000000166e0000,0x00000000167e0000)]
  0x0000000013d8d800 JavaThread "C2 CompilerThread2" daemon [_thread_blocked, id=7724, stack(0x00000000165e0000,0x00000000166e0000)]
  0x0000000013d8a800 JavaThread "C2 CompilerThread1" daemon [_thread_blocked, id=1800, stack(0x00000000164e0000,0x00000000165e0000)]
=>0x0000000015ccf800 JavaThread "C2 CompilerThread0" daemon [_thread_in_native, id=6816, stack(0x00000000163e0000,0x00000000164e0000)]
  0x0000000015cce000 JavaThread "Attach Listener" daemon [_thread_blocked, id=9244, stack(0x00000000162e0000,0x00000000163e0000)]
  0x0000000015c7b000 JavaThread "Signal Dispatcher" daemon [_thread_blocked, id=12972, stack(0x00000000161e0000,0x00000000162e0000)]
  0x00000000035ae000 JavaThread "Finalizer" daemon [_thread_blocked, id=8444, stack(0x0000000016040000,0x0000000016140000)]
  0x00000000035a7000 JavaThread "Reference Handler" daemon [_thread_blocked, id=10040, stack(0x0000000015b40000,0x0000000015c40000)]
  0x0000000002fdd800 JavaThread "main" [_thread_blocked, id=5996, stack(0x00000000033b0000,0x00000000034b0000)]

Other Threads:
  0x0000000013d75000 VMThread [stack: 0x0000000015a40000,0x0000000015b40000] [id=4304]
  0x0000000015cdc800 WatcherThread [stack: 0x00000000168e0000,0x00000000169e0000] [id=1772]

VM state:at safepoint (normal execution)

VM Mutex/Monitor currently owned by a thread:  ([mutex/lock_event])
[0x0000000002fdc2f0] Threads_lock - owner thread: 0x0000000013d75000
[0x0000000002fdd070] Heap_lock - owner thread: 0x0000000002fdd800

Heap:
 PSYoungGen      total 18944K, used 18931K [0x00000000feb00000, 0x0000000100000000, 0x0000000100000000)
  eden space 16384K, 100% used [0x00000000feb00000,0x00000000ffb00000,0x00000000ffb00000)
  from space 2560K, 99% used [0x00000000ffd80000,0x00000000ffffce10,0x0000000100000000)
  to   space 2560K, 99% used [0x00000000ffb00000,0x00000000ffd7cb40,0x00000000ffd80000)
 ParOldGen       total 44032K, used 6791K [0x00000000fc000000, 0x00000000feb00000, 0x00000000feb00000)
  object space 44032K, 15% used [0x00000000fc000000,0x00000000fc6a1d80,0x00000000feb00000)
 Metaspace       used 7718K, capacity 7910K, committed 8192K, reserved 1056768K
  class space    used 875K, capacity 957K, committed 1024K, reserved 1048576K

Card table byte_map: [0x0000000003000000,0x0000000003030000] byte_map_base: 0x0000000002820000

Marking Bits: (ParMarkBitMap*) 0x00000000673d3950
 Begin Bits: [0x0000000013170000, 0x0000000013270000)
 End Bits:   [0x0000000013270000, 0x0000000013370000)

Polling page: 0x0000000002fc0000

CodeCache: size=245760Kb used=4026Kb max_used=4026Kb free=241733Kb
 bounds [0x00000000035b0000, 0x00000000039b0000, 0x00000000125b0000]
 total_blobs=1420 nmethods=1086 adapters=248
 compilation: enabled

Compilation events (10 events):
Event: 2.213 Thread 0x0000000015cd5800 1087       3       java.nio.file.attribute.FileTime::to (117 bytes)
Event: 2.214 Thread 0x0000000015cd5800 nmethod 1087 0x000000000399e510 code [0x000000000399e700, 0x000000000399ef78]
Event: 2.214 Thread 0x0000000015cd5800 1088       3       java.util.concurrent.TimeUnit$4::convert (6 bytes)
Event: 2.214 Thread 0x0000000015cd5800 nmethod 1088 0x000000000399f290 code [0x000000000399f400, 0x000000000399f628]
Event: 2.214 Thread 0x0000000015cd5800 1089       3       java.util.concurrent.TimeUnit$3::toSeconds (6 bytes)
Event: 2.214 Thread 0x0000000015cd5800 nmethod 1089 0x000000000399f710 code [0x000000000399f860, 0x000000000399f9d0]
Event: 2.214 Thread 0x0000000015cd5800 1090       3       java.util.zip.ZipOutputStream::writeExtra (106 bytes)
Event: 2.215 Thread 0x0000000015cd5800 nmethod 1090 0x000000000399fa50 code [0x000000000399fc40, 0x00000000039a0708]
Event: 2.215 Thread 0x0000000015cd5800 1091       3       java.util.HashMap$HashIterator::<init> (79 bytes)
Event: 2.215 Thread 0x0000000015cd5800 nmethod 1091 0x00000000039a0c90 code [0x00000000039a0e00, 0x00000000039a1190]

GC Heap History (5 events):
Event: 1.023 GC heap before
{Heap before GC invocations=1 (full 0):
 PSYoungGen      total 18944K, used 16384K [0x00000000feb00000, 0x0000000100000000, 0x0000000100000000)
  eden space 16384K, 100% used [0x00000000feb00000,0x00000000ffb00000,0x00000000ffb00000)
  from space 2560K, 0% used [0x00000000ffd80000,0x00000000ffd80000,0x0000000100000000)
  to   space 2560K, 0% used [0x00000000ffb00000,0x00000000ffb00000,0x00000000ffd80000)
 ParOldGen       total 44032K, used 0K [0x00000000fc000000, 0x00000000feb00000, 0x00000000feb00000)
  object space 44032K, 0% used [0x00000000fc000000,0x00000000fc000000,0x00000000feb00000)
 Metaspace       used 6628K, capacity 6804K, committed 7040K, reserved 1056768K
  class space    used 773K, capacity 824K, committed 896K, reserved 1048576K
Event: 1.049 GC heap after
Heap after GC invocations=1 (full 0):
 PSYoungGen      total 18944K, used 2537K [0x00000000feb00000, 0x0000000100000000, 0x0000000100000000)
  eden space 16384K, 0% used [0x00000000feb00000,0x00000000feb00000,0x00000000ffb00000)
  from space 2560K, 99% used [0x00000000ffb00000,0x00000000ffd7a620,0x00000000ffd80000)
  to   space 2560K, 0% used [0x00000000ffd80000,0x00000000ffd80000,0x0000000100000000)
 ParOldGen       total 44032K, used 1538K [0x00000000fc000000, 0x00000000feb00000, 0x00000000feb00000)
  object space 44032K, 3% used [0x00000000fc000000,0x00000000fc180858,0x00000000feb00000)
 Metaspace       used 6628K, capacity 6804K, committed 7040K, reserved 1056768K
  class space    used 773K, capacity 824K, committed 896K, reserved 1048576K
}
Event: 1.485 GC heap before
{Heap before GC invocations=2 (full 0):
 PSYoungGen      total 18944K, used 18921K [0x00000000feb00000, 0x0000000100000000, 0x0000000100000000)
  eden space 16384K, 100% used [0x00000000feb00000,0x00000000ffb00000,0x00000000ffb00000)
  from space 2560K, 99% used [0x00000000ffb00000,0x00000000ffd7a620,0x00000000ffd80000)
  to   space 2560K, 0% used [0x00000000ffd80000,0x00000000ffd80000,0x0000000100000000)
 ParOldGen       total 44032K, used 1538K [0x00000000fc000000, 0x00000000feb00000, 0x00000000feb00000)
  object space 44032K, 3% used [0x00000000fc000000,0x00000000fc180858,0x00000000feb00000)
 Metaspace       used 6971K, capacity 7110K, committed 7296K, reserved 1056768K
  class space    used 816K, capacity 861K, committed 896K, reserved 1048576K
Event: 1.496 GC heap after
Heap after GC invocations=2 (full 0):
 PSYoungGen      total 18944K, used 2547K [0x00000000feb00000, 0x0000000100000000, 0x0000000100000000)
  eden space 16384K, 0% used [0x00000000feb00000,0x00000000feb00000,0x00000000ffb00000)
  from space 2560K, 99% used [0x00000000ffd80000,0x00000000ffffce10,0x0000000100000000)
  to   space 2560K, 0% used [0x00000000ffb00000,0x00000000ffb00000,0x00000000ffd80000)
 ParOldGen       total 44032K, used 6039K [0x00000000fc000000, 0x00000000feb00000, 0x00000000feb00000)
  object space 44032K, 13% used [0x00000000fc000000,0x00000000fc5e5d50,0x00000000feb00000)
 Metaspace       used 6971K, capacity 7110K, committed 7296K, reserved 1056768K
  class space    used 816K, capacity 861K, committed 896K, reserved 1048576K
}
Event: 2.217 GC heap before
{Heap before GC invocations=3 (full 0):
 PSYoungGen      total 18944K, used 18931K [0x00000000feb00000, 0x0000000100000000, 0x0000000100000000)
  eden space 16384K, 100% used [0x00000000feb00000,0x00000000ffb00000,0x00000000ffb00000)
  from space 2560K, 99% used [0x00000000ffd80000,0x00000000ffffce10,0x0000000100000000)
  to   space 2560K, 0% used [0x00000000ffb00000,0x00000000ffb00000,0x00000000ffd80000)
 ParOldGen       total 44032K, used 6039K [0x00000000fc000000, 0x00000000feb00000, 0x00000000feb00000)
  object space 44032K, 13% used [0x00000000fc000000,0x00000000fc5e5d50,0x00000000feb00000)
 Metaspace       used 7718K, capacity 7910K, committed 8192K, reserved 1056768K
  class space    used 875K, capacity 957K, committed 1024K, reserved 1048576K

Deoptimization events (10 events):
Event: 1.106 Thread 0x0000000002fdd800 Uncommon trap: reason=unstable_if action=reinterpret pc=0x00000000037ee100 method=java.util.zip.ZipCoder.decoder()Ljava/nio/charset/CharsetDecoder; @ 4
Event: 1.417 Thread 0x0000000002fdd800 Uncommon trap: reason=unloaded action=reinterpret pc=0x00000000037fd87c method=java.util.zip.ZipEntry.setExtra0([BZ)V @ 37
Event: 1.902 Thread 0x0000000002fdd800 Uncommon trap: reason=unstable_if action=reinterpret pc=0x000000000389dbf4 method=java.lang.String.<init>([CII)V @ 18
Event: 1.936 Thread 0x0000000002fdd800 Uncommon trap: reason=unstable_if action=reinterpret pc=0x0000000003912bcc method=org.objectweb.asm.Type.getArgumentsAndReturnSizes(Ljava/lang/String;)I @ 136
Event: 1.942 Thread 0x0000000002fdd800 Uncommon trap: reason=unstable_if action=reinterpret pc=0x000000000393c3fc method=org.objectweb.asm.MethodWriter.visitVarInsn(II)V @ 142
Event: 1.976 Thread 0x0000000002fdd800 Uncommon trap: reason=unstable_if action=reinterpret pc=0x000000000390c3d8 method=org.objectweb.asm.Item.a(Lorg/objectweb/asm/Item;)Z @ 345
Event: 2.140 Thread 0x0000000002fdd800 Uncommon trap: reason=unstable_if action=reinterpret pc=0x0000000003960d20 method=org.objectweb.asm.MethodWriter.visitVarInsn(II)V @ 148
Event: 2.160 Thread 0x0000000002fdd800 Uncommon trap: reason=unstable_if action=reinterpret pc=0x000000000396cca8 method=org.objectweb.asm.Type.getArgumentsAndReturnSizes(Ljava/lang/String;)I @ 130
Event: 2.186 Thread 0x0000000002fdd800 Uncommon trap: reason=unstable_if action=reinterpret pc=0x0000000003966df4 method=org.objectweb.asm.Type.getArgumentsAndReturnSizes(Ljava/lang/String;)I @ 130
Event: 2.186 Thread 0x0000000002fdd800 Uncommon trap: reason=unstable_if action=reinterpret pc=0x0000000003967cf8 method=org.objectweb.asm.MethodWriter.visitVarInsn(II)V @ 136

Classes redefined (0 events):
No events

Internal exceptions (10 events):
Event: 1.927 Thread 0x0000000002fdd800 Exception <a 'sun/nio/fs/WindowsException'> (0x00000000ff056120) thrown at [D:\src\AOSP-openjdk-cygwin\jdk8u\hotspot\src\share\vm\prims\jni.cpp, line 709]
Event: 1.927 Thread 0x0000000002fdd800 Exception <a 'sun/nio/fs/WindowsException'> (0x00000000ff0565f8) thrown at [D:\src\AOSP-openjdk-cygwin\jdk8u\hotspot\src\share\vm\prims\jni.cpp, line 709]
Event: 1.935 Thread 0x0000000002fdd800 Exception <a 'sun/nio/fs/WindowsException'> (0x00000000ff059ab0) thrown at [D:\src\AOSP-openjdk-cygwin\jdk8u\hotspot\src\share\vm\prims\jni.cpp, line 709]
Event: 1.935 Thread 0x0000000002fdd800 Exception <a 'sun/nio/fs/WindowsException'> (0x00000000ff059f88) thrown at [D:\src\AOSP-openjdk-cygwin\jdk8u\hotspot\src\share\vm\prims\jni.cpp, line 709]
Event: 1.962 Thread 0x0000000002fdd800 Exception <a 'sun/nio/fs/WindowsException'> (0x00000000ff1758e0) thrown at [D:\src\AOSP-openjdk-cygwin\jdk8u\hotspot\src\share\vm\prims\jni.cpp, line 709]
Event: 1.962 Thread 0x0000000002fdd800 Exception <a 'sun/nio/fs/WindowsException'> (0x00000000ff175db8) thrown at [D:\src\AOSP-openjdk-cygwin\jdk8u\hotspot\src\share\vm\prims\jni.cpp, line 709]
Event: 2.100 Thread 0x0000000002fdd800 Exception <a 'sun/nio/fs/WindowsException'> (0x00000000ff39e540) thrown at [D:\src\AOSP-openjdk-cygwin\jdk8u\hotspot\src\share\vm\prims\jni.cpp, line 709]
Event: 2.100 Thread 0x0000000002fdd800 Exception <a 'sun/nio/fs/WindowsException'> (0x00000000ff39ea18) thrown at [D:\src\AOSP-openjdk-cygwin\jdk8u\hotspot\src\share\vm\prims\jni.cpp, line 709]
Event: 2.133 Thread 0x0000000002fdd800 Exception <a 'sun/nio/fs/WindowsException'> (0x00000000ff3a1ed0) thrown at [D:\src\AOSP-openjdk-cygwin\jdk8u\hotspot\src\share\vm\prims\jni.cpp, line 709]
Event: 2.133 Thread 0x0000000002fdd800 Exception <a 'sun/nio/fs/WindowsException'> (0x00000000ff3a23a8) thrown at [D:\src\AOSP-openjdk-cygwin\jdk8u\hotspot\src\share\vm\prims\jni.cpp, line 709]

Events (10 events):
Event: 2.160 Thread 0x0000000002fdd800 DEOPT UNPACKING pc=0x00000000035f556a sp=0x00000000034aea78 mode 2
Event: 2.161 Executing VM operation: ForceSafepoint
Event: 2.161 Executing VM operation: ForceSafepoint done
Event: 2.186 Thread 0x0000000002fdd800 Uncommon trap: trap_request=0xffffff65 fr.pc=0x0000000003966df4
Event: 2.186 Thread 0x0000000002fdd800 DEOPT PACKING pc=0x0000000003966df4 sp=0x00000000034ae940
Event: 2.186 Thread 0x0000000002fdd800 DEOPT UNPACKING pc=0x00000000035f556a sp=0x00000000034ae8d0 mode 2
Event: 2.186 Thread 0x0000000002fdd800 Uncommon trap: trap_request=0xffffff65 fr.pc=0x0000000003967cf8
Event: 2.186 Thread 0x0000000002fdd800 DEOPT PACKING pc=0x0000000003967cf8 sp=0x00000000034aed30
Event: 2.186 Thread 0x0000000002fdd800 DEOPT UNPACKING pc=0x00000000035f556a sp=0x00000000034aec78 mode 2
Event: 2.217 Executing VM operation: ParallelGCFailedAllocation


Dynamic libraries:
0x00007ff7bef40000 - 0x00007ff7bef71000 	C:\Program Files\Android\Android Studio\jre\bin\java.exe
0x00007ffba9340000 - 0x00007ffba9521000 	C:\WINDOWS\SYSTEM32\ntdll.dll
0x00007ffba6ca0000 - 0x00007ffba6d52000 	C:\WINDOWS\System32\KERNEL32.DLL
0x00007ffba6070000 - 0x00007ffba62e3000 	C:\WINDOWS\System32\KERNELBASE.dll
0x00007ffba9260000 - 0x00007ffba9301000 	C:\WINDOWS\System32\ADVAPI32.dll
0x00007ffba77b0000 - 0x00007ffba784e000 	C:\WINDOWS\System32\msvcrt.dll
0x00007ffba71b0000 - 0x00007ffba720b000 	C:\WINDOWS\System32\sechost.dll
0x00007ffba7580000 - 0x00007ffba76a4000 	C:\WINDOWS\System32\RPCRT4.dll
0x00007ffba7ac0000 - 0x00007ffba7c50000 	C:\WINDOWS\System32\USER32.dll
0x00007ffba5790000 - 0x00007ffba57b0000 	C:\WINDOWS\System32\win32u.dll
0x00007ffba67e0000 - 0x00007ffba6808000 	C:\WINDOWS\System32\GDI32.dll
0x00007ffba6530000 - 0x00007ffba66c2000 	C:\WINDOWS\System32\gdi32full.dll
0x00007ffba5fd0000 - 0x00007ffba606f000 	C:\WINDOWS\System32\msvcp_win.dll
0x00007ffba66d0000 - 0x00007ffba67ca000 	C:\WINDOWS\System32\ucrtbase.dll
0x00007ffb93ad0000 - 0x00007ffb93d39000 	C:\WINDOWS\WinSxS\amd64_microsoft.windows.common-controls_6595b64144ccf1df_6.0.17134.48_none_b4b2216a3cb4dd3e\COMCTL32.dll
0x00007ffba6810000 - 0x00007ffba6b33000 	C:\WINDOWS\System32\combase.dll
0x00007ffba5710000 - 0x00007ffba578a000 	C:\WINDOWS\System32\bcryptPrimitives.dll
0x00007ffba9090000 - 0x00007ffba90bd000 	C:\WINDOWS\System32\IMM32.DLL
0x0000000069530000 - 0x0000000069602000 	C:\Program Files\Android\Android Studio\jre\jre\bin\msvcr100.dll
0x0000000066c10000 - 0x000000006744e000 	C:\Program Files\Android\Android Studio\jre\jre\bin\server\jvm.dll
0x00007ffba91d0000 - 0x00007ffba91d8000 	C:\WINDOWS\System32\PSAPI.DLL
0x00007ffba1d20000 - 0x00007ffba1d29000 	C:\WINDOWS\SYSTEM32\WSOCK32.dll
0x00007ffba7510000 - 0x00007ffba757c000 	C:\WINDOWS\System32\WS2_32.dll
0x00007ffb95780000 - 0x00007ffb957a3000 	C:\WINDOWS\SYSTEM32\WINMM.dll
0x00007ffb9d7c0000 - 0x00007ffb9d7ca000 	C:\WINDOWS\SYSTEM32\VERSION.dll
0x00007ffb95570000 - 0x00007ffb9559a000 	C:\WINDOWS\SYSTEM32\WINMMBASE.dll
0x00007ffba64e0000 - 0x00007ffba6529000 	C:\WINDOWS\System32\cfgmgr32.dll
0x00007ffba1b20000 - 0x00007ffba1b2f000 	C:\Program Files\Android\Android Studio\jre\jre\bin\verify.dll
0x00007ffb9e9c0000 - 0x00007ffb9e9e9000 	C:\Program Files\Android\Android Studio\jre\jre\bin\java.dll
0x00007ffba1b00000 - 0x00007ffba1b16000 	C:\Program Files\Android\Android Studio\jre\jre\bin\zip.dll
0x00007ffba7c50000 - 0x00007ffba9090000 	C:\WINDOWS\System32\SHELL32.dll
0x00007ffba9120000 - 0x00007ffba91c9000 	C:\WINDOWS\System32\shcore.dll
0x00007ffba58c0000 - 0x00007ffba5fcd000 	C:\WINDOWS\System32\windows.storage.dll
0x00007ffba90c0000 - 0x00007ffba9111000 	C:\WINDOWS\System32\shlwapi.dll
0x00007ffba5680000 - 0x00007ffba5691000 	C:\WINDOWS\System32\kernel.appcore.dll
0x00007ffba56f0000 - 0x00007ffba570f000 	C:\WINDOWS\System32\profapi.dll
0x00007ffba56a0000 - 0x00007ffba56ec000 	C:\WINDOWS\System32\powrprof.dll
0x00007ffba5650000 - 0x00007ffba565a000 	C:\WINDOWS\System32\FLTLIB.DLL
0x00007ffba5080000 - 0x00007ffba5097000 	C:\WINDOWS\SYSTEM32\CRYPTSP.dll
0x00007ffba4ab0000 - 0x00007ffba4ae3000 	C:\WINDOWS\system32\rsaenh.dll
0x00007ffba51b0000 - 0x00007ffba51d5000 	C:\WINDOWS\SYSTEM32\bcrypt.dll
0x00007ffba5580000 - 0x00007ffba55a8000 	C:\WINDOWS\SYSTEM32\USERENV.dll
0x00007ffba50a0000 - 0x00007ffba50ab000 	C:\WINDOWS\SYSTEM32\CRYPTBASE.dll
0x00007ffb9e9a0000 - 0x00007ffb9e9ba000 	C:\Program Files\Android\Android Studio\jre\jre\bin\net.dll
0x00007ffba4ed0000 - 0x00007ffba4f36000 	C:\WINDOWS\system32\mswsock.dll
0x00007ffba4c50000 - 0x00007ffba4c88000 	C:\WINDOWS\SYSTEM32\IPHLPAPI.DLL
0x00007ffba7430000 - 0x00007ffba7438000 	C:\WINDOWS\System32\NSI.dll
0x00007ffb9a1f0000 - 0x00007ffb9a206000 	C:\WINDOWS\SYSTEM32\dhcpcsvc6.DLL
0x00007ffb9a120000 - 0x00007ffb9a13a000 	C:\WINDOWS\SYSTEM32\dhcpcsvc.DLL
0x00007ffb9e900000 - 0x00007ffb9e911000 	C:\Program Files\Android\Android Studio\jre\jre\bin\nio.dll

VM Arguments:
jvm_args: -Djava.awt.headless=true -Xmx64M -Dfile.encoding=x-windows-949 -Duser.country=KR -Duser.language=ko -Duser.variant 
java_command: com.google.devtools.build.android.desugar.Desugar @D:\test\app\build\intermediates\tmp\desugar_args3639228112217749323
java_class_path (initial): C:\Users\Goo\AppData\Local\Temp\desugar_deploy.jar914161806448729915
Launcher Type: SUN_STANDARD

Environment Variables:
PATH=C:\ProgramData\Oracle\Java\javapath;C:\WINDOWS\system32;C:\WINDOWS;C:\WINDOWS\System32\Wbem;C:\WINDOWS\System32\WindowsPowerShell\v1.0\;C:\OpenSSL;;C:\WINDOWS\System32\OpenSSH\;C:\Users\Goo\AppData\Local\Microsoft\WindowsApps;
USERNAME=Goo
OS=Windows_NT
PROCESSOR_IDENTIFIER=Intel64 Family 6 Model 158 Stepping 9, GenuineIntel



---------------  S Y S T E M  ---------------

OS: Windows 10.0 , 64 bit Build 17134 (10.0.17134.1)

CPU:total 8 (initial active 8) (4 cores per cpu, 2 threads per core) family 6 model 158 stepping 9, cmov, cx8, fxsr, mmx, sse, sse2, sse3, ssse3, sse4.1, sse4.2, popcnt, avx, avx2, aes, clmul, erms, 3dnowpref, lzcnt, ht, tsc, tscinvbit, bmi1, bmi2, adx

Memory: 4k page, physical 16692940k(4880632k free), swap 16692940k(1100k free)

vm_info: OpenJDK 64-Bit Server VM (25.152-b01) for windows-amd64 JRE (1.8.0_152-release-915-b01), built by "builder" with MS VC++ 10.0 (VS2010)

time: Sat May 26 17:47:29 2018
elapsed time: 2 seconds (0d 0h 0m 2s)

