#
# There is insufficient memory for the Java Runtime Environment to continue.
# Native memory allocation (malloc) failed to allocate 2087024 bytes for Chunk::new
# Possible reasons:
#   The system is out of physical RAM or swap space
#   In 32 bit mode, the process size limit was hit
# Possible solutions:
#   Reduce memory load on the system
#   Increase physical memory or swap space
#   Check if swap backing store is full
#   Use 64 bit Java on a 64 bit OS
#   Decrease Java heap size (-Xmx/-Xms)
#   Decrease number of Java threads
#   Decrease Java thread stack sizes (-Xss)
#   Set larger code cache with -XX:ReservedCodeCacheSize=
# This output file may be truncated or incomplete.
#
#  Out of Memory Error (allocation.cpp:390), pid=10004, tid=0x0000000000002bf8
#
# JRE version: OpenJDK Runtime Environment (8.0_152-b01) (build 1.8.0_152-release-915-b01)
# Java VM: OpenJDK 64-Bit Server VM (25.152-b01 mixed mode windows-amd64 compressed oops)
# Failed to write core dump. Minidumps are not enabled by default on client versions of Windows
#

---------------  T H R E A D  ---------------

Current thread (0x00000000159b7800):  JavaThread "C2 CompilerThread0" daemon [_thread_in_native, id=11256, stack(0x00000000160c0000,0x00000000161c0000)]

Stack: [0x00000000160c0000,0x00000000161c0000]
[error occurred during error reporting (printing stack bounds), id 0xc0000005]

Native frames: (J=compiled Java code, j=interpreted, Vv=VM code, C=native code)


Current CompileTask:
C2:   4418  986 %     4       org.objectweb.asm.ClassReader::a @ 1480 (3587 bytes)


---------------  P R O C E S S  ---------------

Java Threads: ( => current thread )
  0x0000000015a2e800 JavaThread "Service Thread" daemon [_thread_blocked, id=11992, stack(0x00000000164c0000,0x00000000165c0000)]
  0x0000000015a0a800 JavaThread "C1 CompilerThread3" daemon [_thread_blocked, id=9888, stack(0x00000000163c0000,0x00000000164c0000)]
  0x00000000159bc000 JavaThread "C2 CompilerThread2" daemon [_thread_blocked, id=10756, stack(0x00000000162c0000,0x00000000163c0000)]
  0x0000000013a4b800 JavaThread "C2 CompilerThread1" daemon [_thread_blocked, id=14088, stack(0x00000000161c0000,0x00000000162c0000)]
=>0x00000000159b7800 JavaThread "C2 CompilerThread0" daemon [_thread_in_native, id=11256, stack(0x00000000160c0000,0x00000000161c0000)]
  0x00000000159b6800 JavaThread "Attach Listener" daemon [_thread_blocked, id=9520, stack(0x0000000015fc0000,0x00000000160c0000)]
  0x0000000015963800 JavaThread "Signal Dispatcher" daemon [_thread_blocked, id=5104, stack(0x0000000015ec0000,0x0000000015fc0000)]
  0x0000000013a41800 JavaThread "Finalizer" daemon [_thread_blocked, id=9504, stack(0x0000000015d20000,0x0000000015e20000)]
  0x0000000003268000 JavaThread "Reference Handler" daemon [_thread_blocked, id=11672, stack(0x0000000015820000,0x0000000015920000)]
  0x0000000002dad800 JavaThread "main" [_thread_blocked, id=8364, stack(0x0000000002c90000,0x0000000002d90000)]

Other Threads:
  0x0000000013a35000 VMThread [stack: 0x0000000015720000,0x0000000015820000] [id=4084]
  0x0000000015a1d000 WatcherThread [stack: 0x00000000165c0000,0x00000000166c0000] [id=8096]

VM state:at safepoint (normal execution)

VM Mutex/Monitor currently owned by a thread:  ([mutex/lock_event])
[0x0000000002dacff0] Threads_lock - owner thread: 0x0000000013a35000
[0x0000000002dad170] Heap_lock - owner thread: 0x0000000002dad800

Heap:
 PSYoungGen      total 18944K, used 18931K [0x00000000feb00000, 0x0000000100000000, 0x0000000100000000)
  eden space 16384K, 100% used [0x00000000feb00000,0x00000000ffb00000,0x00000000ffb00000)
  from space 2560K, 99% used [0x00000000ffd80000,0x00000000ffffce00,0x0000000100000000)
  to   space 2560K, 98% used [0x00000000ffb00000,0x00000000ffd78328,0x00000000ffd80000)
 ParOldGen       total 44032K, used 6811K [0x00000000fc000000, 0x00000000feb00000, 0x00000000feb00000)
  object space 44032K, 15% used [0x00000000fc000000,0x00000000fc6a6c90,0x00000000feb00000)
 Metaspace       used 7694K, capacity 7842K, committed 7936K, reserved 1056768K
  class space    used 875K, capacity 957K, committed 1024K, reserved 1048576K

Card table byte_map: [0x0000000002dc0000,0x0000000002df0000] byte_map_base: 0x00000000025e0000

Marking Bits: (ParMarkBitMap*) 0x00000000673d3950
 Begin Bits: [0x0000000012e30000, 0x0000000012f30000)
 End Bits:   [0x0000000012f30000, 0x0000000013030000)

Polling page: 0x0000000000e00000

CodeCache: size=245760Kb used=4149Kb max_used=4149Kb free=241610Kb
 bounds [0x0000000003270000, 0x0000000003690000, 0x0000000012270000]
 total_blobs=1415 nmethods=1079 adapters=248
 compilation: enabled

Compilation events (10 events):
Event: 4.233 Thread 0x0000000015a0a800 1077       3       java.util.zip.ZipOutputStream::writeExtra (106 bytes)
Event: 4.234 Thread 0x0000000015a0a800 nmethod 1077 0x0000000003679d50 code [0x0000000003679f40, 0x000000000367aa08]
Event: 4.234 Thread 0x0000000015a0a800 1078       3       java.util.zip.CRC32::update (16 bytes)
Event: 4.234 Thread 0x0000000015a0a800 nmethod 1078 0x00000000036799d0 code [0x0000000003679b20, 0x0000000003679cb0]
Event: 4.234 Thread 0x0000000015a0a800 1079   !   3       org.objectweb.asm.ClassReader::a (163 bytes)
Event: 4.235 Thread 0x0000000015a0a800 nmethod 1079 0x000000000367e610 code [0x000000000367e840, 0x000000000367f548]
Event: 4.235 Thread 0x0000000015a0a800 1080       3       java.util.zip.ZipFile$ZipFileInputStream::available (22 bytes)
Event: 4.235 Thread 0x0000000015a0a800 nmethod 1080 0x000000000367d7d0 code [0x000000000367d920, 0x000000000367dad0]
Event: 4.235 Thread 0x0000000015a0a800 1081       3       java.util.zip.ZipFile$ZipFileInputStream::read (25 bytes)
Event: 4.235 Thread 0x0000000015a0a800 nmethod 1081 0x000000000367d310 code [0x000000000367d480, 0x000000000367d708]

GC Heap History (5 events):
Event: 1.125 GC heap before
{Heap before GC invocations=1 (full 0):
 PSYoungGen      total 18944K, used 16384K [0x00000000feb00000, 0x0000000100000000, 0x0000000100000000)
  eden space 16384K, 100% used [0x00000000feb00000,0x00000000ffb00000,0x00000000ffb00000)
  from space 2560K, 0% used [0x00000000ffd80000,0x00000000ffd80000,0x0000000100000000)
  to   space 2560K, 0% used [0x00000000ffb00000,0x00000000ffb00000,0x00000000ffd80000)
 ParOldGen       total 44032K, used 0K [0x00000000fc000000, 0x00000000feb00000, 0x00000000feb00000)
  object space 44032K, 0% used [0x00000000fc000000,0x00000000fc000000,0x00000000feb00000)
 Metaspace       used 6623K, capacity 6800K, committed 7040K, reserved 1056768K
  class space    used 774K, capacity 824K, committed 896K, reserved 1048576K
Event: 1.130 GC heap after
Heap after GC invocations=1 (full 0):
 PSYoungGen      total 18944K, used 2537K [0x00000000feb00000, 0x0000000100000000, 0x0000000100000000)
  eden space 16384K, 0% used [0x00000000feb00000,0x00000000feb00000,0x00000000ffb00000)
  from space 2560K, 99% used [0x00000000ffb00000,0x00000000ffd7a620,0x00000000ffd80000)
  to   space 2560K, 0% used [0x00000000ffd80000,0x00000000ffd80000,0x0000000100000000)
 ParOldGen       total 44032K, used 1463K [0x00000000fc000000, 0x00000000feb00000, 0x00000000feb00000)
  object space 44032K, 3% used [0x00000000fc000000,0x00000000fc16dc78,0x00000000feb00000)
 Metaspace       used 6623K, capacity 6800K, committed 7040K, reserved 1056768K
  class space    used 774K, capacity 824K, committed 896K, reserved 1048576K
}
Event: 1.519 GC heap before
{Heap before GC invocations=2 (full 0):
 PSYoungGen      total 18944K, used 18921K [0x00000000feb00000, 0x0000000100000000, 0x0000000100000000)
  eden space 16384K, 100% used [0x00000000feb00000,0x00000000ffb00000,0x00000000ffb00000)
  from space 2560K, 99% used [0x00000000ffb00000,0x00000000ffd7a620,0x00000000ffd80000)
  to   space 2560K, 0% used [0x00000000ffd80000,0x00000000ffd80000,0x0000000100000000)
 ParOldGen       total 44032K, used 1463K [0x00000000fc000000, 0x00000000feb00000, 0x00000000feb00000)
  object space 44032K, 3% used [0x00000000fc000000,0x00000000fc16dc78,0x00000000feb00000)
 Metaspace       used 6967K, capacity 7106K, committed 7296K, reserved 1056768K
  class space    used 816K, capacity 861K, committed 896K, reserved 1048576K
Event: 1.544 GC heap after
Heap after GC invocations=2 (full 0):
 PSYoungGen      total 18944K, used 2547K [0x00000000feb00000, 0x0000000100000000, 0x0000000100000000)
  eden space 16384K, 0% used [0x00000000feb00000,0x00000000feb00000,0x00000000ffb00000)
  from space 2560K, 99% used [0x00000000ffd80000,0x00000000ffffce00,0x0000000100000000)
  to   space 2560K, 0% used [0x00000000ffb00000,0x00000000ffb00000,0x00000000ffd80000)
 ParOldGen       total 44032K, used 5956K [0x00000000fc000000, 0x00000000feb00000, 0x00000000feb00000)
  object space 44032K, 13% used [0x00000000fc000000,0x00000000fc5d11b0,0x00000000feb00000)
 Metaspace       used 6967K, capacity 7106K, committed 7296K, reserved 1056768K
  class space    used 816K, capacity 861K, committed 896K, reserved 1048576K
}
Event: 4.236 GC heap before
{Heap before GC invocations=3 (full 0):
 PSYoungGen      total 18944K, used 18931K [0x00000000feb00000, 0x0000000100000000, 0x0000000100000000)
  eden space 16384K, 100% used [0x00000000feb00000,0x00000000ffb00000,0x00000000ffb00000)
  from space 2560K, 99% used [0x00000000ffd80000,0x00000000ffffce00,0x0000000100000000)
  to   space 2560K, 0% used [0x00000000ffb00000,0x00000000ffb00000,0x00000000ffd80000)
 ParOldGen       total 44032K, used 5956K [0x00000000fc000000, 0x00000000feb00000, 0x00000000feb00000)
  object space 44032K, 13% used [0x00000000fc000000,0x00000000fc5d11b0,0x00000000feb00000)
 Metaspace       used 7694K, capacity 7842K, committed 7936K, reserved 1056768K
  class space    used 875K, capacity 957K, committed 1024K, reserved 1048576K

Deoptimization events (10 events):
Event: 1.856 Thread 0x0000000002dad800 Uncommon trap: reason=unstable_if action=reinterpret pc=0x0000000003598948 method=org.objectweb.asm.Type.getArgumentsAndReturnSizes(Ljava/lang/String;)I @ 130
Event: 1.872 Thread 0x0000000002dad800 Uncommon trap: reason=unstable_if action=reinterpret pc=0x00000000035c0238 method=org.objectweb.asm.MethodWriter.visitVarInsn(II)V @ 136
Event: 1.895 Thread 0x0000000002dad800 Uncommon trap: reason=unstable_if action=reinterpret pc=0x00000000035d4968 method=java.io.BufferedOutputStream.write(I)V @ 9
Event: 3.805 Thread 0x0000000002dad800 Uncommon trap: reason=unstable_if action=reinterpret pc=0x0000000003548668 method=org.objectweb.asm.ClassReader.readUTF8(I[C)Ljava/lang/String; @ 11
Event: 3.943 Thread 0x0000000002dad800 Uncommon trap: reason=null_check action=make_not_entrant pc=0x000000000366a344 method=com.google.devtools.build.android.desugar.InterfaceDesugaring$InterfaceInvocationRewriter.visitMethodInsn(ILjava/lang/String;Ljava/lang/String;Ljava/lang/String;Z)V @ 10
Event: 4.222 Thread 0x0000000002dad800 Uncommon trap: reason=class_check action=maybe_recompile pc=0x00000000036083ec method=org.objectweb.asm.MethodVisitor.visitVarInsn(II)V @ 13
Event: 4.222 Thread 0x0000000002dad800 Uncommon trap: reason=class_check action=maybe_recompile pc=0x00000000036083ec method=org.objectweb.asm.MethodVisitor.visitVarInsn(II)V @ 13
Event: 4.222 Thread 0x0000000002dad800 Uncommon trap: reason=class_check action=maybe_recompile pc=0x00000000036083ec method=org.objectweb.asm.MethodVisitor.visitVarInsn(II)V @ 13
Event: 4.222 Thread 0x0000000002dad800 Uncommon trap: reason=class_check action=maybe_recompile pc=0x00000000036083ec method=org.objectweb.asm.MethodVisitor.visitVarInsn(II)V @ 13
Event: 4.228 Thread 0x0000000002dad800 Uncommon trap: reason=class_check action=maybe_recompile pc=0x0000000003648fdc method=org.objectweb.asm.MethodVisitor.visitVarInsn(II)V @ 13

Classes redefined (0 events):
No events

Internal exceptions (10 events):
Event: 1.776 Thread 0x0000000002dad800 Exception <a 'sun/nio/fs/WindowsException'> (0x00000000fed7b218) thrown at [D:\src\AOSP-openjdk-cygwin\jdk8u\hotspot\src\share\vm\prims\jni.cpp, line 709]
Event: 2.916 Thread 0x0000000002dad800 Exception <a 'sun/nio/fs/WindowsException'> (0x00000000ff1a4fb8) thrown at [D:\src\AOSP-openjdk-cygwin\jdk8u\hotspot\src\share\vm\prims\jni.cpp, line 709]
Event: 2.916 Thread 0x0000000002dad800 Exception <a 'sun/nio/fs/WindowsException'> (0x00000000ff1a5490) thrown at [D:\src\AOSP-openjdk-cygwin\jdk8u\hotspot\src\share\vm\prims\jni.cpp, line 709]
Event: 3.242 Thread 0x0000000002dad800 Exception <a 'sun/nio/fs/WindowsException'> (0x00000000ff2c4740) thrown at [D:\src\AOSP-openjdk-cygwin\jdk8u\hotspot\src\share\vm\prims\jni.cpp, line 709]
Event: 3.270 Thread 0x0000000002dad800 Exception <a 'sun/nio/fs/WindowsException'> (0x00000000ff2c4c18) thrown at [D:\src\AOSP-openjdk-cygwin\jdk8u\hotspot\src\share\vm\prims\jni.cpp, line 709]
Event: 3.725 Thread 0x0000000002dad800 Exception <a 'sun/nio/fs/WindowsException'> (0x00000000ff4eda38) thrown at [D:\src\AOSP-openjdk-cygwin\jdk8u\hotspot\src\share\vm\prims\jni.cpp, line 709]
Event: 3.725 Thread 0x0000000002dad800 Exception <a 'sun/nio/fs/WindowsException'> (0x00000000ff4edf10) thrown at [D:\src\AOSP-openjdk-cygwin\jdk8u\hotspot\src\share\vm\prims\jni.cpp, line 709]
Event: 3.784 Thread 0x0000000002dad800 Exception <a 'sun/nio/fs/WindowsException'> (0x00000000ff4f13b0) thrown at [D:\src\AOSP-openjdk-cygwin\jdk8u\hotspot\src\share\vm\prims\jni.cpp, line 709]
Event: 3.784 Thread 0x0000000002dad800 Exception <a 'sun/nio/fs/WindowsException'> (0x00000000ff4f1888) thrown at [D:\src\AOSP-openjdk-cygwin\jdk8u\hotspot\src\share\vm\prims\jni.cpp, line 709]
Event: 3.943 Thread 0x0000000002dad800 Implicit null exception at 0x00000000036679f8 to 0x000000000366a331

Events (10 events):
Event: 4.222 Thread 0x0000000002dad800 DEOPT UNPACKING pc=0x00000000032b556a sp=0x0000000002d8e7f0 mode 2
Event: 4.222 Thread 0x0000000002dad800 Uncommon trap: trap_request=0xffffffde fr.pc=0x00000000036083ec
Event: 4.222 Thread 0x0000000002dad800 DEOPT PACKING pc=0x00000000036083ec sp=0x0000000002d8e8a0
Event: 4.222 Thread 0x0000000002dad800 DEOPT UNPACKING pc=0x00000000032b556a sp=0x0000000002d8e7f0 mode 2
Event: 4.228 Thread 0x0000000002dad800 Uncommon trap: trap_request=0xffffffde fr.pc=0x0000000003648fdc
Event: 4.228 Thread 0x0000000002dad800 DEOPT PACKING pc=0x0000000003648fdc sp=0x0000000002d8e810
Event: 4.228 Thread 0x0000000002dad800 DEOPT UNPACKING pc=0x00000000032b556a sp=0x0000000002d8e7d8 mode 2
Event: 4.236 Thread 0x0000000002dad800 DEOPT PACKING pc=0x000000000355e7d8 sp=0x0000000002d8e690
Event: 4.236 Thread 0x0000000002dad800 DEOPT UNPACKING pc=0x00000000032b75bf sp=0x0000000002d8e640 mode 0
Event: 4.236 Executing VM operation: ParallelGCFailedAllocation


Dynamic libraries:
0x00007ff6c8c60000 - 0x00007ff6c8c91000 	C:\Program Files\Android\Android Studio\jre\bin\java.exe
0x00007ffba9340000 - 0x00007ffba9521000 	C:\WINDOWS\SYSTEM32\ntdll.dll
0x00007ffba6ca0000 - 0x00007ffba6d52000 	C:\WINDOWS\System32\KERNEL32.DLL
0x00007ffba6070000 - 0x00007ffba62e3000 	C:\WINDOWS\System32\KERNELBASE.dll
0x00007ffba9260000 - 0x00007ffba9301000 	C:\WINDOWS\System32\ADVAPI32.dll
0x00007ffba77b0000 - 0x00007ffba784e000 	C:\WINDOWS\System32\msvcrt.dll
0x00007ffba71b0000 - 0x00007ffba720b000 	C:\WINDOWS\System32\sechost.dll
0x00007ffba7580000 - 0x00007ffba76a4000 	C:\WINDOWS\System32\RPCRT4.dll
0x00007ffba7ac0000 - 0x00007ffba7c50000 	C:\WINDOWS\System32\USER32.dll
0x00007ffba5790000 - 0x00007ffba57b0000 	C:\WINDOWS\System32\win32u.dll
0x00007ffba67e0000 - 0x00007ffba6808000 	C:\WINDOWS\System32\GDI32.dll
0x00007ffba6530000 - 0x00007ffba66c2000 	C:\WINDOWS\System32\gdi32full.dll
0x00007ffba5fd0000 - 0x00007ffba606f000 	C:\WINDOWS\System32\msvcp_win.dll
0x00007ffba66d0000 - 0x00007ffba67ca000 	C:\WINDOWS\System32\ucrtbase.dll
0x00007ffb93ad0000 - 0x00007ffb93d39000 	C:\WINDOWS\WinSxS\amd64_microsoft.windows.common-controls_6595b64144ccf1df_6.0.17134.48_none_b4b2216a3cb4dd3e\COMCTL32.dll
0x00007ffba6810000 - 0x00007ffba6b33000 	C:\WINDOWS\System32\combase.dll
0x00007ffba5710000 - 0x00007ffba578a000 	C:\WINDOWS\System32\bcryptPrimitives.dll
0x00007ffba9090000 - 0x00007ffba90bd000 	C:\WINDOWS\System32\IMM32.DLL
0x0000000069530000 - 0x0000000069602000 	C:\Program Files\Android\Android Studio\jre\jre\bin\msvcr100.dll
0x0000000066c10000 - 0x000000006744e000 	C:\Program Files\Android\Android Studio\jre\jre\bin\server\jvm.dll
0x00007ffba91d0000 - 0x00007ffba91d8000 	C:\WINDOWS\System32\PSAPI.DLL
0x00007ffba1d20000 - 0x00007ffba1d29000 	C:\WINDOWS\SYSTEM32\WSOCK32.dll
0x00007ffba7510000 - 0x00007ffba757c000 	C:\WINDOWS\System32\WS2_32.dll
0x00007ffb95780000 - 0x00007ffb957a3000 	C:\WINDOWS\SYSTEM32\WINMM.dll
0x00007ffb9d7c0000 - 0x00007ffb9d7ca000 	C:\WINDOWS\SYSTEM32\VERSION.dll
0x00007ffb95570000 - 0x00007ffb9559a000 	C:\WINDOWS\SYSTEM32\WINMMBASE.dll
0x00007ffba64e0000 - 0x00007ffba6529000 	C:\WINDOWS\System32\cfgmgr32.dll
0x00007ffba3a40000 - 0x00007ffba3a4f000 	C:\Program Files\Android\Android Studio\jre\jre\bin\verify.dll
0x00007ffba1b00000 - 0x00007ffba1b29000 	C:\Program Files\Android\Android Studio\jre\jre\bin\java.dll
0x00007ffba1280000 - 0x00007ffba1296000 	C:\Program Files\Android\Android Studio\jre\jre\bin\zip.dll
0x00007ffba7c50000 - 0x00007ffba9090000 	C:\WINDOWS\System32\SHELL32.dll
0x00007ffba9120000 - 0x00007ffba91c9000 	C:\WINDOWS\System32\shcore.dll
0x00007ffba58c0000 - 0x00007ffba5fcd000 	C:\WINDOWS\System32\windows.storage.dll
0x00007ffba90c0000 - 0x00007ffba9111000 	C:\WINDOWS\System32\shlwapi.dll
0x00007ffba5680000 - 0x00007ffba5691000 	C:\WINDOWS\System32\kernel.appcore.dll
0x00007ffba56f0000 - 0x00007ffba570f000 	C:\WINDOWS\System32\profapi.dll
0x00007ffba56a0000 - 0x00007ffba56ec000 	C:\WINDOWS\System32\powrprof.dll
0x00007ffba5650000 - 0x00007ffba565a000 	C:\WINDOWS\System32\FLTLIB.DLL
0x00007ffba5080000 - 0x00007ffba5097000 	C:\WINDOWS\SYSTEM32\CRYPTSP.dll
0x00007ffba4ab0000 - 0x00007ffba4ae3000 	C:\WINDOWS\system32\rsaenh.dll
0x00007ffba51b0000 - 0x00007ffba51d5000 	C:\WINDOWS\SYSTEM32\bcrypt.dll
0x00007ffba5580000 - 0x00007ffba55a8000 	C:\WINDOWS\SYSTEM32\USERENV.dll
0x00007ffba50a0000 - 0x00007ffba50ab000 	C:\WINDOWS\SYSTEM32\CRYPTBASE.dll
0x00007ffba1180000 - 0x00007ffba119a000 	C:\Program Files\Android\Android Studio\jre\jre\bin\net.dll
0x00007ffba4ed0000 - 0x00007ffba4f36000 	C:\WINDOWS\system32\mswsock.dll
0x00007ffba4c50000 - 0x00007ffba4c88000 	C:\WINDOWS\SYSTEM32\IPHLPAPI.DLL
0x00007ffba7430000 - 0x00007ffba7438000 	C:\WINDOWS\System32\NSI.dll
0x00007ffb9a1f0000 - 0x00007ffb9a206000 	C:\WINDOWS\SYSTEM32\dhcpcsvc6.DLL
0x00007ffb9a120000 - 0x00007ffb9a13a000 	C:\WINDOWS\SYSTEM32\dhcpcsvc.DLL
0x00007ffb9f410000 - 0x00007ffb9f421000 	C:\Program Files\Android\Android Studio\jre\jre\bin\nio.dll

VM Arguments:
jvm_args: -Djava.awt.headless=true -Xmx64M -Dfile.encoding=x-windows-949 -Duser.country=KR -Duser.language=ko -Duser.variant 
java_command: com.google.devtools.build.android.desugar.Desugar @D:\test\app\build\intermediates\tmp\desugar_args5054375187407398825
java_class_path (initial): C:\Users\Goo\AppData\Local\Temp\desugar_deploy.jar817229055182116543
Launcher Type: SUN_STANDARD

Environment Variables:
PATH=C:\ProgramData\Oracle\Java\javapath;C:\WINDOWS\system32;C:\WINDOWS;C:\WINDOWS\System32\Wbem;C:\WINDOWS\System32\WindowsPowerShell\v1.0\;C:\OpenSSL;;C:\WINDOWS\System32\OpenSSH\;C:\Users\Goo\AppData\Local\Microsoft\WindowsApps;
USERNAME=Goo
OS=Windows_NT
PROCESSOR_IDENTIFIER=Intel64 Family 6 Model 158 Stepping 9, GenuineIntel



---------------  S Y S T E M  ---------------

OS: Windows 10.0 , 64 bit Build 17134 (10.0.17134.1)

CPU:total 8 (initial active 8) (4 cores per cpu, 2 threads per core) family 6 model 158 stepping 9, cmov, cx8, fxsr, mmx, sse, sse2, sse3, ssse3, sse4.1, sse4.2, popcnt, avx, avx2, aes, clmul, erms, 3dnowpref, lzcnt, ht, tsc, tscinvbit, bmi1, bmi2, adx

Memory: 4k page, physical 16692940k(3632980k free), swap 16692940k(5720k free)

vm_info: OpenJDK 64-Bit Server VM (25.152-b01) for windows-amd64 JRE (1.8.0_152-release-915-b01), built by "builder" with MS VC++ 10.0 (VS2010)

time: Mon May 28 00:51:09 2018
elapsed time: 4 seconds (0d 0h 0m 4s)

