#
# There is insufficient memory for the Java Runtime Environment to continue.
# Native memory allocation (malloc) failed to allocate 32744 bytes for ChunkPool::allocate
# Possible reasons:
#   The system is out of physical RAM or swap space
#   In 32 bit mode, the process size limit was hit
# Possible solutions:
#   Reduce memory load on the system
#   Increase physical memory or swap space
#   Check if swap backing store is full
#   Use 64 bit Java on a 64 bit OS
#   Decrease Java heap size (-Xmx/-Xms)
#   Decrease number of Java threads
#   Decrease Java thread stack sizes (-Xss)
#   Set larger code cache with -XX:ReservedCodeCacheSize=
# This output file may be truncated or incomplete.
#
#  Out of Memory Error (allocation.cpp:273), pid=7140, tid=0x0000000000001ca4
#
# JRE version: OpenJDK Runtime Environment (8.0_152-b01) (build 1.8.0_152-release-915-b01)
# Java VM: OpenJDK 64-Bit Server VM (25.152-b01 mixed mode windows-amd64 compressed oops)
# Failed to write core dump. Minidumps are not enabled by default on client versions of Windows
#

---------------  T H R E A D  ---------------

Current thread (0x0000000015d43000):  JavaThread "C2 CompilerThread2" daemon [_thread_in_native, id=7332, stack(0x0000000016640000,0x0000000016740000)]

Stack: [0x0000000016640000,0x0000000016740000]
[error occurred during error reporting (printing stack bounds), id 0xc0000005]

Native frames: (J=compiled Java code, j=interpreted, Vv=VM code, C=native code)


Current CompileTask:
C2:   3813 1214       4       org.objectweb.asm.MethodWriter::visitFrame (823 bytes)


---------------  P R O C E S S  ---------------

Java Threads: ( => current thread )
  0x0000000015d4b800 JavaThread "Service Thread" daemon [_thread_blocked, id=5240, stack(0x0000000016840000,0x0000000016940000)]
  0x0000000013dee800 JavaThread "C1 CompilerThread3" daemon [_thread_in_native, id=5844, stack(0x0000000016740000,0x0000000016840000)]
=>0x0000000015d43000 JavaThread "C2 CompilerThread2" daemon [_thread_in_native, id=7332, stack(0x0000000016640000,0x0000000016740000)]
  0x0000000013dea800 JavaThread "C2 CompilerThread1" daemon [_thread_in_native, id=10708, stack(0x0000000016540000,0x0000000016640000)]
  0x0000000015d3f800 JavaThread "C2 CompilerThread0" daemon [_thread_in_native, id=3840, stack(0x0000000016440000,0x0000000016540000)]
  0x0000000015d3e000 JavaThread "Attach Listener" daemon [_thread_blocked, id=7216, stack(0x0000000016340000,0x0000000016440000)]
  0x0000000015ceb000 JavaThread "Signal Dispatcher" daemon [_thread_blocked, id=9652, stack(0x0000000016240000,0x0000000016340000)]
  0x000000000362e000 JavaThread "Finalizer" daemon [_thread_blocked, id=12844, stack(0x00000000160b0000,0x00000000161b0000)]
  0x0000000003627000 JavaThread "Reference Handler" daemon [_thread_blocked, id=12044, stack(0x0000000015bb0000,0x0000000015cb0000)]
  0x000000000307d800 JavaThread "main" [_thread_in_vm, id=8112, stack(0x0000000003430000,0x0000000003530000)]

Other Threads:
  0x0000000013dd5800 VMThread [stack: 0x0000000015ab0000,0x0000000015bb0000] [id=11944]
  0x0000000015d4c800 WatcherThread [stack: 0x0000000016940000,0x0000000016a40000] [id=404]

VM state:not at safepoint (normal execution)

VM Mutex/Monitor currently owned by a thread:  ([mutex/lock_event])
[0x00000000035300d0] Compile_lock - owner thread: 0x0000000013dee800
[0x00000000035302d0] MethodCompileQueue_lock - owner thread: 0x0000000013dee800

Heap:
 PSYoungGen      total 18944K, used 16588K [0x00000000feb00000, 0x0000000100000000, 0x0000000100000000)
  eden space 16384K, 85% used [0x00000000feb00000,0x00000000ff8b65c0,0x00000000ffb00000)
  from space 2560K, 99% used [0x00000000ffd80000,0x00000000ffffcaa8,0x0000000100000000)
  to   space 2560K, 0% used [0x00000000ffb00000,0x00000000ffb00000,0x00000000ffd80000)
 ParOldGen       total 44032K, used 7090K [0x00000000fc000000, 0x00000000feb00000, 0x00000000feb00000)
  object space 44032K, 16% used [0x00000000fc000000,0x00000000fc6ec928,0x00000000feb00000)
 Metaspace       used 7824K, capacity 8046K, committed 8192K, reserved 1056768K
  class space    used 876K, capacity 957K, committed 1024K, reserved 1048576K

Card table byte_map: [0x0000000003000000,0x0000000003030000] byte_map_base: 0x0000000002820000

Marking Bits: (ParMarkBitMap*) 0x0000000055473950
 Begin Bits: [0x00000000131f0000, 0x00000000132f0000)
 End Bits:   [0x00000000132f0000, 0x00000000133f0000)

Polling page: 0x0000000002fd0000

CodeCache: size=245760Kb used=4833Kb max_used=4833Kb free=240926Kb
 bounds [0x0000000003630000, 0x0000000003af0000, 0x0000000012630000]
 total_blobs=1618 nmethods=1282 adapters=248
 compilation: disabled (not enough contiguous free space left)

Compilation events (10 events):
Event: 3.778 Thread 0x0000000013dee800 nmethod 1282 0x0000000003ae9fd0 code [0x0000000003aea140, 0x0000000003aea4a8]
Event: 3.779 Thread 0x0000000013dee800 1283       3       sun.nio.ch.IOUtil::writeFromNativeBuffer (137 bytes)
Event: 3.779 Thread 0x0000000013dee800 nmethod 1283 0x0000000003aea5d0 code [0x0000000003aea7a0, 0x0000000003aeb188]
Event: 3.779 Thread 0x0000000013dee800 1284       3       sun.nio.ch.FileDispatcherImpl::write (12 bytes)
Event: 3.780 Thread 0x0000000013dee800 nmethod 1284 0x0000000003aeb450 code [0x0000000003aeb5c0, 0x0000000003aeb768]
Event: 3.780 Thread 0x0000000013dee800 1286       3       java.nio.Buffer::rewind (12 bytes)
Event: 3.781 Thread 0x0000000013dee800 nmethod 1286 0x0000000003aebbd0 code [0x0000000003aebd20, 0x0000000003aebe90]
Event: 3.794 Thread 0x0000000013dee800 1292       1       java.util.concurrent.TimeUnit$3::toSeconds (6 bytes)
Event: 3.794 Thread 0x0000000013dee800 nmethod 1292 0x0000000003aebf10 code [0x0000000003aec060, 0x0000000003aec190]
Event: 3.809 Thread 0x0000000013dee800 1294       3       org.objectweb.asm.ClassReader::a (1227 bytes)

GC Heap History (8 events):
Event: 0.923 GC heap before
{Heap before GC invocations=1 (full 0):
 PSYoungGen      total 18944K, used 16384K [0x00000000feb00000, 0x0000000100000000, 0x0000000100000000)
  eden space 16384K, 100% used [0x00000000feb00000,0x00000000ffb00000,0x00000000ffb00000)
  from space 2560K, 0% used [0x00000000ffd80000,0x00000000ffd80000,0x0000000100000000)
  to   space 2560K, 0% used [0x00000000ffb00000,0x00000000ffb00000,0x00000000ffd80000)
 ParOldGen       total 44032K, used 0K [0x00000000fc000000, 0x00000000feb00000, 0x00000000feb00000)
  object space 44032K, 0% used [0x00000000fc000000,0x00000000fc000000,0x00000000feb00000)
 Metaspace       used 6625K, capacity 6748K, committed 7040K, reserved 1056768K
  class space    used 773K, capacity 824K, committed 896K, reserved 1048576K
Event: 0.934 GC heap after
Heap after GC invocations=1 (full 0):
 PSYoungGen      total 18944K, used 2537K [0x00000000feb00000, 0x0000000100000000, 0x0000000100000000)
  eden space 16384K, 0% used [0x00000000feb00000,0x00000000feb00000,0x00000000ffb00000)
  from space 2560K, 99% used [0x00000000ffb00000,0x00000000ffd7a620,0x00000000ffd80000)
  to   space 2560K, 0% used [0x00000000ffd80000,0x00000000ffd80000,0x0000000100000000)
 ParOldGen       total 44032K, used 1669K [0x00000000fc000000, 0x00000000feb00000, 0x00000000feb00000)
  object space 44032K, 3% used [0x00000000fc000000,0x00000000fc1a1690,0x00000000feb00000)
 Metaspace       used 6625K, capacity 6748K, committed 7040K, reserved 1056768K
  class space    used 773K, capacity 824K, committed 896K, reserved 1048576K
}
Event: 1.344 GC heap before
{Heap before GC invocations=2 (full 0):
 PSYoungGen      total 18944K, used 18921K [0x00000000feb00000, 0x0000000100000000, 0x0000000100000000)
  eden space 16384K, 100% used [0x00000000feb00000,0x00000000ffb00000,0x00000000ffb00000)
  from space 2560K, 99% used [0x00000000ffb00000,0x00000000ffd7a620,0x00000000ffd80000)
  to   space 2560K, 0% used [0x00000000ffd80000,0x00000000ffd80000,0x0000000100000000)
 ParOldGen       total 44032K, used 1669K [0x00000000fc000000, 0x00000000feb00000, 0x00000000feb00000)
  object space 44032K, 3% used [0x00000000fc000000,0x00000000fc1a1690,0x00000000feb00000)
 Metaspace       used 6977K, capacity 7118K, committed 7296K, reserved 1056768K
  class space    used 816K, capacity 861K, committed 896K, reserved 1048576K
Event: 1.355 GC heap after
Heap after GC invocations=2 (full 0):
 PSYoungGen      total 18944K, used 2547K [0x00000000feb00000, 0x0000000100000000, 0x0000000100000000)
  eden space 16384K, 0% used [0x00000000feb00000,0x00000000feb00000,0x00000000ffb00000)
  from space 2560K, 99% used [0x00000000ffd80000,0x00000000ffffce20,0x0000000100000000)
  to   space 2560K, 0% used [0x00000000ffb00000,0x00000000ffb00000,0x00000000ffd80000)
 ParOldGen       total 44032K, used 5906K [0x00000000fc000000, 0x00000000feb00000, 0x00000000feb00000)
  object space 44032K, 13% used [0x00000000fc000000,0x00000000fc5c4b78,0x00000000feb00000)
 Metaspace       used 6977K, capacity 7118K, committed 7296K, reserved 1056768K
  class space    used 816K, capacity 861K, committed 896K, reserved 1048576K
}
Event: 1.647 GC heap before
{Heap before GC invocations=3 (full 0):
 PSYoungGen      total 18944K, used 18931K [0x00000000feb00000, 0x0000000100000000, 0x0000000100000000)
  eden space 16384K, 100% used [0x00000000feb00000,0x00000000ffb00000,0x00000000ffb00000)
  from space 2560K, 99% used [0x00000000ffd80000,0x00000000ffffce20,0x0000000100000000)
  to   space 2560K, 0% used [0x00000000ffb00000,0x00000000ffb00000,0x00000000ffd80000)
 ParOldGen       total 44032K, used 5906K [0x00000000fc000000, 0x00000000feb00000, 0x00000000feb00000)
  object space 44032K, 13% used [0x00000000fc000000,0x00000000fc5c4b78,0x00000000feb00000)
 Metaspace       used 7675K, capacity 7854K, committed 7936K, reserved 1056768K
  class space    used 875K, capacity 957K, committed 1024K, reserved 1048576K
Event: 1.696 GC heap after
Heap after GC invocations=3 (full 0):
 PSYoungGen      total 18944K, used 2559K [0x00000000feb00000, 0x0000000100000000, 0x0000000100000000)
  eden space 16384K, 0% used [0x00000000feb00000,0x00000000feb00000,0x00000000ffb00000)
  from space 2560K, 99% used [0x00000000ffb00000,0x00000000ffd7fca0,0x00000000ffd80000)
  to   space 2560K, 0% used [0x00000000ffd80000,0x00000000ffd80000,0x0000000100000000)
 ParOldGen       total 44032K, used 7042K [0x00000000fc000000, 0x00000000feb00000, 0x00000000feb00000)
  object space 44032K, 15% used [0x00000000fc000000,0x00000000fc6e0918,0x00000000feb00000)
 Metaspace       used 7675K, capacity 7854K, committed 7936K, reserved 1056768K
  class space    used 875K, capacity 957K, committed 1024K, reserved 1048576K
}
Event: 2.041 GC heap before
{Heap before GC invocations=4 (full 0):
 PSYoungGen      total 18944K, used 18943K [0x00000000feb00000, 0x0000000100000000, 0x0000000100000000)
  eden space 16384K, 100% used [0x00000000feb00000,0x00000000ffb00000,0x00000000ffb00000)
  from space 2560K, 99% used [0x00000000ffb00000,0x00000000ffd7fca0,0x00000000ffd80000)
  to   space 2560K, 0% used [0x00000000ffd80000,0x00000000ffd80000,0x0000000100000000)
 ParOldGen       total 44032K, used 7042K [0x00000000fc000000, 0x00000000feb00000, 0x00000000feb00000)
  object space 44032K, 15% used [0x00000000fc000000,0x00000000fc6e0918,0x00000000feb00000)
 Metaspace       used 7753K, capacity 7982K, committed 8192K, reserved 1056768K
  class space    used 875K, capacity 957K, committed 1024K, reserved 1048576K
Event: 2.288 GC heap after
Heap after GC invocations=4 (full 0):
 PSYoungGen      total 18944K, used 2546K [0x00000000feb00000, 0x0000000100000000, 0x0000000100000000)
  eden space 16384K, 0% used [0x00000000feb00000,0x00000000feb00000,0x00000000ffb00000)
  from space 2560K, 99% used [0x00000000ffd80000,0x00000000ffffcaa8,0x0000000100000000)
  to   space 2560K, 0% used [0x00000000ffb00000,0x00000000ffb00000,0x00000000ffd80000)
 ParOldGen       total 44032K, used 7090K [0x00000000fc000000, 0x00000000feb00000, 0x00000000feb00000)
  object space 44032K, 16% used [0x00000000fc000000,0x00000000fc6ec928,0x00000000feb00000)
 Metaspace       used 7753K, capacity 7982K, committed 8192K, reserved 1056768K
  class space    used 875K, capacity 957K, committed 1024K, reserved 1048576K
}

Deoptimization events (10 events):
Event: 1.313 Thread 0x000000000307d800 Uncommon trap: reason=unloaded action=reinterpret pc=0x0000000003883efc method=java.util.zip.ZipEntry.setExtra0([BZ)V @ 37
Event: 1.379 Thread 0x000000000307d800 Uncommon trap: reason=unstable_if action=reinterpret pc=0x0000000003805eb8 method=java.lang.String.<init>([CII)V @ 18
Event: 1.604 Thread 0x000000000307d800 Uncommon trap: reason=unstable_if action=reinterpret pc=0x000000000398fb5c method=org.objectweb.asm.Type.getArgumentsAndReturnSizes(Ljava/lang/String;)I @ 130
Event: 1.706 Thread 0x000000000307d800 Uncommon trap: reason=unstable_if action=reinterpret pc=0x0000000003a06db4 method=org.objectweb.asm.tree.MethodNode.getLabelNodes([Ljava/lang/Object;)[Ljava/lang/Object; @ 24
Event: 1.810 Thread 0x000000000307d800 Uncommon trap: reason=null_check action=make_not_entrant pc=0x0000000003a195dc method=com.google.devtools.build.android.desugar.InterfaceDesugaring$InterfaceInvocationRewriter.visitMethodInsn(ILjava/lang/String;Ljava/lang/String;Ljava/lang/String;Z)V @ 10
Event: 1.810 Thread 0x000000000307d800 Uncommon trap: reason=unstable_if action=reinterpret pc=0x00000000039a88e8 method=org.objectweb.asm.MethodWriter.visitVarInsn(II)V @ 148
Event: 1.810 Thread 0x000000000307d800 Uncommon trap: reason=unstable_if action=reinterpret pc=0x0000000003977a10 method=org.objectweb.asm.MethodWriter.visitVarInsn(II)V @ 148
Event: 1.811 Thread 0x000000000307d800 Uncommon trap: reason=unstable_if action=reinterpret pc=0x00000000039fbea4 method=org.objectweb.asm.MethodWriter.visitFieldInsn(ILjava/lang/String;Ljava/lang/String;Ljava/lang/String;)V @ 200
Event: 1.939 Thread 0x000000000307d800 Uncommon trap: reason=null_check action=make_not_entrant pc=0x0000000003a3e0e4 method=com.google.devtools.build.android.desugar.InterfaceDesugaring$InterfaceInvocationRewriter.visitMethodInsn(ILjava/lang/String;Ljava/lang/String;Ljava/lang/String;Z)V @ 10
Event: 3.715 Thread 0x000000000307d800 Uncommon trap: reason=unstable_if action=reinterpret pc=0x0000000003a922fc method=org.objectweb.asm.ClassReader.b(Lorg/objectweb/asm/ClassVisitor;Lorg/objectweb/asm/Context;I)I @ 303

Classes redefined (0 events):
No events

Internal exceptions (10 events):
Event: 2.831 Thread 0x000000000307d800 Exception <a 'sun/nio/fs/WindowsException'> (0x00000000fed297b8) thrown at [D:\src\AOSP-openjdk-cygwin\jdk8u\hotspot\src\share\vm\prims\jni.cpp, line 709]
Event: 2.831 Thread 0x000000000307d800 Exception <a 'sun/nio/fs/WindowsException'> (0x00000000fed29c90) thrown at [D:\src\AOSP-openjdk-cygwin\jdk8u\hotspot\src\share\vm\prims\jni.cpp, line 709]
Event: 3.692 Thread 0x000000000307d800 Exception <a 'sun/nio/fs/WindowsException'> (0x00000000fedfa4c8) thrown at [D:\src\AOSP-openjdk-cygwin\jdk8u\hotspot\src\share\vm\prims\jni.cpp, line 709]
Event: 3.692 Thread 0x000000000307d800 Exception <a 'sun/nio/fs/WindowsException'> (0x00000000fedfa9a0) thrown at [D:\src\AOSP-openjdk-cygwin\jdk8u\hotspot\src\share\vm\prims\jni.cpp, line 709]
Event: 3.703 Thread 0x000000000307d800 Exception <a 'sun/nio/fs/WindowsException'> (0x00000000fedfde60) thrown at [D:\src\AOSP-openjdk-cygwin\jdk8u\hotspot\src\share\vm\prims\jni.cpp, line 709]
Event: 3.704 Thread 0x000000000307d800 Exception <a 'sun/nio/fs/WindowsException'> (0x00000000fedfe338) thrown at [D:\src\AOSP-openjdk-cygwin\jdk8u\hotspot\src\share\vm\prims\jni.cpp, line 709]
Event: 3.710 Thread 0x000000000307d800 Exception <a 'sun/nio/fs/WindowsException'> (0x00000000fee017f0) thrown at [D:\src\AOSP-openjdk-cygwin\jdk8u\hotspot\src\share\vm\prims\jni.cpp, line 709]
Event: 3.710 Thread 0x000000000307d800 Exception <a 'sun/nio/fs/WindowsException'> (0x00000000fee01cc8) thrown at [D:\src\AOSP-openjdk-cygwin\jdk8u\hotspot\src\share\vm\prims\jni.cpp, line 709]
Event: 3.801 Thread 0x000000000307d800 Exception <a 'sun/nio/fs/WindowsException'> (0x00000000ff785d58) thrown at [D:\src\AOSP-openjdk-cygwin\jdk8u\hotspot\src\share\vm\prims\jni.cpp, line 709]
Event: 3.801 Thread 0x000000000307d800 Exception <a 'sun/nio/fs/WindowsException'> (0x00000000ff786230) thrown at [D:\src\AOSP-openjdk-cygwin\jdk8u\hotspot\src\share\vm\prims\jni.cpp, line 709]

Events (10 events):
Event: 3.725 Thread 0x000000000307d800 DEOPT PACKING pc=0x00000000039321d8 sp=0x000000000352e660
Event: 3.725 Thread 0x000000000307d800 DEOPT UNPACKING pc=0x00000000036775bf sp=0x000000000352e610 mode 0
Event: 3.735 Thread 0x000000000307d800 DEOPT PACKING pc=0x00000000039321d8 sp=0x000000000352e660
Event: 3.735 Thread 0x000000000307d800 DEOPT UNPACKING pc=0x00000000036775bf sp=0x000000000352e610 mode 0
Event: 3.764 Thread 0x000000000307d800 DEOPT PACKING pc=0x00000000039321d8 sp=0x000000000352e660
Event: 3.764 Thread 0x000000000307d800 DEOPT UNPACKING pc=0x00000000036775bf sp=0x000000000352e610 mode 0
Event: 3.773 Thread 0x000000000307d800 DEOPT PACKING pc=0x00000000039321d8 sp=0x000000000352e660
Event: 3.773 Thread 0x000000000307d800 DEOPT UNPACKING pc=0x00000000036775bf sp=0x000000000352e610 mode 0
Event: 3.807 Thread 0x000000000307d800 DEOPT PACKING pc=0x00000000039321d8 sp=0x000000000352e660
Event: 3.807 Thread 0x000000000307d800 DEOPT UNPACKING pc=0x00000000036775bf sp=0x000000000352e610 mode 0


Dynamic libraries:
0x00007ff710140000 - 0x00007ff710171000 	C:\Program Files\Android\Android Studio\jre\bin\java.exe
0x00007ffde28f0000 - 0x00007ffde2ad1000 	C:\WINDOWS\SYSTEM32\ntdll.dll
0x00007ffde1a20000 - 0x00007ffde1ad2000 	C:\WINDOWS\System32\KERNEL32.DLL
0x00007ffddf250000 - 0x00007ffddf4c3000 	C:\WINDOWS\System32\KERNELBASE.dll
0x00007ffde1ae0000 - 0x00007ffde1b81000 	C:\WINDOWS\System32\ADVAPI32.dll
0x00007ffde27f0000 - 0x00007ffde288e000 	C:\WINDOWS\System32\msvcrt.dll
0x00007ffddfda0000 - 0x00007ffddfdfb000 	C:\WINDOWS\System32\sechost.dll
0x00007ffde2010000 - 0x00007ffde2134000 	C:\WINDOWS\System32\RPCRT4.dll
0x00007ffde1e80000 - 0x00007ffde2010000 	C:\WINDOWS\System32\USER32.dll
0x00007ffddf230000 - 0x00007ffddf250000 	C:\WINDOWS\System32\win32u.dll
0x00007ffde1e50000 - 0x00007ffde1e78000 	C:\WINDOWS\System32\GDI32.dll
0x00007ffddfbe0000 - 0x00007ffddfd72000 	C:\WINDOWS\System32\gdi32full.dll
0x00007ffddf030000 - 0x00007ffddf0cf000 	C:\WINDOWS\System32\msvcp_win.dll
0x00007ffddf0d0000 - 0x00007ffddf1ca000 	C:\WINDOWS\System32\ucrtbase.dll
0x00007ffdd1c40000 - 0x00007ffdd1ea9000 	C:\WINDOWS\WinSxS\amd64_microsoft.windows.common-controls_6595b64144ccf1df_6.0.17134.112_none_fb3f961b30681c12\COMCTL32.dll
0x00007ffde16f0000 - 0x00007ffde1a13000 	C:\WINDOWS\System32\combase.dll
0x00007ffddecc0000 - 0x00007ffdded3a000 	C:\WINDOWS\System32\bcryptPrimitives.dll
0x00007ffde2890000 - 0x00007ffde28bd000 	C:\WINDOWS\System32\IMM32.DLL
0x0000000054bd0000 - 0x0000000054ca2000 	C:\Program Files\Android\Android Studio\jre\jre\bin\msvcr100.dll
0x0000000054cb0000 - 0x00000000554ee000 	C:\Program Files\Android\Android Studio\jre\jre\bin\server\jvm.dll
0x00007ffde16e0000 - 0x00007ffde16e8000 	C:\WINDOWS\System32\PSAPI.DLL
0x00007ffdda820000 - 0x00007ffdda829000 	C:\WINDOWS\SYSTEM32\WSOCK32.dll
0x00007ffde1c80000 - 0x00007ffde1cec000 	C:\WINDOWS\System32\WS2_32.dll
0x00007ffddcde0000 - 0x00007ffddce03000 	C:\WINDOWS\SYSTEM32\WINMM.dll
0x00007ffddcc90000 - 0x00007ffddccba000 	C:\WINDOWS\SYSTEM32\WINMMBASE.dll
0x00007ffdd57a0000 - 0x00007ffdd57aa000 	C:\WINDOWS\SYSTEM32\VERSION.dll
0x00007ffddedf0000 - 0x00007ffddee39000 	C:\WINDOWS\System32\cfgmgr32.dll
0x00007ffdda810000 - 0x00007ffdda81f000 	C:\Program Files\Android\Android Studio\jre\jre\bin\verify.dll
0x00007ffdd62c0000 - 0x00007ffdd62e9000 	C:\Program Files\Android\Android Studio\jre\jre\bin\java.dll
0x00007ffdd65c0000 - 0x00007ffdd65d6000 	C:\Program Files\Android\Android Studio\jre\jre\bin\zip.dll
0x00007ffde00f0000 - 0x00007ffde1530000 	C:\WINDOWS\System32\SHELL32.dll
0x00007ffde2740000 - 0x00007ffde27e9000 	C:\WINDOWS\System32\shcore.dll
0x00007ffddf4d0000 - 0x00007ffddfbdd000 	C:\WINDOWS\System32\windows.storage.dll
0x00007ffde2290000 - 0x00007ffde22e1000 	C:\WINDOWS\System32\shlwapi.dll
0x00007ffddec20000 - 0x00007ffddec31000 	C:\WINDOWS\System32\kernel.appcore.dll
0x00007ffddec50000 - 0x00007ffddec6f000 	C:\WINDOWS\System32\profapi.dll
0x00007ffddec70000 - 0x00007ffddecbc000 	C:\WINDOWS\System32\powrprof.dll
0x00007ffddec40000 - 0x00007ffddec4a000 	C:\WINDOWS\System32\FLTLIB.DLL
0x00007ffdde630000 - 0x00007ffdde647000 	C:\WINDOWS\SYSTEM32\CRYPTSP.dll
0x00007ffdde060000 - 0x00007ffdde093000 	C:\WINDOWS\system32\rsaenh.dll
0x00007ffdde760000 - 0x00007ffdde785000 	C:\WINDOWS\SYSTEM32\bcrypt.dll
0x00007ffddeb00000 - 0x00007ffddeb28000 	C:\WINDOWS\SYSTEM32\USERENV.dll
0x00007ffdde650000 - 0x00007ffdde65b000 	C:\WINDOWS\SYSTEM32\CRYPTBASE.dll
0x00007ffdd62a0000 - 0x00007ffdd62ba000 	C:\Program Files\Android\Android Studio\jre\jre\bin\net.dll
0x00007ffdde480000 - 0x00007ffdde4e6000 	C:\WINDOWS\system32\mswsock.dll
0x00007ffdde200000 - 0x00007ffdde238000 	C:\WINDOWS\SYSTEM32\IPHLPAPI.DLL
0x00007ffde1bf0000 - 0x00007ffde1bf8000 	C:\WINDOWS\System32\NSI.dll
0x00007ffdd7790000 - 0x00007ffdd77a6000 	C:\WINDOWS\SYSTEM32\dhcpcsvc6.DLL
0x00007ffdd6720000 - 0x00007ffdd673a000 	C:\WINDOWS\SYSTEM32\dhcpcsvc.DLL
0x00007ffdd2050000 - 0x00007ffdd2061000 	C:\Program Files\Android\Android Studio\jre\jre\bin\nio.dll

VM Arguments:
jvm_args: -Djava.awt.headless=true -Xmx64M -Dfile.encoding=x-windows-949 -Duser.country=KR -Duser.language=ko -Duser.variant 
java_command: com.google.devtools.build.android.desugar.Desugar @D:\test\app\build\intermediates\tmp\desugar_args4642234220825229976
java_class_path (initial): C:\Users\Goo\AppData\Local\Temp\desugar_deploy.jar1444706754105442468
Launcher Type: SUN_STANDARD

Environment Variables:
PATH=C:\ProgramData\Oracle\Java\javapath;C:\WINDOWS\system32;C:\WINDOWS;C:\WINDOWS\System32\Wbem;C:\WINDOWS\System32\WindowsPowerShell\v1.0\;C:\OpenSSL;;C:\WINDOWS\System32\OpenSSH\;C:\Users\Goo\AppData\Local\Microsoft\WindowsApps;
USERNAME=Goo
OS=Windows_NT
PROCESSOR_IDENTIFIER=Intel64 Family 6 Model 158 Stepping 9, GenuineIntel



---------------  S Y S T E M  ---------------

OS: Windows 10.0 , 64 bit Build 17134 (10.0.17134.1)

CPU:total 8 (initial active 8) (4 cores per cpu, 2 threads per core) family 6 model 158 stepping 9, cmov, cx8, fxsr, mmx, sse, sse2, sse3, ssse3, sse4.1, sse4.2, popcnt, avx, avx2, aes, clmul, erms, 3dnowpref, lzcnt, ht, tsc, tscinvbit, bmi1, bmi2, adx

Memory: 4k page, physical 16692940k(3259508k free), swap 16692940k(3664k free)

vm_info: OpenJDK 64-Bit Server VM (25.152-b01) for windows-amd64 JRE (1.8.0_152-release-915-b01), built by "builder" with MS VC++ 10.0 (VS2010)

time: Fri Jun 22 19:12:41 2018
elapsed time: 3 seconds (0d 0h 0m 3s)

