#
# There is insufficient memory for the Java Runtime Environment to continue.
# Native memory allocation (malloc) failed to allocate 32744 bytes for ChunkPool::allocate
# Possible reasons:
#   The system is out of physical RAM or swap space
#   In 32 bit mode, the process size limit was hit
# Possible solutions:
#   Reduce memory load on the system
#   Increase physical memory or swap space
#   Check if swap backing store is full
#   Use 64 bit Java on a 64 bit OS
#   Decrease Java heap size (-Xmx/-Xms)
#   Decrease number of Java threads
#   Decrease Java thread stack sizes (-Xss)
#   Set larger code cache with -XX:ReservedCodeCacheSize=
# This output file may be truncated or incomplete.
#
#  Out of Memory Error (allocation.cpp:273), pid=9476, tid=0x0000000000002598
#
# JRE version: OpenJDK Runtime Environment (8.0_152-b01) (build 1.8.0_152-release-915-b01)
# Java VM: OpenJDK 64-Bit Server VM (25.152-b01 mixed mode windows-amd64 compressed oops)
# Failed to write core dump. Minidumps are not enabled by default on client versions of Windows
#

---------------  T H R E A D  ---------------

Current thread (0x00000000150ea000):  JavaThread "C2 CompilerThread0" daemon [_thread_in_native, id=9624, stack(0x0000000015800000,0x0000000015900000)]

Stack: [0x0000000015800000,0x0000000015900000]
[error occurred during error reporting (printing stack bounds), id 0xc0000005]

Native frames: (J=compiled Java code, j=interpreted, Vv=VM code, C=native code)


Current CompileTask:
C2:   3794  934       4       org.objectweb.asm.ClassReader::a (3587 bytes)


---------------  P R O C E S S  ---------------

Java Threads: ( => current thread )
  0x0000000015146800 JavaThread "Service Thread" daemon [_thread_blocked, id=13092, stack(0x0000000015c00000,0x0000000015d00000)]
  0x0000000015143000 JavaThread "C1 CompilerThread3" daemon [_thread_blocked, id=12972, stack(0x0000000015b00000,0x0000000015c00000)]
  0x0000000015140800 JavaThread "C2 CompilerThread2" daemon [_thread_blocked, id=6724, stack(0x0000000015a00000,0x0000000015b00000)]
  0x00000000150ec800 JavaThread "C2 CompilerThread1" daemon [_thread_blocked, id=8272, stack(0x0000000015900000,0x0000000015a00000)]
=>0x00000000150ea000 JavaThread "C2 CompilerThread0" daemon [_thread_in_native, id=9624, stack(0x0000000015800000,0x0000000015900000)]
  0x00000000150e8800 JavaThread "Attach Listener" daemon [_thread_blocked, id=11772, stack(0x0000000015700000,0x0000000015800000)]
  0x0000000015096000 JavaThread "Signal Dispatcher" daemon [_thread_blocked, id=4044, stack(0x0000000015600000,0x0000000015700000)]
  0x000000000297e000 JavaThread "Finalizer" daemon [_thread_blocked, id=6244, stack(0x0000000015460000,0x0000000015560000)]
  0x0000000002977000 JavaThread "Reference Handler" daemon [_thread_blocked, id=1168, stack(0x0000000014f60000,0x0000000015060000)]
  0x000000000252d800 JavaThread "main" [_thread_in_native, id=11472, stack(0x00000000023f0000,0x00000000024f0000)]

Other Threads:
  0x0000000013175000 VMThread [stack: 0x0000000014e60000,0x0000000014f60000] [id=4892]
  0x0000000015147800 WatcherThread [stack: 0x0000000015d00000,0x0000000015e00000] [id=6188]

VM state:not at safepoint (normal execution)

VM Mutex/Monitor currently owned by a thread: None

Heap:
 PSYoungGen      total 18944K, used 8558K [0x00000000feb00000, 0x0000000100000000, 0x0000000100000000)
  eden space 16384K, 36% used [0x00000000feb00000,0x00000000ff0e0420,0x00000000ffb00000)
  from space 2560K, 99% used [0x00000000ffd80000,0x00000000ffffb420,0x0000000100000000)
  to   space 2560K, 0% used [0x00000000ffb00000,0x00000000ffb00000,0x00000000ffd80000)
 ParOldGen       total 44032K, used 5980K [0x00000000fc000000, 0x00000000feb00000, 0x00000000feb00000)
  object space 44032K, 13% used [0x00000000fc000000,0x00000000fc5d71d8,0x00000000feb00000)
 Metaspace       used 7636K, capacity 7782K, committed 7936K, reserved 1056768K
  class space    used 875K, capacity 957K, committed 1024K, reserved 1048576K

Card table byte_map: [0x00000000024f0000,0x0000000002520000] byte_map_base: 0x0000000001d10000

Marking Bits: (ParMarkBitMap*) 0x000000005d303950
 Begin Bits: [0x0000000012560000, 0x0000000012660000)
 End Bits:   [0x0000000012660000, 0x0000000012760000)

Polling page: 0x0000000000bd0000

CodeCache: size=245760Kb used=3534Kb max_used=3546Kb free=242225Kb
 bounds [0x0000000002980000, 0x0000000002d00000, 0x0000000011980000]
 total_blobs=1279 nmethods=944 adapters=248
 compilation: enabled

Compilation events (10 events):
Event: 3.422 Thread 0x0000000015143000 nmethod 940 0x0000000002cee150 code [0x0000000002cee460, 0x0000000002cefec8]
Event: 3.422 Thread 0x0000000015143000  941       3       com.google.devtools.build.android.desugar.InterfaceDesugaring::visitMethod (301 bytes)
Event: 3.423 Thread 0x00000000150ec800 nmethod 943 0x0000000002cf40d0 code [0x0000000002cf4240, 0x0000000002cf4738]
Event: 3.423 Thread 0x0000000015140800  945  s    4       java.io.BufferedOutputStream::write (35 bytes)
Event: 3.424 Thread 0x0000000015143000 nmethod 941 0x0000000002cf4cd0 code [0x0000000002cf50a0, 0x0000000002cf73a8]
Event: 3.424 Thread 0x0000000015143000  939       3       com.google.devtools.build.android.desugar.InvokeDynamicLambdaMethodCollector$LambdaMethodCollector::<init> (13 bytes)
Event: 3.424 Thread 0x0000000015143000 nmethod 939 0x0000000002cf3bd0 code [0x0000000002cf3d40, 0x0000000002cf3fb0]
Event: 3.424 Thread 0x0000000015143000  937       3       org.objectweb.asm.tree.TypeInsnNode::<init> (11 bytes)
Event: 3.424 Thread 0x0000000015143000 nmethod 937 0x0000000002cf3750 code [0x0000000002cf38c0, 0x0000000002cf3af0]
Event: 3.425 Thread 0x0000000015140800 nmethod 945 0x0000000002cf1c50 code [0x0000000002cf1da0, 0x0000000002cf2108]

GC Heap History (4 events):
Event: 1.033 GC heap before
{Heap before GC invocations=1 (full 0):
 PSYoungGen      total 18944K, used 16384K [0x00000000feb00000, 0x0000000100000000, 0x0000000100000000)
  eden space 16384K, 100% used [0x00000000feb00000,0x00000000ffb00000,0x00000000ffb00000)
  from space 2560K, 0% used [0x00000000ffd80000,0x00000000ffd80000,0x0000000100000000)
  to   space 2560K, 0% used [0x00000000ffb00000,0x00000000ffb00000,0x00000000ffd80000)
 ParOldGen       total 44032K, used 0K [0x00000000fc000000, 0x00000000feb00000, 0x00000000feb00000)
  object space 44032K, 0% used [0x00000000fc000000,0x00000000fc000000,0x00000000feb00000)
 Metaspace       used 6628K, capacity 6804K, committed 7040K, reserved 1056768K
  class space    used 774K, capacity 824K, committed 896K, reserved 1048576K
Event: 1.036 GC heap after
Heap after GC invocations=1 (full 0):
 PSYoungGen      total 18944K, used 2537K [0x00000000feb00000, 0x0000000100000000, 0x0000000100000000)
  eden space 16384K, 0% used [0x00000000feb00000,0x00000000feb00000,0x00000000ffb00000)
  from space 2560K, 99% used [0x00000000ffb00000,0x00000000ffd7a640,0x00000000ffd80000)
  to   space 2560K, 0% used [0x00000000ffd80000,0x00000000ffd80000,0x0000000100000000)
 ParOldGen       total 44032K, used 1591K [0x00000000fc000000, 0x00000000feb00000, 0x00000000feb00000)
  object space 44032K, 3% used [0x00000000fc000000,0x00000000fc18dcf0,0x00000000feb00000)
 Metaspace       used 6628K, capacity 6804K, committed 7040K, reserved 1056768K
  class space    used 774K, capacity 824K, committed 896K, reserved 1048576K
}
Event: 1.524 GC heap before
{Heap before GC invocations=2 (full 0):
 PSYoungGen      total 18944K, used 18921K [0x00000000feb00000, 0x0000000100000000, 0x0000000100000000)
  eden space 16384K, 100% used [0x00000000feb00000,0x00000000ffb00000,0x00000000ffb00000)
  from space 2560K, 99% used [0x00000000ffb00000,0x00000000ffd7a640,0x00000000ffd80000)
  to   space 2560K, 0% used [0x00000000ffd80000,0x00000000ffd80000,0x0000000100000000)
 ParOldGen       total 44032K, used 1591K [0x00000000fc000000, 0x00000000feb00000, 0x00000000feb00000)
  object space 44032K, 3% used [0x00000000fc000000,0x00000000fc18dcf0,0x00000000feb00000)
 Metaspace       used 6949K, capacity 7110K, committed 7296K, reserved 1056768K
  class space    used 814K, capacity 861K, committed 896K, reserved 1048576K
Event: 1.551 GC heap after
Heap after GC invocations=2 (full 0):
 PSYoungGen      total 18944K, used 2541K [0x00000000feb00000, 0x0000000100000000, 0x0000000100000000)
  eden space 16384K, 0% used [0x00000000feb00000,0x00000000feb00000,0x00000000ffb00000)
  from space 2560K, 99% used [0x00000000ffd80000,0x00000000ffffb420,0x0000000100000000)
  to   space 2560K, 0% used [0x00000000ffb00000,0x00000000ffb00000,0x00000000ffd80000)
 ParOldGen       total 44032K, used 5980K [0x00000000fc000000, 0x00000000feb00000, 0x00000000feb00000)
  object space 44032K, 13% used [0x00000000fc000000,0x00000000fc5d71d8,0x00000000feb00000)
 Metaspace       used 6949K, capacity 7110K, committed 7296K, reserved 1056768K
  class space    used 814K, capacity 861K, committed 896K, reserved 1048576K
}

Deoptimization events (10 events):
Event: 0.999 Thread 0x000000000252d800 Uncommon trap: reason=unstable_if action=reinterpret pc=0x0000000002bb7448 method=java.util.zip.ZipFile$ZipEntryIterator.hasNext()Z @ 25
Event: 0.999 Thread 0x000000000252d800 Uncommon trap: reason=unstable_if action=reinterpret pc=0x0000000002bc5240 method=java.util.zip.ZipCoder.decoder()Ljava/nio/charset/CharsetDecoder; @ 4
Event: 1.001 Thread 0x000000000252d800 Uncommon trap: reason=unstable_if action=reinterpret pc=0x0000000002bb6d9c method=java.util.zip.ZipFile$ZipEntryIterator.hasNext()Z @ 25
Event: 1.001 Thread 0x000000000252d800 Uncommon trap: reason=unstable_if action=reinterpret pc=0x0000000002bc7bf8 method=java.util.zip.ZipCoder.decoder()Ljava/nio/charset/CharsetDecoder; @ 4
Event: 1.062 Thread 0x000000000252d800 Uncommon trap: reason=unstable_if action=reinterpret pc=0x0000000002bca2ec method=java.util.zip.ZipCoder.decoder()Ljava/nio/charset/CharsetDecoder; @ 4
Event: 1.074 Thread 0x000000000252d800 Uncommon trap: reason=unstable_if action=reinterpret pc=0x0000000002bcfe48 method=java.util.HashMap$HashIterator.nextNode()Ljava/util/HashMap$Node; @ 74
Event: 1.491 Thread 0x000000000252d800 Uncommon trap: reason=unloaded action=reinterpret pc=0x0000000002bc2b7c method=java.util.zip.ZipEntry.setExtra0([BZ)V @ 37
Event: 1.845 Thread 0x000000000252d800 Uncommon trap: reason=unstable_if action=reinterpret pc=0x0000000002c830c8 method=java.lang.String.<init>([CII)V @ 18
Event: 2.133 Thread 0x000000000252d800 Uncommon trap: reason=unstable_if action=reinterpret pc=0x0000000002b2ddb8 method=java.lang.String.<init>([CII)V @ 18
Event: 3.397 Thread 0x000000000252d800 Uncommon trap: reason=unstable_if action=reinterpret pc=0x0000000002cbf8b8 method=org.objectweb.asm.Item.a(Lorg/objectweb/asm/Item;)Z @ 251

Classes redefined (0 events):
No events

Internal exceptions (10 events):
Event: 1.617 Thread 0x000000000252d800 Exception <a 'sun/nio/fs/WindowsException'> (0x00000000febd1ce8) thrown at [D:\src\AOSP-openjdk-cygwin\jdk8u\hotspot\src\share\vm\prims\jni.cpp, line 709]
Event: 1.617 Thread 0x000000000252d800 Exception <a 'sun/nio/fs/WindowsException'> (0x00000000febd21c0) thrown at [D:\src\AOSP-openjdk-cygwin\jdk8u\hotspot\src\share\vm\prims\jni.cpp, line 709]
Event: 1.868 Thread 0x000000000252d800 Exception <a 'sun/nio/fs/WindowsException'> (0x00000000fedf0db8) thrown at [D:\src\AOSP-openjdk-cygwin\jdk8u\hotspot\src\share\vm\prims\jni.cpp, line 709]
Event: 1.868 Thread 0x000000000252d800 Exception <a 'sun/nio/fs/WindowsException'> (0x00000000fedf1290) thrown at [D:\src\AOSP-openjdk-cygwin\jdk8u\hotspot\src\share\vm\prims\jni.cpp, line 709]
Event: 1.977 Thread 0x000000000252d800 Exception <a 'sun/nio/fs/WindowsException'> (0x00000000fedf4730) thrown at [D:\src\AOSP-openjdk-cygwin\jdk8u\hotspot\src\share\vm\prims\jni.cpp, line 709]
Event: 1.983 Thread 0x000000000252d800 Exception <a 'sun/nio/fs/WindowsException'> (0x00000000fedf4c08) thrown at [D:\src\AOSP-openjdk-cygwin\jdk8u\hotspot\src\share\vm\prims\jni.cpp, line 709]
Event: 2.130 Thread 0x000000000252d800 Exception <a 'sun/nio/fs/WindowsException'> (0x00000000fedf80a8) thrown at [D:\src\AOSP-openjdk-cygwin\jdk8u\hotspot\src\share\vm\prims\jni.cpp, line 709]
Event: 2.130 Thread 0x000000000252d800 Exception <a 'sun/nio/fs/WindowsException'> (0x00000000fedf8580) thrown at [D:\src\AOSP-openjdk-cygwin\jdk8u\hotspot\src\share\vm\prims\jni.cpp, line 709]
Event: 2.799 Thread 0x000000000252d800 Exception <a 'sun/nio/fs/WindowsException'> (0x00000000fee35780) thrown at [D:\src\AOSP-openjdk-cygwin\jdk8u\hotspot\src\share\vm\prims\jni.cpp, line 709]
Event: 2.799 Thread 0x000000000252d800 Exception <a 'sun/nio/fs/WindowsException'> (0x00000000fee35c58) thrown at [D:\src\AOSP-openjdk-cygwin\jdk8u\hotspot\src\share\vm\prims\jni.cpp, line 709]

Events (10 events):
Event: 1.803 loading class org/objectweb/asm/Handler done
Event: 1.845 Thread 0x000000000252d800 Uncommon trap: trap_request=0xffffff65 fr.pc=0x0000000002c830c8
Event: 1.845 Thread 0x000000000252d800 DEOPT PACKING pc=0x0000000002c830c8 sp=0x00000000024eef80
Event: 1.845 Thread 0x000000000252d800 DEOPT UNPACKING pc=0x00000000029c556a sp=0x00000000024eee40 mode 2
Event: 2.133 Thread 0x000000000252d800 Uncommon trap: trap_request=0xffffff65 fr.pc=0x0000000002b2ddb8
Event: 2.133 Thread 0x000000000252d800 DEOPT PACKING pc=0x0000000002b2ddb8 sp=0x00000000024eeeb0
Event: 2.133 Thread 0x000000000252d800 DEOPT UNPACKING pc=0x00000000029c556a sp=0x00000000024eee78 mode 2
Event: 3.397 Thread 0x000000000252d800 Uncommon trap: trap_request=0xffffff65 fr.pc=0x0000000002cbf8b8
Event: 3.397 Thread 0x000000000252d800 DEOPT PACKING pc=0x0000000002cbf8b8 sp=0x00000000024eea10
Event: 3.397 Thread 0x000000000252d800 DEOPT UNPACKING pc=0x00000000029c556a sp=0x00000000024ee9a8 mode 2


Dynamic libraries:
0x00007ff6199f0000 - 0x00007ff619a21000 	C:\Program Files\Android\Android Studio\jre\bin\java.exe
0x00007ff98de30000 - 0x00007ff98e011000 	C:\WINDOWS\SYSTEM32\ntdll.dll
0x00007ff98c160000 - 0x00007ff98c212000 	C:\WINDOWS\System32\KERNEL32.DLL
0x00007ff98a400000 - 0x00007ff98a673000 	C:\WINDOWS\System32\KERNELBASE.dll
0x00007ff98b860000 - 0x00007ff98b901000 	C:\WINDOWS\System32\ADVAPI32.dll
0x00007ff98bd20000 - 0x00007ff98bdbe000 	C:\WINDOWS\System32\msvcrt.dll
0x00007ff98b910000 - 0x00007ff98b96b000 	C:\WINDOWS\System32\sechost.dll
0x00007ff98b3b0000 - 0x00007ff98b4d4000 	C:\WINDOWS\System32\RPCRT4.dll
0x00007ff98b9f0000 - 0x00007ff98bb80000 	C:\WINDOWS\System32\USER32.dll
0x00007ff98b2a0000 - 0x00007ff98b2c0000 	C:\WINDOWS\System32\win32u.dll
0x00007ff98b380000 - 0x00007ff98b3a8000 	C:\WINDOWS\System32\GDI32.dll
0x00007ff98b060000 - 0x00007ff98b1f2000 	C:\WINDOWS\System32\gdi32full.dll
0x00007ff98b200000 - 0x00007ff98b29f000 	C:\WINDOWS\System32\msvcp_win.dll
0x00007ff98a300000 - 0x00007ff98a3fa000 	C:\WINDOWS\System32\ucrtbase.dll
0x00007ff97d610000 - 0x00007ff97d879000 	C:\WINDOWS\WinSxS\amd64_microsoft.windows.common-controls_6595b64144ccf1df_6.0.17134.48_none_b4b2216a3cb4dd3e\COMCTL32.dll
0x00007ff98bdd0000 - 0x00007ff98c0f3000 	C:\WINDOWS\System32\combase.dll
0x00007ff98adf0000 - 0x00007ff98ae6a000 	C:\WINDOWS\System32\bcryptPrimitives.dll
0x00007ff98b5c0000 - 0x00007ff98b5ed000 	C:\WINDOWS\System32\IMM32.DLL
0x000000005ca60000 - 0x000000005cb32000 	C:\Program Files\Android\Android Studio\jre\jre\bin\msvcr100.dll
0x000000005cb40000 - 0x000000005d37e000 	C:\Program Files\Android\Android Studio\jre\jre\bin\server\jvm.dll
0x00007ff98b5b0000 - 0x00007ff98b5b8000 	C:\WINDOWS\System32\PSAPI.DLL
0x00007ff985c60000 - 0x00007ff985c69000 	C:\WINDOWS\SYSTEM32\WSOCK32.dll
0x00007ff98b970000 - 0x00007ff98b9dc000 	C:\WINDOWS\System32\WS2_32.dll
0x00007ff987c20000 - 0x00007ff987c43000 	C:\WINDOWS\SYSTEM32\WINMM.dll
0x00007ff982480000 - 0x00007ff98248a000 	C:\WINDOWS\SYSTEM32\VERSION.dll
0x00007ff987620000 - 0x00007ff98764a000 	C:\WINDOWS\SYSTEM32\WINMMBASE.dll
0x00007ff98a2b0000 - 0x00007ff98a2f9000 	C:\WINDOWS\System32\cfgmgr32.dll
0x00007ff96ba40000 - 0x00007ff96ba4f000 	C:\Program Files\Android\Android Studio\jre\jre\bin\verify.dll
0x00007ff96ba10000 - 0x00007ff96ba39000 	C:\Program Files\Android\Android Studio\jre\jre\bin\java.dll
0x00007ff96b9f0000 - 0x00007ff96ba06000 	C:\Program Files\Android\Android Studio\jre\jre\bin\zip.dll
0x00007ff98c2a0000 - 0x00007ff98d6e0000 	C:\WINDOWS\System32\SHELL32.dll
0x00007ff98b4e0000 - 0x00007ff98b589000 	C:\WINDOWS\System32\shcore.dll
0x00007ff98a680000 - 0x00007ff98ad8d000 	C:\WINDOWS\System32\windows.storage.dll
0x00007ff98b320000 - 0x00007ff98b371000 	C:\WINDOWS\System32\shlwapi.dll
0x00007ff98a170000 - 0x00007ff98a181000 	C:\WINDOWS\System32\kernel.appcore.dll
0x00007ff98a190000 - 0x00007ff98a1af000 	C:\WINDOWS\System32\profapi.dll
0x00007ff98a1b0000 - 0x00007ff98a1fc000 	C:\WINDOWS\System32\powrprof.dll
0x00007ff98a160000 - 0x00007ff98a16a000 	C:\WINDOWS\System32\FLTLIB.DLL
0x00007ff989b70000 - 0x00007ff989b87000 	C:\WINDOWS\SYSTEM32\CRYPTSP.dll
0x00007ff9895a0000 - 0x00007ff9895d3000 	C:\WINDOWS\system32\rsaenh.dll
0x00007ff989ca0000 - 0x00007ff989cc5000 	C:\WINDOWS\SYSTEM32\bcrypt.dll
0x00007ff98a040000 - 0x00007ff98a068000 	C:\WINDOWS\SYSTEM32\USERENV.dll
0x00007ff989b90000 - 0x00007ff989b9b000 	C:\WINDOWS\SYSTEM32\CRYPTBASE.dll
0x00007ff96b9d0000 - 0x00007ff96b9ea000 	C:\Program Files\Android\Android Studio\jre\jre\bin\net.dll
0x00007ff9899c0000 - 0x00007ff989a26000 	C:\WINDOWS\system32\mswsock.dll
0x00007ff989740000 - 0x00007ff989778000 	C:\WINDOWS\SYSTEM32\IPHLPAPI.DLL
0x00007ff98bdc0000 - 0x00007ff98bdc8000 	C:\WINDOWS\System32\NSI.dll
0x00007ff982c80000 - 0x00007ff982c96000 	C:\WINDOWS\SYSTEM32\dhcpcsvc6.DLL
0x00007ff982c60000 - 0x00007ff982c7a000 	C:\WINDOWS\SYSTEM32\dhcpcsvc.DLL
0x00007ff967fc0000 - 0x00007ff967fd1000 	C:\Program Files\Android\Android Studio\jre\jre\bin\nio.dll

VM Arguments:
jvm_args: -Djava.awt.headless=true -Xmx64M -Dfile.encoding=x-windows-949 -Duser.country=KR -Duser.language=ko -Duser.variant 
java_command: com.google.devtools.build.android.desugar.Desugar @D:\test\app\build\intermediates\tmp\desugar_args4724322138952158083
java_class_path (initial): C:\Users\Goo\AppData\Local\Temp\desugar_deploy.jar3189730495422438638
Launcher Type: SUN_STANDARD

Environment Variables:
PATH=C:\ProgramData\Oracle\Java\javapath;C:\WINDOWS\system32;C:\WINDOWS;C:\WINDOWS\System32\Wbem;C:\WINDOWS\System32\WindowsPowerShell\v1.0\;C:\OpenSSL;;C:\WINDOWS\System32\OpenSSH\;C:\Users\Goo\AppData\Local\Microsoft\WindowsApps;
USERNAME=Goo
OS=Windows_NT
PROCESSOR_IDENTIFIER=Intel64 Family 6 Model 158 Stepping 9, GenuineIntel



---------------  S Y S T E M  ---------------

OS: Windows 10.0 , 64 bit Build 17134 (10.0.17134.1)

CPU:total 8 (initial active 8) (4 cores per cpu, 2 threads per core) family 6 model 158 stepping 9, cmov, cx8, fxsr, mmx, sse, sse2, sse3, ssse3, sse4.1, sse4.2, popcnt, avx, avx2, aes, clmul, erms, 3dnowpref, lzcnt, ht, tsc, tscinvbit, bmi1, bmi2, adx

Memory: 4k page, physical 16692940k(4660176k free), swap 16692940k(2068k free)

vm_info: OpenJDK 64-Bit Server VM (25.152-b01) for windows-amd64 JRE (1.8.0_152-release-915-b01), built by "builder" with MS VC++ 10.0 (VS2010)

time: Mon Jun 11 00:55:38 2018
elapsed time: 3 seconds (0d 0h 0m 3s)

