#
# There is insufficient memory for the Java Runtime Environment to continue.
# Native memory allocation (malloc) failed to allocate 32744 bytes for ChunkPool::allocate
# Possible reasons:
#   The system is out of physical RAM or swap space
#   In 32 bit mode, the process size limit was hit
# Possible solutions:
#   Reduce memory load on the system
#   Increase physical memory or swap space
#   Check if swap backing store is full
#   Use 64 bit Java on a 64 bit OS
#   Decrease Java heap size (-Xmx/-Xms)
#   Decrease number of Java threads
#   Decrease Java thread stack sizes (-Xss)
#   Set larger code cache with -XX:ReservedCodeCacheSize=
#
#  Out of Memory Error (allocation.cpp:273)
#
# JRE version: OpenJDK Runtime Environment (8.0_152-b01) (build 1.8.0_152-release-915-b01)
# Java VM: OpenJDK 64-Bit Server VM (25.152-b01 mixed mode windows-amd64 compressed oops)
# Failed to write core dump. Minidumps are not enabled by default on client versions of Windows
#

---------------  T H R E A D  ---------------

Current thread (0x0000000013f7b800):  JavaThread "C2 CompilerThread1" daemon [_thread_in_native, id=3232, stack(0x00000000166d0000,0x00000000167d0000)]

Stack: [0x00000000166d0000,0x00000000167d0000]
[error occurred during error reporting (printing stack bounds), id 0xc0000005]

Native frames: (J=compiled Java code, j=interpreted, Vv=VM code, C=native code)


Current CompileTask:
C2:   2123  932       4       java.util.ArrayList::add (29 bytes)


---------------  P R O C E S S  ---------------

Java Threads: ( => current thread )
  0x0000000015f34000 JavaThread "Service Thread" daemon [_thread_blocked, id=372, stack(0x00000000169d0000,0x0000000016ad0000)]
  0x0000000015ed3000 JavaThread "C1 CompilerThread3" daemon [_thread_blocked, id=10068, stack(0x00000000168d0000,0x00000000169d0000)]
  0x0000000013f7d800 JavaThread "C2 CompilerThread2" daemon [_thread_in_native, id=13124, stack(0x00000000167d0000,0x00000000168d0000)]
=>0x0000000013f7b800 JavaThread "C2 CompilerThread1" daemon [_thread_in_native, id=3232, stack(0x00000000166d0000,0x00000000167d0000)]
  0x0000000015e81800 JavaThread "C2 CompilerThread0" daemon [_thread_in_native, id=13236, stack(0x00000000165d0000,0x00000000166d0000)]
  0x0000000015e80800 JavaThread "Attach Listener" daemon [_thread_blocked, id=11048, stack(0x00000000164d0000,0x00000000165d0000)]
  0x0000000015ed0800 JavaThread "Signal Dispatcher" daemon [_thread_blocked, id=4736, stack(0x00000000163d0000,0x00000000164d0000)]
  0x0000000015e61800 JavaThread "Finalizer" daemon [_thread_blocked, id=14216, stack(0x0000000016240000,0x0000000016340000)]
  0x00000000037b9800 JavaThread "Reference Handler" daemon [_thread_blocked, id=7468, stack(0x0000000015d40000,0x0000000015e40000)]
  0x000000000320d800 JavaThread "main" [_thread_in_native, id=10260, stack(0x00000000035c0000,0x00000000036c0000)]

Other Threads:
  0x0000000013f66000 VMThread [stack: 0x0000000015c40000,0x0000000015d40000] [id=5852]
  0x0000000015f3a800 WatcherThread [stack: 0x0000000016ad0000,0x0000000016bd0000] [id=8612]

VM state:not at safepoint (normal execution)

VM Mutex/Monitor currently owned by a thread: None

Heap:
 PSYoungGen      total 18944K, used 13276K [0x00000000feb00000, 0x0000000100000000, 0x0000000100000000)
  eden space 16384K, 65% used [0x00000000feb00000,0x00000000ff57e568,0x00000000ffb00000)
  from space 2560K, 98% used [0x00000000ffd80000,0x00000000ffff8e20,0x0000000100000000)
  to   space 2560K, 0% used [0x00000000ffb00000,0x00000000ffb00000,0x00000000ffd80000)
 ParOldGen       total 44032K, used 5839K [0x00000000fc000000, 0x00000000feb00000, 0x00000000feb00000)
  object space 44032K, 13% used [0x00000000fc000000,0x00000000fc5b3d18,0x00000000feb00000)
 Metaspace       used 7646K, capacity 7782K, committed 7936K, reserved 1056768K
  class space    used 876K, capacity 957K, committed 1024K, reserved 1048576K

Card table byte_map: [0x00000000031b0000,0x00000000031e0000] byte_map_base: 0x00000000029d0000

Marking Bits: (ParMarkBitMap*) 0x00000000692d3950
 Begin Bits: [0x0000000013380000, 0x0000000013480000)
 End Bits:   [0x0000000013480000, 0x0000000013580000)

Polling page: 0x0000000001a20000

CodeCache: size=245760Kb used=3502Kb max_used=3502Kb free=242257Kb
 bounds [0x00000000037c0000, 0x0000000003b30000, 0x00000000127c0000]
 total_blobs=1269 nmethods=933 adapters=248
 compilation: disabled (not enough contiguous free space left)

Compilation events (10 events):
Event: 2.075 Thread 0x0000000015ed3000  926       3       org.objectweb.asm.ClassWriter::a (77 bytes)
Event: 2.075 Thread 0x0000000013f7b800  928  s    4       java.io.BufferedOutputStream::write (35 bytes)
Event: 2.076 Thread 0x0000000015ed3000 nmethod 926 0x0000000003b24390 code [0x0000000003b24580, 0x0000000003b24b78]
Event: 2.076 Thread 0x0000000015ed3000  927       3       org.objectweb.asm.tree.LabelNode::getLabel (23 bytes)
Event: 2.076 Thread 0x0000000015ed3000 nmethod 927 0x0000000003b21d90 code [0x0000000003b21f00, 0x0000000003b221d0]
Event: 2.076 Thread 0x0000000015ed3000  929       3       org.objectweb.asm.ClassReader::readUTF8 (60 bytes)
Event: 2.076 Thread 0x0000000015ed3000 nmethod 929 0x0000000003b24f90 code [0x0000000003b25140, 0x0000000003b257c8]
Event: 2.076 Thread 0x0000000015ed3000  930       3       org.objectweb.asm.MethodWriter::visitMaxs (1146 bytes)
Event: 2.077 Thread 0x0000000013f7b800 nmethod 928 0x0000000003b28b10 code [0x0000000003b28c60, 0x0000000003b28fc8]
Event: 2.077 Thread 0x0000000013f7b800  932       4       java.util.ArrayList::add (29 bytes)

GC Heap History (4 events):
Event: 1.122 GC heap before
{Heap before GC invocations=1 (full 0):
 PSYoungGen      total 18944K, used 16384K [0x00000000feb00000, 0x0000000100000000, 0x0000000100000000)
  eden space 16384K, 100% used [0x00000000feb00000,0x00000000ffb00000,0x00000000ffb00000)
  from space 2560K, 0% used [0x00000000ffd80000,0x00000000ffd80000,0x0000000100000000)
  to   space 2560K, 0% used [0x00000000ffb00000,0x00000000ffb00000,0x00000000ffd80000)
 ParOldGen       total 44032K, used 0K [0x00000000fc000000, 0x00000000feb00000, 0x00000000feb00000)
  object space 44032K, 0% used [0x00000000fc000000,0x00000000fc000000,0x00000000feb00000)
 Metaspace       used 6628K, capacity 6804K, committed 7040K, reserved 1056768K
  class space    used 774K, capacity 824K, committed 896K, reserved 1048576K
Event: 1.166 GC heap after
Heap after GC invocations=1 (full 0):
 PSYoungGen      total 18944K, used 2537K [0x00000000feb00000, 0x0000000100000000, 0x0000000100000000)
  eden space 16384K, 0% used [0x00000000feb00000,0x00000000feb00000,0x00000000ffb00000)
  from space 2560K, 99% used [0x00000000ffb00000,0x00000000ffd7a620,0x00000000ffd80000)
  to   space 2560K, 0% used [0x00000000ffd80000,0x00000000ffd80000,0x0000000100000000)
 ParOldGen       total 44032K, used 1546K [0x00000000fc000000, 0x00000000feb00000, 0x00000000feb00000)
  object space 44032K, 3% used [0x00000000fc000000,0x00000000fc182820,0x00000000feb00000)
 Metaspace       used 6628K, capacity 6804K, committed 7040K, reserved 1056768K
  class space    used 774K, capacity 824K, committed 896K, reserved 1048576K
}
Event: 1.568 GC heap before
{Heap before GC invocations=2 (full 0):
 PSYoungGen      total 18944K, used 18921K [0x00000000feb00000, 0x0000000100000000, 0x0000000100000000)
  eden space 16384K, 100% used [0x00000000feb00000,0x00000000ffb00000,0x00000000ffb00000)
  from space 2560K, 99% used [0x00000000ffb00000,0x00000000ffd7a620,0x00000000ffd80000)
  to   space 2560K, 0% used [0x00000000ffd80000,0x00000000ffd80000,0x0000000100000000)
 ParOldGen       total 44032K, used 1546K [0x00000000fc000000, 0x00000000feb00000, 0x00000000feb00000)
  object space 44032K, 3% used [0x00000000fc000000,0x00000000fc182820,0x00000000feb00000)
 Metaspace       used 6971K, capacity 7110K, committed 7296K, reserved 1056768K
  class space    used 816K, capacity 861K, committed 896K, reserved 1048576K
Event: 1.588 GC heap after
Heap after GC invocations=2 (full 0):
 PSYoungGen      total 18944K, used 2531K [0x00000000feb00000, 0x0000000100000000, 0x0000000100000000)
  eden space 16384K, 0% used [0x00000000feb00000,0x00000000feb00000,0x00000000ffb00000)
  from space 2560K, 98% used [0x00000000ffd80000,0x00000000ffff8e20,0x0000000100000000)
  to   space 2560K, 0% used [0x00000000ffb00000,0x00000000ffb00000,0x00000000ffd80000)
 ParOldGen       total 44032K, used 5839K [0x00000000fc000000, 0x00000000feb00000, 0x00000000feb00000)
  object space 44032K, 13% used [0x00000000fc000000,0x00000000fc5b3d18,0x00000000feb00000)
 Metaspace       used 6971K, capacity 7110K, committed 7296K, reserved 1056768K
  class space    used 816K, capacity 861K, committed 896K, reserved 1048576K
}

Deoptimization events (10 events):
Event: 1.086 Thread 0x000000000320d800 Uncommon trap: reason=unstable_if action=reinterpret pc=0x0000000003a048c0 method=java.util.zip.ZipCoder.decoder()Ljava/nio/charset/CharsetDecoder; @ 4
Event: 1.086 Thread 0x000000000320d800 Uncommon trap: reason=unstable_if action=reinterpret pc=0x00000000039f4f18 method=java.util.zip.ZipEntry.setExtra0([BZ)V @ 1
Event: 1.087 Thread 0x000000000320d800 Uncommon trap: reason=unstable_if action=reinterpret pc=0x00000000039f5688 method=java.util.zip.ZipFile$ZipEntryIterator.hasNext()Z @ 25
Event: 1.087 Thread 0x000000000320d800 Uncommon trap: reason=unstable_if action=reinterpret pc=0x0000000003a021b8 method=java.util.zip.ZipCoder.decoder()Ljava/nio/charset/CharsetDecoder; @ 4
Event: 1.089 Thread 0x000000000320d800 Uncommon trap: reason=unstable_if action=reinterpret pc=0x00000000039ffdac method=java.util.zip.ZipCoder.decoder()Ljava/nio/charset/CharsetDecoder; @ 4
Event: 1.197 Thread 0x000000000320d800 Uncommon trap: reason=unstable_if action=reinterpret pc=0x0000000003a0736c method=java.util.zip.ZipCoder.decoder()Ljava/nio/charset/CharsetDecoder; @ 4
Event: 1.200 Thread 0x000000000320d800 Uncommon trap: reason=unstable_if action=reinterpret pc=0x00000000039f9cd8 method=java.util.zip.ZipCoder.decoder()Ljava/nio/charset/CharsetDecoder; @ 4
Event: 1.200 Thread 0x000000000320d800 Uncommon trap: reason=unstable_if action=reinterpret pc=0x00000000039f3dc0 method=java.util.zip.ZipCoder.decoder()Ljava/nio/charset/CharsetDecoder; @ 4
Event: 1.504 Thread 0x000000000320d800 Uncommon trap: reason=unloaded action=reinterpret pc=0x00000000039fabfc method=java.util.zip.ZipEntry.setExtra0([BZ)V @ 37
Event: 2.076 Thread 0x000000000320d800 Uncommon trap: reason=unstable_if action=reinterpret pc=0x0000000003ad3888 method=org.objectweb.asm.ClassReader.readUTF8(I[C)Ljava/lang/String; @ 7

Classes redefined (0 events):
No events

Internal exceptions (10 events):
Event: 1.304 Thread 0x000000000320d800 Exception <a 'sun/nio/fs/WindowsException'> (0x00000000ff232ab8) thrown at [D:\src\AOSP-openjdk-cygwin\jdk8u\hotspot\src\share\vm\prims\jni.cpp, line 709]
Event: 1.304 Thread 0x000000000320d800 Exception <a 'sun/nio/fs/WindowsException'> (0x00000000ff233058) thrown at [D:\src\AOSP-openjdk-cygwin\jdk8u\hotspot\src\share\vm\prims\jni.cpp, line 709]
Event: 1.304 Thread 0x000000000320d800 Exception <a 'sun/nio/fs/WindowsException'> (0x00000000ff233808) thrown at [D:\src\AOSP-openjdk-cygwin\jdk8u\hotspot\src\share\vm\prims\jni.cpp, line 709]
Event: 1.311 Thread 0x000000000320d800 Exception <a 'sun/nio/fs/WindowsException'> (0x00000000ff238b48) thrown at [D:\src\AOSP-openjdk-cygwin\jdk8u\hotspot\src\share\vm\prims\jni.cpp, line 709]
Event: 1.598 Thread 0x000000000320d800 Exception <a 'sun/nio/fs/WindowsException'> (0x00000000febfbca8) thrown at [D:\src\AOSP-openjdk-cygwin\jdk8u\hotspot\src\share\vm\prims\jni.cpp, line 709]
Event: 1.598 Thread 0x000000000320d800 Exception <a 'sun/nio/fs/WindowsException'> (0x00000000febfc200) thrown at [D:\src\AOSP-openjdk-cygwin\jdk8u\hotspot\src\share\vm\prims\jni.cpp, line 709]
Event: 1.619 Thread 0x000000000320d800 Exception <a 'sun/nio/fs/WindowsException'> (0x00000000fec07a08) thrown at [D:\src\AOSP-openjdk-cygwin\jdk8u\hotspot\src\share\vm\prims\jni.cpp, line 709]
Event: 1.619 Thread 0x000000000320d800 Exception <a 'sun/nio/fs/WindowsException'> (0x00000000fec07ee0) thrown at [D:\src\AOSP-openjdk-cygwin\jdk8u\hotspot\src\share\vm\prims\jni.cpp, line 709]
Event: 1.637 Thread 0x000000000320d800 Exception <a 'sun/nio/fs/WindowsException'> (0x00000000fec0b398) thrown at [D:\src\AOSP-openjdk-cygwin\jdk8u\hotspot\src\share\vm\prims\jni.cpp, line 709]
Event: 1.637 Thread 0x000000000320d800 Exception <a 'sun/nio/fs/WindowsException'> (0x00000000fec0b870) thrown at [D:\src\AOSP-openjdk-cygwin\jdk8u\hotspot\src\share\vm\prims\jni.cpp, line 709]

Events (10 events):
Event: 1.827 loading class org/objectweb/asm/Edge done
Event: 1.840 loading class org/objectweb/asm/Opcodes
Event: 1.840 loading class org/objectweb/asm/Opcodes done
Event: 1.892 loading class org/objectweb/asm/tree/TryCatchBlockNode
Event: 1.892 loading class org/objectweb/asm/tree/TryCatchBlockNode done
Event: 1.893 loading class org/objectweb/asm/Handler
Event: 1.893 loading class org/objectweb/asm/Handler done
Event: 2.076 Thread 0x000000000320d800 Uncommon trap: trap_request=0xffffff65 fr.pc=0x0000000003ad3888
Event: 2.076 Thread 0x000000000320d800 DEOPT PACKING pc=0x0000000003ad3888 sp=0x00000000036be960
Event: 2.076 Thread 0x000000000320d800 DEOPT UNPACKING pc=0x000000000380556a sp=0x00000000036be950 mode 2


Dynamic libraries:
0x00007ff63d890000 - 0x00007ff63d8c1000 	C:\Program Files\Android\Android Studio\jre\bin\java.exe
0x00007ffcdd5d0000 - 0x00007ffcdd7b1000 	C:\WINDOWS\SYSTEM32\ntdll.dll
0x00007ffcdb0a0000 - 0x00007ffcdb152000 	C:\WINDOWS\System32\KERNEL32.DLL
0x00007ffcda640000 - 0x00007ffcda8b3000 	C:\WINDOWS\System32\KERNELBASE.dll
0x00007ffcdd4e0000 - 0x00007ffcdd581000 	C:\WINDOWS\System32\ADVAPI32.dll
0x00007ffcdd270000 - 0x00007ffcdd30e000 	C:\WINDOWS\System32\msvcrt.dll
0x00007ffcdab50000 - 0x00007ffcdabab000 	C:\WINDOWS\System32\sechost.dll
0x00007ffcdd140000 - 0x00007ffcdd264000 	C:\WINDOWS\System32\RPCRT4.dll
0x00007ffcdcfb0000 - 0x00007ffcdd140000 	C:\WINDOWS\System32\USER32.dll
0x00007ffcdaa40000 - 0x00007ffcdaa60000 	C:\WINDOWS\System32\win32u.dll
0x00007ffcdcce0000 - 0x00007ffcdcd08000 	C:\WINDOWS\System32\GDI32.dll
0x00007ffcda4a0000 - 0x00007ffcda632000 	C:\WINDOWS\System32\gdi32full.dll
0x00007ffcd9c40000 - 0x00007ffcd9cdf000 	C:\WINDOWS\System32\msvcp_win.dll
0x00007ffcda940000 - 0x00007ffcdaa3a000 	C:\WINDOWS\System32\ucrtbase.dll
0x00007ffccc940000 - 0x00007ffcccba9000 	C:\WINDOWS\WinSxS\amd64_microsoft.windows.common-controls_6595b64144ccf1df_6.0.17134.48_none_b4b2216a3cb4dd3e\COMCTL32.dll
0x00007ffcdabb0000 - 0x00007ffcdaed3000 	C:\WINDOWS\System32\combase.dll
0x00007ffcda8c0000 - 0x00007ffcda93a000 	C:\WINDOWS\System32\bcryptPrimitives.dll
0x00007ffcdaa60000 - 0x00007ffcdaa8d000 	C:\WINDOWS\System32\IMM32.DLL
0x0000000068a30000 - 0x0000000068b02000 	C:\Program Files\Android\Android Studio\jre\jre\bin\msvcr100.dll
0x0000000068b10000 - 0x000000006934e000 	C:\Program Files\Android\Android Studio\jre\jre\bin\server\jvm.dll
0x00007ffcdab40000 - 0x00007ffcdab48000 	C:\WINDOWS\System32\PSAPI.DLL
0x00007ffcd7b10000 - 0x00007ffcd7b19000 	C:\WINDOWS\SYSTEM32\WSOCK32.dll
0x00007ffcdc7a0000 - 0x00007ffcdc80c000 	C:\WINDOWS\System32\WS2_32.dll
0x00007ffcd7a90000 - 0x00007ffcd7ab3000 	C:\WINDOWS\SYSTEM32\WINMM.dll
0x00007ffcd02d0000 - 0x00007ffcd02da000 	C:\WINDOWS\SYSTEM32\VERSION.dll
0x00007ffcd7970000 - 0x00007ffcd799a000 	C:\WINDOWS\SYSTEM32\WINMMBASE.dll
0x00007ffcd9bf0000 - 0x00007ffcd9c39000 	C:\WINDOWS\System32\cfgmgr32.dll
0x00007ffcd6260000 - 0x00007ffcd626f000 	C:\Program Files\Android\Android Studio\jre\jre\bin\verify.dll
0x00007ffcd56c0000 - 0x00007ffcd56e9000 	C:\Program Files\Android\Android Studio\jre\jre\bin\java.dll
0x00007ffcd56a0000 - 0x00007ffcd56b6000 	C:\Program Files\Android\Android Studio\jre\jre\bin\zip.dll
0x00007ffcdb160000 - 0x00007ffcdc5a0000 	C:\WINDOWS\System32\SHELL32.dll
0x00007ffcdaa90000 - 0x00007ffcdab39000 	C:\WINDOWS\System32\shcore.dll
0x00007ffcd9d90000 - 0x00007ffcda49d000 	C:\WINDOWS\System32\windows.storage.dll
0x00007ffcdd310000 - 0x00007ffcdd361000 	C:\WINDOWS\System32\shlwapi.dll
0x00007ffcd9980000 - 0x00007ffcd9991000 	C:\WINDOWS\System32\kernel.appcore.dll
0x00007ffcd9900000 - 0x00007ffcd991f000 	C:\WINDOWS\System32\profapi.dll
0x00007ffcd9920000 - 0x00007ffcd996c000 	C:\WINDOWS\System32\powrprof.dll
0x00007ffcd9970000 - 0x00007ffcd997a000 	C:\WINDOWS\System32\FLTLIB.DLL
0x00007ffcd9310000 - 0x00007ffcd9327000 	C:\WINDOWS\SYSTEM32\CRYPTSP.dll
0x00007ffcd8d40000 - 0x00007ffcd8d73000 	C:\WINDOWS\system32\rsaenh.dll
0x00007ffcd9440000 - 0x00007ffcd9465000 	C:\WINDOWS\SYSTEM32\bcrypt.dll
0x00007ffcd97e0000 - 0x00007ffcd9808000 	C:\WINDOWS\SYSTEM32\USERENV.dll
0x00007ffcd9330000 - 0x00007ffcd933b000 	C:\WINDOWS\SYSTEM32\CRYPTBASE.dll
0x00007ffcd1220000 - 0x00007ffcd123a000 	C:\Program Files\Android\Android Studio\jre\jre\bin\net.dll
0x00007ffcd9160000 - 0x00007ffcd91c6000 	C:\WINDOWS\system32\mswsock.dll
0x00007ffcd8ee0000 - 0x00007ffcd8f18000 	C:\WINDOWS\SYSTEM32\IPHLPAPI.DLL
0x00007ffcdd590000 - 0x00007ffcdd598000 	C:\WINDOWS\System32\NSI.dll
0x00007ffcd1420000 - 0x00007ffcd1436000 	C:\WINDOWS\SYSTEM32\dhcpcsvc6.DLL
0x00007ffcd1400000 - 0x00007ffcd141a000 	C:\WINDOWS\SYSTEM32\dhcpcsvc.DLL
0x00007ffccb640000 - 0x00007ffccb651000 	C:\Program Files\Android\Android Studio\jre\jre\bin\nio.dll

VM Arguments:
jvm_args: -Djava.awt.headless=true -Xmx64M -Dfile.encoding=x-windows-949 -Duser.country=KR -Duser.language=ko -Duser.variant 
java_command: com.google.devtools.build.android.desugar.Desugar @D:\test\app\build\intermediates\tmp\desugar_args8549943064867258014
java_class_path (initial): C:\Users\Goo\AppData\Local\Temp\desugar_deploy.jar5864179919422000311
Launcher Type: SUN_STANDARD

Environment Variables:
PATH=C:\ProgramData\Oracle\Java\javapath;C:\WINDOWS\system32;C:\WINDOWS;C:\WINDOWS\System32\Wbem;C:\WINDOWS\System32\WindowsPowerShell\v1.0\;C:\OpenSSL;;C:\WINDOWS\System32\OpenSSH\;C:\Users\Goo\AppData\Local\Microsoft\WindowsApps;
USERNAME=Goo
OS=Windows_NT
PROCESSOR_IDENTIFIER=Intel64 Family 6 Model 158 Stepping 9, GenuineIntel



---------------  S Y S T E M  ---------------

OS: Windows 10.0 , 64 bit Build 17134 (10.0.17134.1)

CPU:total 8 (initial active 8) (4 cores per cpu, 2 threads per core) family 6 model 158 stepping 9, cmov, cx8, fxsr, mmx, sse, sse2, sse3, ssse3, sse4.1, sse4.2, popcnt, avx, avx2, aes, clmul, erms, 3dnowpref, lzcnt, ht, tsc, tscinvbit, bmi1, bmi2, adx

Memory: 4k page, physical 16692940k(2062008k free), swap 16692940k(36k free)

vm_info: OpenJDK 64-Bit Server VM (25.152-b01) for windows-amd64 JRE (1.8.0_152-release-915-b01), built by "builder" with MS VC++ 10.0 (VS2010)

time: Tue Jun 12 21:34:27 2018
elapsed time: 2 seconds (0d 0h 0m 2s)

