#
# There is insufficient memory for the Java Runtime Environment to continue.
# Native memory allocation (malloc) failed to allocate 680976 bytes for Chunk::new
# Possible reasons:
#   The system is out of physical RAM or swap space
#   In 32 bit mode, the process size limit was hit
# Possible solutions:
#   Reduce memory load on the system
#   Increase physical memory or swap space
#   Check if swap backing store is full
#   Use 64 bit Java on a 64 bit OS
#   Decrease Java heap size (-Xmx/-Xms)
#   Decrease number of Java threads
#   Decrease Java thread stack sizes (-Xss)
#   Set larger code cache with -XX:ReservedCodeCacheSize=
# This output file may be truncated or incomplete.
#
#  Out of Memory Error (allocation.cpp:390), pid=1816, tid=0x0000000000002e1c
#
# JRE version: OpenJDK Runtime Environment (8.0_152-b01) (build 1.8.0_152-release-915-b01)
# Java VM: OpenJDK 64-Bit Server VM (25.152-b01 mixed mode windows-amd64 compressed oops)
# Failed to write core dump. Minidumps are not enabled by default on client versions of Windows
#

---------------  T H R E A D  ---------------

Current thread (0x0000000013e9b000):  JavaThread "C2 CompilerThread1" daemon [_thread_in_native, id=11804, stack(0x0000000016570000,0x0000000016670000)]

Stack: [0x0000000016570000,0x0000000016670000]
[error occurred during error reporting (printing stack bounds), id 0xc0000005]

Native frames: (J=compiled Java code, j=interpreted, Vv=VM code, C=native code)


Current CompileTask:
C2:   2026  939 %     4       org.objectweb.asm.ClassReader::a @ 74 (3587 bytes)


---------------  P R O C E S S  ---------------

Java Threads: ( => current thread )
  0x0000000015e64800 JavaThread "Service Thread" daemon [_thread_blocked, id=11820, stack(0x0000000016870000,0x0000000016970000)]
  0x0000000015e5f000 JavaThread "C1 CompilerThread3" daemon [_thread_blocked, id=12572, stack(0x0000000016770000,0x0000000016870000)]
  0x0000000015e05800 JavaThread "C2 CompilerThread2" daemon [_thread_blocked, id=9324, stack(0x0000000016670000,0x0000000016770000)]
=>0x0000000013e9b000 JavaThread "C2 CompilerThread1" daemon [_thread_in_native, id=11804, stack(0x0000000016570000,0x0000000016670000)]
  0x0000000015e00800 JavaThread "C2 CompilerThread0" daemon [_thread_blocked, id=10096, stack(0x0000000016470000,0x0000000016570000)]
  0x0000000015dff000 JavaThread "Attach Listener" daemon [_thread_blocked, id=5976, stack(0x0000000016370000,0x0000000016470000)]
  0x0000000015dab800 JavaThread "Signal Dispatcher" daemon [_thread_blocked, id=13752, stack(0x0000000016270000,0x0000000016370000)]
  0x00000000036de000 JavaThread "Finalizer" daemon [_thread_blocked, id=8580, stack(0x0000000016170000,0x0000000016270000)]
  0x00000000036d7000 JavaThread "Reference Handler" daemon [_thread_blocked, id=11644, stack(0x0000000015c70000,0x0000000015d70000)]
  0x00000000035dd800 JavaThread "main" [_thread_in_vm, id=10372, stack(0x00000000033f0000,0x00000000034f0000)]

Other Threads:
  0x0000000013e85800 VMThread [stack: 0x0000000015b70000,0x0000000015c70000] [id=1596]
  0x0000000015e65000 WatcherThread [stack: 0x0000000016970000,0x0000000016a70000] [id=11956]

VM state:not at safepoint (normal execution)

VM Mutex/Monitor currently owned by a thread: None

Heap:
 PSYoungGen      total 18944K, used 11044K [0x00000000feb00000, 0x0000000100000000, 0x0000000100000000)
  eden space 16384K, 51% used [0x00000000feb00000,0x00000000ff34c210,0x00000000ffb00000)
  from space 2560K, 99% used [0x00000000ffd80000,0x00000000ffffce20,0x0000000100000000)
  to   space 2560K, 0% used [0x00000000ffb00000,0x00000000ffb00000,0x00000000ffd80000)
 ParOldGen       total 44032K, used 5822K [0x00000000fc000000, 0x00000000feb00000, 0x00000000feb00000)
  object space 44032K, 13% used [0x00000000fc000000,0x00000000fc5afbb0,0x00000000feb00000)
 Metaspace       used 7648K, capacity 7782K, committed 7936K, reserved 1056768K
  class space    used 875K, capacity 957K, committed 1024K, reserved 1048576K

Card table byte_map: [0x0000000003050000,0x0000000003080000] byte_map_base: 0x0000000002870000

Marking Bits: (ParMarkBitMap*) 0x00000000692d3950
 Begin Bits: [0x00000000132a0000, 0x00000000133a0000)
 End Bits:   [0x00000000133a0000, 0x00000000134a0000)

Polling page: 0x0000000003020000

CodeCache: size=245760Kb used=3671Kb max_used=3671Kb free=242088Kb
 bounds [0x00000000036e0000, 0x0000000003a80000, 0x00000000126e0000]
 total_blobs=1315 nmethods=981 adapters=248
 compilation: enabled

Compilation events (10 events):
Event: 1.883 Thread 0x0000000015e00800 nmethod 956 0x0000000003a6ccd0 code [0x0000000003a6ce60, 0x0000000003a6d5f8]
Event: 1.884 Thread 0x0000000015e5f000 nmethod 978 0x0000000003a6dd50 code [0x0000000003a6e1c0, 0x0000000003a70528]
Event: 1.884 Thread 0x0000000015e5f000  980       3       org.objectweb.asm.MethodWriter::a (1609 bytes)
Event: 1.889 Thread 0x0000000015e5f000 nmethod 980 0x0000000003a718d0 code [0x0000000003a72120, 0x0000000003a75898]
Event: 1.889 Thread 0x0000000015e5f000  979       3       org.objectweb.asm.FieldWriter::a (475 bytes)
Event: 1.890 Thread 0x0000000015e5f000 nmethod 979 0x0000000003a77b10 code [0x0000000003a77ec0, 0x0000000003a792f8]
Event: 1.890 Thread 0x0000000015e5f000  982       3       com.google.devtools.build.android.desugar.DefaultMethodClassFixer::recordIfInstanceMethod (41 bytes)
Event: 1.891 Thread 0x0000000015e5f000 nmethod 982 0x0000000003a67850 code [0x0000000003a67a80, 0x0000000003a68798]
Event: 1.891 Thread 0x0000000015e5f000  981       3       java.util.zip.ZipOutputStream::writeShort (41 bytes)
Event: 1.891 Thread 0x0000000015e5f000 nmethod 981 0x0000000003a6c750 code [0x0000000003a6c8c0, 0x0000000003a6cbd8]

GC Heap History (4 events):
Event: 1.243 GC heap before
{Heap before GC invocations=1 (full 0):
 PSYoungGen      total 18944K, used 16384K [0x00000000feb00000, 0x0000000100000000, 0x0000000100000000)
  eden space 16384K, 100% used [0x00000000feb00000,0x00000000ffb00000,0x00000000ffb00000)
  from space 2560K, 0% used [0x00000000ffd80000,0x00000000ffd80000,0x0000000100000000)
  to   space 2560K, 0% used [0x00000000ffb00000,0x00000000ffb00000,0x00000000ffd80000)
 ParOldGen       total 44032K, used 0K [0x00000000fc000000, 0x00000000feb00000, 0x00000000feb00000)
  object space 44032K, 0% used [0x00000000fc000000,0x00000000fc000000,0x00000000feb00000)
 Metaspace       used 6637K, capacity 6804K, committed 7040K, reserved 1056768K
  class space    used 773K, capacity 824K, committed 896K, reserved 1048576K
Event: 1.257 GC heap after
Heap after GC invocations=1 (full 0):
 PSYoungGen      total 18944K, used 2537K [0x00000000feb00000, 0x0000000100000000, 0x0000000100000000)
  eden space 16384K, 0% used [0x00000000feb00000,0x00000000feb00000,0x00000000ffb00000)
  from space 2560K, 99% used [0x00000000ffb00000,0x00000000ffd7a620,0x00000000ffd80000)
  to   space 2560K, 0% used [0x00000000ffd80000,0x00000000ffd80000,0x0000000100000000)
 ParOldGen       total 44032K, used 1537K [0x00000000fc000000, 0x00000000feb00000, 0x00000000feb00000)
  object space 44032K, 3% used [0x00000000fc000000,0x00000000fc1806c8,0x00000000feb00000)
 Metaspace       used 6637K, capacity 6804K, committed 7040K, reserved 1056768K
  class space    used 773K, capacity 824K, committed 896K, reserved 1048576K
}
Event: 1.634 GC heap before
{Heap before GC invocations=2 (full 0):
 PSYoungGen      total 18944K, used 18921K [0x00000000feb00000, 0x0000000100000000, 0x0000000100000000)
  eden space 16384K, 100% used [0x00000000feb00000,0x00000000ffb00000,0x00000000ffb00000)
  from space 2560K, 99% used [0x00000000ffb00000,0x00000000ffd7a620,0x00000000ffd80000)
  to   space 2560K, 0% used [0x00000000ffd80000,0x00000000ffd80000,0x0000000100000000)
 ParOldGen       total 44032K, used 1537K [0x00000000fc000000, 0x00000000feb00000, 0x00000000feb00000)
  object space 44032K, 3% used [0x00000000fc000000,0x00000000fc1806c8,0x00000000feb00000)
 Metaspace       used 6958K, capacity 7110K, committed 7296K, reserved 1056768K
  class space    used 814K, capacity 861K, committed 896K, reserved 1048576K
Event: 1.649 GC heap after
Heap after GC invocations=2 (full 0):
 PSYoungGen      total 18944K, used 2547K [0x00000000feb00000, 0x0000000100000000, 0x0000000100000000)
  eden space 16384K, 0% used [0x00000000feb00000,0x00000000feb00000,0x00000000ffb00000)
  from space 2560K, 99% used [0x00000000ffd80000,0x00000000ffffce20,0x0000000100000000)
  to   space 2560K, 0% used [0x00000000ffb00000,0x00000000ffb00000,0x00000000ffd80000)
 ParOldGen       total 44032K, used 5822K [0x00000000fc000000, 0x00000000feb00000, 0x00000000feb00000)
  object space 44032K, 13% used [0x00000000fc000000,0x00000000fc5afbb0,0x00000000feb00000)
 Metaspace       used 6958K, capacity 7110K, committed 7296K, reserved 1056768K
  class space    used 814K, capacity 861K, committed 896K, reserved 1048576K
}

Deoptimization events (10 events):
Event: 1.204 Thread 0x00000000035dd800 Uncommon trap: reason=unstable_if action=reinterpret pc=0x000000000392a7b8 method=java.util.zip.ZipCoder.decoder()Ljava/nio/charset/CharsetDecoder; @ 4
Event: 1.205 Thread 0x00000000035dd800 Uncommon trap: reason=unstable_if action=reinterpret pc=0x000000000391a09c method=java.util.zip.ZipFile$ZipEntryIterator.hasNext()Z @ 25
Event: 1.205 Thread 0x00000000035dd800 Uncommon trap: reason=unstable_if action=reinterpret pc=0x000000000392e66c method=java.util.zip.ZipCoder.decoder()Ljava/nio/charset/CharsetDecoder; @ 4
Event: 1.278 Thread 0x00000000035dd800 Uncommon trap: reason=unstable_if action=reinterpret pc=0x0000000003930b6c method=java.util.zip.ZipCoder.decoder()Ljava/nio/charset/CharsetDecoder; @ 4
Event: 1.280 Thread 0x00000000035dd800 Uncommon trap: reason=unstable_if action=reinterpret pc=0x0000000003922198 method=java.util.zip.ZipCoder.decoder()Ljava/nio/charset/CharsetDecoder; @ 4
Event: 1.280 Thread 0x00000000035dd800 Uncommon trap: reason=unstable_if action=reinterpret pc=0x000000000391efc0 method=java.util.zip.ZipCoder.decoder()Ljava/nio/charset/CharsetDecoder; @ 4
Event: 1.289 Thread 0x00000000035dd800 Uncommon trap: reason=unstable_if action=reinterpret pc=0x0000000003937948 method=java.util.HashMap$HashIterator.nextNode()Ljava/util/HashMap$Node; @ 74
Event: 1.407 Thread 0x00000000035dd800 Uncommon trap: reason=unstable_if action=reinterpret pc=0x0000000003937e48 method=java.util.HashMap$HashIterator.nextNode()Ljava/util/HashMap$Node; @ 74
Event: 1.610 Thread 0x00000000035dd800 Uncommon trap: reason=unloaded action=reinterpret pc=0x000000000391b47c method=java.util.zip.ZipEntry.setExtra0([BZ)V @ 37
Event: 1.670 Thread 0x00000000035dd800 Uncommon trap: reason=unstable_if action=reinterpret pc=0x000000000387f078 method=java.lang.String.<init>([CII)V @ 18

Classes redefined (0 events):
No events

Internal exceptions (10 events):
Event: 1.280 Thread 0x00000000035dd800 Implicit null exception at 0x000000000391eb7d to 0x000000000391efb1
Event: 1.401 Thread 0x00000000035dd800 Exception <a 'sun/nio/fs/WindowsException'> (0x00000000ff230838) thrown at [D:\src\AOSP-openjdk-cygwin\jdk8u\hotspot\src\share\vm\prims\jni.cpp, line 709]
Event: 1.401 Thread 0x00000000035dd800 Exception <a 'sun/nio/fs/WindowsException'> (0x00000000ff230df8) thrown at [D:\src\AOSP-openjdk-cygwin\jdk8u\hotspot\src\share\vm\prims\jni.cpp, line 709]
Event: 1.401 Thread 0x00000000035dd800 Exception <a 'sun/nio/fs/WindowsException'> (0x00000000ff2313c0) thrown at [D:\src\AOSP-openjdk-cygwin\jdk8u\hotspot\src\share\vm\prims\jni.cpp, line 709]
Event: 1.402 Thread 0x00000000035dd800 Exception <a 'sun/nio/fs/WindowsException'> (0x00000000ff231b80) thrown at [D:\src\AOSP-openjdk-cygwin\jdk8u\hotspot\src\share\vm\prims\jni.cpp, line 709]
Event: 1.402 Thread 0x00000000035dd800 Exception <a 'sun/nio/fs/WindowsException'> (0x00000000ff232120) thrown at [D:\src\AOSP-openjdk-cygwin\jdk8u\hotspot\src\share\vm\prims\jni.cpp, line 709]
Event: 1.402 Thread 0x00000000035dd800 Exception <a 'sun/nio/fs/WindowsException'> (0x00000000ff2328d0) thrown at [D:\src\AOSP-openjdk-cygwin\jdk8u\hotspot\src\share\vm\prims\jni.cpp, line 709]
Event: 1.419 Thread 0x00000000035dd800 Exception <a 'sun/nio/fs/WindowsException'> (0x00000000ff237c10) thrown at [D:\src\AOSP-openjdk-cygwin\jdk8u\hotspot\src\share\vm\prims\jni.cpp, line 709]
Event: 1.659 Thread 0x00000000035dd800 Exception <a 'sun/nio/fs/WindowsException'> (0x00000000febfe2c8) thrown at [D:\src\AOSP-openjdk-cygwin\jdk8u\hotspot\src\share\vm\prims\jni.cpp, line 709]
Event: 1.659 Thread 0x00000000035dd800 Exception <a 'sun/nio/fs/WindowsException'> (0x00000000febfe820) thrown at [D:\src\AOSP-openjdk-cygwin\jdk8u\hotspot\src\share\vm\prims\jni.cpp, line 709]

Events (10 events):
Event: 1.749 loading class sun/util/calendar/CalendarUtils
Event: 1.749 loading class sun/util/calendar/CalendarUtils done
Event: 1.749 loading class java/util/zip/ZipOutputStream$XEntry
Event: 1.749 loading class java/util/zip/ZipOutputStream$XEntry done
Event: 1.750 loading class org/objectweb/asm/Opcodes
Event: 1.750 loading class org/objectweb/asm/Opcodes done
Event: 1.855 loading class org/objectweb/asm/tree/TryCatchBlockNode
Event: 1.855 loading class org/objectweb/asm/tree/TryCatchBlockNode done
Event: 1.856 loading class org/objectweb/asm/Handler
Event: 1.856 loading class org/objectweb/asm/Handler done


Dynamic libraries:
0x00007ff63d890000 - 0x00007ff63d8c1000 	C:\Program Files\Android\Android Studio\jre\bin\java.exe
0x00007ffcdd5d0000 - 0x00007ffcdd7b1000 	C:\WINDOWS\SYSTEM32\ntdll.dll
0x00007ffcdb0a0000 - 0x00007ffcdb152000 	C:\WINDOWS\System32\KERNEL32.DLL
0x00007ffcda640000 - 0x00007ffcda8b3000 	C:\WINDOWS\System32\KERNELBASE.dll
0x00007ffcdd4e0000 - 0x00007ffcdd581000 	C:\WINDOWS\System32\ADVAPI32.dll
0x00007ffcdd270000 - 0x00007ffcdd30e000 	C:\WINDOWS\System32\msvcrt.dll
0x00007ffcdab50000 - 0x00007ffcdabab000 	C:\WINDOWS\System32\sechost.dll
0x00007ffcdd140000 - 0x00007ffcdd264000 	C:\WINDOWS\System32\RPCRT4.dll
0x00007ffcdcfb0000 - 0x00007ffcdd140000 	C:\WINDOWS\System32\USER32.dll
0x00007ffcdaa40000 - 0x00007ffcdaa60000 	C:\WINDOWS\System32\win32u.dll
0x00007ffcdcce0000 - 0x00007ffcdcd08000 	C:\WINDOWS\System32\GDI32.dll
0x00007ffcda4a0000 - 0x00007ffcda632000 	C:\WINDOWS\System32\gdi32full.dll
0x00007ffcd9c40000 - 0x00007ffcd9cdf000 	C:\WINDOWS\System32\msvcp_win.dll
0x00007ffcda940000 - 0x00007ffcdaa3a000 	C:\WINDOWS\System32\ucrtbase.dll
0x00007ffccc940000 - 0x00007ffcccba9000 	C:\WINDOWS\WinSxS\amd64_microsoft.windows.common-controls_6595b64144ccf1df_6.0.17134.48_none_b4b2216a3cb4dd3e\COMCTL32.dll
0x00007ffcdabb0000 - 0x00007ffcdaed3000 	C:\WINDOWS\System32\combase.dll
0x00007ffcda8c0000 - 0x00007ffcda93a000 	C:\WINDOWS\System32\bcryptPrimitives.dll
0x00007ffcdaa60000 - 0x00007ffcdaa8d000 	C:\WINDOWS\System32\IMM32.DLL
0x0000000068a30000 - 0x0000000068b02000 	C:\Program Files\Android\Android Studio\jre\jre\bin\msvcr100.dll
0x0000000068b10000 - 0x000000006934e000 	C:\Program Files\Android\Android Studio\jre\jre\bin\server\jvm.dll
0x00007ffcdab40000 - 0x00007ffcdab48000 	C:\WINDOWS\System32\PSAPI.DLL
0x00007ffcd7b10000 - 0x00007ffcd7b19000 	C:\WINDOWS\SYSTEM32\WSOCK32.dll
0x00007ffcdc7a0000 - 0x00007ffcdc80c000 	C:\WINDOWS\System32\WS2_32.dll
0x00007ffcd7a90000 - 0x00007ffcd7ab3000 	C:\WINDOWS\SYSTEM32\WINMM.dll
0x00007ffcd7970000 - 0x00007ffcd799a000 	C:\WINDOWS\SYSTEM32\WINMMBASE.dll
0x00007ffcd02d0000 - 0x00007ffcd02da000 	C:\WINDOWS\SYSTEM32\VERSION.dll
0x00007ffcd9bf0000 - 0x00007ffcd9c39000 	C:\WINDOWS\System32\cfgmgr32.dll
0x00007ffcd6260000 - 0x00007ffcd626f000 	C:\Program Files\Android\Android Studio\jre\jre\bin\verify.dll
0x00007ffcd56c0000 - 0x00007ffcd56e9000 	C:\Program Files\Android\Android Studio\jre\jre\bin\java.dll
0x00007ffcd56a0000 - 0x00007ffcd56b6000 	C:\Program Files\Android\Android Studio\jre\jre\bin\zip.dll
0x00007ffcdb160000 - 0x00007ffcdc5a0000 	C:\WINDOWS\System32\SHELL32.dll
0x00007ffcdaa90000 - 0x00007ffcdab39000 	C:\WINDOWS\System32\shcore.dll
0x00007ffcd9d90000 - 0x00007ffcda49d000 	C:\WINDOWS\System32\windows.storage.dll
0x00007ffcdd310000 - 0x00007ffcdd361000 	C:\WINDOWS\System32\shlwapi.dll
0x00007ffcd9980000 - 0x00007ffcd9991000 	C:\WINDOWS\System32\kernel.appcore.dll
0x00007ffcd9900000 - 0x00007ffcd991f000 	C:\WINDOWS\System32\profapi.dll
0x00007ffcd9920000 - 0x00007ffcd996c000 	C:\WINDOWS\System32\powrprof.dll
0x00007ffcd9970000 - 0x00007ffcd997a000 	C:\WINDOWS\System32\FLTLIB.DLL
0x00007ffcd9310000 - 0x00007ffcd9327000 	C:\WINDOWS\SYSTEM32\CRYPTSP.dll
0x00007ffcd8d40000 - 0x00007ffcd8d73000 	C:\WINDOWS\system32\rsaenh.dll
0x00007ffcd9440000 - 0x00007ffcd9465000 	C:\WINDOWS\SYSTEM32\bcrypt.dll
0x00007ffcd97e0000 - 0x00007ffcd9808000 	C:\WINDOWS\SYSTEM32\USERENV.dll
0x00007ffcd9330000 - 0x00007ffcd933b000 	C:\WINDOWS\SYSTEM32\CRYPTBASE.dll
0x00007ffcd1220000 - 0x00007ffcd123a000 	C:\Program Files\Android\Android Studio\jre\jre\bin\net.dll
0x00007ffcd9160000 - 0x00007ffcd91c6000 	C:\WINDOWS\system32\mswsock.dll
0x00007ffcd8ee0000 - 0x00007ffcd8f18000 	C:\WINDOWS\SYSTEM32\IPHLPAPI.DLL
0x00007ffcdd590000 - 0x00007ffcdd598000 	C:\WINDOWS\System32\NSI.dll
0x00007ffcd1420000 - 0x00007ffcd1436000 	C:\WINDOWS\SYSTEM32\dhcpcsvc6.DLL
0x00007ffcd1400000 - 0x00007ffcd141a000 	C:\WINDOWS\SYSTEM32\dhcpcsvc.DLL
0x00007ffccb640000 - 0x00007ffccb651000 	C:\Program Files\Android\Android Studio\jre\jre\bin\nio.dll

VM Arguments:
jvm_args: -Djava.awt.headless=true -Xmx64M -Dfile.encoding=x-windows-949 -Duser.country=KR -Duser.language=ko -Duser.variant 
java_command: com.google.devtools.build.android.desugar.Desugar @D:\test\app\build\intermediates\tmp\desugar_args5526803590567524636
java_class_path (initial): C:\Users\Goo\AppData\Local\Temp\desugar_deploy.jar5864179919422000311
Launcher Type: SUN_STANDARD

Environment Variables:
PATH=C:\ProgramData\Oracle\Java\javapath;C:\WINDOWS\system32;C:\WINDOWS;C:\WINDOWS\System32\Wbem;C:\WINDOWS\System32\WindowsPowerShell\v1.0\;C:\OpenSSL;;C:\WINDOWS\System32\OpenSSH\;C:\Users\Goo\AppData\Local\Microsoft\WindowsApps;
USERNAME=Goo
OS=Windows_NT
PROCESSOR_IDENTIFIER=Intel64 Family 6 Model 158 Stepping 9, GenuineIntel



---------------  S Y S T E M  ---------------

OS: Windows 10.0 , 64 bit Build 17134 (10.0.17134.1)

CPU:total 8 (initial active 8) (4 cores per cpu, 2 threads per core) family 6 model 158 stepping 9, cmov, cx8, fxsr, mmx, sse, sse2, sse3, ssse3, sse4.1, sse4.2, popcnt, avx, avx2, aes, clmul, erms, 3dnowpref, lzcnt, ht, tsc, tscinvbit, bmi1, bmi2, adx

Memory: 4k page, physical 16692940k(2079172k free), swap 16692940k(5036k free)

vm_info: OpenJDK 64-Bit Server VM (25.152-b01) for windows-amd64 JRE (1.8.0_152-release-915-b01), built by "builder" with MS VC++ 10.0 (VS2010)

time: Tue Jun 12 21:34:26 2018
elapsed time: 2 seconds (0d 0h 0m 2s)

