#
# There is insufficient memory for the Java Runtime Environment to continue.
# Native memory allocation (malloc) failed to allocate 266736 bytes for Chunk::new
# Possible reasons:
#   The system is out of physical RAM or swap space
#   In 32 bit mode, the process size limit was hit
# Possible solutions:
#   Reduce memory load on the system
#   Increase physical memory or swap space
#   Check if swap backing store is full
#   Use 64 bit Java on a 64 bit OS
#   Decrease Java heap size (-Xmx/-Xms)
#   Decrease number of Java threads
#   Decrease Java thread stack sizes (-Xss)
#   Set larger code cache with -XX:ReservedCodeCacheSize=
# This output file may be truncated or incomplete.
#
#  Out of Memory Error (allocation.cpp:390), pid=10444, tid=0x0000000000002da4
#
# JRE version: OpenJDK Runtime Environment (8.0_152-b01) (build 1.8.0_152-release-915-b01)
# Java VM: OpenJDK 64-Bit Server VM (25.152-b01 mixed mode windows-amd64 compressed oops)
# Failed to write core dump. Minidumps are not enabled by default on client versions of Windows
#

---------------  T H R E A D  ---------------

Current thread (0x000000001566f000):  JavaThread "C2 CompilerThread0" daemon [_thread_in_native, id=11684, stack(0x0000000015d80000,0x0000000015e80000)]

Stack: [0x0000000015d80000,0x0000000015e80000]
[error occurred during error reporting (printing stack bounds), id 0xc0000005]

Native frames: (J=compiled Java code, j=interpreted, Vv=VM code, C=native code)


Current CompileTask:
C2:   1968  937       4       org.objectweb.asm.ClassReader::a (3587 bytes)


---------------  P R O C E S S  ---------------

Java Threads: ( => current thread )
  0x000000001567c800 JavaThread "Service Thread" daemon [_thread_blocked, id=6648, stack(0x0000000016180000,0x0000000016280000)]
  0x0000000015676000 JavaThread "C1 CompilerThread3" daemon [_thread_blocked, id=6472, stack(0x0000000016080000,0x0000000016180000)]
  0x0000000015673000 JavaThread "C2 CompilerThread2" daemon [_thread_in_native, id=11744, stack(0x0000000015f80000,0x0000000016080000)]
  0x00000000136da800 JavaThread "C2 CompilerThread1" daemon [_thread_in_native, id=11908, stack(0x0000000015e80000,0x0000000015f80000)]
=>0x000000001566f000 JavaThread "C2 CompilerThread0" daemon [_thread_in_native, id=11684, stack(0x0000000015d80000,0x0000000015e80000)]
  0x000000001566d800 JavaThread "Attach Listener" daemon [_thread_blocked, id=12788, stack(0x0000000015c80000,0x0000000015d80000)]
  0x0000000015619800 JavaThread "Signal Dispatcher" daemon [_thread_blocked, id=11572, stack(0x0000000015b80000,0x0000000015c80000)]
  0x0000000015600800 JavaThread "Finalizer" daemon [_thread_blocked, id=9588, stack(0x00000000159e0000,0x0000000015ae0000)]
  0x0000000002ef7000 JavaThread "Reference Handler" daemon [_thread_blocked, id=4792, stack(0x00000000154e0000,0x00000000155e0000)]
  0x0000000002cfd800 JavaThread "main" [_thread_in_native, id=3884, stack(0x0000000002d00000,0x0000000002e00000)]

Other Threads:
  0x00000000136c5800 VMThread [stack: 0x00000000153e0000,0x00000000154e0000] [id=9116]
  0x000000001567d000 WatcherThread [stack: 0x0000000016280000,0x0000000016380000] [id=10276]

VM state:not at safepoint (normal execution)

VM Mutex/Monitor currently owned by a thread: None

Heap:
 PSYoungGen      total 18944K, used 15328K [0x00000000feb00000, 0x0000000100000000, 0x0000000100000000)
  eden space 16384K, 78% used [0x00000000feb00000,0x00000000ff77f4d0,0x00000000ffb00000)
  from space 2560K, 98% used [0x00000000ffd80000,0x00000000ffff8e10,0x0000000100000000)
  to   space 2560K, 0% used [0x00000000ffb00000,0x00000000ffb00000,0x00000000ffd80000)
 ParOldGen       total 44032K, used 5895K [0x00000000fc000000, 0x00000000feb00000, 0x00000000feb00000)
  object space 44032K, 13% used [0x00000000fc000000,0x00000000fc5c1f40,0x00000000feb00000)
 Metaspace       used 7713K, capacity 7906K, committed 8192K, reserved 1056768K
  class space    used 875K, capacity 957K, committed 1024K, reserved 1048576K

Card table byte_map: [0x0000000000fc0000,0x0000000000ff0000] byte_map_base: 0x00000000007e0000

Marking Bits: (ParMarkBitMap*) 0x0000000055473950
 Begin Bits: [0x0000000012ac0000, 0x0000000012bc0000)
 End Bits:   [0x0000000012bc0000, 0x0000000012cc0000)

Polling page: 0x0000000000c20000

CodeCache: size=245760Kb used=3933Kb max_used=3933Kb free=241826Kb
 bounds [0x0000000002f00000, 0x00000000032e0000, 0x0000000011f00000]
 total_blobs=1387 nmethods=1053 adapters=248
 compilation: enabled

Compilation events (10 events):
Event: 1.943 Thread 0x0000000015676000 1022       3       java.util.zip.ZipOutputStream::getExtraLen (96 bytes)
Event: 1.944 Thread 0x0000000015676000 nmethod 1022 0x00000000032b9390 code [0x00000000032b9540, 0x00000000032b9b90]
Event: 1.944 Thread 0x0000000015676000 1023       3       java.util.zip.ZipOutputStream::version (48 bytes)
Event: 1.944 Thread 0x0000000015676000 nmethod 1023 0x00000000032af110 code [0x00000000032af280, 0x00000000032af468]
Event: 1.944 Thread 0x0000000015676000 1024       3       java.util.zip.ZipOutputStream::writeBytes (22 bytes)
Event: 1.944 Thread 0x0000000015676000 nmethod 1024 0x00000000032aec50 code [0x00000000032aedc0, 0x00000000032af008]
Event: 1.944 Thread 0x0000000015676000 1025       3       java.util.zip.ZipOutputStream::writeByte (25 bytes)
Event: 1.944 Thread 0x0000000015676000 nmethod 1025 0x00000000032b9f10 code [0x00000000032ba080, 0x00000000032ba2c8]
Event: 1.944 Thread 0x0000000015676000 1026       3       java.util.zip.ZipUtils::fileTimeToUnixTime (8 bytes)
Event: 1.944 Thread 0x0000000015676000 nmethod 1026 0x00000000032ba390 code [0x00000000032ba500, 0x00000000032ba708]

GC Heap History (4 events):
Event: 0.967 GC heap before
{Heap before GC invocations=1 (full 0):
 PSYoungGen      total 18944K, used 16384K [0x00000000feb00000, 0x0000000100000000, 0x0000000100000000)
  eden space 16384K, 100% used [0x00000000feb00000,0x00000000ffb00000,0x00000000ffb00000)
  from space 2560K, 0% used [0x00000000ffd80000,0x00000000ffd80000,0x0000000100000000)
  to   space 2560K, 0% used [0x00000000ffb00000,0x00000000ffb00000,0x00000000ffd80000)
 ParOldGen       total 44032K, used 0K [0x00000000fc000000, 0x00000000feb00000, 0x00000000feb00000)
  object space 44032K, 0% used [0x00000000fc000000,0x00000000fc000000,0x00000000feb00000)
 Metaspace       used 6608K, capacity 6800K, committed 7040K, reserved 1056768K
  class space    used 774K, capacity 824K, committed 896K, reserved 1048576K
Event: 0.978 GC heap after
Heap after GC invocations=1 (full 0):
 PSYoungGen      total 18944K, used 2537K [0x00000000feb00000, 0x0000000100000000, 0x0000000100000000)
  eden space 16384K, 0% used [0x00000000feb00000,0x00000000feb00000,0x00000000ffb00000)
  from space 2560K, 99% used [0x00000000ffb00000,0x00000000ffd7a620,0x00000000ffd80000)
  to   space 2560K, 0% used [0x00000000ffd80000,0x00000000ffd80000,0x0000000100000000)
 ParOldGen       total 44032K, used 1666K [0x00000000fc000000, 0x00000000feb00000, 0x00000000feb00000)
  object space 44032K, 3% used [0x00000000fc000000,0x00000000fc1a0a58,0x00000000feb00000)
 Metaspace       used 6608K, capacity 6800K, committed 7040K, reserved 1056768K
  class space    used 774K, capacity 824K, committed 896K, reserved 1048576K
}
Event: 1.425 GC heap before
{Heap before GC invocations=2 (full 0):
 PSYoungGen      total 18944K, used 18921K [0x00000000feb00000, 0x0000000100000000, 0x0000000100000000)
  eden space 16384K, 100% used [0x00000000feb00000,0x00000000ffb00000,0x00000000ffb00000)
  from space 2560K, 99% used [0x00000000ffb00000,0x00000000ffd7a620,0x00000000ffd80000)
  to   space 2560K, 0% used [0x00000000ffd80000,0x00000000ffd80000,0x0000000100000000)
 ParOldGen       total 44032K, used 1666K [0x00000000fc000000, 0x00000000feb00000, 0x00000000feb00000)
  object space 44032K, 3% used [0x00000000fc000000,0x00000000fc1a0a58,0x00000000feb00000)
 Metaspace       used 6962K, capacity 7106K, committed 7296K, reserved 1056768K
  class space    used 816K, capacity 861K, committed 896K, reserved 1048576K
Event: 1.431 GC heap after
Heap after GC invocations=2 (full 0):
 PSYoungGen      total 18944K, used 2531K [0x00000000feb00000, 0x0000000100000000, 0x0000000100000000)
  eden space 16384K, 0% used [0x00000000feb00000,0x00000000feb00000,0x00000000ffb00000)
  from space 2560K, 98% used [0x00000000ffd80000,0x00000000ffff8e10,0x0000000100000000)
  to   space 2560K, 0% used [0x00000000ffb00000,0x00000000ffb00000,0x00000000ffd80000)
 ParOldGen       total 44032K, used 5895K [0x00000000fc000000, 0x00000000feb00000, 0x00000000feb00000)
  object space 44032K, 13% used [0x00000000fc000000,0x00000000fc5c1f40,0x00000000feb00000)
 Metaspace       used 6962K, capacity 7106K, committed 7296K, reserved 1056768K
  class space    used 816K, capacity 861K, committed 896K, reserved 1048576K
}

Deoptimization events (10 events):
Event: 0.922 Thread 0x0000000002cfd800 Uncommon trap: reason=unstable_if action=reinterpret pc=0x0000000003129e08 method=java.util.zip.ZipFile$ZipEntryIterator.hasNext()Z @ 25
Event: 0.922 Thread 0x0000000002cfd800 Uncommon trap: reason=unstable_if action=reinterpret pc=0x000000000312bf40 method=java.util.zip.ZipCoder.decoder()Ljava/nio/charset/CharsetDecoder; @ 4
Event: 0.940 Thread 0x0000000002cfd800 Uncommon trap: reason=unstable_if action=reinterpret pc=0x000000000312645c method=java.util.zip.ZipFile$ZipEntryIterator.hasNext()Z @ 25
Event: 0.940 Thread 0x0000000002cfd800 Uncommon trap: reason=unstable_if action=reinterpret pc=0x000000000313ae00 method=java.util.zip.ZipCoder.decoder()Ljava/nio/charset/CharsetDecoder; @ 4
Event: 1.006 Thread 0x0000000002cfd800 Uncommon trap: reason=unstable_if action=reinterpret pc=0x0000000003129514 method=java.util.HashMap$HashIterator.hasNext()Z @ 4
Event: 1.393 Thread 0x0000000002cfd800 Uncommon trap: reason=unloaded action=reinterpret pc=0x000000000312de7c method=java.util.zip.ZipEntry.setExtra0([BZ)V @ 37
Event: 1.568 Thread 0x0000000002cfd800 Uncommon trap: reason=unstable_if action=reinterpret pc=0x00000000030c3bf8 method=java.lang.String.<init>([CII)V @ 18
Event: 1.764 Thread 0x0000000002cfd800 Uncommon trap: reason=unstable_if action=reinterpret pc=0x0000000003231060 method=org.objectweb.asm.ClassReader.readUTF8(I[C)Ljava/lang/String; @ 7
Event: 1.794 Thread 0x0000000002cfd800 Uncommon trap: reason=unstable_if action=reinterpret pc=0x0000000003248254 method=org.objectweb.asm.Type.getArgumentsAndReturnSizes(Ljava/lang/String;)I @ 47
Event: 1.801 Thread 0x0000000002cfd800 Uncommon trap: reason=unstable_if action=reinterpret pc=0x0000000003266f88 method=org.objectweb.asm.MethodWriter.visitVarInsn(II)V @ 130

Classes redefined (0 events):
No events

Internal exceptions (10 events):
Event: 1.138 Thread 0x0000000002cfd800 Exception <a 'sun/nio/fs/WindowsException'> (0x00000000ff1f3170) thrown at [D:\src\AOSP-openjdk-cygwin\jdk8u\hotspot\src\share\vm\prims\jni.cpp, line 709]
Event: 1.138 Thread 0x0000000002cfd800 Exception <a 'sun/nio/fs/WindowsException'> (0x00000000ff1f3710) thrown at [D:\src\AOSP-openjdk-cygwin\jdk8u\hotspot\src\share\vm\prims\jni.cpp, line 709]
Event: 1.138 Thread 0x0000000002cfd800 Exception <a 'sun/nio/fs/WindowsException'> (0x00000000ff1f3ec0) thrown at [D:\src\AOSP-openjdk-cygwin\jdk8u\hotspot\src\share\vm\prims\jni.cpp, line 709]
Event: 1.184 Thread 0x0000000002cfd800 Exception <a 'sun/nio/fs/WindowsException'> (0x00000000ff1f9200) thrown at [D:\src\AOSP-openjdk-cygwin\jdk8u\hotspot\src\share\vm\prims\jni.cpp, line 709]
Event: 1.442 Thread 0x0000000002cfd800 Exception <a 'sun/nio/fs/WindowsException'> (0x00000000fec0d468) thrown at [D:\src\AOSP-openjdk-cygwin\jdk8u\hotspot\src\share\vm\prims\jni.cpp, line 709]
Event: 1.442 Thread 0x0000000002cfd800 Exception <a 'sun/nio/fs/WindowsException'> (0x00000000fec0d9c0) thrown at [D:\src\AOSP-openjdk-cygwin\jdk8u\hotspot\src\share\vm\prims\jni.cpp, line 709]
Event: 1.762 Thread 0x0000000002cfd800 Exception <a 'sun/nio/fs/WindowsException'> (0x00000000ff18a1b0) thrown at [D:\src\AOSP-openjdk-cygwin\jdk8u\hotspot\src\share\vm\prims\jni.cpp, line 709]
Event: 1.762 Thread 0x0000000002cfd800 Exception <a 'sun/nio/fs/WindowsException'> (0x00000000ff18a688) thrown at [D:\src\AOSP-openjdk-cygwin\jdk8u\hotspot\src\share\vm\prims\jni.cpp, line 709]
Event: 1.841 Thread 0x0000000002cfd800 Exception <a 'sun/nio/fs/WindowsException'> (0x00000000ff2a2658) thrown at [D:\src\AOSP-openjdk-cygwin\jdk8u\hotspot\src\share\vm\prims\jni.cpp, line 709]
Event: 1.841 Thread 0x0000000002cfd800 Exception <a 'sun/nio/fs/WindowsException'> (0x00000000ff2a2b30) thrown at [D:\src\AOSP-openjdk-cygwin\jdk8u\hotspot\src\share\vm\prims\jni.cpp, line 709]

Events (10 events):
Event: 1.679 loading class java/util/Vector$Itr done
Event: 1.764 Thread 0x0000000002cfd800 Uncommon trap: trap_request=0xffffff65 fr.pc=0x0000000003231060
Event: 1.764 Thread 0x0000000002cfd800 DEOPT PACKING pc=0x0000000003231060 sp=0x0000000002dfe960
Event: 1.764 Thread 0x0000000002cfd800 DEOPT UNPACKING pc=0x0000000002f4556a sp=0x0000000002dfe930 mode 2
Event: 1.794 Thread 0x0000000002cfd800 Uncommon trap: trap_request=0xffffff65 fr.pc=0x0000000003248254
Event: 1.794 Thread 0x0000000002cfd800 DEOPT PACKING pc=0x0000000003248254 sp=0x0000000002dfe9a0
Event: 1.794 Thread 0x0000000002cfd800 DEOPT UNPACKING pc=0x0000000002f4556a sp=0x0000000002dfe928 mode 2
Event: 1.801 Thread 0x0000000002cfd800 Uncommon trap: trap_request=0xffffff65 fr.pc=0x0000000003266f88
Event: 1.801 Thread 0x0000000002cfd800 DEOPT PACKING pc=0x0000000003266f88 sp=0x0000000002dfeba0
Event: 1.801 Thread 0x0000000002cfd800 DEOPT UNPACKING pc=0x0000000002f4556a sp=0x0000000002dfeae8 mode 2


Dynamic libraries:
0x00007ff743630000 - 0x00007ff743661000 	C:\Program Files\Android\Android Studio\jre\bin\java.exe
0x00007ffde28f0000 - 0x00007ffde2ad1000 	C:\WINDOWS\SYSTEM32\ntdll.dll
0x00007ffde1a20000 - 0x00007ffde1ad2000 	C:\WINDOWS\System32\KERNEL32.DLL
0x00007ffddf250000 - 0x00007ffddf4c3000 	C:\WINDOWS\System32\KERNELBASE.dll
0x00007ffde1ae0000 - 0x00007ffde1b81000 	C:\WINDOWS\System32\ADVAPI32.dll
0x00007ffde27f0000 - 0x00007ffde288e000 	C:\WINDOWS\System32\msvcrt.dll
0x00007ffddfda0000 - 0x00007ffddfdfb000 	C:\WINDOWS\System32\sechost.dll
0x00007ffde2010000 - 0x00007ffde2134000 	C:\WINDOWS\System32\RPCRT4.dll
0x00007ffde1e80000 - 0x00007ffde2010000 	C:\WINDOWS\System32\USER32.dll
0x00007ffddf230000 - 0x00007ffddf250000 	C:\WINDOWS\System32\win32u.dll
0x00007ffde1e50000 - 0x00007ffde1e78000 	C:\WINDOWS\System32\GDI32.dll
0x00007ffddfbe0000 - 0x00007ffddfd72000 	C:\WINDOWS\System32\gdi32full.dll
0x00007ffddf030000 - 0x00007ffddf0cf000 	C:\WINDOWS\System32\msvcp_win.dll
0x00007ffddf0d0000 - 0x00007ffddf1ca000 	C:\WINDOWS\System32\ucrtbase.dll
0x00007ffdd1c40000 - 0x00007ffdd1ea9000 	C:\WINDOWS\WinSxS\amd64_microsoft.windows.common-controls_6595b64144ccf1df_6.0.17134.112_none_fb3f961b30681c12\COMCTL32.dll
0x00007ffde16f0000 - 0x00007ffde1a13000 	C:\WINDOWS\System32\combase.dll
0x00007ffddecc0000 - 0x00007ffdded3a000 	C:\WINDOWS\System32\bcryptPrimitives.dll
0x00007ffde2890000 - 0x00007ffde28bd000 	C:\WINDOWS\System32\IMM32.DLL
0x0000000054bd0000 - 0x0000000054ca2000 	C:\Program Files\Android\Android Studio\jre\jre\bin\msvcr100.dll
0x0000000054cb0000 - 0x00000000554ee000 	C:\Program Files\Android\Android Studio\jre\jre\bin\server\jvm.dll
0x00007ffde16e0000 - 0x00007ffde16e8000 	C:\WINDOWS\System32\PSAPI.DLL
0x00007ffdc87f0000 - 0x00007ffdc87f9000 	C:\WINDOWS\SYSTEM32\WSOCK32.dll
0x00007ffde1c80000 - 0x00007ffde1cec000 	C:\WINDOWS\System32\WS2_32.dll
0x00007ffddcde0000 - 0x00007ffddce03000 	C:\WINDOWS\SYSTEM32\WINMM.dll
0x00007ffdd57a0000 - 0x00007ffdd57aa000 	C:\WINDOWS\SYSTEM32\VERSION.dll
0x00007ffddcc90000 - 0x00007ffddccba000 	C:\WINDOWS\SYSTEM32\winmmbase.dll
0x00007ffddedf0000 - 0x00007ffddee39000 	C:\WINDOWS\System32\cfgmgr32.dll
0x00007ffdc87e0000 - 0x00007ffdc87ef000 	C:\Program Files\Android\Android Studio\jre\jre\bin\verify.dll
0x00007ffdc87b0000 - 0x00007ffdc87d9000 	C:\Program Files\Android\Android Studio\jre\jre\bin\java.dll
0x00007ffdc8790000 - 0x00007ffdc87a6000 	C:\Program Files\Android\Android Studio\jre\jre\bin\zip.dll
0x00007ffde00f0000 - 0x00007ffde1530000 	C:\WINDOWS\System32\SHELL32.dll
0x00007ffde2740000 - 0x00007ffde27e9000 	C:\WINDOWS\System32\shcore.dll
0x00007ffddf4d0000 - 0x00007ffddfbdd000 	C:\WINDOWS\System32\windows.storage.dll
0x00007ffde2290000 - 0x00007ffde22e1000 	C:\WINDOWS\System32\shlwapi.dll
0x00007ffddec20000 - 0x00007ffddec31000 	C:\WINDOWS\System32\kernel.appcore.dll
0x00007ffddec50000 - 0x00007ffddec6f000 	C:\WINDOWS\System32\profapi.dll
0x00007ffddec70000 - 0x00007ffddecbc000 	C:\WINDOWS\System32\powrprof.dll
0x00007ffddec40000 - 0x00007ffddec4a000 	C:\WINDOWS\System32\FLTLIB.DLL
0x00007ffdde630000 - 0x00007ffdde647000 	C:\WINDOWS\SYSTEM32\CRYPTSP.dll
0x00007ffdde060000 - 0x00007ffdde093000 	C:\WINDOWS\system32\rsaenh.dll
0x00007ffdde760000 - 0x00007ffdde785000 	C:\WINDOWS\SYSTEM32\bcrypt.dll
0x00007ffddeb00000 - 0x00007ffddeb28000 	C:\WINDOWS\SYSTEM32\USERENV.dll
0x00007ffdde650000 - 0x00007ffdde65b000 	C:\WINDOWS\SYSTEM32\CRYPTBASE.dll
0x00007ffdc8670000 - 0x00007ffdc868a000 	C:\Program Files\Android\Android Studio\jre\jre\bin\net.dll
0x00007ffdde480000 - 0x00007ffdde4e6000 	C:\WINDOWS\system32\mswsock.dll
0x00007ffdde200000 - 0x00007ffdde238000 	C:\WINDOWS\SYSTEM32\IPHLPAPI.DLL
0x00007ffde1bf0000 - 0x00007ffde1bf8000 	C:\WINDOWS\System32\NSI.dll
0x00007ffdd7790000 - 0x00007ffdd77a6000 	C:\WINDOWS\SYSTEM32\dhcpcsvc6.DLL
0x00007ffdd6720000 - 0x00007ffdd673a000 	C:\WINDOWS\SYSTEM32\dhcpcsvc.DLL
0x00007ffdc8630000 - 0x00007ffdc8641000 	C:\Program Files\Android\Android Studio\jre\jre\bin\nio.dll

VM Arguments:
jvm_args: -Djava.awt.headless=true -Xmx64M -Dfile.encoding=x-windows-949 -Duser.country=KR -Duser.language=ko -Duser.variant 
java_command: com.google.devtools.build.android.desugar.Desugar @D:\test\app\build\intermediates\tmp\desugar_args4703642027587220840
java_class_path (initial): C:\Users\Goo\AppData\Local\Temp\desugar_deploy.jar6387874304095112173
Launcher Type: SUN_STANDARD

Environment Variables:
PATH=C:\ProgramData\Oracle\Java\javapath;C:\WINDOWS\system32;C:\WINDOWS;C:\WINDOWS\System32\Wbem;C:\WINDOWS\System32\WindowsPowerShell\v1.0\;C:\OpenSSL;;C:\WINDOWS\System32\OpenSSH\;C:\Users\Goo\AppData\Local\Microsoft\WindowsApps;
USERNAME=Goo
OS=Windows_NT
PROCESSOR_IDENTIFIER=Intel64 Family 6 Model 158 Stepping 9, GenuineIntel



---------------  S Y S T E M  ---------------

OS: Windows 10.0 , 64 bit Build 17134 (10.0.17134.1)

CPU:total 8 (initial active 8) (4 cores per cpu, 2 threads per core) family 6 model 158 stepping 9, cmov, cx8, fxsr, mmx, sse, sse2, sse3, ssse3, sse4.1, sse4.2, popcnt, avx, avx2, aes, clmul, erms, 3dnowpref, lzcnt, ht, tsc, tscinvbit, bmi1, bmi2, adx

Memory: 4k page, physical 16692940k(3067932k free), swap 16692940k(1128k free)

vm_info: OpenJDK 64-Bit Server VM (25.152-b01) for windows-amd64 JRE (1.8.0_152-release-915-b01), built by "builder" with MS VC++ 10.0 (VS2010)

time: Fri Jun 22 04:58:56 2018
elapsed time: 1 seconds (0d 0h 0m 1s)

