#
# There is insufficient memory for the Java Runtime Environment to continue.
# Native memory allocation (malloc) failed to allocate 131088 bytes for Chunk::new
# Possible reasons:
#   The system is out of physical RAM or swap space
#   In 32 bit mode, the process size limit was hit
# Possible solutions:
#   Reduce memory load on the system
#   Increase physical memory or swap space
#   Check if swap backing store is full
#   Use 64 bit Java on a 64 bit OS
#   Decrease Java heap size (-Xmx/-Xms)
#   Decrease number of Java threads
#   Decrease Java thread stack sizes (-Xss)
#   Set larger code cache with -XX:ReservedCodeCacheSize=
# This output file may be truncated or incomplete.
#
#  Out of Memory Error (allocation.cpp:390), pid=6348, tid=0x00000000000031ec
#
# JRE version: OpenJDK Runtime Environment (8.0_152-b01) (build 1.8.0_152-release-915-b01)
# Java VM: OpenJDK 64-Bit Server VM (25.152-b01 mixed mode windows-amd64 compressed oops)
# Failed to write core dump. Minidumps are not enabled by default on client versions of Windows
#

---------------  T H R E A D  ---------------

Current thread (0x0000000015cc0000):  JavaThread "C2 CompilerThread0" daemon [_thread_in_native, id=12780, stack(0x00000000163d0000,0x00000000164d0000)]

Stack: [0x00000000163d0000,0x00000000164d0000]
[error occurred during error reporting (printing stack bounds), id 0xc0000005]

Native frames: (J=compiled Java code, j=interpreted, Vv=VM code, C=native code)


Current CompileTask:
C2:   3846 1181       4       org.objectweb.asm.ClassReader::a (3587 bytes)


---------------  P R O C E S S  ---------------

Java Threads: ( => current thread )
  0x0000000015ccd000 JavaThread "Service Thread" daemon [_thread_blocked, id=4704, stack(0x00000000167d0000,0x00000000168d0000)]
  0x0000000015cc6000 JavaThread "C1 CompilerThread3" daemon [_thread_blocked, id=4312, stack(0x00000000166d0000,0x00000000167d0000)]
  0x0000000015cc3000 JavaThread "C2 CompilerThread2" daemon [_thread_in_native, id=6372, stack(0x00000000165d0000,0x00000000166d0000)]
  0x0000000013d6a800 JavaThread "C2 CompilerThread1" daemon [_thread_in_native, id=4792, stack(0x00000000164d0000,0x00000000165d0000)]
=>0x0000000015cc0000 JavaThread "C2 CompilerThread0" daemon [_thread_in_native, id=12780, stack(0x00000000163d0000,0x00000000164d0000)]
  0x0000000015cbe800 JavaThread "Attach Listener" daemon [_thread_blocked, id=1212, stack(0x00000000162d0000,0x00000000163d0000)]
  0x0000000015c6b000 JavaThread "Signal Dispatcher" daemon [_thread_blocked, id=12872, stack(0x00000000161d0000,0x00000000162d0000)]
  0x00000000035ae000 JavaThread "Finalizer" daemon [_thread_blocked, id=8600, stack(0x0000000016030000,0x0000000016130000)]
  0x00000000035a7000 JavaThread "Reference Handler" daemon [_thread_blocked, id=9092, stack(0x0000000015b30000,0x0000000015c30000)]
  0x00000000033ad800 JavaThread "main" [_thread_in_vm, id=11056, stack(0x00000000033b0000,0x00000000034b0000)]

Other Threads:
  0x0000000013d55800 VMThread [stack: 0x0000000015a30000,0x0000000015b30000] [id=10040]
  0x0000000015cce000 WatcherThread [stack: 0x00000000168d0000,0x00000000169d0000] [id=3764]

VM state:not at safepoint (normal execution)

VM Mutex/Monitor currently owned by a thread: None

Heap:
 PSYoungGen      total 18944K, used 4497K [0x00000000feb00000, 0x0000000100000000, 0x0000000100000000)
  eden space 16384K, 11% used [0x00000000feb00000,0x00000000fece80e0,0x00000000ffb00000)
  from space 2560K, 99% used [0x00000000ffd80000,0x00000000ffffc5a8,0x0000000100000000)
  to   space 2560K, 0% used [0x00000000ffb00000,0x00000000ffb00000,0x00000000ffd80000)
 ParOldGen       total 44032K, used 6996K [0x00000000fc000000, 0x00000000feb00000, 0x00000000feb00000)
  object space 44032K, 15% used [0x00000000fc000000,0x00000000fc6d5050,0x00000000feb00000)
 Metaspace       used 7777K, capacity 7974K, committed 8192K, reserved 1056768K
  class space    used 875K, capacity 957K, committed 1024K, reserved 1048576K

Card table byte_map: [0x0000000003320000,0x0000000003350000] byte_map_base: 0x0000000002b40000

Marking Bits: (ParMarkBitMap*) 0x000000005d303950
 Begin Bits: [0x0000000013170000, 0x0000000013270000)
 End Bits:   [0x0000000013270000, 0x0000000013370000)

Polling page: 0x00000000015c0000

CodeCache: size=245760Kb used=5241Kb max_used=5243Kb free=240518Kb
 bounds [0x00000000035b0000, 0x0000000003ae0000, 0x00000000125b0000]
 total_blobs=1539 nmethods=1204 adapters=248
 compilation: enabled

Compilation events (10 events):
Event: 3.827 Thread 0x0000000015cc6000 nmethod 1202 0x0000000003ac6dd0 code [0x0000000003ac6f40, 0x0000000003ac7270]
Event: 3.827 Thread 0x0000000013d6a800 1203 %     4       org.objectweb.asm.ClassReader::<init> @ 72 (257 bytes)
Event: 3.833 Thread 0x0000000013d6a800 nmethod 1203% 0x0000000003ad1c50 code [0x0000000003ad1fe0, 0x0000000003ad24f8]
Event: 3.833 Thread 0x0000000013d6a800 1204       4       org.objectweb.asm.ClassReader::<init> (257 bytes)
Event: 3.838 Thread 0x0000000013d6a800 nmethod 1204 0x0000000003ad2810 code [0x0000000003ad2a40, 0x0000000003ad2e98]
Event: 3.839 Thread 0x0000000015cc6000 1205       3       com.google.devtools.build.android.desugar.DefaultMethodClassFixer$DefaultMethodFinder::visitMethod (27 bytes)
Event: 3.839 Thread 0x0000000015cc6000 nmethod 1205 0x0000000003ac6890 code [0x0000000003ac6a00, 0x0000000003ac6c88]
Event: 3.839 Thread 0x0000000015cc6000 1206       3       com.google.devtools.build.android.desugar.DefaultMethodClassFixer::access$000 (8 bytes)
Event: 3.839 Thread 0x0000000015cc6000 nmethod 1206 0x0000000003ad1890 code [0x0000000003ad1a00, 0x0000000003ad1b68]
Event: 3.841 Thread 0x0000000013d6a800 1207       4       org.objectweb.asm.ClassWriter::a (77 bytes)

GC Heap History (8 events):
Event: 0.888 GC heap before
{Heap before GC invocations=1 (full 0):
 PSYoungGen      total 18944K, used 16384K [0x00000000feb00000, 0x0000000100000000, 0x0000000100000000)
  eden space 16384K, 100% used [0x00000000feb00000,0x00000000ffb00000,0x00000000ffb00000)
  from space 2560K, 0% used [0x00000000ffd80000,0x00000000ffd80000,0x0000000100000000)
  to   space 2560K, 0% used [0x00000000ffb00000,0x00000000ffb00000,0x00000000ffd80000)
 ParOldGen       total 44032K, used 0K [0x00000000fc000000, 0x00000000feb00000, 0x00000000feb00000)
  object space 44032K, 0% used [0x00000000fc000000,0x00000000fc000000,0x00000000feb00000)
 Metaspace       used 6625K, capacity 6804K, committed 7040K, reserved 1056768K
  class space    used 773K, capacity 824K, committed 896K, reserved 1048576K
Event: 0.911 GC heap after
Heap after GC invocations=1 (full 0):
 PSYoungGen      total 18944K, used 2537K [0x00000000feb00000, 0x0000000100000000, 0x0000000100000000)
  eden space 16384K, 0% used [0x00000000feb00000,0x00000000feb00000,0x00000000ffb00000)
  from space 2560K, 99% used [0x00000000ffb00000,0x00000000ffd7a620,0x00000000ffd80000)
  to   space 2560K, 0% used [0x00000000ffd80000,0x00000000ffd80000,0x0000000100000000)
 ParOldGen       total 44032K, used 1580K [0x00000000fc000000, 0x00000000feb00000, 0x00000000feb00000)
  object space 44032K, 3% used [0x00000000fc000000,0x00000000fc18b2e0,0x00000000feb00000)
 Metaspace       used 6625K, capacity 6804K, committed 7040K, reserved 1056768K
  class space    used 773K, capacity 824K, committed 896K, reserved 1048576K
}
Event: 1.389 GC heap before
{Heap before GC invocations=2 (full 0):
 PSYoungGen      total 18944K, used 18921K [0x00000000feb00000, 0x0000000100000000, 0x0000000100000000)
  eden space 16384K, 100% used [0x00000000feb00000,0x00000000ffb00000,0x00000000ffb00000)
  from space 2560K, 99% used [0x00000000ffb00000,0x00000000ffd7a620,0x00000000ffd80000)
  to   space 2560K, 0% used [0x00000000ffd80000,0x00000000ffd80000,0x0000000100000000)
 ParOldGen       total 44032K, used 1580K [0x00000000fc000000, 0x00000000feb00000, 0x00000000feb00000)
  object space 44032K, 3% used [0x00000000fc000000,0x00000000fc18b2e0,0x00000000feb00000)
 Metaspace       used 6947K, capacity 7110K, committed 7296K, reserved 1056768K
  class space    used 814K, capacity 861K, committed 896K, reserved 1048576K
Event: 1.465 GC heap after
Heap after GC invocations=2 (full 0):
 PSYoungGen      total 18944K, used 2547K [0x00000000feb00000, 0x0000000100000000, 0x0000000100000000)
  eden space 16384K, 0% used [0x00000000feb00000,0x00000000feb00000,0x00000000ffb00000)
  from space 2560K, 99% used [0x00000000ffd80000,0x00000000ffffce20,0x0000000100000000)
  to   space 2560K, 0% used [0x00000000ffb00000,0x00000000ffb00000,0x00000000ffd80000)
 ParOldGen       total 44032K, used 5897K [0x00000000fc000000, 0x00000000feb00000, 0x00000000feb00000)
  object space 44032K, 13% used [0x00000000fc000000,0x00000000fc5c27c8,0x00000000feb00000)
 Metaspace       used 6947K, capacity 7110K, committed 7296K, reserved 1056768K
  class space    used 814K, capacity 861K, committed 896K, reserved 1048576K
}
Event: 1.788 GC heap before
{Heap before GC invocations=3 (full 0):
 PSYoungGen      total 18944K, used 18931K [0x00000000feb00000, 0x0000000100000000, 0x0000000100000000)
  eden space 16384K, 100% used [0x00000000feb00000,0x00000000ffb00000,0x00000000ffb00000)
  from space 2560K, 99% used [0x00000000ffd80000,0x00000000ffffce20,0x0000000100000000)
  to   space 2560K, 0% used [0x00000000ffb00000,0x00000000ffb00000,0x00000000ffd80000)
 ParOldGen       total 44032K, used 5897K [0x00000000fc000000, 0x00000000feb00000, 0x00000000feb00000)
  object space 44032K, 13% used [0x00000000fc000000,0x00000000fc5c27c8,0x00000000feb00000)
 Metaspace       used 7694K, capacity 7846K, committed 7936K, reserved 1056768K
  class space    used 875K, capacity 957K, committed 1024K, reserved 1048576K
Event: 1.802 GC heap after
Heap after GC invocations=3 (full 0):
 PSYoungGen      total 18944K, used 2529K [0x00000000feb00000, 0x0000000100000000, 0x0000000100000000)
  eden space 16384K, 0% used [0x00000000feb00000,0x00000000feb00000,0x00000000ffb00000)
  from space 2560K, 98% used [0x00000000ffb00000,0x00000000ffd785b8,0x00000000ffd80000)
  to   space 2560K, 0% used [0x00000000ffd80000,0x00000000ffd80000,0x0000000100000000)
 ParOldGen       total 44032K, used 6940K [0x00000000fc000000, 0x00000000feb00000, 0x00000000feb00000)
  object space 44032K, 15% used [0x00000000fc000000,0x00000000fc6c7030,0x00000000feb00000)
 Metaspace       used 7694K, capacity 7846K, committed 7936K, reserved 1056768K
  class space    used 875K, capacity 957K, committed 1024K, reserved 1048576K
}
Event: 3.473 GC heap before
{Heap before GC invocations=4 (full 0):
 PSYoungGen      total 18944K, used 18913K [0x00000000feb00000, 0x0000000100000000, 0x0000000100000000)
  eden space 16384K, 100% used [0x00000000feb00000,0x00000000ffb00000,0x00000000ffb00000)
  from space 2560K, 98% used [0x00000000ffb00000,0x00000000ffd785b8,0x00000000ffd80000)
  to   space 2560K, 0% used [0x00000000ffd80000,0x00000000ffd80000,0x0000000100000000)
 ParOldGen       total 44032K, used 6940K [0x00000000fc000000, 0x00000000feb00000, 0x00000000feb00000)
  object space 44032K, 15% used [0x00000000fc000000,0x00000000fc6c7030,0x00000000feb00000)
 Metaspace       used 7772K, capacity 7974K, committed 8192K, reserved 1056768K
  class space    used 875K, capacity 957K, committed 1024K, reserved 1048576K
Event: 3.774 GC heap after
Heap after GC invocations=4 (full 0):
 PSYoungGen      total 18944K, used 2545K [0x00000000feb00000, 0x0000000100000000, 0x0000000100000000)
  eden space 16384K, 0% used [0x00000000feb00000,0x00000000feb00000,0x00000000ffb00000)
  from space 2560K, 99% used [0x00000000ffd80000,0x00000000ffffc5a8,0x0000000100000000)
  to   space 2560K, 0% used [0x00000000ffb00000,0x00000000ffb00000,0x00000000ffd80000)
 ParOldGen       total 44032K, used 6996K [0x00000000fc000000, 0x00000000feb00000, 0x00000000feb00000)
  object space 44032K, 15% used [0x00000000fc000000,0x00000000fc6d5050,0x00000000feb00000)
 Metaspace       used 7772K, capacity 7974K, committed 8192K, reserved 1056768K
  class space    used 875K, capacity 957K, committed 1024K, reserved 1048576K
}

Deoptimization events (10 events):
Event: 2.170 Thread 0x00000000033ad800 Uncommon trap: reason=class_check action=maybe_recompile pc=0x000000000398b7c0 method=org.objectweb.asm.MethodVisitor.visitLabel(Lorg/objectweb/asm/Label;)V @ 12
Event: 2.191 Thread 0x00000000033ad800 Uncommon trap: reason=class_check action=maybe_recompile pc=0x000000000398b7c0 method=org.objectweb.asm.MethodVisitor.visitLabel(Lorg/objectweb/asm/Label;)V @ 12
Event: 2.769 Thread 0x00000000033ad800 Uncommon trap: reason=unstable_if action=reinterpret pc=0x00000000039db95c method=org.objectweb.asm.ClassReader.a(Lorg/objectweb/asm/MethodVisitor;Lorg/objectweb/asm/Context;I)V @ 669
Event: 3.075 Thread 0x00000000033ad800 Uncommon trap: reason=class_check action=maybe_recompile pc=0x000000000398aa90 method=org.objectweb.asm.MethodVisitor.visitJumpInsn(ILorg/objectweb/asm/Label;)V @ 13
Event: 3.075 Thread 0x00000000033ad800 Uncommon trap: reason=class_check action=maybe_recompile pc=0x000000000398aa90 method=org.objectweb.asm.MethodVisitor.visitJumpInsn(ILorg/objectweb/asm/Label;)V @ 13
Event: 3.075 Thread 0x00000000033ad800 Uncommon trap: reason=class_check action=maybe_recompile pc=0x0000000003990c1c method=org.objectweb.asm.MethodVisitor.visitFrame(II[Ljava/lang/Object;I[Ljava/lang/Object;)V @ 18
Event: 3.075 Thread 0x00000000033ad800 Uncommon trap: reason=class_check action=maybe_recompile pc=0x0000000003990c1c method=org.objectweb.asm.MethodVisitor.visitFrame(II[Ljava/lang/Object;I[Ljava/lang/Object;)V @ 18
Event: 3.177 Thread 0x00000000033ad800 Uncommon trap: reason=unstable_if action=reinterpret pc=0x000000000399b800 method=org.objectweb.asm.MethodWriter.visitFieldInsn(ILjava/lang/String;Ljava/lang/String;Ljava/lang/String;)V @ 200
Event: 3.465 Thread 0x00000000033ad800 Uncommon trap: reason=class_check action=maybe_recompile pc=0x0000000003990c1c method=org.objectweb.asm.MethodVisitor.visitFrame(II[Ljava/lang/Object;I[Ljava/lang/Object;)V @ 18
Event: 3.465 Thread 0x00000000033ad800 Uncommon trap: reason=class_check action=maybe_recompile pc=0x0000000003990c1c method=org.objectweb.asm.MethodVisitor.visitFrame(II[Ljava/lang/Object;I[Ljava/lang/Object;)V @ 18

Classes redefined (0 events):
No events

Internal exceptions (10 events):
Event: 1.809 Thread 0x00000000033ad800 Implicit null exception at 0x000000000397c12a to 0x000000000397c3f9
Event: 1.893 Thread 0x00000000033ad800 Implicit null exception at 0x0000000003992655 to 0x00000000039950d9
Event: 1.986 Thread 0x00000000033ad800 Exception <a 'sun/nio/fs/WindowsException'> (0x00000000fee5dd48) thrown at [D:\src\AOSP-openjdk-cygwin\jdk8u\hotspot\src\share\vm\prims\jni.cpp, line 709]
Event: 1.995 Thread 0x00000000033ad800 Exception <a 'sun/nio/fs/WindowsException'> (0x00000000fee5e220) thrown at [D:\src\AOSP-openjdk-cygwin\jdk8u\hotspot\src\share\vm\prims\jni.cpp, line 709]
Event: 2.047 Thread 0x00000000033ad800 Exception <a 'sun/nio/fs/WindowsException'> (0x00000000fee616c0) thrown at [D:\src\AOSP-openjdk-cygwin\jdk8u\hotspot\src\share\vm\prims\jni.cpp, line 709]
Event: 2.047 Thread 0x00000000033ad800 Exception <a 'sun/nio/fs/WindowsException'> (0x00000000fee61b98) thrown at [D:\src\AOSP-openjdk-cygwin\jdk8u\hotspot\src\share\vm\prims\jni.cpp, line 709]
Event: 2.159 Thread 0x00000000033ad800 Exception <a 'sun/nio/fs/WindowsException'> (0x00000000fee65038) thrown at [D:\src\AOSP-openjdk-cygwin\jdk8u\hotspot\src\share\vm\prims\jni.cpp, line 709]
Event: 2.160 Thread 0x00000000033ad800 Exception <a 'sun/nio/fs/WindowsException'> (0x00000000fee65510) thrown at [D:\src\AOSP-openjdk-cygwin\jdk8u\hotspot\src\share\vm\prims\jni.cpp, line 709]
Event: 3.161 Thread 0x00000000033ad800 Exception <a 'sun/nio/fs/WindowsException'> (0x00000000ff6ae418) thrown at [D:\src\AOSP-openjdk-cygwin\jdk8u\hotspot\src\share\vm\prims\jni.cpp, line 709]
Event: 3.161 Thread 0x00000000033ad800 Exception <a 'sun/nio/fs/WindowsException'> (0x00000000ff6ae8f0) thrown at [D:\src\AOSP-openjdk-cygwin\jdk8u\hotspot\src\share\vm\prims\jni.cpp, line 709]

Events (10 events):
Event: 3.465 Thread 0x00000000033ad800 Uncommon trap: trap_request=0xffffffde fr.pc=0x0000000003990c1c
Event: 3.465 Thread 0x00000000033ad800 DEOPT PACKING pc=0x0000000003990c1c sp=0x00000000034aedf0
Event: 3.465 Thread 0x00000000033ad800 DEOPT UNPACKING pc=0x00000000035f556a sp=0x00000000034aed50 mode 2
Event: 3.465 Thread 0x00000000033ad800 Uncommon trap: trap_request=0xffffffde fr.pc=0x0000000003990c1c
Event: 3.465 Thread 0x00000000033ad800 DEOPT PACKING pc=0x0000000003990c1c sp=0x00000000034aedf0
Event: 3.465 Thread 0x00000000033ad800 DEOPT UNPACKING pc=0x00000000035f556a sp=0x00000000034aed50 mode 2
Event: 3.473 Executing VM operation: ParallelGCFailedAllocation
Event: 3.774 Executing VM operation: ParallelGCFailedAllocation done
Event: 3.838 Thread 0x00000000033ad800 DEOPT PACKING pc=0x000000000394d2f7 sp=0x00000000034af310
Event: 3.838 Thread 0x00000000033ad800 DEOPT UNPACKING pc=0x00000000035f75bf sp=0x00000000034af028 mode 0


Dynamic libraries:
0x00007ff6199f0000 - 0x00007ff619a21000 	C:\Program Files\Android\Android Studio\jre\bin\java.exe
0x00007ff98de30000 - 0x00007ff98e011000 	C:\WINDOWS\SYSTEM32\ntdll.dll
0x00007ff98c160000 - 0x00007ff98c212000 	C:\WINDOWS\System32\KERNEL32.DLL
0x00007ff98a400000 - 0x00007ff98a673000 	C:\WINDOWS\System32\KERNELBASE.dll
0x00007ff98b860000 - 0x00007ff98b901000 	C:\WINDOWS\System32\ADVAPI32.dll
0x00007ff98bd20000 - 0x00007ff98bdbe000 	C:\WINDOWS\System32\msvcrt.dll
0x00007ff98b910000 - 0x00007ff98b96b000 	C:\WINDOWS\System32\sechost.dll
0x00007ff98b3b0000 - 0x00007ff98b4d4000 	C:\WINDOWS\System32\RPCRT4.dll
0x00007ff98b9f0000 - 0x00007ff98bb80000 	C:\WINDOWS\System32\USER32.dll
0x00007ff98b2a0000 - 0x00007ff98b2c0000 	C:\WINDOWS\System32\win32u.dll
0x00007ff98b380000 - 0x00007ff98b3a8000 	C:\WINDOWS\System32\GDI32.dll
0x00007ff98b060000 - 0x00007ff98b1f2000 	C:\WINDOWS\System32\gdi32full.dll
0x00007ff98b200000 - 0x00007ff98b29f000 	C:\WINDOWS\System32\msvcp_win.dll
0x00007ff98a300000 - 0x00007ff98a3fa000 	C:\WINDOWS\System32\ucrtbase.dll
0x00007ff97d610000 - 0x00007ff97d879000 	C:\WINDOWS\WinSxS\amd64_microsoft.windows.common-controls_6595b64144ccf1df_6.0.17134.48_none_b4b2216a3cb4dd3e\COMCTL32.dll
0x00007ff98bdd0000 - 0x00007ff98c0f3000 	C:\WINDOWS\System32\combase.dll
0x00007ff98adf0000 - 0x00007ff98ae6a000 	C:\WINDOWS\System32\bcryptPrimitives.dll
0x00007ff98b5c0000 - 0x00007ff98b5ed000 	C:\WINDOWS\System32\IMM32.DLL
0x000000005ca60000 - 0x000000005cb32000 	C:\Program Files\Android\Android Studio\jre\jre\bin\msvcr100.dll
0x000000005cb40000 - 0x000000005d37e000 	C:\Program Files\Android\Android Studio\jre\jre\bin\server\jvm.dll
0x00007ff98b5b0000 - 0x00007ff98b5b8000 	C:\WINDOWS\System32\PSAPI.DLL
0x00007ff985c60000 - 0x00007ff985c69000 	C:\WINDOWS\SYSTEM32\WSOCK32.dll
0x00007ff98b970000 - 0x00007ff98b9dc000 	C:\WINDOWS\System32\WS2_32.dll
0x00007ff987c20000 - 0x00007ff987c43000 	C:\WINDOWS\SYSTEM32\WINMM.dll
0x00007ff982480000 - 0x00007ff98248a000 	C:\WINDOWS\SYSTEM32\VERSION.dll
0x00007ff987620000 - 0x00007ff98764a000 	C:\WINDOWS\SYSTEM32\WINMMBASE.dll
0x00007ff98a2b0000 - 0x00007ff98a2f9000 	C:\WINDOWS\System32\cfgmgr32.dll
0x00007ff96ba40000 - 0x00007ff96ba4f000 	C:\Program Files\Android\Android Studio\jre\jre\bin\verify.dll
0x00007ff96ba10000 - 0x00007ff96ba39000 	C:\Program Files\Android\Android Studio\jre\jre\bin\java.dll
0x00007ff96b9f0000 - 0x00007ff96ba06000 	C:\Program Files\Android\Android Studio\jre\jre\bin\zip.dll
0x00007ff98c2a0000 - 0x00007ff98d6e0000 	C:\WINDOWS\System32\SHELL32.dll
0x00007ff98b4e0000 - 0x00007ff98b589000 	C:\WINDOWS\System32\shcore.dll
0x00007ff98a680000 - 0x00007ff98ad8d000 	C:\WINDOWS\System32\windows.storage.dll
0x00007ff98b320000 - 0x00007ff98b371000 	C:\WINDOWS\System32\shlwapi.dll
0x00007ff98a170000 - 0x00007ff98a181000 	C:\WINDOWS\System32\kernel.appcore.dll
0x00007ff98a190000 - 0x00007ff98a1af000 	C:\WINDOWS\System32\profapi.dll
0x00007ff98a1b0000 - 0x00007ff98a1fc000 	C:\WINDOWS\System32\powrprof.dll
0x00007ff98a160000 - 0x00007ff98a16a000 	C:\WINDOWS\System32\FLTLIB.DLL
0x00007ff989b70000 - 0x00007ff989b87000 	C:\WINDOWS\SYSTEM32\CRYPTSP.dll
0x00007ff9895a0000 - 0x00007ff9895d3000 	C:\WINDOWS\system32\rsaenh.dll
0x00007ff989ca0000 - 0x00007ff989cc5000 	C:\WINDOWS\SYSTEM32\bcrypt.dll
0x00007ff98a040000 - 0x00007ff98a068000 	C:\WINDOWS\SYSTEM32\USERENV.dll
0x00007ff989b90000 - 0x00007ff989b9b000 	C:\WINDOWS\SYSTEM32\CRYPTBASE.dll
0x00007ff96b9d0000 - 0x00007ff96b9ea000 	C:\Program Files\Android\Android Studio\jre\jre\bin\net.dll
0x00007ff9899c0000 - 0x00007ff989a26000 	C:\WINDOWS\system32\mswsock.dll
0x00007ff989740000 - 0x00007ff989778000 	C:\WINDOWS\SYSTEM32\IPHLPAPI.DLL
0x00007ff98bdc0000 - 0x00007ff98bdc8000 	C:\WINDOWS\System32\NSI.dll
0x00007ff982c80000 - 0x00007ff982c96000 	C:\WINDOWS\SYSTEM32\dhcpcsvc6.DLL
0x00007ff982c60000 - 0x00007ff982c7a000 	C:\WINDOWS\SYSTEM32\dhcpcsvc.DLL
0x00007ff967fc0000 - 0x00007ff967fd1000 	C:\Program Files\Android\Android Studio\jre\jre\bin\nio.dll

VM Arguments:
jvm_args: -Djava.awt.headless=true -Xmx64M -Dfile.encoding=x-windows-949 -Duser.country=KR -Duser.language=ko -Duser.variant 
java_command: com.google.devtools.build.android.desugar.Desugar @D:\test\app\build\intermediates\tmp\desugar_args1856649582426550524
java_class_path (initial): C:\Users\Goo\AppData\Local\Temp\desugar_deploy.jar3189730495422438638
Launcher Type: SUN_STANDARD

Environment Variables:
PATH=C:\ProgramData\Oracle\Java\javapath;C:\WINDOWS\system32;C:\WINDOWS;C:\WINDOWS\System32\Wbem;C:\WINDOWS\System32\WindowsPowerShell\v1.0\;C:\OpenSSL;;C:\WINDOWS\System32\OpenSSH\;C:\Users\Goo\AppData\Local\Microsoft\WindowsApps;
USERNAME=Goo
OS=Windows_NT
PROCESSOR_IDENTIFIER=Intel64 Family 6 Model 158 Stepping 9, GenuineIntel



---------------  S Y S T E M  ---------------

OS: Windows 10.0 , 64 bit Build 17134 (10.0.17134.1)

CPU:total 8 (initial active 8) (4 cores per cpu, 2 threads per core) family 6 model 158 stepping 9, cmov, cx8, fxsr, mmx, sse, sse2, sse3, ssse3, sse4.1, sse4.2, popcnt, avx, avx2, aes, clmul, erms, 3dnowpref, lzcnt, ht, tsc, tscinvbit, bmi1, bmi2, adx

Memory: 4k page, physical 16692940k(4660540k free), swap 16692940k(4372k free)

vm_info: OpenJDK 64-Bit Server VM (25.152-b01) for windows-amd64 JRE (1.8.0_152-release-915-b01), built by "builder" with MS VC++ 10.0 (VS2010)

time: Mon Jun 11 00:55:38 2018
elapsed time: 3 seconds (0d 0h 0m 3s)

