#
# There is insufficient memory for the Java Runtime Environment to continue.
# Native memory allocation (malloc) failed to allocate 76032 bytes for Chunk::new
# Possible reasons:
#   The system is out of physical RAM or swap space
#   In 32 bit mode, the process size limit was hit
# Possible solutions:
#   Reduce memory load on the system
#   Increase physical memory or swap space
#   Check if swap backing store is full
#   Use 64 bit Java on a 64 bit OS
#   Decrease Java heap size (-Xmx/-Xms)
#   Decrease number of Java threads
#   Decrease Java thread stack sizes (-Xss)
#   Set larger code cache with -XX:ReservedCodeCacheSize=
# This output file may be truncated or incomplete.
#
#  Out of Memory Error (allocation.cpp:390), pid=5868, tid=0x0000000000000094
#
# JRE version: OpenJDK Runtime Environment (8.0_152-b01) (build 1.8.0_152-release-915-b01)
# Java VM: OpenJDK 64-Bit Server VM (25.152-b01 mixed mode windows-amd64 compressed oops)
# Failed to write core dump. Minidumps are not enabled by default on client versions of Windows
#

---------------  T H R E A D  ---------------

Current thread (0x0000000015896800):  JavaThread "C2 CompilerThread2" daemon [_thread_in_native, id=148, stack(0x0000000016100000,0x0000000016200000)]

Stack: [0x0000000016100000,0x0000000016200000]
[error occurred during error reporting (printing stack bounds), id 0xc0000005]

Native frames: (J=compiled Java code, j=interpreted, Vv=VM code, C=native code)


Current CompileTask:
C2:   2629  925       4       org.objectweb.asm.ClassReader::a (3587 bytes)


---------------  P R O C E S S  ---------------

Java Threads: ( => current thread )
  0x0000000015922800 JavaThread "Service Thread" daemon [_thread_blocked, id=10168, stack(0x0000000016300000,0x0000000016400000)]
  0x000000001589d800 JavaThread "C1 CompilerThread3" daemon [_thread_blocked, id=12384, stack(0x0000000016200000,0x0000000016300000)]
=>0x0000000015896800 JavaThread "C2 CompilerThread2" daemon [_thread_in_native, id=148, stack(0x0000000016100000,0x0000000016200000)]
  0x000000001392e000 JavaThread "C2 CompilerThread1" daemon [_thread_blocked, id=5508, stack(0x0000000016000000,0x0000000016100000)]
  0x0000000015890800 JavaThread "C2 CompilerThread0" daemon [_thread_blocked, id=6732, stack(0x0000000015f00000,0x0000000016000000)]
  0x000000001588f000 JavaThread "Attach Listener" daemon [_thread_blocked, id=11596, stack(0x0000000015e00000,0x0000000015f00000)]
  0x000000001583b800 JavaThread "Signal Dispatcher" daemon [_thread_blocked, id=2476, stack(0x0000000015d00000,0x0000000015e00000)]
  0x000000000316e000 JavaThread "Finalizer" daemon [_thread_blocked, id=9668, stack(0x0000000015c00000,0x0000000015d00000)]
  0x0000000003167000 JavaThread "Reference Handler" daemon [_thread_blocked, id=12408, stack(0x0000000015700000,0x0000000015800000)]
  0x000000000306d800 JavaThread "main" [_thread_in_native, id=11880, stack(0x0000000002e80000,0x0000000002f80000)]

Other Threads:
  0x0000000013915800 VMThread [stack: 0x0000000015600000,0x0000000015700000] [id=7404]
  0x0000000015923800 WatcherThread [stack: 0x0000000016400000,0x0000000016500000] [id=7120]

VM state:not at safepoint (normal execution)

VM Mutex/Monitor currently owned by a thread: None

Heap:
 PSYoungGen      total 18944K, used 8801K [0x00000000feb00000, 0x0000000100000000, 0x0000000100000000)
  eden space 16384K, 38% used [0x00000000feb00000,0x00000000ff11f6f8,0x00000000ffb00000)
  from space 2560K, 98% used [0x00000000ffd80000,0x00000000ffff8e00,0x0000000100000000)
  to   space 2560K, 0% used [0x00000000ffb00000,0x00000000ffb00000,0x00000000ffd80000)
 ParOldGen       total 44032K, used 5949K [0x00000000fc000000, 0x00000000feb00000, 0x00000000feb00000)
  object space 44032K, 13% used [0x00000000fc000000,0x00000000fc5cf568,0x00000000feb00000)
 Metaspace       used 7625K, capacity 7782K, committed 7936K, reserved 1056768K
  class space    used 875K, capacity 957K, committed 1024K, reserved 1048576K

Card table byte_map: [0x0000000002ac0000,0x0000000002af0000] byte_map_base: 0x00000000022e0000

Marking Bits: (ParMarkBitMap*) 0x00000000673d3950
 Begin Bits: [0x0000000012d30000, 0x0000000012e30000)
 End Bits:   [0x0000000012e30000, 0x0000000012f30000)

Polling page: 0x00000000012f0000

CodeCache: size=245760Kb used=3543Kb max_used=3559Kb free=242216Kb
 bounds [0x0000000003170000, 0x00000000034f0000, 0x0000000012170000]
 total_blobs=1288 nmethods=954 adapters=248
 compilation: enabled

Compilation events (10 events):
Event: 2.593 Thread 0x000000001392e000  953  s    4       java.io.BufferedOutputStream::write (35 bytes)
Event: 2.593 Thread 0x000000001589d800 nmethod 949 0x00000000034e3290 code [0x00000000034e33e0, 0x00000000034e34d0]
Event: 2.593 Thread 0x000000001589d800  951       1       sun.util.calendar.CalendarDate::getZone (5 bytes)
Event: 2.593 Thread 0x000000001589d800 nmethod 951 0x00000000034e2fd0 code [0x00000000034e3120, 0x00000000034e3230]
Event: 2.593 Thread 0x000000001589d800  952       1       sun.util.calendar.CalendarDate::isNormalized (5 bytes)
Event: 2.593 Thread 0x000000001589d800 nmethod 952 0x00000000034e2d10 code [0x00000000034e2e60, 0x00000000034e2f70]
Event: 2.594 Thread 0x0000000015890800 nmethod 932 0x00000000034e2290 code [0x00000000034e2400, 0x00000000034e2978]
Event: 2.594 Thread 0x0000000015890800  954       4       java.util.Objects::requireNonNull (15 bytes)
Event: 2.594 Thread 0x000000001392e000 nmethod 953 0x00000000034e9b50 code [0x00000000034e9ca0, 0x00000000034ea008]
Event: 2.595 Thread 0x0000000015890800 nmethod 954 0x00000000034776d0 code [0x0000000003477800, 0x0000000003477858]

GC Heap History (4 events):
Event: 1.128 GC heap before
{Heap before GC invocations=1 (full 0):
 PSYoungGen      total 18944K, used 16384K [0x00000000feb00000, 0x0000000100000000, 0x0000000100000000)
  eden space 16384K, 100% used [0x00000000feb00000,0x00000000ffb00000,0x00000000ffb00000)
  from space 2560K, 0% used [0x00000000ffd80000,0x00000000ffd80000,0x0000000100000000)
  to   space 2560K, 0% used [0x00000000ffb00000,0x00000000ffb00000,0x00000000ffd80000)
 ParOldGen       total 44032K, used 0K [0x00000000fc000000, 0x00000000feb00000, 0x00000000feb00000)
  object space 44032K, 0% used [0x00000000fc000000,0x00000000fc000000,0x00000000feb00000)
 Metaspace       used 6611K, capacity 6740K, committed 7040K, reserved 1056768K
  class space    used 773K, capacity 824K, committed 896K, reserved 1048576K
Event: 1.146 GC heap after
Heap after GC invocations=1 (full 0):
 PSYoungGen      total 18944K, used 2537K [0x00000000feb00000, 0x0000000100000000, 0x0000000100000000)
  eden space 16384K, 0% used [0x00000000feb00000,0x00000000feb00000,0x00000000ffb00000)
  from space 2560K, 99% used [0x00000000ffb00000,0x00000000ffd7a620,0x00000000ffd80000)
  to   space 2560K, 0% used [0x00000000ffd80000,0x00000000ffd80000,0x0000000100000000)
 ParOldGen       total 44032K, used 1504K [0x00000000fc000000, 0x00000000feb00000, 0x00000000feb00000)
  object space 44032K, 3% used [0x00000000fc000000,0x00000000fc178070,0x00000000feb00000)
 Metaspace       used 6611K, capacity 6740K, committed 7040K, reserved 1056768K
  class space    used 773K, capacity 824K, committed 896K, reserved 1048576K
}
Event: 2.080 GC heap before
{Heap before GC invocations=2 (full 0):
 PSYoungGen      total 18944K, used 18921K [0x00000000feb00000, 0x0000000100000000, 0x0000000100000000)
  eden space 16384K, 100% used [0x00000000feb00000,0x00000000ffb00000,0x00000000ffb00000)
  from space 2560K, 99% used [0x00000000ffb00000,0x00000000ffd7a620,0x00000000ffd80000)
  to   space 2560K, 0% used [0x00000000ffd80000,0x00000000ffd80000,0x0000000100000000)
 ParOldGen       total 44032K, used 1504K [0x00000000fc000000, 0x00000000feb00000, 0x00000000feb00000)
  object space 44032K, 3% used [0x00000000fc000000,0x00000000fc178070,0x00000000feb00000)
 Metaspace       used 6958K, capacity 7110K, committed 7296K, reserved 1056768K
  class space    used 816K, capacity 861K, committed 896K, reserved 1048576K
Event: 2.103 GC heap after
Heap after GC invocations=2 (full 0):
 PSYoungGen      total 18944K, used 2531K [0x00000000feb00000, 0x0000000100000000, 0x0000000100000000)
  eden space 16384K, 0% used [0x00000000feb00000,0x00000000feb00000,0x00000000ffb00000)
  from space 2560K, 98% used [0x00000000ffd80000,0x00000000ffff8e00,0x0000000100000000)
  to   space 2560K, 0% used [0x00000000ffb00000,0x00000000ffb00000,0x00000000ffd80000)
 ParOldGen       total 44032K, used 5949K [0x00000000fc000000, 0x00000000feb00000, 0x00000000feb00000)
  object space 44032K, 13% used [0x00000000fc000000,0x00000000fc5cf568,0x00000000feb00000)
 Metaspace       used 6958K, capacity 7110K, committed 7296K, reserved 1056768K
  class space    used 816K, capacity 861K, committed 896K, reserved 1048576K
}

Deoptimization events (10 events):
Event: 1.110 Thread 0x000000000306d800 Uncommon trap: reason=unstable_if action=reinterpret pc=0x00000000033a9938 method=java.util.zip.ZipCoder.decoder()Ljava/nio/charset/CharsetDecoder; @ 4
Event: 1.111 Thread 0x000000000306d800 Uncommon trap: reason=unstable_if action=reinterpret pc=0x00000000033a752c method=java.util.zip.ZipCoder.decoder()Ljava/nio/charset/CharsetDecoder; @ 4
Event: 1.171 Thread 0x000000000306d800 Uncommon trap: reason=unstable_if action=reinterpret pc=0x00000000033aeaec method=java.util.zip.ZipCoder.decoder()Ljava/nio/charset/CharsetDecoder; @ 4
Event: 1.171 Thread 0x000000000306d800 Uncommon trap: reason=unstable_if action=reinterpret pc=0x00000000033a5cd8 method=java.util.zip.ZipCoder.decoder()Ljava/nio/charset/CharsetDecoder; @ 4
Event: 1.171 Thread 0x000000000306d800 Uncommon trap: reason=unstable_if action=reinterpret pc=0x00000000033a3340 method=java.util.zip.ZipCoder.decoder()Ljava/nio/charset/CharsetDecoder; @ 4
Event: 1.871 Thread 0x000000000306d800 Uncommon trap: reason=unloaded action=reinterpret pc=0x00000000033b183c method=java.util.zip.ZipEntry.setExtra0([BZ)V @ 37
Event: 2.465 Thread 0x000000000306d800 Uncommon trap: reason=unstable_if action=reinterpret pc=0x000000000347ae18 method=java.lang.String.<init>([CII)V @ 18
Event: 2.466 Thread 0x000000000306d800 Uncommon trap: reason=unstable_if action=reinterpret pc=0x0000000003312e78 method=java.lang.String.<init>([CII)V @ 18
Event: 2.578 Thread 0x000000000306d800 Uncommon trap: reason=unstable_if action=reinterpret pc=0x0000000003493e60 method=org.objectweb.asm.ClassReader.readUTF8(I[C)Ljava/lang/String; @ 7
Event: 2.585 Thread 0x000000000306d800 Uncommon trap: reason=unstable_if action=reinterpret pc=0x00000000034b31ec method=org.objectweb.asm.Type.getArgumentsAndReturnSizes(Ljava/lang/String;)I @ 41

Classes redefined (0 events):
No events

Internal exceptions (10 events):
Event: 1.348 Thread 0x000000000306d800 Exception <a 'sun/nio/fs/WindowsException'> (0x00000000ff24e5e8) thrown at [D:\src\AOSP-openjdk-cygwin\jdk8u\hotspot\src\share\vm\prims\jni.cpp, line 709]
Event: 1.348 Thread 0x000000000306d800 Exception <a 'sun/nio/fs/WindowsException'> (0x00000000ff24ebb0) thrown at [D:\src\AOSP-openjdk-cygwin\jdk8u\hotspot\src\share\vm\prims\jni.cpp, line 709]
Event: 1.348 Thread 0x000000000306d800 Exception <a 'sun/nio/fs/WindowsException'> (0x00000000ff24f370) thrown at [D:\src\AOSP-openjdk-cygwin\jdk8u\hotspot\src\share\vm\prims\jni.cpp, line 709]
Event: 1.348 Thread 0x000000000306d800 Exception <a 'sun/nio/fs/WindowsException'> (0x00000000ff24f910) thrown at [D:\src\AOSP-openjdk-cygwin\jdk8u\hotspot\src\share\vm\prims\jni.cpp, line 709]
Event: 1.348 Thread 0x000000000306d800 Exception <a 'sun/nio/fs/WindowsException'> (0x00000000ff2500c0) thrown at [D:\src\AOSP-openjdk-cygwin\jdk8u\hotspot\src\share\vm\prims\jni.cpp, line 709]
Event: 1.471 Thread 0x000000000306d800 Exception <a 'sun/nio/fs/WindowsException'> (0x00000000ff255400) thrown at [D:\src\AOSP-openjdk-cygwin\jdk8u\hotspot\src\share\vm\prims\jni.cpp, line 709]
Event: 2.112 Thread 0x000000000306d800 Exception <a 'sun/nio/fs/WindowsException'> (0x00000000febb38e0) thrown at [D:\src\AOSP-openjdk-cygwin\jdk8u\hotspot\src\share\vm\prims\jni.cpp, line 709]
Event: 2.112 Thread 0x000000000306d800 Exception <a 'sun/nio/fs/WindowsException'> (0x00000000febb3e38) thrown at [D:\src\AOSP-openjdk-cygwin\jdk8u\hotspot\src\share\vm\prims\jni.cpp, line 709]
Event: 2.170 Thread 0x000000000306d800 Exception <a 'sun/nio/fs/WindowsException'> (0x00000000febbf638) thrown at [D:\src\AOSP-openjdk-cygwin\jdk8u\hotspot\src\share\vm\prims\jni.cpp, line 709]
Event: 2.225 Thread 0x000000000306d800 Exception <a 'sun/nio/fs/WindowsException'> (0x00000000febbfb10) thrown at [D:\src\AOSP-openjdk-cygwin\jdk8u\hotspot\src\share\vm\prims\jni.cpp, line 709]

Events (10 events):
Event: 2.465 Thread 0x000000000306d800 DEOPT UNPACKING pc=0x00000000031b556a sp=0x0000000002f7ebd0 mode 2
Event: 2.466 Thread 0x000000000306d800 Uncommon trap: trap_request=0xffffff65 fr.pc=0x0000000003312e78
Event: 2.466 Thread 0x000000000306d800 DEOPT PACKING pc=0x0000000003312e78 sp=0x0000000002f7ec60
Event: 2.466 Thread 0x000000000306d800 DEOPT UNPACKING pc=0x00000000031b556a sp=0x0000000002f7ec28 mode 2
Event: 2.578 Thread 0x000000000306d800 Uncommon trap: trap_request=0xffffff65 fr.pc=0x0000000003493e60
Event: 2.578 Thread 0x000000000306d800 DEOPT PACKING pc=0x0000000003493e60 sp=0x0000000002f7ed10
Event: 2.578 Thread 0x000000000306d800 DEOPT UNPACKING pc=0x00000000031b556a sp=0x0000000002f7ece0 mode 2
Event: 2.585 Thread 0x000000000306d800 Uncommon trap: trap_request=0xffffff65 fr.pc=0x00000000034b31ec
Event: 2.585 Thread 0x000000000306d800 DEOPT PACKING pc=0x00000000034b31ec sp=0x0000000002f7ed20
Event: 2.585 Thread 0x000000000306d800 DEOPT UNPACKING pc=0x00000000031b556a sp=0x0000000002f7eca8 mode 2


Dynamic libraries:
0x00007ff7bef40000 - 0x00007ff7bef71000 	C:\Program Files\Android\Android Studio\jre\bin\java.exe
0x00007ffba9340000 - 0x00007ffba9521000 	C:\WINDOWS\SYSTEM32\ntdll.dll
0x00007ffba6ca0000 - 0x00007ffba6d52000 	C:\WINDOWS\System32\KERNEL32.DLL
0x00007ffba6070000 - 0x00007ffba62e3000 	C:\WINDOWS\System32\KERNELBASE.dll
0x00007ffba9260000 - 0x00007ffba9301000 	C:\WINDOWS\System32\ADVAPI32.dll
0x00007ffba77b0000 - 0x00007ffba784e000 	C:\WINDOWS\System32\msvcrt.dll
0x00007ffba71b0000 - 0x00007ffba720b000 	C:\WINDOWS\System32\sechost.dll
0x00007ffba7580000 - 0x00007ffba76a4000 	C:\WINDOWS\System32\RPCRT4.dll
0x00007ffba7ac0000 - 0x00007ffba7c50000 	C:\WINDOWS\System32\USER32.dll
0x00007ffba5790000 - 0x00007ffba57b0000 	C:\WINDOWS\System32\win32u.dll
0x00007ffba67e0000 - 0x00007ffba6808000 	C:\WINDOWS\System32\GDI32.dll
0x00007ffba6530000 - 0x00007ffba66c2000 	C:\WINDOWS\System32\gdi32full.dll
0x00007ffba5fd0000 - 0x00007ffba606f000 	C:\WINDOWS\System32\msvcp_win.dll
0x00007ffba66d0000 - 0x00007ffba67ca000 	C:\WINDOWS\System32\ucrtbase.dll
0x00007ffb93ad0000 - 0x00007ffb93d39000 	C:\WINDOWS\WinSxS\amd64_microsoft.windows.common-controls_6595b64144ccf1df_6.0.17134.48_none_b4b2216a3cb4dd3e\COMCTL32.dll
0x00007ffba6810000 - 0x00007ffba6b33000 	C:\WINDOWS\System32\combase.dll
0x00007ffba5710000 - 0x00007ffba578a000 	C:\WINDOWS\System32\bcryptPrimitives.dll
0x00007ffba9090000 - 0x00007ffba90bd000 	C:\WINDOWS\System32\IMM32.DLL
0x0000000069530000 - 0x0000000069602000 	C:\Program Files\Android\Android Studio\jre\jre\bin\msvcr100.dll
0x0000000066c10000 - 0x000000006744e000 	C:\Program Files\Android\Android Studio\jre\jre\bin\server\jvm.dll
0x00007ffba91d0000 - 0x00007ffba91d8000 	C:\WINDOWS\System32\PSAPI.DLL
0x00007ffba1d20000 - 0x00007ffba1d29000 	C:\WINDOWS\SYSTEM32\WSOCK32.dll
0x00007ffba7510000 - 0x00007ffba757c000 	C:\WINDOWS\System32\WS2_32.dll
0x00007ffb95780000 - 0x00007ffb957a3000 	C:\WINDOWS\SYSTEM32\WINMM.dll
0x00007ffb9d7c0000 - 0x00007ffb9d7ca000 	C:\WINDOWS\SYSTEM32\VERSION.dll
0x00007ffb95570000 - 0x00007ffb9559a000 	C:\WINDOWS\SYSTEM32\WINMMBASE.dll
0x00007ffba64e0000 - 0x00007ffba6529000 	C:\WINDOWS\System32\cfgmgr32.dll
0x00007ffba1d30000 - 0x00007ffba1d3f000 	C:\Program Files\Android\Android Studio\jre\jre\bin\verify.dll
0x00007ffba1b00000 - 0x00007ffba1b29000 	C:\Program Files\Android\Android Studio\jre\jre\bin\java.dll
0x00007ffb9f450000 - 0x00007ffb9f466000 	C:\Program Files\Android\Android Studio\jre\jre\bin\zip.dll
0x00007ffba7c50000 - 0x00007ffba9090000 	C:\WINDOWS\System32\SHELL32.dll
0x00007ffba9120000 - 0x00007ffba91c9000 	C:\WINDOWS\System32\shcore.dll
0x00007ffba58c0000 - 0x00007ffba5fcd000 	C:\WINDOWS\System32\windows.storage.dll
0x00007ffba90c0000 - 0x00007ffba9111000 	C:\WINDOWS\System32\shlwapi.dll
0x00007ffba5680000 - 0x00007ffba5691000 	C:\WINDOWS\System32\kernel.appcore.dll
0x00007ffba56f0000 - 0x00007ffba570f000 	C:\WINDOWS\System32\profapi.dll
0x00007ffba56a0000 - 0x00007ffba56ec000 	C:\WINDOWS\System32\powrprof.dll
0x00007ffba5650000 - 0x00007ffba565a000 	C:\WINDOWS\System32\FLTLIB.DLL
0x00007ffba5080000 - 0x00007ffba5097000 	C:\WINDOWS\SYSTEM32\CRYPTSP.dll
0x00007ffba4ab0000 - 0x00007ffba4ae3000 	C:\WINDOWS\system32\rsaenh.dll
0x00007ffba51b0000 - 0x00007ffba51d5000 	C:\WINDOWS\SYSTEM32\bcrypt.dll
0x00007ffba5580000 - 0x00007ffba55a8000 	C:\WINDOWS\SYSTEM32\USERENV.dll
0x00007ffba50a0000 - 0x00007ffba50ab000 	C:\WINDOWS\SYSTEM32\CRYPTBASE.dll
0x00007ffb9f430000 - 0x00007ffb9f44a000 	C:\Program Files\Android\Android Studio\jre\jre\bin\net.dll
0x00007ffba4ed0000 - 0x00007ffba4f36000 	C:\WINDOWS\system32\mswsock.dll
0x00007ffba4c50000 - 0x00007ffba4c88000 	C:\WINDOWS\SYSTEM32\IPHLPAPI.DLL
0x00007ffba7430000 - 0x00007ffba7438000 	C:\WINDOWS\System32\NSI.dll
0x00007ffb9a1f0000 - 0x00007ffb9a206000 	C:\WINDOWS\SYSTEM32\dhcpcsvc6.DLL
0x00007ffb9a120000 - 0x00007ffb9a13a000 	C:\WINDOWS\SYSTEM32\dhcpcsvc.DLL
0x00007ffb9f410000 - 0x00007ffb9f421000 	C:\Program Files\Android\Android Studio\jre\jre\bin\nio.dll

VM Arguments:
jvm_args: -Djava.awt.headless=true -Xmx64M -Dfile.encoding=x-windows-949 -Duser.country=KR -Duser.language=ko -Duser.variant 
java_command: com.google.devtools.build.android.desugar.Desugar @D:\test\app\build\intermediates\tmp\desugar_args5353922846711915440
java_class_path (initial): C:\Users\Goo\AppData\Local\Temp\desugar_deploy.jar4283967336768827273
Launcher Type: SUN_STANDARD

Environment Variables:
PATH=C:\ProgramData\Oracle\Java\javapath;C:\WINDOWS\system32;C:\WINDOWS;C:\WINDOWS\System32\Wbem;C:\WINDOWS\System32\WindowsPowerShell\v1.0\;C:\OpenSSL;;C:\WINDOWS\System32\OpenSSH\;C:\Users\Goo\AppData\Local\Microsoft\WindowsApps;
USERNAME=Goo
OS=Windows_NT
PROCESSOR_IDENTIFIER=Intel64 Family 6 Model 158 Stepping 9, GenuineIntel



---------------  S Y S T E M  ---------------

OS: Windows 10.0 , 64 bit Build 17134 (10.0.17134.1)

CPU:total 8 (initial active 8) (4 cores per cpu, 2 threads per core) family 6 model 158 stepping 9, cmov, cx8, fxsr, mmx, sse, sse2, sse3, ssse3, sse4.1, sse4.2, popcnt, avx, avx2, aes, clmul, erms, 3dnowpref, lzcnt, ht, tsc, tscinvbit, bmi1, bmi2, adx

Memory: 4k page, physical 16692940k(4521044k free), swap 16692940k(4244k free)

vm_info: OpenJDK 64-Bit Server VM (25.152-b01) for windows-amd64 JRE (1.8.0_152-release-915-b01), built by "builder" with MS VC++ 10.0 (VS2010)

time: Sun May 27 00:48:32 2018
elapsed time: 2 seconds (0d 0h 0m 2s)

