#
# There is insufficient memory for the Java Runtime Environment to continue.
# Native memory allocation (malloc) failed to allocate 322336 bytes for Chunk::new
# Possible reasons:
#   The system is out of physical RAM or swap space
#   In 32 bit mode, the process size limit was hit
# Possible solutions:
#   Reduce memory load on the system
#   Increase physical memory or swap space
#   Check if swap backing store is full
#   Use 64 bit Java on a 64 bit OS
#   Decrease Java heap size (-Xmx/-Xms)
#   Decrease number of Java threads
#   Decrease Java thread stack sizes (-Xss)
#   Set larger code cache with -XX:ReservedCodeCacheSize=
# This output file may be truncated or incomplete.
#


[error occurred during error reporting (printing stack bounds), id 0xc0000005]

Native frames: (J=compiled Java code, j=interpreted, Vv=VM code, C=native code)


Current CompileTask:
C2:   4113 1206       4       org.objectweb.asm.tree.FieldInsnNode::accept (26 bytes)


---------------  P R O C E S S  ---------------

Java Threads: ( => current thread )
  0x0000000015c07800 JavaThread "Service Thread" daemon [_thread_blocked, id=9976, stack(0x00000000166b0000,0x00000000167b0000)]
  0x0000000015bff000 JavaThread "C1 CompilerThread3" daemon [_thread_blocked, id=12676, stack(0x00000000165b0000,0x00000000166b0000)]
  0x0000000015be8000 JavaThread "C2 CompilerThread2" daemon [_thread_in_native, id=10612, stack(0x00000000164b0000,0x00000000165b0000)]
=>0x0000000013c3a800 JavaThread "C2 CompilerThread1" daemon [_thread_in_native, id=6096, stack(0x00000000163b0000,0x00000000164b0000)]
  0x0000000015b9f000 JavaThread "C2 CompilerThread0" daemon [_thread_in_native, id=2664, stack(0x00000000162b0000,0x00000000163b0000)]
  0x0000000015b9d800 JavaThread "Attach Listener" daemon [_thread_blocked, id=8168, stack(0x00000000161b0000,0x00000000162b0000)]
  0x0000000015b4a000 JavaThread "Signal Dispatcher" daemon [_thread_blocked, id=2300, stack(0x00000000160b0000,0x00000000161b0000)]
  0x0000000015b30800 JavaThread "Finalizer" daemon [_thread_blocked, id=2332, stack(0x0000000015f10000,0x0000000016010000)]
  0x0000000003477000 JavaThread "Reference Handler" daemon [_thread_blocked, id=14332, stack(0x0000000015a10000,0x0000000015b10000)]
  0x000000000327d800 JavaThread "main" [_thread_in_Java, id=2644, stack(0x0000000003280000,0x0000000003380000)]

Other Threads:
  0x0000000013c25000 VMThread [stack: 0x0000000015910000,0x0000000015a10000] [id=9700]
  0x0000000015c08000 WatcherThread [stack: 0x00000000167b0000,0x00000000168b0000] [id=2272]

VM state:not at safepoint (normal execution)

VM Mutex/Monitor currently owned by a thread: None

Heap:
 PSYoungGen      total 18944K, used 6754K [0x00000000feb00000, 0x0000000100000000, 0x0000000100000000)
  eden space 16384K, 25% used [0x00000000feb00000,0x00000000fef20650,0x00000000ffb00000)
  from space 2560K, 98% used [0x00000000ffd80000,0x00000000ffff84e0,0x0000000100000000)
  to   space 2560K, 0% used [0x00000000ffb00000,0x00000000ffb00000,0x00000000ffd80000)
 ParOldGen       total 44032K, used 7147K [0x00000000fc000000, 0x00000000feb00000, 0x00000000feb00000)
  object space 44032K, 16% used [0x00000000fc000000,0x00000000fc6fad00,0x00000000feb00000)
 Metaspace       used 7781K, capacity 7974K, committed 8192K, reserved 1056768K
  class space    used 875K, capacity 957K, committed 1024K, reserved 1048576K

Card table byte_map: [0x0000000003220000,0x0000000003250000] byte_map_base: 0x0000000002a40000

Marking Bits: (ParMarkBitMap*) 0x00000000673d3950
 Begin Bits: [0x0000000013040000, 0x0000000013140000)
 End Bits:   [0x0000000013140000, 0x0000000013240000)

Polling page: 0x0000000000df0000

CodeCache: size=245760Kb used=4579Kb max_used=4590Kb free=241180Kb
 bounds [0x0000000003480000, 0x0000000003910000, 0x0000000012480000]
 total_blobs=1545 nmethods=1210 adapters=248
 compilation: enabled

Compilation events (10 events):
Event: 3.688 Thread 0x0000000015bff000 1209       3       com.google.devtools.build.android.desugar.DefaultMethodClassFixer::shouldStubAsDefaultMethod (46 bytes)
Event: 3.689 Thread 0x0000000015bff000 nmethod 1209 0x00000000038f9950 code [0x00000000038f9b80, 0x00000000038fa918]
Event: 4.101 Thread 0x0000000013c3a800 nmethod 1205 0x00000000038fe690 code [0x00000000038fe880, 0x00000000038ff1b0]
Event: 4.101 Thread 0x0000000013c3a800 1210       4       org.objectweb.asm.tree.InsnList::accept (23 bytes)
Event: 4.101 Thread 0x0000000015b9f000 nmethod 1207 0x00000000038ffa90 code [0x00000000038ffc60, 0x0000000003900870]
Event: 4.101 Thread 0x0000000015b9f000 1211       4       org.objectweb.asm.MethodVisitor::visitTypeInsn (17 bytes)
Event: 4.101 Thread 0x0000000015bff000 1213       1       java.util.concurrent.TimeUnit$3::toSeconds (6 bytes)
Event: 4.101 Thread 0x0000000015bff000 nmethod 1213 0x00000000038f9650 code [0x00000000038f97a0, 0x00000000038f98d0]
Event: 4.101 Thread 0x0000000013c3a800 nmethod 1210 0x00000000038f9310 code [0x00000000038f9440, 0x00000000038f94d8]
Event: 4.101 Thread 0x0000000013c3a800 1206       4       org.objectweb.asm.tree.FieldInsnNode::accept (26 bytes)

GC Heap History (8 events):
Event: 1.038 GC heap before
{Heap before GC invocations=1 (full 0):
 PSYoungGen      total 18944K, used 16384K [0x00000000feb00000, 0x0000000100000000, 0x0000000100000000)
  eden space 16384K, 100% used [0x00000000feb00000,0x00000000ffb00000,0x00000000ffb00000)
  from space 2560K, 0% used [0x00000000ffd80000,0x00000000ffd80000,0x0000000100000000)
  to   space 2560K, 0% used [0x00000000ffb00000,0x00000000ffb00000,0x00000000ffd80000)
 ParOldGen       total 44032K, used 0K [0x00000000fc000000, 0x00000000feb00000, 0x00000000feb00000)
  object space 44032K, 0% used [0x00000000fc000000,0x00000000fc000000,0x00000000feb00000)
 Metaspace       used 6618K, capacity 6740K, committed 7040K, reserved 1056768K
  class space    used 774K, capacity 824K, committed 896K, reserved 1048576K
Event: 1.057 GC heap after
Heap after GC invocations=1 (full 0):
 PSYoungGen      total 18944K, used 2553K [0x00000000feb00000, 0x0000000100000000, 0x0000000100000000)
  eden space 16384K, 0% used [0x00000000feb00000,0x00000000feb00000,0x00000000ffb00000)
  from space 2560K, 99% used [0x00000000ffb00000,0x00000000ffd7e630,0x00000000ffd80000)
  to   space 2560K, 0% used [0x00000000ffd80000,0x00000000ffd80000,0x0000000100000000)
 ParOldGen       total 44032K, used 1583K [0x00000000fc000000, 0x00000000feb00000, 0x00000000feb00000)
  object space 44032K, 3% used [0x00000000fc000000,0x00000000fc18bfa8,0x00000000feb00000)
 Metaspace       used 6618K, capacity 6740K, committed 7040K, reserved 1056768K
  class space    used 774K, capacity 824K, committed 896K, reserved 1048576K
}
Event: 1.503 GC heap before
{Heap before GC invocations=2 (full 0):
 PSYoungGen      total 18944K, used 18937K [0x00000000feb00000, 0x0000000100000000, 0x0000000100000000)
  eden space 16384K, 100% used [0x00000000feb00000,0x00000000ffb00000,0x00000000ffb00000)
  from space 2560K, 99% used [0x00000000ffb00000,0x00000000ffd7e630,0x00000000ffd80000)
  to   space 2560K, 0% used [0x00000000ffd80000,0x00000000ffd80000,0x0000000100000000)
 ParOldGen       total 44032K, used 1583K [0x00000000fc000000, 0x00000000feb00000, 0x00000000feb00000)
  object space 44032K, 3% used [0x00000000fc000000,0x00000000fc18bfa8,0x00000000feb00000)
 Metaspace       used 6962K, capacity 7110K, committed 7296K, reserved 1056768K
  class space    used 816K, capacity 861K, committed 896K, reserved 1048576K
Event: 1.547 GC heap after
Heap after GC invocations=2 (full 0):
 PSYoungGen      total 18944K, used 2547K [0x00000000feb00000, 0x0000000100000000, 0x0000000100000000)
  eden space 16384K, 0% used [0x00000000feb00000,0x00000000feb00000,0x00000000ffb00000)
  from space 2560K, 99% used [0x00000000ffd80000,0x00000000ffffce10,0x0000000100000000)
  to   space 2560K, 0% used [0x00000000ffb00000,0x00000000ffb00000,0x00000000ffd80000)
 ParOldGen       total 44032K, used 5957K [0x00000000fc000000, 0x00000000feb00000, 0x00000000feb00000)
  object space 44032K, 13% used [0x00000000fc000000,0x00000000fc5d14a0,0x00000000feb00000)
 Metaspace       used 6962K, capacity 7110K, committed 7296K, reserved 1056768K
  class space    used 816K, capacity 861K, committed 896K, reserved 1048576K
}
Event: 3.091 GC heap before
{Heap before GC invocations=3 (full 0):
 PSYoungGen      total 18944K, used 18931K [0x00000000feb00000, 0x0000000100000000, 0x0000000100000000)
  eden space 16384K, 100% used [0x00000000feb00000,0x00000000ffb00000,0x00000000ffb00000)
  from space 2560K, 99% used [0x00000000ffd80000,0x00000000ffffce10,0x0000000100000000)
  to   space 2560K, 0% used [0x00000000ffb00000,0x00000000ffb00000,0x00000000ffd80000)
 ParOldGen       total 44032K, used 5957K [0x00000000fc000000, 0x00000000feb00000, 0x00000000feb00000)
  object space 44032K, 13% used [0x00000000fc000000,0x00000000fc5d14a0,0x00000000feb00000)
 Metaspace       used 7754K, capacity 7910K, committed 8192K, reserved 1056768K
  class space    used 875K, capacity 957K, committed 1024K, reserved 1048576K
Event: 3.583 GC heap after
Heap after GC invocations=3 (full 0):
 PSYoungGen      total 18944K, used 2529K [0x00000000feb00000, 0x0000000100000000, 0x0000000100000000)
  eden space 16384K, 0% used [0x00000000feb00000,0x00000000feb00000,0x00000000ffb00000)
  from space 2560K, 98% used [0x00000000ffb00000,0x00000000ffd784e0,0x00000000ffd80000)
  to   space 2560K, 0% used [0x00000000ffd80000,0x00000000ffd80000,0x0000000100000000)
 ParOldGen       total 44032K, used 6915K [0x00000000fc000000, 0x00000000feb00000, 0x00000000feb00000)
  object space 44032K, 15% used [0x00000000fc000000,0x00000000fc6c0d00,0x00000000feb00000)
 Metaspace       used 7754K, capacity 7910K, committed 8192K, reserved 1056768K
  class space    used 875K, capacity 957K, committed 1024K, reserved 1048576K
}
Event: 3.696 GC heap before
{Heap before GC invocations=4 (full 0):
 PSYoungGen      total 18944K, used 18913K [0x00000000feb00000, 0x0000000100000000, 0x0000000100000000)
  eden space 16384K, 100% used [0x00000000feb00000,0x00000000ffb00000,0x00000000ffb00000)
  from space 2560K, 98% used [0x00000000ffb00000,0x00000000ffd784e0,0x00000000ffd80000)
  to   space 2560K, 0% used [0x00000000ffd80000,0x00000000ffd80000,0x0000000100000000)
 ParOldGen       total 44032K, used 6915K [0x00000000fc000000, 0x00000000feb00000, 0x00000000feb00000)
  object space 44032K, 15% used [0x00000000fc000000,0x00000000fc6c0d00,0x00000000feb00000)
 Metaspace       used 7780K, capacity 7974K, committed 8192K, reserved 1056768K
  class space    used 875K, capacity 957K, committed 1024K, reserved 1048576K
Event: 4.100 GC heap after
Heap after GC invocations=4 (full 0):
 PSYoungGen      total 18944K, used 2529K [0x00000000feb00000, 0x0000000100000000, 0x0000000100000000)
  eden space 16384K, 0% used [0x00000000feb00000,0x00000000feb00000,0x00000000ffb00000)
  from space 2560K, 98% used [0x00000000ffd80000,0x00000000ffff84e0,0x0000000100000000)
  to   space 2560K, 0% used [0x00000000ffb00000,0x00000000ffb00000,0x00000000ffd80000)
 ParOldGen       total 44032K, used 7147K [0x00000000fc000000, 0x00000000feb00000, 0x00000000feb00000)
  object space 44032K, 16% used [0x00000000fc000000,0x00000000fc6fad00,0x00000000feb00000)
 Metaspace       used 7780K, capacity 7974K, committed 8192K, reserved 1056768K
  class space    used 875K, capacity 957K, committed 1024K, reserved 1048576K
}

Deoptimization events (10 events):
Event: 1.973 Thread 0x000000000327d800 Uncommon trap: reason=unstable_if action=reinterpret pc=0x00000000037bc44c method=org.objectweb.asm.Type.getArgumentsAndReturnSizes(Ljava/lang/String;)I @ 136
Event: 1.974 Thread 0x000000000327d800 Uncommon trap: reason=unstable_if action=reinterpret pc=0x00000000037db588 method=org.objectweb.asm.MethodWriter.visitVarInsn(II)V @ 130
Event: 2.134 Thread 0x000000000327d800 Uncommon trap: reason=unstable_if action=reinterpret pc=0x00000000037a7860 method=org.objectweb.asm.ClassReader.readUTF8(I[C)Ljava/lang/String; @ 7
Event: 2.617 Thread 0x000000000327d800 Uncommon trap: reason=unstable_if action=reinterpret pc=0x000000000382b11c method=org.objectweb.asm.Type.getArgumentsAndReturnSizes(Ljava/lang/String;)I @ 112
Event: 3.612 Thread 0x000000000327d800 Uncommon trap: reason=null_check action=make_not_entrant pc=0x00000000038ae330 method=com.google.devtools.build.android.desugar.InterfaceDesugaring$InterfaceInvocationRewriter.visitMethodInsn(ILjava/lang/String;Ljava/lang/String;Ljava/lang/String;Z)V @ 10
Event: 3.634 Thread 0x000000000327d800 Uncommon trap: reason=unstable_if action=reinterpret pc=0x0000000003839d14 method=org.objectweb.asm.MethodWriter.visitVarInsn(II)V @ 148
Event: 3.634 Thread 0x000000000327d800 Uncommon trap: reason=unstable_if action=reinterpret pc=0x0000000003868338 method=org.objectweb.asm.MethodWriter.visitVarInsn(II)V @ 136
Event: 3.635 Thread 0x000000000327d800 Uncommon trap: reason=unstable_if action=reinterpret pc=0x0000000003872b4c method=org.objectweb.asm.Type.getArgumentsAndReturnSizes(Ljava/lang/String;)I @ 112
Event: 3.639 Thread 0x000000000327d800 Uncommon trap: reason=unstable_if action=reinterpret pc=0x00000000038b2c38 method=org.objectweb.asm.Type.getArgumentsAndReturnSizes(Ljava/lang/String;)I @ 100
Event: 3.680 Thread 0x000000000327d800 Uncommon trap: reason=null_check action=make_not_entrant pc=0x00000000038f4ab4 method=com.google.devtools.build.android.desugar.InterfaceDesugaring$InterfaceInvocationRewriter.visitMethodInsn(ILjava/lang/String;Ljava/lang/String;Ljava/lang/String;Z)V @ 10

Classes redefined (0 events):
No events

Internal exceptions (10 events):
Event: 2.924 Thread 0x000000000327d800 Exception <a 'sun/nio/fs/WindowsException'> (0x00000000ff5d9d98) thrown at [D:\src\AOSP-openjdk-cygwin\jdk8u\hotspot\src\share\vm\prims\jni.cpp, line 709]
Event: 2.931 Thread 0x000000000327d800 Exception <a 'sun/nio/fs/WindowsException'> (0x00000000ff5da270) thrown at [D:\src\AOSP-openjdk-cygwin\jdk8u\hotspot\src\share\vm\prims\jni.cpp, line 709]
Event: 2.937 Thread 0x000000000327d800 Exception <a 'sun/nio/fs/WindowsException'> (0x00000000ff5dd710) thrown at [D:\src\AOSP-openjdk-cygwin\jdk8u\hotspot\src\share\vm\prims\jni.cpp, line 709]
Event: 2.937 Thread 0x000000000327d800 Exception <a 'sun/nio/fs/WindowsException'> (0x00000000ff5ddbe8) thrown at [D:\src\AOSP-openjdk-cygwin\jdk8u\hotspot\src\share\vm\prims\jni.cpp, line 709]
Event: 3.034 Thread 0x000000000327d800 Exception <a 'sun/nio/fs/WindowsException'> (0x00000000ff5e1088) thrown at [D:\src\AOSP-openjdk-cygwin\jdk8u\hotspot\src\share\vm\prims\jni.cpp, line 709]
Event: 3.034 Thread 0x000000000327d800 Exception <a 'sun/nio/fs/WindowsException'> (0x00000000ff5e1560) thrown at [D:\src\AOSP-openjdk-cygwin\jdk8u\hotspot\src\share\vm\prims\jni.cpp, line 709]
Event: 3.612 Thread 0x000000000327d800 Implicit null exception at 0x00000000038ae02a to 0x00000000038ae30d
Event: 3.661 Thread 0x000000000327d800 Exception <a 'sun/nio/fs/WindowsException'> (0x00000000ff53f2a8) thrown at [D:\src\AOSP-openjdk-cygwin\jdk8u\hotspot\src\share\vm\prims\jni.cpp, line 709]
Event: 3.661 Thread 0x000000000327d800 Exception <a 'sun/nio/fs/WindowsException'> (0x00000000ff53f780) thrown at [D:\src\AOSP-openjdk-cygwin\jdk8u\hotspot\src\share\vm\prims\jni.cpp, line 709]
Event: 3.680 Thread 0x000000000327d800 Implicit null exception at 0x00000000038f1f9d to 0x00000000038f4a95

Events (10 events):
Event: 3.677 Thread 0x000000000327d800 DEOPT UNPACKING pc=0x00000000034c75bf sp=0x000000000337eae0 mode 0
Event: 3.680 Thread 0x000000000327d800 Uncommon trap: trap_request=0xfffffff4 fr.pc=0x00000000038f4ab4
Event: 3.680 Thread 0x000000000327d800 DEOPT PACKING pc=0x00000000038f4ab4 sp=0x000000000337ede0
Event: 3.680 Thread 0x000000000327d800 DEOPT UNPACKING pc=0x00000000034c556a sp=0x000000000337ed60 mode 2
Event: 3.690 Thread 0x000000000327d800 DEOPT PACKING pc=0x0000000003798370 sp=0x000000000337ee90
Event: 3.690 Thread 0x000000000327d800 DEOPT UNPACKING pc=0x00000000034c75bf sp=0x000000000337ebb8 mode 0
Event: 3.696 Executing VM operation: ParallelGCFailedAllocation
Event: 4.100 Executing VM operation: ParallelGCFailedAllocation done
Event: 4.102 Thread 0x000000000327d800 DEOPT PACKING pc=0x00000000037c8d77 sp=0x000000000337f240
Event: 4.102 Thread 0x000000000327d800 DEOPT UNPACKING pc=0x00000000034c75bf sp=0x000000000337ef58 mode 0


Dynamic libraries:
0x00007ff647a40000 - 0x00007ff647a71000 	C:\Program Files\Android\Android Studio\jre\bin\java.exe
0x00007ffba9340000 - 0x00007ffba9521000 	C:\WINDOWS\SYSTEM32\ntdll.dll
0x00007ffba6ca0000 - 0x00007ffba6d52000 	C:\WINDOWS\System32\KERNEL32.DLL
0x00007ffba6070000 - 0x00007ffba62e3000 	C:\WINDOWS\System32\KERNELBASE.dll
0x00007ffba9260000 - 0x00007ffba9301000 	C:\WINDOWS\System32\ADVAPI32.dll
0x00007ffba77b0000 - 0x00007ffba784e000 	C:\WINDOWS\System32\msvcrt.dll
0x00007ffba71b0000 - 0x00007ffba720b000 	C:\WINDOWS\System32\sechost.dll
0x00007ffba7580000 - 0x00007ffba76a4000 	C:\WINDOWS\System32\RPCRT4.dll
0x00007ffba7ac0000 - 0x00007ffba7c50000 	C:\WINDOWS\System32\USER32.dll
0x00007ffba5790000 - 0x00007ffba57b0000 	C:\WINDOWS\System32\win32u.dll
0x00007ffba67e0000 - 0x00007ffba6808000 	C:\WINDOWS\System32\GDI32.dll
0x00007ffba6530000 - 0x00007ffba66c2000 	C:\WINDOWS\System32\gdi32full.dll
0x00007ffba5fd0000 - 0x00007ffba606f000 	C:\WINDOWS\System32\msvcp_win.dll
0x00007ffba66d0000 - 0x00007ffba67ca000 	C:\WINDOWS\System32\ucrtbase.dll
0x00007ffb93ad0000 - 0x00007ffb93d39000 	C:\WINDOWS\WinSxS\amd64_microsoft.windows.common-controls_6595b64144ccf1df_6.0.17134.48_none_b4b2216a3cb4dd3e\COMCTL32.dll
0x00007ffba6810000 - 0x00007ffba6b33000 	C:\WINDOWS\System32\combase.dll
0x00007ffba5710000 - 0x00007ffba578a000 	C:\WINDOWS\System32\bcryptPrimitives.dll
0x00007ffba9090000 - 0x00007ffba90bd000 	C:\WINDOWS\System32\IMM32.DLL
0x00000000681c0000 - 0x0000000068292000 	C:\Program Files\Android\Android Studio\jre\jre\bin\msvcr100.dll
0x0000000066c10000 - 0x000000006744e000 	C:\Program Files\Android\Android Studio\jre\jre\bin\server\jvm.dll
0x00007ffba91d0000 - 0x00007ffba91d8000 	C:\WINDOWS\System32\PSAPI.DLL
0x00007ffba1580000 - 0x00007ffba1589000 	C:\WINDOWS\SYSTEM32\WSOCK32.dll
0x00007ffba7510000 - 0x00007ffba757c000 	C:\WINDOWS\System32\WS2_32.dll
0x00007ffb95780000 - 0x00007ffb957a3000 	C:\WINDOWS\SYSTEM32\WINMM.dll
0x00007ffb9d7c0000 - 0x00007ffb9d7ca000 	C:\WINDOWS\SYSTEM32\VERSION.dll
0x00007ffb95570000 - 0x00007ffb9559a000 	C:\WINDOWS\SYSTEM32\WINMMBASE.dll
0x00007ffba64e0000 - 0x00007ffba6529000 	C:\WINDOWS\System32\cfgmgr32.dll
0x00007ffba1570000 - 0x00007ffba157f000 	C:\Program Files\Android\Android Studio\jre\jre\bin\verify.dll
0x00007ffb9d960000 - 0x00007ffb9d989000 	C:\Program Files\Android\Android Studio\jre\jre\bin\java.dll
0x00007ffba1550000 - 0x00007ffba1566000 	C:\Program Files\Android\Android Studio\jre\jre\bin\zip.dll
0x00007ffba7c50000 - 0x00007ffba9090000 	C:\WINDOWS\System32\SHELL32.dll
0x00007ffba9120000 - 0x00007ffba91c9000 	C:\WINDOWS\System32\shcore.dll
0x00007ffba58c0000 - 0x00007ffba5fcd000 	C:\WINDOWS\System32\windows.storage.dll
0x00007ffba90c0000 - 0x00007ffba9111000 	C:\WINDOWS\System32\shlwapi.dll
0x00007ffba5680000 - 0x00007ffba5691000 	C:\WINDOWS\System32\kernel.appcore.dll
0x00007ffba56f0000 - 0x00007ffba570f000 	C:\WINDOWS\System32\profapi.dll
0x00007ffba56a0000 - 0x00007ffba56ec000 	C:\WINDOWS\System32\powrprof.dll
0x00007ffba5650000 - 0x00007ffba565a000 	C:\WINDOWS\System32\FLTLIB.DLL
0x00007ffba5080000 - 0x00007ffba5097000 	C:\WINDOWS\SYSTEM32\CRYPTSP.dll
0x00007ffba4ab0000 - 0x00007ffba4ae3000 	C:\WINDOWS\system32\rsaenh.dll
0x00007ffba51b0000 - 0x00007ffba51d5000 	C:\WINDOWS\SYSTEM32\bcrypt.dll
0x00007ffba5580000 - 0x00007ffba55a8000 	C:\WINDOWS\SYSTEM32\USERENV.dll
0x00007ffba50a0000 - 0x00007ffba50ab000 	C:\WINDOWS\SYSTEM32\CRYPTBASE.dll
0x00007ffb9deb0000 - 0x00007ffb9deca000 	C:\Program Files\Android\Android Studio\jre\jre\bin\net.dll
0x00007ffba4ed0000 - 0x00007ffba4f36000 	C:\WINDOWS\system32\mswsock.dll
0x00007ffba4c50000 - 0x00007ffba4c88000 	C:\WINDOWS\SYSTEM32\IPHLPAPI.DLL
0x00007ffba7430000 - 0x00007ffba7438000 	C:\WINDOWS\System32\NSI.dll
0x00007ffb9a1f0000 - 0x00007ffb9a206000 	C:\WINDOWS\SYSTEM32\dhcpcsvc6.DLL
0x00007ffb9a120000 - 0x00007ffb9a13a000 	C:\WINDOWS\SYSTEM32\dhcpcsvc.DLL
0x00007ffb9d220000 - 0x00007ffb9d231000 	C:\Program Files\Android\Android Studio\jre\jre\bin\nio.dll

VM Arguments:
jvm_args: -Djava.awt.headless=true -Xmx64M -Dfile.encoding=x-windows-949 -Duser.country=KR -Duser.language=ko -Duser.variant 
java_command: com.google.devtools.build.android.desugar.Desugar @D:\test\app\build\intermediates\tmp\desugar_args7876041733311994594
java_class_path (initial): C:\Users\Goo\AppData\Local\Temp\desugar_deploy.jar5019570292443513416
Launcher Type: SUN_STANDARD

Environment Variables:
PATH=C:\ProgramData\Oracle\Java\javapath;C:\WINDOWS\system32;C:\WINDOWS;C:\WINDOWS\System32\Wbem;C:\WINDOWS\System32\WindowsPowerShell\v1.0\;C:\OpenSSL;;C:\WINDOWS\System32\OpenSSH\;C:\Users\Goo\AppData\Local\Microsoft\WindowsApps;
USERNAME=Goo
OS=Windows_NT
PROCESSOR_IDENTIFIER=Intel64 Family 6 Model 158 Stepping 9, GenuineIntel



---------------  S Y S T E M  ---------------

OS: Windows 10.0 , 64 bit Build 17134 (10.0.17134.1)

CPU:total 8 (initial active 8) (4 cores per cpu, 2 threads per core) family 6 model 158 stepping 9, cmov, cx8, fxsr, mmx, sse, sse2, sse3, ssse3, sse4.1, sse4.2, popcnt, avx, avx2, aes, clmul, erms, 3dnowpref, lzcnt, ht, tsc, tscinvbit, bmi1, bmi2, adx

Memory: 4k page, physical 16692940k(4363780k free), swap 16692940k(36k free)

vm_info: OpenJDK 64-Bit Server VM (25.152-b01) for windows-amd64 JRE (1.8.0_152-release-915-b01), built by "builder" with MS VC++ 10.0 (VS2010)

time: Fri Jun 01 06:17:37 2018
elapsed time: 4 seconds (0d 0h 0m 4s)

