#
# There is insufficient memory for the Java Runtime Environment to continue.
# Native memory allocation (malloc) failed to allocate 766816 bytes for Chunk::new
# Possible reasons:
#   The system is out of physical RAM or swap space
#   In 32 bit mode, the process size limit was hit
# Possible solutions:
#   Reduce memory load on the system
#   Increase physical memory or swap space
#   Check if swap backing store is full
#   Use 64 bit Java on a 64 bit OS
#   Decrease Java heap size (-Xmx/-Xms)
#   Decrease number of Java threads
#   Decrease Java thread stack sizes (-Xss)
#   Set larger code cache with -XX:ReservedCodeCacheSize=
# This output file may be truncated or incomplete.
#
#  Out of Memory Error (allocation.cpp:390), pid=524, tid=0x0000000000002dac
#
# JRE version: OpenJDK Runtime Environment (8.0_152-b01) (build 1.8.0_152-release-915-b01)
# Java VM: OpenJDK 64-Bit Server VM (25.152-b01 mixed mode windows-amd64 compressed oops)
# Failed to write core dump. Minidumps are not enabled by default on client versions of Windows
#

---------------  T H R E A D  ---------------

Current thread (0x000000001565f000):  JavaThread "C2 CompilerThread0" daemon [_thread_in_native, id=11692, stack(0x0000000015d60000,0x0000000015e60000)]

Stack: [0x0000000015d60000,0x0000000015e60000]
[error occurred during error reporting (printing stack bounds), id 0xc0000005]

Native frames: (J=compiled Java code, j=interpreted, Vv=VM code, C=native code)


Current CompileTask:
C2:   2581  921       4       org.objectweb.asm.ClassReader::a (3587 bytes)


---------------  P R O C E S S  ---------------

Java Threads: ( => current thread )
  0x00000000156e4000 JavaThread "Service Thread" daemon [_thread_blocked, id=3096, stack(0x0000000016160000,0x0000000016260000)]
  0x00000000156c1800 JavaThread "C1 CompilerThread3" daemon [_thread_in_vm, id=10588, stack(0x0000000016060000,0x0000000016160000)]
  0x00000000156a7800 JavaThread "C2 CompilerThread2" daemon [_thread_blocked, id=9040, stack(0x0000000015f60000,0x0000000016060000)]
  0x00000000136fb800 JavaThread "C2 CompilerThread1" daemon [_thread_blocked, id=748, stack(0x0000000015e60000,0x0000000015f60000)]
=>0x000000001565f000 JavaThread "C2 CompilerThread0" daemon [_thread_in_native, id=11692, stack(0x0000000015d60000,0x0000000015e60000)]
  0x000000001565d800 JavaThread "Attach Listener" daemon [_thread_blocked, id=13072, stack(0x0000000015c60000,0x0000000015d60000)]
  0x000000001560a000 JavaThread "Signal Dispatcher" daemon [_thread_blocked, id=9292, stack(0x0000000015b60000,0x0000000015c60000)]
  0x00000000155f0800 JavaThread "Finalizer" daemon [_thread_blocked, id=6556, stack(0x00000000159d0000,0x0000000015ad0000)]
  0x0000000002ef7000 JavaThread "Reference Handler" daemon [_thread_blocked, id=9840, stack(0x00000000154d0000,0x00000000155d0000)]
  0x0000000002dfd800 JavaThread "main" [_thread_blocked, id=7332, stack(0x0000000002ce0000,0x0000000002de0000)]

Other Threads:
  0x00000000136e5800 VMThread [stack: 0x00000000153d0000,0x00000000154d0000] [id=6696]
  0x00000000156e4800 WatcherThread [stack: 0x0000000016260000,0x0000000016360000] [id=8928]

VM state:not at safepoint (normal execution)

VM Mutex/Monitor currently owned by a thread: None

Heap:
 PSYoungGen      total 18944K, used 10212K [0x00000000feb00000, 0x0000000100000000, 0x0000000100000000)
  eden space 16384K, 46% used [0x00000000feb00000,0x00000000ff27c4d8,0x00000000ffb00000)
  from space 2560K, 99% used [0x00000000ffd80000,0x00000000ffffce10,0x0000000100000000)
  to   space 2560K, 0% used [0x00000000ffb00000,0x00000000ffb00000,0x00000000ffd80000)
 ParOldGen       total 44032K, used 5900K [0x00000000fc000000, 0x00000000feb00000, 0x00000000feb00000)
  object space 44032K, 13% used [0x00000000fc000000,0x00000000fc5c32e0,0x00000000feb00000)
 Metaspace       used 7656K, capacity 7782K, committed 7936K, reserved 1056768K
  class space    used 875K, capacity 957K, committed 1024K, reserved 1048576K

Card table byte_map: [0x0000000001080000,0x00000000010b0000] byte_map_base: 0x00000000008a0000

Marking Bits: (ParMarkBitMap*) 0x000000005dda3950
 Begin Bits: [0x0000000012ae0000, 0x0000000012be0000)
 End Bits:   [0x0000000012be0000, 0x0000000012ce0000)

Polling page: 0x0000000000c60000

CodeCache: size=245760Kb used=3629Kb max_used=3640Kb free=242130Kb
 bounds [0x0000000002f00000, 0x00000000032a0000, 0x0000000011f00000]
 total_blobs=1311 nmethods=977 adapters=248
 compilation: enabled

Compilation events (10 events):
Event: 2.569 Thread 0x00000000156a7800  970       4       org.objectweb.asm.ClassReader::a (194 bytes)
Event: 2.569 Thread 0x00000000156c1800  971       3       org.objectweb.asm.tree.LabelNode::accept (9 bytes)
Event: 2.569 Thread 0x00000000156c1800 nmethod 971 0x0000000003287390 code [0x0000000003287520, 0x0000000003287928]
Event: 2.570 Thread 0x00000000156c1800  972       3       org.objectweb.asm.ClassWriter::visitField (16 bytes)
Event: 2.570 Thread 0x00000000156c1800 nmethod 972 0x0000000003284b50 code [0x0000000003284cc0, 0x0000000003284ee8]
Event: 2.570 Thread 0x00000000156c1800  973       3       org.objectweb.asm.FieldWriter::<init> (97 bytes)
Event: 2.570 Thread 0x00000000156c1800 nmethod 973 0x0000000003286a90 code [0x0000000003286c40, 0x0000000003287128]
Event: 2.571 Thread 0x00000000156c1800  974       3       org.objectweb.asm.FieldWriter::a (262 bytes)
Event: 2.572 Thread 0x00000000156c1800 nmethod 974 0x0000000003288150 code [0x00000000032883e0, 0x00000000032892e8]
Event: 2.575 Thread 0x00000000156c1800  975       3       org.objectweb.asm.FieldWriter::a (475 bytes)

GC Heap History (4 events):
Event: 1.841 GC heap before
{Heap before GC invocations=1 (full 0):
 PSYoungGen      total 18944K, used 16384K [0x00000000feb00000, 0x0000000100000000, 0x0000000100000000)
  eden space 16384K, 100% used [0x00000000feb00000,0x00000000ffb00000,0x00000000ffb00000)
  from space 2560K, 0% used [0x00000000ffd80000,0x00000000ffd80000,0x0000000100000000)
  to   space 2560K, 0% used [0x00000000ffb00000,0x00000000ffb00000,0x00000000ffd80000)
 ParOldGen       total 44032K, used 0K [0x00000000fc000000, 0x00000000feb00000, 0x00000000feb00000)
  object space 44032K, 0% used [0x00000000fc000000,0x00000000fc000000,0x00000000feb00000)
 Metaspace       used 6634K, capacity 6804K, committed 7040K, reserved 1056768K
  class space    used 774K, capacity 824K, committed 896K, reserved 1048576K
Event: 1.887 GC heap after
Heap after GC invocations=1 (full 0):
 PSYoungGen      total 18944K, used 2537K [0x00000000feb00000, 0x0000000100000000, 0x0000000100000000)
  eden space 16384K, 0% used [0x00000000feb00000,0x00000000feb00000,0x00000000ffb00000)
  from space 2560K, 99% used [0x00000000ffb00000,0x00000000ffd7a620,0x00000000ffd80000)
  to   space 2560K, 0% used [0x00000000ffd80000,0x00000000ffd80000,0x0000000100000000)
 ParOldGen       total 44032K, used 1599K [0x00000000fc000000, 0x00000000feb00000, 0x00000000feb00000)
  object space 44032K, 3% used [0x00000000fc000000,0x00000000fc18fde8,0x00000000feb00000)
 Metaspace       used 6634K, capacity 6804K, committed 7040K, reserved 1056768K
  class space    used 774K, capacity 824K, committed 896K, reserved 1048576K
}
Event: 2.288 GC heap before
{Heap before GC invocations=2 (full 0):
 PSYoungGen      total 18944K, used 18921K [0x00000000feb00000, 0x0000000100000000, 0x0000000100000000)
  eden space 16384K, 100% used [0x00000000feb00000,0x00000000ffb00000,0x00000000ffb00000)
  from space 2560K, 99% used [0x00000000ffb00000,0x00000000ffd7a620,0x00000000ffd80000)
  to   space 2560K, 0% used [0x00000000ffd80000,0x00000000ffd80000,0x0000000100000000)
 ParOldGen       total 44032K, used 1599K [0x00000000fc000000, 0x00000000feb00000, 0x00000000feb00000)
  object space 44032K, 3% used [0x00000000fc000000,0x00000000fc18fde8,0x00000000feb00000)
 Metaspace       used 6956K, capacity 7110K, committed 7296K, reserved 1056768K
  class space    used 814K, capacity 861K, committed 896K, reserved 1048576K
Event: 2.326 GC heap after
Heap after GC invocations=2 (full 0):
 PSYoungGen      total 18944K, used 2547K [0x00000000feb00000, 0x0000000100000000, 0x0000000100000000)
  eden space 16384K, 0% used [0x00000000feb00000,0x00000000feb00000,0x00000000ffb00000)
  from space 2560K, 99% used [0x00000000ffd80000,0x00000000ffffce10,0x0000000100000000)
  to   space 2560K, 0% used [0x00000000ffb00000,0x00000000ffb00000,0x00000000ffd80000)
 ParOldGen       total 44032K, used 5900K [0x00000000fc000000, 0x00000000feb00000, 0x00000000feb00000)
  object space 44032K, 13% used [0x00000000fc000000,0x00000000fc5c32e0,0x00000000feb00000)
 Metaspace       used 6956K, capacity 7110K, committed 7296K, reserved 1056768K
  class space    used 814K, capacity 861K, committed 896K, reserved 1048576K
}

Deoptimization events (10 events):
Event: 1.965 Thread 0x0000000002dfd800 Uncommon trap: reason=unstable_if action=reinterpret pc=0x000000000313a718 method=java.util.zip.ZipCoder.decoder()Ljava/nio/charset/CharsetDecoder; @ 4
Event: 1.965 Thread 0x0000000002dfd800 Uncommon trap: reason=unstable_if action=reinterpret pc=0x0000000003139340 method=java.util.zip.ZipCoder.decoder()Ljava/nio/charset/CharsetDecoder; @ 4
Event: 1.971 Thread 0x0000000002dfd800 Uncommon trap: reason=unstable_if action=reinterpret pc=0x00000000031581c8 method=java.util.HashMap$HashIterator.nextNode()Ljava/util/HashMap$Node; @ 74
Event: 2.077 Thread 0x0000000002dfd800 Uncommon trap: reason=unstable_if action=reinterpret pc=0x0000000003156d88 method=java.util.HashMap$HashIterator.nextNode()Ljava/util/HashMap$Node; @ 74
Event: 2.235 Thread 0x0000000002dfd800 Uncommon trap: reason=unloaded action=reinterpret pc=0x000000000313c7fc method=java.util.zip.ZipEntry.setExtra0([BZ)V @ 37
Event: 2.508 Thread 0x0000000002dfd800 Uncommon trap: reason=unstable_if action=reinterpret pc=0x0000000003221eb8 method=java.lang.String.<init>([CII)V @ 18
Event: 2.518 Thread 0x0000000002dfd800 Uncommon trap: reason=unstable_if action=reinterpret pc=0x00000000031f2618 method=java.lang.String.<init>([CII)V @ 18
Event: 2.519 Thread 0x0000000002dfd800 Uncommon trap: reason=unstable_if action=reinterpret pc=0x00000000030a8fb8 method=java.lang.String.<init>([CII)V @ 18
Event: 2.525 Thread 0x0000000002dfd800 Uncommon trap: reason=unstable_if action=reinterpret pc=0x000000000324811c method=org.objectweb.asm.Type.getArgumentsAndReturnSizes(Ljava/lang/String;)I @ 112
Event: 2.562 Thread 0x0000000002dfd800 Uncommon trap: reason=unstable_if action=reinterpret pc=0x0000000003282158 method=org.objectweb.asm.ClassReader.readUTF8(I[C)Ljava/lang/String; @ 11

Classes redefined (0 events):
No events

Internal exceptions (10 events):
Event: 2.075 Thread 0x0000000002dfd800 Exception <a 'sun/nio/fs/WindowsException'> (0x00000000ff213230) thrown at [D:\src\AOSP-openjdk-cygwin\jdk8u\hotspot\src\share\vm\prims\jni.cpp, line 709]
Event: 2.075 Thread 0x0000000002dfd800 Exception <a 'sun/nio/fs/WindowsException'> (0x00000000ff2137f8) thrown at [D:\src\AOSP-openjdk-cygwin\jdk8u\hotspot\src\share\vm\prims\jni.cpp, line 709]
Event: 2.076 Thread 0x0000000002dfd800 Exception <a 'sun/nio/fs/WindowsException'> (0x00000000ff213fb8) thrown at [D:\src\AOSP-openjdk-cygwin\jdk8u\hotspot\src\share\vm\prims\jni.cpp, line 709]
Event: 2.076 Thread 0x0000000002dfd800 Exception <a 'sun/nio/fs/WindowsException'> (0x00000000ff214558) thrown at [D:\src\AOSP-openjdk-cygwin\jdk8u\hotspot\src\share\vm\prims\jni.cpp, line 709]
Event: 2.076 Thread 0x0000000002dfd800 Exception <a 'sun/nio/fs/WindowsException'> (0x00000000ff214d08) thrown at [D:\src\AOSP-openjdk-cygwin\jdk8u\hotspot\src\share\vm\prims\jni.cpp, line 709]
Event: 2.136 Thread 0x0000000002dfd800 Exception <a 'sun/nio/fs/WindowsException'> (0x00000000ff21a048) thrown at [D:\src\AOSP-openjdk-cygwin\jdk8u\hotspot\src\share\vm\prims\jni.cpp, line 709]
Event: 2.343 Thread 0x0000000002dfd800 Exception <a 'sun/nio/fs/WindowsException'> (0x00000000febccf90) thrown at [D:\src\AOSP-openjdk-cygwin\jdk8u\hotspot\src\share\vm\prims\jni.cpp, line 709]
Event: 2.351 Thread 0x0000000002dfd800 Exception <a 'sun/nio/fs/WindowsException'> (0x00000000febcd4e8) thrown at [D:\src\AOSP-openjdk-cygwin\jdk8u\hotspot\src\share\vm\prims\jni.cpp, line 709]
Event: 2.557 Thread 0x0000000002dfd800 Exception <a 'sun/nio/fs/WindowsException'> (0x00000000ff1aa308) thrown at [D:\src\AOSP-openjdk-cygwin\jdk8u\hotspot\src\share\vm\prims\jni.cpp, line 709]
Event: 2.557 Thread 0x0000000002dfd800 Exception <a 'sun/nio/fs/WindowsException'> (0x00000000ff1aa7e0) thrown at [D:\src\AOSP-openjdk-cygwin\jdk8u\hotspot\src\share\vm\prims\jni.cpp, line 709]

Events (10 events):
Event: 2.525 Thread 0x0000000002dfd800 DEOPT UNPACKING pc=0x0000000002f4556a sp=0x0000000002dde910 mode 2
Event: 2.527 loading class java/util/Vector$Itr
Event: 2.527 loading class java/util/Vector$Itr done
Event: 2.528 Thread 0x0000000002dfd800 DEOPT PACKING pc=0x000000000306cc87 sp=0x0000000002ddef00
Event: 2.528 Thread 0x0000000002dfd800 DEOPT UNPACKING pc=0x0000000002f475bf sp=0x0000000002ddec30 mode 0
Event: 2.562 Thread 0x0000000002dfd800 Uncommon trap: trap_request=0xffffff65 fr.pc=0x0000000003282158
Event: 2.562 Thread 0x0000000002dfd800 DEOPT PACKING pc=0x0000000003282158 sp=0x0000000002ddef60
Event: 2.562 Thread 0x0000000002dfd800 DEOPT UNPACKING pc=0x0000000002f4556a sp=0x0000000002ddef30 mode 2
Event: 2.564 loading class org/objectweb/asm/tree/LocalVariableNode
Event: 2.564 loading class org/objectweb/asm/tree/LocalVariableNode done


Dynamic libraries:
0x00007ff719ba0000 - 0x00007ff719bd1000 	C:\Program Files\Android\Android Studio\jre\bin\java.exe
0x00007ff98de30000 - 0x00007ff98e011000 	C:\WINDOWS\SYSTEM32\ntdll.dll
0x00007ff98c160000 - 0x00007ff98c212000 	C:\WINDOWS\System32\KERNEL32.DLL
0x00007ff98a400000 - 0x00007ff98a673000 	C:\WINDOWS\System32\KERNELBASE.dll
0x00007ff98b860000 - 0x00007ff98b901000 	C:\WINDOWS\System32\ADVAPI32.dll
0x00007ff98bd20000 - 0x00007ff98bdbe000 	C:\WINDOWS\System32\msvcrt.dll
0x00007ff98b910000 - 0x00007ff98b96b000 	C:\WINDOWS\System32\sechost.dll
0x00007ff98b3b0000 - 0x00007ff98b4d4000 	C:\WINDOWS\System32\RPCRT4.dll
0x00007ff98b9f0000 - 0x00007ff98bb80000 	C:\WINDOWS\System32\USER32.dll
0x00007ff98b2a0000 - 0x00007ff98b2c0000 	C:\WINDOWS\System32\win32u.dll
0x00007ff98b380000 - 0x00007ff98b3a8000 	C:\WINDOWS\System32\GDI32.dll
0x00007ff98b060000 - 0x00007ff98b1f2000 	C:\WINDOWS\System32\gdi32full.dll
0x00007ff98b200000 - 0x00007ff98b29f000 	C:\WINDOWS\System32\msvcp_win.dll
0x00007ff98a300000 - 0x00007ff98a3fa000 	C:\WINDOWS\System32\ucrtbase.dll
0x00007ff97d610000 - 0x00007ff97d879000 	C:\WINDOWS\WinSxS\amd64_microsoft.windows.common-controls_6595b64144ccf1df_6.0.17134.48_none_b4b2216a3cb4dd3e\COMCTL32.dll
0x00007ff98bdd0000 - 0x00007ff98c0f3000 	C:\WINDOWS\System32\combase.dll
0x00007ff98adf0000 - 0x00007ff98ae6a000 	C:\WINDOWS\System32\bcryptPrimitives.dll
0x00007ff98b5c0000 - 0x00007ff98b5ed000 	C:\WINDOWS\System32\IMM32.DLL
0x000000005d500000 - 0x000000005d5d2000 	C:\Program Files\Android\Android Studio\jre\jre\bin\msvcr100.dll
0x000000005d5e0000 - 0x000000005de1e000 	C:\Program Files\Android\Android Studio\jre\jre\bin\server\jvm.dll
0x00007ff98b5b0000 - 0x00007ff98b5b8000 	C:\WINDOWS\System32\PSAPI.DLL
0x00007ff9786d0000 - 0x00007ff9786d9000 	C:\WINDOWS\SYSTEM32\WSOCK32.dll
0x00007ff98b970000 - 0x00007ff98b9dc000 	C:\WINDOWS\System32\WS2_32.dll
0x00007ff987c20000 - 0x00007ff987c43000 	C:\WINDOWS\SYSTEM32\WINMM.dll
0x00007ff982480000 - 0x00007ff98248a000 	C:\WINDOWS\SYSTEM32\VERSION.dll
0x00007ff987620000 - 0x00007ff98764a000 	C:\WINDOWS\SYSTEM32\WINMMBASE.dll
0x00007ff98a2b0000 - 0x00007ff98a2f9000 	C:\WINDOWS\System32\cfgmgr32.dll
0x00007ff977560000 - 0x00007ff97756f000 	C:\Program Files\Android\Android Studio\jre\jre\bin\verify.dll
0x00007ff974570000 - 0x00007ff974599000 	C:\Program Files\Android\Android Studio\jre\jre\bin\java.dll
0x00007ff973f80000 - 0x00007ff973f96000 	C:\Program Files\Android\Android Studio\jre\jre\bin\zip.dll
0x00007ff98c2a0000 - 0x00007ff98d6e0000 	C:\WINDOWS\System32\SHELL32.dll
0x00007ff98b4e0000 - 0x00007ff98b589000 	C:\WINDOWS\System32\shcore.dll
0x00007ff98a680000 - 0x00007ff98ad8d000 	C:\WINDOWS\System32\windows.storage.dll
0x00007ff98b320000 - 0x00007ff98b371000 	C:\WINDOWS\System32\shlwapi.dll
0x00007ff98a170000 - 0x00007ff98a181000 	C:\WINDOWS\System32\kernel.appcore.dll
0x00007ff98a190000 - 0x00007ff98a1af000 	C:\WINDOWS\System32\profapi.dll
0x00007ff98a1b0000 - 0x00007ff98a1fc000 	C:\WINDOWS\System32\powrprof.dll
0x00007ff98a160000 - 0x00007ff98a16a000 	C:\WINDOWS\System32\FLTLIB.DLL
0x00007ff989b70000 - 0x00007ff989b87000 	C:\WINDOWS\SYSTEM32\CRYPTSP.dll
0x00007ff9895a0000 - 0x00007ff9895d3000 	C:\WINDOWS\system32\rsaenh.dll
0x00007ff989ca0000 - 0x00007ff989cc5000 	C:\WINDOWS\SYSTEM32\bcrypt.dll
0x00007ff98a040000 - 0x00007ff98a068000 	C:\WINDOWS\SYSTEM32\USERENV.dll
0x00007ff989b90000 - 0x00007ff989b9b000 	C:\WINDOWS\SYSTEM32\CRYPTBASE.dll
0x00007ff9706a0000 - 0x00007ff9706ba000 	C:\Program Files\Android\Android Studio\jre\jre\bin\net.dll
0x00007ff9899c0000 - 0x00007ff989a26000 	C:\WINDOWS\system32\mswsock.dll
0x00007ff989740000 - 0x00007ff989778000 	C:\WINDOWS\SYSTEM32\IPHLPAPI.DLL
0x00007ff98bdc0000 - 0x00007ff98bdc8000 	C:\WINDOWS\System32\NSI.dll
0x00007ff982c80000 - 0x00007ff982c96000 	C:\WINDOWS\SYSTEM32\dhcpcsvc6.DLL
0x00007ff982c60000 - 0x00007ff982c7a000 	C:\WINDOWS\SYSTEM32\dhcpcsvc.DLL
0x00007ff970680000 - 0x00007ff970691000 	C:\Program Files\Android\Android Studio\jre\jre\bin\nio.dll

VM Arguments:
jvm_args: -Djava.awt.headless=true -Xmx64M -Dfile.encoding=x-windows-949 -Duser.country=KR -Duser.language=ko -Duser.variant 
java_command: com.google.devtools.build.android.desugar.Desugar @D:\test\app\build\intermediates\tmp\desugar_args8061663477265037090
java_class_path (initial): C:\Users\Goo\AppData\Local\Temp\desugar_deploy.jar8800467425082905888
Launcher Type: SUN_STANDARD

Environment Variables:
PATH=C:\ProgramData\Oracle\Java\javapath;C:\WINDOWS\system32;C:\WINDOWS;C:\WINDOWS\System32\Wbem;C:\WINDOWS\System32\WindowsPowerShell\v1.0\;C:\OpenSSL;;C:\WINDOWS\System32\OpenSSH\;C:\Users\Goo\AppData\Local\Microsoft\WindowsApps;
USERNAME=Goo
OS=Windows_NT
PROCESSOR_IDENTIFIER=Intel64 Family 6 Model 158 Stepping 9, GenuineIntel



---------------  S Y S T E M  ---------------

OS: Windows 10.0 , 64 bit Build 17134 (10.0.17134.1)

CPU:total 8 (initial active 8) (4 cores per cpu, 2 threads per core) family 6 model 158 stepping 9, cmov, cx8, fxsr, mmx, sse, sse2, sse3, ssse3, sse4.1, sse4.2, popcnt, avx, avx2, aes, clmul, erms, 3dnowpref, lzcnt, ht, tsc, tscinvbit, bmi1, bmi2, adx

Memory: 4k page, physical 16692940k(2784884k free), swap 16692940k(3612k free)

vm_info: OpenJDK 64-Bit Server VM (25.152-b01) for windows-amd64 JRE (1.8.0_152-release-915-b01), built by "builder" with MS VC++ 10.0 (VS2010)

time: Mon Jun 11 12:56:52 2018
elapsed time: 2 seconds (0d 0h 0m 2s)

