#
# There is insufficient memory for the Java Runtime Environment to continue.
# Native memory allocation (malloc) failed to allocate 32744 bytes for ChunkPool::allocate
# Possible reasons:
#   The system is out of physical RAM or swap space
#   In 32 bit mode, the process size limit was hit
# Possible solutions:
#   Reduce memory load on the system
#   Increase physical memory or swap space
#   Check if swap backing store is full
#   Use 64 bit Java on a 64 bit OS
#   Decrease Java heap size (-Xmx/-Xms)
#   Decrease number of Java threads
#   Decrease Java thread stack sizes (-Xss)
#   Set larger code cache with -XX:ReservedCodeCacheSize=
# This output file may be truncated or incomplete.
#
#  Out of Memory Error (allocation.cpp:273), pid=8300, tid=0x0000000000002318
#
# JRE version: OpenJDK Runtime Environment (8.0_152-b01) (build 1.8.0_152-release-915-b01)
# Java VM: OpenJDK 64-Bit Server VM (25.152-b01 mixed mode windows-amd64 compressed oops)
# Failed to write core dump. Minidumps are not enabled by default on client versions of Windows
#

---------------  T H R E A D  ---------------

Current thread (0x00000000138fe800):  JavaThread "C2 CompilerThread0" daemon [_thread_in_native, id=8984, stack(0x0000000015f50000,0x0000000016050000)]

Stack: [0x0000000015f50000,0x0000000016050000]
[error occurred during error reporting (printing stack bounds), id 0xc0000005]

Native frames: (J=compiled Java code, j=interpreted, Vv=VM code, C=native code)


Current CompileTask:
C2:   2497  905 %     4       org.objectweb.asm.ClassReader::a @ 74 (3587 bytes)


---------------  P R O C E S S  ---------------

Java Threads: ( => current thread )
  0x00000000158b7800 JavaThread "Service Thread" daemon [_thread_blocked, id=9700, stack(0x0000000016350000,0x0000000016450000)]
  0x0000000015891000 JavaThread "C1 CompilerThread3" daemon [_thread_blocked, id=7668, stack(0x0000000016250000,0x0000000016350000)]
  0x000000001588e000 JavaThread "C2 CompilerThread2" daemon [_thread_in_native, id=9788, stack(0x0000000016150000,0x0000000016250000)]
  0x00000000157ec800 JavaThread "C2 CompilerThread1" daemon [_thread_in_native, id=4636, stack(0x0000000016050000,0x0000000016150000)]
=>0x00000000138fe800 JavaThread "C2 CompilerThread0" daemon [_thread_in_native, id=8984, stack(0x0000000015f50000,0x0000000016050000)]
  0x00000000157ea000 JavaThread "Attach Listener" daemon [_thread_blocked, id=9220, stack(0x0000000015e50000,0x0000000015f50000)]
  0x0000000015840000 JavaThread "Signal Dispatcher" daemon [_thread_blocked, id=8268, stack(0x0000000015d50000,0x0000000015e50000)]
  0x00000000157d1800 JavaThread "Finalizer" daemon [_thread_blocked, id=9328, stack(0x0000000015bb0000,0x0000000015cb0000)]
  0x0000000003108000 JavaThread "Reference Handler" daemon [_thread_blocked, id=1396, stack(0x00000000156b0000,0x00000000157b0000)]
  0x0000000002e0d800 JavaThread "main" [_thread_in_native, id=8608, stack(0x0000000002f10000,0x0000000003010000)]

Other Threads:
  0x00000000138e5000 VMThread [stack: 0x00000000155b0000,0x00000000156b0000] [id=5168]
  0x00000000158b8800 WatcherThread [stack: 0x0000000016450000,0x0000000016550000] [id=10012]

VM state:not at safepoint (normal execution)

VM Mutex/Monitor currently owned by a thread: None

Heap:
 PSYoungGen      total 18944K, used 15775K [0x00000000feb00000, 0x0000000100000000, 0x0000000100000000)
  eden space 16384K, 80% used [0x00000000feb00000,0x00000000ff7eee18,0x00000000ffb00000)
  from space 2560K, 98% used [0x00000000ffd80000,0x00000000ffff8df0,0x0000000100000000)
  to   space 2560K, 0% used [0x00000000ffb00000,0x00000000ffb00000,0x00000000ffd80000)
 ParOldGen       total 44032K, used 6009K [0x00000000fc000000, 0x00000000feb00000, 0x00000000feb00000)
  object space 44032K, 13% used [0x00000000fc000000,0x00000000fc5de688,0x00000000feb00000)
 Metaspace       used 7691K, capacity 7854K, committed 7936K, reserved 1056768K
  class space    used 875K, capacity 957K, committed 1024K, reserved 1048576K

Card table byte_map: [0x0000000002db0000,0x0000000002de0000] byte_map_base: 0x00000000025d0000

Marking Bits: (ParMarkBitMap*) 0x0000000066043950
 Begin Bits: [0x0000000012cd0000, 0x0000000012dd0000)
 End Bits:   [0x0000000012dd0000, 0x0000000012ed0000)

Polling page: 0x00000000009f0000

CodeCache: size=245760Kb used=3883Kb max_used=3895Kb free=241876Kb
 bounds [0x0000000003110000, 0x00000000034f0000, 0x0000000012110000]
 total_blobs=1369 nmethods=1035 adapters=248
 compilation: enabled

Compilation events (10 events):
Event: 2.477 Thread 0x000000001588e000 nmethod 1021 0x00000000034dd690 code [0x00000000034dd860, 0x00000000034de6b8]
Event: 2.477 Thread 0x000000001588e000 1027       4       org.objectweb.asm.tree.MethodNode::getLabelNodes (51 bytes)
Event: 2.479 Thread 0x0000000015891000 1037  s    3       java.io.BufferedOutputStream::write (67 bytes)
Event: 2.479 Thread 0x0000000015891000 nmethod 1037 0x00000000034dc990 code [0x00000000034dcb60, 0x00000000034dd3b8]
Event: 2.480 Thread 0x0000000015891000 1039       3       java.util.Vector::elementData (7 bytes)
Event: 2.480 Thread 0x0000000015891000 nmethod 1039 0x00000000034dc5d0 code [0x00000000034dc720, 0x00000000034dc890]
Event: 2.481 Thread 0x000000001588e000 nmethod 1027 0x00000000034dabd0 code [0x00000000034dad20, 0x00000000034daf98]
Event: 2.482 Thread 0x000000001588e000 1038  s    4       java.io.BufferedOutputStream::write (35 bytes)
Event: 2.484 Thread 0x000000001588e000 nmethod 1038 0x00000000034da5d0 code [0x00000000034da720, 0x00000000034daa88]
Event: 2.484 Thread 0x000000001588e000 1034       4       org.objectweb.asm.MethodVisitor::visitFieldInsn (20 bytes)

GC Heap History (4 events):
Event: 1.271 GC heap before
{Heap before GC invocations=1 (full 0):
 PSYoungGen      total 18944K, used 16384K [0x00000000feb00000, 0x0000000100000000, 0x0000000100000000)
  eden space 16384K, 100% used [0x00000000feb00000,0x00000000ffb00000,0x00000000ffb00000)
  from space 2560K, 0% used [0x00000000ffd80000,0x00000000ffd80000,0x0000000100000000)
  to   space 2560K, 0% used [0x00000000ffb00000,0x00000000ffb00000,0x00000000ffd80000)
 ParOldGen       total 44032K, used 0K [0x00000000fc000000, 0x00000000feb00000, 0x00000000feb00000)
  object space 44032K, 0% used [0x00000000fc000000,0x00000000fc000000,0x00000000feb00000)
 Metaspace       used 6631K, capacity 6812K, committed 7040K, reserved 1056768K
  class space    used 774K, capacity 824K, committed 896K, reserved 1048576K
Event: 1.279 GC heap after
Heap after GC invocations=1 (full 0):
 PSYoungGen      total 18944K, used 2537K [0x00000000feb00000, 0x0000000100000000, 0x0000000100000000)
  eden space 16384K, 0% used [0x00000000feb00000,0x00000000feb00000,0x00000000ffb00000)
  from space 2560K, 99% used [0x00000000ffb00000,0x00000000ffd7a640,0x00000000ffd80000)
  to   space 2560K, 0% used [0x00000000ffd80000,0x00000000ffd80000,0x0000000100000000)
 ParOldGen       total 44032K, used 1624K [0x00000000fc000000, 0x00000000feb00000, 0x00000000feb00000)
  object space 44032K, 3% used [0x00000000fc000000,0x00000000fc196140,0x00000000feb00000)
 Metaspace       used 6631K, capacity 6812K, committed 7040K, reserved 1056768K
  class space    used 774K, capacity 824K, committed 896K, reserved 1048576K
}
Event: 1.760 GC heap before
{Heap before GC invocations=2 (full 0):
 PSYoungGen      total 18944K, used 18921K [0x00000000feb00000, 0x0000000100000000, 0x0000000100000000)
  eden space 16384K, 100% used [0x00000000feb00000,0x00000000ffb00000,0x00000000ffb00000)
  from space 2560K, 99% used [0x00000000ffb00000,0x00000000ffd7a640,0x00000000ffd80000)
  to   space 2560K, 0% used [0x00000000ffd80000,0x00000000ffd80000,0x0000000100000000)
 ParOldGen       total 44032K, used 1624K [0x00000000fc000000, 0x00000000feb00000, 0x00000000feb00000)
  object space 44032K, 3% used [0x00000000fc000000,0x00000000fc196140,0x00000000feb00000)
 Metaspace       used 6984K, capacity 7118K, committed 7296K, reserved 1056768K
  class space    used 816K, capacity 861K, committed 896K, reserved 1048576K
Event: 1.795 GC heap after
Heap after GC invocations=2 (full 0):
 PSYoungGen      total 18944K, used 2531K [0x00000000feb00000, 0x0000000100000000, 0x0000000100000000)
  eden space 16384K, 0% used [0x00000000feb00000,0x00000000feb00000,0x00000000ffb00000)
  from space 2560K, 98% used [0x00000000ffd80000,0x00000000ffff8df0,0x0000000100000000)
  to   space 2560K, 0% used [0x00000000ffb00000,0x00000000ffb00000,0x00000000ffd80000)
 ParOldGen       total 44032K, used 6009K [0x00000000fc000000, 0x00000000feb00000, 0x00000000feb00000)
  object space 44032K, 13% used [0x00000000fc000000,0x00000000fc5de688,0x00000000feb00000)
 Metaspace       used 6984K, capacity 7118K, committed 7296K, reserved 1056768K
  class space    used 816K, capacity 861K, committed 896K, reserved 1048576K
}

Deoptimization events (10 events):
Event: 1.181 Thread 0x0000000002e0d800 Uncommon trap: reason=unstable_if action=reinterpret pc=0x0000000003352df8 method=java.util.zip.ZipCoder.decoder()Ljava/nio/charset/CharsetDecoder; @ 4
Event: 1.202 Thread 0x0000000002e0d800 Uncommon trap: reason=unstable_if action=reinterpret pc=0x00000000033509ec method=java.util.zip.ZipCoder.decoder()Ljava/nio/charset/CharsetDecoder; @ 4
Event: 1.304 Thread 0x0000000002e0d800 Uncommon trap: reason=unstable_if action=reinterpret pc=0x000000000335af6c method=java.util.zip.ZipCoder.decoder()Ljava/nio/charset/CharsetDecoder; @ 4
Event: 1.306 Thread 0x0000000002e0d800 Uncommon trap: reason=unstable_if action=reinterpret pc=0x00000000033489d8 method=java.util.zip.ZipCoder.decoder()Ljava/nio/charset/CharsetDecoder; @ 4
Event: 1.306 Thread 0x0000000002e0d800 Uncommon trap: reason=unstable_if action=reinterpret pc=0x0000000003344a40 method=java.util.zip.ZipCoder.decoder()Ljava/nio/charset/CharsetDecoder; @ 4
Event: 1.332 Thread 0x0000000002e0d800 Uncommon trap: reason=unstable_if action=reinterpret pc=0x0000000003360388 method=java.util.HashMap$HashIterator.nextNode()Ljava/util/HashMap$Node; @ 74
Event: 1.515 Thread 0x0000000002e0d800 Uncommon trap: reason=unstable_if action=reinterpret pc=0x0000000003360888 method=java.util.HashMap$HashIterator.nextNode()Ljava/util/HashMap$Node; @ 74
Event: 1.640 Thread 0x0000000002e0d800 Uncommon trap: reason=unloaded action=reinterpret pc=0x00000000033573bc method=java.util.zip.ZipEntry.setExtra0([BZ)V @ 37
Event: 1.951 Thread 0x0000000002e0d800 Uncommon trap: reason=unstable_if action=reinterpret pc=0x00000000032c58b8 method=java.lang.String.<init>([CII)V @ 18
Event: 2.169 Thread 0x0000000002e0d800 Uncommon trap: reason=unstable_if action=reinterpret pc=0x000000000344d5fc method=org.objectweb.asm.MethodWriter.visitVarInsn(II)V @ 142

Classes redefined (0 events):
No events

Internal exceptions (10 events):
Event: 1.306 Thread 0x0000000002e0d800 Implicit null exception at 0x00000000033445fd to 0x0000000003344a31
Event: 1.511 Thread 0x0000000002e0d800 Exception <a 'sun/nio/fs/WindowsException'> (0x00000000ff1f65e0) thrown at [D:\src\AOSP-openjdk-cygwin\jdk8u\hotspot\src\share\vm\prims\jni.cpp, line 709]
Event: 1.511 Thread 0x0000000002e0d800 Exception <a 'sun/nio/fs/WindowsException'> (0x00000000ff1f6ba0) thrown at [D:\src\AOSP-openjdk-cygwin\jdk8u\hotspot\src\share\vm\prims\jni.cpp, line 709]
Event: 1.511 Thread 0x0000000002e0d800 Exception <a 'sun/nio/fs/WindowsException'> (0x00000000ff1f7168) thrown at [D:\src\AOSP-openjdk-cygwin\jdk8u\hotspot\src\share\vm\prims\jni.cpp, line 709]
Event: 1.511 Thread 0x0000000002e0d800 Exception <a 'sun/nio/fs/WindowsException'> (0x00000000ff1f7928) thrown at [D:\src\AOSP-openjdk-cygwin\jdk8u\hotspot\src\share\vm\prims\jni.cpp, line 709]
Event: 1.511 Thread 0x0000000002e0d800 Exception <a 'sun/nio/fs/WindowsException'> (0x00000000ff1f7ec8) thrown at [D:\src\AOSP-openjdk-cygwin\jdk8u\hotspot\src\share\vm\prims\jni.cpp, line 709]
Event: 1.511 Thread 0x0000000002e0d800 Exception <a 'sun/nio/fs/WindowsException'> (0x00000000ff1f8678) thrown at [D:\src\AOSP-openjdk-cygwin\jdk8u\hotspot\src\share\vm\prims\jni.cpp, line 709]
Event: 1.529 Thread 0x0000000002e0d800 Exception <a 'sun/nio/fs/WindowsException'> (0x00000000ff1fd9b8) thrown at [D:\src\AOSP-openjdk-cygwin\jdk8u\hotspot\src\share\vm\prims\jni.cpp, line 709]
Event: 1.805 Thread 0x0000000002e0d800 Exception <a 'sun/nio/fs/WindowsException'> (0x00000000feb85648) thrown at [D:\src\AOSP-openjdk-cygwin\jdk8u\hotspot\src\share\vm\prims\jni.cpp, line 709]
Event: 1.805 Thread 0x0000000002e0d800 Exception <a 'sun/nio/fs/WindowsException'> (0x00000000feb85ba0) thrown at [D:\src\AOSP-openjdk-cygwin\jdk8u\hotspot\src\share\vm\prims\jni.cpp, line 709]

Events (10 events):
Event: 2.108 loading class org/objectweb/asm/tree/TryCatchBlockNode done
Event: 2.108 loading class org/objectweb/asm/Handler
Event: 2.108 loading class org/objectweb/asm/Handler done
Event: 2.169 Thread 0x0000000002e0d800 Uncommon trap: trap_request=0xffffff65 fr.pc=0x000000000344d5fc
Event: 2.169 Thread 0x0000000002e0d800 DEOPT PACKING pc=0x000000000344d5fc sp=0x000000000300f1a0
Event: 2.169 Thread 0x0000000002e0d800 DEOPT UNPACKING pc=0x000000000315556a sp=0x000000000300f0e8 mode 2
Event: 2.447 Executing VM operation: ForceSafepoint
Event: 2.447 Executing VM operation: ForceSafepoint done
Event: 2.478 loading class java/util/Vector$Itr
Event: 2.479 loading class java/util/Vector$Itr done


Dynamic libraries:
0x00007ff758eb0000 - 0x00007ff758ee1000 	C:\Program Files\Android\Android Studio\jre\bin\java.exe
0x00007ffb91da0000 - 0x00007ffb91f81000 	C:\WINDOWS\SYSTEM32\ntdll.dll
0x00007ffb8f2e0000 - 0x00007ffb8f392000 	C:\WINDOWS\System32\KERNEL32.DLL
0x00007ffb8e250000 - 0x00007ffb8e4c3000 	C:\WINDOWS\System32\KERNELBASE.dll
0x00007ffb91a20000 - 0x00007ffb91ac1000 	C:\WINDOWS\System32\ADVAPI32.dll
0x00007ffb91200000 - 0x00007ffb9129e000 	C:\WINDOWS\System32\msvcrt.dll
0x00007ffb91b40000 - 0x00007ffb91b9b000 	C:\WINDOWS\System32\sechost.dll
0x00007ffb914a0000 - 0x00007ffb915c4000 	C:\WINDOWS\System32\RPCRT4.dll
0x00007ffb90b50000 - 0x00007ffb90ce0000 	C:\WINDOWS\System32\USER32.dll
0x00007ffb8eab0000 - 0x00007ffb8ead0000 	C:\WINDOWS\System32\win32u.dll
0x00007ffb91ba0000 - 0x00007ffb91bc8000 	C:\WINDOWS\System32\GDI32.dll
0x00007ffb8e910000 - 0x00007ffb8eaa2000 	C:\WINDOWS\System32\gdi32full.dll
0x00007ffb8e4d0000 - 0x00007ffb8e56f000 	C:\WINDOWS\System32\msvcp_win.dll
0x00007ffb8e810000 - 0x00007ffb8e90a000 	C:\WINDOWS\System32\ucrtbase.dll
0x00007ffb80fa0000 - 0x00007ffb81209000 	C:\WINDOWS\WinSxS\amd64_microsoft.windows.common-controls_6595b64144ccf1df_6.0.17134.48_none_b4b2216a3cb4dd3e\COMCTL32.dll
0x00007ffb91670000 - 0x00007ffb91993000 	C:\WINDOWS\System32\combase.dll
0x00007ffb8e1d0000 - 0x00007ffb8e24a000 	C:\WINDOWS\System32\bcryptPrimitives.dll
0x00007ffb91470000 - 0x00007ffb9149d000 	C:\WINDOWS\System32\IMM32.DLL
0x00000000657a0000 - 0x0000000065872000 	C:\Program Files\Android\Android Studio\jre\jre\bin\msvcr100.dll
0x0000000065880000 - 0x00000000660be000 	C:\Program Files\Android\Android Studio\jre\jre\bin\server\jvm.dll
0x00007ffb90840000 - 0x00007ffb90848000 	C:\WINDOWS\System32\PSAPI.DLL
0x00007ffb8c240000 - 0x00007ffb8c263000 	C:\WINDOWS\SYSTEM32\WINMM.dll
0x00007ffb8c2f0000 - 0x00007ffb8c2f9000 	C:\WINDOWS\SYSTEM32\WSOCK32.dll
0x00007ffb91400000 - 0x00007ffb9146c000 	C:\WINDOWS\System32\WS2_32.dll
0x00007ffb88260000 - 0x00007ffb8826a000 	C:\WINDOWS\SYSTEM32\VERSION.dll
0x00007ffb8c120000 - 0x00007ffb8c14a000 	C:\WINDOWS\SYSTEM32\WINMMBASE.dll
0x00007ffb8f1e0000 - 0x00007ffb8f229000 	C:\WINDOWS\System32\cfgmgr32.dll
0x00007ffb8aa50000 - 0x00007ffb8aa5f000 	C:\Program Files\Android\Android Studio\jre\jre\bin\verify.dll
0x00007ffb80ab0000 - 0x00007ffb80ad9000 	C:\Program Files\Android\Android Studio\jre\jre\bin\java.dll
0x00007ffb87ba0000 - 0x00007ffb87bb6000 	C:\Program Files\Android\Android Studio\jre\jre\bin\zip.dll
0x00007ffb8f400000 - 0x00007ffb90840000 	C:\WINDOWS\System32\SHELL32.dll
0x00007ffb8f230000 - 0x00007ffb8f2d9000 	C:\WINDOWS\System32\shcore.dll
0x00007ffb8ead0000 - 0x00007ffb8f1dd000 	C:\WINDOWS\System32\windows.storage.dll
0x00007ffb91ae0000 - 0x00007ffb91b31000 	C:\WINDOWS\System32\shlwapi.dll
0x00007ffb8e150000 - 0x00007ffb8e161000 	C:\WINDOWS\System32\kernel.appcore.dll
0x00007ffb8e130000 - 0x00007ffb8e14f000 	C:\WINDOWS\System32\profapi.dll
0x00007ffb8e0b0000 - 0x00007ffb8e0fc000 	C:\WINDOWS\System32\powrprof.dll
0x00007ffb8e120000 - 0x00007ffb8e12a000 	C:\WINDOWS\System32\FLTLIB.DLL
0x00007ffb8dae0000 - 0x00007ffb8daf7000 	C:\WINDOWS\SYSTEM32\CRYPTSP.dll
0x00007ffb8d510000 - 0x00007ffb8d543000 	C:\WINDOWS\system32\rsaenh.dll
0x00007ffb8dc10000 - 0x00007ffb8dc35000 	C:\WINDOWS\SYSTEM32\bcrypt.dll
0x00007ffb8dfe0000 - 0x00007ffb8e008000 	C:\WINDOWS\SYSTEM32\USERENV.dll
0x00007ffb8db00000 - 0x00007ffb8db0b000 	C:\WINDOWS\SYSTEM32\CRYPTBASE.dll
0x00007ffb80a90000 - 0x00007ffb80aaa000 	C:\Program Files\Android\Android Studio\jre\jre\bin\net.dll
0x00007ffb8d930000 - 0x00007ffb8d996000 	C:\WINDOWS\system32\mswsock.dll
0x00007ffb8d6b0000 - 0x00007ffb8d6e8000 	C:\WINDOWS\SYSTEM32\IPHLPAPI.DLL
0x00007ffb91390000 - 0x00007ffb91398000 	C:\WINDOWS\System32\NSI.dll
0x00007ffb86ca0000 - 0x00007ffb86cb6000 	C:\WINDOWS\SYSTEM32\dhcpcsvc6.DLL
0x00007ffb86c80000 - 0x00007ffb86c9a000 	C:\WINDOWS\SYSTEM32\dhcpcsvc.DLL
0x00007ffb80a70000 - 0x00007ffb80a81000 	C:\Program Files\Android\Android Studio\jre\jre\bin\nio.dll

VM Arguments:
jvm_args: -Djava.awt.headless=true -Xmx64M -Dfile.encoding=x-windows-949 -Duser.country=KR -Duser.language=ko -Duser.variant 
java_command: com.google.devtools.build.android.desugar.Desugar @D:\test\app\build\intermediates\tmp\desugar_args6905857081386483435
java_class_path (initial): C:\Users\Goo\AppData\Local\Temp\desugar_deploy.jar1708037987933737255
Launcher Type: SUN_STANDARD

Environment Variables:
PATH=C:\ProgramData\Oracle\Java\javapath;C:\WINDOWS\system32;C:\WINDOWS;C:\WINDOWS\System32\Wbem;C:\WINDOWS\System32\WindowsPowerShell\v1.0\;C:\OpenSSL;;C:\WINDOWS\System32\OpenSSH\;C:\Users\Goo\AppData\Local\Microsoft\WindowsApps;
USERNAME=Goo
OS=Windows_NT
PROCESSOR_IDENTIFIER=Intel64 Family 6 Model 158 Stepping 9, GenuineIntel



---------------  S Y S T E M  ---------------

OS: Windows 10.0 , 64 bit Build 17134 (10.0.17134.1)

CPU:total 8 (initial active 8) (4 cores per cpu, 2 threads per core) family 6 model 158 stepping 9, cmov, cx8, fxsr, mmx, sse, sse2, sse3, ssse3, sse4.1, sse4.2, popcnt, avx, avx2, aes, clmul, erms, 3dnowpref, lzcnt, ht, tsc, tscinvbit, bmi1, bmi2, adx

Memory: 4k page, physical 16692940k(3962176k free), swap 16692940k(428k free)

vm_info: OpenJDK 64-Bit Server VM (25.152-b01) for windows-amd64 JRE (1.8.0_152-release-915-b01), built by "builder" with MS VC++ 10.0 (VS2010)

time: Mon Jun 04 03:53:51 2018
elapsed time: 2 seconds (0d 0h 0m 2s)

