#
# There is insufficient memory for the Java Runtime Environment to continue.
# Native memory allocation (malloc) failed to allocate 2347696 bytes for Chunk::new
# Possible reasons:
#   The system is out of physical RAM or swap space
#   In 32 bit mode, the process size limit was hit
# Possible solutions:
#   Reduce memory load on the system
#   Increase physical memory or swap space
#   Check if swap backing store is full
#   Use 64 bit Java on a 64 bit OS
#   Decrease Java heap size (-Xmx/-Xms)
#   Decrease number of Java threads
#   Decrease Java thread stack sizes (-Xss)
#   Set larger code cache with -XX:ReservedCodeCacheSize=
# This output file may be truncated or incomplete.
#
#  Out of Memory Error (allocation.cpp:390), pid=7524, tid=0x00000000000022f4
#
# JRE version: OpenJDK Runtime Environment (8.0_152-b01) (build 1.8.0_152-release-915-b01)
# Java VM: OpenJDK 64-Bit Server VM (25.152-b01 mixed mode windows-amd64 compressed oops)
# Failed to write core dump. Minidumps are not enabled by default on client versions of Windows
#

---------------  T H R E A D  ---------------

Current thread (0x0000000015741000):  JavaThread "C2 CompilerThread1" daemon [_thread_in_native, id=8948, stack(0x0000000015f40000,0x0000000016040000)]

Stack: [0x0000000015f40000,0x0000000016040000]
[error occurred during error reporting (printing stack bounds), id 0xc0000005]

Native frames: (J=compiled Java code, j=interpreted, Vv=VM code, C=native code)


Current CompileTask:
C2:   4737 1200       4       org.objectweb.asm.ClassReader::a (3587 bytes)


---------------  P R O C E S S  ---------------

Java Threads: ( => current thread )
  0x000000001574e000 JavaThread "Service Thread" daemon [_thread_blocked, id=12140, stack(0x0000000016240000,0x0000000016340000)]
  0x0000000015748000 JavaThread "C1 CompilerThread3" daemon [_thread_in_native, id=12784, stack(0x0000000016140000,0x0000000016240000)]
  0x0000000015744000 JavaThread "C2 CompilerThread2" daemon [_thread_in_native, id=12308, stack(0x0000000016040000,0x0000000016140000)]
=>0x0000000015741000 JavaThread "C2 CompilerThread1" daemon [_thread_in_native, id=8948, stack(0x0000000015f40000,0x0000000016040000)]
  0x0000000015740000 JavaThread "C2 CompilerThread0" daemon [_thread_in_native, id=1052, stack(0x0000000015e40000,0x0000000015f40000)]
  0x000000001573f000 JavaThread "Attach Listener" daemon [_thread_blocked, id=4280, stack(0x0000000015d40000,0x0000000015e40000)]
  0x00000000156d5800 JavaThread "Signal Dispatcher" daemon [_thread_blocked, id=11456, stack(0x0000000015c40000,0x0000000015d40000)]
  0x00000000156d0800 JavaThread "Finalizer" daemon [_thread_blocked, id=11336, stack(0x0000000015ab0000,0x0000000015bb0000)]
  0x00000000137ea800 JavaThread "Reference Handler" daemon [_thread_blocked, id=516, stack(0x00000000155b0000,0x00000000156b0000)]
  0x00000000029bd800 JavaThread "main" [_thread_in_native, id=6132, stack(0x0000000002e20000,0x0000000002f20000)]

Other Threads:
  0x00000000137e6000 VMThread [stack: 0x00000000154b0000,0x00000000155b0000] [id=12460]
  0x000000001574e800 WatcherThread [stack: 0x0000000016340000,0x0000000016440000] [id=1128]

VM state:not at safepoint (normal execution)

VM Mutex/Monitor currently owned by a thread: None

Heap:
 PSYoungGen      total 18944K, used 4484K [0x00000000feb00000, 0x0000000100000000, 0x0000000100000000)
  eden space 16384K, 11% used [0x00000000feb00000,0x00000000fece84e0,0x00000000ffb00000)
  from space 2560K, 98% used [0x00000000ffb00000,0x00000000ffd78e00,0x00000000ffd80000)
  to   space 2560K, 0% used [0x00000000ffd80000,0x00000000ffd80000,0x0000000100000000)
 ParOldGen       total 44032K, used 7765K [0x00000000fc000000, 0x00000000feb00000, 0x00000000feb00000)
  object space 44032K, 17% used [0x00000000fc000000,0x00000000fc795780,0x00000000feb00000)
 Metaspace       used 7806K, capacity 7970K, committed 8192K, reserved 1056768K
  class space    used 875K, capacity 957K, committed 1024K, reserved 1048576K

Card table byte_map: [0x0000000002950000,0x0000000002980000] byte_map_base: 0x0000000002170000

Marking Bits: (ParMarkBitMap*) 0x000000005d303950
 Begin Bits: [0x0000000012be0000, 0x0000000012ce0000)
 End Bits:   [0x0000000012ce0000, 0x0000000012de0000)

Polling page: 0x0000000001130000

CodeCache: size=245760Kb used=4924Kb max_used=4931Kb free=240835Kb
 bounds [0x0000000003020000, 0x0000000003500000, 0x0000000012020000]
 total_blobs=1597 nmethods=1262 adapters=248
 compilation: enabled

Compilation events (10 events):
Event: 4.320 Thread 0x0000000015744000 nmethod 1241 0x00000000034dedd0 code [0x00000000034def20, 0x00000000034df118]
Event: 4.320 Thread 0x0000000015740000 nmethod 1222 0x00000000034e8350 code [0x00000000034e85c0, 0x00000000034e99c8]
Event: 4.324 Thread 0x0000000015744000 1258       4       org.objectweb.asm.ClassReader::accept (1176 bytes)
Event: 4.334 Thread 0x0000000015748000 1259       1       java.util.concurrent.TimeUnit$3::toSeconds (6 bytes)
Event: 4.335 Thread 0x0000000015748000 nmethod 1259 0x00000000034dead0 code [0x00000000034dec20, 0x00000000034ded50]
Event: 4.424 Thread 0x0000000015744000 nmethod 1258 0x00000000034f0850 code [0x00000000034f0c40, 0x00000000034f4de8]
Event: 4.504 Thread 0x0000000015740000 1260       4       org.objectweb.asm.MethodVisitor::visitTypeInsn (17 bytes)
Event: 4.505 Thread 0x0000000015748000 1261       3       org.objectweb.asm.MethodVisitor::visitFieldInsn (20 bytes)
Event: 4.505 Thread 0x0000000015748000 nmethod 1261 0x00000000034de610 code [0x00000000034de780, 0x00000000034de9e8]
Event: 4.733 Thread 0x0000000015744000 1262       4       com.google.devtools.build.android.desugar.LambdaDesugaring::visitMethod (206 bytes)

GC Heap History (10 events):
Event: 1.222 GC heap before
{Heap before GC invocations=1 (full 0):
 PSYoungGen      total 18944K, used 16384K [0x00000000feb00000, 0x0000000100000000, 0x0000000100000000)
  eden space 16384K, 100% used [0x00000000feb00000,0x00000000ffb00000,0x00000000ffb00000)
  from space 2560K, 0% used [0x00000000ffd80000,0x00000000ffd80000,0x0000000100000000)
  to   space 2560K, 0% used [0x00000000ffb00000,0x00000000ffb00000,0x00000000ffd80000)
 ParOldGen       total 44032K, used 0K [0x00000000fc000000, 0x00000000feb00000, 0x00000000feb00000)
  object space 44032K, 0% used [0x00000000fc000000,0x00000000fc000000,0x00000000feb00000)
 Metaspace       used 6626K, capacity 6800K, committed 7040K, reserved 1056768K
  class space    used 774K, capacity 824K, committed 896K, reserved 1048576K
Event: 1.249 GC heap after
Heap after GC invocations=1 (full 0):
 PSYoungGen      total 18944K, used 2537K [0x00000000feb00000, 0x0000000100000000, 0x0000000100000000)
  eden space 16384K, 0% used [0x00000000feb00000,0x00000000feb00000,0x00000000ffb00000)
  from space 2560K, 99% used [0x00000000ffb00000,0x00000000ffd7a620,0x00000000ffd80000)
  to   space 2560K, 0% used [0x00000000ffd80000,0x00000000ffd80000,0x0000000100000000)
 ParOldGen       total 44032K, used 1563K [0x00000000fc000000, 0x00000000feb00000, 0x00000000feb00000)
  object space 44032K, 3% used [0x00000000fc000000,0x00000000fc186fe0,0x00000000feb00000)
 Metaspace       used 6626K, capacity 6800K, committed 7040K, reserved 1056768K
  class space    used 774K, capacity 824K, committed 896K, reserved 1048576K
}
Event: 1.684 GC heap before
{Heap before GC invocations=2 (full 0):
 PSYoungGen      total 18944K, used 18921K [0x00000000feb00000, 0x0000000100000000, 0x0000000100000000)
  eden space 16384K, 100% used [0x00000000feb00000,0x00000000ffb00000,0x00000000ffb00000)
  from space 2560K, 99% used [0x00000000ffb00000,0x00000000ffd7a620,0x00000000ffd80000)
  to   space 2560K, 0% used [0x00000000ffd80000,0x00000000ffd80000,0x0000000100000000)
 ParOldGen       total 44032K, used 1563K [0x00000000fc000000, 0x00000000feb00000, 0x00000000feb00000)
  object space 44032K, 3% used [0x00000000fc000000,0x00000000fc186fe0,0x00000000feb00000)
 Metaspace       used 6970K, capacity 7106K, committed 7296K, reserved 1056768K
  class space    used 816K, capacity 861K, committed 896K, reserved 1048576K
Event: 1.739 GC heap after
Heap after GC invocations=2 (full 0):
 PSYoungGen      total 18944K, used 2531K [0x00000000feb00000, 0x0000000100000000, 0x0000000100000000)
  eden space 16384K, 0% used [0x00000000feb00000,0x00000000feb00000,0x00000000ffb00000)
  from space 2560K, 98% used [0x00000000ffd80000,0x00000000ffff8df0,0x0000000100000000)
  to   space 2560K, 0% used [0x00000000ffb00000,0x00000000ffb00000,0x00000000ffd80000)
 ParOldGen       total 44032K, used 5873K [0x00000000fc000000, 0x00000000feb00000, 0x00000000feb00000)
  object space 44032K, 13% used [0x00000000fc000000,0x00000000fc5bc518,0x00000000feb00000)
 Metaspace       used 6970K, capacity 7106K, committed 7296K, reserved 1056768K
  class space    used 816K, capacity 861K, committed 896K, reserved 1048576K
}
Event: 2.115 GC heap before
{Heap before GC invocations=3 (full 0):
 PSYoungGen      total 18944K, used 18915K [0x00000000feb00000, 0x0000000100000000, 0x0000000100000000)
  eden space 16384K, 100% used [0x00000000feb00000,0x00000000ffb00000,0x00000000ffb00000)
  from space 2560K, 98% used [0x00000000ffd80000,0x00000000ffff8df0,0x0000000100000000)
  to   space 2560K, 0% used [0x00000000ffb00000,0x00000000ffb00000,0x00000000ffd80000)
 ParOldGen       total 44032K, used 5873K [0x00000000fc000000, 0x00000000feb00000, 0x00000000feb00000)
  object space 44032K, 13% used [0x00000000fc000000,0x00000000fc5bc518,0x00000000feb00000)
 Metaspace       used 7665K, capacity 7842K, committed 7936K, reserved 1056768K
  class space    used 875K, capacity 957K, committed 1024K, reserved 1048576K
Event: 2.185 GC heap after
Heap after GC invocations=3 (full 0):
 PSYoungGen      total 18944K, used 2547K [0x00000000feb00000, 0x0000000100000000, 0x0000000100000000)
  eden space 16384K, 0% used [0x00000000feb00000,0x00000000feb00000,0x00000000ffb00000)
  from space 2560K, 99% used [0x00000000ffb00000,0x00000000ffd7ce00,0x00000000ffd80000)
  to   space 2560K, 0% used [0x00000000ffd80000,0x00000000ffd80000,0x0000000100000000)
 ParOldGen       total 44032K, used 7189K [0x00000000fc000000, 0x00000000feb00000, 0x00000000feb00000)
  object space 44032K, 16% used [0x00000000fc000000,0x00000000fc705740,0x00000000feb00000)
 Metaspace       used 7665K, capacity 7842K, committed 7936K, reserved 1056768K
  class space    used 875K, capacity 957K, committed 1024K, reserved 1048576K
}
Event: 3.603 GC heap before
{Heap before GC invocations=4 (full 0):
 PSYoungGen      total 18944K, used 18931K [0x00000000feb00000, 0x0000000100000000, 0x0000000100000000)
  eden space 16384K, 100% used [0x00000000feb00000,0x00000000ffb00000,0x00000000ffb00000)
  from space 2560K, 99% used [0x00000000ffb00000,0x00000000ffd7ce00,0x00000000ffd80000)
  to   space 2560K, 0% used [0x00000000ffd80000,0x00000000ffd80000,0x0000000100000000)
 ParOldGen       total 44032K, used 7189K [0x00000000fc000000, 0x00000000feb00000, 0x00000000feb00000)
  object space 44032K, 16% used [0x00000000fc000000,0x00000000fc705740,0x00000000feb00000)
 Metaspace       used 7731K, capacity 7970K, committed 8192K, reserved 1056768K
  class space    used 875K, capacity 957K, committed 1024K, reserved 1048576K
Event: 3.917 GC heap after
Heap after GC invocations=4 (full 0):
 PSYoungGen      total 18944K, used 2531K [0x00000000feb00000, 0x0000000100000000, 0x0000000100000000)
  eden space 16384K, 0% used [0x00000000feb00000,0x00000000feb00000,0x00000000ffb00000)
  from space 2560K, 98% used [0x00000000ffd80000,0x00000000ffff8e00,0x0000000100000000)
  to   space 2560K, 0% used [0x00000000ffb00000,0x00000000ffb00000,0x00000000ffd80000)
 ParOldGen       total 44032K, used 7645K [0x00000000fc000000, 0x00000000feb00000, 0x00000000feb00000)
  object space 44032K, 17% used [0x00000000fc000000,0x00000000fc777770,0x00000000feb00000)
 Metaspace       used 7731K, capacity 7970K, committed 8192K, reserved 1056768K
  class space    used 875K, capacity 957K, committed 1024K, reserved 1048576K
}
Event: 4.506 GC heap before
{Heap before GC invocations=5 (full 0):
 PSYoungGen      total 18944K, used 18915K [0x00000000feb00000, 0x0000000100000000, 0x0000000100000000)
  eden space 16384K, 100% used [0x00000000feb00000,0x00000000ffb00000,0x00000000ffb00000)
  from space 2560K, 98% used [0x00000000ffd80000,0x00000000ffff8e00,0x0000000100000000)
  to   space 2560K, 0% used [0x00000000ffb00000,0x00000000ffb00000,0x00000000ffd80000)
 ParOldGen       total 44032K, used 7645K [0x00000000fc000000, 0x00000000feb00000, 0x00000000feb00000)
  object space 44032K, 17% used [0x00000000fc000000,0x00000000fc777770,0x00000000feb00000)
 Metaspace       used 7803K, capacity 7970K, committed 8192K, reserved 1056768K
  class space    used 875K, capacity 957K, committed 1024K, reserved 1048576K
Event: 4.729 GC heap after
Heap after GC invocations=5 (full 0):
 PSYoungGen      total 18944K, used 2531K [0x00000000feb00000, 0x0000000100000000, 0x0000000100000000)
  eden space 16384K, 0% used [0x00000000feb00000,0x00000000feb00000,0x00000000ffb00000)
  from space 2560K, 98% used [0x00000000ffb00000,0x00000000ffd78e00,0x00000000ffd80000)
  to   space 2560K, 0% used [0x00000000ffd80000,0x00000000ffd80000,0x0000000100000000)
 ParOldGen       total 44032K, used 7765K [0x00000000fc000000, 0x00000000feb00000, 0x00000000feb00000)
  object space 44032K, 17% used [0x00000000fc000000,0x00000000fc795780,0x00000000feb00000)
 Metaspace       used 7803K, capacity 7970K, committed 8192K, reserved 1056768K
  class space    used 875K, capacity 957K, committed 1024K, reserved 1048576K
}

Deoptimization events (10 events):
Event: 1.423 Thread 0x00000000029bd800 Uncommon trap: reason=unstable_if action=reinterpret pc=0x000000000326ee88 method=java.util.HashMap$HashIterator.nextNode()Ljava/util/HashMap$Node; @ 74
Event: 1.647 Thread 0x00000000029bd800 Uncommon trap: reason=unloaded action=reinterpret pc=0x00000000032529fc method=java.util.zip.ZipEntry.setExtra0([BZ)V @ 37
Event: 1.825 Thread 0x00000000029bd800 Uncommon trap: reason=unstable_if action=reinterpret pc=0x00000000031cac38 method=java.lang.String.<init>([CII)V @ 18
Event: 2.074 Thread 0x00000000029bd800 Uncommon trap: reason=unstable_if action=reinterpret pc=0x0000000003384f1c method=org.objectweb.asm.Type.getArgumentsAndReturnSizes(Ljava/lang/String;)I @ 130
Event: 2.195 Thread 0x00000000029bd800 Uncommon trap: reason=unstable_if action=reinterpret pc=0x00000000033ae374 method=org.objectweb.asm.tree.MethodNode.getLabelNodes([Ljava/lang/Object;)[Ljava/lang/Object; @ 24
Event: 3.428 Thread 0x00000000029bd800 Uncommon trap: reason=null_check action=make_not_entrant pc=0x00000000033f0c5c method=com.google.devtools.build.android.desugar.InterfaceDesugaring$InterfaceInvocationRewriter.visitMethodInsn(ILjava/lang/String;Ljava/lang/String;Ljava/lang/String;Z)V @ 10
Event: 3.458 Thread 0x00000000029bd800 Uncommon trap: reason=null_check action=make_not_entrant pc=0x000000000341bea4 method=com.google.devtools.build.android.desugar.InterfaceDesugaring$InterfaceInvocationRewriter.visitMethodInsn(ILjava/lang/String;Ljava/lang/String;Ljava/lang/String;Z)V @ 10
Event: 4.242 Thread 0x00000000029bd800 Uncommon trap: reason=unstable_if action=reinterpret pc=0x000000000338bc1c method=org.objectweb.asm.MethodWriter.visitVarInsn(II)V @ 148
Event: 4.242 Thread 0x00000000029bd800 Uncommon trap: reason=unstable_if action=reinterpret pc=0x000000000336be38 method=org.objectweb.asm.MethodWriter.visitVarInsn(II)V @ 136
Event: 4.504 Thread 0x00000000029bd800 Uncommon trap: reason=unstable_if action=reinterpret pc=0x00000000033ea430 method=org.objectweb.asm.MethodWriter.visitFieldInsn(ILjava/lang/String;Ljava/lang/String;Ljava/lang/String;)V @ 200

Classes redefined (0 events):
No events

Internal exceptions (10 events):
Event: 3.496 Thread 0x00000000029bd800 Exception <a 'sun/nio/fs/WindowsException'> (0x00000000ff20a778) thrown at [D:\src\AOSP-openjdk-cygwin\jdk8u\hotspot\src\share\vm\prims\jni.cpp, line 709]
Event: 3.496 Thread 0x00000000029bd800 Exception <a 'sun/nio/fs/WindowsException'> (0x00000000ff20ac50) thrown at [D:\src\AOSP-openjdk-cygwin\jdk8u\hotspot\src\share\vm\prims\jni.cpp, line 709]
Event: 4.275 Thread 0x00000000029bd800 Exception <a 'sun/nio/fs/WindowsException'> (0x00000000ff1657d8) thrown at [D:\src\AOSP-openjdk-cygwin\jdk8u\hotspot\src\share\vm\prims\jni.cpp, line 709]
Event: 4.275 Thread 0x00000000029bd800 Exception <a 'sun/nio/fs/WindowsException'> (0x00000000ff165cb0) thrown at [D:\src\AOSP-openjdk-cygwin\jdk8u\hotspot\src\share\vm\prims\jni.cpp, line 709]
Event: 4.316 Thread 0x00000000029bd800 Exception <a 'sun/nio/fs/WindowsException'> (0x00000000ff9a9e90) thrown at [D:\src\AOSP-openjdk-cygwin\jdk8u\hotspot\src\share\vm\prims\jni.cpp, line 709]
Event: 4.316 Thread 0x00000000029bd800 Exception <a 'sun/nio/fs/WindowsException'> (0x00000000ff9aa368) thrown at [D:\src\AOSP-openjdk-cygwin\jdk8u\hotspot\src\share\vm\prims\jni.cpp, line 709]
Event: 4.340 Thread 0x00000000029bd800 Exception <a 'sun/nio/fs/WindowsException'> (0x00000000ffa47dc8) thrown at [D:\src\AOSP-openjdk-cygwin\jdk8u\hotspot\src\share\vm\prims\jni.cpp, line 709]
Event: 4.341 Thread 0x00000000029bd800 Exception <a 'sun/nio/fs/WindowsException'> (0x00000000ffa482a0) thrown at [D:\src\AOSP-openjdk-cygwin\jdk8u\hotspot\src\share\vm\prims\jni.cpp, line 709]
Event: 4.453 Thread 0x00000000029bd800 Exception <a 'sun/nio/fs/WindowsException'> (0x00000000ffa85408) thrown at [D:\src\AOSP-openjdk-cygwin\jdk8u\hotspot\src\share\vm\prims\jni.cpp, line 709]
Event: 4.453 Thread 0x00000000029bd800 Exception <a 'sun/nio/fs/WindowsException'> (0x00000000ffa858e0) thrown at [D:\src\AOSP-openjdk-cygwin\jdk8u\hotspot\src\share\vm\prims\jni.cpp, line 709]

Events (10 events):
Event: 4.309 Thread 0x00000000029bd800 DEOPT UNPACKING pc=0x00000000030675bf sp=0x0000000002f1ea30 mode 0
Event: 4.326 Thread 0x00000000029bd800 DEOPT PACKING pc=0x0000000003308918 sp=0x0000000002f1ea80
Event: 4.326 Thread 0x00000000029bd800 DEOPT UNPACKING pc=0x00000000030675bf sp=0x0000000002f1ea30 mode 0
Event: 4.504 Thread 0x00000000029bd800 Uncommon trap: trap_request=0xffffff65 fr.pc=0x00000000033ea430
Event: 4.504 Thread 0x00000000029bd800 DEOPT PACKING pc=0x00000000033ea430 sp=0x0000000002f1ec90
Event: 4.504 Thread 0x00000000029bd800 DEOPT UNPACKING pc=0x000000000306556a sp=0x0000000002f1ebd0 mode 2
Event: 4.505 Thread 0x00000000029bd800 DEOPT PACKING pc=0x000000000330995d sp=0x0000000002f1eb90
Event: 4.505 Thread 0x00000000029bd800 DEOPT UNPACKING pc=0x00000000030675bf sp=0x0000000002f1eb40 mode 0
Event: 4.505 Executing VM operation: ParallelGCFailedAllocation
Event: 4.729 Executing VM operation: ParallelGCFailedAllocation done


Dynamic libraries:
0x00007ff6199f0000 - 0x00007ff619a21000 	C:\Program Files\Android\Android Studio\jre\bin\java.exe
0x00007ff98de30000 - 0x00007ff98e011000 	C:\WINDOWS\SYSTEM32\ntdll.dll
0x00007ff98c160000 - 0x00007ff98c212000 	C:\WINDOWS\System32\KERNEL32.DLL
0x00007ff98a400000 - 0x00007ff98a673000 	C:\WINDOWS\System32\KERNELBASE.dll
0x00007ff98b860000 - 0x00007ff98b901000 	C:\WINDOWS\System32\ADVAPI32.dll
0x00007ff98bd20000 - 0x00007ff98bdbe000 	C:\WINDOWS\System32\msvcrt.dll
0x00007ff98b910000 - 0x00007ff98b96b000 	C:\WINDOWS\System32\sechost.dll
0x00007ff98b3b0000 - 0x00007ff98b4d4000 	C:\WINDOWS\System32\RPCRT4.dll
0x00007ff98b9f0000 - 0x00007ff98bb80000 	C:\WINDOWS\System32\USER32.dll
0x00007ff98b2a0000 - 0x00007ff98b2c0000 	C:\WINDOWS\System32\win32u.dll
0x00007ff98b380000 - 0x00007ff98b3a8000 	C:\WINDOWS\System32\GDI32.dll
0x00007ff98b060000 - 0x00007ff98b1f2000 	C:\WINDOWS\System32\gdi32full.dll
0x00007ff98b200000 - 0x00007ff98b29f000 	C:\WINDOWS\System32\msvcp_win.dll
0x00007ff98a300000 - 0x00007ff98a3fa000 	C:\WINDOWS\System32\ucrtbase.dll
0x00007ff97d610000 - 0x00007ff97d879000 	C:\WINDOWS\WinSxS\amd64_microsoft.windows.common-controls_6595b64144ccf1df_6.0.17134.48_none_b4b2216a3cb4dd3e\COMCTL32.dll
0x00007ff98bdd0000 - 0x00007ff98c0f3000 	C:\WINDOWS\System32\combase.dll
0x00007ff98adf0000 - 0x00007ff98ae6a000 	C:\WINDOWS\System32\bcryptPrimitives.dll
0x00007ff98b5c0000 - 0x00007ff98b5ed000 	C:\WINDOWS\System32\IMM32.DLL
0x000000005ca60000 - 0x000000005cb32000 	C:\Program Files\Android\Android Studio\jre\jre\bin\msvcr100.dll
0x000000005cb40000 - 0x000000005d37e000 	C:\Program Files\Android\Android Studio\jre\jre\bin\server\jvm.dll
0x00007ff98b5b0000 - 0x00007ff98b5b8000 	C:\WINDOWS\System32\PSAPI.DLL
0x00007ff985c60000 - 0x00007ff985c69000 	C:\WINDOWS\SYSTEM32\WSOCK32.dll
0x00007ff98b970000 - 0x00007ff98b9dc000 	C:\WINDOWS\System32\WS2_32.dll
0x00007ff987c20000 - 0x00007ff987c43000 	C:\WINDOWS\SYSTEM32\WINMM.dll
0x00007ff982480000 - 0x00007ff98248a000 	C:\WINDOWS\SYSTEM32\VERSION.dll
0x00007ff987620000 - 0x00007ff98764a000 	C:\WINDOWS\SYSTEM32\WINMMBASE.dll
0x00007ff98a2b0000 - 0x00007ff98a2f9000 	C:\WINDOWS\System32\cfgmgr32.dll
0x00007ff96ba40000 - 0x00007ff96ba4f000 	C:\Program Files\Android\Android Studio\jre\jre\bin\verify.dll
0x00007ff96ba10000 - 0x00007ff96ba39000 	C:\Program Files\Android\Android Studio\jre\jre\bin\java.dll
0x00007ff96b9f0000 - 0x00007ff96ba06000 	C:\Program Files\Android\Android Studio\jre\jre\bin\zip.dll
0x00007ff98c2a0000 - 0x00007ff98d6e0000 	C:\WINDOWS\System32\SHELL32.dll
0x00007ff98b4e0000 - 0x00007ff98b589000 	C:\WINDOWS\System32\shcore.dll
0x00007ff98a680000 - 0x00007ff98ad8d000 	C:\WINDOWS\System32\windows.storage.dll
0x00007ff98b320000 - 0x00007ff98b371000 	C:\WINDOWS\System32\shlwapi.dll
0x00007ff98a170000 - 0x00007ff98a181000 	C:\WINDOWS\System32\kernel.appcore.dll
0x00007ff98a190000 - 0x00007ff98a1af000 	C:\WINDOWS\System32\profapi.dll
0x00007ff98a1b0000 - 0x00007ff98a1fc000 	C:\WINDOWS\System32\powrprof.dll
0x00007ff98a160000 - 0x00007ff98a16a000 	C:\WINDOWS\System32\FLTLIB.DLL
0x00007ff989b70000 - 0x00007ff989b87000 	C:\WINDOWS\SYSTEM32\CRYPTSP.dll
0x00007ff9895a0000 - 0x00007ff9895d3000 	C:\WINDOWS\system32\rsaenh.dll
0x00007ff989ca0000 - 0x00007ff989cc5000 	C:\WINDOWS\SYSTEM32\bcrypt.dll
0x00007ff98a040000 - 0x00007ff98a068000 	C:\WINDOWS\SYSTEM32\USERENV.dll
0x00007ff989b90000 - 0x00007ff989b9b000 	C:\WINDOWS\SYSTEM32\CRYPTBASE.dll
0x00007ff96b9d0000 - 0x00007ff96b9ea000 	C:\Program Files\Android\Android Studio\jre\jre\bin\net.dll
0x00007ff9899c0000 - 0x00007ff989a26000 	C:\WINDOWS\system32\mswsock.dll
0x00007ff989740000 - 0x00007ff989778000 	C:\WINDOWS\SYSTEM32\IPHLPAPI.DLL
0x00007ff98bdc0000 - 0x00007ff98bdc8000 	C:\WINDOWS\System32\NSI.dll
0x00007ff982c80000 - 0x00007ff982c96000 	C:\WINDOWS\SYSTEM32\dhcpcsvc6.DLL
0x00007ff982c60000 - 0x00007ff982c7a000 	C:\WINDOWS\SYSTEM32\dhcpcsvc.DLL
0x00007ff967fc0000 - 0x00007ff967fd1000 	C:\Program Files\Android\Android Studio\jre\jre\bin\nio.dll

VM Arguments:
jvm_args: -Djava.awt.headless=true -Xmx64M -Dfile.encoding=x-windows-949 -Duser.country=KR -Duser.language=ko -Duser.variant 
java_command: com.google.devtools.build.android.desugar.Desugar @D:\test\app\build\intermediates\tmp\desugar_args1362059950267485328
java_class_path (initial): C:\Users\Goo\AppData\Local\Temp\desugar_deploy.jar3189730495422438638
Launcher Type: SUN_STANDARD

Environment Variables:
PATH=C:\ProgramData\Oracle\Java\javapath;C:\WINDOWS\system32;C:\WINDOWS;C:\WINDOWS\System32\Wbem;C:\WINDOWS\System32\WindowsPowerShell\v1.0\;C:\OpenSSL;;C:\WINDOWS\System32\OpenSSH\;C:\Users\Goo\AppData\Local\Microsoft\WindowsApps;
USERNAME=Goo
OS=Windows_NT
PROCESSOR_IDENTIFIER=Intel64 Family 6 Model 158 Stepping 9, GenuineIntel



---------------  S Y S T E M  ---------------

OS: Windows 10.0 , 64 bit Build 17134 (10.0.17134.1)

CPU:total 8 (initial active 8) (4 cores per cpu, 2 threads per core) family 6 model 158 stepping 9, cmov, cx8, fxsr, mmx, sse, sse2, sse3, ssse3, sse4.1, sse4.2, popcnt, avx, avx2, aes, clmul, erms, 3dnowpref, lzcnt, ht, tsc, tscinvbit, bmi1, bmi2, adx

Memory: 4k page, physical 16692940k(4229664k free), swap 16692940k(4260k free)

vm_info: OpenJDK 64-Bit Server VM (25.152-b01) for windows-amd64 JRE (1.8.0_152-release-915-b01), built by "builder" with MS VC++ 10.0 (VS2010)

time: Mon Jun 11 02:11:35 2018
elapsed time: 4 seconds (0d 0h 0m 4s)

