#
# There is insufficient memory for the Java Runtime Environment to continue.
# Native memory allocation (malloc) failed to allocate 937536 bytes for Chunk::new
# Possible reasons:
#   The system is out of physical RAM or swap space
#   In 32 bit mode, the process size limit was hit
# Possible solutions:
#   Reduce memory load on the system
#   Increase physical memory or swap space
#   Check if swap backing store is full
#   Use 64 bit Java on a 64 bit OS
#   Decrease Java heap size (-Xmx/-Xms)
#   Decrease number of Java threads
#   Decrease Java thread stack sizes (-Xss)
#   Set larger code cache with -XX:ReservedCodeCacheSize=
# This output file may be truncated or incomplete.
#
#  Out of Memory Error (allocation.cpp:390), pid=9984, tid=0x0000000000001f08
#
# JRE version: OpenJDK Runtime Environment (8.0_152-b01) (build 1.8.0_152-release-915-b01)
# Java VM: OpenJDK 64-Bit Server VM (25.152-b01 mixed mode windows-amd64 compressed oops)
# Failed to write core dump. Minidumps are not enabled by default on client versions of Windows
#

---------------  T H R E A D  ---------------

Current thread (0x0000000015da3000):  JavaThread "C2 CompilerThread2" daemon [_thread_in_native, id=7944, stack(0x00000000166a0000,0x00000000167a0000)]

Stack: [0x00000000166a0000,0x00000000167a0000]
[error occurred during error reporting (printing stack bounds), id 0xc0000005]

Native frames: (J=compiled Java code, j=interpreted, Vv=VM code, C=native code)


Current CompileTask:
C2:   1571  895       4       org.objectweb.asm.ClassReader::a (3587 bytes)


---------------  P R O C E S S  ---------------

Java Threads: ( => current thread )
  0x0000000015e3f000 JavaThread "Service Thread" daemon [_thread_blocked, id=12036, stack(0x00000000168a0000,0x00000000169a0000)]
  0x0000000015db2000 JavaThread "C1 CompilerThread3" daemon [_thread_blocked, id=13156, stack(0x00000000167a0000,0x00000000168a0000)]
=>0x0000000015da3000 JavaThread "C2 CompilerThread2" daemon [_thread_in_native, id=7944, stack(0x00000000166a0000,0x00000000167a0000)]
  0x0000000013e4e000 JavaThread "C2 CompilerThread1" daemon [_thread_in_native, id=6316, stack(0x00000000165a0000,0x00000000166a0000)]
  0x0000000013e49000 JavaThread "C2 CompilerThread0" daemon [_thread_in_native, id=6096, stack(0x00000000164a0000,0x00000000165a0000)]
  0x0000000015d9f000 JavaThread "Attach Listener" daemon [_thread_blocked, id=6836, stack(0x00000000163a0000,0x00000000164a0000)]
  0x0000000015d4b800 JavaThread "Signal Dispatcher" daemon [_thread_blocked, id=6576, stack(0x00000000162a0000,0x00000000163a0000)]
  0x000000000368e000 JavaThread "Finalizer" daemon [_thread_blocked, id=11900, stack(0x0000000016110000,0x0000000016210000)]
  0x0000000003687000 JavaThread "Reference Handler" daemon [_thread_blocked, id=8136, stack(0x0000000015c10000,0x0000000015d10000)]
  0x000000000358d800 JavaThread "main" [_thread_in_Java, id=4784, stack(0x00000000033d0000,0x00000000034d0000)]

Other Threads:
  0x0000000013e35800 VMThread [stack: 0x0000000015b10000,0x0000000015c10000] [id=5592]
  0x0000000015e40000 WatcherThread [stack: 0x00000000169a0000,0x0000000016aa0000] [id=2248]

VM state:not at safepoint (normal execution)

VM Mutex/Monitor currently owned by a thread: None

Heap:
 PSYoungGen      total 18944K, used 10665K [0x00000000feb00000, 0x0000000100000000, 0x0000000100000000)
  eden space 16384K, 49% used [0x00000000feb00000,0x00000000ff2f1698,0x00000000ffb00000)
  from space 2560K, 98% used [0x00000000ffd80000,0x00000000ffff8e20,0x0000000100000000)
  to   space 2560K, 0% used [0x00000000ffb00000,0x00000000ffb00000,0x00000000ffd80000)
 ParOldGen       total 44032K, used 5947K [0x00000000fc000000, 0x00000000feb00000, 0x00000000feb00000)
  object space 44032K, 13% used [0x00000000fc000000,0x00000000fc5cef38,0x00000000feb00000)
 Metaspace       used 7650K, capacity 7850K, committed 7936K, reserved 1056768K
  class space    used 875K, capacity 957K, committed 1024K, reserved 1048576K

Card table byte_map: [0x00000000034e0000,0x0000000003510000] byte_map_base: 0x0000000002d00000

Marking Bits: (ParMarkBitMap*) 0x0000000055473950
 Begin Bits: [0x0000000013250000, 0x0000000013350000)
 End Bits:   [0x0000000013350000, 0x0000000013450000)

Polling page: 0x0000000002fe0000

CodeCache: size=245760Kb used=3679Kb max_used=3679Kb free=242080Kb
 bounds [0x0000000003690000, 0x0000000003a30000, 0x0000000012690000]
 total_blobs=1298 nmethods=964 adapters=248
 compilation: enabled

Compilation events (10 events):
Event: 1.548 Thread 0x0000000015db2000  962       3       org.objectweb.asm.tree.JumpInsnNode::accept (21 bytes)
Event: 1.549 Thread 0x0000000015db2000 nmethod 962 0x0000000003a25ad0 code [0x0000000003a25c60, 0x0000000003a26118]
Event: 1.549 Thread 0x0000000015db2000  963       3       org.objectweb.asm.MethodWriter::visitJumpInsn (486 bytes)
Event: 1.550 Thread 0x0000000015db2000 nmethod 963 0x0000000003a26350 code [0x0000000003a26660, 0x0000000003a27808]
Event: 1.550 Thread 0x0000000015db2000  958       3       org.objectweb.asm.tree.MethodNode::visitJumpInsn (21 bytes)
Event: 1.550 Thread 0x0000000015db2000 nmethod 958 0x0000000003a28090 code [0x0000000003a28240, 0x0000000003a28a08]
Event: 1.550 Thread 0x0000000015db2000  959       3       org.objectweb.asm.tree.JumpInsnNode::<init> (11 bytes)
Event: 1.550 Thread 0x0000000015db2000 nmethod 959 0x0000000003a28e10 code [0x0000000003a28f80, 0x0000000003a291b0]
Event: 1.550 Thread 0x0000000015db2000  964       3       org.objectweb.asm.Label::a (93 bytes)
Event: 1.551 Thread 0x0000000015db2000 nmethod 964 0x0000000003a29290 code [0x0000000003a29400, 0x0000000003a29848]

GC Heap History (4 events):
Event: 0.938 GC heap before
{Heap before GC invocations=1 (full 0):
 PSYoungGen      total 18944K, used 16384K [0x00000000feb00000, 0x0000000100000000, 0x0000000100000000)
  eden space 16384K, 100% used [0x00000000feb00000,0x00000000ffb00000,0x00000000ffb00000)
  from space 2560K, 0% used [0x00000000ffd80000,0x00000000ffd80000,0x0000000100000000)
  to   space 2560K, 0% used [0x00000000ffb00000,0x00000000ffb00000,0x00000000ffd80000)
 ParOldGen       total 44032K, used 0K [0x00000000fc000000, 0x00000000feb00000, 0x00000000feb00000)
  object space 44032K, 0% used [0x00000000fc000000,0x00000000fc000000,0x00000000feb00000)
 Metaspace       used 6602K, capacity 6744K, committed 7040K, reserved 1056768K
  class space    used 773K, capacity 824K, committed 896K, reserved 1048576K
Event: 0.944 GC heap after
Heap after GC invocations=1 (full 0):
 PSYoungGen      total 18944K, used 2537K [0x00000000feb00000, 0x0000000100000000, 0x0000000100000000)
  eden space 16384K, 0% used [0x00000000feb00000,0x00000000feb00000,0x00000000ffb00000)
  from space 2560K, 99% used [0x00000000ffb00000,0x00000000ffd7a620,0x00000000ffd80000)
  to   space 2560K, 0% used [0x00000000ffd80000,0x00000000ffd80000,0x0000000100000000)
 ParOldGen       total 44032K, used 1686K [0x00000000fc000000, 0x00000000feb00000, 0x00000000feb00000)
  object space 44032K, 3% used [0x00000000fc000000,0x00000000fc1a5a40,0x00000000feb00000)
 Metaspace       used 6602K, capacity 6744K, committed 7040K, reserved 1056768K
  class space    used 773K, capacity 824K, committed 896K, reserved 1048576K
}
Event: 1.206 GC heap before
{Heap before GC invocations=2 (full 0):
 PSYoungGen      total 18944K, used 18921K [0x00000000feb00000, 0x0000000100000000, 0x0000000100000000)
  eden space 16384K, 100% used [0x00000000feb00000,0x00000000ffb00000,0x00000000ffb00000)
  from space 2560K, 99% used [0x00000000ffb00000,0x00000000ffd7a620,0x00000000ffd80000)
  to   space 2560K, 0% used [0x00000000ffd80000,0x00000000ffd80000,0x0000000100000000)
 ParOldGen       total 44032K, used 1686K [0x00000000fc000000, 0x00000000feb00000, 0x00000000feb00000)
  object space 44032K, 3% used [0x00000000fc000000,0x00000000fc1a5a40,0x00000000feb00000)
 Metaspace       used 6933K, capacity 7114K, committed 7296K, reserved 1056768K
  class space    used 814K, capacity 861K, committed 896K, reserved 1048576K
Event: 1.216 GC heap after
Heap after GC invocations=2 (full 0):
 PSYoungGen      total 18944K, used 2531K [0x00000000feb00000, 0x0000000100000000, 0x0000000100000000)
  eden space 16384K, 0% used [0x00000000feb00000,0x00000000feb00000,0x00000000ffb00000)
  from space 2560K, 98% used [0x00000000ffd80000,0x00000000ffff8e20,0x0000000100000000)
  to   space 2560K, 0% used [0x00000000ffb00000,0x00000000ffb00000,0x00000000ffd80000)
 ParOldGen       total 44032K, used 5947K [0x00000000fc000000, 0x00000000feb00000, 0x00000000feb00000)
  object space 44032K, 13% used [0x00000000fc000000,0x00000000fc5cef38,0x00000000feb00000)
 Metaspace       used 6933K, capacity 7114K, committed 7296K, reserved 1056768K
  class space    used 814K, capacity 861K, committed 896K, reserved 1048576K
}

Deoptimization events (10 events):
Event: 0.920 Thread 0x000000000358d800 Uncommon trap: reason=unstable_if action=reinterpret pc=0x00000000038b0140 method=java.util.zip.ZipCoder.decoder()Ljava/nio/charset/CharsetDecoder; @ 4
Event: 0.965 Thread 0x000000000358d800 Uncommon trap: reason=unstable_if action=reinterpret pc=0x00000000038ba540 method=java.util.zip.ZipCoder.decoder()Ljava/nio/charset/CharsetDecoder; @ 4
Event: 0.965 Thread 0x000000000358d800 Uncommon trap: reason=unstable_if action=reinterpret pc=0x00000000038c08b8 method=java.util.zip.ZipCoder.decoder()Ljava/nio/charset/CharsetDecoder; @ 4
Event: 0.965 Thread 0x000000000358d800 Uncommon trap: reason=unstable_if action=reinterpret pc=0x00000000038c2fac method=java.util.zip.ZipCoder.decoder()Ljava/nio/charset/CharsetDecoder; @ 4
Event: 0.971 Thread 0x000000000358d800 Uncommon trap: reason=unstable_if action=reinterpret pc=0x00000000038cee08 method=java.util.HashMap$HashIterator.nextNode()Ljava/util/HashMap$Node; @ 74
Event: 1.019 Thread 0x000000000358d800 Uncommon trap: reason=unstable_if action=reinterpret pc=0x00000000038cf308 method=java.util.HashMap$HashIterator.nextNode()Ljava/util/HashMap$Node; @ 74
Event: 1.182 Thread 0x000000000358d800 Uncommon trap: reason=unloaded action=reinterpret pc=0x00000000038c66fc method=java.util.zip.ZipEntry.setExtra0([BZ)V @ 37
Event: 1.278 Thread 0x000000000358d800 Uncommon trap: reason=unstable_if action=reinterpret pc=0x0000000003851478 method=java.lang.String.<init>([CII)V @ 18
Event: 1.373 Thread 0x000000000358d800 Uncommon trap: reason=unstable_if action=reinterpret pc=0x000000000395a134 method=org.objectweb.asm.ClassReader.readUTF8(I[C)Ljava/lang/String; @ 7
Event: 1.386 Thread 0x000000000358d800 Uncommon trap: reason=unstable_if action=reinterpret pc=0x00000000039acf24 method=org.objectweb.asm.Item.a(Lorg/objectweb/asm/Item;)Z @ 345

Classes redefined (0 events):
No events

Internal exceptions (10 events):
Event: 1.016 Thread 0x000000000358d800 Exception <a 'sun/nio/fs/WindowsException'> (0x00000000ff1e4c08) thrown at [D:\src\AOSP-openjdk-cygwin\jdk8u\hotspot\src\share\vm\prims\jni.cpp, line 709]
Event: 1.095 Thread 0x000000000358d800 Exception <a 'sun/nio/fs/WindowsException'> (0x00000000ff1ea168) thrown at [D:\src\AOSP-openjdk-cygwin\jdk8u\hotspot\src\share\vm\prims\jni.cpp, line 709]
Event: 1.226 Thread 0x000000000358d800 Exception <a 'sun/nio/fs/WindowsException'> (0x00000000febef420) thrown at [D:\src\AOSP-openjdk-cygwin\jdk8u\hotspot\src\share\vm\prims\jni.cpp, line 709]
Event: 1.226 Thread 0x000000000358d800 Exception <a 'sun/nio/fs/WindowsException'> (0x00000000febef978) thrown at [D:\src\AOSP-openjdk-cygwin\jdk8u\hotspot\src\share\vm\prims\jni.cpp, line 709]
Event: 1.235 Thread 0x000000000358d800 Exception <a 'sun/nio/fs/WindowsException'> (0x00000000febfb178) thrown at [D:\src\AOSP-openjdk-cygwin\jdk8u\hotspot\src\share\vm\prims\jni.cpp, line 709]
Event: 1.235 Thread 0x000000000358d800 Exception <a 'sun/nio/fs/WindowsException'> (0x00000000febfb650) thrown at [D:\src\AOSP-openjdk-cygwin\jdk8u\hotspot\src\share\vm\prims\jni.cpp, line 709]
Event: 1.345 Thread 0x000000000358d800 Exception <a 'sun/nio/fs/WindowsException'> (0x00000000fee8ad98) thrown at [D:\src\AOSP-openjdk-cygwin\jdk8u\hotspot\src\share\vm\prims\jni.cpp, line 709]
Event: 1.345 Thread 0x000000000358d800 Exception <a 'sun/nio/fs/WindowsException'> (0x00000000fee8b270) thrown at [D:\src\AOSP-openjdk-cygwin\jdk8u\hotspot\src\share\vm\prims\jni.cpp, line 709]
Event: 1.425 Thread 0x000000000358d800 Exception <a 'sun/nio/fs/WindowsException'> (0x00000000fefa3228) thrown at [D:\src\AOSP-openjdk-cygwin\jdk8u\hotspot\src\share\vm\prims\jni.cpp, line 709]
Event: 1.425 Thread 0x000000000358d800 Exception <a 'sun/nio/fs/WindowsException'> (0x00000000fefa3700) thrown at [D:\src\AOSP-openjdk-cygwin\jdk8u\hotspot\src\share\vm\prims\jni.cpp, line 709]

Events (10 events):
Event: 1.282 loading class org/objectweb/asm/tree/TryCatchBlockNode
Event: 1.282 loading class org/objectweb/asm/tree/TryCatchBlockNode done
Event: 1.283 loading class org/objectweb/asm/Handler
Event: 1.283 loading class org/objectweb/asm/Handler done
Event: 1.373 Thread 0x000000000358d800 Uncommon trap: trap_request=0xffffff65 fr.pc=0x000000000395a134
Event: 1.373 Thread 0x000000000358d800 DEOPT PACKING pc=0x000000000395a134 sp=0x00000000034ceaf0
Event: 1.373 Thread 0x000000000358d800 DEOPT UNPACKING pc=0x00000000036d556a sp=0x00000000034ceac0 mode 2
Event: 1.386 Thread 0x000000000358d800 Uncommon trap: trap_request=0xffffff65 fr.pc=0x00000000039acf24
Event: 1.386 Thread 0x000000000358d800 DEOPT PACKING pc=0x00000000039acf24 sp=0x00000000034ce9a0
Event: 1.386 Thread 0x000000000358d800 DEOPT UNPACKING pc=0x00000000036d556a sp=0x00000000034ce938 mode 2


Dynamic libraries:
0x00007ff743630000 - 0x00007ff743661000 	C:\Program Files\Android\Android Studio\jre\bin\java.exe
0x00007ffde28f0000 - 0x00007ffde2ad1000 	C:\WINDOWS\SYSTEM32\ntdll.dll
0x00007ffde1a20000 - 0x00007ffde1ad2000 	C:\WINDOWS\System32\KERNEL32.DLL
0x00007ffddf250000 - 0x00007ffddf4c3000 	C:\WINDOWS\System32\KERNELBASE.dll
0x00007ffde1ae0000 - 0x00007ffde1b81000 	C:\WINDOWS\System32\ADVAPI32.dll
0x00007ffde27f0000 - 0x00007ffde288e000 	C:\WINDOWS\System32\msvcrt.dll
0x00007ffddfda0000 - 0x00007ffddfdfb000 	C:\WINDOWS\System32\sechost.dll
0x00007ffde2010000 - 0x00007ffde2134000 	C:\WINDOWS\System32\RPCRT4.dll
0x00007ffde1e80000 - 0x00007ffde2010000 	C:\WINDOWS\System32\USER32.dll
0x00007ffddf230000 - 0x00007ffddf250000 	C:\WINDOWS\System32\win32u.dll
0x00007ffde1e50000 - 0x00007ffde1e78000 	C:\WINDOWS\System32\GDI32.dll
0x00007ffddfbe0000 - 0x00007ffddfd72000 	C:\WINDOWS\System32\gdi32full.dll
0x00007ffddf030000 - 0x00007ffddf0cf000 	C:\WINDOWS\System32\msvcp_win.dll
0x00007ffddf0d0000 - 0x00007ffddf1ca000 	C:\WINDOWS\System32\ucrtbase.dll
0x00007ffdd1c40000 - 0x00007ffdd1ea9000 	C:\WINDOWS\WinSxS\amd64_microsoft.windows.common-controls_6595b64144ccf1df_6.0.17134.112_none_fb3f961b30681c12\COMCTL32.dll
0x00007ffde16f0000 - 0x00007ffde1a13000 	C:\WINDOWS\System32\combase.dll
0x00007ffddecc0000 - 0x00007ffdded3a000 	C:\WINDOWS\System32\bcryptPrimitives.dll
0x00007ffde2890000 - 0x00007ffde28bd000 	C:\WINDOWS\System32\IMM32.DLL
0x0000000054bd0000 - 0x0000000054ca2000 	C:\Program Files\Android\Android Studio\jre\jre\bin\msvcr100.dll
0x0000000054cb0000 - 0x00000000554ee000 	C:\Program Files\Android\Android Studio\jre\jre\bin\server\jvm.dll
0x00007ffde16e0000 - 0x00007ffde16e8000 	C:\WINDOWS\System32\PSAPI.DLL
0x00007ffddcde0000 - 0x00007ffddce03000 	C:\WINDOWS\SYSTEM32\WINMM.dll
0x00007ffdd57a0000 - 0x00007ffdd57aa000 	C:\WINDOWS\SYSTEM32\VERSION.dll
0x00007ffddcc90000 - 0x00007ffddccba000 	C:\WINDOWS\SYSTEM32\WINMMBASE.dll
0x00007ffddedf0000 - 0x00007ffddee39000 	C:\WINDOWS\System32\cfgmgr32.dll
0x00007ffdc87f0000 - 0x00007ffdc87f9000 	C:\WINDOWS\SYSTEM32\WSOCK32.dll
0x00007ffde1c80000 - 0x00007ffde1cec000 	C:\WINDOWS\System32\WS2_32.dll
0x00007ffdc87e0000 - 0x00007ffdc87ef000 	C:\Program Files\Android\Android Studio\jre\jre\bin\verify.dll
0x00007ffdc87b0000 - 0x00007ffdc87d9000 	C:\Program Files\Android\Android Studio\jre\jre\bin\java.dll
0x00007ffdc8790000 - 0x00007ffdc87a6000 	C:\Program Files\Android\Android Studio\jre\jre\bin\zip.dll
0x00007ffde00f0000 - 0x00007ffde1530000 	C:\WINDOWS\System32\SHELL32.dll
0x00007ffde2740000 - 0x00007ffde27e9000 	C:\WINDOWS\System32\shcore.dll
0x00007ffddf4d0000 - 0x00007ffddfbdd000 	C:\WINDOWS\System32\windows.storage.dll
0x00007ffde2290000 - 0x00007ffde22e1000 	C:\WINDOWS\System32\shlwapi.dll
0x00007ffddec20000 - 0x00007ffddec31000 	C:\WINDOWS\System32\kernel.appcore.dll
0x00007ffddec50000 - 0x00007ffddec6f000 	C:\WINDOWS\System32\profapi.dll
0x00007ffddec70000 - 0x00007ffddecbc000 	C:\WINDOWS\System32\powrprof.dll
0x00007ffddec40000 - 0x00007ffddec4a000 	C:\WINDOWS\System32\FLTLIB.DLL
0x00007ffdde630000 - 0x00007ffdde647000 	C:\WINDOWS\SYSTEM32\CRYPTSP.dll
0x00007ffdde060000 - 0x00007ffdde093000 	C:\WINDOWS\system32\rsaenh.dll
0x00007ffdde760000 - 0x00007ffdde785000 	C:\WINDOWS\SYSTEM32\bcrypt.dll
0x00007ffddeb00000 - 0x00007ffddeb28000 	C:\WINDOWS\SYSTEM32\USERENV.dll
0x00007ffdde650000 - 0x00007ffdde65b000 	C:\WINDOWS\SYSTEM32\CRYPTBASE.dll
0x00007ffdc8670000 - 0x00007ffdc868a000 	C:\Program Files\Android\Android Studio\jre\jre\bin\net.dll
0x00007ffdde480000 - 0x00007ffdde4e6000 	C:\WINDOWS\system32\mswsock.dll
0x00007ffdde200000 - 0x00007ffdde238000 	C:\WINDOWS\SYSTEM32\IPHLPAPI.DLL
0x00007ffde1bf0000 - 0x00007ffde1bf8000 	C:\WINDOWS\System32\NSI.dll
0x00007ffdd7790000 - 0x00007ffdd77a6000 	C:\WINDOWS\SYSTEM32\dhcpcsvc6.DLL
0x00007ffdd6720000 - 0x00007ffdd673a000 	C:\WINDOWS\SYSTEM32\dhcpcsvc.DLL
0x00007ffdc8630000 - 0x00007ffdc8641000 	C:\Program Files\Android\Android Studio\jre\jre\bin\nio.dll

VM Arguments:
jvm_args: -Djava.awt.headless=true -Xmx64M -Dfile.encoding=x-windows-949 -Duser.country=KR -Duser.language=ko -Duser.variant 
java_command: com.google.devtools.build.android.desugar.Desugar @D:\test\app\build\intermediates\tmp\desugar_args7316538529190496486
java_class_path (initial): C:\Users\Goo\AppData\Local\Temp\desugar_deploy.jar6387874304095112173
Launcher Type: SUN_STANDARD

Environment Variables:
PATH=C:\ProgramData\Oracle\Java\javapath;C:\WINDOWS\system32;C:\WINDOWS;C:\WINDOWS\System32\Wbem;C:\WINDOWS\System32\WindowsPowerShell\v1.0\;C:\OpenSSL;;C:\WINDOWS\System32\OpenSSH\;C:\Users\Goo\AppData\Local\Microsoft\WindowsApps;
USERNAME=Goo
OS=Windows_NT
PROCESSOR_IDENTIFIER=Intel64 Family 6 Model 158 Stepping 9, GenuineIntel



---------------  S Y S T E M  ---------------

OS: Windows 10.0 , 64 bit Build 17134 (10.0.17134.1)

CPU:total 8 (initial active 8) (4 cores per cpu, 2 threads per core) family 6 model 158 stepping 9, cmov, cx8, fxsr, mmx, sse, sse2, sse3, ssse3, sse4.1, sse4.2, popcnt, avx, avx2, aes, clmul, erms, 3dnowpref, lzcnt, ht, tsc, tscinvbit, bmi1, bmi2, adx

Memory: 4k page, physical 16692940k(2392472k free), swap 16692940k(4424k free)

vm_info: OpenJDK 64-Bit Server VM (25.152-b01) for windows-amd64 JRE (1.8.0_152-release-915-b01), built by "builder" with MS VC++ 10.0 (VS2010)

time: Fri Jun 22 03:40:05 2018
elapsed time: 1 seconds (0d 0h 0m 1s)

