#
# There is insufficient memory for the Java Runtime Environment to continue.
# Native memory allocation (malloc) failed to allocate 32744 bytes for ChunkPool::allocate
# Possible reasons:
#   The system is out of physical RAM or swap space
#   In 32 bit mode, the process size limit was hit
# Possible solutions:
#   Reduce memory load on the system
#   Increase physical memory or swap space
#   Check if swap backing store is full
#   Use 64 bit Java on a 64 bit OS
#   Decrease Java heap size (-Xmx/-Xms)
#   Decrease number of Java threads
#   Decrease Java thread stack sizes (-Xss)
#   Set larger code cache with -XX:ReservedCodeCacheSize=
# This output file may be truncated or incomplete.
#
#  Out of Memory Error (allocation.cpp:273), pid=2992, tid=0x0000000000000e0c
#
# JRE version: OpenJDK Runtime Environment (8.0_152-b01) (build 1.8.0_152-release-915-b01)
# Java VM: OpenJDK 64-Bit Server VM (25.152-b01 mixed mode windows-amd64 compressed oops)
# Failed to write core dump. Minidumps are not enabled by default on client versions of Windows
#

---------------  T H R E A D  ---------------

Current thread (0x0000000015380000):  JavaThread "C1 CompilerThread3" daemon [_thread_in_native, id=3596, stack(0x0000000015c00000,0x0000000015d00000)]

Stack: [0x0000000015c00000,0x0000000015d00000]
[error occurred during error reporting (printing stack bounds), id 0xc0000005]

Native frames: (J=compiled Java code, j=interpreted, Vv=VM code, C=native code)


Current CompileTask:
C1:   2595  899       3       org.objectweb.asm.ClassReader::accept (1176 bytes)


---------------  P R O C E S S  ---------------

Java Threads: ( => current thread )
  0x00000000153e1000 JavaThread "Service Thread" daemon [_thread_blocked, id=10148, stack(0x0000000015d00000,0x0000000015e00000)]
=>0x0000000015380000 JavaThread "C1 CompilerThread3" daemon [_thread_in_native, id=3596, stack(0x0000000015c00000,0x0000000015d00000)]
  0x000000001537c000 JavaThread "C2 CompilerThread2" daemon [_thread_in_native, id=1756, stack(0x0000000015b00000,0x0000000015c00000)]
  0x0000000015377000 JavaThread "C2 CompilerThread1" daemon [_thread_in_native, id=6324, stack(0x0000000015a00000,0x0000000015b00000)]
  0x0000000015374800 JavaThread "C2 CompilerThread0" daemon [_thread_in_native, id=7216, stack(0x0000000015900000,0x0000000015a00000)]
  0x0000000015373000 JavaThread "Attach Listener" daemon [_thread_blocked, id=4804, stack(0x0000000015800000,0x0000000015900000)]
  0x0000000015361800 JavaThread "Signal Dispatcher" daemon [_thread_blocked, id=8352, stack(0x0000000015700000,0x0000000015800000)]
  0x0000000002ada800 JavaThread "Finalizer" daemon [_thread_blocked, id=5148, stack(0x0000000015170000,0x0000000015270000)]
  0x0000000013293000 JavaThread "Reference Handler" daemon [_thread_blocked, id=7368, stack(0x0000000015070000,0x0000000015170000)]
  0x00000000003fd800 JavaThread "main" [_thread_in_Java, id=8324, stack(0x00000000028e0000,0x00000000029e0000)]

Other Threads:
  0x000000001328e000 VMThread [stack: 0x0000000014f70000,0x0000000015070000] [id=2632]
  0x00000000153e6000 WatcherThread [stack: 0x0000000015e00000,0x0000000015f00000] [id=7276]

VM state:not at safepoint (normal execution)

VM Mutex/Monitor currently owned by a thread: None

Heap:
 PSYoungGen      total 18944K, used 9017K [0x00000000feb00000, 0x0000000100000000, 0x0000000100000000)
  eden space 16384K, 39% used [0x00000000feb00000,0x00000000ff1519a0,0x00000000ffb00000)
  from space 2560K, 99% used [0x00000000ffd80000,0x00000000ffffce20,0x0000000100000000)
  to   space 2560K, 0% used [0x00000000ffb00000,0x00000000ffb00000,0x00000000ffd80000)
 ParOldGen       total 44032K, used 5772K [0x00000000fc000000, 0x00000000feb00000, 0x00000000feb00000)
  object space 44032K, 13% used [0x00000000fc000000,0x00000000fc5a32d0,0x00000000feb00000)
 Metaspace       used 7596K, capacity 7778K, committed 7936K, reserved 1056768K
  class space    used 874K, capacity 957K, committed 1024K, reserved 1048576K

Card table byte_map: [0x00000000024d0000,0x0000000002500000] byte_map_base: 0x0000000001cf0000

Marking Bits: (ParMarkBitMap*) 0x000000005cab3950
 Begin Bits: [0x00000000126a0000, 0x00000000127a0000)
 End Bits:   [0x00000000127a0000, 0x00000000128a0000)

Polling page: 0x0000000000bb0000

CodeCache: size=245760Kb used=3349Kb max_used=3361Kb free=242410Kb
 bounds [0x0000000002ae0000, 0x0000000002e30000, 0x0000000011ae0000]
 total_blobs=1230 nmethods=895 adapters=248
 compilation: enabled

Compilation events (10 events):
Event: 2.588 Thread 0x0000000015380000 nmethod 892 0x0000000002e24390 code [0x0000000002e24540, 0x0000000002e24b98]
Event: 2.588 Thread 0x0000000015380000  893       3       org.objectweb.asm.tree.MethodNode::visitTypeInsn (17 bytes)
Event: 2.588 Thread 0x0000000015380000 nmethod 893 0x0000000002e24dd0 code [0x0000000002e24f60, 0x0000000002e252a8]
Event: 2.588 Thread 0x0000000015380000  894       3       org.objectweb.asm.tree.TypeInsnNode::<init> (11 bytes)
Event: 2.589 Thread 0x0000000015380000 nmethod 894 0x0000000002e25490 code [0x0000000002e25600, 0x0000000002e25830]
Event: 2.589 Thread 0x0000000015380000  895       3       org.objectweb.asm.tree.TypeInsnNode::accept (18 bytes)
Event: 2.589 Thread 0x0000000015380000 nmethod 895 0x0000000002e25910 code [0x0000000002e25a80, 0x0000000002e25d78]
Event: 2.589 Thread 0x0000000015380000  896       3       org.objectweb.asm.Label::a (83 bytes)
Event: 2.589 Thread 0x0000000015380000 nmethod 896 0x0000000002e25e50 code [0x0000000002e26020, 0x0000000002e26438]
Event: 2.590 Thread 0x0000000015380000  899       3       org.objectweb.asm.ClassReader::accept (1176 bytes)

GC Heap History (4 events):
Event: 1.202 GC heap before
{Heap before GC invocations=1 (full 0):
 PSYoungGen      total 18944K, used 16384K [0x00000000feb00000, 0x0000000100000000, 0x0000000100000000)
  eden space 16384K, 100% used [0x00000000feb00000,0x00000000ffb00000,0x00000000ffb00000)
  from space 2560K, 0% used [0x00000000ffd80000,0x00000000ffd80000,0x0000000100000000)
  to   space 2560K, 0% used [0x00000000ffb00000,0x00000000ffb00000,0x00000000ffd80000)
 ParOldGen       total 44032K, used 0K [0x00000000fc000000, 0x00000000feb00000, 0x00000000feb00000)
  object space 44032K, 0% used [0x00000000fc000000,0x00000000fc000000,0x00000000feb00000)
 Metaspace       used 6608K, capacity 6800K, committed 7040K, reserved 1056768K
  class space    used 773K, capacity 824K, committed 896K, reserved 1048576K
Event: 1.221 GC heap after
Heap after GC invocations=1 (full 0):
 PSYoungGen      total 18944K, used 2537K [0x00000000feb00000, 0x0000000100000000, 0x0000000100000000)
  eden space 16384K, 0% used [0x00000000feb00000,0x00000000feb00000,0x00000000ffb00000)
  from space 2560K, 99% used [0x00000000ffb00000,0x00000000ffd7a620,0x00000000ffd80000)
  to   space 2560K, 0% used [0x00000000ffd80000,0x00000000ffd80000,0x0000000100000000)
 ParOldGen       total 44032K, used 1583K [0x00000000fc000000, 0x00000000feb00000, 0x00000000feb00000)
  object space 44032K, 3% used [0x00000000fc000000,0x00000000fc18bde8,0x00000000feb00000)
 Metaspace       used 6608K, capacity 6800K, committed 7040K, reserved 1056768K
  class space    used 773K, capacity 824K, committed 896K, reserved 1048576K
}
Event: 1.895 GC heap before
{Heap before GC invocations=2 (full 0):
 PSYoungGen      total 18944K, used 18921K [0x00000000feb00000, 0x0000000100000000, 0x0000000100000000)
  eden space 16384K, 100% used [0x00000000feb00000,0x00000000ffb00000,0x00000000ffb00000)
  from space 2560K, 99% used [0x00000000ffb00000,0x00000000ffd7a620,0x00000000ffd80000)
  to   space 2560K, 0% used [0x00000000ffd80000,0x00000000ffd80000,0x0000000100000000)
 ParOldGen       total 44032K, used 1583K [0x00000000fc000000, 0x00000000feb00000, 0x00000000feb00000)
  object space 44032K, 3% used [0x00000000fc000000,0x00000000fc18bde8,0x00000000feb00000)
 Metaspace       used 6951K, capacity 7106K, committed 7296K, reserved 1056768K
  class space    used 816K, capacity 861K, committed 896K, reserved 1048576K
Event: 1.920 GC heap after
Heap after GC invocations=2 (full 0):
 PSYoungGen      total 18944K, used 2547K [0x00000000feb00000, 0x0000000100000000, 0x0000000100000000)
  eden space 16384K, 0% used [0x00000000feb00000,0x00000000feb00000,0x00000000ffb00000)
  from space 2560K, 99% used [0x00000000ffd80000,0x00000000ffffce20,0x0000000100000000)
  to   space 2560K, 0% used [0x00000000ffb00000,0x00000000ffb00000,0x00000000ffd80000)
 ParOldGen       total 44032K, used 5772K [0x00000000fc000000, 0x00000000feb00000, 0x00000000feb00000)
  object space 44032K, 13% used [0x00000000fc000000,0x00000000fc5a32d0,0x00000000feb00000)
 Metaspace       used 6951K, capacity 7106K, committed 7296K, reserved 1056768K
  class space    used 816K, capacity 861K, committed 896K, reserved 1048576K
}

Deoptimization events (10 events):
Event: 1.171 Thread 0x00000000003fd800 Uncommon trap: reason=unstable_if action=reinterpret pc=0x0000000002d10878 method=java.util.zip.ZipCoder.decoder()Ljava/nio/charset/CharsetDecoder; @ 4
Event: 1.173 Thread 0x00000000003fd800 Uncommon trap: reason=unstable_if action=reinterpret pc=0x0000000002d1c42c method=java.util.zip.ZipCoder.decoder()Ljava/nio/charset/CharsetDecoder; @ 4
Event: 1.262 Thread 0x00000000003fd800 Uncommon trap: reason=unstable_if action=reinterpret pc=0x0000000002d17dec method=java.util.zip.ZipCoder.decoder()Ljava/nio/charset/CharsetDecoder; @ 4
Event: 1.263 Thread 0x00000000003fd800 Uncommon trap: reason=unstable_if action=reinterpret pc=0x0000000002d0bd58 method=java.util.zip.ZipCoder.decoder()Ljava/nio/charset/CharsetDecoder; @ 4
Event: 1.263 Thread 0x00000000003fd800 Uncommon trap: reason=unstable_if action=reinterpret pc=0x0000000002d0a4c0 method=java.util.zip.ZipCoder.decoder()Ljava/nio/charset/CharsetDecoder; @ 4
Event: 1.401 Thread 0x00000000003fd800 Uncommon trap: reason=unstable_if action=reinterpret pc=0x0000000002d1e948 method=java.util.HashMap$HashIterator.nextNode()Ljava/util/HashMap$Node; @ 74
Event: 1.865 Thread 0x00000000003fd800 Uncommon trap: reason=unloaded action=reinterpret pc=0x0000000002d1233c method=java.util.zip.ZipEntry.setExtra0([BZ)V @ 37
Event: 1.976 Thread 0x00000000003fd800 Uncommon trap: reason=unstable_if action=reinterpret pc=0x0000000002d21f08 method=java.util.HashMap$HashIterator.nextNode()Ljava/util/HashMap$Node; @ 74
Event: 2.582 Thread 0x00000000003fd800 Uncommon trap: reason=unstable_if action=reinterpret pc=0x0000000002e01578 method=java.lang.String.<init>([CII)V @ 18
Event: 2.593 Thread 0x00000000003fd800 Uncommon trap: reason=unstable_if action=reinterpret pc=0x0000000002de10d8 method=java.lang.String.<init>([CII)V @ 18

Classes redefined (0 events):
No events

Internal exceptions (10 events):
Event: 1.263 Thread 0x00000000003fd800 Implicit null exception at 0x0000000002d0a07d to 0x0000000002d0a4b1
Event: 1.398 Thread 0x00000000003fd800 Exception <a 'sun/nio/fs/WindowsException'> (0x00000000ff2120a0) thrown at [D:\src\AOSP-openjdk-cygwin\jdk8u\hotspot\src\share\vm\prims\jni.cpp, line 709]
Event: 1.398 Thread 0x00000000003fd800 Exception <a 'sun/nio/fs/WindowsException'> (0x00000000ff212660) thrown at [D:\src\AOSP-openjdk-cygwin\jdk8u\hotspot\src\share\vm\prims\jni.cpp, line 709]
Event: 1.398 Thread 0x00000000003fd800 Exception <a 'sun/nio/fs/WindowsException'> (0x00000000ff212c28) thrown at [D:\src\AOSP-openjdk-cygwin\jdk8u\hotspot\src\share\vm\prims\jni.cpp, line 709]
Event: 1.398 Thread 0x00000000003fd800 Exception <a 'sun/nio/fs/WindowsException'> (0x00000000ff2133e8) thrown at [D:\src\AOSP-openjdk-cygwin\jdk8u\hotspot\src\share\vm\prims\jni.cpp, line 709]
Event: 1.399 Thread 0x00000000003fd800 Exception <a 'sun/nio/fs/WindowsException'> (0x00000000ff213988) thrown at [D:\src\AOSP-openjdk-cygwin\jdk8u\hotspot\src\share\vm\prims\jni.cpp, line 709]
Event: 1.399 Thread 0x00000000003fd800 Exception <a 'sun/nio/fs/WindowsException'> (0x00000000ff214138) thrown at [D:\src\AOSP-openjdk-cygwin\jdk8u\hotspot\src\share\vm\prims\jni.cpp, line 709]
Event: 1.441 Thread 0x00000000003fd800 Exception <a 'sun/nio/fs/WindowsException'> (0x00000000ff219478) thrown at [D:\src\AOSP-openjdk-cygwin\jdk8u\hotspot\src\share\vm\prims\jni.cpp, line 709]
Event: 1.997 Thread 0x00000000003fd800 Exception <a 'sun/nio/fs/WindowsException'> (0x00000000febe6210) thrown at [D:\src\AOSP-openjdk-cygwin\jdk8u\hotspot\src\share\vm\prims\jni.cpp, line 709]
Event: 1.997 Thread 0x00000000003fd800 Exception <a 'sun/nio/fs/WindowsException'> (0x00000000febe6768) thrown at [D:\src\AOSP-openjdk-cygwin\jdk8u\hotspot\src\share\vm\prims\jni.cpp, line 709]

Events (10 events):
Event: 2.553 loading class org/objectweb/asm/tree/TryCatchBlockNode
Event: 2.553 loading class org/objectweb/asm/tree/TryCatchBlockNode done
Event: 2.554 loading class org/objectweb/asm/Handler
Event: 2.554 loading class org/objectweb/asm/Handler done
Event: 2.582 Thread 0x00000000003fd800 Uncommon trap: trap_request=0xffffff65 fr.pc=0x0000000002e01578
Event: 2.582 Thread 0x00000000003fd800 DEOPT PACKING pc=0x0000000002e01578 sp=0x00000000029dec70
Event: 2.582 Thread 0x00000000003fd800 DEOPT UNPACKING pc=0x0000000002b2556a sp=0x00000000029deb18 mode 2
Event: 2.593 Thread 0x00000000003fd800 Uncommon trap: trap_request=0xffffff65 fr.pc=0x0000000002de10d8
Event: 2.593 Thread 0x00000000003fd800 DEOPT PACKING pc=0x0000000002de10d8 sp=0x00000000029debf0
Event: 2.593 Thread 0x00000000003fd800 DEOPT UNPACKING pc=0x0000000002b2556a sp=0x00000000029deb10 mode 2


Dynamic libraries:
0x00007ff75c570000 - 0x00007ff75c5a1000 	C:\Program Files\Android\Android Studio\jre\bin\java.exe
0x00007ffa30930000 - 0x00007ffa30b11000 	C:\WINDOWS\SYSTEM32\ntdll.dll
0x00007ffa306b0000 - 0x00007ffa30762000 	C:\WINDOWS\System32\KERNEL32.DLL
0x00007ffa2d110000 - 0x00007ffa2d383000 	C:\WINDOWS\System32\KERNELBASE.dll
0x00007ffa2ef50000 - 0x00007ffa2eff1000 	C:\WINDOWS\System32\ADVAPI32.dll
0x00007ffa2e860000 - 0x00007ffa2e8fe000 	C:\WINDOWS\System32\msvcrt.dll
0x00007ffa2dfb0000 - 0x00007ffa2e00b000 	C:\WINDOWS\System32\sechost.dll
0x00007ffa307d0000 - 0x00007ffa308f4000 	C:\WINDOWS\System32\RPCRT4.dll
0x00007ffa30440000 - 0x00007ffa305d0000 	C:\WINDOWS\System32\USER32.dll
0x00007ffa2d390000 - 0x00007ffa2d3b0000 	C:\WINDOWS\System32\win32u.dll
0x00007ffa2df80000 - 0x00007ffa2dfa8000 	C:\WINDOWS\System32\GDI32.dll
0x00007ffa2d510000 - 0x00007ffa2d6a2000 	C:\WINDOWS\System32\gdi32full.dll
0x00007ffa2cff0000 - 0x00007ffa2d08f000 	C:\WINDOWS\System32\msvcp_win.dll
0x00007ffa2d410000 - 0x00007ffa2d50a000 	C:\WINDOWS\System32\ucrtbase.dll
0x00007ffa202d0000 - 0x00007ffa20539000 	C:\WINDOWS\WinSxS\amd64_microsoft.windows.common-controls_6595b64144ccf1df_6.0.17134.112_none_fb3f961b30681c12\COMCTL32.dll
0x00007ffa2e2e0000 - 0x00007ffa2e603000 	C:\WINDOWS\System32\combase.dll
0x00007ffa2d090000 - 0x00007ffa2d10a000 	C:\WINDOWS\System32\bcryptPrimitives.dll
0x00007ffa2e700000 - 0x00007ffa2e72d000 	C:\WINDOWS\System32\IMM32.DLL
0x000000005c210000 - 0x000000005c2e2000 	C:\Program Files\Android\Android Studio\jre\jre\bin\msvcr100.dll
0x000000005c2f0000 - 0x000000005cb2e000 	C:\Program Files\Android\Android Studio\jre\jre\bin\server\jvm.dll
0x00007ffa2eed0000 - 0x00007ffa2eed8000 	C:\WINDOWS\System32\PSAPI.DLL
0x00007ffa29360000 - 0x00007ffa29369000 	C:\WINDOWS\SYSTEM32\WSOCK32.dll
0x00007ffa2eee0000 - 0x00007ffa2ef4c000 	C:\WINDOWS\System32\WS2_32.dll
0x00007ffa222f0000 - 0x00007ffa222fa000 	C:\WINDOWS\SYSTEM32\VERSION.dll
0x00007ffa29a00000 - 0x00007ffa29a23000 	C:\WINDOWS\SYSTEM32\WINMM.dll
0x00007ffa299d0000 - 0x00007ffa299fa000 	C:\WINDOWS\SYSTEM32\winmmbase.dll
0x00007ffa2cfa0000 - 0x00007ffa2cfe9000 	C:\WINDOWS\System32\cfgmgr32.dll
0x00007ffa25450000 - 0x00007ffa2545f000 	C:\Program Files\Android\Android Studio\jre\jre\bin\verify.dll
0x00007ffa21870000 - 0x00007ffa21899000 	C:\Program Files\Android\Android Studio\jre\jre\bin\java.dll
0x00007ffa25430000 - 0x00007ffa25446000 	C:\Program Files\Android\Android Studio\jre\jre\bin\zip.dll
0x00007ffa2f000000 - 0x00007ffa30440000 	C:\WINDOWS\System32\SHELL32.dll
0x00007ffa2e230000 - 0x00007ffa2e2d9000 	C:\WINDOWS\System32\shcore.dll
0x00007ffa2d6b0000 - 0x00007ffa2ddbd000 	C:\WINDOWS\System32\windows.storage.dll
0x00007ffa305d0000 - 0x00007ffa30621000 	C:\WINDOWS\System32\shlwapi.dll
0x00007ffa2cc70000 - 0x00007ffa2cc81000 	C:\WINDOWS\System32\kernel.appcore.dll
0x00007ffa2cc90000 - 0x00007ffa2ccaf000 	C:\WINDOWS\System32\profapi.dll
0x00007ffa2ccb0000 - 0x00007ffa2ccfc000 	C:\WINDOWS\System32\powrprof.dll
0x00007ffa2cc60000 - 0x00007ffa2cc6a000 	C:\WINDOWS\System32\FLTLIB.DLL
0x00007ffa2c670000 - 0x00007ffa2c687000 	C:\WINDOWS\SYSTEM32\CRYPTSP.dll
0x00007ffa2c0a0000 - 0x00007ffa2c0d3000 	C:\WINDOWS\system32\rsaenh.dll
0x00007ffa2c7a0000 - 0x00007ffa2c7c5000 	C:\WINDOWS\SYSTEM32\bcrypt.dll
0x00007ffa2cb40000 - 0x00007ffa2cb68000 	C:\WINDOWS\SYSTEM32\USERENV.dll
0x00007ffa2c690000 - 0x00007ffa2c69b000 	C:\WINDOWS\SYSTEM32\CRYPTBASE.dll
0x00007ffa1e870000 - 0x00007ffa1e88a000 	C:\Program Files\Android\Android Studio\jre\jre\bin\net.dll
0x00007ffa2c4c0000 - 0x00007ffa2c526000 	C:\WINDOWS\system32\mswsock.dll
0x00007ffa2c240000 - 0x00007ffa2c278000 	C:\WINDOWS\SYSTEM32\IPHLPAPI.DLL
0x00007ffa2ddc0000 - 0x00007ffa2ddc8000 	C:\WINDOWS\System32\NSI.dll
0x00007ffa27700000 - 0x00007ffa27716000 	C:\WINDOWS\SYSTEM32\dhcpcsvc6.DLL
0x00007ffa27630000 - 0x00007ffa2764a000 	C:\WINDOWS\SYSTEM32\dhcpcsvc.DLL
0x00007ffa154b0000 - 0x00007ffa154c1000 	C:\Program Files\Android\Android Studio\jre\jre\bin\nio.dll

VM Arguments:
jvm_args: -Djava.awt.headless=true -Xmx64M -Dfile.encoding=x-windows-949 -Duser.country=KR -Duser.language=ko -Duser.variant 
java_command: com.google.devtools.build.android.desugar.Desugar @D:\test\app\build\intermediates\tmp\desugar_args3426069884080753898
java_class_path (initial): C:\Users\Goo\AppData\Local\Temp\desugar_deploy.jar1207099034111372273
Launcher Type: SUN_STANDARD

Environment Variables:
PATH=C:\ProgramData\Oracle\Java\javapath;C:\WINDOWS\system32;C:\WINDOWS;C:\WINDOWS\System32\Wbem;C:\WINDOWS\System32\WindowsPowerShell\v1.0\;C:\OpenSSL;;C:\WINDOWS\System32\OpenSSH\;C:\Users\Goo\AppData\Local\Microsoft\WindowsApps;
USERNAME=Goo
OS=Windows_NT
PROCESSOR_IDENTIFIER=Intel64 Family 6 Model 158 Stepping 9, GenuineIntel



---------------  S Y S T E M  ---------------

OS: Windows 10.0 , 64 bit Build 17134 (10.0.17134.1)

CPU:total 8 (initial active 8) (4 cores per cpu, 2 threads per core) family 6 model 158 stepping 9, cmov, cx8, fxsr, mmx, sse, sse2, sse3, ssse3, sse4.1, sse4.2, popcnt, avx, avx2, aes, clmul, erms, 3dnowpref, lzcnt, ht, tsc, tscinvbit, bmi1, bmi2, adx

Memory: 4k page, physical 16692940k(4699516k free), swap 16692940k(4112k free)

vm_info: OpenJDK 64-Bit Server VM (25.152-b01) for windows-amd64 JRE (1.8.0_152-release-915-b01), built by "builder" with MS VC++ 10.0 (VS2010)

time: Fri Jun 15 06:06:33 2018
elapsed time: 2 seconds (0d 0h 0m 2s)

