#
# There is insufficient memory for the Java Runtime Environment to continue.
# Native memory allocation (malloc) failed to allocate 32744 bytes for ChunkPool::allocate
# Possible reasons:
#   The system is out of physical RAM or swap space
#   In 32 bit mode, the process size limit was hit
# Possible solutions:
#   Reduce memory load on the system
#   Increase physical memory or swap space
#   Check if swap backing store is full
#   Use 64 bit Java on a 64 bit OS
#   Decrease Java heap size (-Xmx/-Xms)
#   Decrease number of Java threads
#   Decrease Java thread stack sizes (-Xss)
#   Set larger code cache with -XX:ReservedCodeCacheSize=
# This output file may be truncated or incomplete.
#
#  Out of Memory Error (allocation.cpp:273), pid=7276, tid=0x0000000000002b90
#
# JRE version: OpenJDK Runtime Environment (8.0_152-b01) (build 1.8.0_152-release-915-b01)
# Java VM: OpenJDK 64-Bit Server VM (25.152-b01 mixed mode windows-amd64 compressed oops)
# Failed to write core dump. Minidumps are not enabled by default on client versions of Windows
#

---------------  T H R E A D  ---------------

Current thread (0x0000000015a14000):  JavaThread "C2 CompilerThread2" daemon [_thread_in_native, id=11152, stack(0x0000000016310000,0x0000000016410000)]

Stack: [0x0000000016310000,0x0000000016410000]
[error occurred during error reporting (printing stack bounds), id 0xc0000005]

Native frames: (J=compiled Java code, j=interpreted, Vv=VM code, C=native code)


Current CompileTask:
C2:   2770 1153       4       org.objectweb.asm.tree.MethodInsnNode::accept (30 bytes)


---------------  P R O C E S S  ---------------

Java Threads: ( => current thread )
  0x0000000015a1f000 JavaThread "Service Thread" daemon [_thread_blocked, id=2716, stack(0x0000000016510000,0x0000000016610000)]
  0x0000000015a18000 JavaThread "C1 CompilerThread3" daemon [_thread_in_native, id=2604, stack(0x0000000016410000,0x0000000016510000)]
=>0x0000000015a14000 JavaThread "C2 CompilerThread2" daemon [_thread_in_native, id=11152, stack(0x0000000016310000,0x0000000016410000)]
  0x0000000015a11000 JavaThread "C2 CompilerThread1" daemon [_thread_in_native, id=8952, stack(0x0000000016210000,0x0000000016310000)]
  0x0000000015a0e800 JavaThread "C2 CompilerThread0" daemon [_thread_in_native, id=12968, stack(0x0000000016110000,0x0000000016210000)]
  0x0000000015a0d000 JavaThread "Attach Listener" daemon [_thread_blocked, id=13252, stack(0x0000000016010000,0x0000000016110000)]
  0x00000000159ba000 JavaThread "Signal Dispatcher" daemon [_thread_blocked, id=10916, stack(0x0000000015f10000,0x0000000016010000)]
  0x00000000159a0800 JavaThread "Finalizer" daemon [_thread_blocked, id=9752, stack(0x0000000015d80000,0x0000000015e80000)]
  0x00000000032f8000 JavaThread "Reference Handler" daemon [_thread_blocked, id=500, stack(0x0000000015880000,0x0000000015980000)]
  0x0000000002bad800 JavaThread "main" [_thread_in_Java, id=14276, stack(0x0000000003100000,0x0000000003200000)]

Other Threads:
  0x0000000013aa5000 VMThread [stack: 0x0000000015780000,0x0000000015880000] [id=7120]
  0x0000000015a20000 WatcherThread [stack: 0x0000000016610000,0x0000000016710000] [id=10736]

VM state:not at safepoint (normal execution)

VM Mutex/Monitor currently owned by a thread: None

Heap:
 PSYoungGen      total 18944K, used 6175K [0x00000000feb00000, 0x0000000100000000, 0x0000000100000000)
  eden space 16384K, 22% used [0x00000000feb00000,0x00000000fee8bb48,0x00000000ffb00000)
  from space 2560K, 99% used [0x00000000ffb00000,0x00000000ffd7c328,0x00000000ffd80000)
  to   space 2560K, 0% used [0x00000000ffd80000,0x00000000ffd80000,0x0000000100000000)
 ParOldGen       total 44032K, used 6795K [0x00000000fc000000, 0x00000000feb00000, 0x00000000feb00000)
  object space 44032K, 15% used [0x00000000fc000000,0x00000000fc6a2d60,0x00000000feb00000)
 Metaspace       used 7713K, capacity 7910K, committed 8192K, reserved 1056768K
  class space    used 875K, capacity 957K, committed 1024K, reserved 1048576K

Card table byte_map: [0x0000000002c00000,0x0000000002c30000] byte_map_base: 0x0000000002420000

Marking Bits: (ParMarkBitMap*) 0x00000000673d3950
 Begin Bits: [0x0000000012ec0000, 0x0000000012fc0000)
 End Bits:   [0x0000000012fc0000, 0x00000000130c0000)

Polling page: 0x0000000002b80000

CodeCache: size=245760Kb used=4152Kb max_used=4163Kb free=241607Kb
 bounds [0x0000000003300000, 0x0000000003720000, 0x0000000012300000]
 total_blobs=1488 nmethods=1153 adapters=248
 compilation: enabled

Compilation events (10 events):
Event: 2.740 Thread 0x0000000015a14000 nmethod 1145 0x000000000370ea90 code [0x000000000370ec60, 0x000000000370f3c8]
Event: 2.742 Thread 0x0000000015a14000 1150       4       org.objectweb.asm.MethodWriter::visitLabel (321 bytes)
Event: 2.743 Thread 0x0000000015a11000 nmethod 1149 0x0000000003711a90 code [0x0000000003711c00, 0x0000000003712178]
Event: 2.743 Thread 0x0000000015a11000 1151       4       org.objectweb.asm.MethodVisitor::visitLabel (16 bytes)
Event: 2.749 Thread 0x0000000015a14000 nmethod 1150 0x0000000003712490 code [0x0000000003712600, 0x0000000003712bd8]
Event: 2.751 Thread 0x0000000015a18000 1152       3       org.objectweb.asm.ClassVisitor::visitSource (17 bytes)
Event: 2.751 Thread 0x0000000015a18000 nmethod 1152 0x0000000003709690 code [0x0000000003709800, 0x0000000003709a68]
Event: 2.752 Thread 0x0000000015a14000 1153       4       org.objectweb.asm.tree.MethodInsnNode::accept (30 bytes)
Event: 2.756 Thread 0x0000000015a11000 nmethod 1151 0x00000000037130d0 code [0x0000000003713260, 0x00000000037139b8]
Event: 2.757 Thread 0x0000000015a11000 1154       4       org.objectweb.asm.MethodVisitor::visitFieldInsn (20 bytes)

GC Heap History (6 events):
Event: 1.157 GC heap before
{Heap before GC invocations=1 (full 0):
 PSYoungGen      total 18944K, used 16384K [0x00000000feb00000, 0x0000000100000000, 0x0000000100000000)
  eden space 16384K, 100% used [0x00000000feb00000,0x00000000ffb00000,0x00000000ffb00000)
  from space 2560K, 0% used [0x00000000ffd80000,0x00000000ffd80000,0x0000000100000000)
  to   space 2560K, 0% used [0x00000000ffb00000,0x00000000ffb00000,0x00000000ffd80000)
 ParOldGen       total 44032K, used 0K [0x00000000fc000000, 0x00000000feb00000, 0x00000000feb00000)
  object space 44032K, 0% used [0x00000000fc000000,0x00000000fc000000,0x00000000feb00000)
 Metaspace       used 6622K, capacity 6740K, committed 7040K, reserved 1056768K
  class space    used 773K, capacity 824K, committed 896K, reserved 1048576K
Event: 1.189 GC heap after
Heap after GC invocations=1 (full 0):
 PSYoungGen      total 18944K, used 2537K [0x00000000feb00000, 0x0000000100000000, 0x0000000100000000)
  eden space 16384K, 0% used [0x00000000feb00000,0x00000000feb00000,0x00000000ffb00000)
  from space 2560K, 99% used [0x00000000ffb00000,0x00000000ffd7a620,0x00000000ffd80000)
  to   space 2560K, 0% used [0x00000000ffd80000,0x00000000ffd80000,0x0000000100000000)
 ParOldGen       total 44032K, used 1459K [0x00000000fc000000, 0x00000000feb00000, 0x00000000feb00000)
  object space 44032K, 3% used [0x00000000fc000000,0x00000000fc16cfe0,0x00000000feb00000)
 Metaspace       used 6622K, capacity 6740K, committed 7040K, reserved 1056768K
  class space    used 773K, capacity 824K, committed 896K, reserved 1048576K
}
Event: 1.649 GC heap before
{Heap before GC invocations=2 (full 0):
 PSYoungGen      total 18944K, used 18921K [0x00000000feb00000, 0x0000000100000000, 0x0000000100000000)
  eden space 16384K, 100% used [0x00000000feb00000,0x00000000ffb00000,0x00000000ffb00000)
  from space 2560K, 99% used [0x00000000ffb00000,0x00000000ffd7a620,0x00000000ffd80000)
  to   space 2560K, 0% used [0x00000000ffd80000,0x00000000ffd80000,0x0000000100000000)
 ParOldGen       total 44032K, used 1459K [0x00000000fc000000, 0x00000000feb00000, 0x00000000feb00000)
  object space 44032K, 3% used [0x00000000fc000000,0x00000000fc16cfe0,0x00000000feb00000)
 Metaspace       used 6968K, capacity 7110K, committed 7296K, reserved 1056768K
  class space    used 816K, capacity 861K, committed 896K, reserved 1048576K
Event: 1.692 GC heap after
Heap after GC invocations=2 (full 0):
 PSYoungGen      total 18944K, used 2547K [0x00000000feb00000, 0x0000000100000000, 0x0000000100000000)
  eden space 16384K, 0% used [0x00000000feb00000,0x00000000feb00000,0x00000000ffb00000)
  from space 2560K, 99% used [0x00000000ffd80000,0x00000000ffffce10,0x0000000100000000)
  to   space 2560K, 0% used [0x00000000ffb00000,0x00000000ffb00000,0x00000000ffd80000)
 ParOldGen       total 44032K, used 5961K [0x00000000fc000000, 0x00000000feb00000, 0x00000000feb00000)
  object space 44032K, 13% used [0x00000000fc000000,0x00000000fc5d24d8,0x00000000feb00000)
 Metaspace       used 6968K, capacity 7110K, committed 7296K, reserved 1056768K
  class space    used 816K, capacity 861K, committed 896K, reserved 1048576K
}
Event: 2.284 GC heap before
{Heap before GC invocations=3 (full 0):
 PSYoungGen      total 18944K, used 18931K [0x00000000feb00000, 0x0000000100000000, 0x0000000100000000)
  eden space 16384K, 100% used [0x00000000feb00000,0x00000000ffb00000,0x00000000ffb00000)
  from space 2560K, 99% used [0x00000000ffd80000,0x00000000ffffce10,0x0000000100000000)
  to   space 2560K, 0% used [0x00000000ffb00000,0x00000000ffb00000,0x00000000ffd80000)
 ParOldGen       total 44032K, used 5961K [0x00000000fc000000, 0x00000000feb00000, 0x00000000feb00000)
  object space 44032K, 13% used [0x00000000fc000000,0x00000000fc5d24d8,0x00000000feb00000)
 Metaspace       used 7695K, capacity 7910K, committed 8192K, reserved 1056768K
  class space    used 875K, capacity 957K, committed 1024K, reserved 1048576K
Event: 2.570 GC heap after
Heap after GC invocations=3 (full 0):
 PSYoungGen      total 18944K, used 2544K [0x00000000feb00000, 0x0000000100000000, 0x0000000100000000)
  eden space 16384K, 0% used [0x00000000feb00000,0x00000000feb00000,0x00000000ffb00000)
  from space 2560K, 99% used [0x00000000ffb00000,0x00000000ffd7c328,0x00000000ffd80000)
  to   space 2560K, 0% used [0x00000000ffd80000,0x00000000ffd80000,0x0000000100000000)
 ParOldGen       total 44032K, used 6795K [0x00000000fc000000, 0x00000000feb00000, 0x00000000feb00000)
  object space 44032K, 15% used [0x00000000fc000000,0x00000000fc6a2d60,0x00000000feb00000)
 Metaspace       used 7695K, capacity 7910K, committed 8192K, reserved 1056768K
  class space    used 875K, capacity 957K, committed 1024K, reserved 1048576K
}

Deoptimization events (10 events):
Event: 2.626 Thread 0x0000000002bad800 Uncommon trap: reason=class_check action=maybe_recompile pc=0x00000000036a51b8 method=org.objectweb.asm.MethodVisitor.visitVarInsn(II)V @ 13
Event: 2.626 Thread 0x0000000002bad800 Uncommon trap: reason=class_check action=maybe_recompile pc=0x00000000036a51b8 method=org.objectweb.asm.MethodVisitor.visitVarInsn(II)V @ 13
Event: 2.626 Thread 0x0000000002bad800 Uncommon trap: reason=class_check action=maybe_recompile pc=0x00000000036c529c method=org.objectweb.asm.MethodVisitor.visitVarInsn(II)V @ 13
Event: 2.634 Thread 0x0000000002bad800 Uncommon trap: reason=class_check action=maybe_recompile pc=0x00000000036f3d04 method=org.objectweb.asm.tree.VarInsnNode.accept(Lorg/objectweb/asm/MethodVisitor;)V @ 9
Event: 2.634 Thread 0x0000000002bad800 Uncommon trap: reason=class_check action=maybe_recompile pc=0x00000000036f3d04 method=org.objectweb.asm.tree.VarInsnNode.accept(Lorg/objectweb/asm/MethodVisitor;)V @ 9
Event: 2.634 Thread 0x0000000002bad800 Uncommon trap: reason=class_check action=maybe_recompile pc=0x00000000036f3d04 method=org.objectweb.asm.tree.VarInsnNode.accept(Lorg/objectweb/asm/MethodVisitor;)V @ 9
Event: 2.634 Thread 0x0000000002bad800 Uncommon trap: reason=class_check action=maybe_recompile pc=0x00000000036f3d04 method=org.objectweb.asm.tree.VarInsnNode.accept(Lorg/objectweb/asm/MethodVisitor;)V @ 9
Event: 2.665 Thread 0x0000000002bad800 Uncommon trap: reason=unstable_if action=reinterpret pc=0x00000000036e9358 method=org.objectweb.asm.ClassReader.readUTF8(I[C)Ljava/lang/String; @ 11
Event: 2.733 Thread 0x0000000002bad800 Uncommon trap: reason=unstable_if action=reinterpret pc=0x00000000036fbf24 method=org.objectweb.asm.MethodWriter.visitVarInsn(II)V @ 148
Event: 2.738 Thread 0x0000000002bad800 Uncommon trap: reason=unstable_if action=reinterpret pc=0x000000000370b974 method=org.objectweb.asm.ClassReader.a(II[C)Ljava/lang/String; @ 98

Classes redefined (0 events):
No events

Internal exceptions (10 events):
Event: 1.362 Thread 0x0000000002bad800 Exception <a 'sun/nio/fs/WindowsException'> (0x00000000ff26cb48) thrown at [D:\src\AOSP-openjdk-cygwin\jdk8u\hotspot\src\share\vm\prims\jni.cpp, line 709]
Event: 1.758 Thread 0x0000000002bad800 Exception <a 'sun/nio/fs/WindowsException'> (0x00000000feb760f8) thrown at [D:\src\AOSP-openjdk-cygwin\jdk8u\hotspot\src\share\vm\prims\jni.cpp, line 709]
Event: 1.763 Thread 0x0000000002bad800 Exception <a 'sun/nio/fs/WindowsException'> (0x00000000feb76650) thrown at [D:\src\AOSP-openjdk-cygwin\jdk8u\hotspot\src\share\vm\prims\jni.cpp, line 709]
Event: 2.098 Thread 0x0000000002bad800 Exception <a 'sun/nio/fs/WindowsException'> (0x00000000ff03c340) thrown at [D:\src\AOSP-openjdk-cygwin\jdk8u\hotspot\src\share\vm\prims\jni.cpp, line 709]
Event: 2.098 Thread 0x0000000002bad800 Exception <a 'sun/nio/fs/WindowsException'> (0x00000000ff03c818) thrown at [D:\src\AOSP-openjdk-cygwin\jdk8u\hotspot\src\share\vm\prims\jni.cpp, line 709]
Event: 2.101 Thread 0x0000000002bad800 Exception <a 'sun/nio/fs/WindowsException'> (0x00000000ff03fcb8) thrown at [D:\src\AOSP-openjdk-cygwin\jdk8u\hotspot\src\share\vm\prims\jni.cpp, line 709]
Event: 2.101 Thread 0x0000000002bad800 Exception <a 'sun/nio/fs/WindowsException'> (0x00000000ff040190) thrown at [D:\src\AOSP-openjdk-cygwin\jdk8u\hotspot\src\share\vm\prims\jni.cpp, line 709]
Event: 2.283 Thread 0x0000000002bad800 Exception <a 'sun/nio/fs/WindowsException'> (0x00000000ffac1d48) thrown at [D:\src\AOSP-openjdk-cygwin\jdk8u\hotspot\src\share\vm\prims\jni.cpp, line 709]
Event: 2.283 Thread 0x0000000002bad800 Exception <a 'sun/nio/fs/WindowsException'> (0x00000000ffac2220) thrown at [D:\src\AOSP-openjdk-cygwin\jdk8u\hotspot\src\share\vm\prims\jni.cpp, line 709]
Event: 2.625 Thread 0x0000000002bad800 Implicit null exception at 0x00000000036f6bea to 0x00000000036f6eb9

Events (10 events):
Event: 2.634 Thread 0x0000000002bad800 DEOPT UNPACKING pc=0x000000000334556a sp=0x00000000031fecb8 mode 2
Event: 2.665 Thread 0x0000000002bad800 Uncommon trap: trap_request=0xffffff65 fr.pc=0x00000000036e9358
Event: 2.665 Thread 0x0000000002bad800 DEOPT PACKING pc=0x00000000036e9358 sp=0x00000000031ff0d0
Event: 2.665 Thread 0x0000000002bad800 DEOPT UNPACKING pc=0x000000000334556a sp=0x00000000031ff0a0 mode 2
Event: 2.733 Thread 0x0000000002bad800 Uncommon trap: trap_request=0xffffff65 fr.pc=0x00000000036fbf24
Event: 2.733 Thread 0x0000000002bad800 DEOPT PACKING pc=0x00000000036fbf24 sp=0x00000000031fed60
Event: 2.733 Thread 0x0000000002bad800 DEOPT UNPACKING pc=0x000000000334556a sp=0x00000000031fec58 mode 2
Event: 2.738 Thread 0x0000000002bad800 Uncommon trap: trap_request=0xffffff65 fr.pc=0x000000000370b974
Event: 2.738 Thread 0x0000000002bad800 DEOPT PACKING pc=0x000000000370b974 sp=0x00000000031fee10
Event: 2.738 Thread 0x0000000002bad800 DEOPT UNPACKING pc=0x000000000334556a sp=0x00000000031fed28 mode 2


Dynamic libraries:
0x00007ff6c8c60000 - 0x00007ff6c8c91000 	C:\Program Files\Android\Android Studio\jre\bin\java.exe
0x00007ffba9340000 - 0x00007ffba9521000 	C:\WINDOWS\SYSTEM32\ntdll.dll
0x00007ffba6ca0000 - 0x00007ffba6d52000 	C:\WINDOWS\System32\KERNEL32.DLL
0x00007ffba6070000 - 0x00007ffba62e3000 	C:\WINDOWS\System32\KERNELBASE.dll
0x00007ffba9260000 - 0x00007ffba9301000 	C:\WINDOWS\System32\ADVAPI32.dll
0x00007ffba77b0000 - 0x00007ffba784e000 	C:\WINDOWS\System32\msvcrt.dll
0x00007ffba71b0000 - 0x00007ffba720b000 	C:\WINDOWS\System32\sechost.dll
0x00007ffba7580000 - 0x00007ffba76a4000 	C:\WINDOWS\System32\RPCRT4.dll
0x00007ffba7ac0000 - 0x00007ffba7c50000 	C:\WINDOWS\System32\USER32.dll
0x00007ffba5790000 - 0x00007ffba57b0000 	C:\WINDOWS\System32\win32u.dll
0x00007ffba67e0000 - 0x00007ffba6808000 	C:\WINDOWS\System32\GDI32.dll
0x00007ffba6530000 - 0x00007ffba66c2000 	C:\WINDOWS\System32\gdi32full.dll
0x00007ffba5fd0000 - 0x00007ffba606f000 	C:\WINDOWS\System32\msvcp_win.dll
0x00007ffba66d0000 - 0x00007ffba67ca000 	C:\WINDOWS\System32\ucrtbase.dll
0x00007ffb93ad0000 - 0x00007ffb93d39000 	C:\WINDOWS\WinSxS\amd64_microsoft.windows.common-controls_6595b64144ccf1df_6.0.17134.48_none_b4b2216a3cb4dd3e\COMCTL32.dll
0x00007ffba6810000 - 0x00007ffba6b33000 	C:\WINDOWS\System32\combase.dll
0x00007ffba5710000 - 0x00007ffba578a000 	C:\WINDOWS\System32\bcryptPrimitives.dll
0x00007ffba9090000 - 0x00007ffba90bd000 	C:\WINDOWS\System32\IMM32.DLL
0x0000000069530000 - 0x0000000069602000 	C:\Program Files\Android\Android Studio\jre\jre\bin\msvcr100.dll
0x0000000066c10000 - 0x000000006744e000 	C:\Program Files\Android\Android Studio\jre\jre\bin\server\jvm.dll
0x00007ffba91d0000 - 0x00007ffba91d8000 	C:\WINDOWS\System32\PSAPI.DLL
0x00007ffba1d20000 - 0x00007ffba1d29000 	C:\WINDOWS\SYSTEM32\WSOCK32.dll
0x00007ffba7510000 - 0x00007ffba757c000 	C:\WINDOWS\System32\WS2_32.dll
0x00007ffb95780000 - 0x00007ffb957a3000 	C:\WINDOWS\SYSTEM32\WINMM.dll
0x00007ffb9d7c0000 - 0x00007ffb9d7ca000 	C:\WINDOWS\SYSTEM32\VERSION.dll
0x00007ffb95570000 - 0x00007ffb9559a000 	C:\WINDOWS\SYSTEM32\winmmbase.dll
0x00007ffba64e0000 - 0x00007ffba6529000 	C:\WINDOWS\System32\cfgmgr32.dll
0x00007ffba3a40000 - 0x00007ffba3a4f000 	C:\Program Files\Android\Android Studio\jre\jre\bin\verify.dll
0x00007ffba1b00000 - 0x00007ffba1b29000 	C:\Program Files\Android\Android Studio\jre\jre\bin\java.dll
0x00007ffba1280000 - 0x00007ffba1296000 	C:\Program Files\Android\Android Studio\jre\jre\bin\zip.dll
0x00007ffba7c50000 - 0x00007ffba9090000 	C:\WINDOWS\System32\SHELL32.dll
0x00007ffba9120000 - 0x00007ffba91c9000 	C:\WINDOWS\System32\shcore.dll
0x00007ffba58c0000 - 0x00007ffba5fcd000 	C:\WINDOWS\System32\windows.storage.dll
0x00007ffba90c0000 - 0x00007ffba9111000 	C:\WINDOWS\System32\shlwapi.dll
0x00007ffba5680000 - 0x00007ffba5691000 	C:\WINDOWS\System32\kernel.appcore.dll
0x00007ffba56f0000 - 0x00007ffba570f000 	C:\WINDOWS\System32\profapi.dll
0x00007ffba56a0000 - 0x00007ffba56ec000 	C:\WINDOWS\System32\powrprof.dll
0x00007ffba5650000 - 0x00007ffba565a000 	C:\WINDOWS\System32\FLTLIB.DLL
0x00007ffba5080000 - 0x00007ffba5097000 	C:\WINDOWS\SYSTEM32\CRYPTSP.dll
0x00007ffba4ab0000 - 0x00007ffba4ae3000 	C:\WINDOWS\system32\rsaenh.dll
0x00007ffba51b0000 - 0x00007ffba51d5000 	C:\WINDOWS\SYSTEM32\bcrypt.dll
0x00007ffba5580000 - 0x00007ffba55a8000 	C:\WINDOWS\SYSTEM32\USERENV.dll
0x00007ffba50a0000 - 0x00007ffba50ab000 	C:\WINDOWS\SYSTEM32\CRYPTBASE.dll
0x00007ffba1180000 - 0x00007ffba119a000 	C:\Program Files\Android\Android Studio\jre\jre\bin\net.dll
0x00007ffba4ed0000 - 0x00007ffba4f36000 	C:\WINDOWS\system32\mswsock.dll
0x00007ffba4c50000 - 0x00007ffba4c88000 	C:\WINDOWS\SYSTEM32\IPHLPAPI.DLL
0x00007ffba7430000 - 0x00007ffba7438000 	C:\WINDOWS\System32\NSI.dll
0x00007ffb9a1f0000 - 0x00007ffb9a206000 	C:\WINDOWS\SYSTEM32\dhcpcsvc6.DLL
0x00007ffb9a120000 - 0x00007ffb9a13a000 	C:\WINDOWS\SYSTEM32\dhcpcsvc.DLL
0x00007ffb9f410000 - 0x00007ffb9f421000 	C:\Program Files\Android\Android Studio\jre\jre\bin\nio.dll

VM Arguments:
jvm_args: -Djava.awt.headless=true -Xmx64M -Dfile.encoding=x-windows-949 -Duser.country=KR -Duser.language=ko -Duser.variant 
java_command: com.google.devtools.build.android.desugar.Desugar @D:\test\app\build\intermediates\tmp\desugar_args7456426100564118405
java_class_path (initial): C:\Users\Goo\AppData\Local\Temp\desugar_deploy.jar817229055182116543
Launcher Type: SUN_STANDARD

Environment Variables:
PATH=C:\ProgramData\Oracle\Java\javapath;C:\WINDOWS\system32;C:\WINDOWS;C:\WINDOWS\System32\Wbem;C:\WINDOWS\System32\WindowsPowerShell\v1.0\;C:\OpenSSL;;C:\WINDOWS\System32\OpenSSH\;C:\Users\Goo\AppData\Local\Microsoft\WindowsApps;
USERNAME=Goo
OS=Windows_NT
PROCESSOR_IDENTIFIER=Intel64 Family 6 Model 158 Stepping 9, GenuineIntel



---------------  S Y S T E M  ---------------

OS: Windows 10.0 , 64 bit Build 17134 (10.0.17134.1)

CPU:total 8 (initial active 8) (4 cores per cpu, 2 threads per core) family 6 model 158 stepping 9, cmov, cx8, fxsr, mmx, sse, sse2, sse3, ssse3, sse4.1, sse4.2, popcnt, avx, avx2, aes, clmul, erms, 3dnowpref, lzcnt, ht, tsc, tscinvbit, bmi1, bmi2, adx

Memory: 4k page, physical 16692940k(3714296k free), swap 16692940k(5128k free)

vm_info: OpenJDK 64-Bit Server VM (25.152-b01) for windows-amd64 JRE (1.8.0_152-release-915-b01), built by "builder" with MS VC++ 10.0 (VS2010)

time: Mon May 28 00:54:47 2018
elapsed time: 2 seconds (0d 0h 0m 2s)

