#
# There is insufficient memory for the Java Runtime Environment to continue.
# Native memory allocation (malloc) failed to allocate 32744 bytes for ChunkPool::allocate
# Possible reasons:
#   The system is out of physical RAM or swap space
#   In 32 bit mode, the process size limit was hit
# Possible solutions:
#   Reduce memory load on the system
#   Increase physical memory or swap space
#   Check if swap backing store is full
#   Use 64 bit Java on a 64 bit OS
#   Decrease Java heap size (-Xmx/-Xms)
#   Decrease number of Java threads
#   Decrease Java thread stack sizes (-Xss)
#   Set larger code cache with -XX:ReservedCodeCacheSize=
# This output file may be truncated or incomplete.
#
#  Out of Memory Error (allocation.cpp:273), pid=3116, tid=0x0000000000001910
#
# JRE version: OpenJDK Runtime Environment (8.0_152-b01) (build 1.8.0_152-release-915-b01)
# Java VM: OpenJDK 64-Bit Server VM (25.152-b01 mixed mode windows-amd64 compressed oops)
# Failed to write core dump. Minidumps are not enabled by default on client versions of Windows
#

---------------  T H R E A D  ---------------

Current thread (0x0000000015733000):  JavaThread "C2 CompilerThread2" daemon [_thread_in_native, id=6416, stack(0x0000000016030000,0x0000000016130000)]

Stack: [0x0000000016030000,0x0000000016130000]
[error occurred during error reporting (printing stack bounds), id 0xc0000005]

Native frames: (J=compiled Java code, j=interpreted, Vv=VM code, C=native code)


Current CompileTask:
C2:   3849  947       4       org.objectweb.asm.MethodVisitor::visitVarInsn (17 bytes)


---------------  P R O C E S S  ---------------

Java Threads: ( => current thread )
  0x00000000157ba800 JavaThread "Service Thread" daemon [_thread_blocked, id=12944, stack(0x0000000016230000,0x0000000016330000)]
  0x0000000015764000 JavaThread "C1 CompilerThread3" daemon [_thread_in_native, id=7820, stack(0x0000000016130000,0x0000000016230000)]
=>0x0000000015733000 JavaThread "C2 CompilerThread2" daemon [_thread_in_native, id=6416, stack(0x0000000016030000,0x0000000016130000)]
  0x00000000137ea800 JavaThread "C2 CompilerThread1" daemon [_thread_in_native, id=3472, stack(0x0000000015f30000,0x0000000016030000)]
  0x000000001572f000 JavaThread "C2 CompilerThread0" daemon [_thread_in_native, id=2152, stack(0x0000000015e30000,0x0000000015f30000)]
  0x000000001572d800 JavaThread "Attach Listener" daemon [_thread_blocked, id=12212, stack(0x0000000015d30000,0x0000000015e30000)]
  0x00000000156d9800 JavaThread "Signal Dispatcher" daemon [_thread_blocked, id=9716, stack(0x0000000015c30000,0x0000000015d30000)]
  0x00000000156c0800 JavaThread "Finalizer" daemon [_thread_blocked, id=9948, stack(0x0000000015aa0000,0x0000000015ba0000)]
  0x0000000003027000 JavaThread "Reference Handler" daemon [_thread_blocked, id=8884, stack(0x00000000155a0000,0x00000000156a0000)]
  0x0000000000e2d800 JavaThread "main" [_thread_in_Java, id=11144, stack(0x0000000002e30000,0x0000000002f30000)]

Other Threads:
  0x00000000137d5000 VMThread [stack: 0x00000000154a0000,0x00000000155a0000] [id=2988]
  0x00000000157bb800 WatcherThread [stack: 0x0000000016330000,0x0000000016430000] [id=8104]

VM state:not at safepoint (normal execution)

VM Mutex/Monitor currently owned by a thread: None

Heap:
 PSYoungGen      total 18944K, used 9574K [0x00000000feb00000, 0x0000000100000000, 0x0000000100000000)
  eden space 16384K, 42% used [0x00000000feb00000,0x00000000ff1e0bb8,0x00000000ffb00000)
  from space 2560K, 98% used [0x00000000ffd80000,0x00000000ffff8e00,0x0000000100000000)
  to   space 2560K, 0% used [0x00000000ffb00000,0x00000000ffb00000,0x00000000ffd80000)
 ParOldGen       total 44032K, used 5789K [0x00000000fc000000, 0x00000000feb00000, 0x00000000feb00000)
  object space 44032K, 13% used [0x00000000fc000000,0x00000000fc5a77c0,0x00000000feb00000)
 Metaspace       used 7639K, capacity 7846K, committed 7936K, reserved 1056768K
  class space    used 875K, capacity 957K, committed 1024K, reserved 1048576K

Card table byte_map: [0x0000000002a40000,0x0000000002a70000] byte_map_base: 0x0000000002260000

Marking Bits: (ParMarkBitMap*) 0x000000005d303950
 Begin Bits: [0x0000000012bf0000, 0x0000000012cf0000)
 End Bits:   [0x0000000012cf0000, 0x0000000012df0000)

Polling page: 0x00000000009f0000

CodeCache: size=245760Kb used=3551Kb max_used=3555Kb free=242208Kb
 bounds [0x0000000003030000, 0x00000000033b0000, 0x0000000012030000]
 total_blobs=1270 nmethods=936 adapters=248
 compilation: enabled

Compilation events (10 events):
Event: 3.840 Thread 0x0000000015764000  940       3       org.objectweb.asm.MethodWriter::a (845 bytes)
Event: 3.840 Thread 0x0000000015733000 nmethod 942 0x000000000335ce50 code [0x000000000335cf80, 0x000000000335d038]
Event: 3.840 Thread 0x000000001572f000  943       4       org.objectweb.asm.ClassWriter::b (152 bytes)
Event: 3.840 Thread 0x0000000015733000  944       4       java.util.ArrayList::get (11 bytes)
Event: 3.841 Thread 0x0000000015733000 nmethod 944 0x0000000003381c90 code [0x0000000003381dc0, 0x0000000003381e78]
Event: 3.842 Thread 0x0000000015733000  947       4       org.objectweb.asm.MethodVisitor::visitVarInsn (17 bytes)
Event: 3.843 Thread 0x0000000015764000 nmethod 940 0x00000000033a8410 code [0x00000000033a8880, 0x00000000033aabe8]
Event: 3.843 Thread 0x0000000015764000  941       3       org.objectweb.asm.MethodWriter::a (1609 bytes)
Event: 3.845 Thread 0x000000001572f000 nmethod 943 0x00000000033a3490 code [0x00000000033a3600, 0x00000000033a3998]
Event: 3.845 Thread 0x000000001572f000  949       4       java.util.zip.ZipFile::getZipEntry (236 bytes)

GC Heap History (4 events):
Event: 1.451 GC heap before
{Heap before GC invocations=1 (full 0):
 PSYoungGen      total 18944K, used 16384K [0x00000000feb00000, 0x0000000100000000, 0x0000000100000000)
  eden space 16384K, 100% used [0x00000000feb00000,0x00000000ffb00000,0x00000000ffb00000)
  from space 2560K, 0% used [0x00000000ffd80000,0x00000000ffd80000,0x0000000100000000)
  to   space 2560K, 0% used [0x00000000ffb00000,0x00000000ffb00000,0x00000000ffd80000)
 ParOldGen       total 44032K, used 0K [0x00000000fc000000, 0x00000000feb00000, 0x00000000feb00000)
  object space 44032K, 0% used [0x00000000fc000000,0x00000000fc000000,0x00000000feb00000)
 Metaspace       used 6624K, capacity 6804K, committed 7040K, reserved 1056768K
  class space    used 774K, capacity 824K, committed 896K, reserved 1048576K
Event: 1.462 GC heap after
Heap after GC invocations=1 (full 0):
 PSYoungGen      total 18944K, used 2553K [0x00000000feb00000, 0x0000000100000000, 0x0000000100000000)
  eden space 16384K, 0% used [0x00000000feb00000,0x00000000feb00000,0x00000000ffb00000)
  from space 2560K, 99% used [0x00000000ffb00000,0x00000000ffd7e630,0x00000000ffd80000)
  to   space 2560K, 0% used [0x00000000ffd80000,0x00000000ffd80000,0x0000000100000000)
 ParOldGen       total 44032K, used 1544K [0x00000000fc000000, 0x00000000feb00000, 0x00000000feb00000)
  object space 44032K, 3% used [0x00000000fc000000,0x00000000fc1822c8,0x00000000feb00000)
 Metaspace       used 6624K, capacity 6804K, committed 7040K, reserved 1056768K
  class space    used 774K, capacity 824K, committed 896K, reserved 1048576K
}
Event: 2.277 GC heap before
{Heap before GC invocations=2 (full 0):
 PSYoungGen      total 18944K, used 18937K [0x00000000feb00000, 0x0000000100000000, 0x0000000100000000)
  eden space 16384K, 100% used [0x00000000feb00000,0x00000000ffb00000,0x00000000ffb00000)
  from space 2560K, 99% used [0x00000000ffb00000,0x00000000ffd7e630,0x00000000ffd80000)
  to   space 2560K, 0% used [0x00000000ffd80000,0x00000000ffd80000,0x0000000100000000)
 ParOldGen       total 44032K, used 1544K [0x00000000fc000000, 0x00000000feb00000, 0x00000000feb00000)
  object space 44032K, 3% used [0x00000000fc000000,0x00000000fc1822c8,0x00000000feb00000)
 Metaspace       used 6967K, capacity 7110K, committed 7296K, reserved 1056768K
  class space    used 816K, capacity 861K, committed 896K, reserved 1048576K
Event: 2.926 GC heap after
Heap after GC invocations=2 (full 0):
 PSYoungGen      total 18944K, used 2531K [0x00000000feb00000, 0x0000000100000000, 0x0000000100000000)
  eden space 16384K, 0% used [0x00000000feb00000,0x00000000feb00000,0x00000000ffb00000)
  from space 2560K, 98% used [0x00000000ffd80000,0x00000000ffff8e00,0x0000000100000000)
  to   space 2560K, 0% used [0x00000000ffb00000,0x00000000ffb00000,0x00000000ffd80000)
 ParOldGen       total 44032K, used 5789K [0x00000000fc000000, 0x00000000feb00000, 0x00000000feb00000)
  object space 44032K, 13% used [0x00000000fc000000,0x00000000fc5a77c0,0x00000000feb00000)
 Metaspace       used 6967K, capacity 7110K, committed 7296K, reserved 1056768K
  class space    used 816K, capacity 861K, committed 896K, reserved 1048576K
}

Deoptimization events (10 events):
Event: 1.487 Thread 0x0000000000e2d800 Uncommon trap: reason=unstable_if action=reinterpret pc=0x0000000003263bac method=java.util.zip.ZipCoder.decoder()Ljava/nio/charset/CharsetDecoder; @ 4
Event: 1.487 Thread 0x0000000000e2d800 Uncommon trap: reason=unstable_if action=reinterpret pc=0x00000000032601d8 method=java.util.zip.ZipCoder.decoder()Ljava/nio/charset/CharsetDecoder; @ 4
Event: 1.488 Thread 0x0000000000e2d800 Uncommon trap: reason=unstable_if action=reinterpret pc=0x000000000325efc0 method=java.util.zip.ZipCoder.decoder()Ljava/nio/charset/CharsetDecoder; @ 4
Event: 1.495 Thread 0x0000000000e2d800 Uncommon trap: reason=unstable_if action=reinterpret pc=0x000000000327e8c8 method=java.util.HashMap$HashIterator.nextNode()Ljava/util/HashMap$Node; @ 74
Event: 1.696 Thread 0x0000000000e2d800 Uncommon trap: reason=unstable_if action=reinterpret pc=0x000000000327edc8 method=java.util.HashMap$HashIterator.nextNode()Ljava/util/HashMap$Node; @ 74
Event: 2.213 Thread 0x0000000000e2d800 Uncommon trap: reason=unloaded action=reinterpret pc=0x0000000003267abc method=java.util.zip.ZipEntry.setExtra0([BZ)V @ 37
Event: 3.248 Thread 0x0000000000e2d800 Uncommon trap: reason=unstable_if action=reinterpret pc=0x00000000031e43b8 method=java.lang.String.<init>([CII)V @ 18
Event: 3.643 Thread 0x0000000000e2d800 Uncommon trap: reason=unstable_if action=reinterpret pc=0x0000000003309130 method=org.objectweb.asm.ClassReader.a(II[C)Ljava/lang/String; @ 77
Event: 3.643 Thread 0x0000000000e2d800 Uncommon trap: reason=unstable_if action=reinterpret pc=0x0000000003307d78 method=org.objectweb.asm.ByteVector.putUTF8(Ljava/lang/String;)Lorg/objectweb/asm/ByteVector; @ 98
Event: 3.654 Thread 0x0000000000e2d800 Uncommon trap: reason=unstable_if action=reinterpret pc=0x00000000033654d8 method=org.objectweb.asm.Item.a(Lorg/objectweb/asm/Item;)Z @ 345

Classes redefined (0 events):
No events

Internal exceptions (10 events):
Event: 1.488 Thread 0x0000000000e2d800 Implicit null exception at 0x000000000325eb7d to 0x000000000325efb1
Event: 1.690 Thread 0x0000000000e2d800 Exception <a 'sun/nio/fs/WindowsException'> (0x00000000ff2170c8) thrown at [D:\src\AOSP-openjdk-cygwin\jdk8u\hotspot\src\share\vm\prims\jni.cpp, line 709]
Event: 1.693 Thread 0x0000000000e2d800 Exception <a 'sun/nio/fs/WindowsException'> (0x00000000ff217688) thrown at [D:\src\AOSP-openjdk-cygwin\jdk8u\hotspot\src\share\vm\prims\jni.cpp, line 709]
Event: 1.693 Thread 0x0000000000e2d800 Exception <a 'sun/nio/fs/WindowsException'> (0x00000000ff217c50) thrown at [D:\src\AOSP-openjdk-cygwin\jdk8u\hotspot\src\share\vm\prims\jni.cpp, line 709]
Event: 1.693 Thread 0x0000000000e2d800 Exception <a 'sun/nio/fs/WindowsException'> (0x00000000ff218410) thrown at [D:\src\AOSP-openjdk-cygwin\jdk8u\hotspot\src\share\vm\prims\jni.cpp, line 709]
Event: 1.694 Thread 0x0000000000e2d800 Exception <a 'sun/nio/fs/WindowsException'> (0x00000000ff2189b0) thrown at [D:\src\AOSP-openjdk-cygwin\jdk8u\hotspot\src\share\vm\prims\jni.cpp, line 709]
Event: 1.694 Thread 0x0000000000e2d800 Exception <a 'sun/nio/fs/WindowsException'> (0x00000000ff219160) thrown at [D:\src\AOSP-openjdk-cygwin\jdk8u\hotspot\src\share\vm\prims\jni.cpp, line 709]
Event: 1.699 Thread 0x0000000000e2d800 Exception <a 'sun/nio/fs/WindowsException'> (0x00000000ff21e4a0) thrown at [D:\src\AOSP-openjdk-cygwin\jdk8u\hotspot\src\share\vm\prims\jni.cpp, line 709]
Event: 3.141 Thread 0x0000000000e2d800 Exception <a 'sun/nio/fs/WindowsException'> (0x00000000febca1c0) thrown at [D:\src\AOSP-openjdk-cygwin\jdk8u\hotspot\src\share\vm\prims\jni.cpp, line 709]
Event: 3.226 Thread 0x0000000000e2d800 Exception <a 'sun/nio/fs/WindowsException'> (0x00000000febca718) thrown at [D:\src\AOSP-openjdk-cygwin\jdk8u\hotspot\src\share\vm\prims\jni.cpp, line 709]

Events (10 events):
Event: 3.329 loading class org/objectweb/asm/Handler done
Event: 3.643 Thread 0x0000000000e2d800 Uncommon trap: trap_request=0xffffff65 fr.pc=0x0000000003309130
Event: 3.643 Thread 0x0000000000e2d800 DEOPT PACKING pc=0x0000000003309130 sp=0x0000000002f2eb80
Event: 3.643 Thread 0x0000000000e2d800 DEOPT UNPACKING pc=0x000000000307556a sp=0x0000000002f2eaa8 mode 2
Event: 3.643 Thread 0x0000000000e2d800 Uncommon trap: trap_request=0xffffff65 fr.pc=0x0000000003307d78
Event: 3.643 Thread 0x0000000000e2d800 DEOPT PACKING pc=0x0000000003307d78 sp=0x0000000002f2e8c0
Event: 3.643 Thread 0x0000000000e2d800 DEOPT UNPACKING pc=0x000000000307556a sp=0x0000000002f2e848 mode 2
Event: 3.654 Thread 0x0000000000e2d800 Uncommon trap: trap_request=0xffffff65 fr.pc=0x00000000033654d8
Event: 3.654 Thread 0x0000000000e2d800 DEOPT PACKING pc=0x00000000033654d8 sp=0x0000000002f2e6a0
Event: 3.654 Thread 0x0000000000e2d800 DEOPT UNPACKING pc=0x000000000307556a sp=0x0000000002f2e638 mode 2


Dynamic libraries:
0x00007ff6199f0000 - 0x00007ff619a21000 	C:\Program Files\Android\Android Studio\jre\bin\java.exe
0x00007ff98de30000 - 0x00007ff98e011000 	C:\WINDOWS\SYSTEM32\ntdll.dll
0x00007ff98c160000 - 0x00007ff98c212000 	C:\WINDOWS\System32\KERNEL32.DLL
0x00007ff98a400000 - 0x00007ff98a673000 	C:\WINDOWS\System32\KERNELBASE.dll
0x00007ff98b860000 - 0x00007ff98b901000 	C:\WINDOWS\System32\ADVAPI32.dll
0x00007ff98bd20000 - 0x00007ff98bdbe000 	C:\WINDOWS\System32\msvcrt.dll
0x00007ff98b910000 - 0x00007ff98b96b000 	C:\WINDOWS\System32\sechost.dll
0x00007ff98b3b0000 - 0x00007ff98b4d4000 	C:\WINDOWS\System32\RPCRT4.dll
0x00007ff98b9f0000 - 0x00007ff98bb80000 	C:\WINDOWS\System32\USER32.dll
0x00007ff98b2a0000 - 0x00007ff98b2c0000 	C:\WINDOWS\System32\win32u.dll
0x00007ff98b380000 - 0x00007ff98b3a8000 	C:\WINDOWS\System32\GDI32.dll
0x00007ff98b060000 - 0x00007ff98b1f2000 	C:\WINDOWS\System32\gdi32full.dll
0x00007ff98b200000 - 0x00007ff98b29f000 	C:\WINDOWS\System32\msvcp_win.dll
0x00007ff98a300000 - 0x00007ff98a3fa000 	C:\WINDOWS\System32\ucrtbase.dll
0x00007ff97d610000 - 0x00007ff97d879000 	C:\WINDOWS\WinSxS\amd64_microsoft.windows.common-controls_6595b64144ccf1df_6.0.17134.48_none_b4b2216a3cb4dd3e\COMCTL32.dll
0x00007ff98bdd0000 - 0x00007ff98c0f3000 	C:\WINDOWS\System32\combase.dll
0x00007ff98adf0000 - 0x00007ff98ae6a000 	C:\WINDOWS\System32\bcryptPrimitives.dll
0x00007ff98b5c0000 - 0x00007ff98b5ed000 	C:\WINDOWS\System32\IMM32.DLL
0x000000005ca60000 - 0x000000005cb32000 	C:\Program Files\Android\Android Studio\jre\jre\bin\msvcr100.dll
0x000000005cb40000 - 0x000000005d37e000 	C:\Program Files\Android\Android Studio\jre\jre\bin\server\jvm.dll
0x00007ff98b5b0000 - 0x00007ff98b5b8000 	C:\WINDOWS\System32\PSAPI.DLL
0x00007ff985c60000 - 0x00007ff985c69000 	C:\WINDOWS\SYSTEM32\WSOCK32.dll
0x00007ff98b970000 - 0x00007ff98b9dc000 	C:\WINDOWS\System32\WS2_32.dll
0x00007ff987c20000 - 0x00007ff987c43000 	C:\WINDOWS\SYSTEM32\WINMM.dll
0x00007ff982480000 - 0x00007ff98248a000 	C:\WINDOWS\SYSTEM32\VERSION.dll
0x00007ff987620000 - 0x00007ff98764a000 	C:\WINDOWS\SYSTEM32\WINMMBASE.dll
0x00007ff98a2b0000 - 0x00007ff98a2f9000 	C:\WINDOWS\System32\cfgmgr32.dll
0x00007ff96ba40000 - 0x00007ff96ba4f000 	C:\Program Files\Android\Android Studio\jre\jre\bin\verify.dll
0x00007ff96ba10000 - 0x00007ff96ba39000 	C:\Program Files\Android\Android Studio\jre\jre\bin\java.dll
0x00007ff96b9f0000 - 0x00007ff96ba06000 	C:\Program Files\Android\Android Studio\jre\jre\bin\zip.dll
0x00007ff98c2a0000 - 0x00007ff98d6e0000 	C:\WINDOWS\System32\SHELL32.dll
0x00007ff98b4e0000 - 0x00007ff98b589000 	C:\WINDOWS\System32\shcore.dll
0x00007ff98a680000 - 0x00007ff98ad8d000 	C:\WINDOWS\System32\windows.storage.dll
0x00007ff98b320000 - 0x00007ff98b371000 	C:\WINDOWS\System32\shlwapi.dll
0x00007ff98a170000 - 0x00007ff98a181000 	C:\WINDOWS\System32\kernel.appcore.dll
0x00007ff98a190000 - 0x00007ff98a1af000 	C:\WINDOWS\System32\profapi.dll
0x00007ff98a1b0000 - 0x00007ff98a1fc000 	C:\WINDOWS\System32\powrprof.dll
0x00007ff98a160000 - 0x00007ff98a16a000 	C:\WINDOWS\System32\FLTLIB.DLL
0x00007ff989b70000 - 0x00007ff989b87000 	C:\WINDOWS\SYSTEM32\CRYPTSP.dll
0x00007ff9895a0000 - 0x00007ff9895d3000 	C:\WINDOWS\system32\rsaenh.dll
0x00007ff989ca0000 - 0x00007ff989cc5000 	C:\WINDOWS\SYSTEM32\bcrypt.dll
0x00007ff98a040000 - 0x00007ff98a068000 	C:\WINDOWS\SYSTEM32\USERENV.dll
0x00007ff989b90000 - 0x00007ff989b9b000 	C:\WINDOWS\SYSTEM32\CRYPTBASE.dll
0x00007ff96b9d0000 - 0x00007ff96b9ea000 	C:\Program Files\Android\Android Studio\jre\jre\bin\net.dll
0x00007ff9899c0000 - 0x00007ff989a26000 	C:\WINDOWS\system32\mswsock.dll
0x00007ff989740000 - 0x00007ff989778000 	C:\WINDOWS\SYSTEM32\IPHLPAPI.DLL
0x00007ff98bdc0000 - 0x00007ff98bdc8000 	C:\WINDOWS\System32\NSI.dll
0x00007ff982c80000 - 0x00007ff982c96000 	C:\WINDOWS\SYSTEM32\dhcpcsvc6.DLL
0x00007ff982c60000 - 0x00007ff982c7a000 	C:\WINDOWS\SYSTEM32\dhcpcsvc.DLL
0x00007ff967fc0000 - 0x00007ff967fd1000 	C:\Program Files\Android\Android Studio\jre\jre\bin\nio.dll

VM Arguments:
jvm_args: -Djava.awt.headless=true -Xmx64M -Dfile.encoding=x-windows-949 -Duser.country=KR -Duser.language=ko -Duser.variant 
java_command: com.google.devtools.build.android.desugar.Desugar @D:\test\app\build\intermediates\tmp\desugar_args5622584486487300218
java_class_path (initial): C:\Users\Goo\AppData\Local\Temp\desugar_deploy.jar3189730495422438638
Launcher Type: SUN_STANDARD

Environment Variables:
PATH=C:\ProgramData\Oracle\Java\javapath;C:\WINDOWS\system32;C:\WINDOWS;C:\WINDOWS\System32\Wbem;C:\WINDOWS\System32\WindowsPowerShell\v1.0\;C:\OpenSSL;;C:\WINDOWS\System32\OpenSSH\;C:\Users\Goo\AppData\Local\Microsoft\WindowsApps;
USERNAME=Goo
OS=Windows_NT
PROCESSOR_IDENTIFIER=Intel64 Family 6 Model 158 Stepping 9, GenuineIntel



---------------  S Y S T E M  ---------------

OS: Windows 10.0 , 64 bit Build 17134 (10.0.17134.1)

CPU:total 8 (initial active 8) (4 cores per cpu, 2 threads per core) family 6 model 158 stepping 9, cmov, cx8, fxsr, mmx, sse, sse2, sse3, ssse3, sse4.1, sse4.2, popcnt, avx, avx2, aes, clmul, erms, 3dnowpref, lzcnt, ht, tsc, tscinvbit, bmi1, bmi2, adx

Memory: 4k page, physical 16692940k(4655100k free), swap 16692940k(2320k free)

vm_info: OpenJDK 64-Bit Server VM (25.152-b01) for windows-amd64 JRE (1.8.0_152-release-915-b01), built by "builder" with MS VC++ 10.0 (VS2010)

time: Mon Jun 11 00:55:38 2018
elapsed time: 3 seconds (0d 0h 0m 3s)

