#
# There is insufficient memory for the Java Runtime Environment to continue.
# Native memory allocation (malloc) failed to allocate 32744 bytes for ChunkPool::allocate
# Possible reasons:
#   The system is out of physical RAM or swap space
#   In 32 bit mode, the process size limit was hit
# Possible solutions:
#   Reduce memory load on the system
#   Increase physical memory or swap space
#   Check if swap backing store is full
#   Use 64 bit Java on a 64 bit OS
#   Decrease Java heap size (-Xmx/-Xms)
#   Decrease number of Java threads
#   Decrease Java thread stack sizes (-Xss)
#   Set larger code cache with -XX:ReservedCodeCacheSize=
# This output file may be truncated or incomplete.
#
#  Out of Memory Error (allocation.cpp:273), pid=6172, tid=0x0000000000001b0c
#
# JRE version: OpenJDK Runtime Environment (8.0_152-b01) (build 1.8.0_152-release-915-b01)
# Java VM: OpenJDK 64-Bit Server VM (25.152-b01 mixed mode windows-amd64 compressed oops)
# Failed to write core dump. Minidumps are not enabled by default on client versions of Windows
#

---------------  T H R E A D  ---------------

Current thread (0x00000000151b3000):  JavaThread "C2 CompilerThread2" daemon [_thread_in_native, id=6924, stack(0x0000000015ab0000,0x0000000015bb0000)]

Stack: [0x0000000015ab0000,0x0000000015bb0000]
[error occurred during error reporting (printing stack bounds), id 0xc0000005]

Native frames: (J=compiled Java code, j=interpreted, Vv=VM code, C=native code)


Current CompileTask:
C2:   1813  924       4       org.objectweb.asm.ClassReader::a (3587 bytes)


---------------  P R O C E S S  ---------------

Java Threads: ( => current thread )
  0x000000001523d000 JavaThread "Service Thread" daemon [_thread_blocked, id=13532, stack(0x0000000015cb0000,0x0000000015db0000)]
  0x00000000151b6000 JavaThread "C1 CompilerThread3" daemon [_thread_blocked, id=10344, stack(0x0000000015bb0000,0x0000000015cb0000)]
=>0x00000000151b3000 JavaThread "C2 CompilerThread2" daemon [_thread_in_native, id=6924, stack(0x0000000015ab0000,0x0000000015bb0000)]
  0x000000001324a800 JavaThread "C2 CompilerThread1" daemon [_thread_blocked, id=7940, stack(0x00000000159b0000,0x0000000015ab0000)]
  0x000000001515b800 JavaThread "C2 CompilerThread0" daemon [_thread_blocked, id=6348, stack(0x00000000158b0000,0x00000000159b0000)]
  0x000000001515a000 JavaThread "Attach Listener" daemon [_thread_blocked, id=6336, stack(0x00000000157b0000,0x00000000158b0000)]
  0x00000000151b0000 JavaThread "Signal Dispatcher" daemon [_thread_blocked, id=7108, stack(0x00000000156b0000,0x00000000157b0000)]
  0x0000000002a8e000 JavaThread "Finalizer" daemon [_thread_blocked, id=8804, stack(0x0000000015520000,0x0000000015620000)]
  0x0000000002a87000 JavaThread "Reference Handler" daemon [_thread_blocked, id=8216, stack(0x0000000015020000,0x0000000015120000)]
  0x000000000250d800 JavaThread "main" [_thread_in_native, id=13292, stack(0x0000000002890000,0x0000000002990000)]

Other Threads:
  0x0000000013235800 VMThread [stack: 0x0000000014f20000,0x0000000015020000] [id=10116]
  0x0000000015249000 WatcherThread [stack: 0x0000000015db0000,0x0000000015eb0000] [id=11704]

VM state:not at safepoint (normal execution)

VM Mutex/Monitor currently owned by a thread: None

Heap:
 PSYoungGen      total 18944K, used 9281K [0x00000000feb00000, 0x0000000100000000, 0x0000000100000000)
  eden space 16384K, 41% used [0x00000000feb00000,0x00000000ff193850,0x00000000ffb00000)
  from space 2560K, 99% used [0x00000000ffd80000,0x00000000ffffce20,0x0000000100000000)
  to   space 2560K, 0% used [0x00000000ffb00000,0x00000000ffb00000,0x00000000ffd80000)
 ParOldGen       total 44032K, used 5970K [0x00000000fc000000, 0x00000000feb00000, 0x00000000feb00000)
  object space 44032K, 13% used [0x00000000fc000000,0x00000000fc5d4bf8,0x00000000feb00000)
 Metaspace       used 7614K, capacity 7786K, committed 7936K, reserved 1056768K
  class space    used 875K, capacity 957K, committed 1024K, reserved 1048576K

Card table byte_map: [0x0000000002440000,0x0000000002470000] byte_map_base: 0x0000000001c60000

Marking Bits: (ParMarkBitMap*) 0x000000005a983950
 Begin Bits: [0x0000000012650000, 0x0000000012750000)
 End Bits:   [0x0000000012750000, 0x0000000012850000)

Polling page: 0x0000000000c70000

CodeCache: size=245760Kb used=3536Kb max_used=3538Kb free=242223Kb
 bounds [0x0000000002a90000, 0x0000000002e10000, 0x0000000011a90000]
 total_blobs=1265 nmethods=931 adapters=248
 compilation: enabled

Compilation events (10 events):
Event: 1.335 Thread 0x00000000151b6000  925       3       org.objectweb.asm.tree.MethodNode::visitIntInsn (17 bytes)
Event: 1.336 Thread 0x00000000151b6000 nmethod 925 0x0000000002e07910 code [0x0000000002e07aa0, 0x0000000002e07dc8]
Event: 1.336 Thread 0x00000000151b6000  926       3       org.objectweb.asm.tree.IntInsnNode::<init> (11 bytes)
Event: 1.336 Thread 0x00000000151b6000 nmethod 926 0x0000000002e07490 code [0x0000000002e07600, 0x0000000002e07810]
Event: 1.336 Thread 0x00000000151b6000  927       3       org.objectweb.asm.tree.IntInsnNode::accept (18 bytes)
Event: 1.336 Thread 0x00000000151b6000 nmethod 927 0x0000000002e06f50 code [0x0000000002e070c0, 0x0000000002e073b8]
Event: 1.379 Thread 0x00000000151b6000  931       1       java.nio.Buffer::capacity (5 bytes)
Event: 1.379 Thread 0x00000000151b6000 nmethod 931 0x0000000002e00650 code [0x0000000002e007a0, 0x0000000002e008b0]
Event: 1.742 Thread 0x00000000151b6000  932       3       java.util.LinkedHashMap$LinkedHashIterator::hasNext (13 bytes)
Event: 1.742 Thread 0x00000000151b6000 nmethod 932 0x0000000002e06bd0 code [0x0000000002e06d20, 0x0000000002e06ed0]

GC Heap History (4 events):
Event: 0.814 GC heap before
{Heap before GC invocations=1 (full 0):
 PSYoungGen      total 18944K, used 16384K [0x00000000feb00000, 0x0000000100000000, 0x0000000100000000)
  eden space 16384K, 100% used [0x00000000feb00000,0x00000000ffb00000,0x00000000ffb00000)
  from space 2560K, 0% used [0x00000000ffd80000,0x00000000ffd80000,0x0000000100000000)
  to   space 2560K, 0% used [0x00000000ffb00000,0x00000000ffb00000,0x00000000ffd80000)
 ParOldGen       total 44032K, used 0K [0x00000000fc000000, 0x00000000feb00000, 0x00000000feb00000)
  object space 44032K, 0% used [0x00000000fc000000,0x00000000fc000000,0x00000000feb00000)
 Metaspace       used 6615K, capacity 6744K, committed 7040K, reserved 1056768K
  class space    used 773K, capacity 824K, committed 896K, reserved 1048576K
Event: 0.819 GC heap after
Heap after GC invocations=1 (full 0):
 PSYoungGen      total 18944K, used 2553K [0x00000000feb00000, 0x0000000100000000, 0x0000000100000000)
  eden space 16384K, 0% used [0x00000000feb00000,0x00000000feb00000,0x00000000ffb00000)
  from space 2560K, 99% used [0x00000000ffb00000,0x00000000ffd7e630,0x00000000ffd80000)
  to   space 2560K, 0% used [0x00000000ffd80000,0x00000000ffd80000,0x0000000100000000)
 ParOldGen       total 44032K, used 1717K [0x00000000fc000000, 0x00000000feb00000, 0x00000000feb00000)
  object space 44032K, 3% used [0x00000000fc000000,0x00000000fc1ad710,0x00000000feb00000)
 Metaspace       used 6615K, capacity 6744K, committed 7040K, reserved 1056768K
  class space    used 773K, capacity 824K, committed 896K, reserved 1048576K
}
Event: 1.170 GC heap before
{Heap before GC invocations=2 (full 0):
 PSYoungGen      total 18944K, used 18937K [0x00000000feb00000, 0x0000000100000000, 0x0000000100000000)
  eden space 16384K, 100% used [0x00000000feb00000,0x00000000ffb00000,0x00000000ffb00000)
  from space 2560K, 99% used [0x00000000ffb00000,0x00000000ffd7e630,0x00000000ffd80000)
  to   space 2560K, 0% used [0x00000000ffd80000,0x00000000ffd80000,0x0000000100000000)
 ParOldGen       total 44032K, used 1717K [0x00000000fc000000, 0x00000000feb00000, 0x00000000feb00000)
  object space 44032K, 3% used [0x00000000fc000000,0x00000000fc1ad710,0x00000000feb00000)
 Metaspace       used 6969K, capacity 7114K, committed 7296K, reserved 1056768K
  class space    used 816K, capacity 861K, committed 896K, reserved 1048576K
Event: 1.180 GC heap after
Heap after GC invocations=2 (full 0):
 PSYoungGen      total 18944K, used 2547K [0x00000000feb00000, 0x0000000100000000, 0x0000000100000000)
  eden space 16384K, 0% used [0x00000000feb00000,0x00000000feb00000,0x00000000ffb00000)
  from space 2560K, 99% used [0x00000000ffd80000,0x00000000ffffce20,0x0000000100000000)
  to   space 2560K, 0% used [0x00000000ffb00000,0x00000000ffb00000,0x00000000ffd80000)
 ParOldGen       total 44032K, used 5970K [0x00000000fc000000, 0x00000000feb00000, 0x00000000feb00000)
  object space 44032K, 13% used [0x00000000fc000000,0x00000000fc5d4bf8,0x00000000feb00000)
 Metaspace       used 6969K, capacity 7114K, committed 7296K, reserved 1056768K
  class space    used 816K, capacity 861K, committed 896K, reserved 1048576K
}

Deoptimization events (10 events):
Event: 0.795 Thread 0x000000000250d800 Uncommon trap: reason=unstable_if action=reinterpret pc=0x0000000002ccd200 method=java.util.zip.ZipCoder.decoder()Ljava/nio/charset/CharsetDecoder; @ 4
Event: 0.795 Thread 0x000000000250d800 Uncommon trap: reason=unstable_if action=reinterpret pc=0x0000000002cbef18 method=java.util.zip.ZipEntry.setExtra0([BZ)V @ 1
Event: 0.798 Thread 0x000000000250d800 Uncommon trap: reason=unstable_if action=reinterpret pc=0x0000000002cc08c8 method=java.util.zip.ZipFile$ZipEntryIterator.hasNext()Z @ 25
Event: 0.798 Thread 0x000000000250d800 Uncommon trap: reason=unstable_if action=reinterpret pc=0x0000000002ccaaf8 method=java.util.zip.ZipCoder.decoder()Ljava/nio/charset/CharsetDecoder; @ 4
Event: 0.799 Thread 0x000000000250d800 Uncommon trap: reason=unstable_if action=reinterpret pc=0x0000000002cc021c method=java.util.zip.ZipFile$ZipEntryIterator.hasNext()Z @ 25
Event: 0.799 Thread 0x000000000250d800 Uncommon trap: reason=unstable_if action=reinterpret pc=0x0000000002cc72ec method=java.util.zip.ZipCoder.decoder()Ljava/nio/charset/CharsetDecoder; @ 4
Event: 0.884 Thread 0x000000000250d800 Uncommon trap: reason=unstable_if action=reinterpret pc=0x0000000002cd6394 method=java.util.HashMap$HashIterator.hasNext()Z @ 4
Event: 0.899 Thread 0x000000000250d800 Uncommon trap: reason=unstable_if action=reinterpret pc=0x0000000002cc1598 method=java.util.zip.ZipFile.getZipEntry(Ljava/lang/String;J)Ljava/util/zip/ZipEntry; @ 19
Event: 1.124 Thread 0x000000000250d800 Uncommon trap: reason=unloaded action=reinterpret pc=0x0000000002cd427c method=java.util.zip.ZipEntry.setExtra0([BZ)V @ 37
Event: 1.244 Thread 0x000000000250d800 Uncommon trap: reason=unstable_if action=reinterpret pc=0x0000000002c67078 method=java.lang.String.<init>([CII)V @ 18

Classes redefined (0 events):
No events

Internal exceptions (10 events):
Event: 0.948 Thread 0x000000000250d800 Exception <a 'sun/nio/fs/WindowsException'> (0x00000000ff1c6808) thrown at [D:\src\AOSP-openjdk-cygwin\jdk8u\hotspot\src\share\vm\prims\jni.cpp, line 709]
Event: 0.948 Thread 0x000000000250d800 Exception <a 'sun/nio/fs/WindowsException'> (0x00000000ff1c6da8) thrown at [D:\src\AOSP-openjdk-cygwin\jdk8u\hotspot\src\share\vm\prims\jni.cpp, line 709]
Event: 0.948 Thread 0x000000000250d800 Exception <a 'sun/nio/fs/WindowsException'> (0x00000000ff1c7558) thrown at [D:\src\AOSP-openjdk-cygwin\jdk8u\hotspot\src\share\vm\prims\jni.cpp, line 709]
Event: 0.967 Thread 0x000000000250d800 Exception <a 'sun/nio/fs/WindowsException'> (0x00000000ff1cc898) thrown at [D:\src\AOSP-openjdk-cygwin\jdk8u\hotspot\src\share\vm\prims\jni.cpp, line 709]
Event: 1.192 Thread 0x000000000250d800 Exception <a 'sun/nio/fs/WindowsException'> (0x00000000febcb738) thrown at [D:\src\AOSP-openjdk-cygwin\jdk8u\hotspot\src\share\vm\prims\jni.cpp, line 709]
Event: 1.192 Thread 0x000000000250d800 Exception <a 'sun/nio/fs/WindowsException'> (0x00000000febcbc90) thrown at [D:\src\AOSP-openjdk-cygwin\jdk8u\hotspot\src\share\vm\prims\jni.cpp, line 709]
Event: 1.376 Thread 0x000000000250d800 Exception <a 'sun/nio/fs/WindowsException'> (0x00000000ff148700) thrown at [D:\src\AOSP-openjdk-cygwin\jdk8u\hotspot\src\share\vm\prims\jni.cpp, line 709]
Event: 1.376 Thread 0x000000000250d800 Exception <a 'sun/nio/fs/WindowsException'> (0x00000000ff148bd8) thrown at [D:\src\AOSP-openjdk-cygwin\jdk8u\hotspot\src\share\vm\prims\jni.cpp, line 709]
Event: 1.454 Thread 0x000000000250d800 Exception <a 'sun/nio/fs/WindowsException'> (0x00000000ff14c078) thrown at [D:\src\AOSP-openjdk-cygwin\jdk8u\hotspot\src\share\vm\prims\jni.cpp, line 709]
Event: 1.454 Thread 0x000000000250d800 Exception <a 'sun/nio/fs/WindowsException'> (0x00000000ff14c550) thrown at [D:\src\AOSP-openjdk-cygwin\jdk8u\hotspot\src\share\vm\prims\jni.cpp, line 709]

Events (10 events):
Event: 1.237 loading class org/objectweb/asm/Opcodes done
Event: 1.244 Thread 0x000000000250d800 Uncommon trap: trap_request=0xffffff65 fr.pc=0x0000000002c67078
Event: 1.244 Thread 0x000000000250d800 DEOPT PACKING pc=0x0000000002c67078 sp=0x000000000298ea60
Event: 1.244 Thread 0x000000000250d800 DEOPT UNPACKING pc=0x0000000002ad556a sp=0x000000000298ea28 mode 2
Event: 1.314 loading class org/objectweb/asm/tree/TryCatchBlockNode
Event: 1.314 loading class org/objectweb/asm/tree/TryCatchBlockNode done
Event: 1.315 loading class org/objectweb/asm/Handler
Event: 1.315 loading class org/objectweb/asm/Handler done
Event: 1.333 loading class java/util/Vector$Itr
Event: 1.333 loading class java/util/Vector$Itr done


Dynamic libraries:
0x00007ff620a70000 - 0x00007ff620aa1000 	C:\Program Files\Android\Android Studio\jre\bin\java.exe
0x00007fff1d320000 - 0x00007fff1d501000 	C:\WINDOWS\SYSTEM32\ntdll.dll
0x00007fff1b1d0000 - 0x00007fff1b282000 	C:\WINDOWS\System32\KERNEL32.DLL
0x00007fff19cf0000 - 0x00007fff19f63000 	C:\WINDOWS\System32\KERNELBASE.dll
0x00007fff1a9e0000 - 0x00007fff1aa81000 	C:\WINDOWS\System32\ADVAPI32.dll
0x00007fff1aa90000 - 0x00007fff1ab2e000 	C:\WINDOWS\System32\msvcrt.dll
0x00007fff1c910000 - 0x00007fff1c96b000 	C:\WINDOWS\System32\sechost.dll
0x00007fff1d110000 - 0x00007fff1d234000 	C:\WINDOWS\System32\RPCRT4.dll
0x00007fff1b040000 - 0x00007fff1b1d0000 	C:\WINDOWS\System32\USER32.dll
0x00007fff1a080000 - 0x00007fff1a0a0000 	C:\WINDOWS\System32\win32u.dll
0x00007fff1c970000 - 0x00007fff1c998000 	C:\WINDOWS\System32\GDI32.dll
0x00007fff19960000 - 0x00007fff19af2000 	C:\WINDOWS\System32\gdi32full.dll
0x00007fff198c0000 - 0x00007fff1995f000 	C:\WINDOWS\System32\msvcp_win.dll
0x00007fff197c0000 - 0x00007fff198ba000 	C:\WINDOWS\System32\ucrtbase.dll
0x00007fff0c6f0000 - 0x00007fff0c959000 	C:\WINDOWS\WinSxS\amd64_microsoft.windows.common-controls_6595b64144ccf1df_6.0.17134.112_none_fb3f961b30681c12\COMCTL32.dll
0x00007fff1acb0000 - 0x00007fff1afd3000 	C:\WINDOWS\System32\combase.dll
0x00007fff19740000 - 0x00007fff197ba000 	C:\WINDOWS\System32\bcryptPrimitives.dll
0x00007fff1b310000 - 0x00007fff1b33d000 	C:\WINDOWS\System32\IMM32.DLL
0x000000005a0e0000 - 0x000000005a1b2000 	C:\Program Files\Android\Android Studio\jre\jre\bin\msvcr100.dll
0x000000005a1c0000 - 0x000000005a9fe000 	C:\Program Files\Android\Android Studio\jre\jre\bin\server\jvm.dll
0x00007fff1a7b0000 - 0x00007fff1a7b8000 	C:\WINDOWS\System32\PSAPI.DLL
0x00007fff15fe0000 - 0x00007fff15fe9000 	C:\WINDOWS\SYSTEM32\WSOCK32.dll
0x00007fff172d0000 - 0x00007fff172f3000 	C:\WINDOWS\SYSTEM32\WINMM.dll
0x00007fff1b460000 - 0x00007fff1b4cc000 	C:\WINDOWS\System32\WS2_32.dll
0x00007fff0e820000 - 0x00007fff0e82a000 	C:\WINDOWS\SYSTEM32\VERSION.dll
0x00007fff172a0000 - 0x00007fff172ca000 	C:\WINDOWS\SYSTEM32\WINMMBASE.dll
0x00007fff196f0000 - 0x00007fff19739000 	C:\WINDOWS\System32\cfgmgr32.dll
0x00007fff15fd0000 - 0x00007fff15fdf000 	C:\Program Files\Android\Android Studio\jre\jre\bin\verify.dll
0x00007fff0d6d0000 - 0x00007fff0d6f9000 	C:\Program Files\Android\Android Studio\jre\jre\bin\java.dll
0x00007fff14860000 - 0x00007fff14876000 	C:\Program Files\Android\Android Studio\jre\jre\bin\zip.dll
0x00007fff1b4d0000 - 0x00007fff1c910000 	C:\WINDOWS\System32\SHELL32.dll
0x00007fff1d240000 - 0x00007fff1d2e9000 	C:\WINDOWS\System32\shcore.dll
0x00007fff1a0a0000 - 0x00007fff1a7ad000 	C:\WINDOWS\System32\windows.storage.dll
0x00007fff1b2a0000 - 0x00007fff1b2f1000 	C:\WINDOWS\System32\shlwapi.dll
0x00007fff196b0000 - 0x00007fff196c1000 	C:\WINDOWS\System32\kernel.appcore.dll
0x00007fff19690000 - 0x00007fff196af000 	C:\WINDOWS\System32\profapi.dll
0x00007fff19630000 - 0x00007fff1967c000 	C:\WINDOWS\System32\powrprof.dll
0x00007fff19680000 - 0x00007fff1968a000 	C:\WINDOWS\System32\FLTLIB.DLL
0x00007fff19060000 - 0x00007fff19077000 	C:\WINDOWS\SYSTEM32\CRYPTSP.dll
0x00007fff18a90000 - 0x00007fff18ac3000 	C:\WINDOWS\system32\rsaenh.dll
0x00007fff19190000 - 0x00007fff191b5000 	C:\WINDOWS\SYSTEM32\bcrypt.dll
0x00007fff19530000 - 0x00007fff19558000 	C:\WINDOWS\SYSTEM32\USERENV.dll
0x00007fff19080000 - 0x00007fff1908b000 	C:\WINDOWS\SYSTEM32\CRYPTBASE.dll
0x00007fff0bd50000 - 0x00007fff0bd6a000 	C:\Program Files\Android\Android Studio\jre\jre\bin\net.dll
0x00007fff18eb0000 - 0x00007fff18f16000 	C:\WINDOWS\system32\mswsock.dll
0x00007fff18c30000 - 0x00007fff18c68000 	C:\WINDOWS\SYSTEM32\IPHLPAPI.DLL
0x00007fff1b290000 - 0x00007fff1b298000 	C:\WINDOWS\System32\NSI.dll
0x00007fff12040000 - 0x00007fff12056000 	C:\WINDOWS\SYSTEM32\dhcpcsvc6.DLL
0x00007fff11150000 - 0x00007fff1116a000 	C:\WINDOWS\SYSTEM32\dhcpcsvc.DLL
0x00007fff09b90000 - 0x00007fff09ba1000 	C:\Program Files\Android\Android Studio\jre\jre\bin\nio.dll

VM Arguments:
jvm_args: -Djava.awt.headless=true -Xmx64M -Dfile.encoding=x-windows-949 -Duser.country=KR -Duser.language=ko -Duser.variant 
java_command: com.google.devtools.build.android.desugar.Desugar @D:\test\app\build\intermediates\tmp\desugar_args2945985098322275409
java_class_path (initial): C:\Users\Goo\AppData\Local\Temp\desugar_deploy.jar3556076801355637708
Launcher Type: SUN_STANDARD

Environment Variables:
PATH=C:\ProgramData\Oracle\Java\javapath;C:\WINDOWS\system32;C:\WINDOWS;C:\WINDOWS\System32\Wbem;C:\WINDOWS\System32\WindowsPowerShell\v1.0\;C:\OpenSSL;;C:\WINDOWS\System32\OpenSSH\;C:\Users\Goo\AppData\Local\Microsoft\WindowsApps;
USERNAME=Goo
OS=Windows_NT
PROCESSOR_IDENTIFIER=Intel64 Family 6 Model 158 Stepping 9, GenuineIntel



---------------  S Y S T E M  ---------------

OS: Windows 10.0 , 64 bit Build 17134 (10.0.17134.1)

CPU:total 8 (initial active 8) (4 cores per cpu, 2 threads per core) family 6 model 158 stepping 9, cmov, cx8, fxsr, mmx, sse, sse2, sse3, ssse3, sse4.1, sse4.2, popcnt, avx, avx2, aes, clmul, erms, 3dnowpref, lzcnt, ht, tsc, tscinvbit, bmi1, bmi2, adx

Memory: 4k page, physical 16692940k(2525484k free), swap 16692940k(2544k free)

vm_info: OpenJDK 64-Bit Server VM (25.152-b01) for windows-amd64 JRE (1.8.0_152-release-915-b01), built by "builder" with MS VC++ 10.0 (VS2010)

time: Tue Jun 19 23:05:46 2018
elapsed time: 1 seconds (0d 0h 0m 1s)

