JvmtiExport can_access_local_variables 0
JvmtiExport can_hotswap_or_post_breakpoint 0
JvmtiExport can_post_on_exceptions 0
# 288 ciObject found
ciMethod java/lang/Object <init> ()V 4097 1 110654 0 0
ciMethod java/lang/String <init> ([CII)V 3841 1 5721 0 640
ciMethod java/lang/String equals (Ljava/lang/Object;)Z 3705 16385 3571 0 -1
ciMethod java/lang/String toCharArray ()[C 3089 1 3426 0 -1
ciMethod java/lang/System arraycopy (Ljava/lang/Object;ILjava/lang/Object;II)V 6145 1 768 0 -1
ciMethod java/lang/Float <init> (F)V 9 1 19 0 0
ciMethod java/lang/Float intBitsToFloat (I)F 0 0 1 0 -1
ciMethod java/lang/Number <init> ()V 3273 1 1555 0 0
ciMethod java/lang/Double longBitsToDouble (J)D 25 1 3 0 -1
ciMethod java/lang/Integer <init> (I)V 2065 1 436 0 0
ciMethod java/util/List add (Ljava/lang/Object;)Z 0 0 1 0 -1
ciMethod java/util/List subList (II)Ljava/util/List; 0 0 1 0 -1
ciMethod java/util/AbstractList <init> ()V 2057 1 2738 0 0
ciMethod java/util/AbstractCollection <init> ()V 529 1 3338 0 0
ciMethod java/lang/Math min (II)I 4097 1 20219 0 -1
ciMethod java/util/Arrays copyOfRange ([CII)[C 4097 1 5721 0 512
ciMethod java/util/Arrays asList ([Ljava/lang/Object;)Ljava/util/List; 2201 1 374 0 0
ciMethodData java/lang/Object <init> ()V 2 110654 orig 264 56 157 226 101 0 0 0 0 128 4 239 18 0 0 0 0 32 1 0 0 0 0 0 0 0 0 0 0 0 0 0 0 0 0 0 0 0 0 0 0 0 0 0 0 0 0 0 0 0 0 0 0 0 0 0 0 0 0 0 0 0 0 0 0 0 0 0 0 0 0 0 0 0 0 0 0 0 0 0 0 77 68 79 32 101 120 116 114 97 32 100 97 116 97 32 108 111 99 107 0 0 0 0 0 0 0 0 0 0 0 0 0 0 0 0 0 0 0 0 0 0 0 0 0 0 0 0 0 0 0 0 0 0 0 0 0 0 0 0 0 0 0 0 0 0 0 0 0 0 0 0 0 0 0 0 0 0 0 0 0 0 0 0 0 0 0 0 0 0 0 0 0 0 0 0 0 0 0 0 0 0 0 0 0 1 0 0 0 0 0 0 0 1 0 0 0 0 0 0 0 1 0 0 0 0 0 0 0 0 0 0 0 0 0 0 0 0 2 0 0 241 113 13 0 1 0 0 0 0 0 0 0 0 0 0 0 2 0 0 0 0 0 3 0 1 0 0 0 0 0 0 0 255 255 255 255 0 0 0 0 0 0 0 0 data 0 oops 0
ciMethod java/util/Objects requireNonNull (Ljava/lang/Object;)Ljava/lang/Object; 2065 1 2301 0 0
ciMethodData java/util/Arrays copyOfRange ([CII)[C 2 5721 orig 264 56 157 226 101 0 0 0 0 240 165 0 19 0 0 0 0 120 2 0 0 240 0 0 0 0 0 0 0 0 0 0 0 0 0 0 0 0 0 0 0 0 0 0 0 0 0 0 0 0 0 0 0 0 0 0 0 0 0 0 0 0 0 0 0 0 0 0 0 0 0 0 0 0 0 0 0 0 0 0 0 77 68 79 32 101 120 116 114 97 32 100 97 116 97 32 108 111 99 107 0 0 0 0 0 0 0 0 0 0 0 0 0 0 0 0 0 0 0 0 0 0 0 0 0 0 0 0 0 0 0 0 0 0 0 0 0 0 0 0 0 0 0 0 0 0 0 0 0 0 0 0 0 0 0 0 0 0 0 0 0 0 0 0 0 0 0 0 0 0 0 0 0 0 0 0 0 0 0 0 0 0 0 0 0 0 0 0 0 0 0 0 0 0 0 0 0 0 0 0 0 0 0 0 0 0 0 0 0 0 0 0 0 0 0 0 0 0 2 0 0 201 162 0 0 1 0 0 0 0 0 0 0 0 0 0 0 2 0 0 0 0 0 9 0 2 0 0 0 32 1 0 0 255 255 255 255 7 0 5 0 0 0 0 0 data 36 0x50007 0x1459 0x100 0x0 0x100002 0x0 0x140005 0x0 0x0 0x0 0x0 0x0 0x190005 0x0 0x0 0x0 0x0 0x0 0x1d0005 0x0 0x0 0x0 0x0 0x0 0x200005 0x0 0x0 0x0 0x0 0x0 0x230002 0x0 0x360002 0x1459 0x390002 0x1459 oops 0
ciMethodData java/lang/String <init> ([CII)V 2 5721 orig 264 56 157 226 101 0 0 0 0 160 49 239 18 0 0 0 0 80 2 0 0 208 0 0 0 0 0 0 0 0 0 0 0 0 0 0 0 0 0 0 0 0 0 0 0 0 0 0 0 0 0 0 0 0 0 0 0 0 0 0 0 0 0 0 0 0 0 0 0 0 0 0 0 0 0 0 0 0 0 0 0 77 68 79 32 101 120 116 114 97 32 100 97 116 97 32 108 111 99 107 0 0 0 0 0 0 0 0 0 0 0 0 0 0 0 0 0 0 0 0 0 0 0 0 0 0 0 0 0 0 0 0 0 0 0 0 0 0 0 0 0 0 0 0 0 0 0 0 0 0 0 0 0 0 0 0 0 0 0 0 0 0 0 0 0 0 0 0 0 0 0 0 0 0 0 0 0 0 0 0 0 0 0 0 0 0 0 0 0 0 0 0 0 0 0 0 0 0 0 0 0 0 0 0 0 0 0 0 0 0 0 0 0 0 0 0 0 224 1 0 0 201 163 0 0 1 0 0 0 0 0 0 0 0 0 0 0 2 0 0 0 0 0 14 0 2 0 0 0 240 0 0 0 255 255 255 255 2 0 1 0 0 0 0 0 data 30 0x10002 0x1479 0x50007 0x1479 0x30 0x0 0xd0002 0x0 0x120007 0x1479 0x70 0x0 0x160007 0x0 0x30 0x0 0x1e0002 0x0 0x250007 0x0 0x20 0x0 0x370007 0x1479 0x30 0x0 0x410002 0x0 0x4b0002 0x1479 oops 0
ciMethod java/util/Arrays$ArrayList <init> ([Ljava/lang/Object;)V 2201 1 374 0 0
ciMethodData java/lang/Number <init> ()V 2 1555 orig 264 56 157 226 101 0 0 0 0 200 228 248 18 0 0 0 0 48 1 0 0 0 0 0 0 0 0 0 0 0 0 0 0 0 0 0 0 0 0 0 0 0 0 0 0 0 0 0 0 0 0 0 0 0 0 0 0 0 0 0 0 0 0 0 0 0 0 0 0 0 0 0 0 0 0 0 0 0 0 0 0 77 68 79 32 101 120 116 114 97 32 100 97 116 97 32 108 111 99 107 0 0 0 0 0 0 0 0 0 0 0 0 0 0 0 0 0 0 0 0 0 0 0 0 0 0 0 0 0 0 0 0 0 0 0 0 0 0 0 0 0 0 0 0 0 0 0 0 0 0 0 0 0 0 0 0 0 0 0 0 0 0 0 0 0 0 0 0 0 0 0 0 0 0 0 0 0 0 0 0 0 0 0 0 0 0 0 0 0 0 0 0 0 0 0 0 0 0 0 0 0 0 0 0 0 0 0 0 0 0 0 0 0 0 0 0 0 153 1 0 0 209 35 0 0 1 0 0 0 0 0 0 0 0 0 0 0 2 0 0 0 0 0 3 0 2 0 0 0 16 0 0 0 255 255 255 255 2 0 1 0 0 0 0 0 data 2 0x10002 0x47a oops 0
ciMethodData java/util/AbstractCollection <init> ()V 2 3338 orig 264 56 157 226 101 0 0 0 0 64 115 251 18 0 0 0 0 48 1 0 0 0 0 0 0 0 0 0 0 0 0 0 0 0 0 0 0 0 0 0 0 0 0 0 0 0 0 0 0 0 0 0 0 0 0 0 0 0 0 0 0 0 0 0 0 0 0 0 0 0 0 0 0 0 0 0 0 0 0 0 0 77 68 79 32 101 120 116 114 97 32 100 97 116 97 32 108 111 99 107 0 0 0 0 0 0 0 0 0 0 0 0 0 0 0 0 0 0 0 0 0 0 0 0 0 0 0 0 0 0 0 0 0 0 0 0 0 0 0 0 0 0 0 0 0 0 0 0 0 0 0 0 0 0 0 0 0 0 0 0 0 0 0 0 0 0 0 0 0 0 0 0 0 0 0 0 0 0 0 0 0 0 0 0 0 0 0 0 0 0 0 0 0 0 0 0 0 0 0 0 0 0 0 0 0 0 0 0 0 0 0 0 0 0 0 0 0 66 0 0 0 65 102 0 0 1 0 0 0 0 0 0 0 0 0 0 0 2 0 0 0 0 0 3 0 2 0 0 0 16 0 0 0 255 255 255 255 2 0 1 0 0 0 0 0 data 2 0x10002 0xcc8 oops 0
ciMethodData java/lang/Integer <init> (I)V 1 436 orig 264 56 157 226 101 0 0 0 0 40 82 249 18 0 0 0 0 56 1 0 0 0 0 0 0 0 0 0 0 0 0 0 0 0 0 0 0 0 0 0 0 0 0 0 0 0 0 0 0 0 0 0 0 0 0 0 0 0 0 0 0 0 0 0 0 0 0 0 0 0 0 0 0 0 0 0 0 0 0 0 0 77 68 79 32 101 120 116 114 97 32 100 97 116 97 32 108 111 99 107 0 0 0 0 0 0 0 0 0 0 0 0 0 0 0 0 0 0 0 0 0 0 0 0 0 0 0 0 0 0 0 0 0 0 0 0 0 0 0 0 0 0 0 0 0 0 0 0 0 0 0 0 0 0 0 0 0 0 0 0 0 0 0 0 0 0 0 0 0 0 0 0 0 0 0 0 0 0 0 0 0 0 0 0 0 0 0 0 0 0 0 0 0 0 0 0 0 0 0 0 0 0 0 0 0 0 0 0 0 0 0 0 0 0 0 0 0 2 1 0 0 145 5 0 0 1 0 0 0 0 0 0 0 0 0 0 0 2 0 0 0 0 0 3 0 2 0 0 0 16 0 0 0 255 255 255 255 2 0 1 0 0 0 0 0 data 2 0x10002 0xb2 oops 0
ciMethodData java/util/Objects requireNonNull (Ljava/lang/Object;)Ljava/lang/Object; 2 2301 orig 264 56 157 226 101 0 0 0 0 0 112 3 19 0 0 0 0 80 1 0 0 0 0 0 0 0 0 0 0 0 0 0 0 0 0 0 0 0 0 0 0 0 0 0 0 0 0 0 0 0 0 0 0 0 0 0 0 0 0 0 0 0 0 0 0 0 0 0 0 0 0 0 0 0 0 0 0 0 0 0 0 77 68 79 32 101 120 116 114 97 32 100 97 116 97 32 108 111 99 107 0 0 0 0 0 0 0 0 0 0 0 0 0 0 0 0 0 0 0 0 0 0 0 0 0 0 0 0 0 0 0 0 0 0 0 0 0 0 0 0 0 0 0 0 0 0 0 0 0 0 0 0 0 0 0 0 0 0 0 0 0 0 0 0 0 0 0 0 0 0 0 0 0 0 0 0 0 0 0 0 0 0 0 0 0 0 0 0 0 0 0 0 0 0 0 0 0 0 0 0 0 0 0 0 0 0 0 0 0 0 0 0 0 0 0 0 0 2 1 0 0 217 63 0 0 1 0 0 0 0 0 0 0 0 0 0 0 2 0 0 0 0 0 5 0 2 0 0 0 48 0 0 0 255 255 255 255 7 0 1 0 0 0 0 0 data 6 0x10007 0x7fb 0x30 0x0 0x80002 0x0 oops 0
ciMethodData java/util/AbstractList <init> ()V 2 2738 orig 264 56 157 226 101 0 0 0 0 160 95 251 18 0 0 0 0 48 1 0 0 0 0 0 0 0 0 0 0 0 0 0 0 0 0 0 0 0 0 0 0 0 0 0 0 0 0 0 0 0 0 0 0 0 0 0 0 0 0 0 0 0 0 0 0 0 0 0 0 0 0 0 0 0 0 0 0 0 0 0 0 77 68 79 32 101 120 116 114 97 32 100 97 116 97 32 108 111 99 107 0 0 0 0 0 0 0 0 0 0 0 0 0 0 0 0 0 0 0 0 0 0 0 0 0 0 0 0 0 0 0 0 0 0 0 0 0 0 0 0 0 0 0 0 0 0 0 0 0 0 0 0 0 0 0 0 0 0 0 0 0 0 0 0 0 0 0 0 0 0 0 0 0 0 0 0 0 0 0 0 0 0 0 0 0 0 0 0 0 0 0 0 0 0 0 0 0 0 0 0 0 0 0 0 0 0 0 0 0 0 0 0 0 0 0 0 0 1 1 0 0 137 77 0 0 1 0 0 0 0 0 0 0 0 0 0 0 2 0 0 0 0 0 3 0 2 0 0 0 16 0 0 0 255 255 255 255 2 0 1 0 0 0 0 0 data 2 0x10002 0x9b1 oops 0
ciMethod org/objectweb/asm/ClassReader a (Lorg/objectweb/asm/MethodVisitor;Lorg/objectweb/asm/Context;I)V 1089 31657 916 0 -1
ciMethod org/objectweb/asm/ClassReader a (Lorg/objectweb/asm/MethodVisitor;Lorg/objectweb/asm/Context;IZ)[I 0 0 1 0 -1
ciMethod org/objectweb/asm/ClassReader a (Lorg/objectweb/asm/Context;I)I 0 0 1 0 -1
ciMethod org/objectweb/asm/ClassReader a (I[CZLorg/objectweb/asm/AnnotationVisitor;)I 617 225 297 0 -1
ciMethod org/objectweb/asm/ClassReader a (Lorg/objectweb/asm/Context;)V 0 0 1 0 -1
ciMethod org/objectweb/asm/ClassReader a (IZZLorg/objectweb/asm/Context;)I 465 417 1048 0 -1
ciMethod org/objectweb/asm/ClassReader a ([Ljava/lang/Object;II[C[Lorg/objectweb/asm/Label;)I 2033 1 804 0 -1
ciMethod org/objectweb/asm/ClassReader readLabel (I[Lorg/objectweb/asm/Label;)Lorg/objectweb/asm/Label; 2057 1 5426 0 0
ciMethod org/objectweb/asm/ClassReader readByte (I)I 0 0 1 0 0
ciMethod org/objectweb/asm/ClassReader readUnsignedShort (I)I 2073 1 45584 0 160
ciMethod org/objectweb/asm/ClassReader readShort (I)S 1249 1 2237 0 0
ciMethod org/objectweb/asm/ClassReader readInt (I)I 2081 1 1302 0 192
ciMethod org/objectweb/asm/ClassReader readLong (I)J 0 0 1 0 0
ciMethod org/objectweb/asm/ClassReader readUTF8 (I[C)Ljava/lang/String; 4097 1 8129 0 1888
ciMethod org/objectweb/asm/ClassReader a (II[C)Ljava/lang/String; 1585 37993 1084 0 1280
ciMethod org/objectweb/asm/ClassReader readClass (I[C)Ljava/lang/String; 2217 1 9317 0 2048
ciMethod org/objectweb/asm/ClassReader readConst (I[C)Ljava/lang/Object; 225 1 1031 0 0
ciMethod org/objectweb/asm/MethodVisitor visitAttribute (Lorg/objectweb/asm/Attribute;)V 0 0 1 0 -1
ciMethod org/objectweb/asm/MethodVisitor visitFrame (II[Ljava/lang/Object;I[Ljava/lang/Object;)V 3225 1 1048 0 0
ciMethod org/objectweb/asm/MethodVisitor visitInsn (I)V 2089 1 2983 0 0
ciMethod org/objectweb/asm/MethodVisitor visitIntInsn (II)V 2049 1 172 0 0
ciMethod org/objectweb/asm/MethodVisitor visitVarInsn (II)V 3097 1 5159 0 0
ciMethod org/objectweb/asm/MethodVisitor visitTypeInsn (ILjava/lang/String;)V 3361 1 746 0 0
ciMethod org/objectweb/asm/MethodVisitor visitFieldInsn (ILjava/lang/String;Ljava/lang/String;Ljava/lang/String;)V 2129 1 2259 0 0
ciMethod org/objectweb/asm/MethodVisitor visitMethodInsn (ILjava/lang/String;Ljava/lang/String;Ljava/lang/String;)V 0 0 1 0 -1
ciMethod org/objectweb/asm/MethodVisitor visitMethodInsn (ILjava/lang/String;Ljava/lang/String;Ljava/lang/String;Z)V 2217 1 3083 0 0
ciMethod org/objectweb/asm/MethodVisitor visitInvokeDynamicInsn (Ljava/lang/String;Ljava/lang/String;Lorg/objectweb/asm/Handle;[Ljava/lang/Object;)V 0 0 1 0 -1
ciMethod org/objectweb/asm/MethodVisitor visitJumpInsn (ILorg/objectweb/asm/Label;)V 4097 1 1048 0 0
ciMethod org/objectweb/asm/MethodVisitor visitLabel (Lorg/objectweb/asm/Label;)V 3441 1 3103 0 0
ciMethod org/objectweb/asm/MethodVisitor visitLdcInsn (Ljava/lang/Object;)V 3497 1 750 0 0
ciMethod org/objectweb/asm/MethodVisitor visitIincInsn (II)V 513 1 28 0 0
ciMethod org/objectweb/asm/MethodVisitor visitTableSwitchInsn (IILorg/objectweb/asm/Label;[Lorg/objectweb/asm/Label;)V 257 1 26 0 0
ciMethod org/objectweb/asm/MethodVisitor visitLookupSwitchInsn (Lorg/objectweb/asm/Label;[I[Lorg/objectweb/asm/Label;)V 81 1 1 0 -1
ciMethod org/objectweb/asm/MethodVisitor visitMultiANewArrayInsn (Ljava/lang/String;I)V 0 0 1 0 -1
ciMethod org/objectweb/asm/MethodVisitor visitInsnAnnotation (ILorg/objectweb/asm/TypePath;Ljava/lang/String;Z)Lorg/objectweb/asm/AnnotationVisitor; 0 0 1 0 -1
ciMethod org/objectweb/asm/MethodVisitor visitTryCatchBlock (Lorg/objectweb/asm/Label;Lorg/objectweb/asm/Label;Lorg/objectweb/asm/Label;Ljava/lang/String;)V 2049 1 56 0 0
ciMethod org/objectweb/asm/MethodVisitor visitLocalVariable (Ljava/lang/String;Ljava/lang/String;Ljava/lang/String;Lorg/objectweb/asm/Label;Lorg/objectweb/asm/Label;I)V 4097 1 1055 0 -1
ciMethod org/objectweb/asm/MethodVisitor visitLocalVariableAnnotation (ILorg/objectweb/asm/TypePath;[Lorg/objectweb/asm/Label;[Lorg/objectweb/asm/Label;[ILjava/lang/String;Z)Lorg/objectweb/asm/AnnotationVisitor; 0 0 1 0 -1
ciMethod org/objectweb/asm/MethodVisitor visitLineNumber (ILorg/objectweb/asm/Label;)V 2049 1 1978 0 -1
ciMethod org/objectweb/asm/MethodVisitor visitMaxs (II)V 3073 1 915 0 -1
ciMethod org/objectweb/asm/Attribute read (Lorg/objectweb/asm/ClassReader;II[CI[Lorg/objectweb/asm/Label;)Lorg/objectweb/asm/Attribute; 0 0 1 0 -1
ciMethod org/objectweb/asm/MethodWriter visitLabel (Lorg/objectweb/asm/Label;)V 2057 1 3033 0 0
ciMethod org/objectweb/asm/MethodWriter a (ILorg/objectweb/asm/Label;)V 1161 1 2403 0 0
ciMethod org/objectweb/asm/Label <init> ()V 2081 1 7110 0 0
ciMethod org/objectweb/asm/Label a (Lorg/objectweb/asm/MethodWriter;I[B)Z 2049 145 3033 0 0
ciMethod org/objectweb/asm/tree/AbstractInsnNode <init> (I)V 2257 1 13104 0 64
ciMethod org/objectweb/asm/tree/MethodInsnNode <init> (ILjava/lang/String;Ljava/lang/String;Ljava/lang/String;Z)V 2065 1 1629 0 -1
ciMethod org/objectweb/asm/tree/InsnNode <init> (I)V 2097 1 1668 0 -1
ciMethod org/objectweb/asm/tree/MethodNode visitFrame (II[Ljava/lang/Object;I[Ljava/lang/Object;)V 3113 1 532 0 0
ciMethod org/objectweb/asm/tree/MethodNode visitInsn (I)V 2097 1 1668 0 0
ciMethod org/objectweb/asm/tree/MethodNode visitIntInsn (II)V 1593 1 115 0 0
ciMethod org/objectweb/asm/tree/MethodNode visitVarInsn (II)V 2161 1 2605 0 0
ciMethod org/objectweb/asm/tree/MethodNode visitTypeInsn (ILjava/lang/String;)V 2057 1 382 0 0
ciMethod org/objectweb/asm/tree/MethodNode visitFieldInsn (ILjava/lang/String;Ljava/lang/String;Ljava/lang/String;)V 3073 1 1193 0 0
ciMethod org/objectweb/asm/tree/MethodNode visitMethodInsn (ILjava/lang/String;Ljava/lang/String;Ljava/lang/String;Z)V 2065 1 1629 0 0
ciMethod org/objectweb/asm/tree/MethodNode visitJumpInsn (ILorg/objectweb/asm/Label;)V 3073 1 530 0 0
ciMethod org/objectweb/asm/tree/MethodNode visitLabel (Lorg/objectweb/asm/Label;)V 2625 1 2592 0 0
ciMethod org/objectweb/asm/tree/MethodNode visitLdcInsn (Ljava/lang/Object;)V 3073 1 428 0 0
ciMethod org/objectweb/asm/tree/MethodNode visitIincInsn (II)V 257 1 14 0 0
ciMethod org/objectweb/asm/tree/MethodNode visitTableSwitchInsn (IILorg/objectweb/asm/Label;[Lorg/objectweb/asm/Label;)V 129 1 13 0 0
ciMethod org/objectweb/asm/tree/MethodNode visitTryCatchBlock (Lorg/objectweb/asm/Label;Lorg/objectweb/asm/Label;Lorg/objectweb/asm/Label;Ljava/lang/String;)V 1201 1 31 0 0
ciMethod org/objectweb/asm/tree/MethodNode visitLineNumber (ILorg/objectweb/asm/Label;)V 2049 1 2049 0 0
ciMethod org/objectweb/asm/tree/MethodNode getLabelNode (Lorg/objectweb/asm/Label;)Lorg/objectweb/asm/tree/LabelNode; 2241 1 7491 0 0
ciMethod org/objectweb/asm/tree/MethodNode getLabelNodes ([Lorg/objectweb/asm/Label;)[Lorg/objectweb/asm/tree/LabelNode; 169 1913 13 0 -1
ciMethod org/objectweb/asm/tree/MethodNode getLabelNodes ([Ljava/lang/Object;)[Ljava/lang/Object; 3833 16385 1059 0 0
ciMethod org/objectweb/asm/Frame <init> ()V 0 0 1 0 -1
ciMethod org/objectweb/asm/Type <init> (I[CII)V 1233 1 419 0 -1
ciMethod org/objectweb/asm/Type getObjectType (Ljava/lang/String;)Lorg/objectweb/asm/Type; 49 1 10 0 0
ciMethod org/objectweb/asm/Type getMethodType (Ljava/lang/String;)Lorg/objectweb/asm/Type; 0 0 1 0 0
ciMethod org/objectweb/asm/Type a ([CI)Lorg/objectweb/asm/Type; 1145 32905 400 0 -1
ciMethod org/objectweb/asm/tree/LineNumberNode <init> (ILorg/objectweb/asm/tree/LabelNode;)V 2049 1 2049 0 0
ciMethod org/objectweb/asm/tree/TableSwitchInsnNode <init> (IILorg/objectweb/asm/tree/LabelNode;[Lorg/objectweb/asm/tree/LabelNode;)V 129 1 13 0 -1
ciMethod org/objectweb/asm/tree/IincInsnNode <init> (II)V 257 1 14 0 -1
ciMethod org/objectweb/asm/tree/FrameNode <init> (II[Ljava/lang/Object;I[Ljava/lang/Object;)V 3113 1 532 0 0
ciMethod org/objectweb/asm/tree/FrameNode asList (I[Ljava/lang/Object;)Ljava/util/List; 1073 1 214 0 0
ciMethod org/objectweb/asm/tree/LabelNode <init> ()V 809 1 2592 0 0
ciMethod org/objectweb/asm/tree/JumpInsnNode <init> (ILorg/objectweb/asm/tree/LabelNode;)V 3065 1 530 0 -1
ciMethod org/objectweb/asm/tree/LdcInsnNode <init> (Ljava/lang/Object;)V 3073 1 428 0 0
ciMethod org/objectweb/asm/tree/FieldInsnNode <init> (ILjava/lang/String;Ljava/lang/String;Ljava/lang/String;)V 3153 1 1193 0 -1
ciMethod org/objectweb/asm/tree/VarInsnNode <init> (II)V 2161 1 2605 0 -1
ciMethod org/objectweb/asm/tree/TypeInsnNode <init> (ILjava/lang/String;)V 2057 1 382 0 -1
ciMethod org/objectweb/asm/tree/IntInsnNode <init> (II)V 1593 1 115 0 -1
ciMethod org/objectweb/asm/tree/InsnList add (Lorg/objectweb/asm/tree/AbstractInsnNode;)V 2257 1 5595 0 160
ciMethodData org/objectweb/asm/ClassReader readUnsignedShort (I)I 2 45584 orig 264 56 157 226 101 0 0 0 0 152 191 73 19 0 0 0 0 40 1 0 0 0 0 0 0 0 0 0 0 0 0 0 0 0 0 0 0 0 0 0 0 0 0 0 0 0 0 0 0 0 0 0 0 0 0 0 0 0 0 0 0 0 0 0 0 0 0 0 0 0 0 0 0 0 0 0 0 0 0 0 0 77 68 79 32 101 120 116 114 97 32 100 97 116 97 32 108 111 99 107 0 0 0 0 0 0 0 0 0 0 0 0 0 0 0 0 0 0 0 0 0 0 0 0 0 0 0 0 0 0 0 0 0 0 0 0 0 0 0 0 0 0 0 0 0 0 0 0 0 0 0 0 0 0 0 0 0 0 0 0 0 0 0 0 0 0 0 0 0 0 0 0 0 0 0 0 0 0 0 0 0 0 0 0 0 0 0 0 0 0 0 0 0 0 0 0 0 0 0 0 0 0 0 0 0 0 0 0 0 0 0 0 0 0 0 0 0 3 1 0 0 105 136 5 0 1 0 0 0 0 0 0 0 0 0 0 0 2 0 0 0 0 0 3 0 1 0 0 0 0 0 0 0 255 255 255 255 0 0 0 0 0 0 0 0 data 0 oops 0
ciMethod org/objectweb/asm/Edge <init> ()V 3073 1 2485 0 0
ciMethodData org/objectweb/asm/ClassReader a (II[C)Ljava/lang/String; 2 31147 orig 264 56 157 226 101 0 0 0 0 192 195 73 19 0 0 0 0 152 2 0 0 48 1 0 0 0 0 0 0 0 0 0 0 0 0 0 0 0 0 0 0 0 0 0 0 0 0 0 0 0 0 0 0 0 0 0 0 0 0 0 0 0 0 0 0 0 0 0 0 0 0 0 0 0 0 0 0 0 0 0 0 77 68 79 32 101 120 116 114 97 32 100 97 116 97 32 108 111 99 107 0 0 0 0 0 0 0 0 0 0 0 0 0 0 0 0 0 0 0 0 0 0 0 0 0 0 0 0 0 0 0 0 0 0 0 0 0 0 0 0 0 0 0 0 0 0 0 0 0 0 0 0 0 0 0 0 0 0 0 0 0 0 0 0 0 0 0 0 0 0 0 0 0 0 0 0 0 0 0 0 0 0 0 0 0 0 0 0 0 0 0 0 0 0 0 0 0 0 0 0 0 0 0 0 0 0 0 0 0 0 0 0 0 0 0 0 0 141 18 0 0 177 27 0 0 241 56 3 0 0 0 0 0 0 0 0 0 2 0 0 0 1 0 18 0 2 0 0 0 88 1 0 0 255 255 255 255 7 0 23 0 0 0 0 0 data 43 0x170007 0x376 0x148 0x671e 0x250008 0x8 0x0 0x110 0x51 0x50 0x0 0xf8 0x0 0x110 0x4d0007 0x0 0x38 0x671e 0x5a0003 0x671e 0xa0 0x620007 0x0 0x58 0x0 0x6a0007 0x0 0x38 0x0 0x780003 0x0 0x48 0x860003 0x0 0x30 0x9f0003 0x0 0x18 0xb30003 0x671e 0xfffffffffffffed0 0xbe0002 0x376 oops 0
ciMethodData org/objectweb/asm/ClassReader readUTF8 (I[C)Ljava/lang/String; 2 8129 orig 264 56 157 226 101 0 0 0 0 112 194 73 19 0 0 0 0 88 2 0 0 112 0 0 0 0 0 0 0 0 0 0 0 0 0 0 0 0 0 0 0 0 0 0 0 0 0 0 0 0 0 0 0 0 0 0 0 0 0 0 0 0 0 0 0 0 0 0 0 0 0 0 0 0 0 0 0 0 0 0 0 77 68 79 32 101 120 116 114 97 32 100 97 116 97 32 108 111 99 107 0 0 0 0 0 0 0 0 0 0 0 0 0 0 0 0 0 0 0 0 0 0 0 0 0 0 0 0 0 0 0 0 0 0 0 0 0 0 0 0 0 0 0 0 0 0 0 0 0 0 0 0 0 0 0 0 0 0 0 0 0 0 0 0 0 0 0 0 0 0 0 0 0 0 0 0 0 0 0 0 0 0 0 0 0 0 0 0 0 0 0 0 0 0 0 0 0 0 0 0 0 0 0 0 0 0 0 0 0 0 0 0 0 0 0 0 0 0 2 0 0 9 238 0 0 1 0 0 0 0 0 0 0 0 0 0 0 2 0 0 0 0 0 10 0 2 0 0 0 0 1 0 0 255 255 255 255 5 0 2 0 0 0 0 0 data 32 0x20005 0x0 0x16b600a0 0x1dc1 0x0 0x0 0x70007 0x1c 0x40 0x1da5 0xb0007 0x1d89 0x20 0x1c 0x1a0007 0x581 0x20 0x1808 0x320005 0x0 0x16b600a0 0x581 0x0 0x0 0x360002 0x581 0x3a0004 0x0 0x310f420 0x581 0x0 0x0 oops 3 2 org/objectweb/asm/ClassReader 20 org/objectweb/asm/ClassReader 28 java/lang/String
ciMethod org/objectweb/asm/tree/TryCatchBlockNode <init> (Lorg/objectweb/asm/tree/LabelNode;Lorg/objectweb/asm/tree/LabelNode;Lorg/objectweb/asm/tree/LabelNode;Ljava/lang/String;)V 1201 1 31 0 -1
ciMethodData org/objectweb/asm/ClassReader readInt (I)I 2 1302 orig 264 56 157 226 101 0 0 0 0 0 193 73 19 0 0 0 0 40 1 0 0 0 0 0 0 0 0 0 0 0 0 0 0 0 0 0 0 0 0 0 0 0 0 0 0 0 0 0 0 0 0 0 0 0 0 0 0 0 0 0 0 0 0 0 0 0 0 0 0 0 0 0 0 0 0 0 0 0 0 0 0 77 68 79 32 101 120 116 114 97 32 100 97 116 97 32 108 111 99 107 0 0 0 0 0 0 0 0 0 0 0 0 0 0 0 0 0 0 0 0 0 0 0 0 0 0 0 0 0 0 0 0 0 0 0 0 0 0 0 0 0 0 0 0 0 0 0 0 0 0 0 0 0 0 0 0 0 0 0 0 0 0 0 0 0 0 0 0 0 0 0 0 0 0 0 0 0 0 0 0 0 0 0 0 0 0 0 0 0 0 0 0 0 0 0 0 0 0 0 0 0 0 0 0 0 0 0 0 0 0 0 0 0 0 0 0 0 4 1 0 0 145 32 0 0 1 0 0 0 0 0 0 0 0 0 0 0 2 0 0 0 0 0 3 0 1 0 0 0 0 0 0 0 255 255 255 255 0 0 0 0 0 0 0 0 data 0 oops 0
ciMethodData org/objectweb/asm/tree/AbstractInsnNode <init> (I)V 2 13104 orig 264 56 157 226 101 0 0 0 0 152 178 82 19 0 0 0 0 56 1 0 0 0 0 0 0 0 0 0 0 0 0 0 0 0 0 0 0 0 0 0 0 0 0 0 0 0 0 0 0 0 0 0 0 0 0 0 0 0 0 0 0 0 0 0 0 0 0 0 0 0 0 0 0 0 0 0 0 0 0 0 0 77 68 79 32 101 120 116 114 97 32 100 97 116 97 32 108 111 99 107 0 0 0 0 0 0 0 0 0 0 0 0 0 0 0 0 0 0 0 0 0 0 0 0 0 0 0 0 0 0 0 0 0 0 0 0 0 0 0 0 0 0 0 0 0 0 0 0 0 0 0 0 0 0 0 0 0 0 0 0 0 0 0 0 0 0 0 0 0 0 0 0 0 0 0 0 0 0 0 0 0 0 0 0 0 0 0 0 0 0 0 0 0 0 0 0 0 0 0 0 0 0 0 0 0 0 0 0 0 0 0 0 0 0 0 0 0 26 1 0 0 177 144 1 0 1 0 0 0 0 0 0 0 0 0 0 0 2 0 0 0 0 0 3 0 2 0 0 0 16 0 0 0 255 255 255 255 2 0 1 0 0 0 0 0 data 2 0x10002 0x3216 oops 0
ciMethodData org/objectweb/asm/tree/InsnList add (Lorg/objectweb/asm/tree/AbstractInsnNode;)V 2 5595 orig 264 56 157 226 101 0 0 0 0 104 127 84 19 0 0 0 0 96 1 0 0 0 0 0 0 0 0 0 0 0 0 0 0 0 0 0 0 0 0 0 0 0 0 0 0 0 0 0 0 0 0 0 0 0 0 0 0 0 0 0 0 0 0 0 0 0 0 0 0 0 0 0 0 0 0 0 0 0 0 0 0 77 68 79 32 101 120 116 114 97 32 100 97 116 97 32 108 111 99 107 0 0 0 0 0 0 0 0 0 0 0 0 0 0 0 0 0 0 0 0 0 0 0 0 0 0 0 0 0 0 0 0 0 0 0 0 0 0 0 0 0 0 0 0 0 0 0 0 0 0 0 0 0 0 0 0 0 0 0 0 0 0 0 0 0 0 0 0 0 0 0 0 0 0 0 0 0 0 0 0 0 0 0 0 0 0 0 0 0 0 0 0 0 0 0 0 0 0 0 0 0 0 0 0 0 0 0 0 0 0 0 0 0 0 0 0 0 26 1 0 0 9 166 0 0 1 0 0 0 0 0 0 0 0 0 0 0 2 0 0 0 0 0 6 0 2 0 0 0 56 0 0 0 255 255 255 255 7 0 14 0 0 0 0 0 data 7 0xe0007 0x1417 0x38 0xaa 0x1b0003 0xaa 0x18 oops 0
ciMethodData org/objectweb/asm/Label <init> ()V 2 7110 orig 264 56 157 226 101 0 0 0 0 0 16 82 19 0 0 0 0 48 1 0 0 0 0 0 0 0 0 0 0 0 0 0 0 0 0 0 0 0 0 0 0 0 0 0 0 0 0 0 0 0 0 0 0 0 0 0 0 0 0 0 0 0 0 0 0 0 0 0 0 0 0 0 0 0 0 0 0 0 0 0 0 77 68 79 32 101 120 116 114 97 32 100 97 116 97 32 108 111 99 107 0 0 0 0 0 0 0 0 0 0 0 0 0 0 0 0 0 0 0 0 0 0 0 0 0 0 0 0 0 0 0 0 0 0 0 0 0 0 0 0 0 0 0 0 0 0 0 0 0 0 0 0 0 0 0 0 0 0 0 0 0 0 0 0 0 0 0 0 0 0 0 0 0 0 0 0 0 0 0 0 0 0 0 0 0 0 0 0 0 0 0 0 0 0 0 0 0 0 0 0 0 0 0 0 0 0 0 0 0 0 0 0 0 0 0 0 0 4 1 0 0 17 214 0 0 1 0 0 0 0 0 0 0 0 0 0 0 2 0 0 0 0 0 3 0 2 0 0 0 16 0 0 0 255 255 255 255 2 0 1 0 0 0 0 0 data 2 0x10002 0x1ac2 oops 0
ciMethodData org/objectweb/asm/tree/MethodNode getLabelNode (Lorg/objectweb/asm/Label;)Lorg/objectweb/asm/tree/LabelNode; 2 7491 orig 264 56 157 226 101 0 0 0 0 8 17 83 19 0 0 0 0 224 1 0 0 80 0 0 0 0 0 0 0 0 0 0 0 0 0 0 0 0 0 0 0 0 0 0 0 0 0 0 0 0 0 0 0 0 0 0 0 0 0 0 0 0 0 0 0 0 0 0 0 0 0 0 0 0 0 0 0 0 0 0 0 77 68 79 32 101 120 116 114 97 32 100 97 116 97 32 108 111 99 107 0 0 0 0 0 0 0 0 0 0 0 0 0 0 0 0 0 0 0 0 0 0 0 0 0 0 0 0 0 0 0 0 0 0 0 0 0 0 0 0 0 0 0 0 0 0 0 0 0 0 0 0 0 0 0 0 0 0 0 0 0 0 0 0 0 0 0 0 0 0 0 0 0 0 0 0 0 0 0 0 0 0 0 0 0 0 0 0 0 0 0 0 0 0 0 0 0 0 0 0 0 0 0 0 0 0 0 0 0 0 0 0 0 0 0 0 0 24 1 0 0 89 225 0 0 1 0 0 0 0 0 0 0 0 0 0 0 2 0 0 0 0 0 6 0 2 0 0 0 144 0 0 0 255 255 255 255 4 1 4 0 0 0 0 0 data 18 0x40104 0x0 0x16aa1e30 0x126e 0x0 0x0 0x70007 0x126e 0x30 0x9bd 0xf0002 0x9bd 0x190004 0x0 0x16aa1e30 0x1c2b 0x0 0x0 oops 2 2 org/objectweb/asm/tree/LabelNode 14 org/objectweb/asm/tree/LabelNode
ciMethodData org/objectweb/asm/tree/LabelNode <init> ()V 2 2592 orig 264 56 157 226 101 0 0 0 0 168 56 84 19 0 0 0 0 48 1 0 0 0 0 0 0 0 0 0 0 0 0 0 0 0 0 0 0 0 0 0 0 0 0 0 0 0 0 0 0 0 0 0 0 0 0 0 0 0 0 0 0 0 0 0 0 0 0 0 0 0 0 0 0 0 0 0 0 0 0 0 0 77 68 79 32 101 120 116 114 97 32 100 97 116 97 32 108 111 99 107 0 0 0 0 0 0 0 0 0 0 0 0 0 0 0 0 0 0 0 0 0 0 0 0 0 0 0 0 0 0 0 0 0 0 0 0 0 0 0 0 0 0 0 0 0 0 0 0 0 0 0 0 0 0 0 0 0 0 0 0 0 0 0 0 0 0 0 0 0 0 0 0 0 0 0 0 0 0 0 0 0 0 0 0 0 0 0 0 0 0 0 0 0 0 0 0 0 0 0 0 0 0 0 0 0 0 0 0 0 0 0 0 0 0 0 0 0 100 0 0 0 217 77 0 0 1 0 0 0 0 0 0 0 0 0 0 0 2 0 0 0 0 0 0 0 0 0 0 0 16 0 0 0 255 255 255 255 2 0 2 0 0 0 0 0 data 2 0x20002 0x9bb oops 0
ciMethodData org/objectweb/asm/ClassReader readLabel (I[Lorg/objectweb/asm/Label;)Lorg/objectweb/asm/Label; 2 5426 orig 264 56 157 226 101 0 0 0 0 200 186 73 19 0 0 0 0 184 1 0 0 0 0 0 0 0 0 0 0 0 0 0 0 0 0 0 0 0 0 0 0 0 0 0 0 0 0 0 0 0 0 0 0 0 0 0 0 0 0 0 0 0 0 0 0 0 0 0 0 0 0 0 0 0 0 0 0 0 0 0 0 77 68 79 32 101 120 116 114 97 32 100 97 116 97 32 108 111 99 107 0 0 0 0 0 0 0 0 0 0 0 0 0 0 0 0 0 0 0 0 0 0 0 0 0 0 0 0 0 0 0 0 0 0 0 0 0 0 0 0 0 0 0 0 0 0 0 0 0 0 0 0 0 0 0 0 0 0 0 0 0 0 0 0 0 0 0 0 0 0 0 0 0 0 0 0 0 0 0 0 0 0 0 0 0 0 0 0 0 0 0 0 0 0 0 0 0 0 0 0 0 0 0 0 0 0 0 0 0 0 0 0 0 0 0 0 0 1 1 0 0 137 161 0 0 1 0 0 0 0 0 0 0 0 0 0 0 2 0 0 0 0 0 6 0 2 0 0 0 96 0 0 0 255 255 255 255 7 0 3 0 0 0 0 0 data 12 0x30007 0x563 0x60 0xece 0xc0002 0xece 0xf0004 0x0 0x16b63d50 0xece 0x0 0x0 oops 1 8 org/objectweb/asm/Label
ciMethodData org/objectweb/asm/Label a (Lorg/objectweb/asm/MethodWriter;I[B)Z 2 3033 orig 264 56 157 226 101 0 0 0 0 200 19 82 19 0 0 0 0 48 2 0 0 208 0 0 0 0 0 0 0 0 0 0 0 0 0 0 0 0 0 0 0 0 0 0 0 0 0 0 0 0 0 0 0 0 0 0 0 0 0 0 0 0 0 0 0 0 0 0 0 0 0 0 0 0 0 0 0 0 0 0 0 77 68 79 32 101 120 116 114 97 32 100 97 116 97 32 108 111 99 107 0 0 0 0 0 0 0 0 0 0 0 0 0 0 0 0 0 0 0 0 0 0 0 0 0 0 0 0 0 0 0 0 0 0 0 0 0 0 0 0 0 0 0 0 0 0 0 0 0 0 0 0 0 0 0 0 0 0 0 0 0 0 0 0 0 0 0 0 0 0 0 0 0 0 0 0 0 0 0 0 0 0 0 0 0 0 0 0 0 0 0 0 0 0 0 0 0 0 0 0 0 0 0 0 0 0 0 0 0 0 0 0 0 0 0 0 0 0 1 0 0 201 86 0 0 233 18 0 0 0 0 0 0 0 0 0 0 2 0 0 0 1 0 18 0 2 0 0 0 232 0 0 0 255 255 255 255 7 0 27 0 0 0 0 0 data 29 0x1b0007 0xad9 0xe8 0x25d 0x380007 0x79 0xb0 0x1e4 0x460007 0x0 0x40 0x1e4 0x4e0007 0x1e4 0x58 0x0 0x620007 0x0 0x38 0x0 0x710003 0x0 0x18 0x970003 0x1e4 0x18 0xd00003 0x25d 0xffffffffffffff30 oops 0
ciMethodData org/objectweb/asm/MethodWriter visitLabel (Lorg/objectweb/asm/Label;)V 2 3033 orig 264 56 157 226 101 0 0 0 0 72 224 81 19 0 0 0 0 120 3 0 0 248 1 0 0 0 0 0 0 0 0 0 0 0 0 0 0 0 0 0 0 0 0 0 0 0 0 0 0 0 0 0 0 0 0 0 0 0 0 0 0 0 0 0 0 0 0 0 0 0 0 0 0 0 0 0 0 0 0 0 0 77 68 79 32 101 120 116 114 97 32 100 97 116 97 32 108 111 99 107 0 0 0 0 0 0 0 0 0 0 0 0 0 0 0 0 0 0 0 0 0 0 0 0 0 0 0 0 0 0 0 0 0 0 0 0 0 0 0 0 0 0 0 0 0 0 0 0 0 0 0 0 0 0 0 0 0 0 0 0 0 0 0 0 0 0 0 0 0 0 0 0 0 0 0 0 0 0 0 0 0 0 0 0 0 0 0 0 0 0 0 0 0 0 0 0 0 0 0 0 0 0 0 0 0 0 0 0 0 0 0 0 0 0 0 0 0 1 1 0 0 193 86 0 0 1 0 0 0 0 0 0 0 0 0 0 0 2 0 0 0 0 0 33 0 2 0 0 0 40 2 0 0 255 255 255 255 5 0 24 0 0 0 0 0 data 69 0x180005 0x0 0x16b63d50 0xad8 0x0 0x0 0x250007 0xad8 0x20 0x0 0x2d0007 0xad8 0xf8 0x0 0x340007 0x0 0x50 0x0 0x420007 0x0 0x20 0x0 0x670002 0x0 0x730007 0x0 0x30 0x0 0x7b0002 0x0 0x8d0007 0x0 0x40 0x0 0x9b0007 0x0 0x20 0x0 0xd20003 0x0 0xf8 0xda0007 0xad8 0x70 0x0 0xe10007 0x0 0x38 0x0 0xe90003 0x0 0xa0 0xf70003 0x0 0x88 0xff0007 0x0 0x70 0xad8 0x1060007 0x474 0x30 0x664 0x11a0002 0x664 0x1300007 0x1a6 0x20 0x932 oops 1 2 org/objectweb/asm/Label
ciMethodData org/objectweb/asm/MethodWriter a (ILorg/objectweb/asm/Label;)V 2 2403 orig 264 56 157 226 101 0 0 0 0 80 243 81 19 0 0 0 0 64 1 0 0 0 0 0 0 0 0 0 0 0 0 0 0 0 0 0 0 0 0 0 0 0 0 0 0 0 0 0 0 0 0 0 0 0 0 0 0 0 0 0 0 0 0 0 0 0 0 0 0 0 0 0 0 0 0 0 0 0 0 0 0 77 68 79 32 101 120 116 114 97 32 100 97 116 97 32 108 111 99 107 0 0 0 0 0 0 0 0 0 0 0 0 0 0 0 0 0 0 0 0 0 0 0 0 0 0 0 0 0 0 0 0 0 0 0 0 0 0 0 0 0 0 0 0 0 0 0 0 0 0 0 0 0 0 0 0 0 0 0 0 0 0 0 0 0 0 0 0 0 0 0 0 0 0 0 0 0 0 0 0 0 0 0 0 0 0 0 0 0 0 0 0 0 0 0 0 0 0 0 0 0 0 0 0 0 0 0 0 0 0 0 0 0 0 0 0 0 145 0 0 0 145 70 0 0 1 0 0 0 0 0 0 0 0 0 0 0 2 0 0 0 0 0 3 0 2 0 0 0 16 0 0 0 255 255 255 255 2 0 4 0 0 0 0 0 data 2 0x40002 0x8d2 oops 0
ciMethodData org/objectweb/asm/ClassReader a (Lorg/objectweb/asm/MethodVisitor;Lorg/objectweb/asm/Context;I)V 2 44917 orig 264 56 157 226 101 0 0 0 0 72 169 73 19 0 0 0 0 48 55 0 0 64 52 0 0 0 0 0 0 0 0 0 0 0 0 0 0 0 0 0 0 0 0 0 0 0 0 0 0 0 0 0 0 0 0 0 0 0 0 0 0 0 0 0 0 0 0 0 0 0 0 0 0 0 0 0 0 0 0 0 0 77 68 79 32 101 120 116 114 97 32 100 97 116 97 32 108 111 99 107 0 0 0 0 0 0 0 0 0 0 0 0 0 0 0 0 0 0 0 0 0 0 0 0 0 0 0 0 0 0 0 0 0 0 0 0 0 0 0 0 0 0 0 0 0 0 0 0 0 0 0 0 0 0 0 0 0 0 0 0 0 0 0 0 0 0 0 0 0 0 0 0 0 0 0 0 0 0 0 0 0 0 0 0 0 0 0 0 0 0 0 0 0 0 0 0 0 0 0 0 0 0 0 0 0 0 0 0 0 0 0 0 0 0 0 0 0 117 15 0 0 97 24 0 0 1 0 5 0 0 0 0 0 0 0 0 0 2 0 0 0 24 0 105 1 2 0 0 0 240 52 0 0 255 255 255 255 5 0 14 0 0 0 0 0 data 1694 0xe0005 0x0 0x16b600a0 0x30c 0x0 0x0 0x170005 0x0 0x16b600a0 0x30c 0x0 0x0 0x200005 0x0 0x16b600a0 0x30c 0x0 0x0 0x460005 0x0 0x16b600a0 0x30c 0x0 0x0 0x4d0007 0x30b 0x650 0x39ee 0x660008 0x28 0x0 0x618 0x0 0x150 0x0 0x5d0 0x0 0x5e8 0x0 0x5d0 0x0 0x150 0x0 0x5e8 0x0 0x5e8 0x0 0x600 0x0 0x600 0x0 0x168 0x0 0x258 0x0 0x5d0 0x0 0x5e8 0x0 0x5e8 0x0 0x320 0x0 0x490 0x0 0x618 0x0 0x2d0 0x0 0x1e0 0xc30003 0x1a01 0x4c8 0xcd0005 0x0 0x16b600a0 0x3d8 0x0 0x0 0xd30005 0x0 0x16b600a0 0x3d8 0x0 0x0 0xda0003 0x3d8 0x450 0xe40005 0x0 0x0 0x0 0x0 0x0 0xea0005 0x0 0x0 0x0 0x0 0x0 0xf10003 0x0 0x3d8 0xfb0005 0x0 0x0 0x0 0x0 0x0 0x1010005 0x0 0x0 0x0 0x0 0x0 0x1080003 0x0 0x360 0x11c0007 0x0 0x38 0x0 0x1220003 0x0 0x328 0x1280003 0x0 0x310 0x1390005 0x0 0x16b600a0 0x1a 0x0 0x0 0x13f0005 0x0 0x16b600a0 0x1a 0x0 0x0 0x1480005 0x0 0x16b600a0 0x1a 0x0 0x0 0x14f0005 0x0 0x16b600a0 0x1a 0x0 0x0 0x1590007 0x1a 0x98 0xd8 0x1640005 0x0 0x16b600a0 0xd8 0x0 0x0 0x16a0005 0x0 0x16b600a0 0xd8 0x0 0x0 0x1740003 0xd8 0xffffffffffffff80 0x17a0003 0x1a 0x1a0 0x18b0005 0x0 0x0 0x0 0x0 0x0 0x1910005 0x0 0x0 0x0 0x0 0x0 0x1990005 0x0 0x0 0x0 0x0 0x0 0x1a00007 0x0 0x98 0x0 0x1ab0005 0x0 0x0 0x0 0x0 0x0 0x1b10005 0x0 0x0 0x0 0x0 0x0 0x1bb0003 0x0 0xffffffffffffff80 0x1c10003 0x0 0x60 0x1c70003 0x54b 0x48 0x1cd0003 0x15ea 0x30 0x1d30003 0xc6 0x18 0x1d90003 0x39ed 0xfffffffffffff9c8 0x1de0005 0x0 0x16b600a0 0x30b 0x0 0x0 0x1e50007 0x30b 0x1e8 0x36 0x1ed0005 0x0 0x16b600a0 0x36 0x0 0x0 0x1f20005 0x0 0x16b600a0 0x36 0x0 0x0 0x1fc0005 0x0 0x16b600a0 0x36 0x0 0x0 0x2010005 0x0 0x16b600a0 0x36 0x0 0x0 0x20c0005 0x0 0x16b600a0 0x36 0x0 0x0 0x2110005 0x0 0x16b600a0 0x36 0x0 0x0 0x2200005 0x0 0x16b600a0 0x36 0x0 0x0 0x2260005 0x0 0x16b600a0 0x36 0x0 0x0 0x2340005 0x0 0x16b63bf0 0x1b 0x16b63ca0 0x1b 0x23d0003 0x36 0xfffffffffffffe30 0x2650007 0x30b 0x38 0x0 0x2690003 0x0 0x18 0x2800005 0x0 0x16b600a0 0x30b 0x0 0x0 0x2870007 0x30b 0xa30 0x755 0x2900005 0x0 0x16b600a0 0x755 0x0 0x0 0x29a0005 0x0 0x310f420 0x755 0x0 0x0 0x29d0007 0x454 0x1c0 0x301 0x2a60007 0x17d 0x948 0x184 0x2b40005 0x0 0x16b600a0 0x184 0x0 0x0 0x2be0007 0x184 0x138 0x3a3 0x2c70005 0x0 0x16b600a0 0x3a3 0x0 0x0 0x2d10007 0x174 0x50 0x22f 0x2d90005 0x0 0x16b600a0 0x22f 0x0 0x0 0x2ed0005 0x0 0x16b600a0 0x3a3 0x0 0x0 0x2f80007 0x219 0x50 0x18a 0x3000005 0x0 0x16b600a0 0x18a 0x0 0x0 0x3120003 0x3a3 0xfffffffffffffee0 0x3150003 0x184 0x7c0 0x31d0005 0x0 0x310f420 0x454 0x0 0x0 0x3200007 0x412 0x38 0x42 0x3290003 0x42 0x758 0x3310005 0x0 0x310f420 0x412 0x0 0x0 0x3340007 0x107 0x1d8 0x30b 0x33d0007 0x182 0x6f0 0x189 0x3450005 0x0 0x16b600a0 0x189 0x0 0x0 0x34f0007 0x189 0x150 0x71f 0x3580005 0x0 0x16b600a0 0x71f 0x0 0x0 0x3620007 0x3ef 0x50 0x330 0x36a0005 0x0 0x16b600a0 0x330 0x0 0x0 0x3820007 0x71f 0x68 0x0 0x38a0007 0x0 0x30 0x0 0x3930002 0x0 0x3a00003 0x0 0xffffffffffffffb0 0x3ab0005 0x0 0x16b600a0 0x71f 0x0 0x0 0x3b70003 0x71f 0xfffffffffffffec8 0x3ba0003 0x189 0x550 0x3c20005 0x0 0x310f420 0x107 0x0 0x0 0x3c50007 0x107 0x100 0x0 0x3d00002 0x0 0x3d80007 0x0 0x70 0x0 0x3e00005 0x0 0x0 0x0 0x0 0x0 0x3e50007 0x0 0x38 0x0 0x3e90003 0x0 0x48 0x3f30005 0x0 0x0 0x0 0x0 0x0 0x3f80003 0x0 0x420 0x4000005 0x0 0x310f420 0x107 0x0 0x0 0x4030007 0x107 0x100 0x0 0x40e0002 0x0 0x4160007 0x0 0x70 0x0 0x41e0005 0x0 0x0 0x0 0x0 0x0 0x4230007 0x0 0x38 0x0 0x4270003 0x0 0x48 0x4310005 0x0 0x0 0x0 0x0 0x0 0x4360003 0x0 0x2f0 0x43e0005 0x0 0x310f420 0x107 0x0 0x0 0x4410007 0x0 0xb8 0x107 0x44a0007 0x0 0x288 0x107 0x4570005 0x0 0x16b600a0 0x107 0x0 0x0 0x4610005 0x0 0x16b600a0 0x107 0x0 0x0 0x4660003 0x107 0x208 0x46e0005 0x0 0x0 0x0 0x0 0x0 0x4710007 0x0 0xb8 0x0 0x47a0007 0x0 0x1a0 0x0 0x48a0005 0x0 0x0 0x0 0x0 0x0 0x4940005 0x0 0x0 0x0 0x0 0x0 0x4990003 0x0 0x120 0x4a60007 0x0 0x108 0x0 0x4b50005 0x0 0x0 0x0 0x0 0x0 0x4b80007 0x0 0xa0 0x0 0x4cb0005 0x0 0x0 0x0 0x0 0x0 0x4d70005 0x0 0x0 0x0 0x0 0x0 0x4de0007 0x0 0x20 0x0 0x4ef0003 0x0 0xffffffffffffff10 0x4f90005 0x0 0x16b600a0 0x755 0x0 0x0 0x5020003 0x755 0xfffffffffffff5e8 0x50a0007 0x204 0x168 0x107 0x5440007 0x107 0x30 0x0 0x5490002 0x0 0x5590007 0x107 0x118 0xe9e 0x5630007 0xe71 0xe0 0x2d 0x56b0005 0x0 0x16b600a0 0x2d 0x0 0x0 0x5720007 0x0 0x90 0x2d 0x5790007 0x14 0x70 0x19 0x58b0007 0x8 0x50 0x11 0x5930005 0x0 0x16b600a0 0x11 0x0 0x0 0x59a0003 0xe9e 0xffffffffffffff00 0x5a50007 0x30b 0x50 0x0 0x5af0005 0x0 0x0 0x0 0x0 0x0 0x5ba0007 0x0 0x38 0x30b 0x5bf0003 0x30b 0x18 0x5cb0007 0x30b 0x1878 0x39e6 0x5dd0007 0x3050 0x128 0x996 0x5f00005 0x0 0x16b63bf0 0x212 0x16b63ca0 0x784 0x5f90007 0x212 0xd8 0x784 0x6010007 0x65 0xb8 0x71f 0x60c0005 0x0 0x16b63ca0 0x71f 0x0 0x0 0x6110007 0x71f 0x68 0x0 0x61c0005 0x0 0x0 0x0 0x0 0x0 0x6260003 0x0 0xffffffffffffffb0 0x62b0007 0x1499 0x198 0x2a32 0x6350007 0x3de 0x40 0x2654 0x63e0007 0x254d 0x158 0x107 0x6470007 0x107 0xd8 0x3de 0x64c0007 0x0 0x40 0x3de 0x6510007 0x3de 0x68 0x0 0x66a0005 0x0 0x0 0x0 0x0 0x0 0x66d0003 0x0 0x48 0x68a0005 0x0 0x16b63bf0 0x1e9 0x16b63ca0 0x1f5 0x68f0007 0x107 0x48 0x3de 0x69b0002 0x3de 0x6a30003 0x3de 0xfffffffffffffe98 0x6a90003 0x107 0xfffffffffffffe80 0x6bc0008 0x28 0x0 0x1180 0x0 0x150 0x0 0xa10 0x0 0xa58 0x0 0x9c8 0x0 0x198 0x0 0x10c0 0x0 0xbf0 0x0 0xbf0 0x0 0xe00 0x0 0x248 0x0 0x2c0 0x0 0xad0 0x0 0xb48 0x0 0x1138 0x0 0x6e8 0x0 0x858 0x0 0x1180 0x0 0x5a8 0x0 0x338 0x71b0005 0x0 0x16b63bf0 0x53f 0x16b63ca0 0x56e 0x7210003 0xaad 0x1060 0x7280007 0xe55 0x68 0xfc 0x73a0005 0x0 0x16b63bf0 0x7e 0x16b63ca0 0x7e 0x73d0003 0xfc 0x48 0x74f0005 0x0 0x16b63bf0 0x716 0x16b63ca0 0x73f 0x7550003 0xf51 0xfb0 0x7630005 0x0 0x16b600a0 0x3d7 0x0 0x0 0x7680005 0x0 0x16b63bf0 0x1e5 0x16b63ca0 0x1f2 0x76e0003 0x3d7 0xf38 0x77f0005 0x0 0x0 0x0 0x0 0x0 0x7840005 0x0 0x0 0x0 0x0 0x0 0x78a0003 0x0 0xec0 0x7920007 0x0 0x38 0x0 0x79a0003 0x0 0x18 0x7ac0005 0x0 0x0 0x0 0x0 0x0 0x7b80007 0x0 0x40 0x0 0x7c00007 0x0 0x68 0x0 0x7cb0005 0x0 0x0 0x0 0x0 0x0 0x7ce0003 0x0 0x180 0x7d60007 0x0 0x38 0x0 0x7e10003 0x0 0x18 0x7ee0002 0x0 0x7f80005 0x0 0x0 0x0 0x0 0x0 0x8010005 0x0 0x0 0x0 0x0 0x0 0x8070005 0x0 0x0 0x0 0x0 0x0 0x80c0007 0x0 0x90 0x0 0x8110007 0x0 0x40 0x0 0x81d0007 0x0 0x50 0x0 0x8280005 0x0 0x0 0x0 0x0 0x0 0x82e0003 0x0 0xc50 0x8420007 0x0 0xc8 0x0 0x84a0005 0x0 0x0 0x0 0x0 0x0 0x8510005 0x0 0x0 0x0 0x0 0x0 0x8540005 0x0 0x0 0x0 0x0 0x0 0x85a0003 0x0 0xb88 0x8640005 0x0 0x0 0x0 0x0 0x0 0x8670005 0x0 0x0 0x0 0x0 0x0 0x86d0003 0x0 0xb10 0x87d0005 0x0 0x16b600a0 0x1a 0x0 0x0 0x8870005 0x0 0x16b600a0 0x1a 0x0 0x0 0x8910005 0x0 0x16b600a0 0x1a 0x0 0x0 0x8ad0007 0x1a 0x98 0xd8 0x8ba0005 0x0 0x16b600a0 0xd8 0x0 0x0 0x8bf0004 0x0 0x16b63d50 0xd8 0x0 0x0 0x8c60003 0xd8 0xffffffffffffff80 0x8d50005 0x0 0x16b63bf0 0xd 0x16b63ca0 0xd 0x8d80003 0x1a 0x9a0 0x8e80005 0x0 0x0 0x0 0x0 0x0 0x8f20005 0x0 0x0 0x0 0x0 0x0 0x90e0007 0x0 0xc8 0x0 0x9170005 0x0 0x0 0x0 0x0 0x0 0x9270005 0x0 0x0 0x0 0x0 0x0 0x92c0004 0x0 0x0 0x0 0x0 0x0 0x9330003 0x0 0xffffffffffffff50 0x9400005 0x0 0x0 0x0 0x0 0x0 0x9430003 0x0 0x830 0x9530005 0x0 0x16b63bf0 0x156 0x16b63ca0 0x158 0x9590003 0x2ae 0x7e8 0x9650005 0x0 0x16b63bf0 0x54 0x16b63ca0 0x54 0x96b0003 0xa8 0x7a0 0x9750005 0x0 0x16b600a0 0x4 0x0 0x0 0x9780005 0x0 0x16b63bf0 0x2 0x16b63ca0 0x2 0x97e0003 0x4 0x728 0x98f0005 0x0 0x16b600a0 0x1f5 0x0 0x0 0x9920005 0x0 0x16b63bf0 0xf5 0x16b63ca0 0x100 0x9980003 0x1f5 0x6b0 0x9a10005 0x0 0x16b600a0 0xe4 0x0 0x0 0x9a60005 0x0 0x16b600a0 0xe4 0x0 0x0 0x9a90005 0x0 0x16b63bf0 0x72 0x16b63ca0 0x72 0x9af0003 0xe4 0x608 0x9ba0005 0x0 0x16b600a0 0x1326 0x0 0x0 0x9c90007 0x1260 0x38 0xc6 0x9cd0003 0xc6 0x18 0x9d80005 0x0 0x16b600a0 0x1326 0x0 0x0 0x9e60005 0x0 0x16b600a0 0x1326 0x0 0x0 0x9f10005 0x0 0x16b600a0 0x1326 0x0 0x0 0x9fd0005 0x0 0x16b600a0 0x1326 0x0 0x0 0xa070007 0xb1e 0x68 0x808 0xa130005 0x0 0x16b63bf0 0x3f5 0x16b63ca0 0x413 0xa160003 0x808 0x48 0xa240005 0x0 0x16b63bf0 0x57a 0x16b63ca0 0x5a4 0xa2c0007 0x1260 0x38 0xc6 0xa320003 0xc6 0x410 0xa380003 0x1260 0x3f8 0xa430005 0x0 0x0 0x0 0x0 0x0 0xa500005 0x0 0x0 0x0 0x0 0x0 0xa5a0005 0x0 0x0 0x0 0x0 0x0 0xa5f0005 0x0 0x0 0x0 0x0 0x0 0xa620004 0x0 0x0 0x0 0x0 0x0 0xa6c0005 0x0 0x0 0x0 0x0 0x0 0xa820007 0x0 0xc8 0x0 0xa8d0005 0x0 0x0 0x0 0x0 0x0 0xa920005 0x0 0x0 0x0 0x0 0x0 0xa950004 0x0 0x0 0x0 0x0 0x0 0xa9c0003 0x0 0xffffffffffffff50 0xaa80005 0x0 0x0 0x0 0x0 0x0 0xab30005 0x0 0x0 0x0 0x0 0x0 0xabf0005 0x0 0x0 0x0 0x0 0x0 0xacd0005 0x0 0x0 0x0 0x0 0x0 0xad30003 0x0 0x138 0xadf0005 0x0 0x16b600a0 0x284 0x0 0x0 0xae20005 0x0 0x16b63bf0 0x13a 0x16b63ca0 0x14a 0xae80003 0x284 0xc0 0xafc0005 0x0 0x16b63bf0 0xd 0x16b63ca0 0xd 0xb020003 0x1a 0x78 0xb0c0005 0x0 0x0 0x0 0x0 0x0 0xb190005 0x0 0x0 0x0 0x0 0x0 0xb210007 0x39e6 0x1d0 0x0 0xb290007 0x0 0x1b0 0x0 0xb300007 0x0 0x190 0x0 0xb370007 0x0 0xa0 0x0 0xb410002 0x0 0xb5c0005 0x0 0x0 0x0 0x0 0x0 0xb600005 0x0 0x0 0x0 0x0 0x0 0xb630002 0x0 0xb6f0007 0x0 0x70 0x0 0xb780005 0x0 0x0 0x0 0x0 0x0 0xb7d0007 0x0 0x38 0x0 0xb810003 0x0 0x48 0xb8c0005 0x0 0x0 0x0 0x0 0x0 0xb910003 0x0 0xfffffffffffffe48 0xb960007 0x39e6 0x1d0 0x0 0xb9e0007 0x0 0x1b0 0x0 0xba50007 0x0 0x190 0x0 0xbac0007 0x0 0xa0 0x0 0xbb60002 0x0 0xbd10005 0x0 0x0 0x0 0x0 0x0 0xbd50005 0x0 0x0 0x0 0x0 0x0 0xbd80002 0x0 0xbe40007 0x0 0x70 0x0 0xbed0005 0x0 0x0 0x0 0x0 0x0 0xbf20007 0x0 0x38 0x0 0xbf60003 0x0 0x48 0xc010005 0x0 0x0 0x0 0x0 0x0 0xc060003 0x0 0xfffffffffffffe48 0xc090003 0x39e6 0xffffffffffffe7a0 0xc110007 0x189 0x50 0x182 0xc1a0005 0x0 0x16b63ca0 0x182 0x0 0x0 0xc230007 0x182 0x390 0x189 0xc280007 0x5 0x370 0x184 0xc300007 0x163 0xe8 0x21 0xc3b0005 0x0 0x16b600a0 0x21 0x0 0x0 0xc4b0007 0x21 0x98 0x36 0xc660005 0x0 0x16b600a0 0x36 0x0 0x0 0xc730005 0x0 0x16b600a0 0x36 0x0 0x0 0xc7a0003 0x36 0xffffffffffffff80 0xc850005 0x0 0x16b600a0 0x184 0x0 0x0 0xc8c0007 0x184 0x238 0x3a3 0xc910005 0x0 0x16b600a0 0x3a3 0x0 0x0 0xc9a0005 0x0 0x16b600a0 0x3a3 0x0 0x0 0xca40005 0x0 0x16b600a0 0x3a3 0x0 0x0 0xcae0007 0x31a 0xe0 0x89 0xcb90007 0x53 0xc0 0xf1 0xcc30007 0x88 0x88 0x69 0xccf0007 0x33 0x68 0x36 0xcdc0005 0x0 0x16b600a0 0x36 0x0 0x0 0xce10003 0x36 0x30 0xce70003 0xbb 0xffffffffffffff58 0xcf10005 0x0 0x16b600a0 0x3a3 0x0 0x0 0xcfb0005 0x0 0x16b600a0 0x3a3 0x0 0x0 0xd0f0005 0x0 0x16b63ca0 0x3a3 0x0 0x0 0xd180003 0x3a3 0xfffffffffffffde0 0xd1d0007 0x30b 0x128 0x0 0xd280007 0x0 0x108 0x0 0xd310005 0x0 0x0 0x0 0x0 0x0 0xd380007 0x0 0xa0 0x0 0xd420002 0x0 0xd690005 0x0 0x0 0x0 0x0 0x0 0xd6d0005 0x0 0x0 0x0 0x0 0x0 0xd700002 0x0 0xd780003 0x0 0xffffffffffffff10 0xd7d0007 0x30b 0x128 0x0 0xd880007 0x0 0x108 0x0 0xd910005 0x0 0x0 0x0 0x0 0x0 0xd980007 0x0 0xa0 0x0 0xda20002 0x0 0xdc90005 0x0 0x0 0x0 0x0 0x0 0xdcd0005 0x0 0x0 0x0 0x0 0x0 0xdd00002 0x0 0xdd80003 0x0 0xffffffffffffff10 0xddd0007 0x30b 0x68 0x0 0xdf00005 0x0 0x0 0x0 0x0 0x0 0xdf70003 0x0 0xffffffffffffffb0 0xdff0005 0x0 0x16b63bf0 0x182 0x16b63ca0 0x189 oops 108 2 org/objectweb/asm/ClassReader 8 org/objectweb/asm/ClassReader 14 org/objectweb/asm/ClassReader 20 org/objectweb/asm/ClassReader 75 org/objectweb/asm/ClassReader 81 org/objectweb/asm/ClassReader 130 org/objectweb/asm/ClassReader 136 org/objectweb/asm/ClassReader 142 org/objectweb/asm/ClassReader 148 org/objectweb/asm/ClassReader 158 org/objectweb/asm/ClassReader 164 org/objectweb/asm/ClassReader 228 org/objectweb/asm/ClassReader 238 org/objectweb/asm/ClassReader 244 org/objectweb/asm/ClassReader 250 org/objectweb/asm/ClassReader 256 org/objectweb/asm/ClassReader 262 org/objectweb/asm/ClassReader 268 org/objectweb/asm/ClassReader 274 org/objectweb/asm/ClassReader 280 org/objectweb/asm/ClassReader 286 com/google/devtools/build/android/desugar/InvokeDynamicLambdaMethodCollector$LambdaMethodCollector 288 com/google/devtools/build/android/desugar/LambdaDesugaring$InvokedynamicRewriter 302 org/objectweb/asm/ClassReader